2020-01-03 14:50:51,267 - INFO - Beginning execution of fitdadi_infer_DFE.py in directory /u/home/j/jonmah/lohmueller_lab/Scripts

2020-01-03 14:50:51,268 - INFO - Progress is being logged to ../20200103_Output/AW/log.log

2020-01-03 14:50:51,268 - INFO - Parsed the following arguments:
	breed = AW
	outprefix = ../20200103_Output/AW/
	nonsyn_input_sfs = ../Data/nonsyn_AW.sfs
	syn_input_sfs = ../Data/syn_AW.sfs

2020-01-03 14:50:51,272 - INFO - Beginning optimization with guess, [0.26518517 0.14645294].
2020-01-03 14:50:53,343 - INFO - Finished optimization with guess, [0.26518517 0.14645294].
2020-01-03 14:50:53,343 - INFO - Best fit parameters: [0.15448376 0.01096683].
2020-01-03 14:50:53,360 - INFO - Maximum log composite likelihood: -40.5641432402.
2020-01-03 14:50:53,361 - INFO - Optimal value of theta: 11078.3746065.
2020-01-03 14:50:53,361 - INFO - Beginning optimization with guess, [0.39446163 0.11968822].
2020-01-03 14:50:55,678 - INFO - Finished optimization with guess, [0.39446163 0.11968822].
2020-01-03 14:50:55,679 - INFO - Best fit parameters: [0.15486671 0.01100995].
2020-01-03 14:50:55,696 - INFO - Maximum log composite likelihood: -40.5629082953.
2020-01-03 14:50:55,697 - INFO - Optimal value of theta: 11079.4230279.
2020-01-03 14:50:55,697 - INFO - Beginning optimization with guess, [0.27287985 0.06769998].
2020-01-03 14:50:57,075 - INFO - Finished optimization with guess, [0.27287985 0.06769998].
2020-01-03 14:50:57,076 - INFO - Best fit parameters: [0.15071001 0.01062622].
2020-01-03 14:50:57,092 - INFO - Maximum log composite likelihood: -40.5658766325.
2020-01-03 14:50:57,093 - INFO - Optimal value of theta: 11076.7706888.
2020-01-03 14:50:57,093 - INFO - Beginning optimization with guess, [0.73259357 0.12487006].
2020-01-03 14:50:59,252 - INFO - Finished optimization with guess, [0.73259357 0.12487006].
2020-01-03 14:50:59,253 - INFO - Best fit parameters: [0.15672174 0.01124895].
2020-01-03 14:50:59,271 - INFO - Maximum log composite likelihood: -40.560917077.
2020-01-03 14:50:59,271 - INFO - Optimal value of theta: 11087.49698.
2020-01-03 14:50:59,272 - INFO - Beginning optimization with guess, [0.30982085 0.0510192 ].
2020-01-03 14:51:01,027 - INFO - Finished optimization with guess, [0.30982085 0.0510192 ].
2020-01-03 14:51:01,028 - INFO - Best fit parameters: [0.13962275 0.00969099].
2020-01-03 14:51:01,044 - INFO - Maximum log composite likelihood: -40.5737261622.
2020-01-03 14:51:01,045 - INFO - Optimal value of theta: 11076.8713348.
2020-01-03 14:51:01,045 - INFO - Beginning optimization with guess, [0.45518002 0.08133313].
2020-01-03 14:51:03,616 - INFO - Finished optimization with guess, [0.45518002 0.08133313].
2020-01-03 14:51:03,617 - INFO - Best fit parameters: [0.15180853 0.01077199].
2020-01-03 14:51:03,634 - INFO - Maximum log composite likelihood: -40.5616038469.
2020-01-03 14:51:03,635 - INFO - Optimal value of theta: 11082.3970269.
2020-01-03 14:51:03,635 - INFO - Beginning optimization with guess, [0.32062148 0.16532549].
2020-01-03 14:51:06,198 - INFO - Finished optimization with guess, [0.32062148 0.16532549].
2020-01-03 14:51:06,198 - INFO - Best fit parameters: [0.14659106 0.01028258].
2020-01-03 14:51:06,215 - INFO - Maximum log composite likelihood: -40.566353861.
2020-01-03 14:51:06,215 - INFO - Optimal value of theta: 11077.6496581.
2020-01-03 14:51:06,216 - INFO - Beginning optimization with guess, [0.68069237 0.17606766].
2020-01-03 14:51:08,198 - INFO - Finished optimization with guess, [0.68069237 0.17606766].
2020-01-03 14:51:08,199 - INFO - Best fit parameters: [0.15481275 0.01100147].
2020-01-03 14:51:08,215 - INFO - Maximum log composite likelihood: -40.5633815926.
2020-01-03 14:51:08,216 - INFO - Optimal value of theta: 11079.0196044.
2020-01-03 14:51:08,217 - INFO - Beginning optimization with guess, [0.62151277 0.19786945].
2020-01-03 14:51:09,986 - INFO - Finished optimization with guess, [0.62151277 0.19786945].
2020-01-03 14:51:09,986 - INFO - Best fit parameters: [0.15781989 0.01129794].
2020-01-03 14:51:10,003 - INFO - Maximum log composite likelihood: -40.5607814118.
2020-01-03 14:51:10,003 - INFO - Optimal value of theta: 11082.5081714.
2020-01-03 14:51:10,004 - INFO - Beginning optimization with guess, [0.30683738 0.15774877].
2020-01-03 14:51:12,197 - INFO - Finished optimization with guess, [0.30683738 0.15774877].
2020-01-03 14:51:12,198 - INFO - Best fit parameters: [0.14656324 0.01028246].
2020-01-03 14:51:12,215 - INFO - Maximum log composite likelihood: -40.566204564.
2020-01-03 14:51:12,216 - INFO - Optimal value of theta: 11077.9075621.
2020-01-03 14:51:12,216 - INFO - Beginning optimization with guess, [0.55331649 0.09239936].
2020-01-03 14:51:14,710 - INFO - Finished optimization with guess, [0.55331649 0.09239936].
2020-01-03 14:51:14,710 - INFO - Best fit parameters: [0.152442   0.01082442].
2020-01-03 14:51:14,727 - INFO - Maximum log composite likelihood: -40.5613357968.
2020-01-03 14:51:14,728 - INFO - Optimal value of theta: 11082.1313991.
2020-01-03 14:51:14,728 - INFO - Beginning optimization with guess, [0.80027043 0.05287445].
2020-01-03 14:51:16,803 - INFO - Finished optimization with guess, [0.80027043 0.05287445].
2020-01-03 14:51:16,804 - INFO - Best fit parameters: [0.14846324 0.01046904].
2020-01-03 14:51:16,821 - INFO - Maximum log composite likelihood: -40.5638562523.
2020-01-03 14:51:16,821 - INFO - Optimal value of theta: 11080.7172423.
2020-01-03 14:51:16,822 - INFO - Beginning optimization with guess, [0.35885222 0.10695206].
2020-01-03 14:51:19,620 - INFO - Finished optimization with guess, [0.35885222 0.10695206].
2020-01-03 14:51:19,620 - INFO - Best fit parameters: [0.15638459 0.01116751].
2020-01-03 14:51:19,637 - INFO - Maximum log composite likelihood: -40.5607949788.
2020-01-03 14:51:19,637 - INFO - Optimal value of theta: 11082.0623903.
2020-01-03 14:51:19,638 - INFO - Beginning optimization with guess, [0.38154733 0.14172857].
2020-01-03 14:51:21,456 - INFO - Finished optimization with guess, [0.38154733 0.14172857].
2020-01-03 14:51:21,456 - INFO - Best fit parameters: [0.15621251 0.01112671].
2020-01-03 14:51:21,473 - INFO - Maximum log composite likelihood: -40.5634211397.
2020-01-03 14:51:21,474 - INFO - Optimal value of theta: 11079.3513384.
2020-01-03 14:51:21,474 - INFO - Beginning optimization with guess, [0.65842402 0.06137778].
2020-01-03 14:51:23,813 - INFO - Finished optimization with guess, [0.65842402 0.06137778].
2020-01-03 14:51:23,813 - INFO - Best fit parameters: [0.1568159  0.01122311].
2020-01-03 14:51:23,830 - INFO - Maximum log composite likelihood: -40.5600143815.
2020-01-03 14:51:23,831 - INFO - Optimal value of theta: 11083.9223596.
2020-01-03 14:51:23,831 - INFO - Beginning optimization with guess, [0.26143128 0.1161713 ].
2020-01-03 14:51:25,800 - INFO - Finished optimization with guess, [0.26143128 0.1161713 ].
2020-01-03 14:51:25,801 - INFO - Best fit parameters: [0.14963793 0.01060161].
2020-01-03 14:51:25,818 - INFO - Maximum log composite likelihood: -40.5639099664.
2020-01-03 14:51:25,818 - INFO - Optimal value of theta: 11084.2758618.
2020-01-03 14:51:25,819 - INFO - Beginning optimization with guess, [0.72424561 0.08184425].
2020-01-03 14:51:27,756 - INFO - Finished optimization with guess, [0.72424561 0.08184425].
2020-01-03 14:51:27,756 - INFO - Best fit parameters: [0.1494642  0.01053798].
2020-01-03 14:51:27,773 - INFO - Maximum log composite likelihood: -40.5640063524.
2020-01-03 14:51:27,774 - INFO - Optimal value of theta: 11078.8373175.
2020-01-03 14:51:27,774 - INFO - Beginning optimization with guess, [0.61875129 0.07037243].
2020-01-03 14:51:29,909 - INFO - Finished optimization with guess, [0.61875129 0.07037243].
2020-01-03 14:51:29,910 - INFO - Best fit parameters: [0.15656341 0.01118265].
2020-01-03 14:51:29,926 - INFO - Maximum log composite likelihood: -40.5608584953.
2020-01-03 14:51:29,927 - INFO - Optimal value of theta: 11082.0046505.
2020-01-03 14:51:29,927 - INFO - Beginning optimization with guess, [0.26875238 0.08709223].
2020-01-03 14:51:31,835 - INFO - Finished optimization with guess, [0.26875238 0.08709223].
2020-01-03 14:51:31,836 - INFO - Best fit parameters: [0.14908565 0.01058617].
2020-01-03 14:51:31,853 - INFO - Maximum log composite likelihood: -40.5689290029.
2020-01-03 14:51:31,854 - INFO - Optimal value of theta: 11087.86749.
2020-01-03 14:51:31,854 - INFO - Beginning optimization with guess, [0.34908766 0.06898197].
2020-01-03 14:51:34,435 - INFO - Finished optimization with guess, [0.34908766 0.06898197].
2020-01-03 14:51:34,435 - INFO - Best fit parameters: [0.15365632 0.01091297].
2020-01-03 14:51:34,452 - INFO - Maximum log composite likelihood: -40.5619377981.
2020-01-03 14:51:34,452 - INFO - Optimal value of theta: 11080.3112454.
2020-01-03 14:51:34,453 - INFO - Beginning optimization with guess, [0.39594127 0.1167442 ].
2020-01-03 14:51:36,269 - INFO - Finished optimization with guess, [0.39594127 0.1167442 ].
2020-01-03 14:51:36,270 - INFO - Best fit parameters: [0.1599829  0.01150494].
2020-01-03 14:51:36,287 - INFO - Maximum log composite likelihood: -40.5605114412.
2020-01-03 14:51:36,288 - INFO - Optimal value of theta: 11084.118634.
2020-01-03 14:51:36,288 - INFO - Beginning optimization with guess, [0.95341859 0.17798834].
2020-01-03 14:51:38,898 - INFO - Finished optimization with guess, [0.95341859 0.17798834].
2020-01-03 14:51:38,898 - INFO - Best fit parameters: [0.15733651 0.0112546 ].
2020-01-03 14:51:38,915 - INFO - Maximum log composite likelihood: -40.5607191595.
2020-01-03 14:51:38,916 - INFO - Optimal value of theta: 11082.4263322.
2020-01-03 14:51:38,916 - INFO - Beginning optimization with guess, [0.63024517 0.09218196].
2020-01-03 14:51:40,512 - INFO - Finished optimization with guess, [0.63024517 0.09218196].
2020-01-03 14:51:40,512 - INFO - Best fit parameters: [0.14398054 0.01003166].
2020-01-03 14:51:40,529 - INFO - Maximum log composite likelihood: -40.5715289706.
2020-01-03 14:51:40,529 - INFO - Optimal value of theta: 11074.0877234.
2020-01-03 14:51:40,530 - INFO - Beginning optimization with guess, [0.46591989 0.11021448].
2020-01-03 14:51:41,996 - INFO - Finished optimization with guess, [0.46591989 0.11021448].
2020-01-03 14:51:41,996 - INFO - Best fit parameters: [0.14395406 0.01003344].
2020-01-03 14:51:42,013 - INFO - Maximum log composite likelihood: -40.570941636.
2020-01-03 14:51:42,014 - INFO - Optimal value of theta: 11074.5593939.
2020-01-03 14:51:42,014 - INFO - Beginning optimization with guess, [0.29394609 0.1426768 ].
2020-01-03 14:51:44,234 - INFO - Finished optimization with guess, [0.29394609 0.1426768 ].
2020-01-03 14:51:44,235 - INFO - Best fit parameters: [0.15739296 0.01125074].
2020-01-03 14:51:44,252 - INFO - Maximum log composite likelihood: -40.5614547928.
2020-01-03 14:51:44,253 - INFO - Optimal value of theta: 11081.5056609.
2020-01-03 14:51:44,253 - INFO - Beginning optimization with guess, [0.57110693 0.06272397].
2020-01-03 14:51:46,085 - INFO - Finished optimization with guess, [0.57110693 0.06272397].
2020-01-03 14:51:46,086 - INFO - Best fit parameters: [0.1414208  0.00983389].
2020-01-03 14:51:46,102 - INFO - Maximum log composite likelihood: -40.5717868102.
2020-01-03 14:51:46,103 - INFO - Optimal value of theta: 11076.0446542.
2020-01-03 14:51:46,104 - INFO - Beginning optimization with guess, [0.97232775 0.12019166].
2020-01-03 14:51:48,552 - INFO - Finished optimization with guess, [0.97232775 0.12019166].
2020-01-03 14:51:48,553 - INFO - Best fit parameters: [0.15320765 0.01091362].
2020-01-03 14:51:48,570 - INFO - Maximum log composite likelihood: -40.5611943926.
2020-01-03 14:51:48,570 - INFO - Optimal value of theta: 11084.5913895.
2020-01-03 14:51:48,571 - INFO - Beginning optimization with guess, [0.63191369 0.0838497 ].
2020-01-03 14:51:51,123 - INFO - Finished optimization with guess, [0.63191369 0.0838497 ].
2020-01-03 14:51:51,123 - INFO - Best fit parameters: [0.15129258 0.01072549].
2020-01-03 14:51:51,140 - INFO - Maximum log composite likelihood: -40.5618918032.
2020-01-03 14:51:51,141 - INFO - Optimal value of theta: 11082.1892532.
2020-01-03 14:51:51,141 - INFO - Beginning optimization with guess, [0.95128008 0.085605  ].
2020-01-03 14:51:52,876 - INFO - Finished optimization with guess, [0.95128008 0.085605  ].
2020-01-03 14:51:52,876 - INFO - Best fit parameters: [0.14467517 0.01009669].
2020-01-03 14:51:52,893 - INFO - Maximum log composite likelihood: -40.5701424481.
2020-01-03 14:51:52,894 - INFO - Optimal value of theta: 11074.8690326.
2020-01-03 14:51:52,894 - INFO - Beginning optimization with guess, [0.6438017  0.08977025].
2020-01-03 14:51:55,233 - INFO - Finished optimization with guess, [0.6438017  0.08977025].
2020-01-03 14:51:55,233 - INFO - Best fit parameters: [0.153414   0.01086921].
2020-01-03 14:51:55,250 - INFO - Maximum log composite likelihood: -40.5646037612.
2020-01-03 14:51:55,251 - INFO - Optimal value of theta: 11077.8557761.
2020-01-03 14:51:55,251 - INFO - Beginning optimization with guess, [0.7992755 0.1983297].
2020-01-03 14:51:57,587 - INFO - Finished optimization with guess, [0.7992755 0.1983297].
2020-01-03 14:51:57,588 - INFO - Best fit parameters: [0.15679307 0.01121181].
2020-01-03 14:51:57,604 - INFO - Maximum log composite likelihood: -40.5603454123.
2020-01-03 14:51:57,605 - INFO - Optimal value of theta: 11082.9483665.
2020-01-03 14:51:57,606 - INFO - Beginning optimization with guess, [0.26472222 0.1998537 ].
2020-01-03 14:52:01,108 - INFO - Finished optimization with guess, [0.26472222 0.1998537 ].
2020-01-03 14:52:01,109 - INFO - Best fit parameters: [0.14995245 0.01060499].
2020-01-03 14:52:01,125 - INFO - Maximum log composite likelihood: -40.5627379957.
2020-01-03 14:52:01,126 - INFO - Optimal value of theta: 11081.6372921.
2020-01-03 14:52:01,126 - INFO - Beginning optimization with guess, [0.34474372 0.07436837].
2020-01-03 14:52:03,283 - INFO - Finished optimization with guess, [0.34474372 0.07436837].
2020-01-03 14:52:03,283 - INFO - Best fit parameters: [0.1522356  0.01077995].
2020-01-03 14:52:03,300 - INFO - Maximum log composite likelihood: -40.5629601792.
2020-01-03 14:52:03,301 - INFO - Optimal value of theta: 11079.2304972.
2020-01-03 14:52:03,301 - INFO - Beginning optimization with guess, [0.80888381 0.13365904].
2020-01-03 14:52:05,665 - INFO - Finished optimization with guess, [0.80888381 0.13365904].
2020-01-03 14:52:05,665 - INFO - Best fit parameters: [0.15659126 0.01121178].
2020-01-03 14:52:05,682 - INFO - Maximum log composite likelihood: -40.5599558275.
2020-01-03 14:52:05,683 - INFO - Optimal value of theta: 11084.8060097.
2020-01-03 14:52:05,683 - INFO - Beginning optimization with guess, [0.28246498 0.11257664].
2020-01-03 14:52:07,795 - INFO - Finished optimization with guess, [0.28246498 0.11257664].
2020-01-03 14:52:07,796 - INFO - Best fit parameters: [0.14988407 0.01054353].
2020-01-03 14:52:07,813 - INFO - Maximum log composite likelihood: -40.5678879831.
2020-01-03 14:52:07,813 - INFO - Optimal value of theta: 11075.4419104.
2020-01-03 14:52:07,814 - INFO - Beginning optimization with guess, [0.88658402 0.10110746].
2020-01-03 14:52:09,551 - INFO - Finished optimization with guess, [0.88658402 0.10110746].
2020-01-03 14:52:09,551 - INFO - Best fit parameters: [0.14803001 0.01037105].
2020-01-03 14:52:09,568 - INFO - Maximum log composite likelihood: -40.5707707594.
2020-01-03 14:52:09,568 - INFO - Optimal value of theta: 11073.8077431.
2020-01-03 14:52:09,569 - INFO - Beginning optimization with guess, [0.73173574 0.05272026].
2020-01-03 14:52:11,343 - INFO - Finished optimization with guess, [0.73173574 0.05272026].
2020-01-03 14:52:11,343 - INFO - Best fit parameters: [0.15353741 0.01086733].
2020-01-03 14:52:11,360 - INFO - Maximum log composite likelihood: -40.5667906767.
2020-01-03 14:52:11,361 - INFO - Optimal value of theta: 11076.4983198.
2020-01-03 14:52:11,361 - INFO - Beginning optimization with guess, [0.30267742 0.07517808].
2020-01-03 14:52:12,870 - INFO - Finished optimization with guess, [0.30267742 0.07517808].
2020-01-03 14:52:12,871 - INFO - Best fit parameters: [0.14035306 0.0096976 ].
2020-01-03 14:52:12,888 - INFO - Maximum log composite likelihood: -40.5798540398.
2020-01-03 14:52:12,888 - INFO - Optimal value of theta: 11070.2830823.
2020-01-03 14:52:12,889 - INFO - Beginning optimization with guess, [0.31105915 0.10344141].
2020-01-03 14:52:14,971 - INFO - Finished optimization with guess, [0.31105915 0.10344141].
2020-01-03 14:52:14,972 - INFO - Best fit parameters: [0.15653972 0.01118823].
2020-01-03 14:52:14,988 - INFO - Maximum log composite likelihood: -40.5603923198.
2020-01-03 14:52:14,989 - INFO - Optimal value of theta: 11082.8097944.
2020-01-03 14:52:14,990 - INFO - Beginning optimization with guess, [0.3021748 0.088881 ].
2020-01-03 14:52:16,779 - INFO - Finished optimization with guess, [0.3021748 0.088881 ].
2020-01-03 14:52:16,779 - INFO - Best fit parameters: [0.14631347 0.01028107].
2020-01-03 14:52:16,796 - INFO - Maximum log composite likelihood: -40.5657286678.
2020-01-03 14:52:16,796 - INFO - Optimal value of theta: 11080.1848728.
2020-01-03 14:52:16,797 - INFO - Beginning optimization with guess, [0.56998745 0.14043396].
2020-01-03 14:52:18,623 - INFO - Finished optimization with guess, [0.56998745 0.14043396].
2020-01-03 14:52:18,623 - INFO - Best fit parameters: [0.14808924 0.01043008].
2020-01-03 14:52:18,640 - INFO - Maximum log composite likelihood: -40.5642675288.
2020-01-03 14:52:18,641 - INFO - Optimal value of theta: 11079.927515.
2020-01-03 14:52:18,641 - INFO - Beginning optimization with guess, [0.73017489 0.16139374].
2020-01-03 14:52:20,365 - INFO - Finished optimization with guess, [0.73017489 0.16139374].
2020-01-03 14:52:20,365 - INFO - Best fit parameters: [0.1580541  0.01132774].
2020-01-03 14:52:20,382 - INFO - Maximum log composite likelihood: -40.5602792898.
2020-01-03 14:52:20,383 - INFO - Optimal value of theta: 11083.4575138.
2020-01-03 14:52:20,383 - INFO - Beginning optimization with guess, [0.88373724 0.14519239].
2020-01-03 14:52:23,071 - INFO - Finished optimization with guess, [0.88373724 0.14519239].
2020-01-03 14:52:23,071 - INFO - Best fit parameters: [0.15549632 0.01110829].
2020-01-03 14:52:23,088 - INFO - Maximum log composite likelihood: -40.5601662484.
2020-01-03 14:52:23,089 - INFO - Optimal value of theta: 11084.0310803.
2020-01-03 14:52:23,089 - INFO - Beginning optimization with guess, [0.31900348 0.05052155].
2020-01-03 14:52:24,643 - INFO - Finished optimization with guess, [0.31900348 0.05052155].
2020-01-03 14:52:24,643 - INFO - Best fit parameters: [0.15233071 0.01076073].
2020-01-03 14:52:24,660 - INFO - Maximum log composite likelihood: -40.5668748615.
2020-01-03 14:52:24,661 - INFO - Optimal value of theta: 11076.2364888.
2020-01-03 14:52:24,661 - INFO - Beginning optimization with guess, [0.62981998 0.12617391].
2020-01-03 14:52:27,118 - INFO - Finished optimization with guess, [0.62981998 0.12617391].
2020-01-03 14:52:27,119 - INFO - Best fit parameters: [0.1567542  0.01122358].
2020-01-03 14:52:27,135 - INFO - Maximum log composite likelihood: -40.5599358756.
2020-01-03 14:52:27,136 - INFO - Optimal value of theta: 11084.5395989.
2020-01-03 14:52:27,136 - INFO - Beginning optimization with guess, [0.36107175 0.06430367].
2020-01-03 14:52:28,895 - INFO - Finished optimization with guess, [0.36107175 0.06430367].
2020-01-03 14:52:28,895 - INFO - Best fit parameters: [0.15765091 0.01128746].
2020-01-03 14:52:28,912 - INFO - Maximum log composite likelihood: -40.5604546661.
2020-01-03 14:52:28,912 - INFO - Optimal value of theta: 11082.9664374.
2020-01-03 14:52:28,913 - INFO - Beginning optimization with guess, [0.3471062  0.13768216].
2020-01-03 14:52:30,779 - INFO - Finished optimization with guess, [0.3471062  0.13768216].
2020-01-03 14:52:30,780 - INFO - Best fit parameters: [0.15218321 0.01074895].
2020-01-03 14:52:30,796 - INFO - Maximum log composite likelihood: -40.5666711825.
2020-01-03 14:52:30,797 - INFO - Optimal value of theta: 11076.337661.
2020-01-03 14:52:30,797 - INFO - Beginning optimization with guess, [0.29889945 0.16283181].
2020-01-03 14:52:33,212 - INFO - Finished optimization with guess, [0.29889945 0.16283181].
2020-01-03 14:52:33,212 - INFO - Best fit parameters: [0.15899355 0.01139829].
2020-01-03 14:52:33,229 - INFO - Maximum log composite likelihood: -40.5614894264.
2020-01-03 14:52:33,230 - INFO - Optimal value of theta: 11082.1731752.
2020-01-03 14:52:33,230 - INFO - Beginning optimization with guess, [0.98067455 0.1923203 ].
2020-01-03 14:52:35,561 - INFO - Finished optimization with guess, [0.98067455 0.1923203 ].
2020-01-03 14:52:35,561 - INFO - Best fit parameters: [0.16059496 0.01158998].
2020-01-03 14:52:35,578 - INFO - Maximum log composite likelihood: -40.5599491669.
2020-01-03 14:52:35,579 - INFO - Optimal value of theta: 11087.276156.
2020-01-03 14:52:35,579 - INFO - Beginning optimization with guess, [0.53838512 0.06873349].
2020-01-03 14:52:37,562 - INFO - Finished optimization with guess, [0.53838512 0.06873349].
2020-01-03 14:52:37,562 - INFO - Best fit parameters: [0.15639258 0.01115684].
2020-01-03 14:52:37,579 - INFO - Maximum log composite likelihood: -40.5617543316.
2020-01-03 14:52:37,580 - INFO - Optimal value of theta: 11080.8655786.
2020-01-03 14:52:37,580 - INFO - Beginning optimization with guess, [0.58394502 0.08884457].
2020-01-03 14:52:39,375 - INFO - Finished optimization with guess, [0.58394502 0.08884457].
2020-01-03 14:52:39,376 - INFO - Best fit parameters: [0.15550269 0.01111339].
2020-01-03 14:52:39,392 - INFO - Maximum log composite likelihood: -40.5601765821.
2020-01-03 14:52:39,393 - INFO - Optimal value of theta: 11084.5116741.
2020-01-03 14:52:39,393 - INFO - Beginning optimization with guess, [0.25698864 0.14560044].
2020-01-03 14:52:41,569 - INFO - Finished optimization with guess, [0.25698864 0.14560044].
2020-01-03 14:52:41,570 - INFO - Best fit parameters: [0.15323871 0.010842  ].
2020-01-03 14:52:41,586 - INFO - Maximum log composite likelihood: -40.5665929352.
2020-01-03 14:52:41,587 - INFO - Optimal value of theta: 11076.551857.
2020-01-03 14:52:41,587 - INFO - Beginning optimization with guess, [0.2767789  0.09030183].
2020-01-03 14:52:42,999 - INFO - Finished optimization with guess, [0.2767789  0.09030183].
2020-01-03 14:52:42,999 - INFO - Best fit parameters: [0.14012195 0.00969666].
2020-01-03 14:52:43,016 - INFO - Maximum log composite likelihood: -40.5763386707.
2020-01-03 14:52:43,016 - INFO - Optimal value of theta: 11072.5024045.
2020-01-03 14:52:43,017 - INFO - Beginning optimization with guess, [0.45157784 0.12863068].
2020-01-03 14:52:44,838 - INFO - Finished optimization with guess, [0.45157784 0.12863068].
2020-01-03 14:52:44,838 - INFO - Best fit parameters: [0.15659245 0.01117206].
2020-01-03 14:52:44,855 - INFO - Maximum log composite likelihood: -40.5620532213.
2020-01-03 14:52:44,856 - INFO - Optimal value of theta: 11080.6242224.
2020-01-03 14:52:44,856 - INFO - Beginning optimization with guess, [0.27506386 0.07850808].
2020-01-03 14:52:47,411 - INFO - Finished optimization with guess, [0.27506386 0.07850808].
2020-01-03 14:52:47,412 - INFO - Best fit parameters: [0.14227888 0.0099249 ].
2020-01-03 14:52:47,429 - INFO - Maximum log composite likelihood: -40.5701701496.
2020-01-03 14:52:47,429 - INFO - Optimal value of theta: 11078.3508766.
2020-01-03 14:52:47,430 - INFO - Beginning optimization with guess, [0.32755158 0.14763863].
2020-01-03 14:52:49,057 - INFO - Finished optimization with guess, [0.32755158 0.14763863].
2020-01-03 14:52:49,057 - INFO - Best fit parameters: [0.15252334 0.01083445].
2020-01-03 14:52:49,074 - INFO - Maximum log composite likelihood: -40.5612564562.
2020-01-03 14:52:49,074 - INFO - Optimal value of theta: 11082.4551955.
2020-01-03 14:52:49,075 - INFO - Beginning optimization with guess, [0.48479156 0.15067655].
2020-01-03 14:52:51,099 - INFO - Finished optimization with guess, [0.48479156 0.15067655].
2020-01-03 14:52:51,099 - INFO - Best fit parameters: [0.15495789 0.01102919].
2020-01-03 14:52:51,116 - INFO - Maximum log composite likelihood: -40.561712395.
2020-01-03 14:52:51,117 - INFO - Optimal value of theta: 11080.6277949.
2020-01-03 14:52:51,117 - INFO - Beginning optimization with guess, [0.35020793 0.15148071].
2020-01-03 14:52:53,033 - INFO - Finished optimization with guess, [0.35020793 0.15148071].
2020-01-03 14:52:53,033 - INFO - Best fit parameters: [0.142339   0.00992749].
2020-01-03 14:52:53,050 - INFO - Maximum log composite likelihood: -40.570112556.
2020-01-03 14:52:53,050 - INFO - Optimal value of theta: 11078.0589621.
2020-01-03 14:52:53,051 - INFO - Beginning optimization with guess, [0.95651528 0.1567709 ].
2020-01-03 14:52:56,285 - INFO - Finished optimization with guess, [0.95651528 0.1567709 ].
2020-01-03 14:52:56,286 - INFO - Best fit parameters: [0.15129865 0.01072635].
2020-01-03 14:52:56,302 - INFO - Maximum log composite likelihood: -40.5618874482.
2020-01-03 14:52:56,303 - INFO - Optimal value of theta: 11082.226025.
2020-01-03 14:52:56,303 - INFO - Beginning optimization with guess, [0.52578219 0.05515947].
2020-01-03 14:52:58,181 - INFO - Finished optimization with guess, [0.52578219 0.05515947].
2020-01-03 14:52:58,181 - INFO - Best fit parameters: [0.14726921 0.01042135].
2020-01-03 14:52:58,198 - INFO - Maximum log composite likelihood: -40.5701451734.
2020-01-03 14:52:58,199 - INFO - Optimal value of theta: 11086.89734.
2020-01-03 14:52:58,199 - INFO - Beginning optimization with guess, [0.51889294 0.08056532].
2020-01-03 14:53:00,486 - INFO - Finished optimization with guess, [0.51889294 0.08056532].
2020-01-03 14:53:00,487 - INFO - Best fit parameters: [0.15297405 0.01085576].
2020-01-03 14:53:00,503 - INFO - Maximum log composite likelihood: -40.5618507164.
2020-01-03 14:53:00,504 - INFO - Optimal value of theta: 11080.5265366.
2020-01-03 14:53:00,504 - INFO - Beginning optimization with guess, [0.39846509 0.16833532].
2020-01-03 14:53:02,999 - INFO - Finished optimization with guess, [0.39846509 0.16833532].
2020-01-03 14:53:02,999 - INFO - Best fit parameters: [0.15466431 0.01100556].
2020-01-03 14:53:03,016 - INFO - Maximum log composite likelihood: -40.561524625.
2020-01-03 14:53:03,016 - INFO - Optimal value of theta: 11080.8364972.
2020-01-03 14:53:03,017 - INFO - Beginning optimization with guess, [0.55410223 0.11120089].
2020-01-03 14:53:05,599 - INFO - Finished optimization with guess, [0.55410223 0.11120089].
2020-01-03 14:53:05,599 - INFO - Best fit parameters: [0.15939492 0.01144817].
2020-01-03 14:53:05,616 - INFO - Maximum log composite likelihood: -40.5605522985.
2020-01-03 14:53:05,617 - INFO - Optimal value of theta: 11083.6478577.
2020-01-03 14:53:05,617 - INFO - Beginning optimization with guess, [0.44694395 0.05244958].
2020-01-03 14:53:07,746 - INFO - Finished optimization with guess, [0.44694395 0.05244958].
2020-01-03 14:53:07,746 - INFO - Best fit parameters: [0.15695232 0.01121788].
2020-01-03 14:53:07,763 - INFO - Maximum log composite likelihood: -40.5608490474.
2020-01-03 14:53:07,764 - INFO - Optimal value of theta: 11082.1182594.
2020-01-03 14:53:07,764 - INFO - Beginning optimization with guess, [0.5670946  0.17265647].
2020-01-03 14:53:09,544 - INFO - Finished optimization with guess, [0.5670946  0.17265647].
2020-01-03 14:53:09,545 - INFO - Best fit parameters: [0.15001816 0.01059971].
2020-01-03 14:53:09,562 - INFO - Maximum log composite likelihood: -40.5629191979.
2020-01-03 14:53:09,562 - INFO - Optimal value of theta: 11080.4219133.
2020-01-03 14:53:09,563 - INFO - Beginning optimization with guess, [0.54606963 0.07933179].
2020-01-03 14:53:11,252 - INFO - Finished optimization with guess, [0.54606963 0.07933179].
2020-01-03 14:53:11,253 - INFO - Best fit parameters: [0.14509446 0.01009505].
2020-01-03 14:53:11,269 - INFO - Maximum log composite likelihood: -40.5778228089.
2020-01-03 14:53:11,270 - INFO - Optimal value of theta: 11070.5609893.
2020-01-03 14:53:11,271 - INFO - Beginning optimization with guess, [0.55086366 0.08338482].
2020-01-03 14:53:13,363 - INFO - Finished optimization with guess, [0.55086366 0.08338482].
2020-01-03 14:53:13,363 - INFO - Best fit parameters: [0.15629347 0.0111351 ].
2020-01-03 14:53:13,380 - INFO - Maximum log composite likelihood: -40.563271968.
2020-01-03 14:53:13,380 - INFO - Optimal value of theta: 11079.4900813.
2020-01-03 14:53:13,381 - INFO - Beginning optimization with guess, [0.3125977  0.06792702].
2020-01-03 14:53:14,788 - INFO - Finished optimization with guess, [0.3125977  0.06792702].
2020-01-03 14:53:14,789 - INFO - Best fit parameters: [0.15334416 0.01085534].
2020-01-03 14:53:14,806 - INFO - Maximum log composite likelihood: -40.5658621924.
2020-01-03 14:53:14,806 - INFO - Optimal value of theta: 11077.0093976.
2020-01-03 14:53:14,807 - INFO - Beginning optimization with guess, [0.44722168 0.12886392].
2020-01-03 14:53:16,652 - INFO - Finished optimization with guess, [0.44722168 0.12886392].
2020-01-03 14:53:16,652 - INFO - Best fit parameters: [0.157338   0.01125899].
2020-01-03 14:53:16,669 - INFO - Maximum log composite likelihood: -40.5604510357.
2020-01-03 14:53:16,670 - INFO - Optimal value of theta: 11082.8709222.
2020-01-03 14:53:16,670 - INFO - Beginning optimization with guess, [0.37371051 0.1324288 ].
2020-01-03 14:53:18,439 - INFO - Finished optimization with guess, [0.37371051 0.1324288 ].
2020-01-03 14:53:18,439 - INFO - Best fit parameters: [0.15703619 0.01121191].
2020-01-03 14:53:18,456 - INFO - Maximum log composite likelihood: -40.5621020629.
2020-01-03 14:53:18,456 - INFO - Optimal value of theta: 11080.722321.
2020-01-03 14:53:18,457 - INFO - Beginning optimization with guess, [0.49398771 0.18270405].
2020-01-03 14:53:20,095 - INFO - Finished optimization with guess, [0.49398771 0.18270405].
2020-01-03 14:53:20,095 - INFO - Best fit parameters: [0.15853412 0.01134992].
2020-01-03 14:53:20,112 - INFO - Maximum log composite likelihood: -40.5620622517.
2020-01-03 14:53:20,113 - INFO - Optimal value of theta: 11081.3696373.
2020-01-03 14:53:20,113 - INFO - Beginning optimization with guess, [0.44119195 0.18954522].
2020-01-03 14:53:22,037 - INFO - Finished optimization with guess, [0.44119195 0.18954522].
2020-01-03 14:53:22,038 - INFO - Best fit parameters: [0.157433   0.01125318].
2020-01-03 14:53:22,055 - INFO - Maximum log composite likelihood: -40.5615721261.
2020-01-03 14:53:22,056 - INFO - Optimal value of theta: 11081.3928972.
2020-01-03 14:53:22,056 - INFO - Beginning optimization with guess, [0.91521849 0.10243158].
2020-01-03 14:53:23,890 - INFO - Finished optimization with guess, [0.91521849 0.10243158].
2020-01-03 14:53:23,890 - INFO - Best fit parameters: [0.14911559 0.01050164].
2020-01-03 14:53:23,907 - INFO - Maximum log composite likelihood: -40.5647101331.
2020-01-03 14:53:23,908 - INFO - Optimal value of theta: 11078.1073682.
2020-01-03 14:53:23,908 - INFO - Beginning optimization with guess, [0.258711   0.08025205].
2020-01-03 14:53:25,835 - INFO - Finished optimization with guess, [0.258711   0.08025205].
2020-01-03 14:53:25,835 - INFO - Best fit parameters: [0.15438363 0.01099386].
2020-01-03 14:53:25,852 - INFO - Maximum log composite likelihood: -40.5607600483.
2020-01-03 14:53:25,852 - INFO - Optimal value of theta: 11082.2022171.
2020-01-03 14:53:25,853 - INFO - Beginning optimization with guess, [0.44430066 0.06446066].
2020-01-03 14:53:27,515 - INFO - Finished optimization with guess, [0.44430066 0.06446066].
2020-01-03 14:53:27,515 - INFO - Best fit parameters: [0.15540457 0.01109121].
2020-01-03 14:53:27,532 - INFO - Maximum log composite likelihood: -40.5603305764.
2020-01-03 14:53:27,532 - INFO - Optimal value of theta: 11083.0716114.
2020-01-03 14:53:27,533 - INFO - Beginning optimization with guess, [0.53155255 0.07886715].
2020-01-03 14:53:29,319 - INFO - Finished optimization with guess, [0.53155255 0.07886715].
2020-01-03 14:53:29,320 - INFO - Best fit parameters: [0.15672622 0.01118073].
2020-01-03 14:53:29,336 - INFO - Maximum log composite likelihood: -40.5624482973.
2020-01-03 14:53:29,337 - INFO - Optimal value of theta: 11080.3039324.
2020-01-03 14:53:29,337 - INFO - Beginning optimization with guess, [0.87970034 0.10587058].
2020-01-03 14:53:30,977 - INFO - Finished optimization with guess, [0.87970034 0.10587058].
2020-01-03 14:53:30,978 - INFO - Best fit parameters: [0.15273731 0.01081407].
2020-01-03 14:53:30,994 - INFO - Maximum log composite likelihood: -40.564025816.
2020-01-03 14:53:30,995 - INFO - Optimal value of theta: 11078.2245853.
2020-01-03 14:53:30,995 - INFO - Beginning optimization with guess, [0.58798399 0.1568296 ].
2020-01-03 14:53:32,519 - INFO - Finished optimization with guess, [0.58798399 0.1568296 ].
2020-01-03 14:53:32,520 - INFO - Best fit parameters: [0.15099856 0.01071846].
2020-01-03 14:53:32,536 - INFO - Maximum log composite likelihood: -40.5626057923.
2020-01-03 14:53:32,537 - INFO - Optimal value of theta: 11084.2120164.
2020-01-03 14:53:32,537 - INFO - Beginning optimization with guess, [0.67935252 0.08429943].
2020-01-03 14:53:34,716 - INFO - Finished optimization with guess, [0.67935252 0.08429943].
2020-01-03 14:53:34,717 - INFO - Best fit parameters: [0.15412619 0.01092689].
2020-01-03 14:53:34,734 - INFO - Maximum log composite likelihood: -40.5654519892.
2020-01-03 14:53:34,735 - INFO - Optimal value of theta: 11077.4200567.
2020-01-03 14:53:34,735 - INFO - Beginning optimization with guess, [0.72435336 0.1340113 ].
2020-01-03 14:53:36,590 - INFO - Finished optimization with guess, [0.72435336 0.1340113 ].
2020-01-03 14:53:36,590 - INFO - Best fit parameters: [0.15045128 0.01066832].
2020-01-03 14:53:36,607 - INFO - Maximum log composite likelihood: -40.5629096975.
2020-01-03 14:53:36,608 - INFO - Optimal value of theta: 11083.8969477.
2020-01-03 14:53:36,608 - INFO - Beginning optimization with guess, [0.53055859 0.0532402 ].
2020-01-03 14:53:38,824 - INFO - Finished optimization with guess, [0.53055859 0.0532402 ].
2020-01-03 14:53:38,824 - INFO - Best fit parameters: [0.15450001 0.01097242].
2020-01-03 14:53:38,841 - INFO - Maximum log composite likelihood: -40.5635527951.
2020-01-03 14:53:38,841 - INFO - Optimal value of theta: 11078.8224413.
2020-01-03 14:53:38,842 - INFO - Beginning optimization with guess, [0.41692025 0.065008  ].
2020-01-03 14:53:40,441 - INFO - Finished optimization with guess, [0.41692025 0.065008  ].
2020-01-03 14:53:40,441 - INFO - Best fit parameters: [0.14820924 0.01051087].
2020-01-03 14:53:40,458 - INFO - Maximum log composite likelihood: -40.5703456091.
2020-01-03 14:53:40,458 - INFO - Optimal value of theta: 11087.8919848.
2020-01-03 14:53:40,459 - INFO - Beginning optimization with guess, [0.26216165 0.0909619 ].
2020-01-03 14:53:42,948 - INFO - Finished optimization with guess, [0.26216165 0.0909619 ].
2020-01-03 14:53:42,948 - INFO - Best fit parameters: [0.15373105 0.01092364].
2020-01-03 14:53:42,964 - INFO - Maximum log composite likelihood: -40.5616033134.
2020-01-03 14:53:42,965 - INFO - Optimal value of theta: 11080.7608773.
2020-01-03 14:53:42,966 - INFO - Beginning optimization with guess, [0.88266833 0.11963847].
2020-01-03 14:53:44,768 - INFO - Finished optimization with guess, [0.88266833 0.11963847].
2020-01-03 14:53:44,769 - INFO - Best fit parameters: [0.14622344 0.01025465].
2020-01-03 14:53:44,785 - INFO - Maximum log composite likelihood: -40.5663756083.
2020-01-03 14:53:44,786 - INFO - Optimal value of theta: 11078.0240993.
2020-01-03 14:53:44,786 - INFO - Beginning optimization with guess, [0.27544307 0.09212212].
2020-01-03 14:53:46,291 - INFO - Finished optimization with guess, [0.27544307 0.09212212].
2020-01-03 14:53:46,291 - INFO - Best fit parameters: [0.14057837 0.00974194].
2020-01-03 14:53:46,308 - INFO - Maximum log composite likelihood: -40.5748240187.
2020-01-03 14:53:46,309 - INFO - Optimal value of theta: 11073.4060266.
2020-01-03 14:53:46,309 - INFO - Beginning optimization with guess, [0.26805438 0.10361444].
2020-01-03 14:53:47,714 - INFO - Finished optimization with guess, [0.26805438 0.10361444].
2020-01-03 14:53:47,714 - INFO - Best fit parameters: [0.14156125 0.00983053].
2020-01-03 14:53:47,731 - INFO - Maximum log composite likelihood: -40.5730719534.
2020-01-03 14:53:47,732 - INFO - Optimal value of theta: 11074.2302987.
2020-01-03 14:53:47,732 - INFO - Beginning optimization with guess, [0.91145678 0.14450812].
2020-01-03 14:53:50,601 - INFO - Finished optimization with guess, [0.91145678 0.14450812].
2020-01-03 14:53:50,602 - INFO - Best fit parameters: [0.15355182 0.01093163].
2020-01-03 14:53:50,618 - INFO - Maximum log composite likelihood: -40.5607836921.
2020-01-03 14:53:50,619 - INFO - Optimal value of theta: 11083.3009784.
2020-01-03 14:53:50,619 - INFO - Beginning optimization with guess, [0.41720449 0.08023065].
2020-01-03 14:53:52,731 - INFO - Finished optimization with guess, [0.41720449 0.08023065].
2020-01-03 14:53:52,732 - INFO - Best fit parameters: [0.14059104 0.009756  ].
2020-01-03 14:53:52,748 - INFO - Maximum log composite likelihood: -40.5733346843.
2020-01-03 14:53:52,749 - INFO - Optimal value of theta: 11074.9845918.
2020-01-03 14:53:52,749 - INFO - Beginning optimization with guess, [0.31996815 0.0924008 ].
2020-01-03 14:53:54,453 - INFO - Finished optimization with guess, [0.31996815 0.0924008 ].
2020-01-03 14:53:54,453 - INFO - Best fit parameters: [0.15670758 0.01118633].
2020-01-03 14:53:54,470 - INFO - Maximum log composite likelihood: -40.5616529644.
2020-01-03 14:53:54,471 - INFO - Optimal value of theta: 11081.0634561.
2020-01-03 14:53:54,471 - INFO - Beginning optimization with guess, [0.36563578 0.12001113].
2020-01-03 14:53:56,888 - INFO - Finished optimization with guess, [0.36563578 0.12001113].
2020-01-03 14:53:56,889 - INFO - Best fit parameters: [0.1532832  0.01088509].
2020-01-03 14:53:56,905 - INFO - Maximum log composite likelihood: -40.5616306252.
2020-01-03 14:53:56,906 - INFO - Optimal value of theta: 11080.7985129.
2020-01-03 14:53:56,906 - INFO - Beginning optimization with guess, [0.83742249 0.07733418].
2020-01-03 14:53:59,034 - INFO - Finished optimization with guess, [0.83742249 0.07733418].
2020-01-03 14:53:59,034 - INFO - Best fit parameters: [0.15616372 0.01113164].
2020-01-03 14:53:59,051 - INFO - Maximum log composite likelihood: -40.5622409617.
2020-01-03 14:53:59,051 - INFO - Optimal value of theta: 11080.3219985.
2020-01-03 14:53:59,052 - INFO - Beginning optimization with guess, [0.71493761 0.11868488].
2020-01-03 14:54:00,749 - INFO - Finished optimization with guess, [0.71493761 0.11868488].
2020-01-03 14:54:00,749 - INFO - Best fit parameters: [0.1530037  0.01082549].
2020-01-03 14:54:00,765 - INFO - Maximum log composite likelihood: -40.5658426144.
2020-01-03 14:54:00,766 - INFO - Optimal value of theta: 11076.9643859.
2020-01-03 14:54:00,767 - INFO - Beginning optimization with guess, [0.45840761 0.16487073].
2020-01-03 14:54:02,286 - INFO - Finished optimization with guess, [0.45840761 0.16487073].
2020-01-03 14:54:02,286 - INFO - Best fit parameters: [0.14480442 0.01011379].
2020-01-03 14:54:02,303 - INFO - Maximum log composite likelihood: -40.5692514688.
2020-01-03 14:54:02,304 - INFO - Optimal value of theta: 11075.5951996.
2020-01-03 14:54:02,304 - INFO - Beginning optimization with guess, [0.76841223 0.15974533].
2020-01-03 14:54:04,218 - INFO - Finished optimization with guess, [0.76841223 0.15974533].
2020-01-03 14:54:04,219 - INFO - Best fit parameters: [0.15781125 0.01128811].
2020-01-03 14:54:04,235 - INFO - Maximum log composite likelihood: -40.5615475826.
2020-01-03 14:54:04,236 - INFO - Optimal value of theta: 11081.5654306.
2020-01-03 14:54:04,236 - INFO - Beginning optimization with guess, [0.48533169 0.06831169].
2020-01-03 14:54:06,919 - INFO - Finished optimization with guess, [0.48533169 0.06831169].
2020-01-03 14:54:06,920 - INFO - Best fit parameters: [0.1500946  0.01061741].
2020-01-03 14:54:06,936 - INFO - Maximum log composite likelihood: -40.5626425074.
2020-01-03 14:54:06,937 - INFO - Optimal value of theta: 11081.6591437.
2020-01-03 14:54:06,937 - INFO - Beginning optimization with guess, [0.62298228 0.1903198 ].
2020-01-03 14:54:08,503 - INFO - Finished optimization with guess, [0.62298228 0.1903198 ].
2020-01-03 14:54:08,503 - INFO - Best fit parameters: [0.15746618 0.01129456].
2020-01-03 14:54:08,520 - INFO - Maximum log composite likelihood: -40.5598731892.
2020-01-03 14:54:08,520 - INFO - Optimal value of theta: 11085.4006009.
2020-01-03 14:54:08,521 - INFO - Beginning optimization with guess, [0.60853904 0.12566653].
2020-01-03 14:54:10,921 - INFO - Finished optimization with guess, [0.60853904 0.12566653].
2020-01-03 14:54:10,922 - INFO - Best fit parameters: [0.15820416 0.01136109].
2020-01-03 14:54:10,938 - INFO - Maximum log composite likelihood: -40.5598324091.
2020-01-03 14:54:10,939 - INFO - Optimal value of theta: 11085.5380508.
2020-01-03 14:54:10,939 - INFO - Beginning optimization with guess, [0.37523755 0.06949775].
2020-01-03 14:54:12,651 - INFO - Finished optimization with guess, [0.37523755 0.06949775].
2020-01-03 14:54:12,651 - INFO - Best fit parameters: [0.15370637 0.01094854].
2020-01-03 14:54:12,667 - INFO - Maximum log composite likelihood: -40.5607347532.
2020-01-03 14:54:12,668 - INFO - Optimal value of theta: 11083.6732824.
2020-01-03 14:54:12,669 - INFO - Beginning optimization with guess, [0.56523672 0.18335637].
2020-01-03 14:54:14,823 - INFO - Finished optimization with guess, [0.56523672 0.18335637].
2020-01-03 14:54:14,823 - INFO - Best fit parameters: [0.1553467  0.01104315].
2020-01-03 14:54:14,840 - INFO - Maximum log composite likelihood: -40.5642493618.
2020-01-03 14:54:14,840 - INFO - Optimal value of theta: 11078.5053167.
2020-01-03 14:54:14,841 - INFO - Beginning optimization with guess, [0.65993365 0.07600905].
2020-01-03 14:54:16,890 - INFO - Finished optimization with guess, [0.65993365 0.07600905].
2020-01-03 14:54:16,890 - INFO - Best fit parameters: [0.15038166 0.01062637].
2020-01-03 14:54:16,907 - INFO - Maximum log composite likelihood: -40.5629658201.
2020-01-03 14:54:16,907 - INFO - Optimal value of theta: 11079.9129642.
2020-01-03 14:54:16,910 - INFO - Finished demographic inference.
2020-01-03 14:54:16,911 - INFO - Beginning DFE inference.
2020-01-03 14:56:01,865 - INFO - Beginning optimization with guess, [5.63693813e-02 2.24134797e+04].
2020-01-03 14:56:11,643 - INFO - Finished optomization, results are [-44.66862845097694 array([9.79143774e-02, 7.63566931e+05])].
2020-01-03 14:56:11,645 - INFO - Beginning optimization with guess, [1.14257054e-01 2.26015141e+04].
2020-01-03 14:56:17,806 - INFO - Finished optomization, results are [-45.5975515885857 array([9.78669215e-02, 7.34265990e+05])].
2020-01-03 14:56:17,806 - INFO - Beginning optimization with guess, [1.76180574e-01 3.38540605e+04].
2020-01-03 14:56:23,434 - INFO - Finished optomization, results are [-44.928814185049305 array([9.84978322e-02, 7.06292486e+05])].
2020-01-03 14:56:23,434 - INFO - Beginning optimization with guess, [4.72082230e-02 1.38895279e+04].
2020-01-03 14:56:39,559 - INFO - Finished optomization, results are [-44.23378861820129 array([9.81301178e-02, 7.73783700e+05])].
2020-01-03 14:56:39,559 - INFO - Beginning optimization with guess, [7.35965849e-02 1.87919342e+04].
2020-01-03 14:56:50,465 - INFO - Finished optomization, results are [-45.04674222336507 array([9.76256449e-02, 7.72456921e+05])].
2020-01-03 14:56:50,467 - INFO - Beginning optimization with guess, [9.90315988e-02 3.91187810e+04].
2020-01-03 14:56:57,901 - INFO - Finished optomization, results are [-44.534396376596305 array([9.81029401e-02, 7.55066598e+05])].
2020-01-03 14:56:57,902 - INFO - Beginning optimization with guess, [5.92101861e-02 2.42137866e+04].
2020-01-03 14:57:15,226 - INFO - Finished optomization, results are [-49.0042785311407 array([1.00168266e-01, 7.73677163e+05])].
2020-01-03 14:57:15,227 - INFO - Beginning optimization with guess, [5.65838483e-02 1.53690841e+04].
2020-01-03 14:57:22,073 - INFO - Finished optomization, results are [-45.06453390273509 array([9.79432643e-02, 7.45022222e+05])].
2020-01-03 14:57:22,074 - INFO - Beginning optimization with guess, [4.58185045e-02 3.07254064e+04].
2020-01-03 14:57:30,048 - INFO - Finished optomization, results are [-46.32950476600399 array([9.73656883e-02, 7.57846480e+05])].
2020-01-03 14:57:30,049 - INFO - Beginning optimization with guess, [1.44172045e-01 1.89155222e+04].
2020-01-03 14:57:35,333 - INFO - Finished optomization, results are [-45.25709148275564 array([9.80826278e-02, 7.27053710e+05])].
2020-01-03 14:57:35,334 - INFO - Beginning optimization with guess, [1.22774490e-01 1.69589909e+04].
2020-01-03 14:57:48,980 - INFO - Finished optomization, results are [-44.79430665287691 array([9.77425957e-02, 7.72346298e+05])].
2020-01-03 14:57:48,981 - INFO - Beginning optimization with guess, [1.31609760e-01 1.78843059e+04].
2020-01-03 14:57:55,732 - INFO - Finished optomization, results are [-45.337264800714365 array([9.77662657e-02, 7.50548704e+05])].
2020-01-03 14:57:55,733 - INFO - Beginning optimization with guess, [7.65854547e-02 3.90026463e+04].
2020-01-03 14:58:00,968 - INFO - Finished optomization, results are [-44.80532094332284 array([9.90637430e-02, 6.70606486e+05])].
2020-01-03 14:58:00,969 - INFO - Beginning optimization with guess, [1.05050108e-01 4.90673677e+04].
2020-01-03 14:58:09,971 - INFO - Finished optomization, results are [-44.534133890197154 array([9.90375797e-02, 6.87249269e+05])].
2020-01-03 14:58:09,972 - INFO - Beginning optimization with guess, [1.53151399e-01 4.15488605e+04].
2020-01-03 14:58:17,749 - INFO - Finished optomization, results are [-44.550507170973106 array([9.85825211e-02, 7.17738234e+05])].
2020-01-03 14:58:17,749 - INFO - Beginning optimization with guess, [7.49892598e-02 2.07172173e+04].
2020-01-03 14:58:27,286 - INFO - Finished optomization, results are [-45.489927109560085 array([9.83277028e-02, 7.00458308e+05])].
2020-01-03 14:58:27,288 - INFO - Beginning optimization with guess, [1.07481438e-01 2.06393097e+04].
2020-01-03 14:58:36,238 - INFO - Finished optomization, results are [-45.04766850973738 array([9.82653499e-02, 7.19725923e+05])].
2020-01-03 14:58:36,239 - INFO - Beginning optimization with guess, [1.65504449e-01 1.78221508e+04].
2020-01-03 14:58:41,963 - INFO - Finished optomization, results are [-45.14734192762353 array([9.82216090e-02, 7.19643181e+05])].
2020-01-03 14:58:41,964 - INFO - Beginning optimization with guess, [9.54778799e-02 2.11485691e+04].
2020-01-03 14:58:47,740 - INFO - Finished optomization, results are [-45.139512861575895 array([9.85461693e-02, 6.94867472e+05])].
2020-01-03 14:58:47,741 - INFO - Beginning optimization with guess, [8.77222781e-02 2.04742684e+04].
2020-01-03 14:58:54,344 - INFO - Finished optomization, results are [-45.153396397506185 array([9.87786580e-02, 6.77173423e+05])].
2020-01-03 14:58:54,345 - INFO - Beginning optimization with guess, [1.44978341e-01 3.01437424e+04].
2020-01-03 14:59:00,850 - INFO - Finished optomization, results are [-44.58862286598105 array([9.82967549e-02, 7.37041162e+05])].
2020-01-03 14:59:00,851 - INFO - Beginning optimization with guess, [4.58860847e-02 1.39461955e+04].
2020-01-03 14:59:07,944 - INFO - Finished optomization, results are [-44.546315597173816 array([9.85306300e-02, 7.21770086e+05])].
2020-01-03 14:59:07,945 - INFO - Beginning optimization with guess, [9.45162366e-02 4.06790776e+04].
2020-01-03 14:59:14,498 - INFO - Finished optomization, results are [-44.48570124882826 array([9.86276919e-02, 7.18444653e+05])].
2020-01-03 14:59:14,500 - INFO - Beginning optimization with guess, [6.96054181e-02 1.69851196e+04].
2020-01-03 14:59:21,639 - INFO - Finished optomization, results are [-44.85044494219346 array([9.82062158e-02, 7.32021345e+05])].
2020-01-03 14:59:21,640 - INFO - Beginning optimization with guess, [6.36664331e-02 2.31982997e+04].
2020-01-03 14:59:28,778 - INFO - Finished optomization, results are [-99.38432460614604 array([1.05300709e-01, 7.01924082e+05])].
2020-01-03 14:59:28,779 - INFO - Beginning optimization with guess, [5.15505026e-02 1.40794156e+04].
2020-01-03 14:59:42,563 - INFO - Finished optomization, results are [-45.08305906928308 array([9.76650486e-02, 7.67749727e+05])].
2020-01-03 14:59:42,564 - INFO - Beginning optimization with guess, [9.98780294e-02 1.59382729e+04].
2020-01-03 14:59:49,510 - INFO - Finished optomization, results are [-44.969231703803416 array([9.77211284e-02, 7.67158996e+05])].
2020-01-03 14:59:49,511 - INFO - Beginning optimization with guess, [8.21749380e-02 2.20808477e+04].
2020-01-03 15:00:04,128 - INFO - Finished optomization, results are [-45.13172555116216 array([9.82079050e-02, 7.21267698e+05])].
2020-01-03 15:00:04,129 - INFO - Beginning optimization with guess, [5.51984998e-02 2.56506504e+04].
2020-01-03 15:00:09,945 - INFO - Finished optomization, results are [-44.705795945619684 array([9.87315373e-02, 6.98711899e+05])].
2020-01-03 15:00:09,946 - INFO - Beginning optimization with guess, [1.60689253e-01 3.19855071e+04].
2020-01-03 15:00:17,919 - INFO - Finished optomization, results are [-45.0113438243925 array([9.87994943e-02, 6.80770102e+05])].
2020-01-03 15:00:17,920 - INFO - Beginning optimization with guess, [1.43147809e-01 3.78322310e+04].
2020-01-03 15:00:22,861 - INFO - Finished optomization, results are [-44.78757286286054 array([9.90923791e-02, 6.69467371e+05])].
2020-01-03 15:00:22,861 - INFO - Beginning optimization with guess, [6.27352155e-02 1.51789317e+04].
2020-01-03 15:00:34,502 - INFO - Finished optomization, results are [-45.5872198817724 array([9.93926079e-02, 7.69752389e+05])].
2020-01-03 15:00:34,503 - INFO - Beginning optimization with guess, [1.44148502e-01 1.34453620e+04].
2020-01-03 15:00:48,095 - INFO - Finished optomization, results are [-44.17294327752916 array([9.82335459e-02, 7.73555608e+05])].
2020-01-03 15:00:48,096 - INFO - Beginning optimization with guess, [7.14876895e-02 1.60482467e+04].
2020-01-03 15:00:56,317 - INFO - Finished optomization, results are [-45.40685196504273 array([9.76686099e-02, 7.56644335e+05])].
2020-01-03 15:00:56,318 - INFO - Beginning optimization with guess, [5.38762406e-02 3.88319525e+04].
2020-01-03 15:01:10,549 - INFO - Finished optomization, results are [-46.527118870202685 array([9.96610302e-02, 7.70737455e+05])].
2020-01-03 15:01:10,550 - INFO - Beginning optimization with guess, [1.04862010e-01 1.42923938e+04].
2020-01-03 15:01:17,842 - INFO - Finished optomization, results are [-44.98868891760503 array([9.76915234e-02, 7.68949142e+05])].
2020-01-03 15:01:17,843 - INFO - Beginning optimization with guess, [7.18108899e-02 1.86593466e+04].
2020-01-03 15:01:27,040 - INFO - Finished optomization, results are [-45.112590803449166 array([9.82712305e-02, 7.16944066e+05])].
2020-01-03 15:01:27,041 - INFO - Beginning optimization with guess, [1.23628569e-01 5.07354965e+04].
2020-01-03 15:01:32,571 - INFO - Finished optomization, results are [-44.687176616916986 array([9.87285491e-02, 6.99845478e+05])].
2020-01-03 15:01:32,571 - INFO - Beginning optimization with guess, [6.18195767e-02 4.08322186e+04].
2020-01-03 15:01:40,058 - INFO - Finished optomization, results are [-45.117382097497284 array([9.77554666e-02, 7.58822774e+05])].
2020-01-03 15:01:40,059 - INFO - Beginning optimization with guess, [7.04144646e-02 4.76073126e+04].
2020-01-03 15:01:51,510 - INFO - Finished optomization, results are [-44.48123968045729 array([9.79851573e-02, 7.67420780e+05])].
2020-01-03 15:01:51,511 - INFO - Beginning optimization with guess, [6.31346623e-02 1.56654022e+04].
2020-01-03 15:02:04,519 - INFO - Finished optomization, results are [-44.575680670405745 array([9.89389908e-02, 7.70949472e+05])].
2020-01-03 15:02:04,520 - INFO - Beginning optimization with guess, [8.05788937e-02 4.92694494e+04].
2020-01-03 15:02:16,894 - INFO - Finished optomization, results are [-44.393079125695294 array([9.80314859e-02, 7.69060520e+05])].
2020-01-03 15:02:16,895 - INFO - Beginning optimization with guess, [9.39354811e-02 2.38940246e+04].
2020-01-03 15:02:23,157 - INFO - Finished optomization, results are [-44.904483526513104 array([9.79336396e-02, 7.51856824e+05])].
2020-01-03 15:02:23,159 - INFO - Beginning optimization with guess, [1.70932422e-01 3.32223131e+04].
2020-01-03 15:02:29,856 - INFO - Finished optomization, results are [-44.96934851631704 array([9.87191231e-02, 6.88227545e+05])].
2020-01-03 15:02:29,857 - INFO - Beginning optimization with guess, [1.46086348e-01 1.73564008e+04].
2020-01-03 15:02:36,359 - INFO - Finished optomization, results are [-44.99075727796844 array([9.81694093e-02, 7.29419144e+05])].
2020-01-03 15:02:36,361 - INFO - Beginning optimization with guess, [7.00224053e-02 1.39037685e+04].
2020-01-03 15:02:52,295 - INFO - Finished optomization, results are [-45.12680374155025 array([9.76242146e-02, 7.69710411e+05])].
2020-01-03 15:02:52,296 - INFO - Beginning optimization with guess, [6.47681599e-02 3.32128160e+04].
2020-01-03 15:03:05,509 - INFO - Finished optomization, results are [-44.52618892814098 array([9.79942144e-02, 7.64201105e+05])].
2020-01-03 15:03:05,511 - INFO - Beginning optimization with guess, [8.80688526e-02 3.25911861e+04].
2020-01-03 15:03:19,103 - INFO - Finished optomization, results are [-44.43535366326432 array([9.79416391e-02, 7.73599854e+05])].
2020-01-03 15:03:19,104 - INFO - Beginning optimization with guess, [1.23704877e-01 3.77593242e+04].
2020-01-03 15:03:23,849 - INFO - Finished optomization, results are [-44.64414583042253 array([9.79741514e-02, 7.59829817e+05])].
2020-01-03 15:03:23,849 - INFO - Beginning optimization with guess, [4.70190892e-02 1.64928548e+04].
2020-01-03 15:03:33,145 - INFO - Finished optomization, results are [-44.54465484613684 array([9.81757834e-02, 7.48774392e+05])].
2020-01-03 15:03:33,147 - INFO - Beginning optimization with guess, [4.55218468e-02 3.29138659e+04].
2020-01-03 15:03:42,386 - INFO - Finished optomization, results are [-46.17970150054771 array([9.72510955e-02, 7.71669213e+05])].
2020-01-03 15:03:42,387 - INFO - Beginning optimization with guess, [1.01650934e-01 4.49717449e+04].
2020-01-03 15:03:50,992 - INFO - Finished optomization, results are [-44.59108739229487 array([9.80160533e-02, 7.59045659e+05])].
2020-01-03 15:03:50,993 - INFO - Beginning optimization with guess, [6.66730892e-02 1.89718508e+04].
2020-01-03 15:04:00,383 - INFO - Finished optomization, results are [-44.969719153099504 array([9.85459000e-02, 7.01071672e+05])].
2020-01-03 15:04:00,384 - INFO - Beginning optimization with guess, [5.60052216e-02 4.63915859e+04].
2020-01-03 15:04:08,500 - INFO - Finished optomization, results are [-70.19761238870706 array([1.03461645e-01, 6.93567170e+05])].
2020-01-03 15:04:08,501 - INFO - Beginning optimization with guess, [1.62317394e-01 2.54663606e+04].
2020-01-03 15:04:15,200 - INFO - Finished optomization, results are [-44.728471446125695 array([9.82980479e-02, 7.30111939e+05])].
2020-01-03 15:04:15,200 - INFO - Beginning optimization with guess, [6.76030285e-02 3.35261460e+04].
2020-01-03 15:04:21,554 - INFO - Finished optomization, results are [-44.47476250252657 array([9.82485884e-02, 7.47114694e+05])].
2020-01-03 15:04:21,555 - INFO - Beginning optimization with guess, [1.65755880e-01 4.17980919e+04].
2020-01-03 15:04:30,839 - INFO - Finished optomization, results are [-44.81127277726682 array([9.90463115e-02, 6.71535169e+05])].
2020-01-03 15:04:30,840 - INFO - Beginning optimization with guess, [1.03740136e-01 3.82234771e+04].
2020-01-03 15:04:36,316 - INFO - Finished optomization, results are [-44.73667974714408 array([9.79026640e-02, 7.61434016e+05])].
2020-01-03 15:04:36,319 - INFO - Beginning optimization with guess, [5.88312285e-02 2.34383123e+04].
2020-01-03 15:04:45,216 - INFO - Finished optomization, results are [-46.290082794330374 array([9.98087930e-02, 7.49962307e+05])].
2020-01-03 15:04:45,217 - INFO - Beginning optimization with guess, [1.61888306e-01 2.06435180e+04].
2020-01-03 15:04:51,375 - INFO - Finished optomization, results are [-45.194991543567994 array([9.77215423e-02, 7.59016987e+05])].
2020-01-03 15:04:51,376 - INFO - Beginning optimization with guess, [1.67211199e-01 5.11090304e+04].
2020-01-03 15:05:00,084 - INFO - Finished optomization, results are [-44.71683259704332 array([9.91576514e-02, 6.68532422e+05])].
2020-01-03 15:05:00,086 - INFO - Beginning optimization with guess, [1.33465790e-01 1.65877778e+04].
2020-01-03 15:05:05,663 - INFO - Finished optomization, results are [-45.43914008922911 array([9.79134332e-02, 7.35107182e+05])].
2020-01-03 15:05:05,663 - INFO - Beginning optimization with guess, [5.13586007e-02 1.32317897e+04].
2020-01-03 15:05:11,829 - INFO - Finished optomization, results are [-44.9591445160504 array([9.87342797e-02, 6.87515275e+05])].
2020-01-03 15:05:11,830 - INFO - Beginning optimization with guess, [8.61125766e-02 1.69912793e+04].
2020-01-03 15:05:18,286 - INFO - Finished optomization, results are [-45.40321587834296 array([9.80073958e-02, 7.28512595e+05])].
2020-01-03 15:05:18,287 - INFO - Beginning optimization with guess, [5.70142021e-02 3.32582980e+04].
2020-01-03 15:05:27,190 - INFO - Finished optomization, results are [-57.2051205597254 array([1.01597608e-01, 7.47778512e+05])].
2020-01-03 15:05:27,191 - INFO - Beginning optimization with guess, [1.14615479e-01 2.15599865e+04].
2020-01-03 15:05:33,354 - INFO - Finished optomization, results are [-45.40696716213915 array([9.78828344e-02, 7.38621098e+05])].
2020-01-03 15:05:33,355 - INFO - Beginning optimization with guess, [5.22433532e-02 2.71369745e+04].
2020-01-03 15:05:40,690 - INFO - Finished optomization, results are [-45.04776614373077 array([9.79259969e-02, 7.47054151e+05])].
2020-01-03 15:05:40,691 - INFO - Beginning optimization with guess, [7.22012344e-02 4.11148663e+04].
2020-01-03 15:05:47,249 - INFO - Finished optomization, results are [-44.97095946431 array([9.84224502e-02, 7.10397771e+05])].
2020-01-03 15:05:47,251 - INFO - Beginning optimization with guess, [8.13783268e-02 4.59307288e+04].
2020-01-03 15:05:53,464 - INFO - Finished optomization, results are [-44.56072769862385 array([9.79065154e-02, 7.69512986e+05])].
2020-01-03 15:05:53,465 - INFO - Beginning optimization with guess, [1.35410417e-01 3.95865065e+04].
2020-01-03 15:06:02,757 - INFO - Finished optomization, results are [-44.60507194206366 array([9.86176420e-02, 7.12136924e+05])].
2020-01-03 15:06:02,758 - INFO - Beginning optimization with guess, [1.53452334e-01 1.53774435e+04].
2020-01-03 15:06:09,505 - INFO - Finished optomization, results are [-45.750981432454864 array([9.81464331e-02, 7.07357844e+05])].
2020-01-03 15:06:09,506 - INFO - Beginning optimization with guess, [7.62728085e-02 2.01779638e+04].
2020-01-03 15:06:18,603 - INFO - Finished optomization, results are [-44.94009509653188 array([9.79557648e-02, 7.48641330e+05])].
2020-01-03 15:06:18,603 - INFO - Beginning optimization with guess, [7.68860958e-02 1.45298644e+04].
2020-01-03 15:06:27,112 - INFO - Finished optomization, results are [-44.793700556276235 array([9.77818070e-02, 7.69055574e+05])].
2020-01-03 15:06:27,114 - INFO - Beginning optimization with guess, [7.39214925e-02 3.55337631e+04].
2020-01-03 15:06:35,675 - INFO - Finished optomization, results are [-44.82933301088815 array([9.86716442e-02, 6.97421239e+05])].
2020-01-03 15:06:35,677 - INFO - Beginning optimization with guess, [1.66906631e-01 4.39589300e+04].
2020-01-03 15:06:41,487 - INFO - Finished optomization, results are [-44.43003206717367 array([9.80523883e-02, 7.65084954e+05])].
2020-01-03 15:06:41,487 - INFO - Beginning optimization with guess, [1.35696020e-01 2.23399672e+04].
2020-01-03 15:06:47,258 - INFO - Finished optomization, results are [-44.66894475392564 array([9.87359043e-02, 7.00234587e+05])].
2020-01-03 15:06:47,259 - INFO - Beginning optimization with guess, [7.27039573e-02 1.53464720e+04].
2020-01-03 15:06:54,792 - INFO - Finished optomization, results are [-45.16135708853653 array([9.83015273e-02, 7.12883272e+05])].
2020-01-03 15:06:54,792 - INFO - Beginning optimization with guess, [1.16939531e-01 1.44690384e+04].
2020-01-03 15:07:04,582 - INFO - Finished optomization, results are [-44.75602174319465 array([9.79292590e-02, 7.58387317e+05])].
2020-01-03 15:07:04,584 - INFO - Beginning optimization with guess, [1.72269481e-01 2.11889256e+04].
2020-01-03 15:07:13,982 - INFO - Finished optomization, results are [-45.116134342828445 array([9.76971732e-02, 7.63823057e+05])].
2020-01-03 15:07:13,983 - INFO - Beginning optimization with guess, [1.37474483e-01 1.71520548e+04].
2020-01-03 15:07:20,928 - INFO - Finished optomization, results are [-44.500111543309686 array([9.96378801e-02, 6.55514817e+05])].
2020-01-03 15:07:20,928 - INFO - Beginning optimization with guess, [9.97615735e-02 2.23771488e+04].
2020-01-03 15:07:26,942 - INFO - Finished optomization, results are [-45.45563792766552 array([9.78202221e-02, 7.42338773e+05])].
2020-01-03 15:07:26,943 - INFO - Beginning optimization with guess, [1.22273559e-01 1.82291983e+04].
2020-01-03 15:07:33,255 - INFO - Finished optomization, results are [-44.9807541260343 array([9.78084198e-02, 7.59336513e+05])].
2020-01-03 15:07:33,256 - INFO - Beginning optimization with guess, [7.73444527e-02 3.51954048e+04].
2020-01-03 15:07:50,808 - INFO - Finished optomization, results are [-44.617839622346764 array([9.78276042e-02, 7.73180847e+05])].
2020-01-03 15:07:50,810 - INFO - Beginning optimization with guess, [9.89096979e-02 2.35488356e+04].
2020-01-03 15:08:00,493 - INFO - Finished optomization, results are [-45.30756399032725 array([9.78211793e-02, 7.46888377e+05])].
2020-01-03 15:08:00,494 - INFO - Beginning optimization with guess, [4.73758494e-02 3.55750939e+04].
2020-01-03 15:08:05,872 - INFO - Finished optomization, results are [-44.792020571492685 array([9.83748654e-02, 7.21343041e+05])].
2020-01-03 15:08:05,873 - INFO - Beginning optimization with guess, [1.70892913e-01 3.23041745e+04].
2020-01-03 15:08:11,298 - INFO - Finished optomization, results are [-45.04225385468726 array([9.89160512e-02, 6.71246352e+05])].
2020-01-03 15:08:11,298 - INFO - Beginning optimization with guess, [7.86091562e-02 4.31354031e+04].
2020-01-03 15:08:18,192 - INFO - Finished optomization, results are [-44.477136656509174 array([9.80473813e-02, 7.62679173e+05])].
2020-01-03 15:08:18,193 - INFO - Beginning optimization with guess, [1.25649576e-01 4.20740512e+04].
2020-01-03 15:08:30,656 - INFO - Finished optomization, results are [-44.37426712356955 array([9.80268334e-02, 7.70658784e+05])].
2020-01-03 15:08:30,657 - INFO - Beginning optimization with guess, [6.76895023e-02 1.62884638e+04].
2020-01-03 15:08:41,024 - INFO - Finished optomization, results are [-44.74208023185383 array([9.87559557e-02, 6.95211092e+05])].
2020-01-03 15:08:41,025 - INFO - Beginning optimization with guess, [1.68633467e-01 4.31069685e+04].
2020-01-03 15:08:49,089 - INFO - Finished optomization, results are [-44.44879597007639 array([9.82418525e-02, 7.49215833e+05])].
2020-01-03 15:08:49,090 - INFO - Beginning optimization with guess, [4.79703587e-02 2.28313685e+04].
2020-01-03 15:08:54,907 - INFO - Finished optomization, results are [-45.18500387682434 array([9.7937504e-02, 7.4128190e+05])].
2020-01-03 15:08:54,908 - INFO - Beginning optimization with guess, [6.82353023e-02 2.36411448e+04].
2020-01-03 15:09:01,800 - INFO - Finished optomization, results are [-44.490297260118496 array([9.85475322e-02, 7.23899324e+05])].
2020-01-03 15:09:01,800 - INFO - Beginning optimization with guess, [6.38269551e-02 1.40031843e+04].
2020-01-03 15:09:11,327 - INFO - Finished optomization, results are [-45.73266099797911 array([9.94218085e-02, 7.71651511e+05])].
2020-01-03 15:09:11,328 - INFO - Beginning optimization with guess, [7.82461933e-02 2.91190191e+04].
2020-01-03 15:09:19,051 - INFO - Finished optomization, results are [-44.943126107121316 array([9.90136839e-02, 6.68178393e+05])].
2020-01-03 15:09:19,052 - INFO - Beginning optimization with guess, [1.30651449e-01 1.70731146e+04].
2020-01-03 15:09:25,508 - INFO - Finished optomization, results are [-44.91026247127229 array([9.81620904e-02, 7.33107098e+05])].
2020-01-03 15:09:25,509 - INFO - Beginning optimization with guess, [5.93859096e-02 4.23545161e+04].
2020-01-03 15:09:34,461 - INFO - Finished optomization, results are [-119.64556838853241 array([1.07299020e-01, 6.31169368e+05])].
2020-01-03 15:09:34,462 - INFO - Beginning optimization with guess, [1.23022475e-01 1.33170886e+04].
2020-01-03 15:09:40,181 - INFO - Finished optomization, results are [-44.91362125636351 array([9.83582999e-02, 7.17571247e+05])].
2020-01-03 15:09:40,182 - INFO - Beginning optimization with guess, [1.45506968e-01 2.61225071e+04].
2020-01-03 15:09:46,587 - INFO - Finished optomization, results are [-45.09654472041257 array([9.86095168e-02, 6.91623564e+05])].
2020-01-03 15:09:46,588 - INFO - Beginning optimization with guess, [1.36533499e-01 2.54825012e+04].
2020-01-03 15:09:53,286 - INFO - Finished optomization, results are [-44.63482903883778 array([9.82781380e-02, 7.36119115e+05])].
2020-01-03 15:09:53,287 - INFO - Beginning optimization with guess, [1.70746497e-01 3.75831027e+04].
2020-01-03 15:10:03,354 - INFO - Finished optomization, results are [-44.590915256294466 array([9.85836640e-02, 7.15385667e+05])].
2020-01-03 15:10:03,355 - INFO - Beginning optimization with guess, [6.64390018e-01 1.33609515e-01 1.71878093e+04].
2020-01-03 15:11:27,305 - INFO - Finished optimization, results are [-42.70733627610116 array([1.96675362e-01, 1.92018879e-01, 1.91457502e+05])].
2020-01-03 15:11:27,306 - INFO - Beginning optimization with guess, [9.90000000e-01 1.15317762e-01 5.03766122e+04].
2020-01-03 15:11:47,392 - INFO - Finished optimization, results are [-1292.6249695397664 array([2.07108403e-01, 6.85131233e-01, 6.10953439e+04])].
2020-01-03 15:11:47,394 - INFO - Beginning optimization with guess, [7.11055861e-01 5.58536821e-02 4.11375642e+04].
2020-01-03 15:12:50,254 - INFO - Finished optimization, results are [-42.26105070099766 array([1.52468468e-01, 1.46832820e-01, 6.09340537e+05])].
2020-01-03 15:12:50,256 - INFO - Beginning optimization with guess, [9.90000000e-01 1.37293047e-01 2.00941041e+04].
2020-01-03 15:13:09,212 - INFO - Finished optimization, results are [-1287.0011804241676 array([2.08473990e-01, 9.36397298e-01, 2.53305457e+04])].
2020-01-03 15:13:09,213 - INFO - Beginning optimization with guess, [8.64540382e-01 5.55919877e-02 1.35872024e+04].
2020-01-03 15:13:40,553 - INFO - Finished optimization, results are [-135.9030852252081 array([1.40190419e-01, 1.60984625e-01, 4.77105729e+05])].
2020-01-03 15:13:40,554 - INFO - Beginning optimization with guess, [9.08367897e-01 7.57289676e-02 1.42286599e+04].
2020-01-03 15:14:00,481 - INFO - Finished optimization, results are [-7138.795485627756 array([1.11445291e-01, 6.75705457e-01, 1.86803410e+04])].
2020-01-03 15:14:00,482 - INFO - Beginning optimization with guess, [9.90000000e-01 1.24060029e-01 3.23894338e+04].
2020-01-03 15:14:22,057 - INFO - Finished optimization, results are [-1291.2450654400118 array([2.07650063e-01, 7.70244631e-01, 3.98727526e+04])].
2020-01-03 15:14:22,059 - INFO - Beginning optimization with guess, [9.90000000e-01 6.39498798e-02 1.58039001e+04].
2020-01-03 15:15:11,953 - INFO - Finished optimization, results are [-42.39813346583105 array([1.73984324e-01, 1.67559292e-01, 3.17632041e+05])].
2020-01-03 15:15:11,954 - INFO - Beginning optimization with guess, [9.90000000e-01 1.31722695e-01 3.39915321e+04].
2020-01-03 15:15:30,628 - INFO - Finished optimization, results are [-1287.9602701900958 array([2.08814173e-01, 9.40399540e-01, 4.24767146e+04])].
2020-01-03 15:15:30,630 - INFO - Beginning optimization with guess, [9.90000000e-01 5.76700894e-02 2.62210154e+04].
2020-01-03 15:15:56,129 - INFO - Finished optimization, results are [-42.34324402717448 array([1.72562809e-01, 1.73860366e-01, 2.04619123e+05])].
2020-01-03 15:15:56,130 - INFO - Beginning optimization with guess, [9.90000000e-01 1.04254622e-01 1.77836031e+04].
2020-01-03 15:16:15,934 - INFO - Finished optimization, results are [-2667.4534521628084 array([1.70842845e-01, 6.92451477e-01, 2.23901290e+04])].
2020-01-03 15:16:15,936 - INFO - Beginning optimization with guess, [9.90000000e-01 9.74297688e-02 4.78654216e+04].
2020-01-03 15:16:36,939 - INFO - Finished optimization, results are [-2739.3085956503237 array([1.71505671e-01, 6.99707682e-01, 5.92873617e+04])].
2020-01-03 15:16:36,940 - INFO - Beginning optimization with guess, [9.78932418e-01 8.64600264e-02 3.94567166e+04].
2020-01-03 15:17:24,880 - INFO - Finished optimization, results are [-43.27748418786632 array([2.36111273e-01, 2.91057418e-01, 2.59957584e+04])].
2020-01-03 15:17:24,882 - INFO - Beginning optimization with guess, [9.90000000e-01 1.26776781e-01 2.45795596e+04].
2020-01-03 15:17:47,829 - INFO - Finished optimization, results are [-1286.7929154921676 array([2.07440461e-01, 7.71644829e-01, 3.03937433e+04])].
2020-01-03 15:17:47,830 - INFO - Beginning optimization with guess, [9.90000000e-01 1.41281240e-01 3.21750386e+04].
2020-01-03 15:18:36,643 - INFO - Finished optimization, results are [-42.61599263303742 array([1.65010185e-01, 1.49954017e-01, 7.65584995e+05])].
2020-01-03 15:18:36,644 - INFO - Beginning optimization with guess, [9.90000000e-01 1.06776138e-01 1.43498728e+04].
2020-01-03 15:18:59,202 - INFO - Finished optimization, results are [-2657.0147807199946 array([1.70807352e-01, 7.05970679e-01, 1.81690669e+04])].
2020-01-03 15:18:59,203 - INFO - Beginning optimization with guess, [9.90000000e-01 6.74367555e-02 1.96020013e+04].
2020-01-03 15:19:17,818 - INFO - Finished optimization, results are [-6937.457274765298 array([1.11022895e-01, 5.92808619e-01, 2.54168379e+04])].
2020-01-03 15:19:17,819 - INFO - Beginning optimization with guess, [9.90000000e-01 1.07546415e-01 4.13647077e+04].
2020-01-03 15:19:36,172 - INFO - Finished optimization, results are [-2747.002621770638 array([1.72753903e-01, 9.02971297e-01, 5.23249837e+04])].
2020-01-03 15:19:36,173 - INFO - Beginning optimization with guess, [5.23058629e-01 5.54744262e-02 1.56446289e+04].
2020-01-03 15:19:55,317 - INFO - Finished optimization, results are [-42.1436835456434 array([1.36688952e-01, 1.38149883e-01, 7.02207702e+05])].
2020-01-03 15:19:55,318 - INFO - Beginning optimization with guess, [9.90000000e-01 8.97267888e-02 3.68195095e+04].
2020-01-03 15:20:18,659 - INFO - Finished optimization, results are [-359.51652862843457 array([ 0.19129303,  0.99682201, 60.47450098])].
2020-01-03 15:20:18,660 - INFO - Beginning optimization with guess, [9.90000000e-01 8.86129843e-02 4.84396731e+04].
2020-01-03 15:20:58,437 - INFO - Finished optimization, results are [-42.53209753018564 array([1.95765542e-01, 2.02775156e-01, 1.07263709e+05])].
2020-01-03 15:20:58,438 - INFO - Beginning optimization with guess, [9.90000000e-01 7.78928451e-02 1.37882613e+04].
2020-01-03 15:21:18,942 - INFO - Finished optimization, results are [-7314.352043923801 array([1.12111164e-01, 7.70395124e-01, 1.83580542e+04])].
2020-01-03 15:21:18,944 - INFO - Beginning optimization with guess, [7.72721397e-01 1.57590131e-01 2.46835367e+04].
2020-01-03 15:21:38,445 - INFO - Finished optimization, results are [-263.18667602473306 array([2.57571953e-01, 6.83587942e-01, 2.93776819e+04])].
2020-01-03 15:21:38,447 - INFO - Beginning optimization with guess, [9.90000000e-01 1.39004372e-01 4.90743967e+04].
2020-01-03 15:22:56,749 - INFO - Finished optimization, results are [-42.2189500184395 array([1.40241524e-01, 1.43336339e-01, 5.11379159e+05])].
2020-01-03 15:22:56,751 - INFO - Beginning optimization with guess, [9.90000000e-01 1.53410731e-01 3.98655360e+04].
2020-01-03 15:24:26,336 - INFO - Finished optimization, results are [-42.22899869763751 array([1.47121499e-01, 1.44012962e-01, 6.22609938e+05])].
2020-01-03 15:24:26,338 - INFO - Beginning optimization with guess, [6.49153754e-01 8.33946556e-02 4.86625274e+04].
2020-01-03 15:26:04,469 - INFO - Finished optimization, results are [-42.291980627437624 array([1.51492658e-01, 1.45476657e-01, 6.48461203e+05])].
2020-01-03 15:26:04,471 - INFO - Beginning optimization with guess, [9.90000000e-01 8.15742673e-02 2.38779018e+04].
2020-01-03 15:26:24,389 - INFO - Finished optimization, results are [-7425.783272234107 array([1.13439572e-01, 9.50593738e-01, 3.18283206e+04])].
2020-01-03 15:26:24,390 - INFO - Beginning optimization with guess, [9.45527727e-01 4.58285589e-02 1.50624303e+04].
2020-01-03 15:27:19,808 - INFO - Finished optimization, results are [-42.11242734676671 array([1.27570691e-01, 1.33741393e-01, 7.61725971e+05])].
2020-01-03 15:27:19,810 - INFO - Beginning optimization with guess, [8.63064729e-01 1.64069683e-01 1.60161291e+04].
2020-01-03 15:28:20,626 - INFO - Finished optimization, results are [-42.50007241669846 array([1.88137266e-01, 1.88541510e-01, 1.60340491e+05])].
2020-01-03 15:28:20,627 - INFO - Beginning optimization with guess, [9.90000000e-01 1.27502419e-01 3.91826406e+04].
2020-01-03 15:28:37,946 - INFO - Finished optimization, results are [-1291.971670402143 array([2.08531925e-01, 8.76689349e-01, 4.85800520e+04])].
2020-01-03 15:28:37,948 - INFO - Beginning optimization with guess, [7.70225430e-01 1.63434447e-01 2.21474964e+04].
2020-01-03 15:29:02,082 - INFO - Finished optimization, results are [-158.29779507171133 array([2.68892550e-01, 9.82417770e-01, 3.87216434e+03])].
2020-01-03 15:29:02,084 - INFO - Beginning optimization with guess, [9.36202285e-01 1.13341202e-01 3.33943978e+04].
2020-01-03 15:29:24,202 - INFO - Finished optimization, results are [-1280.5537854895283 array([2.04547237e-01, 6.01569645e-01, 4.03444667e+04])].
2020-01-03 15:29:24,204 - INFO - Beginning optimization with guess, [9.90000000e-01 5.98469657e-02 1.34880356e+04].
2020-01-03 15:29:54,199 - INFO - Finished optimization, results are [-94.76194045582633 array([1.60152612e-01, 1.67687084e-01, 4.95172814e+05])].
2020-01-03 15:29:54,200 - INFO - Beginning optimization with guess, [9.90000000e-01 1.33004444e-01 4.69020653e+04].
2020-01-03 15:31:01,731 - INFO - Finished optimization, results are [-42.16180728375548 array([1.39147726e-01, 1.41409188e-01, 5.83650469e+05])].
2020-01-03 15:31:01,733 - INFO - Beginning optimization with guess, [9.90000000e-01 5.91421421e-02 2.52286381e+04].
2020-01-03 15:31:58,642 - INFO - Finished optimization, results are [-42.393247161737236 array([1.73171956e-01, 1.66925578e-01, 3.19958786e+05])].
2020-01-03 15:31:58,644 - INFO - Beginning optimization with guess, [9.90000000e-01 8.78569246e-02 2.86314776e+04].
2020-01-03 15:33:01,165 - INFO - Finished optimization, results are [-42.40353096756007 array([1.80343209e-01, 1.78323372e-01, 2.11240710e+05])].
2020-01-03 15:33:01,166 - INFO - Beginning optimization with guess, [9.90000000e-01 1.53135633e-01 2.52592139e+04].
2020-01-03 15:33:50,745 - INFO - Finished optimization, results are [-42.67212252204081 array([2.04640876e-01, 2.20901497e-01, 6.73780228e+04])].
2020-01-03 15:33:50,746 - INFO - Beginning optimization with guess, [9.90000000e-01 7.60371138e-02 3.01771588e+04].
2020-01-03 15:34:09,586 - INFO - Finished optimization, results are [-7435.155289958165 array([1.12913308e-01, 8.30198442e-01, 3.96155755e+04])].
2020-01-03 15:34:09,587 - INFO - Beginning optimization with guess, [9.90000000e-01 9.92039086e-02 4.67922385e+04].
2020-01-03 15:34:28,794 - INFO - Finished optimization, results are [-2747.3106130662454 array([1.71735362e-01, 7.32218034e-01, 5.81650633e+04])].
2020-01-03 15:34:28,796 - INFO - Beginning optimization with guess, [9.90000000e-01 7.44404586e-02 4.48332322e+04].
2020-01-03 15:34:47,898 - INFO - Finished optimization, results are [-7448.564408957969 array([1.13189200e-01, 8.42293763e-01, 5.83956425e+04])].
2020-01-03 15:34:47,899 - INFO - Beginning optimization with guess, [7.42153699e-01 7.78571474e-02 1.59514857e+04].
2020-01-03 15:35:37,660 - INFO - Finished optimization, results are [-42.44094763522753 array([1.83795815e-01, 1.82627654e-01, 1.88295625e+05])].
2020-01-03 15:35:37,662 - INFO - Beginning optimization with guess, [9.90000000e-01 1.19481790e-01 1.72911808e+04].
2020-01-03 15:36:28,966 - INFO - Finished optimization, results are [-43.05178300082571 array([2.14640212e-01, 2.56997608e-01, 2.67322132e+04])].
2020-01-03 15:36:28,967 - INFO - Beginning optimization with guess, [9.90000000e-01 7.23093154e-02 3.81969125e+04].
2020-01-03 15:36:47,528 - INFO - Finished optimization, results are [-7430.183934813486 array([1.12632044e-01, 7.63664652e-01, 4.95998792e+04])].
2020-01-03 15:36:47,529 - INFO - Beginning optimization with guess, [6.87703792e-01 6.16173152e-02 3.77201615e+04].
2020-01-03 15:37:52,719 - INFO - Finished optimization, results are [-42.32060841764178 array([1.65732017e-01, 1.58794276e-01, 4.19921127e+05])].
2020-01-03 15:37:52,721 - INFO - Beginning optimization with guess, [9.90000000e-01 8.82088165e-02 1.95215102e+04].
2020-01-03 15:38:39,627 - INFO - Finished optimization, results are [-42.87898566808599 array([2.21142463e-01, 2.53033993e-01, 4.11339747e+04])].
2020-01-03 15:38:39,628 - INFO - Beginning optimization with guess, [9.90000000e-01 8.25365059e-02 1.29375708e+04].
2020-01-03 15:38:59,547 - INFO - Finished optimization, results are [-7386.304751837841 array([1.12684641e-01, 8.73055680e-01, 1.74152566e+04])].
2020-01-03 15:38:59,549 - INFO - Beginning optimization with guess, [6.61566238e-01 1.65244283e-01 4.70263676e+04].
2020-01-03 15:39:17,222 - INFO - Finished optimization, results are [-72.30563779490058 array([2.93824478e-01, 8.89276250e-01, 1.74493042e+04])].
2020-01-03 15:39:17,223 - INFO - Beginning optimization with guess, [9.90000000e-01 7.00368719e-02 3.02786057e+04].
2020-01-03 15:39:38,380 - INFO - Finished optimization, results are [-7328.759490765178 array([1.11969884e-01, 6.84043485e-01, 3.92344434e+04])].
2020-01-03 15:39:38,381 - INFO - Beginning optimization with guess, [9.90000000e-01 1.76945405e-01 2.20759522e+04].
2020-01-03 15:39:57,735 - INFO - Finished optimization, results are [-116.41808751752887 array([2.76764550e-01, 7.04274354e-01, 2.60637099e+04])].
2020-01-03 15:39:57,736 - INFO - Beginning optimization with guess, [5.42236245e-01 5.48956146e-02 1.75126909e+04].
2020-01-03 15:40:26,952 - INFO - Finished optimization, results are [-42.18190784296894 array([1.35544985e-01, 1.37651745e-01, 6.92609831e+05])].
2020-01-03 15:40:26,953 - INFO - Beginning optimization with guess, [9.90000000e-01 1.12740465e-01 2.75669743e+04].
2020-01-03 15:40:45,825 - INFO - Finished optimization, results are [-2742.079010028976 array([1.72774066e-01, 9.48434760e-01, 3.52712683e+04])].
2020-01-03 15:40:45,826 - INFO - Beginning optimization with guess, [9.90000000e-01 8.96671305e-02 3.52492572e+04].
2020-01-03 15:41:41,142 - INFO - Finished optimization, results are [-42.81831699198392 array([2.18093733e-01, 2.46357491e-01, 4.57712109e+04])].
2020-01-03 15:41:41,143 - INFO - Beginning optimization with guess, [5.49753572e-01 1.62467741e-01 2.75362768e+04].
2020-01-03 15:43:23,359 - INFO - Finished optimization, results are [-42.23570100559846 array([1.47570899e-01, 1.46054393e-01, 5.36232711e+05])].
2020-01-03 15:43:23,360 - INFO - Beginning optimization with guess, [9.90000000e-01 5.61658079e-02 1.80253812e+04].
2020-01-03 15:43:59,445 - INFO - Finished optimization, results are [-556.3014495487214 array([1.48232390e-01, 1.95739769e-01, 4.25739205e+05])].
2020-01-03 15:43:59,446 - INFO - Beginning optimization with guess, [9.90000000e-01 4.51047032e-02 4.03515905e+04].
2020-01-03 15:44:27,800 - INFO - Finished optimization, results are [-42.240707001805276 array([1.45692364e-01, 1.41335201e-01, 7.34885205e+05])].
2020-01-03 15:44:27,802 - INFO - Beginning optimization with guess, [7.54032209e-01 1.62187164e-01 3.14188747e+04].
2020-01-03 15:44:49,295 - INFO - Finished optimization, results are [-173.74884751817171 array([2.70157282e-01, 9.89290000e-01, 1.70506603e+04])].
2020-01-03 15:44:49,296 - INFO - Beginning optimization with guess, [5.52140863e-01 6.89513728e-02 2.20467551e+04].
2020-01-03 15:45:29,914 - INFO - Finished optimization, results are [-43.067442896463945 array([2.30817524e-01, 2.84089824e-01, 2.43816855e+04])].
2020-01-03 15:45:29,915 - INFO - Beginning optimization with guess, [9.90000000e-01 1.31451176e-01 1.31384448e+04].
2020-01-03 15:45:50,379 - INFO - Finished optimization, results are [-1309.1745486381224 array([2.05321302e-01, 7.58208637e-01, 1.64104636e+04])].
2020-01-03 15:45:50,380 - INFO - Beginning optimization with guess, [9.90000000e-01 1.61418092e-01 2.72914306e+04].
2020-01-03 15:46:44,572 - INFO - Finished optimization, results are [-42.45474897264921 array([1.72934484e-01, 1.77311799e-01, 1.65219378e+05])].
2020-01-03 15:46:44,573 - INFO - Beginning optimization with guess, [5.90146490e-01 6.28623900e-02 2.35574021e+04].
2020-01-03 15:47:15,515 - INFO - Finished optimization, results are [-42.32821680281177 array([1.63945058e-01, 1.58469208e-01, 3.94687493e+05])].
2020-01-03 15:47:15,515 - INFO - Beginning optimization with guess, [9.90000000e-01 1.65866704e-01 1.53088273e+04].
2020-01-03 15:48:33,905 - INFO - Finished optimization, results are [-42.27423778339835 array([1.51999666e-01, 1.54428314e-01, 3.37899986e+05])].
2020-01-03 15:48:33,906 - INFO - Beginning optimization with guess, [6.35913605e-01 4.57071595e-02 1.55552115e+04].
2020-01-03 15:48:53,893 - INFO - Finished optimization, results are [-42.58623416937189 array([1.03282092e-01, 1.24927757e-01, 7.07780405e+05])].
2020-01-03 15:48:53,897 - INFO - Beginning optimization with guess, [5.49804983e-01 5.66472030e-02 1.37128267e+04].
2020-01-03 15:49:14,617 - INFO - Finished optimization, results are [-42.20429237920416 array([1.34482476e-01, 1.36981963e-01, 7.01849122e+05])].
2020-01-03 15:49:14,618 - INFO - Beginning optimization with guess, [9.90000000e-01 6.72117626e-02 1.93617513e+04].
2020-01-03 15:49:36,282 - INFO - Finished optimization, results are [-6907.543824048752 array([1.10973492e-01, 5.87746149e-01, 2.50988993e+04])].
2020-01-03 15:49:36,284 - INFO - Beginning optimization with guess, [9.90000000e-01 1.71487904e-01 5.07448842e+04].
2020-01-03 15:49:56,704 - INFO - Finished optimization, results are [-79.78616403625529 array([2.88245565e-01, 9.55228812e-01, 9.40998293e+03])].
2020-01-03 15:49:56,705 - INFO - Beginning optimization with guess, [8.48888244e-01 1.60624085e-01 3.10098145e+04].
2020-01-03 15:50:21,526 - INFO - Finished optimization, results are [-79.04753805921155 array([2.76246992e-01, 9.80645599e-01, 1.13912645e+03])].
2020-01-03 15:50:21,527 - INFO - Beginning optimization with guess, [5.97345833e-01 1.07625723e-01 3.34421542e+04].
2020-01-03 15:51:34,291 - INFO - Finished optimization, results are [-42.55937430578251 array([1.78992421e-01, 1.67958191e-01, 3.77538456e+05])].
2020-01-03 15:51:34,293 - INFO - Beginning optimization with guess, [9.90000000e-01 6.76241817e-02 2.86770012e+04].
2020-01-03 15:51:56,184 - INFO - Finished optimization, results are [-7194.241416941617 array([1.11519167e-01, 6.27972127e-01, 3.70009064e+04])].
2020-01-03 15:51:56,186 - INFO - Beginning optimization with guess, [9.90000000e-01 6.87054137e-02 1.44993101e+04].
2020-01-03 15:52:19,110 - INFO - Finished optimization, results are [-6800.534136457746 array([1.10838888e-01, 5.91611532e-01, 1.89344570e+04])].
2020-01-03 15:52:19,112 - INFO - Beginning optimization with guess, [5.65608117e-01 1.12348469e-01 1.68990053e+04].
2020-01-03 15:53:45,461 - INFO - Finished optimization, results are [-42.38043847199788 array([1.55279250e-01, 1.45418494e-01, 7.53342625e+05])].
2020-01-03 15:53:45,462 - INFO - Beginning optimization with guess, [9.90000000e-01 6.96341207e-02 3.04464624e+04].
2020-01-03 15:54:08,085 - INFO - Finished optimization, results are [-7315.908543933937 array([1.11912844e-01, 6.75742471e-01, 3.94160868e+04])].
2020-01-03 15:54:08,086 - INFO - Beginning optimization with guess, [9.90000000e-01 1.39712989e-01 1.64239830e+04].
2020-01-03 15:54:30,342 - INFO - Finished optimization, results are [-1285.450970478436 array([2.08351323e-01, 9.37972103e-01, 2.07842164e+04])].
2020-01-03 15:54:30,343 - INFO - Beginning optimization with guess, [9.90000000e-01 8.25923343e-02 3.39788099e+04].
2020-01-03 15:55:24,403 - INFO - Finished optimization, results are [-42.863182219279224 array([2.20581744e-01, 2.52509873e-01, 4.10092461e+04])].
2020-01-03 15:55:24,404 - INFO - Beginning optimization with guess, [5.73784536e-01 6.61510158e-02 4.20909210e+04].
2020-01-03 15:55:56,543 - INFO - Finished optimization, results are [-42.89390906307926 array([2.22252140e-01, 2.56923291e-01, 3.79954871e+04])].
2020-01-03 15:55:56,543 - INFO - Beginning optimization with guess, [9.90000000e-01 6.83624601e-02 1.29563856e+04].
2020-01-03 15:56:18,880 - INFO - Finished optimization, results are [-6655.506900836775 array([1.10648060e-01, 5.76900543e-01, 1.69395109e+04])].
2020-01-03 15:56:18,882 - INFO - Beginning optimization with guess, [9.90000000e-01 6.03337047e-02 1.57521840e+04].
2020-01-03 15:57:05,348 - INFO - Finished optimization, results are [-42.356800866718004 array([1.68690275e-01, 1.62650125e-01, 3.56430778e+05])].
2020-01-03 15:57:05,349 - INFO - Beginning optimization with guess, [8.38811654e-01 1.21119378e-01 3.85811931e+04].
2020-01-03 15:57:24,859 - INFO - Finished optimization, results are [-1331.6426697286215 array([2.06879232e-01, 8.11070116e-01, 4.77131704e+04])].
2020-01-03 15:57:24,860 - INFO - Beginning optimization with guess, [7.33112850e-01 4.68327233e-02 2.69879142e+04].
2020-01-03 15:57:38,960 - INFO - Finished optimization, results are [-42.12431658451169 array([1.25140328e-01, 1.32663840e-01, 7.55408761e+05])].
2020-01-03 15:57:38,961 - INFO - Beginning optimization with guess, [9.90000000e-01 4.55711387e-02 4.58007572e+04].
2020-01-03 15:58:33,700 - INFO - Finished optimization, results are [-42.30990252738775 array([1.55430110e-01, 1.45856238e-01, 7.57764720e+05])].
2020-01-03 15:58:33,701 - INFO - Beginning optimization with guess, [8.76736955e-01 1.21656604e-01 3.33882204e+04].
2020-01-03 15:58:54,797 - INFO - Finished optimization, results are [-1346.4879844108655 array([2.05808956e-01, 7.60645577e-01, 4.11100729e+04])].
2020-01-03 15:58:54,798 - INFO - Beginning optimization with guess, [9.90000000e-01 4.69181516e-02 1.65540796e+04].
2020-01-03 15:59:11,568 - INFO - Finished optimization, results are [-42.1547749792162 array([1.36439893e-01, 1.37198038e-01, 7.50625014e+05])].
2020-01-03 15:59:11,569 - INFO - Beginning optimization with guess, [9.90000000e-01 7.55238557e-02 2.55715697e+04].
2020-01-03 15:59:31,564 - INFO - Finished optimization, results are [-7413.310423898428 array([1.12608565e-01, 7.94149275e-01, 3.35965270e+04])].
2020-01-03 15:59:31,565 - INFO - Beginning optimization with guess, [9.90000000e-01 1.45911978e-01 3.66371092e+04].
2020-01-03 16:00:46,257 - INFO - Finished optimization, results are [-42.62571845271668 array([1.98789934e-01, 2.13546819e-01, 7.29005256e+04])].
2020-01-03 16:00:46,258 - INFO - Beginning optimization with guess, [7.08094265e-01 6.60764265e-02 2.23145397e+04].
2020-01-03 16:01:15,868 - INFO - Finished optimization, results are [-42.366875389830966 array([1.65619814e-01, 1.57472850e-01, 4.53335005e+05])].
2020-01-03 16:01:15,870 - INFO - Beginning optimization with guess, [9.90000000e-01 1.17380011e-01 3.52846773e+04].
2020-01-03 16:01:35,977 - INFO - Finished optimization, results are [-1301.1345237386286 array([2.06091010e-01, 6.76645156e-01, 4.29794359e+04])].
2020-01-03 16:01:35,978 - INFO - Beginning optimization with guess, [8.38898372e-01 5.10306372e-02 2.61493623e+04].
2020-01-03 16:02:02,569 - INFO - Finished optimization, results are [-128.25693442528336 array([1.39660597e-01, 1.65359614e-01, 3.28559999e+05])].
2020-01-03 16:02:02,570 - INFO - Beginning optimization with guess, [9.90000000e-01 6.93279909e-02 4.62240034e+04].
2020-01-03 16:02:21,370 - INFO - Finished optimization, results are [-7414.754279648438 array([1.12386445e-01, 7.11601293e-01, 5.95102125e+04])].
2020-01-03 16:02:21,371 - INFO - Beginning optimization with guess, [6.05648990e-01 1.30257426e-01 1.82419296e+04].
2020-01-03 16:02:48,863 - INFO - Finished optimization, results are [-88.91443943278227 array([2.80821685e-01, 8.75396967e-01, 4.78531937e+03])].
2020-01-03 16:02:48,864 - INFO - Beginning optimization with guess, [9.90000000e-01 1.04733827e-01 1.85730423e+04].
2020-01-03 16:03:10,011 - INFO - Finished optimization, results are [-2683.3071913202784 array([1.70982998e-01, 7.06706219e-01, 2.34012036e+04])].
2020-01-03 16:03:10,013 - INFO - Beginning optimization with guess, [8.07782068e-01 7.17307651e-02 1.40620965e+04].
2020-01-03 16:03:31,598 - INFO - Finished optimization, results are [-7180.314750629547 array([1.06878822e-01, 5.87301041e-01, 1.82685045e+04])].
2020-01-03 16:03:31,599 - INFO - Beginning optimization with guess, [6.58245079e-01 7.74239527e-02 5.13984666e+04].
2020-01-03 16:04:08,589 - INFO - Finished optimization, results are [-43.49662249672565 array([2.43490731e-01, 3.21013226e-01, 1.72735493e+04])].
2020-01-03 16:04:08,591 - INFO - Beginning optimization with guess, [5.08635897e-01 6.73685108e-02 1.46973930e+04].
2020-01-03 16:04:48,996 - INFO - Finished optimization, results are [-43.22336322695355 array([2.36000817e-01, 2.97049167e-01, 2.19801387e+04])].
2020-01-03 16:04:48,997 - INFO - Beginning optimization with guess, [7.42506434e-01 7.31686642e-02 1.57808882e+04].
2020-01-03 16:05:54,746 - INFO - Finished optimization, results are [-42.386087179104834 array([1.74359876e-01, 1.69537228e-01, 2.83452075e+05])].
2020-01-03 16:05:54,748 - INFO - Beginning optimization with guess, [9.90000000e-01 5.50570751e-02 2.15570955e+04].
2020-01-03 16:06:31,367 - INFO - Finished optimization, results are [-568.5085037948847 array([1.48753734e-01, 1.98753683e-01, 3.82779718e+05])].
2020-01-03 16:06:31,368 - INFO - Beginning optimization with guess, [9.90000000e-01 5.51292090e-02 3.59451998e+04].
2020-01-03 16:07:19,398 - INFO - Finished optimization, results are [-42.52314644663056 array([1.70704396e-01, 1.56618010e-01, 6.12406747e+05])].
2020-01-03 16:07:19,399 - INFO - Beginning optimization with guess, [7.23793125e-01 7.81081726e-02 1.61568049e+04].
2020-01-03 16:08:06,076 - INFO - Finished optimization, results are [-42.46758488242267 array([1.83940703e-01, 1.80018895e-01, 2.20154561e+05])].
2020-01-03 16:08:06,078 - INFO - Beginning optimization with guess, [9.90000000e-01 1.40063000e-01 2.11305413e+04].
2020-01-03 16:09:42,775 - INFO - Finished optimization, results are [-42.43580036886124 array([1.58737214e-01, 1.46835123e-01, 7.72067641e+05])].
2020-01-03 16:09:42,776 - INFO - Beginning optimization with guess, [9.90000000e-01 5.34421097e-02 3.48953633e+04].
2020-01-03 16:10:18,215 - INFO - Finished optimization, results are [-191.0249777048757 array([1.59547167e-01, 1.84997767e-01, 3.18190710e+05])].
2020-01-03 16:10:18,216 - INFO - Beginning optimization with guess, [5.15761735e-01 1.24107866e-01 2.25229450e+04].
2020-01-03 16:11:22,674 - INFO - Finished optimization, results are [-42.34718812089159 array([1.66189529e-01, 1.63539368e-01, 3.02305515e+05])].
2020-01-03 16:11:22,675 - INFO - Beginning optimization with guess, [5.21759698e-01 6.27010823e-02 1.51752040e+04].
2020-01-03 16:12:13,600 - INFO - Finished optimization, results are [-42.3399389244878 array([1.60718931e-01, 1.51856925e-01, 5.68855095e+05])].
2020-01-03 16:12:13,601 - INFO - Beginning optimization with guess, [9.90000000e-01 4.78245100e-02 4.80092502e+04].
2020-01-03 16:12:15,616 - INFO - Finished optimization, results are [-24010.0019754233 array([9.90000000e-01, 4.78245100e-02, 4.80092502e+04])].
2020-01-03 16:12:15,616 - INFO - Beginning optimization with guess, [9.90000000e-01 9.08370178e-02 1.82574052e+04].
2020-01-03 16:12:17,634 - INFO - Finished optimization, results are [-23926.8634767377 array([9.90000000e-01, 9.08370178e-02, 1.82574052e+04])].
2020-01-03 16:12:17,634 - INFO - Beginning optimization with guess, [9.90000000e-01 5.88191076e-02 4.08661995e+04].
2020-01-03 16:12:19,652 - INFO - Finished optimization, results are [-23982.460951551366 array([9.90000000e-01, 5.88191076e-02, 4.08661995e+04])].
2020-01-03 16:12:19,654 - INFO - Beginning optimization with guess, [9.90000000e-01 5.16589639e-02 3.85079112e+04].
2020-01-03 16:12:21,670 - INFO - Finished optimization, results are [-24002.552227331216 array([9.90000000e-01, 5.16589639e-02, 3.85079112e+04])].
2020-01-03 16:12:21,670 - INFO - Beginning optimization with guess, [9.90000000e-01 4.63708011e-02 3.81499685e+04].
2020-01-03 16:12:23,683 - INFO - Finished optimization, results are [-24017.62443343912 array([9.90000000e-01, 4.63708011e-02, 3.81499685e+04])].
2020-01-03 16:12:23,683 - INFO - Finished DFE inference.
2020-01-03 16:12:23,684 - INFO - Integrating expected site-frequency spectrum.
2020-01-03 16:12:23,965 - INFO - Outputing results.
2020-01-03 16:12:23,970 - INFO - Pipeline executed succesfully.
