2019-07-25 10:57:16,907 - INFO - Beginning execution of fitdadi_infer_DFE.py in directory /u/home/j/jonmah/lohmueller_lab/Scripts

2019-07-25 10:57:16,908 - INFO - Progress is being logged to ../Data/AW_1760_PG_2000/seed_1_fitdadi_output/log.log

2019-07-25 10:57:16,908 - INFO - Parsed the following arguments:
	breed = AW
	outprefix = ../Data/AW_1760_PG_2000/seed_1_fitdadi_output/
	nonsyn_input_sfs = ../Data/AW_1760_PG_2000/seed_1_easySFS_output_nonsyn/dadi/pop1.sfs
	syn_input_sfs = ../Data/AW_1760_PG_2000/seed_1_easySFS_output_syn/dadi/pop1.sfs

2019-07-25 10:57:16,910 - INFO - Beginning optimization with guess, [0.7191177  0.05771135].
2019-07-25 10:57:17,460 - INFO - Finished optimization with guess, [0.7191177  0.05771135].
2019-07-25 10:57:17,460 - INFO - Best fit parameters: [1.00000000e-04 4.14950732e-06].
2019-07-25 10:57:17,470 - INFO - Maximum log composite likelihood: -17.2448243214.
2019-07-25 10:57:17,470 - INFO - Optimal value of theta: 4.59793258655.
2019-07-25 10:57:17,470 - INFO - Beginning optimization with guess, [1.01000000e-04 4.89058645e-06].
2019-07-25 10:57:17,909 - INFO - Finished optimization with guess, [1.01000000e-04 4.89058645e-06].
2019-07-25 10:57:17,909 - INFO - Best fit parameters: [1.08929879e-04 4.52211359e-06].
2019-07-25 10:57:17,919 - INFO - Maximum log composite likelihood: -17.2448271088.
2019-07-25 10:57:17,919 - INFO - Optimal value of theta: 4.59816081502.
2019-07-25 10:57:17,920 - INFO - Beginning optimization with guess, [1.58827362e-04 3.96620283e-06].
2019-07-25 10:57:18,214 - INFO - Finished optimization with guess, [1.58827362e-04 3.96620283e-06].
2019-07-25 10:57:18,215 - INFO - Best fit parameters: [1.22896094e-04 5.10082203e-06].
2019-07-25 10:57:18,224 - INFO - Maximum log composite likelihood: -17.2448316802.
2019-07-25 10:57:18,225 - INFO - Optimal value of theta: 4.59804279865.
2019-07-25 10:57:18,225 - INFO - Beginning optimization with guess, [1.0100000e-04 3.8548752e-06].
2019-07-25 10:57:18,403 - INFO - Finished optimization with guess, [1.0100000e-04 3.8548752e-06].
2019-07-25 10:57:18,403 - INFO - Best fit parameters: [1.00000000e-04 4.14952294e-06].
2019-07-25 10:57:18,413 - INFO - Maximum log composite likelihood: -17.2448243197.
2019-07-25 10:57:18,413 - INFO - Optimal value of theta: 4.59793451807.
2019-07-25 10:57:18,413 - INFO - Beginning optimization with guess, [1.50694623e-04 3.03639946e-06].
2019-07-25 10:57:20,004 - INFO - Finished optimization with guess, [1.50694623e-04 3.03639946e-06].
2019-07-25 10:57:20,005 - INFO - Best fit parameters: [1.00000000e-04 4.15057638e-06].
2019-07-25 10:57:20,016 - INFO - Maximum log composite likelihood: -17.2448242323.
2019-07-25 10:57:20,016 - INFO - Optimal value of theta: 4.59806479712.
2019-07-25 10:57:20,016 - INFO - Beginning optimization with guess, [1.19816716e-04 7.20459402e-06].
2019-07-25 10:57:20,742 - INFO - Finished optimization with guess, [1.19816716e-04 7.20459402e-06].
2019-07-25 10:57:20,742 - INFO - Best fit parameters: [1.43156679e-04 5.93973605e-06].
2019-07-25 10:57:20,752 - INFO - Maximum log composite likelihood: -17.2448384063.
2019-07-25 10:57:20,752 - INFO - Optimal value of theta: 4.59785675113.
2019-07-25 10:57:20,752 - INFO - Beginning optimization with guess, [1.41844316e-04 2.94452255e-06].
2019-07-25 10:57:21,215 - INFO - Finished optimization with guess, [1.41844316e-04 2.94452255e-06].
2019-07-25 10:57:21,215 - INFO - Best fit parameters: [1.02049772e-04 4.23629537e-06].
2019-07-25 10:57:21,225 - INFO - Maximum log composite likelihood: -17.2448248752.
2019-07-25 10:57:21,225 - INFO - Optimal value of theta: 4.59814124327.
2019-07-25 10:57:21,225 - INFO - Beginning optimization with guess, [1.35237211e-04 5.65691733e-06].
2019-07-25 10:57:21,659 - INFO - Finished optimization with guess, [1.35237211e-04 5.65691733e-06].
2019-07-25 10:57:21,659 - INFO - Best fit parameters: [1.00000000e-04 4.15152105e-06].
2019-07-25 10:57:21,669 - INFO - Maximum log composite likelihood: -17.2448242051.
2019-07-25 10:57:21,669 - INFO - Optimal value of theta: 4.59818161046.
2019-07-25 10:57:21,669 - INFO - Beginning optimization with guess, [1.55711282e-04 5.25725470e-06].
2019-07-25 10:57:22,583 - INFO - Finished optimization with guess, [1.55711282e-04 5.25725470e-06].
2019-07-25 10:57:22,584 - INFO - Best fit parameters: [1.0000000e-04 4.1494908e-06].
2019-07-25 10:57:22,593 - INFO - Maximum log composite likelihood: -17.2448243233.
2019-07-25 10:57:22,593 - INFO - Optimal value of theta: 4.59793054304.
2019-07-25 10:57:22,594 - INFO - Beginning optimization with guess, [1.01000000e-04 2.68586804e-06].
2019-07-25 10:57:22,849 - INFO - Finished optimization with guess, [1.01000000e-04 2.68586804e-06].
2019-07-25 10:57:22,849 - INFO - Best fit parameters: [1.00000000e-04 4.15096142e-06].
2019-07-25 10:57:22,859 - INFO - Maximum log composite likelihood: -17.2448242154.
2019-07-25 10:57:22,859 - INFO - Optimal value of theta: 4.59811241116.
2019-07-25 10:57:22,859 - INFO - Beginning optimization with guess, [1.01000000e-04 5.89662588e-06].
2019-07-25 10:57:23,143 - INFO - Finished optimization with guess, [1.01000000e-04 5.89662588e-06].
2019-07-25 10:57:23,143 - INFO - Best fit parameters: [1.19424564e-04 4.95753954e-06].
2019-07-25 10:57:23,152 - INFO - Maximum log composite likelihood: -17.2448305239.
2019-07-25 10:57:23,153 - INFO - Optimal value of theta: 4.5981282406.
2019-07-25 10:57:23,153 - INFO - Beginning optimization with guess, [1.41231151e-04 2.43637065e-06].
2019-07-25 10:57:23,549 - INFO - Finished optimization with guess, [1.41231151e-04 2.43637065e-06].
2019-07-25 10:57:23,549 - INFO - Best fit parameters: [1.04057049e-04 4.31927017e-06].
2019-07-25 10:57:23,558 - INFO - Maximum log composite likelihood: -17.2448255378.
2019-07-25 10:57:23,559 - INFO - Optimal value of theta: 4.5980982177.
2019-07-25 10:57:23,559 - INFO - Beginning optimization with guess, [1.24225289e-04 5.87540431e-06].
2019-07-25 10:57:23,786 - INFO - Finished optimization with guess, [1.24225289e-04 5.87540431e-06].
2019-07-25 10:57:23,786 - INFO - Best fit parameters: [1.32374789e-04 5.49470565e-06].
2019-07-25 10:57:23,795 - INFO - Maximum log composite likelihood: -17.2448347444.
2019-07-25 10:57:23,796 - INFO - Optimal value of theta: 4.59808057742.
2019-07-25 10:57:23,796 - INFO - Beginning optimization with guess, [1.03386154e-04 4.95607367e-06].
2019-07-25 10:57:24,192 - INFO - Finished optimization with guess, [1.03386154e-04 4.95607367e-06].
2019-07-25 10:57:24,192 - INFO - Best fit parameters: [1.10919555e-04 4.60441518e-06].
2019-07-25 10:57:24,202 - INFO - Maximum log composite likelihood: -17.2448277604.
2019-07-25 10:57:24,202 - INFO - Optimal value of theta: 4.59812635158.
2019-07-25 10:57:24,202 - INFO - Beginning optimization with guess, [1.08379050e-04 4.25821951e-06].
2019-07-25 10:57:24,712 - INFO - Finished optimization with guess, [1.08379050e-04 4.25821951e-06].
2019-07-25 10:57:24,712 - INFO - Best fit parameters: [1.05300413e-04 4.37146163e-06].
2019-07-25 10:57:24,721 - INFO - Maximum log composite likelihood: -17.2448259287.
2019-07-25 10:57:24,722 - INFO - Optimal value of theta: 4.59816565853.
2019-07-25 10:57:24,722 - INFO - Beginning optimization with guess, [1.01000000e-04 7.96183777e-06].
2019-07-25 10:57:24,949 - INFO - Finished optimization with guess, [1.01000000e-04 7.96183777e-06].
2019-07-25 10:57:24,949 - INFO - Best fit parameters: [1.38819642e-04 5.76333808e-06].
2019-07-25 10:57:24,958 - INFO - Maximum log composite likelihood: -17.244836824.
2019-07-25 10:57:24,958 - INFO - Optimal value of theta: 4.59817579393.
2019-07-25 10:57:24,959 - INFO - Beginning optimization with guess, [1.0100000e-04 8.1610062e-06].
2019-07-25 10:57:25,553 - INFO - Finished optimization with guess, [1.0100000e-04 8.1610062e-06].
2019-07-25 10:57:25,553 - INFO - Best fit parameters: [1.00000000e-04 4.14948954e-06].
2019-07-25 10:57:25,563 - INFO - Maximum log composite likelihood: -17.2448243235.
2019-07-25 10:57:25,563 - INFO - Optimal value of theta: 4.59793038739.
2019-07-25 10:57:25,563 - INFO - Beginning optimization with guess, [1.19558893e-04 5.94355244e-06].
2019-07-25 10:57:26,073 - INFO - Finished optimization with guess, [1.19558893e-04 5.94355244e-06].
2019-07-25 10:57:26,074 - INFO - Best fit parameters: [1.30569851e-04 5.41997042e-06].
2019-07-25 10:57:26,084 - INFO - Maximum log composite likelihood: -17.2448341523.
2019-07-25 10:57:26,084 - INFO - Optimal value of theta: 4.59809928296.
2019-07-25 10:57:26,084 - INFO - Beginning optimization with guess, [1.01000000e-04 3.41969112e-06].
2019-07-25 10:57:27,355 - INFO - Finished optimization with guess, [1.01000000e-04 3.41969112e-06].
2019-07-25 10:57:27,356 - INFO - Best fit parameters: [1.00000000e-04 4.15067282e-06].
2019-07-25 10:57:27,365 - INFO - Maximum log composite likelihood: -17.2448242273.
2019-07-25 10:57:27,365 - INFO - Optimal value of theta: 4.59807672354.
2019-07-25 10:57:27,366 - INFO - Beginning optimization with guess, [1.60845938e-04 2.82618351e-06].
2019-07-25 10:57:27,734 - INFO - Finished optimization with guess, [1.60845938e-04 2.82618351e-06].
2019-07-25 10:57:27,734 - INFO - Best fit parameters: [1.12693737e-04 4.68031850e-06].
2019-07-25 10:57:27,743 - INFO - Maximum log composite likelihood: -17.2448283946.
2019-07-25 10:57:27,744 - INFO - Optimal value of theta: 4.59837259462.
2019-07-25 10:57:27,744 - INFO - Beginning optimization with guess, [1.11484958e-04 4.75683135e-06].
2019-07-25 10:57:28,027 - INFO - Finished optimization with guess, [1.11484958e-04 4.75683135e-06].
2019-07-25 10:57:28,027 - INFO - Best fit parameters: [1.12921444e-04 4.68770134e-06].
2019-07-25 10:57:28,037 - INFO - Maximum log composite likelihood: -17.2448284078.
2019-07-25 10:57:28,037 - INFO - Optimal value of theta: 4.59814535482.
2019-07-25 10:57:28,037 - INFO - Beginning optimization with guess, [1.01000000e-04 2.65802968e-06].
2019-07-25 10:57:28,320 - INFO - Finished optimization with guess, [1.01000000e-04 2.65802968e-06].
2019-07-25 10:57:28,320 - INFO - Best fit parameters: [1.01566178e-04 4.21629295e-06].
2019-07-25 10:57:28,329 - INFO - Maximum log composite likelihood: -17.2448247166.
2019-07-25 10:57:28,329 - INFO - Optimal value of theta: 4.59815038648.
2019-07-25 10:57:28,330 - INFO - Beginning optimization with guess, [1.01000000e-04 7.15691258e-06].
2019-07-25 10:57:28,557 - INFO - Finished optimization with guess, [1.01000000e-04 7.15691258e-06].
2019-07-25 10:57:28,557 - INFO - Best fit parameters: [1.31624950e-04 5.46403756e-06].
2019-07-25 10:57:28,567 - INFO - Maximum log composite likelihood: -17.2448344897.
2019-07-25 10:57:28,567 - INFO - Optimal value of theta: 4.59812396304.
2019-07-25 10:57:28,567 - INFO - Beginning optimization with guess, [1.35535478e-04 2.11522886e-06].
2019-07-25 10:57:29,165 - INFO - Finished optimization with guess, [1.35535478e-04 2.11522886e-06].
2019-07-25 10:57:29,165 - INFO - Best fit parameters: [1.00000000e-04 4.14942185e-06].
2019-07-25 10:57:29,175 - INFO - Maximum log composite likelihood: -17.2448243312.
2019-07-25 10:57:29,175 - INFO - Optimal value of theta: 4.5979220153.
2019-07-25 10:57:29,175 - INFO - Beginning optimization with guess, [1.50659838e-04 2.35275829e-06].
2019-07-25 10:57:29,859 - INFO - Finished optimization with guess, [1.50659838e-04 2.35275829e-06].
2019-07-25 10:57:29,859 - INFO - Best fit parameters: [1.14868946e-04 4.77262232e-06].
2019-07-25 10:57:29,868 - INFO - Maximum log composite likelihood: -17.2448293215.
2019-07-25 10:57:29,868 - INFO - Optimal value of theta: 4.59858261124.
2019-07-25 10:57:29,869 - INFO - Beginning optimization with guess, [1.01000000e-04 3.77234935e-06].
2019-07-25 10:57:30,349 - INFO - Finished optimization with guess, [1.01000000e-04 3.77234935e-06].
2019-07-25 10:57:30,349 - INFO - Best fit parameters: [1.00000000e-04 4.15014774e-06].
2019-07-25 10:57:30,359 - INFO - Maximum log composite likelihood: -17.2448242606.
2019-07-25 10:57:30,359 - INFO - Optimal value of theta: 4.59801178965.
2019-07-25 10:57:30,359 - INFO - Beginning optimization with guess, [1.11739814e-04 2.30110396e-06].
2019-07-25 10:57:30,585 - INFO - Finished optimization with guess, [1.11739814e-04 2.30110396e-06].
2019-07-25 10:57:30,585 - INFO - Best fit parameters: [1.00000000e-04 4.15182448e-06].
2019-07-25 10:57:30,595 - INFO - Maximum log composite likelihood: -17.2448242065.
2019-07-25 10:57:30,595 - INFO - Optimal value of theta: 4.5982191285.
2019-07-25 10:57:30,595 - INFO - Beginning optimization with guess, [1.01000000e-04 3.35177295e-06].
2019-07-25 10:57:31,890 - INFO - Finished optimization with guess, [1.01000000e-04 3.35177295e-06].
2019-07-25 10:57:31,890 - INFO - Best fit parameters: [1.00000000e-04 4.15030777e-06].
2019-07-25 10:57:31,900 - INFO - Maximum log composite likelihood: -17.2448242489.
2019-07-25 10:57:31,900 - INFO - Optimal value of theta: 4.59803158007.
2019-07-25 10:57:31,901 - INFO - Beginning optimization with guess, [1.27678787e-04 2.81672830e-06].
2019-07-25 10:57:32,511 - INFO - Finished optimization with guess, [1.27678787e-04 2.81672830e-06].
2019-07-25 10:57:32,512 - INFO - Best fit parameters: [1.01592864e-04 4.21667390e-06].
2019-07-25 10:57:32,522 - INFO - Maximum log composite likelihood: -17.2448247511.
2019-07-25 10:57:32,522 - INFO - Optimal value of theta: 4.59806189825.
2019-07-25 10:57:32,523 - INFO - Beginning optimization with guess, [1.06468536e-04 4.04437129e-06].
2019-07-25 10:57:32,806 - INFO - Finished optimization with guess, [1.06468536e-04 4.04437129e-06].
2019-07-25 10:57:32,807 - INFO - Best fit parameters: [1.01735725e-04 4.22413870e-06].
2019-07-25 10:57:32,816 - INFO - Maximum log composite likelihood: -17.2448247755.
2019-07-25 10:57:32,816 - INFO - Optimal value of theta: 4.59824840597.
2019-07-25 10:57:32,816 - INFO - Beginning optimization with guess, [1.01000000e-04 2.54370044e-06].
2019-07-25 10:57:33,014 - INFO - Finished optimization with guess, [1.01000000e-04 2.54370044e-06].
2019-07-25 10:57:33,014 - INFO - Best fit parameters: [1.00000000e-04 4.14951891e-06].
2019-07-25 10:57:33,024 - INFO - Maximum log composite likelihood: -17.2448243201.
2019-07-25 10:57:33,024 - INFO - Optimal value of theta: 4.59793401914.
2019-07-25 10:57:33,024 - INFO - Beginning optimization with guess, [1.22945916e-04 4.12563090e-06].
2019-07-25 10:57:33,449 - INFO - Finished optimization with guess, [1.22945916e-04 4.12563090e-06].
2019-07-25 10:57:33,449 - INFO - Best fit parameters: [1.10265171e-04 4.57895967e-06].
2019-07-25 10:57:33,458 - INFO - Maximum log composite likelihood: -17.2448275735.
2019-07-25 10:57:33,459 - INFO - Optimal value of theta: 4.5983183778.
2019-07-25 10:57:33,459 - INFO - Beginning optimization with guess, [1.10453221e-04 6.12598738e-06].
2019-07-25 10:57:33,629 - INFO - Finished optimization with guess, [1.10453221e-04 6.12598738e-06].
2019-07-25 10:57:33,629 - INFO - Best fit parameters: [1.27467242e-04 5.29202361e-06].
2019-07-25 10:57:33,639 - INFO - Maximum log composite likelihood: -17.2448331337.
2019-07-25 10:57:33,639 - INFO - Optimal value of theta: 4.59818301314.
2019-07-25 10:57:33,639 - INFO - Beginning optimization with guess, [1.01000000e-04 2.14700815e-06].
2019-07-25 10:57:33,956 - INFO - Finished optimization with guess, [1.01000000e-04 2.14700815e-06].
2019-07-25 10:57:33,957 - INFO - Best fit parameters: [1.00000000e-04 4.15164954e-06].
2019-07-25 10:57:33,966 - INFO - Maximum log composite likelihood: -17.2448242051.
2019-07-25 10:57:33,967 - INFO - Optimal value of theta: 4.59819749799.
2019-07-25 10:57:33,967 - INFO - Beginning optimization with guess, [1.01000000e-04 2.61653653e-06].
2019-07-25 10:57:34,687 - INFO - Finished optimization with guess, [1.01000000e-04 2.61653653e-06].
2019-07-25 10:57:34,687 - INFO - Best fit parameters: [1.0000000e-04 4.1496909e-06].
2019-07-25 10:57:34,697 - INFO - Maximum log composite likelihood: -17.2448243017.
2019-07-25 10:57:34,697 - INFO - Optimal value of theta: 4.59795529055.
2019-07-25 10:57:34,698 - INFO - Beginning optimization with guess, [1.01000000e-04 6.13801443e-06].
2019-07-25 10:57:35,219 - INFO - Finished optimization with guess, [1.01000000e-04 6.13801443e-06].
2019-07-25 10:57:35,219 - INFO - Best fit parameters: [1.21794166e-04 5.05522936e-06].
2019-07-25 10:57:35,229 - INFO - Maximum log composite likelihood: -17.2448313154.
2019-07-25 10:57:35,229 - INFO - Optimal value of theta: 4.59805801858.
2019-07-25 10:57:35,229 - INFO - Beginning optimization with guess, [1.02480210e-04 3.38182704e-06].
2019-07-25 10:57:35,634 - INFO - Finished optimization with guess, [1.02480210e-04 3.38182704e-06].
2019-07-25 10:57:35,634 - INFO - Best fit parameters: [1.00000000e-04 4.14973383e-06].
2019-07-25 10:57:35,644 - INFO - Maximum log composite likelihood: -17.2448242974.
2019-07-25 10:57:35,644 - INFO - Optimal value of theta: 4.59796060045.
2019-07-25 10:57:35,644 - INFO - Beginning optimization with guess, [1.36062071e-04 5.80568765e-06].
2019-07-25 10:57:35,934 - INFO - Finished optimization with guess, [1.36062071e-04 5.80568765e-06].
2019-07-25 10:57:35,934 - INFO - Best fit parameters: [1.37815487e-04 5.72118201e-06].
2019-07-25 10:57:35,944 - INFO - Maximum log composite likelihood: -17.2448365.
2019-07-25 10:57:35,944 - INFO - Optimal value of theta: 4.59813454937.
2019-07-25 10:57:35,944 - INFO - Beginning optimization with guess, [1.71805060e-04 2.95020409e-06].
2019-07-25 10:57:37,043 - INFO - Finished optimization with guess, [1.71805060e-04 2.95020409e-06].
2019-07-25 10:57:37,043 - INFO - Best fit parameters: [1.16841131e-04 4.85424388e-06].
2019-07-25 10:57:37,053 - INFO - Maximum log composite likelihood: -17.2448299164.
2019-07-25 10:57:37,053 - INFO - Optimal value of theta: 4.59854755247.
2019-07-25 10:57:37,053 - INFO - Beginning optimization with guess, [1.53516231e-04 2.66583153e-06].
2019-07-25 10:57:37,255 - INFO - Finished optimization with guess, [1.53516231e-04 2.66583153e-06].
2019-07-25 10:57:37,255 - INFO - Best fit parameters: [1.09850646e-04 4.55965222e-06].
2019-07-25 10:57:37,265 - INFO - Maximum log composite likelihood: -17.2448274253.
2019-07-25 10:57:37,265 - INFO - Optimal value of theta: 4.59808299973.
2019-07-25 10:57:37,265 - INFO - Beginning optimization with guess, [1.68680997e-04 3.64681203e-06].
2019-07-25 10:57:38,074 - INFO - Finished optimization with guess, [1.68680997e-04 3.64681203e-06].
2019-07-25 10:57:38,075 - INFO - Best fit parameters: [1.21346647e-04 5.03477398e-06].
2019-07-25 10:57:38,085 - INFO - Maximum log composite likelihood: -17.2448313168.
2019-07-25 10:57:38,085 - INFO - Optimal value of theta: 4.59786665032.
2019-07-25 10:57:38,085 - INFO - Beginning optimization with guess, [1.69055799e-04 5.54081576e-06].
2019-07-25 10:57:38,547 - INFO - Finished optimization with guess, [1.69055799e-04 5.54081576e-06].
2019-07-25 10:57:38,547 - INFO - Best fit parameters: [1.49553127e-04 6.21099589e-06].
2019-07-25 10:57:38,557 - INFO - Maximum log composite likelihood: -17.2448403652.
2019-07-25 10:57:38,557 - INFO - Optimal value of theta: 4.59833749811.
2019-07-25 10:57:38,558 - INFO - Beginning optimization with guess, [1.01000000e-04 2.38291603e-06].
2019-07-25 10:57:38,788 - INFO - Finished optimization with guess, [1.01000000e-04 2.38291603e-06].
2019-07-25 10:57:38,788 - INFO - Best fit parameters: [1.00000000e-04 4.15194276e-06].
2019-07-25 10:57:38,798 - INFO - Maximum log composite likelihood: -17.2448242085.
2019-07-25 10:57:38,798 - INFO - Optimal value of theta: 4.59823375295.
2019-07-25 10:57:38,799 - INFO - Beginning optimization with guess, [1.03834718e-04 2.16284785e-06].
2019-07-25 10:57:39,116 - INFO - Finished optimization with guess, [1.03834718e-04 2.16284785e-06].
2019-07-25 10:57:39,116 - INFO - Best fit parameters: [1.0000000e-04 4.1517427e-06].
2019-07-25 10:57:39,125 - INFO - Maximum log composite likelihood: -17.2448242057.
2019-07-25 10:57:39,126 - INFO - Optimal value of theta: 4.59820901629.
2019-07-25 10:57:39,126 - INFO - Beginning optimization with guess, [1.52228447e-04 2.90045894e-06].
2019-07-25 10:57:39,679 - INFO - Finished optimization with guess, [1.52228447e-04 2.90045894e-06].
2019-07-25 10:57:39,679 - INFO - Best fit parameters: [1.00000000e-04 4.14948959e-06].
2019-07-25 10:57:39,688 - INFO - Maximum log composite likelihood: -17.2448243234.
2019-07-25 10:57:39,689 - INFO - Optimal value of theta: 4.59793039307.
2019-07-25 10:57:39,689 - INFO - Beginning optimization with guess, [1.010000e-04 7.373439e-06].
2019-07-25 10:57:39,950 - INFO - Finished optimization with guess, [1.010000e-04 7.373439e-06].
2019-07-25 10:57:39,950 - INFO - Best fit parameters: [1.33472745e-04 5.54339676e-06].
2019-07-25 10:57:39,960 - INFO - Maximum log composite likelihood: -17.2448351531.
2019-07-25 10:57:39,960 - INFO - Optimal value of theta: 4.59836855045.
2019-07-25 10:57:39,961 - INFO - Beginning optimization with guess, [1.19980277e-04 7.73601162e-06].
2019-07-25 10:57:40,958 - INFO - Finished optimization with guess, [1.19980277e-04 7.73601162e-06].
2019-07-25 10:57:40,958 - INFO - Best fit parameters: [1.47287156e-04 6.10823534e-06].
2019-07-25 10:57:40,967 - INFO - Maximum log composite likelihood: -17.2448401211.
2019-07-25 10:57:40,968 - INFO - Optimal value of theta: 4.59761235409.
2019-07-25 10:57:40,968 - INFO - Beginning optimization with guess, [1.01000000e-04 4.66832631e-06].
2019-07-25 10:57:41,223 - INFO - Finished optimization with guess, [1.01000000e-04 4.66832631e-06].
2019-07-25 10:57:41,223 - INFO - Best fit parameters: [1.06830930e-04 4.43570708e-06].
2019-07-25 10:57:41,232 - INFO - Maximum log composite likelihood: -17.2448264319.
2019-07-25 10:57:41,233 - INFO - Optimal value of theta: 4.59824654642.
2019-07-25 10:57:41,233 - INFO - Beginning optimization with guess, [1.01000000e-04 2.64869249e-06].
2019-07-25 10:57:41,406 - INFO - Finished optimization with guess, [1.01000000e-04 2.64869249e-06].
2019-07-25 10:57:41,406 - INFO - Best fit parameters: [1.00000000e-04 4.14952184e-06].
2019-07-25 10:57:41,416 - INFO - Maximum log composite likelihood: -17.2448243198.
2019-07-25 10:57:41,416 - INFO - Optimal value of theta: 4.59793438165.
2019-07-25 10:57:41,416 - INFO - Beginning optimization with guess, [1.01000000e-04 6.14707149e-06].
2019-07-25 10:57:41,938 - INFO - Finished optimization with guess, [1.01000000e-04 6.14707149e-06].
2019-07-25 10:57:41,938 - INFO - Best fit parameters: [1.21885035e-04 5.05900103e-06].
2019-07-25 10:57:41,948 - INFO - Maximum log composite likelihood: -17.2448313449.
2019-07-25 10:57:41,948 - INFO - Optimal value of theta: 4.5980579643.
2019-07-25 10:57:41,949 - INFO - Finished demographic inference.
2019-07-25 10:57:41,949 - INFO - Beginning DFE inference.
2019-07-25 10:57:44,008 - INFO - Finished DFE inference.
2019-07-25 10:57:44,008 - INFO - Integrating expected site-frequency spectrum.
2019-07-25 10:57:44,020 - INFO - Outputing results.
2019-07-25 10:57:44,023 - INFO - Pipeline executed succesfully.
