2019-07-25 10:56:12,765 - INFO - Beginning execution of fitdadi_infer_DFE.py in directory /u/home/j/jonmah/lohmueller_lab/Scripts

2019-07-25 10:56:12,765 - INFO - Progress is being logged to ../Data/AW_1000_PG_2000/seed_1_fitdadi_output/log.log

2019-07-25 10:56:12,765 - INFO - Parsed the following arguments:
	breed = AW
	outprefix = ../Data/AW_1000_PG_2000/seed_1_fitdadi_output/
	nonsyn_input_sfs = ../Data/AW_1000_PG_2000/seed_1_easySFS_output_nonsyn/dadi/pop1.sfs
	syn_input_sfs = ../Data/AW_1000_PG_2000/seed_1_easySFS_output_syn/dadi/pop1.sfs

2019-07-25 10:56:12,771 - INFO - Beginning optimization with guess, [0.43615368 0.052507  ].
2019-07-25 10:56:13,664 - INFO - Finished optimization with guess, [0.43615368 0.052507  ].
2019-07-25 10:56:13,664 - INFO - Best fit parameters: [1.00000000e-04 1.40886321e-05].
2019-07-25 10:56:13,673 - INFO - Maximum log composite likelihood: -23.9629811774.
2019-07-25 10:56:13,674 - INFO - Optimal value of theta: 12.7975881505.
2019-07-25 10:56:13,674 - INFO - Beginning optimization with guess, [1.010000e-04 2.629219e-05].
2019-07-25 10:56:14,287 - INFO - Finished optimization with guess, [1.010000e-04 2.629219e-05].
2019-07-25 10:56:14,287 - INFO - Best fit parameters: [1.37213593e-04 1.93396739e-05].
2019-07-25 10:56:14,296 - INFO - Maximum log composite likelihood: -23.9629903235.
2019-07-25 10:56:14,296 - INFO - Optimal value of theta: 12.7987512571.
2019-07-25 10:56:14,296 - INFO - Beginning optimization with guess, [1.0100000e-04 1.9982064e-05].
2019-07-25 10:56:14,825 - INFO - Finished optimization with guess, [1.0100000e-04 1.9982064e-05].
2019-07-25 10:56:14,826 - INFO - Best fit parameters: [1.19592107e-04 1.68552951e-05].
2019-07-25 10:56:14,835 - INFO - Maximum log composite likelihood: -23.9629859353.
2019-07-25 10:56:14,835 - INFO - Optimal value of theta: 12.798708631.
2019-07-25 10:56:14,835 - INFO - Beginning optimization with guess, [1.01000000e-04 8.80595336e-06].
2019-07-25 10:56:15,392 - INFO - Finished optimization with guess, [1.01000000e-04 8.80595336e-06].
2019-07-25 10:56:15,392 - INFO - Best fit parameters: [1.00000000e-04 1.40875587e-05].
2019-07-25 10:56:15,402 - INFO - Maximum log composite likelihood: -23.9629812332.
2019-07-25 10:56:15,402 - INFO - Optimal value of theta: 12.7973429541.
2019-07-25 10:56:15,402 - INFO - Beginning optimization with guess, [1.61813633e-04 1.75970673e-05].
2019-07-25 10:56:15,821 - INFO - Finished optimization with guess, [1.61813633e-04 1.75970673e-05].
2019-07-25 10:56:15,822 - INFO - Best fit parameters: [1.42004788e-04 2.00152896e-05].
2019-07-25 10:56:15,831 - INFO - Maximum log composite likelihood: -23.9629915165.
2019-07-25 10:56:15,831 - INFO - Optimal value of theta: 12.7987772354.
2019-07-25 10:56:15,832 - INFO - Beginning optimization with guess, [1.89823595e-04 2.09019462e-05].
2019-07-25 10:56:16,194 - INFO - Finished optimization with guess, [1.89823595e-04 2.09019462e-05].
2019-07-25 10:56:16,194 - INFO - Best fit parameters: [1.67618827e-04 2.36268267e-05].
2019-07-25 10:56:16,203 - INFO - Maximum log composite likelihood: -23.9629978972.
2019-07-25 10:56:16,204 - INFO - Optimal value of theta: 12.798819169.
2019-07-25 10:56:16,204 - INFO - Beginning optimization with guess, [1.01000000e-04 2.27980064e-05].
2019-07-25 10:56:16,790 - INFO - Finished optimization with guess, [1.01000000e-04 2.27980064e-05].
2019-07-25 10:56:16,790 - INFO - Best fit parameters: [1.27752935e-04 1.80058093e-05].
2019-07-25 10:56:16,800 - INFO - Maximum log composite likelihood: -23.9629879675.
2019-07-25 10:56:16,800 - INFO - Optimal value of theta: 12.7987246977.
2019-07-25 10:56:16,800 - INFO - Beginning optimization with guess, [1.67699247e-04 7.80330832e-06].
2019-07-25 10:56:17,384 - INFO - Finished optimization with guess, [1.67699247e-04 7.80330832e-06].
2019-07-25 10:56:17,384 - INFO - Best fit parameters: [1.15660880e-04 1.62992232e-05].
2019-07-25 10:56:17,394 - INFO - Maximum log composite likelihood: -23.9629849748.
2019-07-25 10:56:17,394 - INFO - Optimal value of theta: 12.7983332302.
2019-07-25 10:56:17,394 - INFO - Beginning optimization with guess, [1.0100000e-04 7.7797243e-06].
2019-07-25 10:56:18,090 - INFO - Finished optimization with guess, [1.0100000e-04 7.7797243e-06].
2019-07-25 10:56:18,090 - INFO - Best fit parameters: [1.00000000e-04 1.40876221e-05].
2019-07-25 10:56:18,099 - INFO - Maximum log composite likelihood: -23.9629812297.
2019-07-25 10:56:18,100 - INFO - Optimal value of theta: 12.7973574282.
2019-07-25 10:56:18,100 - INFO - Beginning optimization with guess, [1.33919649e-04 1.67732441e-05].
2019-07-25 10:56:18,909 - INFO - Finished optimization with guess, [1.33919649e-04 1.67732441e-05].
2019-07-25 10:56:18,910 - INFO - Best fit parameters: [1.25496698e-04 1.76828985e-05].
2019-07-25 10:56:18,919 - INFO - Maximum log composite likelihood: -23.9629874897.
2019-07-25 10:56:18,919 - INFO - Optimal value of theta: 12.7978428102.
2019-07-25 10:56:18,919 - INFO - Beginning optimization with guess, [1.61227034e-04 1.81357409e-05].
2019-07-25 10:56:19,227 - INFO - Finished optimization with guess, [1.61227034e-04 1.81357409e-05].
2019-07-25 10:56:19,227 - INFO - Best fit parameters: [1.43900499e-04 2.02824884e-05].
2019-07-25 10:56:19,236 - INFO - Maximum log composite likelihood: -23.9629919889.
2019-07-25 10:56:19,237 - INFO - Optimal value of theta: 12.7987676709.
2019-07-25 10:56:19,237 - INFO - Beginning optimization with guess, [1.39567267e-04 1.03945495e-05].
2019-07-25 10:56:19,432 - INFO - Finished optimization with guess, [1.39567267e-04 1.03945495e-05].
2019-07-25 10:56:19,432 - INFO - Best fit parameters: [1.16108068e-04 1.63650549e-05].
2019-07-25 10:56:19,442 - INFO - Maximum log composite likelihood: -23.9629850674.
2019-07-25 10:56:19,442 - INFO - Optimal value of theta: 12.7988841224.
2019-07-25 10:56:19,442 - INFO - Beginning optimization with guess, [1.76160453e-04 2.57379364e-05].
2019-07-25 10:56:19,833 - INFO - Finished optimization with guess, [1.76160453e-04 2.57379364e-05].
2019-07-25 10:56:19,833 - INFO - Best fit parameters: [1.79233585e-04 2.52670136e-05].
2019-07-25 10:56:19,842 - INFO - Maximum log composite likelihood: -23.9630007926.
2019-07-25 10:56:19,842 - INFO - Optimal value of theta: 12.799143253.
2019-07-25 10:56:19,843 - INFO - Beginning optimization with guess, [1.16723266e-04 8.35999809e-06].
2019-07-25 10:56:20,065 - INFO - Finished optimization with guess, [1.16723266e-04 8.35999809e-06].
2019-07-25 10:56:20,065 - INFO - Best fit parameters: [1.05026103e-04 1.47999054e-05].
2019-07-25 10:56:20,074 - INFO - Maximum log composite likelihood: -23.9629823319.
2019-07-25 10:56:20,074 - INFO - Optimal value of theta: 12.7982499854.
2019-07-25 10:56:20,075 - INFO - Beginning optimization with guess, [1.03108940e-04 8.97024418e-06].
2019-07-25 10:56:20,244 - INFO - Finished optimization with guess, [1.03108940e-04 8.97024418e-06].
2019-07-25 10:56:20,244 - INFO - Best fit parameters: [1.00000000e-04 1.40867195e-05].
2019-07-25 10:56:20,253 - INFO - Maximum log composite likelihood: -23.9629812843.
2019-07-25 10:56:20,253 - INFO - Optimal value of theta: 12.79715125.
2019-07-25 10:56:20,254 - INFO - Beginning optimization with guess, [1.53854567e-04 1.40311901e-05].
2019-07-25 10:56:20,728 - INFO - Finished optimization with guess, [1.53854567e-04 1.40311901e-05].
2019-07-25 10:56:20,728 - INFO - Best fit parameters: [1.28876336e-04 1.81617314e-05].
2019-07-25 10:56:20,738 - INFO - Maximum log composite likelihood: -23.9629882723.
2019-07-25 10:56:20,738 - INFO - Optimal value of theta: 12.7982913409.
2019-07-25 10:56:20,738 - INFO - Beginning optimization with guess, [1.01000000e-04 8.27653191e-06].
2019-07-25 10:56:21,435 - INFO - Finished optimization with guess, [1.01000000e-04 8.27653191e-06].
2019-07-25 10:56:21,435 - INFO - Best fit parameters: [1.00000000e-04 1.40879491e-05].
2019-07-25 10:56:21,444 - INFO - Maximum log composite likelihood: -23.9629812117.
2019-07-25 10:56:21,444 - INFO - Optimal value of theta: 12.7974321389.
2019-07-25 10:56:21,445 - INFO - Beginning optimization with guess, [1.01000000e-04 7.53987454e-06].
2019-07-25 10:56:22,696 - INFO - Finished optimization with guess, [1.01000000e-04 7.53987454e-06].
2019-07-25 10:56:22,697 - INFO - Best fit parameters: [1.00000000e-04 1.40878825e-05].
2019-07-25 10:56:22,706 - INFO - Maximum log composite likelihood: -23.9629812153.
2019-07-25 10:56:22,706 - INFO - Optimal value of theta: 12.7974169239.
2019-07-25 10:56:22,706 - INFO - Beginning optimization with guess, [1.33860655e-04 7.11852296e-06].
2019-07-25 10:56:23,764 - INFO - Finished optimization with guess, [1.33860655e-04 7.11852296e-06].
2019-07-25 10:56:23,764 - INFO - Best fit parameters: [1.07671123e-04 1.51758902e-05].
2019-07-25 10:56:23,773 - INFO - Maximum log composite likelihood: -23.9629829681.
2019-07-25 10:56:23,773 - INFO - Optimal value of theta: 12.7989271534.
2019-07-25 10:56:23,774 - INFO - Beginning optimization with guess, [1.01000000e-04 1.50629859e-05].
2019-07-25 10:56:24,135 - INFO - Finished optimization with guess, [1.01000000e-04 1.50629859e-05].
2019-07-25 10:56:24,135 - INFO - Best fit parameters: [1.03838071e-04 1.46353128e-05].
2019-07-25 10:56:24,145 - INFO - Maximum log composite likelihood: -23.9629820129.
2019-07-25 10:56:24,145 - INFO - Optimal value of theta: 12.798876505.
2019-07-25 10:56:24,145 - INFO - Beginning optimization with guess, [1.11358007e-04 1.56348531e-05].
2019-07-25 10:56:24,396 - INFO - Finished optimization with guess, [1.11358007e-04 1.56348531e-05].
2019-07-25 10:56:24,396 - INFO - Best fit parameters: [1.11083017e-04 1.56573700e-05].
2019-07-25 10:56:24,405 - INFO - Maximum log composite likelihood: -23.9629838207.
2019-07-25 10:56:24,405 - INFO - Optimal value of theta: 12.7990295203.
2019-07-25 10:56:24,405 - INFO - Beginning optimization with guess, [1.01000000e-04 8.68324418e-06].
2019-07-25 10:56:24,795 - INFO - Finished optimization with guess, [1.01000000e-04 8.68324418e-06].
2019-07-25 10:56:24,796 - INFO - Best fit parameters: [1.0000000e-04 1.4088423e-05].
2019-07-25 10:56:24,805 - INFO - Maximum log composite likelihood: -23.9629811874.
2019-07-25 10:56:24,805 - INFO - Optimal value of theta: 12.7975403781.
2019-07-25 10:56:24,805 - INFO - Beginning optimization with guess, [1.01000000e-04 1.99466991e-05].
2019-07-25 10:56:25,334 - INFO - Finished optimization with guess, [1.01000000e-04 1.99466991e-05].
2019-07-25 10:56:25,334 - INFO - Best fit parameters: [1.19486148e-04 1.68403497e-05].
2019-07-25 10:56:25,343 - INFO - Maximum log composite likelihood: -23.9629859089.
2019-07-25 10:56:25,344 - INFO - Optimal value of theta: 12.7987069755.
2019-07-25 10:56:25,344 - INFO - Beginning optimization with guess, [1.01000000e-04 1.34538933e-05].
2019-07-25 10:56:25,678 - INFO - Finished optimization with guess, [1.01000000e-04 1.34538933e-05].
2019-07-25 10:56:25,678 - INFO - Best fit parameters: [1.00313322e-04 1.41393299e-05].
2019-07-25 10:56:25,687 - INFO - Maximum log composite likelihood: -23.9629811432.
2019-07-25 10:56:25,687 - INFO - Optimal value of theta: 12.7990788199.
2019-07-25 10:56:25,688 - INFO - Beginning optimization with guess, [1.16451509e-04 2.77082667e-05].
2019-07-25 10:56:26,272 - INFO - Finished optimization with guess, [1.16451509e-04 2.77082667e-05].
2019-07-25 10:56:26,272 - INFO - Best fit parameters: [1.51234117e-04 2.13166618e-05].
2019-07-25 10:56:26,281 - INFO - Maximum log composite likelihood: -23.9629938152.
2019-07-25 10:56:26,282 - INFO - Optimal value of theta: 12.7988070747.
2019-07-25 10:56:26,282 - INFO - Beginning optimization with guess, [1.18789808e-04 2.42243350e-05].
2019-07-25 10:56:27,174 - INFO - Finished optimization with guess, [1.18789808e-04 2.42243350e-05].
2019-07-25 10:56:27,174 - INFO - Best fit parameters: [1.42359917e-04 2.00686607e-05].
2019-07-25 10:56:27,183 - INFO - Maximum log composite likelihood: -23.962991621.
2019-07-25 10:56:27,184 - INFO - Optimal value of theta: 12.7993072191.
2019-07-25 10:56:27,184 - INFO - Beginning optimization with guess, [1.01000000e-04 7.37634243e-06].
2019-07-25 10:56:27,767 - INFO - Finished optimization with guess, [1.01000000e-04 7.37634243e-06].
2019-07-25 10:56:27,767 - INFO - Best fit parameters: [1.0000000e-04 1.4087235e-05].
2019-07-25 10:56:27,777 - INFO - Maximum log composite likelihood: -23.9629812522.
2019-07-25 10:56:27,777 - INFO - Optimal value of theta: 12.7972690091.
2019-07-25 10:56:27,777 - INFO - Beginning optimization with guess, [1.01000000e-04 1.42629968e-05].
2019-07-25 10:56:28,083 - INFO - Finished optimization with guess, [1.01000000e-04 1.42629968e-05].
2019-07-25 10:56:28,084 - INFO - Best fit parameters: [1.01066435e-04 1.42438277e-05].
2019-07-25 10:56:28,093 - INFO - Maximum log composite likelihood: -23.9629813223.
2019-07-25 10:56:28,094 - INFO - Optimal value of theta: 12.7987010398.
2019-07-25 10:56:28,094 - INFO - Beginning optimization with guess, [1.24981251e-04 2.17242367e-05].
2019-07-25 10:56:28,233 - INFO - Finished optimization with guess, [1.24981251e-04 2.17242367e-05].
2019-07-25 10:56:28,234 - INFO - Best fit parameters: [1.38700215e-04 1.95487727e-05].
2019-07-25 10:56:28,243 - INFO - Maximum log composite likelihood: -23.9629906959.
2019-07-25 10:56:28,243 - INFO - Optimal value of theta: 12.7986720061.
2019-07-25 10:56:28,243 - INFO - Beginning optimization with guess, [1.01000000e-04 1.41612999e-05].
2019-07-25 10:56:28,577 - INFO - Finished optimization with guess, [1.01000000e-04 1.41612999e-05].
2019-07-25 10:56:28,577 - INFO - Best fit parameters: [1.00664399e-04 1.41886638e-05].
2019-07-25 10:56:28,587 - INFO - Maximum log composite likelihood: -23.9629812287.
2019-07-25 10:56:28,587 - INFO - Optimal value of theta: 12.7990427443.
2019-07-25 10:56:28,587 - INFO - Beginning optimization with guess, [1.01000000e-04 8.45055179e-06].
2019-07-25 10:56:28,948 - INFO - Finished optimization with guess, [1.01000000e-04 8.45055179e-06].
2019-07-25 10:56:28,948 - INFO - Best fit parameters: [1.00000000e-04 1.40876925e-05].
2019-07-25 10:56:28,957 - INFO - Maximum log composite likelihood: -23.9629812257.
2019-07-25 10:56:28,958 - INFO - Optimal value of theta: 12.7973735199.
2019-07-25 10:56:28,958 - INFO - Beginning optimization with guess, [1.35733055e-04 2.45767609e-05].
2019-07-25 10:56:29,096 - INFO - Finished optimization with guess, [1.35733055e-04 2.45767609e-05].
2019-07-25 10:56:29,096 - INFO - Best fit parameters: [1.53741824e-04 2.16689973e-05].
2019-07-25 10:56:29,106 - INFO - Maximum log composite likelihood: -23.9629944457.
2019-07-25 10:56:29,106 - INFO - Optimal value of theta: 12.7986262509.
2019-07-25 10:56:29,106 - INFO - Beginning optimization with guess, [1.35698935e-04 1.81500309e-05].
2019-07-25 10:56:29,412 - INFO - Finished optimization with guess, [1.35698935e-04 1.81500309e-05].
2019-07-25 10:56:29,412 - INFO - Best fit parameters: [1.32109340e-04 1.86216052e-05].
2019-07-25 10:56:29,421 - INFO - Maximum log composite likelihood: -23.9629890538.
2019-07-25 10:56:29,422 - INFO - Optimal value of theta: 12.7990119459.
2019-07-25 10:56:29,422 - INFO - Beginning optimization with guess, [1.01140004e-04 1.33274685e-05].
2019-07-25 10:56:29,588 - INFO - Finished optimization with guess, [1.01140004e-04 1.33274685e-05].
2019-07-25 10:56:29,589 - INFO - Best fit parameters: [1.00229506e-04 1.41315611e-05].
2019-07-25 10:56:29,598 - INFO - Maximum log composite likelihood: -23.9629812482.
2019-07-25 10:56:29,598 - INFO - Optimal value of theta: 12.8000006856.
2019-07-25 10:56:29,598 - INFO - Beginning optimization with guess, [1.01000000e-04 9.70834741e-06].
2019-07-25 10:56:29,960 - INFO - Finished optimization with guess, [1.01000000e-04 9.70834741e-06].
2019-07-25 10:56:29,960 - INFO - Best fit parameters: [1.00000000e-04 1.40868326e-05].
2019-07-25 10:56:29,969 - INFO - Maximum log composite likelihood: -23.962981277.
2019-07-25 10:56:29,969 - INFO - Optimal value of theta: 12.7971770826.
2019-07-25 10:56:29,969 - INFO - Beginning optimization with guess, [1.01000000e-04 1.09968388e-05].
2019-07-25 10:56:30,137 - INFO - Finished optimization with guess, [1.01000000e-04 1.09968388e-05].
2019-07-25 10:56:30,137 - INFO - Best fit parameters: [1.00000000e-04 1.40867264e-05].
2019-07-25 10:56:30,147 - INFO - Maximum log composite likelihood: -23.9629812838.
2019-07-25 10:56:30,147 - INFO - Optimal value of theta: 12.7971528308.
2019-07-25 10:56:30,147 - INFO - Beginning optimization with guess, [1.01000000e-04 7.62254841e-06].
2019-07-25 10:56:30,618 - INFO - Finished optimization with guess, [1.01000000e-04 7.62254841e-06].
2019-07-25 10:56:30,618 - INFO - Best fit parameters: [1.0000000e-04 1.4087257e-05].
2019-07-25 10:56:30,628 - INFO - Maximum log composite likelihood: -23.9629812509.
2019-07-25 10:56:30,628 - INFO - Optimal value of theta: 12.7972740388.
2019-07-25 10:56:30,628 - INFO - Beginning optimization with guess, [1.12257200e-04 1.37201618e-05].
2019-07-25 10:56:30,990 - INFO - Finished optimization with guess, [1.12257200e-04 1.37201618e-05].
2019-07-25 10:56:30,990 - INFO - Best fit parameters: [1.07133003e-04 1.50983049e-05].
2019-07-25 10:56:30,999 - INFO - Maximum log composite likelihood: -23.9629828365.
2019-07-25 10:56:31,000 - INFO - Optimal value of theta: 12.7985593036.
2019-07-25 10:56:31,000 - INFO - Beginning optimization with guess, [1.84452311e-04 2.29143083e-05].
2019-07-25 10:56:31,583 - INFO - Finished optimization with guess, [1.84452311e-04 2.29143083e-05].
2019-07-25 10:56:31,583 - INFO - Best fit parameters: [1.71993852e-04 2.42341157e-05].
2019-07-25 10:56:31,593 - INFO - Maximum log composite likelihood: -23.9629991576.
2019-07-25 10:56:31,593 - INFO - Optimal value of theta: 12.7975489882.
2019-07-25 10:56:31,593 - INFO - Beginning optimization with guess, [1.01000000e-04 1.38402343e-05].
2019-07-25 10:56:31,843 - INFO - Finished optimization with guess, [1.01000000e-04 1.38402343e-05].
2019-07-25 10:56:31,843 - INFO - Best fit parameters: [1.00519915e-04 1.41668995e-05].
2019-07-25 10:56:31,853 - INFO - Maximum log composite likelihood: -23.962981186.
2019-07-25 10:56:31,853 - INFO - Optimal value of theta: 12.7987256393.
2019-07-25 10:56:31,853 - INFO - Beginning optimization with guess, [1.01000000e-04 1.33125394e-05].
2019-07-25 10:56:32,020 - INFO - Finished optimization with guess, [1.01000000e-04 1.33125394e-05].
2019-07-25 10:56:32,020 - INFO - Best fit parameters: [1.00154122e-04 1.41206741e-05].
2019-07-25 10:56:32,029 - INFO - Maximum log composite likelihood: -23.9629812171.
2019-07-25 10:56:32,029 - INFO - Optimal value of theta: 12.7999421558.
2019-07-25 10:56:32,030 - INFO - Beginning optimization with guess, [1.10065891e-04 1.56837311e-05].
2019-07-25 10:56:32,307 - INFO - Finished optimization with guess, [1.10065891e-04 1.56837311e-05].
2019-07-25 10:56:32,307 - INFO - Best fit parameters: [1.10507215e-04 1.55728681e-05].
2019-07-25 10:56:32,316 - INFO - Maximum log composite likelihood: -23.9629836898.
2019-07-25 10:56:32,317 - INFO - Optimal value of theta: 12.798342059.
2019-07-25 10:56:32,317 - INFO - Beginning optimization with guess, [1.01000000e-04 2.55771269e-05].
2019-07-25 10:56:32,456 - INFO - Finished optimization with guess, [1.01000000e-04 2.55771269e-05].
2019-07-25 10:56:32,456 - INFO - Best fit parameters: [1.35331485e-04 1.90739463e-05].
2019-07-25 10:56:32,466 - INFO - Maximum log composite likelihood: -23.9629898562.
2019-07-25 10:56:32,466 - INFO - Optimal value of theta: 12.7986847641.
2019-07-25 10:56:32,466 - INFO - Beginning optimization with guess, [1.26491957e-04 1.28686142e-05].
2019-07-25 10:56:33,272 - INFO - Finished optimization with guess, [1.26491957e-04 1.28686142e-05].
2019-07-25 10:56:33,272 - INFO - Best fit parameters: [1.14056906e-04 1.60761543e-05].
2019-07-25 10:56:33,282 - INFO - Maximum log composite likelihood: -23.9629845578.
2019-07-25 10:56:33,282 - INFO - Optimal value of theta: 12.7989356577.
2019-07-25 10:56:33,282 - INFO - Beginning optimization with guess, [1.97503016e-04 9.75273171e-06].
2019-07-25 10:56:34,143 - INFO - Finished optimization with guess, [1.97503016e-04 9.75273171e-06].
2019-07-25 10:56:34,143 - INFO - Best fit parameters: [1.30189526e-04 1.83525933e-05].
2019-07-25 10:56:34,153 - INFO - Maximum log composite likelihood: -23.9629885921.
2019-07-25 10:56:34,153 - INFO - Optimal value of theta: 12.7993020972.
2019-07-25 10:56:34,153 - INFO - Beginning optimization with guess, [1.64199116e-04 1.79228043e-05].
2019-07-25 10:56:34,515 - INFO - Finished optimization with guess, [1.64199116e-04 1.79228043e-05].
2019-07-25 10:56:34,515 - INFO - Best fit parameters: [1.44365568e-04 2.03482031e-05].
2019-07-25 10:56:34,525 - INFO - Maximum log composite likelihood: -23.9629921044.
2019-07-25 10:56:34,525 - INFO - Optimal value of theta: 12.7987911992.
2019-07-25 10:56:34,525 - INFO - Beginning optimization with guess, [1.81190215e-04 2.37937465e-05].
2019-07-25 10:56:34,998 - INFO - Finished optimization with guess, [1.81190215e-04 2.37937465e-05].
2019-07-25 10:56:34,998 - INFO - Best fit parameters: [1.74781549e-04 2.46394327e-05].
2019-07-25 10:56:35,008 - INFO - Maximum log composite likelihood: -23.9629996847.
2019-07-25 10:56:35,008 - INFO - Optimal value of theta: 12.799170935.
2019-07-25 10:56:35,008 - INFO - Beginning optimization with guess, [1.01000000e-04 1.92559127e-05].
2019-07-25 10:56:35,148 - INFO - Finished optimization with guess, [1.01000000e-04 1.92559127e-05].
2019-07-25 10:56:35,148 - INFO - Best fit parameters: [1.17397996e-04 1.65452280e-05].
2019-07-25 10:56:35,158 - INFO - Maximum log composite likelihood: -23.9629853934.
2019-07-25 10:56:35,158 - INFO - Optimal value of theta: 12.7985587729.
2019-07-25 10:56:35,158 - INFO - Beginning optimization with guess, [1.01000000e-04 1.62609657e-05].
2019-07-25 10:56:35,574 - INFO - Finished optimization with guess, [1.01000000e-04 1.62609657e-05].
2019-07-25 10:56:35,574 - INFO - Best fit parameters: [1.07894024e-04 1.52063469e-05].
2019-07-25 10:56:35,583 - INFO - Maximum log composite likelihood: -23.962983022.
2019-07-25 10:56:35,584 - INFO - Optimal value of theta: 12.7987227357.
2019-07-25 10:56:35,584 - INFO - Beginning optimization with guess, [1.75843215e-04 1.17678687e-05].
2019-07-25 10:56:35,946 - INFO - Finished optimization with guess, [1.75843215e-04 1.17678687e-05].
2019-07-25 10:56:35,946 - INFO - Best fit parameters: [1.31756538e-04 1.85717815e-05].
2019-07-25 10:56:35,955 - INFO - Maximum log composite likelihood: -23.9629889656.
2019-07-25 10:56:35,956 - INFO - Optimal value of theta: 12.7989974606.
2019-07-25 10:56:35,957 - INFO - Finished demographic inference.
2019-07-25 10:56:35,957 - INFO - Beginning DFE inference.
2019-07-25 10:56:41,984 - INFO - Finished DFE inference.
2019-07-25 10:56:41,986 - INFO - Integrating expected site-frequency spectrum.
2019-07-25 10:56:42,000 - INFO - Outputing results.
2019-07-25 10:56:42,003 - INFO - Pipeline executed succesfully.
