2019-08-01 09:08:48,647 - INFO - Beginning execution of fitdadi_infer_DFE.py in directory /u/home/j/jonmah/lohmueller_lab/Scripts

2019-08-01 09:08:48,647 - INFO - Progress is being logged to ../Data/AW_array_2000/seed_6_fitdadi_output/log.log

2019-08-01 09:08:48,647 - INFO - Parsed the following arguments:
	breed = AW
	outprefix = ../Data/AW_array_2000/seed_6_fitdadi_output/
	nonsyn_input_sfs = ../Data/AW_array_2000/seed_6_easySFS_output_nonsyn/dadi/pop1.sfs
	syn_input_sfs = ../Data/AW_array_2000/seed_6_easySFS_output_syn/dadi/pop1.sfs

2019-08-01 09:08:48,653 - INFO - Beginning optimization with guess, [0.88544903 0.09959457].
2019-08-01 09:08:48,981 - INFO - Finished optimization with guess, [0.88544903 0.09959457].
2019-08-01 09:08:48,981 - INFO - Best fit parameters: [0.51426964 0.08108281].
2019-08-01 09:08:48,989 - INFO - Maximum log composite likelihood: -21.4694448469.
2019-08-01 09:08:48,990 - INFO - Optimal value of theta: 61.0853486443.
2019-08-01 09:08:48,990 - INFO - Beginning optimization with guess, [0.43641189 0.0929845 ].
2019-08-01 09:08:49,545 - INFO - Finished optimization with guess, [0.43641189 0.0929845 ].
2019-08-01 09:08:49,545 - INFO - Best fit parameters: [0.51435389 0.08108143].
2019-08-01 09:08:49,553 - INFO - Maximum log composite likelihood: -21.4694443625.
2019-08-01 09:08:49,553 - INFO - Optimal value of theta: 61.0828093459.
2019-08-01 09:08:49,553 - INFO - Beginning optimization with guess, [0.30763011 0.14279103].
2019-08-01 09:08:49,900 - INFO - Finished optimization with guess, [0.30763011 0.14279103].
2019-08-01 09:08:49,900 - INFO - Best fit parameters: [0.51427008 0.08108297].
2019-08-01 09:08:49,908 - INFO - Maximum log composite likelihood: -21.4694448431.
2019-08-01 09:08:49,908 - INFO - Optimal value of theta: 61.085347588.
2019-08-01 09:08:49,908 - INFO - Beginning optimization with guess, [0.38592186 0.05706278].
2019-08-01 09:08:50,176 - INFO - Finished optimization with guess, [0.38592186 0.05706278].
2019-08-01 09:08:50,176 - INFO - Best fit parameters: [0.51426796 0.08108151].
2019-08-01 09:08:50,183 - INFO - Maximum log composite likelihood: -21.4694448641.
2019-08-01 09:08:50,184 - INFO - Optimal value of theta: 61.0853018909.
2019-08-01 09:08:50,184 - INFO - Beginning optimization with guess, [0.9785748  0.07670139].
2019-08-01 09:08:50,793 - INFO - Finished optimization with guess, [0.9785748  0.07670139].
2019-08-01 09:08:50,793 - INFO - Best fit parameters: [0.5156439  0.08166818].
2019-08-01 09:08:50,800 - INFO - Maximum log composite likelihood: -21.4694374122.
2019-08-01 09:08:50,801 - INFO - Optimal value of theta: 61.0882353165.
2019-08-01 09:08:50,801 - INFO - Beginning optimization with guess, [0.66229955 0.08998639].
2019-08-01 09:08:51,820 - INFO - Finished optimization with guess, [0.66229955 0.08998639].
2019-08-01 09:08:51,821 - INFO - Best fit parameters: [0.51529557 0.08159211].
2019-08-01 09:08:51,828 - INFO - Maximum log composite likelihood: -21.4694380321.
2019-08-01 09:08:51,829 - INFO - Optimal value of theta: 61.092796288.
2019-08-01 09:08:51,829 - INFO - Beginning optimization with guess, [0.44726749 0.15066009].
2019-08-01 09:08:52,422 - INFO - Finished optimization with guess, [0.44726749 0.15066009].
2019-08-01 09:08:52,422 - INFO - Best fit parameters: [0.51542367 0.08177125].
2019-08-01 09:08:52,430 - INFO - Maximum log composite likelihood: -21.469438056.
2019-08-01 09:08:52,430 - INFO - Optimal value of theta: 61.1020824413.
2019-08-01 09:08:52,431 - INFO - Beginning optimization with guess, [0.36509585 0.17156723].
2019-08-01 09:08:52,846 - INFO - Finished optimization with guess, [0.36509585 0.17156723].
2019-08-01 09:08:52,847 - INFO - Best fit parameters: [0.51492463 0.08157102].
2019-08-01 09:08:52,854 - INFO - Maximum log composite likelihood: -21.4694408564.
2019-08-01 09:08:52,855 - INFO - Optimal value of theta: 61.1020085162.
2019-08-01 09:08:52,855 - INFO - Beginning optimization with guess, [0.76200774 0.10248451].
2019-08-01 09:08:53,470 - INFO - Finished optimization with guess, [0.76200774 0.10248451].
2019-08-01 09:08:53,470 - INFO - Best fit parameters: [0.51597658 0.08203368].
2019-08-01 09:08:53,477 - INFO - Maximum log composite likelihood: -21.4694368192.
2019-08-01 09:08:53,478 - INFO - Optimal value of theta: 61.1050364693.
2019-08-01 09:08:53,478 - INFO - Beginning optimization with guess, [0.52041147 0.08871045].
2019-08-01 09:08:53,727 - INFO - Finished optimization with guess, [0.52041147 0.08871045].
2019-08-01 09:08:53,727 - INFO - Best fit parameters: [0.51427007 0.08108298].
2019-08-01 09:08:53,735 - INFO - Maximum log composite likelihood: -21.4694448432.
2019-08-01 09:08:53,735 - INFO - Optimal value of theta: 61.0853480777.
2019-08-01 09:08:53,735 - INFO - Beginning optimization with guess, [0.30230714 0.17539987].
2019-08-01 09:08:54,425 - INFO - Finished optimization with guess, [0.30230714 0.17539987].
2019-08-01 09:08:54,425 - INFO - Best fit parameters: [0.51461819 0.08142879].
2019-08-01 09:08:54,432 - INFO - Maximum log composite likelihood: -21.4694429291.
2019-08-01 09:08:54,433 - INFO - Optimal value of theta: 61.1005333202.
2019-08-01 09:08:54,433 - INFO - Beginning optimization with guess, [0.31930128 0.05635703].
2019-08-01 09:08:54,972 - INFO - Finished optimization with guess, [0.31930128 0.05635703].
2019-08-01 09:08:54,972 - INFO - Best fit parameters: [0.51447337 0.08117694].
2019-08-01 09:08:54,979 - INFO - Maximum log composite likelihood: -21.4694431182.
2019-08-01 09:08:54,980 - INFO - Optimal value of theta: 61.0863407456.
2019-08-01 09:08:54,980 - INFO - Beginning optimization with guess, [0.88630533 0.13244592].
2019-08-01 09:08:55,505 - INFO - Finished optimization with guess, [0.88630533 0.13244592].
2019-08-01 09:08:55,505 - INFO - Best fit parameters: [0.51584746 0.08179692].
2019-08-01 09:08:55,513 - INFO - Maximum log composite likelihood: -21.4694367263.
2019-08-01 09:08:55,513 - INFO - Optimal value of theta: 61.0916691488.
2019-08-01 09:08:55,513 - INFO - Beginning optimization with guess, [0.56995425 0.11521748].
2019-08-01 09:08:55,970 - INFO - Finished optimization with guess, [0.56995425 0.11521748].
2019-08-01 09:08:55,970 - INFO - Best fit parameters: [0.51478782 0.0813514 ].
2019-08-01 09:08:55,978 - INFO - Maximum log composite likelihood: -21.4694407469.
2019-08-01 09:08:55,978 - INFO - Optimal value of theta: 61.089977774.
2019-08-01 09:08:55,978 - INFO - Beginning optimization with guess, [0.37968603 0.09270394].
2019-08-01 09:08:56,227 - INFO - Finished optimization with guess, [0.37968603 0.09270394].
2019-08-01 09:08:56,228 - INFO - Best fit parameters: [0.51600211 0.08175687].
2019-08-01 09:08:56,235 - INFO - Maximum log composite likelihood: -21.4694380074.
2019-08-01 09:08:56,235 - INFO - Optimal value of theta: 61.0842972556.
2019-08-01 09:08:56,236 - INFO - Beginning optimization with guess, [0.38913332 0.1568463 ].
2019-08-01 09:08:56,559 - INFO - Finished optimization with guess, [0.38913332 0.1568463 ].
2019-08-01 09:08:56,559 - INFO - Best fit parameters: [0.51588566 0.08195901].
2019-08-01 09:08:56,567 - INFO - Maximum log composite likelihood: -21.4694366562.
2019-08-01 09:08:56,567 - INFO - Optimal value of theta: 61.1022802856.
2019-08-01 09:08:56,567 - INFO - Beginning optimization with guess, [0.99875839 0.08055273].
2019-08-01 09:08:57,337 - INFO - Finished optimization with guess, [0.99875839 0.08055273].
2019-08-01 09:08:57,338 - INFO - Best fit parameters: [0.51428092 0.08108897].
2019-08-01 09:08:57,345 - INFO - Maximum log composite likelihood: -21.4694447422.
2019-08-01 09:08:57,346 - INFO - Optimal value of theta: 61.0854731427.
2019-08-01 09:08:57,346 - INFO - Beginning optimization with guess, [0.42603138 0.1282463 ].
2019-08-01 09:08:57,894 - INFO - Finished optimization with guess, [0.42603138 0.1282463 ].
2019-08-01 09:08:57,894 - INFO - Best fit parameters: [0.51566763 0.08167609].
2019-08-01 09:08:57,902 - INFO - Maximum log composite likelihood: -21.4694373903.
2019-08-01 09:08:57,902 - INFO - Optimal value of theta: 61.0881220522.
2019-08-01 09:08:57,902 - INFO - Beginning optimization with guess, [0.92904467 0.19330635].
2019-08-01 09:08:58,769 - INFO - Finished optimization with guess, [0.92904467 0.19330635].
2019-08-01 09:08:58,769 - INFO - Best fit parameters: [0.51438258 0.0811455 ].
2019-08-01 09:08:58,777 - INFO - Maximum log composite likelihood: -21.4694438254.
2019-08-01 09:08:58,777 - INFO - Optimal value of theta: 61.0866684813.
2019-08-01 09:08:58,777 - INFO - Beginning optimization with guess, [0.29785458 0.16606248].
2019-08-01 09:08:59,195 - INFO - Finished optimization with guess, [0.29785458 0.16606248].
2019-08-01 09:08:59,195 - INFO - Best fit parameters: [0.51531334 0.08178728].
2019-08-01 09:08:59,203 - INFO - Maximum log composite likelihood: -21.4694394058.
2019-08-01 09:08:59,203 - INFO - Optimal value of theta: 61.1064416568.
2019-08-01 09:08:59,204 - INFO - Beginning optimization with guess, [0.25980408 0.05960587].
2019-08-01 09:08:59,584 - INFO - Finished optimization with guess, [0.25980408 0.05960587].
2019-08-01 09:08:59,584 - INFO - Best fit parameters: [0.51426996 0.08108297].
2019-08-01 09:08:59,591 - INFO - Maximum log composite likelihood: -21.469444844.
2019-08-01 09:08:59,592 - INFO - Optimal value of theta: 61.0853505524.
2019-08-01 09:08:59,592 - INFO - Beginning optimization with guess, [0.60466448 0.15054466].
2019-08-01 09:09:00,163 - INFO - Finished optimization with guess, [0.60466448 0.15054466].
2019-08-01 09:09:00,164 - INFO - Best fit parameters: [0.51465533 0.08133284].
2019-08-01 09:09:00,171 - INFO - Maximum log composite likelihood: -21.4694416839.
2019-08-01 09:09:00,171 - INFO - Optimal value of theta: 61.0924599087.
2019-08-01 09:09:00,172 - INFO - Beginning optimization with guess, [0.59354089 0.17037799].
2019-08-01 09:09:00,721 - INFO - Finished optimization with guess, [0.59354089 0.17037799].
2019-08-01 09:09:00,721 - INFO - Best fit parameters: [0.51489586 0.08131304].
2019-08-01 09:09:00,728 - INFO - Maximum log composite likelihood: -21.4694406144.
2019-08-01 09:09:00,729 - INFO - Optimal value of theta: 61.0840543618.
2019-08-01 09:09:00,729 - INFO - Beginning optimization with guess, [0.7215767  0.08276743].
2019-08-01 09:09:01,362 - INFO - Finished optimization with guess, [0.7215767  0.08276743].
2019-08-01 09:09:01,362 - INFO - Best fit parameters: [0.51587014 0.08175194].
2019-08-01 09:09:01,370 - INFO - Maximum log composite likelihood: -21.4694372487.
2019-08-01 09:09:01,370 - INFO - Optimal value of theta: 61.0877577628.
2019-08-01 09:09:01,371 - INFO - Beginning optimization with guess, [0.96265847 0.06711161].
2019-08-01 09:09:01,729 - INFO - Finished optimization with guess, [0.96265847 0.06711161].
2019-08-01 09:09:01,729 - INFO - Best fit parameters: [0.51427008 0.08108298].
2019-08-01 09:09:01,737 - INFO - Maximum log composite likelihood: -21.4694448431.
2019-08-01 09:09:01,737 - INFO - Optimal value of theta: 61.0853481724.
2019-08-01 09:09:01,738 - INFO - Beginning optimization with guess, [0.28249648 0.06189961].
2019-08-01 09:09:02,321 - INFO - Finished optimization with guess, [0.28249648 0.06189961].
2019-08-01 09:09:02,322 - INFO - Best fit parameters: [0.51489434 0.08144009].
2019-08-01 09:09:02,329 - INFO - Maximum log composite likelihood: -21.4694400894.
2019-08-01 09:09:02,330 - INFO - Optimal value of theta: 61.0933571955.
2019-08-01 09:09:02,330 - INFO - Beginning optimization with guess, [0.71344219 0.13405539].
2019-08-01 09:09:02,835 - INFO - Finished optimization with guess, [0.71344219 0.13405539].
2019-08-01 09:09:02,836 - INFO - Best fit parameters: [0.5150621  0.08147905].
2019-08-01 09:09:02,843 - INFO - Maximum log composite likelihood: -21.469439132.
2019-08-01 09:09:02,844 - INFO - Optimal value of theta: 61.0913363252.
2019-08-01 09:09:02,844 - INFO - Beginning optimization with guess, [0.38294097 0.05204439].
2019-08-01 09:09:03,178 - INFO - Finished optimization with guess, [0.38294097 0.05204439].
2019-08-01 09:09:03,178 - INFO - Best fit parameters: [0.51427006 0.08108297].
2019-08-01 09:09:03,186 - INFO - Maximum log composite likelihood: -21.4694448433.
2019-08-01 09:09:03,186 - INFO - Optimal value of theta: 61.0853479105.
2019-08-01 09:09:03,186 - INFO - Beginning optimization with guess, [0.57545829 0.06983997].
2019-08-01 09:09:03,750 - INFO - Finished optimization with guess, [0.57545829 0.06983997].
2019-08-01 09:09:03,750 - INFO - Best fit parameters: [0.51462426 0.08132784].
2019-08-01 09:09:03,758 - INFO - Maximum log composite likelihood: -21.4694419414.
2019-08-01 09:09:03,758 - INFO - Optimal value of theta: 61.0929947674.
2019-08-01 09:09:03,758 - INFO - Beginning optimization with guess, [0.91535596 0.08248598].
2019-08-01 09:09:04,098 - INFO - Finished optimization with guess, [0.91535596 0.08248598].
2019-08-01 09:09:04,098 - INFO - Best fit parameters: [0.51427014 0.08108301].
2019-08-01 09:09:04,106 - INFO - Maximum log composite likelihood: -21.4694448426.
2019-08-01 09:09:04,106 - INFO - Optimal value of theta: 61.0853483543.
2019-08-01 09:09:04,106 - INFO - Beginning optimization with guess, [0.64058436 0.11823327].
2019-08-01 09:09:04,768 - INFO - Finished optimization with guess, [0.64058436 0.11823327].
2019-08-01 09:09:04,768 - INFO - Best fit parameters: [0.51597924 0.08191668].
2019-08-01 09:09:04,776 - INFO - Maximum log composite likelihood: -21.469436321.
2019-08-01 09:09:04,776 - INFO - Optimal value of theta: 61.0965127813.
2019-08-01 09:09:04,776 - INFO - Beginning optimization with guess, [0.31484521 0.12203809].
2019-08-01 09:09:05,255 - INFO - Finished optimization with guess, [0.31484521 0.12203809].
2019-08-01 09:09:05,255 - INFO - Best fit parameters: [0.51459732 0.08123016].
2019-08-01 09:09:05,263 - INFO - Maximum log composite likelihood: -21.4694421815.
2019-08-01 09:09:05,263 - INFO - Optimal value of theta: 61.0866430018.
2019-08-01 09:09:05,263 - INFO - Beginning optimization with guess, [0.57645973 0.09157353].
2019-08-01 09:09:06,371 - INFO - Finished optimization with guess, [0.57645973 0.09157353].
2019-08-01 09:09:06,371 - INFO - Best fit parameters: [0.51462677 0.08116226].
2019-08-01 09:09:06,378 - INFO - Maximum log composite likelihood: -21.4694427008.
2019-08-01 09:09:06,379 - INFO - Optimal value of theta: 61.0808289869.
2019-08-01 09:09:06,379 - INFO - Beginning optimization with guess, [0.4515143  0.05825071].
2019-08-01 09:09:06,715 - INFO - Finished optimization with guess, [0.4515143  0.05825071].
2019-08-01 09:09:06,715 - INFO - Best fit parameters: [0.51514893 0.08132717].
2019-08-01 09:09:06,723 - INFO - Maximum log composite likelihood: -21.4694409198.
2019-08-01 09:09:06,723 - INFO - Optimal value of theta: 61.0777656996.
2019-08-01 09:09:06,723 - INFO - Beginning optimization with guess, [0.28484855 0.12852311].
2019-08-01 09:09:07,295 - INFO - Finished optimization with guess, [0.28484855 0.12852311].
2019-08-01 09:09:07,296 - INFO - Best fit parameters: [0.51469048 0.08133131].
2019-08-01 09:09:07,303 - INFO - Maximum log composite likelihood: -21.4694413994.
2019-08-01 09:09:07,304 - INFO - Optimal value of theta: 61.0913307161.
2019-08-01 09:09:07,304 - INFO - Beginning optimization with guess, [0.3288876  0.07239979].
2019-08-01 09:09:07,867 - INFO - Finished optimization with guess, [0.3288876  0.07239979].
2019-08-01 09:09:07,867 - INFO - Best fit parameters: [0.51519656 0.08164793].
2019-08-01 09:09:07,874 - INFO - Maximum log composite likelihood: -21.4694388355.
2019-08-01 09:09:07,875 - INFO - Optimal value of theta: 61.0997172335.
2019-08-01 09:09:07,875 - INFO - Beginning optimization with guess, [0.86524645 0.06337645].
2019-08-01 09:09:08,370 - INFO - Finished optimization with guess, [0.86524645 0.06337645].
2019-08-01 09:09:08,370 - INFO - Best fit parameters: [0.51443024 0.08120454].
2019-08-01 09:09:08,377 - INFO - Maximum log composite likelihood: -21.4694433803.
2019-08-01 09:09:08,378 - INFO - Optimal value of theta: 61.0896067853.
2019-08-01 09:09:08,378 - INFO - Beginning optimization with guess, [0.89842483 0.06895288].
2019-08-01 09:09:09,370 - INFO - Finished optimization with guess, [0.89842483 0.06895288].
2019-08-01 09:09:09,370 - INFO - Best fit parameters: [0.51540765 0.08165605].
2019-08-01 09:09:09,378 - INFO - Maximum log composite likelihood: -21.4694375877.
2019-08-01 09:09:09,378 - INFO - Optimal value of theta: 61.0941933161.
2019-08-01 09:09:09,378 - INFO - Beginning optimization with guess, [0.27164186 0.19815348].
2019-08-01 09:09:09,944 - INFO - Finished optimization with guess, [0.27164186 0.19815348].
2019-08-01 09:09:09,946 - INFO - Best fit parameters: [0.51583838 0.08169295].
2019-08-01 09:09:09,953 - INFO - Maximum log composite likelihood: -21.4694379501.
2019-08-01 09:09:09,953 - INFO - Optimal value of theta: 61.0844047193.
2019-08-01 09:09:09,954 - INFO - Beginning optimization with guess, [0.38896751 0.07627023].
2019-08-01 09:09:10,536 - INFO - Finished optimization with guess, [0.38896751 0.07627023].
2019-08-01 09:09:10,536 - INFO - Best fit parameters: [0.51524596 0.08172339].
2019-08-01 09:09:10,544 - INFO - Maximum log composite likelihood: -21.4694392001.
2019-08-01 09:09:10,544 - INFO - Optimal value of theta: 61.1037620163.
2019-08-01 09:09:10,544 - INFO - Beginning optimization with guess, [0.25645172 0.0729906 ].
2019-08-01 09:09:10,880 - INFO - Finished optimization with guess, [0.25645172 0.0729906 ].
2019-08-01 09:09:10,880 - INFO - Best fit parameters: [0.51427041 0.08108317].
2019-08-01 09:09:10,888 - INFO - Maximum log composite likelihood: -21.46944484.
2019-08-01 09:09:10,888 - INFO - Optimal value of theta: 61.0853522811.
2019-08-01 09:09:10,888 - INFO - Beginning optimization with guess, [0.43808666 0.05862001].
2019-08-01 09:09:11,382 - INFO - Finished optimization with guess, [0.43808666 0.05862001].
2019-08-01 09:09:11,382 - INFO - Best fit parameters: [0.5147618  0.08136508].
2019-08-01 09:09:11,390 - INFO - Maximum log composite likelihood: -21.4694409116.
2019-08-01 09:09:11,390 - INFO - Optimal value of theta: 61.0917286523.
2019-08-01 09:09:11,390 - INFO - Beginning optimization with guess, [0.48683543 0.11077968].
2019-08-01 09:09:11,844 - INFO - Finished optimization with guess, [0.48683543 0.11077968].
2019-08-01 09:09:11,844 - INFO - Best fit parameters: [0.51465352 0.08122741].
2019-08-01 09:09:11,852 - INFO - Maximum log composite likelihood: -21.4694419543.
2019-08-01 09:09:11,852 - INFO - Optimal value of theta: 61.0848160779.
2019-08-01 09:09:11,852 - INFO - Beginning optimization with guess, [0.87608558 0.07565864].
2019-08-01 09:09:12,012 - INFO - Finished optimization with guess, [0.87608558 0.07565864].
2019-08-01 09:09:12,013 - INFO - Best fit parameters: [0.51344642 0.08062904].
2019-08-01 09:09:12,020 - INFO - Maximum log composite likelihood: -21.469454391.
2019-08-01 09:09:12,020 - INFO - Optimal value of theta: 61.0758129778.
2019-08-01 09:09:12,021 - INFO - Beginning optimization with guess, [0.38190599 0.18298608].
2019-08-01 09:09:12,620 - INFO - Finished optimization with guess, [0.38190599 0.18298608].
2019-08-01 09:09:12,620 - INFO - Best fit parameters: [0.51496647 0.08151859].
2019-08-01 09:09:12,628 - INFO - Maximum log composite likelihood: -21.4694398659.
2019-08-01 09:09:12,628 - INFO - Optimal value of theta: 61.096982411.
2019-08-01 09:09:12,628 - INFO - Beginning optimization with guess, [0.7987047  0.15340724].
2019-08-01 09:09:13,249 - INFO - Finished optimization with guess, [0.7987047  0.15340724].
2019-08-01 09:09:13,249 - INFO - Best fit parameters: [0.51591789 0.08174395].
2019-08-01 09:09:13,257 - INFO - Maximum log composite likelihood: -21.4694376247.
2019-08-01 09:09:13,257 - INFO - Optimal value of theta: 61.0857981167.
2019-08-01 09:09:13,257 - INFO - Beginning optimization with guess, [0.28905575 0.07627352].
2019-08-01 09:09:14,022 - INFO - Finished optimization with guess, [0.28905575 0.07627352].
2019-08-01 09:09:14,022 - INFO - Best fit parameters: [0.51428625 0.08109096].
2019-08-01 09:09:14,030 - INFO - Maximum log composite likelihood: -21.4694446966.
2019-08-01 09:09:14,030 - INFO - Optimal value of theta: 61.0854646748.
2019-08-01 09:09:14,031 - INFO - Beginning optimization with guess, [0.50203581 0.13629821].
2019-08-01 09:09:14,646 - INFO - Finished optimization with guess, [0.50203581 0.13629821].
2019-08-01 09:09:14,646 - INFO - Best fit parameters: [0.51612666 0.08192086].
2019-08-01 09:09:14,654 - INFO - Maximum log composite likelihood: -21.4694365645.
2019-08-01 09:09:14,654 - INFO - Optimal value of theta: 61.0925470554.
2019-08-01 09:09:14,654 - INFO - Beginning optimization with guess, [0.38420819 0.08083688].
2019-08-01 09:09:15,241 - INFO - Finished optimization with guess, [0.38420819 0.08083688].
2019-08-01 09:09:15,241 - INFO - Best fit parameters: [0.51486117 0.081189  ].
2019-08-01 09:09:15,249 - INFO - Maximum log composite likelihood: -21.4694425722.
2019-08-01 09:09:15,249 - INFO - Optimal value of theta: 61.0760054968.
2019-08-01 09:09:15,249 - INFO - Beginning optimization with guess, [0.82842913 0.12987988].
2019-08-01 09:09:16,025 - INFO - Finished optimization with guess, [0.82842913 0.12987988].
2019-08-01 09:09:16,025 - INFO - Best fit parameters: [0.51447118 0.08119474].
2019-08-01 09:09:16,033 - INFO - Maximum log composite likelihood: -21.4694430728.
2019-08-01 09:09:16,033 - INFO - Optimal value of theta: 61.0877053372.
2019-08-01 09:09:16,033 - INFO - Beginning optimization with guess, [0.37132855 0.07904496].
2019-08-01 09:09:16,574 - INFO - Finished optimization with guess, [0.37132855 0.07904496].
2019-08-01 09:09:16,575 - INFO - Best fit parameters: [0.51542939 0.0815868 ].
2019-08-01 09:09:16,582 - INFO - Maximum log composite likelihood: -21.469437862.
2019-08-01 09:09:16,583 - INFO - Optimal value of theta: 61.0885375907.
2019-08-01 09:09:16,583 - INFO - Beginning optimization with guess, [0.3124655  0.11110801].
2019-08-01 09:09:16,855 - INFO - Finished optimization with guess, [0.3124655  0.11110801].
2019-08-01 09:09:16,855 - INFO - Best fit parameters: [0.5142749  0.08108589].
2019-08-01 09:09:16,863 - INFO - Maximum log composite likelihood: -21.4694447971.
2019-08-01 09:09:16,863 - INFO - Optimal value of theta: 61.0854214425.
2019-08-01 09:09:16,863 - INFO - Beginning optimization with guess, [0.25476141 0.09076625].
2019-08-01 09:09:17,405 - INFO - Finished optimization with guess, [0.25476141 0.09076625].
2019-08-01 09:09:17,405 - INFO - Best fit parameters: [0.51438427 0.0812419 ].
2019-08-01 09:09:17,413 - INFO - Maximum log composite likelihood: -21.4694439767.
2019-08-01 09:09:17,413 - INFO - Optimal value of theta: 61.0936690532.
2019-08-01 09:09:17,414 - INFO - Beginning optimization with guess, [0.55585834 0.14835879].
2019-08-01 09:09:18,099 - INFO - Finished optimization with guess, [0.55585834 0.14835879].
2019-08-01 09:09:18,099 - INFO - Best fit parameters: [0.51564    0.08159769].
2019-08-01 09:09:18,107 - INFO - Maximum log composite likelihood: -21.4694383716.
2019-08-01 09:09:18,107 - INFO - Optimal value of theta: 61.0832361978.
2019-08-01 09:09:18,107 - INFO - Beginning optimization with guess, [0.88396856 0.11116937].
2019-08-01 09:09:18,562 - INFO - Finished optimization with guess, [0.88396856 0.11116937].
2019-08-01 09:09:18,562 - INFO - Best fit parameters: [0.51604583 0.08185246].
2019-08-01 09:09:18,570 - INFO - Maximum log composite likelihood: -21.4694368776.
2019-08-01 09:09:18,570 - INFO - Optimal value of theta: 61.0899454598.
2019-08-01 09:09:18,570 - INFO - Beginning optimization with guess, [0.51877108 0.12329133].
2019-08-01 09:09:19,006 - INFO - Finished optimization with guess, [0.51877108 0.12329133].
2019-08-01 09:09:19,006 - INFO - Best fit parameters: [0.51599852 0.08181397].
2019-08-01 09:09:19,014 - INFO - Maximum log composite likelihood: -21.4694370974.
2019-08-01 09:09:19,015 - INFO - Optimal value of theta: 61.0885314303.
2019-08-01 09:09:19,015 - INFO - Beginning optimization with guess, [0.32950434 0.0703231 ].
2019-08-01 09:09:19,465 - INFO - Finished optimization with guess, [0.32950434 0.0703231 ].
2019-08-01 09:09:19,465 - INFO - Best fit parameters: [0.51435312 0.0811364 ].
2019-08-01 09:09:19,473 - INFO - Maximum log composite likelihood: -21.4694440629.
2019-08-01 09:09:19,473 - INFO - Optimal value of theta: 61.0868553946.
2019-08-01 09:09:19,473 - INFO - Beginning optimization with guess, [0.66901123 0.05678816].
2019-08-01 09:09:21,123 - INFO - Finished optimization with guess, [0.66901123 0.05678816].
2019-08-01 09:09:21,123 - INFO - Best fit parameters: [0.51443834 0.08117583].
2019-08-01 09:09:21,131 - INFO - Maximum log composite likelihood: -21.4694433485.
2019-08-01 09:09:21,131 - INFO - Optimal value of theta: 61.0872730554.
2019-08-01 09:09:21,131 - INFO - Beginning optimization with guess, [0.29830958 0.08132748].
2019-08-01 09:09:21,943 - INFO - Finished optimization with guess, [0.29830958 0.08132748].
2019-08-01 09:09:21,943 - INFO - Best fit parameters: [0.51481248 0.08138084].
2019-08-01 09:09:21,950 - INFO - Maximum log composite likelihood: -21.4694405745.
2019-08-01 09:09:21,951 - INFO - Optimal value of theta: 61.0914107597.
2019-08-01 09:09:21,951 - INFO - Beginning optimization with guess, [0.90500251 0.15368749].
2019-08-01 09:09:22,662 - INFO - Finished optimization with guess, [0.90500251 0.15368749].
2019-08-01 09:09:22,663 - INFO - Best fit parameters: [0.51427588 0.0810856 ].
2019-08-01 09:09:22,671 - INFO - Maximum log composite likelihood: -21.4694447914.
2019-08-01 09:09:22,671 - INFO - Optimal value of theta: 61.0853722669.
2019-08-01 09:09:22,671 - INFO - Beginning optimization with guess, [0.53793069 0.12257356].
2019-08-01 09:09:23,262 - INFO - Finished optimization with guess, [0.53793069 0.12257356].
2019-08-01 09:09:23,263 - INFO - Best fit parameters: [0.51598387 0.08182239].
2019-08-01 09:09:23,270 - INFO - Maximum log composite likelihood: -21.469436927.
2019-08-01 09:09:23,270 - INFO - Optimal value of theta: 61.0895643064.
2019-08-01 09:09:23,271 - INFO - Beginning optimization with guess, [0.27146867 0.07408641].
2019-08-01 09:09:23,810 - INFO - Finished optimization with guess, [0.27146867 0.07408641].
2019-08-01 09:09:23,810 - INFO - Best fit parameters: [0.51482692 0.08141204].
2019-08-01 09:09:23,818 - INFO - Maximum log composite likelihood: -21.4694405171.
2019-08-01 09:09:23,818 - INFO - Optimal value of theta: 61.0932658932.
2019-08-01 09:09:23,818 - INFO - Beginning optimization with guess, [0.65413847 0.08047465].
2019-08-01 09:09:24,497 - INFO - Finished optimization with guess, [0.65413847 0.08047465].
2019-08-01 09:09:24,497 - INFO - Best fit parameters: [0.51457763 0.08139786].
2019-08-01 09:09:24,504 - INFO - Maximum log composite likelihood: -21.4694430699.
2019-08-01 09:09:24,505 - INFO - Optimal value of theta: 61.0994537898.
2019-08-01 09:09:24,505 - INFO - Beginning optimization with guess, [0.42981481 0.08190922].
2019-08-01 09:09:24,798 - INFO - Finished optimization with guess, [0.42981481 0.08190922].
2019-08-01 09:09:24,798 - INFO - Best fit parameters: [0.51427011 0.08108298].
2019-08-01 09:09:24,805 - INFO - Maximum log composite likelihood: -21.4694448429.
2019-08-01 09:09:24,806 - INFO - Optimal value of theta: 61.0853475799.
2019-08-01 09:09:24,806 - INFO - Beginning optimization with guess, [0.29889985 0.09485083].
2019-08-01 09:09:26,002 - INFO - Finished optimization with guess, [0.29889985 0.09485083].
2019-08-01 09:09:26,002 - INFO - Best fit parameters: [0.51450323 0.08118542].
2019-08-01 09:09:26,010 - INFO - Maximum log composite likelihood: -21.4694429059.
2019-08-01 09:09:26,010 - INFO - Optimal value of theta: 61.0860965006.
2019-08-01 09:09:26,011 - INFO - Beginning optimization with guess, [0.37764135 0.12404499].
2019-08-01 09:09:26,579 - INFO - Finished optimization with guess, [0.37764135 0.12404499].
2019-08-01 09:09:26,581 - INFO - Best fit parameters: [0.51502711 0.08153139].
2019-08-01 09:09:26,587 - INFO - Maximum log composite likelihood: -21.4694394344.
2019-08-01 09:09:26,588 - INFO - Optimal value of theta: 61.0961572242.
2019-08-01 09:09:26,588 - INFO - Beginning optimization with guess, [0.83531642 0.05324507].
2019-08-01 09:09:27,238 - INFO - Finished optimization with guess, [0.83531642 0.05324507].
2019-08-01 09:09:27,238 - INFO - Best fit parameters: [0.51429453 0.08109552].
2019-08-01 09:09:27,246 - INFO - Maximum log composite likelihood: -21.4694446202.
2019-08-01 09:09:27,246 - INFO - Optimal value of theta: 61.0855589659.
2019-08-01 09:09:27,246 - INFO - Beginning optimization with guess, [0.31293286 0.07067937].
2019-08-01 09:09:28,055 - INFO - Finished optimization with guess, [0.31293286 0.07067937].
2019-08-01 09:09:28,055 - INFO - Best fit parameters: [0.51550376 0.08176326].
2019-08-01 09:09:28,063 - INFO - Maximum log composite likelihood: -21.4694374235.
2019-08-01 09:09:28,063 - INFO - Optimal value of theta: 61.0991834871.
2019-08-01 09:09:28,064 - INFO - Beginning optimization with guess, [0.37980398 0.09451522].
2019-08-01 09:09:28,698 - INFO - Finished optimization with guess, [0.37980398 0.09451522].
2019-08-01 09:09:28,698 - INFO - Best fit parameters: [0.51591495 0.081875  ].
2019-08-01 09:09:28,705 - INFO - Maximum log composite likelihood: -21.46943641.
2019-08-01 09:09:28,706 - INFO - Optimal value of theta: 61.095362337.
2019-08-01 09:09:28,706 - INFO - Beginning optimization with guess, [0.69100322 0.06317137].
2019-08-01 09:09:29,370 - INFO - Finished optimization with guess, [0.69100322 0.06317137].
2019-08-01 09:09:29,370 - INFO - Best fit parameters: [0.51431218 0.0811068 ].
2019-08-01 09:09:29,378 - INFO - Maximum log composite likelihood: -21.4694444525.
2019-08-01 09:09:29,378 - INFO - Optimal value of theta: 61.0858737945.
2019-08-01 09:09:29,378 - INFO - Beginning optimization with guess, [0.38213933 0.07735466].
2019-08-01 09:09:29,857 - INFO - Finished optimization with guess, [0.38213933 0.07735466].
2019-08-01 09:09:29,857 - INFO - Best fit parameters: [0.51448662 0.08126247].
2019-08-01 09:09:29,865 - INFO - Maximum log composite likelihood: -21.4694429922.
2019-08-01 09:09:29,865 - INFO - Optimal value of theta: 61.0922081637.
2019-08-01 09:09:29,866 - INFO - Beginning optimization with guess, [0.65900788 0.11521297].
2019-08-01 09:09:30,468 - INFO - Finished optimization with guess, [0.65900788 0.11521297].
2019-08-01 09:09:30,468 - INFO - Best fit parameters: [0.51567808 0.08172291].
2019-08-01 09:09:30,475 - INFO - Maximum log composite likelihood: -21.469437004.
2019-08-01 09:09:30,476 - INFO - Optimal value of theta: 61.0912121845.
2019-08-01 09:09:30,476 - INFO - Beginning optimization with guess, [0.9998996  0.10872918].
2019-08-01 09:09:31,006 - INFO - Finished optimization with guess, [0.9998996  0.10872918].
2019-08-01 09:09:31,006 - INFO - Best fit parameters: [0.51444698 0.08116229].
2019-08-01 09:09:31,014 - INFO - Maximum log composite likelihood: -21.4694433419.
2019-08-01 09:09:31,014 - INFO - Optimal value of theta: 61.0860331151.
2019-08-01 09:09:31,015 - INFO - Beginning optimization with guess, [0.48602087 0.0868774 ].
2019-08-01 09:09:31,474 - INFO - Finished optimization with guess, [0.48602087 0.0868774 ].
2019-08-01 09:09:31,474 - INFO - Best fit parameters: [0.51578176 0.08164207].
2019-08-01 09:09:31,482 - INFO - Maximum log composite likelihood: -21.4694384855.
2019-08-01 09:09:31,482 - INFO - Optimal value of theta: 61.0823548503.
2019-08-01 09:09:31,483 - INFO - Beginning optimization with guess, [0.84075603 0.10480612].
2019-08-01 09:09:32,036 - INFO - Finished optimization with guess, [0.84075603 0.10480612].
2019-08-01 09:09:32,036 - INFO - Best fit parameters: [0.51428424 0.08109687].
2019-08-01 09:09:32,044 - INFO - Maximum log composite likelihood: -21.4694446886.
2019-08-01 09:09:32,044 - INFO - Optimal value of theta: 61.0859557438.
2019-08-01 09:09:32,045 - INFO - Beginning optimization with guess, [0.79709384 0.07644631].
2019-08-01 09:09:32,458 - INFO - Finished optimization with guess, [0.79709384 0.07644631].
2019-08-01 09:09:32,458 - INFO - Best fit parameters: [0.5141964  0.08101207].
2019-08-01 09:09:32,466 - INFO - Maximum log composite likelihood: -21.4694457393.
2019-08-01 09:09:32,466 - INFO - Optimal value of theta: 61.0822849507.
2019-08-01 09:09:32,466 - INFO - Beginning optimization with guess, [0.35471209 0.05086011].
2019-08-01 09:09:32,920 - INFO - Finished optimization with guess, [0.35471209 0.05086011].
2019-08-01 09:09:32,924 - INFO - Best fit parameters: [0.51435111 0.08112496].
2019-08-01 09:09:32,930 - INFO - Maximum log composite likelihood: -21.4694441141.
2019-08-01 09:09:32,931 - INFO - Optimal value of theta: 61.0860763077.
2019-08-01 09:09:32,931 - INFO - Beginning optimization with guess, [0.66307966 0.10474158].
2019-08-01 09:09:33,482 - INFO - Finished optimization with guess, [0.66307966 0.10474158].
2019-08-01 09:09:33,483 - INFO - Best fit parameters: [0.51448324 0.0811419 ].
2019-08-01 09:09:33,490 - INFO - Maximum log composite likelihood: -21.4694432912.
2019-08-01 09:09:33,491 - INFO - Optimal value of theta: 61.0834923325.
2019-08-01 09:09:33,491 - INFO - Beginning optimization with guess, [0.69021959 0.06634808].
2019-08-01 09:09:34,588 - INFO - Finished optimization with guess, [0.69021959 0.06634808].
2019-08-01 09:09:34,588 - INFO - Best fit parameters: [0.51512514 0.08146277].
2019-08-01 09:09:34,596 - INFO - Maximum log composite likelihood: -21.4694389997.
2019-08-01 09:09:34,596 - INFO - Optimal value of theta: 61.088326849.
2019-08-01 09:09:34,596 - INFO - Beginning optimization with guess, [0.33867294 0.07858326].
2019-08-01 09:09:34,847 - INFO - Finished optimization with guess, [0.33867294 0.07858326].
2019-08-01 09:09:34,850 - INFO - Best fit parameters: [0.51426193 0.08107867].
2019-08-01 09:09:34,857 - INFO - Maximum log composite likelihood: -21.4694449186.
2019-08-01 09:09:34,857 - INFO - Optimal value of theta: 61.085268144.
2019-08-01 09:09:34,857 - INFO - Beginning optimization with guess, [0.45061329 0.16616991].
2019-08-01 09:09:35,185 - INFO - Finished optimization with guess, [0.45061329 0.16616991].
2019-08-01 09:09:35,186 - INFO - Best fit parameters: [0.51426381 0.0810792 ].
2019-08-01 09:09:35,193 - INFO - Maximum log composite likelihood: -21.4694449031.
2019-08-01 09:09:35,194 - INFO - Optimal value of theta: 61.0852527757.
2019-08-01 09:09:35,194 - INFO - Beginning optimization with guess, [0.42220697 0.15475208].
2019-08-01 09:09:35,934 - INFO - Finished optimization with guess, [0.42220697 0.15475208].
2019-08-01 09:09:35,934 - INFO - Best fit parameters: [0.51574323 0.08164974].
2019-08-01 09:09:35,942 - INFO - Maximum log composite likelihood: -21.4694380859.
2019-08-01 09:09:35,942 - INFO - Optimal value of theta: 61.0840255184.
2019-08-01 09:09:35,942 - INFO - Beginning optimization with guess, [0.89485987 0.15622977].
2019-08-01 09:09:36,525 - INFO - Finished optimization with guess, [0.89485987 0.15622977].
2019-08-01 09:09:36,525 - INFO - Best fit parameters: [0.51497917 0.08139088].
2019-08-01 09:09:36,533 - INFO - Maximum log composite likelihood: -21.4694397922.
2019-08-01 09:09:36,533 - INFO - Optimal value of theta: 61.0873171778.
2019-08-01 09:09:36,534 - INFO - Beginning optimization with guess, [0.46719119 0.07797643].
2019-08-01 09:09:36,830 - INFO - Finished optimization with guess, [0.46719119 0.07797643].
2019-08-01 09:09:36,830 - INFO - Best fit parameters: [0.51427001 0.08108298].
2019-08-01 09:09:36,838 - INFO - Maximum log composite likelihood: -21.4694448436.
2019-08-01 09:09:36,838 - INFO - Optimal value of theta: 61.0853500494.
2019-08-01 09:09:36,839 - INFO - Beginning optimization with guess, [0.68616602 0.05840624].
2019-08-01 09:09:37,982 - INFO - Finished optimization with guess, [0.68616602 0.05840624].
2019-08-01 09:09:37,982 - INFO - Best fit parameters: [0.51533164 0.08156126].
2019-08-01 09:09:37,990 - INFO - Maximum log composite likelihood: -21.469438074.
2019-08-01 09:09:37,990 - INFO - Optimal value of theta: 61.0895118023.
2019-08-01 09:09:37,991 - INFO - Beginning optimization with guess, [0.74545219 0.06994281].
2019-08-01 09:09:38,998 - INFO - Finished optimization with guess, [0.74545219 0.06994281].
2019-08-01 09:09:38,999 - INFO - Best fit parameters: [0.51430461 0.08109894].
2019-08-01 09:09:39,006 - INFO - Maximum log composite likelihood: -21.4694445363.
2019-08-01 09:09:39,007 - INFO - Optimal value of theta: 61.0855179603.
2019-08-01 09:09:39,007 - INFO - Beginning optimization with guess, [0.69875928 0.08357356].
2019-08-01 09:09:39,627 - INFO - Finished optimization with guess, [0.69875928 0.08357356].
2019-08-01 09:09:39,627 - INFO - Best fit parameters: [0.51613849 0.08202986].
2019-08-01 09:09:39,635 - INFO - Maximum log composite likelihood: -21.4694362525.
2019-08-01 09:09:39,635 - INFO - Optimal value of theta: 61.1000704476.
2019-08-01 09:09:39,636 - INFO - Beginning optimization with guess, [0.55788322 0.18603241].
2019-08-01 09:09:40,359 - INFO - Finished optimization with guess, [0.55788322 0.18603241].
2019-08-01 09:09:40,359 - INFO - Best fit parameters: [0.51511896 0.08147978].
2019-08-01 09:09:40,368 - INFO - Maximum log composite likelihood: -21.4694389223.
2019-08-01 09:09:40,368 - INFO - Optimal value of theta: 61.089743728.
2019-08-01 09:09:40,368 - INFO - Beginning optimization with guess, [0.88066786 0.05726604].
2019-08-01 09:09:40,997 - INFO - Finished optimization with guess, [0.88066786 0.05726604].
2019-08-01 09:09:40,997 - INFO - Best fit parameters: [0.51460073 0.08135388].
2019-08-01 09:09:41,005 - INFO - Maximum log composite likelihood: -21.4694423275.
2019-08-01 09:09:41,006 - INFO - Optimal value of theta: 61.0955765602.
2019-08-01 09:09:41,006 - INFO - Beginning optimization with guess, [0.32243062 0.05710981].
2019-08-01 09:09:41,366 - INFO - Finished optimization with guess, [0.32243062 0.05710981].
2019-08-01 09:09:41,366 - INFO - Best fit parameters: [0.51426998 0.08108293].
2019-08-01 09:09:41,374 - INFO - Maximum log composite likelihood: -21.4694448441.
2019-08-01 09:09:41,374 - INFO - Optimal value of theta: 61.0853473341.
2019-08-01 09:09:41,375 - INFO - Beginning optimization with guess, [0.77624595 0.13094757].
2019-08-01 09:09:42,014 - INFO - Finished optimization with guess, [0.77624595 0.13094757].
2019-08-01 09:09:42,014 - INFO - Best fit parameters: [0.51543514 0.08147395].
2019-08-01 09:09:42,022 - INFO - Maximum log composite likelihood: -21.4694394847.
2019-08-01 09:09:42,022 - INFO - Optimal value of theta: 61.0801733083.
2019-08-01 09:09:42,022 - INFO - Beginning optimization with guess, [0.5373721  0.10637846].
2019-08-01 09:09:42,386 - INFO - Finished optimization with guess, [0.5373721  0.10637846].
2019-08-01 09:09:42,386 - INFO - Best fit parameters: [0.51600853 0.08200192].
2019-08-01 09:09:42,394 - INFO - Maximum log composite likelihood: -21.4694364332.
2019-08-01 09:09:42,394 - INFO - Optimal value of theta: 61.101819235.
2019-08-01 09:09:42,394 - INFO - Beginning optimization with guess, [0.58585807 0.11783828].
2019-08-01 09:09:42,873 - INFO - Finished optimization with guess, [0.58585807 0.11783828].
2019-08-01 09:09:42,873 - INFO - Best fit parameters: [0.5146997  0.08132055].
2019-08-01 09:09:42,880 - INFO - Maximum log composite likelihood: -21.4694413311.
2019-08-01 09:09:42,881 - INFO - Optimal value of theta: 61.0902790628.
2019-08-01 09:09:42,881 - INFO - Beginning optimization with guess, [0.77927205 0.1007728 ].
2019-08-01 09:09:43,562 - INFO - Finished optimization with guess, [0.77927205 0.1007728 ].
2019-08-01 09:09:43,563 - INFO - Best fit parameters: [0.51454313 0.08116569].
2019-08-01 09:09:43,570 - INFO - Maximum log composite likelihood: -21.4694428584.
2019-08-01 09:09:43,570 - INFO - Optimal value of theta: 61.0834989944.
2019-08-01 09:09:43,571 - INFO - Beginning optimization with guess, [0.90652778 0.09250063].
2019-08-01 09:09:44,002 - INFO - Finished optimization with guess, [0.90652778 0.09250063].
2019-08-01 09:09:44,002 - INFO - Best fit parameters: [0.51427076 0.08108599].
2019-08-01 09:09:44,010 - INFO - Maximum log composite likelihood: -21.4694448261.
2019-08-01 09:09:44,010 - INFO - Optimal value of theta: 61.0855491197.
2019-08-01 09:09:44,011 - INFO - Beginning optimization with guess, [0.3856785  0.05186368].
2019-08-01 09:09:44,525 - INFO - Finished optimization with guess, [0.3856785  0.05186368].
2019-08-01 09:09:44,525 - INFO - Best fit parameters: [0.51506061 0.08150159].
2019-08-01 09:09:44,533 - INFO - Maximum log composite likelihood: -21.4694391256.
2019-08-01 09:09:44,533 - INFO - Optimal value of theta: 61.0930196024.
2019-08-01 09:09:44,533 - INFO - Beginning optimization with guess, [0.42984726 0.07056494].
2019-08-01 09:09:45,253 - INFO - Finished optimization with guess, [0.42984726 0.07056494].
2019-08-01 09:09:45,253 - INFO - Best fit parameters: [0.51587499 0.08173761].
2019-08-01 09:09:45,261 - INFO - Maximum log composite likelihood: -21.4694374674.
2019-08-01 09:09:45,261 - INFO - Optimal value of theta: 61.086580166.
2019-08-01 09:09:45,262 - INFO - Beginning optimization with guess, [0.47246909 0.072383  ].
2019-08-01 09:09:46,143 - INFO - Finished optimization with guess, [0.47246909 0.072383  ].
2019-08-01 09:09:46,143 - INFO - Best fit parameters: [0.5143739  0.08108869].
2019-08-01 09:09:46,151 - INFO - Maximum log composite likelihood: -21.4694442094.
2019-08-01 09:09:46,151 - INFO - Optimal value of theta: 61.082761868.
2019-08-01 09:09:46,151 - INFO - Beginning optimization with guess, [0.2870994  0.05846396].
2019-08-01 09:09:46,620 - INFO - Finished optimization with guess, [0.2870994  0.05846396].
2019-08-01 09:09:46,620 - INFO - Best fit parameters: [0.51443017 0.08106439].
2019-08-01 09:09:46,628 - INFO - Maximum log composite likelihood: -21.469444307.
2019-08-01 09:09:46,628 - INFO - Optimal value of theta: 61.0793556461.
2019-08-01 09:09:46,628 - INFO - Beginning optimization with guess, [0.9096117 0.0767565].
2019-08-01 09:09:46,968 - INFO - Finished optimization with guess, [0.9096117 0.0767565].
2019-08-01 09:09:46,968 - INFO - Best fit parameters: [0.51452843 0.08121049].
2019-08-01 09:09:46,976 - INFO - Maximum log composite likelihood: -21.4694426529.
2019-08-01 09:09:46,976 - INFO - Optimal value of theta: 61.0871997719.
2019-08-01 09:09:46,977 - INFO - Finished demographic inference.
2019-08-01 09:09:46,977 - INFO - Beginning DFE inference.
2019-08-01 09:09:48,241 - INFO - Beginning optimization with guess, [1.77476139e-01 2.02483727e+02].
2019-08-01 09:09:53,672 - INFO - Finished optomization, results are [-22.345316907260724 array([ 0.25588771, 67.51744306])].
2019-08-01 09:09:53,682 - INFO - Beginning optimization with guess, [4.57811978e-02 2.16168639e+02].
2019-08-01 09:09:55,466 - INFO - Finished optomization, results are [-22.345321919245627 array([ 0.25582404, 67.59599288])].
2019-08-01 09:09:55,466 - INFO - Beginning optimization with guess, [ 0.16264702 77.58884913].
2019-08-01 09:09:59,990 - INFO - Finished optomization, results are [-22.345317340959465 array([ 0.25585549, 67.58466888])].
2019-08-01 09:09:59,991 - INFO - Beginning optimization with guess, [ 0.10939754 84.89521317].
2019-08-01 09:10:04,625 - INFO - Finished optomization, results are [-22.34532190871972 array([ 0.25582414, 67.59588295])].
2019-08-01 09:10:04,636 - INFO - Beginning optimization with guess, [ 0.10207576 75.73146568].
2019-08-01 09:10:09,820 - INFO - Finished optomization, results are [-22.345321866594706 array([ 0.25582466, 67.59514114])].
2019-08-01 09:10:09,820 - INFO - Beginning optimization with guess, [5.29385105e-02 1.20308129e+02].
2019-08-01 09:10:13,723 - INFO - Finished optomization, results are [-22.34530643227958 array([ 0.25597317, 67.45288033])].
2019-08-01 09:10:13,724 - INFO - Beginning optimization with guess, [7.01804610e-02 1.32692747e+02].
2019-08-01 09:10:18,486 - INFO - Finished optomization, results are [-22.345317532120838 array([ 0.2559063, 67.4830119])].
2019-08-01 09:10:18,487 - INFO - Beginning optimization with guess, [ 0.11033976 74.23877287].
2019-08-01 09:10:19,236 - INFO - Finished optomization, results are [-22.345321936080822 array([ 0.2558239 , 67.59609335])].
2019-08-01 09:10:19,237 - INFO - Beginning optimization with guess, [ 0.10220504 91.56110484].
2019-08-01 09:10:20,054 - INFO - Finished optomization, results are [-22.345321921460762 array([ 0.25582402, 67.59599398])].
2019-08-01 09:10:20,054 - INFO - Beginning optimization with guess, [5.11643980e-02 1.25380236e+02].
2019-08-01 09:10:21,030 - INFO - Finished optomization, results are [-22.345321919179487 array([ 0.25582404, 67.59599255])].
2019-08-01 09:10:21,030 - INFO - Beginning optimization with guess, [4.82740747e-02 1.19587329e+02].
2019-08-01 09:10:26,963 - INFO - Finished optomization, results are [-22.345321785851347 array([ 0.25582807, 67.58792017])].
2019-08-01 09:10:26,974 - INFO - Beginning optimization with guess, [  0.1628719  118.99866763].
2019-08-01 09:10:34,993 - INFO - Finished optomization, results are [-22.345320580088654 array([ 0.2558398 , 67.57580695])].
2019-08-01 09:10:35,004 - INFO - Beginning optimization with guess, [1.48837398e-01 1.79995349e+02].
2019-08-01 09:10:37,118 - INFO - Finished optomization, results are [-22.345321918553182 array([ 0.25582404, 67.59599013])].
2019-08-01 09:10:37,135 - INFO - Beginning optimization with guess, [ 0.10897612 81.80694614].
2019-08-01 09:10:38,703 - INFO - Finished optomization, results are [-22.34532192968822 array([ 0.25582396, 67.5960337 ])].
2019-08-01 09:10:38,704 - INFO - Beginning optimization with guess, [5.66346138e-02 1.06991038e+02].
2019-08-01 09:10:40,655 - INFO - Finished optomization, results are [-22.345321919163265 array([ 0.25582403, 67.5959952 ])].
2019-08-01 09:10:40,655 - INFO - Beginning optimization with guess, [ 0.12363718 77.44726826].
2019-08-01 09:10:42,081 - INFO - Finished optomization, results are [-22.345321936273763 array([ 0.2558239 , 67.59609311])].
2019-08-01 09:10:42,081 - INFO - Beginning optimization with guess, [9.70235389e-02 2.42881490e+02].
2019-08-01 09:10:54,555 - INFO - Finished optomization, results are [-22.34532187027049 array([ 0.25582454, 67.59540752])].
2019-08-01 09:10:54,564 - INFO - Beginning optimization with guess, [1.42615340e-01 2.09938816e+02].
2019-08-01 09:10:56,091 - INFO - Finished optomization, results are [-22.345321917221554 array([ 0.25582405, 67.59597794])].
2019-08-01 09:10:56,091 - INFO - Beginning optimization with guess, [4.64130815e-02 1.29794177e+02].
2019-08-01 09:10:57,312 - INFO - Finished optomization, results are [-22.34532192264385 array([ 0.25582401, 67.59601443])].
2019-08-01 09:10:57,313 - INFO - Beginning optimization with guess, [1.75077500e-01 1.91907909e+02].
2019-08-01 09:10:58,098 - INFO - Finished optomization, results are [-22.345321922017387 array([ 0.25582401, 67.59601034])].
2019-08-01 09:10:58,098 - INFO - Beginning optimization with guess, [8.70926362e-02 1.20513986e+02].
2019-08-01 09:11:04,841 - INFO - Finished optomization, results are [-22.34531863851648 array([ 0.25585956, 67.55494262])].
2019-08-01 09:11:04,841 - INFO - Beginning optimization with guess, [  0.17417106 132.2231176 ].
2019-08-01 09:11:05,612 - INFO - Finished optomization, results are [-22.34532190414336 array([ 0.25582416, 67.59588954])].
2019-08-01 09:11:05,612 - INFO - Beginning optimization with guess, [1.28661328e-01 1.71197412e+02].
2019-08-01 09:11:06,429 - INFO - Finished optomization, results are [-22.345321918748716 array([ 0.25582404, 67.59598921])].
2019-08-01 09:11:06,429 - INFO - Beginning optimization with guess, [1.27671265e-01 2.39189525e+02].
2019-08-01 09:11:10,933 - INFO - Finished optomization, results are [-22.345320994553084 array([ 0.25584356, 67.56353456])].
2019-08-01 09:11:10,934 - INFO - Beginning optimization with guess, [7.49305796e-02 2.46320773e+02].
2019-08-01 09:11:20,576 - INFO - Finished optomization, results are [-22.345321769233152 array([ 0.25582537, 67.59472523])].
2019-08-01 09:11:20,582 - INFO - Beginning optimization with guess, [  0.14433217 128.84702951].
2019-08-01 09:11:22,591 - INFO - Finished optomization, results are [-22.3453219190607 array([ 0.25582404, 67.59599342])].
2019-08-01 09:11:22,591 - INFO - Beginning optimization with guess, [ 0.10874462 97.33376843].
2019-08-01 09:11:24,677 - INFO - Finished optomization, results are [-22.345321916196227 array([ 0.25582407, 67.59594902])].
2019-08-01 09:11:24,687 - INFO - Beginning optimization with guess, [1.31185307e-01 1.48711380e+02].
2019-08-01 09:11:26,202 - INFO - Finished optomization, results are [-22.34532191901082 array([ 0.25582404, 67.59598835])].
2019-08-01 09:11:26,202 - INFO - Beginning optimization with guess, [4.76335906e-02 1.45900833e+02].
2019-08-01 09:11:27,683 - INFO - Finished optomization, results are [-22.345321919183302 array([ 0.25582404, 67.5959925 ])].
2019-08-01 09:11:27,694 - INFO - Beginning optimization with guess, [6.60248587e-02 2.68979143e+02].
2019-08-01 09:11:33,892 - INFO - Finished optomization, results are [-22.345299352135758 array([ 0.25618562, 67.20172617])].
2019-08-01 09:11:33,893 - INFO - Beginning optimization with guess, [9.67819320e-02 1.43986567e+02].
2019-08-01 09:11:34,981 - INFO - Finished optomization, results are [-22.345321916893234 array([ 0.25582406, 67.59596744])].
2019-08-01 09:11:34,982 - INFO - Beginning optimization with guess, [5.59489890e-02 1.65855964e+02].
2019-08-01 09:11:41,171 - INFO - Finished optomization, results are [-22.3453219012648 array([ 0.25582508, 67.59361678])].
2019-08-01 09:11:41,172 - INFO - Beginning optimization with guess, [9.08645316e-02 2.44534731e+02].
2019-08-01 09:11:49,710 - INFO - Finished optomization, results are [-22.34527993780994 array([ 0.25628172, 67.16466708])].
2019-08-01 09:11:49,711 - INFO - Beginning optimization with guess, [4.70342829e-02 2.01313368e+02].
2019-08-01 09:11:52,858 - INFO - Finished optomization, results are [-22.345321619756383 array([ 0.25582779, 67.59075047])].
2019-08-01 09:11:52,858 - INFO - Beginning optimization with guess, [1.16718449e-01 1.51950558e+02].
2019-08-01 09:11:59,127 - INFO - Finished optomization, results are [-22.345284562343537 array([ 0.25622867, 67.21067875])].
2019-08-01 09:11:59,127 - INFO - Beginning optimization with guess, [8.44587262e-02 1.43890039e+02].
2019-08-01 09:12:03,820 - INFO - Finished optomization, results are [-22.34527091651207 array([ 0.25649827, 66.94648126])].
2019-08-01 09:12:03,821 - INFO - Beginning optimization with guess, [4.64089453e-02 1.08098112e+02].
2019-08-01 09:12:04,853 - INFO - Finished optomization, results are [-22.345321920745658 array([ 0.25582402, 67.59601015])].
2019-08-01 09:12:04,854 - INFO - Beginning optimization with guess, [1.54703022e-01 1.94506362e+02].
2019-08-01 09:12:09,273 - INFO - Finished optomization, results are [-22.34530197319386 array([ 0.25602094, 67.40679972])].
2019-08-01 09:12:09,274 - INFO - Beginning optimization with guess, [6.09742021e-02 1.65941469e+02].
2019-08-01 09:12:10,023 - INFO - Finished optomization, results are [-22.345321919892886 array([ 0.25582403, 67.5959971 ])].
2019-08-01 09:12:10,023 - INFO - Beginning optimization with guess, [  0.16122125 106.51750094].
2019-08-01 09:12:10,705 - INFO - Finished optomization, results are [-22.34532191660574 array([ 0.25582407, 67.59595376])].
2019-08-01 09:12:10,705 - INFO - Beginning optimization with guess, [1.12058249e-01 2.12744709e+02].
2019-08-01 09:12:15,999 - INFO - Finished optomization, results are [-22.34530842376753 array([ 0.25597711, 67.43162799])].
2019-08-01 09:12:16,000 - INFO - Beginning optimization with guess, [5.17924035e-02 2.82160821e+02].
2019-08-01 09:12:21,786 - INFO - Finished optomization, results are [-22.345297152511826 array([ 0.25609443, 67.32649692])].
2019-08-01 09:12:21,786 - INFO - Beginning optimization with guess, [1.16605007e-01 2.10197765e+02].
2019-08-01 09:12:22,606 - INFO - Finished optomization, results are [-22.345321907056235 array([ 0.25582414, 67.59589579])].
2019-08-01 09:12:22,607 - INFO - Beginning optimization with guess, [1.03965975e-01 1.37317272e+02].
2019-08-01 09:12:23,492 - INFO - Finished optomization, results are [-22.345321918211297 array([ 0.25582405, 67.59597651])].
2019-08-01 09:12:23,493 - INFO - Beginning optimization with guess, [1.06649158e-01 1.29995998e+02].
2019-08-01 09:12:24,378 - INFO - Finished optomization, results are [-22.34532191918247 array([ 0.25582404, 67.59599008])].
2019-08-01 09:12:24,379 - INFO - Beginning optimization with guess, [1.50705277e-01 1.91925056e+02].
2019-08-01 09:12:25,196 - INFO - Finished optomization, results are [-22.345321919064283 array([ 0.25582403, 67.5960189 ])].
2019-08-01 09:12:25,196 - INFO - Beginning optimization with guess, [1.25844544e-01 1.53392745e+02].
2019-08-01 09:12:25,946 - INFO - Finished optomization, results are [-22.345321919066347 array([ 0.25582404, 67.59598039])].
2019-08-01 09:12:25,946 - INFO - Beginning optimization with guess, [ 0.17930346 75.12557119].
2019-08-01 09:12:26,559 - INFO - Finished optomization, results are [-22.345321921924054 array([ 0.25582401, 67.59602081])].
2019-08-01 09:12:26,560 - INFO - Beginning optimization with guess, [5.24349645e-02 8.30148940e+01].
2019-08-01 09:12:30,810 - INFO - Finished optomization, results are [-22.345321905854863 array([ 0.25582437, 67.59532112])].
2019-08-01 09:12:30,811 - INFO - Beginning optimization with guess, [1.08988319e-01 1.64821307e+02].
2019-08-01 09:12:37,153 - INFO - Finished optomization, results are [-22.34528485123613 array([ 0.25626469, 67.16341364])].
2019-08-01 09:12:37,155 - INFO - Beginning optimization with guess, [  0.16055898 156.37975051].
2019-08-01 09:12:37,904 - INFO - Finished optomization, results are [-22.34532194339305 array([ 0.25582383, 67.59616037])].
2019-08-01 09:12:37,904 - INFO - Beginning optimization with guess, [5.55804504e-02 2.23255756e+02].
2019-08-01 09:12:43,621 - INFO - Finished optomization, results are [-22.345318350527357 array([ 0.25585948, 67.55827363])].
2019-08-01 09:12:43,621 - INFO - Beginning optimization with guess, [  0.16723907 148.36100621].
2019-08-01 09:12:44,371 - INFO - Finished optomization, results are [-22.345321921829246 array([ 0.25582401, 67.59601026])].
2019-08-01 09:12:44,371 - INFO - Beginning optimization with guess, [1.30629579e-01 2.57947071e+02].
2019-08-01 09:12:49,412 - INFO - Finished optomization, results are [-22.345321877934097 array([ 0.25582464, 67.59503369])].
2019-08-01 09:12:49,412 - INFO - Beginning optimization with guess, [4.91877018e-02 2.34106139e+02].
2019-08-01 09:12:50,520 - INFO - Finished optomization, results are [-22.3453219187627 array([ 0.25582404, 67.59598721])].
2019-08-01 09:12:50,520 - INFO - Beginning optimization with guess, [9.91456789e-02 2.25619284e+02].
2019-08-01 09:12:56,225 - INFO - Finished optomization, results are [-22.34532171922304 array([ 0.25582591, 67.59406374])].
2019-08-01 09:12:56,226 - INFO - Beginning optimization with guess, [1.33816004e-01 1.79427154e+02].
2019-08-01 09:13:03,830 - INFO - Finished optomization, results are [-22.345297632454546 array([ 0.25627968, 67.10123741])].
2019-08-01 09:13:03,831 - INFO - Beginning optimization with guess, [8.08032846e-02 9.09943280e+01].
2019-08-01 09:13:04,685 - INFO - Finished optomization, results are [-22.34532190080536 array([ 0.25582419, 67.59586331])].
2019-08-01 09:13:04,686 - INFO - Beginning optimization with guess, [1.29263401e-01 1.71971229e+02].
2019-08-01 09:13:05,617 - INFO - Finished optomization, results are [-22.345321919126533 array([ 0.25582404, 67.59599195])].
2019-08-01 09:13:05,618 - INFO - Beginning optimization with guess, [8.65113572e-02 1.22670692e+02].
2019-08-01 09:13:11,436 - INFO - Finished optomization, results are [-22.345315898699265 array([ 0.25588759, 67.52633501])].
2019-08-01 09:13:11,437 - INFO - Beginning optimization with guess, [1.17513199e-01 2.68272380e+02].
2019-08-01 09:13:18,032 - INFO - Finished optomization, results are [-22.345320629740705 array([ 0.25583535, 67.5856415 ])].
2019-08-01 09:13:18,032 - INFO - Beginning optimization with guess, [7.00269283e-02 9.38427419e+01].
2019-08-01 09:13:23,930 - INFO - Finished optomization, results are [-22.34532185578429 array([ 0.25582483, 67.59488173])].
2019-08-01 09:13:23,931 - INFO - Beginning optimization with guess, [8.43233264e-02 8.70166796e+01].
2019-08-01 09:13:24,785 - INFO - Finished optomization, results are [-22.34532191925256 array([ 0.25582404, 67.59599305])].
2019-08-01 09:13:24,785 - INFO - Beginning optimization with guess, [1.52567754e-01 1.99397483e+02].
2019-08-01 09:13:31,068 - INFO - Finished optomization, results are [-22.34529248263513 array([ 0.25611628, 67.32328738])].
2019-08-01 09:13:31,069 - INFO - Beginning optimization with guess, [1.26426305e-01 1.36796680e+02].
2019-08-01 09:13:31,922 - INFO - Finished optomization, results are [-22.345321933279177 array([ 0.25582391, 67.59609991])].
2019-08-01 09:13:31,923 - INFO - Beginning optimization with guess, [1.32770313e-01 1.72817040e+02].
2019-08-01 09:13:37,508 - INFO - Finished optomization, results are [-22.345321860051683 array([ 0.25582459, 67.59542652])].
2019-08-01 09:13:37,508 - INFO - Beginning optimization with guess, [4.55943222e-02 1.55349467e+02].
2019-08-01 09:13:38,711 - INFO - Finished optomization, results are [-22.345321919244952 array([ 0.25582403, 67.59599485])].
2019-08-01 09:13:38,711 - INFO - Beginning optimization with guess, [ 0.17623079 76.52391955].
2019-08-01 09:13:39,410 - INFO - Finished optomization, results are [-22.345321914325574 array([ 0.25582408, 67.59595335])].
2019-08-01 09:13:39,410 - INFO - Beginning optimization with guess, [7.48518355e-02 1.60822223e+02].
2019-08-01 09:13:45,538 - INFO - Finished optomization, results are [-22.34532110465162 array([ 0.25583085, 67.59029795])].
2019-08-01 09:13:45,540 - INFO - Beginning optimization with guess, [ 0.10295664 86.13041415].
2019-08-01 09:13:52,520 - INFO - Finished optomization, results are [-22.345312822016787 array([ 0.25590856, 67.51537273])].
2019-08-01 09:13:52,521 - INFO - Beginning optimization with guess, [1.74841787e-01 2.34377254e+02].
2019-08-01 09:13:53,297 - INFO - Finished optomization, results are [-22.345321923728093 array([ 0.255824  , 67.59600906])].
2019-08-01 09:13:53,297 - INFO - Beginning optimization with guess, [7.56007741e-02 1.82749898e+02].
2019-08-01 09:13:59,660 - INFO - Finished optomization, results are [-22.345256722623176 array([ 0.25696302, 66.51839265])].
2019-08-01 09:13:59,660 - INFO - Beginning optimization with guess, [  0.16975037 126.73817718].
2019-08-01 09:14:00,514 - INFO - Finished optomization, results are [-22.345321916933433 array([ 0.25582405, 67.59597738])].
2019-08-01 09:14:00,514 - INFO - Beginning optimization with guess, [1.18620071e-01 2.31933463e+02].
2019-08-01 09:14:01,446 - INFO - Finished optomization, results are [-22.345321919225928 array([ 0.25582404, 67.59599268])].
2019-08-01 09:14:01,447 - INFO - Beginning optimization with guess, [1.17837049e-01 1.67824716e+02].
2019-08-01 09:14:07,578 - INFO - Finished optomization, results are [-22.345321913498417 array([ 0.25582401, 67.59614828])].
2019-08-01 09:14:07,579 - INFO - Beginning optimization with guess, [1.67796064e-01 2.11206487e+02].
2019-08-01 09:14:08,355 - INFO - Finished optomization, results are [-22.34532191835833 array([ 0.25582404, 67.59598312])].
2019-08-01 09:14:08,355 - INFO - Beginning optimization with guess, [4.66858159e-02 2.17731192e+02].
2019-08-01 09:14:13,785 - INFO - Finished optomization, results are [-22.345321543438235 array([ 0.2558274 , 67.59279454])].
2019-08-01 09:14:13,785 - INFO - Beginning optimization with guess, [4.67183109e-02 1.98768542e+02].
2019-08-01 09:14:19,786 - INFO - Finished optomization, results are [-22.34532182411588 array([ 0.25582586, 67.59273021])].
2019-08-01 09:14:19,788 - INFO - Beginning optimization with guess, [7.33052570e-02 2.64605742e+02].
2019-08-01 09:14:20,719 - INFO - Finished optomization, results are [-22.345321906749092 array([ 0.25582415, 67.59588795])].
2019-08-01 09:14:20,719 - INFO - Beginning optimization with guess, [  0.14038449 108.79540321].
2019-08-01 09:14:21,573 - INFO - Finished optomization, results are [-22.345321919364046 array([ 0.25582403, 67.59599468])].
2019-08-01 09:14:21,573 - INFO - Beginning optimization with guess, [5.08730300e-02 9.91539969e+01].
2019-08-01 09:14:27,183 - INFO - Finished optomization, results are [-22.345321812204716 array([ 0.25582619, 67.59207991])].
2019-08-01 09:14:27,183 - INFO - Beginning optimization with guess, [6.91980400e-02 1.06291588e+02].
2019-08-01 09:14:28,037 - INFO - Finished optomization, results are [-22.345321914444938 array([ 0.25582408, 67.59594589])].
2019-08-01 09:14:28,038 - INFO - Beginning optimization with guess, [1.21097189e-01 2.35681916e+02].
2019-08-01 09:14:34,398 - INFO - Finished optomization, results are [-22.345319706899573 array([ 0.25584269, 67.58021256])].
2019-08-01 09:14:34,399 - INFO - Beginning optimization with guess, [5.52553251e-02 1.92767442e+02].
2019-08-01 09:14:35,407 - INFO - Finished optomization, results are [-22.345321928295057 array([ 0.25582396, 67.59605753])].
2019-08-01 09:14:35,408 - INFO - Beginning optimization with guess, [1.38004951e-01 2.14579311e+02].
2019-08-01 09:14:36,339 - INFO - Finished optomization, results are [-22.345321917345956 array([ 0.25582406, 67.5959666 ])].
2019-08-01 09:14:36,340 - INFO - Beginning optimization with guess, [1.09066161e-01 2.86930193e+02].
2019-08-01 09:14:37,271 - INFO - Finished optomization, results are [-22.34532191994407 array([ 0.25582403, 67.59599415])].
2019-08-01 09:14:37,272 - INFO - Beginning optimization with guess, [5.50513798e-02 1.06237742e+02].
2019-08-01 09:14:43,166 - INFO - Finished optomization, results are [-22.345319376516795 array([ 0.25588351, 67.5067083 ])].
2019-08-01 09:14:43,168 - INFO - Beginning optimization with guess, [6.05706599e-02 1.92781467e+02].
2019-08-01 09:14:44,012 - INFO - Finished optomization, results are [-22.345321918458886 array([ 0.25582405, 67.59597424])].
2019-08-01 09:14:44,013 - INFO - Beginning optimization with guess, [7.15964090e-02 9.52821528e+01].
2019-08-01 09:14:49,130 - INFO - Finished optomization, results are [-22.345321889897942 array([ 0.25582431, 67.59570531])].
2019-08-01 09:14:49,130 - INFO - Beginning optimization with guess, [6.75484520e-02 1.97289596e+02].
2019-08-01 09:14:53,247 - INFO - Finished optomization, results are [-22.345253387727382 array([ 0.25693795, 66.55028215])].
2019-08-01 09:14:53,248 - INFO - Beginning optimization with guess, [5.61367862e-02 1.82614626e+02].
2019-08-01 09:14:59,581 - INFO - Finished optomization, results are [-22.345283881309946 array([ 0.25622493, 67.21933935])].
2019-08-01 09:14:59,582 - INFO - Beginning optimization with guess, [1.40866224e-01 2.22393491e+02].
2019-08-01 09:15:04,855 - INFO - Finished optomization, results are [-22.345321909025344 array([ 0.25582409, 67.59600343])].
2019-08-01 09:15:04,856 - INFO - Beginning optimization with guess, [1.02616871e-01 1.41956375e+02].
2019-08-01 09:15:05,865 - INFO - Finished optomization, results are [-22.345321919710244 array([ 0.25582403, 67.59599829])].
2019-08-01 09:15:05,865 - INFO - Beginning optimization with guess, [ 0.1268547  84.14378669].
2019-08-01 09:15:06,797 - INFO - Finished optomization, results are [-22.345321918809713 array([ 0.25582404, 67.59598793])].
2019-08-01 09:15:06,797 - INFO - Beginning optimization with guess, [1.02474406e-01 1.56211756e+02].
2019-08-01 09:15:07,883 - INFO - Finished optomization, results are [-22.345321919079776 array([ 0.25582404, 67.59599239])].
2019-08-01 09:15:07,884 - INFO - Beginning optimization with guess, [ 0.1174409  89.47883162].
2019-08-01 09:15:08,815 - INFO - Finished optomization, results are [-22.345321917189434 array([ 0.25582405, 67.5959738 ])].
2019-08-01 09:15:08,816 - INFO - Beginning optimization with guess, [1.05439134e-01 2.42387755e+02].
2019-08-01 09:15:15,700 - INFO - Finished optomization, results are [-22.34531280464831 array([ 0.25590685, 67.51911582])].
2019-08-01 09:15:15,701 - INFO - Beginning optimization with guess, [1.00337883e-01 1.22969059e+02].
2019-08-01 09:15:21,364 - INFO - Finished optomization, results are [-22.34531314140586 array([ 0.25591359, 67.50256052])].
2019-08-01 09:15:21,364 - INFO - Beginning optimization with guess, [1.23361004e-01 1.76508259e+02].
2019-08-01 09:15:25,156 - INFO - Finished optomization, results are [-22.345321915495475 array([ 0.25582405, 67.59601274])].
2019-08-01 09:15:25,156 - INFO - Beginning optimization with guess, [6.11230145e-02 1.87147522e+02].
2019-08-01 09:15:25,840 - INFO - Finished optomization, results are [-22.34532191343417 array([ 0.25582409, 67.59593789])].
2019-08-01 09:15:25,840 - INFO - Finished DFE inference.
2019-08-01 09:15:25,840 - INFO - Integrating expected site-frequency spectrum.
2019-08-01 09:15:25,855 - INFO - Outputing results.
2019-08-01 09:15:25,859 - INFO - Pipeline executed succesfully.
