2019-08-01 12:46:53,773 - INFO - Beginning execution of fitdadi_infer_DFE.py in directory /u/home/j/jonmah/lohmueller_lab/Scripts

2019-08-01 12:46:53,773 - INFO - Progress is being logged to ../Data/AW_array_2000/seed_16_fitdadi_output/log.log

2019-08-01 12:46:53,773 - INFO - Parsed the following arguments:
	breed = AW
	outprefix = ../Data/AW_array_2000/seed_16_fitdadi_output/
	nonsyn_input_sfs = ../Data/AW_array_2000/seed_16_easySFS_output_nonsyn/dadi/pop1.sfs
	syn_input_sfs = ../Data/AW_array_2000/seed_16_easySFS_output_syn/dadi/pop1.sfs

2019-08-01 12:46:53,778 - INFO - Beginning optimization with guess, [0.49355899 0.12899584].
2019-08-01 12:46:54,179 - INFO - Finished optimization with guess, [0.49355899 0.12899584].
2019-08-01 12:46:54,180 - INFO - Best fit parameters: [0.15888498 0.00247527].
2019-08-01 12:46:54,186 - INFO - Maximum log composite likelihood: -24.6067585139.
2019-08-01 12:46:54,186 - INFO - Optimal value of theta: 54.672469448.
2019-08-01 12:46:54,186 - INFO - Beginning optimization with guess, [0.28002589 0.08169847].
2019-08-01 12:46:54,520 - INFO - Finished optimization with guess, [0.28002589 0.08169847].
2019-08-01 12:46:54,520 - INFO - Best fit parameters: [0.09726262 0.00147361].
2019-08-01 12:46:54,527 - INFO - Maximum log composite likelihood: -24.6030967416.
2019-08-01 12:46:54,527 - INFO - Optimal value of theta: 54.7481313862.
2019-08-01 12:46:54,527 - INFO - Beginning optimization with guess, [0.71868405 0.10818745].
2019-08-01 12:46:54,861 - INFO - Finished optimization with guess, [0.71868405 0.10818745].
2019-08-01 12:46:54,861 - INFO - Best fit parameters: [0.09845267 0.00145255].
2019-08-01 12:46:54,868 - INFO - Maximum log composite likelihood: -24.6031146945.
2019-08-01 12:46:54,868 - INFO - Optimal value of theta: 54.7028041195.
2019-08-01 12:46:54,868 - INFO - Beginning optimization with guess, [0.80074339 0.06524807].
2019-08-01 12:46:55,199 - INFO - Finished optimization with guess, [0.80074339 0.06524807].
2019-08-01 12:46:55,199 - INFO - Best fit parameters: [0.0107632  0.00014798].
2019-08-01 12:46:55,206 - INFO - Maximum log composite likelihood: -24.598691015.
2019-08-01 12:46:55,206 - INFO - Optimal value of theta: 54.7470650693.
2019-08-01 12:46:55,206 - INFO - Beginning optimization with guess, [0.49168404 0.06125112].
2019-08-01 12:46:55,539 - INFO - Finished optimization with guess, [0.49168404 0.06125112].
2019-08-01 12:46:55,539 - INFO - Best fit parameters: [0.04090753 0.00051094].
2019-08-01 12:46:55,546 - INFO - Maximum log composite likelihood: -24.6031928017.
2019-08-01 12:46:55,546 - INFO - Optimal value of theta: 54.5459618312.
2019-08-01 12:46:55,546 - INFO - Beginning optimization with guess, [0.25347209 0.07642216].
2019-08-01 12:46:55,879 - INFO - Finished optimization with guess, [0.25347209 0.07642216].
2019-08-01 12:46:55,880 - INFO - Best fit parameters: [0.02460532 0.00034574].
2019-08-01 12:46:55,886 - INFO - Maximum log composite likelihood: -24.5993066509.
2019-08-01 12:46:55,886 - INFO - Optimal value of theta: 54.7586968914.
2019-08-01 12:46:55,887 - INFO - Beginning optimization with guess, [0.45847048 0.09658571].
2019-08-01 12:46:56,242 - INFO - Finished optimization with guess, [0.45847048 0.09658571].
2019-08-01 12:46:56,243 - INFO - Best fit parameters: [0.1295999  0.00204447].
2019-08-01 12:46:56,250 - INFO - Maximum log composite likelihood: -24.6050946049.
2019-08-01 12:46:56,250 - INFO - Optimal value of theta: 54.7507232056.
2019-08-01 12:46:56,250 - INFO - Beginning optimization with guess, [0.67865555 0.13612961].
2019-08-01 12:46:56,612 - INFO - Finished optimization with guess, [0.67865555 0.13612961].
2019-08-01 12:46:56,612 - INFO - Best fit parameters: [0.06601023 0.00093243].
2019-08-01 12:46:56,619 - INFO - Maximum log composite likelihood: -24.6014767473.
2019-08-01 12:46:56,619 - INFO - Optimal value of theta: 54.692787912.
2019-08-01 12:46:56,619 - INFO - Beginning optimization with guess, [0.64735971 0.11243713].
2019-08-01 12:46:56,979 - INFO - Finished optimization with guess, [0.64735971 0.11243713].
2019-08-01 12:46:56,979 - INFO - Best fit parameters: [0.04135481 0.00058939].
2019-08-01 12:46:56,986 - INFO - Maximum log composite likelihood: -24.6001075694.
2019-08-01 12:46:56,987 - INFO - Optimal value of theta: 54.7519870973.
2019-08-01 12:46:56,987 - INFO - Beginning optimization with guess, [0.55782293 0.11243697].
2019-08-01 12:46:57,348 - INFO - Finished optimization with guess, [0.55782293 0.11243697].
2019-08-01 12:46:57,349 - INFO - Best fit parameters: [0.1214401  0.00184679].
2019-08-01 12:46:57,356 - INFO - Maximum log composite likelihood: -24.604427228.
2019-08-01 12:46:57,356 - INFO - Optimal value of theta: 54.7074894093.
2019-08-01 12:46:57,356 - INFO - Beginning optimization with guess, [0.55880897 0.08987664].
2019-08-01 12:46:57,715 - INFO - Finished optimization with guess, [0.55880897 0.08987664].
2019-08-01 12:46:57,716 - INFO - Best fit parameters: [0.09783953 0.00147646].
2019-08-01 12:46:57,722 - INFO - Maximum log composite likelihood: -24.603101674.
2019-08-01 12:46:57,723 - INFO - Optimal value of theta: 54.7404999244.
2019-08-01 12:46:57,723 - INFO - Beginning optimization with guess, [0.82172332 0.16181434].
2019-08-01 12:46:58,088 - INFO - Finished optimization with guess, [0.82172332 0.16181434].
2019-08-01 12:46:58,088 - INFO - Best fit parameters: [0.14850702 0.00217769].
2019-08-01 12:46:58,095 - INFO - Maximum log composite likelihood: -24.6066643416.
2019-08-01 12:46:58,095 - INFO - Optimal value of theta: 54.5997602237.
2019-08-01 12:46:58,095 - INFO - Beginning optimization with guess, [0.3991464  0.12500075].
2019-08-01 12:46:58,456 - INFO - Finished optimization with guess, [0.3991464  0.12500075].
2019-08-01 12:46:58,456 - INFO - Best fit parameters: [0.17122311 0.00276733].
2019-08-01 12:46:58,463 - INFO - Maximum log composite likelihood: -24.6074425758.
2019-08-01 12:46:58,463 - INFO - Optimal value of theta: 54.7058605666.
2019-08-01 12:46:58,463 - INFO - Beginning optimization with guess, [0.74581689 0.13057446].
2019-08-01 12:46:58,825 - INFO - Finished optimization with guess, [0.74581689 0.13057446].
2019-08-01 12:46:58,825 - INFO - Best fit parameters: [0.10601736 0.00160254].
2019-08-01 12:46:58,832 - INFO - Maximum log composite likelihood: -24.6035424327.
2019-08-01 12:46:58,832 - INFO - Optimal value of theta: 54.72749328.
2019-08-01 12:46:58,832 - INFO - Beginning optimization with guess, [0.3134137  0.05838271].
2019-08-01 12:46:59,187 - INFO - Finished optimization with guess, [0.3134137  0.05838271].
2019-08-01 12:46:59,187 - INFO - Best fit parameters: [5.83637331e-03 8.01362222e-05].
2019-08-01 12:46:59,194 - INFO - Maximum log composite likelihood: -24.5984617407.
2019-08-01 12:46:59,194 - INFO - Optimal value of theta: 54.753476393.
2019-08-01 12:46:59,195 - INFO - Beginning optimization with guess, [0.78329689 0.1254457 ].
2019-08-01 12:46:59,556 - INFO - Finished optimization with guess, [0.78329689 0.1254457 ].
2019-08-01 12:46:59,556 - INFO - Best fit parameters: [0.06592067 0.00088329].
2019-08-01 12:46:59,563 - INFO - Maximum log composite likelihood: -24.6024958861.
2019-08-01 12:46:59,563 - INFO - Optimal value of theta: 54.6103467579.
2019-08-01 12:46:59,563 - INFO - Beginning optimization with guess, [0.55108606 0.10537829].
2019-08-01 12:46:59,925 - INFO - Finished optimization with guess, [0.55108606 0.10537829].
2019-08-01 12:46:59,925 - INFO - Best fit parameters: [0.14109362 0.00202837].
2019-08-01 12:46:59,932 - INFO - Maximum log composite likelihood: -24.6064952102.
2019-08-01 12:46:59,933 - INFO - Optimal value of theta: 54.5838044452.
2019-08-01 12:46:59,933 - INFO - Beginning optimization with guess, [0.68254892 0.13974351].
2019-08-01 12:47:00,299 - INFO - Finished optimization with guess, [0.68254892 0.13974351].
2019-08-01 12:47:00,299 - INFO - Best fit parameters: [0.17780303 0.0029597 ].
2019-08-01 12:47:00,306 - INFO - Maximum log composite likelihood: -24.6076507974.
2019-08-01 12:47:00,307 - INFO - Optimal value of theta: 54.7405498456.
2019-08-01 12:47:00,307 - INFO - Beginning optimization with guess, [0.353354   0.05982502].
2019-08-01 12:47:00,662 - INFO - Finished optimization with guess, [0.353354   0.05982502].
2019-08-01 12:47:00,662 - INFO - Best fit parameters: [0.05547584 0.00076666].
2019-08-01 12:47:00,669 - INFO - Maximum log composite likelihood: -24.6011075263.
2019-08-01 12:47:00,669 - INFO - Optimal value of theta: 54.6766372787.
2019-08-01 12:47:00,669 - INFO - Beginning optimization with guess, [0.46789311 0.06275954].
2019-08-01 12:47:01,024 - INFO - Finished optimization with guess, [0.46789311 0.06275954].
2019-08-01 12:47:01,024 - INFO - Best fit parameters: [0.07948188 0.00111003].
2019-08-01 12:47:01,031 - INFO - Maximum log composite likelihood: -24.6024923563.
2019-08-01 12:47:01,031 - INFO - Optimal value of theta: 54.6506862631.
2019-08-01 12:47:01,032 - INFO - Beginning optimization with guess, [0.73529125 0.16520245].
2019-08-01 12:47:01,399 - INFO - Finished optimization with guess, [0.73529125 0.16520245].
2019-08-01 12:47:01,399 - INFO - Best fit parameters: [0.19441646 0.00299149].
2019-08-01 12:47:01,406 - INFO - Maximum log composite likelihood: -24.6095874795.
2019-08-01 12:47:01,406 - INFO - Optimal value of theta: 54.5840069766.
2019-08-01 12:47:01,406 - INFO - Beginning optimization with guess, [0.41529126 0.09978931].
2019-08-01 12:47:01,766 - INFO - Finished optimization with guess, [0.41529126 0.09978931].
2019-08-01 12:47:01,766 - INFO - Best fit parameters: [0.17700645 0.00277776].
2019-08-01 12:47:01,773 - INFO - Maximum log composite likelihood: -24.6079936618.
2019-08-01 12:47:01,774 - INFO - Optimal value of theta: 54.6478512829.
2019-08-01 12:47:01,774 - INFO - Beginning optimization with guess, [0.82102844 0.15793279].
2019-08-01 12:47:02,140 - INFO - Finished optimization with guess, [0.82102844 0.15793279].
2019-08-01 12:47:02,141 - INFO - Best fit parameters: [0.12886674 0.00206085].
2019-08-01 12:47:02,148 - INFO - Maximum log composite likelihood: -24.6052539387.
2019-08-01 12:47:02,148 - INFO - Optimal value of theta: 54.77467571.
2019-08-01 12:47:02,148 - INFO - Beginning optimization with guess, [0.31842085 0.06569006].
2019-08-01 12:47:02,505 - INFO - Finished optimization with guess, [0.31842085 0.06569006].
2019-08-01 12:47:02,505 - INFO - Best fit parameters: [0.01286174 0.00017818].
2019-08-01 12:47:02,512 - INFO - Maximum log composite likelihood: -24.5987687918.
2019-08-01 12:47:02,513 - INFO - Optimal value of theta: 54.7559737667.
2019-08-01 12:47:02,513 - INFO - Beginning optimization with guess, [0.94469551 0.11611375].
2019-08-01 12:47:02,875 - INFO - Finished optimization with guess, [0.94469551 0.11611375].
2019-08-01 12:47:02,876 - INFO - Best fit parameters: [0.13474748 0.00200277].
2019-08-01 12:47:02,883 - INFO - Maximum log composite likelihood: -24.605416689.
2019-08-01 12:47:02,883 - INFO - Optimal value of theta: 54.6460806484.
2019-08-01 12:47:02,883 - INFO - Beginning optimization with guess, [0.45135033 0.12045134].
2019-08-01 12:47:03,246 - INFO - Finished optimization with guess, [0.45135033 0.12045134].
2019-08-01 12:47:03,247 - INFO - Best fit parameters: [0.32209666 0.00657603].
2019-08-01 12:47:03,254 - INFO - Maximum log composite likelihood: -24.6179976821.
2019-08-01 12:47:03,254 - INFO - Optimal value of theta: 54.7385452321.
2019-08-01 12:47:03,255 - INFO - Beginning optimization with guess, [0.97741251 0.15181717].
2019-08-01 12:47:03,621 - INFO - Finished optimization with guess, [0.97741251 0.15181717].
2019-08-01 12:47:03,621 - INFO - Best fit parameters: [0.37147609 0.00787614].
2019-08-01 12:47:03,628 - INFO - Maximum log composite likelihood: -24.6216226143.
2019-08-01 12:47:03,628 - INFO - Optimal value of theta: 54.6705478739.
2019-08-01 12:47:03,628 - INFO - Beginning optimization with guess, [0.42994711 0.07921901].
2019-08-01 12:47:03,986 - INFO - Finished optimization with guess, [0.42994711 0.07921901].
2019-08-01 12:47:03,986 - INFO - Best fit parameters: [0.09953768 0.00138441].
2019-08-01 12:47:03,993 - INFO - Maximum log composite likelihood: -24.6040166294.
2019-08-01 12:47:03,993 - INFO - Optimal value of theta: 54.6087497481.
2019-08-01 12:47:03,993 - INFO - Beginning optimization with guess, [0.90177079 0.07069289].
2019-08-01 12:47:04,349 - INFO - Finished optimization with guess, [0.90177079 0.07069289].
2019-08-01 12:47:04,349 - INFO - Best fit parameters: [0.02987255 0.00041949].
2019-08-01 12:47:04,356 - INFO - Maximum log composite likelihood: -24.5995566595.
2019-08-01 12:47:04,356 - INFO - Optimal value of theta: 54.7481706646.
2019-08-01 12:47:04,356 - INFO - Beginning optimization with guess, [0.25197391 0.0544766 ].
2019-08-01 12:47:04,711 - INFO - Finished optimization with guess, [0.25197391 0.0544766 ].
2019-08-01 12:47:04,711 - INFO - Best fit parameters: [0.0421159  0.00060549].
2019-08-01 12:47:04,718 - INFO - Maximum log composite likelihood: -24.6001658973.
2019-08-01 12:47:04,719 - INFO - Optimal value of theta: 54.7651025337.
2019-08-01 12:47:04,719 - INFO - Beginning optimization with guess, [0.36031571 0.07082   ].
2019-08-01 12:47:05,075 - INFO - Finished optimization with guess, [0.36031571 0.07082   ].
2019-08-01 12:47:05,075 - INFO - Best fit parameters: [0.09294609 0.00129557].
2019-08-01 12:47:05,082 - INFO - Maximum log composite likelihood: -24.6034763711.
2019-08-01 12:47:05,082 - INFO - Optimal value of theta: 54.6237769007.
2019-08-01 12:47:05,082 - INFO - Beginning optimization with guess, [0.44568637 0.15805398].
2019-08-01 12:47:05,450 - INFO - Finished optimization with guess, [0.44568637 0.15805398].
2019-08-01 12:47:05,450 - INFO - Best fit parameters: [0.18996259 0.00314042].
2019-08-01 12:47:05,457 - INFO - Maximum log composite likelihood: -24.6083839883.
2019-08-01 12:47:05,458 - INFO - Optimal value of theta: 54.7037618561.
2019-08-01 12:47:05,458 - INFO - Beginning optimization with guess, [0.26866997 0.10443058].
2019-08-01 12:47:05,819 - INFO - Finished optimization with guess, [0.26866997 0.10443058].
2019-08-01 12:47:05,820 - INFO - Best fit parameters: [0.16939195 0.00274701].
2019-08-01 12:47:05,826 - INFO - Maximum log composite likelihood: -24.607299794.
2019-08-01 12:47:05,827 - INFO - Optimal value of theta: 54.7151300517.
2019-08-01 12:47:05,827 - INFO - Beginning optimization with guess, [0.4824174  0.05738648].
2019-08-01 12:47:06,184 - INFO - Finished optimization with guess, [0.4824174  0.05738648].
2019-08-01 12:47:06,184 - INFO - Best fit parameters: [0.11721096 0.00181195].
2019-08-01 12:47:06,191 - INFO - Maximum log composite likelihood: -24.60426407.
2019-08-01 12:47:06,192 - INFO - Optimal value of theta: 54.7422288585.
2019-08-01 12:47:06,192 - INFO - Beginning optimization with guess, [0.78915878 0.17341601].
2019-08-01 12:47:06,561 - INFO - Finished optimization with guess, [0.78915878 0.17341601].
2019-08-01 12:47:06,561 - INFO - Best fit parameters: [0.24611668 0.00458785].
2019-08-01 12:47:06,568 - INFO - Maximum log composite likelihood: -24.6122787997.
2019-08-01 12:47:06,568 - INFO - Optimal value of theta: 54.7758697669.
2019-08-01 12:47:06,568 - INFO - Beginning optimization with guess, [0.55825107 0.14835894].
2019-08-01 12:47:06,935 - INFO - Finished optimization with guess, [0.55825107 0.14835894].
2019-08-01 12:47:06,936 - INFO - Best fit parameters: [0.3909374  0.00869396].
2019-08-01 12:47:06,943 - INFO - Maximum log composite likelihood: -24.6235704239.
2019-08-01 12:47:06,943 - INFO - Optimal value of theta: 54.6923090898.
2019-08-01 12:47:06,943 - INFO - Beginning optimization with guess, [0.29960215 0.06772739].
2019-08-01 12:47:07,299 - INFO - Finished optimization with guess, [0.29960215 0.06772739].
2019-08-01 12:47:07,300 - INFO - Best fit parameters: [0.05610985 0.00080253].
2019-08-01 12:47:07,307 - INFO - Maximum log composite likelihood: -24.6008459552.
2019-08-01 12:47:07,307 - INFO - Optimal value of theta: 54.7309500533.
2019-08-01 12:47:07,307 - INFO - Beginning optimization with guess, [0.90571662 0.05241649].
2019-08-01 12:47:07,662 - INFO - Finished optimization with guess, [0.90571662 0.05241649].
2019-08-01 12:47:07,662 - INFO - Best fit parameters: [0.04500567 0.00061355].
2019-08-01 12:47:07,669 - INFO - Maximum log composite likelihood: -24.6006754238.
2019-08-01 12:47:07,669 - INFO - Optimal value of theta: 54.6733285691.
2019-08-01 12:47:07,669 - INFO - Beginning optimization with guess, [0.67462717 0.09327259].
2019-08-01 12:47:08,027 - INFO - Finished optimization with guess, [0.67462717 0.09327259].
2019-08-01 12:47:08,027 - INFO - Best fit parameters: [0.06809382 0.00097309].
2019-08-01 12:47:08,034 - INFO - Maximum log composite likelihood: -24.6015052844.
2019-08-01 12:47:08,034 - INFO - Optimal value of theta: 54.7076716243.
2019-08-01 12:47:08,035 - INFO - Beginning optimization with guess, [0.55125031 0.12870889].
2019-08-01 12:47:08,399 - INFO - Finished optimization with guess, [0.55125031 0.12870889].
2019-08-01 12:47:08,399 - INFO - Best fit parameters: [0.23160458 0.00387555].
2019-08-01 12:47:08,406 - INFO - Maximum log composite likelihood: -24.6111502821.
2019-08-01 12:47:08,406 - INFO - Optimal value of theta: 54.6354417414.
2019-08-01 12:47:08,407 - INFO - Beginning optimization with guess, [0.58809171 0.1128238 ].
2019-08-01 12:47:08,766 - INFO - Finished optimization with guess, [0.58809171 0.1128238 ].
2019-08-01 12:47:08,766 - INFO - Best fit parameters: [0.08866713 0.00114778].
2019-08-01 12:47:08,773 - INFO - Maximum log composite likelihood: -24.6056166145.
2019-08-01 12:47:08,773 - INFO - Optimal value of theta: 54.5209012909.
2019-08-01 12:47:08,774 - INFO - Beginning optimization with guess, [0.78715927 0.12981109].
2019-08-01 12:47:09,134 - INFO - Finished optimization with guess, [0.78715927 0.12981109].
2019-08-01 12:47:09,134 - INFO - Best fit parameters: [0.04882469 0.00062228].
2019-08-01 12:47:09,141 - INFO - Maximum log composite likelihood: -24.602941596.
2019-08-01 12:47:09,141 - INFO - Optimal value of theta: 54.5632579124.
2019-08-01 12:47:09,142 - INFO - Beginning optimization with guess, [0.26041893 0.19610049].
2019-08-01 12:47:09,538 - INFO - Finished optimization with guess, [0.26041893 0.19610049].
2019-08-01 12:47:09,538 - INFO - Best fit parameters: [0.84780746 0.07040651].
2019-08-01 12:47:09,545 - INFO - Maximum log composite likelihood: -24.7162121685.
2019-08-01 12:47:09,546 - INFO - Optimal value of theta: 54.3382968441.
2019-08-01 12:47:09,546 - INFO - Beginning optimization with guess, [0.60604931 0.06438709].
2019-08-01 12:47:09,902 - INFO - Finished optimization with guess, [0.60604931 0.06438709].
2019-08-01 12:47:09,902 - INFO - Best fit parameters: [0.04970247 0.00067916].
2019-08-01 12:47:09,909 - INFO - Maximum log composite likelihood: -24.6009296149.
2019-08-01 12:47:09,909 - INFO - Optimal value of theta: 54.6688527212.
2019-08-01 12:47:09,909 - INFO - Beginning optimization with guess, [0.72292944 0.17621267].
2019-08-01 12:47:10,279 - INFO - Finished optimization with guess, [0.72292944 0.17621267].
2019-08-01 12:47:10,279 - INFO - Best fit parameters: [0.16512799 0.00256379].
2019-08-01 12:47:10,286 - INFO - Maximum log composite likelihood: -24.6072015799.
2019-08-01 12:47:10,286 - INFO - Optimal value of theta: 54.6548862323.
2019-08-01 12:47:10,286 - INFO - Beginning optimization with guess, [0.43731215 0.09138564].
2019-08-01 12:47:10,644 - INFO - Finished optimization with guess, [0.43731215 0.09138564].
2019-08-01 12:47:10,644 - INFO - Best fit parameters: [0.12423026 0.00180088].
2019-08-01 12:47:10,651 - INFO - Maximum log composite likelihood: -24.6050088631.
2019-08-01 12:47:10,652 - INFO - Optimal value of theta: 54.6272936276.
2019-08-01 12:47:10,652 - INFO - Beginning optimization with guess, [0.93230248 0.08351565].
2019-08-01 12:47:11,008 - INFO - Finished optimization with guess, [0.93230248 0.08351565].
2019-08-01 12:47:11,009 - INFO - Best fit parameters: [0.16779403 0.00255255].
2019-08-01 12:47:11,015 - INFO - Maximum log composite likelihood: -24.6075874579.
2019-08-01 12:47:11,016 - INFO - Optimal value of theta: 54.6185248722.
2019-08-01 12:47:11,016 - INFO - Beginning optimization with guess, [0.33262518 0.12734188].
2019-08-01 12:47:11,375 - INFO - Finished optimization with guess, [0.33262518 0.12734188].
2019-08-01 12:47:11,375 - INFO - Best fit parameters: [0.06060337 0.00083787].
2019-08-01 12:47:11,382 - INFO - Maximum log composite likelihood: -24.6014238621.
2019-08-01 12:47:11,382 - INFO - Optimal value of theta: 54.6682582164.
2019-08-01 12:47:11,383 - INFO - Beginning optimization with guess, [0.36602241 0.07431072].
2019-08-01 12:47:11,738 - INFO - Finished optimization with guess, [0.36602241 0.07431072].
2019-08-01 12:47:11,738 - INFO - Best fit parameters: [0.01787936 0.00024614].
2019-08-01 12:47:11,745 - INFO - Maximum log composite likelihood: -24.5990349061.
2019-08-01 12:47:11,746 - INFO - Optimal value of theta: 54.7366727141.
2019-08-01 12:47:11,746 - INFO - Beginning optimization with guess, [0.46434703 0.08862349].
2019-08-01 12:47:12,105 - INFO - Finished optimization with guess, [0.46434703 0.08862349].
2019-08-01 12:47:12,106 - INFO - Best fit parameters: [0.26978553 0.00498537].
2019-08-01 12:47:12,112 - INFO - Maximum log composite likelihood: -24.6134798582.
2019-08-01 12:47:12,113 - INFO - Optimal value of theta: 54.7064036068.
2019-08-01 12:47:12,114 - INFO - Finished demographic inference.
2019-08-01 12:47:12,114 - INFO - Beginning DFE inference.
2019-08-01 12:47:12,988 - INFO - Beginning optimization with guess, [4.93537959e-02 1.34686709e+02].
2019-08-01 12:47:16,447 - INFO - Finished optomization, results are [-26.490522531201 array([9.84622391e-02, 3.40541025e+03])].
2019-08-01 12:47:16,455 - INFO - Beginning optimization with guess, [ 0.07573638 71.3414177 ].
2019-08-01 12:47:19,000 - INFO - Finished optomization, results are [-26.292198326371526 array([1.02180209e-01, 3.78669293e+03])].
2019-08-01 12:47:19,001 - INFO - Beginning optimization with guess, [7.99953207e-02 1.21659139e+02].
2019-08-01 12:47:25,039 - INFO - Finished optomization, results are [-26.362739323675996 array([1.06469633e-01, 3.34633624e+03])].
2019-08-01 12:47:25,056 - INFO - Beginning optimization with guess, [ 0.13351007 69.97013332].
2019-08-01 12:47:29,785 - INFO - Finished optomization, results are [-26.59551040322918 array([9.38608502e-02, 3.90133151e+03])].
2019-08-01 12:47:29,785 - INFO - Beginning optimization with guess, [7.11137056e-02 9.39706708e+01].
2019-08-01 12:47:37,048 - INFO - Finished optomization, results are [-26.339364939518347 array([9.98730203e-02, 3.73838439e+03])].
2019-08-01 12:47:37,062 - INFO - Beginning optimization with guess, [ 0.09787716 70.71997005].
2019-08-01 12:47:42,105 - INFO - Finished optomization, results are [-26.301771295155138 array([1.01985547e-01, 3.73479699e+03])].
2019-08-01 12:47:42,105 - INFO - Beginning optimization with guess, [6.60030480e-02 1.65525521e+02].
2019-08-01 12:47:47,546 - INFO - Finished optomization, results are [-26.34679504677652 array([1.00621081e-01, 3.62287182e+03])].
2019-08-01 12:47:47,547 - INFO - Beginning optimization with guess, [4.62458587e-02 1.09428577e+02].
2019-08-01 12:47:51,407 - INFO - Finished optomization, results are [-26.479852101252934 array([9.85802117e-02, 3.41927028e+03])].
2019-08-01 12:47:51,408 - INFO - Beginning optimization with guess, [7.41544130e-02 1.67640592e+02].
2019-08-01 12:47:54,555 - INFO - Finished optomization, results are [-26.352331754245213 array([1.05929908e-01, 3.38610202e+03])].
2019-08-01 12:47:54,555 - INFO - Beginning optimization with guess, [9.07848899e-02 1.51429340e+02].
2019-08-01 12:47:57,521 - INFO - Finished optomization, results are [-26.43224324042678 array([1.01527796e-01, 3.20433202e+03])].
2019-08-01 12:47:57,532 - INFO - Beginning optimization with guess, [ 0.17024831 86.21255171].
2019-08-01 12:48:01,977 - INFO - Finished optomization, results are [-26.36634408970411 array([1.01542636e-01, 3.44734347e+03])].
2019-08-01 12:48:01,978 - INFO - Beginning optimization with guess, [8.46864080e-02 9.23200458e+01].
2019-08-01 12:48:05,640 - INFO - Finished optomization, results are [-26.304731436036423 array([1.03545507e-01, 3.67503432e+03])].
2019-08-01 12:48:05,640 - INFO - Beginning optimization with guess, [9.81765986e-02 9.88435267e+01].
2019-08-01 12:48:10,632 - INFO - Finished optomization, results are [-26.31579214631884 array([9.91732043e-02, 3.92826143e+03])].
2019-08-01 12:48:10,632 - INFO - Beginning optimization with guess, [1.35606215e-01 1.43485461e+02].
2019-08-01 12:48:12,361 - INFO - Finished optomization, results are [-26.69972297562526 array([9.33898762e-02, 3.73568182e+03])].
2019-08-01 12:48:12,361 - INFO - Beginning optimization with guess, [4.74661416e-02 1.42742444e+02].
2019-08-01 12:48:15,799 - INFO - Finished optomization, results are [-26.43160267908882 array([9.65276886e-02, 3.88531068e+03])].
2019-08-01 12:48:15,799 - INFO - Beginning optimization with guess, [4.59127187e-02 2.11911038e+02].
2019-08-01 12:48:18,277 - INFO - Finished optomization, results are [-26.41253221483184 array([9.73580357e-02, 3.81242816e+03])].
2019-08-01 12:48:18,278 - INFO - Beginning optimization with guess, [1.00621954e-01 1.73341840e+02].
2019-08-01 12:48:20,319 - INFO - Finished optomization, results are [-26.407602012909038 array([9.79436404e-02, 3.73887349e+03])].
2019-08-01 12:48:20,319 - INFO - Beginning optimization with guess, [  0.1525218  105.49333204].
2019-08-01 12:48:23,615 - INFO - Finished optomization, results are [-26.355633152559435 array([9.92149795e-02, 3.75207867e+03])].
2019-08-01 12:48:23,615 - INFO - Beginning optimization with guess, [  0.1382341  123.37003329].
2019-08-01 12:48:27,039 - INFO - Finished optomization, results are [-26.572516040227665 array([9.43434631e-02, 3.86792260e+03])].
2019-08-01 12:48:27,040 - INFO - Beginning optimization with guess, [7.19150060e-02 2.15533778e+02].
2019-08-01 12:48:30,226 - INFO - Finished optomization, results are [-26.489306316140226 array([9.87771234e-02, 3.36496150e+03])].
2019-08-01 12:48:30,226 - INFO - Beginning optimization with guess, [4.72823717e-02 8.84276922e+01].
2019-08-01 12:48:32,437 - INFO - Finished optomization, results are [-26.707427459363977 array([9.31578484e-02, 3.76367400e+03])].
2019-08-01 12:48:32,439 - INFO - Beginning optimization with guess, [7.98577438e-02 1.44716611e+02].
2019-08-01 12:48:35,490 - INFO - Finished optomization, results are [-26.36940263996192 array([1.05813921e-01, 3.22892987e+03])].
2019-08-01 12:48:35,490 - INFO - Beginning optimization with guess, [1.60624731e-01 1.91442138e+02].
2019-08-01 12:48:38,760 - INFO - Finished optomization, results are [-26.415354888234273 array([9.84200837e-02, 3.64267356e+03])].
2019-08-01 12:48:38,761 - INFO - Beginning optimization with guess, [1.07595345e-01 1.59825701e+02].
2019-08-01 12:48:41,886 - INFO - Finished optomization, results are [-26.405929808476106 array([9.76004705e-02, 3.79699065e+03])].
2019-08-01 12:48:41,887 - INFO - Beginning optimization with guess, [7.22887221e-02 1.09378454e+02].
2019-08-01 12:48:44,738 - INFO - Finished optomization, results are [-26.337626210978996 array([1.04102277e-01, 3.43483287e+03])].
2019-08-01 12:48:44,738 - INFO - Beginning optimization with guess, [5.50683877e-02 2.33234512e+02].
2019-08-01 12:48:47,004 - INFO - Finished optomization, results are [-26.387767628780082 array([9.91777099e-02, 3.63442247e+03])].
2019-08-01 12:48:47,005 - INFO - Beginning optimization with guess, [8.51104926e-02 2.42507833e+02].
2019-08-01 12:48:49,031 - INFO - Finished optomization, results are [-26.31466164113897 array([1.00053024e-01, 3.83042234e+03])].
2019-08-01 12:48:49,031 - INFO - Beginning optimization with guess, [  0.15996932 122.19831098].
2019-08-01 12:48:52,240 - INFO - Finished optomization, results are [-26.36544120414961 array([9.82738426e-02, 3.84285212e+03])].
2019-08-01 12:48:52,240 - INFO - Beginning optimization with guess, [6.57573532e-02 1.43497195e+02].
2019-08-01 12:48:54,505 - INFO - Finished optomization, results are [-26.453842877437122 array([9.83210024e-02, 3.53347424e+03])].
2019-08-01 12:48:54,505 - INFO - Beginning optimization with guess, [ 0.1492449  91.36384817].
2019-08-01 12:48:56,443 - INFO - Finished optomization, results are [-26.47295985424245 array([1.00626397e-01, 3.17753302e+03])].
2019-08-01 12:48:56,444 - INFO - Beginning optimization with guess, [ 0.11333702 94.18856994].
2019-08-01 12:49:01,850 - INFO - Finished optomization, results are [-26.412654980898473 array([9.67140319e-02, 3.91722863e+03])].
2019-08-01 12:49:01,851 - INFO - Beginning optimization with guess, [  0.15350189 126.70940084].
2019-08-01 12:49:04,076 - INFO - Finished optomization, results are [-26.39579051426608 array([9.83044940e-02, 3.72672127e+03])].
2019-08-01 12:49:04,076 - INFO - Beginning optimization with guess, [5.01823919e-02 1.91094885e+02].
2019-08-01 12:49:06,907 - INFO - Finished optomization, results are [-26.332229188355807 array([9.95078409e-02, 3.81310363e+03])].
2019-08-01 12:49:06,908 - INFO - Beginning optimization with guess, [7.90602502e-02 8.74701411e+01].
2019-08-01 12:49:08,587 - INFO - Finished optomization, results are [-26.438112695035166 array([9.97797245e-02, 3.38578430e+03])].
2019-08-01 12:49:08,587 - INFO - Beginning optimization with guess, [  0.17440449 143.60568355].
2019-08-01 12:49:14,139 - INFO - Finished optomization, results are [-26.33230610587793 array([9.86167708e-02, 3.92836421e+03])].
2019-08-01 12:49:14,140 - INFO - Beginning optimization with guess, [6.75745162e-02 1.17954992e+02].
2019-08-01 12:49:17,183 - INFO - Finished optomization, results are [-26.330808406574775 array([1.03403781e-01, 3.49427182e+03])].
2019-08-01 12:49:17,184 - INFO - Beginning optimization with guess, [7.52762679e-02 1.92289622e+02].
2019-08-01 12:49:20,435 - INFO - Finished optomization, results are [-26.315875661604956 array([1.04175166e-01, 3.59892068e+03])].
2019-08-01 12:49:20,435 - INFO - Beginning optimization with guess, [6.20454842e-02 7.20131598e+01].
2019-08-01 12:49:23,821 - INFO - Finished optomization, results are [-26.38157047540825 array([1.00497696e-01, 3.49552783e+03])].
2019-08-01 12:49:23,822 - INFO - Beginning optimization with guess, [ 0.12216582 85.23269109].
2019-08-01 12:49:27,784 - INFO - Finished optomization, results are [-26.41315720757008 array([9.65143407e-02, 3.94941980e+03])].
2019-08-01 12:49:27,785 - INFO - Beginning optimization with guess, [1.45281294e-01 1.92795119e+02].
2019-08-01 12:49:30,579 - INFO - Finished optomization, results are [-26.322152401914316 array([1.00927368e-01, 3.70551840e+03])].
2019-08-01 12:49:30,579 - INFO - Beginning optimization with guess, [6.73289922e-02 1.37319862e+02].
2019-08-01 12:49:33,739 - INFO - Finished optomization, results are [-26.613726761252064 array([9.46871218e-02, 3.69594944e+03])].
2019-08-01 12:49:33,740 - INFO - Beginning optimization with guess, [5.24875313e-02 1.02396069e+02].
2019-08-01 12:49:35,999 - INFO - Finished optomization, results are [-26.715286603038894 array([9.24508556e-02, 3.89024219e+03])].
2019-08-01 12:49:36,000 - INFO - Beginning optimization with guess, [ 0.15185948 69.73710828].
2019-08-01 12:49:38,275 - INFO - Finished optomization, results are [-26.33606759297026 array([1.0185012e-01, 3.5572850e+03])].
2019-08-01 12:49:38,275 - INFO - Beginning optimization with guess, [1.03162659e-01 2.22368105e+02].
2019-08-01 12:49:40,309 - INFO - Finished optomization, results are [-26.417739239364117 array([1.02696347e-01, 3.14260670e+03])].
2019-08-01 12:49:40,309 - INFO - Beginning optimization with guess, [8.32746250e-02 1.01724457e+02].
2019-08-01 12:49:43,617 - INFO - Finished optomization, results are [-26.332452101253672 array([1.04201739e-01, 3.46976283e+03])].
2019-08-01 12:49:43,618 - INFO - Beginning optimization with guess, [5.92990547e-02 2.47701693e+02].
2019-08-01 12:49:45,467 - INFO - Finished optomization, results are [-26.359738160028144 array([1.03361609e-01, 3.33693925e+03])].
2019-08-01 12:49:45,468 - INFO - Beginning optimization with guess, [ 0.11365744 98.77100971].
2019-08-01 12:49:49,202 - INFO - Finished optomization, results are [-26.47258201982363 array([9.59418951e-02, 3.85729020e+03])].
2019-08-01 12:49:49,203 - INFO - Beginning optimization with guess, [1.28618693e-01 1.48544883e+02].
2019-08-01 12:49:51,854 - INFO - Finished optomization, results are [-26.520439495149557 array([9.81964239e-02, 3.36118524e+03])].
2019-08-01 12:49:51,855 - INFO - Beginning optimization with guess, [6.76535518e-02 1.34442037e+02].
2019-08-01 12:49:53,765 - INFO - Finished optomization, results are [-26.611695884323446 array([9.44908117e-02, 3.73758801e+03])].
2019-08-01 12:49:53,765 - INFO - Beginning optimization with guess, [ 0.10642991 78.27817051].
2019-08-01 12:49:57,045 - INFO - Finished optomization, results are [-26.400121508218934 array([9.85698370e-02, 3.67355198e+03])].
2019-08-01 12:49:57,046 - INFO - Finished DFE inference.
2019-08-01 12:49:57,046 - INFO - Integrating expected site-frequency spectrum.
2019-08-01 12:49:57,062 - INFO - Outputing results.
2019-08-01 12:49:57,067 - INFO - Pipeline executed succesfully.
