2019-08-01 09:08:48,203 - INFO - Beginning execution of fitdadi_infer_DFE.py in directory /u/home/j/jonmah/lohmueller_lab/Scripts

2019-08-01 09:08:48,203 - INFO - Progress is being logged to ../Data/AW_array_2000/seed_23_fitdadi_output/log.log

2019-08-01 09:08:48,203 - INFO - Parsed the following arguments:
	breed = AW
	outprefix = ../Data/AW_array_2000/seed_23_fitdadi_output/
	nonsyn_input_sfs = ../Data/AW_array_2000/seed_23_easySFS_output_nonsyn/dadi/pop1.sfs
	syn_input_sfs = ../Data/AW_array_2000/seed_23_easySFS_output_syn/dadi/pop1.sfs

2019-08-01 09:08:48,221 - INFO - Beginning optimization with guess, [0.26092359 0.05841409].
2019-08-01 09:08:48,811 - INFO - Finished optimization with guess, [0.26092359 0.05841409].
2019-08-01 09:08:48,811 - INFO - Best fit parameters: [0.40781373 0.07620807].
2019-08-01 09:08:48,818 - INFO - Maximum log composite likelihood: -22.5298639791.
2019-08-01 09:08:48,818 - INFO - Optimal value of theta: 68.0017982916.
2019-08-01 09:08:48,819 - INFO - Beginning optimization with guess, [0.7494591 0.1537716].
2019-08-01 09:08:49,899 - INFO - Finished optimization with guess, [0.7494591 0.1537716].
2019-08-01 09:08:49,899 - INFO - Best fit parameters: [0.40795632 0.07622115].
2019-08-01 09:08:49,906 - INFO - Maximum log composite likelihood: -22.5298627719.
2019-08-01 09:08:49,906 - INFO - Optimal value of theta: 67.9969001453.
2019-08-01 09:08:49,906 - INFO - Beginning optimization with guess, [0.42360524 0.09513639].
2019-08-01 09:08:51,311 - INFO - Finished optimization with guess, [0.42360524 0.09513639].
2019-08-01 09:08:51,312 - INFO - Best fit parameters: [0.40844266 0.07642965].
2019-08-01 09:08:51,319 - INFO - Maximum log composite likelihood: -22.5298602272.
2019-08-01 09:08:51,319 - INFO - Optimal value of theta: 67.9998167595.
2019-08-01 09:08:51,320 - INFO - Beginning optimization with guess, [0.38848106 0.08830907].
2019-08-01 09:08:51,823 - INFO - Finished optimization with guess, [0.38848106 0.08830907].
2019-08-01 09:08:51,823 - INFO - Best fit parameters: [0.40920478 0.07690316].
2019-08-01 09:08:51,830 - INFO - Maximum log composite likelihood: -22.5298638698.
2019-08-01 09:08:51,830 - INFO - Optimal value of theta: 68.0216595399.
2019-08-01 09:08:51,830 - INFO - Beginning optimization with guess, [0.40645825 0.07316868].
2019-08-01 09:08:52,061 - INFO - Finished optimization with guess, [0.40645825 0.07316868].
2019-08-01 09:08:52,061 - INFO - Best fit parameters: [0.40735896 0.07596262].
2019-08-01 09:08:52,068 - INFO - Maximum log composite likelihood: -22.5298693251.
2019-08-01 09:08:52,068 - INFO - Optimal value of theta: 67.9929125678.
2019-08-01 09:08:52,068 - INFO - Beginning optimization with guess, [0.76486614 0.14708491].
2019-08-01 09:08:52,584 - INFO - Finished optimization with guess, [0.76486614 0.14708491].
2019-08-01 09:08:52,584 - INFO - Best fit parameters: [0.40917255 0.07698212].
2019-08-01 09:08:52,592 - INFO - Maximum log composite likelihood: -22.5298642774.
2019-08-01 09:08:52,592 - INFO - Optimal value of theta: 68.0325692571.
2019-08-01 09:08:52,592 - INFO - Beginning optimization with guess, [0.63368671 0.06304424].
2019-08-01 09:08:53,074 - INFO - Finished optimization with guess, [0.63368671 0.06304424].
2019-08-01 09:08:53,074 - INFO - Best fit parameters: [0.40736856 0.07596737].
2019-08-01 09:08:53,081 - INFO - Maximum log composite likelihood: -22.5298691845.
2019-08-01 09:08:53,081 - INFO - Optimal value of theta: 67.9930489526.
2019-08-01 09:08:53,082 - INFO - Beginning optimization with guess, [0.80396301 0.19024658].
2019-08-01 09:08:53,837 - INFO - Finished optimization with guess, [0.80396301 0.19024658].
2019-08-01 09:08:53,838 - INFO - Best fit parameters: [0.40831705 0.0762607 ].
2019-08-01 09:08:53,845 - INFO - Maximum log composite likelihood: -22.52986259.
2019-08-01 09:08:53,845 - INFO - Optimal value of theta: 67.985291748.
2019-08-01 09:08:53,845 - INFO - Beginning optimization with guess, [0.3683041 0.0612279].
2019-08-01 09:08:54,661 - INFO - Finished optimization with guess, [0.3683041 0.0612279].
2019-08-01 09:08:54,661 - INFO - Best fit parameters: [0.40746291 0.0760129 ].
2019-08-01 09:08:54,668 - INFO - Maximum log composite likelihood: -22.5298678722.
2019-08-01 09:08:54,668 - INFO - Optimal value of theta: 67.9942517851.
2019-08-01 09:08:54,668 - INFO - Beginning optimization with guess, [0.68171187 0.10751048].
2019-08-01 09:08:54,904 - INFO - Finished optimization with guess, [0.68171187 0.10751048].
2019-08-01 09:08:54,905 - INFO - Best fit parameters: [0.40804495 0.07612101].
2019-08-01 09:08:54,912 - INFO - Maximum log composite likelihood: -22.5298650521.
2019-08-01 09:08:54,912 - INFO - Optimal value of theta: 67.9808632298.
2019-08-01 09:08:54,912 - INFO - Beginning optimization with guess, [0.62788678 0.11761343].
2019-08-01 09:08:55,486 - INFO - Finished optimization with guess, [0.62788678 0.11761343].
2019-08-01 09:08:55,486 - INFO - Best fit parameters: [0.40850359 0.07658712].
2019-08-01 09:08:55,493 - INFO - Maximum log composite likelihood: -22.5298617981.
2019-08-01 09:08:55,494 - INFO - Optimal value of theta: 68.0158585874.
2019-08-01 09:08:55,494 - INFO - Beginning optimization with guess, [0.61370904 0.18821304].
2019-08-01 09:08:55,970 - INFO - Finished optimization with guess, [0.61370904 0.18821304].
2019-08-01 09:08:55,970 - INFO - Best fit parameters: [0.40790626 0.07636317].
2019-08-01 09:08:55,977 - INFO - Maximum log composite likelihood: -22.5298654542.
2019-08-01 09:08:55,977 - INFO - Optimal value of theta: 68.0161980012.
2019-08-01 09:08:55,977 - INFO - Beginning optimization with guess, [0.35160473 0.08868603].
2019-08-01 09:08:56,480 - INFO - Finished optimization with guess, [0.35160473 0.08868603].
2019-08-01 09:08:56,480 - INFO - Best fit parameters: [0.4085204  0.07635738].
2019-08-01 09:08:56,487 - INFO - Maximum log composite likelihood: -22.5298615989.
2019-08-01 09:08:56,487 - INFO - Optimal value of theta: 67.9876537235.
2019-08-01 09:08:56,488 - INFO - Beginning optimization with guess, [0.34024974 0.07771202].
2019-08-01 09:08:56,821 - INFO - Finished optimization with guess, [0.34024974 0.07771202].
2019-08-01 09:08:56,822 - INFO - Best fit parameters: [0.40809603 0.07615473].
2019-08-01 09:08:56,829 - INFO - Maximum log composite likelihood: -22.5298642475.
2019-08-01 09:08:56,829 - INFO - Optimal value of theta: 67.9825976022.
2019-08-01 09:08:56,829 - INFO - Beginning optimization with guess, [0.33884376 0.11536735].
2019-08-01 09:08:57,251 - INFO - Finished optimization with guess, [0.33884376 0.11536735].
2019-08-01 09:08:57,251 - INFO - Best fit parameters: [0.40868117 0.07649288].
2019-08-01 09:08:57,258 - INFO - Maximum log composite likelihood: -22.5298601233.
2019-08-01 09:08:57,258 - INFO - Optimal value of theta: 67.996561472.
2019-08-01 09:08:57,258 - INFO - Beginning optimization with guess, [0.46741799 0.05965639].
2019-08-01 09:08:57,763 - INFO - Finished optimization with guess, [0.46741799 0.05965639].
2019-08-01 09:08:57,764 - INFO - Best fit parameters: [0.40932311 0.07712736].
2019-08-01 09:08:57,771 - INFO - Maximum log composite likelihood: -22.5298634375.
2019-08-01 09:08:57,771 - INFO - Optimal value of theta: 68.0431065054.
2019-08-01 09:08:57,771 - INFO - Beginning optimization with guess, [0.44868378 0.07189223].
2019-08-01 09:08:58,172 - INFO - Finished optimization with guess, [0.44868378 0.07189223].
2019-08-01 09:08:58,172 - INFO - Best fit parameters: [0.40741775 0.07596275].
2019-08-01 09:08:58,180 - INFO - Maximum log composite likelihood: -22.5298688134.
2019-08-01 09:08:58,180 - INFO - Optimal value of theta: 67.9902601984.
2019-08-01 09:08:58,180 - INFO - Beginning optimization with guess, [0.95737956 0.09240241].
2019-08-01 09:08:58,454 - INFO - Finished optimization with guess, [0.95737956 0.09240241].
2019-08-01 09:08:58,454 - INFO - Best fit parameters: [0.40735838 0.07596251].
2019-08-01 09:08:58,461 - INFO - Maximum log composite likelihood: -22.5298693319.
2019-08-01 09:08:58,461 - INFO - Optimal value of theta: 67.9929255171.
2019-08-01 09:08:58,461 - INFO - Beginning optimization with guess, [0.68983265 0.05586423].
2019-08-01 09:08:58,755 - INFO - Finished optimization with guess, [0.68983265 0.05586423].
2019-08-01 09:08:58,755 - INFO - Best fit parameters: [0.40735868 0.07596269].
2019-08-01 09:08:58,762 - INFO - Maximum log composite likelihood: -22.5298693273.
2019-08-01 09:08:58,762 - INFO - Optimal value of theta: 67.9929334691.
2019-08-01 09:08:58,762 - INFO - Beginning optimization with guess, [0.46307592 0.08292408].
2019-08-01 09:08:59,415 - INFO - Finished optimization with guess, [0.46307592 0.08292408].
2019-08-01 09:08:59,415 - INFO - Best fit parameters: [0.40736105 0.07598321].
2019-08-01 09:08:59,422 - INFO - Maximum log composite likelihood: -22.5298691612.
2019-08-01 09:08:59,423 - INFO - Optimal value of theta: 67.9952989476.
2019-08-01 09:08:59,423 - INFO - Beginning optimization with guess, [0.29105318 0.07200915].
2019-08-01 09:08:59,694 - INFO - Finished optimization with guess, [0.29105318 0.07200915].
2019-08-01 09:08:59,694 - INFO - Best fit parameters: [0.40735842 0.07596254].
2019-08-01 09:08:59,701 - INFO - Maximum log composite likelihood: -22.5298693312.
2019-08-01 09:08:59,701 - INFO - Optimal value of theta: 67.9929277367.
2019-08-01 09:08:59,701 - INFO - Beginning optimization with guess, [0.78777309 0.15371805].
2019-08-01 09:09:00,301 - INFO - Finished optimization with guess, [0.78777309 0.15371805].
2019-08-01 09:09:00,301 - INFO - Best fit parameters: [0.4085568  0.07638316].
2019-08-01 09:09:00,308 - INFO - Maximum log composite likelihood: -22.5298612562.
2019-08-01 09:09:00,308 - INFO - Optimal value of theta: 67.9890874268.
2019-08-01 09:09:00,308 - INFO - Beginning optimization with guess, [0.82876044 0.11634193].
2019-08-01 09:09:00,587 - INFO - Finished optimization with guess, [0.82876044 0.11634193].
2019-08-01 09:09:00,587 - INFO - Best fit parameters: [0.40735745 0.075962  ].
2019-08-01 09:09:00,594 - INFO - Maximum log composite likelihood: -22.529869346.
2019-08-01 09:09:00,594 - INFO - Optimal value of theta: 67.9929065982.
2019-08-01 09:09:00,594 - INFO - Beginning optimization with guess, [0.31380302 0.09115136].
2019-08-01 09:09:00,847 - INFO - Finished optimization with guess, [0.31380302 0.09115136].
2019-08-01 09:09:00,847 - INFO - Best fit parameters: [0.40735845 0.07596256].
2019-08-01 09:09:00,854 - INFO - Maximum log composite likelihood: -22.5298693307.
2019-08-01 09:09:00,854 - INFO - Optimal value of theta: 67.9929287384.
2019-08-01 09:09:00,854 - INFO - Beginning optimization with guess, [0.51458731 0.18384497].
2019-08-01 09:09:01,391 - INFO - Finished optimization with guess, [0.51458731 0.18384497].
2019-08-01 09:09:01,391 - INFO - Best fit parameters: [0.40957892 0.07717466].
2019-08-01 09:09:01,398 - INFO - Maximum log composite likelihood: -22.5298614992.
2019-08-01 09:09:01,398 - INFO - Optimal value of theta: 68.0370910667.
2019-08-01 09:09:01,399 - INFO - Beginning optimization with guess, [0.84700574 0.11295765].
2019-08-01 09:09:01,760 - INFO - Finished optimization with guess, [0.84700574 0.11295765].
2019-08-01 09:09:01,760 - INFO - Best fit parameters: [0.40835498 0.07649959].
2019-08-01 09:09:01,767 - INFO - Maximum log composite likelihood: -22.5298615317.
2019-08-01 09:09:01,767 - INFO - Optimal value of theta: 68.0121515573.
2019-08-01 09:09:01,767 - INFO - Beginning optimization with guess, [0.27745381 0.07201101].
2019-08-01 09:09:02,310 - INFO - Finished optimization with guess, [0.27745381 0.07201101].
2019-08-01 09:09:02,310 - INFO - Best fit parameters: [0.40803214 0.0763786 ].
2019-08-01 09:09:02,317 - INFO - Maximum log composite likelihood: -22.529863465.
2019-08-01 09:09:02,317 - INFO - Optimal value of theta: 68.0123310213.
2019-08-01 09:09:02,317 - INFO - Beginning optimization with guess, [0.96787349 0.05691984].
2019-08-01 09:09:02,920 - INFO - Finished optimization with guess, [0.96787349 0.05691984].
2019-08-01 09:09:02,920 - INFO - Best fit parameters: [0.40756192 0.07610091].
2019-08-01 09:09:02,928 - INFO - Maximum log composite likelihood: -22.529866588.
2019-08-01 09:09:02,928 - INFO - Optimal value of theta: 68.0003499577.
2019-08-01 09:09:02,928 - INFO - Beginning optimization with guess, [0.25550665 0.12932154].
2019-08-01 09:09:03,502 - INFO - Finished optimization with guess, [0.25550665 0.12932154].
2019-08-01 09:09:03,502 - INFO - Best fit parameters: [0.4085359  0.07652917].
2019-08-01 09:09:03,509 - INFO - Maximum log composite likelihood: -22.529860312.
2019-08-01 09:09:03,510 - INFO - Optimal value of theta: 68.0074775111.
2019-08-01 09:09:03,510 - INFO - Beginning optimization with guess, [0.38062519 0.15068973].
2019-08-01 09:09:03,853 - INFO - Finished optimization with guess, [0.38062519 0.15068973].
2019-08-01 09:09:03,853 - INFO - Best fit parameters: [0.40957532 0.07706171].
2019-08-01 09:09:03,861 - INFO - Maximum log composite likelihood: -22.5298629252.
2019-08-01 09:09:03,861 - INFO - Optimal value of theta: 68.0237371865.
2019-08-01 09:09:03,861 - INFO - Beginning optimization with guess, [0.59611279 0.14558859].
2019-08-01 09:09:04,523 - INFO - Finished optimization with guess, [0.59611279 0.14558859].
2019-08-01 09:09:04,524 - INFO - Best fit parameters: [0.40737866 0.0759704 ].
2019-08-01 09:09:04,531 - INFO - Maximum log composite likelihood: -22.5298690557.
2019-08-01 09:09:04,532 - INFO - Optimal value of theta: 67.9929562436.
2019-08-01 09:09:04,532 - INFO - Beginning optimization with guess, [0.54176522 0.18434755].
2019-08-01 09:09:05,689 - INFO - Finished optimization with guess, [0.54176522 0.18434755].
2019-08-01 09:09:05,689 - INFO - Best fit parameters: [0.40931757 0.07700168].
2019-08-01 09:09:05,696 - INFO - Maximum log composite likelihood: -22.5298635304.
2019-08-01 09:09:05,696 - INFO - Optimal value of theta: 68.0282981464.
2019-08-01 09:09:05,697 - INFO - Beginning optimization with guess, [0.26598414 0.07576208].
2019-08-01 09:09:05,967 - INFO - Finished optimization with guess, [0.26598414 0.07576208].
2019-08-01 09:09:05,967 - INFO - Best fit parameters: [0.40735921 0.07596299].
2019-08-01 09:09:05,974 - INFO - Maximum log composite likelihood: -22.5298693192.
2019-08-01 09:09:05,975 - INFO - Optimal value of theta: 67.9929457541.
2019-08-01 09:09:05,975 - INFO - Beginning optimization with guess, [0.36217627 0.05171697].
2019-08-01 09:09:06,392 - INFO - Finished optimization with guess, [0.36217627 0.05171697].
2019-08-01 09:09:06,392 - INFO - Best fit parameters: [0.40914458 0.07696675].
2019-08-01 09:09:06,400 - INFO - Maximum log composite likelihood: -22.529864554.
2019-08-01 09:09:06,400 - INFO - Optimal value of theta: 68.0320019906.
2019-08-01 09:09:06,400 - INFO - Beginning optimization with guess, [0.25813066 0.080245  ].
2019-08-01 09:09:06,881 - INFO - Finished optimization with guess, [0.25813066 0.080245  ].
2019-08-01 09:09:06,881 - INFO - Best fit parameters: [0.40745557 0.07601386].
2019-08-01 09:09:06,888 - INFO - Maximum log composite likelihood: -22.5298679398.
2019-08-01 09:09:06,889 - INFO - Optimal value of theta: 67.9947014285.
2019-08-01 09:09:06,889 - INFO - Beginning optimization with guess, [0.32561576 0.17408587].
2019-08-01 09:09:07,643 - INFO - Finished optimization with guess, [0.32561576 0.17408587].
2019-08-01 09:09:07,643 - INFO - Best fit parameters: [0.40783427 0.07618579].
2019-08-01 09:09:07,651 - INFO - Maximum log composite likelihood: -22.5298637365.
2019-08-01 09:09:07,651 - INFO - Optimal value of theta: 67.9981917898.
2019-08-01 09:09:07,651 - INFO - Beginning optimization with guess, [0.75346767 0.14213344].
2019-08-01 09:09:08,162 - INFO - Finished optimization with guess, [0.75346767 0.14213344].
2019-08-01 09:09:08,162 - INFO - Best fit parameters: [0.40838629 0.07634683].
2019-08-01 09:09:08,169 - INFO - Maximum log composite likelihood: -22.5298609701.
2019-08-01 09:09:08,170 - INFO - Optimal value of theta: 67.9924669084.
2019-08-01 09:09:08,170 - INFO - Beginning optimization with guess, [0.58755168 0.19390847].
2019-08-01 09:09:08,663 - INFO - Finished optimization with guess, [0.58755168 0.19390847].
2019-08-01 09:09:08,663 - INFO - Best fit parameters: [0.40836868 0.07650178].
2019-08-01 09:09:08,670 - INFO - Maximum log composite likelihood: -22.5298614102.
2019-08-01 09:09:08,671 - INFO - Optimal value of theta: 68.0117912286.
2019-08-01 09:09:08,671 - INFO - Beginning optimization with guess, [0.28261572 0.06228068].
2019-08-01 09:09:09,110 - INFO - Finished optimization with guess, [0.28261572 0.06228068].
2019-08-01 09:09:09,110 - INFO - Best fit parameters: [0.40771144 0.07624935].
2019-08-01 09:09:09,118 - INFO - Maximum log composite likelihood: -22.5298662409.
2019-08-01 09:09:09,118 - INFO - Optimal value of theta: 68.0113960958.
2019-08-01 09:09:09,118 - INFO - Beginning optimization with guess, [0.37090519 0.07448306].
2019-08-01 09:09:09,559 - INFO - Finished optimization with guess, [0.37090519 0.07448306].
2019-08-01 09:09:09,559 - INFO - Best fit parameters: [0.40921477 0.0769883 ].
2019-08-01 09:09:09,567 - INFO - Maximum log composite likelihood: -22.5298639944.
2019-08-01 09:09:09,567 - INFO - Optimal value of theta: 68.0313839778.
2019-08-01 09:09:09,567 - INFO - Beginning optimization with guess, [0.62155791 0.07487033].
2019-08-01 09:09:10,153 - INFO - Finished optimization with guess, [0.62155791 0.07487033].
2019-08-01 09:09:10,155 - INFO - Best fit parameters: [0.40831453 0.0764448 ].
2019-08-01 09:09:10,162 - INFO - Maximum log composite likelihood: -22.5298610058.
2019-08-01 09:09:10,162 - INFO - Optimal value of theta: 68.0074382953.
2019-08-01 09:09:10,163 - INFO - Beginning optimization with guess, [0.92286288 0.07497511].
2019-08-01 09:09:10,425 - INFO - Finished optimization with guess, [0.92286288 0.07497511].
2019-08-01 09:09:10,425 - INFO - Best fit parameters: [0.40736373 0.07598218].
2019-08-01 09:09:10,432 - INFO - Maximum log composite likelihood: -22.5298691341.
2019-08-01 09:09:10,432 - INFO - Optimal value of theta: 67.9950526664.
2019-08-01 09:09:10,433 - INFO - Beginning optimization with guess, [0.32664238 0.13925007].
2019-08-01 09:09:10,712 - INFO - Finished optimization with guess, [0.32664238 0.13925007].
2019-08-01 09:09:10,712 - INFO - Best fit parameters: [0.40787846 0.07606368].
2019-08-01 09:09:10,719 - INFO - Maximum log composite likelihood: -22.5298659547.
2019-08-01 09:09:10,719 - INFO - Optimal value of theta: 67.9815196425.
2019-08-01 09:09:10,719 - INFO - Beginning optimization with guess, [0.68390305 0.10818372].
2019-08-01 09:09:11,144 - INFO - Finished optimization with guess, [0.68390305 0.10818372].
2019-08-01 09:09:11,144 - INFO - Best fit parameters: [0.40868168 0.0765062 ].
2019-08-01 09:09:11,151 - INFO - Maximum log composite likelihood: -22.529860005.
2019-08-01 09:09:11,151 - INFO - Optimal value of theta: 67.9981280248.
2019-08-01 09:09:11,152 - INFO - Beginning optimization with guess, [0.91733349 0.11375737].
2019-08-01 09:09:11,386 - INFO - Finished optimization with guess, [0.91733349 0.11375737].
2019-08-01 09:09:11,387 - INFO - Best fit parameters: [0.40735947 0.075963  ].
2019-08-01 09:09:11,394 - INFO - Maximum log composite likelihood: -22.5298693164.
2019-08-01 09:09:11,394 - INFO - Optimal value of theta: 67.992934443.
2019-08-01 09:09:11,394 - INFO - Beginning optimization with guess, [0.48360587 0.05742844].
2019-08-01 09:09:11,938 - INFO - Finished optimization with guess, [0.48360587 0.05742844].
2019-08-01 09:09:11,938 - INFO - Best fit parameters: [0.40826186 0.07647886].
2019-08-01 09:09:11,945 - INFO - Maximum log composite likelihood: -22.5298623235.
2019-08-01 09:09:11,945 - INFO - Optimal value of theta: 68.0138992489.
2019-08-01 09:09:11,945 - INFO - Beginning optimization with guess, [0.2980808  0.10646093].
2019-08-01 09:09:12,491 - INFO - Finished optimization with guess, [0.2980808  0.10646093].
2019-08-01 09:09:12,492 - INFO - Best fit parameters: [0.40852534 0.07647344].
2019-08-01 09:09:12,499 - INFO - Maximum log composite likelihood: -22.5298600323.
2019-08-01 09:09:12,499 - INFO - Optimal value of theta: 68.0013026599.
2019-08-01 09:09:12,499 - INFO - Beginning optimization with guess, [0.57857145 0.18563195].
2019-08-01 09:09:13,507 - INFO - Finished optimization with guess, [0.57857145 0.18563195].
2019-08-01 09:09:13,507 - INFO - Best fit parameters: [0.40757212 0.07601346].
2019-08-01 09:09:13,514 - INFO - Maximum log composite likelihood: -22.5298670813.
2019-08-01 09:09:13,515 - INFO - Optimal value of theta: 67.9893661139.
2019-08-01 09:09:13,515 - INFO - Beginning optimization with guess, [0.31484398 0.05327899].
2019-08-01 09:09:14,485 - INFO - Finished optimization with guess, [0.31484398 0.05327899].
2019-08-01 09:09:14,485 - INFO - Best fit parameters: [0.40806346 0.07626844].
2019-08-01 09:09:14,492 - INFO - Maximum log composite likelihood: -22.5298619915.
2019-08-01 09:09:14,493 - INFO - Optimal value of theta: 67.9977125143.
2019-08-01 09:09:14,493 - INFO - Beginning optimization with guess, [0.36107698 0.16585036].
2019-08-01 09:09:15,176 - INFO - Finished optimization with guess, [0.36107698 0.16585036].
2019-08-01 09:09:15,176 - INFO - Best fit parameters: [0.40857403 0.07643333].
2019-08-01 09:09:15,184 - INFO - Maximum log composite likelihood: -22.5298603949.
2019-08-01 09:09:15,184 - INFO - Optimal value of theta: 67.9943030457.
2019-08-01 09:09:15,184 - INFO - Beginning optimization with guess, [0.29746311 0.05917   ].
2019-08-01 09:09:15,749 - INFO - Finished optimization with guess, [0.29746311 0.05917   ].
2019-08-01 09:09:15,749 - INFO - Best fit parameters: [0.40736482 0.07596626].
2019-08-01 09:09:15,756 - INFO - Maximum log composite likelihood: -22.5298692325.
2019-08-01 09:09:15,757 - INFO - Optimal value of theta: 67.9930855903.
2019-08-01 09:09:15,757 - INFO - Beginning optimization with guess, [0.63584413 0.05131881].
2019-08-01 09:09:16,344 - INFO - Finished optimization with guess, [0.63584413 0.05131881].
2019-08-01 09:09:16,345 - INFO - Best fit parameters: [0.40797264 0.07633788].
2019-08-01 09:09:16,352 - INFO - Maximum log composite likelihood: -22.529863517.
2019-08-01 09:09:16,353 - INFO - Optimal value of theta: 68.0101540087.
2019-08-01 09:09:16,353 - INFO - Beginning optimization with guess, [0.65354986 0.08198777].
2019-08-01 09:09:16,944 - INFO - Finished optimization with guess, [0.65354986 0.08198777].
2019-08-01 09:09:16,945 - INFO - Best fit parameters: [0.40935065 0.0770386 ].
2019-08-01 09:09:16,952 - INFO - Maximum log composite likelihood: -22.5298629979.
2019-08-01 09:09:16,952 - INFO - Optimal value of theta: 68.0312157552.
2019-08-01 09:09:16,952 - INFO - Beginning optimization with guess, [0.40694478 0.05873509].
2019-08-01 09:09:17,623 - INFO - Finished optimization with guess, [0.40694478 0.05873509].
2019-08-01 09:09:17,624 - INFO - Best fit parameters: [0.40831038 0.07649294].
2019-08-01 09:09:17,631 - INFO - Maximum log composite likelihood: -22.5298619713.
2019-08-01 09:09:17,631 - INFO - Optimal value of theta: 68.0133809065.
2019-08-01 09:09:17,631 - INFO - Beginning optimization with guess, [0.7160941  0.06377458].
2019-08-01 09:09:18,258 - INFO - Finished optimization with guess, [0.7160941  0.06377458].
2019-08-01 09:09:18,259 - INFO - Best fit parameters: [0.408056   0.07639253].
2019-08-01 09:09:18,266 - INFO - Maximum log composite likelihood: -22.5298634096.
2019-08-01 09:09:18,266 - INFO - Optimal value of theta: 68.0129153856.
2019-08-01 09:09:18,266 - INFO - Beginning optimization with guess, [0.77118441 0.05096094].
2019-08-01 09:09:18,745 - INFO - Finished optimization with guess, [0.77118441 0.05096094].
2019-08-01 09:09:18,746 - INFO - Best fit parameters: [0.40771448 0.07615914].
2019-08-01 09:09:18,753 - INFO - Maximum log composite likelihood: -22.5298649.
2019-08-01 09:09:18,753 - INFO - Optimal value of theta: 68.0004266192.
2019-08-01 09:09:18,753 - INFO - Beginning optimization with guess, [0.36346467 0.07414148].
2019-08-01 09:09:19,316 - INFO - Finished optimization with guess, [0.36346467 0.07414148].
2019-08-01 09:09:19,316 - INFO - Best fit parameters: [0.40756015 0.07617164].
2019-08-01 09:09:19,323 - INFO - Maximum log composite likelihood: -22.5298675273.
2019-08-01 09:09:19,323 - INFO - Optimal value of theta: 68.0089326317.
2019-08-01 09:09:19,324 - INFO - Beginning optimization with guess, [0.74305693 0.12243673].
2019-08-01 09:09:20,061 - INFO - Finished optimization with guess, [0.74305693 0.12243673].
2019-08-01 09:09:20,061 - INFO - Best fit parameters: [0.40737494 0.07597055].
2019-08-01 09:09:20,068 - INFO - Maximum log composite likelihood: -22.5298690915.
2019-08-01 09:09:20,069 - INFO - Optimal value of theta: 67.9931426944.
2019-08-01 09:09:20,069 - INFO - Beginning optimization with guess, [0.90080679 0.11835671].
2019-08-01 09:09:20,581 - INFO - Finished optimization with guess, [0.90080679 0.11835671].
2019-08-01 09:09:20,581 - INFO - Best fit parameters: [0.40809191 0.07620386].
2019-08-01 09:09:20,588 - INFO - Maximum log composite likelihood: -22.5298628241.
2019-08-01 09:09:20,589 - INFO - Optimal value of theta: 67.9886786653.
2019-08-01 09:09:20,589 - INFO - Beginning optimization with guess, [0.81885169 0.15913831].
2019-08-01 09:09:21,187 - INFO - Finished optimization with guess, [0.81885169 0.15913831].
2019-08-01 09:09:21,187 - INFO - Best fit parameters: [0.40980857 0.07730329].
2019-08-01 09:09:21,194 - INFO - Maximum log composite likelihood: -22.5298609241.
2019-08-01 09:09:21,195 - INFO - Optimal value of theta: 68.0419806686.
2019-08-01 09:09:21,195 - INFO - Beginning optimization with guess, [0.5406959 0.0895454].
2019-08-01 09:09:21,723 - INFO - Finished optimization with guess, [0.5406959 0.0895454].
2019-08-01 09:09:21,723 - INFO - Best fit parameters: [0.4073792  0.07597767].
2019-08-01 09:09:21,730 - INFO - Maximum log composite likelihood: -22.529868989.
2019-08-01 09:09:21,730 - INFO - Optimal value of theta: 67.9938079123.
2019-08-01 09:09:21,731 - INFO - Beginning optimization with guess, [0.63256863 0.06117833].
2019-08-01 09:09:22,702 - INFO - Finished optimization with guess, [0.63256863 0.06117833].
2019-08-01 09:09:22,703 - INFO - Best fit parameters: [0.40753497 0.07599273].
2019-08-01 09:09:22,710 - INFO - Maximum log composite likelihood: -22.529867627.
2019-08-01 09:09:22,711 - INFO - Optimal value of theta: 67.9885547411.
2019-08-01 09:09:22,711 - INFO - Beginning optimization with guess, [0.42009894 0.09293269].
2019-08-01 09:09:23,271 - INFO - Finished optimization with guess, [0.42009894 0.09293269].
2019-08-01 09:09:23,271 - INFO - Best fit parameters: [0.40934822 0.07703278].
2019-08-01 09:09:23,279 - INFO - Maximum log composite likelihood: -22.5298630648.
2019-08-01 09:09:23,279 - INFO - Optimal value of theta: 68.0306288913.
2019-08-01 09:09:23,279 - INFO - Beginning optimization with guess, [0.66359923 0.06399088].
2019-08-01 09:09:23,727 - INFO - Finished optimization with guess, [0.66359923 0.06399088].
2019-08-01 09:09:23,727 - INFO - Best fit parameters: [0.40837069 0.07651802].
2019-08-01 09:09:23,735 - INFO - Maximum log composite likelihood: -22.5298617604.
2019-08-01 09:09:23,735 - INFO - Optimal value of theta: 68.0136404824.
2019-08-01 09:09:23,735 - INFO - Beginning optimization with guess, [0.91945161 0.06431668].
2019-08-01 09:09:24,345 - INFO - Finished optimization with guess, [0.91945161 0.06431668].
2019-08-01 09:09:24,345 - INFO - Best fit parameters: [0.40933764 0.0770261 ].
2019-08-01 09:09:24,352 - INFO - Maximum log composite likelihood: -22.529863166.
2019-08-01 09:09:24,353 - INFO - Optimal value of theta: 68.0303106018.
2019-08-01 09:09:24,353 - INFO - Beginning optimization with guess, [0.95726427 0.13285134].
2019-08-01 09:09:25,034 - INFO - Finished optimization with guess, [0.95726427 0.13285134].
2019-08-01 09:09:25,034 - INFO - Best fit parameters: [0.40774772 0.07626813].
2019-08-01 09:09:25,042 - INFO - Maximum log composite likelihood: -22.5298659801.
2019-08-01 09:09:25,042 - INFO - Optimal value of theta: 68.0120017119.
2019-08-01 09:09:25,042 - INFO - Beginning optimization with guess, [0.68658678 0.12717916].
2019-08-01 09:09:25,339 - INFO - Finished optimization with guess, [0.68658678 0.12717916].
2019-08-01 09:09:25,339 - INFO - Best fit parameters: [0.40735829 0.07596236].
2019-08-01 09:09:25,347 - INFO - Maximum log composite likelihood: -22.5298693342.
2019-08-01 09:09:25,347 - INFO - Optimal value of theta: 67.9929113336.
2019-08-01 09:09:25,347 - INFO - Beginning optimization with guess, [0.2779901  0.12323464].
2019-08-01 09:09:26,274 - INFO - Finished optimization with guess, [0.2779901  0.12323464].
2019-08-01 09:09:26,274 - INFO - Best fit parameters: [0.40784139 0.07615946].
2019-08-01 09:09:26,281 - INFO - Maximum log composite likelihood: -22.5298638277.
2019-08-01 09:09:26,282 - INFO - Optimal value of theta: 67.9947077115.
2019-08-01 09:09:26,282 - INFO - Beginning optimization with guess, [0.49046297 0.0670049 ].
2019-08-01 09:09:27,312 - INFO - Finished optimization with guess, [0.49046297 0.0670049 ].
2019-08-01 09:09:27,312 - INFO - Best fit parameters: [0.40939245 0.07706551].
2019-08-01 09:09:27,320 - INFO - Maximum log composite likelihood: -22.5298626324.
2019-08-01 09:09:27,320 - INFO - Optimal value of theta: 68.0325331365.
2019-08-01 09:09:27,320 - INFO - Beginning optimization with guess, [0.6335853  0.07860125].
2019-08-01 09:09:27,811 - INFO - Finished optimization with guess, [0.6335853  0.07860125].
2019-08-01 09:09:27,812 - INFO - Best fit parameters: [0.4074431  0.07605501].
2019-08-01 09:09:27,819 - INFO - Maximum log composite likelihood: -22.5298680689.
2019-08-01 09:09:27,819 - INFO - Optimal value of theta: 68.0002209031.
2019-08-01 09:09:27,819 - INFO - Beginning optimization with guess, [0.46064068 0.05964659].
2019-08-01 09:09:28,351 - INFO - Finished optimization with guess, [0.46064068 0.05964659].
2019-08-01 09:09:28,351 - INFO - Best fit parameters: [0.40804779 0.07616983].
2019-08-01 09:09:28,358 - INFO - Maximum log composite likelihood: -22.5298635045.
2019-08-01 09:09:28,359 - INFO - Optimal value of theta: 67.9865945545.
2019-08-01 09:09:28,359 - INFO - Beginning optimization with guess, [0.72191432 0.06565032].
2019-08-01 09:09:28,802 - INFO - Finished optimization with guess, [0.72191432 0.06565032].
2019-08-01 09:09:28,802 - INFO - Best fit parameters: [0.40735887 0.07596656].
2019-08-01 09:09:28,809 - INFO - Maximum log composite likelihood: -22.5298692915.
2019-08-01 09:09:28,810 - INFO - Optimal value of theta: 67.9933914579.
2019-08-01 09:09:28,810 - INFO - Beginning optimization with guess, [0.78530229 0.08745491].
2019-08-01 09:09:29,216 - INFO - Finished optimization with guess, [0.78530229 0.08745491].
2019-08-01 09:09:29,216 - INFO - Best fit parameters: [0.4080775  0.07643628].
2019-08-01 09:09:29,224 - INFO - Maximum log composite likelihood: -22.5298643122.
2019-08-01 09:09:29,224 - INFO - Optimal value of theta: 68.0171761482.
2019-08-01 09:09:29,224 - INFO - Beginning optimization with guess, [0.70649446 0.07762075].
2019-08-01 09:09:30,227 - INFO - Finished optimization with guess, [0.70649446 0.07762075].
2019-08-01 09:09:30,227 - INFO - Best fit parameters: [0.40977103 0.0772771 ].
2019-08-01 09:09:30,234 - INFO - Maximum log composite likelihood: -22.5298609209.
2019-08-01 09:09:30,234 - INFO - Optimal value of theta: 68.040566589.
2019-08-01 09:09:30,235 - INFO - Beginning optimization with guess, [0.66990581 0.08644952].
2019-08-01 09:09:30,557 - INFO - Finished optimization with guess, [0.66990581 0.08644952].
2019-08-01 09:09:30,557 - INFO - Best fit parameters: [0.40987892 0.07723028].
2019-08-01 09:09:30,564 - INFO - Maximum log composite likelihood: -22.5298610834.
2019-08-01 09:09:30,565 - INFO - Optimal value of theta: 68.0300549219.
2019-08-01 09:09:30,565 - INFO - Beginning optimization with guess, [0.51286559 0.05943109].
2019-08-01 09:09:31,399 - INFO - Finished optimization with guess, [0.51286559 0.05943109].
2019-08-01 09:09:31,399 - INFO - Best fit parameters: [0.40764358 0.07605221].
2019-08-01 09:09:31,407 - INFO - Maximum log composite likelihood: -22.5298661117.
2019-08-01 09:09:31,407 - INFO - Optimal value of theta: 67.9907881402.
2019-08-01 09:09:31,407 - INFO - Beginning optimization with guess, [0.89661226 0.16531169].
2019-08-01 09:09:32,016 - INFO - Finished optimization with guess, [0.89661226 0.16531169].
2019-08-01 09:09:32,017 - INFO - Best fit parameters: [0.40853519 0.07638847].
2019-08-01 09:09:32,024 - INFO - Maximum log composite likelihood: -22.529860967.
2019-08-01 09:09:32,024 - INFO - Optimal value of theta: 67.9907018958.
2019-08-01 09:09:32,024 - INFO - Beginning optimization with guess, [0.37829763 0.05464812].
2019-08-01 09:09:32,618 - INFO - Finished optimization with guess, [0.37829763 0.05464812].
2019-08-01 09:09:32,619 - INFO - Best fit parameters: [0.40827404 0.07645254].
2019-08-01 09:09:32,626 - INFO - Maximum log composite likelihood: -22.5298615639.
2019-08-01 09:09:32,627 - INFO - Optimal value of theta: 68.0102008126.
2019-08-01 09:09:32,627 - INFO - Beginning optimization with guess, [0.2817163  0.09636054].
2019-08-01 09:09:33,202 - INFO - Finished optimization with guess, [0.2817163  0.09636054].
2019-08-01 09:09:33,203 - INFO - Best fit parameters: [0.40750982 0.07606431].
2019-08-01 09:09:33,210 - INFO - Maximum log composite likelihood: -22.5298671768.
2019-08-01 09:09:33,210 - INFO - Optimal value of theta: 67.998311942.
2019-08-01 09:09:33,210 - INFO - Beginning optimization with guess, [0.63706226 0.07956683].
2019-08-01 09:09:33,936 - INFO - Finished optimization with guess, [0.63706226 0.07956683].
2019-08-01 09:09:33,937 - INFO - Best fit parameters: [0.40753465 0.07604871].
2019-08-01 09:09:33,944 - INFO - Maximum log composite likelihood: -22.5298669381.
2019-08-01 09:09:33,944 - INFO - Optimal value of theta: 67.9953079332.
2019-08-01 09:09:33,944 - INFO - Beginning optimization with guess, [0.46736264 0.12456296].
2019-08-01 09:09:34,159 - INFO - Finished optimization with guess, [0.46736264 0.12456296].
2019-08-01 09:09:34,159 - INFO - Best fit parameters: [0.40735847 0.07596257].
2019-08-01 09:09:34,166 - INFO - Maximum log composite likelihood: -22.5298693305.
2019-08-01 09:09:34,166 - INFO - Optimal value of theta: 67.9929284859.
2019-08-01 09:09:34,167 - INFO - Beginning optimization with guess, [0.38996354 0.06375331].
2019-08-01 09:09:34,853 - INFO - Finished optimization with guess, [0.38996354 0.06375331].
2019-08-01 09:09:34,853 - INFO - Best fit parameters: [0.40736365 0.075965  ].
2019-08-01 09:09:34,861 - INFO - Maximum log composite likelihood: -22.5298692557.
2019-08-01 09:09:34,861 - INFO - Optimal value of theta: 67.9929870813.
2019-08-01 09:09:34,861 - INFO - Beginning optimization with guess, [0.39614056 0.10954757].
2019-08-01 09:09:35,097 - INFO - Finished optimization with guess, [0.39614056 0.10954757].
2019-08-01 09:09:35,097 - INFO - Best fit parameters: [0.40829136 0.07622639].
2019-08-01 09:09:35,104 - INFO - Maximum log composite likelihood: -22.5298634944.
2019-08-01 09:09:35,104 - INFO - Optimal value of theta: 67.9823432023.
2019-08-01 09:09:35,105 - INFO - Beginning optimization with guess, [0.9007662  0.08844707].
2019-08-01 09:09:36,061 - INFO - Finished optimization with guess, [0.9007662  0.08844707].
2019-08-01 09:09:36,061 - INFO - Best fit parameters: [0.40846871 0.07645566].
2019-08-01 09:09:36,068 - INFO - Maximum log composite likelihood: -22.5298601504.
2019-08-01 09:09:36,069 - INFO - Optimal value of theta: 68.0017443957.
2019-08-01 09:09:36,069 - INFO - Beginning optimization with guess, [0.47977499 0.07789662].
2019-08-01 09:09:36,647 - INFO - Finished optimization with guess, [0.47977499 0.07789662].
2019-08-01 09:09:36,647 - INFO - Best fit parameters: [0.40855107 0.07636572].
2019-08-01 09:09:36,654 - INFO - Maximum log composite likelihood: -22.5298616622.
2019-08-01 09:09:36,655 - INFO - Optimal value of theta: 67.987262341.
2019-08-01 09:09:36,655 - INFO - Beginning optimization with guess, [0.55543056 0.08743639].
2019-08-01 09:09:36,915 - INFO - Finished optimization with guess, [0.55543056 0.08743639].
2019-08-01 09:09:36,915 - INFO - Best fit parameters: [0.40735822 0.0759624 ].
2019-08-01 09:09:36,922 - INFO - Maximum log composite likelihood: -22.5298693346.
2019-08-01 09:09:36,922 - INFO - Optimal value of theta: 67.9929193607.
2019-08-01 09:09:36,923 - INFO - Beginning optimization with guess, [0.66330961 0.06566037].
2019-08-01 09:09:37,391 - INFO - Finished optimization with guess, [0.66330961 0.06566037].
2019-08-01 09:09:37,391 - INFO - Best fit parameters: [0.40748426 0.07602846].
2019-08-01 09:09:37,398 - INFO - Maximum log composite likelihood: -22.5298675574.
2019-08-01 09:09:37,399 - INFO - Optimal value of theta: 67.995157629.
2019-08-01 09:09:37,399 - INFO - Beginning optimization with guess, [0.93959346 0.10089605].
2019-08-01 09:09:38,083 - INFO - Finished optimization with guess, [0.93959346 0.10089605].
2019-08-01 09:09:38,083 - INFO - Best fit parameters: [0.40770241 0.07610812].
2019-08-01 09:09:38,090 - INFO - Maximum log composite likelihood: -22.5298651193.
2019-08-01 09:09:38,091 - INFO - Optimal value of theta: 67.9948425228.
2019-08-01 09:09:38,091 - INFO - Beginning optimization with guess, [0.29647609 0.11854446].
2019-08-01 09:09:38,770 - INFO - Finished optimization with guess, [0.29647609 0.11854446].
2019-08-01 09:09:38,771 - INFO - Best fit parameters: [0.40809931 0.07624176].
2019-08-01 09:09:38,778 - INFO - Maximum log composite likelihood: -22.529862141.
2019-08-01 09:09:38,778 - INFO - Optimal value of theta: 67.9928881837.
2019-08-01 09:09:38,778 - INFO - Beginning optimization with guess, [0.34789234 0.05160494].
2019-08-01 09:09:39,365 - INFO - Finished optimization with guess, [0.34789234 0.05160494].
2019-08-01 09:09:39,365 - INFO - Best fit parameters: [0.40753138 0.07601926].
2019-08-01 09:09:39,372 - INFO - Maximum log composite likelihood: -22.5298672297.
2019-08-01 09:09:39,372 - INFO - Optimal value of theta: 67.9919116787.
2019-08-01 09:09:39,373 - INFO - Beginning optimization with guess, [0.69588635 0.13118664].
2019-08-01 09:09:39,884 - INFO - Finished optimization with guess, [0.69588635 0.13118664].
2019-08-01 09:09:39,884 - INFO - Best fit parameters: [0.40736563 0.07596835].
2019-08-01 09:09:39,891 - INFO - Maximum log composite likelihood: -22.529869206.
2019-08-01 09:09:39,892 - INFO - Optimal value of theta: 67.9932997382.
2019-08-01 09:09:39,892 - INFO - Beginning optimization with guess, [0.59236367 0.10703092].
2019-08-01 09:09:40,820 - INFO - Finished optimization with guess, [0.59236367 0.10703092].
2019-08-01 09:09:40,821 - INFO - Best fit parameters: [0.40762014 0.07603584].
2019-08-01 09:09:40,828 - INFO - Maximum log composite likelihood: -22.529866482.
2019-08-01 09:09:40,828 - INFO - Optimal value of theta: 67.9898810316.
2019-08-01 09:09:40,828 - INFO - Beginning optimization with guess, [0.65290092 0.05319531].
2019-08-01 09:09:41,350 - INFO - Finished optimization with guess, [0.65290092 0.05319531].
2019-08-01 09:09:41,351 - INFO - Best fit parameters: [0.40752126 0.07612703].
2019-08-01 09:09:41,358 - INFO - Maximum log composite likelihood: -22.5298674763.
2019-08-01 09:09:41,358 - INFO - Optimal value of theta: 68.0053368611.
2019-08-01 09:09:41,358 - INFO - Beginning optimization with guess, [0.32319298 0.05064624].
2019-08-01 09:09:41,878 - INFO - Finished optimization with guess, [0.32319298 0.05064624].
2019-08-01 09:09:41,878 - INFO - Best fit parameters: [0.40743505 0.07598196].
2019-08-01 09:09:41,885 - INFO - Maximum log composite likelihood: -22.5298684211.
2019-08-01 09:09:41,885 - INFO - Optimal value of theta: 67.9917908533.
2019-08-01 09:09:41,885 - INFO - Beginning optimization with guess, [0.84924098 0.0899601 ].
2019-08-01 09:09:42,306 - INFO - Finished optimization with guess, [0.84924098 0.0899601 ].
2019-08-01 09:09:42,306 - INFO - Best fit parameters: [0.40833314 0.07625445].
2019-08-01 09:09:42,313 - INFO - Maximum log composite likelihood: -22.5298629389.
2019-08-01 09:09:42,313 - INFO - Optimal value of theta: 67.9838133022.
2019-08-01 09:09:42,313 - INFO - Beginning optimization with guess, [0.56852993 0.12715651].
2019-08-01 09:09:42,993 - INFO - Finished optimization with guess, [0.56852993 0.12715651].
2019-08-01 09:09:42,994 - INFO - Best fit parameters: [0.4073614  0.07596342].
2019-08-01 09:09:43,001 - INFO - Maximum log composite likelihood: -22.529869293.
2019-08-01 09:09:43,001 - INFO - Optimal value of theta: 67.9928976668.
2019-08-01 09:09:43,001 - INFO - Beginning optimization with guess, [0.81558152 0.05203187].
2019-08-01 09:09:43,459 - INFO - Finished optimization with guess, [0.81558152 0.05203187].
2019-08-01 09:09:43,459 - INFO - Best fit parameters: [0.40951351 0.07726185].
2019-08-01 09:09:43,466 - INFO - Maximum log composite likelihood: -22.5298634836.
2019-08-01 09:09:43,466 - INFO - Optimal value of theta: 68.0505016538.
2019-08-01 09:09:43,467 - INFO - Beginning optimization with guess, [0.77548868 0.07900611].
2019-08-01 09:09:44,348 - INFO - Finished optimization with guess, [0.77548868 0.07900611].
2019-08-01 09:09:44,348 - INFO - Best fit parameters: [0.40741159 0.07598848].
2019-08-01 09:09:44,355 - INFO - Maximum log composite likelihood: -22.5298685701.
2019-08-01 09:09:44,355 - INFO - Optimal value of theta: 67.9936402827.
2019-08-01 09:09:44,355 - INFO - Beginning optimization with guess, [0.60995664 0.07849199].
2019-08-01 09:09:44,987 - INFO - Finished optimization with guess, [0.60995664 0.07849199].
2019-08-01 09:09:44,987 - INFO - Best fit parameters: [0.40964897 0.0772961 ].
2019-08-01 09:09:44,994 - INFO - Maximum log composite likelihood: -22.5298623375.
2019-08-01 09:09:44,994 - INFO - Optimal value of theta: 68.0484069597.
2019-08-01 09:09:44,995 - INFO - Beginning optimization with guess, [0.34023967 0.06181461].
2019-08-01 09:09:45,368 - INFO - Finished optimization with guess, [0.34023967 0.06181461].
2019-08-01 09:09:45,368 - INFO - Best fit parameters: [0.40748605 0.07603985].
2019-08-01 09:09:45,375 - INFO - Maximum log composite likelihood: -22.5298674896.
2019-08-01 09:09:45,376 - INFO - Optimal value of theta: 67.9964467595.
2019-08-01 09:09:45,376 - INFO - Finished demographic inference.
2019-08-01 09:09:45,376 - INFO - Beginning DFE inference.
2019-08-01 09:09:46,646 - INFO - Beginning optimization with guess, [7.56437899e-02 1.40664670e+02].
2019-08-01 09:09:51,189 - INFO - Finished optomization, results are [-22.70073987994921 array([  0.24222074, 181.49334867])].
2019-08-01 09:09:51,190 - INFO - Beginning optimization with guess, [  0.17865713 114.97580429].
2019-08-01 09:09:56,415 - INFO - Finished optomization, results are [-22.700826685036017 array([  0.24182887, 182.40307569])].
2019-08-01 09:09:56,415 - INFO - Beginning optimization with guess, [1.19281457e-01 1.99202438e+02].
2019-08-01 09:09:57,160 - INFO - Finished optomization, results are [-22.700869044863964 array([  0.24140005, 184.10134761])].
2019-08-01 09:09:57,160 - INFO - Beginning optimization with guess, [7.61354310e-02 3.13937882e+02].
2019-08-01 09:09:57,842 - INFO - Finished optomization, results are [-22.700869043810783 array([  0.24140006, 184.10131829])].
2019-08-01 09:09:57,843 - INFO - Beginning optimization with guess, [1.2946991e-01 2.8189877e+02].
2019-08-01 09:10:03,479 - INFO - Finished optomization, results are [-22.700866925690725 array([  0.24141214, 184.0572829 ])].
2019-08-01 09:10:03,480 - INFO - Beginning optimization with guess, [  0.14213276 134.467773  ].
2019-08-01 09:10:06,512 - INFO - Finished optomization, results are [-22.700651948217857 array([  0.24385192, 176.33281965])].
2019-08-01 09:10:06,512 - INFO - Beginning optimization with guess, [5.80167639e-02 1.24217904e+02].
2019-08-01 09:10:12,896 - INFO - Finished optomization, results are [-22.700654797730394 array([  0.24273969, 180.36392692])].
2019-08-01 09:10:12,897 - INFO - Beginning optimization with guess, [6.35043360e-02 9.14345363e+01].
2019-08-01 09:10:18,775 - INFO - Finished optomization, results are [-22.700751895019998 array([  0.24206003, 182.31496576])].
2019-08-01 09:10:18,775 - INFO - Beginning optimization with guess, [4.79054456e-02 1.97580220e+02].
2019-08-01 09:10:20,564 - INFO - Finished optomization, results are [-22.70086904612606 array([  0.24140005, 184.10136524])].
2019-08-01 09:10:20,564 - INFO - Beginning optimization with guess, [7.59413976e-02 9.14208756e+01].
2019-08-01 09:10:26,365 - INFO - Finished optomization, results are [-22.700815247122094 array([  0.2419533 , 181.97881174])].
2019-08-01 09:10:26,366 - INFO - Beginning optimization with guess, [7.38723577e-02 2.55945961e+02].
2019-08-01 09:10:27,114 - INFO - Finished optomization, results are [-22.700869037142372 array([  0.2414001 , 184.10114956])].
2019-08-01 09:10:27,115 - INFO - Beginning optimization with guess, [1.10897973e-01 1.75350542e+02].
2019-08-01 09:10:31,626 - INFO - Finished optomization, results are [-22.700867816903248 array([  0.2414048 , 184.10266037])].
2019-08-01 09:10:31,627 - INFO - Beginning optimization with guess, [5.58248487e-02 9.92689837e+01].
2019-08-01 09:10:39,286 - INFO - Finished optomization, results are [-22.70057557381972 array([  0.24359903, 178.2094175 ])].
2019-08-01 09:10:39,286 - INFO - Beginning optimization with guess, [6.67816808e-02 9.07569293e+01].
2019-08-01 09:10:46,521 - INFO - Finished optomization, results are [-22.700795863667423 array([  0.24180185, 182.92362312])].
2019-08-01 09:10:46,522 - INFO - Beginning optimization with guess, [1.59351568e-01 2.55332174e+02].
2019-08-01 09:10:47,678 - INFO - Finished optomization, results are [-22.70086904780397 array([  0.24140004, 184.10138198])].
2019-08-01 09:10:47,678 - INFO - Beginning optimization with guess, [1.49849816e-01 1.60387443e+02].
2019-08-01 09:10:57,176 - INFO - Finished optomization, results are [-22.700668997813402 array([  0.24270026, 180.71697251])].
2019-08-01 09:10:57,187 - INFO - Beginning optimization with guess, [1.45503298e-01 1.57875830e+02].
2019-08-01 09:11:03,281 - INFO - Finished optomization, results are [-22.700615359184248 array([  0.2430851 , 179.26476172])].
2019-08-01 09:11:03,282 - INFO - Beginning optimization with guess, [1.26974695e-01 2.44461714e+02].
2019-08-01 09:11:13,845 - INFO - Finished optomization, results are [-22.700796416103938 array([  0.24224818, 180.97450412])].
2019-08-01 09:11:13,846 - INFO - Beginning optimization with guess, [9.42698651e-02 1.49787442e+02].
2019-08-01 09:11:23,915 - INFO - Finished optomization, results are [-22.70086777147661 array([  0.24140701, 184.07806989])].
2019-08-01 09:11:23,920 - INFO - Beginning optimization with guess, [  0.1402     129.74691708].
2019-08-01 09:11:33,652 - INFO - Finished optomization, results are [-22.70069653471696 array([  0.24298522, 178.90276315])].
2019-08-01 09:11:33,653 - INFO - Beginning optimization with guess, [6.43842087e-02 2.68917798e+02].
2019-08-01 09:11:38,521 - INFO - Finished optomization, results are [-22.700868282728088 array([  0.24140478, 184.081194  ])].
2019-08-01 09:11:38,521 - INFO - Beginning optimization with guess, [8.08034532e-02 9.84141659e+01].
2019-08-01 09:11:44,603 - INFO - Finished optomization, results are [-22.70081310855607 array([  0.24188802, 182.25924215])].
2019-08-01 09:11:44,604 - INFO - Beginning optimization with guess, [4.79397198e-02 2.50542713e+02].
2019-08-01 09:11:50,036 - INFO - Finished optomization, results are [-22.700861136930968 array([  0.2414605 , 183.82132789])].
2019-08-01 09:11:50,036 - INFO - Beginning optimization with guess, [5.09356266e-02 1.91989675e+02].
2019-08-01 09:11:54,566 - INFO - Finished optomization, results are [-22.700868424285833 array([  0.24140349, 184.08942132])].
2019-08-01 09:11:54,567 - INFO - Beginning optimization with guess, [9.93136006e-02 3.05196002e+02].
2019-08-01 09:11:59,776 - INFO - Finished optomization, results are [-22.700867127540437 array([  0.24141134, 184.05765906])].
2019-08-01 09:11:59,776 - INFO - Beginning optimization with guess, [1.10376978e-01 2.58300262e+02].
2019-08-01 09:12:04,717 - INFO - Finished optomization, results are [-22.700867684716883 array([  0.24140761, 184.0751056 ])].
2019-08-01 09:12:04,717 - INFO - Beginning optimization with guess, [7.57080602e-02 2.22053794e+02].
2019-08-01 09:12:10,385 - INFO - Finished optomization, results are [-22.7006973927713 array([  0.24262513, 180.19481901])].
2019-08-01 09:12:10,385 - INFO - Beginning optimization with guess, [7.95003114e-02 1.56631949e+02].
2019-08-01 09:12:15,143 - INFO - Finished optomization, results are [-22.700867377387297 array([  0.24140926, 184.06988617])].
2019-08-01 09:12:15,143 - INFO - Beginning optimization with guess, [4.65646692e-02 3.08527040e+02].
2019-08-01 09:12:16,091 - INFO - Finished optomization, results are [-22.700869040016233 array([  0.24140008, 184.10126196])].
2019-08-01 09:12:16,091 - INFO - Beginning optimization with guess, [1.21568849e-01 1.49322962e+02].
2019-08-01 09:12:21,594 - INFO - Finished optomization, results are [-22.70051667962276 array([  0.24506333, 173.5233987 ])].
2019-08-01 09:12:21,596 - INFO - Beginning optimization with guess, [6.88667804e-02 2.21900433e+02].
2019-08-01 09:12:22,337 - INFO - Finished optomization, results are [-22.700869045902817 array([  0.24140005, 184.10136314])].
2019-08-01 09:12:22,337 - INFO - Beginning optimization with guess, [1.00366146e-01 3.14716665e+02].
2019-08-01 09:12:27,161 - INFO - Finished optomization, results are [-22.7008674200361 array([  0.24140976, 184.06276192])].
2019-08-01 09:12:27,162 - INFO - Beginning optimization with guess, [1.14662856e-01 1.16373202e+02].
2019-08-01 09:12:30,557 - INFO - Finished optomization, results are [-22.700543611783466 array([  0.24452212, 174.87896573])].
2019-08-01 09:12:30,557 - INFO - Beginning optimization with guess, [ 0.15004312 92.99644655].
2019-08-01 09:12:35,816 - INFO - Finished optomization, results are [-22.700803012029546 array([  0.24179312, 182.81379976])].
2019-08-01 09:12:35,817 - INFO - Beginning optimization with guess, [9.81036771e-02 1.21252082e+02].
2019-08-01 09:12:39,676 - INFO - Finished optomization, results are [-22.700530587341554 array([  0.24504925, 173.453196  ])].
2019-08-01 09:12:39,676 - INFO - Beginning optimization with guess, [4.86426006e-02 1.12394311e+02].
2019-08-01 09:12:44,772 - INFO - Finished optomization, results are [-22.700520790308737 array([  0.24488885, 173.98162213])].
2019-08-01 09:12:44,772 - INFO - Beginning optimization with guess, [1.11810960e-01 1.63174115e+02].
2019-08-01 09:12:48,226 - INFO - Finished optomization, results are [-22.700845013816988 array([  0.24152809, 183.71773993])].
2019-08-01 09:12:48,226 - INFO - Beginning optimization with guess, [4.86773353e-02 1.47798829e+02].
2019-08-01 09:12:49,236 - INFO - Finished optomization, results are [-22.700869046320353 array([  0.24140005, 184.10136641])].
2019-08-01 09:12:49,237 - INFO - Beginning optimization with guess, [  0.11192891 108.5827226 ].
2019-08-01 09:12:54,899 - INFO - Finished optomization, results are [-22.700782042079084 array([  0.24215768, 181.39591638])].
2019-08-01 09:12:54,899 - INFO - Beginning optimization with guess, [5.58676974e-02 1.50882869e+02].
2019-08-01 09:12:58,801 - INFO - Finished optomization, results are [-22.700848482135772 array([  0.24150336, 183.86050751])].
2019-08-01 09:12:58,802 - INFO - Beginning optimization with guess, [ 0.10802088 84.80443451].
2019-08-01 09:13:01,630 - INFO - Finished optomization, results are [-22.7008006429407 array([  0.24179731, 182.83163045])].
2019-08-01 09:13:01,631 - INFO - Beginning optimization with guess, [4.55620102e-02 2.54302251e+02].
2019-08-01 09:13:02,700 - INFO - Finished optomization, results are [-22.70086904679068 array([  0.24140004, 184.10137647])].
2019-08-01 09:13:02,700 - INFO - Beginning optimization with guess, [  0.10833645 100.73157824].
2019-08-01 09:13:07,082 - INFO - Finished optomization, results are [-22.7008358510139 array([  0.24174436, 182.68927331])].
2019-08-01 09:13:07,083 - INFO - Beginning optimization with guess, [1.67061141e-01 1.95767662e+02].
2019-08-01 09:13:10,108 - INFO - Finished optomization, results are [-22.700851870369522 array([  0.24148502, 183.92319713])].
2019-08-01 09:13:10,108 - INFO - Beginning optimization with guess, [8.56867471e-02 2.35501054e+02].
2019-08-01 09:13:10,726 - INFO - Finished optomization, results are [-22.700869131953517 array([  0.2413996 , 184.10263763])].
2019-08-01 09:13:10,727 - INFO - Beginning optimization with guess, [6.37823642e-02 2.84112016e+02].
2019-08-01 09:13:15,113 - INFO - Finished optomization, results are [-22.700868861963986 array([  0.24140105, 184.09804822])].
2019-08-01 09:13:15,114 - INFO - Beginning optimization with guess, [5.99821983e-02 1.47680502e+02].
2019-08-01 09:13:19,628 - INFO - Finished optomization, results are [-22.700855170679343 array([  0.24146903, 183.93926463])].
2019-08-01 09:13:19,629 - INFO - Beginning optimization with guess, [1.18796392e-01 1.80720363e+02].
2019-08-01 09:13:24,379 - INFO - Finished optomization, results are [-22.700868850661728 array([  0.24140098, 184.09937781])].
2019-08-01 09:13:24,380 - INFO - Beginning optimization with guess, [1.37968192e-01 1.55888132e+02].
2019-08-01 09:13:27,895 - INFO - Finished optomization, results are [-22.700630618386 array([  0.2429547 , 179.60869774])].
2019-08-01 09:13:27,896 - INFO - Beginning optimization with guess, [5.64681559e-02 1.96229947e+02].
2019-08-01 09:13:34,317 - INFO - Finished optomization, results are [-22.70070836562271 array([  0.24234748, 181.39152352])].
2019-08-01 09:13:34,318 - INFO - Beginning optimization with guess, [1.02703979e-01 1.31306935e+02].
2019-08-01 09:13:36,771 - INFO - Finished optomization, results are [-22.700492995683668 array([  0.24538719, 173.07237687])].
2019-08-01 09:13:36,772 - INFO - Beginning optimization with guess, [6.91295380e-02 1.26352369e+02].
2019-08-01 09:13:42,512 - INFO - Finished optomization, results are [-22.7005150176121 array([  0.24436896, 175.83892106])].
2019-08-01 09:13:42,512 - INFO - Beginning optimization with guess, [1.40299785e-01 1.78378032e+02].
2019-08-01 09:13:47,432 - INFO - Finished optomization, results are [-22.700865175791037 array([  0.24141839, 184.06452544])].
2019-08-01 09:13:47,433 - INFO - Beginning optimization with guess, [5.22788618e-02 1.24202325e+02].
2019-08-01 09:13:51,896 - INFO - Finished optomization, results are [-22.700691388202276 array([  0.2425592 , 180.52816536])].
2019-08-01 09:13:51,897 - INFO - Beginning optimization with guess, [5.10118696e-02 1.09513904e+02].
2019-08-01 09:13:56,940 - INFO - Finished optomization, results are [-22.700516076426396 array([  0.24500162, 173.70233397])].
2019-08-01 09:13:56,940 - INFO - Beginning optimization with guess, [5.62306288e-02 9.93270635e+01].
2019-08-01 09:14:01,577 - INFO - Finished optomization, results are [-22.70056233337759 array([  0.24375874, 177.75858412])].
2019-08-01 09:14:01,578 - INFO - Beginning optimization with guess, [5.71270114e-02 1.24924372e+02].
2019-08-01 09:14:07,625 - INFO - Finished optomization, results are [-22.700716165912976 array([  0.24229403, 181.66498093])].
2019-08-01 09:14:07,626 - INFO - Beginning optimization with guess, [8.56048021e-02 1.35431726e+02].
2019-08-01 09:14:12,809 - INFO - Finished optomization, results are [-22.70053024872916 array([  0.24409706, 176.45709819])].
2019-08-01 09:14:12,810 - INFO - Beginning optimization with guess, [5.58627507e-02 1.48230305e+02].
2019-08-01 09:14:16,932 - INFO - Finished optomization, results are [-22.700854122761573 array([  0.24148014, 183.85299161])].
2019-08-01 09:14:16,932 - INFO - Beginning optimization with guess, [1.31401931e-01 1.92591626e+02].
2019-08-01 09:14:22,219 - INFO - Finished optomization, results are [-22.70083857218572 array([  0.241556  , 183.74862348])].
2019-08-01 09:14:22,220 - INFO - Beginning optimization with guess, [1.04543988e-01 1.69185796e+02].
2019-08-01 09:14:22,789 - INFO - Finished optomization, results are [-22.700869043161415 array([  0.24140006, 184.10129042])].
2019-08-01 09:14:22,789 - INFO - Beginning optimization with guess, [7.06973655e-02 2.24709735e+02].
2019-08-01 09:14:23,556 - INFO - Finished optomization, results are [-22.700869046826067 array([  0.24140004, 184.10137984])].
2019-08-01 09:14:23,557 - INFO - Beginning optimization with guess, [5.83966162e-02 1.15190305e+02].
2019-08-01 09:14:28,354 - INFO - Finished optomization, results are [-22.70049632774932 array([  0.24513447, 173.59330772])].
2019-08-01 09:14:28,354 - INFO - Beginning optimization with guess, [ 0.15319387 91.7869066 ].
2019-08-01 09:14:33,416 - INFO - Finished optomization, results are [-22.70079902838296 array([  0.24179995, 182.84812   ])].
2019-08-01 09:14:33,417 - INFO - Beginning optimization with guess, [6.37348516e-02 2.11080793e+02].
2019-08-01 09:14:34,294 - INFO - Finished optomization, results are [-22.700869046527153 array([  0.24140004, 184.10137107])].
2019-08-01 09:14:34,294 - INFO - Beginning optimization with guess, [ 0.12407355 84.34003462].
2019-08-01 09:14:40,217 - INFO - Finished optomization, results are [-22.700817243595388 array([  0.24177676, 182.71318676])].
2019-08-01 09:14:40,218 - INFO - Beginning optimization with guess, [7.74509575e-02 1.27313190e+02].
2019-08-01 09:14:42,133 - INFO - Finished optomization, results are [-22.70052208493034 array([  0.24531118, 172.80240656])].
2019-08-01 09:14:42,133 - INFO - Beginning optimization with guess, [  0.14226682 129.36665713].
2019-08-01 09:14:47,383 - INFO - Finished optomization, results are [-22.700743350432642 array([  0.24254519, 180.18656712])].
2019-08-01 09:14:47,384 - INFO - Beginning optimization with guess, [7.45136829e-02 2.75240005e+02].
2019-08-01 09:14:48,126 - INFO - Finished optomization, results are [-22.70086904629561 array([  0.24140005, 184.10136802])].
2019-08-01 09:14:48,126 - INFO - Beginning optimization with guess, [9.37251835e-02 1.31918471e+02].
2019-08-01 09:14:51,321 - INFO - Finished optomization, results are [-22.700493541069008 array([  0.24539901, 172.95861822])].
2019-08-01 09:14:51,321 - INFO - Beginning optimization with guess, [7.05256659e-02 2.32909589e+02].
2019-08-01 09:14:57,194 - INFO - Finished optomization, results are [-22.700863153224923 array([  0.24147449, 183.70001834])].
2019-08-01 09:14:57,195 - INFO - Beginning optimization with guess, [6.65796818e-02 1.55214954e+02].
2019-08-01 09:15:02,806 - INFO - Finished optomization, results are [-22.70086276310972 array([  0.24142756, 184.09509771])].
2019-08-01 09:15:02,807 - INFO - Beginning optimization with guess, [8.83964104e-02 1.82863905e+02].
2019-08-01 09:15:03,424 - INFO - Finished optomization, results are [-22.700869047401447 array([  0.24140004, 184.10138468])].
2019-08-01 09:15:03,424 - INFO - Beginning optimization with guess, [1.31529561e-01 1.44237565e+02].
2019-08-01 09:15:08,235 - INFO - Finished optomization, results are [-22.700530932452146 array([  0.24489394, 173.88653498])].
2019-08-01 09:15:08,235 - INFO - Beginning optimization with guess, [1.29943562e-01 2.69690206e+02].
2019-08-01 09:15:08,978 - INFO - Finished optomization, results are [-22.70086904152774 array([  0.24140007, 184.10130723])].
2019-08-01 09:15:08,979 - INFO - Beginning optimization with guess, [1.72562854e-01 2.41199316e+02].
2019-08-01 09:15:09,662 - INFO - Finished optomization, results are [-22.700869046196935 array([  0.24140005, 184.10136647])].
2019-08-01 09:15:09,663 - INFO - Beginning optimization with guess, [4.72014089e-02 1.11747268e+02].
2019-08-01 09:15:15,103 - INFO - Finished optomization, results are [-22.70051875983597 array([  0.24480763, 174.23601193])].
2019-08-01 09:15:15,103 - INFO - Beginning optimization with guess, [5.65107612e-02 2.54879857e+02].
2019-08-01 09:15:15,965 - INFO - Finished optomization, results are [-22.7008690429653 array([  0.24140007, 184.1012881 ])].
2019-08-01 09:15:15,965 - INFO - Beginning optimization with guess, [5.43022988e-02 1.35451077e+02].
2019-08-01 09:15:21,278 - INFO - Finished optomization, results are [-22.70086555069869 array([  0.24142922, 183.94796331])].
2019-08-01 09:15:21,279 - INFO - Beginning optimization with guess, [9.37626488e-02 3.03519310e+02].
2019-08-01 09:15:26,948 - INFO - Finished optomization, results are [-22.7008075005774 array([  0.24209935, 181.46369163])].
2019-08-01 09:15:26,948 - INFO - Beginning optimization with guess, [5.85570298e-02 1.34798506e+02].
2019-08-01 09:15:31,873 - INFO - Finished optomization, results are [-22.7008688352606 array([  0.24140122, 184.09720793])].
2019-08-01 09:15:31,873 - INFO - Beginning optimization with guess, [1.22559378e-01 1.67485452e+02].
2019-08-01 09:15:36,675 - INFO - Finished optomization, results are [-22.700838147787138 array([  0.24156543, 183.606838  ])].
2019-08-01 09:15:36,676 - INFO - Beginning optimization with guess, [6.45165921e-02 3.23422191e+02].
2019-08-01 09:15:37,416 - INFO - Finished optomization, results are [-22.700869044260024 array([  0.24140006, 184.10130693])].
2019-08-01 09:15:37,416 - INFO - Beginning optimization with guess, [1.02569970e-01 1.82750965e+02].
2019-08-01 09:15:38,032 - INFO - Finished optomization, results are [-22.70086905248651 array([  0.24140001, 184.10146474])].
2019-08-01 09:15:38,032 - INFO - Beginning optimization with guess, [6.66810030e-02 2.26146661e+02].
2019-08-01 09:15:42,602 - INFO - Finished optomization, results are [-22.700867907039747 array([  0.24140642, 184.07894876])].
2019-08-01 09:15:42,602 - INFO - Beginning optimization with guess, [ 0.14621895 82.55687062].
2019-08-01 09:15:46,618 - INFO - Finished optomization, results are [-22.700658853786212 array([  0.24276214, 180.03986822])].
2019-08-01 09:15:46,619 - INFO - Beginning optimization with guess, [7.18281429e-02 2.45765131e+02].
2019-08-01 09:15:51,212 - INFO - Finished optomization, results are [-22.700707134189088 array([  0.24314777, 178.31326128])].
2019-08-01 09:15:51,212 - INFO - Beginning optimization with guess, [1.10895682e-01 1.20632935e+02].
2019-08-01 09:15:53,377 - INFO - Finished optomization, results are [-22.70052375904924 array([  0.24519056, 173.11474029])].
2019-08-01 09:15:53,378 - INFO - Beginning optimization with guess, [9.86811649e-02 2.36272445e+02].
2019-08-01 09:15:54,050 - INFO - Finished optomization, results are [-22.700869049916875 array([  0.24140002, 184.1014599 ])].
2019-08-01 09:15:54,051 - INFO - Beginning optimization with guess, [1.30505954e-01 3.00429699e+02].
2019-08-01 09:15:54,789 - INFO - Finished optomization, results are [-22.700869041581072 array([  0.24140007, 184.10130448])].
2019-08-01 09:15:54,789 - INFO - Beginning optimization with guess, [5.67370678e-02 1.32900473e+02].
2019-08-01 09:16:00,150 - INFO - Finished optomization, results are [-22.70086834458794 array([  0.24140425, 184.0844541 ])].
2019-08-01 09:16:00,150 - INFO - Beginning optimization with guess, [1.58600742e-01 1.84295551e+02].
2019-08-01 09:16:06,278 - INFO - Finished optomization, results are [-22.70086143602138 array([  0.24143433, 184.08641846])].
2019-08-01 09:16:06,279 - INFO - Beginning optimization with guess, [8.52049263e-02 1.10010914e+02].
2019-08-01 09:16:12,548 - INFO - Finished optomization, results are [-22.700531718823544 array([  0.24497948, 173.6396664 ])].
2019-08-01 09:16:12,549 - INFO - Beginning optimization with guess, [8.63351151e-02 2.95442780e+02].
2019-08-01 09:16:13,285 - INFO - Finished optomization, results are [-22.700869046207504 array([  0.24140005, 184.10136675])].
2019-08-01 09:16:13,285 - INFO - Beginning optimization with guess, [8.16120865e-02 2.91743311e+02].
2019-08-01 09:16:13,961 - INFO - Finished optomization, results are [-22.700869044956605 array([  0.24140006, 184.10130008])].
2019-08-01 09:16:13,961 - INFO - Beginning optimization with guess, [5.11937641e-02 1.14711983e+02].
2019-08-01 09:16:17,734 - INFO - Finished optomization, results are [-22.700523846847346 array([  0.24456297, 174.92204124])].
2019-08-01 09:16:17,734 - INFO - Beginning optimization with guess, [9.60841723e-02 2.30855411e+02].
2019-08-01 09:16:18,411 - INFO - Finished optomization, results are [-22.700869047963675 array([  0.24140004, 184.10140931])].
2019-08-01 09:16:18,411 - INFO - Beginning optimization with guess, [8.93708974e-02 1.85785486e+02].
2019-08-01 09:16:19,027 - INFO - Finished optomization, results are [-22.700869049237014 array([  0.24140003, 184.1014138 ])].
2019-08-01 09:16:19,027 - INFO - Beginning optimization with guess, [5.33439853e-02 2.54855601e+02].
2019-08-01 09:16:24,258 - INFO - Finished optomization, results are [-22.700868506374132 array([  0.24140328, 184.08828666])].
2019-08-01 09:16:24,258 - INFO - Beginning optimization with guess, [8.92531808e-02 9.67327885e+01].
2019-08-01 09:16:28,864 - INFO - Finished optomization, results are [-22.700519997836484 array([  0.24506175, 173.49916938])].
2019-08-01 09:16:28,864 - INFO - Finished DFE inference.
2019-08-01 09:16:28,864 - INFO - Integrating expected site-frequency spectrum.
2019-08-01 09:16:28,879 - INFO - Outputing results.
2019-08-01 09:16:28,884 - INFO - Pipeline executed succesfully.
