2020-01-03 16:12:26,075 - INFO - Beginning execution of fitdadi_infer_DFE.py in directory /u/home/j/jonmah/lohmueller_lab/Scripts

2020-01-03 16:12:26,076 - INFO - Progress is being logged to ../20200103_Output/LB/log.log

2020-01-03 16:12:26,076 - INFO - Parsed the following arguments:
	breed = LB
	outprefix = ../20200103_Output/LB/
	nonsyn_input_sfs = ../Data/nonsyn_LB.sfs
	syn_input_sfs = ../Data/syn_LB.sfs

2020-01-03 16:12:26,080 - INFO - Beginning optimization with guess, [0.26313407 0.06429393].
2020-01-03 16:12:28,399 - INFO - Finished optimization with guess, [0.26313407 0.06429393].
2020-01-03 16:12:28,399 - INFO - Best fit parameters: [0.23657141 0.15160509].
2020-01-03 16:12:28,423 - INFO - Maximum log composite likelihood: -38.8353184053.
2020-01-03 16:12:28,424 - INFO - Optimal value of theta: 10479.3599652.
2020-01-03 16:12:28,425 - INFO - Beginning optimization with guess, [0.79801892 0.07802785].
2020-01-03 16:12:30,254 - INFO - Finished optimization with guess, [0.79801892 0.07802785].
2020-01-03 16:12:30,255 - INFO - Best fit parameters: [0.23635035 0.15185136].
2020-01-03 16:12:30,279 - INFO - Maximum log composite likelihood: -38.8353654855.
2020-01-03 16:12:30,280 - INFO - Optimal value of theta: 10492.0996113.
2020-01-03 16:12:30,280 - INFO - Beginning optimization with guess, [0.29745625 0.08542148].
2020-01-03 16:12:31,886 - INFO - Finished optimization with guess, [0.29745625 0.08542148].
2020-01-03 16:12:31,886 - INFO - Best fit parameters: [0.23628829 0.15198656].
2020-01-03 16:12:31,910 - INFO - Maximum log composite likelihood: -38.8353728925.
2020-01-03 16:12:31,911 - INFO - Optimal value of theta: 10497.4411681.
2020-01-03 16:12:31,911 - INFO - Beginning optimization with guess, [0.32353833 0.05693308].
2020-01-03 16:12:36,046 - INFO - Finished optimization with guess, [0.32353833 0.05693308].
2020-01-03 16:12:36,047 - INFO - Best fit parameters: [0.23654373 0.15169021].
2020-01-03 16:12:36,071 - INFO - Maximum log composite likelihood: -38.8353142163.
2020-01-03 16:12:36,072 - INFO - Optimal value of theta: 10482.4031841.
2020-01-03 16:12:36,072 - INFO - Beginning optimization with guess, [0.35262111 0.1914796 ].
2020-01-03 16:12:37,988 - INFO - Finished optimization with guess, [0.35262111 0.1914796 ].
2020-01-03 16:12:37,989 - INFO - Best fit parameters: [0.23639661 0.15196663].
2020-01-03 16:12:38,013 - INFO - Maximum log composite likelihood: -38.8353352477.
2020-01-03 16:12:38,014 - INFO - Optimal value of theta: 10493.8817679.
2020-01-03 16:12:38,014 - INFO - Beginning optimization with guess, [0.77823076 0.07453641].
2020-01-03 16:12:41,711 - INFO - Finished optimization with guess, [0.77823076 0.07453641].
2020-01-03 16:12:41,712 - INFO - Best fit parameters: [0.23638635 0.15191495].
2020-01-03 16:12:41,736 - INFO - Maximum log composite likelihood: -38.8353372724.
2020-01-03 16:12:41,737 - INFO - Optimal value of theta: 10492.790477.
2020-01-03 16:12:41,737 - INFO - Beginning optimization with guess, [0.70817944 0.05922306].
2020-01-03 16:12:43,246 - INFO - Finished optimization with guess, [0.70817944 0.05922306].
2020-01-03 16:12:43,246 - INFO - Best fit parameters: [0.23658714 0.15160703].
2020-01-03 16:12:43,270 - INFO - Maximum log composite likelihood: -38.8353147345.
2020-01-03 16:12:43,271 - INFO - Optimal value of theta: 10478.9736345.
2020-01-03 16:12:43,271 - INFO - Beginning optimization with guess, [0.79621355 0.11420785].
2020-01-03 16:12:45,561 - INFO - Finished optimization with guess, [0.79621355 0.11420785].
2020-01-03 16:12:45,561 - INFO - Best fit parameters: [0.23627181 0.15202639].
2020-01-03 16:12:45,585 - INFO - Maximum log composite likelihood: -38.8353756996.
2020-01-03 16:12:45,586 - INFO - Optimal value of theta: 10498.9640952.
2020-01-03 16:12:45,586 - INFO - Beginning optimization with guess, [0.52354749 0.14603875].
2020-01-03 16:12:47,692 - INFO - Finished optimization with guess, [0.52354749 0.14603875].
2020-01-03 16:12:47,693 - INFO - Best fit parameters: [0.236274   0.15206274].
2020-01-03 16:12:47,717 - INFO - Maximum log composite likelihood: -38.8353705475.
2020-01-03 16:12:47,717 - INFO - Optimal value of theta: 10499.8723958.
2020-01-03 16:12:47,718 - INFO - Beginning optimization with guess, [0.70221634 0.05866953].
2020-01-03 16:12:49,883 - INFO - Finished optimization with guess, [0.70221634 0.05866953].
2020-01-03 16:12:49,883 - INFO - Best fit parameters: [0.23657923 0.15168202].
2020-01-03 16:12:49,907 - INFO - Maximum log composite likelihood: -38.8353112993.
2020-01-03 16:12:49,908 - INFO - Optimal value of theta: 10481.1950329.
2020-01-03 16:12:49,908 - INFO - Beginning optimization with guess, [0.43301321 0.08537376].
2020-01-03 16:12:51,415 - INFO - Finished optimization with guess, [0.43301321 0.08537376].
2020-01-03 16:12:51,416 - INFO - Best fit parameters: [0.2362854  0.15201929].
2020-01-03 16:12:51,440 - INFO - Maximum log composite likelihood: -38.8353694072.
2020-01-03 16:12:51,441 - INFO - Optimal value of theta: 10498.3947851.
2020-01-03 16:12:51,441 - INFO - Beginning optimization with guess, [0.38071241 0.18809548].
2020-01-03 16:12:53,318 - INFO - Finished optimization with guess, [0.38071241 0.18809548].
2020-01-03 16:12:53,318 - INFO - Best fit parameters: [0.23639417 0.15184785].
2020-01-03 16:12:53,342 - INFO - Maximum log composite likelihood: -38.8353418601.
2020-01-03 16:12:53,343 - INFO - Optimal value of theta: 10490.7821285.
2020-01-03 16:12:53,343 - INFO - Beginning optimization with guess, [0.30001921 0.05630557].
2020-01-03 16:12:55,815 - INFO - Finished optimization with guess, [0.30001921 0.05630557].
2020-01-03 16:12:55,815 - INFO - Best fit parameters: [0.2365759  0.15157252].
2020-01-03 16:12:55,839 - INFO - Maximum log composite likelihood: -38.8353232071.
2020-01-03 16:12:55,840 - INFO - Optimal value of theta: 10478.3652637.
2020-01-03 16:12:55,840 - INFO - Beginning optimization with guess, [0.65344622 0.0903939 ].
2020-01-03 16:12:57,455 - INFO - Finished optimization with guess, [0.65344622 0.0903939 ].
2020-01-03 16:12:57,456 - INFO - Best fit parameters: [0.2364761  0.15172307].
2020-01-03 16:12:57,480 - INFO - Maximum log composite likelihood: -38.8353289905.
2020-01-03 16:12:57,480 - INFO - Optimal value of theta: 10485.1660398.
2020-01-03 16:12:57,481 - INFO - Beginning optimization with guess, [0.32482641 0.18185166].
2020-01-03 16:16:36,000 - INFO - Finished optimization with guess, [0.32482641 0.18185166].
2020-01-03 16:16:36,001 - INFO - Best fit parameters: [0.06766751 0.14751451].
2020-01-03 16:16:36,045 - INFO - Maximum log composite likelihood: -39.1002796557.
2020-01-03 16:16:36,045 - INFO - Optimal value of theta: 38625.4899267.
2020-01-03 16:16:36,046 - INFO - Beginning optimization with guess, [0.73622288 0.1321358 ].
2020-01-03 16:16:37,195 - INFO - Finished optimization with guess, [0.73622288 0.1321358 ].
2020-01-03 16:16:37,195 - INFO - Best fit parameters: [0.23627102 0.15202759].
2020-01-03 16:16:37,219 - INFO - Maximum log composite likelihood: -38.8353759624.
2020-01-03 16:16:37,220 - INFO - Optimal value of theta: 10499.018281.
2020-01-03 16:16:37,220 - INFO - Beginning optimization with guess, [0.43253667 0.07501349].
2020-01-03 16:16:41,260 - INFO - Finished optimization with guess, [0.43253667 0.07501349].
2020-01-03 16:16:41,260 - INFO - Best fit parameters: [0.2364225  0.15181389].
2020-01-03 16:16:41,284 - INFO - Maximum log composite likelihood: -38.8353350427.
2020-01-03 16:16:41,285 - INFO - Optimal value of theta: 10489.0849815.
2020-01-03 16:16:41,286 - INFO - Beginning optimization with guess, [0.32278289 0.08917626].
2020-01-03 16:16:44,951 - INFO - Finished optimization with guess, [0.32278289 0.08917626].
2020-01-03 16:16:44,953 - INFO - Best fit parameters: [0.11297172 0.18247049].
2020-01-03 16:16:44,990 - INFO - Maximum log composite likelihood: -39.0964232386.
2020-01-03 16:16:44,990 - INFO - Optimal value of theta: 23117.8424157.
2020-01-03 16:16:44,991 - INFO - Beginning optimization with guess, [0.48847714 0.13676393].
2020-01-03 16:16:46,962 - INFO - Finished optimization with guess, [0.48847714 0.13676393].
2020-01-03 16:16:46,962 - INFO - Best fit parameters: [0.23630909 0.15197407].
2020-01-03 16:16:46,986 - INFO - Maximum log composite likelihood: -38.8353634364.
2020-01-03 16:16:46,987 - INFO - Optimal value of theta: 10496.5263479.
2020-01-03 16:16:46,987 - INFO - Beginning optimization with guess, [0.53026136 0.07940015].
2020-01-03 16:16:49,233 - INFO - Finished optimization with guess, [0.53026136 0.07940015].
2020-01-03 16:16:49,233 - INFO - Best fit parameters: [0.23650921 0.15171983].
2020-01-03 16:16:49,257 - INFO - Maximum log composite likelihood: -38.8353186983.
2020-01-03 16:16:49,258 - INFO - Optimal value of theta: 10484.1559124.
2020-01-03 16:16:49,258 - INFO - Beginning optimization with guess, [0.59130693 0.17024377].
2020-01-03 16:16:53,703 - INFO - Finished optimization with guess, [0.59130693 0.17024377].
2020-01-03 16:16:53,704 - INFO - Best fit parameters: [0.23627743 0.15210071].
2020-01-03 16:16:53,728 - INFO - Maximum log composite likelihood: -38.8353680225.
2020-01-03 16:16:53,728 - INFO - Optimal value of theta: 10500.7883842.
2020-01-03 16:16:53,729 - INFO - Beginning optimization with guess, [0.43298521 0.08211023].
2020-01-03 16:16:55,719 - INFO - Finished optimization with guess, [0.43298521 0.08211023].
2020-01-03 16:16:55,719 - INFO - Best fit parameters: [0.23642086 0.15181891].
2020-01-03 16:16:55,743 - INFO - Maximum log composite likelihood: -38.8353349373.
2020-01-03 16:16:55,744 - INFO - Optimal value of theta: 10489.2647016.
2020-01-03 16:16:55,745 - INFO - Beginning optimization with guess, [0.27575485 0.1376885 ].
2020-01-03 16:16:57,625 - INFO - Finished optimization with guess, [0.27575485 0.1376885 ].
2020-01-03 16:16:57,626 - INFO - Best fit parameters: [0.2364062  0.15189608].
2020-01-03 16:16:57,650 - INFO - Maximum log composite likelihood: -38.8353324023.
2020-01-03 16:16:57,651 - INFO - Optimal value of theta: 10491.7328968.
2020-01-03 16:16:57,651 - INFO - Beginning optimization with guess, [0.26331028 0.07617244].
2020-01-03 16:17:01,474 - INFO - Finished optimization with guess, [0.26331028 0.07617244].
2020-01-03 16:17:01,474 - INFO - Best fit parameters: [0.23635561 0.15192942].
2020-01-03 16:17:01,498 - INFO - Maximum log composite likelihood: -38.8353473654.
2020-01-03 16:17:01,499 - INFO - Optimal value of theta: 10494.0353912.
2020-01-03 16:17:01,499 - INFO - Beginning optimization with guess, [0.25682971 0.17534325].
2020-01-03 16:17:03,503 - INFO - Finished optimization with guess, [0.25682971 0.17534325].
2020-01-03 16:17:03,503 - INFO - Best fit parameters: [0.23629789 0.15198902].
2020-01-03 16:17:03,527 - INFO - Maximum log composite likelihood: -38.8353670942.
2020-01-03 16:17:03,528 - INFO - Optimal value of theta: 10497.2382741.
2020-01-03 16:17:03,528 - INFO - Beginning optimization with guess, [0.4620183  0.06830755].
2020-01-03 16:17:05,531 - INFO - Finished optimization with guess, [0.4620183  0.06830755].
2020-01-03 16:17:05,531 - INFO - Best fit parameters: [0.23641559 0.15194539].
2020-01-03 16:17:05,555 - INFO - Maximum log composite likelihood: -38.8353315604.
2020-01-03 16:17:05,556 - INFO - Optimal value of theta: 10492.7852167.
2020-01-03 16:17:05,556 - INFO - Beginning optimization with guess, [0.31848271 0.06733515].
2020-01-03 16:17:08,900 - INFO - Finished optimization with guess, [0.31848271 0.06733515].
2020-01-03 16:17:08,901 - INFO - Best fit parameters: [0.23650095 0.15162669].
2020-01-03 16:17:08,925 - INFO - Maximum log composite likelihood: -38.8353412982.
2020-01-03 16:17:08,925 - INFO - Optimal value of theta: 10481.9003117.
2020-01-03 16:17:08,926 - INFO - Beginning optimization with guess, [0.72185943 0.18192289].
2020-01-03 16:17:10,391 - INFO - Finished optimization with guess, [0.72185943 0.18192289].
2020-01-03 16:17:10,392 - INFO - Best fit parameters: [0.23627232 0.15202548].
2020-01-03 16:17:10,416 - INFO - Maximum log composite likelihood: -38.8353755508.
2020-01-03 16:17:10,416 - INFO - Optimal value of theta: 10498.9255483.
2020-01-03 16:17:10,417 - INFO - Beginning optimization with guess, [0.60249435 0.05393648].
2020-01-03 16:17:12,262 - INFO - Finished optimization with guess, [0.60249435 0.05393648].
2020-01-03 16:17:12,263 - INFO - Best fit parameters: [0.23643696 0.15189751].
2020-01-03 16:17:12,287 - INFO - Maximum log composite likelihood: -38.8353263483.
2020-01-03 16:17:12,288 - INFO - Optimal value of theta: 10490.9119431.
2020-01-03 16:17:12,288 - INFO - Beginning optimization with guess, [0.75422503 0.11515266].
2020-01-03 16:17:13,780 - INFO - Finished optimization with guess, [0.75422503 0.11515266].
2020-01-03 16:17:13,781 - INFO - Best fit parameters: [0.2363291  0.15189392].
2020-01-03 16:17:13,805 - INFO - Maximum log composite likelihood: -38.8353679881.
2020-01-03 16:17:13,805 - INFO - Optimal value of theta: 10493.8290874.
2020-01-03 16:17:13,806 - INFO - Beginning optimization with guess, [0.31078972 0.07209631].
2020-01-03 16:17:17,276 - INFO - Finished optimization with guess, [0.31078972 0.07209631].
2020-01-03 16:17:17,276 - INFO - Best fit parameters: [0.12787784 0.18842318].
2020-01-03 16:17:17,311 - INFO - Maximum log composite likelihood: -39.0921760697.
2020-01-03 16:17:17,312 - INFO - Optimal value of theta: 20415.9708694.
2020-01-03 16:17:17,312 - INFO - Beginning optimization with guess, [0.68125341 0.06038785].
2020-01-03 16:17:19,673 - INFO - Finished optimization with guess, [0.68125341 0.06038785].
2020-01-03 16:17:19,674 - INFO - Best fit parameters: [0.2365399 0.1516041].
2020-01-03 16:17:19,698 - INFO - Maximum log composite likelihood: -38.8353291133.
2020-01-03 16:17:19,698 - INFO - Optimal value of theta: 10480.2114585.
2020-01-03 16:17:19,699 - INFO - Beginning optimization with guess, [0.45294164 0.05040787].
2020-01-03 16:17:22,837 - INFO - Finished optimization with guess, [0.45294164 0.05040787].
2020-01-03 16:17:22,837 - INFO - Best fit parameters: [0.23630779 0.1519884 ].
2020-01-03 16:17:22,861 - INFO - Maximum log composite likelihood: -38.8353621041.
2020-01-03 16:17:22,862 - INFO - Optimal value of theta: 10496.9448461.
2020-01-03 16:17:22,862 - INFO - Beginning optimization with guess, [0.49898474 0.13813194].
2020-01-03 16:17:27,130 - INFO - Finished optimization with guess, [0.49898474 0.13813194].
2020-01-03 16:17:27,130 - INFO - Best fit parameters: [0.23630167 0.1520566 ].
2020-01-03 16:17:27,155 - INFO - Maximum log composite likelihood: -38.8353599397.
2020-01-03 16:17:27,155 - INFO - Optimal value of theta: 10498.9345771.
2020-01-03 16:17:27,156 - INFO - Beginning optimization with guess, [0.32506262 0.16027533].
2020-01-03 16:17:29,074 - INFO - Finished optimization with guess, [0.32506262 0.16027533].
2020-01-03 16:17:29,075 - INFO - Best fit parameters: [0.23656868 0.15160575].
2020-01-03 16:17:29,099 - INFO - Maximum log composite likelihood: -38.8353190117.
2020-01-03 16:17:29,100 - INFO - Optimal value of theta: 10479.4535202.
2020-01-03 16:17:29,100 - INFO - Beginning optimization with guess, [0.72597009 0.17559566].
2020-01-03 16:17:30,568 - INFO - Finished optimization with guess, [0.72597009 0.17559566].
2020-01-03 16:17:30,568 - INFO - Best fit parameters: [0.23627102 0.15202759].
2020-01-03 16:17:30,592 - INFO - Maximum log composite likelihood: -38.8353759622.
2020-01-03 16:17:30,593 - INFO - Optimal value of theta: 10499.0182262.
2020-01-03 16:17:30,593 - INFO - Beginning optimization with guess, [0.72526179 0.10999018].
2020-01-03 16:17:31,651 - INFO - Finished optimization with guess, [0.72526179 0.10999018].
2020-01-03 16:17:31,651 - INFO - Best fit parameters: [0.23627564 0.15205911].
2020-01-03 16:17:31,675 - INFO - Maximum log composite likelihood: -38.8353700765.
2020-01-03 16:17:31,677 - INFO - Optimal value of theta: 10499.7295713.
2020-01-03 16:17:31,677 - INFO - Beginning optimization with guess, [0.71471869 0.06097212].
2020-01-03 16:17:33,548 - INFO - Finished optimization with guess, [0.71471869 0.06097212].
2020-01-03 16:17:33,549 - INFO - Best fit parameters: [0.23647178 0.15172491].
2020-01-03 16:17:33,573 - INFO - Maximum log composite likelihood: -38.835330399.
2020-01-03 16:17:33,573 - INFO - Optimal value of theta: 10485.3355386.
2020-01-03 16:17:33,574 - INFO - Beginning optimization with guess, [0.30815922 0.19893343].
2020-01-03 16:17:35,326 - INFO - Finished optimization with guess, [0.30815922 0.19893343].
2020-01-03 16:17:35,326 - INFO - Best fit parameters: [0.23631607 0.15195174].
2020-01-03 16:17:35,350 - INFO - Maximum log composite likelihood: -38.8353633496.
2020-01-03 16:17:35,351 - INFO - Optimal value of theta: 10495.7356495.
2020-01-03 16:17:35,351 - INFO - Beginning optimization with guess, [0.60234442 0.06870405].
2020-01-03 16:17:37,460 - INFO - Finished optimization with guess, [0.60234442 0.06870405].
2020-01-03 16:17:37,460 - INFO - Best fit parameters: [0.23654653 0.151675  ].
2020-01-03 16:17:37,484 - INFO - Maximum log composite likelihood: -38.8353149942.
2020-01-03 16:17:37,485 - INFO - Optimal value of theta: 10481.9191666.
2020-01-03 16:17:37,485 - INFO - Beginning optimization with guess, [0.86236548 0.18574383].
2020-01-03 16:17:39,158 - INFO - Finished optimization with guess, [0.86236548 0.18574383].
2020-01-03 16:17:39,158 - INFO - Best fit parameters: [0.23629722 0.15199816].
2020-01-03 16:17:39,183 - INFO - Maximum log composite likelihood: -38.8353661228.
2020-01-03 16:17:39,183 - INFO - Optimal value of theta: 10497.5008127.
2020-01-03 16:17:39,184 - INFO - Beginning optimization with guess, [0.64396448 0.05471207].
2020-01-03 16:17:41,108 - INFO - Finished optimization with guess, [0.64396448 0.05471207].
2020-01-03 16:17:41,108 - INFO - Best fit parameters: [0.23638442 0.15184277].
2020-01-03 16:17:41,132 - INFO - Maximum log composite likelihood: -38.8353475591.
2020-01-03 16:17:41,133 - INFO - Optimal value of theta: 10490.9190299.
2020-01-03 16:17:41,133 - INFO - Beginning optimization with guess, [0.72794533 0.12604841].
2020-01-03 16:17:42,569 - INFO - Finished optimization with guess, [0.72794533 0.12604841].
2020-01-03 16:17:42,569 - INFO - Best fit parameters: [0.23647045 0.15167438].
2020-01-03 16:17:42,593 - INFO - Maximum log composite likelihood: -38.8353435469.
2020-01-03 16:17:42,594 - INFO - Optimal value of theta: 10484.0238555.
2020-01-03 16:17:42,594 - INFO - Beginning optimization with guess, [0.54550359 0.06760933].
2020-01-03 16:17:44,540 - INFO - Finished optimization with guess, [0.54550359 0.06760933].
2020-01-03 16:17:44,540 - INFO - Best fit parameters: [0.23647953 0.15168662].
2020-01-03 16:17:44,564 - INFO - Maximum log composite likelihood: -38.8353354876.
2020-01-03 16:17:44,565 - INFO - Optimal value of theta: 10484.0973299.
2020-01-03 16:17:44,565 - INFO - Beginning optimization with guess, [0.51959001 0.06664766].
2020-01-03 16:17:46,225 - INFO - Finished optimization with guess, [0.51959001 0.06664766].
2020-01-03 16:17:46,226 - INFO - Best fit parameters: [0.23651151 0.1516449 ].
2020-01-03 16:17:46,250 - INFO - Maximum log composite likelihood: -38.8353311178.
2020-01-03 16:17:46,251 - INFO - Optimal value of theta: 10482.0918189.
2020-01-03 16:17:46,252 - INFO - Beginning optimization with guess, [0.32653991 0.14739748].
2020-01-03 16:17:48,167 - INFO - Finished optimization with guess, [0.32653991 0.14739748].
2020-01-03 16:17:48,167 - INFO - Best fit parameters: [0.13152853 0.18947549].
2020-01-03 16:17:48,201 - INFO - Maximum log composite likelihood: -39.0907635131.
2020-01-03 16:17:48,202 - INFO - Optimal value of theta: 19843.6371157.
2020-01-03 16:17:48,203 - INFO - Beginning optimization with guess, [0.5408767  0.06846251].
2020-01-03 16:17:50,367 - INFO - Finished optimization with guess, [0.5408767  0.06846251].
2020-01-03 16:17:50,367 - INFO - Best fit parameters: [0.2365953  0.15159185].
2020-01-03 16:17:50,391 - INFO - Maximum log composite likelihood: -38.8353151259.
2020-01-03 16:17:50,392 - INFO - Optimal value of theta: 10478.3409805.
2020-01-03 16:17:50,392 - INFO - Beginning optimization with guess, [0.97836437 0.05647321].
2020-01-03 16:18:22,817 - INFO - Finished optimization with guess, [0.97836437 0.05647321].
2020-01-03 16:18:22,818 - INFO - Best fit parameters: [0.2361793  0.15219067].
2020-01-03 16:18:22,842 - INFO - Maximum log composite likelihood: -38.8354090861.
2020-01-03 16:18:22,843 - INFO - Optimal value of theta: 10505.9456452.
2020-01-03 16:18:22,843 - INFO - Beginning optimization with guess, [0.94447634 0.09900772].
2020-01-03 16:18:23,910 - INFO - Finished optimization with guess, [0.94447634 0.09900772].
2020-01-03 16:18:23,911 - INFO - Best fit parameters: [0.23627102 0.15202759].
2020-01-03 16:18:23,935 - INFO - Maximum log composite likelihood: -38.8353759625.
2020-01-03 16:18:23,935 - INFO - Optimal value of theta: 10499.0185553.
2020-01-03 16:18:23,936 - INFO - Beginning optimization with guess, [0.72270326 0.08381318].
2020-01-03 16:18:25,617 - INFO - Finished optimization with guess, [0.72270326 0.08381318].
2020-01-03 16:18:25,617 - INFO - Best fit parameters: [0.23641263 0.15190787].
2020-01-03 16:18:25,641 - INFO - Maximum log composite likelihood: -38.8353305891.
2020-01-03 16:18:25,642 - INFO - Optimal value of theta: 10491.8675612.
2020-01-03 16:18:25,642 - INFO - Beginning optimization with guess, [0.72233706 0.06877125].
2020-01-03 16:18:27,517 - INFO - Finished optimization with guess, [0.72233706 0.06877125].
2020-01-03 16:18:27,518 - INFO - Best fit parameters: [0.23658811 0.15168605].
2020-01-03 16:18:27,542 - INFO - Maximum log composite likelihood: -38.8353114791.
2020-01-03 16:18:27,543 - INFO - Optimal value of theta: 10481.0553486.
2020-01-03 16:18:27,543 - INFO - Beginning optimization with guess, [0.60234002 0.08458494].
2020-01-03 16:18:30,960 - INFO - Finished optimization with guess, [0.60234002 0.08458494].
2020-01-03 16:18:30,961 - INFO - Best fit parameters: [0.23641078 0.15194597].
2020-01-03 16:18:30,985 - INFO - Maximum log composite likelihood: -38.8353321131.
2020-01-03 16:18:30,986 - INFO - Optimal value of theta: 10492.9353238.
2020-01-03 16:18:30,986 - INFO - Beginning optimization with guess, [0.43241698 0.09378652].
2020-01-03 16:18:33,499 - INFO - Finished optimization with guess, [0.43241698 0.09378652].
2020-01-03 16:18:33,499 - INFO - Best fit parameters: [0.23628274 0.15203689].
2020-01-03 16:18:33,523 - INFO - Maximum log composite likelihood: -38.8353687291.
2020-01-03 16:18:33,524 - INFO - Optimal value of theta: 10498.938718.
2020-01-03 16:18:33,524 - INFO - Beginning optimization with guess, [0.25809647 0.1125186 ].
2020-01-03 16:18:35,761 - INFO - Finished optimization with guess, [0.25809647 0.1125186 ].
2020-01-03 16:18:35,761 - INFO - Best fit parameters: [0.23657452 0.15163835].
2020-01-03 16:18:35,785 - INFO - Maximum log composite likelihood: -38.8353135622.
2020-01-03 16:18:35,786 - INFO - Optimal value of theta: 10480.1610854.
2020-01-03 16:18:35,786 - INFO - Beginning optimization with guess, [0.28598074 0.06992201].
2020-01-03 16:18:37,729 - INFO - Finished optimization with guess, [0.28598074 0.06992201].
2020-01-03 16:18:37,729 - INFO - Best fit parameters: [0.23648841 0.15174892].
2020-01-03 16:18:37,753 - INFO - Maximum log composite likelihood: -38.8353210178.
2020-01-03 16:18:37,754 - INFO - Optimal value of theta: 10485.5124071.
2020-01-03 16:18:37,754 - INFO - Beginning optimization with guess, [0.34719521 0.05591248].
2020-01-03 16:18:39,927 - INFO - Finished optimization with guess, [0.34719521 0.05591248].
2020-01-03 16:18:39,928 - INFO - Best fit parameters: [0.23637587 0.15184551].
2020-01-03 16:18:39,952 - INFO - Maximum log composite likelihood: -38.8353515476.
2020-01-03 16:18:39,952 - INFO - Optimal value of theta: 10491.2308126.
2020-01-03 16:18:39,953 - INFO - Beginning optimization with guess, [0.3865662 0.1083503].
2020-01-03 16:18:43,451 - INFO - Finished optimization with guess, [0.3865662 0.1083503].
2020-01-03 16:18:43,452 - INFO - Best fit parameters: [0.2362714  0.15202675].
2020-01-03 16:18:43,476 - INFO - Maximum log composite likelihood: -38.8353758725.
2020-01-03 16:18:43,477 - INFO - Optimal value of theta: 10498.9852829.
2020-01-03 16:18:43,477 - INFO - Beginning optimization with guess, [0.2953205  0.08570017].
2020-01-03 16:18:45,875 - INFO - Finished optimization with guess, [0.2953205  0.08570017].
2020-01-03 16:18:45,875 - INFO - Best fit parameters: [0.23628636 0.15198947].
2020-01-03 16:18:45,899 - INFO - Maximum log composite likelihood: -38.8353734962.
2020-01-03 16:18:45,900 - INFO - Optimal value of theta: 10497.5727367.
2020-01-03 16:18:45,900 - INFO - Beginning optimization with guess, [0.46686152 0.17296368].
2020-01-03 16:18:48,332 - INFO - Finished optimization with guess, [0.46686152 0.17296368].
2020-01-03 16:18:48,333 - INFO - Best fit parameters: [0.23630768 0.15209875].
2020-01-03 16:18:48,357 - INFO - Maximum log composite likelihood: -38.8353599851.
2020-01-03 16:18:48,357 - INFO - Optimal value of theta: 10499.8900139.
2020-01-03 16:18:48,358 - INFO - Beginning optimization with guess, [0.44253711 0.10374952].
2020-01-03 16:18:51,075 - INFO - Finished optimization with guess, [0.44253711 0.10374952].
2020-01-03 16:18:51,075 - INFO - Best fit parameters: [0.23628138 0.15200967].
2020-01-03 16:18:51,099 - INFO - Maximum log composite likelihood: -38.8353729243.
2020-01-03 16:18:51,100 - INFO - Optimal value of theta: 10498.2507961.
2020-01-03 16:18:51,100 - INFO - Beginning optimization with guess, [0.27190948 0.0612687 ].
2020-01-03 16:18:52,993 - INFO - Finished optimization with guess, [0.27190948 0.0612687 ].
2020-01-03 16:18:52,993 - INFO - Best fit parameters: [0.23635894 0.15189934].
2020-01-03 16:18:53,017 - INFO - Maximum log composite likelihood: -38.835350001.
2020-01-03 16:18:53,018 - INFO - Optimal value of theta: 10493.1399324.
2020-01-03 16:18:53,018 - INFO - Beginning optimization with guess, [0.27130718 0.07980204].
2020-01-03 16:18:55,120 - INFO - Finished optimization with guess, [0.27130718 0.07980204].
2020-01-03 16:18:55,120 - INFO - Best fit parameters: [0.23658645 0.15161508].
2020-01-03 16:18:55,144 - INFO - Maximum log composite likelihood: -38.8353139616.
2020-01-03 16:18:55,145 - INFO - Optimal value of theta: 10479.2073589.
2020-01-03 16:18:55,145 - INFO - Beginning optimization with guess, [0.78909446 0.0804687 ].
2020-01-03 16:18:57,625 - INFO - Finished optimization with guess, [0.78909446 0.0804687 ].
2020-01-03 16:18:57,626 - INFO - Best fit parameters: [0.23660415 0.1516228 ].
2020-01-03 16:18:57,650 - INFO - Maximum log composite likelihood: -38.8353115354.
2020-01-03 16:18:57,650 - INFO - Optimal value of theta: 10478.9205097.
2020-01-03 16:18:57,651 - INFO - Beginning optimization with guess, [0.26167816 0.16974931].
2020-01-03 16:18:59,583 - INFO - Finished optimization with guess, [0.26167816 0.16974931].
2020-01-03 16:18:59,583 - INFO - Best fit parameters: [0.23658884 0.15159148].
2020-01-03 16:18:59,607 - INFO - Maximum log composite likelihood: -38.8353164204.
2020-01-03 16:18:59,608 - INFO - Optimal value of theta: 10478.5108932.
2020-01-03 16:18:59,609 - INFO - Beginning optimization with guess, [0.36082403 0.0739597 ].
2020-01-03 16:19:01,451 - INFO - Finished optimization with guess, [0.36082403 0.0739597 ].
2020-01-03 16:19:01,451 - INFO - Best fit parameters: [0.23629494 0.15200387].
2020-01-03 16:19:01,476 - INFO - Maximum log composite likelihood: -38.8353665226.
2020-01-03 16:19:01,476 - INFO - Optimal value of theta: 10497.7168074.
2020-01-03 16:19:01,477 - INFO - Beginning optimization with guess, [0.34326555 0.11453512].
2020-01-03 16:19:03,736 - INFO - Finished optimization with guess, [0.34326555 0.11453512].
2020-01-03 16:19:03,737 - INFO - Best fit parameters: [0.1290025  0.18876119].
2020-01-03 16:19:03,772 - INFO - Maximum log composite likelihood: -39.0917620951.
2020-01-03 16:19:03,773 - INFO - Optimal value of theta: 20236.1091774.
2020-01-03 16:19:03,773 - INFO - Beginning optimization with guess, [0.68663799 0.11950892].
2020-01-03 16:19:05,999 - INFO - Finished optimization with guess, [0.68663799 0.11950892].
2020-01-03 16:19:05,999 - INFO - Best fit parameters: [0.23647645 0.15166623].
2020-01-03 16:19:06,024 - INFO - Maximum log composite likelihood: -38.835342657.
2020-01-03 16:19:06,024 - INFO - Optimal value of theta: 10483.6389639.
2020-01-03 16:19:06,025 - INFO - Beginning optimization with guess, [0.36401033 0.07103053].
2020-01-03 16:19:08,587 - INFO - Finished optimization with guess, [0.36401033 0.07103053].
2020-01-03 16:19:08,588 - INFO - Best fit parameters: [0.23659997 0.15158478].
2020-01-03 16:19:08,612 - INFO - Maximum log composite likelihood: -38.8353151929.
2020-01-03 16:19:08,613 - INFO - Optimal value of theta: 10478.0219869.
2020-01-03 16:19:08,613 - INFO - Beginning optimization with guess, [0.81122566 0.05420264].
2020-01-03 16:19:13,224 - INFO - Finished optimization with guess, [0.81122566 0.05420264].
2020-01-03 16:19:13,224 - INFO - Best fit parameters: [0.12760139 0.18831636].
2020-01-03 16:19:13,259 - INFO - Maximum log composite likelihood: -39.0923044146.
2020-01-03 16:19:13,259 - INFO - Optimal value of theta: 20458.7184222.
2020-01-03 16:19:13,260 - INFO - Beginning optimization with guess, [0.68747322 0.09008416].
2020-01-03 16:19:14,948 - INFO - Finished optimization with guess, [0.68747322 0.09008416].
2020-01-03 16:19:14,948 - INFO - Best fit parameters: [0.23649914 0.15184481].
2020-01-03 16:19:14,972 - INFO - Maximum log composite likelihood: -38.8353196728.
2020-01-03 16:19:14,973 - INFO - Optimal value of theta: 10487.7707096.
2020-01-03 16:19:14,973 - INFO - Beginning optimization with guess, [0.49442695 0.16325441].
2020-01-03 16:19:17,455 - INFO - Finished optimization with guess, [0.49442695 0.16325441].
2020-01-03 16:19:17,456 - INFO - Best fit parameters: [0.23628676 0.15200361].
2020-01-03 16:19:17,480 - INFO - Maximum log composite likelihood: -38.8353708923.
2020-01-03 16:19:17,481 - INFO - Optimal value of theta: 10497.9387257.
2020-01-03 16:19:17,481 - INFO - Beginning optimization with guess, [0.90851415 0.11627193].
2020-01-03 16:19:20,134 - INFO - Finished optimization with guess, [0.90851415 0.11627193].
2020-01-03 16:19:20,135 - INFO - Best fit parameters: [0.2362861  0.15200866].
2020-01-03 16:19:20,159 - INFO - Maximum log composite likelihood: -38.8353704903.
2020-01-03 16:19:20,159 - INFO - Optimal value of theta: 10498.0916328.
2020-01-03 16:19:20,160 - INFO - Beginning optimization with guess, [0.77631928 0.12820641].
2020-01-03 16:19:21,232 - INFO - Finished optimization with guess, [0.77631928 0.12820641].
2020-01-03 16:19:21,232 - INFO - Best fit parameters: [0.23627102 0.15202759].
2020-01-03 16:19:21,256 - INFO - Maximum log composite likelihood: -38.8353759622.
2020-01-03 16:19:21,257 - INFO - Optimal value of theta: 10499.0182598.
2020-01-03 16:19:21,257 - INFO - Beginning optimization with guess, [0.32251584 0.0520757 ].
2020-01-03 16:19:24,794 - INFO - Finished optimization with guess, [0.32251584 0.0520757 ].
2020-01-03 16:19:24,794 - INFO - Best fit parameters: [0.23652059 0.1516714 ].
2020-01-03 16:19:24,818 - INFO - Maximum log composite likelihood: -38.8353221557.
2020-01-03 16:19:24,819 - INFO - Optimal value of theta: 10482.5461664.
2020-01-03 16:19:24,820 - INFO - Beginning optimization with guess, [0.60117056 0.06479559].
2020-01-03 16:19:26,486 - INFO - Finished optimization with guess, [0.60117056 0.06479559].
2020-01-03 16:19:26,486 - INFO - Best fit parameters: [0.23643602 0.15184985].
2020-01-03 16:19:26,510 - INFO - Maximum log composite likelihood: -38.8353267601.
2020-01-03 16:19:26,511 - INFO - Optimal value of theta: 10489.667039.
2020-01-03 16:19:26,511 - INFO - Beginning optimization with guess, [0.42478087 0.05065568].
2020-01-03 16:19:30,523 - INFO - Finished optimization with guess, [0.42478087 0.05065568].
2020-01-03 16:19:30,524 - INFO - Best fit parameters: [0.23639269 0.15194926].
2020-01-03 16:19:30,548 - INFO - Maximum log composite likelihood: -38.8353350673.
2020-01-03 16:19:30,549 - INFO - Optimal value of theta: 10493.5281777.
2020-01-03 16:19:30,550 - INFO - Beginning optimization with guess, [0.34556051 0.06268405].
2020-01-03 16:19:32,688 - INFO - Finished optimization with guess, [0.34556051 0.06268405].
2020-01-03 16:19:32,688 - INFO - Best fit parameters: [0.23635404 0.15196272].
2020-01-03 16:19:32,712 - INFO - Maximum log composite likelihood: -38.8353451967.
2020-01-03 16:19:32,713 - INFO - Optimal value of theta: 10494.9671728.
2020-01-03 16:19:32,714 - INFO - Beginning optimization with guess, [0.26476653 0.1563894 ].
2020-01-03 16:19:34,359 - INFO - Finished optimization with guess, [0.26476653 0.1563894 ].
2020-01-03 16:19:34,359 - INFO - Best fit parameters: [0.2364409  0.15184327].
2020-01-03 16:19:34,383 - INFO - Maximum log composite likelihood: -38.8353258775.
2020-01-03 16:19:34,384 - INFO - Optimal value of theta: 10489.3550305.
2020-01-03 16:19:34,384 - INFO - Beginning optimization with guess, [0.57298061 0.16156024].
2020-01-03 16:19:36,325 - INFO - Finished optimization with guess, [0.57298061 0.16156024].
2020-01-03 16:19:36,325 - INFO - Best fit parameters: [0.23629242 0.15199814].
2020-01-03 16:19:36,350 - INFO - Maximum log composite likelihood: -38.83536865.
2020-01-03 16:19:36,350 - INFO - Optimal value of theta: 10497.6346228.
2020-01-03 16:19:36,351 - INFO - Beginning optimization with guess, [0.62218629 0.17409595].
2020-01-03 16:19:39,426 - INFO - Finished optimization with guess, [0.62218629 0.17409595].
2020-01-03 16:19:39,428 - INFO - Best fit parameters: [0.23651041 0.15179575].
2020-01-03 16:19:39,452 - INFO - Maximum log composite likelihood: -38.8353159998.
2020-01-03 16:19:39,452 - INFO - Optimal value of theta: 10486.1480819.
2020-01-03 16:19:39,453 - INFO - Beginning optimization with guess, [0.37523477 0.13381555].
2020-01-03 16:19:42,445 - INFO - Finished optimization with guess, [0.37523477 0.13381555].
2020-01-03 16:19:42,445 - INFO - Best fit parameters: [0.23538426 0.15468475].
2020-01-03 16:19:42,470 - INFO - Maximum log composite likelihood: -38.8380487385.
2020-01-03 16:19:42,470 - INFO - Optimal value of theta: 10595.413988.
2020-01-03 16:19:42,471 - INFO - Beginning optimization with guess, [0.96084226 0.17278987].
2020-01-03 16:19:44,279 - INFO - Finished optimization with guess, [0.96084226 0.17278987].
2020-01-03 16:19:44,279 - INFO - Best fit parameters: [0.23647475 0.15191285].
2020-01-03 16:19:44,303 - INFO - Maximum log composite likelihood: -38.8353275603.
2020-01-03 16:19:44,304 - INFO - Optimal value of theta: 10490.2658249.
2020-01-03 16:19:44,304 - INFO - Beginning optimization with guess, [0.33193699 0.0897628 ].
2020-01-03 16:19:45,806 - INFO - Finished optimization with guess, [0.33193699 0.0897628 ].
2020-01-03 16:19:45,806 - INFO - Best fit parameters: [0.12802226 0.18846099].
2020-01-03 16:19:45,841 - INFO - Maximum log composite likelihood: -39.0921317391.
2020-01-03 16:19:45,841 - INFO - Optimal value of theta: 20392.1193334.
2020-01-03 16:19:45,842 - INFO - Beginning optimization with guess, [0.67586186 0.12917484].
2020-01-03 16:19:49,521 - INFO - Finished optimization with guess, [0.67586186 0.12917484].
2020-01-03 16:19:49,522 - INFO - Best fit parameters: [0.23655582 0.15157229].
2020-01-03 16:19:49,546 - INFO - Maximum log composite likelihood: -38.8353306827.
2020-01-03 16:19:49,547 - INFO - Optimal value of theta: 10478.9187362.
2020-01-03 16:19:49,547 - INFO - Beginning optimization with guess, [0.53804869 0.08280077].
2020-01-03 16:19:51,803 - INFO - Finished optimization with guess, [0.53804869 0.08280077].
2020-01-03 16:19:51,805 - INFO - Best fit parameters: [0.23657516 0.15162136].
2020-01-03 16:19:51,829 - INFO - Maximum log composite likelihood: -38.835315252.
2020-01-03 16:19:51,829 - INFO - Optimal value of theta: 10479.689575.
2020-01-03 16:19:51,830 - INFO - Beginning optimization with guess, [0.38451852 0.10775973].
2020-01-03 16:19:55,308 - INFO - Finished optimization with guess, [0.38451852 0.10775973].
2020-01-03 16:19:55,308 - INFO - Best fit parameters: [0.23627748 0.15202152].
2020-01-03 16:19:55,332 - INFO - Maximum log composite likelihood: -38.8353732937.
2020-01-03 16:19:55,333 - INFO - Optimal value of theta: 10498.6759333.
2020-01-03 16:19:55,333 - INFO - Beginning optimization with guess, [0.50731163 0.14536579].
2020-01-03 16:19:57,525 - INFO - Finished optimization with guess, [0.50731163 0.14536579].
2020-01-03 16:19:57,525 - INFO - Best fit parameters: [0.23632172 0.15201441].
2020-01-03 16:19:57,549 - INFO - Maximum log composite likelihood: -38.8353540612.
2020-01-03 16:19:57,550 - INFO - Optimal value of theta: 10497.2488891.
2020-01-03 16:19:57,550 - INFO - Beginning optimization with guess, [0.6458643  0.16416451].
2020-01-03 16:19:59,024 - INFO - Finished optimization with guess, [0.6458643  0.16416451].
2020-01-03 16:19:59,024 - INFO - Best fit parameters: [0.23627102 0.15202759].
2020-01-03 16:19:59,048 - INFO - Maximum log composite likelihood: -38.8353759624.
2020-01-03 16:19:59,049 - INFO - Optimal value of theta: 10499.0182646.
2020-01-03 16:19:59,049 - INFO - Beginning optimization with guess, [0.55977337 0.08594891].
2020-01-03 16:20:02,616 - INFO - Finished optimization with guess, [0.55977337 0.08594891].
2020-01-03 16:20:02,616 - INFO - Best fit parameters: [0.23656555 0.15160034].
2020-01-03 16:20:02,641 - INFO - Maximum log composite likelihood: -38.8353208576.
2020-01-03 16:20:02,641 - INFO - Optimal value of theta: 10479.3966012.
2020-01-03 16:20:02,642 - INFO - Beginning optimization with guess, [0.3010412  0.11536337].
2020-01-03 16:20:05,599 - INFO - Finished optimization with guess, [0.3010412  0.11536337].
2020-01-03 16:20:05,600 - INFO - Best fit parameters: [0.11020096 0.18114636].
2020-01-03 16:20:05,637 - INFO - Maximum log composite likelihood: -39.0968983953.
2020-01-03 16:20:05,637 - INFO - Optimal value of theta: 23706.9317128.
2020-01-03 16:20:05,638 - INFO - Beginning optimization with guess, [0.6580814  0.09005966].
2020-01-03 16:20:07,543 - INFO - Finished optimization with guess, [0.6580814  0.09005966].
2020-01-03 16:20:07,543 - INFO - Best fit parameters: [0.23656563 0.15157391].
2020-01-03 16:20:07,567 - INFO - Maximum log composite likelihood: -38.8353264257.
2020-01-03 16:20:07,568 - INFO - Optimal value of theta: 10478.68837.
2020-01-03 16:20:07,568 - INFO - Beginning optimization with guess, [0.38310948 0.05582386].
2020-01-03 16:20:09,621 - INFO - Finished optimization with guess, [0.38310948 0.05582386].
2020-01-03 16:20:09,621 - INFO - Best fit parameters: [0.23627273 0.1520241 ].
2020-01-03 16:20:09,645 - INFO - Maximum log composite likelihood: -38.8353755314.
2020-01-03 16:20:09,646 - INFO - Optimal value of theta: 10498.8773491.
2020-01-03 16:20:09,646 - INFO - Beginning optimization with guess, [0.51892114 0.10574519].
2020-01-03 16:20:11,095 - INFO - Finished optimization with guess, [0.51892114 0.10574519].
2020-01-03 16:20:11,095 - INFO - Best fit parameters: [0.23627973 0.15202442].
2020-01-03 16:20:11,119 - INFO - Maximum log composite likelihood: -38.8353716892.
2020-01-03 16:20:11,120 - INFO - Optimal value of theta: 10498.6903797.
2020-01-03 16:20:11,120 - INFO - Beginning optimization with guess, [0.40500999 0.07775561].
2020-01-03 16:20:12,961 - INFO - Finished optimization with guess, [0.40500999 0.07775561].
2020-01-03 16:20:12,962 - INFO - Best fit parameters: [0.2363993 0.1518616].
2020-01-03 16:20:12,986 - INFO - Maximum log composite likelihood: -38.8353376408.
2020-01-03 16:20:12,987 - INFO - Optimal value of theta: 10491.0057576.
2020-01-03 16:20:12,987 - INFO - Beginning optimization with guess, [0.6519108  0.14683543].
2020-01-03 16:20:14,731 - INFO - Finished optimization with guess, [0.6519108  0.14683543].
2020-01-03 16:20:14,731 - INFO - Best fit parameters: [0.23628196 0.15202102].
2020-01-03 16:20:14,756 - INFO - Maximum log composite likelihood: -38.83537097.
2020-01-03 16:20:14,756 - INFO - Optimal value of theta: 10498.5371446.
2020-01-03 16:20:14,757 - INFO - Beginning optimization with guess, [0.51518592 0.17179395].
2020-01-03 16:20:16,804 - INFO - Finished optimization with guess, [0.51518592 0.17179395].
2020-01-03 16:20:16,804 - INFO - Best fit parameters: [0.23628576 0.15203624].
2020-01-03 16:20:16,828 - INFO - Maximum log composite likelihood: -38.8353673656.
2020-01-03 16:20:16,829 - INFO - Optimal value of theta: 10498.8367357.
2020-01-03 16:20:16,829 - INFO - Beginning optimization with guess, [0.32916772 0.11713877].
2020-01-03 16:20:19,348 - INFO - Finished optimization with guess, [0.32916772 0.11713877].
2020-01-03 16:20:19,349 - INFO - Best fit parameters: [0.12405822 0.18711742].
2020-01-03 16:20:19,384 - INFO - Maximum log composite likelihood: -39.0935273505.
2020-01-03 16:20:19,385 - INFO - Optimal value of theta: 21045.706896.
2020-01-03 16:20:19,385 - INFO - Beginning optimization with guess, [0.96108844 0.14049514].
2020-01-03 16:20:21,539 - INFO - Finished optimization with guess, [0.96108844 0.14049514].
2020-01-03 16:20:21,539 - INFO - Best fit parameters: [0.23635233 0.15187894].
2020-01-03 16:20:21,563 - INFO - Maximum log composite likelihood: -38.8353574028.
2020-01-03 16:20:21,564 - INFO - Optimal value of theta: 10492.7803133.
2020-01-03 16:20:21,564 - INFO - Beginning optimization with guess, [0.33699439 0.10347048].
2020-01-03 16:20:23,331 - INFO - Finished optimization with guess, [0.33699439 0.10347048].
2020-01-03 16:20:23,331 - INFO - Best fit parameters: [0.12307049 0.1867824 ].
2020-01-03 16:20:23,366 - INFO - Maximum log composite likelihood: -39.0938069387.
2020-01-03 16:20:23,367 - INFO - Optimal value of theta: 21217.567396.
2020-01-03 16:20:23,367 - INFO - Beginning optimization with guess, [0.64803837 0.07492949].
2020-01-03 16:20:26,478 - INFO - Finished optimization with guess, [0.64803837 0.07492949].
2020-01-03 16:20:26,479 - INFO - Best fit parameters: [0.23645119 0.15179538].
2020-01-03 16:20:26,503 - INFO - Maximum log composite likelihood: -38.8353269641.
2020-01-03 16:20:26,504 - INFO - Optimal value of theta: 10487.790313.
2020-01-03 16:20:26,507 - INFO - Finished demographic inference.
2020-01-03 16:20:26,508 - INFO - Beginning DFE inference.
2020-01-03 16:43:12,794 - INFO - Beginning optimization with guess, [9.7420636e-02 4.1502155e+04].
2020-01-03 16:43:18,406 - INFO - Finished optomization, results are [-44.73363721492706 array([1.02005748e-01, 6.55718828e+05])].
2020-01-03 16:43:18,406 - INFO - Beginning optimization with guess, [1.07360789e-01 3.06061402e+04].
2020-01-03 16:43:27,344 - INFO - Finished optomization, results are [-44.489531940871075 array([1.00501346e-01, 7.64415492e+05])].
2020-01-03 16:43:27,345 - INFO - Beginning optimization with guess, [1.11220695e-01 1.36763681e+04].
2020-01-03 16:43:33,767 - INFO - Finished optomization, results are [-45.0654073598148 array([1.00316136e-01, 7.43755001e+05])].
2020-01-03 16:43:33,767 - INFO - Beginning optimization with guess, [1.11399341e-01 2.35138234e+04].
2020-01-03 16:43:40,135 - INFO - Finished optomization, results are [-44.98333961873641 array([1.01046932e-01, 6.96318845e+05])].
2020-01-03 16:43:40,136 - INFO - Beginning optimization with guess, [1.76043115e-01 2.96860937e+04].
2020-01-03 16:43:46,119 - INFO - Finished optomization, results are [-44.784134123939566 array([1.00904349e-01, 7.16873462e+05])].
2020-01-03 16:43:46,119 - INFO - Beginning optimization with guess, [7.65145921e-02 4.22405406e+04].
2020-01-03 16:43:55,657 - INFO - Finished optomization, results are [-44.625912102685106 array([1.01626471e-01, 6.84885953e+05])].
2020-01-03 16:43:55,658 - INFO - Beginning optimization with guess, [1.29428504e-01 3.04351916e+04].
2020-01-03 16:44:04,751 - INFO - Finished optomization, results are [-44.78695266572686 array([1.00842066e-01, 7.20881670e+05])].
2020-01-03 16:44:04,753 - INFO - Beginning optimization with guess, [1.42416726e-01 4.52644043e+04].
2020-01-03 16:44:15,033 - INFO - Finished optomization, results are [-44.47101410035975 array([1.00485184e-01, 7.67005704e+05])].
2020-01-03 16:44:15,033 - INFO - Beginning optimization with guess, [8.71464642e-02 3.02826985e+04].
2020-01-03 16:44:22,846 - INFO - Finished optomization, results are [-44.66661593778872 array([1.00844506e-01, 7.28359218e+05])].
2020-01-03 16:44:22,848 - INFO - Beginning optimization with guess, [1.06997459e-01 1.37141976e+04].
2020-01-03 16:44:31,050 - INFO - Finished optomization, results are [-45.90186323064472 array([9.97790974e-02, 7.52566173e+05])].
2020-01-03 16:44:31,052 - INFO - Beginning optimization with guess, [4.71111842e-02 3.01509658e+04].
2020-01-03 16:44:37,725 - INFO - Finished optomization, results are [-44.45661546654583 array([1.00525499e-01, 7.65478310e+05])].
2020-01-03 16:44:37,726 - INFO - Beginning optimization with guess, [1.09425254e-01 1.53999077e+04].
2020-01-03 16:44:49,202 - INFO - Finished optomization, results are [-44.96203660997662 array([1.00104395e-01, 7.64735880e+05])].
2020-01-03 16:44:49,202 - INFO - Beginning optimization with guess, [1.78300339e-01 1.28979940e+04].
2020-01-03 16:44:55,377 - INFO - Finished optomization, results are [-45.15550002891996 array([1.00136880e-01, 7.53177458e+05])].
2020-01-03 16:44:55,379 - INFO - Beginning optimization with guess, [4.74181282e-02 3.63599413e+04].
2020-01-03 16:45:01,358 - INFO - Finished optomization, results are [-45.422197175955716 array([1.00767809e-01, 6.95888727e+05])].
2020-01-03 16:45:01,358 - INFO - Beginning optimization with guess, [4.94151088e-02 1.70920478e+04].
2020-01-03 16:45:07,001 - INFO - Finished optomization, results are [-45.59529210620258 array([1.00790002e-01, 6.87818685e+05])].
2020-01-03 16:45:07,002 - INFO - Beginning optimization with guess, [1.32875607e-01 3.40671932e+04].
2020-01-03 16:45:12,340 - INFO - Finished optomization, results are [-44.71581713038586 array([1.00520091e-01, 7.47436220e+05])].
2020-01-03 16:45:12,341 - INFO - Beginning optimization with guess, [4.73404552e-02 3.84497334e+04].
2020-01-03 16:45:17,728 - INFO - Finished optomization, results are [-44.41624317693049 array([1.00632606e-01, 7.62079250e+05])].
2020-01-03 16:45:17,729 - INFO - Beginning optimization with guess, [1.22949847e-01 2.11761172e+04].
2020-01-03 16:45:26,673 - INFO - Finished optomization, results are [-45.99666050328051 array([9.99933998e-02, 7.32616948e+05])].
2020-01-03 16:45:26,673 - INFO - Beginning optimization with guess, [1.49413127e-01 2.12598885e+04].
2020-01-03 16:45:35,862 - INFO - Finished optomization, results are [-44.803705177894244 array([1.00673074e-01, 7.31482215e+05])].
2020-01-03 16:45:35,863 - INFO - Beginning optimization with guess, [1.76391815e-01 3.74860211e+04].
2020-01-03 16:45:41,963 - INFO - Finished optomization, results are [-44.898683466254624 array([1.01800971e-01, 6.54434514e+05])].
2020-01-03 16:45:41,964 - INFO - Beginning optimization with guess, [5.30700977e-02 3.29586400e+04].
2020-01-03 16:45:47,944 - INFO - Finished optomization, results are [-45.4980068025784 array([1.00930969e-01, 6.81697915e+05])].
2020-01-03 16:45:47,945 - INFO - Beginning optimization with guess, [8.64313221e-02 1.72407659e+04].
2020-01-03 16:45:57,592 - INFO - Finished optomization, results are [-45.563080935370635 array([1.00148081e-01, 7.35776488e+05])].
2020-01-03 16:45:57,593 - INFO - Beginning optimization with guess, [1.30908066e-01 3.13751457e+04].
2020-01-03 16:46:03,350 - INFO - Finished optomization, results are [-44.67951091031182 array([1.00527200e-01, 7.49195338e+05])].
2020-01-03 16:46:03,350 - INFO - Beginning optimization with guess, [6.76570518e-02 3.95730313e+04].
2020-01-03 16:46:16,082 - INFO - Finished optomization, results are [-44.590190216212704 array([1.00342827e-01, 7.68182609e+05])].
2020-01-03 16:46:16,084 - INFO - Beginning optimization with guess, [4.85187090e-02 2.73324074e+04].
2020-01-03 16:46:24,028 - INFO - Finished optomization, results are [-44.40198694931905 array([1.00893363e-01, 7.47857350e+05])].
2020-01-03 16:46:24,030 - INFO - Beginning optimization with guess, [1.35181583e-01 4.42300673e+04].
2020-01-03 16:46:33,261 - INFO - Finished optomization, results are [-45.3846797280662 array([1.00356788e-01, 7.26960641e+05])].
2020-01-03 16:46:33,261 - INFO - Beginning optimization with guess, [9.11443967e-02 1.70902690e+04].
2020-01-03 16:46:41,647 - INFO - Finished optomization, results are [-46.053881404555796 array([9.96006204e-02, 7.61907410e+05])].
2020-01-03 16:46:41,647 - INFO - Beginning optimization with guess, [6.92296255e-02 1.35824607e+04].
2020-01-03 16:46:49,244 - INFO - Finished optomization, results are [-46.51675818136164 array([1.02642900e-01, 7.59687235e+05])].
2020-01-03 16:46:49,245 - INFO - Beginning optimization with guess, [1.29499176e-01 1.53933883e+04].
2020-01-03 16:46:56,049 - INFO - Finished optomization, results are [-45.90724187508522 array([1.00156990e-01, 7.23037509e+05])].
2020-01-03 16:46:56,050 - INFO - Beginning optimization with guess, [1.36735571e-01 4.51295731e+04].
2020-01-03 16:47:05,911 - INFO - Finished optomization, results are [-44.95435464800403 array([1.00160147e-01, 7.60857940e+05])].
2020-01-03 16:47:05,913 - INFO - Beginning optimization with guess, [7.57363067e-02 2.06575929e+04].
2020-01-03 16:47:15,490 - INFO - Finished optomization, results are [-45.44578523092332 array([9.99011011e-02, 7.59421296e+05])].
2020-01-03 16:47:15,491 - INFO - Beginning optimization with guess, [1.29440241e-01 2.14765994e+04].
2020-01-03 16:47:20,672 - INFO - Finished optomization, results are [-45.196642603267264 array([1.00032772e-01, 7.59391490e+05])].
2020-01-03 16:47:20,673 - INFO - Beginning optimization with guess, [1.46167601e-01 2.38759097e+04].
2020-01-03 16:47:30,848 - INFO - Finished optomization, results are [-44.62988925977561 array([1.00267936e-01, 7.71007783e+05])].
2020-01-03 16:47:30,849 - INFO - Beginning optimization with guess, [1.21640153e-01 1.45379607e+04].
2020-01-03 16:47:42,193 - INFO - Finished optomization, results are [-45.02834105445527 array([9.99761197e-02, 7.71464535e+05])].
2020-01-03 16:47:42,194 - INFO - Beginning optimization with guess, [4.63955228e-02 3.81523945e+04].
2020-01-03 16:47:48,362 - INFO - Finished optomization, results are [-45.18184949637816 array([1.01046929e-01, 6.86814861e+05])].
2020-01-03 16:47:48,363 - INFO - Beginning optimization with guess, [1.70057279e-01 1.36761121e+04].
2020-01-03 16:47:53,347 - INFO - Finished optomization, results are [-45.58201974418489 array([1.00328958e-01, 7.21467822e+05])].
2020-01-03 16:47:53,347 - INFO - Beginning optimization with guess, [8.24512124e-02 2.21147659e+04].
2020-01-03 16:47:59,469 - INFO - Finished optomization, results are [-45.100124629335824 array([1.01395637e-01, 6.67929303e+05])].
2020-01-03 16:47:59,470 - INFO - Beginning optimization with guess, [1.10025122e-01 2.63790505e+04].
2020-01-03 16:48:08,948 - INFO - Finished optomization, results are [-44.582274307271746 array([1.00475567e-01, 7.59296070e+05])].
2020-01-03 16:48:08,950 - INFO - Beginning optimization with guess, [6.23500941e-02 3.34898093e+04].
2020-01-03 16:48:18,228 - INFO - Finished optomization, results are [-70.66376575980075 array([1.08624729e-01, 6.05620022e+05])].
2020-01-03 16:48:18,229 - INFO - Beginning optimization with guess, [1.30359965e-01 4.50323268e+04].
2020-01-03 16:48:29,429 - INFO - Finished optomization, results are [-44.703912778427366 array([1.00232385e-01, 7.69042072e+05])].
2020-01-03 16:48:29,430 - INFO - Beginning optimization with guess, [8.49638475e-02 4.24941858e+04].
2020-01-03 16:48:35,205 - INFO - Finished optomization, results are [-44.48939982357706 array([1.00852221e-01, 7.41557452e+05])].
2020-01-03 16:48:35,206 - INFO - Beginning optimization with guess, [6.65797371e-02 1.72966324e+04].
2020-01-03 16:48:45,564 - INFO - Finished optomization, results are [-50.16853016940877 array([1.04107976e-01, 7.18799256e+05])].
2020-01-03 16:48:45,565 - INFO - Beginning optimization with guess, [6.07985625e-02 2.01913559e+04].
2020-01-03 16:48:59,337 - INFO - Finished optomization, results are [-44.44829682915906 array([1.00533621e-01, 7.65643533e+05])].
2020-01-03 16:48:59,338 - INFO - Beginning optimization with guess, [6.15984443e-02 3.11640907e+04].
2020-01-03 16:49:09,208 - INFO - Finished optomization, results are [-53.63295035452438 array([1.04251699e-01, 7.67178152e+05])].
2020-01-03 16:49:09,208 - INFO - Beginning optimization with guess, [1.09914550e-01 3.19464215e+04].
2020-01-03 16:49:15,965 - INFO - Finished optomization, results are [-44.742921228065825 array([1.01314684e-01, 6.93294049e+05])].
2020-01-03 16:49:15,966 - INFO - Beginning optimization with guess, [1.07426515e-01 2.18906977e+04].
2020-01-03 16:49:25,537 - INFO - Finished optomization, results are [-45.18166561312 array([1.00714872e-01, 7.09604617e+05])].
2020-01-03 16:49:25,538 - INFO - Beginning optimization with guess, [1.68494358e-01 2.19468177e+04].
2020-01-03 16:49:31,169 - INFO - Finished optomization, results are [-44.925709107875264 array([1.00658766e-01, 7.25815327e+05])].
2020-01-03 16:49:31,169 - INFO - Beginning optimization with guess, [1.03532402e-01 2.07243728e+04].
2020-01-03 16:49:44,591 - INFO - Finished optomization, results are [-44.72986340358375 array([1.00217316e-01, 7.68628451e+05])].
2020-01-03 16:49:44,592 - INFO - Beginning optimization with guess, [6.74680338e-02 3.96809245e+04].
2020-01-03 16:49:51,349 - INFO - Finished optomization, results are [-44.631955711872706 array([1.00437488e-01, 7.58619117e+05])].
2020-01-03 16:49:51,349 - INFO - Beginning optimization with guess, [1.29355754e-01 1.37358549e+04].
2020-01-03 16:49:59,395 - INFO - Finished optomization, results are [-45.22933966702976 array([1.00524785e-01, 7.21084605e+05])].
2020-01-03 16:49:59,396 - INFO - Beginning optimization with guess, [1.32834835e-01 1.38116381e+04].
2020-01-03 16:50:12,333 - INFO - Finished optomization, results are [-45.74352170841439 array([9.97005057e-02, 7.64354919e+05])].
2020-01-03 16:50:12,335 - INFO - Beginning optimization with guess, [4.97022776e-02 1.43120063e+04].
2020-01-03 16:50:17,468 - INFO - Finished optomization, results are [-45.336207006096174 array([1.01041468e-01, 6.80574281e+05])].
2020-01-03 16:50:17,469 - INFO - Beginning optimization with guess, [1.65567363e-01 3.09264445e+04].
2020-01-03 16:50:23,685 - INFO - Finished optomization, results are [-44.97249954794643 array([1.01766089e-01, 6.52048726e+05])].
2020-01-03 16:50:23,686 - INFO - Beginning optimization with guess, [1.23360966e-01 3.47450937e+04].
2020-01-03 16:50:36,465 - INFO - Finished optomization, results are [-44.52209568517992 array([1.00376216e-01, 7.70610641e+05])].
2020-01-03 16:50:36,466 - INFO - Beginning optimization with guess, [1.26373340e-01 3.82224394e+04].
2020-01-03 16:50:41,353 - INFO - Finished optomization, results are [-44.972170026363074 array([1.01593036e-01, 6.62334381e+05])].
2020-01-03 16:50:41,353 - INFO - Beginning optimization with guess, [8.59109136e-02 2.76313631e+04].
2020-01-03 16:50:51,281 - INFO - Finished optomization, results are [-44.75353394525882 array([1.00848220e-01, 7.22493051e+05])].
2020-01-03 16:50:51,282 - INFO - Beginning optimization with guess, [1.03045590e-01 2.54248752e+04].
2020-01-03 16:50:58,684 - INFO - Finished optomization, results are [-44.78558110309177 array([1.00383275e-01, 7.53168325e+05])].
2020-01-03 16:50:58,684 - INFO - Beginning optimization with guess, [7.49608457e-02 2.73281483e+04].
2020-01-03 16:51:05,244 - INFO - Finished optomization, results are [-45.69787431425084 array([1.00388614e-01, 7.12889813e+05])].
2020-01-03 16:51:05,246 - INFO - Beginning optimization with guess, [1.40763438e-01 2.74950487e+04].
2020-01-03 16:51:14,373 - INFO - Finished optomization, results are [-44.74429990545241 array([1.00793881e-01, 7.26724456e+05])].
2020-01-03 16:51:14,374 - INFO - Beginning optimization with guess, [8.18400539e-02 1.69682156e+04].
2020-01-03 16:51:21,971 - INFO - Finished optomization, results are [-45.121885291245235 array([1.00554204e-01, 7.23719082e+05])].
2020-01-03 16:51:21,972 - INFO - Beginning optimization with guess, [5.13351187e-02 2.38540668e+04].
2020-01-03 16:51:28,094 - INFO - Finished optomization, results are [-45.18748904938957 array([1.03141869e-01, 6.52968633e+05])].
2020-01-03 16:51:28,094 - INFO - Beginning optimization with guess, [7.46624283e-02 1.38034739e+04].
2020-01-03 16:51:35,203 - INFO - Finished optomization, results are [-44.98024901794997 array([1.00197693e-01, 7.56729168e+05])].
2020-01-03 16:51:35,205 - INFO - Beginning optimization with guess, [1.47262977e-01 2.49830718e+04].
2020-01-03 16:51:43,747 - INFO - Finished optomization, results are [-44.92814907135562 array([1.01733689e-01, 6.56516927e+05])].
2020-01-03 16:51:43,748 - INFO - Beginning optimization with guess, [1.64522015e-01 3.49342762e+04].
2020-01-03 16:51:51,646 - INFO - Finished optomization, results are [-44.66626663709167 array([1.00724205e-01, 7.36437917e+05])].
2020-01-03 16:51:51,646 - INFO - Beginning optimization with guess, [5.34451904e-02 2.81907904e+04].
2020-01-03 16:52:01,716 - INFO - Finished optomization, results are [-44.604170003092804 array([1.00446496e-01, 7.59835333e+05])].
2020-01-03 16:52:01,718 - INFO - Beginning optimization with guess, [5.50084657e-02 2.42799136e+04].
2020-01-03 16:52:11,344 - INFO - Finished optomization, results are [-44.690686792513134 array([1.00419385e-01, 7.56170412e+05])].
2020-01-03 16:52:11,345 - INFO - Beginning optimization with guess, [9.23641938e-02 2.06154361e+04].
2020-01-03 16:52:17,662 - INFO - Finished optomization, results are [-45.57365984379294 array([1.00529223e-01, 7.07105372e+05])].
2020-01-03 16:52:17,663 - INFO - Beginning optimization with guess, [6.00349416e-02 2.41779813e+04].
2020-01-03 16:52:28,811 - INFO - Finished optomization, results are [-44.6495457181577 array([1.01824998e-01, 7.42824471e+05])].
2020-01-03 16:52:28,812 - INFO - Beginning optimization with guess, [1.28402749e-01 1.53976703e+04].
2020-01-03 16:52:34,778 - INFO - Finished optomization, results are [-45.447666036883675 array([1.00111687e-01, 7.42956838e+05])].
2020-01-03 16:52:34,779 - INFO - Beginning optimization with guess, [8.82490025e-02 1.82292542e+04].
2020-01-03 16:52:42,274 - INFO - Finished optomization, results are [-45.146525597724576 array([1.00631027e-01, 7.17105257e+05])].
2020-01-03 16:52:42,275 - INFO - Beginning optimization with guess, [1.38333189e-01 1.81519452e+04].
2020-01-03 16:52:47,703 - INFO - Finished optomization, results are [-45.071538965321906 array([1.00924581e-01, 7.00165575e+05])].
2020-01-03 16:52:47,704 - INFO - Beginning optimization with guess, [8.03331445e-02 4.25128946e+04].
2020-01-03 16:52:57,722 - INFO - Finished optomization, results are [-44.54495617594648 array([1.01333926e-01, 7.08307316e+05])].
2020-01-03 16:52:57,723 - INFO - Beginning optimization with guess, [4.72099914e-02 3.39121905e+04].
2020-01-03 16:53:06,550 - INFO - Finished optomization, results are [-45.19851740119611 array([1.01282769e-01, 6.70562534e+05])].
2020-01-03 16:53:06,551 - INFO - Beginning optimization with guess, [9.13812850e-02 1.73542955e+04].
2020-01-03 16:53:15,733 - INFO - Finished optomization, results are [-46.00305841954878 array([9.98229185e-02, 7.45730776e+05])].
2020-01-03 16:53:15,734 - INFO - Beginning optimization with guess, [5.32825735e-02 4.62376763e+04].
2020-01-03 16:53:24,083 - INFO - Finished optomization, results are [-44.92230616179677 array([1.02285749e-01, 7.17877605e+05])].
2020-01-03 16:53:24,083 - INFO - Beginning optimization with guess, [1.35326332e-01 1.44526356e+04].
2020-01-03 16:53:37,600 - INFO - Finished optomization, results are [-44.857159150019015 array([1.00149214e-01, 7.66680079e+05])].
2020-01-03 16:53:37,601 - INFO - Beginning optimization with guess, [5.08894566e-02 2.06813654e+04].
2020-01-03 16:53:45,989 - INFO - Finished optomization, results are [-44.67978080167177 array([1.00719826e-01, 7.35845025e+05])].
2020-01-03 16:53:45,990 - INFO - Beginning optimization with guess, [1.36640347e-01 3.43363300e+04].
2020-01-03 16:53:57,040 - INFO - Finished optomization, results are [-44.60404117792223 array([1.01160991e-01, 7.12933976e+05])].
2020-01-03 16:53:57,041 - INFO - Beginning optimization with guess, [1.55564782e-01 1.70261419e+04].
2020-01-03 16:54:02,814 - INFO - Finished optomization, results are [-44.974141463471824 array([1.00994724e-01, 7.00267795e+05])].
2020-01-03 16:54:02,814 - INFO - Beginning optimization with guess, [5.30191689e-02 3.40338232e+04].
2020-01-03 16:54:12,290 - INFO - Finished optomization, results are [-44.91539519242224 array([1.00284033e-01, 7.53495591e+05])].
2020-01-03 16:54:12,291 - INFO - Beginning optimization with guess, [1.37956723e-01 1.81056587e+04].
2020-01-03 16:54:21,423 - INFO - Finished optomization, results are [-45.109505702775095 array([1.01013426e-01, 6.92371827e+05])].
2020-01-03 16:54:21,423 - INFO - Beginning optimization with guess, [6.17577854e-02 1.41327242e+04].
2020-01-03 16:54:32,624 - INFO - Finished optomization, results are [-45.1066139083473 array([1.00144923e-01, 7.54765651e+05])].
2020-01-03 16:54:32,625 - INFO - Beginning optimization with guess, [5.15393693e-02 2.46636131e+04].
2020-01-03 16:54:38,298 - INFO - Finished optomization, results are [-44.594437141051 array([1.01546331e-01, 6.92121688e+05])].
2020-01-03 16:54:38,299 - INFO - Beginning optimization with guess, [4.81794044e-02 3.76645689e+04].
2020-01-03 16:54:46,336 - INFO - Finished optomization, results are [-44.57845896124854 array([1.02019521e-01, 7.07549811e+05])].
2020-01-03 16:54:46,337 - INFO - Beginning optimization with guess, [1.11734630e-01 3.96357991e+04].
2020-01-03 16:54:55,363 - INFO - Finished optomization, results are [-44.524746765163854 array([1.00648162e-01, 7.51744555e+05])].
2020-01-03 16:54:55,364 - INFO - Beginning optimization with guess, [9.04582723e-02 1.36903026e+04].
2020-01-03 16:55:01,380 - INFO - Finished optomization, results are [-45.53188983116115 array([1.00587110e-01, 7.04487944e+05])].
2020-01-03 16:55:01,382 - INFO - Beginning optimization with guess, [6.30036364e-02 2.46774726e+04].
2020-01-03 16:55:08,683 - INFO - Finished optomization, results are [-53.608266578249186 array([1.04770762e-01, 7.21069060e+05])].
2020-01-03 16:55:08,684 - INFO - Beginning optimization with guess, [8.98165287e-02 2.73891650e+04].
2020-01-03 16:55:15,246 - INFO - Finished optomization, results are [-44.92097179596976 array([1.01678424e-01, 6.60177552e+05])].
2020-01-03 16:55:15,247 - INFO - Beginning optimization with guess, [9.61643041e-02 4.55064170e+04].
2020-01-03 16:55:21,868 - INFO - Finished optomization, results are [-44.58214603269107 array([1.01538623e-01, 6.93768055e+05])].
2020-01-03 16:55:21,869 - INFO - Beginning optimization with guess, [1.79182313e-01 4.01555104e+04].
2020-01-03 16:55:27,494 - INFO - Finished optomization, results are [-44.66979634727295 array([1.01083736e-01, 7.12699583e+05])].
2020-01-03 16:55:27,494 - INFO - Beginning optimization with guess, [5.41845637e-02 2.74718129e+04].
2020-01-03 16:55:35,691 - INFO - Finished optomization, results are [-44.595018749992505 array([1.00597285e-01, 7.49963412e+05])].
2020-01-03 16:55:35,692 - INFO - Beginning optimization with guess, [4.76276084e-02 4.98320155e+04].
2020-01-03 16:55:44,821 - INFO - Finished optomization, results are [-44.94615071971657 array([1.00922327e-01, 7.06584120e+05])].
2020-01-03 16:55:44,822 - INFO - Beginning optimization with guess, [1.45772178e-01 1.62105816e+04].
2020-01-03 16:55:51,533 - INFO - Finished optomization, results are [-44.81610862918387 array([1.00785966e-01, 7.22983262e+05])].
2020-01-03 16:55:51,534 - INFO - Beginning optimization with guess, [8.13809942e-02 1.93436234e+04].
2020-01-03 16:55:57,996 - INFO - Finished optomization, results are [-45.18605983080579 array([1.01419229e-01, 6.62405491e+05])].
2020-01-03 16:55:57,997 - INFO - Beginning optimization with guess, [1.02574941e-01 2.02849149e+04].
2020-01-03 16:56:07,766 - INFO - Finished optomization, results are [-44.92217309439184 array([1.00319885e-01, 7.50482181e+05])].
2020-01-03 16:56:07,767 - INFO - Beginning optimization with guess, [1.00861951e-01 3.41857946e+04].
2020-01-03 16:56:13,885 - INFO - Finished optomization, results are [-44.48595770501379 array([1.00681869e-01, 7.52682284e+05])].
2020-01-03 16:56:13,886 - INFO - Beginning optimization with guess, [6.19201938e-02 3.96377346e+04].
2020-01-03 16:56:23,262 - INFO - Finished optomization, results are [-80.76292688540252 array([1.08968160e-01, 6.51944919e+05])].
2020-01-03 16:56:23,263 - INFO - Beginning optimization with guess, [5.37151856e-02 4.33828802e+04].
2020-01-03 16:56:30,413 - INFO - Finished optomization, results are [-44.486396795924975 array([1.01613331e-01, 7.45872790e+05])].
2020-01-03 16:56:30,414 - INFO - Beginning optimization with guess, [1.70519095e-01 3.46691950e+04].
2020-01-03 16:56:35,055 - INFO - Finished optomization, results are [-44.93025472506042 array([1.01756835e-01, 6.55046388e+05])].
2020-01-03 16:56:35,055 - INFO - Beginning optimization with guess, [5.84241508e-02 2.09151827e+04].
2020-01-03 16:56:51,185 - INFO - Finished optomization, results are [-44.560687167093874 array([1.00337469e-01, 7.70598097e+05])].
2020-01-03 16:56:51,186 - INFO - Beginning optimization with guess, [5.34355664e-01 7.31482256e-02 1.43530660e+04].
2020-01-03 16:57:32,682 - INFO - Finished optimization, results are [-41.23005242745285 array([2.34398951e-01, 2.51032615e-01, 1.39511666e+05])].
2020-01-03 16:57:32,683 - INFO - Beginning optimization with guess, [9.90000000e-01 1.36309676e-01 1.82649196e+04].
2020-01-03 16:57:51,970 - INFO - Finished optimization, results are [-721.382264596919 array([2.07576390e-01, 8.42838101e-01, 2.29609821e+04])].
2020-01-03 16:57:51,971 - INFO - Beginning optimization with guess, [5.35414552e-01 5.21471921e-02 1.45039160e+04].
2020-01-03 16:58:18,095 - INFO - Finished optimization, results are [-42.96256809678471 array([1.13349564e-01, 1.29886838e-01, 7.70980762e+05])].
2020-01-03 16:58:18,096 - INFO - Beginning optimization with guess, [9.90000000e-01 6.63943498e-02 1.62335892e+04].
2020-01-03 16:58:59,754 - INFO - Finished optimization, results are [-40.751045668778715 array([1.74759997e-01, 1.60794407e-01, 7.62927066e+05])].
2020-01-03 16:58:59,755 - INFO - Beginning optimization with guess, [9.90000000e-01 1.45794193e-01 2.76964433e+04].
2020-01-03 16:59:41,795 - INFO - Finished optimization, results are [-40.91614086864274 array([2.01428718e-01, 1.79273307e-01, 7.50927471e+05])].
2020-01-03 16:59:41,797 - INFO - Beginning optimization with guess, [9.12805724e-01 1.18649510e-01 3.02646583e+04].
2020-01-03 17:00:00,278 - INFO - Finished optimization, results are [-735.6221568213882 array([2.03942343e-01, 6.41425398e-01, 3.69194583e+04])].
2020-01-03 17:00:00,280 - INFO - Beginning optimization with guess, [9.90000000e-01 5.00269674e-02 2.11214899e+04].
2020-01-03 17:00:40,589 - INFO - Finished optimization, results are [-40.94294982107522 array([1.50194734e-01, 1.48141888e-01, 7.62084136e+05])].
2020-01-03 17:00:40,591 - INFO - Beginning optimization with guess, [9.90000000e-01 4.64205034e-02 4.27093364e+04].
2020-01-03 17:01:24,074 - INFO - Finished optimization, results are [-43.38289345625208 array([1.51580361e-01, 1.52033788e-01, 7.64173873e+05])].
2020-01-03 17:01:24,075 - INFO - Beginning optimization with guess, [5.50599876e-01 1.71872786e-01 1.48985664e+04].
2020-01-03 17:02:56,616 - INFO - Finished optimization, results are [-40.78004129324836 array([1.80838283e-01, 1.64635318e-01, 7.47255330e+05])].
2020-01-03 17:02:56,618 - INFO - Beginning optimization with guess, [8.42289653e-01 1.36213678e-01 3.70980164e+04].
2020-01-03 17:03:53,625 - INFO - Finished optimization, results are [-41.44921139850476 array([2.41290187e-01, 2.97095934e-01, 4.38343765e+04])].
2020-01-03 17:03:53,627 - INFO - Beginning optimization with guess, [7.17462688e-01 1.10133591e-01 2.85069856e+04].
2020-01-03 17:04:14,291 - INFO - Finished optimization, results are [-777.1511209250834 array([2.02445571e-01, 6.73050845e-01, 3.53516704e+04])].
2020-01-03 17:04:14,292 - INFO - Beginning optimization with guess, [8.37971786e-01 5.67652054e-02 1.78520700e+04].
2020-01-03 17:04:45,825 - INFO - Finished optimization, results are [-41.16381281803433 array([1.47635555e-01, 1.47220253e-01, 6.81589945e+05])].
2020-01-03 17:04:45,827 - INFO - Beginning optimization with guess, [9.9000000e-01 1.7802631e-01 3.5608554e+04].
2020-01-03 17:05:07,078 - INFO - Finished optimization, results are [-53.00488460967563 array([2.85691772e-01, 9.54630869e-01, 5.30038485e+03])].
2020-01-03 17:05:07,080 - INFO - Beginning optimization with guess, [9.90000000e-01 1.37721301e-01 2.04479623e+04].
2020-01-03 17:05:27,956 - INFO - Finished optimization, results are [-726.0238889702973 array([2.07988770e-01, 8.94390252e-01, 2.57832473e+04])].
2020-01-03 17:05:27,958 - INFO - Beginning optimization with guess, [9.90000000e-01 5.55207718e-02 2.66910572e+04].
2020-01-03 17:05:53,334 - INFO - Finished optimization, results are [-40.90373539815755 array([1.64221034e-01, 1.55303970e-01, 7.11469683e+05])].
2020-01-03 17:05:53,336 - INFO - Beginning optimization with guess, [6.83925620e-01 6.71515413e-02 1.35828713e+04].
2020-01-03 17:06:17,274 - INFO - Finished optimization, results are [-40.98932178826726 array([1.51999159e-01, 1.48132998e-01, 7.59138106e+05])].
2020-01-03 17:06:17,276 - INFO - Beginning optimization with guess, [6.11961849e-01 1.56986324e-01 3.00963209e+04].
2020-01-03 17:07:51,754 - INFO - Finished optimization, results are [-40.7893462502152 array([1.75215779e-01, 1.60653463e-01, 7.71293601e+05])].
2020-01-03 17:07:51,755 - INFO - Beginning optimization with guess, [9.90000000e-01 6.63922531e-02 1.81798515e+04].
2020-01-03 17:08:12,032 - INFO - Finished optimization, results are [-3770.580453583269 array([1.10382897e-01, 5.53977789e-01, 2.36183532e+04])].
2020-01-03 17:08:12,034 - INFO - Beginning optimization with guess, [9.90000000e-01 1.36132769e-01 3.45854063e+04].
2020-01-03 17:08:33,719 - INFO - Finished optimization, results are [-729.4264234903753 array([2.08814388e-01, 9.90117774e-01, 4.35699638e+04])].
2020-01-03 17:08:33,722 - INFO - Beginning optimization with guess, [9.90000000e-01 5.10842761e-02 2.04738276e+04].
2020-01-03 17:08:57,637 - INFO - Finished optimization, results are [-45.56674136364927 array([1.50531902e-01, 1.55043690e-01, 6.43767683e+05])].
2020-01-03 17:08:57,638 - INFO - Beginning optimization with guess, [9.90000000e-01 1.08604667e-01 2.49545829e+04].
2020-01-03 17:09:19,027 - INFO - Finished optimization, results are [-1562.5061381507094 array([1.71412035e-01, 7.92464168e-01, 3.16770888e+04])].
2020-01-03 17:09:19,030 - INFO - Beginning optimization with guess, [9.90000000e-01 7.00739916e-02 3.98037829e+04].
2020-01-03 17:09:39,333 - INFO - Finished optimization, results are [-4256.329391288864 array([1.11892449e-01, 6.91374421e-01, 5.15172544e+04])].
2020-01-03 17:09:39,334 - INFO - Beginning optimization with guess, [9.90000000e-01 5.00474067e-02 2.29074145e+04].
2020-01-03 17:10:15,992 - INFO - Finished optimization, results are [-42.19763242142244 array([1.50663794e-01, 1.50481941e-01, 7.68924724e+05])].
2020-01-03 17:10:15,995 - INFO - Beginning optimization with guess, [9.90000000e-01 1.54485415e-01 1.54769127e+04].
2020-01-03 17:11:09,705 - INFO - Finished optimization, results are [-40.85710064277055 array([1.96716729e-01, 1.76146047e-01, 7.24327078e+05])].
2020-01-03 17:11:09,706 - INFO - Beginning optimization with guess, [8.73101086e-01 7.55783477e-02 4.61482919e+04].
2020-01-03 17:11:27,797 - INFO - Finished optimization, results are [-4234.882958253523 array([1.13783179e-01, 7.82425045e-01, 5.98254683e+04])].
2020-01-03 17:11:27,799 - INFO - Beginning optimization with guess, [9.90000000e-01 1.19733849e-01 3.19899779e+04].
2020-01-03 17:12:31,142 - INFO - Finished optimization, results are [-41.26715469473902 array([2.30697526e-01, 2.62044067e-01, 7.31233272e+04])].
2020-01-03 17:12:31,144 - INFO - Beginning optimization with guess, [9.90000000e-01 1.59142344e-01 3.39568447e+04].
2020-01-03 17:13:25,006 - INFO - Finished optimization, results are [-40.80570522208791 array([1.91100973e-01, 1.76998450e-01, 5.31690198e+05])].
2020-01-03 17:13:25,008 - INFO - Beginning optimization with guess, [9.90000000e-01 7.22741904e-02 3.59946667e+04].
2020-01-03 17:13:42,830 - INFO - Finished optimization, results are [-4277.9369777204 array([1.12109482e-01, 7.31270619e-01, 4.68644418e+04])].
2020-01-03 17:13:42,832 - INFO - Beginning optimization with guess, [9.40869408e-01 1.67223607e-01 3.36143094e+04].
2020-01-03 17:14:36,154 - INFO - Finished optimization, results are [-40.80598180021707 array([1.95421446e-01, 1.74930539e-01, 7.52549462e+05])].
2020-01-03 17:14:36,156 - INFO - Beginning optimization with guess, [9.90000000e-01 1.19902779e-01 2.40276392e+04].
2020-01-03 17:15:13,416 - INFO - Finished optimization, results are [-41.517061094617475 array([2.49055017e-01, 3.12394393e-01, 4.63115524e+04])].
2020-01-03 17:15:13,418 - INFO - Beginning optimization with guess, [9.90000000e-01 1.14428868e-01 4.80458597e+04].
2020-01-03 17:15:48,724 - INFO - Finished optimization, results are [-53.36977022192059 array([2.66247101e-01, 3.08215696e-01, 7.42813793e+05])].
2020-01-03 17:15:48,724 - INFO - Beginning optimization with guess, [9.90000000e-01 6.46957713e-02 4.04062357e+04].
2020-01-03 17:16:07,265 - INFO - Finished optimization, results are [-4080.7825105317347 array([1.11060106e-01, 5.81377329e-01, 5.17126871e+04])].
2020-01-03 17:16:07,267 - INFO - Beginning optimization with guess, [9.90000000e-01 6.81623769e-02 1.45253312e+04].
2020-01-03 17:16:28,064 - INFO - Finished optimization, results are [-3748.316241089964 array([1.10366800e-01, 5.67265345e-01, 1.90053203e+04])].
2020-01-03 17:16:28,066 - INFO - Beginning optimization with guess, [9.90000000e-01 1.35863768e-01 2.38473476e+04].
2020-01-03 17:16:50,255 - INFO - Finished optimization, results are [-727.7674013014462 array([2.08073988e-01, 8.91907330e-01, 2.99772534e+04])].
2020-01-03 17:16:50,256 - INFO - Beginning optimization with guess, [9.90000000e-01 7.40253717e-02 1.68489318e+04].
2020-01-03 17:17:12,917 - INFO - Finished optimization, results are [-4125.9432425100795 array([1.11388225e-01, 6.87595320e-01, 2.22491708e+04])].
2020-01-03 17:17:12,920 - INFO - Beginning optimization with guess, [7.05571769e-01 6.80679510e-02 3.67925322e+04].
2020-01-03 17:17:59,357 - INFO - Finished optimization, results are [-40.77162758179338 array([1.74119572e-01, 1.60583641e-01, 7.47869140e+05])].
2020-01-03 17:17:59,359 - INFO - Beginning optimization with guess, [9.90000000e-01 1.73807402e-01 1.51112523e+04].
2020-01-03 17:18:42,324 - INFO - Finished optimization, results are [-40.86986369816486 array([1.99365005e-01, 1.78691763e-01, 7.05700390e+05])].
2020-01-03 17:18:42,325 - INFO - Beginning optimization with guess, [6.58554697e-01 8.11168920e-02 2.01045987e+04].
2020-01-03 17:19:34,376 - INFO - Finished optimization, results are [-40.99444692584848 array([2.19059691e-01, 2.17231445e-01, 2.46072449e+05])].
2020-01-03 17:19:34,377 - INFO - Beginning optimization with guess, [5.14107302e-01 1.01436002e-01 3.59110976e+04].
2020-01-03 17:20:33,611 - INFO - Finished optimization, results are [-40.902385967646296 array([1.99121342e-01, 1.91641048e-01, 3.23911382e+05])].
2020-01-03 17:20:33,613 - INFO - Beginning optimization with guess, [9.90000000e-01 1.01932788e-01 1.84626012e+04].
2020-01-03 17:20:52,301 - INFO - Finished optimization, results are [-1460.0949521244856 array([1.70015648e-01, 6.33962041e-01, 2.31687625e+04])].
2020-01-03 17:20:52,303 - INFO - Beginning optimization with guess, [6.88193450e-01 7.08002600e-02 2.94864922e+04].
2020-01-03 17:21:11,007 - INFO - Finished optimization, results are [-40.777564247559894 array([1.75931134e-01, 1.62117636e-01, 7.23609591e+05])].
2020-01-03 17:21:11,009 - INFO - Beginning optimization with guess, [5.77968475e-01 1.38943734e-01 1.51664866e+04].
2020-01-03 17:21:31,115 - INFO - Finished optimization, results are [-54.6655493167832 array([2.94399120e-01, 9.21562018e-01, 1.94814458e+04])].
2020-01-03 17:21:31,117 - INFO - Beginning optimization with guess, [8.20458204e-01 8.80600731e-02 2.75698396e+04].
2020-01-03 17:22:45,725 - INFO - Finished optimization, results are [-40.94140984865908 array([2.14133553e-01, 2.10090099e-01, 2.66237014e+05])].
2020-01-03 17:22:45,727 - INFO - Beginning optimization with guess, [8.22467136e-01 5.74624248e-02 2.41790234e+04].
2020-01-03 17:23:20,202 - INFO - Finished optimization, results are [-40.96519131872583 array([1.51687807e-01, 1.47877786e-01, 7.70115906e+05])].
2020-01-03 17:23:20,203 - INFO - Beginning optimization with guess, [6.26914844e-01 5.41938717e-02 1.60000319e+04].
2020-01-03 17:23:38,092 - INFO - Finished optimization, results are [-41.5577292296648 array([1.26096304e-01, 1.36637560e-01, 7.33070390e+05])].
2020-01-03 17:23:38,094 - INFO - Beginning optimization with guess, [9.90000000e-01 1.49700012e-01 3.58181143e+04].
2020-01-03 17:24:51,136 - INFO - Finished optimization, results are [-40.85348387327076 array([1.96838274e-01, 1.76403649e-01, 7.17895939e+05])].
2020-01-03 17:24:51,138 - INFO - Beginning optimization with guess, [9.54580924e-01 1.33650870e-01 3.55891969e+04].
2020-01-03 17:25:09,318 - INFO - Finished optimization, results are [-737.4990868452405 array([2.08206016e-01, 9.43295051e-01, 4.46437836e+04])].
2020-01-03 17:25:09,320 - INFO - Beginning optimization with guess, [6.74852346e-01 5.61545907e-02 4.52412503e+04].
2020-01-03 17:25:30,124 - INFO - Finished optimization, results are [-41.10122615353566 array([1.49702405e-01, 1.46654411e-01, 7.64385312e+05])].
2020-01-03 17:25:30,126 - INFO - Beginning optimization with guess, [9.90000000e-01 1.51624217e-01 1.55312202e+04].
2020-01-03 17:25:56,718 - INFO - Finished optimization, results are [-41.597140446359845 array([2.49337676e-01, 3.28780382e-01, 3.07990574e+04])].
2020-01-03 17:25:56,719 - INFO - Beginning optimization with guess, [5.29712061e-01 7.10986825e-02 4.77864065e+04].
2020-01-03 17:26:54,155 - INFO - Finished optimization, results are [-41.175326654858964 array([2.31519057e-01, 2.45226338e-01, 1.42695712e+05])].
2020-01-03 17:26:54,156 - INFO - Beginning optimization with guess, [7.92440381e-01 4.67198963e-02 3.40676284e+04].
2020-01-03 17:27:18,911 - INFO - Finished optimization, results are [-41.622173262171145 array([1.30715182e-01, 1.37959374e-01, 7.50595541e+05])].
2020-01-03 17:27:18,913 - INFO - Beginning optimization with guess, [9.90000000e-01 1.15168410e-01 4.00339284e+04].
2020-01-03 17:28:22,897 - INFO - Finished optimization, results are [-41.02721759105816 array([2.01534162e-01, 2.01399622e-01, 2.15863389e+05])].
2020-01-03 17:28:22,898 - INFO - Beginning optimization with guess, [7.42835962e-01 1.13644187e-01 3.24761919e+04].
2020-01-03 17:28:44,867 - INFO - Finished optimization, results are [-770.6144207696516 array([2.04062056e-01, 7.14353072e-01, 4.02790618e+04])].
2020-01-03 17:28:44,869 - INFO - Beginning optimization with guess, [9.90000000e-01 9.21861551e-02 1.56280341e+04].
2020-01-03 17:29:51,511 - INFO - Finished optimization, results are [-40.94349658009514 array([2.13843314e-01, 2.05516424e-01, 3.28844284e+05])].
2020-01-03 17:29:51,513 - INFO - Beginning optimization with guess, [7.06928833e-01 7.00875810e-02 4.79108406e+04].
2020-01-03 17:30:15,207 - INFO - Finished optimization, results are [-40.753380052137345 array([1.82621908e-01, 1.66535524e-01, 7.20569473e+05])].
2020-01-03 17:30:15,208 - INFO - Beginning optimization with guess, [5.05427080e-01 7.58437872e-02 1.30949170e+04].
2020-01-03 17:30:45,482 - INFO - Finished optimization, results are [-106.57796715075301 array([  0.24387787,   0.99592432, 210.50893134])].
2020-01-03 17:30:45,483 - INFO - Beginning optimization with guess, [5.56508919e-01 6.39691149e-02 1.37902112e+04].
2020-01-03 17:31:37,657 - INFO - Finished optimization, results are [-41.09422847370615 array([1.51832531e-01, 1.47572800e-01, 7.68037286e+05])].
2020-01-03 17:31:37,659 - INFO - Beginning optimization with guess, [9.90000000e-01 9.31171656e-02 3.20282822e+04].
2020-01-03 17:33:17,755 - INFO - Finished optimization, results are [-40.94078067513556 array([2.07435859e-01, 2.03656884e-01, 2.55529196e+05])].
2020-01-03 17:33:17,757 - INFO - Beginning optimization with guess, [5.44649474e-01 6.65738433e-02 1.73919227e+04].
2020-01-03 17:33:38,156 - INFO - Finished optimization, results are [-40.856611175431226 array([1.66306171e-01, 1.55475133e-01, 7.66114171e+05])].
2020-01-03 17:33:38,157 - INFO - Beginning optimization with guess, [5.06971495e-01 4.69627536e-02 3.37282705e+04].
2020-01-03 17:33:57,222 - INFO - Finished optimization, results are [-41.967186213507375 array([1.16107196e-01, 1.32547583e-01, 7.24757821e+05])].
2020-01-03 17:33:57,223 - INFO - Beginning optimization with guess, [5.74075476e-01 1.06405971e-01 1.81325703e+04].
2020-01-03 17:35:12,888 - INFO - Finished optimization, results are [-40.83084900004769 array([1.96002750e-01, 1.74909296e-01, 7.66856031e+05])].
2020-01-03 17:35:12,892 - INFO - Beginning optimization with guess, [5.72527688e-01 7.72333879e-02 2.43662050e+04].
2020-01-03 17:36:31,471 - INFO - Finished optimization, results are [-40.86132964433864 array([1.73386587e-01, 1.64544293e-01, 5.52912926e+05])].
2020-01-03 17:36:31,472 - INFO - Beginning optimization with guess, [6.79192611e-01 9.63740239e-02 2.30321863e+04].
2020-01-03 17:37:59,407 - INFO - Finished optimization, results are [-40.79364957448752 array([1.71985196e-01, 1.58797487e-01, 7.69599620e+05])].
2020-01-03 17:37:59,409 - INFO - Beginning optimization with guess, [9.90000000e-01 5.08349081e-02 3.20121197e+04].
2020-01-03 17:38:26,126 - INFO - Finished optimization, results are [-40.98941325944679 array([1.59268662e-01, 1.52105887e-01, 7.31140131e+05])].
2020-01-03 17:38:26,128 - INFO - Beginning optimization with guess, [5.72361771e-01 7.42452421e-02 1.49321362e+04].
2020-01-03 17:39:26,771 - INFO - Finished optimization, results are [-41.05262775002029 array([2.23914343e-01, 2.28260185e-01, 1.93158920e+05])].
2020-01-03 17:39:26,773 - INFO - Beginning optimization with guess, [8.52032122e-01 1.60442617e-01 3.55642433e+04].
2020-01-03 17:40:21,248 - INFO - Finished optimization, results are [-40.84238157881737 array([1.91149202e-01, 1.79453625e-01, 4.55115227e+05])].
2020-01-03 17:40:21,249 - INFO - Beginning optimization with guess, [9.90000000e-01 1.30672071e-01 1.58950328e+04].
2020-01-03 17:41:28,871 - INFO - Finished optimization, results are [-40.85706479917326 array([1.72175525e-01, 1.59418880e-01, 7.29707921e+05])].
2020-01-03 17:41:28,873 - INFO - Beginning optimization with guess, [5.67619005e-01 5.98140606e-02 3.71748786e+04].
2020-01-03 17:41:47,186 - INFO - Finished optimization, results are [-40.942772055947444 array([1.62160138e-01, 1.53864966e-01, 7.23075245e+05])].
2020-01-03 17:41:47,187 - INFO - Beginning optimization with guess, [9.90000000e-01 7.82402237e-02 4.38228354e+04].
2020-01-03 17:42:05,999 - INFO - Finished optimization, results are [-4324.265171325441 array([1.13296841e-01, 9.18262248e-01, 5.76978092e+04])].
2020-01-03 17:42:06,001 - INFO - Beginning optimization with guess, [9.90000000e-01 1.14369112e-01 3.75940884e+04].
2020-01-03 17:42:55,320 - INFO - Finished optimization, results are [-41.02895161897504 array([2.12992731e-01, 2.16671880e-01, 1.78071979e+05])].
2020-01-03 17:42:55,322 - INFO - Beginning optimization with guess, [9.59936571e-01 9.19032736e-02 2.14163783e+04].
2020-01-03 17:43:37,792 - INFO - Finished optimization, results are [-41.07109781974896 array([2.24747738e-01, 2.27839768e-01, 2.07024370e+05])].
2020-01-03 17:43:37,793 - INFO - Beginning optimization with guess, [9.90000000e-01 9.02318041e-02 1.79934043e+04].
2020-01-03 17:44:34,539 - INFO - Finished optimization, results are [-40.97498966997637 array([2.16184154e-01, 2.08898129e-01, 3.11531705e+05])].
2020-01-03 17:44:34,541 - INFO - Beginning optimization with guess, [9.90000000e-01 5.60307529e-02 5.00056796e+04].
2020-01-03 17:45:06,391 - INFO - Finished optimization, results are [-40.84419629855984 array([1.72520681e-01, 1.60278924e-01, 7.00797100e+05])].
2020-01-03 17:45:06,393 - INFO - Beginning optimization with guess, [7.54615164e-01 5.20837053e-02 2.31692350e+04].
2020-01-03 17:45:37,631 - INFO - Finished optimization, results are [-41.27753648408907 array([1.34570287e-01, 1.40039786e-01, 7.56521166e+05])].
2020-01-03 17:45:37,633 - INFO - Beginning optimization with guess, [9.90000000e-01 9.88413755e-02 3.91311810e+04].
2020-01-03 17:46:00,942 - INFO - Finished optimization, results are [-1544.2465507665788 array([1.70815427e-01, 6.72342175e-01, 4.86592817e+04])].
2020-01-03 17:46:00,944 - INFO - Beginning optimization with guess, [9.90000000e-01 6.21305614e-02 2.90682196e+04].
2020-01-03 17:46:22,348 - INFO - Finished optimization, results are [-40.795522035553404 array([1.75423613e-01, 1.62072411e-01, 7.06875550e+05])].
2020-01-03 17:46:22,350 - INFO - Beginning optimization with guess, [7.96936516e-01 1.03307795e-01 2.99814840e+04].
2020-01-03 17:48:06,839 - INFO - Finished optimization, results are [-40.835246550761894 array([1.69819295e-01, 1.57455775e-01, 7.66420759e+05])].
2020-01-03 17:48:06,841 - INFO - Beginning optimization with guess, [9.90000000e-01 1.28147595e-01 1.29598837e+04].
2020-01-03 17:49:21,932 - INFO - Finished optimization, results are [-41.14983432184772 array([2.20026117e-01, 2.34879779e-01, 1.15115351e+05])].
2020-01-03 17:49:21,934 - INFO - Beginning optimization with guess, [7.50453839e-01 7.19906412e-02 1.41930022e+04].
2020-01-03 17:49:45,218 - INFO - Finished optimization, results are [-4311.266354296424 array([1.03184192e-01, 5.92902727e-01, 1.85712871e+04])].
2020-01-03 17:49:45,220 - INFO - Beginning optimization with guess, [9.59797754e-01 6.83842909e-02 3.73165913e+04].
2020-01-03 17:50:09,118 - INFO - Finished optimization, results are [-4153.546845807541 array([1.11552404e-01, 6.27564682e-01, 4.79889375e+04])].
2020-01-03 17:50:09,119 - INFO - Beginning optimization with guess, [9.90000000e-01 5.98599835e-02 4.17568350e+04].
2020-01-03 17:50:26,492 - INFO - Finished optimization, results are [-40.735601753471656 array([1.76112167e-01, 1.61674763e-01, 7.65643148e+05])].
2020-01-03 17:50:26,493 - INFO - Beginning optimization with guess, [9.90000000e-01 6.35200508e-02 2.05090398e+04].
2020-01-03 17:50:50,927 - INFO - Finished optimization, results are [-40.82094165733679 array([1.73143176e-01, 1.60629793e-01, 7.06036263e+05])].
2020-01-03 17:50:50,929 - INFO - Beginning optimization with guess, [9.90000000e-01 8.40112658e-02 2.49461411e+04].
2020-01-03 17:51:10,005 - INFO - Finished optimization, results are [-4311.170392937098 array([1.13374235e-01, 9.94590193e-01, 3.34987251e+04])].
2020-01-03 17:51:10,007 - INFO - Beginning optimization with guess, [9.90000000e-01 8.74850184e-02 2.14375567e+04].
2020-01-03 17:51:57,460 - INFO - Finished optimization, results are [-40.95129160159195 array([2.14235042e-01, 2.05984123e-01, 3.25895612e+05])].
2020-01-03 17:51:57,461 - INFO - Beginning optimization with guess, [8.37897784e-01 1.04434819e-01 1.98043031e+04].
2020-01-03 17:53:15,212 - INFO - Finished optimization, results are [-40.8530549548459 array([1.85673774e-01, 1.75271516e-01, 4.61956899e+05])].
2020-01-03 17:53:15,213 - INFO - Beginning optimization with guess, [9.90000000e-01 7.35987807e-02 3.76922824e+04].
2020-01-03 17:53:37,169 - INFO - Finished optimization, results are [-4301.122875128559 array([1.12374173e-01, 7.68756276e-01, 4.91888440e+04])].
2020-01-03 17:53:37,171 - INFO - Beginning optimization with guess, [7.62436979e-01 7.33273942e-02 3.49449102e+04].
2020-01-03 17:53:54,140 - INFO - Finished optimization, results are [-40.750002555916126 array([1.83659833e-01, 1.66584820e-01, 7.52475759e+05])].
2020-01-03 17:53:54,142 - INFO - Beginning optimization with guess, [9.90000000e-01 9.43473145e-02 2.44710238e+04].
2020-01-03 17:54:46,144 - INFO - Finished optimization, results are [-40.86493137310754 array([1.97951589e-01, 1.76497236e-01, 7.55963889e+05])].
2020-01-03 17:54:46,145 - INFO - Beginning optimization with guess, [5.27917913e-01 5.31662380e-02 2.47653718e+04].
2020-01-03 17:55:09,010 - INFO - Finished optimization, results are [-41.547581713493855 array([1.33582789e-01, 1.39278484e-01, 7.46298401e+05])].
2020-01-03 17:55:09,012 - INFO - Beginning optimization with guess, [5.60870802e-01 8.19871423e-02 3.30371139e+04].
2020-01-03 17:55:37,248 - INFO - Finished optimization, results are [-195.6903959285919 array([2.33009832e-01, 9.96393684e-01, 5.65051994e+02])].
2020-01-03 17:55:37,249 - INFO - Beginning optimization with guess, [7.45295005e-01 6.30729008e-02 1.38890588e+04].
2020-01-03 17:55:59,086 - INFO - Finished optimization, results are [-41.18627957936906 array([1.47844924e-01, 1.46182642e-01, 7.34203360e+05])].
2020-01-03 17:55:59,088 - INFO - Beginning optimization with guess, [6.92805640e-01 1.55547791e-01 4.06657183e+04].
2020-01-03 17:56:20,266 - INFO - Finished optimization, results are [-108.93477233316935 array([2.69230363e-01, 9.65091017e-01, 5.02822697e+04])].
2020-01-03 17:56:20,268 - INFO - Beginning optimization with guess, [8.88875592e-01 7.10435087e-02 2.95525615e+04].
2020-01-03 17:56:40,269 - INFO - Finished optimization, results are [-4147.836630337169 array([1.10897243e-01, 6.28115990e-01, 3.81057061e+04])].
2020-01-03 17:56:40,270 - INFO - Beginning optimization with guess, [9.90000000e-01 1.10272042e-01 2.33598241e+04].
2020-01-03 17:56:59,925 - INFO - Finished optimization, results are [-1564.31003393521 array([1.71517909e-01, 8.15082954e-01, 2.97581070e+04])].
2020-01-03 17:56:59,927 - INFO - Beginning optimization with guess, [9.90000000e-01 1.22018097e-01 1.40536213e+04].
2020-01-03 17:57:21,771 - INFO - Finished optimization, results are [-1564.9060596770541 array([1.72076178e-01, 9.67520619e-01, 1.83654956e+04])].
2020-01-03 17:57:21,772 - INFO - Beginning optimization with guess, [6.32958587e-01 7.00409253e-02 1.37448450e+04].
2020-01-03 17:57:53,416 - INFO - Finished optimization, results are [-40.881506857583645 array([1.60568568e-01, 1.52724545e-01, 7.52173644e+05])].
2020-01-03 17:57:53,417 - INFO - Beginning optimization with guess, [9.90000000e-01 5.82975196e-02 4.86509463e+04].
2020-01-03 17:58:11,539 - INFO - Finished optimization, results are [-40.764306514385225 array([1.75584957e-01, 1.61843401e-01, 7.31139449e+05])].
2020-01-03 17:58:11,541 - INFO - Beginning optimization with guess, [7.20471910e-01 6.72156871e-02 1.96168885e+04].
2020-01-03 17:58:30,123 - INFO - Finished optimization, results are [-40.97906379669621 array([1.60253662e-01, 1.52921516e-01, 7.16549776e+05])].
2020-01-03 17:58:30,124 - INFO - Beginning optimization with guess, [9.90000000e-01 1.15324651e-01 1.38597289e+04].
2020-01-03 17:58:51,500 - INFO - Finished optimization, results are [-1544.7724325492572 array([1.71228214e-01, 8.22444756e-01, 1.78648838e+04])].
2020-01-03 17:58:51,502 - INFO - Beginning optimization with guess, [6.38263179e-01 5.85660674e-02 3.57998248e+04].
2020-01-03 17:59:13,501 - INFO - Finished optimization, results are [-40.98001330648049 array([1.52579310e-01, 1.48816364e-01, 7.39842424e+05])].
2020-01-03 17:59:13,503 - INFO - Beginning optimization with guess, [9.90000000e-01 7.43718249e-02 3.36679604e+04].
2020-01-03 17:59:15,591 - INFO - Finished optimization, results are [-14550.079096041443 array([9.90000000e-01, 7.43718249e-02, 3.36679604e+04])].
2020-01-03 17:59:15,592 - INFO - Beginning optimization with guess, [9.90000000e-01 1.48227292e-01 2.02027735e+04].
2020-01-03 17:59:17,722 - INFO - Finished optimization, results are [-14484.521545931035 array([9.90000000e-01, 1.48227292e-01, 2.02027735e+04])].
2020-01-03 17:59:17,722 - INFO - Beginning optimization with guess, [9.90000000e-01 6.56075373e-02 3.98538431e+04].
2020-01-03 17:59:19,821 - INFO - Finished optimization, results are [-14560.373836422119 array([9.90000000e-01, 6.56075373e-02, 3.98538431e+04])].
2020-01-03 17:59:19,823 - INFO - Beginning optimization with guess, [9.90000000e-01 9.44453455e-02 2.89043801e+04].
2020-01-03 17:59:21,943 - INFO - Finished optimization, results are [-14527.529732761748 array([9.90000000e-01, 9.44453455e-02, 2.89043801e+04])].
2020-01-03 17:59:21,944 - INFO - Beginning optimization with guess, [9.90000000e-01 8.21858754e-02 3.56207686e+04].
2020-01-03 17:59:24,027 - INFO - Finished optimization, results are [-14539.395321597523 array([9.90000000e-01, 8.21858754e-02, 3.56207686e+04])].
2020-01-03 17:59:24,027 - INFO - Finished DFE inference.
2020-01-03 17:59:24,027 - INFO - Integrating expected site-frequency spectrum.
2020-01-03 17:59:24,323 - INFO - Outputing results.
2020-01-03 17:59:24,330 - INFO - Pipeline executed succesfully.
