2019-08-01 09:08:52,887 - INFO - Beginning execution of fitdadi_infer_DFE.py in directory /u/home/j/jonmah/lohmueller_lab/Scripts

2019-08-01 09:08:52,888 - INFO - Progress is being logged to ../Data/AW_array_2000/seed_87_fitdadi_output/log.log

2019-08-01 09:08:52,888 - INFO - Parsed the following arguments:
	breed = AW
	outprefix = ../Data/AW_array_2000/seed_87_fitdadi_output/
	nonsyn_input_sfs = ../Data/AW_array_2000/seed_87_easySFS_output_nonsyn/dadi/pop1.sfs
	syn_input_sfs = ../Data/AW_array_2000/seed_87_easySFS_output_syn/dadi/pop1.sfs

2019-08-01 09:08:52,889 - INFO - Beginning optimization with guess, [0.98586893 0.14893688].
2019-08-01 09:08:54,006 - INFO - Finished optimization with guess, [0.98586893 0.14893688].
2019-08-01 09:08:54,006 - INFO - Best fit parameters: [0.48839445 0.20543676].
2019-08-01 09:08:54,015 - INFO - Maximum log composite likelihood: -19.6833630579.
2019-08-01 09:08:54,016 - INFO - Optimal value of theta: 67.5065351205.
2019-08-01 09:08:54,016 - INFO - Beginning optimization with guess, [0.69601108 0.08652799].
2019-08-01 09:08:54,642 - INFO - Finished optimization with guess, [0.69601108 0.08652799].
2019-08-01 09:08:54,642 - INFO - Best fit parameters: [0.48849426 0.20499852].
2019-08-01 09:08:54,650 - INFO - Maximum log composite likelihood: -19.6833628132.
2019-08-01 09:08:54,650 - INFO - Optimal value of theta: 67.4755335446.
2019-08-01 09:08:54,650 - INFO - Beginning optimization with guess, [0.5017191 0.1010928].
2019-08-01 09:08:55,996 - INFO - Finished optimization with guess, [0.5017191 0.1010928].
2019-08-01 09:08:55,997 - INFO - Best fit parameters: [0.48836311 0.2052922 ].
2019-08-01 09:08:56,005 - INFO - Maximum log composite likelihood: -19.6833632632.
2019-08-01 09:08:56,005 - INFO - Optimal value of theta: 67.5004328636.
2019-08-01 09:08:56,006 - INFO - Beginning optimization with guess, [0.90842452 0.14202589].
2019-08-01 09:08:57,318 - INFO - Finished optimization with guess, [0.90842452 0.14202589].
2019-08-01 09:08:57,318 - INFO - Best fit parameters: [0.48845797 0.20499041].
2019-08-01 09:08:57,326 - INFO - Maximum log composite likelihood: -19.6833629465.
2019-08-01 09:08:57,326 - INFO - Optimal value of theta: 67.47741023.
2019-08-01 09:08:57,326 - INFO - Beginning optimization with guess, [0.43917879 0.1135947 ].
2019-08-01 09:08:58,047 - INFO - Finished optimization with guess, [0.43917879 0.1135947 ].
2019-08-01 09:08:58,047 - INFO - Best fit parameters: [0.48841664 0.2052106 ].
2019-08-01 09:08:58,055 - INFO - Maximum log composite likelihood: -19.6833629736.
2019-08-01 09:08:58,055 - INFO - Optimal value of theta: 67.4923964194.
2019-08-01 09:08:58,055 - INFO - Beginning optimization with guess, [0.90340101 0.06674545].
2019-08-01 09:08:58,857 - INFO - Finished optimization with guess, [0.90340101 0.06674545].
2019-08-01 09:08:58,857 - INFO - Best fit parameters: [0.48839328 0.20508654].
2019-08-01 09:08:58,865 - INFO - Maximum log composite likelihood: -19.6833631666.
2019-08-01 09:08:58,865 - INFO - Optimal value of theta: 67.4869380599.
2019-08-01 09:08:58,865 - INFO - Beginning optimization with guess, [0.65080752 0.06992415].
2019-08-01 09:09:00,103 - INFO - Finished optimization with guess, [0.65080752 0.06992415].
2019-08-01 09:09:00,104 - INFO - Best fit parameters: [0.4883866 0.205122 ].
2019-08-01 09:09:00,112 - INFO - Maximum log composite likelihood: -19.683363173.
2019-08-01 09:09:00,112 - INFO - Optimal value of theta: 67.4893490304.
2019-08-01 09:09:00,112 - INFO - Beginning optimization with guess, [0.29746644 0.07308965].
2019-08-01 09:09:00,536 - INFO - Finished optimization with guess, [0.29746644 0.07308965].
2019-08-01 09:09:00,536 - INFO - Best fit parameters: [0.48842855 0.20507211].
2019-08-01 09:09:00,544 - INFO - Maximum log composite likelihood: -19.6833629968.
2019-08-01 09:09:00,544 - INFO - Optimal value of theta: 67.4838664378.
2019-08-01 09:09:00,544 - INFO - Beginning optimization with guess, [0.33623356 0.12858386].
2019-08-01 09:09:01,171 - INFO - Finished optimization with guess, [0.33623356 0.12858386].
2019-08-01 09:09:01,171 - INFO - Best fit parameters: [0.48834799 0.20548869].
2019-08-01 09:09:01,179 - INFO - Maximum log composite likelihood: -19.6833633442.
2019-08-01 09:09:01,179 - INFO - Optimal value of theta: 67.5124459094.
2019-08-01 09:09:01,180 - INFO - Beginning optimization with guess, [0.96250912 0.16261627].
2019-08-01 09:09:01,758 - INFO - Finished optimization with guess, [0.96250912 0.16261627].
2019-08-01 09:09:01,758 - INFO - Best fit parameters: [0.48838846 0.20513324].
2019-08-01 09:09:01,766 - INFO - Maximum log composite likelihood: -19.6833631568.
2019-08-01 09:09:01,766 - INFO - Optimal value of theta: 67.4898607902.
2019-08-01 09:09:01,767 - INFO - Beginning optimization with guess, [0.26504999 0.15449462].
2019-08-01 09:09:02,296 - INFO - Finished optimization with guess, [0.26504999 0.15449462].
2019-08-01 09:09:02,297 - INFO - Best fit parameters: [0.48836512 0.20526915].
2019-08-01 09:09:02,305 - INFO - Maximum log composite likelihood: -19.6833632557.
2019-08-01 09:09:02,305 - INFO - Optimal value of theta: 67.4990072358.
2019-08-01 09:09:02,305 - INFO - Beginning optimization with guess, [0.76375221 0.13165425].
2019-08-01 09:09:02,874 - INFO - Finished optimization with guess, [0.76375221 0.13165425].
2019-08-01 09:09:02,874 - INFO - Best fit parameters: [0.48835315 0.20534505].
2019-08-01 09:09:02,882 - INFO - Maximum log composite likelihood: -19.6833633191.
2019-08-01 09:09:02,882 - INFO - Optimal value of theta: 67.5040449173.
2019-08-01 09:09:02,883 - INFO - Beginning optimization with guess, [0.35699778 0.15362375].
2019-08-01 09:09:03,640 - INFO - Finished optimization with guess, [0.35699778 0.15362375].
2019-08-01 09:09:03,641 - INFO - Best fit parameters: [0.48851994 0.20525192].
2019-08-01 09:09:03,649 - INFO - Maximum log composite likelihood: -19.6833625906.
2019-08-01 09:09:03,649 - INFO - Optimal value of theta: 67.4880665342.
2019-08-01 09:09:03,649 - INFO - Beginning optimization with guess, [0.36395075 0.05218997].
2019-08-01 09:09:04,266 - INFO - Finished optimization with guess, [0.36395075 0.05218997].
2019-08-01 09:09:04,267 - INFO - Best fit parameters: [0.48835365 0.20547222].
2019-08-01 09:09:04,275 - INFO - Maximum log composite likelihood: -19.683363306.
2019-08-01 09:09:04,275 - INFO - Optimal value of theta: 67.5111565204.
2019-08-01 09:09:04,275 - INFO - Beginning optimization with guess, [0.31638768 0.17007433].
2019-08-01 09:09:04,797 - INFO - Finished optimization with guess, [0.31638768 0.17007433].
2019-08-01 09:09:04,798 - INFO - Best fit parameters: [0.48836682 0.20521892].
2019-08-01 09:09:04,806 - INFO - Maximum log composite likelihood: -19.6833632593.
2019-08-01 09:09:04,806 - INFO - Optimal value of theta: 67.4960733272.
2019-08-01 09:09:04,806 - INFO - Beginning optimization with guess, [0.64897808 0.06658049].
2019-08-01 09:09:05,191 - INFO - Finished optimization with guess, [0.64897808 0.06658049].
2019-08-01 09:09:05,192 - INFO - Best fit parameters: [0.48849874 0.20504849].
2019-08-01 09:09:05,201 - INFO - Maximum log composite likelihood: -19.6833627553.
2019-08-01 09:09:05,202 - INFO - Optimal value of theta: 67.4780388316.
2019-08-01 09:09:05,202 - INFO - Beginning optimization with guess, [0.66879667 0.06913477].
2019-08-01 09:09:05,582 - INFO - Finished optimization with guess, [0.66879667 0.06913477].
2019-08-01 09:09:05,582 - INFO - Best fit parameters: [0.48834804 0.20539672].
2019-08-01 09:09:05,590 - INFO - Maximum log composite likelihood: -19.6833633471.
2019-08-01 09:09:05,590 - INFO - Optimal value of theta: 67.5072775425.
2019-08-01 09:09:05,591 - INFO - Beginning optimization with guess, [0.82019581 0.06118691].
2019-08-01 09:09:06,385 - INFO - Finished optimization with guess, [0.82019581 0.06118691].
2019-08-01 09:09:06,385 - INFO - Best fit parameters: [0.48854206 0.20552017].
2019-08-01 09:09:06,394 - INFO - Maximum log composite likelihood: -19.683362565.
2019-08-01 09:09:06,395 - INFO - Optimal value of theta: 67.5017048205.
2019-08-01 09:09:06,395 - INFO - Beginning optimization with guess, [0.95080756 0.13458499].
2019-08-01 09:09:07,672 - INFO - Finished optimization with guess, [0.95080756 0.13458499].
2019-08-01 09:09:07,672 - INFO - Best fit parameters: [0.48850415 0.20513484].
2019-08-01 09:09:07,680 - INFO - Maximum log composite likelihood: -19.683362672.
2019-08-01 09:09:07,680 - INFO - Optimal value of theta: 67.482514984.
2019-08-01 09:09:07,681 - INFO - Beginning optimization with guess, [0.35994503 0.15915644].
2019-08-01 09:09:08,376 - INFO - Finished optimization with guess, [0.35994503 0.15915644].
2019-08-01 09:09:08,376 - INFO - Best fit parameters: [0.4884332  0.20516477].
2019-08-01 09:09:08,385 - INFO - Maximum log composite likelihood: -19.6833629075.
2019-08-01 09:09:08,386 - INFO - Optimal value of theta: 67.4887530042.
2019-08-01 09:09:08,386 - INFO - Beginning optimization with guess, [0.75996769 0.06074735].
2019-08-01 09:09:09,218 - INFO - Finished optimization with guess, [0.75996769 0.06074735].
2019-08-01 09:09:09,218 - INFO - Best fit parameters: [0.48836927 0.20513903].
2019-08-01 09:09:09,226 - INFO - Maximum log composite likelihood: -19.6833632736.
2019-08-01 09:09:09,227 - INFO - Optimal value of theta: 67.4914228363.
2019-08-01 09:09:09,227 - INFO - Beginning optimization with guess, [0.58366076 0.10397939].
2019-08-01 09:09:09,829 - INFO - Finished optimization with guess, [0.58366076 0.10397939].
2019-08-01 09:09:09,829 - INFO - Best fit parameters: [0.48845848 0.20533466].
2019-08-01 09:09:09,837 - INFO - Maximum log composite likelihood: -19.6833627638.
2019-08-01 09:09:09,837 - INFO - Optimal value of theta: 67.4966739855.
2019-08-01 09:09:09,837 - INFO - Beginning optimization with guess, [0.35071348 0.16959473].
2019-08-01 09:09:10,119 - INFO - Finished optimization with guess, [0.35071348 0.16959473].
2019-08-01 09:09:10,119 - INFO - Best fit parameters: [0.48835164 0.20552761].
2019-08-01 09:09:10,127 - INFO - Maximum log composite likelihood: -19.6833633219.
2019-08-01 09:09:10,127 - INFO - Optimal value of theta: 67.51439605.
2019-08-01 09:09:10,127 - INFO - Beginning optimization with guess, [0.40468699 0.16679844].
2019-08-01 09:09:10,488 - INFO - Finished optimization with guess, [0.40468699 0.16679844].
2019-08-01 09:09:10,489 - INFO - Best fit parameters: [0.48834918 0.20536691].
2019-08-01 09:09:10,497 - INFO - Maximum log composite likelihood: -19.6833633428.
2019-08-01 09:09:10,497 - INFO - Optimal value of theta: 67.505528656.
2019-08-01 09:09:10,497 - INFO - Beginning optimization with guess, [0.96872929 0.11504611].
2019-08-01 09:09:11,886 - INFO - Finished optimization with guess, [0.96872929 0.11504611].
2019-08-01 09:09:11,887 - INFO - Best fit parameters: [0.48843127 0.2050566 ].
2019-08-01 09:09:11,895 - INFO - Maximum log composite likelihood: -19.6833629982.
2019-08-01 09:09:11,895 - INFO - Optimal value of theta: 67.4828243984.
2019-08-01 09:09:11,896 - INFO - Beginning optimization with guess, [0.86672178 0.1592319 ].
2019-08-01 09:09:13,047 - INFO - Finished optimization with guess, [0.86672178 0.1592319 ].
2019-08-01 09:09:13,047 - INFO - Best fit parameters: [0.48840552 0.20515565].
2019-08-01 09:09:13,055 - INFO - Maximum log composite likelihood: -19.6833630507.
2019-08-01 09:09:13,056 - INFO - Optimal value of theta: 67.4900228692.
2019-08-01 09:09:13,056 - INFO - Beginning optimization with guess, [0.26891699 0.11286393].
2019-08-01 09:09:13,789 - INFO - Finished optimization with guess, [0.26891699 0.11286393].
2019-08-01 09:09:13,789 - INFO - Best fit parameters: [0.48843932 0.20519726].
2019-08-01 09:09:13,799 - INFO - Maximum log composite likelihood: -19.6833628693.
2019-08-01 09:09:13,799 - INFO - Optimal value of theta: 67.4901858044.
2019-08-01 09:09:13,799 - INFO - Beginning optimization with guess, [0.68990352 0.19014786].
2019-08-01 09:09:14,503 - INFO - Finished optimization with guess, [0.68990352 0.19014786].
2019-08-01 09:09:14,506 - INFO - Best fit parameters: [0.48835696 0.20536624].
2019-08-01 09:09:14,514 - INFO - Maximum log composite likelihood: -19.6833632904.
2019-08-01 09:09:14,514 - INFO - Optimal value of theta: 67.5049895772.
2019-08-01 09:09:14,514 - INFO - Beginning optimization with guess, [0.34546924 0.18009782].
2019-08-01 09:09:15,789 - INFO - Finished optimization with guess, [0.34546924 0.18009782].
2019-08-01 09:09:15,789 - INFO - Best fit parameters: [0.48836788 0.20539344].
2019-08-01 09:09:15,797 - INFO - Maximum log composite likelihood: -19.6833632169.
2019-08-01 09:09:15,797 - INFO - Optimal value of theta: 67.5058143011.
2019-08-01 09:09:15,797 - INFO - Beginning optimization with guess, [0.58656365 0.13124533].
2019-08-01 09:09:16,376 - INFO - Finished optimization with guess, [0.58656365 0.13124533].
2019-08-01 09:09:16,376 - INFO - Best fit parameters: [0.48839831 0.20509135].
2019-08-01 09:09:16,384 - INFO - Maximum log composite likelihood: -19.683363134.
2019-08-01 09:09:16,384 - INFO - Optimal value of theta: 67.4868833899.
2019-08-01 09:09:16,384 - INFO - Beginning optimization with guess, [0.40650165 0.15024229].
2019-08-01 09:09:17,695 - INFO - Finished optimization with guess, [0.40650165 0.15024229].
2019-08-01 09:09:17,697 - INFO - Best fit parameters: [0.48835269 0.20531612].
2019-08-01 09:09:17,706 - INFO - Maximum log composite likelihood: -19.6833633275.
2019-08-01 09:09:17,706 - INFO - Optimal value of theta: 67.502448292.
2019-08-01 09:09:17,706 - INFO - Beginning optimization with guess, [0.54036246 0.09039638].
2019-08-01 09:09:18,302 - INFO - Finished optimization with guess, [0.54036246 0.09039638].
2019-08-01 09:09:18,302 - INFO - Best fit parameters: [0.48835932 0.20553878].
2019-08-01 09:09:18,310 - INFO - Maximum log composite likelihood: -19.6833632728.
2019-08-01 09:09:18,310 - INFO - Optimal value of theta: 67.5145275274.
2019-08-01 09:09:18,310 - INFO - Beginning optimization with guess, [0.55489972 0.05885526].
2019-08-01 09:09:18,741 - INFO - Finished optimization with guess, [0.55489972 0.05885526].
2019-08-01 09:09:18,741 - INFO - Best fit parameters: [0.48834739 0.20546793].
2019-08-01 09:09:18,749 - INFO - Maximum log composite likelihood: -19.683363348.
2019-08-01 09:09:18,749 - INFO - Optimal value of theta: 67.5113192451.
2019-08-01 09:09:18,749 - INFO - Beginning optimization with guess, [0.25300661 0.05248144].
2019-08-01 09:09:19,505 - INFO - Finished optimization with guess, [0.25300661 0.05248144].
2019-08-01 09:09:19,506 - INFO - Best fit parameters: [0.48841425 0.20502399].
2019-08-01 09:09:19,514 - INFO - Maximum log composite likelihood: -19.6833631128.
2019-08-01 09:09:19,514 - INFO - Optimal value of theta: 67.4820950376.
2019-08-01 09:09:19,515 - INFO - Beginning optimization with guess, [0.51601883 0.11742159].
2019-08-01 09:09:20,594 - INFO - Finished optimization with guess, [0.51601883 0.11742159].
2019-08-01 09:09:20,594 - INFO - Best fit parameters: [0.48837417 0.20521893].
2019-08-01 09:09:20,602 - INFO - Maximum log composite likelihood: -19.6833632124.
2019-08-01 09:09:20,602 - INFO - Optimal value of theta: 67.4956004465.
2019-08-01 09:09:20,603 - INFO - Beginning optimization with guess, [0.50720004 0.13092768].
2019-08-01 09:09:20,987 - INFO - Finished optimization with guess, [0.50720004 0.13092768].
2019-08-01 09:09:20,987 - INFO - Best fit parameters: [0.48854476 0.20555185].
2019-08-01 09:09:20,996 - INFO - Maximum log composite likelihood: -19.6833625701.
2019-08-01 09:09:20,997 - INFO - Optimal value of theta: 67.5033078449.
2019-08-01 09:09:20,997 - INFO - Beginning optimization with guess, [0.35885034 0.05566929].
2019-08-01 09:09:21,709 - INFO - Finished optimization with guess, [0.35885034 0.05566929].
2019-08-01 09:09:21,709 - INFO - Best fit parameters: [0.48841277 0.20507135].
2019-08-01 09:09:21,717 - INFO - Maximum log composite likelihood: -19.6833630752.
2019-08-01 09:09:21,717 - INFO - Optimal value of theta: 67.4848371202.
2019-08-01 09:09:21,717 - INFO - Beginning optimization with guess, [0.69704308 0.05715221].
2019-08-01 09:09:22,597 - INFO - Finished optimization with guess, [0.69704308 0.05715221].
2019-08-01 09:09:22,597 - INFO - Best fit parameters: [0.48848533 0.20501878].
2019-08-01 09:09:22,606 - INFO - Maximum log composite likelihood: -19.6833628217.
2019-08-01 09:09:22,607 - INFO - Optimal value of theta: 67.4772393349.
2019-08-01 09:09:22,607 - INFO - Beginning optimization with guess, [0.38954201 0.19717835].
2019-08-01 09:09:23,130 - INFO - Finished optimization with guess, [0.38954201 0.19717835].
2019-08-01 09:09:23,131 - INFO - Best fit parameters: [0.48841945 0.20534911].
2019-08-01 09:09:23,139 - INFO - Maximum log composite likelihood: -19.6833629322.
2019-08-01 09:09:23,139 - INFO - Optimal value of theta: 67.5000003569.
2019-08-01 09:09:23,139 - INFO - Beginning optimization with guess, [0.39613685 0.17084835].
2019-08-01 09:09:23,699 - INFO - Finished optimization with guess, [0.39613685 0.17084835].
2019-08-01 09:09:23,700 - INFO - Best fit parameters: [0.48835325 0.20536676].
2019-08-01 09:09:23,708 - INFO - Maximum log composite likelihood: -19.6833633152.
2019-08-01 09:09:23,708 - INFO - Optimal value of theta: 67.5052584851.
2019-08-01 09:09:23,708 - INFO - Beginning optimization with guess, [0.40093047 0.104787  ].
2019-08-01 09:09:24,385 - INFO - Finished optimization with guess, [0.40093047 0.104787  ].
2019-08-01 09:09:24,386 - INFO - Best fit parameters: [0.48845641 0.20592278].
2019-08-01 09:09:24,394 - INFO - Maximum log composite likelihood: -19.68336296.
2019-08-01 09:09:24,394 - INFO - Optimal value of theta: 67.5297968417.
2019-08-01 09:09:24,394 - INFO - Beginning optimization with guess, [0.65784368 0.1012043 ].
2019-08-01 09:09:24,726 - INFO - Finished optimization with guess, [0.65784368 0.1012043 ].
2019-08-01 09:09:24,726 - INFO - Best fit parameters: [0.48835046 0.20534488].
2019-08-01 09:09:24,735 - INFO - Maximum log composite likelihood: -19.6833633374.
2019-08-01 09:09:24,735 - INFO - Optimal value of theta: 67.5042087193.
2019-08-01 09:09:24,736 - INFO - Beginning optimization with guess, [0.29905565 0.18018018].
2019-08-01 09:09:25,952 - INFO - Finished optimization with guess, [0.29905565 0.18018018].
2019-08-01 09:09:25,952 - INFO - Best fit parameters: [0.48840943 0.20566922].
2019-08-01 09:09:25,961 - INFO - Maximum log composite likelihood: -19.6833630183.
2019-08-01 09:09:25,962 - INFO - Optimal value of theta: 67.5186156936.
2019-08-01 09:09:25,962 - INFO - Beginning optimization with guess, [0.64524118 0.14864435].
2019-08-01 09:09:27,099 - INFO - Finished optimization with guess, [0.64524118 0.14864435].
2019-08-01 09:09:27,101 - INFO - Best fit parameters: [0.48836753 0.20556319].
2019-08-01 09:09:27,109 - INFO - Maximum log composite likelihood: -19.6833632243.
2019-08-01 09:09:27,109 - INFO - Optimal value of theta: 67.5153681767.
2019-08-01 09:09:27,110 - INFO - Beginning optimization with guess, [0.39500785 0.14443274].
2019-08-01 09:09:27,419 - INFO - Finished optimization with guess, [0.39500785 0.14443274].
2019-08-01 09:09:27,419 - INFO - Best fit parameters: [0.48835647 0.20621059].
2019-08-01 09:09:27,428 - INFO - Maximum log composite likelihood: -19.6833636656.
2019-08-01 09:09:27,429 - INFO - Optimal value of theta: 67.5523586036.
2019-08-01 09:09:27,429 - INFO - Beginning optimization with guess, [0.4974282  0.06039976].
2019-08-01 09:09:28,818 - INFO - Finished optimization with guess, [0.4974282  0.06039976].
2019-08-01 09:09:28,819 - INFO - Best fit parameters: [0.48835968 0.20540777].
2019-08-01 09:09:28,827 - INFO - Maximum log composite likelihood: -19.6833632683.
2019-08-01 09:09:28,827 - INFO - Optimal value of theta: 67.5071475647.
2019-08-01 09:09:28,827 - INFO - Beginning optimization with guess, [0.88326093 0.06837905].
2019-08-01 09:09:29,403 - INFO - Finished optimization with guess, [0.88326093 0.06837905].
2019-08-01 09:09:29,403 - INFO - Best fit parameters: [0.48835371 0.20536462].
2019-08-01 09:09:29,411 - INFO - Maximum log composite likelihood: -19.6833633124.
2019-08-01 09:09:29,411 - INFO - Optimal value of theta: 67.5051084849.
2019-08-01 09:09:29,411 - INFO - Beginning optimization with guess, [0.88546266 0.05282658].
2019-08-01 09:09:29,812 - INFO - Finished optimization with guess, [0.88546266 0.05282658].
2019-08-01 09:09:29,812 - INFO - Best fit parameters: [0.48834754 0.20540033].
2019-08-01 09:09:29,820 - INFO - Maximum log composite likelihood: -19.6833633502.
2019-08-01 09:09:29,820 - INFO - Optimal value of theta: 67.5075125003.
2019-08-01 09:09:29,820 - INFO - Beginning optimization with guess, [0.59956826 0.05562876].
2019-08-01 09:09:30,385 - INFO - Finished optimization with guess, [0.59956826 0.05562876].
2019-08-01 09:09:30,385 - INFO - Best fit parameters: [0.48835557 0.2053747 ].
2019-08-01 09:09:30,394 - INFO - Maximum log composite likelihood: -19.6833632986.
2019-08-01 09:09:30,395 - INFO - Optimal value of theta: 67.5055546626.
2019-08-01 09:09:30,395 - INFO - Beginning optimization with guess, [0.82431403 0.10530154].
2019-08-01 09:09:31,090 - INFO - Finished optimization with guess, [0.82431403 0.10530154].
2019-08-01 09:09:31,091 - INFO - Best fit parameters: [0.48842863 0.20501584].
2019-08-01 09:09:31,099 - INFO - Maximum log composite likelihood: -19.6833630495.
2019-08-01 09:09:31,099 - INFO - Optimal value of theta: 67.4807157332.
2019-08-01 09:09:31,099 - INFO - Beginning optimization with guess, [0.29412728 0.18503819].
2019-08-01 09:09:31,488 - INFO - Finished optimization with guess, [0.29412728 0.18503819].
2019-08-01 09:09:31,489 - INFO - Best fit parameters: [0.48849396 0.20580969].
2019-08-01 09:09:31,497 - INFO - Maximum log composite likelihood: -19.6833627776.
2019-08-01 09:09:31,497 - INFO - Optimal value of theta: 67.5210389032.
2019-08-01 09:09:31,497 - INFO - Beginning optimization with guess, [0.25482025 0.17309012].
2019-08-01 09:09:31,883 - INFO - Finished optimization with guess, [0.25482025 0.17309012].
2019-08-01 09:09:31,884 - INFO - Best fit parameters: [0.48849303 0.20621096].
2019-08-01 09:09:31,892 - INFO - Maximum log composite likelihood: -19.6833631359.
2019-08-01 09:09:31,892 - INFO - Optimal value of theta: 67.5435604444.
2019-08-01 09:09:31,892 - INFO - Beginning optimization with guess, [0.4394181  0.13713696].
2019-08-01 09:09:32,225 - INFO - Finished optimization with guess, [0.4394181  0.13713696].
2019-08-01 09:09:32,225 - INFO - Best fit parameters: [0.48834579 0.20543257].
2019-08-01 09:09:32,234 - INFO - Maximum log composite likelihood: -19.6833633599.
2019-08-01 09:09:32,235 - INFO - Optimal value of theta: 67.5094361101.
2019-08-01 09:09:32,235 - INFO - Beginning optimization with guess, [0.95169    0.08511359].
2019-08-01 09:09:32,769 - INFO - Finished optimization with guess, [0.95169    0.08511359].
2019-08-01 09:09:32,769 - INFO - Best fit parameters: [0.48836226 0.20533803].
2019-08-01 09:09:32,777 - INFO - Maximum log composite likelihood: -19.6833632598.
2019-08-01 09:09:32,777 - INFO - Optimal value of theta: 67.5030635275.
2019-08-01 09:09:32,778 - INFO - Beginning optimization with guess, [0.41948881 0.14617778].
2019-08-01 09:09:33,115 - INFO - Finished optimization with guess, [0.41948881 0.14617778].
2019-08-01 09:09:33,117 - INFO - Best fit parameters: [0.48834788 0.20548572].
2019-08-01 09:09:33,125 - INFO - Maximum log composite likelihood: -19.6833633449.
2019-08-01 09:09:33,126 - INFO - Optimal value of theta: 67.5122869683.
2019-08-01 09:09:33,126 - INFO - Beginning optimization with guess, [0.92082206 0.05208898].
2019-08-01 09:09:33,850 - INFO - Finished optimization with guess, [0.92082206 0.05208898].
2019-08-01 09:09:33,850 - INFO - Best fit parameters: [0.48838426 0.20510614].
2019-08-01 09:09:33,858 - INFO - Maximum log composite likelihood: -19.6833632009.
2019-08-01 09:09:33,858 - INFO - Optimal value of theta: 67.4886133309.
2019-08-01 09:09:33,858 - INFO - Beginning optimization with guess, [0.2715553  0.07471934].
2019-08-01 09:09:34,235 - INFO - Finished optimization with guess, [0.2715553  0.07471934].
2019-08-01 09:09:34,235 - INFO - Best fit parameters: [0.48838012 0.20512213].
2019-08-01 09:09:34,244 - INFO - Maximum log composite likelihood: -19.6833632123.
2019-08-01 09:09:34,245 - INFO - Optimal value of theta: 67.4897732665.
2019-08-01 09:09:34,245 - INFO - Beginning optimization with guess, [0.59428865 0.08905083].
2019-08-01 09:09:34,871 - INFO - Finished optimization with guess, [0.59428865 0.08905083].
2019-08-01 09:09:34,872 - INFO - Best fit parameters: [0.48849094 0.20505347].
2019-08-01 09:09:34,880 - INFO - Maximum log composite likelihood: -19.6833627734.
2019-08-01 09:09:34,880 - INFO - Optimal value of theta: 67.4788177768.
2019-08-01 09:09:34,880 - INFO - Beginning optimization with guess, [0.68979976 0.05167308].
2019-08-01 09:09:35,309 - INFO - Finished optimization with guess, [0.68979976 0.05167308].
2019-08-01 09:09:35,310 - INFO - Best fit parameters: [0.48839936 0.20509183].
2019-08-01 09:09:35,318 - INFO - Maximum log composite likelihood: -19.6833631278.
2019-08-01 09:09:35,318 - INFO - Optimal value of theta: 67.4868432857.
2019-08-01 09:09:35,319 - INFO - Beginning optimization with guess, [0.70739206 0.06084686].
2019-08-01 09:09:35,676 - INFO - Finished optimization with guess, [0.70739206 0.06084686].
2019-08-01 09:09:35,677 - INFO - Best fit parameters: [0.48842131 0.20507119].
2019-08-01 09:09:35,685 - INFO - Maximum log composite likelihood: -19.6833630324.
2019-08-01 09:09:35,685 - INFO - Optimal value of theta: 67.4842801921.
2019-08-01 09:09:35,686 - INFO - Beginning optimization with guess, [0.91122538 0.13458678].
2019-08-01 09:09:36,051 - INFO - Finished optimization with guess, [0.91122538 0.13458678].
2019-08-01 09:09:36,052 - INFO - Best fit parameters: [0.48834787 0.2053902 ].
2019-08-01 09:09:36,061 - INFO - Maximum log composite likelihood: -19.6833633489.
2019-08-01 09:09:36,062 - INFO - Optimal value of theta: 67.5069218578.
2019-08-01 09:09:36,062 - INFO - Beginning optimization with guess, [0.61305573 0.09346219].
2019-08-01 09:09:36,374 - INFO - Finished optimization with guess, [0.61305573 0.09346219].
2019-08-01 09:09:36,374 - INFO - Best fit parameters: [0.48805837 0.20477531].
2019-08-01 09:09:36,382 - INFO - Maximum log composite likelihood: -19.6833671.
2019-08-01 09:09:36,382 - INFO - Optimal value of theta: 67.4910402097.
2019-08-01 09:09:36,383 - INFO - Beginning optimization with guess, [0.94413566 0.05640251].
2019-08-01 09:09:37,164 - INFO - Finished optimization with guess, [0.94413566 0.05640251].
2019-08-01 09:09:37,164 - INFO - Best fit parameters: [0.48836016 0.20538659].
2019-08-01 09:09:37,172 - INFO - Maximum log composite likelihood: -19.683363267.
2019-08-01 09:09:37,172 - INFO - Optimal value of theta: 67.5059264354.
2019-08-01 09:09:37,172 - INFO - Beginning optimization with guess, [0.40747809 0.06337038].
2019-08-01 09:09:38,310 - INFO - Finished optimization with guess, [0.40747809 0.06337038].
2019-08-01 09:09:38,311 - INFO - Best fit parameters: [0.48845072 0.2051727 ].
2019-08-01 09:09:38,319 - INFO - Maximum log composite likelihood: -19.6833628277.
2019-08-01 09:09:38,319 - INFO - Optimal value of theta: 67.4880708398.
2019-08-01 09:09:38,319 - INFO - Beginning optimization with guess, [0.78645781 0.13714132].
2019-08-01 09:09:38,700 - INFO - Finished optimization with guess, [0.78645781 0.13714132].
2019-08-01 09:09:38,701 - INFO - Best fit parameters: [0.48838109 0.20511754].
2019-08-01 09:09:38,709 - INFO - Maximum log composite likelihood: -19.6833632094.
2019-08-01 09:09:38,709 - INFO - Optimal value of theta: 67.4894532656.
2019-08-01 09:09:38,710 - INFO - Beginning optimization with guess, [0.34217447 0.09218393].
2019-08-01 09:09:39,128 - INFO - Finished optimization with guess, [0.34217447 0.09218393].
2019-08-01 09:09:39,128 - INFO - Best fit parameters: [0.4885258 0.205712 ].
2019-08-01 09:09:39,136 - INFO - Maximum log composite likelihood: -19.6833626603.
2019-08-01 09:09:39,137 - INFO - Optimal value of theta: 67.5135112525.
2019-08-01 09:09:39,137 - INFO - Beginning optimization with guess, [0.9644709  0.13850667].
2019-08-01 09:09:39,712 - INFO - Finished optimization with guess, [0.9644709  0.13850667].
2019-08-01 09:09:39,712 - INFO - Best fit parameters: [0.48838352 0.20518997].
2019-08-01 09:09:39,720 - INFO - Maximum log composite likelihood: -19.6833631645.
2019-08-01 09:09:39,721 - INFO - Optimal value of theta: 67.4933700008.
2019-08-01 09:09:39,721 - INFO - Beginning optimization with guess, [0.72415634 0.09849601].
2019-08-01 09:09:40,191 - INFO - Finished optimization with guess, [0.72415634 0.09849601].
2019-08-01 09:09:40,192 - INFO - Best fit parameters: [0.48850119 0.20502011].
2019-08-01 09:09:40,200 - INFO - Maximum log composite likelihood: -19.6833627736.
2019-08-01 09:09:40,200 - INFO - Optimal value of theta: 67.4762953112.
2019-08-01 09:09:40,200 - INFO - Beginning optimization with guess, [0.43828374 0.17170642].
2019-08-01 09:09:40,992 - INFO - Finished optimization with guess, [0.43828374 0.17170642].
2019-08-01 09:09:40,992 - INFO - Best fit parameters: [0.48835071 0.20532688].
2019-08-01 09:09:41,000 - INFO - Maximum log composite likelihood: -19.6833633389.
2019-08-01 09:09:41,001 - INFO - Optimal value of theta: 67.5031813405.
2019-08-01 09:09:41,001 - INFO - Beginning optimization with guess, [0.3680582  0.06125086].
2019-08-01 09:09:41,839 - INFO - Finished optimization with guess, [0.3680582  0.06125086].
2019-08-01 09:09:41,839 - INFO - Best fit parameters: [0.48835947 0.20554034].
2019-08-01 09:09:41,847 - INFO - Maximum log composite likelihood: -19.683363272.
2019-08-01 09:09:41,847 - INFO - Optimal value of theta: 67.5146058052.
2019-08-01 09:09:41,848 - INFO - Beginning optimization with guess, [0.77855014 0.10440594].
2019-08-01 09:09:42,244 - INFO - Finished optimization with guess, [0.77855014 0.10440594].
2019-08-01 09:09:42,245 - INFO - Best fit parameters: [0.48834511 0.20543539].
2019-08-01 09:09:42,253 - INFO - Maximum log composite likelihood: -19.6833633645.
2019-08-01 09:09:42,253 - INFO - Optimal value of theta: 67.5096383498.
2019-08-01 09:09:42,254 - INFO - Beginning optimization with guess, [0.8855796  0.09951047].
2019-08-01 09:09:42,687 - INFO - Finished optimization with guess, [0.8855796  0.09951047].
2019-08-01 09:09:42,687 - INFO - Best fit parameters: [0.48853713 0.20574893].
2019-08-01 09:09:42,695 - INFO - Maximum log composite likelihood: -19.6833626641.
2019-08-01 09:09:42,696 - INFO - Optimal value of theta: 67.5148507055.
2019-08-01 09:09:42,696 - INFO - Beginning optimization with guess, [0.99072042 0.07697525].
2019-08-01 09:09:43,328 - INFO - Finished optimization with guess, [0.99072042 0.07697525].
2019-08-01 09:09:43,328 - INFO - Best fit parameters: [0.48848461 0.20504844].
2019-08-01 09:09:43,336 - INFO - Maximum log composite likelihood: -19.6833627973.
2019-08-01 09:09:43,336 - INFO - Optimal value of theta: 67.4789432672.
2019-08-01 09:09:43,337 - INFO - Beginning optimization with guess, [0.9595068  0.17086669].
2019-08-01 09:09:44,118 - INFO - Finished optimization with guess, [0.9595068  0.17086669].
2019-08-01 09:09:44,118 - INFO - Best fit parameters: [0.48837374 0.20528193].
2019-08-01 09:09:44,127 - INFO - Maximum log composite likelihood: -19.6833631978.
2019-08-01 09:09:44,127 - INFO - Optimal value of theta: 67.4991705469.
2019-08-01 09:09:44,127 - INFO - Beginning optimization with guess, [0.32408998 0.11005541].
2019-08-01 09:09:44,550 - INFO - Finished optimization with guess, [0.32408998 0.11005541].
2019-08-01 09:09:44,550 - INFO - Best fit parameters: [0.48846421 0.20503687].
2019-08-01 09:09:44,558 - INFO - Maximum log composite likelihood: -19.6833628782.
2019-08-01 09:09:44,559 - INFO - Optimal value of theta: 67.4796059613.
2019-08-01 09:09:44,559 - INFO - Beginning optimization with guess, [0.9251051  0.05899393].
2019-08-01 09:09:45,232 - INFO - Finished optimization with guess, [0.9251051  0.05899393].
2019-08-01 09:09:45,232 - INFO - Best fit parameters: [0.48840604 0.20509366].
2019-08-01 09:09:45,242 - INFO - Maximum log composite likelihood: -19.6833630901.
2019-08-01 09:09:45,242 - INFO - Optimal value of theta: 67.4865165592.
2019-08-01 09:09:45,242 - INFO - Beginning optimization with guess, [0.53026773 0.08999117].
2019-08-01 09:09:45,899 - INFO - Finished optimization with guess, [0.53026773 0.08999117].
2019-08-01 09:09:45,899 - INFO - Best fit parameters: [0.48838487 0.20556363].
2019-08-01 09:09:45,908 - INFO - Maximum log composite likelihood: -19.6833631218.
2019-08-01 09:09:45,909 - INFO - Optimal value of theta: 67.514275.
2019-08-01 09:09:45,909 - INFO - Beginning optimization with guess, [0.6927189  0.05754451].
2019-08-01 09:09:46,584 - INFO - Finished optimization with guess, [0.6927189  0.05754451].
2019-08-01 09:09:46,584 - INFO - Best fit parameters: [0.48835738 0.20534122].
2019-08-01 09:09:46,592 - INFO - Maximum log composite likelihood: -19.6833632913.
2019-08-01 09:09:46,592 - INFO - Optimal value of theta: 67.5035566423.
2019-08-01 09:09:46,593 - INFO - Beginning optimization with guess, [0.3170965  0.12061315].
2019-08-01 09:09:47,962 - INFO - Finished optimization with guess, [0.3170965  0.12061315].
2019-08-01 09:09:47,963 - INFO - Best fit parameters: [0.48834973 0.20535779].
2019-08-01 09:09:47,971 - INFO - Maximum log composite likelihood: -19.6833633404.
2019-08-01 09:09:47,971 - INFO - Optimal value of theta: 67.5049810925.
2019-08-01 09:09:47,972 - INFO - Beginning optimization with guess, [0.57735145 0.0541787 ].
2019-08-01 09:09:48,432 - INFO - Finished optimization with guess, [0.57735145 0.0541787 ].
2019-08-01 09:09:48,433 - INFO - Best fit parameters: [0.48848031 0.20507115].
2019-08-01 09:09:48,441 - INFO - Maximum log composite likelihood: -19.6833627915.
2019-08-01 09:09:48,441 - INFO - Optimal value of theta: 67.4804886815.
2019-08-01 09:09:48,441 - INFO - Beginning optimization with guess, [0.64401715 0.17099441].
2019-08-01 09:09:49,080 - INFO - Finished optimization with guess, [0.64401715 0.17099441].
2019-08-01 09:09:49,080 - INFO - Best fit parameters: [0.48836311 0.20515805].
2019-08-01 09:09:49,088 - INFO - Maximum log composite likelihood: -19.683363306.
2019-08-01 09:09:49,088 - INFO - Optimal value of theta: 67.4928892003.
2019-08-01 09:09:49,089 - INFO - Beginning optimization with guess, [0.9630052  0.13265624].
2019-08-01 09:09:49,503 - INFO - Finished optimization with guess, [0.9630052  0.13265624].
2019-08-01 09:09:49,503 - INFO - Best fit parameters: [0.48850007 0.20507241].
2019-08-01 09:09:49,512 - INFO - Maximum log composite likelihood: -19.6833627314.
2019-08-01 09:09:49,513 - INFO - Optimal value of theta: 67.4792897325.
2019-08-01 09:09:49,513 - INFO - Beginning optimization with guess, [0.26232578 0.18191513].
2019-08-01 09:09:50,300 - INFO - Finished optimization with guess, [0.26232578 0.18191513].
2019-08-01 09:09:50,300 - INFO - Best fit parameters: [0.48840017 0.20544143].
2019-08-01 09:09:50,309 - INFO - Maximum log composite likelihood: -19.6833630269.
2019-08-01 09:09:50,310 - INFO - Optimal value of theta: 67.5064284458.
2019-08-01 09:09:50,310 - INFO - Beginning optimization with guess, [0.58656864 0.07708451].
2019-08-01 09:09:50,706 - INFO - Finished optimization with guess, [0.58656864 0.07708451].
2019-08-01 09:09:50,706 - INFO - Best fit parameters: [0.48834587 0.2054613 ].
2019-08-01 09:09:50,714 - INFO - Maximum log composite likelihood: -19.6833633585.
2019-08-01 09:09:50,714 - INFO - Optimal value of theta: 67.5110450829.
2019-08-01 09:09:50,715 - INFO - Beginning optimization with guess, [0.30173097 0.12628547].
2019-08-01 09:09:51,119 - INFO - Finished optimization with guess, [0.30173097 0.12628547].
2019-08-01 09:09:51,119 - INFO - Best fit parameters: [0.48844788 0.20503787].
2019-08-01 09:09:51,127 - INFO - Maximum log composite likelihood: -19.6833629421.
2019-08-01 09:09:51,127 - INFO - Optimal value of theta: 67.4807106449.
2019-08-01 09:09:51,128 - INFO - Beginning optimization with guess, [0.48793786 0.105733  ].
2019-08-01 09:09:51,551 - INFO - Finished optimization with guess, [0.48793786 0.105733  ].
2019-08-01 09:09:51,552 - INFO - Best fit parameters: [0.48853002 0.2050391 ].
2019-08-01 09:09:51,560 - INFO - Maximum log composite likelihood: -19.6833626902.
2019-08-01 09:09:51,560 - INFO - Optimal value of theta: 67.4755059243.
2019-08-01 09:09:51,560 - INFO - Beginning optimization with guess, [0.87649924 0.05414531].
2019-08-01 09:09:52,296 - INFO - Finished optimization with guess, [0.87649924 0.05414531].
2019-08-01 09:09:52,296 - INFO - Best fit parameters: [0.48839569 0.20513151].
2019-08-01 09:09:52,306 - INFO - Maximum log composite likelihood: -19.6833631153.
2019-08-01 09:09:52,306 - INFO - Optimal value of theta: 67.4892979805.
2019-08-01 09:09:52,306 - INFO - Beginning optimization with guess, [0.56307913 0.14254711].
2019-08-01 09:09:52,905 - INFO - Finished optimization with guess, [0.56307913 0.14254711].
2019-08-01 09:09:52,906 - INFO - Best fit parameters: [0.48845005 0.20521691].
2019-08-01 09:09:52,914 - INFO - Maximum log composite likelihood: -19.6833628177.
2019-08-01 09:09:52,915 - INFO - Optimal value of theta: 67.4905996215.
2019-08-01 09:09:52,915 - INFO - Beginning optimization with guess, [0.557353   0.15057507].
2019-08-01 09:09:54,215 - INFO - Finished optimization with guess, [0.557353   0.15057507].
2019-08-01 09:09:54,215 - INFO - Best fit parameters: [0.48836022 0.20546763].
2019-08-01 09:09:54,224 - INFO - Maximum log composite likelihood: -19.6833632629.
2019-08-01 09:09:54,224 - INFO - Optimal value of theta: 67.5104747925.
2019-08-01 09:09:54,225 - INFO - Beginning optimization with guess, [0.77297187 0.12296134].
2019-08-01 09:09:55,024 - INFO - Finished optimization with guess, [0.77297187 0.12296134].
2019-08-01 09:09:55,024 - INFO - Best fit parameters: [0.4883866  0.20531867].
2019-08-01 09:09:55,033 - INFO - Maximum log composite likelihood: -19.6833631127.
2019-08-01 09:09:55,034 - INFO - Optimal value of theta: 67.5004063514.
2019-08-01 09:09:55,034 - INFO - Beginning optimization with guess, [0.58012528 0.14313325].
2019-08-01 09:09:55,378 - INFO - Finished optimization with guess, [0.58012528 0.14313325].
2019-08-01 09:09:55,378 - INFO - Best fit parameters: [0.4883503  0.20537609].
2019-08-01 09:09:55,386 - INFO - Maximum log composite likelihood: -19.683363334.
2019-08-01 09:09:55,386 - INFO - Optimal value of theta: 67.5059726804.
2019-08-01 09:09:55,386 - INFO - Beginning optimization with guess, [0.78130085 0.15165789].
2019-08-01 09:09:56,415 - INFO - Finished optimization with guess, [0.78130085 0.15165789].
2019-08-01 09:09:56,416 - INFO - Best fit parameters: [0.48840054 0.20510763].
2019-08-01 09:09:56,424 - INFO - Maximum log composite likelihood: -19.6833631072.
2019-08-01 09:09:56,424 - INFO - Optimal value of theta: 67.4876502815.
2019-08-01 09:09:56,424 - INFO - Beginning optimization with guess, [0.47057736 0.19777384].
2019-08-01 09:09:56,933 - INFO - Finished optimization with guess, [0.47057736 0.19777384].
2019-08-01 09:09:56,933 - INFO - Best fit parameters: [0.48842609 0.20512849].
2019-08-01 09:09:56,941 - INFO - Maximum log composite likelihood: -19.6833629595.
2019-08-01 09:09:56,941 - INFO - Optimal value of theta: 67.4871741942.
2019-08-01 09:09:56,941 - INFO - Beginning optimization with guess, [0.26731853 0.11245796].
2019-08-01 09:09:57,618 - INFO - Finished optimization with guess, [0.26731853 0.11245796].
2019-08-01 09:09:57,618 - INFO - Best fit parameters: [0.48841508 0.20506115].
2019-08-01 09:09:57,626 - INFO - Maximum log composite likelihood: -19.6833630728.
2019-08-01 09:09:57,626 - INFO - Optimal value of theta: 67.4841188994.
2019-08-01 09:09:57,626 - INFO - Beginning optimization with guess, [0.33000732 0.1307567 ].
2019-08-01 09:09:58,158 - INFO - Finished optimization with guess, [0.33000732 0.1307567 ].
2019-08-01 09:09:58,158 - INFO - Best fit parameters: [0.48836641 0.20546117].
2019-08-01 09:09:58,166 - INFO - Maximum log composite likelihood: -19.6833632234.
2019-08-01 09:09:58,166 - INFO - Optimal value of theta: 67.5097129695.
2019-08-01 09:09:58,167 - INFO - Beginning optimization with guess, [0.8710874  0.07993425].
2019-08-01 09:09:59,407 - INFO - Finished optimization with guess, [0.8710874  0.07993425].
2019-08-01 09:09:59,408 - INFO - Best fit parameters: [0.488352   0.20535902].
2019-08-01 09:09:59,416 - INFO - Maximum log composite likelihood: -19.6833633247.
2019-08-01 09:09:59,416 - INFO - Optimal value of theta: 67.5049034877.
2019-08-01 09:09:59,416 - INFO - Beginning optimization with guess, [0.41950094 0.11146011].
2019-08-01 09:09:59,941 - INFO - Finished optimization with guess, [0.41950094 0.11146011].
2019-08-01 09:09:59,941 - INFO - Best fit parameters: [0.48835629 0.20537172].
2019-08-01 09:09:59,949 - INFO - Maximum log composite likelihood: -19.6833632942.
2019-08-01 09:09:59,949 - INFO - Optimal value of theta: 67.5053404425.
2019-08-01 09:09:59,949 - INFO - Beginning optimization with guess, [0.3180386  0.09464115].
2019-08-01 09:10:00,306 - INFO - Finished optimization with guess, [0.3180386  0.09464115].
2019-08-01 09:10:00,307 - INFO - Best fit parameters: [0.48834673 0.20547236].
2019-08-01 09:10:00,315 - INFO - Maximum log composite likelihood: -19.6833633525.
2019-08-01 09:10:00,315 - INFO - Optimal value of theta: 67.5116103024.
2019-08-01 09:10:00,315 - INFO - Beginning optimization with guess, [0.66069731 0.15181478].
2019-08-01 09:10:00,849 - INFO - Finished optimization with guess, [0.66069731 0.15181478].
2019-08-01 09:10:00,849 - INFO - Best fit parameters: [0.48844081 0.20519783].
2019-08-01 09:10:00,857 - INFO - Maximum log composite likelihood: -19.6833628625.
2019-08-01 09:10:00,857 - INFO - Optimal value of theta: 67.4901216941.
2019-08-01 09:10:00,857 - INFO - Beginning optimization with guess, [0.93374561 0.16019776].
2019-08-01 09:10:02,214 - INFO - Finished optimization with guess, [0.93374561 0.16019776].
2019-08-01 09:10:02,215 - INFO - Best fit parameters: [0.48836724 0.20534709].
2019-08-01 09:10:02,223 - INFO - Maximum log composite likelihood: -19.6833632263.
2019-08-01 09:10:02,223 - INFO - Optimal value of theta: 67.5032517782.
2019-08-01 09:10:02,224 - INFO - Finished demographic inference.
2019-08-01 09:10:02,224 - INFO - Beginning DFE inference.
2019-08-01 09:10:05,587 - INFO - Beginning optimization with guess, [6.00162276e-02 1.03896994e+02].
2019-08-01 09:10:10,816 - INFO - Finished optomization, results are [-23.499605941751902 array([ 0.28308157, 32.52661254])].
2019-08-01 09:10:10,817 - INFO - Beginning optimization with guess, [ 0.1413013  87.43446251].
2019-08-01 09:10:11,714 - INFO - Finished optomization, results are [-23.4996061142756 array([ 0.28307914, 32.52740174])].
2019-08-01 09:10:11,714 - INFO - Beginning optimization with guess, [1.01696629e-01 1.41696205e+02].
2019-08-01 09:10:15,800 - INFO - Finished optomization, results are [-23.499582455265795 array([ 0.28344142, 32.407469  ])].
2019-08-01 09:10:15,800 - INFO - Beginning optimization with guess, [7.36004433e-02 1.96626378e+02].
2019-08-01 09:10:21,762 - INFO - Finished optomization, results are [-23.499564670333747 array([ 0.28426358, 32.10582894])].
2019-08-01 09:10:21,763 - INFO - Beginning optimization with guess, [5.78048562e-02 2.26149242e+02].
2019-08-01 09:10:22,795 - INFO - Finished optomization, results are [-23.499606117323015 array([ 0.28307909, 32.52742536])].
2019-08-01 09:10:22,795 - INFO - Beginning optimization with guess, [4.87645985e-02 1.52427399e+02].
2019-08-01 09:10:27,843 - INFO - Finished optomization, results are [-23.499605424757693 array([ 0.28308852, 32.5244978 ])].
2019-08-01 09:10:27,844 - INFO - Beginning optimization with guess, [1.18569246e-01 1.44425272e+02].
2019-08-01 09:10:32,523 - INFO - Finished optomization, results are [-23.499599839811037 array([ 0.28317927, 32.49119361])].
2019-08-01 09:10:32,524 - INFO - Beginning optimization with guess, [6.88989921e-02 1.74038211e+02].
2019-08-01 09:10:33,492 - INFO - Finished optomization, results are [-23.49960610919841 array([ 0.28307919, 32.52739495])].
2019-08-01 09:10:33,492 - INFO - Beginning optimization with guess, [5.06607841e-02 1.05598492e+02].
2019-08-01 09:10:34,733 - INFO - Finished optomization, results are [-23.49960610228623 array([ 0.28307929, 32.52736803])].
2019-08-01 09:10:34,734 - INFO - Beginning optimization with guess, [5.37080114e-02 1.18838780e+02].
2019-08-01 09:10:35,907 - INFO - Finished optomization, results are [-23.499606112685576 array([ 0.28307914, 32.52741229])].
2019-08-01 09:10:35,907 - INFO - Beginning optimization with guess, [6.03751318e-02 2.10678261e+02].
2019-08-01 09:10:42,240 - INFO - Finished optomization, results are [-23.499605499089448 array([ 0.28308745, 32.52485663])].
2019-08-01 09:10:42,241 - INFO - Beginning optimization with guess, [1.02163768e-01 2.21591141e+02].
2019-08-01 09:10:46,935 - INFO - Finished optomization, results are [-23.499606086343 array([ 0.2830797 , 32.52714471])].
2019-08-01 09:10:46,935 - INFO - Beginning optimization with guess, [  0.1587415  132.05422905].
2019-08-01 09:10:52,441 - INFO - Finished optomization, results are [-23.499605480093866 array([ 0.28308883, 32.52391413])].
2019-08-01 09:10:52,441 - INFO - Beginning optimization with guess, [ 0.16471022 94.98164738].
2019-08-01 09:10:53,270 - INFO - Finished optomization, results are [-23.499606127267928 array([ 0.28307897, 32.52745417])].
2019-08-01 09:10:53,270 - INFO - Beginning optimization with guess, [9.10313210e-02 9.85393161e+01].
2019-08-01 09:10:54,303 - INFO - Finished optomization, results are [-23.499606136750582 array([ 0.28307883, 32.52750142])].
2019-08-01 09:10:54,304 - INFO - Beginning optimization with guess, [1.31014353e-01 1.32070987e+02].
2019-08-01 09:10:59,737 - INFO - Finished optomization, results are [-23.49953866607704 array([ 0.2849445 , 31.89771491])].
2019-08-01 09:10:59,737 - INFO - Beginning optimization with guess, [4.92221823e-02 2.58387195e+02].
2019-08-01 09:11:05,422 - INFO - Finished optomization, results are [-23.49960186480799 array([ 0.28314103, 32.50665305])].
2019-08-01 09:11:05,423 - INFO - Beginning optimization with guess, [1.20528102e-01 1.85218964e+02].
2019-08-01 09:11:10,003 - INFO - Finished optomization, results are [-23.499551770544574 array([ 0.28461891, 31.99521273])].
2019-08-01 09:11:10,003 - INFO - Beginning optimization with guess, [  0.15689787 124.26789219].
2019-08-01 09:11:10,894 - INFO - Finished optomization, results are [-23.499606111231525 array([ 0.28307916, 32.52740487])].
2019-08-01 09:11:10,895 - INFO - Beginning optimization with guess, [6.90912063e-02 8.56492620e+01].
2019-08-01 09:11:11,786 - INFO - Finished optomization, results are [-23.49960611127824 array([ 0.28307916, 32.52740714])].
2019-08-01 09:11:11,786 - INFO - Beginning optimization with guess, [ 0.14363156 89.6242831 ].
2019-08-01 09:11:12,678 - INFO - Finished optomization, results are [-23.49960611836505 array([ 0.28307906, 32.52744325])].
2019-08-01 09:11:12,679 - INFO - Beginning optimization with guess, [4.68400062e-02 1.28995867e+02].
2019-08-01 09:11:18,914 - INFO - Finished optomization, results are [-23.499600112500122 array([ 0.28314944, 32.51214675])].
2019-08-01 09:11:18,915 - INFO - Beginning optimization with guess, [1.08751821e-01 1.27762620e+02].
2019-08-01 09:11:24,536 - INFO - Finished optomization, results are [-23.499588030644986 array([ 0.28357488, 32.3346096 ])].
2019-08-01 09:11:24,537 - INFO - Beginning optimization with guess, [1.16248441e-01 1.36278129e+02].
2019-08-01 09:11:25,497 - INFO - Finished optomization, results are [-23.499606112238343 array([ 0.28307915, 32.52740959])].
2019-08-01 09:11:25,497 - INFO - Beginning optimization with guess, [1.30321033e-01 1.57279287e+02].
2019-08-01 09:11:26,457 - INFO - Finished optomization, results are [-23.499606112733254 array([ 0.28307914, 32.52741283])].
2019-08-01 09:11:26,458 - INFO - Beginning optimization with guess, [1.50059742e-01 1.57558702e+02].
2019-08-01 09:11:33,034 - INFO - Finished optomization, results are [-23.499604519413477 array([ 0.28310444, 32.51800193])].
2019-08-01 09:11:33,034 - INFO - Beginning optimization with guess, [1.11089967e-01 1.42464286e+02].
2019-08-01 09:11:37,417 - INFO - Finished optomization, results are [-23.49958949082163 array([ 0.28339656, 32.409164  ])].
2019-08-01 09:11:37,417 - INFO - Beginning optimization with guess, [ 0.10726046 97.73835659].
2019-08-01 09:11:38,378 - INFO - Finished optomization, results are [-23.499606111428104 array([ 0.28307916, 32.52740643])].
2019-08-01 09:11:38,379 - INFO - Beginning optimization with guess, [9.33509341e-02 1.84908827e+02].
2019-08-01 09:11:44,886 - INFO - Finished optomization, results are [-23.499567101597748 array([ 0.28409408, 32.16440916])].
2019-08-01 09:11:44,887 - INFO - Beginning optimization with guess, [4.71779714e-02 1.32608449e+02].
2019-08-01 09:11:46,258 - INFO - Finished optomization, results are [-23.499606105287874 array([ 0.28307925, 32.52737977])].
2019-08-01 09:11:46,258 - INFO - Beginning optimization with guess, [1.32281240e-01 2.12181648e+02].
2019-08-01 09:11:50,439 - INFO - Finished optomization, results are [-23.499604758352458 array([ 0.28309923, 32.52045225])].
2019-08-01 09:11:50,439 - INFO - Beginning optimization with guess, [6.03455497e-02 3.05405618e+02].
2019-08-01 09:11:56,978 - INFO - Finished optomization, results are [-23.499590704727016 array([ 0.28334062, 32.43356194])].
2019-08-01 09:11:56,979 - INFO - Beginning optimization with guess, [5.77749704e-02 2.93665743e+02].
2019-08-01 09:12:03,499 - INFO - Finished optomization, results are [-23.499589664009438 array([ 0.28336038, 32.42655813])].
2019-08-01 09:12:03,499 - INFO - Beginning optimization with guess, [8.93632529e-02 1.69849747e+02].
2019-08-01 09:12:09,108 - INFO - Finished optomization, results are [-23.49958177895908 array([ 0.28345948, 32.40009698])].
2019-08-01 09:12:09,109 - INFO - Beginning optimization with guess, [1.63991467e-01 2.99794967e+02].
2019-08-01 09:12:13,702 - INFO - Finished optomization, results are [-23.49957604664003 array([ 0.28358509, 32.35444341])].
2019-08-01 09:12:13,703 - INFO - Beginning optimization with guess, [4.68389137e-02 1.68561436e+02].
2019-08-01 09:12:15,084 - INFO - Finished optomization, results are [-23.499606112835245 array([ 0.28307914, 32.5274132 ])].
2019-08-01 09:12:15,085 - INFO - Beginning optimization with guess, [4.55738114e-02 9.34511087e+01].
2019-08-01 09:12:16,316 - INFO - Finished optomization, results are [-23.49960611316028 array([ 0.28307914, 32.52741439])].
2019-08-01 09:12:16,317 - INFO - Beginning optimization with guess, [8.49045355e-02 1.68430904e+02].
2019-08-01 09:12:17,422 - INFO - Finished optomization, results are [-23.499606114869994 array([ 0.28307912, 32.52741934])].
2019-08-01 09:12:17,422 - INFO - Beginning optimization with guess, [8.35904807e-02 1.65143142e+02].
2019-08-01 09:12:18,599 - INFO - Finished optomization, results are [-23.499606065451342 array([ 0.2830798, 32.5272048])].
2019-08-01 09:12:18,599 - INFO - Beginning optimization with guess, [8.86255905e-02 1.39572242e+02].
2019-08-01 09:12:24,129 - INFO - Finished optomization, results are [-23.499606108145265 array([ 0.28307924, 32.52736921])].
2019-08-01 09:12:24,130 - INFO - Beginning optimization with guess, [1.24815776e-01 3.03068786e+02].
2019-08-01 09:12:25,231 - INFO - Finished optomization, results are [-23.499606112763168 array([ 0.28307914, 32.52741309])].
2019-08-01 09:12:25,232 - INFO - Beginning optimization with guess, [6.67893511e-02 1.14571334e+02].
2019-08-01 09:12:26,128 - INFO - Finished optomization, results are [-23.499606112505973 array([ 0.28307915, 32.52741021])].
2019-08-01 09:12:26,128 - INFO - Beginning optimization with guess, [9.39929253e-02 2.02565077e+02].
2019-08-01 09:12:31,344 - INFO - Finished optomization, results are [-23.499570821260775 array([ 0.28360347, 32.36131932])].
2019-08-01 09:12:31,345 - INFO - Beginning optimization with guess, [4.58470200e-02 1.54683064e+02].
2019-08-01 09:12:32,511 - INFO - Finished optomization, results are [-23.499606113185926 array([ 0.28307914, 32.52741425])].
2019-08-01 09:12:32,511 - INFO - Beginning optimization with guess, [5.77959368e-02 1.96428038e+02].
2019-08-01 09:12:38,132 - INFO - Finished optomization, results are [-23.49958667605391 array([ 0.28366876, 32.29925238])].
2019-08-01 09:12:38,133 - INFO - Beginning optimization with guess, [8.06432107e-02 1.87607267e+02].
2019-08-01 09:12:39,232 - INFO - Finished optomization, results are [-23.49960612251056 array([ 0.28307902, 32.52744606])].
2019-08-01 09:12:39,232 - INFO - Beginning optimization with guess, [9.51806868e-02 2.86080436e+02].
2019-08-01 09:12:40,332 - INFO - Finished optomization, results are [-23.49960608537007 array([ 0.28307951, 32.52730259])].
2019-08-01 09:12:40,333 - INFO - Beginning optimization with guess, [  0.16269578 121.20316024].
2019-08-01 09:12:41,362 - INFO - Finished optomization, results are [-23.499606112170547 array([ 0.28307915, 32.52740933])].
2019-08-01 09:12:41,363 - INFO - Beginning optimization with guess, [1.61917860e-01 1.62499507e+02].
2019-08-01 09:12:42,332 - INFO - Finished optomization, results are [-23.499606126757094 array([ 0.28307893, 32.52748684])].
2019-08-01 09:12:42,332 - INFO - Beginning optimization with guess, [9.0758703e-02 1.9879210e+02].
2019-08-01 09:12:49,319 - INFO - Finished optomization, results are [-23.49960036633302 array([ 0.28315241, 32.53649915])].
2019-08-01 09:12:49,320 - INFO - Beginning optimization with guess, [1.07479861e-01 1.80786138e+02].
2019-08-01 09:12:50,290 - INFO - Finished optomization, results are [-23.49960611174126 array([ 0.28307917, 32.52739974])].
2019-08-01 09:12:50,290 - INFO - Beginning optimization with guess, [8.80004006e-02 2.03865145e+02].
2019-08-01 09:12:56,448 - INFO - Finished optomization, results are [-23.499604778244933 array([ 0.2830989 , 32.52057591])].
2019-08-01 09:12:56,449 - INFO - Beginning optimization with guess, [5.74559907e-02 1.17631188e+02].
2019-08-01 09:13:02,448 - INFO - Finished optomization, results are [-23.499605875674153 array([ 0.28308252, 32.52629365])].
2019-08-01 09:13:02,449 - INFO - Beginning optimization with guess, [6.66837549e-02 3.13145363e+02].
2019-08-01 09:13:06,762 - INFO - Finished optomization, results are [-23.499595510522067 array([ 0.28339233, 32.39776231])].
2019-08-01 09:13:06,762 - INFO - Beginning optimization with guess, [1.27431078e-01 2.79255212e+02].
2019-08-01 09:13:07,861 - INFO - Finished optomization, results are [-23.499606126232713 array([ 0.28307897, 32.52746202])].
2019-08-01 09:13:07,862 - INFO - Beginning optimization with guess, [1.17555509e-01 3.18248046e+02].
2019-08-01 09:13:12,807 - INFO - Finished optomization, results are [-23.499584873332932 array([ 0.28359166, 32.33309426])].
2019-08-01 09:13:12,808 - INFO - Beginning optimization with guess, [ 0.12834373 90.49504069].
2019-08-01 09:13:13,837 - INFO - Finished optomization, results are [-23.499606112711778 array([ 0.28307914, 32.52741267])].
2019-08-01 09:13:13,837 - INFO - Beginning optimization with guess, [1.37075038e-01 2.68170942e+02].
2019-08-01 09:13:15,004 - INFO - Finished optomization, results are [-23.49960611280322 array([ 0.28307914, 32.5274131 ])].
2019-08-01 09:13:15,005 - INFO - Beginning optimization with guess, [ 0.17566688 85.60517449].
2019-08-01 09:13:15,761 - INFO - Finished optomization, results are [-23.499606124902332 array([ 0.283079  , 32.52744363])].
2019-08-01 09:13:15,761 - INFO - Beginning optimization with guess, [1.64801391e-01 3.21166041e+02].
2019-08-01 09:13:20,636 - INFO - Finished optomization, results are [-23.499589181545304 array([ 0.28332876, 32.44579625])].
2019-08-01 09:13:20,636 - INFO - Beginning optimization with guess, [1.60042218e-01 2.20053268e+02].
2019-08-01 09:13:25,579 - INFO - Finished optomization, results are [-23.499605108498727 array([ 0.28309322, 32.52285967])].
2019-08-01 09:13:25,580 - INFO - Beginning optimization with guess, [1.46798924e-01 1.53892187e+02].
2019-08-01 09:13:26,473 - INFO - Finished optomization, results are [-23.49960610748254 array([ 0.28307922, 32.5273872 ])].
2019-08-01 09:13:26,473 - INFO - Beginning optimization with guess, [5.37546425e-02 3.05618562e+02].
2019-08-01 09:13:32,107 - INFO - Finished optomization, results are [-23.499605885129444 array([ 0.28308163, 32.52692711])].
2019-08-01 09:13:32,107 - INFO - Beginning optimization with guess, [9.73885266e-02 1.92611169e+02].
2019-08-01 09:13:36,649 - INFO - Finished optomization, results are [-23.49954139115239 array([ 0.28444707, 32.06852987])].
2019-08-01 09:13:36,649 - INFO - Beginning optimization with guess, [ 0.1090168  84.02889615].
2019-08-01 09:13:37,683 - INFO - Finished optomization, results are [-23.499606112391422 array([ 0.28307915, 32.5274109 ])].
2019-08-01 09:13:37,684 - INFO - Beginning optimization with guess, [1.08262556e-01 2.53238703e+02].
2019-08-01 09:13:42,644 - INFO - Finished optomization, results are [-23.499605650315107 array([ 0.28308576, 32.52520871])].
2019-08-01 09:13:42,645 - INFO - Beginning optimization with guess, [1.50204739e-01 3.11934012e+02].
2019-08-01 09:13:43,678 - INFO - Finished optomization, results are [-23.49960611284423 array([ 0.28307914, 32.52741282])].
2019-08-01 09:13:43,678 - INFO - Beginning optimization with guess, [1.11904505e-01 1.95048360e+02].
2019-08-01 09:13:44,645 - INFO - Finished optomization, results are [-23.499606122610224 array([ 0.28307901, 32.52744963])].
2019-08-01 09:13:44,645 - INFO - Beginning optimization with guess, [7.29394610e-02 3.03576283e+02].
2019-08-01 09:13:45,746 - INFO - Finished optomization, results are [-23.499606157651485 array([ 0.28307856, 32.52757815])].
2019-08-01 09:13:45,746 - INFO - Beginning optimization with guess, [5.23679436e-02 2.33507674e+02].
2019-08-01 09:13:46,848 - INFO - Finished optomization, results are [-23.499606101122662 array([ 0.28307932, 32.52734858])].
2019-08-01 09:13:46,848 - INFO - Beginning optimization with guess, [1.06647356e-01 2.47121467e+02].
2019-08-01 09:13:47,884 - INFO - Finished optomization, results are [-23.499606112937247 array([ 0.28307914, 32.52741392])].
2019-08-01 09:13:47,884 - INFO - Beginning optimization with guess, [7.51239687e-02 1.93973825e+02].
2019-08-01 09:13:48,987 - INFO - Finished optomization, results are [-23.4996061148448 array([ 0.28307911, 32.52742161])].
2019-08-01 09:13:48,988 - INFO - Beginning optimization with guess, [ 0.17229394 89.6382996 ].
2019-08-01 09:13:49,813 - INFO - Finished optomization, results are [-23.499606112487733 array([ 0.28307915, 32.52741196])].
2019-08-01 09:13:49,813 - INFO - Beginning optimization with guess, [  0.16053759 104.15224729].
2019-08-01 09:13:50,714 - INFO - Finished optomization, results are [-23.499606112286404 array([ 0.28307915, 32.52741107])].
2019-08-01 09:13:50,714 - INFO - Beginning optimization with guess, [9.76448003e-02 1.26652024e+02].
2019-08-01 09:13:55,659 - INFO - Finished optomization, results are [-23.499606083178154 array([ 0.28307962, 32.5272277 ])].
2019-08-01 09:13:55,660 - INFO - Beginning optimization with guess, [1.63966362e-01 2.93438897e+02].
2019-08-01 09:14:00,979 - INFO - Finished optomization, results are [-23.49958866886125 array([ 0.28335303, 32.4337756 ])].
2019-08-01 09:14:00,980 - INFO - Beginning optimization with guess, [1.03761701e-01 2.03148071e+02].
2019-08-01 09:14:02,019 - INFO - Finished optomization, results are [-23.499606115275675 array([ 0.28307909, 32.52743557])].
2019-08-01 09:14:02,019 - INFO - Beginning optimization with guess, [1.05760894e-01 1.30478795e+02].
2019-08-01 09:14:07,406 - INFO - Finished optomization, results are [-23.499591306928153 array([ 0.28329839, 32.45506162])].
2019-08-01 09:14:07,407 - INFO - Beginning optimization with guess, [7.10234642e-02 3.15121459e+02].
2019-08-01 09:14:13,802 - INFO - Finished optomization, results are [-23.499532711252897 array([ 0.28504712, 31.86925542])].
2019-08-01 09:14:13,803 - INFO - Beginning optimization with guess, [1.14587877e-01 2.84433933e+02].
2019-08-01 09:14:14,968 - INFO - Finished optomization, results are [-23.49960611241449 array([ 0.28307915, 32.52740808])].
2019-08-01 09:14:14,968 - INFO - Beginning optimization with guess, [7.30135371e-02 2.69619828e+02].
2019-08-01 09:14:16,142 - INFO - Finished optomization, results are [-23.499606112849865 array([ 0.28307914, 32.52741323])].
2019-08-01 09:14:16,142 - INFO - Beginning optimization with guess, [7.78035725e-02 1.42575473e+02].
2019-08-01 09:14:22,496 - INFO - Finished optomization, results are [-23.49959689903617 array([ 0.2832019 , 32.49129425])].
2019-08-01 09:14:22,496 - INFO - Beginning optimization with guess, [1.70494065e-01 1.80525841e+02].
2019-08-01 09:14:27,560 - INFO - Finished optomization, results are [-23.49960571021569 array([ 0.28308501, 32.52541351])].
2019-08-01 09:14:27,560 - INFO - Beginning optimization with guess, [5.80944896e-02 3.05374652e+02].
2019-08-01 09:14:32,271 - INFO - Finished optomization, results are [-23.499598158815587 array([ 0.28319527, 32.48884647])].
2019-08-01 09:14:32,272 - INFO - Beginning optimization with guess, [8.00593416e-02 1.42019665e+02].
2019-08-01 09:14:33,381 - INFO - Finished optomization, results are [-23.499606111433785 array([ 0.28307918, 32.52739478])].
2019-08-01 09:14:33,381 - INFO - Beginning optimization with guess, [  0.1698982  163.60862945].
2019-08-01 09:14:34,492 - INFO - Finished optomization, results are [-23.49960611257428 array([ 0.28307914, 32.52741204])].
2019-08-01 09:14:34,493 - INFO - Beginning optimization with guess, [1.01111319e-01 1.87939049e+02].
2019-08-01 09:14:35,542 - INFO - Finished optomization, results are [-23.499606113988964 array([ 0.28307913, 32.52741688])].
2019-08-01 09:14:35,543 - INFO - Beginning optimization with guess, [7.42344084e-02 1.63461788e+02].
2019-08-01 09:14:43,031 - INFO - Finished optomization, results are [-23.499596962710683 array([ 0.28322462, 32.52530076])].
2019-08-01 09:14:43,032 - INFO - Beginning optimization with guess, [8.25963439e-02 2.66583276e+02].
2019-08-01 09:14:48,133 - INFO - Finished optomization, results are [-23.49960607396126 array([ 0.28307969, 32.52722958])].
2019-08-01 09:14:48,135 - INFO - Beginning optimization with guess, [5.71033645e-02 1.25752034e+02].
2019-08-01 09:14:53,859 - INFO - Finished optomization, results are [-23.49960305808639 array([ 0.28312517, 32.51131497])].
2019-08-01 09:14:53,860 - INFO - Beginning optimization with guess, [1.65435814e-01 2.31811178e+02].
2019-08-01 09:14:54,971 - INFO - Finished optomization, results are [-23.499606113090298 array([ 0.28307915, 32.52740357])].
2019-08-01 09:14:54,972 - INFO - Beginning optimization with guess, [8.02295511e-02 1.72596279e+02].
2019-08-01 09:15:01,132 - INFO - Finished optomization, results are [-23.499602432645936 array([ 0.28313974, 32.50456161])].
2019-08-01 09:15:01,132 - INFO - Beginning optimization with guess, [5.37717640e-02 1.43338516e+02].
2019-08-01 09:15:06,606 - INFO - Finished optomization, results are [-23.499605077749056 array([ 0.28309409, 32.52238809])].
2019-08-01 09:15:06,607 - INFO - Beginning optimization with guess, [8.63983750e-02 2.32199519e+02].
2019-08-01 09:15:07,718 - INFO - Finished optomization, results are [-23.499606113341525 array([ 0.28307913, 32.52741543])].
2019-08-01 09:15:07,719 - INFO - Beginning optimization with guess, [1.01148174e-01 1.93599672e+02].
2019-08-01 09:15:08,820 - INFO - Finished optomization, results are [-23.499606110067816 array([ 0.28307918, 32.52739871])].
2019-08-01 09:15:08,821 - INFO - Beginning optimization with guess, [7.31801251e-02 1.22090181e+02].
2019-08-01 09:15:12,882 - INFO - Finished optomization, results are [-23.49960532026098 array([ 0.28309455, 32.52061474])].
2019-08-01 09:15:12,883 - INFO - Beginning optimization with guess, [5.63347918e-02 2.93552221e+02].
2019-08-01 09:15:13,847 - INFO - Finished optomization, results are [-23.499606136747957 array([ 0.28307883, 32.52750206])].
2019-08-01 09:15:13,847 - INFO - Beginning optimization with guess, [1.14408229e-01 2.71900988e+02].
2019-08-01 09:15:14,957 - INFO - Finished optomization, results are [-23.499606107895424 array([ 0.28307922, 32.52738685])].
2019-08-01 09:15:14,957 - INFO - Beginning optimization with guess, [1.12447492e-01 1.68515184e+02].
2019-08-01 09:15:19,703 - INFO - Finished optomization, results are [-23.499598282688236 array([ 0.28321554, 32.47580126])].
2019-08-01 09:15:19,704 - INFO - Beginning optimization with guess, [  0.1593921  135.21005146].
2019-08-01 09:15:24,867 - INFO - Finished optomization, results are [-23.499605985284617 array([ 0.28308095, 32.52681394])].
2019-08-01 09:15:24,868 - INFO - Finished DFE inference.
2019-08-01 09:15:24,868 - INFO - Integrating expected site-frequency spectrum.
2019-08-01 09:15:24,884 - INFO - Outputing results.
2019-08-01 09:15:24,889 - INFO - Pipeline executed succesfully.
