2019-08-01 12:46:55,732 - INFO - Beginning execution of fitdadi_infer_DFE.py in directory /u/home/j/jonmah/lohmueller_lab/Scripts

2019-08-01 12:46:55,732 - INFO - Progress is being logged to ../Data/AW_array_2000/seed_40_fitdadi_output/log.log

2019-08-01 12:46:55,732 - INFO - Parsed the following arguments:
	breed = AW
	outprefix = ../Data/AW_array_2000/seed_40_fitdadi_output/
	nonsyn_input_sfs = ../Data/AW_array_2000/seed_40_easySFS_output_nonsyn/dadi/pop1.sfs
	syn_input_sfs = ../Data/AW_array_2000/seed_40_easySFS_output_syn/dadi/pop1.sfs

2019-08-01 12:46:55,736 - INFO - Beginning optimization with guess, [0.94218377 0.07181974].
2019-08-01 12:46:57,104 - INFO - Finished optimization with guess, [0.94218377 0.07181974].
2019-08-01 12:46:57,105 - INFO - Best fit parameters: [1.30964042 0.15519602].
2019-08-01 12:46:57,122 - INFO - Maximum log composite likelihood: -20.6461964535.
2019-08-01 12:46:57,123 - INFO - Optimal value of theta: 43.9605854318.
2019-08-01 12:46:57,124 - INFO - Beginning optimization with guess, [0.56473858 0.12060152].
2019-08-01 12:46:57,858 - INFO - Finished optimization with guess, [0.56473858 0.12060152].
2019-08-01 12:46:57,858 - INFO - Best fit parameters: [1.30912324 0.15538603].
2019-08-01 12:46:57,877 - INFO - Maximum log composite likelihood: -20.6461969472.
2019-08-01 12:46:57,878 - INFO - Optimal value of theta: 43.9618000663.
2019-08-01 12:46:57,879 - INFO - Beginning optimization with guess, [0.62050966 0.10658091].
2019-08-01 12:47:00,728 - INFO - Finished optimization with guess, [0.62050966 0.10658091].
2019-08-01 12:47:00,729 - INFO - Best fit parameters: [1.30944771 0.15550275].
2019-08-01 12:47:00,746 - INFO - Maximum log composite likelihood: -20.6461964174.
2019-08-01 12:47:00,747 - INFO - Optimal value of theta: 43.9580916709.
2019-08-01 12:47:00,748 - INFO - Beginning optimization with guess, [0.45023257 0.18308736].
2019-08-01 12:47:01,483 - INFO - Finished optimization with guess, [0.45023257 0.18308736].
2019-08-01 12:47:01,484 - INFO - Best fit parameters: [1.30705361 0.15751624].
2019-08-01 12:47:01,502 - INFO - Maximum log composite likelihood: -20.6462122875.
2019-08-01 12:47:01,503 - INFO - Optimal value of theta: 43.9498339236.
2019-08-01 12:47:01,503 - INFO - Beginning optimization with guess, [0.25547595 0.102089  ].
2019-08-01 12:47:02,590 - INFO - Finished optimization with guess, [0.25547595 0.102089  ].
2019-08-01 12:47:02,590 - INFO - Best fit parameters: [1.30912465 0.15539399].
2019-08-01 12:47:02,608 - INFO - Maximum log composite likelihood: -20.6461969357.
2019-08-01 12:47:02,608 - INFO - Optimal value of theta: 43.9616910399.
2019-08-01 12:47:02,609 - INFO - Beginning optimization with guess, [0.26298668 0.06806253].
2019-08-01 12:47:03,818 - INFO - Finished optimization with guess, [0.26298668 0.06806253].
2019-08-01 12:47:03,818 - INFO - Best fit parameters: [1.27256378 0.15729175].
2019-08-01 12:47:03,838 - INFO - Maximum log composite likelihood: -20.6485682633.
2019-08-01 12:47:03,838 - INFO - Optimal value of theta: 44.2008956091.
2019-08-01 12:47:03,839 - INFO - Beginning optimization with guess, [0.6624942  0.06566291].
2019-08-01 12:47:04,872 - INFO - Finished optimization with guess, [0.6624942  0.06566291].
2019-08-01 12:47:04,872 - INFO - Best fit parameters: [1.30751133 0.15761512].
2019-08-01 12:47:04,891 - INFO - Maximum log composite likelihood: -20.6462116302.
2019-08-01 12:47:04,891 - INFO - Optimal value of theta: 43.9453941787.
2019-08-01 12:47:04,892 - INFO - Beginning optimization with guess, [0.77804009 0.08571259].
2019-08-01 12:47:06,123 - INFO - Finished optimization with guess, [0.77804009 0.08571259].
2019-08-01 12:47:06,123 - INFO - Best fit parameters: [1.30918145 0.1554161 ].
2019-08-01 12:47:06,142 - INFO - Maximum log composite likelihood: -20.6461967927.
2019-08-01 12:47:06,143 - INFO - Optimal value of theta: 43.9610209412.
2019-08-01 12:47:06,144 - INFO - Beginning optimization with guess, [0.77051688 0.133203  ].
2019-08-01 12:47:07,397 - INFO - Finished optimization with guess, [0.77051688 0.133203  ].
2019-08-01 12:47:07,398 - INFO - Best fit parameters: [1.30938702 0.15527266].
2019-08-01 12:47:07,415 - INFO - Maximum log composite likelihood: -20.6461965966.
2019-08-01 12:47:07,416 - INFO - Optimal value of theta: 43.9613845067.
2019-08-01 12:47:07,416 - INFO - Beginning optimization with guess, [0.45490345 0.06164235].
2019-08-01 12:47:09,471 - INFO - Finished optimization with guess, [0.45490345 0.06164235].
2019-08-01 12:47:09,472 - INFO - Best fit parameters: [1.31091774 0.15400135].
2019-08-01 12:47:09,490 - INFO - Maximum log composite likelihood: -20.6462082773.
2019-08-01 12:47:09,491 - INFO - Optimal value of theta: 43.9667926997.
2019-08-01 12:47:09,492 - INFO - Beginning optimization with guess, [0.70888954 0.12472638].
2019-08-01 12:47:10,631 - INFO - Finished optimization with guess, [0.70888954 0.12472638].
2019-08-01 12:47:10,632 - INFO - Best fit parameters: [1.30918471 0.15539999].
2019-08-01 12:47:10,650 - INFO - Maximum log composite likelihood: -20.6461967963.
2019-08-01 12:47:10,651 - INFO - Optimal value of theta: 43.9611991598.
2019-08-01 12:47:10,651 - INFO - Beginning optimization with guess, [0.80263864 0.1989281 ].
2019-08-01 12:47:11,752 - INFO - Finished optimization with guess, [0.80263864 0.1989281 ].
2019-08-01 12:47:11,753 - INFO - Best fit parameters: [1.30712729 0.15747107].
2019-08-01 12:47:11,770 - INFO - Maximum log composite likelihood: -20.6462121789.
2019-08-01 12:47:11,771 - INFO - Optimal value of theta: 43.9498780316.
2019-08-01 12:47:11,771 - INFO - Beginning optimization with guess, [0.48549765 0.09899357].
2019-08-01 12:47:12,853 - INFO - Finished optimization with guess, [0.48549765 0.09899357].
2019-08-01 12:47:12,854 - INFO - Best fit parameters: [1.30919837 0.15540379].
2019-08-01 12:47:12,872 - INFO - Maximum log composite likelihood: -20.646196765.
2019-08-01 12:47:12,872 - INFO - Optimal value of theta: 43.9610570332.
2019-08-01 12:47:12,873 - INFO - Beginning optimization with guess, [0.27265198 0.12542927].
2019-08-01 12:47:15,278 - INFO - Finished optimization with guess, [0.27265198 0.12542927].
2019-08-01 12:47:15,278 - INFO - Best fit parameters: [1.3091874  0.15531514].
2019-08-01 12:47:15,295 - INFO - Maximum log composite likelihood: -20.6461969047.
2019-08-01 12:47:15,296 - INFO - Optimal value of theta: 43.9622389938.
2019-08-01 12:47:15,296 - INFO - Beginning optimization with guess, [0.29437661 0.05469043].
2019-08-01 12:47:16,449 - INFO - Finished optimization with guess, [0.29437661 0.05469043].
2019-08-01 12:47:16,450 - INFO - Best fit parameters: [1.36561227 0.16682646].
2019-08-01 12:47:16,467 - INFO - Maximum log composite likelihood: -20.6539692232.
2019-08-01 12:47:16,468 - INFO - Optimal value of theta: 43.4259291259.
2019-08-01 12:47:16,468 - INFO - Beginning optimization with guess, [0.49720969 0.06439271].
2019-08-01 12:47:18,131 - INFO - Finished optimization with guess, [0.49720969 0.06439271].
2019-08-01 12:47:18,131 - INFO - Best fit parameters: [1.30925187 0.15527657].
2019-08-01 12:47:18,148 - INFO - Maximum log composite likelihood: -20.6461968444.
2019-08-01 12:47:18,149 - INFO - Optimal value of theta: 43.9622731354.
2019-08-01 12:47:18,149 - INFO - Beginning optimization with guess, [0.81356989 0.16882142].
2019-08-01 12:47:19,487 - INFO - Finished optimization with guess, [0.81356989 0.16882142].
2019-08-01 12:47:19,487 - INFO - Best fit parameters: [1.30959403 0.15524336].
2019-08-01 12:47:19,505 - INFO - Maximum log composite likelihood: -20.6461963855.
2019-08-01 12:47:19,505 - INFO - Optimal value of theta: 43.9603151786.
2019-08-01 12:47:19,506 - INFO - Beginning optimization with guess, [0.65219661 0.05855735].
2019-08-01 12:47:21,035 - INFO - Finished optimization with guess, [0.65219661 0.05855735].
2019-08-01 12:47:21,035 - INFO - Best fit parameters: [1.30913169 0.15539001].
2019-08-01 12:47:21,052 - INFO - Maximum log composite likelihood: -20.6461969231.
2019-08-01 12:47:21,053 - INFO - Optimal value of theta: 43.961691757.
2019-08-01 12:47:21,054 - INFO - Beginning optimization with guess, [0.53487424 0.12741481].
2019-08-01 12:47:22,135 - INFO - Finished optimization with guess, [0.53487424 0.12741481].
2019-08-01 12:47:22,135 - INFO - Best fit parameters: [1.30934623 0.15529947].
2019-08-01 12:47:22,153 - INFO - Maximum log composite likelihood: -20.6461966135.
2019-08-01 12:47:22,153 - INFO - Optimal value of theta: 43.9613326752.
2019-08-01 12:47:22,154 - INFO - Beginning optimization with guess, [0.33117186 0.16991927].
2019-08-01 12:47:23,008 - INFO - Finished optimization with guess, [0.33117186 0.16991927].
2019-08-01 12:47:23,008 - INFO - Best fit parameters: [1.30955555 0.155497  ].
2019-08-01 12:47:23,026 - INFO - Maximum log composite likelihood: -20.6461963281.
2019-08-01 12:47:23,026 - INFO - Optimal value of theta: 43.9574147071.
2019-08-01 12:47:23,027 - INFO - Beginning optimization with guess, [0.94531873 0.07190853].
2019-08-01 12:47:24,100 - INFO - Finished optimization with guess, [0.94531873 0.07190853].
2019-08-01 12:47:24,100 - INFO - Best fit parameters: [1.30917978 0.15542292].
2019-08-01 12:47:24,117 - INFO - Maximum log composite likelihood: -20.6461967928.
2019-08-01 12:47:24,118 - INFO - Optimal value of theta: 43.9609474314.
2019-08-01 12:47:24,118 - INFO - Beginning optimization with guess, [0.51883223 0.17154971].
2019-08-01 12:47:24,648 - INFO - Finished optimization with guess, [0.51883223 0.17154971].
2019-08-01 12:47:24,648 - INFO - Best fit parameters: [1.30968179 0.15526727].
2019-08-01 12:47:24,665 - INFO - Maximum log composite likelihood: -20.646196273.
2019-08-01 12:47:24,666 - INFO - Optimal value of theta: 43.9594080272.
2019-08-01 12:47:24,666 - INFO - Beginning optimization with guess, [0.7058298  0.07099948].
2019-08-01 12:47:26,059 - INFO - Finished optimization with guess, [0.7058298  0.07099948].
2019-08-01 12:47:26,059 - INFO - Best fit parameters: [1.3070564  0.15751731].
2019-08-01 12:47:26,076 - INFO - Maximum log composite likelihood: -20.6462122796.
2019-08-01 12:47:26,077 - INFO - Optimal value of theta: 43.9498010118.
2019-08-01 12:47:26,078 - INFO - Beginning optimization with guess, [0.3095394  0.09072979].
2019-08-01 12:47:26,958 - INFO - Finished optimization with guess, [0.3095394  0.09072979].
2019-08-01 12:47:26,959 - INFO - Best fit parameters: [1.30912507 0.15538848].
2019-08-01 12:47:26,976 - INFO - Maximum log composite likelihood: -20.6461969402.
2019-08-01 12:47:26,977 - INFO - Optimal value of theta: 43.9617567912.
2019-08-01 12:47:26,977 - INFO - Beginning optimization with guess, [0.90107159 0.05587829].
2019-08-01 12:47:29,815 - INFO - Finished optimization with guess, [0.90107159 0.05587829].
2019-08-01 12:47:29,815 - INFO - Best fit parameters: [1.30913319 0.1553905 ].
2019-08-01 12:47:29,833 - INFO - Maximum log composite likelihood: -20.6461969191.
2019-08-01 12:47:29,833 - INFO - Optimal value of theta: 43.9616752432.
2019-08-01 12:47:29,834 - INFO - Beginning optimization with guess, [0.28199723 0.1865574 ].
2019-08-01 12:47:30,826 - INFO - Finished optimization with guess, [0.28199723 0.1865574 ].
2019-08-01 12:47:30,826 - INFO - Best fit parameters: [1.30912418 0.15538614].
2019-08-01 12:47:30,844 - INFO - Maximum log composite likelihood: -20.6461969448.
2019-08-01 12:47:30,845 - INFO - Optimal value of theta: 43.961792095.
2019-08-01 12:47:30,845 - INFO - Beginning optimization with guess, [0.55470591 0.11031995].
2019-08-01 12:47:31,746 - INFO - Finished optimization with guess, [0.55470591 0.11031995].
2019-08-01 12:47:31,746 - INFO - Best fit parameters: [1.30913198 0.15538426].
2019-08-01 12:47:31,765 - INFO - Maximum log composite likelihood: -20.6461969285.
2019-08-01 12:47:31,765 - INFO - Optimal value of theta: 43.9617614833.
2019-08-01 12:47:31,766 - INFO - Beginning optimization with guess, [0.68057011 0.15894211].
2019-08-01 12:47:32,473 - INFO - Finished optimization with guess, [0.68057011 0.15894211].
2019-08-01 12:47:32,474 - INFO - Best fit parameters: [1.30912428 0.15538608].
2019-08-01 12:47:32,492 - INFO - Maximum log composite likelihood: -20.6461969446.
2019-08-01 12:47:32,493 - INFO - Optimal value of theta: 43.9617921227.
2019-08-01 12:47:32,494 - INFO - Beginning optimization with guess, [0.67501946 0.18474635].
2019-08-01 12:47:33,459 - INFO - Finished optimization with guess, [0.67501946 0.18474635].
2019-08-01 12:47:33,461 - INFO - Best fit parameters: [1.30770729 0.15745815].
2019-08-01 12:47:33,479 - INFO - Maximum log composite likelihood: -20.6462115141.
2019-08-01 12:47:33,479 - INFO - Optimal value of theta: 43.9459722133.
2019-08-01 12:47:33,480 - INFO - Beginning optimization with guess, [0.99122401 0.10274233].
2019-08-01 12:47:34,453 - INFO - Finished optimization with guess, [0.99122401 0.10274233].
2019-08-01 12:47:34,453 - INFO - Best fit parameters: [1.30977674 0.15538096].
2019-08-01 12:47:34,471 - INFO - Maximum log composite likelihood: -20.6461961689.
2019-08-01 12:47:34,471 - INFO - Optimal value of theta: 43.957328882.
2019-08-01 12:47:34,472 - INFO - Beginning optimization with guess, [0.92921749 0.16608888].
2019-08-01 12:47:37,000 - INFO - Finished optimization with guess, [0.92921749 0.16608888].
2019-08-01 12:47:37,001 - INFO - Best fit parameters: [1.3073483  0.15744556].
2019-08-01 12:47:37,018 - INFO - Maximum log composite likelihood: -20.6462118116.
2019-08-01 12:47:37,019 - INFO - Optimal value of theta: 43.9486451946.
2019-08-01 12:47:37,019 - INFO - Beginning optimization with guess, [0.95789405 0.05054573].
2019-08-01 12:47:39,890 - INFO - Finished optimization with guess, [0.95789405 0.05054573].
2019-08-01 12:47:39,891 - INFO - Best fit parameters: [1.30770166 0.1575046 ].
2019-08-01 12:47:39,908 - INFO - Maximum log composite likelihood: -20.6462115036.
2019-08-01 12:47:39,909 - INFO - Optimal value of theta: 43.9454335799.
2019-08-01 12:47:39,909 - INFO - Beginning optimization with guess, [0.71581773 0.11380497].
2019-08-01 12:47:41,086 - INFO - Finished optimization with guess, [0.71581773 0.11380497].
2019-08-01 12:47:41,086 - INFO - Best fit parameters: [1.30710708 0.15750732].
2019-08-01 12:47:41,103 - INFO - Maximum log composite likelihood: -20.6462121743.
2019-08-01 12:47:41,104 - INFO - Optimal value of theta: 43.9495695398.
2019-08-01 12:47:41,104 - INFO - Beginning optimization with guess, [0.46343419 0.07811783].
2019-08-01 12:47:42,687 - INFO - Finished optimization with guess, [0.46343419 0.07811783].
2019-08-01 12:47:42,688 - INFO - Best fit parameters: [1.30922744 0.15536274].
2019-08-01 12:47:42,705 - INFO - Maximum log composite likelihood: -20.6461967436.
2019-08-01 12:47:42,706 - INFO - Optimal value of theta: 43.961367183.
2019-08-01 12:47:42,706 - INFO - Beginning optimization with guess, [0.66303102 0.11934233].
2019-08-01 12:47:44,351 - INFO - Finished optimization with guess, [0.66303102 0.11934233].
2019-08-01 12:47:44,351 - INFO - Best fit parameters: [1.30705575 0.15751618].
2019-08-01 12:47:44,369 - INFO - Maximum log composite likelihood: -20.6462122824.
2019-08-01 12:47:44,369 - INFO - Optimal value of theta: 43.9498196245.
2019-08-01 12:47:44,370 - INFO - Beginning optimization with guess, [0.5567112  0.08957646].
2019-08-01 12:47:45,562 - INFO - Finished optimization with guess, [0.5567112  0.08957646].
2019-08-01 12:47:45,563 - INFO - Best fit parameters: [1.30969434 0.1554992 ].
2019-08-01 12:47:45,580 - INFO - Maximum log composite likelihood: -20.6461962875.
2019-08-01 12:47:45,581 - INFO - Optimal value of theta: 43.9564239744.
2019-08-01 12:47:45,581 - INFO - Beginning optimization with guess, [0.6762368  0.17011145].
2019-08-01 12:47:46,304 - INFO - Finished optimization with guess, [0.6762368  0.17011145].
2019-08-01 12:47:46,304 - INFO - Best fit parameters: [1.30912411 0.15538611].
2019-08-01 12:47:46,322 - INFO - Maximum log composite likelihood: -20.646196945.
2019-08-01 12:47:46,322 - INFO - Optimal value of theta: 43.9617930099.
2019-08-01 12:47:46,323 - INFO - Beginning optimization with guess, [0.81803969 0.11289619].
2019-08-01 12:47:47,392 - INFO - Finished optimization with guess, [0.81803969 0.11289619].
2019-08-01 12:47:47,393 - INFO - Best fit parameters: [1.30913767 0.15538838].
2019-08-01 12:47:47,410 - INFO - Maximum log composite likelihood: -20.6461969109.
2019-08-01 12:47:47,410 - INFO - Optimal value of theta: 43.9616705882.
2019-08-01 12:47:47,411 - INFO - Beginning optimization with guess, [0.86427256 0.06132714].
2019-08-01 12:47:50,143 - INFO - Finished optimization with guess, [0.86427256 0.06132714].
2019-08-01 12:47:50,144 - INFO - Best fit parameters: [1.30913261 0.1553872 ].
2019-08-01 12:47:50,161 - INFO - Maximum log composite likelihood: -20.6461969239.
2019-08-01 12:47:50,162 - INFO - Optimal value of theta: 43.961720425.
2019-08-01 12:47:50,162 - INFO - Beginning optimization with guess, [0.89257086 0.10099244].
2019-08-01 12:47:51,083 - INFO - Finished optimization with guess, [0.89257086 0.10099244].
2019-08-01 12:47:51,083 - INFO - Best fit parameters: [1.30914933 0.1553913 ].
2019-08-01 12:47:51,100 - INFO - Maximum log composite likelihood: -20.6461968813.
2019-08-01 12:47:51,101 - INFO - Optimal value of theta: 43.9615532582.
2019-08-01 12:47:51,101 - INFO - Beginning optimization with guess, [0.29170735 0.14667049].
2019-08-01 12:47:51,740 - INFO - Finished optimization with guess, [0.29170735 0.14667049].
2019-08-01 12:47:51,741 - INFO - Best fit parameters: [1.30705347 0.157516  ].
2019-08-01 12:47:51,758 - INFO - Maximum log composite likelihood: -20.6462122881.
2019-08-01 12:47:51,759 - INFO - Optimal value of theta: 43.9498378749.
2019-08-01 12:47:51,759 - INFO - Beginning optimization with guess, [0.30288029 0.11320863].
2019-08-01 12:47:52,998 - INFO - Finished optimization with guess, [0.30288029 0.11320863].
2019-08-01 12:47:52,999 - INFO - Best fit parameters: [1.30723876 0.15760019].
2019-08-01 12:47:53,017 - INFO - Maximum log composite likelihood: -20.6462118962.
2019-08-01 12:47:53,018 - INFO - Optimal value of theta: 43.9474921399.
2019-08-01 12:47:53,018 - INFO - Beginning optimization with guess, [0.4370424  0.05590739].
2019-08-01 12:47:56,036 - INFO - Finished optimization with guess, [0.4370424  0.05590739].
2019-08-01 12:47:56,037 - INFO - Best fit parameters: [1.30913399 0.15538656].
2019-08-01 12:47:56,054 - INFO - Maximum log composite likelihood: -20.6461969213.
2019-08-01 12:47:56,055 - INFO - Optimal value of theta: 43.9617187821.
2019-08-01 12:47:56,055 - INFO - Beginning optimization with guess, [0.49714123 0.09187482].
2019-08-01 12:47:58,727 - INFO - Finished optimization with guess, [0.49714123 0.09187482].
2019-08-01 12:47:58,729 - INFO - Best fit parameters: [1.30973772 0.15533678].
2019-08-01 12:47:58,747 - INFO - Maximum log composite likelihood: -20.6461961791.
2019-08-01 12:47:58,748 - INFO - Optimal value of theta: 43.9581515141.
2019-08-01 12:47:58,748 - INFO - Beginning optimization with guess, [0.29066489 0.12022455].
2019-08-01 12:47:59,449 - INFO - Finished optimization with guess, [0.29066489 0.12022455].
2019-08-01 12:47:59,450 - INFO - Best fit parameters: [1.30912412 0.15538608].
2019-08-01 12:47:59,468 - INFO - Maximum log composite likelihood: -20.646196945.
2019-08-01 12:47:59,469 - INFO - Optimal value of theta: 43.9617933033.
2019-08-01 12:47:59,469 - INFO - Beginning optimization with guess, [0.92843351 0.07422012].
2019-08-01 12:48:00,214 - INFO - Finished optimization with guess, [0.92843351 0.07422012].
2019-08-01 12:48:00,215 - INFO - Best fit parameters: [1.30927251 0.15526281].
2019-08-01 12:48:00,232 - INFO - Maximum log composite likelihood: -20.646196834.
2019-08-01 12:48:00,233 - INFO - Optimal value of theta: 43.9623018105.
2019-08-01 12:48:00,233 - INFO - Beginning optimization with guess, [0.4982451  0.10057186].
2019-08-01 12:48:01,683 - INFO - Finished optimization with guess, [0.4982451  0.10057186].
2019-08-01 12:48:01,684 - INFO - Best fit parameters: [1.30949275 0.15530109].
2019-08-01 12:48:01,701 - INFO - Maximum log composite likelihood: -20.6461963937.
2019-08-01 12:48:01,702 - INFO - Optimal value of theta: 43.9602962017.
2019-08-01 12:48:01,703 - INFO - Beginning optimization with guess, [0.7896524  0.05949278].
2019-08-01 12:48:02,611 - INFO - Finished optimization with guess, [0.7896524  0.05949278].
2019-08-01 12:48:02,611 - INFO - Best fit parameters: [1.30912413 0.15538613].
2019-08-01 12:48:02,629 - INFO - Maximum log composite likelihood: -20.6461969449.
2019-08-01 12:48:02,629 - INFO - Optimal value of theta: 43.9617925859.
2019-08-01 12:48:02,630 - INFO - Beginning optimization with guess, [0.45491752 0.09673481].
2019-08-01 12:48:03,359 - INFO - Finished optimization with guess, [0.45491752 0.09673481].
2019-08-01 12:48:03,359 - INFO - Best fit parameters: [1.30928476 0.15525403].
2019-08-01 12:48:03,377 - INFO - Maximum log composite likelihood: -20.6461968307.
2019-08-01 12:48:03,378 - INFO - Optimal value of theta: 43.9623263809.
2019-08-01 12:48:03,379 - INFO - Beginning optimization with guess, [0.4552235  0.16975281].
2019-08-01 12:48:04,256 - INFO - Finished optimization with guess, [0.4552235  0.16975281].
2019-08-01 12:48:04,256 - INFO - Best fit parameters: [1.30726279 0.15754038].
2019-08-01 12:48:04,275 - INFO - Maximum log composite likelihood: -20.6462118549.
2019-08-01 12:48:04,276 - INFO - Optimal value of theta: 43.948066331.
2019-08-01 12:48:04,277 - INFO - Finished demographic inference.
2019-08-01 12:48:04,277 - INFO - Beginning DFE inference.
2019-08-01 12:48:18,234 - INFO - Beginning optimization with guess, [ 0.08255722 54.84928424].
2019-08-01 12:48:28,491 - INFO - Finished optomization, results are [-25.79916065995566 array([8.53535700e-02, 3.07230947e+03])].
2019-08-01 12:48:28,493 - INFO - Beginning optimization with guess, [4.77996107e-02 5.43183606e+01].
2019-08-01 12:48:35,628 - INFO - Finished optomization, results are [-25.813575146246187 array([8.69697403e-02, 2.72749851e+03])].
2019-08-01 12:48:35,629 - INFO - Beginning optimization with guess, [1.26400336e-01 1.40389437e+02].
2019-08-01 12:48:43,749 - INFO - Finished optomization, results are [-25.832291885185427 array([8.52444627e-02, 2.82204759e+03])].
2019-08-01 12:48:43,750 - INFO - Beginning optimization with guess, [1.59365551e-01 1.81529344e+02].
2019-08-01 12:48:52,421 - INFO - Finished optomization, results are [-25.817428475572456 array([8.42184744e-02, 3.09179470e+03])].
2019-08-01 12:48:52,422 - INFO - Beginning optimization with guess, [1.31625767e-01 1.50641341e+02].
2019-08-01 12:48:57,124 - INFO - Finished optomization, results are [-25.805153960997124 array([8.50973343e-02, 3.05218422e+03])].
2019-08-01 12:48:57,126 - INFO - Beginning optimization with guess, [ 0.14742891 88.46950921].
2019-08-01 12:49:02,560 - INFO - Finished optomization, results are [-25.80149516593489 array([8.69502750e-02, 2.85177611e+03])].
2019-08-01 12:49:02,560 - INFO - Beginning optimization with guess, [1.63195348e-01 1.80385177e+02].
2019-08-01 12:49:15,314 - INFO - Finished optomization, results are [-25.811112933407205 array([8.41410787e-02, 3.15468536e+03])].
2019-08-01 12:49:15,315 - INFO - Beginning optimization with guess, [  0.16264651 111.172722  ].
2019-08-01 12:49:19,570 - INFO - Finished optomization, results are [-25.804615085689385 array([8.64128921e-02, 2.87856010e+03])].
2019-08-01 12:49:19,570 - INFO - Beginning optimization with guess, [ 0.14456835 62.06365106].
2019-08-01 12:49:33,845 - INFO - Finished optomization, results are [-25.78858483375305 array([8.59243606e-02, 3.12521596e+03])].
2019-08-01 12:49:33,846 - INFO - Beginning optimization with guess, [ 0.05922592 58.79567599].
2019-08-01 12:49:38,489 - INFO - Finished optomization, results are [-25.794219992247054 array([8.61297111e-02, 3.02782972e+03])].
2019-08-01 12:49:38,489 - INFO - Beginning optimization with guess, [5.04090868e-02 9.44949271e+01].
2019-08-01 12:49:43,866 - INFO - Finished optomization, results are [-25.801476610789734 array([8.60788027e-02, 2.95186172e+03])].
2019-08-01 12:49:43,867 - INFO - Beginning optimization with guess, [9.40980748e-02 1.97978907e+02].
2019-08-01 12:49:58,189 - INFO - Finished optomization, results are [-25.78563594935097 array([8.65484717e-02, 3.12079232e+03])].
2019-08-01 12:49:58,190 - INFO - Beginning optimization with guess, [6.48446898e-02 1.11431049e+02].
2019-08-01 12:50:03,656 - INFO - Finished optomization, results are [-25.814643282832876 array([8.62792311e-02, 2.80401680e+03])].
2019-08-01 12:50:03,657 - INFO - Beginning optimization with guess, [5.79593122e-02 5.99327586e+01].
2019-08-01 12:50:11,066 - INFO - Finished optomization, results are [-25.797422044463616 array([8.58035303e-02, 3.03008401e+03])].
2019-08-01 12:50:11,068 - INFO - Beginning optimization with guess, [ 0.07874107 75.54281282].
2019-08-01 12:50:25,432 - INFO - Finished optomization, results are [-25.802764562773753 array([8.55177726e-02, 3.01356850e+03])].
2019-08-01 12:50:25,434 - INFO - Beginning optimization with guess, [7.75112462e-02 9.15183922e+01].
2019-08-01 12:50:32,152 - INFO - Finished optomization, results are [-25.808067369083968 array([8.62145154e-02, 2.87008867e+03])].
2019-08-01 12:50:32,152 - INFO - Beginning optimization with guess, [ 0.16124802 79.90316688].
2019-08-01 12:50:36,524 - INFO - Finished optomization, results are [-25.804560964837933 array([8.71214516e-02, 2.79946844e+03])].
2019-08-01 12:50:36,525 - INFO - Beginning optimization with guess, [ 0.10345913 91.53486069].
2019-08-01 12:50:45,755 - INFO - Finished optomization, results are [-25.80318011062953 array([8.84557470e-02, 2.71529679e+03])].
2019-08-01 12:50:45,756 - INFO - Beginning optimization with guess, [6.64197491e-02 2.01194854e+02].
2019-08-01 12:50:54,329 - INFO - Finished optomization, results are [-25.824034464246186 array([8.60299849e-02, 2.76479908e+03])].
2019-08-01 12:50:54,330 - INFO - Beginning optimization with guess, [ 0.13986177 92.22430218].
2019-08-01 12:51:00,175 - INFO - Finished optomization, results are [-25.80488584807286 array([8.62346040e-02, 2.89785999e+03])].
2019-08-01 12:51:00,176 - INFO - Beginning optimization with guess, [  0.17233332 154.73214222].
2019-08-01 12:51:05,682 - INFO - Finished optomization, results are [-25.82341238755356 array([8.61027090e-02, 2.75933031e+03])].
2019-08-01 12:51:05,683 - INFO - Beginning optimization with guess, [  0.13411279 118.15077728].
2019-08-01 12:51:14,088 - INFO - Finished optomization, results are [-25.804772948793747 array([8.60366590e-02, 2.92423324e+03])].
2019-08-01 12:51:14,089 - INFO - Beginning optimization with guess, [9.76011137e-02 1.08616727e+02].
2019-08-01 12:51:23,320 - INFO - Finished optomization, results are [-25.79889927759924 array([8.78882066e-02, 2.81155789e+03])].
2019-08-01 12:51:23,321 - INFO - Beginning optimization with guess, [1.64816817e-01 2.01018372e+02].
2019-08-01 12:51:31,459 - INFO - Finished optomization, results are [-25.831596286284984 array([8.40174805e-02, 3.02573042e+03])].
2019-08-01 12:51:31,460 - INFO - Beginning optimization with guess, [1.01486557e-01 1.41096469e+02].
2019-08-01 12:51:40,498 - INFO - Finished optomization, results are [-25.803128280313903 array([8.74624726e-02, 2.78308893e+03])].
2019-08-01 12:51:40,498 - INFO - Beginning optimization with guess, [ 0.1068497  79.48944662].
2019-08-01 12:51:45,755 - INFO - Finished optomization, results are [-25.804871237017203 array([8.87972329e-02, 2.67570985e+03])].
2019-08-01 12:51:45,757 - INFO - Beginning optimization with guess, [7.11012516e-02 7.65812718e+01].
2019-08-01 12:51:56,140 - INFO - Finished optomization, results are [-25.805407027446673 array([8.58504649e-02, 2.94276845e+03])].
2019-08-01 12:51:56,141 - INFO - Beginning optimization with guess, [4.56550398e-02 1.53386324e+02].
2019-08-01 12:52:10,378 - INFO - Finished optomization, results are [-25.8297160895845 array([8.33385144e-02, 3.16019430e+03])].
2019-08-01 12:52:10,380 - INFO - Beginning optimization with guess, [6.46089572e-02 7.06000955e+01].
2019-08-01 12:52:24,378 - INFO - Finished optomization, results are [-25.79544975293073 array([8.50414748e-02, 3.15553303e+03])].
2019-08-01 12:52:24,379 - INFO - Beginning optimization with guess, [1.12288267e-01 1.20274190e+02].
2019-08-01 12:52:38,230 - INFO - Finished optomization, results are [-25.7865794593654 array([8.62191931e-02, 3.12720068e+03])].
2019-08-01 12:52:38,231 - INFO - Beginning optimization with guess, [8.18903900e-02 8.46182569e+01].
2019-08-01 12:52:42,400 - INFO - Finished optomization, results are [-25.830596210279786 array([8.57094327e-02, 2.76443740e+03])].
2019-08-01 12:52:42,400 - INFO - Beginning optimization with guess, [9.83802779e-02 1.32315081e+02].
2019-08-01 12:52:52,402 - INFO - Finished optomization, results are [-25.79201393557495 array([8.71749666e-02, 2.96722719e+03])].
2019-08-01 12:52:52,403 - INFO - Beginning optimization with guess, [1.1472629e-01 2.0239349e+02].
2019-08-01 12:52:58,653 - INFO - Finished optomization, results are [-25.80477057014943 array([8.66697924e-02, 2.84661145e+03])].
2019-08-01 12:52:58,654 - INFO - Beginning optimization with guess, [7.07461613e-02 1.33799741e+02].
2019-08-01 12:53:10,010 - INFO - Finished optomization, results are [-25.811988709813612 array([8.41969505e-02, 3.13807063e+03])].
2019-08-01 12:53:10,011 - INFO - Beginning optimization with guess, [ 0.16507709 54.06089498].
2019-08-01 12:53:16,906 - INFO - Finished optomization, results are [-25.79606143385425 array([8.57987845e-02, 3.04585564e+03])].
2019-08-01 12:53:16,907 - INFO - Beginning optimization with guess, [1.32190745e-01 1.71546670e+02].
2019-08-01 12:53:22,224 - INFO - Finished optomization, results are [-25.824648738764175 array([8.54508748e-02, 2.84325677e+03])].
2019-08-01 12:53:22,224 - INFO - Beginning optimization with guess, [7.76658287e-02 9.12367198e+01].
2019-08-01 12:53:27,688 - INFO - Finished optomization, results are [-25.831900375309946 array([8.54817002e-02, 2.78905443e+03])].
2019-08-01 12:53:27,689 - INFO - Beginning optimization with guess, [4.69189063e-02 5.91503009e+01].
2019-08-01 12:53:47,857 - INFO - Finished optomization, results are [-25.795004789907274 array([8.51204422e-02, 3.14892616e+03])].
2019-08-01 12:53:47,858 - INFO - Beginning optimization with guess, [ 0.11404427 57.8911175 ].
2019-08-01 12:53:52,979 - INFO - Finished optomization, results are [-25.821194119166627 array([8.62958451e-02, 2.74978966e+03])].
2019-08-01 12:53:52,979 - INFO - Beginning optimization with guess, [4.92758083e-02 9.61519476e+01].
2019-08-01 12:54:06,268 - INFO - Finished optomization, results are [-25.806215718518256 array([8.55376683e-02, 2.97839691e+03])].
2019-08-01 12:54:06,270 - INFO - Beginning optimization with guess, [ 0.08516276 77.98097128].
2019-08-01 12:54:13,555 - INFO - Finished optomization, results are [-25.81593811271668 array([8.58336825e-02, 2.85374207e+03])].
2019-08-01 12:54:13,556 - INFO - Beginning optimization with guess, [1.00269249e-01 1.35256317e+02].
2019-08-01 12:54:18,810 - INFO - Finished optomization, results are [-25.788808180208513 array([8.65077488e-02, 3.06684520e+03])].
2019-08-01 12:54:18,810 - INFO - Beginning optimization with guess, [ 0.1658259  83.37680983].
2019-08-01 12:54:25,582 - INFO - Finished optomization, results are [-25.807697864561526 array([8.67508794e-02, 2.80783829e+03])].
2019-08-01 12:54:25,584 - INFO - Beginning optimization with guess, [5.16382110e-02 9.50155662e+01].
2019-08-01 12:54:39,184 - INFO - Finished optomization, results are [-25.79965686294942 array([8.49266315e-02, 3.12964597e+03])].
2019-08-01 12:54:39,186 - INFO - Beginning optimization with guess, [7.17396525e-02 1.07631269e+02].
2019-08-01 12:54:46,936 - INFO - Finished optomization, results are [-25.80185512164445 array([8.47438648e-02, 3.13664596e+03])].
2019-08-01 12:54:46,937 - INFO - Beginning optimization with guess, [ 0.14877056 87.53673501].
2019-08-01 12:54:55,373 - INFO - Finished optomization, results are [-25.803995905449575 array([8.72928856e-02, 2.78865376e+03])].
2019-08-01 12:54:55,374 - INFO - Beginning optimization with guess, [7.02381064e-02 1.11372923e+02].
2019-08-01 12:55:01,774 - INFO - Finished optomization, results are [-25.817486207643668 array([8.65978302e-02, 2.73965611e+03])].
2019-08-01 12:55:01,775 - INFO - Beginning optimization with guess, [ 0.11434486 85.0948321 ].
2019-08-01 12:55:06,848 - INFO - Finished optomization, results are [-25.81092787155724 array([8.92941891e-02, 2.56048090e+03])].
2019-08-01 12:55:06,849 - INFO - Beginning optimization with guess, [8.84601830e-02 1.57642395e+02].
2019-08-01 12:55:12,504 - INFO - Finished optomization, results are [-25.809116422640997 array([8.89898146e-02, 2.59952081e+03])].
2019-08-01 12:55:12,505 - INFO - Beginning optimization with guess, [6.08652958e-02 1.50191985e+02].
2019-08-01 12:55:18,410 - INFO - Finished optomization, results are [-25.82759863096578 array([8.55518122e-02, 2.80772153e+03])].
2019-08-01 12:55:18,410 - INFO - Finished DFE inference.
2019-08-01 12:55:18,410 - INFO - Integrating expected site-frequency spectrum.
2019-08-01 12:55:18,457 - INFO - Outputing results.
2019-08-01 12:55:18,462 - INFO - Pipeline executed succesfully.
