2019-08-01 12:46:55,962 - INFO - Beginning execution of fitdadi_infer_DFE.py in directory /u/home/j/jonmah/lohmueller_lab/Scripts

2019-08-01 12:46:55,963 - INFO - Progress is being logged to ../Data/AW_array_2000/seed_50_fitdadi_output/log.log

2019-08-01 12:46:55,963 - INFO - Parsed the following arguments:
	breed = AW
	outprefix = ../Data/AW_array_2000/seed_50_fitdadi_output/
	nonsyn_input_sfs = ../Data/AW_array_2000/seed_50_easySFS_output_nonsyn/dadi/pop1.sfs
	syn_input_sfs = ../Data/AW_array_2000/seed_50_easySFS_output_syn/dadi/pop1.sfs

2019-08-01 12:46:55,966 - INFO - Beginning optimization with guess, [0.68870506 0.13655185].
2019-08-01 12:46:56,925 - INFO - Finished optimization with guess, [0.68870506 0.13655185].
2019-08-01 12:46:56,926 - INFO - Best fit parameters: [0.45567684 0.57222094].
2019-08-01 12:46:56,940 - INFO - Maximum log composite likelihood: -22.7992084951.
2019-08-01 12:46:56,940 - INFO - Optimal value of theta: 95.1605893542.
2019-08-01 12:46:56,941 - INFO - Beginning optimization with guess, [0.27906725 0.07863696].
2019-08-01 12:46:57,525 - INFO - Finished optimization with guess, [0.27906725 0.07863696].
2019-08-01 12:46:57,525 - INFO - Best fit parameters: [0.45387368 0.57425903].
2019-08-01 12:46:57,539 - INFO - Maximum log composite likelihood: -22.7991745977.
2019-08-01 12:46:57,540 - INFO - Optimal value of theta: 95.5837832138.
2019-08-01 12:46:57,540 - INFO - Beginning optimization with guess, [0.8105009  0.05307269].
2019-08-01 12:46:58,076 - INFO - Finished optimization with guess, [0.8105009  0.05307269].
2019-08-01 12:46:58,076 - INFO - Best fit parameters: [0.47076195 0.56132784].
2019-08-01 12:46:58,089 - INFO - Maximum log composite likelihood: -22.7996707035.
2019-08-01 12:46:58,090 - INFO - Optimal value of theta: 92.0573316744.
2019-08-01 12:46:58,090 - INFO - Beginning optimization with guess, [0.42043628 0.1059107 ].
2019-08-01 12:46:58,662 - INFO - Finished optimization with guess, [0.42043628 0.1059107 ].
2019-08-01 12:46:58,663 - INFO - Best fit parameters: [0.43803348 0.58882554].
2019-08-01 12:46:58,678 - INFO - Maximum log composite likelihood: -22.7991047119.
2019-08-01 12:46:58,678 - INFO - Optimal value of theta: 99.3534730592.
2019-08-01 12:46:58,679 - INFO - Beginning optimization with guess, [0.76126712 0.0766739 ].
2019-08-01 12:46:59,346 - INFO - Finished optimization with guess, [0.76126712 0.0766739 ].
2019-08-01 12:46:59,351 - INFO - Best fit parameters: [0.41971408 0.58331446].
2019-08-01 12:46:59,372 - INFO - Maximum log composite likelihood: -22.7985514143.
2019-08-01 12:46:59,372 - INFO - Optimal value of theta: 103.043157484.
2019-08-01 12:46:59,372 - INFO - Beginning optimization with guess, [0.7564776  0.15208832].
2019-08-01 12:47:00,262 - INFO - Finished optimization with guess, [0.7564776  0.15208832].
2019-08-01 12:47:00,262 - INFO - Best fit parameters: [0.45491843 0.57243147].
2019-08-01 12:47:00,276 - INFO - Maximum log composite likelihood: -22.7991865255.
2019-08-01 12:47:00,277 - INFO - Optimal value of theta: 95.3090298551.
2019-08-01 12:47:00,277 - INFO - Beginning optimization with guess, [0.50218302 0.12007849].
2019-08-01 12:47:00,880 - INFO - Finished optimization with guess, [0.50218302 0.12007849].
2019-08-01 12:47:00,880 - INFO - Best fit parameters: [0.39578032 0.59302971].
2019-08-01 12:47:00,895 - INFO - Maximum log composite likelihood: -22.798261699.
2019-08-01 12:47:00,896 - INFO - Optimal value of theta: 109.494218355.
2019-08-01 12:47:00,896 - INFO - Beginning optimization with guess, [0.30780345 0.08750656].
2019-08-01 12:47:01,436 - INFO - Finished optimization with guess, [0.30780345 0.08750656].
2019-08-01 12:47:01,437 - INFO - Best fit parameters: [0.4368502  0.59045801].
2019-08-01 12:47:01,451 - INFO - Maximum log composite likelihood: -22.7991616387.
2019-08-01 12:47:01,452 - INFO - Optimal value of theta: 99.676506995.
2019-08-01 12:47:01,452 - INFO - Beginning optimization with guess, [0.29276331 0.13529457].
2019-08-01 12:47:02,049 - INFO - Finished optimization with guess, [0.29276331 0.13529457].
2019-08-01 12:47:02,049 - INFO - Best fit parameters: [0.38629407 0.59225305].
2019-08-01 12:47:02,064 - INFO - Maximum log composite likelihood: -22.7981916983.
2019-08-01 12:47:02,065 - INFO - Optimal value of theta: 112.060098003.
2019-08-01 12:47:02,065 - INFO - Beginning optimization with guess, [0.90179394 0.15669157].
2019-08-01 12:47:02,834 - INFO - Finished optimization with guess, [0.90179394 0.15669157].
2019-08-01 12:47:02,835 - INFO - Best fit parameters: [0.45929014 0.57427203].
2019-08-01 12:47:02,849 - INFO - Maximum log composite likelihood: -22.7994007407.
2019-08-01 12:47:02,849 - INFO - Optimal value of theta: 94.5962765136.
2019-08-01 12:47:02,850 - INFO - Beginning optimization with guess, [0.40241006 0.06171545].
2019-08-01 12:47:03,550 - INFO - Finished optimization with guess, [0.40241006 0.06171545].
2019-08-01 12:47:03,550 - INFO - Best fit parameters: [0.43086055 0.58669086].
2019-08-01 12:47:03,564 - INFO - Maximum log composite likelihood: -22.7987384449.
2019-08-01 12:47:03,565 - INFO - Optimal value of theta: 100.755369838.
2019-08-01 12:47:03,565 - INFO - Beginning optimization with guess, [0.82236485 0.07505553].
2019-08-01 12:47:04,376 - INFO - Finished optimization with guess, [0.82236485 0.07505553].
2019-08-01 12:47:04,376 - INFO - Best fit parameters: [0.40708133 0.5934694 ].
2019-08-01 12:47:04,418 - INFO - Maximum log composite likelihood: -22.7984137589.
2019-08-01 12:47:04,419 - INFO - Optimal value of theta: 106.604308313.
2019-08-01 12:47:04,419 - INFO - Beginning optimization with guess, [0.85674563 0.13951115].
2019-08-01 12:47:05,297 - INFO - Finished optimization with guess, [0.85674563 0.13951115].
2019-08-01 12:47:05,297 - INFO - Best fit parameters: [0.49422954 0.54663785].
2019-08-01 12:47:05,311 - INFO - Maximum log composite likelihood: -22.800749838.
2019-08-01 12:47:05,311 - INFO - Optimal value of theta: 87.8274686733.
2019-08-01 12:47:05,311 - INFO - Beginning optimization with guess, [0.92109682 0.06864231].
2019-08-01 12:47:05,908 - INFO - Finished optimization with guess, [0.92109682 0.06864231].
2019-08-01 12:47:05,909 - INFO - Best fit parameters: [0.39899004 0.5964476 ].
2019-08-01 12:47:05,925 - INFO - Maximum log composite likelihood: -22.7983863848.
2019-08-01 12:47:05,926 - INFO - Optimal value of theta: 108.843864039.
2019-08-01 12:47:05,926 - INFO - Beginning optimization with guess, [0.31500205 0.18564719].
2019-08-01 12:47:06,630 - INFO - Finished optimization with guess, [0.31500205 0.18564719].
2019-08-01 12:47:06,631 - INFO - Best fit parameters: [0.37686083 0.5958442 ].
2019-08-01 12:47:06,646 - INFO - Maximum log composite likelihood: -22.7981470178.
2019-08-01 12:47:06,647 - INFO - Optimal value of theta: 115.059002585.
2019-08-01 12:47:06,647 - INFO - Beginning optimization with guess, [0.56188045 0.0831352 ].
2019-08-01 12:47:07,262 - INFO - Finished optimization with guess, [0.56188045 0.0831352 ].
2019-08-01 12:47:07,262 - INFO - Best fit parameters: [0.44069484 0.57989487].
2019-08-01 12:47:07,277 - INFO - Maximum log composite likelihood: -22.7988624749.
2019-08-01 12:47:07,277 - INFO - Optimal value of theta: 98.385358626.
2019-08-01 12:47:07,277 - INFO - Beginning optimization with guess, [0.74818344 0.14004829].
2019-08-01 12:47:08,054 - INFO - Finished optimization with guess, [0.74818344 0.14004829].
2019-08-01 12:47:08,059 - INFO - Best fit parameters: [0.4875959  0.56009442].
2019-08-01 12:47:08,084 - INFO - Maximum log composite likelihood: -22.8006965198.
2019-08-01 12:47:08,085 - INFO - Optimal value of theta: 89.3280957438.
2019-08-01 12:47:08,085 - INFO - Beginning optimization with guess, [0.51645985 0.1424397 ].
2019-08-01 12:47:08,695 - INFO - Finished optimization with guess, [0.51645985 0.1424397 ].
2019-08-01 12:47:08,695 - INFO - Best fit parameters: [0.37700642 0.59639682].
2019-08-01 12:47:08,711 - INFO - Maximum log composite likelihood: -22.7981600501.
2019-08-01 12:47:08,712 - INFO - Optimal value of theta: 115.050846484.
2019-08-01 12:47:08,712 - INFO - Beginning optimization with guess, [0.35629971 0.11148201].
2019-08-01 12:47:09,249 - INFO - Finished optimization with guess, [0.35629971 0.11148201].
2019-08-01 12:47:09,250 - INFO - Best fit parameters: [0.47101511 0.56676435].
2019-08-01 12:47:09,263 - INFO - Maximum log composite likelihood: -22.799765761.
2019-08-01 12:47:09,264 - INFO - Optimal value of theta: 92.2424128795.
2019-08-01 12:47:09,264 - INFO - Beginning optimization with guess, [0.41285822 0.11919286].
2019-08-01 12:47:09,837 - INFO - Finished optimization with guess, [0.41285822 0.11919286].
2019-08-01 12:47:09,837 - INFO - Best fit parameters: [0.4385164  0.58259006].
2019-08-01 12:47:09,852 - INFO - Maximum log composite likelihood: -22.7988486105.
2019-08-01 12:47:09,852 - INFO - Optimal value of theta: 98.955204746.
2019-08-01 12:47:09,852 - INFO - Beginning optimization with guess, [0.58119651 0.08838177].
2019-08-01 12:47:10,467 - INFO - Finished optimization with guess, [0.58119651 0.08838177].
2019-08-01 12:47:10,468 - INFO - Best fit parameters: [0.38453275 0.59693628].
2019-08-01 12:47:10,483 - INFO - Maximum log composite likelihood: -22.7982313801.
2019-08-01 12:47:10,483 - INFO - Optimal value of theta: 112.856980736.
2019-08-01 12:47:10,484 - INFO - Beginning optimization with guess, [0.2616285  0.16359678].
2019-08-01 12:47:11,115 - INFO - Finished optimization with guess, [0.2616285  0.16359678].
2019-08-01 12:47:11,116 - INFO - Best fit parameters: [0.39587616 0.59482182].
2019-08-01 12:47:11,131 - INFO - Maximum log composite likelihood: -22.7982909413.
2019-08-01 12:47:11,132 - INFO - Optimal value of theta: 109.574631742.
2019-08-01 12:47:11,132 - INFO - Beginning optimization with guess, [0.25695228 0.0991505 ].
2019-08-01 12:47:11,757 - INFO - Finished optimization with guess, [0.25695228 0.0991505 ].
2019-08-01 12:47:11,758 - INFO - Best fit parameters: [0.39449521 0.59530605].
2019-08-01 12:47:11,773 - INFO - Maximum log composite likelihood: -22.7982868012.
2019-08-01 12:47:11,774 - INFO - Optimal value of theta: 109.974658112.
2019-08-01 12:47:11,774 - INFO - Beginning optimization with guess, [0.44762606 0.08805792].
2019-08-01 12:47:12,342 - INFO - Finished optimization with guess, [0.44762606 0.08805792].
2019-08-01 12:47:12,343 - INFO - Best fit parameters: [0.41960555 0.59135788].
2019-08-01 12:47:12,358 - INFO - Maximum log composite likelihood: -22.7985995269.
2019-08-01 12:47:12,358 - INFO - Optimal value of theta: 103.49210948.
2019-08-01 12:47:12,358 - INFO - Beginning optimization with guess, [0.4089438  0.16219736].
2019-08-01 12:47:12,961 - INFO - Finished optimization with guess, [0.4089438  0.16219736].
2019-08-01 12:47:12,961 - INFO - Best fit parameters: [0.38895407 0.59562858].
2019-08-01 12:47:12,977 - INFO - Maximum log composite likelihood: -22.7982360101.
2019-08-01 12:47:12,977 - INFO - Optimal value of theta: 111.518489418.
2019-08-01 12:47:12,978 - INFO - Beginning optimization with guess, [0.35505043 0.06651319].
2019-08-01 12:47:13,622 - INFO - Finished optimization with guess, [0.35505043 0.06651319].
2019-08-01 12:47:13,622 - INFO - Best fit parameters: [0.43499406 0.58276249].
2019-08-01 12:47:13,637 - INFO - Maximum log composite likelihood: -22.7987594976.
2019-08-01 12:47:13,637 - INFO - Optimal value of theta: 99.6888962969.
2019-08-01 12:47:13,637 - INFO - Beginning optimization with guess, [0.81758454 0.10652285].
2019-08-01 12:47:14,749 - INFO - Finished optimization with guess, [0.81758454 0.10652285].
2019-08-01 12:47:14,749 - INFO - Best fit parameters: [0.4714528 0.5621811].
2019-08-01 12:47:14,763 - INFO - Maximum log composite likelihood: -22.7996983635.
2019-08-01 12:47:14,764 - INFO - Optimal value of theta: 91.9782924134.
2019-08-01 12:47:14,764 - INFO - Beginning optimization with guess, [0.71864197 0.05220356].
2019-08-01 12:47:15,337 - INFO - Finished optimization with guess, [0.71864197 0.05220356].
2019-08-01 12:47:15,337 - INFO - Best fit parameters: [0.45756569 0.57301684].
2019-08-01 12:47:15,351 - INFO - Maximum log composite likelihood: -22.7992883847.
2019-08-01 12:47:15,352 - INFO - Optimal value of theta: 94.8522037823.
2019-08-01 12:47:15,352 - INFO - Beginning optimization with guess, [0.6047721  0.10825791].
2019-08-01 12:47:16,087 - INFO - Finished optimization with guess, [0.6047721  0.10825791].
2019-08-01 12:47:16,088 - INFO - Best fit parameters: [0.39165731 0.59484263].
2019-08-01 12:47:16,103 - INFO - Maximum log composite likelihood: -22.7982457419.
2019-08-01 12:47:16,103 - INFO - Optimal value of theta: 110.720415322.
2019-08-01 12:47:16,104 - INFO - Beginning optimization with guess, [0.42800903 0.17528502].
2019-08-01 12:47:16,785 - INFO - Finished optimization with guess, [0.42800903 0.17528502].
2019-08-01 12:47:16,785 - INFO - Best fit parameters: [0.36140908 0.59588577].
2019-08-01 12:47:16,801 - INFO - Maximum log composite likelihood: -22.7980831557.
2019-08-01 12:47:16,802 - INFO - Optimal value of theta: 120.010125982.
2019-08-01 12:47:16,802 - INFO - Beginning optimization with guess, [0.34467484 0.14799705].
2019-08-01 12:47:17,424 - INFO - Finished optimization with guess, [0.34467484 0.14799705].
2019-08-01 12:47:17,424 - INFO - Best fit parameters: [0.40001236 0.59324761].
2019-08-01 12:47:17,440 - INFO - Maximum log composite likelihood: -22.7983089955.
2019-08-01 12:47:17,440 - INFO - Optimal value of theta: 108.391001988.
2019-08-01 12:47:17,440 - INFO - Beginning optimization with guess, [0.40888589 0.10219513].
2019-08-01 12:47:18,147 - INFO - Finished optimization with guess, [0.40888589 0.10219513].
2019-08-01 12:47:18,148 - INFO - Best fit parameters: [0.4356273  0.57613714].
2019-08-01 12:47:18,163 - INFO - Maximum log composite likelihood: -22.7988325044.
2019-08-01 12:47:18,164 - INFO - Optimal value of theta: 99.232332707.
2019-08-01 12:47:18,164 - INFO - Beginning optimization with guess, [0.26027605 0.14681474].
2019-08-01 12:47:18,952 - INFO - Finished optimization with guess, [0.26027605 0.14681474].
2019-08-01 12:47:18,952 - INFO - Best fit parameters: [0.392932   0.59453292].
2019-08-01 12:47:18,968 - INFO - Maximum log composite likelihood: -22.7982528324.
2019-08-01 12:47:18,968 - INFO - Optimal value of theta: 110.352721085.
2019-08-01 12:47:18,968 - INFO - Beginning optimization with guess, [0.8878719  0.09222151].
2019-08-01 12:47:19,821 - INFO - Finished optimization with guess, [0.8878719  0.09222151].
2019-08-01 12:47:19,821 - INFO - Best fit parameters: [0.41315943 0.59060326].
2019-08-01 12:47:19,836 - INFO - Maximum log composite likelihood: -22.7984484664.
2019-08-01 12:47:19,837 - INFO - Optimal value of theta: 104.963632646.
2019-08-01 12:47:19,837 - INFO - Beginning optimization with guess, [0.32907718 0.10861589].
2019-08-01 12:47:20,635 - INFO - Finished optimization with guess, [0.32907718 0.10861589].
2019-08-01 12:47:20,636 - INFO - Best fit parameters: [0.39651431 0.59575617].
2019-08-01 12:47:20,662 - INFO - Maximum log composite likelihood: -22.798325151.
2019-08-01 12:47:20,663 - INFO - Optimal value of theta: 109.459172631.
2019-08-01 12:47:20,663 - INFO - Beginning optimization with guess, [0.3368657  0.12181527].
2019-08-01 12:47:21,509 - INFO - Finished optimization with guess, [0.3368657  0.12181527].
2019-08-01 12:47:21,509 - INFO - Best fit parameters: [0.41243743 0.58692818].
2019-08-01 12:47:21,525 - INFO - Maximum log composite likelihood: -22.7984331163.
2019-08-01 12:47:21,526 - INFO - Optimal value of theta: 104.935789711.
2019-08-01 12:47:21,526 - INFO - Beginning optimization with guess, [0.65684081 0.08757291].
2019-08-01 12:47:22,273 - INFO - Finished optimization with guess, [0.65684081 0.08757291].
2019-08-01 12:47:22,274 - INFO - Best fit parameters: [0.39940872 0.59340095].
2019-08-01 12:47:22,311 - INFO - Maximum log composite likelihood: -22.7983043446.
2019-08-01 12:47:22,312 - INFO - Optimal value of theta: 108.557295947.
2019-08-01 12:47:22,314 - INFO - Beginning optimization with guess, [0.32737303 0.10855914].
2019-08-01 12:47:23,051 - INFO - Finished optimization with guess, [0.32737303 0.10855914].
2019-08-01 12:47:23,052 - INFO - Best fit parameters: [0.41541852 0.59079998].
2019-08-01 12:47:23,068 - INFO - Maximum log composite likelihood: -22.7984920928.
2019-08-01 12:47:23,069 - INFO - Optimal value of theta: 104.437876213.
2019-08-01 12:47:23,069 - INFO - Beginning optimization with guess, [0.43178562 0.1171777 ].
2019-08-01 12:47:23,682 - INFO - Finished optimization with guess, [0.43178562 0.1171777 ].
2019-08-01 12:47:23,682 - INFO - Best fit parameters: [0.41858944 0.59347671].
2019-08-01 12:47:23,698 - INFO - Maximum log composite likelihood: -22.7986666795.
2019-08-01 12:47:23,698 - INFO - Optimal value of theta: 103.838192076.
2019-08-01 12:47:23,698 - INFO - Beginning optimization with guess, [0.55356052 0.07755495].
2019-08-01 12:47:24,274 - INFO - Finished optimization with guess, [0.55356052 0.07755495].
2019-08-01 12:47:24,274 - INFO - Best fit parameters: [0.45401922 0.57786535].
2019-08-01 12:47:24,288 - INFO - Maximum log composite likelihood: -22.7992833567.
2019-08-01 12:47:24,289 - INFO - Optimal value of theta: 95.7186116063.
2019-08-01 12:47:24,289 - INFO - Beginning optimization with guess, [0.43238712 0.18565487].
2019-08-01 12:47:24,912 - INFO - Finished optimization with guess, [0.43238712 0.18565487].
2019-08-01 12:47:24,912 - INFO - Best fit parameters: [0.38882817 0.59533603].
2019-08-01 12:47:24,928 - INFO - Maximum log composite likelihood: -22.798228334.
2019-08-01 12:47:24,928 - INFO - Optimal value of theta: 111.535859067.
2019-08-01 12:47:24,929 - INFO - Beginning optimization with guess, [0.8509322 0.0577196].
2019-08-01 12:47:25,496 - INFO - Finished optimization with guess, [0.8509322 0.0577196].
2019-08-01 12:47:25,497 - INFO - Best fit parameters: [0.47919249 0.55806883].
2019-08-01 12:47:25,510 - INFO - Maximum log composite likelihood: -22.8000131741.
2019-08-01 12:47:25,511 - INFO - Optimal value of theta: 90.553934669.
2019-08-01 12:47:25,511 - INFO - Beginning optimization with guess, [0.47553198 0.12720707].
2019-08-01 12:47:26,219 - INFO - Finished optimization with guess, [0.47553198 0.12720707].
2019-08-01 12:47:26,219 - INFO - Best fit parameters: [0.38529841 0.59404242].
2019-08-01 12:47:26,235 - INFO - Maximum log composite likelihood: -22.7981819336.
2019-08-01 12:47:26,236 - INFO - Optimal value of theta: 112.455814291.
2019-08-01 12:47:26,236 - INFO - Beginning optimization with guess, [0.26018682 0.17147429].
2019-08-01 12:47:26,949 - INFO - Finished optimization with guess, [0.26018682 0.17147429].
2019-08-01 12:47:26,950 - INFO - Best fit parameters: [0.35590931 0.59300553].
2019-08-01 12:47:26,966 - INFO - Maximum log composite likelihood: -22.798030657.
2019-08-01 12:47:26,967 - INFO - Optimal value of theta: 121.693506046.
2019-08-01 12:47:26,967 - INFO - Beginning optimization with guess, [0.38973157 0.104389  ].
2019-08-01 12:47:27,605 - INFO - Finished optimization with guess, [0.38973157 0.104389  ].
2019-08-01 12:47:27,605 - INFO - Best fit parameters: [0.43049583 0.58169296].
2019-08-01 12:47:27,622 - INFO - Maximum log composite likelihood: -22.7986740554.
2019-08-01 12:47:27,622 - INFO - Optimal value of theta: 100.583295183.
2019-08-01 12:47:27,623 - INFO - Beginning optimization with guess, [0.96974261 0.17056066].
2019-08-01 12:47:28,298 - INFO - Finished optimization with guess, [0.96974261 0.17056066].
2019-08-01 12:47:28,299 - INFO - Best fit parameters: [0.40689596 0.59302315].
2019-08-01 12:47:28,315 - INFO - Maximum log composite likelihood: -22.7983987097.
2019-08-01 12:47:28,315 - INFO - Optimal value of theta: 106.625545873.
2019-08-01 12:47:28,315 - INFO - Beginning optimization with guess, [0.58083779 0.18024199].
2019-08-01 12:47:29,393 - INFO - Finished optimization with guess, [0.58083779 0.18024199].
2019-08-01 12:47:29,393 - INFO - Best fit parameters: [0.38305971 0.59492556].
2019-08-01 12:47:29,431 - INFO - Maximum log composite likelihood: -22.7981740454.
2019-08-01 12:47:29,431 - INFO - Optimal value of theta: 113.157586896.
2019-08-01 12:47:29,432 - INFO - Beginning optimization with guess, [0.69757987 0.08448982].
2019-08-01 12:47:31,276 - INFO - Finished optimization with guess, [0.69757987 0.08448982].
2019-08-01 12:47:31,276 - INFO - Best fit parameters: [0.4378347  0.57935784].
2019-08-01 12:47:31,302 - INFO - Maximum log composite likelihood: -22.7987995561.
2019-08-01 12:47:31,313 - INFO - Optimal value of theta: 98.9379382926.
2019-08-01 12:47:31,314 - INFO - Beginning optimization with guess, [0.59017861 0.07237165].
2019-08-01 12:47:32,508 - INFO - Finished optimization with guess, [0.59017861 0.07237165].
2019-08-01 12:47:32,519 - INFO - Best fit parameters: [0.38279527 0.59590674].
2019-08-01 12:47:32,546 - INFO - Maximum log composite likelihood: -22.7981891073.
2019-08-01 12:47:32,546 - INFO - Optimal value of theta: 113.296657625.
2019-08-01 12:47:32,546 - INFO - Beginning optimization with guess, [0.96365191 0.05708611].
2019-08-01 12:47:33,757 - INFO - Finished optimization with guess, [0.96365191 0.05708611].
2019-08-01 12:47:33,758 - INFO - Best fit parameters: [0.44911345 0.57999091].
2019-08-01 12:47:33,783 - INFO - Maximum log composite likelihood: -22.7991461096.
2019-08-01 12:47:33,784 - INFO - Optimal value of theta: 96.7399830571.
2019-08-01 12:47:33,795 - INFO - Finished demographic inference.
2019-08-01 12:47:33,795 - INFO - Beginning DFE inference.
2019-08-01 12:48:28,120 - INFO - Beginning optimization with guess, [7.91915604e-02 2.16624104e+02].
2019-08-01 12:48:30,890 - INFO - Finished optomization, results are [-22.581767901680227 array([1.12664139e-01, 8.02488336e+03])].
2019-08-01 12:48:30,890 - INFO - Beginning optimization with guess, [1.02395055e-01 3.02931216e+02].
2019-08-01 12:48:34,171 - INFO - Finished optomization, results are [-22.570010162293727 array([1.10741351e-01, 8.69520775e+03])].
2019-08-01 12:48:34,172 - INFO - Beginning optimization with guess, [8.50769322e-02 5.13355462e+02].
2019-08-01 12:48:41,533 - INFO - Finished optomization, results are [-22.658489384997047 array([1.07370169e-01, 8.74941960e+03])].
2019-08-01 12:48:41,533 - INFO - Beginning optimization with guess, [1.51211599e-01 2.98244112e+02].
2019-08-01 12:48:50,609 - INFO - Finished optomization, results are [-22.567037599896935 array([1.10816848e-01, 8.73668530e+03])].
2019-08-01 12:48:50,619 - INFO - Beginning optimization with guess, [5.71619985e-02 1.97731048e+02].
2019-08-01 12:48:54,709 - INFO - Finished optomization, results are [-22.564242884434798 array([1.11684992e-01, 8.61570111e+03])].
2019-08-01 12:48:54,710 - INFO - Beginning optimization with guess, [1.06162906e-01 5.81402800e+02].
2019-08-01 12:48:57,271 - INFO - Finished optomization, results are [-22.650516045871715 array([1.08024486e-01, 8.56057955e+03])].
2019-08-01 12:48:57,271 - INFO - Beginning optimization with guess, [1.25196484e-01 1.49233104e+02].
2019-08-01 12:49:01,354 - INFO - Finished optomization, results are [-22.603064933130998 array([1.14903433e-01, 7.25108157e+03])].
2019-08-01 12:49:01,354 - INFO - Beginning optimization with guess, [1.05946897e-01 3.00351485e+02].
2019-08-01 12:49:03,781 - INFO - Finished optomization, results are [-22.59306197892236 array([1.12020246e-01, 7.94415417e+03])].
2019-08-01 12:49:03,783 - INFO - Beginning optimization with guess, [1.04866146e-01 1.63598119e+02].
2019-08-01 12:49:09,010 - INFO - Finished optomization, results are [-22.61600348963568 array([1.12185928e-01, 7.55554226e+03])].
2019-08-01 12:49:09,010 - INFO - Beginning optimization with guess, [1.68129935e-01 1.72895603e+02].
2019-08-01 12:49:12,801 - INFO - Finished optomization, results are [-22.59816211428006 array([1.10664856e-01, 8.24032686e+03])].
2019-08-01 12:49:12,803 - INFO - Beginning optimization with guess, [1.13354675e-01 3.62445022e+02].
2019-08-01 12:49:18,204 - INFO - Finished optomization, results are [-22.598369757572414 array([1.09150124e-01, 8.74499448e+03])].
2019-08-01 12:49:18,204 - INFO - Beginning optimization with guess, [5.39316098e-02 3.80640078e+02].
2019-08-01 12:49:20,369 - INFO - Finished optomization, results are [-22.650900814191328 array([1.09613657e-01, 7.95666398e+03])].
2019-08-01 12:49:20,369 - INFO - Beginning optimization with guess, [1.44331709e-01 2.53738277e+02].
2019-08-01 12:49:27,037 - INFO - Finished optomization, results are [-22.56393588376203 array([1.11652728e-01, 8.62917627e+03])].
2019-08-01 12:49:27,045 - INFO - Beginning optimization with guess, [5.75426888e-02 5.33409880e+02].
2019-08-01 12:49:34,560 - INFO - Finished optomization, results are [-22.675649788738845 array([1.06923697e-01, 8.77204085e+03])].
2019-08-01 12:49:34,560 - INFO - Beginning optimization with guess, [1.30583755e-01 2.17828631e+02].
2019-08-01 12:49:38,459 - INFO - Finished optomization, results are [-22.633149101952007 array([1.08635588e-01, 8.50693716e+03])].
2019-08-01 12:49:38,471 - INFO - Beginning optimization with guess, [1.31185474e-01 1.99682728e+02].
2019-08-01 12:49:44,965 - INFO - Finished optomization, results are [-22.614094618366295 array([1.08619498e-01, 8.73789067e+03])].
2019-08-01 12:49:44,972 - INFO - Beginning optimization with guess, [8.97720702e-02 2.61573907e+02].
2019-08-01 12:49:47,863 - INFO - Finished optomization, results are [-22.598956796797527 array([1.09894602e-01, 8.47659143e+03])].
2019-08-01 12:49:47,864 - INFO - Beginning optimization with guess, [5.49475335e-02 1.60425301e+02].
2019-08-01 12:49:52,526 - INFO - Finished optomization, results are [-22.574345001539566 array([1.12498270e-01, 8.22802742e+03])].
2019-08-01 12:49:52,526 - INFO - Beginning optimization with guess, [5.95223440e-02 5.32438392e+02].
2019-08-01 12:50:00,657 - INFO - Finished optomization, results are [-22.628221873345534 array([1.10188600e-01, 8.00507417e+03])].
2019-08-01 12:50:00,669 - INFO - Beginning optimization with guess, [1.49292797e-01 2.72820180e+02].
2019-08-01 12:50:03,553 - INFO - Finished optomization, results are [-22.574735345508536 array([1.12745908e-01, 8.18514013e+03])].
2019-08-01 12:50:03,554 - INFO - Beginning optimization with guess, [1.41828896e-01 3.53217215e+02].
2019-08-01 12:50:06,357 - INFO - Finished optomization, results are [-22.622939593345293 array([1.11391424e-01, 7.68929495e+03])].
2019-08-01 12:50:06,357 - INFO - Beginning optimization with guess, [4.91218902e-02 2.14012034e+02].
2019-08-01 12:50:09,283 - INFO - Finished optomization, results are [-22.575915594939566 array([1.10527839e-01, 8.64209694e+03])].
2019-08-01 12:50:09,283 - INFO - Beginning optimization with guess, [1.73208629e-01 2.03290197e+02].
2019-08-01 12:50:12,040 - INFO - Finished optomization, results are [-22.58120503745439 array([1.13069561e-01, 7.97686552e+03])].
2019-08-01 12:50:12,041 - INFO - Beginning optimization with guess, [8.68175912e-02 5.16152640e+02].
2019-08-01 12:50:14,575 - INFO - Finished optomization, results are [-22.670105550028996 array([1.07443383e-01, 8.60329411e+03])].
2019-08-01 12:50:14,575 - INFO - Beginning optimization with guess, [1.28980674e-01 4.20172683e+02].
2019-08-01 12:50:20,093 - INFO - Finished optomization, results are [-22.660439090922807 array([1.08027867e-01, 8.45831102e+03])].
2019-08-01 12:50:20,104 - INFO - Beginning optimization with guess, [7.60488360e-02 4.84613307e+02].
2019-08-01 12:50:23,474 - INFO - Finished optomization, results are [-22.687210620905855 array([1.08829910e-01, 7.89749879e+03])].
2019-08-01 12:50:23,474 - INFO - Beginning optimization with guess, [1.38725712e-01 1.56516506e+02].
2019-08-01 12:50:26,381 - INFO - Finished optomization, results are [-22.57233481400837 array([1.10971506e-01, 8.58872645e+03])].
2019-08-01 12:50:26,382 - INFO - Beginning optimization with guess, [7.90813309e-02 3.46152591e+02].
2019-08-01 12:50:29,649 - INFO - Finished optomization, results are [-22.6237883133334 array([1.10669401e-01, 7.90045859e+03])].
2019-08-01 12:50:29,650 - INFO - Beginning optimization with guess, [7.60858708e-02 3.77245450e+02].
2019-08-01 12:50:34,702 - INFO - Finished optomization, results are [-22.597332892963028 array([1.09371368e-01, 8.68002782e+03])].
2019-08-01 12:50:34,714 - INFO - Beginning optimization with guess, [1.33834868e-01 3.45376052e+02].
2019-08-01 12:50:37,284 - INFO - Finished optomization, results are [-22.630508048925265 array([1.10710175e-01, 7.80848239e+03])].
2019-08-01 12:50:37,284 - INFO - Beginning optimization with guess, [1.3398853e-01 2.4065769e+02].
2019-08-01 12:50:41,697 - INFO - Finished optomization, results are [-22.59619045655369 array([1.13282361e-01, 7.61583097e+03])].
2019-08-01 12:50:41,697 - INFO - Beginning optimization with guess, [9.63048515e-02 3.48791420e+02].
2019-08-01 12:50:49,460 - INFO - Finished optomization, results are [-22.572714703406596 array([1.10546870e-01, 8.69588845e+03])].
2019-08-01 12:50:49,472 - INFO - Beginning optimization with guess, [1.35268737e-01 3.00267663e+02].
2019-08-01 12:50:52,170 - INFO - Finished optomization, results are [-22.605420431677672 array([1.12244206e-01, 7.69097717e+03])].
2019-08-01 12:50:52,170 - INFO - Beginning optimization with guess, [7.47187918e-02 3.93939564e+02].
2019-08-01 12:50:56,126 - INFO - Finished optomization, results are [-22.604916827203752 array([1.10423973e-01, 8.22045917e+03])].
2019-08-01 12:50:56,138 - INFO - Beginning optimization with guess, [4.87389236e-02 1.57361936e+02].
2019-08-01 12:50:59,980 - INFO - Finished optomization, results are [-22.57791619774833 array([1.10911497e-01, 8.49805072e+03])].
2019-08-01 12:50:59,981 - INFO - Beginning optimization with guess, [8.14069161e-02 4.89841663e+02].
2019-08-01 12:51:04,579 - INFO - Finished optomization, results are [-22.649161972078698 array([1.08174662e-01, 8.51447602e+03])].
2019-08-01 12:51:04,580 - INFO - Beginning optimization with guess, [1.34599937e-01 2.68466799e+02].
2019-08-01 12:51:09,338 - INFO - Finished optomization, results are [-22.576357125714544 array([1.12794867e-01, 8.13599438e+03])].
2019-08-01 12:51:09,339 - INFO - Beginning optimization with guess, [4.69475924e-02 2.99818975e+02].
2019-08-01 12:51:11,846 - INFO - Finished optomization, results are [-22.592971612333773 array([1.11078336e-01, 8.19614472e+03])].
2019-08-01 12:51:11,846 - INFO - Beginning optimization with guess, [  0.15564077 152.66330417].
2019-08-01 12:51:16,569 - INFO - Finished optomization, results are [-22.58274389451505 array([1.13251803e-01, 7.91559816e+03])].
2019-08-01 12:51:16,570 - INFO - Beginning optimization with guess, [6.41881351e-02 3.33395827e+02].
2019-08-01 12:51:21,101 - INFO - Finished optomization, results are [-22.679246944397896 array([1.08540114e-01, 8.07821312e+03])].
2019-08-01 12:51:21,102 - INFO - Beginning optimization with guess, [7.97043677e-02 2.52401447e+02].
2019-08-01 12:51:25,820 - INFO - Finished optomization, results are [-22.56464043268806 array([1.12768840e-01, 8.51250357e+03])].
2019-08-01 12:51:25,820 - INFO - Beginning optimization with guess, [1.31700915e-01 4.79201713e+02].
2019-08-01 12:51:33,478 - INFO - Finished optomization, results are [-22.619676276957406 array([1.08346844e-01, 8.77595385e+03])].
2019-08-01 12:51:33,479 - INFO - Beginning optimization with guess, [1.72423349e-01 4.84885466e+02].
2019-08-01 12:51:36,747 - INFO - Finished optomization, results are [-22.59570452414689 array([1.11130758e-01, 8.13871476e+03])].
2019-08-01 12:51:36,747 - INFO - Beginning optimization with guess, [1.48229199e-01 4.24454662e+02].
2019-08-01 12:51:40,341 - INFO - Finished optomization, results are [-22.590319617831668 array([1.09747667e-01, 8.65139283e+03])].
2019-08-01 12:51:40,342 - INFO - Beginning optimization with guess, [7.42724220e-02 3.04010555e+02].
2019-08-01 12:51:43,369 - INFO - Finished optomization, results are [-22.623460254990714 array([1.09338417e-01, 8.35625355e+03])].
2019-08-01 12:51:43,369 - INFO - Beginning optimization with guess, [1.21914300e-01 5.04977297e+02].
2019-08-01 12:51:46,923 - INFO - Finished optomization, results are [-22.659847549965615 array([1.08957336e-01, 8.10481727e+03])].
2019-08-01 12:51:46,923 - INFO - Beginning optimization with guess, [1.71261450e-01 4.50438123e+02].
2019-08-01 12:51:49,502 - INFO - Finished optomization, results are [-22.609455698085654 array([1.12047077e-01, 7.68305586e+03])].
2019-08-01 12:51:49,503 - INFO - Beginning optimization with guess, [5.81667200e-02 4.02565679e+02].
2019-08-01 12:51:55,308 - INFO - Finished optomization, results are [-22.585566954489995 array([1.09760076e-01, 8.71993243e+03])].
2019-08-01 12:51:55,309 - INFO - Beginning optimization with guess, [1.07578421e-01 3.87772353e+02].
2019-08-01 12:51:59,472 - INFO - Finished optomization, results are [-22.725885045704622 array([1.07198975e-01, 8.21317218e+03])].
2019-08-01 12:51:59,473 - INFO - Beginning optimization with guess, [1.23353424e-01 1.59965919e+02].
2019-08-01 12:52:01,991 - INFO - Finished optomization, results are [-22.59042716145511 array([1.13925688e-01, 7.64877498e+03])].
2019-08-01 12:52:01,992 - INFO - Finished DFE inference.
2019-08-01 12:52:01,992 - INFO - Integrating expected site-frequency spectrum.
2019-08-01 12:52:02,012 - INFO - Outputing results.
2019-08-01 12:52:02,016 - INFO - Pipeline executed succesfully.
