2019-08-01 09:08:47,941 - INFO - Beginning execution of fitdadi_infer_DFE.py in directory /u/home/j/jonmah/lohmueller_lab/Scripts

2019-08-01 09:08:47,941 - INFO - Progress is being logged to ../Data/AW_array_2000/seed_60_fitdadi_output/log.log

2019-08-01 09:08:47,941 - INFO - Parsed the following arguments:
	breed = AW
	outprefix = ../Data/AW_array_2000/seed_60_fitdadi_output/
	nonsyn_input_sfs = ../Data/AW_array_2000/seed_60_easySFS_output_nonsyn/dadi/pop1.sfs
	syn_input_sfs = ../Data/AW_array_2000/seed_60_easySFS_output_syn/dadi/pop1.sfs

2019-08-01 09:08:47,946 - INFO - Beginning optimization with guess, [0.89388525 0.13012559].
2019-08-01 09:08:48,451 - INFO - Finished optimization with guess, [0.89388525 0.13012559].
2019-08-01 09:08:48,451 - INFO - Best fit parameters: [0.5696956  0.08090147].
2019-08-01 09:08:48,460 - INFO - Maximum log composite likelihood: -22.6934348503.
2019-08-01 09:08:48,461 - INFO - Optimal value of theta: 60.6261684196.
2019-08-01 09:08:48,461 - INFO - Beginning optimization with guess, [0.39551291 0.16888879].
2019-08-01 09:08:49,174 - INFO - Finished optimization with guess, [0.39551291 0.16888879].
2019-08-01 09:08:49,174 - INFO - Best fit parameters: [0.56877824 0.08024669].
2019-08-01 09:08:49,183 - INFO - Maximum log composite likelihood: -22.6934382726.
2019-08-01 09:08:49,183 - INFO - Optimal value of theta: 60.6089467773.
2019-08-01 09:08:49,183 - INFO - Beginning optimization with guess, [0.66069359 0.18574167].
2019-08-01 09:08:49,706 - INFO - Finished optimization with guess, [0.66069359 0.18574167].
2019-08-01 09:08:49,706 - INFO - Best fit parameters: [0.56969561 0.08074726].
2019-08-01 09:08:49,715 - INFO - Maximum log composite likelihood: -22.6934354955.
2019-08-01 09:08:49,715 - INFO - Optimal value of theta: 60.6169419377.
2019-08-01 09:08:49,716 - INFO - Beginning optimization with guess, [0.55090633 0.12161335].
2019-08-01 09:08:50,272 - INFO - Finished optimization with guess, [0.55090633 0.12161335].
2019-08-01 09:08:50,273 - INFO - Best fit parameters: [0.56970369 0.0808025 ].
2019-08-01 09:08:50,282 - INFO - Maximum log composite likelihood: -22.6934350665.
2019-08-01 09:08:50,282 - INFO - Optimal value of theta: 60.6200538843.
2019-08-01 09:08:50,283 - INFO - Beginning optimization with guess, [0.80351369 0.07999371].
2019-08-01 09:08:50,651 - INFO - Finished optimization with guess, [0.80351369 0.07999371].
2019-08-01 09:08:50,651 - INFO - Best fit parameters: [0.56769592 0.07990386].
2019-08-01 09:08:50,660 - INFO - Maximum log composite likelihood: -22.6934428661.
2019-08-01 09:08:50,660 - INFO - Optimal value of theta: 60.6142470035.
2019-08-01 09:08:50,660 - INFO - Beginning optimization with guess, [0.69083534 0.12651118].
2019-08-01 09:08:51,432 - INFO - Finished optimization with guess, [0.69083534 0.12651118].
2019-08-01 09:08:51,433 - INFO - Best fit parameters: [0.56868474 0.08039758].
2019-08-01 09:08:51,442 - INFO - Maximum log composite likelihood: -22.6934369948.
2019-08-01 09:08:51,442 - INFO - Optimal value of theta: 60.6203019147.
2019-08-01 09:08:51,443 - INFO - Beginning optimization with guess, [0.34454594 0.05319532].
2019-08-01 09:08:52,202 - INFO - Finished optimization with guess, [0.34454594 0.05319532].
2019-08-01 09:08:52,203 - INFO - Best fit parameters: [0.56816779 0.08008532].
2019-08-01 09:08:52,212 - INFO - Maximum log composite likelihood: -22.6934398241.
2019-08-01 09:08:52,212 - INFO - Optimal value of theta: 60.6138903779.
2019-08-01 09:08:52,212 - INFO - Beginning optimization with guess, [0.37863287 0.08943956].
2019-08-01 09:08:52,844 - INFO - Finished optimization with guess, [0.37863287 0.08943956].
2019-08-01 09:08:52,845 - INFO - Best fit parameters: [0.56804155 0.07996552].
2019-08-01 09:08:52,854 - INFO - Maximum log composite likelihood: -22.6934411588.
2019-08-01 09:08:52,854 - INFO - Optimal value of theta: 60.6096669005.
2019-08-01 09:08:52,854 - INFO - Beginning optimization with guess, [0.61753213 0.12079342].
2019-08-01 09:08:53,095 - INFO - Finished optimization with guess, [0.61753213 0.12079342].
2019-08-01 09:08:53,095 - INFO - Best fit parameters: [0.56769688 0.0799044 ].
2019-08-01 09:08:53,104 - INFO - Maximum log composite likelihood: -22.6934428584.
2019-08-01 09:08:53,105 - INFO - Optimal value of theta: 60.6142566492.
2019-08-01 09:08:53,105 - INFO - Beginning optimization with guess, [0.29130961 0.05404438].
2019-08-01 09:08:53,493 - INFO - Finished optimization with guess, [0.29130961 0.05404438].
2019-08-01 09:08:53,493 - INFO - Best fit parameters: [0.56773678 0.07992145].
2019-08-01 09:08:53,502 - INFO - Maximum log composite likelihood: -22.6934425591.
2019-08-01 09:08:53,503 - INFO - Optimal value of theta: 60.6143315562.
2019-08-01 09:08:53,503 - INFO - Beginning optimization with guess, [0.36309719 0.08491955].
2019-08-01 09:08:54,395 - INFO - Finished optimization with guess, [0.36309719 0.08491955].
2019-08-01 09:08:54,395 - INFO - Best fit parameters: [0.56890543 0.08047751].
2019-08-01 09:08:54,404 - INFO - Maximum log composite likelihood: -22.693436226.
2019-08-01 09:08:54,404 - INFO - Optimal value of theta: 60.6197956408.
2019-08-01 09:08:54,405 - INFO - Beginning optimization with guess, [0.80771534 0.07008027].
2019-08-01 09:08:55,139 - INFO - Finished optimization with guess, [0.80771534 0.07008027].
2019-08-01 09:08:55,139 - INFO - Best fit parameters: [0.56776451 0.07993515].
2019-08-01 09:08:55,148 - INFO - Maximum log composite likelihood: -22.6934423482.
2019-08-01 09:08:55,148 - INFO - Optimal value of theta: 60.6144957239.
2019-08-01 09:08:55,149 - INFO - Beginning optimization with guess, [0.60123329 0.12651582].
2019-08-01 09:08:55,497 - INFO - Finished optimization with guess, [0.60123329 0.12651582].
2019-08-01 09:08:55,497 - INFO - Best fit parameters: [0.56945609 0.08055144].
2019-08-01 09:08:55,506 - INFO - Maximum log composite likelihood: -22.6934368155.
2019-08-01 09:08:55,506 - INFO - Optimal value of theta: 60.6109708199.
2019-08-01 09:08:55,507 - INFO - Beginning optimization with guess, [0.32172585 0.19861423].
2019-08-01 09:08:56,277 - INFO - Finished optimization with guess, [0.32172585 0.19861423].
2019-08-01 09:08:56,278 - INFO - Best fit parameters: [0.56928356 0.08068921].
2019-08-01 09:08:56,286 - INFO - Maximum log composite likelihood: -22.6934352475.
2019-08-01 09:08:56,287 - INFO - Optimal value of theta: 60.6233984795.
2019-08-01 09:08:56,287 - INFO - Beginning optimization with guess, [0.36895561 0.12510718].
2019-08-01 09:08:57,059 - INFO - Finished optimization with guess, [0.36895561 0.12510718].
2019-08-01 09:08:57,059 - INFO - Best fit parameters: [0.56778406 0.07991144].
2019-08-01 09:08:57,068 - INFO - Maximum log composite likelihood: -22.6934423597.
2019-08-01 09:08:57,068 - INFO - Optimal value of theta: 60.612584267.
2019-08-01 09:08:57,069 - INFO - Beginning optimization with guess, [0.3357479  0.17246381].
2019-08-01 09:08:57,807 - INFO - Finished optimization with guess, [0.3357479  0.17246381].
2019-08-01 09:08:57,808 - INFO - Best fit parameters: [0.56926678 0.08076557].
2019-08-01 09:08:57,817 - INFO - Maximum log composite likelihood: -22.6934356066.
2019-08-01 09:08:57,817 - INFO - Optimal value of theta: 60.6283824324.
2019-08-01 09:08:57,817 - INFO - Beginning optimization with guess, [0.42624086 0.07030469].
2019-08-01 09:08:58,419 - INFO - Finished optimization with guess, [0.42624086 0.07030469].
2019-08-01 09:08:58,419 - INFO - Best fit parameters: [0.56770866 0.07991125].
2019-08-01 09:08:58,428 - INFO - Maximum log composite likelihood: -22.6934427634.
2019-08-01 09:08:58,428 - INFO - Optimal value of theta: 60.6143891265.
2019-08-01 09:08:58,429 - INFO - Beginning optimization with guess, [0.4390956  0.05891314].
2019-08-01 09:08:59,843 - INFO - Finished optimization with guess, [0.4390956  0.05891314].
2019-08-01 09:08:59,843 - INFO - Best fit parameters: [0.56805129 0.07999557].
2019-08-01 09:08:59,852 - INFO - Maximum log composite likelihood: -22.6934408275.
2019-08-01 09:08:59,852 - INFO - Optimal value of theta: 60.611255732.
2019-08-01 09:08:59,853 - INFO - Beginning optimization with guess, [0.51259402 0.1555824 ].
2019-08-01 09:09:00,302 - INFO - Finished optimization with guess, [0.51259402 0.1555824 ].
2019-08-01 09:09:00,302 - INFO - Best fit parameters: [0.56943461 0.08060284].
2019-08-01 09:09:00,311 - INFO - Maximum log composite likelihood: -22.6934359369.
2019-08-01 09:09:00,311 - INFO - Optimal value of theta: 60.6145741088.
2019-08-01 09:09:00,312 - INFO - Beginning optimization with guess, [0.28365245 0.07094663].
2019-08-01 09:09:01,122 - INFO - Finished optimization with guess, [0.28365245 0.07094663].
2019-08-01 09:09:01,123 - INFO - Best fit parameters: [0.56794868 0.07989895].
2019-08-01 09:09:01,132 - INFO - Maximum log composite likelihood: -22.6934420708.
2019-08-01 09:09:01,132 - INFO - Optimal value of theta: 60.6078609572.
2019-08-01 09:09:01,132 - INFO - Beginning optimization with guess, [0.7683989  0.08133768].
2019-08-01 09:09:02,340 - INFO - Finished optimization with guess, [0.7683989  0.08133768].
2019-08-01 09:09:02,341 - INFO - Best fit parameters: [0.56902871 0.08063029].
2019-08-01 09:09:02,349 - INFO - Maximum log composite likelihood: -22.6934360068.
2019-08-01 09:09:02,350 - INFO - Optimal value of theta: 60.6260098602.
2019-08-01 09:09:02,350 - INFO - Beginning optimization with guess, [0.35209583 0.10115279].
2019-08-01 09:09:02,532 - INFO - Finished optimization with guess, [0.35209583 0.10115279].
2019-08-01 09:09:02,533 - INFO - Best fit parameters: [0.57212699 0.08242895].
2019-08-01 09:09:02,541 - INFO - Maximum log composite likelihood: -22.6934507165.
2019-08-01 09:09:02,542 - INFO - Optimal value of theta: 60.6576624156.
2019-08-01 09:09:02,542 - INFO - Beginning optimization with guess, [0.28794584 0.06002753].
2019-08-01 09:09:02,930 - INFO - Finished optimization with guess, [0.28794584 0.06002753].
2019-08-01 09:09:02,930 - INFO - Best fit parameters: [0.56702764 0.07929099].
2019-08-01 09:09:02,939 - INFO - Maximum log composite likelihood: -22.6934526634.
2019-08-01 09:09:02,939 - INFO - Optimal value of theta: 60.5929894265.
2019-08-01 09:09:02,939 - INFO - Beginning optimization with guess, [0.56625354 0.11943275].
2019-08-01 09:09:04,246 - INFO - Finished optimization with guess, [0.56625354 0.11943275].
2019-08-01 09:09:04,246 - INFO - Best fit parameters: [0.56788957 0.07993228].
2019-08-01 09:09:04,254 - INFO - Maximum log composite likelihood: -22.6934418066.
2019-08-01 09:09:04,255 - INFO - Optimal value of theta: 60.611309096.
2019-08-01 09:09:04,255 - INFO - Beginning optimization with guess, [0.32564116 0.17042015].
2019-08-01 09:09:04,798 - INFO - Finished optimization with guess, [0.32564116 0.17042015].
2019-08-01 09:09:04,798 - INFO - Best fit parameters: [0.56802033 0.08003314].
2019-08-01 09:09:04,806 - INFO - Maximum log composite likelihood: -22.6934406502.
2019-08-01 09:09:04,806 - INFO - Optimal value of theta: 60.6142802361.
2019-08-01 09:09:04,807 - INFO - Beginning optimization with guess, [0.63233978 0.07741974].
2019-08-01 09:09:05,104 - INFO - Finished optimization with guess, [0.63233978 0.07741974].
2019-08-01 09:09:05,104 - INFO - Best fit parameters: [0.56769531 0.07990361].
2019-08-01 09:09:05,112 - INFO - Maximum log composite likelihood: -22.6934428706.
2019-08-01 09:09:05,112 - INFO - Optimal value of theta: 60.6142466285.
2019-08-01 09:09:05,112 - INFO - Beginning optimization with guess, [0.25023493 0.09210567].
2019-08-01 09:09:05,408 - INFO - Finished optimization with guess, [0.25023493 0.09210567].
2019-08-01 09:09:05,408 - INFO - Best fit parameters: [0.56770498 0.07990843].
2019-08-01 09:09:05,416 - INFO - Maximum log composite likelihood: -22.6934427952.
2019-08-01 09:09:05,416 - INFO - Optimal value of theta: 60.6143064096.
2019-08-01 09:09:05,416 - INFO - Beginning optimization with guess, [0.29601756 0.18639173].
2019-08-01 09:09:06,024 - INFO - Finished optimization with guess, [0.29601756 0.18639173].
2019-08-01 09:09:06,024 - INFO - Best fit parameters: [0.56781819 0.07990193].
2019-08-01 09:09:06,031 - INFO - Maximum log composite likelihood: -22.6934422928.
2019-08-01 09:09:06,032 - INFO - Optimal value of theta: 60.6111841305.
2019-08-01 09:09:06,032 - INFO - Beginning optimization with guess, [0.68251406 0.0618597 ].
2019-08-01 09:09:06,578 - INFO - Finished optimization with guess, [0.68251406 0.0618597 ].
2019-08-01 09:09:06,578 - INFO - Best fit parameters: [0.5683483  0.08004609].
2019-08-01 09:09:06,586 - INFO - Maximum log composite likelihood: -22.6934402276.
2019-08-01 09:09:06,586 - INFO - Optimal value of theta: 60.6071667987.
2019-08-01 09:09:06,586 - INFO - Beginning optimization with guess, [0.93464344 0.0563282 ].
2019-08-01 09:09:06,880 - INFO - Finished optimization with guess, [0.93464344 0.0563282 ].
2019-08-01 09:09:06,881 - INFO - Best fit parameters: [0.56770382 0.07990828].
2019-08-01 09:09:06,888 - INFO - Maximum log composite likelihood: -22.6934428028.
2019-08-01 09:09:06,889 - INFO - Optimal value of theta: 60.6143253177.
2019-08-01 09:09:06,889 - INFO - Beginning optimization with guess, [0.78356899 0.06892427].
2019-08-01 09:09:07,529 - INFO - Finished optimization with guess, [0.78356899 0.06892427].
2019-08-01 09:09:07,529 - INFO - Best fit parameters: [0.5678165  0.07996669].
2019-08-01 09:09:07,537 - INFO - Maximum log composite likelihood: -22.693441943.
2019-08-01 09:09:07,537 - INFO - Optimal value of theta: 60.6151589491.
2019-08-01 09:09:07,538 - INFO - Beginning optimization with guess, [0.63695696 0.13277001].
2019-08-01 09:09:08,070 - INFO - Finished optimization with guess, [0.63695696 0.13277001].
2019-08-01 09:09:08,070 - INFO - Best fit parameters: [0.56970056 0.0807825 ].
2019-08-01 09:09:08,078 - INFO - Maximum log composite likelihood: -22.6934351965.
2019-08-01 09:09:08,078 - INFO - Optimal value of theta: 60.6189321953.
2019-08-01 09:09:08,078 - INFO - Beginning optimization with guess, [0.31237487 0.1584367 ].
2019-08-01 09:09:08,867 - INFO - Finished optimization with guess, [0.31237487 0.1584367 ].
2019-08-01 09:09:08,868 - INFO - Best fit parameters: [0.56879023 0.08043134].
2019-08-01 09:09:08,875 - INFO - Maximum log composite likelihood: -22.6934366059.
2019-08-01 09:09:08,876 - INFO - Optimal value of theta: 60.6197931238.
2019-08-01 09:09:08,876 - INFO - Beginning optimization with guess, [0.63778785 0.1125713 ].
2019-08-01 09:09:09,886 - INFO - Finished optimization with guess, [0.63778785 0.1125713 ].
2019-08-01 09:09:09,888 - INFO - Best fit parameters: [0.56784639 0.07990537].
2019-08-01 09:09:09,894 - INFO - Maximum log composite likelihood: -22.6934421731.
2019-08-01 09:09:09,895 - INFO - Optimal value of theta: 60.610714035.
2019-08-01 09:09:09,895 - INFO - Beginning optimization with guess, [0.73391785 0.12834686].
2019-08-01 09:09:10,675 - INFO - Finished optimization with guess, [0.73391785 0.12834686].
2019-08-01 09:09:10,675 - INFO - Best fit parameters: [0.56800095 0.08007088].
2019-08-01 09:09:10,683 - INFO - Maximum log composite likelihood: -22.6934406311.
2019-08-01 09:09:10,683 - INFO - Optimal value of theta: 60.6170355298.
2019-08-01 09:09:10,684 - INFO - Beginning optimization with guess, [0.4484447  0.08499825].
2019-08-01 09:09:10,957 - INFO - Finished optimization with guess, [0.4484447  0.08499825].
2019-08-01 09:09:10,958 - INFO - Best fit parameters: [0.56769527 0.07990354].
2019-08-01 09:09:10,965 - INFO - Maximum log composite likelihood: -22.6934428712.
2019-08-01 09:09:10,966 - INFO - Optimal value of theta: 60.6142431671.
2019-08-01 09:09:10,966 - INFO - Beginning optimization with guess, [0.70239494 0.15618439].
2019-08-01 09:09:11,615 - INFO - Finished optimization with guess, [0.70239494 0.15618439].
2019-08-01 09:09:11,615 - INFO - Best fit parameters: [0.5675907  0.07988706].
2019-08-01 09:09:11,623 - INFO - Maximum log composite likelihood: -22.6934436317.
2019-08-01 09:09:11,623 - INFO - Optimal value of theta: 60.6157603526.
2019-08-01 09:09:11,623 - INFO - Beginning optimization with guess, [0.85168305 0.17257969].
2019-08-01 09:09:12,002 - INFO - Finished optimization with guess, [0.85168305 0.17257969].
2019-08-01 09:09:12,002 - INFO - Best fit parameters: [0.56831013 0.07997718].
2019-08-01 09:09:12,010 - INFO - Maximum log composite likelihood: -22.6934414003.
2019-08-01 09:09:12,010 - INFO - Optimal value of theta: 60.603909703.
2019-08-01 09:09:12,010 - INFO - Beginning optimization with guess, [0.26384613 0.07221302].
2019-08-01 09:09:12,580 - INFO - Finished optimization with guess, [0.26384613 0.07221302].
2019-08-01 09:09:12,580 - INFO - Best fit parameters: [0.5676961  0.07990463].
2019-08-01 09:09:12,587 - INFO - Maximum log composite likelihood: -22.6934428624.
2019-08-01 09:09:12,588 - INFO - Optimal value of theta: 60.6142891559.
2019-08-01 09:09:12,588 - INFO - Beginning optimization with guess, [0.98415202 0.09441851].
2019-08-01 09:09:13,002 - INFO - Finished optimization with guess, [0.98415202 0.09441851].
2019-08-01 09:09:13,003 - INFO - Best fit parameters: [0.56935813 0.08054829].
2019-08-01 09:09:13,010 - INFO - Maximum log composite likelihood: -22.6934362857.
2019-08-01 09:09:13,011 - INFO - Optimal value of theta: 60.6131416569.
2019-08-01 09:09:13,011 - INFO - Beginning optimization with guess, [0.49469118 0.07098887].
2019-08-01 09:09:13,260 - INFO - Finished optimization with guess, [0.49469118 0.07098887].
2019-08-01 09:09:13,260 - INFO - Best fit parameters: [0.56769706 0.0799042 ].
2019-08-01 09:09:13,268 - INFO - Maximum log composite likelihood: -22.6934428579.
2019-08-01 09:09:13,269 - INFO - Optimal value of theta: 60.6142400806.
2019-08-01 09:09:13,269 - INFO - Beginning optimization with guess, [0.96069925 0.05347619].
2019-08-01 09:09:13,722 - INFO - Finished optimization with guess, [0.96069925 0.05347619].
2019-08-01 09:09:13,722 - INFO - Best fit parameters: [0.56769003 0.07990024].
2019-08-01 09:09:13,730 - INFO - Maximum log composite likelihood: -22.6934429145.
2019-08-01 09:09:13,730 - INFO - Optimal value of theta: 60.6141684033.
2019-08-01 09:09:13,731 - INFO - Beginning optimization with guess, [0.41906298 0.06384585].
2019-08-01 09:09:14,252 - INFO - Finished optimization with guess, [0.41906298 0.06384585].
2019-08-01 09:09:14,252 - INFO - Best fit parameters: [0.5677448  0.07991715].
2019-08-01 09:09:14,260 - INFO - Maximum log composite likelihood: -22.6934425291.
2019-08-01 09:09:14,260 - INFO - Optimal value of theta: 60.6138768813.
2019-08-01 09:09:14,260 - INFO - Beginning optimization with guess, [0.82108147 0.11480253].
2019-08-01 09:09:14,949 - INFO - Finished optimization with guess, [0.82108147 0.11480253].
2019-08-01 09:09:14,949 - INFO - Best fit parameters: [0.56940944 0.08060522].
2019-08-01 09:09:14,956 - INFO - Maximum log composite likelihood: -22.6934358043.
2019-08-01 09:09:14,957 - INFO - Optimal value of theta: 60.6153232574.
2019-08-01 09:09:14,957 - INFO - Beginning optimization with guess, [0.50189834 0.09265093].
2019-08-01 09:09:15,525 - INFO - Finished optimization with guess, [0.50189834 0.09265093].
2019-08-01 09:09:15,526 - INFO - Best fit parameters: [0.5693363  0.08086597].
2019-08-01 09:09:15,533 - INFO - Maximum log composite likelihood: -22.693436161.
2019-08-01 09:09:15,534 - INFO - Optimal value of theta: 60.632718861.
2019-08-01 09:09:15,534 - INFO - Beginning optimization with guess, [0.95581098 0.07791233].
2019-08-01 09:09:15,988 - INFO - Finished optimization with guess, [0.95581098 0.07791233].
2019-08-01 09:09:15,989 - INFO - Best fit parameters: [0.56688651 0.07940017].
2019-08-01 09:09:15,996 - INFO - Maximum log composite likelihood: -22.6934514937.
2019-08-01 09:09:15,997 - INFO - Optimal value of theta: 60.6029942635.
2019-08-01 09:09:15,997 - INFO - Beginning optimization with guess, [0.348182   0.15326429].
2019-08-01 09:09:16,823 - INFO - Finished optimization with guess, [0.348182   0.15326429].
2019-08-01 09:09:16,824 - INFO - Best fit parameters: [0.56779964 0.07992942].
2019-08-01 09:09:16,831 - INFO - Maximum log composite likelihood: -22.6934421837.
2019-08-01 09:09:16,832 - INFO - Optimal value of theta: 60.613301384.
2019-08-01 09:09:16,832 - INFO - Beginning optimization with guess, [0.65286362 0.06634352].
2019-08-01 09:09:17,171 - INFO - Finished optimization with guess, [0.65286362 0.06634352].
2019-08-01 09:09:17,171 - INFO - Best fit parameters: [0.56768897 0.07990012].
2019-08-01 09:09:17,179 - INFO - Maximum log composite likelihood: -22.6934429214.
2019-08-01 09:09:17,179 - INFO - Optimal value of theta: 60.6141868804.
2019-08-01 09:09:17,179 - INFO - Beginning optimization with guess, [0.47375852 0.13242323].
2019-08-01 09:09:17,641 - INFO - Finished optimization with guess, [0.47375852 0.13242323].
2019-08-01 09:09:17,641 - INFO - Best fit parameters: [0.56960163 0.08073639].
2019-08-01 09:09:17,648 - INFO - Maximum log composite likelihood: -22.6934352343.
2019-08-01 09:09:17,649 - INFO - Optimal value of theta: 60.6185563816.
2019-08-01 09:09:17,649 - INFO - Beginning optimization with guess, [0.4852138 0.0738117].
2019-08-01 09:09:18,330 - INFO - Finished optimization with guess, [0.4852138 0.0738117].
2019-08-01 09:09:18,330 - INFO - Best fit parameters: [0.56900528 0.08068691].
2019-08-01 09:09:18,338 - INFO - Maximum log composite likelihood: -22.6934366227.
2019-08-01 09:09:18,338 - INFO - Optimal value of theta: 60.6299761595.
2019-08-01 09:09:18,338 - INFO - Beginning optimization with guess, [0.27875622 0.09915075].
2019-08-01 09:09:19,112 - INFO - Finished optimization with guess, [0.27875622 0.09915075].
2019-08-01 09:09:19,112 - INFO - Best fit parameters: [0.56809564 0.08001801].
2019-08-01 09:09:19,120 - INFO - Maximum log composite likelihood: -22.6934405296.
2019-08-01 09:09:19,120 - INFO - Optimal value of theta: 60.611548837.
2019-08-01 09:09:19,121 - INFO - Beginning optimization with guess, [0.54494279 0.17806869].
2019-08-01 09:09:19,860 - INFO - Finished optimization with guess, [0.54494279 0.17806869].
2019-08-01 09:09:19,860 - INFO - Best fit parameters: [0.56942128 0.08059392].
2019-08-01 09:09:19,868 - INFO - Maximum log composite likelihood: -22.6934359867.
2019-08-01 09:09:19,868 - INFO - Optimal value of theta: 60.6143598731.
2019-08-01 09:09:19,868 - INFO - Beginning optimization with guess, [0.5547763  0.10343457].
2019-08-01 09:09:20,370 - INFO - Finished optimization with guess, [0.5547763  0.10343457].
2019-08-01 09:09:20,370 - INFO - Best fit parameters: [0.56863858 0.08034964].
2019-08-01 09:09:20,378 - INFO - Maximum log composite likelihood: -22.693437225.
2019-08-01 09:09:20,378 - INFO - Optimal value of theta: 60.6185236475.
2019-08-01 09:09:20,379 - INFO - Beginning optimization with guess, [0.31246579 0.06048545].
2019-08-01 09:09:21,032 - INFO - Finished optimization with guess, [0.31246579 0.06048545].
2019-08-01 09:09:21,032 - INFO - Best fit parameters: [0.5695075  0.08071145].
2019-08-01 09:09:21,040 - INFO - Maximum log composite likelihood: -22.6934351739.
2019-08-01 09:09:21,041 - INFO - Optimal value of theta: 60.6193314986.
2019-08-01 09:09:21,041 - INFO - Beginning optimization with guess, [0.36026862 0.12829506].
2019-08-01 09:09:21,499 - INFO - Finished optimization with guess, [0.36026862 0.12829506].
2019-08-01 09:09:21,499 - INFO - Best fit parameters: [0.56803656 0.08007467].
2019-08-01 09:09:21,506 - INFO - Maximum log composite likelihood: -22.6934404209.
2019-08-01 09:09:21,507 - INFO - Optimal value of theta: 60.6164073125.
2019-08-01 09:09:21,507 - INFO - Beginning optimization with guess, [0.26701192 0.0559284 ].
2019-08-01 09:09:22,274 - INFO - Finished optimization with guess, [0.26701192 0.0559284 ].
2019-08-01 09:09:22,274 - INFO - Best fit parameters: [0.56794243 0.08004925].
2019-08-01 09:09:22,282 - INFO - Maximum log composite likelihood: -22.6934410169.
2019-08-01 09:09:22,282 - INFO - Optimal value of theta: 60.6171345548.
2019-08-01 09:09:22,283 - INFO - Beginning optimization with guess, [0.5000885  0.10619215].
2019-08-01 09:09:22,740 - INFO - Finished optimization with guess, [0.5000885  0.10619215].
2019-08-01 09:09:22,741 - INFO - Best fit parameters: [0.56975959 0.08088718].
2019-08-01 09:09:22,748 - INFO - Maximum log composite likelihood: -22.6934348333.
2019-08-01 09:09:22,749 - INFO - Optimal value of theta: 60.623770328.
2019-08-01 09:09:22,749 - INFO - Beginning optimization with guess, [0.33175323 0.13380579].
2019-08-01 09:09:23,482 - INFO - Finished optimization with guess, [0.33175323 0.13380579].
2019-08-01 09:09:23,485 - INFO - Best fit parameters: [0.56937786 0.08057928].
2019-08-01 09:09:23,491 - INFO - Maximum log composite likelihood: -22.6934359765.
2019-08-01 09:09:23,492 - INFO - Optimal value of theta: 60.6145271444.
2019-08-01 09:09:23,492 - INFO - Beginning optimization with guess, [0.37578697 0.05536931].
2019-08-01 09:09:24,033 - INFO - Finished optimization with guess, [0.37578697 0.05536931].
2019-08-01 09:09:24,033 - INFO - Best fit parameters: [0.56780235 0.08002179].
2019-08-01 09:09:24,041 - INFO - Maximum log composite likelihood: -22.6934420359.
2019-08-01 09:09:24,042 - INFO - Optimal value of theta: 60.6188450314.
2019-08-01 09:09:24,042 - INFO - Beginning optimization with guess, [0.88179633 0.1553663 ].
2019-08-01 09:09:25,280 - INFO - Finished optimization with guess, [0.88179633 0.1553663 ].
2019-08-01 09:09:25,280 - INFO - Best fit parameters: [0.56792829 0.07991875].
2019-08-01 09:09:25,288 - INFO - Maximum log composite likelihood: -22.6934418475.
2019-08-01 09:09:25,288 - INFO - Optimal value of theta: 60.6095551104.
2019-08-01 09:09:25,288 - INFO - Beginning optimization with guess, [0.44134538 0.11193062].
2019-08-01 09:09:25,952 - INFO - Finished optimization with guess, [0.44134538 0.11193062].
2019-08-01 09:09:25,952 - INFO - Best fit parameters: [0.56957084 0.08083689].
2019-08-01 09:09:25,960 - INFO - Maximum log composite likelihood: -22.6934348998.
2019-08-01 09:09:25,960 - INFO - Optimal value of theta: 60.6253161127.
2019-08-01 09:09:25,960 - INFO - Beginning optimization with guess, [0.74511219 0.0659642 ].
2019-08-01 09:09:27,142 - INFO - Finished optimization with guess, [0.74511219 0.0659642 ].
2019-08-01 09:09:27,142 - INFO - Best fit parameters: [0.56810573 0.08006296].
2019-08-01 09:09:27,150 - INFO - Maximum log composite likelihood: -22.6934401617.
2019-08-01 09:09:27,150 - INFO - Optimal value of theta: 60.6140308704.
2019-08-01 09:09:27,150 - INFO - Beginning optimization with guess, [0.54377312 0.14646011].
2019-08-01 09:09:27,911 - INFO - Finished optimization with guess, [0.54377312 0.14646011].
2019-08-01 09:09:27,911 - INFO - Best fit parameters: [0.5694832  0.08066803].
2019-08-01 09:09:27,919 - INFO - Maximum log composite likelihood: -22.693435437.
2019-08-01 09:09:27,919 - INFO - Optimal value of theta: 60.6173138075.
2019-08-01 09:09:27,919 - INFO - Beginning optimization with guess, [0.91829222 0.14250753].
2019-08-01 09:09:28,454 - INFO - Finished optimization with guess, [0.91829222 0.14250753].
2019-08-01 09:09:28,454 - INFO - Best fit parameters: [0.56773442 0.07994886].
2019-08-01 09:09:28,462 - INFO - Maximum log composite likelihood: -22.6934425122.
2019-08-01 09:09:28,462 - INFO - Optimal value of theta: 60.6160537417.
2019-08-01 09:09:28,462 - INFO - Beginning optimization with guess, [0.64218864 0.0618575 ].
2019-08-01 09:09:28,985 - INFO - Finished optimization with guess, [0.64218864 0.0618575 ].
2019-08-01 09:09:28,986 - INFO - Best fit parameters: [0.56813115 0.08015099].
2019-08-01 09:09:28,993 - INFO - Maximum log composite likelihood: -22.6934397999.
2019-08-01 09:09:28,994 - INFO - Optimal value of theta: 60.6187511703.
2019-08-01 09:09:28,994 - INFO - Beginning optimization with guess, [0.88149692 0.06588469].
2019-08-01 09:09:30,019 - INFO - Finished optimization with guess, [0.88149692 0.06588469].
2019-08-01 09:09:30,019 - INFO - Best fit parameters: [0.56829449 0.08015663].
2019-08-01 09:09:30,026 - INFO - Maximum log composite likelihood: -22.6934390249.
2019-08-01 09:09:30,027 - INFO - Optimal value of theta: 60.6151556695.
2019-08-01 09:09:30,027 - INFO - Beginning optimization with guess, [0.93366673 0.09694957].
2019-08-01 09:09:30,804 - INFO - Finished optimization with guess, [0.93366673 0.09694957].
2019-08-01 09:09:30,805 - INFO - Best fit parameters: [0.5678242  0.07997384].
2019-08-01 09:09:30,813 - INFO - Maximum log composite likelihood: -22.6934418779.
2019-08-01 09:09:30,813 - INFO - Optimal value of theta: 60.6154078007.
2019-08-01 09:09:30,813 - INFO - Beginning optimization with guess, [0.28486119 0.14960616].
2019-08-01 09:09:31,442 - INFO - Finished optimization with guess, [0.28486119 0.14960616].
2019-08-01 09:09:31,442 - INFO - Best fit parameters: [0.56929436 0.0804816 ].
2019-08-01 09:09:31,450 - INFO - Maximum log composite likelihood: -22.693436954.
2019-08-01 09:09:31,450 - INFO - Optimal value of theta: 60.6106699432.
2019-08-01 09:09:31,450 - INFO - Beginning optimization with guess, [0.42693991 0.12672482].
2019-08-01 09:09:32,095 - INFO - Finished optimization with guess, [0.42693991 0.12672482].
2019-08-01 09:09:32,095 - INFO - Best fit parameters: [0.5682432 0.0801708].
2019-08-01 09:09:32,103 - INFO - Maximum log composite likelihood: -22.693439168.
2019-08-01 09:09:32,103 - INFO - Optimal value of theta: 60.6172486975.
2019-08-01 09:09:32,103 - INFO - Beginning optimization with guess, [0.77112277 0.09779624].
2019-08-01 09:09:32,895 - INFO - Finished optimization with guess, [0.77112277 0.09779624].
2019-08-01 09:09:32,895 - INFO - Best fit parameters: [0.56789219 0.08001066].
2019-08-01 09:09:32,903 - INFO - Maximum log composite likelihood: -22.6934413834.
2019-08-01 09:09:32,903 - INFO - Optimal value of theta: 60.6160044279.
2019-08-01 09:09:32,904 - INFO - Beginning optimization with guess, [0.72159435 0.10518615].
2019-08-01 09:09:34,138 - INFO - Finished optimization with guess, [0.72159435 0.10518615].
2019-08-01 09:09:34,139 - INFO - Best fit parameters: [0.56960349 0.08092366].
2019-08-01 09:09:34,146 - INFO - Maximum log composite likelihood: -22.6934351898.
2019-08-01 09:09:34,147 - INFO - Optimal value of theta: 60.6297182377.
2019-08-01 09:09:34,147 - INFO - Beginning optimization with guess, [0.89568844 0.06376363].
2019-08-01 09:09:34,586 - INFO - Finished optimization with guess, [0.89568844 0.06376363].
2019-08-01 09:09:34,586 - INFO - Best fit parameters: [0.56785173 0.07996504].
2019-08-01 09:09:34,594 - INFO - Maximum log composite likelihood: -22.6934417528.
2019-08-01 09:09:34,594 - INFO - Optimal value of theta: 60.6142100817.
2019-08-01 09:09:34,594 - INFO - Beginning optimization with guess, [0.31319001 0.12426504].
2019-08-01 09:09:35,367 - INFO - Finished optimization with guess, [0.31319001 0.12426504].
2019-08-01 09:09:35,367 - INFO - Best fit parameters: [0.56961419 0.0808763 ].
2019-08-01 09:09:35,375 - INFO - Maximum log composite likelihood: -22.6934349156.
2019-08-01 09:09:35,375 - INFO - Optimal value of theta: 60.626628202.
2019-08-01 09:09:35,376 - INFO - Beginning optimization with guess, [0.2862321  0.09616121].
2019-08-01 09:09:35,677 - INFO - Finished optimization with guess, [0.2862321  0.09616121].
2019-08-01 09:09:35,678 - INFO - Best fit parameters: [0.56769871 0.07990524].
2019-08-01 09:09:35,685 - INFO - Maximum log composite likelihood: -22.6934428443.
2019-08-01 09:09:35,686 - INFO - Optimal value of theta: 60.614263196.
2019-08-01 09:09:35,686 - INFO - Beginning optimization with guess, [0.44606917 0.10801596].
2019-08-01 09:09:36,151 - INFO - Finished optimization with guess, [0.44606917 0.10801596].
2019-08-01 09:09:36,152 - INFO - Best fit parameters: [0.5681745  0.08014664].
2019-08-01 09:09:36,160 - INFO - Maximum log composite likelihood: -22.6934395523.
2019-08-01 09:09:36,160 - INFO - Optimal value of theta: 60.6174426415.
2019-08-01 09:09:36,160 - INFO - Beginning optimization with guess, [0.6647576  0.15785434].
2019-08-01 09:09:37,262 - INFO - Finished optimization with guess, [0.6647576  0.15785434].
2019-08-01 09:09:37,262 - INFO - Best fit parameters: [0.56883171 0.08024866].
2019-08-01 09:09:37,270 - INFO - Maximum log composite likelihood: -22.693438479.
2019-08-01 09:09:37,270 - INFO - Optimal value of theta: 60.6077779283.
2019-08-01 09:09:37,270 - INFO - Beginning optimization with guess, [0.3268885  0.09032838].
2019-08-01 09:09:38,153 - INFO - Finished optimization with guess, [0.3268885  0.09032838].
2019-08-01 09:09:38,153 - INFO - Best fit parameters: [0.56771541 0.07991004].
2019-08-01 09:09:38,161 - INFO - Maximum log composite likelihood: -22.6934427266.
2019-08-01 09:09:38,161 - INFO - Optimal value of theta: 60.614153006.
2019-08-01 09:09:38,161 - INFO - Beginning optimization with guess, [0.62438984 0.08025256].
2019-08-01 09:09:38,790 - INFO - Finished optimization with guess, [0.62438984 0.08025256].
2019-08-01 09:09:38,790 - INFO - Best fit parameters: [0.56950028 0.08062364].
2019-08-01 09:09:38,798 - INFO - Maximum log composite likelihood: -22.6934359897.
2019-08-01 09:09:38,798 - INFO - Optimal value of theta: 60.6142397917.
2019-08-01 09:09:38,798 - INFO - Beginning optimization with guess, [0.33572625 0.13506692].
2019-08-01 09:09:39,502 - INFO - Finished optimization with guess, [0.33572625 0.13506692].
2019-08-01 09:09:39,502 - INFO - Best fit parameters: [0.56946329 0.08085063].
2019-08-01 09:09:39,510 - INFO - Maximum log composite likelihood: -22.6934352619.
2019-08-01 09:09:39,510 - INFO - Optimal value of theta: 60.628734353.
2019-08-01 09:09:39,511 - INFO - Beginning optimization with guess, [0.72901061 0.10332552].
2019-08-01 09:09:40,534 - INFO - Finished optimization with guess, [0.72901061 0.10332552].
2019-08-01 09:09:40,535 - INFO - Best fit parameters: [0.56848767 0.08026667].
2019-08-01 09:09:40,542 - INFO - Maximum log composite likelihood: -22.6934379424.
2019-08-01 09:09:40,543 - INFO - Optimal value of theta: 60.6171531877.
2019-08-01 09:09:40,543 - INFO - Beginning optimization with guess, [0.50583    0.05616546].
2019-08-01 09:09:41,028 - INFO - Finished optimization with guess, [0.50583    0.05616546].
2019-08-01 09:09:41,029 - INFO - Best fit parameters: [0.56802488 0.08000334].
2019-08-01 09:09:41,036 - INFO - Maximum log composite likelihood: -22.6934408256.
2019-08-01 09:09:41,037 - INFO - Optimal value of theta: 60.6123632153.
2019-08-01 09:09:41,037 - INFO - Beginning optimization with guess, [0.70515062 0.10364672].
2019-08-01 09:09:41,647 - INFO - Finished optimization with guess, [0.70515062 0.10364672].
2019-08-01 09:09:41,647 - INFO - Best fit parameters: [0.56825649 0.08014175].
2019-08-01 09:09:41,655 - INFO - Maximum log composite likelihood: -22.6934392218.
2019-08-01 09:09:41,655 - INFO - Optimal value of theta: 60.6151703984.
2019-08-01 09:09:41,655 - INFO - Beginning optimization with guess, [0.52955242 0.10330816].
2019-08-01 09:09:42,587 - INFO - Finished optimization with guess, [0.52955242 0.10330816].
2019-08-01 09:09:42,588 - INFO - Best fit parameters: [0.56786828 0.07999722].
2019-08-01 09:09:42,595 - INFO - Maximum log composite likelihood: -22.6934415561.
2019-08-01 09:09:42,596 - INFO - Optimal value of theta: 60.6157646892.
2019-08-01 09:09:42,596 - INFO - Beginning optimization with guess, [0.28176394 0.11803759].
2019-08-01 09:09:43,458 - INFO - Finished optimization with guess, [0.28176394 0.11803759].
2019-08-01 09:09:43,459 - INFO - Best fit parameters: [0.56819041 0.08001537].
2019-08-01 09:09:43,466 - INFO - Maximum log composite likelihood: -22.6934404777.
2019-08-01 09:09:43,467 - INFO - Optimal value of theta: 60.609106329.
2019-08-01 09:09:43,467 - INFO - Beginning optimization with guess, [0.80609931 0.09366036].
2019-08-01 09:09:44,186 - INFO - Finished optimization with guess, [0.80609931 0.09366036].
2019-08-01 09:09:44,186 - INFO - Best fit parameters: [0.5679233  0.08003604].
2019-08-01 09:09:44,194 - INFO - Maximum log composite likelihood: -22.6934411513.
2019-08-01 09:09:44,194 - INFO - Optimal value of theta: 60.6167944678.
2019-08-01 09:09:44,194 - INFO - Beginning optimization with guess, [0.33850745 0.14018379].
2019-08-01 09:09:44,781 - INFO - Finished optimization with guess, [0.33850745 0.14018379].
2019-08-01 09:09:44,782 - INFO - Best fit parameters: [0.56805651 0.07998439].
2019-08-01 09:09:44,789 - INFO - Maximum log composite likelihood: -22.6934409304.
2019-08-01 09:09:44,790 - INFO - Optimal value of theta: 60.6104515828.
2019-08-01 09:09:44,790 - INFO - Beginning optimization with guess, [0.71166012 0.08222339].
2019-08-01 09:09:45,929 - INFO - Finished optimization with guess, [0.71166012 0.08222339].
2019-08-01 09:09:45,929 - INFO - Best fit parameters: [0.56912851 0.08059857].
2019-08-01 09:09:45,937 - INFO - Maximum log composite likelihood: -22.693435575.
2019-08-01 09:09:45,937 - INFO - Optimal value of theta: 60.6216968936.
2019-08-01 09:09:45,937 - INFO - Beginning optimization with guess, [0.40559299 0.12417225].
2019-08-01 09:09:46,745 - INFO - Finished optimization with guess, [0.40559299 0.12417225].
2019-08-01 09:09:46,745 - INFO - Best fit parameters: [0.56957663 0.08069353].
2019-08-01 09:09:46,753 - INFO - Maximum log composite likelihood: -22.6934355295.
2019-08-01 09:09:46,753 - INFO - Optimal value of theta: 60.6165910135.
2019-08-01 09:09:46,754 - INFO - Beginning optimization with guess, [0.77902716 0.08156863].
2019-08-01 09:09:47,374 - INFO - Finished optimization with guess, [0.77902716 0.08156863].
2019-08-01 09:09:47,375 - INFO - Best fit parameters: [0.56865367 0.08057854].
2019-08-01 09:09:47,382 - INFO - Maximum log composite likelihood: -22.6934385986.
2019-08-01 09:09:47,383 - INFO - Optimal value of theta: 60.6319517808.
2019-08-01 09:09:47,383 - INFO - Beginning optimization with guess, [0.9192443  0.06679062].
2019-08-01 09:09:47,657 - INFO - Finished optimization with guess, [0.9192443  0.06679062].
2019-08-01 09:09:47,658 - INFO - Best fit parameters: [0.56770346 0.07990763].
2019-08-01 09:09:47,665 - INFO - Maximum log composite likelihood: -22.6934428072.
2019-08-01 09:09:47,666 - INFO - Optimal value of theta: 60.6142946299.
2019-08-01 09:09:47,666 - INFO - Beginning optimization with guess, [0.80121874 0.13301255].
2019-08-01 09:09:48,336 - INFO - Finished optimization with guess, [0.80121874 0.13301255].
2019-08-01 09:09:48,336 - INFO - Best fit parameters: [0.5695439  0.08066064].
2019-08-01 09:09:48,344 - INFO - Maximum log composite likelihood: -22.6934357462.
2019-08-01 09:09:48,344 - INFO - Optimal value of theta: 60.6154078942.
2019-08-01 09:09:48,345 - INFO - Beginning optimization with guess, [0.47339661 0.07378461].
2019-08-01 09:09:48,617 - INFO - Finished optimization with guess, [0.47339661 0.07378461].
2019-08-01 09:09:48,617 - INFO - Best fit parameters: [0.5676969  0.07990437].
2019-08-01 09:09:48,624 - INFO - Maximum log composite likelihood: -22.6934428584.
2019-08-01 09:09:48,625 - INFO - Optimal value of theta: 60.6142540904.
2019-08-01 09:09:48,625 - INFO - Beginning optimization with guess, [0.28437198 0.08688307].
2019-08-01 09:09:49,078 - INFO - Finished optimization with guess, [0.28437198 0.08688307].
2019-08-01 09:09:49,078 - INFO - Best fit parameters: [0.56778046 0.07988765].
2019-08-01 09:09:49,086 - INFO - Maximum log composite likelihood: -22.6934425433.
2019-08-01 09:09:49,086 - INFO - Optimal value of theta: 60.6112248995.
2019-08-01 09:09:49,087 - INFO - Beginning optimization with guess, [0.65404392 0.15904741].
2019-08-01 09:09:49,812 - INFO - Finished optimization with guess, [0.65404392 0.15904741].
2019-08-01 09:09:49,813 - INFO - Best fit parameters: [0.56939263 0.08085811].
2019-08-01 09:09:49,822 - INFO - Maximum log composite likelihood: -22.6934356885.
2019-08-01 09:09:49,822 - INFO - Optimal value of theta: 60.6308881188.
2019-08-01 09:09:49,822 - INFO - Beginning optimization with guess, [0.372568   0.08207824].
2019-08-01 09:09:51,106 - INFO - Finished optimization with guess, [0.372568   0.08207824].
2019-08-01 09:09:51,107 - INFO - Best fit parameters: [0.56825064 0.08020234].
2019-08-01 09:09:51,114 - INFO - Maximum log composite likelihood: -22.693439097.
2019-08-01 09:09:51,115 - INFO - Optimal value of theta: 60.6189776061.
2019-08-01 09:09:51,115 - INFO - Beginning optimization with guess, [0.25413366 0.11523823].
2019-08-01 09:09:51,711 - INFO - Finished optimization with guess, [0.25413366 0.11523823].
2019-08-01 09:09:51,712 - INFO - Best fit parameters: [0.56840497 0.08009261].
2019-08-01 09:09:51,719 - INFO - Maximum log composite likelihood: -22.6934396119.
2019-08-01 09:09:51,720 - INFO - Optimal value of theta: 60.608619825.
2019-08-01 09:09:51,720 - INFO - Beginning optimization with guess, [0.31917844 0.15146786].
2019-08-01 09:09:52,778 - INFO - Finished optimization with guess, [0.31917844 0.15146786].
2019-08-01 09:09:52,778 - INFO - Best fit parameters: [0.56894335 0.08052143].
2019-08-01 09:09:52,786 - INFO - Maximum log composite likelihood: -22.6934360744.
2019-08-01 09:09:52,786 - INFO - Optimal value of theta: 60.6215247376.
2019-08-01 09:09:52,786 - INFO - Beginning optimization with guess, [0.38615227 0.08568841].
2019-08-01 09:09:53,492 - INFO - Finished optimization with guess, [0.38615227 0.08568841].
2019-08-01 09:09:53,492 - INFO - Best fit parameters: [0.56813158 0.0799791 ].
2019-08-01 09:09:53,500 - INFO - Maximum log composite likelihood: -22.693440953.
2019-08-01 09:09:53,500 - INFO - Optimal value of theta: 60.608323697.
2019-08-01 09:09:53,500 - INFO - Beginning optimization with guess, [0.34306162 0.12288443].
2019-08-01 09:09:54,299 - INFO - Finished optimization with guess, [0.34306162 0.12288443].
2019-08-01 09:09:54,299 - INFO - Best fit parameters: [0.56947121 0.08071155].
2019-08-01 09:09:54,307 - INFO - Maximum log composite likelihood: -22.6934351172.
2019-08-01 09:09:54,307 - INFO - Optimal value of theta: 60.620212303.
2019-08-01 09:09:54,308 - INFO - Beginning optimization with guess, [0.64356758 0.10035787].
2019-08-01 09:09:55,563 - INFO - Finished optimization with guess, [0.64356758 0.10035787].
2019-08-01 09:09:55,563 - INFO - Best fit parameters: [0.56795111 0.08003627].
2019-08-01 09:09:55,571 - INFO - Maximum log composite likelihood: -22.6934409823.
2019-08-01 09:09:55,571 - INFO - Optimal value of theta: 60.616137962.
2019-08-01 09:09:55,572 - INFO - Finished demographic inference.
2019-08-01 09:09:55,572 - INFO - Beginning DFE inference.
2019-08-01 09:09:57,590 - INFO - Beginning optimization with guess, [4.97610742e-02 8.22132306e+01].
2019-08-01 09:09:58,813 - INFO - Finished optomization, results are [-20.039466003774116 array([  0.22805561, 105.86784628])].
2019-08-01 09:09:58,813 - INFO - Beginning optimization with guess, [5.74295325e-02 9.49895281e+01].
2019-08-01 09:10:05,760 - INFO - Finished optomization, results are [-20.03944299481315 array([  0.22820672, 105.68553209])].
2019-08-01 09:10:05,761 - INFO - Beginning optimization with guess, [ 0.1678011  86.03547892].
2019-08-01 09:10:12,066 - INFO - Finished optomization, results are [-20.039260005261156 array([  0.23045558, 102.31794126])].
2019-08-01 09:10:12,067 - INFO - Beginning optimization with guess, [6.67065469e-02 1.54762933e+02].
2019-08-01 09:10:17,554 - INFO - Finished optomization, results are [-20.039465830372336 array([  0.22805687, 105.86544727])].
2019-08-01 09:10:17,555 - INFO - Beginning optimization with guess, [1.51236139e-01 2.88672317e+02].
2019-08-01 09:10:21,730 - INFO - Finished optomization, results are [-20.039465508870435 array([  0.22806165, 105.84843612])].
2019-08-01 09:10:21,731 - INFO - Beginning optimization with guess, [1.09814239e-01 2.91061345e+02].
2019-08-01 09:10:30,143 - INFO - Finished optomization, results are [-20.039443839651 array([  0.22821988, 105.5744618 ])].
2019-08-01 09:10:30,144 - INFO - Beginning optimization with guess, [7.83692334e-02 1.43047882e+02].
2019-08-01 09:10:31,011 - INFO - Finished optomization, results are [-20.03946594161846 array([  0.22805603, 105.86718888])].
2019-08-01 09:10:31,011 - INFO - Beginning optimization with guess, [1.54412301e-01 1.84478091e+02].
2019-08-01 09:10:39,441 - INFO - Finished optomization, results are [-20.039465126093436 array([  0.22806223, 105.85450492])].
2019-08-01 09:10:39,442 - INFO - Beginning optimization with guess, [8.76447083e-02 2.60949895e+02].
2019-08-01 09:10:48,931 - INFO - Finished optomization, results are [-20.03943908093116 array([  0.22843401, 105.05195295])].
2019-08-01 09:10:48,932 - INFO - Beginning optimization with guess, [6.94369884e-02 2.05094030e+02].
2019-08-01 09:10:57,258 - INFO - Finished optomization, results are [-20.039465740399223 array([  0.22805803, 105.86147045])].
2019-08-01 09:10:57,259 - INFO - Beginning optimization with guess, [4.92967725e-02 2.38923142e+02].
2019-08-01 09:11:05,285 - INFO - Finished optomization, results are [-20.039465861896147 array([  0.22805661, 105.86606497])].
2019-08-01 09:11:05,285 - INFO - Beginning optimization with guess, [6.71126417e-02 1.58752778e+02].
2019-08-01 09:11:06,659 - INFO - Finished optomization, results are [-20.039465941095578 array([  0.22805603, 105.8671671 ])].
2019-08-01 09:11:06,671 - INFO - Beginning optimization with guess, [6.43667582e-02 2.82001238e+02].
2019-08-01 09:11:12,780 - INFO - Finished optomization, results are [-20.039464007264634 array([  0.22807541, 105.8154348 ])].
2019-08-01 09:11:12,781 - INFO - Beginning optimization with guess, [9.48965793e-02 1.88517199e+02].
2019-08-01 09:11:17,907 - INFO - Finished optomization, results are [-20.039464644114343 array([  0.22806614, 105.84584119])].
2019-08-01 09:11:17,908 - INFO - Beginning optimization with guess, [1.23441950e-01 1.85377109e+02].
2019-08-01 09:11:22,705 - INFO - Finished optomization, results are [-20.039465836477557 array([  0.22805695, 105.8648702 ])].
2019-08-01 09:11:22,705 - INFO - Beginning optimization with guess, [  0.15535059 113.81775272].
2019-08-01 09:11:28,776 - INFO - Finished optomization, results are [-20.03945425699036 array([  0.22812941, 105.78332355])].
2019-08-01 09:11:28,777 - INFO - Beginning optimization with guess, [1.42276048e-01 2.88388444e+02].
2019-08-01 09:11:34,140 - INFO - Finished optomization, results are [-20.039465941114987 array([  0.22805601, 105.86728775])].
2019-08-01 09:11:34,140 - INFO - Beginning optimization with guess, [1.12436194e-01 1.45050600e+02].
2019-08-01 09:11:39,714 - INFO - Finished optomization, results are [-20.039465750424974 array([  0.2280574 , 105.86463999])].
2019-08-01 09:11:39,714 - INFO - Beginning optimization with guess, [1.44714946e-01 1.80695979e+02].
2019-08-01 09:11:44,231 - INFO - Finished optomization, results are [-20.03946349262275 array([  0.22807391, 105.83342302])].
2019-08-01 09:11:44,232 - INFO - Beginning optimization with guess, [1.71358506e-01 1.86608405e+02].
2019-08-01 09:11:44,938 - INFO - Finished optomization, results are [-20.039465941361488 array([  0.22805603, 105.86717761])].
2019-08-01 09:11:44,938 - INFO - Beginning optimization with guess, [  0.17303364 146.62794836].
2019-08-01 09:11:45,645 - INFO - Finished optomization, results are [-20.039466067278546 array([  0.22805519, 105.86853336])].
2019-08-01 09:11:45,646 - INFO - Beginning optimization with guess, [ 0.17238211 95.60591878].
2019-08-01 09:11:52,647 - INFO - Finished optomization, results are [-20.039332393079572 array([  0.22921008, 104.00075707])].
2019-08-01 09:11:52,648 - INFO - Beginning optimization with guess, [7.8724487e-02 1.0291408e+02].
2019-08-01 09:11:58,385 - INFO - Finished optomization, results are [-20.039464714909947 array([  0.22808131, 105.78056754])].
2019-08-01 09:11:58,385 - INFO - Beginning optimization with guess, [4.93503066e-02 1.32926876e+02].
2019-08-01 09:11:59,395 - INFO - Finished optomization, results are [-20.039465942372658 array([  0.22805602, 105.86719462])].
2019-08-01 09:11:59,395 - INFO - Beginning optimization with guess, [  0.15502659 151.65376885].
2019-08-01 09:12:04,689 - INFO - Finished optomization, results are [-20.03946563235165 array([  0.22805822, 105.86324807])].
2019-08-01 09:12:04,690 - INFO - Beginning optimization with guess, [ 0.11418852 88.83695009].
2019-08-01 09:12:07,093 - INFO - Finished optomization, results are [-20.039265909556832 array([  0.23069341, 101.68129104])].
2019-08-01 09:12:07,094 - INFO - Beginning optimization with guess, [1.37491182e-01 1.44293370e+02].
2019-08-01 09:12:07,882 - INFO - Finished optomization, results are [-20.03946594798554 array([  0.22805599, 105.86726041])].
2019-08-01 09:12:07,882 - INFO - Beginning optimization with guess, [1.26229080e-01 1.84922373e+02].
2019-08-01 09:12:08,675 - INFO - Finished optomization, results are [-20.03946595543422 array([  0.22805594, 105.8672903 ])].
2019-08-01 09:12:08,675 - INFO - Beginning optimization with guess, [1.61968176e-01 2.12006266e+02].
2019-08-01 09:12:09,389 - INFO - Finished optomization, results are [-20.039465960217584 array([  0.2280559 , 105.86739306])].
2019-08-01 09:12:09,389 - INFO - Beginning optimization with guess, [4.60165299e-02 9.62744948e+01].
2019-08-01 09:12:10,580 - INFO - Finished optomization, results are [-20.03946598681801 array([  0.22805572, 105.86768705])].
2019-08-01 09:12:10,580 - INFO - Beginning optimization with guess, [1.06327039e-01 1.36266765e+02].
2019-08-01 09:12:14,923 - INFO - Finished optomization, results are [-20.039465901925755 array([  0.22805631, 105.86666307])].
2019-08-01 09:12:14,924 - INFO - Beginning optimization with guess, [6.2038414e-02 1.8833270e+02].
2019-08-01 09:12:19,133 - INFO - Finished optomization, results are [-20.039465489163113 array([  0.22805918, 105.86173138])].
2019-08-01 09:12:19,134 - INFO - Beginning optimization with guess, [7.07029905e-02 1.98697126e+02].
2019-08-01 09:12:22,697 - INFO - Finished optomization, results are [-20.039465688865384 array([  0.22805839, 105.86083149])].
2019-08-01 09:12:22,697 - INFO - Beginning optimization with guess, [ 0.15533262 76.52141616].
2019-08-01 09:12:28,363 - INFO - Finished optomization, results are [-20.03934840239521 array([  0.22967821, 103.01184516])].
2019-08-01 09:12:28,365 - INFO - Beginning optimization with guess, [  0.17190594 114.38335797].
2019-08-01 09:12:33,163 - INFO - Finished optomization, results are [-20.039465938531666 array([  0.22805612, 105.86676714])].
2019-08-01 09:12:33,164 - INFO - Beginning optimization with guess, [ 0.15507227 76.3753051 ].
2019-08-01 09:12:38,677 - INFO - Finished optomization, results are [-20.03935177875229 array([  0.22965104, 103.04773317])].
2019-08-01 09:12:38,678 - INFO - Beginning optimization with guess, [7.84501290e-02 1.50231583e+02].
2019-08-01 09:12:39,459 - INFO - Finished optomization, results are [-20.03946594148296 array([  0.22805603, 105.86718694])].
2019-08-01 09:12:39,459 - INFO - Beginning optimization with guess, [  0.14161655 113.51881743].
2019-08-01 09:12:44,963 - INFO - Finished optomization, results are [-20.039465574710057 array([  0.22805902, 105.86036292])].
2019-08-01 09:12:44,965 - INFO - Beginning optimization with guess, [4.98419652e-02 1.63432550e+02].
2019-08-01 09:12:48,728 - INFO - Finished optomization, results are [-20.039465574481554 array([  0.22805859, 105.86268804])].
2019-08-01 09:12:48,728 - INFO - Beginning optimization with guess, [8.24685051e-02 1.37780939e+02].
2019-08-01 09:12:49,435 - INFO - Finished optomization, results are [-20.039465977039715 array([  0.22805579, 105.86758116])].
2019-08-01 09:12:49,435 - INFO - Beginning optimization with guess, [1.23098951e-01 2.32388384e+02].
2019-08-01 09:12:50,283 - INFO - Finished optomization, results are [-20.039465941685112 array([  0.22805603, 105.8671894 ])].
2019-08-01 09:12:50,283 - INFO - Beginning optimization with guess, [7.81947903e-02 1.62338748e+02].
2019-08-01 09:12:51,066 - INFO - Finished optomization, results are [-20.039465941107633 array([  0.22805603, 105.86717989])].
2019-08-01 09:12:51,067 - INFO - Beginning optimization with guess, [8.09964878e-02 1.28993844e+02].
2019-08-01 09:12:51,780 - INFO - Finished optomization, results are [-20.039465947998544 array([  0.22805599, 105.86725227])].
2019-08-01 09:12:51,780 - INFO - Beginning optimization with guess, [4.85706284e-02 1.45174460e+02].
2019-08-01 09:12:56,621 - INFO - Finished optomization, results are [-20.039453001113113 array([  0.22815253, 105.68825492])].
2019-08-01 09:12:56,621 - INFO - Beginning optimization with guess, [4.90913251e-02 8.07091204e+01].
2019-08-01 09:12:57,779 - INFO - Finished optomization, results are [-20.03946594107843 array([  0.22805603, 105.86718093])].
2019-08-01 09:12:57,780 - INFO - Beginning optimization with guess, [6.67843868e-02 2.34206317e+02].
2019-08-01 09:13:02,454 - INFO - Finished optomization, results are [-20.039465936221465 array([  0.22805608, 105.86706353])].
2019-08-01 09:13:02,455 - INFO - Beginning optimization with guess, [1.07017146e-01 2.09223792e+02].
2019-08-01 09:13:07,200 - INFO - Finished optomization, results are [-20.039465940471736 array([  0.22805605, 105.86711065])].
2019-08-01 09:13:07,200 - INFO - Beginning optimization with guess, [6.82870634e-02 1.40032605e+02].
2019-08-01 09:13:10,234 - INFO - Finished optomization, results are [-20.039402989362532 array([  0.2290349 , 103.98835645])].
2019-08-01 09:13:10,235 - INFO - Beginning optimization with guess, [5.37587560e-02 1.07505577e+02].
2019-08-01 09:13:11,175 - INFO - Finished optomization, results are [-20.039465976689502 array([  0.2280558 , 105.86753743])].
2019-08-01 09:13:11,175 - INFO - Beginning optimization with guess, [  0.16745263 126.27039567].
2019-08-01 09:13:11,881 - INFO - Finished optomization, results are [-20.039465939205083 array([  0.22805605, 105.86715438])].
2019-08-01 09:13:11,881 - INFO - Beginning optimization with guess, [1.09519706e-01 2.52601943e+02].
2019-08-01 09:13:18,936 - INFO - Finished optomization, results are [-20.03945852823755 array([  0.22811829, 105.73316394])].
2019-08-01 09:13:18,936 - INFO - Beginning optimization with guess, [6.65695579e-02 7.71506928e+01].
2019-08-01 09:13:25,352 - INFO - Finished optomization, results are [-20.039325165010535 array([  0.22930011, 103.85584741])].
2019-08-01 09:13:25,352 - INFO - Beginning optimization with guess, [ 0.11566486 77.73158693].
2019-08-01 09:13:31,414 - INFO - Finished optomization, results are [-20.03927732417683 array([  0.23053418, 101.86619534])].
2019-08-01 09:13:31,415 - INFO - Beginning optimization with guess, [8.88286321e-02 2.49237476e+02].
2019-08-01 09:13:32,333 - INFO - Finished optomization, results are [-20.039465951535945 array([  0.22805596, 105.86729337])].
2019-08-01 09:13:32,333 - INFO - Beginning optimization with guess, [5.50537582e-02 1.11853426e+02].
2019-08-01 09:13:37,267 - INFO - Finished optomization, results are [-20.039367186721286 array([  0.22900255, 104.20416588])].
2019-08-01 09:13:37,267 - INFO - Beginning optimization with guess, [4.98819885e-02 1.74835418e+02].
2019-08-01 09:13:38,327 - INFO - Finished optomization, results are [-20.03946594165454 array([  0.22805603, 105.8671894 ])].
2019-08-01 09:13:38,328 - INFO - Beginning optimization with guess, [6.30654820e-02 1.38698861e+02].
2019-08-01 09:13:39,104 - INFO - Finished optomization, results are [-20.039465943003314 array([  0.22805602, 105.86718588])].
2019-08-01 09:13:39,104 - INFO - Beginning optimization with guess, [1.08389806e-01 1.65771709e+02].
2019-08-01 09:13:44,321 - INFO - Finished optomization, results are [-20.039465548111604 array([  0.22805898, 105.86125394])].
2019-08-01 09:13:44,321 - INFO - Beginning optimization with guess, [4.86949890e-02 2.27519199e+02].
2019-08-01 09:13:45,379 - INFO - Finished optomization, results are [-20.039465942136935 array([  0.22805602, 105.8672047 ])].
2019-08-01 09:13:45,380 - INFO - Beginning optimization with guess, [1.33224428e-01 1.37116230e+02].
2019-08-01 09:13:46,227 - INFO - Finished optomization, results are [-20.039465941326185 array([  0.22805603, 105.86718562])].
2019-08-01 09:13:46,227 - INFO - Beginning optimization with guess, [7.09046485e-02 1.88179721e+02].
2019-08-01 09:13:51,955 - INFO - Finished optomization, results are [-20.039465856154607 array([  0.22805691, 105.86456013])].
2019-08-01 09:13:51,956 - INFO - Beginning optimization with guess, [8.79826112e-02 1.32249911e+02].
2019-08-01 09:13:52,735 - INFO - Finished optomization, results are [-20.03946594196164 array([  0.22805603, 105.86719456])].
2019-08-01 09:13:52,736 - INFO - Beginning optimization with guess, [5.52812417e-02 1.20286665e+02].
2019-08-01 09:13:53,724 - INFO - Finished optomization, results are [-20.03946594258763 array([  0.22805602, 105.86719957])].
2019-08-01 09:13:53,724 - INFO - Beginning optimization with guess, [8.00941238e-02 1.38334838e+02].
2019-08-01 09:13:54,430 - INFO - Finished optomization, results are [-20.039465956688673 array([  0.22805593, 105.86731834])].
2019-08-01 09:13:54,430 - INFO - Beginning optimization with guess, [9.26697372e-02 1.27172964e+02].
2019-08-01 09:13:55,207 - INFO - Finished optomization, results are [-20.039465942018122 array([  0.22805603, 105.86719535])].
2019-08-01 09:13:55,207 - INFO - Beginning optimization with guess, [4.89711679e-02 1.61895754e+02].
2019-08-01 09:14:01,224 - INFO - Finished optomization, results are [-20.039465672400084 array([  0.2280579 , 105.86395172])].
2019-08-01 09:14:01,226 - INFO - Beginning optimization with guess, [ 0.16296428 78.28959293].
2019-08-01 09:14:04,297 - INFO - Finished optomization, results are [-20.03926072907937 array([  0.23079746, 101.86968033])].
2019-08-01 09:14:04,297 - INFO - Beginning optimization with guess, [8.85093522e-02 1.16900936e+02].
2019-08-01 09:14:05,006 - INFO - Finished optomization, results are [-20.039465952450755 array([  0.22805595, 105.86731651])].
2019-08-01 09:14:05,006 - INFO - Beginning optimization with guess, [5.88590022e-02 1.19623575e+02].
2019-08-01 09:14:06,000 - INFO - Finished optomization, results are [-20.039465941806842 array([  0.22805603, 105.86719056])].
2019-08-01 09:14:06,001 - INFO - Beginning optimization with guess, [6.54553026e-02 1.11630377e+02].
2019-08-01 09:14:11,101 - INFO - Finished optomization, results are [-20.039465890625422 array([  0.22805641, 105.8664315 ])].
2019-08-01 09:14:11,102 - INFO - Beginning optimization with guess, [ 0.12780581 91.63186196].
2019-08-01 09:14:14,431 - INFO - Finished optomization, results are [-20.03946588823853 array([  0.22805648, 105.86609905])].
2019-08-01 09:14:14,431 - INFO - Beginning optimization with guess, [ 0.15488194 91.75509611].
2019-08-01 09:14:18,675 - INFO - Finished optomization, results are [-20.039293120964658 array([  0.22986052, 102.93938258])].
2019-08-01 09:14:18,676 - INFO - Beginning optimization with guess, [1.62027841e-01 1.85930284e+02].
2019-08-01 09:14:24,616 - INFO - Finished optomization, results are [-20.039451534639472 array([  0.22816794, 105.65160439])].
2019-08-01 09:14:24,617 - INFO - Beginning optimization with guess, [7.72130028e-02 7.97594599e+01].
2019-08-01 09:14:30,050 - INFO - Finished optomization, results are [-20.039435017720102 array([  0.22827636, 105.50229843])].
2019-08-01 09:14:30,051 - INFO - Beginning optimization with guess, [7.64527698e-02 9.69354043e+01].
2019-08-01 09:14:37,183 - INFO - Finished optomization, results are [-20.039446802922633 array([  0.22818003, 105.71846088])].
2019-08-01 09:14:37,184 - INFO - Beginning optimization with guess, [1.10824424e-01 1.22912447e+02].
2019-08-01 09:14:38,031 - INFO - Finished optomization, results are [-20.039465940699184 array([  0.22805604, 105.86717365])].
2019-08-01 09:14:38,031 - INFO - Beginning optimization with guess, [1.04525166e-01 1.28882176e+02].
2019-08-01 09:14:38,878 - INFO - Finished optomization, results are [-20.03946593927031 array([  0.22805605, 105.86714793])].
2019-08-01 09:14:38,878 - INFO - Beginning optimization with guess, [9.24532109e-02 1.80188613e+02].
2019-08-01 09:14:42,966 - INFO - Finished optomization, results are [-20.03946581088107 array([  0.22805744, 105.86286944])].
2019-08-01 09:14:42,966 - INFO - Beginning optimization with guess, [  0.17243034 127.99078043].
2019-08-01 09:14:43,672 - INFO - Finished optomization, results are [-20.03946591555753 array([  0.22805621, 105.86686265])].
2019-08-01 09:14:43,673 - INFO - Beginning optimization with guess, [1.63793590e-01 2.91809103e+02].
2019-08-01 09:14:44,520 - INFO - Finished optomization, results are [-20.039465942331983 array([  0.22805602, 105.86720079])].
2019-08-01 09:14:44,520 - INFO - Beginning optimization with guess, [5.88586986e-02 1.80394737e+02].
2019-08-01 09:14:45,367 - INFO - Finished optomization, results are [-20.039465941904727 array([  0.22805603, 105.86719405])].
2019-08-01 09:14:45,367 - INFO - Beginning optimization with guess, [6.39814521e-02 1.73499405e+02].
2019-08-01 09:14:51,641 - INFO - Finished optomization, results are [-20.039465183295455 array([  0.22806278, 105.85021467])].
2019-08-01 09:14:51,641 - INFO - Beginning optimization with guess, [5.68479579e-02 1.27934013e+02].
2019-08-01 09:14:52,629 - INFO - Finished optomization, results are [-20.039465941960408 array([  0.22805603, 105.8671914 ])].
2019-08-01 09:14:52,629 - INFO - Beginning optimization with guess, [6.27589441e-02 1.13745305e+02].
2019-08-01 09:14:58,548 - INFO - Finished optomization, results are [-20.03946579595323 array([  0.22805707, 105.86525699])].
2019-08-01 09:14:58,550 - INFO - Beginning optimization with guess, [  0.14845962 124.76184208].
2019-08-01 09:15:03,547 - INFO - Finished optomization, results are [-20.03945115393407 array([  0.22815007, 105.78357979])].
2019-08-01 09:15:03,547 - INFO - Beginning optimization with guess, [9.64046558e-02 2.34335391e+02].
2019-08-01 09:15:08,994 - INFO - Finished optomization, results are [-20.039457166918577 array([  0.22812288, 105.73759172])].
2019-08-01 09:15:08,994 - INFO - Beginning optimization with guess, [8.88009620e-02 2.82135796e+02].
2019-08-01 09:15:14,715 - INFO - Finished optomization, results are [-20.039455733596743 array([  0.22813154, 105.72706462])].
2019-08-01 09:15:14,716 - INFO - Beginning optimization with guess, [  0.13531064 109.09619116].
2019-08-01 09:15:20,377 - INFO - Finished optomization, results are [-20.039456247540343 array([  0.22811645, 105.79806561])].
2019-08-01 09:15:20,377 - INFO - Beginning optimization with guess, [6.34824632e-02 2.50034131e+02].
2019-08-01 09:15:21,154 - INFO - Finished optomization, results are [-20.03946594128215 array([  0.22805603, 105.86718471])].
2019-08-01 09:15:21,155 - INFO - Beginning optimization with guess, [ 0.1222897  93.97827773].
2019-08-01 09:15:25,664 - INFO - Finished optomization, results are [-20.0393012869759 array([  0.22962407, 103.35238453])].
2019-08-01 09:15:25,664 - INFO - Beginning optimization with guess, [6.50562031e-02 2.51041755e+02].
2019-08-01 09:15:26,373 - INFO - Finished optomization, results are [-20.039465941717125 array([  0.22805603, 105.86718997])].
2019-08-01 09:15:26,373 - INFO - Beginning optimization with guess, [  0.13786477 106.51073896].
2019-08-01 09:15:32,621 - INFO - Finished optomization, results are [-20.039459811000576 array([  0.22809106, 105.8796574 ])].
2019-08-01 09:15:32,622 - INFO - Beginning optimization with guess, [5.24103288e-02 9.03804638e+01].
2019-08-01 09:15:38,120 - INFO - Finished optomization, results are [-20.039465247881175 array([  0.22806123, 105.85678066])].
2019-08-01 09:15:38,122 - INFO - Beginning optimization with guess, [ 0.10179577 80.77509476].
2019-08-01 09:15:38,638 - INFO - Finished optomization, results are [-20.03946595881635 array([  0.22805592, 105.86735428])].
2019-08-01 09:15:38,638 - INFO - Beginning optimization with guess, [6.54569278e-02 2.77261946e+02].
2019-08-01 09:15:45,423 - INFO - Finished optomization, results are [-20.03946531283128 array([  0.22808093, 105.77380461])].
2019-08-01 09:15:45,423 - INFO - Beginning optimization with guess, [6.06072422e-02 2.71025889e+02].
2019-08-01 09:15:50,919 - INFO - Finished optomization, results are [-20.039462752484734 array([  0.22807779, 105.83132944])].
2019-08-01 09:15:50,921 - INFO - Beginning optimization with guess, [9.09335359e-02 1.07480218e+02].
2019-08-01 09:15:51,570 - INFO - Finished optomization, results are [-20.039465944109484 array([  0.22805601, 105.86721666])].
2019-08-01 09:15:51,570 - INFO - Beginning optimization with guess, [7.47858845e-02 8.49865353e+01].
2019-08-01 09:15:52,218 - INFO - Finished optomization, results are [-20.039465891472574 array([  0.22805637, 105.86661102])].
2019-08-01 09:15:52,218 - INFO - Beginning optimization with guess, [9.04029371e-02 1.06939384e+02].
2019-08-01 09:15:52,866 - INFO - Finished optomization, results are [-20.039465943628763 array([  0.22805601, 105.86721121])].
2019-08-01 09:15:52,867 - INFO - Beginning optimization with guess, [7.09666386e-02 1.42259499e+02].
2019-08-01 09:15:53,584 - INFO - Finished optomization, results are [-20.03946594162474 array([  0.22805603, 105.86718234])].
2019-08-01 09:15:53,585 - INFO - Finished DFE inference.
2019-08-01 09:15:53,585 - INFO - Integrating expected site-frequency spectrum.
2019-08-01 09:15:53,600 - INFO - Outputing results.
2019-08-01 09:15:53,605 - INFO - Pipeline executed succesfully.
