2021-01-11 08:45:29,493 - INFO - Beginning execution of fitdadi_infer_DFE.py in directory /u/project/ngarud/jonmah/lohmueller_lab/Scripts

2021-01-11 08:45:29,493 - INFO - Progress is being logged to ../Data/20201208_eduardo_sfs/AW_n8_norel/log.log

2021-01-11 08:45:29,493 - INFO - Parsed the following arguments:
	breed = AW
	outprefix = ../Data/20201208_eduardo_sfs/AW_n8_norel/
	nonsyn_input_sfs = ../Data/20201208_eduardo_sfs/AW.n8.NS.norel.sfs
	syn_input_sfs = ../Data/20201208_eduardo_sfs/AW.n8.S.norel.sfs

2021-01-11 08:45:29,496 - INFO - Beginning optimization with guess, [0.56638983 0.13748408].
2021-01-11 08:45:31,117 - INFO - Finished optimization with guess, [0.56638983 0.13748408].
2021-01-11 08:45:31,117 - INFO - Best fit parameters: [0.21124896 0.07401224].
2021-01-11 08:45:31,171 - INFO - Maximum log composite likelihood: -44.0616175541.
2021-01-11 08:45:31,171 - INFO - Optimal value of theta: 7666.22376143.
2021-01-11 08:45:31,172 - INFO - Beginning optimization with guess, [0.69857908 0.15054053].
2021-01-11 08:45:32,749 - INFO - Finished optimization with guess, [0.69857908 0.15054053].
2021-01-11 08:45:32,750 - INFO - Best fit parameters: [0.20768834 0.06904769].
2021-01-11 08:45:32,803 - INFO - Maximum log composite likelihood: -43.4928333624.
2021-01-11 08:45:32,803 - INFO - Optimal value of theta: 7571.16207034.
2021-01-11 08:45:32,804 - INFO - Beginning optimization with guess, [0.67807586 0.05369469].
2021-01-11 08:45:34,246 - INFO - Finished optimization with guess, [0.67807586 0.05369469].
2021-01-11 08:45:34,246 - INFO - Best fit parameters: [0.19467485 0.05851535].
2021-01-11 08:45:34,298 - INFO - Maximum log composite likelihood: -42.0517077909.
2021-01-11 08:45:34,299 - INFO - Optimal value of theta: 7422.44822454.
2021-01-11 08:45:34,299 - INFO - Beginning optimization with guess, [0.27849901 0.05352292].
2021-01-11 08:45:35,821 - INFO - Finished optimization with guess, [0.27849901 0.05352292].
2021-01-11 08:45:35,822 - INFO - Best fit parameters: [0.21691655 0.083663  ].
2021-01-11 08:45:35,877 - INFO - Maximum log composite likelihood: -45.4543580621.
2021-01-11 08:45:35,878 - INFO - Optimal value of theta: 7853.66174799.
2021-01-11 08:45:35,878 - INFO - Beginning optimization with guess, [0.60222863 0.14249332].
2021-01-11 08:45:37,470 - INFO - Finished optimization with guess, [0.60222863 0.14249332].
2021-01-11 08:45:37,470 - INFO - Best fit parameters: [0.2079668  0.06986446].
2021-01-11 08:45:37,523 - INFO - Maximum log composite likelihood: -43.5248448333.
2021-01-11 08:45:37,524 - INFO - Optimal value of theta: 7591.73609071.
2021-01-11 08:45:37,526 - INFO - Finished demographic inference.
2021-01-11 08:45:37,526 - INFO - Beginning DFE inference.
2021-01-11 08:48:23,638 - INFO - Beginning optimization with guess, [1.17262134e-01 3.16896517e+04].
2021-01-11 08:48:29,265 - INFO - Finished optomization, results are [-90.55462778619312 array([0.96703555, 2.54189531])].
2021-01-11 08:48:29,265 - INFO - Beginning optimization with guess, [1.73053015e-01 1.14026277e+04].
2021-01-11 08:48:35,592 - INFO - Finished optomization, results are [-89.88971305693212 array([0.99679416, 2.43465275])].
2021-01-11 08:48:35,593 - INFO - Beginning optimization with guess, [1.49062020e-01 2.61500536e+04].
2021-01-11 08:48:40,995 - INFO - Finished optomization, results are [-89.4117564747803 array([0.9946555 , 2.46199091])].
2021-01-11 08:48:40,995 - INFO - Beginning optimization with guess, [5.06765060e-02 9.88667983e+03].
2021-01-11 08:48:46,757 - INFO - Finished optomization, results are [-91.38380841823073 array([0.96946414, 2.5078054 ])].
2021-01-11 08:48:46,757 - INFO - Beginning optimization with guess, [5.70810475e-02 8.91528900e+03].
2021-01-11 08:48:53,336 - INFO - Finished optomization, results are [-89.85516705070313 array([0.984019  , 2.49095259])].
2021-01-11 08:48:53,337 - INFO - Finished DFE inference.
2021-01-11 08:48:53,337 - INFO - Integrating expected site-frequency spectrum.
2021-01-11 08:48:53,337 - INFO - Outputing results.
2021-01-11 08:48:53,446 - INFO - Pipeline executed succesfully.
