2019-08-01 09:08:53,076 - INFO - Beginning execution of fitdadi_infer_DFE.py in directory /u/home/j/jonmah/lohmueller_lab/Scripts

2019-08-01 09:08:53,077 - INFO - Progress is being logged to ../Data/AW_array_2000/seed_44_fitdadi_output/log.log

2019-08-01 09:08:53,077 - INFO - Parsed the following arguments:
	breed = AW
	outprefix = ../Data/AW_array_2000/seed_44_fitdadi_output/
	nonsyn_input_sfs = ../Data/AW_array_2000/seed_44_easySFS_output_nonsyn/dadi/pop1.sfs
	syn_input_sfs = ../Data/AW_array_2000/seed_44_easySFS_output_syn/dadi/pop1.sfs

2019-08-01 09:08:53,079 - INFO - Beginning optimization with guess, [0.66554936 0.06631037].
2019-08-01 09:08:54,583 - INFO - Finished optimization with guess, [0.66554936 0.06631037].
2019-08-01 09:08:54,583 - INFO - Best fit parameters: [0.58234448 0.32639792].
2019-08-01 09:08:54,592 - INFO - Maximum log composite likelihood: -19.7568519083.
2019-08-01 09:08:54,592 - INFO - Optimal value of theta: 69.6040853346.
2019-08-01 09:08:54,593 - INFO - Beginning optimization with guess, [0.73343781 0.0989977 ].
2019-08-01 09:08:55,373 - INFO - Finished optimization with guess, [0.73343781 0.0989977 ].
2019-08-01 09:08:55,373 - INFO - Best fit parameters: [0.58183511 0.32829465].
2019-08-01 09:08:55,383 - INFO - Maximum log composite likelihood: -19.7568524637.
2019-08-01 09:08:55,383 - INFO - Optimal value of theta: 69.697692638.
2019-08-01 09:08:55,383 - INFO - Beginning optimization with guess, [0.90456397 0.15452659].
2019-08-01 09:08:56,300 - INFO - Finished optimization with guess, [0.90456397 0.15452659].
2019-08-01 09:08:56,301 - INFO - Best fit parameters: [0.58199196 0.3271704 ].
2019-08-01 09:08:56,310 - INFO - Maximum log composite likelihood: -19.7568523808.
2019-08-01 09:08:56,310 - INFO - Optimal value of theta: 69.6518195893.
2019-08-01 09:08:56,310 - INFO - Beginning optimization with guess, [0.50314471 0.17988208].
2019-08-01 09:08:57,046 - INFO - Finished optimization with guess, [0.50314471 0.17988208].
2019-08-01 09:08:57,046 - INFO - Best fit parameters: [0.58162437 0.3288555 ].
2019-08-01 09:08:57,056 - INFO - Maximum log composite likelihood: -19.7568528047.
2019-08-01 09:08:57,056 - INFO - Optimal value of theta: 69.7294460563.
2019-08-01 09:08:57,056 - INFO - Beginning optimization with guess, [0.27688834 0.14510881].
2019-08-01 09:08:57,924 - INFO - Finished optimization with guess, [0.27688834 0.14510881].
2019-08-01 09:08:57,924 - INFO - Best fit parameters: [0.58258166 0.32544048].
2019-08-01 09:08:57,933 - INFO - Maximum log composite likelihood: -19.7568519748.
2019-08-01 09:08:57,933 - INFO - Optimal value of theta: 69.5582363608.
2019-08-01 09:08:57,934 - INFO - Beginning optimization with guess, [0.40095907 0.10855783].
2019-08-01 09:08:58,741 - INFO - Finished optimization with guess, [0.40095907 0.10855783].
2019-08-01 09:08:58,742 - INFO - Best fit parameters: [0.58175762 0.32834146].
2019-08-01 09:08:58,751 - INFO - Maximum log composite likelihood: -19.7568525371.
2019-08-01 09:08:58,751 - INFO - Optimal value of theta: 69.7043242361.
2019-08-01 09:08:58,751 - INFO - Beginning optimization with guess, [0.5729573  0.08423163].
2019-08-01 09:08:59,777 - INFO - Finished optimization with guess, [0.5729573  0.08423163].
2019-08-01 09:08:59,777 - INFO - Best fit parameters: [0.58255203 0.32606121].
2019-08-01 09:08:59,786 - INFO - Maximum log composite likelihood: -19.7568517946.
2019-08-01 09:08:59,786 - INFO - Optimal value of theta: 69.5797577525.
2019-08-01 09:08:59,787 - INFO - Beginning optimization with guess, [0.71548463 0.08719204].
2019-08-01 09:09:01,267 - INFO - Finished optimization with guess, [0.71548463 0.08719204].
2019-08-01 09:09:01,268 - INFO - Best fit parameters: [0.58129417 0.32920437].
2019-08-01 09:09:01,277 - INFO - Maximum log composite likelihood: -19.7568536251.
2019-08-01 09:09:01,277 - INFO - Optimal value of theta: 69.7624671292.
2019-08-01 09:09:01,277 - INFO - Beginning optimization with guess, [0.31406903 0.0959654 ].
2019-08-01 09:09:01,858 - INFO - Finished optimization with guess, [0.31406903 0.0959654 ].
2019-08-01 09:09:01,858 - INFO - Best fit parameters: [0.58241696 0.32603386].
2019-08-01 09:09:01,867 - INFO - Maximum log composite likelihood: -19.7568519399.
2019-08-01 09:09:01,868 - INFO - Optimal value of theta: 69.5877932259.
2019-08-01 09:09:01,868 - INFO - Beginning optimization with guess, [0.25500232 0.07484875].
2019-08-01 09:09:02,641 - INFO - Finished optimization with guess, [0.25500232 0.07484875].
2019-08-01 09:09:02,642 - INFO - Best fit parameters: [0.58127004 0.32923188].
2019-08-01 09:09:02,651 - INFO - Maximum log composite likelihood: -19.7568537162.
2019-08-01 09:09:02,651 - INFO - Optimal value of theta: 69.7649454189.
2019-08-01 09:09:02,651 - INFO - Beginning optimization with guess, [0.94161986 0.0760494 ].
2019-08-01 09:09:03,575 - INFO - Finished optimization with guess, [0.94161986 0.0760494 ].
2019-08-01 09:09:03,575 - INFO - Best fit parameters: [0.58202831 0.32709192].
2019-08-01 09:09:03,585 - INFO - Maximum log composite likelihood: -19.7568523166.
2019-08-01 09:09:03,585 - INFO - Optimal value of theta: 69.6469335369.
2019-08-01 09:09:03,585 - INFO - Beginning optimization with guess, [0.31130593 0.15107233].
2019-08-01 09:09:04,427 - INFO - Finished optimization with guess, [0.31130593 0.15107233].
2019-08-01 09:09:04,427 - INFO - Best fit parameters: [0.58253668 0.32582413].
2019-08-01 09:09:04,436 - INFO - Maximum log composite likelihood: -19.7568518315.
2019-08-01 09:09:04,436 - INFO - Optimal value of theta: 69.5732988304.
2019-08-01 09:09:04,437 - INFO - Beginning optimization with guess, [0.37293083 0.07878047].
2019-08-01 09:09:05,001 - INFO - Finished optimization with guess, [0.37293083 0.07878047].
2019-08-01 09:09:05,001 - INFO - Best fit parameters: [0.58235971 0.32705602].
2019-08-01 09:09:05,011 - INFO - Maximum log composite likelihood: -19.7568521147.
2019-08-01 09:09:05,011 - INFO - Optimal value of theta: 69.6238799329.
2019-08-01 09:09:05,011 - INFO - Beginning optimization with guess, [0.31161244 0.1201484 ].
2019-08-01 09:09:05,794 - INFO - Finished optimization with guess, [0.31161244 0.1201484 ].
2019-08-01 09:09:05,796 - INFO - Best fit parameters: [0.58191308 0.32730566].
2019-08-01 09:09:05,804 - INFO - Maximum log composite likelihood: -19.7568525649.
2019-08-01 09:09:05,805 - INFO - Optimal value of theta: 69.6613147612.
2019-08-01 09:09:05,805 - INFO - Beginning optimization with guess, [0.42052538 0.05705737].
2019-08-01 09:09:07,304 - INFO - Finished optimization with guess, [0.42052538 0.05705737].
2019-08-01 09:09:07,304 - INFO - Best fit parameters: [0.58262924 0.32558788].
2019-08-01 09:09:07,313 - INFO - Maximum log composite likelihood: -19.7568518067.
2019-08-01 09:09:07,313 - INFO - Optimal value of theta: 69.5597577567.
2019-08-01 09:09:07,313 - INFO - Beginning optimization with guess, [0.66344373 0.06472093].
2019-08-01 09:09:08,134 - INFO - Finished optimization with guess, [0.66344373 0.06472093].
2019-08-01 09:09:08,134 - INFO - Best fit parameters: [0.58208104 0.3270501 ].
2019-08-01 09:09:08,144 - INFO - Maximum log composite likelihood: -19.7568521855.
2019-08-01 09:09:08,144 - INFO - Optimal value of theta: 69.6421226276.
2019-08-01 09:09:08,144 - INFO - Beginning optimization with guess, [0.45345128 0.12916069].
2019-08-01 09:09:09,480 - INFO - Finished optimization with guess, [0.45345128 0.12916069].
2019-08-01 09:09:09,480 - INFO - Best fit parameters: [0.58203213 0.32733652].
2019-08-01 09:09:09,489 - INFO - Maximum log composite likelihood: -19.7568521797.
2019-08-01 09:09:09,489 - INFO - Optimal value of theta: 69.6544064475.
2019-08-01 09:09:09,490 - INFO - Beginning optimization with guess, [0.32632119 0.07374604].
2019-08-01 09:09:10,527 - INFO - Finished optimization with guess, [0.32632119 0.07374604].
2019-08-01 09:09:10,527 - INFO - Best fit parameters: [0.58136402 0.32945456].
2019-08-01 09:09:10,537 - INFO - Maximum log composite likelihood: -19.7568533067.
2019-08-01 09:09:10,537 - INFO - Optimal value of theta: 69.7657106855.
2019-08-01 09:09:10,537 - INFO - Beginning optimization with guess, [0.98780019 0.12317736].
2019-08-01 09:09:11,165 - INFO - Finished optimization with guess, [0.98780019 0.12317736].
2019-08-01 09:09:11,165 - INFO - Best fit parameters: [0.58175075 0.32926112].
2019-08-01 09:09:11,174 - INFO - Maximum log composite likelihood: -19.7568534076.
2019-08-01 09:09:11,174 - INFO - Optimal value of theta: 69.7338401756.
2019-08-01 09:09:11,174 - INFO - Beginning optimization with guess, [0.69619724 0.06122757].
2019-08-01 09:09:11,972 - INFO - Finished optimization with guess, [0.69619724 0.06122757].
2019-08-01 09:09:11,972 - INFO - Best fit parameters: [0.58165934 0.32857956].
2019-08-01 09:09:11,982 - INFO - Maximum log composite likelihood: -19.7568527054.
2019-08-01 09:09:11,982 - INFO - Optimal value of theta: 69.7183940661.
2019-08-01 09:09:11,982 - INFO - Beginning optimization with guess, [0.6667656  0.10285225].
2019-08-01 09:09:13,025 - INFO - Finished optimization with guess, [0.6667656  0.10285225].
2019-08-01 09:09:13,025 - INFO - Best fit parameters: [0.58222356 0.32727402].
2019-08-01 09:09:13,034 - INFO - Maximum log composite likelihood: -19.7568520732.
2019-08-01 09:09:13,034 - INFO - Optimal value of theta: 69.6397644084.
2019-08-01 09:09:13,035 - INFO - Beginning optimization with guess, [0.36936385 0.10615858].
2019-08-01 09:09:13,552 - INFO - Finished optimization with guess, [0.36936385 0.10615858].
2019-08-01 09:09:13,552 - INFO - Best fit parameters: [0.58250765 0.32641711].
2019-08-01 09:09:13,561 - INFO - Maximum log composite likelihood: -19.756851887.
2019-08-01 09:09:13,562 - INFO - Optimal value of theta: 69.5939207068.
2019-08-01 09:09:13,562 - INFO - Beginning optimization with guess, [0.40953781 0.10138111].
2019-08-01 09:09:14,133 - INFO - Finished optimization with guess, [0.40953781 0.10138111].
2019-08-01 09:09:14,133 - INFO - Best fit parameters: [0.58253947 0.32595272].
2019-08-01 09:09:14,143 - INFO - Maximum log composite likelihood: -19.7568517965.
2019-08-01 09:09:14,143 - INFO - Optimal value of theta: 69.5771674042.
2019-08-01 09:09:14,143 - INFO - Beginning optimization with guess, [0.50990842 0.13932214].
2019-08-01 09:09:14,825 - INFO - Finished optimization with guess, [0.50990842 0.13932214].
2019-08-01 09:09:14,828 - INFO - Best fit parameters: [0.5817163  0.32833172].
2019-08-01 09:09:14,837 - INFO - Maximum log composite likelihood: -19.7568526067.
2019-08-01 09:09:14,837 - INFO - Optimal value of theta: 69.7067632411.
2019-08-01 09:09:14,837 - INFO - Beginning optimization with guess, [0.81825407 0.0995337 ].
2019-08-01 09:09:15,670 - INFO - Finished optimization with guess, [0.81825407 0.0995337 ].
2019-08-01 09:09:15,670 - INFO - Best fit parameters: [0.58229894 0.32733464].
2019-08-01 09:09:15,680 - INFO - Maximum log composite likelihood: -19.75685226.
2019-08-01 09:09:15,680 - INFO - Optimal value of theta: 69.6366903138.
2019-08-01 09:09:15,680 - INFO - Beginning optimization with guess, [0.51973817 0.08480498].
2019-08-01 09:09:17,111 - INFO - Finished optimization with guess, [0.51973817 0.08480498].
2019-08-01 09:09:17,112 - INFO - Best fit parameters: [0.58195683 0.3275214 ].
2019-08-01 09:09:17,121 - INFO - Maximum log composite likelihood: -19.7568522808.
2019-08-01 09:09:17,121 - INFO - Optimal value of theta: 69.6652281586.
2019-08-01 09:09:17,121 - INFO - Beginning optimization with guess, [0.25203268 0.08930269].
2019-08-01 09:09:17,711 - INFO - Finished optimization with guess, [0.25203268 0.08930269].
2019-08-01 09:09:17,711 - INFO - Best fit parameters: [0.58226168 0.32637685].
2019-08-01 09:09:17,720 - INFO - Maximum log composite likelihood: -19.7568521159.
2019-08-01 09:09:17,720 - INFO - Optimal value of theta: 69.6088867107.
2019-08-01 09:09:17,721 - INFO - Beginning optimization with guess, [0.76560766 0.08414355].
2019-08-01 09:09:18,631 - INFO - Finished optimization with guess, [0.76560766 0.08414355].
2019-08-01 09:09:18,631 - INFO - Best fit parameters: [0.58251557 0.32644006].
2019-08-01 09:09:18,640 - INFO - Maximum log composite likelihood: -19.7568519124.
2019-08-01 09:09:18,640 - INFO - Optimal value of theta: 69.5941237599.
2019-08-01 09:09:18,640 - INFO - Beginning optimization with guess, [0.53262476 0.06232339].
2019-08-01 09:09:19,476 - INFO - Finished optimization with guess, [0.53262476 0.06232339].
2019-08-01 09:09:19,477 - INFO - Best fit parameters: [0.58147764 0.32904674].
2019-08-01 09:09:19,485 - INFO - Maximum log composite likelihood: -19.7568530616.
2019-08-01 09:09:19,486 - INFO - Optimal value of theta: 69.7452595824.
2019-08-01 09:09:19,486 - INFO - Beginning optimization with guess, [0.27777293 0.14653913].
2019-08-01 09:09:20,377 - INFO - Finished optimization with guess, [0.27777293 0.14653913].
2019-08-01 09:09:20,377 - INFO - Best fit parameters: [0.58252258 0.32596864].
2019-08-01 09:09:20,386 - INFO - Maximum log composite likelihood: -19.7568518056.
2019-08-01 09:09:20,386 - INFO - Optimal value of theta: 69.5787816597.
2019-08-01 09:09:20,387 - INFO - Beginning optimization with guess, [0.43802584 0.1479668 ].
2019-08-01 09:09:21,361 - INFO - Finished optimization with guess, [0.43802584 0.1479668 ].
2019-08-01 09:09:21,361 - INFO - Best fit parameters: [0.58209334 0.32709944].
2019-08-01 09:09:21,371 - INFO - Maximum log composite likelihood: -19.7568521326.
2019-08-01 09:09:21,371 - INFO - Optimal value of theta: 69.6428674587.
2019-08-01 09:09:21,371 - INFO - Beginning optimization with guess, [0.55163119 0.11984114].
2019-08-01 09:09:22,078 - INFO - Finished optimization with guess, [0.55163119 0.11984114].
2019-08-01 09:09:22,079 - INFO - Best fit parameters: [0.58147894 0.3283088 ].
2019-08-01 09:09:22,088 - INFO - Maximum log composite likelihood: -19.7568536093.
2019-08-01 09:09:22,088 - INFO - Optimal value of theta: 69.7218230531.
2019-08-01 09:09:22,088 - INFO - Beginning optimization with guess, [0.70698577 0.08036492].
2019-08-01 09:09:22,786 - INFO - Finished optimization with guess, [0.70698577 0.08036492].
2019-08-01 09:09:22,786 - INFO - Best fit parameters: [0.58131546 0.32958111].
2019-08-01 09:09:22,795 - INFO - Maximum log composite likelihood: -19.756853416.
2019-08-01 09:09:22,795 - INFO - Optimal value of theta: 69.7729431829.
2019-08-01 09:09:22,796 - INFO - Beginning optimization with guess, [0.48929179 0.16809029].
2019-08-01 09:09:23,487 - INFO - Finished optimization with guess, [0.48929179 0.16809029].
2019-08-01 09:09:23,489 - INFO - Best fit parameters: [0.58151001 0.32859027].
2019-08-01 09:09:23,498 - INFO - Maximum log composite likelihood: -19.7568531429.
2019-08-01 09:09:23,498 - INFO - Optimal value of theta: 69.7286689048.
2019-08-01 09:09:23,499 - INFO - Beginning optimization with guess, [0.98933292 0.16625805].
2019-08-01 09:09:24,394 - INFO - Finished optimization with guess, [0.98933292 0.16625805].
2019-08-01 09:09:24,394 - INFO - Best fit parameters: [0.58260904 0.32571987].
2019-08-01 09:09:24,404 - INFO - Maximum log composite likelihood: -19.7568517904.
2019-08-01 09:09:24,404 - INFO - Optimal value of theta: 69.5652489627.
2019-08-01 09:09:24,404 - INFO - Beginning optimization with guess, [0.60203881 0.18615844].
2019-08-01 09:09:25,115 - INFO - Finished optimization with guess, [0.60203881 0.18615844].
2019-08-01 09:09:25,115 - INFO - Best fit parameters: [0.58208984 0.32775887].
2019-08-01 09:09:25,125 - INFO - Maximum log composite likelihood: -19.7568522667.
2019-08-01 09:09:25,125 - INFO - Optimal value of theta: 69.6639059969.
2019-08-01 09:09:25,125 - INFO - Beginning optimization with guess, [0.55839728 0.05678996].
2019-08-01 09:09:25,658 - INFO - Finished optimization with guess, [0.55839728 0.05678996].
2019-08-01 09:09:25,658 - INFO - Best fit parameters: [0.58169604 0.32918903].
2019-08-01 09:09:25,668 - INFO - Maximum log composite likelihood: -19.7568531393.
2019-08-01 09:09:25,668 - INFO - Optimal value of theta: 69.7352084142.
2019-08-01 09:09:25,668 - INFO - Beginning optimization with guess, [0.30470377 0.13464981].
2019-08-01 09:09:26,930 - INFO - Finished optimization with guess, [0.30470377 0.13464981].
2019-08-01 09:09:26,931 - INFO - Best fit parameters: [0.58175997 0.32785849].
2019-08-01 09:09:26,939 - INFO - Maximum log composite likelihood: -19.7568526901.
2019-08-01 09:09:26,940 - INFO - Optimal value of theta: 69.6889111415.
2019-08-01 09:09:26,940 - INFO - Beginning optimization with guess, [0.32355262 0.09037074].
2019-08-01 09:09:27,905 - INFO - Finished optimization with guess, [0.32355262 0.09037074].
2019-08-01 09:09:27,907 - INFO - Best fit parameters: [0.58223804 0.32641517].
2019-08-01 09:09:27,915 - INFO - Maximum log composite likelihood: -19.7568521605.
2019-08-01 09:09:27,916 - INFO - Optimal value of theta: 69.6116612874.
2019-08-01 09:09:27,916 - INFO - Beginning optimization with guess, [0.58084441 0.10306976].
2019-08-01 09:09:28,729 - INFO - Finished optimization with guess, [0.58084441 0.10306976].
2019-08-01 09:09:28,729 - INFO - Best fit parameters: [0.58164459 0.3292786 ].
2019-08-01 09:09:28,739 - INFO - Maximum log composite likelihood: -19.7568531545.
2019-08-01 09:09:28,739 - INFO - Optimal value of theta: 69.7414602004.
2019-08-01 09:09:28,739 - INFO - Beginning optimization with guess, [0.40309598 0.14280876].
2019-08-01 09:09:29,447 - INFO - Finished optimization with guess, [0.40309598 0.14280876].
2019-08-01 09:09:29,447 - INFO - Best fit parameters: [0.58105919 0.33004411].
2019-08-01 09:09:29,457 - INFO - Maximum log composite likelihood: -19.7568541081.
2019-08-01 09:09:29,457 - INFO - Optimal value of theta: 69.8046548626.
2019-08-01 09:09:29,457 - INFO - Beginning optimization with guess, [0.35406499 0.08968651].
2019-08-01 09:09:30,236 - INFO - Finished optimization with guess, [0.35406499 0.08968651].
2019-08-01 09:09:30,236 - INFO - Best fit parameters: [0.58160785 0.32829739].
2019-08-01 09:09:30,246 - INFO - Maximum log composite likelihood: -19.7568529556.
2019-08-01 09:09:30,246 - INFO - Optimal value of theta: 69.7128865762.
2019-08-01 09:09:30,246 - INFO - Beginning optimization with guess, [0.67586623 0.07634254].
2019-08-01 09:09:31,099 - INFO - Finished optimization with guess, [0.67586623 0.07634254].
2019-08-01 09:09:31,099 - INFO - Best fit parameters: [0.58219044 0.32729761].
2019-08-01 09:09:31,109 - INFO - Maximum log composite likelihood: -19.7568520615.
2019-08-01 09:09:31,109 - INFO - Optimal value of theta: 69.6426999763.
2019-08-01 09:09:31,109 - INFO - Beginning optimization with guess, [0.31939675 0.1031009 ].
2019-08-01 09:09:31,622 - INFO - Finished optimization with guess, [0.31939675 0.1031009 ].
2019-08-01 09:09:31,622 - INFO - Best fit parameters: [0.5825663  0.32576348].
2019-08-01 09:09:31,631 - INFO - Maximum log composite likelihood: -19.7568518167.
2019-08-01 09:09:31,631 - INFO - Optimal value of theta: 69.5694367544.
2019-08-01 09:09:31,631 - INFO - Beginning optimization with guess, [0.92134295 0.12077857].
2019-08-01 09:09:32,556 - INFO - Finished optimization with guess, [0.92134295 0.12077857].
2019-08-01 09:09:32,556 - INFO - Best fit parameters: [0.58238764 0.32690787].
2019-08-01 09:09:32,565 - INFO - Maximum log composite likelihood: -19.7568520395.
2019-08-01 09:09:32,565 - INFO - Optimal value of theta: 69.6173562355.
2019-08-01 09:09:32,566 - INFO - Beginning optimization with guess, [0.31443838 0.08914315].
2019-08-01 09:09:33,497 - INFO - Finished optimization with guess, [0.31443838 0.08914315].
2019-08-01 09:09:33,497 - INFO - Best fit parameters: [0.58165213 0.32833593].
2019-08-01 09:09:33,506 - INFO - Maximum log composite likelihood: -19.7568527724.
2019-08-01 09:09:33,506 - INFO - Optimal value of theta: 69.7111626639.
2019-08-01 09:09:33,507 - INFO - Beginning optimization with guess, [0.62938776 0.06726894].
2019-08-01 09:09:34,072 - INFO - Finished optimization with guess, [0.62938776 0.06726894].
2019-08-01 09:09:34,075 - INFO - Best fit parameters: [0.582481   0.32649715].
2019-08-01 09:09:34,084 - INFO - Maximum log composite likelihood: -19.7568518983.
2019-08-01 09:09:34,084 - INFO - Optimal value of theta: 69.5982105699.
2019-08-01 09:09:34,084 - INFO - Beginning optimization with guess, [0.87145009 0.16497904].
2019-08-01 09:09:34,823 - INFO - Finished optimization with guess, [0.87145009 0.16497904].
2019-08-01 09:09:34,823 - INFO - Best fit parameters: [0.58204989 0.32746002].
2019-08-01 09:09:34,832 - INFO - Maximum log composite likelihood: -19.7568521377.
2019-08-01 09:09:34,832 - INFO - Optimal value of theta: 69.657128272.
2019-08-01 09:09:34,833 - INFO - Beginning optimization with guess, [0.73188143 0.07783615].
2019-08-01 09:09:35,656 - INFO - Finished optimization with guess, [0.73188143 0.07783615].
2019-08-01 09:09:35,657 - INFO - Best fit parameters: [0.58223926 0.32739426].
2019-08-01 09:09:35,666 - INFO - Maximum log composite likelihood: -19.7568521882.
2019-08-01 09:09:35,666 - INFO - Optimal value of theta: 69.6425193334.
2019-08-01 09:09:35,666 - INFO - Beginning optimization with guess, [0.36951156 0.05011487].
2019-08-01 09:09:36,509 - INFO - Finished optimization with guess, [0.36951156 0.05011487].
2019-08-01 09:09:36,509 - INFO - Best fit parameters: [0.58203731 0.32803561].
2019-08-01 09:09:36,518 - INFO - Maximum log composite likelihood: -19.7568524369.
2019-08-01 09:09:36,518 - INFO - Optimal value of theta: 69.6761045189.
2019-08-01 09:09:36,519 - INFO - Beginning optimization with guess, [0.35089232 0.12432673].
2019-08-01 09:09:37,174 - INFO - Finished optimization with guess, [0.35089232 0.12432673].
2019-08-01 09:09:37,174 - INFO - Best fit parameters: [0.58069391 0.33109604].
2019-08-01 09:09:37,184 - INFO - Maximum log composite likelihood: -19.7568552149.
2019-08-01 09:09:37,184 - INFO - Optimal value of theta: 69.8624292156.
2019-08-01 09:09:37,184 - INFO - Beginning optimization with guess, [0.48313137 0.07337234].
2019-08-01 09:09:38,660 - INFO - Finished optimization with guess, [0.48313137 0.07337234].
2019-08-01 09:09:38,660 - INFO - Best fit parameters: [0.58171033 0.32801165].
2019-08-01 09:09:38,670 - INFO - Maximum log composite likelihood: -19.7568527615.
2019-08-01 09:09:38,670 - INFO - Optimal value of theta: 69.6970335049.
2019-08-01 09:09:38,670 - INFO - Beginning optimization with guess, [0.48718838 0.06158549].
2019-08-01 09:09:39,239 - INFO - Finished optimization with guess, [0.48718838 0.06158549].
2019-08-01 09:09:39,239 - INFO - Best fit parameters: [0.58255354 0.32606167].
2019-08-01 09:09:39,248 - INFO - Maximum log composite likelihood: -19.756851795.
2019-08-01 09:09:39,248 - INFO - Optimal value of theta: 69.5796726494.
2019-08-01 09:09:39,248 - INFO - Beginning optimization with guess, [0.3598447  0.18545936].
2019-08-01 09:09:40,088 - INFO - Finished optimization with guess, [0.3598447  0.18545936].
2019-08-01 09:09:40,088 - INFO - Best fit parameters: [0.58258516 0.32608782].
2019-08-01 09:09:40,097 - INFO - Maximum log composite likelihood: -19.7568518197.
2019-08-01 09:09:40,097 - INFO - Optimal value of theta: 69.5784138908.
2019-08-01 09:09:40,098 - INFO - Beginning optimization with guess, [0.64241161 0.06003452].
2019-08-01 09:09:41,201 - INFO - Finished optimization with guess, [0.64241161 0.06003452].
2019-08-01 09:09:41,201 - INFO - Best fit parameters: [0.58144139 0.32868732].
2019-08-01 09:09:41,210 - INFO - Maximum log composite likelihood: -19.7568533721.
2019-08-01 09:09:41,210 - INFO - Optimal value of theta: 69.7363080474.
2019-08-01 09:09:41,210 - INFO - Beginning optimization with guess, [0.71713804 0.15510793].
2019-08-01 09:09:41,975 - INFO - Finished optimization with guess, [0.71713804 0.15510793].
2019-08-01 09:09:41,976 - INFO - Best fit parameters: [0.58169447 0.32922505].
2019-08-01 09:09:41,985 - INFO - Maximum log composite likelihood: -19.7568531858.
2019-08-01 09:09:41,985 - INFO - Optimal value of theta: 69.7364494497.
2019-08-01 09:09:41,985 - INFO - Beginning optimization with guess, [0.77975167 0.0654382 ].
2019-08-01 09:09:42,630 - INFO - Finished optimization with guess, [0.77975167 0.0654382 ].
2019-08-01 09:09:42,630 - INFO - Best fit parameters: [0.58256391 0.32613533].
2019-08-01 09:09:42,639 - INFO - Maximum log composite likelihood: -19.7568518179.
2019-08-01 09:09:42,639 - INFO - Optimal value of theta: 69.5813096295.
2019-08-01 09:09:42,640 - INFO - Beginning optimization with guess, [0.73025065 0.06360299].
2019-08-01 09:09:43,176 - INFO - Finished optimization with guess, [0.73025065 0.06360299].
2019-08-01 09:09:43,176 - INFO - Best fit parameters: [0.58244828 0.32657451].
2019-08-01 09:09:43,185 - INFO - Maximum log composite likelihood: -19.7568519022.
2019-08-01 09:09:43,185 - INFO - Optimal value of theta: 69.6028170591.
2019-08-01 09:09:43,186 - INFO - Beginning optimization with guess, [0.61808024 0.08918747].
2019-08-01 09:09:43,838 - INFO - Finished optimization with guess, [0.61808024 0.08918747].
2019-08-01 09:09:43,838 - INFO - Best fit parameters: [0.58262784 0.32592078].
2019-08-01 09:09:43,847 - INFO - Maximum log composite likelihood: -19.756851802.
2019-08-01 09:09:43,847 - INFO - Optimal value of theta: 69.5703431259.
2019-08-01 09:09:43,848 - INFO - Beginning optimization with guess, [0.45136882 0.19047392].
2019-08-01 09:09:44,632 - INFO - Finished optimization with guess, [0.45136882 0.19047392].
2019-08-01 09:09:44,632 - INFO - Best fit parameters: [0.58250417 0.32583975].
2019-08-01 09:09:44,641 - INFO - Maximum log composite likelihood: -19.7568518749.
2019-08-01 09:09:44,641 - INFO - Optimal value of theta: 69.575931385.
2019-08-01 09:09:44,642 - INFO - Beginning optimization with guess, [0.34367715 0.06793864].
2019-08-01 09:09:45,286 - INFO - Finished optimization with guess, [0.34367715 0.06793864].
2019-08-01 09:09:45,286 - INFO - Best fit parameters: [0.58255611 0.32631516].
2019-08-01 09:09:45,295 - INFO - Maximum log composite likelihood: -19.756851896.
2019-08-01 09:09:45,295 - INFO - Optimal value of theta: 69.5874975129.
2019-08-01 09:09:45,296 - INFO - Beginning optimization with guess, [0.469996   0.10273845].
2019-08-01 09:09:46,049 - INFO - Finished optimization with guess, [0.469996   0.10273845].
2019-08-01 09:09:46,049 - INFO - Best fit parameters: [0.58152112 0.32831221].
2019-08-01 09:09:46,059 - INFO - Maximum log composite likelihood: -19.7568533574.
2019-08-01 09:09:46,059 - INFO - Optimal value of theta: 69.7191249707.
2019-08-01 09:09:46,059 - INFO - Beginning optimization with guess, [0.3814638  0.18207106].
2019-08-01 09:09:46,586 - INFO - Finished optimization with guess, [0.3814638  0.18207106].
2019-08-01 09:09:46,586 - INFO - Best fit parameters: [0.58254723 0.32596377].
2019-08-01 09:09:46,596 - INFO - Maximum log composite likelihood: -19.7568517917.
2019-08-01 09:09:46,596 - INFO - Optimal value of theta: 69.5770044831.
2019-08-01 09:09:46,596 - INFO - Beginning optimization with guess, [0.75231004 0.0866359 ].
2019-08-01 09:09:47,451 - INFO - Finished optimization with guess, [0.75231004 0.0866359 ].
2019-08-01 09:09:47,451 - INFO - Best fit parameters: [0.58232385 0.32619341].
2019-08-01 09:09:47,461 - INFO - Maximum log composite likelihood: -19.7568520713.
2019-08-01 09:09:47,461 - INFO - Optimal value of theta: 69.5989723108.
2019-08-01 09:09:47,461 - INFO - Beginning optimization with guess, [0.30318114 0.16050761].
2019-08-01 09:09:48,301 - INFO - Finished optimization with guess, [0.30318114 0.16050761].
2019-08-01 09:09:48,301 - INFO - Best fit parameters: [0.58166171 0.32914453].
2019-08-01 09:09:48,311 - INFO - Maximum log composite likelihood: -19.7568530242.
2019-08-01 09:09:48,311 - INFO - Optimal value of theta: 69.7360896098.
2019-08-01 09:09:48,311 - INFO - Beginning optimization with guess, [0.25438217 0.12895883].
2019-08-01 09:09:49,158 - INFO - Finished optimization with guess, [0.25438217 0.12895883].
2019-08-01 09:09:49,159 - INFO - Best fit parameters: [0.58251378 0.32593864].
2019-08-01 09:09:49,168 - INFO - Maximum log composite likelihood: -19.7568518211.
2019-08-01 09:09:49,168 - INFO - Optimal value of theta: 69.5784156297.
2019-08-01 09:09:49,168 - INFO - Beginning optimization with guess, [0.8650801  0.08798137].
2019-08-01 09:09:50,028 - INFO - Finished optimization with guess, [0.8650801  0.08798137].
2019-08-01 09:09:50,028 - INFO - Best fit parameters: [0.58196699 0.32810018].
2019-08-01 09:09:50,038 - INFO - Maximum log composite likelihood: -19.7568523949.
2019-08-01 09:09:50,038 - INFO - Optimal value of theta: 69.6827989782.
2019-08-01 09:09:50,038 - INFO - Beginning optimization with guess, [0.29447409 0.071369  ].
2019-08-01 09:09:50,906 - INFO - Finished optimization with guess, [0.29447409 0.071369  ].
2019-08-01 09:09:50,906 - INFO - Best fit parameters: [0.58233847 0.32725262].
2019-08-01 09:09:50,915 - INFO - Maximum log composite likelihood: -19.7568522716.
2019-08-01 09:09:50,916 - INFO - Optimal value of theta: 69.6314889718.
2019-08-01 09:09:50,916 - INFO - Beginning optimization with guess, [0.4150663  0.07748695].
2019-08-01 09:09:51,847 - INFO - Finished optimization with guess, [0.4150663  0.07748695].
2019-08-01 09:09:51,847 - INFO - Best fit parameters: [0.5825184  0.32586999].
2019-08-01 09:09:51,856 - INFO - Maximum log composite likelihood: -19.7568518386.
2019-08-01 09:09:51,856 - INFO - Optimal value of theta: 69.5759475545.
2019-08-01 09:09:51,857 - INFO - Beginning optimization with guess, [0.31078465 0.15754529].
2019-08-01 09:09:52,284 - INFO - Finished optimization with guess, [0.31078465 0.15754529].
2019-08-01 09:09:52,284 - INFO - Best fit parameters: [0.58254791 0.32593155].
2019-08-01 09:09:52,294 - INFO - Maximum log composite likelihood: -19.7568517944.
2019-08-01 09:09:52,294 - INFO - Optimal value of theta: 69.5759443216.
2019-08-01 09:09:52,294 - INFO - Beginning optimization with guess, [0.5147605  0.05307741].
2019-08-01 09:09:52,844 - INFO - Finished optimization with guess, [0.5147605  0.05307741].
2019-08-01 09:09:52,844 - INFO - Best fit parameters: [0.58253569 0.3258677 ].
2019-08-01 09:09:52,853 - INFO - Maximum log composite likelihood: -19.756851818.
2019-08-01 09:09:52,853 - INFO - Optimal value of theta: 69.5747372932.
2019-08-01 09:09:52,854 - INFO - Beginning optimization with guess, [0.42422397 0.14915788].
2019-08-01 09:09:54,160 - INFO - Finished optimization with guess, [0.42422397 0.14915788].
2019-08-01 09:09:54,160 - INFO - Best fit parameters: [0.5813691 0.3292473].
2019-08-01 09:09:54,169 - INFO - Maximum log composite likelihood: -19.7568533164.
2019-08-01 09:09:54,169 - INFO - Optimal value of theta: 69.7588278473.
2019-08-01 09:09:54,170 - INFO - Beginning optimization with guess, [0.34589394 0.09660756].
2019-08-01 09:09:55,649 - INFO - Finished optimization with guess, [0.34589394 0.09660756].
2019-08-01 09:09:55,649 - INFO - Best fit parameters: [0.58214134 0.32652713].
2019-08-01 09:09:55,658 - INFO - Maximum log composite likelihood: -19.7568524212.
2019-08-01 09:09:55,659 - INFO - Optimal value of theta: 69.6215959123.
2019-08-01 09:09:55,659 - INFO - Beginning optimization with guess, [0.54140507 0.18962666].
2019-08-01 09:09:56,431 - INFO - Finished optimization with guess, [0.54140507 0.18962666].
2019-08-01 09:09:56,431 - INFO - Best fit parameters: [0.58200188 0.32664142].
2019-08-01 09:09:56,440 - INFO - Maximum log composite likelihood: -19.7568529957.
2019-08-01 09:09:56,440 - INFO - Optimal value of theta: 69.6344338067.
2019-08-01 09:09:56,440 - INFO - Beginning optimization with guess, [0.31737719 0.18714008].
2019-08-01 09:09:57,328 - INFO - Finished optimization with guess, [0.31737719 0.18714008].
2019-08-01 09:09:57,329 - INFO - Best fit parameters: [0.58249547 0.32589549].
2019-08-01 09:09:57,338 - INFO - Maximum log composite likelihood: -19.7568518625.
2019-08-01 09:09:57,338 - INFO - Optimal value of theta: 69.5782613824.
2019-08-01 09:09:57,338 - INFO - Beginning optimization with guess, [0.99089835 0.11903295].
2019-08-01 09:09:58,689 - INFO - Finished optimization with guess, [0.99089835 0.11903295].
2019-08-01 09:09:58,690 - INFO - Best fit parameters: [0.58177754 0.32826204].
2019-08-01 09:09:58,700 - INFO - Maximum log composite likelihood: -19.7568525017.
2019-08-01 09:09:58,700 - INFO - Optimal value of theta: 69.7004864662.
2019-08-01 09:09:58,700 - INFO - Beginning optimization with guess, [0.717946   0.10098374].
2019-08-01 09:09:59,473 - INFO - Finished optimization with guess, [0.717946   0.10098374].
2019-08-01 09:09:59,473 - INFO - Best fit parameters: [0.58081192 0.33068956].
2019-08-01 09:09:59,495 - INFO - Maximum log composite likelihood: -19.7568548735.
2019-08-01 09:09:59,495 - INFO - Optimal value of theta: 69.8416576321.
2019-08-01 09:09:59,496 - INFO - Beginning optimization with guess, [0.71403605 0.19014511].
2019-08-01 09:10:00,217 - INFO - Finished optimization with guess, [0.71403605 0.19014511].
2019-08-01 09:10:00,217 - INFO - Best fit parameters: [0.58238731 0.32596118].
2019-08-01 09:10:00,226 - INFO - Maximum log composite likelihood: -19.7568520764.
2019-08-01 09:10:00,226 - INFO - Optimal value of theta: 69.5874566579.
2019-08-01 09:10:00,227 - INFO - Beginning optimization with guess, [0.36226066 0.08619619].
2019-08-01 09:10:00,716 - INFO - Finished optimization with guess, [0.36226066 0.08619619].
2019-08-01 09:10:00,716 - INFO - Best fit parameters: [0.58246967 0.32635189].
2019-08-01 09:10:00,725 - INFO - Maximum log composite likelihood: -19.7568518295.
2019-08-01 09:10:00,726 - INFO - Optimal value of theta: 69.5943638151.
2019-08-01 09:10:00,726 - INFO - Beginning optimization with guess, [0.66146193 0.07047802].
2019-08-01 09:10:01,797 - INFO - Finished optimization with guess, [0.66146193 0.07047802].
2019-08-01 09:10:01,797 - INFO - Best fit parameters: [0.5824165  0.32657177].
2019-08-01 09:10:01,806 - INFO - Maximum log composite likelihood: -19.7568518744.
2019-08-01 09:10:01,807 - INFO - Optimal value of theta: 69.6048287289.
2019-08-01 09:10:01,807 - INFO - Beginning optimization with guess, [0.33794193 0.06932398].
2019-08-01 09:10:02,680 - INFO - Finished optimization with guess, [0.33794193 0.06932398].
2019-08-01 09:10:02,681 - INFO - Best fit parameters: [0.58110423 0.33014462].
2019-08-01 09:10:02,690 - INFO - Maximum log composite likelihood: -19.7568539345.
2019-08-01 09:10:02,690 - INFO - Optimal value of theta: 69.8048266934.
2019-08-01 09:10:02,691 - INFO - Beginning optimization with guess, [0.4483643  0.05426475].
2019-08-01 09:10:03,269 - INFO - Finished optimization with guess, [0.4483643  0.05426475].
2019-08-01 09:10:03,269 - INFO - Best fit parameters: [0.58155332 0.32966887].
2019-08-01 09:10:03,278 - INFO - Maximum log composite likelihood: -19.7568535015.
2019-08-01 09:10:03,278 - INFO - Optimal value of theta: 69.7598490288.
2019-08-01 09:10:03,279 - INFO - Beginning optimization with guess, [0.2783539  0.15574998].
2019-08-01 09:10:04,069 - INFO - Finished optimization with guess, [0.2783539  0.15574998].
2019-08-01 09:10:04,070 - INFO - Best fit parameters: [0.58137917 0.32856082].
2019-08-01 09:10:04,079 - INFO - Maximum log composite likelihood: -19.7568538813.
2019-08-01 09:10:04,079 - INFO - Optimal value of theta: 69.7364461269.
2019-08-01 09:10:04,080 - INFO - Beginning optimization with guess, [0.99682602 0.05002083].
2019-08-01 09:10:04,763 - INFO - Finished optimization with guess, [0.99682602 0.05002083].
2019-08-01 09:10:04,763 - INFO - Best fit parameters: [0.58256246 0.32557825].
2019-08-01 09:10:04,772 - INFO - Maximum log composite likelihood: -19.7568519164.
2019-08-01 09:10:04,772 - INFO - Optimal value of theta: 69.5638474336.
2019-08-01 09:10:04,773 - INFO - Beginning optimization with guess, [0.69825311 0.08504547].
2019-08-01 09:10:05,803 - INFO - Finished optimization with guess, [0.69825311 0.08504547].
2019-08-01 09:10:05,804 - INFO - Best fit parameters: [0.58230084 0.32684569].
2019-08-01 09:10:05,813 - INFO - Maximum log composite likelihood: -19.7568519255.
2019-08-01 09:10:05,813 - INFO - Optimal value of theta: 69.6211281223.
2019-08-01 09:10:05,814 - INFO - Beginning optimization with guess, [0.31461357 0.11995541].
2019-08-01 09:10:06,429 - INFO - Finished optimization with guess, [0.31461357 0.11995541].
2019-08-01 09:10:06,429 - INFO - Best fit parameters: [0.58265984 0.32568604].
2019-08-01 09:10:06,438 - INFO - Maximum log composite likelihood: -19.7568517791.
2019-08-01 09:10:06,438 - INFO - Optimal value of theta: 69.5608393841.
2019-08-01 09:10:06,439 - INFO - Beginning optimization with guess, [0.45487805 0.12497279].
2019-08-01 09:10:07,411 - INFO - Finished optimization with guess, [0.45487805 0.12497279].
2019-08-01 09:10:07,412 - INFO - Best fit parameters: [0.58236535 0.3261512 ].
2019-08-01 09:10:07,433 - INFO - Maximum log composite likelihood: -19.7568519865.
2019-08-01 09:10:07,433 - INFO - Optimal value of theta: 69.5948962838.
2019-08-01 09:10:07,434 - INFO - Beginning optimization with guess, [0.69144706 0.11246056].
2019-08-01 09:10:09,736 - INFO - Finished optimization with guess, [0.69144706 0.11246056].
2019-08-01 09:10:09,737 - INFO - Best fit parameters: [0.58261899 0.32556605].
2019-08-01 09:10:09,746 - INFO - Maximum log composite likelihood: -19.756851826.
2019-08-01 09:10:09,746 - INFO - Optimal value of theta: 69.5597435312.
2019-08-01 09:10:09,747 - INFO - Beginning optimization with guess, [0.50741633 0.17232064].
2019-08-01 09:10:10,150 - INFO - Finished optimization with guess, [0.50741633 0.17232064].
2019-08-01 09:10:10,151 - INFO - Best fit parameters: [0.58247484 0.32606304].
2019-08-01 09:10:10,160 - INFO - Maximum log composite likelihood: -19.7568518293.
2019-08-01 09:10:10,160 - INFO - Optimal value of theta: 69.5848995161.
2019-08-01 09:10:10,160 - INFO - Beginning optimization with guess, [0.90154034 0.10488502].
2019-08-01 09:10:10,985 - INFO - Finished optimization with guess, [0.90154034 0.10488502].
2019-08-01 09:10:10,985 - INFO - Best fit parameters: [0.58202606 0.32698462].
2019-08-01 09:10:10,995 - INFO - Maximum log composite likelihood: -19.7568524164.
2019-08-01 09:10:10,995 - INFO - Optimal value of theta: 69.6436911931.
2019-08-01 09:10:10,995 - INFO - Beginning optimization with guess, [0.34708767 0.06722967].
2019-08-01 09:10:11,871 - INFO - Finished optimization with guess, [0.34708767 0.06722967].
2019-08-01 09:10:11,872 - INFO - Best fit parameters: [0.58203494 0.32802547].
2019-08-01 09:10:11,881 - INFO - Maximum log composite likelihood: -19.7568524224.
2019-08-01 09:10:11,881 - INFO - Optimal value of theta: 69.6759417659.
2019-08-01 09:10:11,881 - INFO - Beginning optimization with guess, [0.54359142 0.05586845].
2019-08-01 09:10:12,479 - INFO - Finished optimization with guess, [0.54359142 0.05586845].
2019-08-01 09:10:12,479 - INFO - Best fit parameters: [0.58244826 0.32604658].
2019-08-01 09:10:12,488 - INFO - Maximum log composite likelihood: -19.7568518719.
2019-08-01 09:10:12,488 - INFO - Optimal value of theta: 69.5861321096.
2019-08-01 09:10:12,489 - INFO - Beginning optimization with guess, [0.25252823 0.11951379].
2019-08-01 09:10:13,102 - INFO - Finished optimization with guess, [0.25252823 0.11951379].
2019-08-01 09:10:13,102 - INFO - Best fit parameters: [0.58280594 0.32500401].
2019-08-01 09:10:13,112 - INFO - Maximum log composite likelihood: -19.7568518472.
2019-08-01 09:10:13,112 - INFO - Optimal value of theta: 69.5297109504.
2019-08-01 09:10:13,112 - INFO - Beginning optimization with guess, [0.39322297 0.18592691].
2019-08-01 09:10:13,750 - INFO - Finished optimization with guess, [0.39322297 0.18592691].
2019-08-01 09:10:13,751 - INFO - Best fit parameters: [0.58265458 0.32572611].
2019-08-01 09:10:13,760 - INFO - Maximum log composite likelihood: -19.7568517803.
2019-08-01 09:10:13,760 - INFO - Optimal value of theta: 69.5624488805.
2019-08-01 09:10:13,760 - INFO - Beginning optimization with guess, [0.5913225  0.08053899].
2019-08-01 09:10:15,216 - INFO - Finished optimization with guess, [0.5913225  0.08053899].
2019-08-01 09:10:15,216 - INFO - Best fit parameters: [0.58160321 0.32852808].
2019-08-01 09:10:15,225 - INFO - Maximum log composite likelihood: -19.7568528442.
2019-08-01 09:10:15,225 - INFO - Optimal value of theta: 69.7204989849.
2019-08-01 09:10:15,225 - INFO - Beginning optimization with guess, [0.60224753 0.0967282 ].
2019-08-01 09:10:15,792 - INFO - Finished optimization with guess, [0.60224753 0.0967282 ].
2019-08-01 09:10:15,792 - INFO - Best fit parameters: [0.58248238 0.32594574].
2019-08-01 09:10:15,801 - INFO - Maximum log composite likelihood: -19.7568518609.
2019-08-01 09:10:15,801 - INFO - Optimal value of theta: 69.5807071566.
2019-08-01 09:10:15,802 - INFO - Beginning optimization with guess, [0.87649282 0.08393721].
2019-08-01 09:10:16,432 - INFO - Finished optimization with guess, [0.87649282 0.08393721].
2019-08-01 09:10:16,432 - INFO - Best fit parameters: [0.58225101 0.32741748].
2019-08-01 09:10:16,441 - INFO - Maximum log composite likelihood: -19.7568522347.
2019-08-01 09:10:16,442 - INFO - Optimal value of theta: 69.642474026.
2019-08-01 09:10:16,442 - INFO - Beginning optimization with guess, [0.8658071  0.17134653].
2019-08-01 09:10:17,220 - INFO - Finished optimization with guess, [0.8658071  0.17134653].
2019-08-01 09:10:17,221 - INFO - Best fit parameters: [0.58193305 0.32719012].
2019-08-01 09:10:17,230 - INFO - Maximum log composite likelihood: -19.7568525976.
2019-08-01 09:10:17,230 - INFO - Optimal value of theta: 69.6563427336.
2019-08-01 09:10:17,230 - INFO - Beginning optimization with guess, [0.91194449 0.07671658].
2019-08-01 09:10:18,257 - INFO - Finished optimization with guess, [0.91194449 0.07671658].
2019-08-01 09:10:18,257 - INFO - Best fit parameters: [0.58247715 0.32625933].
2019-08-01 09:10:18,266 - INFO - Maximum log composite likelihood: -19.7568518131.
2019-08-01 09:10:18,266 - INFO - Optimal value of theta: 69.5909413391.
2019-08-01 09:10:18,267 - INFO - Beginning optimization with guess, [0.40128975 0.19608474].
2019-08-01 09:10:19,357 - INFO - Finished optimization with guess, [0.40128975 0.19608474].
2019-08-01 09:10:19,358 - INFO - Best fit parameters: [0.58198684 0.32842912].
2019-08-01 09:10:19,379 - INFO - Maximum log composite likelihood: -19.7568528108.
2019-08-01 09:10:19,379 - INFO - Optimal value of theta: 69.691865854.
2019-08-01 09:10:19,384 - INFO - Finished demographic inference.
2019-08-01 09:10:19,384 - INFO - Beginning DFE inference.
2019-08-01 09:10:24,480 - INFO - Beginning optimization with guess, [1.25487899e-01 2.64048529e+02].
2019-08-01 09:10:30,293 - INFO - Finished optomization, results are [-20.6345481708937 array([  0.23472514, 223.99616712])].
2019-08-01 09:10:30,294 - INFO - Beginning optimization with guess, [8.26482214e-02 1.62873347e+02].
2019-08-01 09:10:35,328 - INFO - Finished optomization, results are [-20.63432902105557 array([  0.23711097, 215.36149141])].
2019-08-01 09:10:35,328 - INFO - Beginning optimization with guess, [4.50347944e-02 9.85542467e+01].
2019-08-01 09:10:44,841 - INFO - Finished optomization, results are [-20.634571562241483 array([  0.23472006, 223.55360795])].
2019-08-01 09:10:44,850 - INFO - Beginning optimization with guess, [6.10521944e-02 2.36883348e+02].
2019-08-01 09:10:51,598 - INFO - Finished optomization, results are [-20.63459096120002 array([  0.23449935, 224.71689659])].
2019-08-01 09:10:51,599 - INFO - Beginning optimization with guess, [1.77145717e-01 1.91086084e+02].
2019-08-01 09:11:00,582 - INFO - Finished optomization, results are [-20.634340669273165 array([  0.23696226, 215.68048575])].
2019-08-01 09:11:00,583 - INFO - Beginning optimization with guess, [ 0.11546543 86.38500421].
2019-08-01 09:11:09,169 - INFO - Finished optomization, results are [-20.634483729865465 array([  0.23557667, 220.11891814])].
2019-08-01 09:11:09,170 - INFO - Beginning optimization with guess, [4.61793858e-02 1.43501910e+02].
2019-08-01 09:11:15,567 - INFO - Finished optomization, results are [-20.63436458023702 array([  0.23660566, 216.77908271])].
2019-08-01 09:11:15,568 - INFO - Beginning optimization with guess, [8.33329725e-02 2.47962841e+02].
2019-08-01 09:11:16,345 - INFO - Finished optomization, results are [-20.63459661323958 array([  0.23445727, 224.96575118])].
2019-08-01 09:11:16,345 - INFO - Beginning optimization with guess, [7.39171150e-02 3.12767693e+02].
2019-08-01 09:11:17,199 - INFO - Finished optomization, results are [-20.634596613188975 array([  0.23445728, 224.96574304])].
2019-08-01 09:11:17,200 - INFO - Beginning optimization with guess, [9.30070362e-02 2.62324626e+02].
2019-08-01 09:11:17,971 - INFO - Finished optomization, results are [-20.63459661941804 array([  0.23445724, 224.96588252])].
2019-08-01 09:11:17,972 - INFO - Beginning optimization with guess, [9.34447108e-02 1.08897261e+02].
2019-08-01 09:11:25,543 - INFO - Finished optomization, results are [-20.634531464301062 array([  0.23511485, 221.88787953])].
2019-08-01 09:11:25,544 - INFO - Beginning optimization with guess, [1.37984394e-01 3.13790018e+02].
2019-08-01 09:11:26,245 - INFO - Finished optomization, results are [-20.634596650096668 array([  0.23445708, 224.96640992])].
2019-08-01 09:11:26,246 - INFO - Beginning optimization with guess, [5.86993549e-02 1.03322492e+02].
2019-08-01 09:11:36,814 - INFO - Finished optomization, results are [-20.634339110417173 array([  0.23671135, 216.8079558 ])].
2019-08-01 09:11:36,814 - INFO - Beginning optimization with guess, [8.84696291e-02 2.23222233e+02].
2019-08-01 09:11:37,855 - INFO - Finished optomization, results are [-20.63459661536762 array([  0.23445726, 224.96577558])].
2019-08-01 09:11:37,856 - INFO - Beginning optimization with guess, [  0.17435278 103.96169128].
2019-08-01 09:11:43,956 - INFO - Finished optomization, results are [-20.63456785488964 array([  0.23461911, 224.3228154 ])].
2019-08-01 09:11:43,957 - INFO - Beginning optimization with guess, [5.85604280e-02 2.45338994e+02].
2019-08-01 09:11:49,194 - INFO - Finished optomization, results are [-20.634585551032828 array([  0.2345334 , 224.56421218])].
2019-08-01 09:11:49,195 - INFO - Beginning optimization with guess, [6.84436240e-02 2.43335525e+02].
2019-08-01 09:11:50,069 - INFO - Finished optomization, results are [-20.634596636786444 array([  0.23445715, 224.96623497])].
2019-08-01 09:11:50,069 - INFO - Beginning optimization with guess, [1.20458053e-01 1.74614736e+02].
2019-08-01 09:11:57,202 - INFO - Finished optomization, results are [-20.634356763803133 array([  0.23689845, 215.71383892])].
2019-08-01 09:11:57,204 - INFO - Beginning optimization with guess, [1.30244564e-01 2.48085593e+02].
2019-08-01 09:12:03,380 - INFO - Finished optomization, results are [-20.634568507255935 array([  0.23462749, 224.67584842])].
2019-08-01 09:12:03,381 - INFO - Beginning optimization with guess, [7.94446581e-02 1.04180576e+02].
2019-08-01 09:12:12,061 - INFO - Finished optomization, results are [-20.63454742150587 array([  0.23479329, 223.44905106])].
2019-08-01 09:12:12,072 - INFO - Beginning optimization with guess, [6.82685143e-02 2.04105752e+02].
2019-08-01 09:12:18,595 - INFO - Finished optomization, results are [-20.63459660344654 array([  0.23445734, 224.96538059])].
2019-08-01 09:12:18,596 - INFO - Beginning optimization with guess, [7.23147847e-02 8.93061148e+01].
2019-08-01 09:12:24,279 - INFO - Finished optomization, results are [-20.634491349962133 array([  0.2355376 , 220.23705847])].
2019-08-01 09:12:24,280 - INFO - Beginning optimization with guess, [8.01836192e-02 9.19433900e+01].
2019-08-01 09:12:29,427 - INFO - Finished optomization, results are [-20.63455297500848 array([  0.2349504 , 222.51588101])].
2019-08-01 09:12:29,427 - INFO - Beginning optimization with guess, [1.73240578e-01 2.69833169e+02].
2019-08-01 09:12:30,125 - INFO - Finished optomization, results are [-20.634596601969314 array([  0.23445734, 224.96549494])].
2019-08-01 09:12:30,125 - INFO - Beginning optimization with guess, [1.25290469e-01 1.67483666e+02].
2019-08-01 09:12:33,745 - INFO - Finished optomization, results are [-20.634379643640195 array([  0.23695562, 215.29275889])].
2019-08-01 09:12:33,746 - INFO - Beginning optimization with guess, [1.61967648e-01 2.97865990e+02].
2019-08-01 09:12:34,443 - INFO - Finished optomization, results are [-20.63459658944107 array([  0.23445741, 224.96519556])].
2019-08-01 09:12:34,443 - INFO - Beginning optimization with guess, [7.83889183e-02 1.87647615e+02].
2019-08-01 09:12:39,303 - INFO - Finished optomization, results are [-20.63459602105749 array([  0.23446274, 224.92206109])].
2019-08-01 09:12:39,304 - INFO - Beginning optimization with guess, [ 0.17882834 90.40716208].
2019-08-01 09:12:45,995 - INFO - Finished optomization, results are [-20.63453635032214 array([  0.23481116, 223.56288593])].
2019-08-01 09:12:45,995 - INFO - Beginning optimization with guess, [1.41650726e-01 3.13674575e+02].
2019-08-01 09:12:46,693 - INFO - Finished optomization, results are [-20.634596643419286 array([  0.23445712, 224.96630081])].
2019-08-01 09:12:46,693 - INFO - Beginning optimization with guess, [  0.17179837 143.39373414].
2019-08-01 09:12:51,177 - INFO - Finished optomization, results are [-20.634371449355502 array([  0.23687264, 215.66878121])].
2019-08-01 09:12:51,178 - INFO - Beginning optimization with guess, [  0.16548458 142.91375585].
2019-08-01 09:12:55,436 - INFO - Finished optomization, results are [-20.634356432516554 array([  0.23700653, 215.31100989])].
2019-08-01 09:12:55,437 - INFO - Beginning optimization with guess, [ 0.10151701 93.73364896].
2019-08-01 09:13:01,838 - INFO - Finished optomization, results are [-20.63444628231212 array([  0.23596809, 218.69828452])].
2019-08-01 09:13:01,838 - INFO - Beginning optimization with guess, [1.17794884e-01 1.84699602e+02].
2019-08-01 09:13:08,406 - INFO - Finished optomization, results are [-20.634347970302066 array([  0.23696036, 215.58185762])].
2019-08-01 09:13:08,407 - INFO - Beginning optimization with guess, [1.13624378e-01 3.32505496e+02].
2019-08-01 09:13:14,856 - INFO - Finished optomization, results are [-20.63459377320248 array([  0.23447421, 224.88422154])].
2019-08-01 09:13:14,857 - INFO - Beginning optimization with guess, [ 0.08911939 87.11909665].
2019-08-01 09:13:20,431 - INFO - Finished optomization, results are [-20.634476900928977 array([  0.23558556, 220.13106057])].
2019-08-01 09:13:20,432 - INFO - Beginning optimization with guess, [6.6502156e-02 1.1096973e+02].
2019-08-01 09:13:26,910 - INFO - Finished optomization, results are [-20.6343272879328 array([  0.23715264, 215.26780465])].
2019-08-01 09:13:26,915 - INFO - Beginning optimization with guess, [1.44627027e-01 1.61823622e+02].
2019-08-01 09:13:32,887 - INFO - Finished optomization, results are [-20.634343013731836 array([  0.23696954, 216.41820396])].
2019-08-01 09:13:32,888 - INFO - Beginning optimization with guess, [1.47560824e-01 2.24483410e+02].
2019-08-01 09:13:38,313 - INFO - Finished optomization, results are [-20.63458975327171 array([  0.23448913, 224.93103582])].
2019-08-01 09:13:38,314 - INFO - Beginning optimization with guess, [  0.14159235 111.36521102].
2019-08-01 09:13:43,529 - INFO - Finished optomization, results are [-20.634566088838294 array([  0.2346298 , 224.27783406])].
2019-08-01 09:13:43,530 - INFO - Beginning optimization with guess, [5.50910092e-02 2.94087893e+02].
2019-08-01 09:13:44,505 - INFO - Finished optomization, results are [-20.634596614009034 array([  0.23445727, 224.96576079])].
2019-08-01 09:13:44,506 - INFO - Beginning optimization with guess, [8.77151222e-02 1.03769252e+02].
2019-08-01 09:13:49,373 - INFO - Finished optomization, results are [-20.63452944608903 array([  0.23491856, 222.95134718])].
2019-08-01 09:13:49,374 - INFO - Beginning optimization with guess, [1.33213260e-01 1.72273598e+02].
2019-08-01 09:13:52,781 - INFO - Finished optomization, results are [-20.634394647588028 array([  0.23670667, 216.11215802])].
2019-08-01 09:13:52,782 - INFO - Beginning optimization with guess, [1.71214182e-01 1.89449416e+02].
2019-08-01 09:13:58,214 - INFO - Finished optomization, results are [-20.634338502029365 array([  0.23703509, 215.43540073])].
2019-08-01 09:13:58,215 - INFO - Beginning optimization with guess, [5.47702518e-02 2.34286728e+02].
2019-08-01 09:14:03,566 - INFO - Finished optomization, results are [-20.634478906472708 array([  0.23516884, 222.3692756 ])].
2019-08-01 09:14:03,567 - INFO - Beginning optimization with guess, [5.93615032e-02 2.47678999e+02].
2019-08-01 09:14:09,556 - INFO - Finished optomization, results are [-20.634596399974264 array([  0.23448972, 224.65701709])].
2019-08-01 09:14:09,557 - INFO - Beginning optimization with guess, [1.15657295e-01 1.57522006e+02].
2019-08-01 09:14:13,177 - INFO - Finished optomization, results are [-20.634404300155964 array([  0.23664734, 216.26990682])].
2019-08-01 09:14:13,178 - INFO - Beginning optimization with guess, [7.24217988e-02 1.87821699e+02].
2019-08-01 09:14:19,435 - INFO - Finished optomization, results are [-20.634595696199042 array([  0.23446473, 224.91234266])].
2019-08-01 09:14:19,436 - INFO - Beginning optimization with guess, [8.91467218e-02 2.10955810e+02].
2019-08-01 09:14:20,062 - INFO - Finished optomization, results are [-20.634596606569197 array([  0.23445731, 224.96563274])].
2019-08-01 09:14:20,063 - INFO - Beginning optimization with guess, [1.27798537e-01 3.30015978e+02].
2019-08-01 09:14:24,374 - INFO - Finished optomization, results are [-20.634596112969945 array([  0.2344601 , 224.95340061])].
2019-08-01 09:14:24,375 - INFO - Beginning optimization with guess, [5.36983482e-02 2.93127193e+02].
2019-08-01 09:14:25,559 - INFO - Finished optomization, results are [-20.634596614334342 array([  0.23445727, 224.96577855])].
2019-08-01 09:14:25,559 - INFO - Beginning optimization with guess, [5.95368995e-02 2.98784505e+02].
2019-08-01 09:14:26,465 - INFO - Finished optomization, results are [-20.634596637329913 array([  0.23445715, 224.96624564])].
2019-08-01 09:14:26,465 - INFO - Beginning optimization with guess, [9.93345921e-02 1.95914033e+02].
2019-08-01 09:14:31,341 - INFO - Finished optomization, results are [-20.63459655073124 array([  0.23445765, 224.96391805])].
2019-08-01 09:14:31,341 - INFO - Beginning optimization with guess, [1.69017521e-01 3.06400416e+02].
2019-08-01 09:14:35,867 - INFO - Finished optomization, results are [-20.634596155001937 array([  0.23445983, 224.95487045])].
2019-08-01 09:14:35,868 - INFO - Beginning optimization with guess, [6.15304349e-02 1.96769909e+02].
2019-08-01 09:14:40,807 - INFO - Finished optomization, results are [-20.634586339426964 array([  0.23450725, 224.87917861])].
2019-08-01 09:14:40,807 - INFO - Beginning optimization with guess, [7.01047666e-02 2.80484682e+02].
2019-08-01 09:14:45,824 - INFO - Finished optomization, results are [-20.634493623290584 array([  0.23556432, 220.10284794])].
2019-08-01 09:14:45,825 - INFO - Beginning optimization with guess, [5.11180242e-02 2.71899550e+02].
2019-08-01 09:14:46,824 - INFO - Finished optomization, results are [-20.634596615055372 array([  0.23445727, 224.96578933])].
2019-08-01 09:14:46,825 - INFO - Beginning optimization with guess, [1.03136777e-01 1.68272108e+02].
2019-08-01 09:14:51,982 - INFO - Finished optomization, results are [-20.63437216835961 array([  0.23614194, 219.01301593])].
2019-08-01 09:14:51,983 - INFO - Beginning optimization with guess, [1.34622269e-01 1.94562148e+02].
2019-08-01 09:14:56,442 - INFO - Finished optomization, results are [-20.634481864385506 array([  0.23514757, 222.45201514])].
2019-08-01 09:14:56,443 - INFO - Beginning optimization with guess, [  0.17698146 124.62817637].
2019-08-01 09:15:02,021 - INFO - Finished optomization, results are [-20.634533509742983 array([  0.23491286, 222.92601504])].
2019-08-01 09:15:02,027 - INFO - Beginning optimization with guess, [1.03506045e-01 1.42642024e+02].
2019-08-01 09:15:05,428 - INFO - Finished optomization, results are [-20.634363658697023 array([  0.23693379, 215.51040076])].
2019-08-01 09:15:05,428 - INFO - Beginning optimization with guess, [7.38342757e-02 1.48335623e+02].
2019-08-01 09:15:12,641 - INFO - Finished optomization, results are [-20.634348857481967 array([  0.23714516, 214.88499204])].
2019-08-01 09:15:12,642 - INFO - Beginning optimization with guess, [6.34003778e-02 3.21114012e+02].
2019-08-01 09:15:13,478 - INFO - Finished optomization, results are [-20.634596575178456 array([  0.23445748, 224.96498569])].
2019-08-01 09:15:13,478 - INFO - Beginning optimization with guess, [1.53410736e-01 1.58216890e+02].
2019-08-01 09:15:18,347 - INFO - Finished optomization, results are [-20.63442755833877 array([  0.23610167, 218.27740516])].
2019-08-01 09:15:18,348 - INFO - Beginning optimization with guess, [1.35261204e-01 2.08423307e+02].
2019-08-01 09:15:23,470 - INFO - Finished optomization, results are [-20.634593994845496 array([  0.23447267, 224.89330515])].
2019-08-01 09:15:23,471 - INFO - Beginning optimization with guess, [7.28107322e-02 1.90562923e+02].
2019-08-01 09:15:27,066 - INFO - Finished optomization, results are [-20.634595710085108 array([  0.23446806, 224.87208612])].
2019-08-01 09:15:27,067 - INFO - Beginning optimization with guess, [4.65389912e-02 1.31531218e+02].
2019-08-01 09:15:32,862 - INFO - Finished optomization, results are [-20.634357555578287 array([  0.23694735, 215.52036158])].
2019-08-01 09:15:32,863 - INFO - Beginning optimization with guess, [  0.12832283 120.66686915].
2019-08-01 09:15:37,632 - INFO - Finished optomization, results are [-20.634546622283395 array([  0.23476937, 223.62961402])].
2019-08-01 09:15:37,633 - INFO - Beginning optimization with guess, [ 0.17056329 93.85004776].
2019-08-01 09:15:44,320 - INFO - Finished optomization, results are [-20.63452341805447 array([  0.23498741, 222.63216339])].
2019-08-01 09:15:44,321 - INFO - Beginning optimization with guess, [7.86498936e-02 8.45558610e+01].
2019-08-01 09:15:49,957 - INFO - Finished optomization, results are [-20.63450951095043 array([  0.23518804, 221.72537019])].
2019-08-01 09:15:49,958 - INFO - Beginning optimization with guess, [8.00058079e-02 9.32255668e+01].
2019-08-01 09:15:56,333 - INFO - Finished optomization, results are [-20.634554908141986 array([  0.23492608, 222.62150236])].
2019-08-01 09:15:56,334 - INFO - Beginning optimization with guess, [1.15928696e-01 1.20756326e+02].
2019-08-01 09:16:00,239 - INFO - Finished optomization, results are [-20.634569794675787 array([  0.23478472, 223.21603934])].
2019-08-01 09:16:00,240 - INFO - Beginning optimization with guess, [4.72046032e-02 1.65172191e+02].
2019-08-01 09:16:05,460 - INFO - Finished optomization, results are [-20.634595630994973 array([  0.23446003, 224.98735183])].
2019-08-01 09:16:05,460 - INFO - Beginning optimization with guess, [5.24581745e-02 1.99806434e+02].
2019-08-01 09:16:06,385 - INFO - Finished optomization, results are [-20.634597044813788 array([  0.23445497, 224.97452216])].
2019-08-01 09:16:06,385 - INFO - Beginning optimization with guess, [8.76343740e-02 2.18471045e+02].
2019-08-01 09:16:07,010 - INFO - Finished optomization, results are [-20.634596613683613 array([  0.23445727, 224.96575661])].
2019-08-01 09:16:07,010 - INFO - Beginning optimization with guess, [6.98570081e-02 9.21931288e+01].
2019-08-01 09:16:13,941 - INFO - Finished optomization, results are [-20.634518467954848 array([  0.23524918, 221.35141739])].
2019-08-01 09:16:13,942 - INFO - Beginning optimization with guess, [5.52666765e-02 1.86682568e+02].
2019-08-01 09:16:20,024 - INFO - Finished optomization, results are [-20.634586654750116 array([  0.23450689, 224.83500137])].
2019-08-01 09:16:20,025 - INFO - Beginning optimization with guess, [6.60302829e-02 2.46896459e+02].
2019-08-01 09:16:24,386 - INFO - Finished optomization, results are [-20.634596600788104 array([  0.23445745, 224.96396622])].
2019-08-01 09:16:24,386 - INFO - Beginning optimization with guess, [1.11145279e-01 1.73282032e+02].
2019-08-01 09:16:29,832 - INFO - Finished optomization, results are [-20.634595380313797 array([  0.23446319, 224.95100093])].
2019-08-01 09:16:29,833 - INFO - Beginning optimization with guess, [1.10359027e-01 2.91623100e+02].
2019-08-01 09:16:34,503 - INFO - Finished optomization, results are [-20.634596526648544 array([  0.23445777, 224.96356488])].
2019-08-01 09:16:34,514 - INFO - Beginning optimization with guess, [4.85651668e-02 1.32593420e+02].
2019-08-01 09:16:41,310 - INFO - Finished optomization, results are [-20.634350199015728 array([  0.2370351 , 215.27340545])].
2019-08-01 09:16:41,312 - INFO - Beginning optimization with guess, [1.46643676e-01 2.65795994e+02].
2019-08-01 09:16:45,953 - INFO - Finished optomization, results are [-20.634579971831865 array([  0.23454304, 224.8150882 ])].
2019-08-01 09:16:45,953 - INFO - Beginning optimization with guess, [5.78053566e-02 1.36731037e+02].
2019-08-01 09:16:52,845 - INFO - Finished optomization, results are [-20.63433357333752 array([  0.23683196, 216.50335552])].
2019-08-01 09:16:52,845 - INFO - Beginning optimization with guess, [5.57499584e-02 1.16864443e+02].
2019-08-01 09:16:58,017 - INFO - Finished optomization, results are [-20.634527953806003 array([  0.23485037, 223.75227105])].
2019-08-01 09:16:58,018 - INFO - Beginning optimization with guess, [4.65545802e-02 2.29505177e+02].
2019-08-01 09:16:59,151 - INFO - Finished optomization, results are [-20.634596612440944 array([  0.23445728, 224.96571092])].
2019-08-01 09:16:59,151 - INFO - Beginning optimization with guess, [1.13904277e-01 1.86690693e+02].
2019-08-01 09:17:05,512 - INFO - Finished optomization, results are [-20.634357418784916 array([  0.23667839, 216.5709837 ])].
2019-08-01 09:17:05,513 - INFO - Beginning optimization with guess, [4.50718545e-02 8.63382643e+01].
2019-08-01 09:17:09,094 - INFO - Finished optomization, results are [-20.634525727030315 array([  0.23522253, 221.42015598])].
2019-08-01 09:17:09,095 - INFO - Beginning optimization with guess, [1.28588519e-01 1.70724789e+02].
2019-08-01 09:17:12,839 - INFO - Finished optomization, results are [-20.634379573017725 array([  0.23684733, 215.69578061])].
2019-08-01 09:17:12,840 - INFO - Beginning optimization with guess, [6.13267673e-02 3.15703046e+02].
2019-08-01 09:17:13,610 - INFO - Finished optomization, results are [-20.634596611659035 array([  0.23445728, 224.96571158])].
2019-08-01 09:17:13,610 - INFO - Beginning optimization with guess, [4.51344017e-02 1.62864057e+02].
2019-08-01 09:17:19,599 - INFO - Finished optomization, results are [-20.63459644592162 array([  0.23445891, 224.95163224])].
2019-08-01 09:17:19,600 - INFO - Beginning optimization with guess, [4.67198768e-02 1.00900020e+02].
2019-08-01 09:17:26,064 - INFO - Finished optomization, results are [-20.63457543333905 array([  0.23468879, 223.68711175])].
2019-08-01 09:17:26,065 - INFO - Beginning optimization with guess, [1.08498474e-01 1.26868240e+02].
2019-08-01 09:17:31,363 - INFO - Finished optomization, results are [-20.634569263716486 array([  0.23479928, 223.14382084])].
2019-08-01 09:17:31,363 - INFO - Beginning optimization with guess, [6.7900557e-02 1.2717871e+02].
2019-08-01 09:17:37,391 - INFO - Finished optomization, results are [-20.63433112806687 array([  0.23716621, 215.08526795])].
2019-08-01 09:17:37,392 - INFO - Beginning optimization with guess, [7.51456515e-02 8.86452550e+01].
2019-08-01 09:17:42,762 - INFO - Finished optomization, results are [-20.634505907020838 array([  0.23516298, 221.89018416])].
2019-08-01 09:17:42,763 - INFO - Beginning optimization with guess, [7.37002703e-02 1.42561510e+02].
2019-08-01 09:17:45,546 - INFO - Finished optomization, results are [-20.63439283524074 array([  0.23681194, 215.72794129])].
2019-08-01 09:17:45,547 - INFO - Beginning optimization with guess, [ 0.09855448 89.74827804].
2019-08-01 09:17:49,039 - INFO - Finished optomization, results are [-20.63442911579584 array([  0.23642141, 216.97910174])].
2019-08-01 09:17:49,040 - INFO - Beginning optimization with guess, [1.33718781e-01 1.43663713e+02].
2019-08-01 09:17:53,727 - INFO - Finished optomization, results are [-20.634591629656242 array([  0.23452735, 224.47264033])].
2019-08-01 09:17:53,727 - INFO - Beginning optimization with guess, [1.50954887e-01 1.65751468e+02].
2019-08-01 09:17:56,501 - INFO - Finished optomization, results are [-20.634386928597408 array([  0.23688889, 215.48418918])].
2019-08-01 09:17:56,501 - INFO - Beginning optimization with guess, [5.13032401e-02 1.27709036e+02].
2019-08-01 09:18:02,014 - INFO - Finished optomization, results are [-20.634379336754783 array([  0.23672792, 216.15118563])].
2019-08-01 09:18:02,015 - INFO - Beginning optimization with guess, [1.22490659e-01 1.46856523e+02].
2019-08-01 09:18:05,920 - INFO - Finished optomization, results are [-20.63458991280566 array([  0.23455426, 224.31631976])].
2019-08-01 09:18:05,921 - INFO - Beginning optimization with guess, [1.45378231e-01 1.59566870e+02].
2019-08-01 09:18:11,020 - INFO - Finished optomization, results are [-20.634340306945973 array([  0.23703795, 216.15987907])].
2019-08-01 09:18:11,022 - INFO - Finished DFE inference.
2019-08-01 09:18:11,022 - INFO - Integrating expected site-frequency spectrum.
2019-08-01 09:18:11,038 - INFO - Outputing results.
2019-08-01 09:18:11,042 - INFO - Pipeline executed succesfully.
