2019-07-17 12:37:59,590 - INFO - Beginning execution of fitdadi_infer_DFE.py in directory /u/home/j/jonmah/lohmueller_lab/Scripts

2019-07-17 12:37:59,590 - INFO - Progress is being logged to ../Data/pipeline_output/fitdadi_output/log.log

2019-07-17 12:37:59,590 - INFO - Parsed the following arguments:
	breed = AW
	outprefix = ../Data/pipeline_output/fitdadi_output/
	nonsyn_input_sfs = ../Data/pipeline_output/easySFS_output_nonsyn/dadi/pop1.sfs
	syn_input_sfs = ../Data/pipeline_output/easySFS_output_syn/dadi/pop1.sfs

2019-07-17 12:37:59,593 - INFO - Beginning optimization with initial guess, [1.65194713 1.77867802].
2019-07-17 12:37:59,699 - WARNING - /u/home/j/jonmah/.conda/envs/jonmah_env/lib/python2.7/site-packages/dadi/Inference.py:69: UserWarning: Warning: converting a masked element to nan.
  os.linesep))

2019-07-17 12:37:59,704 - WARNING - /u/home/j/jonmah/.conda/envs/jonmah_env/lib/python2.7/site-packages/scipy/optimize/optimize.py:670: UserWarning: Warning: converting a masked element to nan.
  grad[k] = (f(*((xk + d,) + args)) - f0) / d[k]

2019-07-17 12:37:59,747 - WARNING - /u/home/j/jonmah/.conda/envs/jonmah_env/lib/python2.7/site-packages/scipy/optimize/lbfgsb.py:328: UserWarning: Warning: converting a masked element to nan.
  isave, dsave, maxls)

2019-07-17 12:38:01,332 - INFO - Finished optimization with initial guess, [1.65194713 1.77867802].
2019-07-17 12:38:01,332 - INFO - Best fit parameters: [1.65194713 1.77867802].
2019-07-17 12:38:01,373 - INFO - Maximum log composite likelihood: nan.
2019-07-17 12:38:01,374 - INFO - Optimal value of theta: 0.0.
2019-07-17 12:38:01,374 - INFO - Beginning optimization with initial guess, [0.12479665 0.10358772].
2019-07-17 12:38:01,488 - INFO - Finished optimization with initial guess, [0.12479665 0.10358772].
2019-07-17 12:38:01,488 - INFO - Best fit parameters: [0.12479665 0.10358772].
2019-07-17 12:38:01,525 - INFO - Maximum log composite likelihood: nan.
2019-07-17 12:38:01,526 - INFO - Optimal value of theta: 0.0.
2019-07-17 12:38:01,527 - INFO - Beginning optimization with initial guess, [0.09242854 0.04351065].
2019-07-17 12:38:01,625 - INFO - Finished optimization with initial guess, [0.09242854 0.04351065].
2019-07-17 12:38:01,626 - INFO - Best fit parameters: [0.09242854 0.04351065].
2019-07-17 12:38:01,658 - INFO - Maximum log composite likelihood: nan.
2019-07-17 12:38:01,659 - INFO - Optimal value of theta: 0.0.
2019-07-17 12:38:01,660 - INFO - Beginning optimization with initial guess, [0.00777498 0.00531094].
2019-07-17 12:38:01,767 - INFO - Finished optimization with initial guess, [0.00777498 0.00531094].
2019-07-17 12:38:01,767 - INFO - Best fit parameters: [0.00777498 0.00531094].
2019-07-17 12:38:01,803 - INFO - Maximum log composite likelihood: nan.
2019-07-17 12:38:01,803 - INFO - Optimal value of theta: 0.0.
2019-07-17 12:38:01,804 - INFO - Beginning optimization with initial guess, [0.00493704 0.00254748].
2019-07-17 12:38:01,905 - INFO - Finished optimization with initial guess, [0.00493704 0.00254748].
2019-07-17 12:38:01,905 - INFO - Best fit parameters: [0.00493704 0.00254748].
2019-07-17 12:38:01,938 - INFO - Maximum log composite likelihood: nan.
2019-07-17 12:38:01,939 - INFO - Optimal value of theta: 0.0.
2019-07-17 12:38:01,939 - INFO - Beginning optimization with initial guess, [0.0006574  0.00111516].
2019-07-17 12:38:02,087 - INFO - Finished optimization with initial guess, [0.0006574  0.00111516].
2019-07-17 12:38:02,088 - INFO - Best fit parameters: [0.0006574  0.00111516].
2019-07-17 12:38:02,136 - INFO - Maximum log composite likelihood: nan.
2019-07-17 12:38:02,137 - INFO - Optimal value of theta: 0.0.
2019-07-17 12:38:02,138 - INFO - Beginning optimization with initial guess, [0.00041954 0.00033627].
2019-07-17 12:38:02,249 - INFO - Finished optimization with initial guess, [0.00041954 0.00033627].
2019-07-17 12:38:02,250 - INFO - Best fit parameters: [0.00041954 0.00033627].
2019-07-17 12:38:02,287 - INFO - Maximum log composite likelihood: nan.
2019-07-17 12:38:02,287 - INFO - Optimal value of theta: 0.0.
2019-07-17 12:38:02,288 - INFO - Beginning optimization with initial guess, [0.000101   0.00016637].
2019-07-17 12:38:02,435 - INFO - Finished optimization with initial guess, [0.000101   0.00016637].
2019-07-17 12:38:02,435 - INFO - Best fit parameters: [0.000101   0.00016637].
2019-07-17 12:38:02,487 - INFO - Maximum log composite likelihood: nan.
2019-07-17 12:38:02,488 - INFO - Optimal value of theta: 0.0.
2019-07-17 12:38:02,488 - INFO - Beginning optimization with initial guess, [1.01000000e-04 3.96005986e-05].
2019-07-17 12:38:02,584 - INFO - Finished optimization with initial guess, [1.01000000e-04 3.96005986e-05].
2019-07-17 12:38:02,584 - INFO - Best fit parameters: [1.01000000e-04 3.96005986e-05].
2019-07-17 12:38:02,616 - INFO - Maximum log composite likelihood: nan.
2019-07-17 12:38:02,617 - INFO - Optimal value of theta: 0.0.
2019-07-17 12:38:02,617 - INFO - Beginning optimization with initial guess, [1.01000000e-04 5.96630897e-06].
2019-07-17 12:38:02,700 - INFO - Finished optimization with initial guess, [1.01000000e-04 5.96630897e-06].
2019-07-17 12:38:02,700 - INFO - Best fit parameters: [1.01000000e-04 5.96630897e-06].
2019-07-17 12:38:02,728 - INFO - Maximum log composite likelihood: nan.
2019-07-17 12:38:02,728 - INFO - Optimal value of theta: 0.0.
2019-07-17 12:38:02,729 - INFO - Finished demographic inference.
2019-07-17 12:38:02,730 - INFO - Beginning DFE inference.
2019-07-17 12:38:10,140 - WARNING - /u/home/j/jonmah/lohmueller_lab/Scripts/Selection.py:144: IntegrationWarning: The occurrence of roundoff error is detected, which prevents 
  the requested tolerance from being achieved.  The error may be 
  underestimated.
  0, args=tuple(params))

2019-07-17 12:38:10,284 - INFO - Finished DFE inference.
2019-07-17 12:38:10,285 - INFO - Integrating expected site-frequency spectrum.
2019-07-17 12:38:10,327 - INFO - Outputing results.
2019-07-17 12:38:10,329 - INFO - Pipeline executed succesfully.
