2019-08-01 09:08:48,628 - INFO - Beginning execution of fitdadi_infer_DFE.py in directory /u/home/j/jonmah/lohmueller_lab/Scripts

2019-08-01 09:08:48,628 - INFO - Progress is being logged to ../Data/AW_array_2000/seed_28_fitdadi_output/log.log

2019-08-01 09:08:48,628 - INFO - Parsed the following arguments:
	breed = AW
	outprefix = ../Data/AW_array_2000/seed_28_fitdadi_output/
	nonsyn_input_sfs = ../Data/AW_array_2000/seed_28_easySFS_output_nonsyn/dadi/pop1.sfs
	syn_input_sfs = ../Data/AW_array_2000/seed_28_easySFS_output_syn/dadi/pop1.sfs

2019-08-01 09:08:48,633 - INFO - Beginning optimization with guess, [0.63084437 0.07427492].
2019-08-01 09:08:49,763 - INFO - Finished optimization with guess, [0.63084437 0.07427492].
2019-08-01 09:08:49,763 - INFO - Best fit parameters: [0.75257659 1.3925194 ].
2019-08-01 09:08:49,777 - INFO - Maximum log composite likelihood: -19.8124124388.
2019-08-01 09:08:49,777 - INFO - Optimal value of theta: 71.1648333665.
2019-08-01 09:08:49,778 - INFO - Beginning optimization with guess, [0.89298835 0.05923414].
2019-08-01 09:08:50,926 - INFO - Finished optimization with guess, [0.89298835 0.05923414].
2019-08-01 09:08:50,927 - INFO - Best fit parameters: [0.72413676 1.44447272].
2019-08-01 09:08:50,941 - INFO - Maximum log composite likelihood: -19.8124090376.
2019-08-01 09:08:50,942 - INFO - Optimal value of theta: 73.9503834811.
2019-08-01 09:08:50,942 - INFO - Beginning optimization with guess, [0.32790493 0.12191713].
2019-08-01 09:08:52,014 - INFO - Finished optimization with guess, [0.32790493 0.12191713].
2019-08-01 09:08:52,015 - INFO - Best fit parameters: [0.74297858 1.41068711].
2019-08-01 09:08:52,029 - INFO - Maximum log composite likelihood: -19.8124107848.
2019-08-01 09:08:52,029 - INFO - Optimal value of theta: 72.0766165471.
2019-08-01 09:08:52,029 - INFO - Beginning optimization with guess, [0.38771638 0.0668909 ].
2019-08-01 09:08:52,584 - INFO - Finished optimization with guess, [0.38771638 0.0668909 ].
2019-08-01 09:08:52,584 - INFO - Best fit parameters: [8.00000000e+00 2.00597586e-03].
2019-08-01 09:08:52,591 - INFO - Maximum log composite likelihood: -19.8469763891.
2019-08-01 09:08:52,592 - INFO - Optimal value of theta: 55.538347771.
2019-08-01 09:08:52,592 - INFO - Beginning optimization with guess, [0.32173463 0.07914442].
2019-08-01 09:08:53,214 - INFO - Finished optimization with guess, [0.32173463 0.07914442].
2019-08-01 09:08:53,214 - INFO - Best fit parameters: [8.00000000e+00 2.00698978e-03].
2019-08-01 09:08:53,221 - INFO - Maximum log composite likelihood: -19.846976387.
2019-08-01 09:08:53,221 - INFO - Optimal value of theta: 55.5382309612.
2019-08-01 09:08:53,221 - INFO - Beginning optimization with guess, [0.50858818 0.11838241].
2019-08-01 09:08:54,970 - INFO - Finished optimization with guess, [0.50858818 0.11838241].
2019-08-01 09:08:54,970 - INFO - Best fit parameters: [0.71574953 1.45781591].
2019-08-01 09:08:54,985 - INFO - Maximum log composite likelihood: -19.8124085211.
2019-08-01 09:08:54,985 - INFO - Optimal value of theta: 74.817939236.
2019-08-01 09:08:54,986 - INFO - Beginning optimization with guess, [0.31397915 0.07891047].
2019-08-01 09:08:55,686 - INFO - Finished optimization with guess, [0.31397915 0.07891047].
2019-08-01 09:08:55,686 - INFO - Best fit parameters: [8.00000000e+00 2.00538976e-03].
2019-08-01 09:08:55,693 - INFO - Maximum log composite likelihood: -19.8469763911.
2019-08-01 09:08:55,693 - INFO - Optimal value of theta: 55.5384152945.
2019-08-01 09:08:55,693 - INFO - Beginning optimization with guess, [0.62603004 0.06290402].
2019-08-01 09:08:56,783 - INFO - Finished optimization with guess, [0.62603004 0.06290402].
2019-08-01 09:08:56,783 - INFO - Best fit parameters: [0.81351653 1.2073048 ].
2019-08-01 09:08:56,796 - INFO - Maximum log composite likelihood: -19.8124415552.
2019-08-01 09:08:56,796 - INFO - Optimal value of theta: 65.8207034384.
2019-08-01 09:08:56,796 - INFO - Beginning optimization with guess, [0.42831364 0.05731484].
2019-08-01 09:08:57,371 - INFO - Finished optimization with guess, [0.42831364 0.05731484].
2019-08-01 09:08:57,371 - INFO - Best fit parameters: [8.00000000e+00 2.00436761e-03].
2019-08-01 09:08:57,378 - INFO - Maximum log composite likelihood: -19.846976396.
2019-08-01 09:08:57,378 - INFO - Optimal value of theta: 55.5385330531.
2019-08-01 09:08:57,378 - INFO - Beginning optimization with guess, [0.64743339 0.16965173].
2019-08-01 09:08:58,841 - INFO - Finished optimization with guess, [0.64743339 0.16965173].
2019-08-01 09:08:58,842 - INFO - Best fit parameters: [0.71132723 1.4636286 ].
2019-08-01 09:08:58,857 - INFO - Maximum log composite likelihood: -19.8124082766.
2019-08-01 09:08:58,857 - INFO - Optimal value of theta: 75.2805541777.
2019-08-01 09:08:58,857 - INFO - Beginning optimization with guess, [0.52892596 0.07483923].
2019-08-01 09:08:59,937 - INFO - Finished optimization with guess, [0.52892596 0.07483923].
2019-08-01 09:08:59,937 - INFO - Best fit parameters: [0.75783538 1.37999865].
2019-08-01 09:08:59,951 - INFO - Maximum log composite likelihood: -19.81241315.
2019-08-01 09:08:59,951 - INFO - Optimal value of theta: 70.6685872987.
2019-08-01 09:08:59,951 - INFO - Beginning optimization with guess, [0.40099688 0.11112798].
2019-08-01 09:09:01,066 - INFO - Finished optimization with guess, [0.40099688 0.11112798].
2019-08-01 09:09:01,066 - INFO - Best fit parameters: [0.72672175 1.44012366].
2019-08-01 09:09:01,081 - INFO - Maximum log composite likelihood: -19.8124092244.
2019-08-01 09:09:01,081 - INFO - Optimal value of theta: 73.6871139728.
2019-08-01 09:09:01,081 - INFO - Beginning optimization with guess, [0.76016638 0.12066613].
2019-08-01 09:09:02,360 - INFO - Finished optimization with guess, [0.76016638 0.12066613].
2019-08-01 09:09:02,360 - INFO - Best fit parameters: [0.7163633  1.45597058].
2019-08-01 09:09:02,375 - INFO - Maximum log composite likelihood: -19.8124085609.
2019-08-01 09:09:02,375 - INFO - Optimal value of theta: 74.7499777059.
2019-08-01 09:09:02,375 - INFO - Beginning optimization with guess, [0.86910566 0.1236064 ].
2019-08-01 09:09:03,566 - INFO - Finished optimization with guess, [0.86910566 0.1236064 ].
2019-08-01 09:09:03,567 - INFO - Best fit parameters: [0.73853148 1.42093728].
2019-08-01 09:09:03,581 - INFO - Maximum log composite likelihood: -19.8124105502.
2019-08-01 09:09:03,582 - INFO - Optimal value of theta: 72.5167018047.
2019-08-01 09:09:03,582 - INFO - Beginning optimization with guess, [0.28330685 0.05836704].
2019-08-01 09:09:04,156 - INFO - Finished optimization with guess, [0.28330685 0.05836704].
2019-08-01 09:09:04,157 - INFO - Best fit parameters: [8.00000000e+00 2.00778246e-03].
2019-08-01 09:09:04,164 - INFO - Maximum log composite likelihood: -19.8469763865.
2019-08-01 09:09:04,164 - INFO - Optimal value of theta: 55.5381396397.
2019-08-01 09:09:04,164 - INFO - Beginning optimization with guess, [0.91201354 0.09396991].
2019-08-01 09:09:05,335 - INFO - Finished optimization with guess, [0.91201354 0.09396991].
2019-08-01 09:09:05,335 - INFO - Best fit parameters: [0.71343641 1.46031473].
2019-08-01 09:09:05,350 - INFO - Maximum log composite likelihood: -19.812408398.
2019-08-01 09:09:05,350 - INFO - Optimal value of theta: 75.0567597374.
2019-08-01 09:09:05,351 - INFO - Beginning optimization with guess, [0.64518897 0.14114554].
2019-08-01 09:09:06,551 - INFO - Finished optimization with guess, [0.64518897 0.14114554].
2019-08-01 09:09:06,551 - INFO - Best fit parameters: [0.71315869 1.46057344].
2019-08-01 09:09:06,566 - INFO - Maximum log composite likelihood: -19.8124083941.
2019-08-01 09:09:06,567 - INFO - Optimal value of theta: 75.0853832554.
2019-08-01 09:09:06,567 - INFO - Beginning optimization with guess, [0.50771828 0.07445015].
2019-08-01 09:09:07,331 - INFO - Finished optimization with guess, [0.50771828 0.07445015].
2019-08-01 09:09:07,331 - INFO - Best fit parameters: [0.81647934 1.19897277].
2019-08-01 09:09:07,344 - INFO - Maximum log composite likelihood: -19.8124446133.
2019-08-01 09:09:07,344 - INFO - Optimal value of theta: 65.5925258084.
2019-08-01 09:09:07,344 - INFO - Beginning optimization with guess, [0.25491787 0.09573834].
2019-08-01 09:09:08,325 - INFO - Finished optimization with guess, [0.25491787 0.09573834].
2019-08-01 09:09:08,325 - INFO - Best fit parameters: [0.76823282 1.34949607].
2019-08-01 09:09:08,339 - INFO - Maximum log composite likelihood: -19.8124159257.
2019-08-01 09:09:08,339 - INFO - Optimal value of theta: 69.6934477996.
2019-08-01 09:09:08,339 - INFO - Beginning optimization with guess, [0.84924834 0.13454028].
2019-08-01 09:09:09,631 - INFO - Finished optimization with guess, [0.84924834 0.13454028].
2019-08-01 09:09:09,631 - INFO - Best fit parameters: [0.72634961 1.44040787].
2019-08-01 09:09:09,646 - INFO - Maximum log composite likelihood: -19.8124091998.
2019-08-01 09:09:09,646 - INFO - Optimal value of theta: 73.7234864616.
2019-08-01 09:09:09,646 - INFO - Beginning optimization with guess, [0.33396643 0.05522484].
2019-08-01 09:09:10,200 - INFO - Finished optimization with guess, [0.33396643 0.05522484].
2019-08-01 09:09:10,200 - INFO - Best fit parameters: [8.00000000e+00 2.00818856e-03].
2019-08-01 09:09:10,207 - INFO - Maximum log composite likelihood: -19.8469763867.
2019-08-01 09:09:10,207 - INFO - Optimal value of theta: 55.5380928544.
2019-08-01 09:09:10,207 - INFO - Beginning optimization with guess, [0.3939382  0.16971131].
2019-08-01 09:09:11,408 - INFO - Finished optimization with guess, [0.3939382  0.16971131].
2019-08-01 09:09:11,408 - INFO - Best fit parameters: [0.72019216 1.45080692].
2019-08-01 09:09:11,423 - INFO - Maximum log composite likelihood: -19.8124087756.
2019-08-01 09:09:11,423 - INFO - Optimal value of theta: 74.3554874143.
2019-08-01 09:09:11,423 - INFO - Beginning optimization with guess, [0.828813   0.05225258].
2019-08-01 09:09:12,393 - INFO - Finished optimization with guess, [0.828813   0.05225258].
2019-08-01 09:09:12,393 - INFO - Best fit parameters: [0.75297623 1.38855061].
2019-08-01 09:09:12,407 - INFO - Maximum log composite likelihood: -19.8124121676.
2019-08-01 09:09:12,408 - INFO - Optimal value of theta: 71.1154632092.
2019-08-01 09:09:12,408 - INFO - Beginning optimization with guess, [0.7562167  0.18092373].
2019-08-01 09:09:13,559 - INFO - Finished optimization with guess, [0.7562167  0.18092373].
2019-08-01 09:09:13,559 - INFO - Best fit parameters: [0.70980804 1.46577539].
2019-08-01 09:09:13,574 - INFO - Maximum log composite likelihood: -19.8124082018.
2019-08-01 09:09:13,575 - INFO - Optimal value of theta: 75.4417557833.
2019-08-01 09:09:13,575 - INFO - Beginning optimization with guess, [0.50134691 0.10283393].
2019-08-01 09:09:14,687 - INFO - Finished optimization with guess, [0.50134691 0.10283393].
2019-08-01 09:09:14,687 - INFO - Best fit parameters: [0.72407878 1.44445035].
2019-08-01 09:09:14,702 - INFO - Maximum log composite likelihood: -19.812409032.
2019-08-01 09:09:14,702 - INFO - Optimal value of theta: 73.9558281844.
2019-08-01 09:09:14,702 - INFO - Beginning optimization with guess, [0.91779253 0.15613791].
2019-08-01 09:09:15,934 - INFO - Finished optimization with guess, [0.91779253 0.15613791].
2019-08-01 09:09:15,935 - INFO - Best fit parameters: [0.71662391 1.45647609].
2019-08-01 09:09:15,949 - INFO - Maximum log composite likelihood: -19.8124085688.
2019-08-01 09:09:15,950 - INFO - Optimal value of theta: 74.7265169751.
2019-08-01 09:09:15,950 - INFO - Beginning optimization with guess, [0.28315539 0.09574126].
2019-08-01 09:09:16,905 - INFO - Finished optimization with guess, [0.28315539 0.09574126].
2019-08-01 09:09:16,906 - INFO - Best fit parameters: [0.79238328 1.29258034].
2019-08-01 09:09:16,919 - INFO - Maximum log composite likelihood: -19.81242822.
2019-08-01 09:09:16,919 - INFO - Optimal value of theta: 67.6118630184.
2019-08-01 09:09:16,919 - INFO - Beginning optimization with guess, [0.47316111 0.1090533 ].
2019-08-01 09:09:18,183 - INFO - Finished optimization with guess, [0.47316111 0.1090533 ].
2019-08-01 09:09:18,183 - INFO - Best fit parameters: [0.74613702 1.40333158].
2019-08-01 09:09:18,197 - INFO - Maximum log composite likelihood: -19.8124111734.
2019-08-01 09:09:18,198 - INFO - Optimal value of theta: 71.7679215816.
2019-08-01 09:09:18,198 - INFO - Beginning optimization with guess, [0.75322954 0.09064597].
2019-08-01 09:09:18,916 - INFO - Finished optimization with guess, [0.75322954 0.09064597].
2019-08-01 09:09:18,917 - INFO - Best fit parameters: [0.79580145 1.28394223].
2019-08-01 09:09:18,930 - INFO - Maximum log composite likelihood: -19.8124326587.
2019-08-01 09:09:18,930 - INFO - Optimal value of theta: 67.3296016703.
2019-08-01 09:09:18,930 - INFO - Beginning optimization with guess, [0.36306127 0.06933468].
2019-08-01 09:09:19,506 - INFO - Finished optimization with guess, [0.36306127 0.06933468].
2019-08-01 09:09:19,506 - INFO - Best fit parameters: [8.00000000e+00 2.00757706e-03].
2019-08-01 09:09:19,513 - INFO - Maximum log composite likelihood: -19.8469763865.
2019-08-01 09:09:19,514 - INFO - Optimal value of theta: 55.5381633026.
2019-08-01 09:09:19,514 - INFO - Beginning optimization with guess, [0.68966681 0.08252503].
2019-08-01 09:09:20,639 - INFO - Finished optimization with guess, [0.68966681 0.08252503].
2019-08-01 09:09:20,640 - INFO - Best fit parameters: [0.73681131 1.42186073].
2019-08-01 09:09:20,654 - INFO - Maximum log composite likelihood: -19.8124101032.
2019-08-01 09:09:20,654 - INFO - Optimal value of theta: 72.6768735905.
2019-08-01 09:09:20,654 - INFO - Beginning optimization with guess, [0.35817396 0.07526634].
2019-08-01 09:09:20,822 - INFO - Finished optimization with guess, [0.35817396 0.07526634].
2019-08-01 09:09:20,823 - INFO - Best fit parameters: [0.99916014 0.0420622 ].
2019-08-01 09:09:20,830 - INFO - Maximum log composite likelihood: -19.8505162491.
2019-08-01 09:09:20,830 - INFO - Optimal value of theta: 55.7777252627.
2019-08-01 09:09:20,830 - INFO - Beginning optimization with guess, [0.32247034 0.15603315].
2019-08-01 09:09:22,042 - INFO - Finished optimization with guess, [0.32247034 0.15603315].
2019-08-01 09:09:22,042 - INFO - Best fit parameters: [0.71131885 1.46325087].
2019-08-01 09:09:22,057 - INFO - Maximum log composite likelihood: -19.8124082957.
2019-08-01 09:09:22,058 - INFO - Optimal value of theta: 75.2797981613.
2019-08-01 09:09:22,058 - INFO - Beginning optimization with guess, [0.98589294 0.06456181].
2019-08-01 09:09:23,210 - INFO - Finished optimization with guess, [0.98589294 0.06456181].
2019-08-01 09:09:23,210 - INFO - Best fit parameters: [0.72579898 1.44140163].
2019-08-01 09:09:23,225 - INFO - Maximum log composite likelihood: -19.812409157.
2019-08-01 09:09:23,225 - INFO - Optimal value of theta: 73.7797118742.
2019-08-01 09:09:23,225 - INFO - Beginning optimization with guess, [0.48320202 0.07427261].
2019-08-01 09:09:24,322 - INFO - Finished optimization with guess, [0.48320202 0.07427261].
2019-08-01 09:09:24,323 - INFO - Best fit parameters: [0.75240256 1.39227765].
2019-08-01 09:09:24,337 - INFO - Maximum log composite likelihood: -19.8124122499.
2019-08-01 09:09:24,337 - INFO - Optimal value of theta: 71.1789500042.
2019-08-01 09:09:24,337 - INFO - Beginning optimization with guess, [0.41360323 0.10785749].
2019-08-01 09:09:25,441 - INFO - Finished optimization with guess, [0.41360323 0.10785749].
2019-08-01 09:09:25,441 - INFO - Best fit parameters: [0.73616113 1.4240517 ].
2019-08-01 09:09:25,456 - INFO - Maximum log composite likelihood: -19.8124100694.
2019-08-01 09:09:25,456 - INFO - Optimal value of theta: 72.7448935824.
2019-08-01 09:09:25,456 - INFO - Beginning optimization with guess, [0.45879694 0.19528698].
2019-08-01 09:09:26,723 - INFO - Finished optimization with guess, [0.45879694 0.19528698].
2019-08-01 09:09:26,724 - INFO - Best fit parameters: [0.71926793 1.45217672].
2019-08-01 09:09:26,739 - INFO - Maximum log composite likelihood: -19.8124087166.
2019-08-01 09:09:26,739 - INFO - Optimal value of theta: 74.4507405502.
2019-08-01 09:09:26,739 - INFO - Beginning optimization with guess, [0.36933124 0.09160639].
2019-08-01 09:09:27,756 - INFO - Finished optimization with guess, [0.36933124 0.09160639].
2019-08-01 09:09:27,757 - INFO - Best fit parameters: [0.75825872 1.37764991].
2019-08-01 09:09:27,771 - INFO - Maximum log composite likelihood: -19.8124130514.
2019-08-01 09:09:27,771 - INFO - Optimal value of theta: 70.6240752975.
2019-08-01 09:09:27,771 - INFO - Beginning optimization with guess, [0.41229003 0.05102156].
2019-08-01 09:09:28,241 - INFO - Finished optimization with guess, [0.41229003 0.05102156].
2019-08-01 09:09:28,242 - INFO - Best fit parameters: [8.00000000e+00 2.00669277e-03].
2019-08-01 09:09:28,249 - INFO - Maximum log composite likelihood: -19.8469763874.
2019-08-01 09:09:28,249 - INFO - Optimal value of theta: 55.5382651786.
2019-08-01 09:09:28,249 - INFO - Beginning optimization with guess, [0.26794087 0.17429234].
2019-08-01 09:09:29,410 - INFO - Finished optimization with guess, [0.26794087 0.17429234].
2019-08-01 09:09:29,410 - INFO - Best fit parameters: [0.70940121 1.46625768].
2019-08-01 09:09:29,425 - INFO - Maximum log composite likelihood: -19.8124081845.
2019-08-01 09:09:29,426 - INFO - Optimal value of theta: 75.4846777132.
2019-08-01 09:09:29,426 - INFO - Beginning optimization with guess, [0.39301029 0.13647862].
2019-08-01 09:09:30,556 - INFO - Finished optimization with guess, [0.39301029 0.13647862].
2019-08-01 09:09:30,557 - INFO - Best fit parameters: [0.72355476 1.44533771].
2019-08-01 09:09:30,571 - INFO - Maximum log composite likelihood: -19.8124089957.
2019-08-01 09:09:30,572 - INFO - Optimal value of theta: 74.0095222497.
2019-08-01 09:09:30,572 - INFO - Beginning optimization with guess, [0.31513195 0.11950006].
2019-08-01 09:09:31,674 - INFO - Finished optimization with guess, [0.31513195 0.11950006].
2019-08-01 09:09:31,674 - INFO - Best fit parameters: [0.72045932 1.45053344].
2019-08-01 09:09:31,688 - INFO - Maximum log composite likelihood: -19.8124087977.
2019-08-01 09:09:31,689 - INFO - Optimal value of theta: 74.3285124789.
2019-08-01 09:09:31,689 - INFO - Beginning optimization with guess, [0.83332366 0.0780992 ].
2019-08-01 09:09:32,887 - INFO - Finished optimization with guess, [0.83332366 0.0780992 ].
2019-08-01 09:09:32,919 - INFO - Best fit parameters: [0.71470654 1.45924746].
2019-08-01 09:09:32,934 - INFO - Maximum log composite likelihood: -19.8124084579.
2019-08-01 09:09:32,934 - INFO - Optimal value of theta: 74.9266616253.
2019-08-01 09:09:32,934 - INFO - Beginning optimization with guess, [0.61843554 0.16970507].
2019-08-01 09:09:34,084 - INFO - Finished optimization with guess, [0.61843554 0.16970507].
2019-08-01 09:09:34,084 - INFO - Best fit parameters: [0.71664853 1.45554287].
2019-08-01 09:09:34,099 - INFO - Maximum log composite likelihood: -19.8124085772.
2019-08-01 09:09:34,099 - INFO - Optimal value of theta: 74.720232629.
2019-08-01 09:09:34,099 - INFO - Beginning optimization with guess, [0.46336378 0.14838696].
2019-08-01 09:09:35,244 - INFO - Finished optimization with guess, [0.46336378 0.14838696].
2019-08-01 09:09:35,244 - INFO - Best fit parameters: [0.71913272 1.45216008].
2019-08-01 09:09:35,259 - INFO - Maximum log composite likelihood: -19.812408708.
2019-08-01 09:09:35,259 - INFO - Optimal value of theta: 74.4638063614.
2019-08-01 09:09:35,259 - INFO - Beginning optimization with guess, [0.27044661 0.0582271 ].
2019-08-01 09:09:35,772 - INFO - Finished optimization with guess, [0.27044661 0.0582271 ].
2019-08-01 09:09:35,773 - INFO - Best fit parameters: [8.00000000e+00 2.00557142e-03].
2019-08-01 09:09:35,779 - INFO - Maximum log composite likelihood: -19.8469763904.
2019-08-01 09:09:35,780 - INFO - Optimal value of theta: 55.5383943655.
2019-08-01 09:09:35,780 - INFO - Beginning optimization with guess, [0.27041849 0.05423988].
2019-08-01 09:09:36,235 - INFO - Finished optimization with guess, [0.27041849 0.05423988].
2019-08-01 09:09:36,235 - INFO - Best fit parameters: [1.39564898 0.00558852].
2019-08-01 09:09:36,242 - INFO - Maximum log composite likelihood: -19.8480567455.
2019-08-01 09:09:36,243 - INFO - Optimal value of theta: 55.5677658024.
2019-08-01 09:09:36,243 - INFO - Beginning optimization with guess, [0.4462685 0.0897176].
2019-08-01 09:09:37,313 - INFO - Finished optimization with guess, [0.4462685 0.0897176].
2019-08-01 09:09:37,313 - INFO - Best fit parameters: [0.76235302 1.37028944].
2019-08-01 09:09:37,327 - INFO - Maximum log composite likelihood: -19.8124142836.
2019-08-01 09:09:37,327 - INFO - Optimal value of theta: 70.2534198834.
2019-08-01 09:09:37,327 - INFO - Beginning optimization with guess, [0.66688638 0.14257636].
2019-08-01 09:09:38,494 - INFO - Finished optimization with guess, [0.66688638 0.14257636].
2019-08-01 09:09:38,494 - INFO - Best fit parameters: [0.72336655 1.44583527].
2019-08-01 09:09:38,509 - INFO - Maximum log composite likelihood: -19.8124089873.
2019-08-01 09:09:38,509 - INFO - Optimal value of theta: 74.0295584278.
2019-08-01 09:09:38,509 - INFO - Beginning optimization with guess, [0.45512287 0.06200908].
2019-08-01 09:09:38,906 - INFO - Finished optimization with guess, [0.45512287 0.06200908].
2019-08-01 09:09:38,906 - INFO - Best fit parameters: [0.99978694 0.04160887].
2019-08-01 09:09:38,913 - INFO - Maximum log composite likelihood: -19.8505163024.
2019-08-01 09:09:38,913 - INFO - Optimal value of theta: 55.7746622296.
2019-08-01 09:09:38,914 - INFO - Beginning optimization with guess, [0.44647294 0.19010567].
2019-08-01 09:09:40,141 - INFO - Finished optimization with guess, [0.44647294 0.19010567].
2019-08-01 09:09:40,141 - INFO - Best fit parameters: [0.72134981 1.44926586].
2019-08-01 09:09:40,156 - INFO - Maximum log composite likelihood: -19.8124088623.
2019-08-01 09:09:40,156 - INFO - Optimal value of theta: 74.2373218588.
2019-08-01 09:09:40,156 - INFO - Beginning optimization with guess, [0.42114791 0.05224022].
2019-08-01 09:09:40,907 - INFO - Finished optimization with guess, [0.42114791 0.05224022].
2019-08-01 09:09:40,907 - INFO - Best fit parameters: [8.00000000e+00 2.00670542e-03].
2019-08-01 09:09:40,915 - INFO - Maximum log composite likelihood: -19.8469763874.
2019-08-01 09:09:40,916 - INFO - Optimal value of theta: 55.5382637208.
2019-08-01 09:09:40,916 - INFO - Beginning optimization with guess, [0.93409817 0.14543089].
2019-08-01 09:09:42,175 - INFO - Finished optimization with guess, [0.93409817 0.14543089].
2019-08-01 09:09:42,175 - INFO - Best fit parameters: [0.71578112 1.45759551].
2019-08-01 09:09:42,190 - INFO - Maximum log composite likelihood: -19.8124085149.
2019-08-01 09:09:42,190 - INFO - Optimal value of theta: 74.813914364.
2019-08-01 09:09:42,190 - INFO - Beginning optimization with guess, [0.91303257 0.10484996].
2019-08-01 09:09:43,315 - INFO - Finished optimization with guess, [0.91303257 0.10484996].
2019-08-01 09:09:43,316 - INFO - Best fit parameters: [0.71304442 1.46061558].
2019-08-01 09:09:43,331 - INFO - Maximum log composite likelihood: -19.8124083994.
2019-08-01 09:09:43,331 - INFO - Optimal value of theta: 75.0969026376.
2019-08-01 09:09:43,331 - INFO - Beginning optimization with guess, [0.55323845 0.07440375].
2019-08-01 09:09:44,332 - INFO - Finished optimization with guess, [0.55323845 0.07440375].
2019-08-01 09:09:44,332 - INFO - Best fit parameters: [0.77177295 1.34618093].
2019-08-01 09:09:44,346 - INFO - Maximum log composite likelihood: -19.8124164465.
2019-08-01 09:09:44,346 - INFO - Optimal value of theta: 69.3949593967.
2019-08-01 09:09:44,346 - INFO - Beginning optimization with guess, [0.3985219  0.05233546].
2019-08-01 09:09:44,899 - INFO - Finished optimization with guess, [0.3985219  0.05233546].
2019-08-01 09:09:44,900 - INFO - Best fit parameters: [8.0000000e+00 2.0047841e-03].
2019-08-01 09:09:44,907 - INFO - Maximum log composite likelihood: -19.8469763938.
2019-08-01 09:09:44,907 - INFO - Optimal value of theta: 55.5384850702.
2019-08-01 09:09:44,908 - INFO - Beginning optimization with guess, [0.39070339 0.11619091].
2019-08-01 09:09:46,014 - INFO - Finished optimization with guess, [0.39070339 0.11619091].
2019-08-01 09:09:46,014 - INFO - Best fit parameters: [0.73333858 1.43019307].
2019-08-01 09:09:46,028 - INFO - Maximum log composite likelihood: -19.8124099574.
2019-08-01 09:09:46,029 - INFO - Optimal value of theta: 73.0286812242.
2019-08-01 09:09:46,029 - INFO - Beginning optimization with guess, [0.40063576 0.05491562].
2019-08-01 09:09:46,687 - INFO - Finished optimization with guess, [0.40063576 0.05491562].
2019-08-01 09:09:46,687 - INFO - Best fit parameters: [8.00000000e+00 2.00637708e-03].
2019-08-01 09:09:46,694 - INFO - Maximum log composite likelihood: -19.846976388.
2019-08-01 09:09:46,695 - INFO - Optimal value of theta: 55.5383015483.
2019-08-01 09:09:46,695 - INFO - Beginning optimization with guess, [0.43183569 0.10850732].
2019-08-01 09:09:47,453 - INFO - Finished optimization with guess, [0.43183569 0.10850732].
2019-08-01 09:09:47,453 - INFO - Best fit parameters: [0.75124897 1.39257935].
2019-08-01 09:09:47,491 - INFO - Maximum log composite likelihood: -19.8124118842.
2019-08-01 09:09:47,492 - INFO - Optimal value of theta: 71.2798858529.
2019-08-01 09:09:47,492 - INFO - Beginning optimization with guess, [0.517282   0.05520526].
2019-08-01 09:09:47,719 - INFO - Finished optimization with guess, [0.517282   0.05520526].
2019-08-01 09:09:47,719 - INFO - Best fit parameters: [1.00232566 0.04009735].
2019-08-01 09:09:47,727 - INFO - Maximum log composite likelihood: -19.8505114134.
2019-08-01 09:09:47,739 - INFO - Optimal value of theta: 55.7628121061.
2019-08-01 09:09:47,739 - INFO - Beginning optimization with guess, [0.62660785 0.10870138].
2019-08-01 09:09:49,096 - INFO - Finished optimization with guess, [0.62660785 0.10870138].
2019-08-01 09:09:49,097 - INFO - Best fit parameters: [0.73684584 1.42301493].
2019-08-01 09:09:49,111 - INFO - Maximum log composite likelihood: -19.8124101632.
2019-08-01 09:09:49,111 - INFO - Optimal value of theta: 72.6782484296.
2019-08-01 09:09:49,111 - INFO - Beginning optimization with guess, [0.56944847 0.11745472].
2019-08-01 09:09:50,263 - INFO - Finished optimization with guess, [0.56944847 0.11745472].
2019-08-01 09:09:50,263 - INFO - Best fit parameters: [0.72180195 1.44871528].
2019-08-01 09:09:50,278 - INFO - Maximum log composite likelihood: -19.8124089044.
2019-08-01 09:09:50,278 - INFO - Optimal value of theta: 74.1915081002.
2019-08-01 09:09:50,278 - INFO - Beginning optimization with guess, [0.53604025 0.07383594].
2019-08-01 09:09:51,413 - INFO - Finished optimization with guess, [0.53604025 0.07383594].
2019-08-01 09:09:51,424 - INFO - Best fit parameters: [0.71505148 1.45788803].
2019-08-01 09:09:51,452 - INFO - Maximum log composite likelihood: -19.8124084896.
2019-08-01 09:09:51,452 - INFO - Optimal value of theta: 74.8869668003.
2019-08-01 09:09:51,452 - INFO - Beginning optimization with guess, [0.35766487 0.05250113].
2019-08-01 09:09:52,072 - INFO - Finished optimization with guess, [0.35766487 0.05250113].
2019-08-01 09:09:52,072 - INFO - Best fit parameters: [8.00000000e+00 2.00489042e-03].
2019-08-01 09:09:52,079 - INFO - Maximum log composite likelihood: -19.8469763933.
2019-08-01 09:09:52,079 - INFO - Optimal value of theta: 55.5384728217.
2019-08-01 09:09:52,079 - INFO - Beginning optimization with guess, [0.4765342  0.18184498].
2019-08-01 09:09:53,337 - INFO - Finished optimization with guess, [0.4765342  0.18184498].
2019-08-01 09:09:53,337 - INFO - Best fit parameters: [0.72566037 1.44144144].
2019-08-01 09:09:53,352 - INFO - Maximum log composite likelihood: -19.8124091535.
2019-08-01 09:09:53,352 - INFO - Optimal value of theta: 73.793030071.
2019-08-01 09:09:53,352 - INFO - Beginning optimization with guess, [0.35095062 0.11379816].
2019-08-01 09:09:54,786 - INFO - Finished optimization with guess, [0.35095062 0.11379816].
2019-08-01 09:09:54,786 - INFO - Best fit parameters: [0.73611182 1.42432159].
2019-08-01 09:09:54,829 - INFO - Maximum log composite likelihood: -19.8124100834.
2019-08-01 09:09:54,829 - INFO - Optimal value of theta: 72.7504653714.
2019-08-01 09:09:54,829 - INFO - Beginning optimization with guess, [0.46846344 0.15264268].
2019-08-01 09:09:57,462 - INFO - Finished optimization with guess, [0.46846344 0.15264268].
2019-08-01 09:09:57,463 - INFO - Best fit parameters: [0.71141384 1.46348664].
2019-08-01 09:09:57,478 - INFO - Maximum log composite likelihood: -19.8124082815.
2019-08-01 09:09:57,478 - INFO - Optimal value of theta: 75.2713056853.
2019-08-01 09:09:57,478 - INFO - Beginning optimization with guess, [0.39324454 0.09826463].
2019-08-01 09:09:58,579 - INFO - Finished optimization with guess, [0.39324454 0.09826463].
2019-08-01 09:09:58,579 - INFO - Best fit parameters: [0.72427075 1.4457977 ].
2019-08-01 09:09:58,594 - INFO - Maximum log composite likelihood: -19.8124092388.
2019-08-01 09:09:58,594 - INFO - Optimal value of theta: 73.9429660397.
2019-08-01 09:09:58,594 - INFO - Beginning optimization with guess, [0.36343875 0.05564219].
2019-08-01 09:09:59,185 - INFO - Finished optimization with guess, [0.36343875 0.05564219].
2019-08-01 09:09:59,185 - INFO - Best fit parameters: [8.00000000e+00 2.00512796e-03].
2019-08-01 09:09:59,193 - INFO - Maximum log composite likelihood: -19.8469763922.
2019-08-01 09:09:59,194 - INFO - Optimal value of theta: 55.5384454557.
2019-08-01 09:09:59,194 - INFO - Beginning optimization with guess, [0.45823779 0.10231838].
2019-08-01 09:10:00,007 - INFO - Finished optimization with guess, [0.45823779 0.10231838].
2019-08-01 09:10:00,008 - INFO - Best fit parameters: [0.7969988  1.26858408].
2019-08-01 09:10:00,021 - INFO - Maximum log composite likelihood: -19.8124269629.
2019-08-01 09:10:00,021 - INFO - Optimal value of theta: 67.1904719763.
2019-08-01 09:10:00,021 - INFO - Beginning optimization with guess, [0.38713672 0.05974191].
2019-08-01 09:10:00,616 - INFO - Finished optimization with guess, [0.38713672 0.05974191].
2019-08-01 09:10:00,616 - INFO - Best fit parameters: [8.00000000e+00 2.00709527e-03].
2019-08-01 09:10:00,622 - INFO - Maximum log composite likelihood: -19.8469763868.
2019-08-01 09:10:00,623 - INFO - Optimal value of theta: 55.5382188078.
2019-08-01 09:10:00,623 - INFO - Beginning optimization with guess, [0.36286174 0.07865622].
2019-08-01 09:10:01,896 - INFO - Finished optimization with guess, [0.36286174 0.07865622].
2019-08-01 09:10:01,897 - INFO - Best fit parameters: [0.79340043 1.28223726].
2019-08-01 09:10:01,923 - INFO - Maximum log composite likelihood: -19.8124249108.
2019-08-01 09:10:01,923 - INFO - Optimal value of theta: 67.5013639557.
2019-08-01 09:10:01,923 - INFO - Beginning optimization with guess, [0.29017168 0.06071337].
2019-08-01 09:10:02,831 - INFO - Finished optimization with guess, [0.29017168 0.06071337].
2019-08-01 09:10:02,831 - INFO - Best fit parameters: [7.45802014e+00 1.97237709e-03].
2019-08-01 09:10:02,840 - INFO - Maximum log composite likelihood: -19.8469856965.
2019-08-01 09:10:02,840 - INFO - Optimal value of theta: 55.5448250477.
2019-08-01 09:10:02,841 - INFO - Beginning optimization with guess, [0.83669239 0.16818461].
2019-08-01 09:10:03,997 - INFO - Finished optimization with guess, [0.83669239 0.16818461].
2019-08-01 09:10:03,998 - INFO - Best fit parameters: [0.71840216 1.45367473].
2019-08-01 09:10:04,013 - INFO - Maximum log composite likelihood: -19.8124086685.
2019-08-01 09:10:04,013 - INFO - Optimal value of theta: 74.5411335394.
2019-08-01 09:10:04,013 - INFO - Beginning optimization with guess, [0.7282702  0.05584383].
2019-08-01 09:10:04,758 - INFO - Finished optimization with guess, [0.7282702  0.05584383].
2019-08-01 09:10:04,758 - INFO - Best fit parameters: [0.79965306 1.26000229].
2019-08-01 09:10:04,772 - INFO - Maximum log composite likelihood: -19.8124287073.
2019-08-01 09:10:04,773 - INFO - Optimal value of theta: 66.9687727766.
2019-08-01 09:10:04,773 - INFO - Beginning optimization with guess, [0.39561272 0.07248264].
2019-08-01 09:10:05,932 - INFO - Finished optimization with guess, [0.39561272 0.07248264].
2019-08-01 09:10:05,932 - INFO - Best fit parameters: [0.76570125 1.36064252].
2019-08-01 09:10:05,946 - INFO - Maximum log composite likelihood: -19.8124146763.
2019-08-01 09:10:05,946 - INFO - Optimal value of theta: 69.9410748914.
2019-08-01 09:10:05,946 - INFO - Beginning optimization with guess, [0.30994148 0.06147221].
2019-08-01 09:10:06,389 - INFO - Finished optimization with guess, [0.30994148 0.06147221].
2019-08-01 09:10:06,389 - INFO - Best fit parameters: [1.39489128 0.00559386].
2019-08-01 09:10:06,396 - INFO - Maximum log composite likelihood: -19.8480567545.
2019-08-01 09:10:06,397 - INFO - Optimal value of theta: 55.5678519727.
2019-08-01 09:10:06,397 - INFO - Beginning optimization with guess, [0.59392648 0.05954497].
2019-08-01 09:10:07,298 - INFO - Finished optimization with guess, [0.59392648 0.05954497].
2019-08-01 09:10:07,298 - INFO - Best fit parameters: [0.81544614 1.20399569].
2019-08-01 09:10:07,310 - INFO - Maximum log composite likelihood: -19.8124433999.
2019-08-01 09:10:07,311 - INFO - Optimal value of theta: 65.6785836985.
2019-08-01 09:10:07,311 - INFO - Beginning optimization with guess, [0.69221252 0.14413205].
2019-08-01 09:10:08,451 - INFO - Finished optimization with guess, [0.69221252 0.14413205].
2019-08-01 09:10:08,452 - INFO - Best fit parameters: [0.72139877 1.44830942].
2019-08-01 09:10:08,467 - INFO - Maximum log composite likelihood: -19.8124088619.
2019-08-01 09:10:08,467 - INFO - Optimal value of theta: 74.2286819717.
2019-08-01 09:10:08,467 - INFO - Beginning optimization with guess, [0.41309529 0.06885023].
2019-08-01 09:10:09,465 - INFO - Finished optimization with guess, [0.41309529 0.06885023].
2019-08-01 09:10:09,466 - INFO - Best fit parameters: [0.78676175 1.30675162].
2019-08-01 09:10:09,479 - INFO - Maximum log composite likelihood: -19.8124230125.
2019-08-01 09:10:09,480 - INFO - Optimal value of theta: 68.0836109664.
2019-08-01 09:10:09,480 - INFO - Beginning optimization with guess, [0.60391825 0.11662869].
2019-08-01 09:10:10,691 - INFO - Finished optimization with guess, [0.60391825 0.11662869].
2019-08-01 09:10:10,691 - INFO - Best fit parameters: [0.75735    1.38064664].
2019-08-01 09:10:10,705 - INFO - Maximum log composite likelihood: -19.8124129761.
2019-08-01 09:10:10,705 - INFO - Optimal value of theta: 70.712122189.
2019-08-01 09:10:10,705 - INFO - Beginning optimization with guess, [0.39622831 0.08139916].
2019-08-01 09:10:11,698 - INFO - Finished optimization with guess, [0.39622831 0.08139916].
2019-08-01 09:10:11,698 - INFO - Best fit parameters: [0.79677083 1.28052781].
2019-08-01 09:10:11,711 - INFO - Maximum log composite likelihood: -19.8124329776.
2019-08-01 09:10:11,711 - INFO - Optimal value of theta: 67.2469917444.
2019-08-01 09:10:11,712 - INFO - Beginning optimization with guess, [0.40690447 0.1416578 ].
2019-08-01 09:10:12,907 - INFO - Finished optimization with guess, [0.40690447 0.1416578 ].
2019-08-01 09:10:12,907 - INFO - Best fit parameters: [0.71803371 1.45319732].
2019-08-01 09:10:12,922 - INFO - Maximum log composite likelihood: -19.8124086796.
2019-08-01 09:10:12,922 - INFO - Optimal value of theta: 74.5750737635.
2019-08-01 09:10:12,922 - INFO - Beginning optimization with guess, [0.59170206 0.15978007].
2019-08-01 09:10:14,073 - INFO - Finished optimization with guess, [0.59170206 0.15978007].
2019-08-01 09:10:14,074 - INFO - Best fit parameters: [0.7366844  1.42435832].
2019-08-01 09:10:14,088 - INFO - Maximum log composite likelihood: -19.8124103467.
2019-08-01 09:10:14,088 - INFO - Optimal value of theta: 72.6982561157.
2019-08-01 09:10:14,088 - INFO - Beginning optimization with guess, [0.87927233 0.0767049 ].
2019-08-01 09:10:15,312 - INFO - Finished optimization with guess, [0.87927233 0.0767049 ].
2019-08-01 09:10:15,312 - INFO - Best fit parameters: [0.72898476 1.43599645].
2019-08-01 09:10:15,327 - INFO - Maximum log composite likelihood: -19.8124094016.
2019-08-01 09:10:15,327 - INFO - Optimal value of theta: 73.4572936191.
2019-08-01 09:10:15,327 - INFO - Beginning optimization with guess, [0.8210794  0.10303507].
2019-08-01 09:10:16,526 - INFO - Finished optimization with guess, [0.8210794  0.10303507].
2019-08-01 09:10:16,526 - INFO - Best fit parameters: [0.7237888  1.44435388].
2019-08-01 09:10:16,541 - INFO - Maximum log composite likelihood: -19.81240903.
2019-08-01 09:10:16,541 - INFO - Optimal value of theta: 73.9831356545.
2019-08-01 09:10:16,541 - INFO - Beginning optimization with guess, [0.39323526 0.0556131 ].
2019-08-01 09:10:17,074 - INFO - Finished optimization with guess, [0.39323526 0.0556131 ].
2019-08-01 09:10:17,074 - INFO - Best fit parameters: [8.00000000e+00 2.00841916e-03].
2019-08-01 09:10:17,081 - INFO - Maximum log composite likelihood: -19.8469763869.
2019-08-01 09:10:17,082 - INFO - Optimal value of theta: 55.5380662871.
2019-08-01 09:10:17,082 - INFO - Beginning optimization with guess, [0.3476172  0.16075451].
2019-08-01 09:10:17,915 - INFO - Finished optimization with guess, [0.3476172  0.16075451].
2019-08-01 09:10:17,915 - INFO - Best fit parameters: [0.7669654  1.34853749].
2019-08-01 09:10:17,929 - INFO - Maximum log composite likelihood: -19.8124184226.
2019-08-01 09:10:17,929 - INFO - Optimal value of theta: 69.7933369642.
2019-08-01 09:10:17,929 - INFO - Beginning optimization with guess, [0.72252972 0.14722149].
2019-08-01 09:10:19,386 - INFO - Finished optimization with guess, [0.72252972 0.14722149].
2019-08-01 09:10:19,386 - INFO - Best fit parameters: [0.71072323 1.46474481].
2019-08-01 09:10:19,401 - INFO - Maximum log composite likelihood: -19.8124082455.
2019-08-01 09:10:19,401 - INFO - Optimal value of theta: 75.3456498578.
2019-08-01 09:10:19,401 - INFO - Beginning optimization with guess, [0.36014194 0.09274039].
2019-08-01 09:10:20,406 - INFO - Finished optimization with guess, [0.36014194 0.09274039].
2019-08-01 09:10:20,407 - INFO - Best fit parameters: [0.76083302 1.36988991].
2019-08-01 09:10:20,420 - INFO - Maximum log composite likelihood: -19.8124136457.
2019-08-01 09:10:20,421 - INFO - Optimal value of theta: 70.378880925.
2019-08-01 09:10:20,421 - INFO - Beginning optimization with guess, [0.41021858 0.09806311].
2019-08-01 09:10:21,501 - INFO - Finished optimization with guess, [0.41021858 0.09806311].
2019-08-01 09:10:21,502 - INFO - Best fit parameters: [0.73413357 1.42938461].
2019-08-01 09:10:21,516 - INFO - Maximum log composite likelihood: -19.8124101943.
2019-08-01 09:10:21,517 - INFO - Optimal value of theta: 72.9520985228.
2019-08-01 09:10:21,517 - INFO - Beginning optimization with guess, [0.5110639  0.07611342].
2019-08-01 09:10:22,684 - INFO - Finished optimization with guess, [0.5110639  0.07611342].
2019-08-01 09:10:22,684 - INFO - Best fit parameters: [0.71374979 1.45992805].
2019-08-01 09:10:22,699 - INFO - Maximum log composite likelihood: -19.8124084105.
2019-08-01 09:10:22,699 - INFO - Optimal value of theta: 75.0240915684.
2019-08-01 09:10:22,699 - INFO - Beginning optimization with guess, [0.6570872  0.08636635].
2019-08-01 09:10:23,808 - INFO - Finished optimization with guess, [0.6570872  0.08636635].
2019-08-01 09:10:23,808 - INFO - Best fit parameters: [0.73204896 1.43116437].
2019-08-01 09:10:23,822 - INFO - Maximum log composite likelihood: -19.812409664.
2019-08-01 09:10:23,823 - INFO - Optimal value of theta: 73.1519966505.
2019-08-01 09:10:23,823 - INFO - Beginning optimization with guess, [0.31789965 0.17856086].
2019-08-01 09:10:24,988 - INFO - Finished optimization with guess, [0.31789965 0.17856086].
2019-08-01 09:10:24,988 - INFO - Best fit parameters: [0.71490296 1.45907359].
2019-08-01 09:10:25,003 - INFO - Maximum log composite likelihood: -19.8124084745.
2019-08-01 09:10:25,003 - INFO - Optimal value of theta: 74.9065537211.
2019-08-01 09:10:25,003 - INFO - Beginning optimization with guess, [0.69372461 0.1883073 ].
2019-08-01 09:10:26,161 - INFO - Finished optimization with guess, [0.69372461 0.1883073 ].
2019-08-01 09:10:26,162 - INFO - Best fit parameters: [0.71619688 1.45657954].
2019-08-01 09:10:26,177 - INFO - Maximum log composite likelihood: -19.8124085354.
2019-08-01 09:10:26,178 - INFO - Optimal value of theta: 74.7688451521.
2019-08-01 09:10:26,178 - INFO - Beginning optimization with guess, [0.93996717 0.12930732].
2019-08-01 09:10:28,262 - INFO - Finished optimization with guess, [0.93996717 0.12930732].
2019-08-01 09:10:28,262 - INFO - Best fit parameters: [0.72302631 1.44571472].
2019-08-01 09:10:28,279 - INFO - Maximum log composite likelihood: -19.8124089698.
2019-08-01 09:10:28,279 - INFO - Optimal value of theta: 74.0616535893.
2019-08-01 09:10:28,279 - INFO - Beginning optimization with guess, [0.82794744 0.0778647 ].
2019-08-01 09:10:30,271 - INFO - Finished optimization with guess, [0.82794744 0.0778647 ].
2019-08-01 09:10:30,271 - INFO - Best fit parameters: [0.71686966 1.45667129].
2019-08-01 09:10:30,299 - INFO - Maximum log composite likelihood: -19.8124086345.
2019-08-01 09:10:30,300 - INFO - Optimal value of theta: 74.7032395362.
2019-08-01 09:10:30,300 - INFO - Beginning optimization with guess, [0.25368088 0.07260528].
2019-08-01 09:10:31,299 - INFO - Finished optimization with guess, [0.25368088 0.07260528].
2019-08-01 09:10:31,299 - INFO - Best fit parameters: [8.00000000e+00 2.00631381e-03].
2019-08-01 09:10:31,307 - INFO - Maximum log composite likelihood: -19.8469763882.
2019-08-01 09:10:31,307 - INFO - Optimal value of theta: 55.5383088374.
2019-08-01 09:10:31,307 - INFO - Beginning optimization with guess, [0.57551857 0.17584137].
2019-08-01 09:10:33,533 - INFO - Finished optimization with guess, [0.57551857 0.17584137].
2019-08-01 09:10:33,534 - INFO - Best fit parameters: [0.74467007 1.40664659].
2019-08-01 09:10:33,550 - INFO - Maximum log composite likelihood: -19.8124109754.
2019-08-01 09:10:33,551 - INFO - Optimal value of theta: 71.9104794289.
2019-08-01 09:10:33,551 - INFO - Beginning optimization with guess, [0.53239621 0.06134199].
2019-08-01 09:10:33,840 - INFO - Finished optimization with guess, [0.53239621 0.06134199].
2019-08-01 09:10:33,841 - INFO - Best fit parameters: [0.99560614 0.04493839].
2019-08-01 09:10:33,849 - INFO - Maximum log composite likelihood: -19.8504991106.
2019-08-01 09:10:33,849 - INFO - Optimal value of theta: 55.7963854395.
2019-08-01 09:10:33,850 - INFO - Finished demographic inference.
2019-08-01 09:10:33,850 - INFO - Beginning DFE inference.
2019-08-01 09:11:18,803 - INFO - Beginning optimization with guess, [5.30004553e-02 1.97646557e+02].
2019-08-01 09:11:28,953 - INFO - Finished optomization, results are [-30.923941271897178 array([8.65641147e-02, 5.31142438e+03])].
2019-08-01 09:11:28,954 - INFO - Beginning optimization with guess, [4.76175677e-02 1.46509502e+02].
2019-08-01 09:11:31,371 - INFO - Finished optomization, results are [-30.943728370466076 array([8.76102392e-02, 4.83684473e+03])].
2019-08-01 09:11:31,371 - INFO - Beginning optimization with guess, [6.68068699e-02 9.73604436e+01].
2019-08-01 09:11:33,593 - INFO - Finished optomization, results are [-30.927839531976083 array([8.75296779e-02, 5.02050483e+03])].
2019-08-01 09:11:33,593 - INFO - Beginning optimization with guess, [5.71186578e-02 2.56000354e+02].
2019-08-01 09:11:36,452 - INFO - Finished optomization, results are [-30.91204716543053 array([8.69922878e-02, 5.34185396e+03])].
2019-08-01 09:11:36,452 - INFO - Beginning optimization with guess, [6.21341784e-02 9.82411260e+01].
2019-08-01 09:11:41,087 - INFO - Finished optomization, results are [-30.910229934349676 array([8.96928825e-02, 4.86960325e+03])].
2019-08-01 09:11:41,088 - INFO - Beginning optimization with guess, [6.30281953e-02 1.37249483e+02].
2019-08-01 09:11:50,086 - INFO - Finished optomization, results are [-30.896229081865126 array([8.80155473e-02, 5.36489404e+03])].
2019-08-01 09:11:50,087 - INFO - Beginning optimization with guess, [6.25285857e-02 1.44116176e+02].
2019-08-01 09:11:52,103 - INFO - Finished optomization, results are [-30.94724096168833 array([8.70294646e-02, 4.95052373e+03])].
2019-08-01 09:11:52,103 - INFO - Beginning optimization with guess, [8.44627894e-02 1.90383483e+02].
2019-08-01 09:11:55,294 - INFO - Finished optomization, results are [-30.936248955521584 array([8.57460931e-02, 5.41662889e+03])].
2019-08-01 09:11:55,295 - INFO - Beginning optimization with guess, [  0.10778843 100.31621812].
2019-08-01 09:11:58,367 - INFO - Finished optomization, results are [-30.91125149048941 array([8.77983212e-02, 5.16422540e+03])].
2019-08-01 09:11:58,368 - INFO - Beginning optimization with guess, [7.06547545e-02 1.20206453e+02].
2019-08-01 09:12:01,491 - INFO - Finished optomization, results are [-30.91335851291732 array([8.88161482e-02, 4.93508884e+03])].
2019-08-01 09:12:01,491 - INFO - Beginning optimization with guess, [5.40147774e-02 2.76448995e+02].
2019-08-01 09:12:03,130 - INFO - Finished optomization, results are [-31.005544630986964 array([8.45930725e-02, 5.20918841e+03])].
2019-08-01 09:12:03,130 - INFO - Beginning optimization with guess, [9.87257079e-02 2.21257361e+02].
2019-08-01 09:12:04,957 - INFO - Finished optomization, results are [-30.917649459939227 array([8.94021937e-02, 4.77383073e+03])].
2019-08-01 09:12:04,958 - INFO - Beginning optimization with guess, [5.56914591e-02 1.89358540e+02].
2019-08-01 09:12:10,995 - INFO - Finished optomization, results are [-30.90082213542732 array([8.72290010e-02, 5.44302579e+03])].
2019-08-01 09:12:10,995 - INFO - Beginning optimization with guess, [6.7171433e-02 2.4945083e+02].
2019-08-01 09:12:13,809 - INFO - Finished optomization, results are [-30.944275560126577 array([8.61085474e-02, 5.23171476e+03])].
2019-08-01 09:12:13,809 - INFO - Beginning optimization with guess, [8.02148553e-02 2.59710985e+02].
2019-08-01 09:12:16,556 - INFO - Finished optomization, results are [-30.939588326391714 array([8.63036555e-02, 5.22077352e+03])].
2019-08-01 09:12:16,556 - INFO - Beginning optimization with guess, [9.91770798e-02 1.10345992e+02].
2019-08-01 09:12:18,673 - INFO - Finished optomization, results are [-30.91312882792612 array([8.94743336e-02, 4.83871379e+03])].
2019-08-01 09:12:18,675 - INFO - Beginning optimization with guess, [7.67053325e-02 1.08825125e+02].
2019-08-01 09:12:21,213 - INFO - Finished optomization, results are [-30.923377561707685 array([8.78345279e-02, 5.00031909e+03])].
2019-08-01 09:12:21,213 - INFO - Beginning optimization with guess, [8.31503994e-02 1.05295678e+02].
2019-08-01 09:12:27,293 - INFO - Finished optomization, results are [-30.910173186262053 array([8.72119923e-02, 5.31271727e+03])].
2019-08-01 09:12:27,293 - INFO - Beginning optimization with guess, [6.80854433e-02 1.00263852e+02].
2019-08-01 09:12:32,699 - INFO - Finished optomization, results are [-30.904793326305395 array([8.72144062e-02, 5.38710973e+03])].
2019-08-01 09:12:32,700 - INFO - Beginning optimization with guess, [5.46700073e-02 2.73978885e+02].
2019-08-01 09:12:34,373 - INFO - Finished optomization, results are [-30.918236267037233 array([8.70037823e-02, 5.26180933e+03])].
2019-08-01 09:12:34,373 - INFO - Beginning optimization with guess, [5.53954910e-02 1.39059264e+02].
2019-08-01 09:12:39,659 - INFO - Finished optomization, results are [-30.907228770795587 array([8.74206074e-02, 5.30468525e+03])].
2019-08-01 09:12:39,660 - INFO - Beginning optimization with guess, [6.34371392e-02 3.60301965e+02].
2019-08-01 09:12:41,519 - INFO - Finished optomization, results are [-30.941171911175942 array([8.74500656e-02, 4.90102982e+03])].
2019-08-01 09:12:41,519 - INFO - Beginning optimization with guess, [9.91972296e-02 2.66089353e+02].
2019-08-01 09:12:43,633 - INFO - Finished optomization, results are [-30.978770467605056 array([8.60894276e-02, 4.94581043e+03])].
2019-08-01 09:12:43,633 - INFO - Beginning optimization with guess, [1.40434975e-01 1.68674724e+02].
2019-08-01 09:12:45,816 - INFO - Finished optomization, results are [-30.925014730715837 array([8.96299297e-02, 4.62956067e+03])].
2019-08-01 09:12:45,816 - INFO - Beginning optimization with guess, [  0.16252237 108.75128557].
2019-08-01 09:12:48,039 - INFO - Finished optomization, results are [-30.907431872799428 array([8.88778750e-02, 5.02267558e+03])].
2019-08-01 09:12:48,039 - INFO - Beginning optimization with guess, [1.19650973e-01 2.77706313e+02].
2019-08-01 09:12:52,503 - INFO - Finished optomization, results are [-30.92330975422002 array([8.61421456e-02, 5.43625253e+03])].
2019-08-01 09:12:52,506 - INFO - Beginning optimization with guess, [9.23972349e-02 2.95654983e+02].
2019-08-01 09:12:54,102 - INFO - Finished optomization, results are [-30.930499763505647 array([8.91606007e-02, 4.64015583e+03])].
2019-08-01 09:12:54,102 - INFO - Beginning optimization with guess, [1.01453020e-01 1.07214324e+02].
2019-08-01 09:12:56,012 - INFO - Finished optomization, results are [-30.904317897729204 array([8.87192405e-02, 5.10250785e+03])].
2019-08-01 09:12:56,012 - INFO - Beginning optimization with guess, [8.11568032e-02 1.09061785e+02].
2019-08-01 09:13:00,886 - INFO - Finished optomization, results are [-30.911452907681085 array([8.70761722e-02, 5.32875961e+03])].
2019-08-01 09:13:00,887 - INFO - Beginning optimization with guess, [ 0.13622372 96.54035012].
2019-08-01 09:13:02,591 - INFO - Finished optomization, results are [-30.925561798562747 array([8.99867025e-02, 4.56800807e+03])].
2019-08-01 09:13:02,592 - INFO - Beginning optimization with guess, [1.77674949e-01 2.91248377e+02].
2019-08-01 09:13:04,211 - INFO - Finished optomization, results are [-30.931088331863727 array([8.66874075e-02, 5.20059765e+03])].
2019-08-01 09:13:04,212 - INFO - Beginning optimization with guess, [1.22824052e-01 1.95633880e+02].
2019-08-01 09:13:06,683 - INFO - Finished optomization, results are [-30.95677187325708 array([8.61596802e-02, 5.10411552e+03])].
2019-08-01 09:13:06,684 - INFO - Beginning optimization with guess, [4.93409620e-02 2.24083325e+02].
2019-08-01 09:13:10,503 - INFO - Finished optomization, results are [-30.93140720689588 array([8.62017222e-02, 5.33215350e+03])].
2019-08-01 09:13:10,503 - INFO - Beginning optimization with guess, [1.7249393e-01 2.7719870e+02].
2019-08-01 09:13:12,480 - INFO - Finished optomization, results are [-30.944978974729917 array([8.77206845e-02, 4.79810741e+03])].
2019-08-01 09:13:12,480 - INFO - Beginning optimization with guess, [6.14049190e-02 3.06715301e+02].
2019-08-01 09:13:14,613 - INFO - Finished optomization, results are [-30.928439792188737 array([8.67552828e-02, 5.21056618e+03])].
2019-08-01 09:13:14,614 - INFO - Beginning optimization with guess, [1.22394902e-01 2.80598148e+02].
2019-08-01 09:13:16,455 - INFO - Finished optomization, results are [-30.973267201662694 array([8.61815079e-02, 4.96202171e+03])].
2019-08-01 09:13:16,455 - INFO - Beginning optimization with guess, [1.50821252e-01 1.86701166e+02].
2019-08-01 09:13:21,060 - INFO - Finished optomization, results are [-30.910417363604758 array([8.72574756e-02, 5.29857504e+03])].
2019-08-01 09:13:21,060 - INFO - Beginning optimization with guess, [8.10772092e-02 1.19878995e+02].
2019-08-01 09:13:23,736 - INFO - Finished optomization, results are [-30.9287653090645 array([8.84228013e-02, 4.80784955e+03])].
2019-08-01 09:13:23,736 - INFO - Beginning optimization with guess, [5.69612329e-02 3.62060015e+02].
2019-08-01 09:13:25,236 - INFO - Finished optomization, results are [-30.956712278039824 array([8.71096274e-02, 4.84500440e+03])].
2019-08-01 09:13:25,236 - INFO - Beginning optimization with guess, [1.62393555e-01 2.16144172e+02].
2019-08-01 09:13:27,453 - INFO - Finished optomization, results are [-30.90845969230193 array([8.96422038e-02, 4.91159421e+03])].
2019-08-01 09:13:27,454 - INFO - Beginning optimization with guess, [1.06519585e-01 1.46043406e+02].
2019-08-01 09:13:29,450 - INFO - Finished optomization, results are [-30.93502572391337 array([8.75589962e-02, 4.93618283e+03])].
2019-08-01 09:13:29,450 - INFO - Beginning optimization with guess, [1.48832141e-01 3.54526090e+02].
2019-08-01 09:13:32,620 - INFO - Finished optomization, results are [-30.978526052430805 array([8.52240248e-02, 5.20692834e+03])].
2019-08-01 09:13:32,621 - INFO - Beginning optimization with guess, [ 0.14228644 92.23810002].
2019-08-01 09:13:35,638 - INFO - Finished optomization, results are [-30.90117335589636 array([8.77686967e-02, 5.32263529e+03])].
2019-08-01 09:13:35,638 - INFO - Beginning optimization with guess, [1.70512164e-01 2.30520085e+02].
2019-08-01 09:13:38,179 - INFO - Finished optomization, results are [-30.94757930878146 array([8.61602589e-02, 5.18601571e+03])].
2019-08-01 09:13:38,179 - INFO - Beginning optimization with guess, [5.57491767e-02 3.38402821e+02].
2019-08-01 09:13:41,369 - INFO - Finished optomization, results are [-30.922595249803972 array([8.61770205e-02, 5.43426506e+03])].
2019-08-01 09:13:41,370 - INFO - Beginning optimization with guess, [1.58721971e-01 2.36613984e+02].
2019-08-01 09:13:43,076 - INFO - Finished optomization, results are [-30.91149260622095 array([8.97123521e-02, 4.84203771e+03])].
2019-08-01 09:13:43,077 - INFO - Beginning optimization with guess, [6.23674718e-02 3.10887120e+02].
2019-08-01 09:13:45,005 - INFO - Finished optomization, results are [-30.92651145392132 array([8.65334243e-02, 5.29142833e+03])].
2019-08-01 09:13:45,006 - INFO - Beginning optimization with guess, [7.85639889e-02 2.73674680e+02].
2019-08-01 09:13:48,263 - INFO - Finished optomization, results are [-30.937631109141368 array([8.62074238e-02, 5.26740234e+03])].
2019-08-01 09:13:48,264 - INFO - Beginning optimization with guess, [1.29051460e-01 1.65747243e+02].
2019-08-01 09:13:52,512 - INFO - Finished optomization, results are [-30.91863279794203 array([8.69127614e-02, 5.28033240e+03])].
2019-08-01 09:13:52,513 - INFO - Beginning optimization with guess, [9.44229067e-02 2.15925924e+02].
2019-08-01 09:13:54,286 - INFO - Finished optomization, results are [-30.913500359755194 array([8.94513178e-02, 4.83520764e+03])].
2019-08-01 09:13:54,286 - INFO - Beginning optimization with guess, [7.08365274e-02 1.39812729e+02].
2019-08-01 09:13:55,941 - INFO - Finished optomization, results are [-30.935430946233442 array([8.82135878e-02, 4.77945445e+03])].
2019-08-01 09:13:55,941 - INFO - Beginning optimization with guess, [4.95654955e-02 3.10439439e+02].
2019-08-01 09:13:58,209 - INFO - Finished optomization, results are [-30.93697971510483 array([8.65218594e-02, 5.18548998e+03])].
2019-08-01 09:13:58,209 - INFO - Beginning optimization with guess, [5.28888353e-02 9.53892336e+01].
2019-08-01 09:13:59,916 - INFO - Finished optomization, results are [-30.90827221435924 array([8.90457856e-02, 4.98335193e+03])].
2019-08-01 09:13:59,916 - INFO - Beginning optimization with guess, [  0.13359299 100.11518667].
2019-08-01 09:14:04,572 - INFO - Finished optomization, results are [-30.896369959129977 array([8.81447664e-02, 5.34133819e+03])].
2019-08-01 09:14:04,573 - INFO - Beginning optimization with guess, [9.06358787e-02 1.04272143e+02].
2019-08-01 09:14:06,809 - INFO - Finished optomization, results are [-30.89655805582116 array([8.83276491e-02, 5.31035974e+03])].
2019-08-01 09:14:06,809 - INFO - Beginning optimization with guess, [  0.13725192 129.1842293 ].
2019-08-01 09:14:08,686 - INFO - Finished optomization, results are [-30.92683321117774 array([9.06407273e-02, 4.46691161e+03])].
2019-08-01 09:14:08,686 - INFO - Beginning optimization with guess, [7.63112641e-02 9.61322552e+01].
2019-08-01 09:14:13,615 - INFO - Finished optomization, results are [-30.899108485520895 array([8.74884970e-02, 5.41369089e+03])].
2019-08-01 09:14:13,616 - INFO - Beginning optimization with guess, [7.06370940e-02 1.40005498e+02].
2019-08-01 09:14:17,142 - INFO - Finished optomization, results are [-30.910126843666163 array([8.67939005e-02, 5.41701576e+03])].
2019-08-01 09:14:17,143 - INFO - Beginning optimization with guess, [1.13101755e-01 2.26234079e+02].
2019-08-01 09:14:21,803 - INFO - Finished optomization, results are [-30.939051883521177 array([8.55791258e-02, 5.43970020e+03])].
2019-08-01 09:14:21,803 - INFO - Beginning optimization with guess, [1.61326609e-01 2.07527975e+02].
2019-08-01 09:14:24,157 - INFO - Finished optomization, results are [-30.90726980273926 array([8.72810251e-02, 5.33625853e+03])].
2019-08-01 09:14:24,158 - INFO - Beginning optimization with guess, [1.15268237e-01 1.94683438e+02].
2019-08-01 09:14:26,923 - INFO - Finished optomization, results are [-30.944073528951535 array([8.64754818e-02, 5.12950981e+03])].
2019-08-01 09:14:26,923 - INFO - Beginning optimization with guess, [8.89526358e-02 1.00601633e+02].
2019-08-01 09:14:28,799 - INFO - Finished optomization, results are [-30.90571116196187 array([8.89344019e-02, 5.04595831e+03])].
2019-08-01 09:14:28,800 - INFO - Beginning optimization with guess, [6.00730887e-02 1.48716779e+02].
2019-08-01 09:14:30,845 - INFO - Finished optomization, results are [-30.924246908623058 array([9.07523254e-02, 4.50234408e+03])].
2019-08-01 09:14:30,846 - INFO - Beginning optimization with guess, [9.80790348e-02 9.99651503e+01].
2019-08-01 09:14:36,678 - INFO - Finished optomization, results are [-30.893768056974313 array([8.78488176e-02, 5.44050348e+03])].
2019-08-01 09:14:36,679 - INFO - Beginning optimization with guess, [  0.17007254 116.4951007 ].
2019-08-01 09:14:38,948 - INFO - Finished optomization, results are [-30.90004004081582 array([8.84774923e-02, 5.21911430e+03])].
2019-08-01 09:14:38,948 - INFO - Beginning optimization with guess, [1.06646962e-01 1.37350162e+02].
2019-08-01 09:14:40,891 - INFO - Finished optomization, results are [-30.938144442202674 array([8.67516119e-02, 5.11131204e+03])].
2019-08-01 09:14:40,891 - INFO - Beginning optimization with guess, [8.74943374e-02 1.00692097e+02].
2019-08-01 09:14:43,500 - INFO - Finished optomization, results are [-30.908495451891753 array([8.91411477e-02, 4.96621351e+03])].
2019-08-01 09:14:43,501 - INFO - Beginning optimization with guess, [7.42675701e-02 1.84288328e+02].
2019-08-01 09:14:46,641 - INFO - Finished optomization, results are [-30.951458539357727 array([8.56100035e-02, 5.31379422e+03])].
2019-08-01 09:14:46,641 - INFO - Beginning optimization with guess, [9.69721627e-02 2.61503801e+02].
2019-08-01 09:14:48,959 - INFO - Finished optomization, results are [-30.909992401812513 array([8.85674523e-02, 5.03084135e+03])].
2019-08-01 09:14:48,960 - INFO - Beginning optimization with guess, [1.29886936e-01 1.76380401e+02].
2019-08-01 09:14:51,809 - INFO - Finished optomization, results are [-30.9253599673432 array([8.72556790e-02, 5.11542037e+03])].
2019-08-01 09:14:51,810 - INFO - Beginning optimization with guess, [8.56886611e-02 2.08149233e+02].
2019-08-01 09:14:56,435 - INFO - Finished optomization, results are [-30.938529880572222 array([8.57531918e-02, 5.39190535e+03])].
2019-08-01 09:14:56,435 - INFO - Beginning optimization with guess, [1.16129931e-01 1.35919285e+02].
2019-08-01 09:14:58,498 - INFO - Finished optomization, results are [-30.96113991708636 array([8.70832628e-02, 4.81421833e+03])].
2019-08-01 09:14:58,499 - INFO - Beginning optimization with guess, [5.00774872e-02 2.73829956e+02].
2019-08-01 09:15:03,981 - INFO - Finished optomization, results are [-30.926517922433806 array([8.61629791e-02, 5.39508917e+03])].
2019-08-01 09:15:03,981 - INFO - Beginning optimization with guess, [7.10606817e-02 3.14055359e+02].
2019-08-01 09:15:07,255 - INFO - Finished optomization, results are [-30.925849895883413 array([8.64780998e-02, 5.31385019e+03])].
2019-08-01 09:15:07,255 - INFO - Beginning optimization with guess, [5.23592390e-02 1.55763293e+02].
2019-08-01 09:15:09,302 - INFO - Finished optomization, results are [-30.936747773864052 array([8.83537337e-02, 4.73455331e+03])].
2019-08-01 09:15:09,302 - INFO - Beginning optimization with guess, [5.94573899e-02 1.19604267e+02].
2019-08-01 09:15:14,557 - INFO - Finished optomization, results are [-30.896639227313088 array([8.75637866e-02, 5.44001769e+03])].
2019-08-01 09:15:14,558 - INFO - Beginning optimization with guess, [8.50817314e-02 1.78674621e+02].
2019-08-01 09:15:16,501 - INFO - Finished optomization, results are [-30.937330691093155 array([8.68521138e-02, 5.09254785e+03])].
2019-08-01 09:15:16,501 - INFO - Beginning optimization with guess, [ 0.13600416 95.03680215].
2019-08-01 09:15:20,366 - INFO - Finished optomization, results are [-30.899981322546832 array([8.82511870e-02, 5.25542021e+03])].
2019-08-01 09:15:20,367 - INFO - Beginning optimization with guess, [4.72135964e-02 1.86864966e+02].
2019-08-01 09:15:22,984 - INFO - Finished optomization, results are [-30.922762722076428 array([8.69892671e-02, 5.21234309e+03])].
2019-08-01 09:15:22,985 - INFO - Beginning optimization with guess, [8.03707305e-02 9.90067422e+01].
2019-08-01 09:15:25,161 - INFO - Finished optomization, results are [-30.923400714358863 array([8.78378092e-02, 4.99929637e+03])].
2019-08-01 09:15:25,162 - INFO - Beginning optimization with guess, [9.25043893e-02 2.98378577e+02].
2019-08-01 09:15:31,400 - INFO - Finished optomization, results are [-30.899977913212783 array([8.72886314e-02, 5.44281285e+03])].
2019-08-01 09:15:31,401 - INFO - Beginning optimization with guess, [9.25516901e-02 2.99429776e+02].
2019-08-01 09:15:36,684 - INFO - Finished optomization, results are [-30.90622082422844 array([8.73973623e-02, 5.32441228e+03])].
2019-08-01 09:15:36,684 - INFO - Beginning optimization with guess, [1.11207520e-01 1.98444245e+02].
2019-08-01 09:15:40,704 - INFO - Finished optomization, results are [-30.90770046950254 array([8.69781339e-02, 5.40302388e+03])].
2019-08-01 09:15:40,705 - INFO - Beginning optimization with guess, [1.04364699e-01 1.72250136e+02].
2019-08-01 09:15:42,946 - INFO - Finished optomization, results are [-30.916016368018607 array([8.82943317e-02, 4.99470891e+03])].
2019-08-01 09:15:42,946 - INFO - Beginning optimization with guess, [7.30303167e-02 1.32353040e+02].
2019-08-01 09:15:47,652 - INFO - Finished optomization, results are [-30.912760368611895 array([8.69418366e-02, 5.34537550e+03])].
2019-08-01 09:15:47,652 - INFO - Beginning optimization with guess, [4.78190415e-02 2.46165538e+02].
2019-08-01 09:15:51,820 - INFO - Finished optomization, results are [-30.955167744272572 array([8.55230244e-02, 5.30737696e+03])].
2019-08-01 09:15:51,820 - INFO - Beginning optimization with guess, [1.12988225e-01 1.28169621e+02].
2019-08-01 09:15:55,886 - INFO - Finished optomization, results are [-30.929282941307445 array([8.60032122e-02, 5.41176642e+03])].
2019-08-01 09:15:55,887 - INFO - Beginning optimization with guess, [1.77545538e-01 2.67889594e+02].
2019-08-01 09:15:57,628 - INFO - Finished optomization, results are [-30.947900478759493 array([8.80688484e-02, 4.68824842e+03])].
2019-08-01 09:15:57,628 - INFO - Beginning optimization with guess, [7.96465768e-02 1.07700779e+02].
2019-08-01 09:15:59,336 - INFO - Finished optomization, results are [-30.927426887044227 array([8.80753950e-02, 4.89870346e+03])].
2019-08-01 09:15:59,336 - INFO - Beginning optimization with guess, [5.07039396e-02 2.28951615e+02].
2019-08-01 09:16:00,952 - INFO - Finished optomization, results are [-30.948055307430437 array([8.65537214e-02, 5.07078956e+03])].
2019-08-01 09:16:00,952 - INFO - Beginning optimization with guess, [1.10380521e-01 2.13814031e+02].
2019-08-01 09:16:04,916 - INFO - Finished optomization, results are [-30.9600071522438 array([8.49805129e-02, 5.43648986e+03])].
2019-08-01 09:16:04,917 - INFO - Beginning optimization with guess, [7.97800356e-02 1.15665171e+02].
2019-08-01 09:16:06,794 - INFO - Finished optomization, results are [-30.923896373792335 array([8.79216576e-02, 4.97441805e+03])].
2019-08-01 09:16:06,794 - INFO - Beginning optimization with guess, [  0.12916656 113.31522261].
2019-08-01 09:16:10,701 - INFO - Finished optomization, results are [-30.930892778928946 array([8.64435939e-02, 5.26937875e+03])].
2019-08-01 09:16:10,702 - INFO - Beginning optimization with guess, [7.67965138e-02 3.39805853e+02].
2019-08-01 09:16:13,153 - INFO - Finished optomization, results are [-30.919375272328246 array([8.72039967e-02, 5.19792152e+03])].
2019-08-01 09:16:13,154 - INFO - Beginning optimization with guess, [7.54789517e-02 2.80339465e+02].
2019-08-01 09:16:15,370 - INFO - Finished optomization, results are [-30.92723690049663 array([8.68707098e-02, 5.19306343e+03])].
2019-08-01 09:16:15,371 - INFO - Beginning optimization with guess, [5.07931504e-02 2.58371533e+02].
2019-08-01 09:16:17,504 - INFO - Finished optomization, results are [-30.933250786606703 array([8.69323819e-02, 5.11287195e+03])].
2019-08-01 09:16:17,504 - INFO - Beginning optimization with guess, [5.38069780e-02 2.53887248e+02].
2019-08-01 09:16:19,126 - INFO - Finished optomization, results are [-30.967175362124877 array([8.50475747e-02, 5.35410290e+03])].
2019-08-01 09:16:19,126 - INFO - Beginning optimization with guess, [5.80273748e-02 1.38606243e+02].
2019-08-01 09:16:20,755 - INFO - Finished optomization, results are [-30.923230104739073 array([8.88984151e-02, 4.78061369e+03])].
2019-08-01 09:16:20,755 - INFO - Beginning optimization with guess, [6.22084261e-02 2.47191205e+02].
2019-08-01 09:16:23,499 - INFO - Finished optomization, results are [-30.959695096953656 array([8.70130979e-02, 4.84471110e+03])].
2019-08-01 09:16:23,499 - INFO - Beginning optimization with guess, [7.94047807e-02 1.08111171e+02].
2019-08-01 09:16:27,375 - INFO - Finished optomization, results are [-30.90863060535837 array([8.68561380e-02, 5.42093288e+03])].
2019-08-01 09:16:27,375 - INFO - Finished DFE inference.
2019-08-01 09:16:27,376 - INFO - Integrating expected site-frequency spectrum.
2019-08-01 09:16:27,390 - INFO - Outputing results.
2019-08-01 09:16:27,394 - INFO - Pipeline executed succesfully.
