2019-08-01 09:08:53,867 - INFO - Beginning execution of fitdadi_infer_DFE.py in directory /u/home/j/jonmah/lohmueller_lab/Scripts

2019-08-01 09:08:53,868 - INFO - Progress is being logged to ../Data/AW_array_2000/seed_93_fitdadi_output/log.log

2019-08-01 09:08:53,868 - INFO - Parsed the following arguments:
	breed = AW
	outprefix = ../Data/AW_array_2000/seed_93_fitdadi_output/
	nonsyn_input_sfs = ../Data/AW_array_2000/seed_93_easySFS_output_nonsyn/dadi/pop1.sfs
	syn_input_sfs = ../Data/AW_array_2000/seed_93_easySFS_output_syn/dadi/pop1.sfs

2019-08-01 09:08:53,872 - INFO - Beginning optimization with guess, [0.87968106 0.072683  ].
2019-08-01 09:08:54,137 - INFO - Finished optimization with guess, [0.87968106 0.072683  ].
2019-08-01 09:08:54,137 - INFO - Best fit parameters: [0.93977837 0.07237303].
2019-08-01 09:08:54,145 - INFO - Maximum log composite likelihood: -20.5253035724.
2019-08-01 09:08:54,145 - INFO - Optimal value of theta: 60.8286257152.
2019-08-01 09:08:54,145 - INFO - Beginning optimization with guess, [0.77791278 0.05700682].
2019-08-01 09:08:54,892 - INFO - Finished optimization with guess, [0.77791278 0.05700682].
2019-08-01 09:08:54,892 - INFO - Best fit parameters: [3.21410715e-03 1.12016560e-05].
2019-08-01 09:08:54,899 - INFO - Maximum log composite likelihood: -20.5179003211.
2019-08-01 09:08:54,900 - INFO - Optimal value of theta: 60.7914003535.
2019-08-01 09:08:54,900 - INFO - Beginning optimization with guess, [0.52998401 0.06921441].
2019-08-01 09:08:55,631 - INFO - Finished optimization with guess, [0.52998401 0.06921441].
2019-08-01 09:08:55,631 - INFO - Best fit parameters: [0.16466785 0.0007327 ].
2019-08-01 09:08:55,638 - INFO - Maximum log composite likelihood: -20.5181046747.
2019-08-01 09:08:55,639 - INFO - Optimal value of theta: 60.8243223019.
2019-08-01 09:08:55,639 - INFO - Beginning optimization with guess, [0.47104567 0.13504062].
2019-08-01 09:08:56,782 - INFO - Finished optimization with guess, [0.47104567 0.13504062].
2019-08-01 09:08:56,782 - INFO - Best fit parameters: [0.77382911 1.55170225].
2019-08-01 09:08:56,797 - INFO - Maximum log composite likelihood: -20.5101174568.
2019-08-01 09:08:56,797 - INFO - Optimal value of theta: 75.5375266986.
2019-08-01 09:08:56,798 - INFO - Beginning optimization with guess, [0.30701332 0.16193154].
2019-08-01 09:08:57,860 - INFO - Finished optimization with guess, [0.30701332 0.16193154].
2019-08-01 09:08:57,861 - INFO - Best fit parameters: [0.77868213 1.54552083].
2019-08-01 09:08:57,876 - INFO - Maximum log composite likelihood: -20.5101181002.
2019-08-01 09:08:57,876 - INFO - Optimal value of theta: 75.0840010882.
2019-08-01 09:08:57,877 - INFO - Beginning optimization with guess, [0.30874604 0.13784196].
2019-08-01 09:08:59,065 - INFO - Finished optimization with guess, [0.30874604 0.13784196].
2019-08-01 09:08:59,065 - INFO - Best fit parameters: [0.76346582 1.57745478].
2019-08-01 09:08:59,081 - INFO - Maximum log composite likelihood: -20.5101169825.
2019-08-01 09:08:59,081 - INFO - Optimal value of theta: 76.5688252282.
2019-08-01 09:08:59,081 - INFO - Beginning optimization with guess, [0.83444554 0.09889956].
2019-08-01 09:09:00,223 - INFO - Finished optimization with guess, [0.83444554 0.09889956].
2019-08-01 09:09:00,223 - INFO - Best fit parameters: [0.77815139 1.54495029].
2019-08-01 09:09:00,238 - INFO - Maximum log composite likelihood: -20.5101176548.
2019-08-01 09:09:00,238 - INFO - Optimal value of theta: 75.1296047727.
2019-08-01 09:09:00,239 - INFO - Beginning optimization with guess, [0.41923044 0.06981916].
2019-08-01 09:09:01,192 - INFO - Finished optimization with guess, [0.41923044 0.06981916].
2019-08-01 09:09:01,192 - INFO - Best fit parameters: [2.10276223e-03 7.51401848e-06].
2019-08-01 09:09:01,199 - INFO - Maximum log composite likelihood: -20.5178874014.
2019-08-01 09:09:01,200 - INFO - Optimal value of theta: 60.8043206773.
2019-08-01 09:09:01,200 - INFO - Beginning optimization with guess, [0.54089248 0.1777058 ].
2019-08-01 09:09:02,370 - INFO - Finished optimization with guess, [0.54089248 0.1777058 ].
2019-08-01 09:09:02,370 - INFO - Best fit parameters: [0.767151   1.56968706].
2019-08-01 09:09:02,385 - INFO - Maximum log composite likelihood: -20.5101170998.
2019-08-01 09:09:02,385 - INFO - Optimal value of theta: 76.2021855996.
2019-08-01 09:09:02,386 - INFO - Beginning optimization with guess, [0.71632966 0.06880365].
2019-08-01 09:09:03,119 - INFO - Finished optimization with guess, [0.71632966 0.06880365].
2019-08-01 09:09:03,120 - INFO - Best fit parameters: [0.08177302 0.00033411].
2019-08-01 09:09:03,127 - INFO - Maximum log composite likelihood: -20.5180653393.
2019-08-01 09:09:03,127 - INFO - Optimal value of theta: 60.8294869068.
2019-08-01 09:09:03,127 - INFO - Beginning optimization with guess, [0.43071408 0.05375071].
2019-08-01 09:09:03,851 - INFO - Finished optimization with guess, [0.43071408 0.05375071].
2019-08-01 09:09:03,851 - INFO - Best fit parameters: [1.00000000e-04 3.55704832e-07].
2019-08-01 09:09:03,858 - INFO - Maximum log composite likelihood: -20.5178833402.
2019-08-01 09:09:03,859 - INFO - Optimal value of theta: 60.80305463.
2019-08-01 09:09:03,859 - INFO - Beginning optimization with guess, [0.49846739 0.18277415].
2019-08-01 09:09:04,993 - INFO - Finished optimization with guess, [0.49846739 0.18277415].
2019-08-01 09:09:04,994 - INFO - Best fit parameters: [0.78177227 1.53607995].
2019-08-01 09:09:05,009 - INFO - Maximum log composite likelihood: -20.5101178995.
2019-08-01 09:09:05,009 - INFO - Optimal value of theta: 74.7829859835.
2019-08-01 09:09:05,010 - INFO - Beginning optimization with guess, [0.29409152 0.11537194].
2019-08-01 09:09:06,069 - INFO - Finished optimization with guess, [0.29409152 0.11537194].
2019-08-01 09:09:06,072 - INFO - Best fit parameters: [0.79476825 1.49662985].
2019-08-01 09:09:06,086 - INFO - Maximum log composite likelihood: -20.5101184803.
2019-08-01 09:09:06,087 - INFO - Optimal value of theta: 73.5518027935.
2019-08-01 09:09:06,087 - INFO - Beginning optimization with guess, [0.44275123 0.08802314].
2019-08-01 09:09:06,814 - INFO - Finished optimization with guess, [0.44275123 0.08802314].
2019-08-01 09:09:06,814 - INFO - Best fit parameters: [6.56735498e-03 2.37740299e-05].
2019-08-01 09:09:06,821 - INFO - Maximum log composite likelihood: -20.5178977307.
2019-08-01 09:09:06,821 - INFO - Optimal value of theta: 60.8085251102.
2019-08-01 09:09:06,822 - INFO - Beginning optimization with guess, [0.44406987 0.05620865].
2019-08-01 09:09:07,549 - INFO - Finished optimization with guess, [0.44406987 0.05620865].
2019-08-01 09:09:07,549 - INFO - Best fit parameters: [1.00000000e-04 3.57243277e-07].
2019-08-01 09:09:07,556 - INFO - Maximum log composite likelihood: -20.5178830969.
2019-08-01 09:09:07,556 - INFO - Optimal value of theta: 60.805213598.
2019-08-01 09:09:07,557 - INFO - Beginning optimization with guess, [0.26381999 0.06688655].
2019-08-01 09:09:08,284 - INFO - Finished optimization with guess, [0.26381999 0.06688655].
2019-08-01 09:09:08,284 - INFO - Best fit parameters: [1.92249860e-03 6.62876806e-06].
2019-08-01 09:09:08,291 - INFO - Maximum log composite likelihood: -20.5179059812.
2019-08-01 09:09:08,292 - INFO - Optimal value of theta: 60.7868385378.
2019-08-01 09:09:08,292 - INFO - Beginning optimization with guess, [0.58943012 0.13235404].
2019-08-01 09:09:09,409 - INFO - Finished optimization with guess, [0.58943012 0.13235404].
2019-08-01 09:09:09,410 - INFO - Best fit parameters: [0.76462003 1.57532007].
2019-08-01 09:09:09,425 - INFO - Maximum log composite likelihood: -20.5101170239.
2019-08-01 09:09:09,425 - INFO - Optimal value of theta: 76.454411666.
2019-08-01 09:09:09,426 - INFO - Beginning optimization with guess, [0.42598113 0.11262056].
2019-08-01 09:09:09,581 - INFO - Finished optimization with guess, [0.42598113 0.11262056].
2019-08-01 09:09:09,582 - INFO - Best fit parameters: [0.9413046  0.07638305].
2019-08-01 09:09:09,589 - INFO - Maximum log composite likelihood: -20.5252707459.
2019-08-01 09:09:09,590 - INFO - Optimal value of theta: 60.8375309055.
2019-08-01 09:09:09,590 - INFO - Beginning optimization with guess, [0.37877892 0.05952297].
2019-08-01 09:09:10,335 - INFO - Finished optimization with guess, [0.37877892 0.05952297].
2019-08-01 09:09:10,335 - INFO - Best fit parameters: [8.17461936e-03 2.89905650e-05].
2019-08-01 09:09:10,342 - INFO - Maximum log composite likelihood: -20.5179034867.
2019-08-01 09:09:10,342 - INFO - Optimal value of theta: 60.7974437091.
2019-08-01 09:09:10,343 - INFO - Beginning optimization with guess, [0.38021542 0.11282108].
2019-08-01 09:09:11,442 - INFO - Finished optimization with guess, [0.38021542 0.11282108].
2019-08-01 09:09:11,443 - INFO - Best fit parameters: [0.80436274 1.47415569].
2019-08-01 09:09:11,457 - INFO - Maximum log composite likelihood: -20.510121098.
2019-08-01 09:09:11,457 - INFO - Optimal value of theta: 72.6955920583.
2019-08-01 09:09:11,458 - INFO - Beginning optimization with guess, [0.37976219 0.09203139].
2019-08-01 09:09:12,185 - INFO - Finished optimization with guess, [0.37976219 0.09203139].
2019-08-01 09:09:12,185 - INFO - Best fit parameters: [2.33735971e-03 8.25644510e-06].
2019-08-01 09:09:12,192 - INFO - Maximum log composite likelihood: -20.5178903415.
2019-08-01 09:09:12,193 - INFO - Optimal value of theta: 60.7984557176.
2019-08-01 09:09:12,193 - INFO - Beginning optimization with guess, [0.66321811 0.10664543].
2019-08-01 09:09:13,362 - INFO - Finished optimization with guess, [0.66321811 0.10664543].
2019-08-01 09:09:13,362 - INFO - Best fit parameters: [0.76961979 1.56400047].
2019-08-01 09:09:13,378 - INFO - Maximum log composite likelihood: -20.5101171782.
2019-08-01 09:09:13,378 - INFO - Optimal value of theta: 75.957617822.
2019-08-01 09:09:13,378 - INFO - Beginning optimization with guess, [0.53461072 0.13290563].
2019-08-01 09:09:14,564 - INFO - Finished optimization with guess, [0.53461072 0.13290563].
2019-08-01 09:09:14,564 - INFO - Best fit parameters: [0.78417636 1.52893801].
2019-08-01 09:09:14,579 - INFO - Maximum log composite likelihood: -20.5101179059.
2019-08-01 09:09:14,579 - INFO - Optimal value of theta: 74.551558824.
2019-08-01 09:09:14,579 - INFO - Beginning optimization with guess, [0.32170291 0.06432784].
2019-08-01 09:09:15,302 - INFO - Finished optimization with guess, [0.32170291 0.06432784].
2019-08-01 09:09:15,303 - INFO - Best fit parameters: [2.14011709e-03 7.62434768e-06].
2019-08-01 09:09:15,310 - INFO - Maximum log composite likelihood: -20.5178877403.
2019-08-01 09:09:15,310 - INFO - Optimal value of theta: 60.8027863412.
2019-08-01 09:09:15,310 - INFO - Beginning optimization with guess, [0.40904959 0.05027514].
2019-08-01 09:09:16,033 - INFO - Finished optimization with guess, [0.40904959 0.05027514].
2019-08-01 09:09:16,033 - INFO - Best fit parameters: [1.52965925e-03 5.31538791e-06].
2019-08-01 09:09:16,040 - INFO - Maximum log composite likelihood: -20.517897787.
2019-08-01 09:09:16,041 - INFO - Optimal value of theta: 60.7908045557.
2019-08-01 09:09:16,041 - INFO - Beginning optimization with guess, [0.46905668 0.05247118].
2019-08-01 09:09:16,766 - INFO - Finished optimization with guess, [0.46905668 0.05247118].
2019-08-01 09:09:16,766 - INFO - Best fit parameters: [6.17882587e-04 2.20871900e-06].
2019-08-01 09:09:16,773 - INFO - Maximum log composite likelihood: -20.5178842024.
2019-08-01 09:09:16,774 - INFO - Optimal value of theta: 60.805259642.
2019-08-01 09:09:16,774 - INFO - Beginning optimization with guess, [0.53116832 0.05406956].
2019-08-01 09:09:17,564 - INFO - Finished optimization with guess, [0.53116832 0.05406956].
2019-08-01 09:09:17,567 - INFO - Best fit parameters: [3.42242174e-03 1.19107508e-05].
2019-08-01 09:09:17,574 - INFO - Maximum log composite likelihood: -20.517902029.
2019-08-01 09:09:17,574 - INFO - Optimal value of theta: 60.7906042486.
2019-08-01 09:09:17,574 - INFO - Beginning optimization with guess, [0.30414836 0.09634546].
2019-08-01 09:09:18,307 - INFO - Finished optimization with guess, [0.30414836 0.09634546].
2019-08-01 09:09:18,307 - INFO - Best fit parameters: [4.64647078e-03 1.66399817e-05].
2019-08-01 09:09:18,314 - INFO - Maximum log composite likelihood: -20.5178928611.
2019-08-01 09:09:18,314 - INFO - Optimal value of theta: 60.8041036926.
2019-08-01 09:09:18,315 - INFO - Beginning optimization with guess, [0.25815548 0.06514845].
2019-08-01 09:09:19,044 - INFO - Finished optimization with guess, [0.25815548 0.06514845].
2019-08-01 09:09:19,044 - INFO - Best fit parameters: [1.00000000e-04 3.57000398e-07].
2019-08-01 09:09:19,051 - INFO - Maximum log composite likelihood: -20.5178830999.
2019-08-01 09:09:19,051 - INFO - Optimal value of theta: 60.8048727737.
2019-08-01 09:09:19,052 - INFO - Beginning optimization with guess, [0.64615139 0.05717021].
2019-08-01 09:09:19,789 - INFO - Finished optimization with guess, [0.64615139 0.05717021].
2019-08-01 09:09:19,789 - INFO - Best fit parameters: [6.49255357e-03 2.27210178e-05].
2019-08-01 09:09:19,796 - INFO - Maximum log composite likelihood: -20.5179065827.
2019-08-01 09:09:19,797 - INFO - Optimal value of theta: 60.7917655897.
2019-08-01 09:09:19,797 - INFO - Beginning optimization with guess, [0.3422772  0.11505153].
2019-08-01 09:09:20,879 - INFO - Finished optimization with guess, [0.3422772  0.11505153].
2019-08-01 09:09:20,879 - INFO - Best fit parameters: [0.79112186 1.5090354 ].
2019-08-01 09:09:20,894 - INFO - Maximum log composite likelihood: -20.5101182641.
2019-08-01 09:09:20,894 - INFO - Optimal value of theta: 73.8955504792.
2019-08-01 09:09:20,894 - INFO - Beginning optimization with guess, [0.43284991 0.1474615 ].
2019-08-01 09:09:22,153 - INFO - Finished optimization with guess, [0.43284991 0.1474615 ].
2019-08-01 09:09:22,153 - INFO - Best fit parameters: [0.7637353  1.57607459].
2019-08-01 09:09:22,169 - INFO - Maximum log composite likelihood: -20.5101170081.
2019-08-01 09:09:22,169 - INFO - Optimal value of theta: 76.539380755.
2019-08-01 09:09:22,169 - INFO - Beginning optimization with guess, [0.2614019  0.08655335].
2019-08-01 09:09:22,905 - INFO - Finished optimization with guess, [0.2614019  0.08655335].
2019-08-01 09:09:22,905 - INFO - Best fit parameters: [3.31385446e-03 1.15208143e-05].
2019-08-01 09:09:22,912 - INFO - Maximum log composite likelihood: -20.5179025695.
2019-08-01 09:09:22,913 - INFO - Optimal value of theta: 60.7901474925.
2019-08-01 09:09:22,913 - INFO - Beginning optimization with guess, [0.53655936 0.06631308].
2019-08-01 09:09:23,712 - INFO - Finished optimization with guess, [0.53655936 0.06631308].
2019-08-01 09:09:23,713 - INFO - Best fit parameters: [2.11926886e-03 7.51633471e-06].
2019-08-01 09:09:23,720 - INFO - Maximum log composite likelihood: -20.5178885478.
2019-08-01 09:09:23,720 - INFO - Optimal value of theta: 60.8005672431.
2019-08-01 09:09:23,720 - INFO - Beginning optimization with guess, [0.5402892  0.10878879].
2019-08-01 09:09:24,695 - INFO - Finished optimization with guess, [0.5402892  0.10878879].
2019-08-01 09:09:24,696 - INFO - Best fit parameters: [0.81820082 1.42038721].
2019-08-01 09:09:24,709 - INFO - Maximum log composite likelihood: -20.5101213941.
2019-08-01 09:09:24,710 - INFO - Optimal value of theta: 71.4528543347.
2019-08-01 09:09:24,710 - INFO - Beginning optimization with guess, [0.77145433 0.1188799 ].
2019-08-01 09:09:25,819 - INFO - Finished optimization with guess, [0.77145433 0.1188799 ].
2019-08-01 09:09:25,819 - INFO - Best fit parameters: [0.77023661 1.56356504].
2019-08-01 09:09:25,834 - INFO - Maximum log composite likelihood: -20.5101172694.
2019-08-01 09:09:25,834 - INFO - Optimal value of theta: 75.8997832764.
2019-08-01 09:09:25,835 - INFO - Beginning optimization with guess, [0.86131167 0.06416881].
2019-08-01 09:09:26,174 - INFO - Finished optimization with guess, [0.86131167 0.06416881].
2019-08-01 09:09:26,175 - INFO - Best fit parameters: [0.93503663 0.06370659].
2019-08-01 09:09:26,182 - INFO - Maximum log composite likelihood: -20.5252975134.
2019-08-01 09:09:26,182 - INFO - Optimal value of theta: 60.8157398544.
2019-08-01 09:09:26,182 - INFO - Beginning optimization with guess, [0.54436043 0.15844208].
2019-08-01 09:09:27,298 - INFO - Finished optimization with guess, [0.54436043 0.15844208].
2019-08-01 09:09:27,298 - INFO - Best fit parameters: [0.78791179 1.5166297 ].
2019-08-01 09:09:27,313 - INFO - Maximum log composite likelihood: -20.5101180095.
2019-08-01 09:09:27,313 - INFO - Optimal value of theta: 74.1922253079.
2019-08-01 09:09:27,313 - INFO - Beginning optimization with guess, [0.60282464 0.11332816].
2019-08-01 09:09:28,430 - INFO - Finished optimization with guess, [0.60282464 0.11332816].
2019-08-01 09:09:28,431 - INFO - Best fit parameters: [0.7793233  1.54236875].
2019-08-01 09:09:28,445 - INFO - Maximum log composite likelihood: -20.5101177731.
2019-08-01 09:09:28,446 - INFO - Optimal value of theta: 75.0178029163.
2019-08-01 09:09:28,446 - INFO - Beginning optimization with guess, [0.37984048 0.08999493].
2019-08-01 09:09:29,180 - INFO - Finished optimization with guess, [0.37984048 0.08999493].
2019-08-01 09:09:29,181 - INFO - Best fit parameters: [1.06116597e-02 3.78155479e-05].
2019-08-01 09:09:29,187 - INFO - Maximum log composite likelihood: -20.5179078002.
2019-08-01 09:09:29,188 - INFO - Optimal value of theta: 60.7985853521.
2019-08-01 09:09:29,188 - INFO - Beginning optimization with guess, [0.37671977 0.06368975].
2019-08-01 09:09:29,902 - INFO - Finished optimization with guess, [0.37671977 0.06368975].
2019-08-01 09:09:29,902 - INFO - Best fit parameters: [1.00000000e-04 3.57243502e-07].
2019-08-01 09:09:29,909 - INFO - Maximum log composite likelihood: -20.5178830969.
2019-08-01 09:09:29,909 - INFO - Optimal value of theta: 60.8052139135.
2019-08-01 09:09:29,909 - INFO - Beginning optimization with guess, [0.75808959 0.15746805].
2019-08-01 09:09:31,022 - INFO - Finished optimization with guess, [0.75808959 0.15746805].
2019-08-01 09:09:31,023 - INFO - Best fit parameters: [0.78155281 1.53663985].
2019-08-01 09:09:31,037 - INFO - Maximum log composite likelihood: -20.510117886.
2019-08-01 09:09:31,038 - INFO - Optimal value of theta: 74.8039412028.
2019-08-01 09:09:31,038 - INFO - Beginning optimization with guess, [0.79874087 0.137173  ].
2019-08-01 09:09:32,167 - INFO - Finished optimization with guess, [0.79874087 0.137173  ].
2019-08-01 09:09:32,167 - INFO - Best fit parameters: [0.77812693 1.54464079].
2019-08-01 09:09:32,182 - INFO - Maximum log composite likelihood: -20.5101176029.
2019-08-01 09:09:32,183 - INFO - Optimal value of theta: 75.1308769157.
2019-08-01 09:09:32,183 - INFO - Beginning optimization with guess, [0.77337941 0.11183016].
2019-08-01 09:09:33,394 - INFO - Finished optimization with guess, [0.77337941 0.11183016].
2019-08-01 09:09:33,394 - INFO - Best fit parameters: [0.75298331 1.59795721].
2019-08-01 09:09:33,409 - INFO - Maximum log composite likelihood: -20.510116761.
2019-08-01 09:09:33,410 - INFO - Optimal value of theta: 77.6316700388.
2019-08-01 09:09:33,410 - INFO - Beginning optimization with guess, [0.54968074 0.19869586].
2019-08-01 09:09:34,567 - INFO - Finished optimization with guess, [0.54968074 0.19869586].
2019-08-01 09:09:34,568 - INFO - Best fit parameters: [0.77087679 1.56147459].
2019-08-01 09:09:34,584 - INFO - Maximum log composite likelihood: -20.5101172408.
2019-08-01 09:09:34,584 - INFO - Optimal value of theta: 75.8349777148.
2019-08-01 09:09:34,584 - INFO - Beginning optimization with guess, [0.32546185 0.11614295].
2019-08-01 09:09:35,479 - INFO - Finished optimization with guess, [0.32546185 0.11614295].
2019-08-01 09:09:35,479 - INFO - Best fit parameters: [0.86393094 1.20186846].
2019-08-01 09:09:35,492 - INFO - Maximum log composite likelihood: -20.5101448203.
2019-08-01 09:09:35,492 - INFO - Optimal value of theta: 67.6702813933.
2019-08-01 09:09:35,492 - INFO - Beginning optimization with guess, [0.32611687 0.07069373].
2019-08-01 09:09:36,216 - INFO - Finished optimization with guess, [0.32611687 0.07069373].
2019-08-01 09:09:36,218 - INFO - Best fit parameters: [1.28158154e-02 4.51847220e-05].
2019-08-01 09:09:36,225 - INFO - Maximum log composite likelihood: -20.5179192131.
2019-08-01 09:09:36,225 - INFO - Optimal value of theta: 60.792207265.
2019-08-01 09:09:36,226 - INFO - Beginning optimization with guess, [0.4017527 0.0918619].
2019-08-01 09:09:37,266 - INFO - Finished optimization with guess, [0.4017527 0.0918619].
2019-08-01 09:09:37,266 - INFO - Best fit parameters: [4.87896131e-03 1.72304900e-05].
2019-08-01 09:09:37,273 - INFO - Maximum log composite likelihood: -20.5178968549.
2019-08-01 09:09:37,274 - INFO - Optimal value of theta: 60.7970540519.
2019-08-01 09:09:37,274 - INFO - Beginning optimization with guess, [0.69743623 0.11318272].
2019-08-01 09:09:38,459 - INFO - Finished optimization with guess, [0.69743623 0.11318272].
2019-08-01 09:09:38,459 - INFO - Best fit parameters: [0.75656627 1.59139363].
2019-08-01 09:09:38,474 - INFO - Maximum log composite likelihood: -20.5101168138.
2019-08-01 09:09:38,475 - INFO - Optimal value of theta: 77.265596143.
2019-08-01 09:09:38,475 - INFO - Beginning optimization with guess, [0.80654845 0.05970771].
2019-08-01 09:09:38,605 - INFO - Finished optimization with guess, [0.80654845 0.05970771].
2019-08-01 09:09:38,605 - INFO - Best fit parameters: [0.93188185 0.05861368].
2019-08-01 09:09:38,612 - INFO - Maximum log composite likelihood: -20.5252403032.
2019-08-01 09:09:38,613 - INFO - Optimal value of theta: 60.805980848.
2019-08-01 09:09:38,613 - INFO - Beginning optimization with guess, [0.44149904 0.13201451].
2019-08-01 09:09:39,786 - INFO - Finished optimization with guess, [0.44149904 0.13201451].
2019-08-01 09:09:39,786 - INFO - Best fit parameters: [0.78094172 1.53657631].
2019-08-01 09:09:39,801 - INFO - Maximum log composite likelihood: -20.5101176547.
2019-08-01 09:09:39,802 - INFO - Optimal value of theta: 74.8576408193.
2019-08-01 09:09:39,802 - INFO - Beginning optimization with guess, [0.38498659 0.16964219].
2019-08-01 09:09:40,313 - INFO - Finished optimization with guess, [0.38498659 0.16964219].
2019-08-01 09:09:40,314 - INFO - Best fit parameters: [0.86153492 1.21647685].
2019-08-01 09:09:40,326 - INFO - Maximum log composite likelihood: -20.5101421103.
2019-08-01 09:09:40,326 - INFO - Optimal value of theta: 67.8596564429.
2019-08-01 09:09:40,327 - INFO - Beginning optimization with guess, [0.44354713 0.08806216].
2019-08-01 09:09:41,045 - INFO - Finished optimization with guess, [0.44354713 0.08806216].
2019-08-01 09:09:41,045 - INFO - Best fit parameters: [1.00000000e-04 3.58767487e-07].
2019-08-01 09:09:41,052 - INFO - Maximum log composite likelihood: -20.5178833815.
2019-08-01 09:09:41,053 - INFO - Optimal value of theta: 60.8073523007.
2019-08-01 09:09:41,053 - INFO - Beginning optimization with guess, [0.72598323 0.08729903].
2019-08-01 09:09:42,211 - INFO - Finished optimization with guess, [0.72598323 0.08729903].
2019-08-01 09:09:42,211 - INFO - Best fit parameters: [0.77300638 1.55605868].
2019-08-01 09:09:42,226 - INFO - Maximum log composite likelihood: -20.5101172999.
2019-08-01 09:09:42,226 - INFO - Optimal value of theta: 75.6249838713.
2019-08-01 09:09:42,226 - INFO - Beginning optimization with guess, [0.59663637 0.12512919].
2019-08-01 09:09:42,722 - INFO - Finished optimization with guess, [0.59663637 0.12512919].
2019-08-01 09:09:42,722 - INFO - Best fit parameters: [0.88493388 1.0657226 ].
2019-08-01 09:09:42,734 - INFO - Maximum log composite likelihood: -20.5101897726.
2019-08-01 09:09:42,734 - INFO - Optimal value of theta: 66.0739302344.
2019-08-01 09:09:42,734 - INFO - Beginning optimization with guess, [0.50758053 0.06991541].
2019-08-01 09:09:43,440 - INFO - Finished optimization with guess, [0.50758053 0.06991541].
2019-08-01 09:09:43,440 - INFO - Best fit parameters: [4.57451358e-03 1.61071904e-05].
2019-08-01 09:09:43,447 - INFO - Maximum log composite likelihood: -20.5178974981.
2019-08-01 09:09:43,447 - INFO - Optimal value of theta: 60.7957388408.
2019-08-01 09:09:43,448 - INFO - Beginning optimization with guess, [0.34687444 0.08888386].
2019-08-01 09:09:44,174 - INFO - Finished optimization with guess, [0.34687444 0.08888386].
2019-08-01 09:09:44,174 - INFO - Best fit parameters: [4.86546305e-03 1.69559906e-05].
2019-08-01 09:09:44,181 - INFO - Maximum log composite likelihood: -20.5179051144.
2019-08-01 09:09:44,182 - INFO - Optimal value of theta: 60.7905469293.
2019-08-01 09:09:44,182 - INFO - Beginning optimization with guess, [0.99342555 0.07066512].
2019-08-01 09:09:44,548 - INFO - Finished optimization with guess, [0.99342555 0.07066512].
2019-08-01 09:09:44,548 - INFO - Best fit parameters: [0.94017628 0.07216838].
2019-08-01 09:09:44,555 - INFO - Maximum log composite likelihood: -20.5253048891.
2019-08-01 09:09:44,556 - INFO - Optimal value of theta: 60.8236639085.
2019-08-01 09:09:44,556 - INFO - Beginning optimization with guess, [0.26980678 0.11755999].
2019-08-01 09:09:45,621 - INFO - Finished optimization with guess, [0.26980678 0.11755999].
2019-08-01 09:09:45,622 - INFO - Best fit parameters: [0.78612062 1.52000357].
2019-08-01 09:09:45,636 - INFO - Maximum log composite likelihood: -20.5101180301.
2019-08-01 09:09:45,636 - INFO - Optimal value of theta: 74.356676514.
2019-08-01 09:09:45,637 - INFO - Beginning optimization with guess, [0.45578942 0.05550644].
2019-08-01 09:09:46,337 - INFO - Finished optimization with guess, [0.45578942 0.05550644].
2019-08-01 09:09:46,337 - INFO - Best fit parameters: [1.03495477e-02 3.71240915e-05].
2019-08-01 09:09:46,344 - INFO - Maximum log composite likelihood: -20.5179055379.
2019-08-01 09:09:46,345 - INFO - Optimal value of theta: 60.8019746226.
2019-08-01 09:09:46,345 - INFO - Beginning optimization with guess, [0.75200619 0.16197242].
2019-08-01 09:09:47,471 - INFO - Finished optimization with guess, [0.75200619 0.16197242].
2019-08-01 09:09:47,472 - INFO - Best fit parameters: [0.76758304 1.5686077 ].
2019-08-01 09:09:47,487 - INFO - Maximum log composite likelihood: -20.51011711.
2019-08-01 09:09:47,487 - INFO - Optimal value of theta: 76.1589837107.
2019-08-01 09:09:47,488 - INFO - Beginning optimization with guess, [0.59354609 0.10466944].
2019-08-01 09:09:47,930 - INFO - Finished optimization with guess, [0.59354609 0.10466944].
2019-08-01 09:09:47,930 - INFO - Best fit parameters: [0.94342564 0.08334421].
2019-08-01 09:09:47,938 - INFO - Maximum log composite likelihood: -20.5251679415.
2019-08-01 09:09:47,938 - INFO - Optimal value of theta: 60.8545978643.
2019-08-01 09:09:47,938 - INFO - Beginning optimization with guess, [0.83221828 0.06259216].
2019-08-01 09:09:48,909 - INFO - Finished optimization with guess, [0.83221828 0.06259216].
2019-08-01 09:09:48,909 - INFO - Best fit parameters: [0.93399396 0.06183346].
2019-08-01 09:09:48,916 - INFO - Maximum log composite likelihood: -20.5252836927.
2019-08-01 09:09:48,917 - INFO - Optimal value of theta: 60.8117150588.
2019-08-01 09:09:48,917 - INFO - Beginning optimization with guess, [0.87154212 0.17855204].
2019-08-01 09:09:50,079 - INFO - Finished optimization with guess, [0.87154212 0.17855204].
2019-08-01 09:09:50,079 - INFO - Best fit parameters: [0.7662335  1.57059931].
2019-08-01 09:09:50,094 - INFO - Maximum log composite likelihood: -20.5101170794.
2019-08-01 09:09:50,095 - INFO - Optimal value of theta: 76.2899521613.
2019-08-01 09:09:50,095 - INFO - Beginning optimization with guess, [0.42638647 0.0685737 ].
2019-08-01 09:09:50,808 - INFO - Finished optimization with guess, [0.42638647 0.0685737 ].
2019-08-01 09:09:50,808 - INFO - Best fit parameters: [1.21461390e-02 4.32705836e-05].
2019-08-01 09:09:50,815 - INFO - Maximum log composite likelihood: -20.5179117771.
2019-08-01 09:09:50,816 - INFO - Optimal value of theta: 60.797648329.
2019-08-01 09:09:50,816 - INFO - Beginning optimization with guess, [0.25368822 0.16683865].
2019-08-01 09:09:51,915 - INFO - Finished optimization with guess, [0.25368822 0.16683865].
2019-08-01 09:09:51,915 - INFO - Best fit parameters: [0.78548195 1.52719006].
2019-08-01 09:09:51,930 - INFO - Maximum log composite likelihood: -20.5101183188.
2019-08-01 09:09:51,930 - INFO - Optimal value of theta: 74.4327867663.
2019-08-01 09:09:51,930 - INFO - Beginning optimization with guess, [0.64246386 0.14222878].
2019-08-01 09:09:53,104 - INFO - Finished optimization with guess, [0.64246386 0.14222878].
2019-08-01 09:09:53,105 - INFO - Best fit parameters: [0.7737468  1.55454273].
2019-08-01 09:09:53,120 - INFO - Maximum log composite likelihood: -20.5101173401.
2019-08-01 09:09:53,120 - INFO - Optimal value of theta: 75.553413954.
2019-08-01 09:09:53,120 - INFO - Beginning optimization with guess, [0.37518284 0.08527796].
2019-08-01 09:09:54,142 - INFO - Finished optimization with guess, [0.37518284 0.08527796].
2019-08-01 09:09:54,142 - INFO - Best fit parameters: [2.59234698e-03 9.22986758e-06].
2019-08-01 09:09:54,149 - INFO - Maximum log composite likelihood: -20.5178888548.
2019-08-01 09:09:54,150 - INFO - Optimal value of theta: 60.8022529506.
2019-08-01 09:09:54,150 - INFO - Beginning optimization with guess, [0.32149641 0.06568641].
2019-08-01 09:09:54,908 - INFO - Finished optimization with guess, [0.32149641 0.06568641].
2019-08-01 09:09:54,908 - INFO - Best fit parameters: [2.36176555e-02 8.49375625e-05].
2019-08-01 09:09:54,915 - INFO - Maximum log composite likelihood: -20.5179375325.
2019-08-01 09:09:54,915 - INFO - Optimal value of theta: 60.7964106519.
2019-08-01 09:09:54,916 - INFO - Beginning optimization with guess, [0.77085775 0.09436401].
2019-08-01 09:09:56,088 - INFO - Finished optimization with guess, [0.77085775 0.09436401].
2019-08-01 09:09:56,088 - INFO - Best fit parameters: [0.76294078 1.57962354].
2019-08-01 09:09:56,103 - INFO - Maximum log composite likelihood: -20.510117017.
2019-08-01 09:09:56,104 - INFO - Optimal value of theta: 76.6246714618.
2019-08-01 09:09:56,104 - INFO - Beginning optimization with guess, [0.66299184 0.08775608].
2019-08-01 09:09:57,317 - INFO - Finished optimization with guess, [0.66299184 0.08775608].
2019-08-01 09:09:57,318 - INFO - Best fit parameters: [0.79282935 1.50530981].
2019-08-01 09:09:57,332 - INFO - Maximum log composite likelihood: -20.5101185444.
2019-08-01 09:09:57,333 - INFO - Optimal value of theta: 73.7399353326.
2019-08-01 09:09:57,333 - INFO - Beginning optimization with guess, [0.38060058 0.08494111].
2019-08-01 09:09:58,077 - INFO - Finished optimization with guess, [0.38060058 0.08494111].
2019-08-01 09:09:58,077 - INFO - Best fit parameters: [1.44612100e-03 5.11916712e-06].
2019-08-01 09:09:58,085 - INFO - Maximum log composite likelihood: -20.5178874537.
2019-08-01 09:09:58,085 - INFO - Optimal value of theta: 60.799966681.
2019-08-01 09:09:58,085 - INFO - Beginning optimization with guess, [0.27185571 0.06393948].
2019-08-01 09:09:58,830 - INFO - Finished optimization with guess, [0.27185571 0.06393948].
2019-08-01 09:09:58,830 - INFO - Best fit parameters: [2.75868061e-03 9.43915597e-06].
2019-08-01 09:09:58,837 - INFO - Maximum log composite likelihood: -20.5179172414.
2019-08-01 09:09:58,838 - INFO - Optimal value of theta: 60.7827280332.
2019-08-01 09:09:58,838 - INFO - Beginning optimization with guess, [0.3136559  0.08050108].
2019-08-01 09:09:59,586 - INFO - Finished optimization with guess, [0.3136559  0.08050108].
2019-08-01 09:09:59,587 - INFO - Best fit parameters: [2.20776753e-03 7.89539243e-06].
2019-08-01 09:09:59,594 - INFO - Maximum log composite likelihood: -20.5178876049.
2019-08-01 09:09:59,594 - INFO - Optimal value of theta: 60.8046566129.
2019-08-01 09:09:59,595 - INFO - Beginning optimization with guess, [0.33979987 0.05337072].
2019-08-01 09:10:00,337 - INFO - Finished optimization with guess, [0.33979987 0.05337072].
2019-08-01 09:10:00,337 - INFO - Best fit parameters: [1.00000000e-04 3.56954859e-07].
2019-08-01 09:10:00,344 - INFO - Maximum log composite likelihood: -20.5178831019.
2019-08-01 09:10:00,345 - INFO - Optimal value of theta: 60.8048088703.
2019-08-01 09:10:00,345 - INFO - Beginning optimization with guess, [0.73816491 0.10004051].
2019-08-01 09:10:01,441 - INFO - Finished optimization with guess, [0.73816491 0.10004051].
2019-08-01 09:10:01,441 - INFO - Best fit parameters: [0.79958485 1.48927772].
2019-08-01 09:10:01,456 - INFO - Maximum log composite likelihood: -20.5101205397.
2019-08-01 09:10:01,456 - INFO - Optimal value of theta: 73.1293661795.
2019-08-01 09:10:01,456 - INFO - Beginning optimization with guess, [0.57774037 0.18670597].
2019-08-01 09:10:02,708 - INFO - Finished optimization with guess, [0.57774037 0.18670597].
2019-08-01 09:10:02,708 - INFO - Best fit parameters: [0.77569321 1.549695  ].
2019-08-01 09:10:02,724 - INFO - Maximum log composite likelihood: -20.510117412.
2019-08-01 09:10:02,724 - INFO - Optimal value of theta: 75.3635645968.
2019-08-01 09:10:02,724 - INFO - Beginning optimization with guess, [0.91578496 0.0811283 ].
2019-08-01 09:10:02,838 - INFO - Finished optimization with guess, [0.91578496 0.0811283 ].
2019-08-01 09:10:02,838 - INFO - Best fit parameters: [0.94282588 0.0810483 ].
2019-08-01 09:10:02,845 - INFO - Maximum log composite likelihood: -20.5252088617.
2019-08-01 09:10:02,846 - INFO - Optimal value of theta: 60.8484264367.
2019-08-01 09:10:02,846 - INFO - Beginning optimization with guess, [0.58900058 0.1107816 ].
2019-08-01 09:10:03,855 - INFO - Finished optimization with guess, [0.58900058 0.1107816 ].
2019-08-01 09:10:03,855 - INFO - Best fit parameters: [0.82312964 1.40369547].
2019-08-01 09:10:03,869 - INFO - Maximum log composite likelihood: -20.5101228411.
2019-08-01 09:10:03,869 - INFO - Optimal value of theta: 71.0312003547.
2019-08-01 09:10:03,869 - INFO - Beginning optimization with guess, [0.59268496 0.08830037].
2019-08-01 09:10:04,244 - INFO - Finished optimization with guess, [0.59268496 0.08830037].
2019-08-01 09:10:04,244 - INFO - Best fit parameters: [0.93786444 0.06908458].
2019-08-01 09:10:04,252 - INFO - Maximum log composite likelihood: -20.5253160203.
2019-08-01 09:10:04,252 - INFO - Optimal value of theta: 60.8260724929.
2019-08-01 09:10:04,253 - INFO - Beginning optimization with guess, [0.55918407 0.06949541].
2019-08-01 09:10:05,025 - INFO - Finished optimization with guess, [0.55918407 0.06949541].
2019-08-01 09:10:05,025 - INFO - Best fit parameters: [1.31382754e-02 4.71229013e-05].
2019-08-01 09:10:05,032 - INFO - Maximum log composite likelihood: -20.5179121184.
2019-08-01 09:10:05,033 - INFO - Optimal value of theta: 60.800489743.
2019-08-01 09:10:05,033 - INFO - Beginning optimization with guess, [0.5733084  0.14755934].
2019-08-01 09:10:06,208 - INFO - Finished optimization with guess, [0.5733084  0.14755934].
2019-08-01 09:10:06,209 - INFO - Best fit parameters: [0.76984886 1.56463431].
2019-08-01 09:10:06,224 - INFO - Maximum log composite likelihood: -20.5101172753.
2019-08-01 09:10:06,224 - INFO - Optimal value of theta: 75.9385099878.
2019-08-01 09:10:06,224 - INFO - Beginning optimization with guess, [0.57933117 0.11199622].
2019-08-01 09:10:07,246 - INFO - Finished optimization with guess, [0.57933117 0.11199622].
2019-08-01 09:10:07,247 - INFO - Best fit parameters: [0.80322733 1.4706016 ].
2019-08-01 09:10:07,261 - INFO - Maximum log composite likelihood: -20.5101192203.
2019-08-01 09:10:07,261 - INFO - Optimal value of theta: 72.7784017456.
2019-08-01 09:10:07,261 - INFO - Beginning optimization with guess, [0.37132656 0.05502135].
2019-08-01 09:10:07,984 - INFO - Finished optimization with guess, [0.37132656 0.05502135].
2019-08-01 09:10:07,984 - INFO - Best fit parameters: [2.13355790e-04 7.61276607e-07].
2019-08-01 09:10:07,992 - INFO - Maximum log composite likelihood: -20.5178833564.
2019-08-01 09:10:07,992 - INFO - Optimal value of theta: 60.8045486166.
2019-08-01 09:10:07,992 - INFO - Beginning optimization with guess, [0.69180793 0.10043541].
2019-08-01 09:10:09,219 - INFO - Finished optimization with guess, [0.69180793 0.10043541].
2019-08-01 09:10:09,220 - INFO - Best fit parameters: [0.75533294 1.59445299].
2019-08-01 09:10:09,235 - INFO - Maximum log composite likelihood: -20.510116783.
2019-08-01 09:10:09,236 - INFO - Optimal value of theta: 77.3936116442.
2019-08-01 09:10:09,236 - INFO - Beginning optimization with guess, [0.42426078 0.19906159].
2019-08-01 09:10:10,419 - INFO - Finished optimization with guess, [0.42426078 0.19906159].
2019-08-01 09:10:10,419 - INFO - Best fit parameters: [0.75299914 1.5990593 ].
2019-08-01 09:10:10,435 - INFO - Maximum log composite likelihood: -20.5101167345.
2019-08-01 09:10:10,435 - INFO - Optimal value of theta: 77.6335901189.
2019-08-01 09:10:10,435 - INFO - Beginning optimization with guess, [0.76960529 0.18261252].
2019-08-01 09:10:11,635 - INFO - Finished optimization with guess, [0.76960529 0.18261252].
2019-08-01 09:10:11,636 - INFO - Best fit parameters: [0.77004085 1.56268571].
2019-08-01 09:10:11,651 - INFO - Maximum log composite likelihood: -20.5101171856.
2019-08-01 09:10:11,652 - INFO - Optimal value of theta: 75.9150765251.
2019-08-01 09:10:11,652 - INFO - Beginning optimization with guess, [0.71405353 0.18244456].
2019-08-01 09:10:12,413 - INFO - Finished optimization with guess, [0.71405353 0.18244456].
2019-08-01 09:10:12,414 - INFO - Best fit parameters: [0.8228854  1.41069379].
2019-08-01 09:10:12,427 - INFO - Maximum log composite likelihood: -20.510125721.
2019-08-01 09:10:12,428 - INFO - Optimal value of theta: 71.0679923773.
2019-08-01 09:10:12,428 - INFO - Beginning optimization with guess, [0.58602095 0.17434089].
2019-08-01 09:10:13,570 - INFO - Finished optimization with guess, [0.58602095 0.17434089].
2019-08-01 09:10:13,570 - INFO - Best fit parameters: [0.77662901 1.54672621].
2019-08-01 09:10:13,585 - INFO - Maximum log composite likelihood: -20.510117435.
2019-08-01 09:10:13,586 - INFO - Optimal value of theta: 75.2708453928.
2019-08-01 09:10:13,586 - INFO - Beginning optimization with guess, [0.47493774 0.07125202].
2019-08-01 09:10:14,314 - INFO - Finished optimization with guess, [0.47493774 0.07125202].
2019-08-01 09:10:14,314 - INFO - Best fit parameters: [0.05019073 0.00020345].
2019-08-01 09:10:14,321 - INFO - Maximum log composite likelihood: -20.5180572652.
2019-08-01 09:10:14,322 - INFO - Optimal value of theta: 60.8436151078.
2019-08-01 09:10:14,322 - INFO - Beginning optimization with guess, [0.42226442 0.06987824].
2019-08-01 09:10:15,342 - INFO - Finished optimization with guess, [0.42226442 0.06987824].
2019-08-01 09:10:15,343 - INFO - Best fit parameters: [5.45038006e-03 1.93418167e-05].
2019-08-01 09:10:15,350 - INFO - Maximum log composite likelihood: -20.5178964296.
2019-08-01 09:10:15,350 - INFO - Optimal value of theta: 60.799153806.
2019-08-01 09:10:15,351 - INFO - Beginning optimization with guess, [0.90834441 0.07470826].
2019-08-01 09:10:15,506 - INFO - Finished optimization with guess, [0.90834441 0.07470826].
2019-08-01 09:10:15,506 - INFO - Best fit parameters: [0.94059614 0.07459097].
2019-08-01 09:10:15,514 - INFO - Maximum log composite likelihood: -20.5252873053.
2019-08-01 09:10:15,514 - INFO - Optimal value of theta: 60.8340003362.
2019-08-01 09:10:15,515 - INFO - Beginning optimization with guess, [0.59134384 0.07068306].
2019-08-01 09:10:16,308 - INFO - Finished optimization with guess, [0.59134384 0.07068306].
2019-08-01 09:10:16,309 - INFO - Best fit parameters: [4.20015967e-03 1.48646617e-05].
2019-08-01 09:10:16,316 - INFO - Maximum log composite likelihood: -20.5178942796.
2019-08-01 09:10:16,316 - INFO - Optimal value of theta: 60.7984445125.
2019-08-01 09:10:16,316 - INFO - Beginning optimization with guess, [0.86474162 0.0909558 ].
2019-08-01 09:10:17,564 - INFO - Finished optimization with guess, [0.86474162 0.0909558 ].
2019-08-01 09:10:17,564 - INFO - Best fit parameters: [0.80018644 1.48533734].
2019-08-01 09:10:17,579 - INFO - Maximum log composite likelihood: -20.5101197557.
2019-08-01 09:10:17,579 - INFO - Optimal value of theta: 73.0687349382.
2019-08-01 09:10:17,579 - INFO - Beginning optimization with guess, [0.47828199 0.13577996].
2019-08-01 09:10:18,729 - INFO - Finished optimization with guess, [0.47828199 0.13577996].
2019-08-01 09:10:18,729 - INFO - Best fit parameters: [0.77907973 1.54010399].
2019-08-01 09:10:18,744 - INFO - Maximum log composite likelihood: -20.5101175491.
2019-08-01 09:10:18,744 - INFO - Optimal value of theta: 75.0328034234.
2019-08-01 09:10:18,744 - INFO - Beginning optimization with guess, [0.41281436 0.19791216].
2019-08-01 09:10:19,907 - INFO - Finished optimization with guess, [0.41281436 0.19791216].
2019-08-01 09:10:19,907 - INFO - Best fit parameters: [0.75842249 1.58774461].
2019-08-01 09:10:19,923 - INFO - Maximum log composite likelihood: -20.510116854.
2019-08-01 09:10:19,923 - INFO - Optimal value of theta: 77.0768799503.
2019-08-01 09:10:19,923 - INFO - Beginning optimization with guess, [0.25266854 0.07727236].
2019-08-01 09:10:20,648 - INFO - Finished optimization with guess, [0.25266854 0.07727236].
2019-08-01 09:10:20,648 - INFO - Best fit parameters: [5.23244053e-03 1.86013878e-05].
2019-08-01 09:10:20,655 - INFO - Maximum log composite likelihood: -20.5178953724.
2019-08-01 09:10:20,656 - INFO - Optimal value of theta: 60.8001449058.
2019-08-01 09:10:20,656 - INFO - Beginning optimization with guess, [0.62802015 0.11167574].
2019-08-01 09:10:21,827 - INFO - Finished optimization with guess, [0.62802015 0.11167574].
2019-08-01 09:10:21,827 - INFO - Best fit parameters: [0.77804273 1.54584688].
2019-08-01 09:10:21,842 - INFO - Maximum log composite likelihood: -20.5101177578.
2019-08-01 09:10:21,842 - INFO - Optimal value of theta: 75.1419186351.
2019-08-01 09:10:21,843 - INFO - Beginning optimization with guess, [0.56770164 0.0854506 ].
2019-08-01 09:10:22,039 - INFO - Finished optimization with guess, [0.56770164 0.0854506 ].
2019-08-01 09:10:22,040 - INFO - Best fit parameters: [0.93655252 0.06570222].
2019-08-01 09:10:22,047 - INFO - Maximum log composite likelihood: -20.5253110076.
2019-08-01 09:10:22,048 - INFO - Optimal value of theta: 60.816013436.
2019-08-01 09:10:22,048 - INFO - Beginning optimization with guess, [0.74550354 0.07518971].
2019-08-01 09:10:23,090 - INFO - Finished optimization with guess, [0.74550354 0.07518971].
2019-08-01 09:10:23,091 - INFO - Best fit parameters: [0.79579604 1.49591763].
2019-08-01 09:10:23,105 - INFO - Maximum log composite likelihood: -20.5101186802.
2019-08-01 09:10:23,106 - INFO - Optimal value of theta: 73.4635018861.
2019-08-01 09:10:23,107 - INFO - Finished demographic inference.
2019-08-01 09:10:23,107 - INFO - Beginning DFE inference.
2019-08-01 09:10:55,507 - INFO - Beginning optimization with guess, [ 0.17609009 98.12471099].
2019-08-01 09:10:58,477 - INFO - Finished optomization, results are [-23.19083482952056 array([1.27891274e-01, 5.24400681e+03])].
2019-08-01 09:10:58,478 - INFO - Beginning optimization with guess, [9.25051483e-02 1.12797829e+02].
2019-08-01 09:11:00,737 - INFO - Finished optomization, results are [-23.183912546282677 array([1.28341834e-01, 5.29862894e+03])].
2019-08-01 09:11:00,738 - INFO - Beginning optimization with guess, [1.41975573e-01 1.83292528e+02].
2019-08-01 09:11:05,969 - INFO - Finished optomization, results are [-23.186517940550978 array([1.26525982e-01, 5.59790657e+03])].
2019-08-01 09:11:05,970 - INFO - Beginning optimization with guess, [5.58865267e-02 3.24528375e+02].
2019-08-01 09:11:13,167 - INFO - Finished optomization, results are [-23.185131500817683 array([1.26678398e-01, 5.58863187e+03])].
2019-08-01 09:11:13,168 - INFO - Beginning optimization with guess, [7.63734193e-02 2.32740364e+02].
2019-08-01 09:11:15,131 - INFO - Finished optomization, results are [-23.19214637827208 array([1.28441561e-01, 5.11866567e+03])].
2019-08-01 09:11:15,131 - INFO - Beginning optimization with guess, [5.52252916e-02 9.96256746e+01].
2019-08-01 09:11:22,019 - INFO - Finished optomization, results are [-23.186567455172373 array([1.26511946e-01, 5.60017004e+03])].
2019-08-01 09:11:22,030 - INFO - Beginning optimization with guess, [1.70307536e-01 1.94862980e+02].
2019-08-01 09:11:25,014 - INFO - Finished optomization, results are [-23.181031590722405 array([1.27809478e-01, 5.45549269e+03])].
2019-08-01 09:11:25,014 - INFO - Beginning optimization with guess, [1.51527186e-01 1.71347548e+02].
2019-08-01 09:11:27,934 - INFO - Finished optomization, results are [-23.187306435584162 array([1.26473389e-01, 5.59650200e+03])].
2019-08-01 09:11:27,935 - INFO - Beginning optimization with guess, [6.55108680e-02 2.69677632e+02].
2019-08-01 09:11:30,330 - INFO - Finished optomization, results are [-23.192919210529812 array([1.28633756e-01, 5.07099105e+03])].
2019-08-01 09:11:30,331 - INFO - Beginning optimization with guess, [1.21688551e-01 1.22557369e+02].
2019-08-01 09:11:33,522 - INFO - Finished optomization, results are [-23.212243112330583 array([1.25453185e-01, 5.52386526e+03])].
2019-08-01 09:11:33,523 - INFO - Beginning optimization with guess, [  0.1383551 104.7908005].
2019-08-01 09:11:36,542 - INFO - Finished optomization, results are [-23.18215395246407 array([1.28901776e-01, 5.27467075e+03])].
2019-08-01 09:11:36,543 - INFO - Beginning optimization with guess, [5.13079076e-02 2.01418299e+02].
2019-08-01 09:11:40,090 - INFO - Finished optomization, results are [-23.188173196213356 array([1.28088707e-01, 5.25306633e+03])].
2019-08-01 09:11:40,091 - INFO - Beginning optimization with guess, [1.64916373e-01 2.08451806e+02].
2019-08-01 09:11:42,695 - INFO - Finished optomization, results are [-23.1846913651183 array([1.27960564e-01, 5.34503422e+03])].
2019-08-01 09:11:42,696 - INFO - Beginning optimization with guess, [7.66677481e-02 1.77033107e+02].
2019-08-01 09:11:45,434 - INFO - Finished optomization, results are [-23.180974601596525 array([1.27295121e-01, 5.54692776e+03])].
2019-08-01 09:11:45,434 - INFO - Beginning optimization with guess, [1.16667349e-01 1.71254464e+02].
2019-08-01 09:11:47,632 - INFO - Finished optomization, results are [-23.185181996397993 array([1.28575386e-01, 5.23185228e+03])].
2019-08-01 09:11:47,632 - INFO - Beginning optimization with guess, [  0.17120115 165.14512911].
2019-08-01 09:11:49,704 - INFO - Finished optomization, results are [-23.18649760287878 array([1.28113692e-01, 5.28073038e+03])].
2019-08-01 09:11:49,704 - INFO - Beginning optimization with guess, [1.71893456e-01 3.23839921e+02].
2019-08-01 09:11:51,707 - INFO - Finished optomization, results are [-23.1912970322161 array([1.28669507e-01, 5.09239380e+03])].
2019-08-01 09:11:51,707 - INFO - Beginning optimization with guess, [8.14852008e-02 2.29354939e+02].
2019-08-01 09:11:53,623 - INFO - Finished optomization, results are [-23.182383550447803 array([1.28298717e-01, 5.34385015e+03])].
2019-08-01 09:11:53,624 - INFO - Beginning optimization with guess, [  0.13187998 105.76838201].
2019-08-01 09:11:56,143 - INFO - Finished optomization, results are [-23.18119039334323 array([1.29241866e-01, 5.30519792e+03])].
2019-08-01 09:11:56,144 - INFO - Beginning optimization with guess, [4.83210588e-02 2.32259829e+02].
2019-08-01 09:12:01,277 - INFO - Finished optomization, results are [-23.181865012059166 array([1.26915107e-01, 5.60130975e+03])].
2019-08-01 09:12:01,277 - INFO - Beginning optimization with guess, [6.22632235e-02 2.46106979e+02].
2019-08-01 09:12:04,132 - INFO - Finished optomization, results are [-23.196970547161015 array([1.28095326e-01, 5.11101526e+03])].
2019-08-01 09:12:04,132 - INFO - Beginning optimization with guess, [9.17676671e-02 2.14299005e+02].
2019-08-01 09:12:08,827 - INFO - Finished optomization, results are [-23.182034175940316 array([1.26929830e-01, 5.59489636e+03])].
2019-08-01 09:12:08,829 - INFO - Beginning optimization with guess, [8.77232168e-02 1.87242481e+02].
2019-08-01 09:12:11,297 - INFO - Finished optomization, results are [-23.181226959289756 array([1.27416663e-01, 5.51886486e+03])].
2019-08-01 09:12:11,297 - INFO - Beginning optimization with guess, [1.26224526e-01 2.79815117e+02].
2019-08-01 09:12:13,089 - INFO - Finished optomization, results are [-23.18557315494352 array([1.27436000e-01, 5.42523786e+03])].
2019-08-01 09:12:13,089 - INFO - Beginning optimization with guess, [6.48601362e-02 2.20468188e+02].
2019-08-01 09:12:16,192 - INFO - Finished optomization, results are [-23.18419231817707 array([1.27975672e-01, 5.35311479e+03])].
2019-08-01 09:12:16,193 - INFO - Beginning optimization with guess, [8.84932063e-02 1.40085725e+02].
2019-08-01 09:12:18,095 - INFO - Finished optomization, results are [-23.18852221692525 array([1.28344898e-01, 5.20033547e+03])].
2019-08-01 09:12:18,095 - INFO - Beginning optimization with guess, [5.4060268e-02 3.5894350e+02].
2019-08-01 09:12:22,696 - INFO - Finished optomization, results are [-23.18411971389488 array([1.27444056e-01, 5.45190191e+03])].
2019-08-01 09:12:22,697 - INFO - Beginning optimization with guess, [ 0.11091742 93.89955624].
2019-08-01 09:12:24,636 - INFO - Finished optomization, results are [-23.19597210262735 array([1.27673776e-01, 5.20951908e+03])].
2019-08-01 09:12:24,636 - INFO - Beginning optimization with guess, [9.89836062e-02 2.47426174e+02].
2019-08-01 09:12:30,243 - INFO - Finished optomization, results are [-23.18429170848902 array([1.27189241e-01, 5.49831412e+03])].
2019-08-01 09:12:30,244 - INFO - Beginning optimization with guess, [9.34445583e-02 3.37224481e+02].
2019-08-01 09:12:32,530 - INFO - Finished optomization, results are [-23.19246812182997 array([1.27829539e-01, 5.22995690e+03])].
2019-08-01 09:12:32,530 - INFO - Beginning optimization with guess, [1.78854159e-01 2.04348344e+02].
2019-08-01 09:12:35,197 - INFO - Finished optomization, results are [-23.18936873872991 array([1.28340086e-01, 5.18546719e+03])].
2019-08-01 09:12:35,197 - INFO - Beginning optimization with guess, [8.46802251e-02 2.05300918e+02].
2019-08-01 09:12:39,821 - INFO - Finished optomization, results are [-23.179127906694937 array([1.27221043e-01, 5.60421493e+03])].
2019-08-01 09:12:39,821 - INFO - Beginning optimization with guess, [1.25946606e-01 1.67224539e+02].
2019-08-01 09:12:42,332 - INFO - Finished optomization, results are [-23.185845847367755 array([1.27449187e-01, 5.41754293e+03])].
2019-08-01 09:12:42,333 - INFO - Beginning optimization with guess, [  0.14492379 123.2985833 ].
2019-08-01 09:12:44,321 - INFO - Finished optomization, results are [-23.199205307146855 array([1.27396064e-01, 5.22379530e+03])].
2019-08-01 09:12:44,322 - INFO - Beginning optimization with guess, [7.58427326e-02 2.95983979e+02].
2019-08-01 09:12:46,730 - INFO - Finished optomization, results are [-23.21253205503059 array([1.26983732e-01, 5.16075578e+03])].
2019-08-01 09:12:46,730 - INFO - Beginning optimization with guess, [1.43186326e-01 1.79487759e+02].
2019-08-01 09:12:49,816 - INFO - Finished optomization, results are [-23.19099560661283 array([1.27431248e-01, 5.33307262e+03])].
2019-08-01 09:12:49,817 - INFO - Beginning optimization with guess, [1.23028043e-01 2.13585948e+02].
2019-08-01 09:12:52,017 - INFO - Finished optomization, results are [-23.191515326152206 array([1.28608776e-01, 5.09927673e+03])].
2019-08-01 09:12:52,020 - INFO - Beginning optimization with guess, [5.32277489e-02 1.18561667e+02].
2019-08-01 09:12:54,773 - INFO - Finished optomization, results are [-23.185866595261345 array([1.27448095e-01, 5.41736909e+03])].
2019-08-01 09:12:54,773 - INFO - Beginning optimization with guess, [8.62618675e-02 3.34525261e+02].
2019-08-01 09:12:56,897 - INFO - Finished optomization, results are [-23.188704234762252 array([1.27529511e-01, 5.35073106e+03])].
2019-08-01 09:12:56,898 - INFO - Beginning optimization with guess, [4.97886336e-02 2.56539953e+02].
2019-08-01 09:12:58,888 - INFO - Finished optomization, results are [-23.19062977062822 array([1.27928434e-01, 5.24021885e+03])].
2019-08-01 09:12:58,888 - INFO - Beginning optimization with guess, [6.28034342e-02 2.67092286e+02].
2019-08-01 09:13:01,124 - INFO - Finished optomization, results are [-23.19170251140151 array([1.26577036e-01, 5.50536030e+03])].
2019-08-01 09:13:01,124 - INFO - Beginning optimization with guess, [1.02923327e-01 2.91605994e+02].
2019-08-01 09:13:03,449 - INFO - Finished optomization, results are [-23.186503543392575 array([1.27336856e-01, 5.42770906e+03])].
2019-08-01 09:13:03,449 - INFO - Beginning optimization with guess, [1.09672976e-01 2.14218620e+02].
2019-08-01 09:13:05,598 - INFO - Finished optomization, results are [-23.18323843671498 array([1.27758164e-01, 5.41228713e+03])].
2019-08-01 09:13:05,599 - INFO - Beginning optimization with guess, [1.18951014e-01 2.61680472e+02].
2019-08-01 09:13:07,671 - INFO - Finished optomization, results are [-23.18197193171399 array([1.27088058e-01, 5.56475994e+03])].
2019-08-01 09:13:07,671 - INFO - Beginning optimization with guess, [  0.17618512 104.61502848].
2019-08-01 09:13:13,734 - INFO - Finished optomization, results are [-23.180980300378494 array([1.27098819e-01, 5.58386854e+03])].
2019-08-01 09:13:13,735 - INFO - Beginning optimization with guess, [5.03224313e-02 1.38085717e+02].
2019-08-01 09:13:15,884 - INFO - Finished optomization, results are [-23.195149383443617 array([1.26981582e-01, 5.36695285e+03])].
2019-08-01 09:13:15,885 - INFO - Beginning optimization with guess, [7.21448342e-02 1.33508066e+02].
2019-08-01 09:13:18,085 - INFO - Finished optomization, results are [-23.183038147830423 array([1.26970363e-01, 5.56663987e+03])].
2019-08-01 09:13:18,086 - INFO - Beginning optimization with guess, [  0.15624246 115.95132686].
2019-08-01 09:13:21,524 - INFO - Finished optomization, results are [-23.188795009367063 array([1.29089872e-01, 5.07130871e+03])].
2019-08-01 09:13:21,525 - INFO - Beginning optimization with guess, [  0.12250396 116.69607438].
2019-08-01 09:13:24,762 - INFO - Finished optomization, results are [-23.18437563473219 array([1.26871597e-01, 5.56145736e+03])].
2019-08-01 09:13:24,763 - INFO - Beginning optimization with guess, [  0.13510207 110.21739332].
2019-08-01 09:13:29,740 - INFO - Finished optomization, results are [-23.17728801207245 array([1.27762060e-01, 5.57255562e+03])].
2019-08-01 09:13:29,740 - INFO - Beginning optimization with guess, [9.29730095e-02 1.11604399e+02].
2019-08-01 09:13:32,085 - INFO - Finished optomization, results are [-23.180913721683122 array([1.28410108e-01, 5.37090578e+03])].
2019-08-01 09:13:32,085 - INFO - Beginning optimization with guess, [8.63270511e-02 1.60059902e+02].
2019-08-01 09:13:37,093 - INFO - Finished optomization, results are [-23.18380688245938 array([1.27584247e-01, 5.43181786e+03])].
2019-08-01 09:13:37,094 - INFO - Beginning optimization with guess, [1.18023329e-01 3.25630515e+02].
2019-08-01 09:13:39,494 - INFO - Finished optomization, results are [-23.195684730542638 array([1.26897718e-01, 5.37792786e+03])].
2019-08-01 09:13:39,494 - INFO - Beginning optimization with guess, [6.84606202e-02 9.41234468e+01].
2019-08-01 09:13:42,197 - INFO - Finished optomization, results are [-23.188781889759806 array([1.29105462e-01, 5.06920203e+03])].
2019-08-01 09:13:42,198 - INFO - Beginning optimization with guess, [4.68155019e-02 3.02484573e+02].
2019-08-01 09:13:45,652 - INFO - Finished optomization, results are [-23.186203449505143 array([1.26896615e-01, 5.52343471e+03])].
2019-08-01 09:13:45,653 - INFO - Beginning optimization with guess, [1.15032272e-01 1.26914704e+02].
2019-08-01 09:13:49,503 - INFO - Finished optomization, results are [-23.19559106459527 array([1.27060949e-01, 5.34364487e+03])].
2019-08-01 09:13:49,503 - INFO - Beginning optimization with guess, [1.26410630e-01 2.38348891e+02].
2019-08-01 09:13:55,005 - INFO - Finished optomization, results are [-23.17985974555574 array([1.27338518e-01, 5.56523306e+03])].
2019-08-01 09:13:55,006 - INFO - Beginning optimization with guess, [5.47086168e-02 2.57003636e+02].
2019-08-01 09:13:59,875 - INFO - Finished optomization, results are [-23.18354587873219 array([1.27007165e-01, 5.54928597e+03])].
2019-08-01 09:13:59,875 - INFO - Beginning optimization with guess, [5.27724400e-02 1.28163106e+02].
2019-08-01 09:14:03,060 - INFO - Finished optomization, results are [-23.19077737395682 array([1.28684777e-01, 5.09902110e+03])].
2019-08-01 09:14:03,061 - INFO - Beginning optimization with guess, [1.09140808e-01 1.95413944e+02].
2019-08-01 09:14:04,767 - INFO - Finished optomization, results are [-23.19939429347882 array([1.27056117e-01, 5.29442099e+03])].
2019-08-01 09:14:04,767 - INFO - Beginning optimization with guess, [5.05763538e-02 2.61098333e+02].
2019-08-01 09:14:07,189 - INFO - Finished optomization, results are [-23.18382029314111 array([1.27147302e-01, 5.51579173e+03])].
2019-08-01 09:14:07,189 - INFO - Beginning optimization with guess, [5.77289475e-02 1.45493865e+02].
2019-08-01 09:14:10,485 - INFO - Finished optomization, results are [-23.18206783309795 array([1.27058787e-01, 5.56852125e+03])].
2019-08-01 09:14:10,486 - INFO - Beginning optimization with guess, [5.26496330e-02 1.12961646e+02].
2019-08-01 09:14:13,633 - INFO - Finished optomization, results are [-23.192989058785898 array([1.27747823e-01, 5.23816855e+03])].
2019-08-01 09:14:13,634 - INFO - Beginning optimization with guess, [7.45126704e-02 1.21491351e+02].
2019-08-01 09:14:16,463 - INFO - Finished optomization, results are [-23.187885985231762 array([1.27655594e-01, 5.34014032e+03])].
2019-08-01 09:14:16,466 - INFO - Beginning optimization with guess, [9.39440202e-02 2.25227187e+02].
2019-08-01 09:14:21,855 - INFO - Finished optomization, results are [-23.182111556738967 array([1.26902608e-01, 5.59881481e+03])].
2019-08-01 09:14:21,855 - INFO - Beginning optimization with guess, [9.68526979e-02 3.70614530e+02].
2019-08-01 09:14:24,055 - INFO - Finished optomization, results are [-23.194088271707734 array([1.27293088e-01, 5.31524242e+03])].
2019-08-01 09:14:24,056 - INFO - Beginning optimization with guess, [5.58615937e-02 1.38163686e+02].
2019-08-01 09:14:26,342 - INFO - Finished optomization, results are [-23.18944601697485 array([1.28793669e-01, 5.10548435e+03])].
2019-08-01 09:14:26,343 - INFO - Beginning optimization with guess, [1.34250969e-01 2.49802765e+02].
2019-08-01 09:14:28,352 - INFO - Finished optomization, results are [-23.18501154446424 array([1.27423009e-01, 5.43846317e+03])].
2019-08-01 09:14:28,353 - INFO - Beginning optimization with guess, [8.25445846e-02 1.74784501e+02].
2019-08-01 09:14:30,295 - INFO - Finished optomization, results are [-23.189262785573327 array([1.28156465e-01, 5.22078124e+03])].
2019-08-01 09:14:30,296 - INFO - Beginning optimization with guess, [8.12274862e-02 2.48774054e+02].
2019-08-01 09:14:34,831 - INFO - Finished optomization, results are [-23.180155036007275 array([1.28058968e-01, 5.44098379e+03])].
2019-08-01 09:14:34,832 - INFO - Beginning optimization with guess, [8.13872434e-02 1.58832470e+02].
2019-08-01 09:14:37,499 - INFO - Finished optomization, results are [-23.18795053982838 array([1.28311724e-01, 5.21712171e+03])].
2019-08-01 09:14:37,499 - INFO - Beginning optimization with guess, [1.29227144e-01 3.30654298e+02].
2019-08-01 09:14:39,616 - INFO - Finished optomization, results are [-23.19282163624208 array([1.26996658e-01, 5.39677764e+03])].
2019-08-01 09:14:39,616 - INFO - Beginning optimization with guess, [5.93725593e-02 2.80519512e+02].
2019-08-01 09:14:42,978 - INFO - Finished optomization, results are [-23.193889072937182 array([1.26895936e-01, 5.40328402e+03])].
2019-08-01 09:14:42,978 - INFO - Beginning optimization with guess, [6.71886652e-02 2.06597285e+02].
2019-08-01 09:14:45,057 - INFO - Finished optomization, results are [-23.185954380746246 array([1.28945235e-01, 5.15808925e+03])].
2019-08-01 09:14:45,057 - INFO - Beginning optimization with guess, [7.17647608e-02 2.35900916e+02].
2019-08-01 09:14:50,579 - INFO - Finished optomization, results are [-23.182376533377646 array([1.26949488e-01, 5.58401037e+03])].
2019-08-01 09:14:50,580 - INFO - Beginning optimization with guess, [5.26694229e-02 1.43669114e+02].
2019-08-01 09:14:57,446 - INFO - Finished optomization, results are [-23.181154700654687 array([1.26981916e-01, 5.60284777e+03])].
2019-08-01 09:14:57,446 - INFO - Beginning optimization with guess, [1.23222672e-01 2.41562725e+02].
2019-08-01 09:14:59,158 - INFO - Finished optomization, results are [-23.183840210288604 array([1.27049176e-01, 5.53510592e+03])].
2019-08-01 09:14:59,159 - INFO - Beginning optimization with guess, [5.60521527e-02 1.06751611e+02].
2019-08-01 09:15:01,491 - INFO - Finished optomization, results are [-23.1887066826609 array([1.27376388e-01, 5.38145716e+03])].
2019-08-01 09:15:01,492 - INFO - Beginning optimization with guess, [4.91927134e-02 2.11337158e+02].
2019-08-01 09:15:06,640 - INFO - Finished optomization, results are [-23.18326030953733 array([1.26844649e-01, 5.58804446e+03])].
2019-08-01 09:15:06,641 - INFO - Beginning optimization with guess, [  0.13896334 115.40543323].
2019-08-01 09:15:12,681 - INFO - Finished optomization, results are [-23.183916619950523 array([1.26859148e-01, 5.57259084e+03])].
2019-08-01 09:15:12,683 - INFO - Beginning optimization with guess, [1.62077866e-01 2.88919911e+02].
2019-08-01 09:15:14,916 - INFO - Finished optomization, results are [-23.185402604478213 array([1.2937528e-01, 5.1187097e+03])].
2019-08-01 09:15:14,917 - INFO - Beginning optimization with guess, [9.86121547e-02 2.40343076e+02].
2019-08-01 09:15:20,019 - INFO - Finished optomization, results are [-23.18484241787785 array([1.27194520e-01, 5.48678529e+03])].
2019-08-01 09:15:20,020 - INFO - Beginning optimization with guess, [9.56266365e-02 3.60963047e+02].
2019-08-01 09:15:22,464 - INFO - Finished optomization, results are [-23.188918623778093 array([1.26606560e-01, 5.54114261e+03])].
2019-08-01 09:15:22,464 - INFO - Beginning optimization with guess, [8.67429801e-02 3.70692850e+02].
2019-08-01 09:15:25,654 - INFO - Finished optomization, results are [-23.186094522903026 array([1.26855139e-01, 5.53408739e+03])].
2019-08-01 09:15:25,655 - INFO - Beginning optimization with guess, [1.40219256e-01 2.15554126e+02].
2019-08-01 09:15:27,476 - INFO - Finished optomization, results are [-23.186615516208594 array([1.28763009e-01, 5.16968316e+03])].
2019-08-01 09:15:27,477 - INFO - Beginning optimization with guess, [1.59851786e-01 2.73969295e+02].
2019-08-01 09:15:29,393 - INFO - Finished optomization, results are [-23.179379531398013 array([1.27813517e-01, 5.49943234e+03])].
2019-08-01 09:15:29,393 - INFO - Beginning optimization with guess, [1.40194342e-01 1.55138149e+02].
2019-08-01 09:15:35,313 - INFO - Finished optomization, results are [-23.181057992731873 array([1.27196441e-01, 5.56353499e+03])].
2019-08-01 09:15:35,313 - INFO - Beginning optimization with guess, [9.96067283e-02 1.43814830e+02].
2019-08-01 09:15:38,335 - INFO - Finished optomization, results are [-23.182483128525618 array([1.27794075e-01, 5.42299691e+03])].
2019-08-01 09:15:38,336 - INFO - Beginning optimization with guess, [5.32013769e-02 1.61113790e+02].
2019-08-01 09:15:40,980 - INFO - Finished optomization, results are [-23.18911088552599 array([1.26794551e-01, 5.49697083e+03])].
2019-08-01 09:15:40,981 - INFO - Beginning optimization with guess, [6.99883174e-02 1.73505787e+02].
2019-08-01 09:15:42,937 - INFO - Finished optomization, results are [-23.18873365183407 array([1.29018516e-01, 5.08365549e+03])].
2019-08-01 09:15:42,937 - INFO - Beginning optimization with guess, [4.66226375e-02 2.57529953e+02].
2019-08-01 09:15:45,796 - INFO - Finished optomization, results are [-23.186714336782092 array([1.27436308e-01, 5.40412515e+03])].
2019-08-01 09:15:45,798 - INFO - Beginning optimization with guess, [8.85212847e-02 1.31818186e+02].
2019-08-01 09:15:48,370 - INFO - Finished optomization, results are [-23.196227095540834 array([1.27003536e-01, 5.34742509e+03])].
2019-08-01 09:15:48,370 - INFO - Beginning optimization with guess, [  0.17209091 109.823996  ].
2019-08-01 09:15:53,464 - INFO - Finished optomization, results are [-23.181160285581484 array([1.26994951e-01, 5.60016566e+03])].
2019-08-01 09:15:53,464 - INFO - Beginning optimization with guess, [6.19729998e-02 1.46108074e+02].
2019-08-01 09:15:56,391 - INFO - Finished optomization, results are [-23.184938720641703 array([1.27898758e-01, 5.35086189e+03])].
2019-08-01 09:15:56,391 - INFO - Beginning optimization with guess, [1.05946097e-01 1.23883044e+02].
2019-08-01 09:16:01,066 - INFO - Finished optomization, results are [-23.185413607608133 array([1.26857634e-01, 5.54555281e+03])].
2019-08-01 09:16:01,067 - INFO - Beginning optimization with guess, [5.16370793e-02 3.47132280e+02].
2019-08-01 09:16:07,157 - INFO - Finished optomization, results are [-23.183677723627824 array([1.26970668e-01, 5.55416877e+03])].
2019-08-01 09:16:07,158 - INFO - Beginning optimization with guess, [  0.13463584 114.66579555].
2019-08-01 09:16:13,066 - INFO - Finished optomization, results are [-23.178388678339786 array([1.2740554e-01, 5.5916196e+03])].
2019-08-01 09:16:13,067 - INFO - Beginning optimization with guess, [1.17426284e-01 2.59232406e+02].
2019-08-01 09:16:15,285 - INFO - Finished optomization, results are [-23.18446528151589 array([1.27549583e-01, 5.42490403e+03])].
2019-08-01 09:16:15,286 - INFO - Beginning optimization with guess, [5.46843415e-02 1.13172431e+02].
2019-08-01 09:16:17,663 - INFO - Finished optomization, results are [-23.189028190010347 array([1.28785791e-01, 5.11501860e+03])].
2019-08-01 09:16:17,663 - INFO - Beginning optimization with guess, [9.47468055e-02 2.41312011e+02].
2019-08-01 09:16:19,799 - INFO - Finished optomization, results are [-23.185620025209936 array([1.27466311e-01, 5.41844279e+03])].
2019-08-01 09:16:19,800 - INFO - Finished DFE inference.
2019-08-01 09:16:19,800 - INFO - Integrating expected site-frequency spectrum.
2019-08-01 09:16:19,817 - INFO - Outputing results.
2019-08-01 09:16:19,822 - INFO - Pipeline executed succesfully.
