2019-07-25 10:57:02,819 - INFO - Beginning execution of fitdadi_infer_DFE.py in directory /u/home/j/jonmah/lohmueller_lab/Scripts

2019-07-25 10:57:02,819 - INFO - Progress is being logged to ../Data/AW_1760_LB_2000/seed_1_fitdadi_output/log.log

2019-07-25 10:57:02,819 - INFO - Parsed the following arguments:
	breed = AW
	outprefix = ../Data/AW_1760_LB_2000/seed_1_fitdadi_output/
	nonsyn_input_sfs = ../Data/AW_1760_LB_2000/seed_1_easySFS_output_nonsyn/dadi/pop1.sfs
	syn_input_sfs = ../Data/AW_1760_LB_2000/seed_1_easySFS_output_syn/dadi/pop1.sfs

2019-07-25 10:57:02,821 - INFO - Beginning optimization with guess, [0.34908516 0.10812128].
2019-07-25 10:57:03,662 - INFO - Finished optimization with guess, [0.34908516 0.10812128].
2019-07-25 10:57:03,662 - INFO - Best fit parameters: [0.00774406 0.00130109].
2019-07-25 10:57:03,672 - INFO - Maximum log composite likelihood: -23.0256667187.
2019-07-25 10:57:03,672 - INFO - Optimal value of theta: 8.53388871295.
2019-07-25 10:57:03,672 - INFO - Beginning optimization with guess, [0.00403568 0.00158908].
2019-07-25 10:57:04,384 - INFO - Finished optimization with guess, [0.00403568 0.00158908].
2019-07-25 10:57:04,384 - INFO - Best fit parameters: [1.06365572e-04 1.76423160e-05].
2019-07-25 10:57:04,394 - INFO - Maximum log composite likelihood: -23.0093199802.
2019-07-25 10:57:04,394 - INFO - Optimal value of theta: 8.53452657359.
2019-07-25 10:57:04,394 - INFO - Beginning optimization with guess, [1.83147678e-04 2.56964375e-05].
2019-07-25 10:57:05,143 - INFO - Finished optimization with guess, [1.83147678e-04 2.56964375e-05].
2019-07-25 10:57:05,144 - INFO - Best fit parameters: [1.67776283e-04 2.78135378e-05].
2019-07-25 10:57:05,154 - INFO - Maximum log composite likelihood: -23.0094500041.
2019-07-25 10:57:05,154 - INFO - Optimal value of theta: 8.53304021314.
2019-07-25 10:57:05,154 - INFO - Beginning optimization with guess, [1.01000000e-04 1.14474437e-05].
2019-07-25 10:57:05,483 - INFO - Finished optimization with guess, [1.01000000e-04 1.14474437e-05].
2019-07-25 10:57:05,483 - INFO - Best fit parameters: [1.00040784e-04 1.65934624e-05].
2019-07-25 10:57:05,493 - INFO - Maximum log composite likelihood: -23.0093066529.
2019-07-25 10:57:05,493 - INFO - Optimal value of theta: 8.53458124836.
2019-07-25 10:57:05,494 - INFO - Beginning optimization with guess, [1.01000000e-04 1.58014649e-05].
2019-07-25 10:57:05,822 - INFO - Finished optimization with guess, [1.01000000e-04 1.58014649e-05].
2019-07-25 10:57:05,823 - INFO - Best fit parameters: [1.00011422e-04 1.65907353e-05].
2019-07-25 10:57:05,833 - INFO - Maximum log composite likelihood: -23.0093065689.
2019-07-25 10:57:05,833 - INFO - Optimal value of theta: 8.53488548559.
2019-07-25 10:57:05,834 - INFO - Beginning optimization with guess, [1.01000000e-04 1.28234229e-05].
2019-07-25 10:57:06,163 - INFO - Finished optimization with guess, [1.01000000e-04 1.28234229e-05].
2019-07-25 10:57:06,163 - INFO - Best fit parameters: [1.00039012e-04 1.65931637e-05].
2019-07-25 10:57:06,173 - INFO - Maximum log composite likelihood: -23.0093066493.
2019-07-25 10:57:06,173 - INFO - Optimal value of theta: 8.53458059186.
2019-07-25 10:57:06,173 - INFO - Beginning optimization with guess, [1.01000000e-04 1.74880007e-05].
2019-07-25 10:57:06,412 - INFO - Finished optimization with guess, [1.01000000e-04 1.74880007e-05].
2019-07-25 10:57:06,412 - INFO - Best fit parameters: [1.02871105e-04 1.70751322e-05].
2019-07-25 10:57:06,422 - INFO - Maximum log composite likelihood: -23.0093130727.
2019-07-25 10:57:06,423 - INFO - Optimal value of theta: 8.53625445659.
2019-07-25 10:57:06,423 - INFO - Beginning optimization with guess, [1.46603909e-04 2.63103160e-05].
2019-07-25 10:57:06,901 - INFO - Finished optimization with guess, [1.46603909e-04 2.63103160e-05].
2019-07-25 10:57:06,901 - INFO - Best fit parameters: [1.52031866e-04 2.52090958e-05].
2019-07-25 10:57:06,911 - INFO - Maximum log composite likelihood: -23.009416454.
2019-07-25 10:57:06,911 - INFO - Optimal value of theta: 8.53362884819.
2019-07-25 10:57:06,911 - INFO - Beginning optimization with guess, [1.01000000e-04 2.72247152e-05].
2019-07-25 10:57:07,270 - INFO - Finished optimization with guess, [1.01000000e-04 2.72247152e-05].
2019-07-25 10:57:07,270 - INFO - Best fit parameters: [1.28446565e-04 2.12987623e-05].
2019-07-25 10:57:07,280 - INFO - Maximum log composite likelihood: -23.0093667285.
2019-07-25 10:57:07,280 - INFO - Optimal value of theta: 8.53377334108.
2019-07-25 10:57:07,281 - INFO - Beginning optimization with guess, [1.01000000e-04 1.56202429e-05].
2019-07-25 10:57:07,729 - INFO - Finished optimization with guess, [1.01000000e-04 1.56202429e-05].
2019-07-25 10:57:07,729 - INFO - Best fit parameters: [1.00568599e-04 1.66809749e-05].
2019-07-25 10:57:07,739 - INFO - Maximum log composite likelihood: -23.0093077654.
2019-07-25 10:57:07,739 - INFO - Optimal value of theta: 8.53457427429.
2019-07-25 10:57:07,739 - INFO - Beginning optimization with guess, [1.01000000e-04 1.63043578e-05].
2019-07-25 10:57:07,948 - INFO - Finished optimization with guess, [1.01000000e-04 1.63043578e-05].
2019-07-25 10:57:07,948 - INFO - Best fit parameters: [1.00535555e-04 1.66754973e-05].
2019-07-25 10:57:07,958 - INFO - Maximum log composite likelihood: -23.0093076958.
2019-07-25 10:57:07,959 - INFO - Optimal value of theta: 8.53457486182.
2019-07-25 10:57:07,959 - INFO - Beginning optimization with guess, [1.01000000e-04 9.58451447e-06].
2019-07-25 10:57:09,332 - INFO - Finished optimization with guess, [1.01000000e-04 9.58451447e-06].
2019-07-25 10:57:09,332 - INFO - Best fit parameters: [1.00000000e-04 1.65807599e-05].
2019-07-25 10:57:09,342 - INFO - Maximum log composite likelihood: -23.0093068721.
2019-07-25 10:57:09,342 - INFO - Optimal value of theta: 8.53373853257.
2019-07-25 10:57:09,342 - INFO - Beginning optimization with guess, [1.01000000e-04 1.28641092e-05].
2019-07-25 10:57:09,820 - INFO - Finished optimization with guess, [1.01000000e-04 1.28641092e-05].
2019-07-25 10:57:09,820 - INFO - Best fit parameters: [1.00041615e-04 1.65930301e-05].
2019-07-25 10:57:09,830 - INFO - Maximum log composite likelihood: -23.0093066684.
2019-07-25 10:57:09,830 - INFO - Optimal value of theta: 8.53450037442.
2019-07-25 10:57:09,831 - INFO - Beginning optimization with guess, [1.44635535e-04 1.58413234e-05].
2019-07-25 10:57:10,280 - INFO - Finished optimization with guess, [1.44635535e-04 1.58413234e-05].
2019-07-25 10:57:10,280 - INFO - Best fit parameters: [1.00000000e-04 1.65804998e-05].
2019-07-25 10:57:10,290 - INFO - Maximum log composite likelihood: -23.0093068937.
2019-07-25 10:57:10,290 - INFO - Optimal value of theta: 8.53370161056.
2019-07-25 10:57:10,290 - INFO - Beginning optimization with guess, [1.01000000e-04 1.08935316e-05].
2019-07-25 10:57:10,738 - INFO - Finished optimization with guess, [1.01000000e-04 1.08935316e-05].
2019-07-25 10:57:10,738 - INFO - Best fit parameters: [1.00000000e-04 1.65805683e-05].
2019-07-25 10:57:10,748 - INFO - Maximum log composite likelihood: -23.009306888.
2019-07-25 10:57:10,749 - INFO - Optimal value of theta: 8.53371133586.
2019-07-25 10:57:10,749 - INFO - Beginning optimization with guess, [1.01000000e-04 1.42517572e-05].
2019-07-25 10:57:11,286 - INFO - Finished optimization with guess, [1.01000000e-04 1.42517572e-05].
2019-07-25 10:57:11,286 - INFO - Best fit parameters: [1.00317433e-04 1.66366038e-05].
2019-07-25 10:57:11,296 - INFO - Maximum log composite likelihood: -23.0093073318.
2019-07-25 10:57:11,297 - INFO - Optimal value of theta: 8.53419166942.
2019-07-25 10:57:11,297 - INFO - Beginning optimization with guess, [1.01000000e-04 1.45921896e-05].
2019-07-25 10:57:11,924 - INFO - Finished optimization with guess, [1.01000000e-04 1.45921896e-05].
2019-07-25 10:57:11,925 - INFO - Best fit parameters: [1.00359148e-04 1.66462585e-05].
2019-07-25 10:57:11,935 - INFO - Maximum log composite likelihood: -23.0093073237.
2019-07-25 10:57:11,935 - INFO - Optimal value of theta: 8.53457856952.
2019-07-25 10:57:11,935 - INFO - Beginning optimization with guess, [1.08739342e-04 1.48487304e-05].
2019-07-25 10:57:12,354 - INFO - Finished optimization with guess, [1.08739342e-04 1.48487304e-05].
2019-07-25 10:57:12,354 - INFO - Best fit parameters: [1.04700143e-04 1.73666224e-05].
2019-07-25 10:57:12,364 - INFO - Maximum log composite likelihood: -23.0093164611.
2019-07-25 10:57:12,365 - INFO - Optimal value of theta: 8.53460681314.
2019-07-25 10:57:12,365 - INFO - Beginning optimization with guess, [1.0100000e-04 2.6007944e-05].
2019-07-25 10:57:12,693 - INFO - Finished optimization with guess, [1.0100000e-04 2.6007944e-05].
2019-07-25 10:57:12,693 - INFO - Best fit parameters: [1.25378595e-04 2.08128754e-05].
2019-07-25 10:57:12,703 - INFO - Maximum log composite likelihood: -23.0093606075.
2019-07-25 10:57:12,704 - INFO - Optimal value of theta: 8.53637027289.
2019-07-25 10:57:12,704 - INFO - Beginning optimization with guess, [1.0100000e-04 8.8767881e-06].
2019-07-25 10:57:14,107 - INFO - Finished optimization with guess, [1.0100000e-04 8.8767881e-06].
2019-07-25 10:57:14,107 - INFO - Best fit parameters: [1.00000000e-04 1.65805738e-05].
2019-07-25 10:57:14,117 - INFO - Maximum log composite likelihood: -23.0093068875.
2019-07-25 10:57:14,117 - INFO - Optimal value of theta: 8.53371211257.
2019-07-25 10:57:14,117 - INFO - Beginning optimization with guess, [1.99565432e-04 2.78418982e-05].
2019-07-25 10:57:14,686 - INFO - Finished optimization with guess, [1.99565432e-04 2.78418982e-05].
2019-07-25 10:57:14,686 - INFO - Best fit parameters: [1.82176532e-04 3.01964424e-05].
2019-07-25 10:57:14,696 - INFO - Maximum log composite likelihood: -23.009480673.
2019-07-25 10:57:14,696 - INFO - Optimal value of theta: 8.53264485164.
2019-07-25 10:57:14,696 - INFO - Beginning optimization with guess, [1.01000000e-04 8.61880399e-06].
2019-07-25 10:57:15,114 - INFO - Finished optimization with guess, [1.01000000e-04 8.61880399e-06].
2019-07-25 10:57:15,114 - INFO - Best fit parameters: [1.00000000e-04 1.65811149e-05].
2019-07-25 10:57:15,124 - INFO - Maximum log composite likelihood: -23.0093068438.
2019-07-25 10:57:15,124 - INFO - Optimal value of theta: 8.53378894214.
2019-07-25 10:57:15,125 - INFO - Beginning optimization with guess, [1.64789629e-04 1.69910375e-05].
2019-07-25 10:57:15,813 - INFO - Finished optimization with guess, [1.64789629e-04 1.69910375e-05].
2019-07-25 10:57:15,813 - INFO - Best fit parameters: [1.35923892e-04 2.25593957e-05].
2019-07-25 10:57:15,823 - INFO - Maximum log composite likelihood: -23.0093825282.
2019-07-25 10:57:15,823 - INFO - Optimal value of theta: 8.53591043493.
2019-07-25 10:57:15,823 - INFO - Beginning optimization with guess, [1.01000000e-04 1.36333209e-05].
2019-07-25 10:57:16,390 - INFO - Finished optimization with guess, [1.01000000e-04 1.36333209e-05].
2019-07-25 10:57:16,391 - INFO - Best fit parameters: [1.00249096e-04 1.66247743e-05].
2019-07-25 10:57:16,401 - INFO - Maximum log composite likelihood: -23.0093072134.
2019-07-25 10:57:16,401 - INFO - Optimal value of theta: 8.53412165149.
2019-07-25 10:57:16,401 - INFO - Beginning optimization with guess, [1.94049322e-04 1.41655709e-05].
2019-07-25 10:57:16,640 - INFO - Finished optimization with guess, [1.94049322e-04 1.41655709e-05].
2019-07-25 10:57:16,641 - INFO - Best fit parameters: [1.42562569e-04 2.36655563e-05].
2019-07-25 10:57:16,651 - INFO - Maximum log composite likelihood: -23.0093967947.
2019-07-25 10:57:16,651 - INFO - Optimal value of theta: 8.53631502335.
2019-07-25 10:57:16,651 - INFO - Beginning optimization with guess, [1.01000000e-04 2.69955029e-05].
2019-07-25 10:57:17,009 - INFO - Finished optimization with guess, [1.01000000e-04 2.69955029e-05].
2019-07-25 10:57:17,010 - INFO - Best fit parameters: [1.27901459e-04 2.12081855e-05].
2019-07-25 10:57:17,020 - INFO - Maximum log composite likelihood: -23.0093655909.
2019-07-25 10:57:17,020 - INFO - Optimal value of theta: 8.53375461151.
2019-07-25 10:57:17,020 - INFO - Beginning optimization with guess, [1.01000000e-04 1.04113737e-05].
2019-07-25 10:57:17,289 - INFO - Finished optimization with guess, [1.01000000e-04 1.04113737e-05].
2019-07-25 10:57:17,290 - INFO - Best fit parameters: [1.00000000e-04 1.65886093e-05].
2019-07-25 10:57:17,300 - INFO - Maximum log composite likelihood: -23.009306545.
2019-07-25 10:57:17,300 - INFO - Optimal value of theta: 8.53485272165.
2019-07-25 10:57:17,300 - INFO - Beginning optimization with guess, [1.01000000e-04 1.26816929e-05].
2019-07-25 10:57:18,285 - INFO - Finished optimization with guess, [1.01000000e-04 1.26816929e-05].
2019-07-25 10:57:18,285 - INFO - Best fit parameters: [1.00160832e-04 1.66198095e-05].
2019-07-25 10:57:18,295 - INFO - Maximum log composite likelihood: -23.0093069785.
2019-07-25 10:57:18,295 - INFO - Optimal value of theta: 8.53549250076.
2019-07-25 10:57:18,295 - INFO - Beginning optimization with guess, [1.32635443e-04 3.21070910e-05].
2019-07-25 10:57:18,863 - INFO - Finished optimization with guess, [1.32635443e-04 3.21070910e-05].
2019-07-25 10:57:18,863 - INFO - Best fit parameters: [1.59748180e-04 2.64861364e-05].
2019-07-25 10:57:18,873 - INFO - Maximum log composite likelihood: -23.0094328495.
2019-07-25 10:57:18,873 - INFO - Optimal value of theta: 8.53338142668.
2019-07-25 10:57:18,873 - INFO - Beginning optimization with guess, [1.01000000e-04 2.02991762e-05].
2019-07-25 10:57:19,231 - INFO - Finished optimization with guess, [1.01000000e-04 2.02991762e-05].
2019-07-25 10:57:19,232 - INFO - Best fit parameters: [1.10878638e-04 1.84025049e-05].
2019-07-25 10:57:19,241 - INFO - Maximum log composite likelihood: -23.0093297877.
2019-07-25 10:57:19,242 - INFO - Optimal value of theta: 8.53599674144.
2019-07-25 10:57:19,242 - INFO - Beginning optimization with guess, [1.01000000e-04 1.60684466e-05].
2019-07-25 10:57:19,749 - INFO - Finished optimization with guess, [1.01000000e-04 1.60684466e-05].
2019-07-25 10:57:19,750 - INFO - Best fit parameters: [1.00365430e-04 1.66462616e-05].
2019-07-25 10:57:19,759 - INFO - Maximum log composite likelihood: -23.0093073645.
2019-07-25 10:57:19,760 - INFO - Optimal value of theta: 8.53443162286.
2019-07-25 10:57:19,760 - INFO - Beginning optimization with guess, [1.01000000e-04 1.01817367e-05].
2019-07-25 10:57:20,446 - INFO - Finished optimization with guess, [1.01000000e-04 1.01817367e-05].
2019-07-25 10:57:20,447 - INFO - Best fit parameters: [1.00000000e-04 1.65871923e-05].
2019-07-25 10:57:20,457 - INFO - Maximum log composite likelihood: -23.0093065578.
2019-07-25 10:57:20,457 - INFO - Optimal value of theta: 8.53465162366.
2019-07-25 10:57:20,457 - INFO - Beginning optimization with guess, [1.01000000e-04 2.42658197e-05].
2019-07-25 10:57:20,875 - INFO - Finished optimization with guess, [1.01000000e-04 2.42658197e-05].
2019-07-25 10:57:20,875 - INFO - Best fit parameters: [1.21301579e-04 2.01161993e-05].
2019-07-25 10:57:20,885 - INFO - Maximum log composite likelihood: -23.0093515576.
2019-07-25 10:57:20,886 - INFO - Optimal value of theta: 8.53405998385.
2019-07-25 10:57:20,886 - INFO - Beginning optimization with guess, [1.60938597e-04 1.81499083e-05].
2019-07-25 10:57:21,514 - INFO - Finished optimization with guess, [1.60938597e-04 1.81499083e-05].
2019-07-25 10:57:21,514 - INFO - Best fit parameters: [1.36135016e-04 2.26043808e-05].
2019-07-25 10:57:21,524 - INFO - Maximum log composite likelihood: -23.0093838267.
2019-07-25 10:57:21,525 - INFO - Optimal value of theta: 8.53694559827.
2019-07-25 10:57:21,525 - INFO - Beginning optimization with guess, [1.01000000e-04 2.17285507e-05].
2019-07-25 10:57:21,913 - INFO - Finished optimization with guess, [1.01000000e-04 2.17285507e-05].
2019-07-25 10:57:21,913 - INFO - Best fit parameters: [1.14672817e-04 1.90131037e-05].
2019-07-25 10:57:21,923 - INFO - Maximum log composite likelihood: -23.0093378271.
2019-07-25 10:57:21,923 - INFO - Optimal value of theta: 8.53361530622.
2019-07-25 10:57:21,924 - INFO - Beginning optimization with guess, [1.84145700e-04 8.55430006e-06].
2019-07-25 10:57:22,132 - INFO - Finished optimization with guess, [1.84145700e-04 8.55430006e-06].
2019-07-25 10:57:22,132 - INFO - Best fit parameters: [1.19750864e-04 1.98607487e-05].
2019-07-25 10:57:22,142 - INFO - Maximum log composite likelihood: -23.009348223.
2019-07-25 10:57:22,142 - INFO - Optimal value of theta: 8.53426937418.
2019-07-25 10:57:22,142 - INFO - Beginning optimization with guess, [1.01000000e-04 1.54427486e-05].
2019-07-25 10:57:22,501 - INFO - Finished optimization with guess, [1.01000000e-04 1.54427486e-05].
2019-07-25 10:57:22,501 - INFO - Best fit parameters: [1.00375055e-04 1.66479167e-05].
2019-07-25 10:57:22,511 - INFO - Maximum log composite likelihood: -23.0093073829.
2019-07-25 10:57:22,511 - INFO - Optimal value of theta: 8.53443990379.
2019-07-25 10:57:22,512 - INFO - Beginning optimization with guess, [1.01000000e-04 2.56971847e-05].
2019-07-25 10:57:22,870 - INFO - Finished optimization with guess, [1.01000000e-04 2.56971847e-05].
2019-07-25 10:57:22,870 - INFO - Best fit parameters: [1.24800517e-04 2.06946936e-05].
2019-07-25 10:57:22,880 - INFO - Maximum log composite likelihood: -23.0093590168.
2019-07-25 10:57:22,880 - INFO - Optimal value of theta: 8.53384617456.
2019-07-25 10:57:22,881 - INFO - Beginning optimization with guess, [1.85469319e-04 2.18548372e-05].
2019-07-25 10:57:24,108 - INFO - Finished optimization with guess, [1.85469319e-04 2.18548372e-05].
2019-07-25 10:57:24,109 - INFO - Best fit parameters: [1.51809302e-04 2.52460691e-05].
2019-07-25 10:57:24,119 - INFO - Maximum log composite likelihood: -23.0094240401.
2019-07-25 10:57:24,119 - INFO - Optimal value of theta: 8.54052964965.
2019-07-25 10:57:24,119 - INFO - Beginning optimization with guess, [1.01000000e-04 1.97789428e-05].
2019-07-25 10:57:24,893 - INFO - Finished optimization with guess, [1.01000000e-04 1.97789428e-05].
2019-07-25 10:57:24,893 - INFO - Best fit parameters: [1.06960746e-04 1.77432811e-05].
2019-07-25 10:57:24,903 - INFO - Maximum log composite likelihood: -23.0093212058.
2019-07-25 10:57:24,904 - INFO - Optimal value of theta: 8.5348222977.
2019-07-25 10:57:24,904 - INFO - Beginning optimization with guess, [1.01000000e-04 2.98056931e-05].
2019-07-25 10:57:25,264 - INFO - Finished optimization with guess, [1.01000000e-04 2.98056931e-05].
2019-07-25 10:57:25,264 - INFO - Best fit parameters: [1.34424459e-04 2.22908003e-05].
2019-07-25 10:57:25,274 - INFO - Maximum log composite likelihood: -23.0093792823.
2019-07-25 10:57:25,274 - INFO - Optimal value of theta: 8.53383336638.
2019-07-25 10:57:25,274 - INFO - Beginning optimization with guess, [1.01000000e-04 1.61524107e-05].
2019-07-25 10:57:25,513 - INFO - Finished optimization with guess, [1.01000000e-04 1.61524107e-05].
2019-07-25 10:57:25,513 - INFO - Best fit parameters: [1.00000000e-04 1.65887822e-05].
2019-07-25 10:57:25,523 - INFO - Maximum log composite likelihood: -23.0093065448.
2019-07-25 10:57:25,524 - INFO - Optimal value of theta: 8.53487725975.
2019-07-25 10:57:25,524 - INFO - Beginning optimization with guess, [1.01000000e-04 1.34136156e-05].
2019-07-25 10:57:26,032 - INFO - Finished optimization with guess, [1.01000000e-04 1.34136156e-05].
2019-07-25 10:57:26,032 - INFO - Best fit parameters: [1.00309708e-04 1.66379378e-05].
2019-07-25 10:57:26,042 - INFO - Maximum log composite likelihood: -23.0093072222.
2019-07-25 10:57:26,042 - INFO - Optimal value of theta: 8.53456175389.
2019-07-25 10:57:26,043 - INFO - Beginning optimization with guess, [1.34865445e-04 1.10428904e-05].
2019-07-25 10:57:26,730 - INFO - Finished optimization with guess, [1.34865445e-04 1.10428904e-05].
2019-07-25 10:57:26,731 - INFO - Best fit parameters: [1.14413717e-04 1.89918992e-05].
2019-07-25 10:57:26,741 - INFO - Maximum log composite likelihood: -23.0093374485.
2019-07-25 10:57:26,741 - INFO - Optimal value of theta: 8.53631458533.
2019-07-25 10:57:26,741 - INFO - Beginning optimization with guess, [1.50354206e-04 2.39265118e-05].
2019-07-25 10:57:27,758 - INFO - Finished optimization with guess, [1.50354206e-04 2.39265118e-05].
2019-07-25 10:57:27,758 - INFO - Best fit parameters: [1.46798422e-04 2.43588230e-05].
2019-07-25 10:57:27,768 - INFO - Maximum log composite likelihood: -23.0094052026.
2019-07-25 10:57:27,768 - INFO - Optimal value of theta: 8.53534238573.
2019-07-25 10:57:27,768 - INFO - Beginning optimization with guess, [1.01000000e-04 3.30066861e-05].
2019-07-25 10:57:28,158 - INFO - Finished optimization with guess, [1.01000000e-04 3.30066861e-05].
2019-07-25 10:57:28,158 - INFO - Best fit parameters: [1.40909429e-04 2.33511865e-05].
2019-07-25 10:57:28,168 - INFO - Maximum log composite likelihood: -23.0093942569.
2019-07-25 10:57:28,168 - INFO - Optimal value of theta: 8.53229818259.
2019-07-25 10:57:28,168 - INFO - Beginning optimization with guess, [1.01000000e-04 8.90899873e-06].
2019-07-25 10:57:28,437 - INFO - Finished optimization with guess, [1.01000000e-04 8.90899873e-06].
2019-07-25 10:57:28,437 - INFO - Best fit parameters: [1.00000000e-04 1.65886975e-05].
2019-07-25 10:57:28,461 - INFO - Maximum log composite likelihood: -23.0093065449.
2019-07-25 10:57:28,461 - INFO - Optimal value of theta: 8.53486524771.
2019-07-25 10:57:28,461 - INFO - Beginning optimization with guess, [1.42937819e-04 1.34974807e-05].
2019-07-25 10:57:29,115 - INFO - Finished optimization with guess, [1.42937819e-04 1.34974807e-05].
2019-07-25 10:57:29,116 - INFO - Best fit parameters: [1.21228027e-04 2.01178790e-05].
2019-07-25 10:57:29,129 - INFO - Maximum log composite likelihood: -23.0093514423.
2019-07-25 10:57:29,129 - INFO - Optimal value of theta: 8.53568472582.
2019-07-25 10:57:29,129 - INFO - Beginning optimization with guess, [1.55413625e-04 1.45729771e-05].
2019-07-25 10:57:29,942 - INFO - Finished optimization with guess, [1.55413625e-04 1.45729771e-05].
2019-07-25 10:57:29,942 - INFO - Best fit parameters: [1.27843008e-04 2.12244147e-05].
2019-07-25 10:57:29,955 - INFO - Maximum log composite likelihood: -23.0093660257.
2019-07-25 10:57:29,956 - INFO - Optimal value of theta: 8.5366317628.
2019-07-25 10:57:29,956 - INFO - Beginning optimization with guess, [1.01000000e-04 2.06797872e-05].
2019-07-25 10:57:30,577 - INFO - Finished optimization with guess, [1.01000000e-04 2.06797872e-05].
2019-07-25 10:57:30,577 - INFO - Best fit parameters: [1.12011490e-04 1.85870334e-05].
2019-07-25 10:57:30,590 - INFO - Maximum log composite likelihood: -23.0093319676.
2019-07-25 10:57:30,591 - INFO - Optimal value of theta: 8.53555009894.
2019-07-25 10:57:30,592 - INFO - Finished demographic inference.
2019-07-25 10:57:30,592 - INFO - Beginning DFE inference.
2019-07-25 10:57:34,865 - INFO - Finished DFE inference.
2019-07-25 10:57:34,865 - INFO - Integrating expected site-frequency spectrum.
2019-07-25 10:57:34,869 - INFO - Outputing results.
2019-07-25 10:57:34,872 - INFO - Pipeline executed succesfully.
