2019-08-12 09:54:52,899 - INFO - Beginning execution of fitdadi_infer_DFE.py in directory /u/home/j/jonmah/lohmueller_lab/Scripts

2019-08-12 09:54:52,899 - INFO - Progress is being logged to ../Data/AW_array_length_20154/seed_1_fitdadi_output/log.log

2019-08-12 09:54:52,899 - INFO - Parsed the following arguments:
	breed = AW
	outprefix = ../Data/AW_array_length_20154/seed_1_fitdadi_output/
	nonsyn_input_sfs = ../Data/AW_array_length_20154/seed_1_easySFS_output_nonsyn/dadi/pop1.sfs
	syn_input_sfs = ../Data/AW_array_length_20154/seed_1_easySFS_output_syn/dadi/pop1.sfs

2019-08-12 09:54:52,902 - INFO - Beginning optimization with guess, [0.5651588  0.19084124].
2019-08-12 09:54:55,150 - INFO - Finished optimization with guess, [0.5651588  0.19084124].
2019-08-12 09:54:55,150 - INFO - Best fit parameters: [0.22180231 0.01798328].
2019-08-12 09:54:55,168 - INFO - Maximum log composite likelihood: -42.539705063.
2019-08-12 09:54:55,169 - INFO - Optimal value of theta: 11186.8762895.
2019-08-12 09:54:55,169 - INFO - Beginning optimization with guess, [0.86401557 0.18852246].
2019-08-12 09:54:57,549 - INFO - Finished optimization with guess, [0.86401557 0.18852246].
2019-08-12 09:54:57,550 - INFO - Best fit parameters: [0.22775869 0.01871762].
2019-08-12 09:54:57,568 - INFO - Maximum log composite likelihood: -42.532488536.
2019-08-12 09:54:57,569 - INFO - Optimal value of theta: 11191.6112973.
2019-08-12 09:54:57,569 - INFO - Beginning optimization with guess, [0.34284831 0.15388416].
2019-08-12 09:54:59,525 - INFO - Finished optimization with guess, [0.34284831 0.15388416].
2019-08-12 09:54:59,525 - INFO - Best fit parameters: [0.23187463 0.0192745 ].
2019-08-12 09:54:59,543 - INFO - Maximum log composite likelihood: -42.5271359079.
2019-08-12 09:54:59,544 - INFO - Optimal value of theta: 11197.2438939.
2019-08-12 09:54:59,544 - INFO - Beginning optimization with guess, [0.36854662 0.11979036].
2019-08-12 09:55:01,691 - INFO - Finished optimization with guess, [0.36854662 0.11979036].
2019-08-12 09:55:01,691 - INFO - Best fit parameters: [0.22412459 0.01834419].
2019-08-12 09:55:01,709 - INFO - Maximum log composite likelihood: -42.5306467627.
2019-08-12 09:55:01,710 - INFO - Optimal value of theta: 11193.779664.
2019-08-12 09:55:01,710 - INFO - Beginning optimization with guess, [0.68920716 0.0977666 ].
2019-08-12 09:55:03,698 - INFO - Finished optimization with guess, [0.68920716 0.0977666 ].
2019-08-12 09:55:03,699 - INFO - Best fit parameters: [0.23255929 0.01939537].
2019-08-12 09:55:03,717 - INFO - Maximum log composite likelihood: -42.5257025328.
2019-08-12 09:55:03,718 - INFO - Optimal value of theta: 11199.8554385.
2019-08-12 09:55:03,718 - INFO - Beginning optimization with guess, [0.9495534  0.06125585].
2019-08-12 09:55:05,855 - INFO - Finished optimization with guess, [0.9495534  0.06125585].
2019-08-12 09:55:05,856 - INFO - Best fit parameters: [0.2229253  0.01822711].
2019-08-12 09:55:05,874 - INFO - Maximum log composite likelihood: -42.5311443089.
2019-08-12 09:55:05,874 - INFO - Optimal value of theta: 11194.8542975.
2019-08-12 09:55:05,875 - INFO - Beginning optimization with guess, [0.2792085  0.09818645].
2019-08-12 09:55:07,284 - INFO - Finished optimization with guess, [0.2792085  0.09818645].
2019-08-12 09:55:07,284 - INFO - Best fit parameters: [0.2285378  0.01891679].
2019-08-12 09:55:07,302 - INFO - Maximum log composite likelihood: -42.5267044174.
2019-08-12 09:55:07,303 - INFO - Optimal value of theta: 11198.7035963.
2019-08-12 09:55:07,303 - INFO - Beginning optimization with guess, [0.52911439 0.07893731].
2019-08-12 09:55:09,585 - INFO - Finished optimization with guess, [0.52911439 0.07893731].
2019-08-12 09:55:09,585 - INFO - Best fit parameters: [0.23190975 0.01930754].
2019-08-12 09:55:09,603 - INFO - Maximum log composite likelihood: -42.5259698224.
2019-08-12 09:55:09,604 - INFO - Optimal value of theta: 11199.0464536.
2019-08-12 09:55:09,604 - INFO - Beginning optimization with guess, [0.89688665 0.13198253].
2019-08-12 09:55:11,774 - INFO - Finished optimization with guess, [0.89688665 0.13198253].
2019-08-12 09:55:11,774 - INFO - Best fit parameters: [0.23067148 0.01918533].
2019-08-12 09:55:11,792 - INFO - Maximum log composite likelihood: -42.5257996471.
2019-08-12 09:55:11,793 - INFO - Optimal value of theta: 11200.2871398.
2019-08-12 09:55:11,794 - INFO - Beginning optimization with guess, [0.67982131 0.0877981 ].
2019-08-12 09:55:14,568 - INFO - Finished optimization with guess, [0.67982131 0.0877981 ].
2019-08-12 09:55:14,569 - INFO - Best fit parameters: [0.23204211 0.01932547].
2019-08-12 09:55:14,589 - INFO - Maximum log composite likelihood: -42.5259074572.
2019-08-12 09:55:14,590 - INFO - Optimal value of theta: 11199.2146011.
2019-08-12 09:55:14,590 - INFO - Beginning optimization with guess, [0.90485807 0.16559713].
2019-08-12 09:55:17,121 - INFO - Finished optimization with guess, [0.90485807 0.16559713].
2019-08-12 09:55:17,122 - INFO - Best fit parameters: [0.22576253 0.01854412].
2019-08-12 09:55:17,140 - INFO - Maximum log composite likelihood: -42.5291806499.
2019-08-12 09:55:17,140 - INFO - Optimal value of theta: 11194.8825231.
2019-08-12 09:55:17,141 - INFO - Beginning optimization with guess, [0.84849052 0.18016228].
2019-08-12 09:55:19,233 - INFO - Finished optimization with guess, [0.84849052 0.18016228].
2019-08-12 09:55:19,234 - INFO - Best fit parameters: [0.23002676 0.01908254].
2019-08-12 09:55:19,252 - INFO - Maximum log composite likelihood: -42.5262718475.
2019-08-12 09:55:19,252 - INFO - Optimal value of theta: 11198.4635666.
2019-08-12 09:55:19,253 - INFO - Beginning optimization with guess, [0.46739338 0.05291388].
2019-08-12 09:55:21,230 - INFO - Finished optimization with guess, [0.46739338 0.05291388].
2019-08-12 09:55:21,231 - INFO - Best fit parameters: [0.22372995 0.01832231].
2019-08-12 09:55:21,249 - INFO - Maximum log composite likelihood: -42.5303624097.
2019-08-12 09:55:21,250 - INFO - Optimal value of theta: 11195.2309387.
2019-08-12 09:55:21,250 - INFO - Beginning optimization with guess, [0.78866335 0.07657236].
2019-08-12 09:55:22,796 - INFO - Finished optimization with guess, [0.78866335 0.07657236].
2019-08-12 09:55:22,796 - INFO - Best fit parameters: [0.22902101 0.01896916].
2019-08-12 09:55:22,814 - INFO - Maximum log composite likelihood: -42.5265225823.
2019-08-12 09:55:22,815 - INFO - Optimal value of theta: 11198.540765.
2019-08-12 09:55:22,815 - INFO - Beginning optimization with guess, [0.43707729 0.16369042].
2019-08-12 09:55:24,764 - INFO - Finished optimization with guess, [0.43707729 0.16369042].
2019-08-12 09:55:24,765 - INFO - Best fit parameters: [0.23022802 0.01909799].
2019-08-12 09:55:24,783 - INFO - Maximum log composite likelihood: -42.5264345834.
2019-08-12 09:55:24,783 - INFO - Optimal value of theta: 11197.9906884.
2019-08-12 09:55:24,784 - INFO - Beginning optimization with guess, [0.39914151 0.12117196].
2019-08-12 09:55:26,471 - INFO - Finished optimization with guess, [0.39914151 0.12117196].
2019-08-12 09:55:26,472 - INFO - Best fit parameters: [0.22460858 0.01852421].
2019-08-12 09:55:26,490 - INFO - Maximum log composite likelihood: -42.5326430074.
2019-08-12 09:55:26,491 - INFO - Optimal value of theta: 11202.0170997.
2019-08-12 09:55:26,491 - INFO - Beginning optimization with guess, [0.37483257 0.09153954].
2019-08-12 09:55:28,117 - INFO - Finished optimization with guess, [0.37483257 0.09153954].
2019-08-12 09:55:28,117 - INFO - Best fit parameters: [0.22935729 0.01906528].
2019-08-12 09:55:28,135 - INFO - Maximum log composite likelihood: -42.5270498371.
2019-08-12 09:55:28,136 - INFO - Optimal value of theta: 11202.1947768.
2019-08-12 09:55:28,136 - INFO - Beginning optimization with guess, [0.36574489 0.10258092].
2019-08-12 09:55:29,499 - INFO - Finished optimization with guess, [0.36574489 0.10258092].
2019-08-12 09:55:29,499 - INFO - Best fit parameters: [0.22245869 0.01816167].
2019-08-12 09:55:29,517 - INFO - Maximum log composite likelihood: -42.5317908937.
2019-08-12 09:55:29,518 - INFO - Optimal value of theta: 11193.9464735.
2019-08-12 09:55:29,518 - INFO - Beginning optimization with guess, [0.7726957  0.17112931].
2019-08-12 09:55:31,706 - INFO - Finished optimization with guess, [0.7726957  0.17112931].
2019-08-12 09:55:31,707 - INFO - Best fit parameters: [0.22200053 0.0181177 ].
2019-08-12 09:55:31,725 - INFO - Maximum log composite likelihood: -42.532118771.
2019-08-12 09:55:31,725 - INFO - Optimal value of theta: 11194.3962109.
2019-08-12 09:55:31,726 - INFO - Beginning optimization with guess, [0.76753037 0.07653743].
2019-08-12 09:55:33,606 - INFO - Finished optimization with guess, [0.76753037 0.07653743].
2019-08-12 09:55:33,608 - INFO - Best fit parameters: [0.22509378 0.01839432].
2019-08-12 09:55:33,635 - INFO - Maximum log composite likelihood: -42.5344494582.
2019-08-12 09:55:33,636 - INFO - Optimal value of theta: 11189.9924661.
2019-08-12 09:55:33,636 - INFO - Beginning optimization with guess, [0.49954461 0.12777696].
2019-08-12 09:55:35,270 - INFO - Finished optimization with guess, [0.49954461 0.12777696].
2019-08-12 09:55:35,270 - INFO - Best fit parameters: [0.23262958 0.01944274].
2019-08-12 09:55:35,288 - INFO - Maximum log composite likelihood: -42.5254277478.
2019-08-12 09:55:35,289 - INFO - Optimal value of theta: 11202.2806838.
2019-08-12 09:55:35,289 - INFO - Beginning optimization with guess, [0.27963872 0.14084211].
2019-08-12 09:55:37,970 - INFO - Finished optimization with guess, [0.27963872 0.14084211].
2019-08-12 09:55:37,970 - INFO - Best fit parameters: [0.22287762 0.01819934].
2019-08-12 09:55:37,989 - INFO - Maximum log composite likelihood: -42.5316921151.
2019-08-12 09:55:37,989 - INFO - Optimal value of theta: 11193.3650146.
2019-08-12 09:55:37,990 - INFO - Beginning optimization with guess, [0.68273891 0.05096541].
2019-08-12 09:55:39,795 - INFO - Finished optimization with guess, [0.68273891 0.05096541].
2019-08-12 09:55:39,795 - INFO - Best fit parameters: [0.22651405 0.01856357].
2019-08-12 09:55:39,813 - INFO - Maximum log composite likelihood: -42.5335824997.
2019-08-12 09:55:39,814 - INFO - Optimal value of theta: 11190.6870487.
2019-08-12 09:55:39,814 - INFO - Beginning optimization with guess, [0.37666887 0.12617069].
2019-08-12 09:55:41,449 - INFO - Finished optimization with guess, [0.37666887 0.12617069].
2019-08-12 09:55:41,449 - INFO - Best fit parameters: [0.23282332 0.01938103].
2019-08-12 09:55:41,467 - INFO - Maximum log composite likelihood: -42.527687281.
2019-08-12 09:55:41,468 - INFO - Optimal value of theta: 11197.0899645.
2019-08-12 09:55:41,468 - INFO - Beginning optimization with guess, [0.92807526 0.15956076].
2019-08-12 09:55:44,748 - INFO - Finished optimization with guess, [0.92807526 0.15956076].
2019-08-12 09:55:44,749 - INFO - Best fit parameters: [0.2255176  0.01854841].
2019-08-12 09:55:44,767 - INFO - Maximum log composite likelihood: -42.5287024035.
2019-08-12 09:55:44,767 - INFO - Optimal value of theta: 11196.945601.
2019-08-12 09:55:44,768 - INFO - Beginning optimization with guess, [0.2751887  0.05980453].
2019-08-12 09:55:46,335 - INFO - Finished optimization with guess, [0.2751887  0.05980453].
2019-08-12 09:55:46,336 - INFO - Best fit parameters: [0.22765805 0.0187062 ].
2019-08-12 09:55:46,354 - INFO - Maximum log composite likelihood: -42.5324659859.
2019-08-12 09:55:46,355 - INFO - Optimal value of theta: 11191.604788.
2019-08-12 09:55:46,355 - INFO - Beginning optimization with guess, [0.441597   0.19471833].
2019-08-12 09:55:47,910 - INFO - Finished optimization with guess, [0.441597   0.19471833].
2019-08-12 09:55:47,910 - INFO - Best fit parameters: [0.22940656 0.01895539].
2019-08-12 09:55:47,928 - INFO - Maximum log composite likelihood: -42.5286954461.
2019-08-12 09:55:47,929 - INFO - Optimal value of theta: 11194.8940838.
2019-08-12 09:55:47,929 - INFO - Beginning optimization with guess, [0.68518949 0.18505195].
2019-08-12 09:55:49,905 - INFO - Finished optimization with guess, [0.68518949 0.18505195].
2019-08-12 09:55:49,906 - INFO - Best fit parameters: [0.23080619 0.01922592].
2019-08-12 09:55:49,924 - INFO - Maximum log composite likelihood: -42.5259685086.
2019-08-12 09:55:49,925 - INFO - Optimal value of theta: 11201.8598621.
2019-08-12 09:55:49,925 - INFO - Beginning optimization with guess, [0.50565915 0.05365737].
2019-08-12 09:55:51,624 - INFO - Finished optimization with guess, [0.50565915 0.05365737].
2019-08-12 09:55:51,624 - INFO - Best fit parameters: [0.22540737 0.01847309].
2019-08-12 09:55:51,642 - INFO - Maximum log composite likelihood: -42.5308340272.
2019-08-12 09:55:51,643 - INFO - Optimal value of theta: 11192.8493406.
2019-08-12 09:55:51,644 - INFO - Beginning optimization with guess, [0.79767754 0.15828884].
2019-08-12 09:55:53,671 - INFO - Finished optimization with guess, [0.79767754 0.15828884].
2019-08-12 09:55:53,671 - INFO - Best fit parameters: [0.22800392 0.0187851 ].
2019-08-12 09:55:53,689 - INFO - Maximum log composite likelihood: -42.5292803023.
2019-08-12 09:55:53,690 - INFO - Optimal value of theta: 11194.162278.
2019-08-12 09:55:53,690 - INFO - Beginning optimization with guess, [0.49097599 0.06771834].
2019-08-12 09:55:56,540 - INFO - Finished optimization with guess, [0.49097599 0.06771834].
2019-08-12 09:55:56,541 - INFO - Best fit parameters: [0.23130735 0.01922528].
2019-08-12 09:55:56,559 - INFO - Maximum log composite likelihood: -42.5263252008.
2019-08-12 09:55:56,559 - INFO - Optimal value of theta: 11198.2296744.
2019-08-12 09:55:56,560 - INFO - Beginning optimization with guess, [0.53910009 0.13219309].
2019-08-12 09:55:58,255 - INFO - Finished optimization with guess, [0.53910009 0.13219309].
2019-08-12 09:55:58,255 - INFO - Best fit parameters: [0.23134766 0.01928441].
2019-08-12 09:55:58,273 - INFO - Maximum log composite likelihood: -42.5256833794.
2019-08-12 09:55:58,274 - INFO - Optimal value of theta: 11201.6272342.
2019-08-12 09:55:58,275 - INFO - Beginning optimization with guess, [0.30827907 0.08930232].
2019-08-12 09:56:00,171 - INFO - Finished optimization with guess, [0.30827907 0.08930232].
2019-08-12 09:56:00,171 - INFO - Best fit parameters: [0.22905476 0.01889055].
2019-08-12 09:56:00,189 - INFO - Maximum log composite likelihood: -42.5304753098.
2019-08-12 09:56:00,190 - INFO - Optimal value of theta: 11193.3116708.
2019-08-12 09:56:00,191 - INFO - Beginning optimization with guess, [0.27101038 0.12123213].
2019-08-12 09:56:01,833 - INFO - Finished optimization with guess, [0.27101038 0.12123213].
2019-08-12 09:56:01,834 - INFO - Best fit parameters: [0.22794838 0.01880718].
2019-08-12 09:56:01,852 - INFO - Maximum log composite likelihood: -42.5278287712.
2019-08-12 09:56:01,853 - INFO - Optimal value of theta: 11195.9747626.
2019-08-12 09:56:01,853 - INFO - Beginning optimization with guess, [0.99984725 0.06315287].
2019-08-12 09:56:04,299 - INFO - Finished optimization with guess, [0.99984725 0.06315287].
2019-08-12 09:56:04,299 - INFO - Best fit parameters: [0.23163126 0.01926272].
2019-08-12 09:56:04,317 - INFO - Maximum log composite likelihood: -42.5263543765.
2019-08-12 09:56:04,318 - INFO - Optimal value of theta: 11198.2484581.
2019-08-12 09:56:04,318 - INFO - Beginning optimization with guess, [0.55832057 0.05252514].
2019-08-12 09:56:06,681 - INFO - Finished optimization with guess, [0.55832057 0.05252514].
2019-08-12 09:56:06,681 - INFO - Best fit parameters: [0.22638446 0.01861714].
2019-08-12 09:56:06,699 - INFO - Maximum log composite likelihood: -42.5288079955.
2019-08-12 09:56:06,700 - INFO - Optimal value of theta: 11195.0907827.
2019-08-12 09:56:06,700 - INFO - Beginning optimization with guess, [0.57563403 0.18049505].
2019-08-12 09:56:08,570 - INFO - Finished optimization with guess, [0.57563403 0.18049505].
2019-08-12 09:56:08,571 - INFO - Best fit parameters: [0.22902373 0.01898781].
2019-08-12 09:56:08,589 - INFO - Maximum log composite likelihood: -42.526461584.
2019-08-12 09:56:08,590 - INFO - Optimal value of theta: 11199.7029438.
2019-08-12 09:56:08,591 - INFO - Beginning optimization with guess, [0.92484894 0.15800026].
2019-08-12 09:56:11,124 - INFO - Finished optimization with guess, [0.92484894 0.15800026].
2019-08-12 09:56:11,124 - INFO - Best fit parameters: [0.22419807 0.01834595].
2019-08-12 09:56:11,142 - INFO - Maximum log composite likelihood: -42.5308724485.
2019-08-12 09:56:11,143 - INFO - Optimal value of theta: 11193.3578813.
2019-08-12 09:56:11,143 - INFO - Beginning optimization with guess, [0.39200883 0.05139764].
2019-08-12 09:56:12,500 - INFO - Finished optimization with guess, [0.39200883 0.05139764].
2019-08-12 09:56:12,500 - INFO - Best fit parameters: [0.22889838 0.01892196].
2019-08-12 09:56:12,518 - INFO - Maximum log composite likelihood: -42.5273989528.
2019-08-12 09:56:12,519 - INFO - Optimal value of theta: 11196.4311205.
2019-08-12 09:56:12,519 - INFO - Beginning optimization with guess, [0.29826215 0.06205639].
2019-08-12 09:56:14,469 - INFO - Finished optimization with guess, [0.29826215 0.06205639].
2019-08-12 09:56:14,469 - INFO - Best fit parameters: [0.23156828 0.01922218].
2019-08-12 09:56:14,487 - INFO - Maximum log composite likelihood: -42.5280298617.
2019-08-12 09:56:14,488 - INFO - Optimal value of theta: 11196.1726632.
2019-08-12 09:56:14,488 - INFO - Beginning optimization with guess, [0.56812291 0.1045154 ].
2019-08-12 09:56:16,431 - INFO - Finished optimization with guess, [0.56812291 0.1045154 ].
2019-08-12 09:56:16,431 - INFO - Best fit parameters: [0.22343299 0.01824914].
2019-08-12 09:56:16,449 - INFO - Maximum log composite likelihood: -42.5318305145.
2019-08-12 09:56:16,450 - INFO - Optimal value of theta: 11192.5844946.
2019-08-12 09:56:16,450 - INFO - Beginning optimization with guess, [0.60476025 0.07455813].
2019-08-12 09:56:18,751 - INFO - Finished optimization with guess, [0.60476025 0.07455813].
2019-08-12 09:56:18,752 - INFO - Best fit parameters: [0.22862865 0.01883923].
2019-08-12 09:56:18,770 - INFO - Maximum log composite likelihood: -42.5306059388.
2019-08-12 09:56:18,771 - INFO - Optimal value of theta: 11193.1129363.
2019-08-12 09:56:18,771 - INFO - Beginning optimization with guess, [0.35335321 0.15318068].
2019-08-12 09:56:20,514 - INFO - Finished optimization with guess, [0.35335321 0.15318068].
2019-08-12 09:56:20,514 - INFO - Best fit parameters: [0.22443782 0.01834358].
2019-08-12 09:56:20,532 - INFO - Maximum log composite likelihood: -42.5325250125.
2019-08-12 09:56:20,533 - INFO - Optimal value of theta: 11191.4509351.
2019-08-12 09:56:20,533 - INFO - Beginning optimization with guess, [0.46263719 0.16912927].
2019-08-12 09:56:22,180 - INFO - Finished optimization with guess, [0.46263719 0.16912927].
2019-08-12 09:56:22,181 - INFO - Best fit parameters: [0.22572525 0.01854994].
2019-08-12 09:56:22,199 - INFO - Maximum log composite likelihood: -42.5288908218.
2019-08-12 09:56:22,200 - INFO - Optimal value of theta: 11195.5314283.
2019-08-12 09:56:22,201 - INFO - Beginning optimization with guess, [0.57944113 0.11158275].
2019-08-12 09:56:23,987 - INFO - Finished optimization with guess, [0.57944113 0.11158275].
2019-08-12 09:56:23,988 - INFO - Best fit parameters: [0.22192265 0.01808268].
2019-08-12 09:56:24,006 - INFO - Maximum log composite likelihood: -42.5328053728.
2019-08-12 09:56:24,007 - INFO - Optimal value of theta: 11192.6349893.
2019-08-12 09:56:24,007 - INFO - Beginning optimization with guess, [0.52600431 0.17652215].
2019-08-12 09:56:25,706 - INFO - Finished optimization with guess, [0.52600431 0.17652215].
2019-08-12 09:56:25,706 - INFO - Best fit parameters: [0.23077119 0.01912561].
2019-08-12 09:56:25,724 - INFO - Maximum log composite likelihood: -42.5280858601.
2019-08-12 09:56:25,725 - INFO - Optimal value of theta: 11195.8319342.
2019-08-12 09:56:25,725 - INFO - Beginning optimization with guess, [0.2802038  0.09537572].
2019-08-12 09:56:27,923 - INFO - Finished optimization with guess, [0.2802038  0.09537572].
2019-08-12 09:56:27,924 - INFO - Best fit parameters: [0.22520245 0.01847582].
2019-08-12 09:56:27,942 - INFO - Maximum log composite likelihood: -42.52964609.
2019-08-12 09:56:27,942 - INFO - Optimal value of theta: 11194.5196299.
2019-08-12 09:56:27,943 - INFO - Beginning optimization with guess, [0.69275552 0.07707688].
2019-08-12 09:56:30,147 - INFO - Finished optimization with guess, [0.69275552 0.07707688].
2019-08-12 09:56:30,147 - INFO - Best fit parameters: [0.23175219 0.01932243].
2019-08-12 09:56:30,165 - INFO - Maximum log composite likelihood: -42.5255190849.
2019-08-12 09:56:30,166 - INFO - Optimal value of theta: 11201.0968107.
2019-08-12 09:56:30,166 - INFO - Beginning optimization with guess, [0.34131578 0.05971331].
2019-08-12 09:56:32,013 - INFO - Finished optimization with guess, [0.34131578 0.05971331].
2019-08-12 09:56:32,014 - INFO - Best fit parameters: [0.22407199 0.01836852].
2019-08-12 09:56:32,032 - INFO - Maximum log composite likelihood: -42.5299852344.
2019-08-12 09:56:32,033 - INFO - Optimal value of theta: 11195.7620984.
2019-08-12 09:56:32,033 - INFO - Beginning optimization with guess, [0.81818903 0.07981563].
2019-08-12 09:56:33,968 - INFO - Finished optimization with guess, [0.81818903 0.07981563].
2019-08-12 09:56:33,969 - INFO - Best fit parameters: [0.23136478 0.01923417].
2019-08-12 09:56:33,987 - INFO - Maximum log composite likelihood: -42.5262524283.
2019-08-12 09:56:33,987 - INFO - Optimal value of theta: 11198.3734227.
2019-08-12 09:56:33,988 - INFO - Beginning optimization with guess, [0.99346191 0.13256759].
2019-08-12 09:56:35,781 - INFO - Finished optimization with guess, [0.99346191 0.13256759].
2019-08-12 09:56:35,781 - INFO - Best fit parameters: [0.22023705 0.01793611].
2019-08-12 09:56:35,799 - INFO - Maximum log composite likelihood: -42.5343205964.
2019-08-12 09:56:35,800 - INFO - Optimal value of theta: 11195.2708445.
2019-08-12 09:56:35,800 - INFO - Beginning optimization with guess, [0.34926014 0.16884746].
2019-08-12 09:56:37,869 - INFO - Finished optimization with guess, [0.34926014 0.16884746].
2019-08-12 09:56:37,870 - INFO - Best fit parameters: [0.22538847 0.01853121].
2019-08-12 09:56:37,888 - INFO - Maximum log composite likelihood: -42.5288136232.
2019-08-12 09:56:37,889 - INFO - Optimal value of theta: 11196.7690448.
2019-08-12 09:56:37,889 - INFO - Beginning optimization with guess, [0.994766   0.08412548].
2019-08-12 09:56:39,811 - INFO - Finished optimization with guess, [0.994766   0.08412548].
2019-08-12 09:56:39,813 - INFO - Best fit parameters: [0.22894825 0.01887127].
2019-08-12 09:56:39,837 - INFO - Maximum log composite likelihood: -42.5310701159.
2019-08-12 09:56:39,837 - INFO - Optimal value of theta: 11192.8527996.
2019-08-12 09:56:39,838 - INFO - Beginning optimization with guess, [0.42020888 0.06284891].
2019-08-12 09:56:41,409 - INFO - Finished optimization with guess, [0.42020888 0.06284891].
2019-08-12 09:56:41,409 - INFO - Best fit parameters: [0.22611219 0.01861819].
2019-08-12 09:56:41,427 - INFO - Maximum log composite likelihood: -42.5282541999.
2019-08-12 09:56:41,428 - INFO - Optimal value of theta: 11197.1375586.
2019-08-12 09:56:41,429 - INFO - Beginning optimization with guess, [0.85286453 0.12742113].
2019-08-12 09:56:43,452 - INFO - Finished optimization with guess, [0.85286453 0.12742113].
2019-08-12 09:56:43,453 - INFO - Best fit parameters: [0.23196838 0.01932484].
2019-08-12 09:56:43,471 - INFO - Maximum log composite likelihood: -42.525717559.
2019-08-12 09:56:43,471 - INFO - Optimal value of theta: 11199.70196.
2019-08-12 09:56:43,472 - INFO - Beginning optimization with guess, [0.28014837 0.06081771].
2019-08-12 09:56:47,068 - INFO - Finished optimization with guess, [0.28014837 0.06081771].
2019-08-12 09:56:47,068 - INFO - Best fit parameters: [0.22099679 0.01800827].
2019-08-12 09:56:47,086 - INFO - Maximum log composite likelihood: -42.5332204207.
2019-08-12 09:56:47,087 - INFO - Optimal value of theta: 11194.4934299.
2019-08-12 09:56:47,087 - INFO - Beginning optimization with guess, [0.32393906 0.0514807 ].
2019-08-12 09:56:48,706 - INFO - Finished optimization with guess, [0.32393906 0.0514807 ].
2019-08-12 09:56:48,706 - INFO - Best fit parameters: [0.23080493 0.01913731].
2019-08-12 09:56:48,724 - INFO - Maximum log composite likelihood: -42.5276258406.
2019-08-12 09:56:48,725 - INFO - Optimal value of theta: 11196.3235408.
2019-08-12 09:56:48,725 - INFO - Beginning optimization with guess, [0.76108236 0.1447541 ].
2019-08-12 09:56:51,086 - INFO - Finished optimization with guess, [0.76108236 0.1447541 ].
2019-08-12 09:56:51,086 - INFO - Best fit parameters: [0.22790976 0.01883755].
2019-08-12 09:56:51,104 - INFO - Maximum log composite likelihood: -42.5270620681.
2019-08-12 09:56:51,105 - INFO - Optimal value of theta: 11198.1940914.
2019-08-12 09:56:51,105 - INFO - Beginning optimization with guess, [0.37731571 0.06394224].
2019-08-12 09:56:52,727 - INFO - Finished optimization with guess, [0.37731571 0.06394224].
2019-08-12 09:56:52,729 - INFO - Best fit parameters: [0.23291815 0.01944843].
2019-08-12 09:56:52,749 - INFO - Maximum log composite likelihood: -42.5255096274.
2019-08-12 09:56:52,749 - INFO - Optimal value of theta: 11200.5743095.
2019-08-12 09:56:52,750 - INFO - Beginning optimization with guess, [0.2701929  0.06027506].
2019-08-12 09:56:54,217 - INFO - Finished optimization with guess, [0.2701929  0.06027506].
2019-08-12 09:56:54,217 - INFO - Best fit parameters: [0.22218963 0.01822645].
2019-08-12 09:56:54,235 - INFO - Maximum log composite likelihood: -42.5346835027.
2019-08-12 09:56:54,236 - INFO - Optimal value of theta: 11200.2331011.
2019-08-12 09:56:54,237 - INFO - Beginning optimization with guess, [0.79447988 0.06900253].
2019-08-12 09:56:56,048 - INFO - Finished optimization with guess, [0.79447988 0.06900253].
2019-08-12 09:56:56,049 - INFO - Best fit parameters: [0.22784501 0.01878511].
2019-08-12 09:56:56,067 - INFO - Maximum log composite likelihood: -42.5282893669.
2019-08-12 09:56:56,067 - INFO - Optimal value of theta: 11195.3104767.
2019-08-12 09:56:56,068 - INFO - Beginning optimization with guess, [0.99372547 0.1287088 ].
2019-08-12 09:56:58,013 - INFO - Finished optimization with guess, [0.99372547 0.1287088 ].
2019-08-12 09:56:58,013 - INFO - Best fit parameters: [0.23230858 0.01932941].
2019-08-12 09:56:58,031 - INFO - Maximum log composite likelihood: -42.5270237568.
2019-08-12 09:56:58,032 - INFO - Optimal value of theta: 11197.5590587.
2019-08-12 09:56:58,032 - INFO - Beginning optimization with guess, [0.5781239  0.05294855].
2019-08-12 09:56:59,947 - INFO - Finished optimization with guess, [0.5781239  0.05294855].
2019-08-12 09:56:59,947 - INFO - Best fit parameters: [0.21848385 0.01766217].
2019-08-12 09:56:59,965 - INFO - Maximum log composite likelihood: -42.537729253.
2019-08-12 09:56:59,966 - INFO - Optimal value of theta: 11189.7001764.
2019-08-12 09:56:59,966 - INFO - Beginning optimization with guess, [0.7049639  0.16386472].
2019-08-12 09:57:02,382 - INFO - Finished optimization with guess, [0.7049639  0.16386472].
2019-08-12 09:57:02,382 - INFO - Best fit parameters: [0.22554935 0.01851017].
2019-08-12 09:57:02,400 - INFO - Maximum log composite likelihood: -42.5296688703.
2019-08-12 09:57:02,401 - INFO - Optimal value of theta: 11194.228591.
2019-08-12 09:57:02,401 - INFO - Beginning optimization with guess, [0.28779896 0.11365142].
2019-08-12 09:57:04,195 - INFO - Finished optimization with guess, [0.28779896 0.11365142].
2019-08-12 09:57:04,195 - INFO - Best fit parameters: [0.22668852 0.01874626].
2019-08-12 09:57:04,213 - INFO - Maximum log composite likelihood: -42.5290031527.
2019-08-12 09:57:04,214 - INFO - Optimal value of theta: 11201.2046593.
2019-08-12 09:57:04,214 - INFO - Beginning optimization with guess, [0.99680441 0.06160447].
2019-08-12 09:57:06,117 - INFO - Finished optimization with guess, [0.99680441 0.06160447].
2019-08-12 09:57:06,117 - INFO - Best fit parameters: [0.23155279 0.01922059].
2019-08-12 09:57:06,135 - INFO - Maximum log composite likelihood: -42.5280121064.
2019-08-12 09:57:06,136 - INFO - Optimal value of theta: 11196.1835834.
2019-08-12 09:57:06,136 - INFO - Beginning optimization with guess, [0.98368543 0.18379343].
2019-08-12 09:57:08,733 - INFO - Finished optimization with guess, [0.98368543 0.18379343].
2019-08-12 09:57:08,735 - INFO - Best fit parameters: [0.23157256 0.0192943 ].
2019-08-12 09:57:08,753 - INFO - Maximum log composite likelihood: -42.5255677267.
2019-08-12 09:57:08,753 - INFO - Optimal value of theta: 11200.6331404.
2019-08-12 09:57:08,754 - INFO - Beginning optimization with guess, [0.41626031 0.1246536 ].
2019-08-12 09:57:10,337 - INFO - Finished optimization with guess, [0.41626031 0.1246536 ].
2019-08-12 09:57:10,337 - INFO - Best fit parameters: [0.22929923 0.0189201 ].
2019-08-12 09:57:10,355 - INFO - Maximum log composite likelihood: -42.5304035996.
2019-08-12 09:57:10,356 - INFO - Optimal value of theta: 11193.4296558.
2019-08-12 09:57:10,356 - INFO - Beginning optimization with guess, [0.69898748 0.10898072].
2019-08-12 09:57:13,214 - INFO - Finished optimization with guess, [0.69898748 0.10898072].
2019-08-12 09:57:13,214 - INFO - Best fit parameters: [0.23168697 0.019253  ].
2019-08-12 09:57:13,232 - INFO - Maximum log composite likelihood: -42.5270757085.
2019-08-12 09:57:13,233 - INFO - Optimal value of theta: 11197.2453188.
2019-08-12 09:57:13,233 - INFO - Beginning optimization with guess, [0.54592262 0.08095258].
2019-08-12 09:57:15,337 - INFO - Finished optimization with guess, [0.54592262 0.08095258].
2019-08-12 09:57:15,338 - INFO - Best fit parameters: [0.2318024 0.0192752].
2019-08-12 09:57:15,356 - INFO - Maximum log composite likelihood: -42.5266793823.
2019-08-12 09:57:15,357 - INFO - Optimal value of theta: 11197.802988.
2019-08-12 09:57:15,358 - INFO - Beginning optimization with guess, [0.32784699 0.05896001].
2019-08-12 09:57:17,381 - INFO - Finished optimization with guess, [0.32784699 0.05896001].
2019-08-12 09:57:17,381 - INFO - Best fit parameters: [0.22904835 0.01893904].
2019-08-12 09:57:17,399 - INFO - Maximum log composite likelihood: -42.5273828968.
2019-08-12 09:57:17,400 - INFO - Optimal value of theta: 11196.4349993.
2019-08-12 09:57:17,400 - INFO - Beginning optimization with guess, [0.54642693 0.11741185].
2019-08-12 09:57:19,850 - INFO - Finished optimization with guess, [0.54642693 0.11741185].
2019-08-12 09:57:19,850 - INFO - Best fit parameters: [0.22941413 0.01901208].
2019-08-12 09:57:19,868 - INFO - Maximum log composite likelihood: -42.5264212529.
2019-08-12 09:57:19,869 - INFO - Optimal value of theta: 11198.4251415.
2019-08-12 09:57:19,869 - INFO - Beginning optimization with guess, [0.38213386 0.08575145].
2019-08-12 09:57:21,460 - INFO - Finished optimization with guess, [0.38213386 0.08575145].
2019-08-12 09:57:21,461 - INFO - Best fit parameters: [0.23110626 0.01915366].
2019-08-12 09:57:21,479 - INFO - Maximum log composite likelihood: -42.5289193055.
2019-08-12 09:57:21,479 - INFO - Optimal value of theta: 11195.1926566.
2019-08-12 09:57:21,480 - INFO - Beginning optimization with guess, [0.70248509 0.07646584].
2019-08-12 09:57:23,920 - INFO - Finished optimization with guess, [0.70248509 0.07646584].
2019-08-12 09:57:23,921 - INFO - Best fit parameters: [0.22909344 0.01890154].
2019-08-12 09:57:23,939 - INFO - Maximum log composite likelihood: -42.5299451136.
2019-08-12 09:57:23,939 - INFO - Optimal value of theta: 11193.7315208.
2019-08-12 09:57:23,940 - INFO - Beginning optimization with guess, [0.86239495 0.12869321].
2019-08-12 09:57:26,212 - INFO - Finished optimization with guess, [0.86239495 0.12869321].
2019-08-12 09:57:26,212 - INFO - Best fit parameters: [0.23025052 0.01911285].
2019-08-12 09:57:26,230 - INFO - Maximum log composite likelihood: -42.5261396185.
2019-08-12 09:57:26,231 - INFO - Optimal value of theta: 11198.7628155.
2019-08-12 09:57:26,231 - INFO - Beginning optimization with guess, [0.64484848 0.09225394].
2019-08-12 09:57:28,131 - INFO - Finished optimization with guess, [0.64484848 0.09225394].
2019-08-12 09:57:28,132 - INFO - Best fit parameters: [0.22963521 0.0189653 ].
2019-08-12 09:57:28,150 - INFO - Maximum log composite likelihood: -42.5299361794.
2019-08-12 09:57:28,151 - INFO - Optimal value of theta: 11193.8792652.
2019-08-12 09:57:28,152 - INFO - Beginning optimization with guess, [0.3389466  0.06345532].
2019-08-12 09:57:30,172 - INFO - Finished optimization with guess, [0.3389466  0.06345532].
2019-08-12 09:57:30,172 - INFO - Best fit parameters: [0.2305992 0.0190949].
2019-08-12 09:57:30,190 - INFO - Maximum log composite likelihood: -42.5287723001.
2019-08-12 09:57:30,191 - INFO - Optimal value of theta: 11195.1360617.
2019-08-12 09:57:30,191 - INFO - Beginning optimization with guess, [0.29693119 0.05425604].
2019-08-12 09:57:31,827 - INFO - Finished optimization with guess, [0.29693119 0.05425604].
2019-08-12 09:57:31,828 - INFO - Best fit parameters: [0.23008367 0.01903755].
2019-08-12 09:57:31,846 - INFO - Maximum log composite likelihood: -42.5285103968.
2019-08-12 09:57:31,847 - INFO - Optimal value of theta: 11195.2226993.
2019-08-12 09:57:31,847 - INFO - Beginning optimization with guess, [0.2505664 0.1200517].
2019-08-12 09:57:35,364 - INFO - Finished optimization with guess, [0.2505664 0.1200517].
2019-08-12 09:57:35,364 - INFO - Best fit parameters: [0.22468145 0.01842003].
2019-08-12 09:57:35,382 - INFO - Maximum log composite likelihood: -42.5298528818.
2019-08-12 09:57:35,383 - INFO - Optimal value of theta: 11194.6798717.
2019-08-12 09:57:35,384 - INFO - Beginning optimization with guess, [0.61296657 0.17797018].
2019-08-12 09:57:37,984 - INFO - Finished optimization with guess, [0.61296657 0.17797018].
2019-08-12 09:57:37,986 - INFO - Best fit parameters: [0.22828706 0.01886154].
2019-08-12 09:57:38,004 - INFO - Maximum log composite likelihood: -42.5272233814.
2019-08-12 09:57:38,005 - INFO - Optimal value of theta: 11196.9972959.
2019-08-12 09:57:38,005 - INFO - Beginning optimization with guess, [0.66674969 0.07973494].
2019-08-12 09:57:39,846 - INFO - Finished optimization with guess, [0.66674969 0.07973494].
2019-08-12 09:57:39,847 - INFO - Best fit parameters: [0.22963998 0.01897931].
2019-08-12 09:57:39,865 - INFO - Maximum log composite likelihood: -42.5289220227.
2019-08-12 09:57:39,865 - INFO - Optimal value of theta: 11194.7306232.
2019-08-12 09:57:39,866 - INFO - Beginning optimization with guess, [0.53965877 0.16370561].
2019-08-12 09:57:41,580 - INFO - Finished optimization with guess, [0.53965877 0.16370561].
2019-08-12 09:57:41,580 - INFO - Best fit parameters: [0.23132026 0.01920536].
2019-08-12 09:57:41,598 - INFO - Maximum log composite likelihood: -42.5272634804.
2019-08-12 09:57:41,599 - INFO - Optimal value of theta: 11196.8941229.
2019-08-12 09:57:41,599 - INFO - Beginning optimization with guess, [0.99019327 0.06173876].
2019-08-12 09:57:43,577 - INFO - Finished optimization with guess, [0.99019327 0.06173876].
2019-08-12 09:57:43,578 - INFO - Best fit parameters: [0.23181707 0.01925666].
2019-08-12 09:57:43,596 - INFO - Maximum log composite likelihood: -42.5277558638.
2019-08-12 09:57:43,596 - INFO - Optimal value of theta: 11196.5448906.
2019-08-12 09:57:43,597 - INFO - Beginning optimization with guess, [0.37980328 0.13718488].
2019-08-12 09:57:45,983 - INFO - Finished optimization with guess, [0.37980328 0.13718488].
2019-08-12 09:57:45,984 - INFO - Best fit parameters: [0.23275874 0.01942184].
2019-08-12 09:57:46,002 - INFO - Maximum log composite likelihood: -42.5256483443.
2019-08-12 09:57:46,003 - INFO - Optimal value of theta: 11200.0693537.
2019-08-12 09:57:46,003 - INFO - Beginning optimization with guess, [0.70578016 0.10571002].
2019-08-12 09:57:48,128 - INFO - Finished optimization with guess, [0.70578016 0.10571002].
2019-08-12 09:57:48,129 - INFO - Best fit parameters: [0.22563334 0.01852625].
2019-08-12 09:57:48,147 - INFO - Maximum log composite likelihood: -42.5293625885.
2019-08-12 09:57:48,148 - INFO - Optimal value of theta: 11194.6625956.
2019-08-12 09:57:48,148 - INFO - Beginning optimization with guess, [0.96295603 0.10513878].
2019-08-12 09:57:49,989 - INFO - Finished optimization with guess, [0.96295603 0.10513878].
2019-08-12 09:57:49,989 - INFO - Best fit parameters: [0.22876115 0.01887504].
2019-08-12 09:57:50,007 - INFO - Maximum log composite likelihood: -42.5290627866.
2019-08-12 09:57:50,008 - INFO - Optimal value of theta: 11194.4385832.
2019-08-12 09:57:50,008 - INFO - Beginning optimization with guess, [0.27971128 0.08902274].
2019-08-12 09:57:51,433 - INFO - Finished optimization with guess, [0.27971128 0.08902274].
2019-08-12 09:57:51,433 - INFO - Best fit parameters: [0.23134427 0.01921133].
2019-08-12 09:57:51,451 - INFO - Maximum log composite likelihood: -42.5271031248.
2019-08-12 09:57:51,452 - INFO - Optimal value of theta: 11197.0956808.
2019-08-12 09:57:51,453 - INFO - Beginning optimization with guess, [0.49061366 0.14925429].
2019-08-12 09:57:54,131 - INFO - Finished optimization with guess, [0.49061366 0.14925429].
2019-08-12 09:57:54,131 - INFO - Best fit parameters: [0.22334248 0.01828842].
2019-08-12 09:57:54,149 - INFO - Maximum log composite likelihood: -42.5306519111.
2019-08-12 09:57:54,150 - INFO - Optimal value of theta: 11195.8411401.
2019-08-12 09:57:54,151 - INFO - Beginning optimization with guess, [0.46125751 0.19886109].
2019-08-12 09:57:56,646 - INFO - Finished optimization with guess, [0.46125751 0.19886109].
2019-08-12 09:57:56,646 - INFO - Best fit parameters: [0.22320946 0.01823379].
2019-08-12 09:57:56,664 - INFO - Maximum log composite likelihood: -42.5315459993.
2019-08-12 09:57:56,665 - INFO - Optimal value of theta: 11193.208999.
2019-08-12 09:57:56,666 - INFO - Beginning optimization with guess, [0.4363208 0.0887715].
2019-08-12 09:57:58,757 - INFO - Finished optimization with guess, [0.4363208 0.0887715].
2019-08-12 09:57:58,759 - INFO - Best fit parameters: [0.23169661 0.01928189].
2019-08-12 09:57:58,779 - INFO - Maximum log composite likelihood: -42.5259848609.
2019-08-12 09:57:58,779 - INFO - Optimal value of theta: 11198.9744253.
2019-08-12 09:57:58,780 - INFO - Beginning optimization with guess, [0.69434879 0.07198339].
2019-08-12 09:58:00,918 - INFO - Finished optimization with guess, [0.69434879 0.07198339].
2019-08-12 09:58:00,918 - INFO - Best fit parameters: [0.22861118 0.01884321].
2019-08-12 09:58:00,936 - INFO - Maximum log composite likelihood: -42.5301154661.
2019-08-12 09:58:00,937 - INFO - Optimal value of theta: 11193.4924343.
2019-08-12 09:58:00,937 - INFO - Beginning optimization with guess, [0.66823696 0.17243268].
2019-08-12 09:58:03,233 - INFO - Finished optimization with guess, [0.66823696 0.17243268].
2019-08-12 09:58:03,234 - INFO - Best fit parameters: [0.22389441 0.01834987].
2019-08-12 09:58:03,252 - INFO - Maximum log composite likelihood: -42.5301324494.
2019-08-12 09:58:03,253 - INFO - Optimal value of theta: 11195.837975.
2019-08-12 09:58:03,253 - INFO - Beginning optimization with guess, [0.74908257 0.05039969].
2019-08-12 09:58:05,599 - INFO - Finished optimization with guess, [0.74908257 0.05039969].
2019-08-12 09:58:05,599 - INFO - Best fit parameters: [0.22911649 0.01890622].
2019-08-12 09:58:05,617 - INFO - Maximum log composite likelihood: -42.5297895742.
2019-08-12 09:58:05,618 - INFO - Optimal value of theta: 11193.8627757.
2019-08-12 09:58:05,618 - INFO - Beginning optimization with guess, [0.98357857 0.0754654 ].
2019-08-12 09:58:07,737 - INFO - Finished optimization with guess, [0.98357857 0.0754654 ].
2019-08-12 09:58:07,737 - INFO - Best fit parameters: [0.22507906 0.01845313].
2019-08-12 09:58:07,755 - INFO - Maximum log composite likelihood: -42.530058889.
2019-08-12 09:58:07,756 - INFO - Optimal value of theta: 11193.9401712.
2019-08-12 09:58:07,756 - INFO - Beginning optimization with guess, [0.29572126 0.08993223].
2019-08-12 09:58:11,834 - INFO - Finished optimization with guess, [0.29572126 0.08993223].
2019-08-12 09:58:11,834 - INFO - Best fit parameters: [0.22348338 0.01830551].
2019-08-12 09:58:11,852 - INFO - Maximum log composite likelihood: -42.5305124562.
2019-08-12 09:58:11,853 - INFO - Optimal value of theta: 11195.9336105.
2019-08-12 09:58:11,853 - INFO - Beginning optimization with guess, [0.46339878 0.15109009].
2019-08-12 09:58:13,944 - INFO - Finished optimization with guess, [0.46339878 0.15109009].
2019-08-12 09:58:13,945 - INFO - Best fit parameters: [0.2307803  0.01917659].
2019-08-12 09:58:13,963 - INFO - Maximum log composite likelihood: -42.5260062494.
2019-08-12 09:58:13,964 - INFO - Optimal value of theta: 11198.9600124.
2019-08-12 09:58:13,965 - INFO - Beginning optimization with guess, [0.69022453 0.11579066].
2019-08-12 09:58:15,915 - INFO - Finished optimization with guess, [0.69022453 0.11579066].
2019-08-12 09:58:15,916 - INFO - Best fit parameters: [0.22210696 0.01807912].
2019-08-12 09:58:15,934 - INFO - Maximum log composite likelihood: -42.5338552283.
2019-08-12 09:58:15,934 - INFO - Optimal value of theta: 11191.0398126.
2019-08-12 09:58:15,935 - INFO - Beginning optimization with guess, [0.25318584 0.05501831].
2019-08-12 09:58:18,914 - INFO - Finished optimization with guess, [0.25318584 0.05501831].
2019-08-12 09:58:18,915 - INFO - Best fit parameters: [0.2234185  0.01829764].
2019-08-12 09:58:18,933 - INFO - Maximum log composite likelihood: -42.5305764619.
2019-08-12 09:58:18,934 - INFO - Optimal value of theta: 11195.8907.
2019-08-12 09:58:18,934 - INFO - Beginning optimization with guess, [0.39489902 0.11668441].
2019-08-12 09:58:20,888 - INFO - Finished optimization with guess, [0.39489902 0.11668441].
2019-08-12 09:58:20,890 - INFO - Best fit parameters: [0.23252182 0.01939372].
2019-08-12 09:58:20,909 - INFO - Maximum log composite likelihood: -42.5256413396.
2019-08-12 09:58:20,910 - INFO - Optimal value of theta: 11200.0206396.
2019-08-12 09:58:20,910 - INFO - Beginning optimization with guess, [0.96963122 0.19233379].
2019-08-12 09:58:23,273 - INFO - Finished optimization with guess, [0.96963122 0.19233379].
2019-08-12 09:58:23,274 - INFO - Best fit parameters: [0.22831724 0.01885062].
2019-08-12 09:58:23,292 - INFO - Maximum log composite likelihood: -42.5276935882.
2019-08-12 09:58:23,293 - INFO - Optimal value of theta: 11196.0830435.
2019-08-12 09:58:23,293 - INFO - Finished demographic inference.
2019-08-12 09:58:23,294 - INFO - Beginning DFE inference.
2019-08-12 10:00:24,514 - INFO - Beginning optimization with guess, [9.70511963e-02 3.88155393e+04].
2019-08-12 10:00:40,757 - INFO - Finished optomization, results are [-46.515088922780706 array([1.00195675e-01, 6.93845134e+05])].
2019-08-12 10:00:40,760 - INFO - Beginning optimization with guess, [8.71008622e-02 3.62765523e+04].
2019-08-12 10:00:48,700 - INFO - Finished optomization, results are [-46.50955245873956 array([1.00822638e-01, 6.43513205e+05])].
2019-08-12 10:00:48,700 - INFO - Beginning optimization with guess, [4.68506119e-02 1.56876221e+04].
2019-08-12 10:00:58,052 - INFO - Finished optomization, results are [-46.4651787635521 array([1.02552314e-01, 5.30145829e+05])].
2019-08-12 10:00:58,055 - INFO - Beginning optimization with guess, [7.99213188e-02 2.17956288e+04].
2019-08-12 10:01:11,760 - INFO - Finished optomization, results are [-46.485330857058216 array([1.01427023e-01, 6.01306014e+05])].
2019-08-12 10:01:11,763 - INFO - Beginning optimization with guess, [1.52245384e-01 3.46020457e+04].
2019-08-12 10:01:24,220 - INFO - Finished optomization, results are [-46.551374516528085 array([9.91701050e-02, 7.84308317e+05])].
2019-08-12 10:01:24,222 - INFO - Beginning optimization with guess, [1.78895666e-01 4.67638950e+04].
2019-08-12 10:01:43,243 - INFO - Finished optomization, results are [-46.565393084601965 array([9.92073835e-02, 7.78800373e+05])].
2019-08-12 10:01:43,246 - INFO - Beginning optimization with guess, [9.04264375e-02 2.21663187e+04].
2019-08-12 10:01:58,746 - INFO - Finished optomization, results are [-46.537062697263536 array([9.97592876e-02, 7.29768338e+05])].
2019-08-12 10:01:58,749 - INFO - Beginning optimization with guess, [8.38070637e-02 3.87098055e+04].
2019-08-12 10:02:14,570 - INFO - Finished optomization, results are [-46.52500641624647 array([1.00160698e-01, 6.95701064e+05])].
2019-08-12 10:02:14,573 - INFO - Beginning optimization with guess, [9.21606197e-02 3.82723349e+04].
2019-08-12 10:02:22,847 - INFO - Finished optomization, results are [-46.53006035403541 array([1.00224956e-01, 6.89683931e+05])].
2019-08-12 10:02:22,848 - INFO - Beginning optimization with guess, [9.43387750e-02 2.73156672e+04].
2019-08-12 10:02:38,509 - INFO - Finished optomization, results are [-46.58179294349793 array([9.91212974e-02, 7.85408628e+05])].
2019-08-12 10:02:38,511 - INFO - Beginning optimization with guess, [1.24425811e-01 4.78722223e+04].
2019-08-12 10:02:45,835 - INFO - Finished optomization, results are [-46.48433545797889 array([1.00964318e-01, 6.35374943e+05])].
2019-08-12 10:02:45,838 - INFO - Beginning optimization with guess, [1.41260649e-01 1.96646931e+04].
2019-08-12 10:02:52,907 - INFO - Finished optomization, results are [-46.44374858265928 array([1.02988267e-01, 5.07234904e+05])].
2019-08-12 10:02:52,908 - INFO - Beginning optimization with guess, [1.00426805e-01 3.48610119e+04].
2019-08-12 10:03:00,653 - INFO - Finished optomization, results are [-100000000.0 array([9.87723548e-02, 8.24853882e+05])].
2019-08-12 10:03:00,656 - INFO - Beginning optimization with guess, [1.67234312e-01 1.59487678e+04].
2019-08-12 10:03:09,193 - INFO - Finished optomization, results are [-46.48606093415219 array([1.01460736e-01, 5.98854269e+05])].
2019-08-12 10:03:09,194 - INFO - Beginning optimization with guess, [1.04462391e-01 1.82992931e+04].
2019-08-12 10:03:17,270 - INFO - Finished optomization, results are [-46.50329485124257 array([1.00743881e-01, 6.50298387e+05])].
2019-08-12 10:03:17,272 - INFO - Beginning optimization with guess, [1.34767151e-01 2.13856110e+04].
2019-08-12 10:03:31,059 - INFO - Finished optomization, results are [-46.49732200759172 array([1.00758218e-01, 6.49829662e+05])].
2019-08-12 10:03:31,061 - INFO - Beginning optimization with guess, [1.08984456e-01 2.77077582e+04].
2019-08-12 10:03:48,393 - INFO - Finished optomization, results are [-46.546605093019025 array([9.94734696e-02, 7.55254764e+05])].
2019-08-12 10:03:48,395 - INFO - Beginning optimization with guess, [1.12070322e-01 4.19582512e+04].
2019-08-12 10:03:56,141 - INFO - Finished optomization, results are [-46.5244450148266 array([1.00290537e-01, 6.84767618e+05])].
2019-08-12 10:03:56,142 - INFO - Beginning optimization with guess, [1.11270486e-01 1.53601370e+04].
2019-08-12 10:04:09,334 - INFO - Finished optomization, results are [-46.52852772905317 array([9.96992314e-02, 7.36325453e+05])].
2019-08-12 10:04:09,336 - INFO - Beginning optimization with guess, [1.46663228e-01 3.96987518e+04].
2019-08-12 10:04:17,005 - INFO - Finished optomization, results are [-46.56266304090241 array([9.95082116e-02, 7.50078750e+05])].
2019-08-12 10:04:17,005 - INFO - Beginning optimization with guess, [1.06859801e-01 3.09366265e+04].
2019-08-12 10:04:36,611 - INFO - Finished optomization, results are [-46.551894509972044 array([9.90822487e-02, 7.93121668e+05])].
2019-08-12 10:04:36,613 - INFO - Beginning optimization with guess, [8.24600355e-02 2.72265441e+04].
2019-08-12 10:04:46,441 - INFO - Finished optomization, results are [-46.53807422547561 array([9.99396182e-02, 7.13471638e+05])].
2019-08-12 10:04:46,444 - INFO - Beginning optimization with guess, [4.80976100e-02 1.92934197e+04].
2019-08-12 10:04:52,481 - INFO - Finished optomization, results are [-46.47642335165983 array([1.01776024e-01, 5.78173344e+05])].
2019-08-12 10:04:52,481 - INFO - Beginning optimization with guess, [5.65210198e-02 2.77658669e+04].
2019-08-12 10:05:07,734 - INFO - Finished optomization, results are [-46.418382989024394 array([1.00851133e-01, 6.57771472e+05])].
2019-08-12 10:05:07,735 - INFO - Beginning optimization with guess, [1.24287575e-01 1.61743849e+04].
2019-08-12 10:05:20,919 - INFO - Finished optomization, results are [-46.43787345925557 array([1.02494293e-01, 5.36711225e+05])].
2019-08-12 10:05:20,921 - INFO - Beginning optimization with guess, [1.21583841e-01 4.84372045e+04].
2019-08-12 10:05:37,461 - INFO - Finished optomization, results are [-46.5654139068256 array([9.89424037e-02, 8.05655936e+05])].
2019-08-12 10:05:37,464 - INFO - Beginning optimization with guess, [1.67778121e-01 1.79070891e+04].
2019-08-12 10:05:45,863 - INFO - Finished optomization, results are [-46.47033261432989 array([1.01712938e-01, 5.83069988e+05])].
2019-08-12 10:05:45,865 - INFO - Beginning optimization with guess, [7.60905185e-02 2.21139527e+04].
2019-08-12 10:06:03,009 - INFO - Finished optomization, results are [-46.46701577453496 array([1.00031538e-01, 7.15468587e+05])].
2019-08-12 10:06:03,012 - INFO - Beginning optimization with guess, [1.25798880e-01 2.15388789e+04].
2019-08-12 10:06:18,505 - INFO - Finished optomization, results are [-46.559393465097855 array([9.93383690e-02, 7.66689332e+05])].
2019-08-12 10:06:18,506 - INFO - Beginning optimization with guess, [1.13211628e-01 3.58487523e+04].
2019-08-12 10:06:26,204 - INFO - Finished optomization, results are [-46.57266592222459 array([9.97992398e-02, 7.22335777e+05])].
2019-08-12 10:06:26,207 - INFO - Beginning optimization with guess, [1.04650942e-01 2.57861353e+04].
2019-08-12 10:06:36,193 - INFO - Finished optomization, results are [-46.549071719842686 array([9.98001071e-02, 7.24704953e+05])].
2019-08-12 10:06:36,195 - INFO - Beginning optimization with guess, [4.84329940e-02 4.11308642e+04].
2019-08-12 10:06:47,779 - INFO - Finished optomization, results are [-46.49998929901085 array([1.01152054e-01, 6.19650019e+05])].
2019-08-12 10:06:47,779 - INFO - Beginning optimization with guess, [8.30405709e-02 1.66030992e+04].
2019-08-12 10:07:02,687 - INFO - Finished optomization, results are [-46.52229331069066 array([1.00044186e-01, 7.06087246e+05])].
2019-08-12 10:07:02,689 - INFO - Beginning optimization with guess, [5.95867349e-02 3.41632445e+04].
2019-08-12 10:07:19,632 - INFO - Finished optomization, results are [-46.40431864839502 array([1.01657546e-01, 6.01916925e+05])].
2019-08-12 10:07:19,635 - INFO - Beginning optimization with guess, [1.15129813e-01 1.75339689e+04].
2019-08-12 10:07:37,136 - INFO - Finished optomization, results are [-46.521411493701635 array([9.99271248e-02, 7.16525342e+05])].
2019-08-12 10:07:37,139 - INFO - Beginning optimization with guess, [1.47870168e-01 3.38531531e+04].
2019-08-12 10:07:43,650 - INFO - Finished optomization, results are [-46.55917835992568 array([9.93762350e-02, 7.63052787e+05])].
2019-08-12 10:07:43,653 - INFO - Beginning optimization with guess, [1.13879960e-01 5.24217556e+04].
2019-08-12 10:07:59,110 - INFO - Finished optomization, results are [-46.503803055316894 array([1.00536427e-01, 6.66783900e+05])].
2019-08-12 10:07:59,112 - INFO - Beginning optimization with guess, [4.86134358e-02 3.33153722e+04].
2019-08-12 10:08:13,071 - INFO - Finished optomization, results are [-46.5665455784947 array([9.90650063e-02, 7.92926665e+05])].
2019-08-12 10:08:13,074 - INFO - Beginning optimization with guess, [6.27374961e-02 3.25704158e+04].
2019-08-12 10:08:27,610 - INFO - Finished optomization, results are [-46.4097869187799 array([1.01231169e-01, 6.32198222e+05])].
2019-08-12 10:08:27,613 - INFO - Beginning optimization with guess, [1.45700332e-01 2.38356186e+04].
2019-08-12 10:08:44,012 - INFO - Finished optomization, results are [-46.54911632624771 array([9.93573689e-02, 7.66113666e+05])].
2019-08-12 10:08:44,015 - INFO - Beginning optimization with guess, [1.68183699e-01 2.34979806e+04].
2019-08-12 10:08:56,296 - INFO - Finished optomization, results are [-46.48771250605023 array([1.01028278e-01, 6.30148432e+05])].
2019-08-12 10:08:56,299 - INFO - Beginning optimization with guess, [5.43010906e-02 3.67571424e+04].
2019-08-12 10:09:13,469 - INFO - Finished optomization, results are [-46.417236492306984 array([1.01263229e-01, 6.24101541e+05])].
2019-08-12 10:09:13,472 - INFO - Beginning optimization with guess, [1.11425777e-01 2.22997851e+04].
2019-08-12 10:09:28,363 - INFO - Finished optomization, results are [-46.54993178584664 array([9.93162427e-02, 7.70019273e+05])].
2019-08-12 10:09:28,366 - INFO - Beginning optimization with guess, [1.58626827e-01 1.67391514e+04].
2019-08-12 10:09:45,688 - INFO - Finished optomization, results are [-46.4742713439864 array([1.00448059e-01, 6.77872448e+05])].
2019-08-12 10:09:45,691 - INFO - Beginning optimization with guess, [1.09200060e-01 1.67442405e+04].
2019-08-12 10:10:03,407 - INFO - Finished optomization, results are [-46.54791427048258 array([9.94908389e-02, 7.53441769e+05])].
2019-08-12 10:10:03,409 - INFO - Beginning optimization with guess, [7.64365377e-02 2.24136045e+04].
2019-08-12 10:10:17,103 - INFO - Finished optomization, results are [-46.48042860167425 array([1.00231021e-01, 6.95409414e+05])].
2019-08-12 10:10:17,105 - INFO - Beginning optimization with guess, [1.52639565e-01 5.21306077e+04].
2019-08-12 10:10:22,204 - INFO - Finished optomization, results are [-46.54919225587946 array([1.00276437e-01, 6.83429358e+05])].
2019-08-12 10:10:22,204 - INFO - Beginning optimization with guess, [5.55970605e-02 2.13610956e+04].
2019-08-12 10:10:31,964 - INFO - Finished optomization, results are [-46.52847506205853 array([1.00418283e-01, 6.73759413e+05])].
2019-08-12 10:10:31,967 - INFO - Beginning optimization with guess, [9.87292853e-02 3.77219464e+04].
2019-08-12 10:10:39,844 - INFO - Finished optomization, results are [-46.50234372955947 array([1.00926461e-01, 6.36290965e+05])].
2019-08-12 10:10:39,846 - INFO - Beginning optimization with guess, [1.12054780e-01 3.76355054e+04].
2019-08-12 10:10:56,070 - INFO - Finished optomization, results are [-46.56613151370584 array([9.92742296e-02, 7.72132511e+05])].
2019-08-12 10:10:56,072 - INFO - Beginning optimization with guess, [5.67146424e-02 3.62861746e+04].
2019-08-12 10:11:08,132 - INFO - Finished optomization, results are [-46.40386394756297 array([1.01701061e-01, 5.98068782e+05])].
2019-08-12 10:11:08,134 - INFO - Beginning optimization with guess, [8.73484780e-02 2.80853105e+04].
2019-08-12 10:11:25,278 - INFO - Finished optomization, results are [-46.531553519716 array([9.96207561e-02, 7.43237261e+05])].
2019-08-12 10:11:25,280 - INFO - Beginning optimization with guess, [1.69856498e-01 3.31383625e+04].
2019-08-12 10:11:38,571 - INFO - Finished optomization, results are [-46.54675386042527 array([9.94742686e-02, 7.55160277e+05])].
2019-08-12 10:11:38,573 - INFO - Beginning optimization with guess, [5.55552493e-02 1.72511271e+04].
2019-08-12 10:11:55,694 - INFO - Finished optomization, results are [-46.68879257939534 array([9.91621811e-02, 7.71210519e+05])].
2019-08-12 10:11:55,695 - INFO - Beginning optimization with guess, [1.35628477e-01 2.08959929e+04].
2019-08-12 10:12:13,643 - INFO - Finished optomization, results are [-46.50763137323247 array([1.00277511e-01, 6.87774837e+05])].
2019-08-12 10:12:13,646 - INFO - Beginning optimization with guess, [1.62628212e-01 1.37560704e+04].
2019-08-12 10:12:33,667 - INFO - Finished optomization, results are [-46.483782798537504 array([1.00308466e-01, 6.88263442e+05])].
2019-08-12 10:12:33,670 - INFO - Beginning optimization with guess, [6.63480783e-02 1.58887879e+04].
2019-08-12 10:12:44,123 - INFO - Finished optomization, results are [-51.60285313684108 array([1.01280630e-01, 7.82386438e+05])].
2019-08-12 10:12:44,126 - INFO - Beginning optimization with guess, [8.91579446e-02 1.79907615e+04].
2019-08-12 10:12:53,380 - INFO - Finished optomization, results are [-46.52877319642539 array([1.00231386e-01, 6.89278334e+05])].
2019-08-12 10:12:53,382 - INFO - Beginning optimization with guess, [1.41412362e-01 1.39028098e+04].
2019-08-12 10:13:00,935 - INFO - Finished optomization, results are [-46.464270546351145 array([1.02164889e-01, 5.54062518e+05])].
2019-08-12 10:13:00,937 - INFO - Beginning optimization with guess, [7.57210534e-02 1.72348424e+04].
2019-08-12 10:13:16,841 - INFO - Finished optomization, results are [-46.50647186064543 array([1.00278826e-01, 6.87803335e+05])].
2019-08-12 10:13:16,843 - INFO - Beginning optimization with guess, [4.69453695e-02 4.50356957e+04].
2019-08-12 10:13:25,040 - INFO - Finished optomization, results are [-46.57462123431287 array([1.03018563e-01, 4.95552854e+05])].
2019-08-12 10:13:25,042 - INFO - Beginning optimization with guess, [1.12798769e-01 1.36863087e+04].
2019-08-12 10:13:34,934 - INFO - Finished optomization, results are [-46.46913355174911 array([1.01643573e-01, 5.87937655e+05])].
2019-08-12 10:13:34,936 - INFO - Beginning optimization with guess, [1.60125291e-01 1.85333533e+04].
2019-08-12 10:13:54,007 - INFO - Finished optomization, results are [-46.474504797130066 array([1.00161028e-01, 7.02474543e+05])].
2019-08-12 10:13:54,010 - INFO - Beginning optimization with guess, [1.46232549e-01 1.90434792e+04].
2019-08-12 10:14:02,129 - INFO - Finished optomization, results are [-46.45199950568258 array([1.03081753e-01, 5.01123689e+05])].
2019-08-12 10:14:02,131 - INFO - Beginning optimization with guess, [6.54854501e-02 4.85087707e+04].
2019-08-12 10:14:16,642 - INFO - Finished optomization, results are [-46.438080281945986 array([1.01774788e-01, 5.82898211e+05])].
2019-08-12 10:14:16,643 - INFO - Beginning optimization with guess, [4.65982767e-02 1.85252281e+04].
2019-08-12 10:14:26,384 - INFO - Finished optomization, results are [-46.431956414970045 array([1.02530211e-01, 5.35349755e+05])].
2019-08-12 10:14:26,385 - INFO - Beginning optimization with guess, [1.15888404e-01 2.26340161e+04].
2019-08-12 10:14:52,527 - INFO - Finished optomization, results are [-46.50231920995793 array([1.00449450e-01, 6.74062407e+05])].
2019-08-12 10:14:52,529 - INFO - Beginning optimization with guess, [1.04206510e-01 3.44321851e+04].
2019-08-12 10:15:01,115 - INFO - Finished optomization, results are [-46.48475762058388 array([1.01660628e-01, 5.85144395e+05])].
2019-08-12 10:15:01,116 - INFO - Beginning optimization with guess, [1.03929020e-01 4.66944329e+04].
2019-08-12 10:15:20,580 - INFO - Finished optomization, results are [-46.49540094237818 array([1.00646662e-01, 6.58877851e+05])].
2019-08-12 10:15:20,581 - INFO - Beginning optimization with guess, [8.27198386e-02 3.05181442e+04].
2019-08-12 10:15:39,534 - INFO - Finished optomization, results are [-46.528158742034066 array([9.98881631e-02, 7.19188317e+05])].
2019-08-12 10:15:39,536 - INFO - Beginning optimization with guess, [1.12207350e-01 3.48791543e+04].
2019-08-12 10:15:48,678 - INFO - Finished optomization, results are [-46.504683046508944 array([1.00974677e-01, 6.32395338e+05])].
2019-08-12 10:15:48,681 - INFO - Beginning optimization with guess, [7.26596839e-02 1.39558224e+04].
2019-08-12 10:16:05,607 - INFO - Finished optomization, results are [-46.428481211983126 array([1.02403174e-01, 5.43607429e+05])].
2019-08-12 10:16:05,609 - INFO - Beginning optimization with guess, [5.64524469e-02 5.17728536e+04].
2019-08-12 10:16:17,407 - INFO - Finished optomization, results are [-46.42581103088287 array([1.02244986e-01, 5.53915664e+05])].
2019-08-12 10:16:17,410 - INFO - Beginning optimization with guess, [4.68046171e-02 3.24421663e+04].
2019-08-12 10:16:35,010 - INFO - Finished optomization, results are [-46.53207732473402 array([9.97791273e-02, 7.28557633e+05])].
2019-08-12 10:16:35,013 - INFO - Beginning optimization with guess, [1.70083370e-01 2.66226948e+04].
2019-08-12 10:16:51,419 - INFO - Finished optomization, results are [-46.53701560097943 array([9.92061029e-02, 7.82700650e+05])].
2019-08-12 10:16:51,422 - INFO - Beginning optimization with guess, [1.44351208e-01 3.74540624e+04].
2019-08-12 10:17:05,699 - INFO - Finished optomization, results are [-46.56074364696542 array([9.91062314e-02, 7.89500979e+05])].
2019-08-12 10:17:05,702 - INFO - Beginning optimization with guess, [7.40356149e-02 4.86037590e+04].
2019-08-12 10:17:17,892 - INFO - Finished optomization, results are [-46.52113929726147 array([1.00552762e-01, 6.63595729e+05])].
2019-08-12 10:17:17,895 - INFO - Beginning optimization with guess, [6.55428149e-02 5.03853431e+04].
2019-08-12 10:17:26,856 - INFO - Finished optomization, results are [-46.50492483399921 array([1.01003001e-01, 6.30237168e+05])].
2019-08-12 10:17:26,859 - INFO - Beginning optimization with guess, [4.68076602e-02 1.63774225e+04].
2019-08-12 10:17:43,210 - INFO - Finished optomization, results are [-46.4183581928537 array([1.01201635e-01, 6.39509108e+05])].
2019-08-12 10:17:43,213 - INFO - Beginning optimization with guess, [1.53976151e-01 3.79916448e+04].
2019-08-12 10:17:57,152 - INFO - Finished optomization, results are [-46.54615211224336 array([9.93438768e-02, 7.67806914e+05])].
2019-08-12 10:17:57,157 - INFO - Beginning optimization with guess, [1.40639761e-01 4.67599912e+04].
2019-08-12 10:18:02,181 - INFO - Finished optomization, results are [-46.595228434279306 array([9.91056368e-02, 7.85455812e+05])].
2019-08-12 10:18:02,181 - INFO - Beginning optimization with guess, [1.18592052e-01 1.84053930e+04].
2019-08-12 10:18:17,302 - INFO - Finished optomization, results are [-46.53847352758294 array([9.94154991e-02, 7.61858065e+05])].
2019-08-12 10:18:17,305 - INFO - Beginning optimization with guess, [5.44912309e-02 1.79353369e+04].
2019-08-12 10:18:27,393 - INFO - Finished optomization, results are [-46.49109717007741 array([1.00964141e-01, 6.34625804e+05])].
2019-08-12 10:18:27,395 - INFO - Beginning optimization with guess, [7.80192385e-02 4.20730569e+04].
2019-08-12 10:18:35,070 - INFO - Finished optomization, results are [-46.50146081913317 array([1.01122138e-01, 6.21707592e+05])].
2019-08-12 10:18:35,071 - INFO - Beginning optimization with guess, [8.63463532e-02 3.01155057e+04].
2019-08-12 10:18:53,974 - INFO - Finished optomization, results are [-46.533807924332905 array([9.94944256e-02, 7.54889480e+05])].
2019-08-12 10:18:53,976 - INFO - Beginning optimization with guess, [9.64156152e-02 2.31791795e+04].
2019-08-12 10:19:03,350 - INFO - Finished optomization, results are [-46.52595576099975 array([1.00406825e-01, 6.74958956e+05])].
2019-08-12 10:19:03,353 - INFO - Beginning optimization with guess, [1.16895193e-01 4.70675552e+04].
2019-08-12 10:19:17,833 - INFO - Finished optomization, results are [-46.541602730413615 array([9.95953025e-02, 7.44363570e+05])].
2019-08-12 10:19:17,835 - INFO - Beginning optimization with guess, [1.41612404e-01 1.36627301e+04].
2019-08-12 10:19:26,381 - INFO - Finished optomization, results are [-46.46546734698859 array([1.01770494e-01, 5.79708354e+05])].
2019-08-12 10:19:26,381 - INFO - Beginning optimization with guess, [5.05681255e-02 3.75492529e+04].
2019-08-12 10:19:45,463 - INFO - Finished optomization, results are [-46.60327181012144 array([9.90817584e-02, 7.86964560e+05])].
2019-08-12 10:19:45,466 - INFO - Beginning optimization with guess, [9.66138432e-02 3.78031879e+04].
2019-08-12 10:20:05,793 - INFO - Finished optomization, results are [-46.52027154080406 array([1.00217415e-01, 6.91396952e+05])].
2019-08-12 10:20:05,796 - INFO - Beginning optimization with guess, [9.46060884e-02 2.36557972e+04].
2019-08-12 10:20:15,464 - INFO - Finished optomization, results are [-46.51343519097372 array([1.00676885e-01, 6.54499286e+05])].
2019-08-12 10:20:15,465 - INFO - Beginning optimization with guess, [7.34934331e-02 3.76174632e+04].
2019-08-12 10:20:22,442 - INFO - Finished optomization, results are [-46.487941628914086 array([1.01833237e-01, 5.73232725e+05])].
2019-08-12 10:20:22,443 - INFO - Beginning optimization with guess, [1.51883215e-01 3.41886730e+04].
2019-08-12 10:20:35,140 - INFO - Finished optomization, results are [-46.55338014489462 array([9.91241317e-02, 7.88667801e+05])].
2019-08-12 10:20:35,141 - INFO - Beginning optimization with guess, [8.92818989e-02 4.03117827e+04].
2019-08-12 10:20:42,852 - INFO - Finished optomization, results are [-46.523928914285534 array([1.00376530e-01, 6.77667531e+05])].
2019-08-12 10:20:42,853 - INFO - Beginning optimization with guess, [6.09114126e-02 2.63970175e+04].
2019-08-12 10:20:53,033 - INFO - Finished optomization, results are [-50.82803344407148 array([1.00971131e-01, 7.97716737e+05])].
2019-08-12 10:20:53,035 - INFO - Beginning optimization with guess, [1.51238198e-01 3.65181172e+04].
2019-08-12 10:21:09,129 - INFO - Finished optomization, results are [-46.552264740320425 array([9.91155537e-02, 7.89687013e+05])].
2019-08-12 10:21:09,131 - INFO - Beginning optimization with guess, [1.79687459e-01 2.26050626e+04].
2019-08-12 10:21:22,280 - INFO - Finished optomization, results are [-46.48282429970095 array([1.0115245e-01, 6.2142642e+05])].
2019-08-12 10:21:22,281 - INFO - Beginning optimization with guess, [1.37234667e-01 4.41929432e+04].
2019-08-12 10:21:27,454 - INFO - Finished optomization, results are [-46.59159408526102 array([9.93366525e-02, 7.63262945e+05])].
2019-08-12 10:21:27,454 - INFO - Beginning optimization with guess, [8.02371714e-02 5.27537836e+04].
2019-08-12 10:21:35,648 - INFO - Finished optomization, results are [-46.47140654215309 array([1.02011746e-01, 5.63140235e+05])].
2019-08-12 10:21:35,649 - INFO - Beginning optimization with guess, [1.15167529e-01 2.32797630e+04].
2019-08-12 10:21:44,343 - INFO - Finished optomization, results are [-46.49502954392301 array([1.00722825e-01, 6.52872503e+05])].
2019-08-12 10:21:44,343 - INFO - Finished DFE inference.
2019-08-12 10:21:44,343 - INFO - Integrating expected site-frequency spectrum.
2019-08-12 10:21:44,389 - INFO - Outputing results.
2019-08-12 10:21:44,394 - INFO - Pipeline executed succesfully.
