2020-09-15 10:39:25,996 - INFO - Beginning execution of fitdadi_infer_DFE.py in directory /u/home/j/jonmah/lohmueller_lab/Scripts

2020-09-15 10:39:25,997 - INFO - Progress is being logged to ../Data/pop_4000_recap/350_gen_fitdadi_output/log.log

2020-09-15 10:39:25,997 - INFO - Parsed the following arguments:
	breed = LB
	outprefix = ../Data/pop_4000_recap/350_gen_fitdadi_output/
	nonsyn_input_sfs = ../Data/pop_4000_recap/350_gen_easySFS_output_nonsyn/dadi/pop1.sfs
	syn_input_sfs = ../Data/pop_4000_recap/350_gen_easySFS_output_syn/dadi/pop1.sfs

2020-09-15 10:39:26,000 - INFO - Beginning optimization with guess, [0.81788706 0.07036403].
2020-09-15 10:39:26,741 - INFO - Finished optimization with guess, [0.81788706 0.07036403].
2020-09-15 10:39:26,741 - INFO - Best fit parameters: [0.42793647 0.27608017].
2020-09-15 10:39:26,765 - INFO - Maximum log composite likelihood: -20.2790586696.
2020-09-15 10:39:26,766 - INFO - Optimal value of theta: 59.4171399653.
2020-09-15 10:39:26,766 - INFO - Beginning optimization with guess, [0.29549816 0.13728751].
2020-09-15 10:39:27,373 - INFO - Finished optimization with guess, [0.29549816 0.13728751].
2020-09-15 10:39:27,373 - INFO - Best fit parameters: [0.37098662 0.33428198].
2020-09-15 10:39:27,401 - INFO - Maximum log composite likelihood: -20.2631388678.
2020-09-15 10:39:27,402 - INFO - Optimal value of theta: 69.1256388072.
2020-09-15 10:39:27,402 - INFO - Beginning optimization with guess, [0.51893074 0.05375414].
2020-09-15 10:39:28,031 - INFO - Finished optimization with guess, [0.51893074 0.05375414].
2020-09-15 10:39:28,031 - INFO - Best fit parameters: [0.42621577 0.25120602].
2020-09-15 10:39:28,054 - INFO - Maximum log composite likelihood: -20.2841510269.
2020-09-15 10:39:28,055 - INFO - Optimal value of theta: 58.236522871.
2020-09-15 10:39:28,055 - INFO - Beginning optimization with guess, [0.77307858 0.16867087].
2020-09-15 10:39:28,685 - INFO - Finished optimization with guess, [0.77307858 0.16867087].
2020-09-15 10:39:28,685 - INFO - Best fit parameters: [0.39076798 0.30804662].
2020-09-15 10:39:28,711 - INFO - Maximum log composite likelihood: -20.2666393883.
2020-09-15 10:39:28,712 - INFO - Optimal value of theta: 64.9132953921.
2020-09-15 10:39:28,712 - INFO - Beginning optimization with guess, [0.58831679 0.0955317 ].
2020-09-15 10:39:29,338 - INFO - Finished optimization with guess, [0.58831679 0.0955317 ].
2020-09-15 10:39:29,338 - INFO - Best fit parameters: [0.41874317 0.28627944].
2020-09-15 10:39:29,363 - INFO - Maximum log composite likelihood: -20.2748051911.
2020-09-15 10:39:29,364 - INFO - Optimal value of theta: 60.7710988646.
2020-09-15 10:39:29,364 - INFO - Beginning optimization with guess, [0.74677272 0.12677183].
2020-09-15 10:39:29,966 - INFO - Finished optimization with guess, [0.74677272 0.12677183].
2020-09-15 10:39:29,967 - INFO - Best fit parameters: [0.3834072  0.31622599].
2020-09-15 10:39:29,994 - INFO - Maximum log composite likelihood: -20.2650297903.
2020-09-15 10:39:29,995 - INFO - Optimal value of theta: 66.3048633557.
2020-09-15 10:39:29,995 - INFO - Beginning optimization with guess, [0.37984649 0.15195758].
2020-09-15 10:39:30,612 - INFO - Finished optimization with guess, [0.37984649 0.15195758].
2020-09-15 10:39:30,612 - INFO - Best fit parameters: [0.36291229 0.33663873].
2020-09-15 10:39:30,640 - INFO - Maximum log composite likelihood: -20.2619887593.
2020-09-15 10:39:30,640 - INFO - Optimal value of theta: 70.4629781935.
2020-09-15 10:39:30,641 - INFO - Beginning optimization with guess, [0.81886933 0.13529901].
2020-09-15 10:39:31,259 - INFO - Finished optimization with guess, [0.81886933 0.13529901].
2020-09-15 10:39:31,259 - INFO - Best fit parameters: [0.35948942 0.34677992].
2020-09-15 10:39:31,287 - INFO - Maximum log composite likelihood: -20.2623127907.
2020-09-15 10:39:31,288 - INFO - Optimal value of theta: 71.7037945104.
2020-09-15 10:39:31,288 - INFO - Beginning optimization with guess, [0.42247255 0.05152379].
2020-09-15 10:39:31,900 - INFO - Finished optimization with guess, [0.42247255 0.05152379].
2020-09-15 10:39:31,901 - INFO - Best fit parameters: [0.43662661 0.30596031].
2020-09-15 10:39:31,926 - INFO - Maximum log composite likelihood: -20.2858661741.
2020-09-15 10:39:31,926 - INFO - Optimal value of theta: 60.1624161496.
2020-09-15 10:39:31,927 - INFO - Beginning optimization with guess, [0.9082772  0.14660977].
2020-09-15 10:39:32,531 - INFO - Finished optimization with guess, [0.9082772  0.14660977].
2020-09-15 10:39:32,531 - INFO - Best fit parameters: [0.37985837 0.33365498].
2020-09-15 10:39:32,558 - INFO - Maximum log composite likelihood: -20.2649874163.
2020-09-15 10:39:32,559 - INFO - Optimal value of theta: 67.8681132791.
2020-09-15 10:39:32,559 - INFO - Beginning optimization with guess, [0.92262921 0.18240947].
2020-09-15 10:39:33,211 - INFO - Finished optimization with guess, [0.92262921 0.18240947].
2020-09-15 10:39:33,211 - INFO - Best fit parameters: [0.33771928 0.34885949].
2020-09-15 10:39:33,241 - INFO - Maximum log composite likelihood: -20.2597202095.
2020-09-15 10:39:33,241 - INFO - Optimal value of theta: 75.5922350883.
2020-09-15 10:39:33,242 - INFO - Beginning optimization with guess, [0.38426184 0.16242358].
2020-09-15 10:39:33,868 - INFO - Finished optimization with guess, [0.38426184 0.16242358].
2020-09-15 10:39:33,868 - INFO - Best fit parameters: [0.35891675 0.3441886 ].
2020-09-15 10:39:33,897 - INFO - Maximum log composite likelihood: -20.261895534.
2020-09-15 10:39:33,897 - INFO - Optimal value of theta: 71.6103171504.
2020-09-15 10:39:33,898 - INFO - Beginning optimization with guess, [0.7009805 0.140475 ].
2020-09-15 10:39:34,504 - INFO - Finished optimization with guess, [0.7009805 0.140475 ].
2020-09-15 10:39:34,505 - INFO - Best fit parameters: [0.40348272 0.29549795].
2020-09-15 10:39:34,530 - INFO - Maximum log composite likelihood: -20.2699796968.
2020-09-15 10:39:34,531 - INFO - Optimal value of theta: 62.7751349776.
2020-09-15 10:39:34,531 - INFO - Beginning optimization with guess, [0.44013161 0.13281331].
2020-09-15 10:39:35,156 - INFO - Finished optimization with guess, [0.44013161 0.13281331].
2020-09-15 10:39:35,156 - INFO - Best fit parameters: [0.39790995 0.31687441].
2020-09-15 10:39:35,182 - INFO - Maximum log composite likelihood: -20.2682728896.
2020-09-15 10:39:35,183 - INFO - Optimal value of theta: 64.6238714712.
2020-09-15 10:39:35,184 - INFO - Beginning optimization with guess, [0.3867618  0.13659056].
2020-09-15 10:39:35,789 - INFO - Finished optimization with guess, [0.3867618  0.13659056].
2020-09-15 10:39:35,790 - INFO - Best fit parameters: [0.37449855 0.34173269].
2020-09-15 10:39:35,817 - INFO - Maximum log composite likelihood: -20.2648595245.
2020-09-15 10:39:35,818 - INFO - Optimal value of theta: 69.1219861414.
2020-09-15 10:39:35,819 - INFO - Beginning optimization with guess, [0.47268005 0.15203994].
2020-09-15 10:39:36,460 - INFO - Finished optimization with guess, [0.47268005 0.15203994].
2020-09-15 10:39:36,461 - INFO - Best fit parameters: [0.39768419 0.31482164].
2020-09-15 10:39:36,487 - INFO - Maximum log composite likelihood: -20.2680733526.
2020-09-15 10:39:36,487 - INFO - Optimal value of theta: 64.5291699259.
2020-09-15 10:39:36,488 - INFO - Beginning optimization with guess, [0.28001184 0.15812243].
2020-09-15 10:39:37,130 - INFO - Finished optimization with guess, [0.28001184 0.15812243].
2020-09-15 10:39:37,130 - INFO - Best fit parameters: [0.34686963 0.34082078].
2020-09-15 10:39:37,159 - INFO - Maximum log composite likelihood: -20.260440465.
2020-09-15 10:39:37,159 - INFO - Optimal value of theta: 73.333008942.
2020-09-15 10:39:37,160 - INFO - Beginning optimization with guess, [0.53793876 0.13334365].
2020-09-15 10:39:37,810 - INFO - Finished optimization with guess, [0.53793876 0.13334365].
2020-09-15 10:39:37,811 - INFO - Best fit parameters: [0.39645807 0.3176043 ].
2020-09-15 10:39:37,837 - INFO - Maximum log composite likelihood: -20.2678932114.
2020-09-15 10:39:37,837 - INFO - Optimal value of theta: 64.8325064519.
2020-09-15 10:39:37,838 - INFO - Beginning optimization with guess, [0.83778612 0.135244  ].
2020-09-15 10:39:38,439 - INFO - Finished optimization with guess, [0.83778612 0.135244  ].
2020-09-15 10:39:38,440 - INFO - Best fit parameters: [0.38076798 0.3210593 ].
2020-09-15 10:39:38,466 - INFO - Maximum log composite likelihood: -20.2644728945.
2020-09-15 10:39:38,467 - INFO - Optimal value of theta: 66.9451369995.
2020-09-15 10:39:38,467 - INFO - Beginning optimization with guess, [0.36804258 0.07129838].
2020-09-15 10:39:39,081 - INFO - Finished optimization with guess, [0.36804258 0.07129838].
2020-09-15 10:39:39,081 - INFO - Best fit parameters: [0.3616013  0.33420391].
2020-09-15 10:39:39,109 - INFO - Maximum log composite likelihood: -20.2618061007.
2020-09-15 10:39:39,110 - INFO - Optimal value of theta: 70.4887905654.
2020-09-15 10:39:39,110 - INFO - Beginning optimization with guess, [0.30454941 0.15982047].
2020-09-15 10:39:39,739 - INFO - Finished optimization with guess, [0.30454941 0.15982047].
2020-09-15 10:39:39,739 - INFO - Best fit parameters: [0.36050632 0.34335996].
2020-09-15 10:39:39,767 - INFO - Maximum log composite likelihood: -20.2620755225.
2020-09-15 10:39:39,768 - INFO - Optimal value of theta: 71.3028352436.
2020-09-15 10:39:39,768 - INFO - Beginning optimization with guess, [0.39254781 0.05526709].
2020-09-15 10:39:40,472 - INFO - Finished optimization with guess, [0.39254781 0.05526709].
2020-09-15 10:39:40,472 - INFO - Best fit parameters: [0.42540555 0.22895748].
2020-09-15 10:39:40,495 - INFO - Maximum log composite likelihood: -20.2940877269.
2020-09-15 10:39:40,495 - INFO - Optimal value of theta: 57.0740638552.
2020-09-15 10:39:40,496 - INFO - Beginning optimization with guess, [0.65567237 0.12905648].
2020-09-15 10:39:41,094 - INFO - Finished optimization with guess, [0.65567237 0.12905648].
2020-09-15 10:39:41,094 - INFO - Best fit parameters: [0.39610924 0.30306289].
2020-09-15 10:39:41,119 - INFO - Maximum log composite likelihood: -20.2679086816.
2020-09-15 10:39:41,120 - INFO - Optimal value of theta: 64.0079462716.
2020-09-15 10:39:41,121 - INFO - Beginning optimization with guess, [0.28160766 0.05563395].
2020-09-15 10:39:41,636 - INFO - Finished optimization with guess, [0.28160766 0.05563395].
2020-09-15 10:39:41,636 - INFO - Best fit parameters: [0.4262291  0.23006689].
2020-09-15 10:39:41,659 - INFO - Maximum log composite likelihood: -20.2935175783.
2020-09-15 10:39:41,659 - INFO - Optimal value of theta: 57.075580926.
2020-09-15 10:39:41,660 - INFO - Beginning optimization with guess, [0.78202867 0.12330439].
2020-09-15 10:39:42,257 - INFO - Finished optimization with guess, [0.78202867 0.12330439].
2020-09-15 10:39:42,257 - INFO - Best fit parameters: [0.41482973 0.30622441].
2020-09-15 10:39:42,283 - INFO - Maximum log composite likelihood: -20.2735084706.
2020-09-15 10:39:42,283 - INFO - Optimal value of theta: 62.2237646288.
2020-09-15 10:39:42,284 - INFO - Beginning optimization with guess, [0.99130485 0.08136775].
2020-09-15 10:39:42,848 - INFO - Finished optimization with guess, [0.99130485 0.08136775].
2020-09-15 10:39:42,848 - INFO - Best fit parameters: [0.42314686 0.26846246].
2020-09-15 10:39:42,872 - INFO - Maximum log composite likelihood: -20.2786442374.
2020-09-15 10:39:42,873 - INFO - Optimal value of theta: 59.4200894138.
2020-09-15 10:39:42,873 - INFO - Beginning optimization with guess, [0.67274805 0.15139242].
2020-09-15 10:39:43,507 - INFO - Finished optimization with guess, [0.67274805 0.15139242].
2020-09-15 10:39:43,507 - INFO - Best fit parameters: [0.38606045 0.31391708].
2020-09-15 10:39:43,534 - INFO - Maximum log composite likelihood: -20.2655396979.
2020-09-15 10:39:43,534 - INFO - Optimal value of theta: 65.8343067137.
2020-09-15 10:39:43,535 - INFO - Beginning optimization with guess, [0.54391833 0.09387693].
2020-09-15 10:39:44,131 - INFO - Finished optimization with guess, [0.54391833 0.09387693].
2020-09-15 10:39:44,132 - INFO - Best fit parameters: [0.41368575 0.29260634].
2020-09-15 10:39:44,156 - INFO - Maximum log composite likelihood: -20.2727877847.
2020-09-15 10:39:44,157 - INFO - Optimal value of theta: 61.5931280201.
2020-09-15 10:39:44,158 - INFO - Beginning optimization with guess, [0.26027515 0.18817516].
2020-09-15 10:39:44,871 - INFO - Finished optimization with guess, [0.26027515 0.18817516].
2020-09-15 10:39:44,872 - INFO - Best fit parameters: [0.31917506 0.35561368].
2020-09-15 10:39:44,902 - INFO - Maximum log composite likelihood: -20.2586952361.
2020-09-15 10:39:44,903 - INFO - Optimal value of theta: 79.9079621311.
2020-09-15 10:39:44,903 - INFO - Beginning optimization with guess, [0.40488625 0.06160207].
2020-09-15 10:39:45,561 - INFO - Finished optimization with guess, [0.40488625 0.06160207].
2020-09-15 10:39:45,561 - INFO - Best fit parameters: [0.42935661 0.28305474].
2020-09-15 10:39:45,586 - INFO - Maximum log composite likelihood: -20.2792177831.
2020-09-15 10:39:45,586 - INFO - Optimal value of theta: 59.6566923204.
2020-09-15 10:39:45,587 - INFO - Beginning optimization with guess, [0.9142637  0.06504675].
2020-09-15 10:39:46,129 - INFO - Finished optimization with guess, [0.9142637  0.06504675].
2020-09-15 10:39:46,129 - INFO - Best fit parameters: [0.42472699 0.29146688].
2020-09-15 10:39:46,154 - INFO - Maximum log composite likelihood: -20.2770411872.
2020-09-15 10:39:46,155 - INFO - Optimal value of theta: 60.5003185514.
2020-09-15 10:39:46,155 - INFO - Beginning optimization with guess, [0.81704936 0.17053316].
2020-09-15 10:39:46,791 - INFO - Finished optimization with guess, [0.81704936 0.17053316].
2020-09-15 10:39:46,792 - INFO - Best fit parameters: [0.39197932 0.31716377].
2020-09-15 10:39:46,818 - INFO - Maximum log composite likelihood: -20.2666712765.
2020-09-15 10:39:46,819 - INFO - Optimal value of theta: 65.3270654903.
2020-09-15 10:39:46,819 - INFO - Beginning optimization with guess, [0.88234048 0.08843087].
2020-09-15 10:39:47,399 - INFO - Finished optimization with guess, [0.88234048 0.08843087].
2020-09-15 10:39:47,399 - INFO - Best fit parameters: [0.41817923 0.2943294 ].
2020-09-15 10:39:47,424 - INFO - Maximum log composite likelihood: -20.2743132042.
2020-09-15 10:39:47,425 - INFO - Optimal value of theta: 61.2574914433.
2020-09-15 10:39:47,425 - INFO - Beginning optimization with guess, [0.59022106 0.10574536].
2020-09-15 10:39:48,051 - INFO - Finished optimization with guess, [0.59022106 0.10574536].
2020-09-15 10:39:48,051 - INFO - Best fit parameters: [0.41799834 0.290646  ].
2020-09-15 10:39:48,076 - INFO - Maximum log composite likelihood: -20.2743101581.
2020-09-15 10:39:48,077 - INFO - Optimal value of theta: 61.0761427238.
2020-09-15 10:39:48,077 - INFO - Beginning optimization with guess, [0.77767636 0.05383449].
2020-09-15 10:39:48,853 - INFO - Finished optimization with guess, [0.77767636 0.05383449].
2020-09-15 10:39:48,853 - INFO - Best fit parameters: [0.42685862 0.19586904].
2020-09-15 10:39:48,875 - INFO - Maximum log composite likelihood: -20.3171933319.
2020-09-15 10:39:48,876 - INFO - Optimal value of theta: 55.0876904338.
2020-09-15 10:39:48,876 - INFO - Beginning optimization with guess, [0.42678229 0.10430575].
2020-09-15 10:39:49,514 - INFO - Finished optimization with guess, [0.42678229 0.10430575].
2020-09-15 10:39:49,515 - INFO - Best fit parameters: [0.43506158 0.27231379].
2020-09-15 10:39:49,539 - INFO - Maximum log composite likelihood: -20.2825810339.
2020-09-15 10:39:49,539 - INFO - Optimal value of theta: 58.6340457276.
2020-09-15 10:39:49,540 - INFO - Beginning optimization with guess, [0.25696676 0.08251178].
2020-09-15 10:39:50,084 - INFO - Finished optimization with guess, [0.25696676 0.08251178].
2020-09-15 10:39:50,084 - INFO - Best fit parameters: [0.42227548 0.29745306].
2020-09-15 10:39:50,109 - INFO - Maximum log composite likelihood: -20.2761515825.
2020-09-15 10:39:50,110 - INFO - Optimal value of theta: 61.038401122.
2020-09-15 10:39:50,110 - INFO - Beginning optimization with guess, [0.7545995  0.05257854].
2020-09-15 10:39:50,867 - INFO - Finished optimization with guess, [0.7545995  0.05257854].
2020-09-15 10:39:50,868 - INFO - Best fit parameters: [0.42721344 0.20062604].
2020-09-15 10:39:50,889 - INFO - Maximum log composite likelihood: -20.3132185952.
2020-09-15 10:39:50,890 - INFO - Optimal value of theta: 55.3406485756.
2020-09-15 10:39:50,890 - INFO - Beginning optimization with guess, [0.54686331 0.06068596].
2020-09-15 10:39:51,557 - INFO - Finished optimization with guess, [0.54686331 0.06068596].
2020-09-15 10:39:51,558 - INFO - Best fit parameters: [0.43381719 0.22783576].
2020-09-15 10:39:51,580 - INFO - Maximum log composite likelihood: -20.2956321367.
2020-09-15 10:39:51,581 - INFO - Optimal value of theta: 56.4110361462.
2020-09-15 10:39:51,581 - INFO - Beginning optimization with guess, [0.3636667 0.1626512].
2020-09-15 10:39:52,216 - INFO - Finished optimization with guess, [0.3636667 0.1626512].
2020-09-15 10:39:52,217 - INFO - Best fit parameters: [0.34768039 0.35194589].
2020-09-15 10:39:52,246 - INFO - Maximum log composite likelihood: -20.2610420068.
2020-09-15 10:39:52,246 - INFO - Optimal value of theta: 74.0406498053.
2020-09-15 10:39:52,247 - INFO - Beginning optimization with guess, [0.89141402 0.09506972].
2020-09-15 10:39:52,854 - INFO - Finished optimization with guess, [0.89141402 0.09506972].
2020-09-15 10:39:52,854 - INFO - Best fit parameters: [0.42410135 0.25959764].
2020-09-15 10:39:52,878 - INFO - Maximum log composite likelihood: -20.2810665702.
2020-09-15 10:39:52,879 - INFO - Optimal value of theta: 58.8612883095.
2020-09-15 10:39:52,879 - INFO - Beginning optimization with guess, [0.3005791  0.15443356].
2020-09-15 10:39:53,503 - INFO - Finished optimization with guess, [0.3005791  0.15443356].
2020-09-15 10:39:53,503 - INFO - Best fit parameters: [0.36203796 0.34286344].
2020-09-15 10:39:53,531 - INFO - Maximum log composite likelihood: -20.2622878578.
2020-09-15 10:39:53,532 - INFO - Optimal value of theta: 71.0312778747.
2020-09-15 10:39:53,532 - INFO - Beginning optimization with guess, [0.33823057 0.10092857].
2020-09-15 10:39:54,097 - INFO - Finished optimization with guess, [0.33823057 0.10092857].
2020-09-15 10:39:54,098 - INFO - Best fit parameters: [0.40302364 0.31665462].
2020-09-15 10:39:54,124 - INFO - Maximum log composite likelihood: -20.2699500688.
2020-09-15 10:39:54,124 - INFO - Optimal value of theta: 64.0395377599.
2020-09-15 10:39:54,125 - INFO - Beginning optimization with guess, [0.49310779 0.18016633].
2020-09-15 10:39:54,770 - INFO - Finished optimization with guess, [0.49310779 0.18016633].
2020-09-15 10:39:54,770 - INFO - Best fit parameters: [0.38964678 0.32196652].
2020-09-15 10:39:54,796 - INFO - Maximum log composite likelihood: -20.266333345.
2020-09-15 10:39:54,797 - INFO - Optimal value of theta: 65.8971194203.
2020-09-15 10:39:54,797 - INFO - Beginning optimization with guess, [0.33961339 0.06503249].
2020-09-15 10:39:55,448 - INFO - Finished optimization with guess, [0.33961339 0.06503249].
2020-09-15 10:39:55,449 - INFO - Best fit parameters: [0.42614733 0.28534217].
2020-09-15 10:39:55,473 - INFO - Maximum log composite likelihood: -20.2777016436.
2020-09-15 10:39:55,474 - INFO - Optimal value of theta: 60.054471395.
2020-09-15 10:39:55,474 - INFO - Beginning optimization with guess, [0.50040958 0.08381422].
2020-09-15 10:39:56,065 - INFO - Finished optimization with guess, [0.50040958 0.08381422].
2020-09-15 10:39:56,065 - INFO - Best fit parameters: [0.41767589 0.28732419].
2020-09-15 10:39:56,090 - INFO - Maximum log composite likelihood: -20.2743777708.
2020-09-15 10:39:56,091 - INFO - Optimal value of theta: 60.9263642816.
2020-09-15 10:39:56,091 - INFO - Beginning optimization with guess, [0.92214011 0.16744457].
2020-09-15 10:39:56,713 - INFO - Finished optimization with guess, [0.92214011 0.16744457].
2020-09-15 10:39:56,713 - INFO - Best fit parameters: [0.37132912 0.32625927].
2020-09-15 10:39:56,741 - INFO - Maximum log composite likelihood: -20.2630551225.
2020-09-15 10:39:56,741 - INFO - Optimal value of theta: 68.539507022.
2020-09-15 10:39:56,742 - INFO - Beginning optimization with guess, [0.9621729  0.11740891].
2020-09-15 10:39:57,332 - INFO - Finished optimization with guess, [0.9621729  0.11740891].
2020-09-15 10:39:57,332 - INFO - Best fit parameters: [0.40109311 0.30238424].
2020-09-15 10:39:57,358 - INFO - Maximum log composite likelihood: -20.268940637.
2020-09-15 10:39:57,358 - INFO - Optimal value of theta: 63.4267185529.
2020-09-15 10:39:57,359 - INFO - Beginning optimization with guess, [0.3139366  0.18420619].
2020-09-15 10:39:58,015 - INFO - Finished optimization with guess, [0.3139366  0.18420619].
2020-09-15 10:39:58,016 - INFO - Best fit parameters: [0.34464503 0.34499138].
2020-09-15 10:39:58,044 - INFO - Maximum log composite likelihood: -20.26021422.
2020-09-15 10:39:58,045 - INFO - Optimal value of theta: 74.0380923002.
2020-09-15 10:39:58,045 - INFO - Beginning optimization with guess, [0.72801373 0.11006685].
2020-09-15 10:39:58,649 - INFO - Finished optimization with guess, [0.72801373 0.11006685].
2020-09-15 10:39:58,650 - INFO - Best fit parameters: [0.36903986 0.33190736].
2020-09-15 10:39:58,677 - INFO - Maximum log composite likelihood: -20.2627207384.
2020-09-15 10:39:58,678 - INFO - Optimal value of theta: 69.2415958793.
2020-09-15 10:39:58,678 - INFO - Beginning optimization with guess, [0.57728022 0.05516445].
2020-09-15 10:39:59,206 - INFO - Finished optimization with guess, [0.57728022 0.05516445].
2020-09-15 10:39:59,206 - INFO - Best fit parameters: [0.43845537 0.25074898].
2020-09-15 10:39:59,229 - INFO - Maximum log composite likelihood: -20.2880263728.
2020-09-15 10:39:59,230 - INFO - Optimal value of theta: 57.2771010344.
2020-09-15 10:39:59,230 - INFO - Beginning optimization with guess, [0.6224647  0.12586648].
2020-09-15 10:39:59,869 - INFO - Finished optimization with guess, [0.6224647  0.12586648].
2020-09-15 10:39:59,869 - INFO - Best fit parameters: [0.40067838 0.31289447].
2020-09-15 10:39:59,895 - INFO - Maximum log composite likelihood: -20.268852243.
2020-09-15 10:39:59,896 - INFO - Optimal value of theta: 64.0823358378.
2020-09-15 10:39:59,896 - INFO - Beginning optimization with guess, [0.41418502 0.126308  ].
2020-09-15 10:40:00,682 - INFO - Finished optimization with guess, [0.41418502 0.126308  ].
2020-09-15 10:40:00,682 - INFO - Best fit parameters: [0.38091622 0.33789887].
2020-09-15 10:40:00,709 - INFO - Maximum log composite likelihood: -20.2659380053.
2020-09-15 10:40:00,710 - INFO - Optimal value of theta: 67.9956861477.
2020-09-15 10:40:00,710 - INFO - Beginning optimization with guess, [0.92566849 0.05826187].
2020-09-15 10:40:01,379 - INFO - Finished optimization with guess, [0.92566849 0.05826187].
2020-09-15 10:40:01,380 - INFO - Best fit parameters: [0.42577268 0.26806442].
2020-09-15 10:40:01,404 - INFO - Maximum log composite likelihood: -20.279481502.
2020-09-15 10:40:01,404 - INFO - Optimal value of theta: 59.1773315705.
2020-09-15 10:40:01,405 - INFO - Beginning optimization with guess, [0.50034804 0.06568946].
2020-09-15 10:40:02,098 - INFO - Finished optimization with guess, [0.50034804 0.06568946].
2020-09-15 10:40:02,098 - INFO - Best fit parameters: [0.4220259  0.22252036].
2020-09-15 10:40:02,121 - INFO - Maximum log composite likelihood: -20.2979969094.
2020-09-15 10:40:02,122 - INFO - Optimal value of theta: 56.9561757175.
2020-09-15 10:40:02,122 - INFO - Beginning optimization with guess, [0.50386374 0.07307069].
2020-09-15 10:40:02,739 - INFO - Finished optimization with guess, [0.50386374 0.07307069].
2020-09-15 10:40:02,740 - INFO - Best fit parameters: [0.42935284 0.26270657].
2020-09-15 10:40:02,763 - INFO - Maximum log composite likelihood: -20.2817286689.
2020-09-15 10:40:02,764 - INFO - Optimal value of theta: 58.5997019431.
2020-09-15 10:40:02,764 - INFO - Beginning optimization with guess, [0.45781603 0.06775807].
2020-09-15 10:40:03,347 - INFO - Finished optimization with guess, [0.45781603 0.06775807].
2020-09-15 10:40:03,348 - INFO - Best fit parameters: [0.43079727 0.28828454].
2020-09-15 10:40:03,373 - INFO - Maximum log composite likelihood: -20.2799390961.
2020-09-15 10:40:03,373 - INFO - Optimal value of theta: 59.79907552.
2020-09-15 10:40:03,374 - INFO - Beginning optimization with guess, [0.35317099 0.10938156].
2020-09-15 10:40:03,943 - INFO - Finished optimization with guess, [0.35317099 0.10938156].
2020-09-15 10:40:03,943 - INFO - Best fit parameters: [0.41655634 0.28431043].
2020-09-15 10:40:03,968 - INFO - Maximum log composite likelihood: -20.2743024099.
2020-09-15 10:40:03,968 - INFO - Optimal value of theta: 60.8659316319.
2020-09-15 10:40:03,969 - INFO - Beginning optimization with guess, [0.25181343 0.17528831].
2020-09-15 10:40:04,738 - INFO - Finished optimization with guess, [0.25181343 0.17528831].
2020-09-15 10:40:04,738 - INFO - Best fit parameters: [0.36639331 0.33538338].
2020-09-15 10:40:04,766 - INFO - Maximum log composite likelihood: -20.2624391674.
2020-09-15 10:40:04,766 - INFO - Optimal value of theta: 69.8603188151.
2020-09-15 10:40:04,767 - INFO - Beginning optimization with guess, [0.32031969 0.05256917].
2020-09-15 10:40:05,386 - INFO - Finished optimization with guess, [0.32031969 0.05256917].
2020-09-15 10:40:05,387 - INFO - Best fit parameters: [0.42481489 0.26904109].
2020-09-15 10:40:05,410 - INFO - Maximum log composite likelihood: -20.2790024504.
2020-09-15 10:40:05,411 - INFO - Optimal value of theta: 59.3098695299.
2020-09-15 10:40:05,412 - INFO - Beginning optimization with guess, [0.43628666 0.16133322].
2020-09-15 10:40:06,128 - INFO - Finished optimization with guess, [0.43628666 0.16133322].
2020-09-15 10:40:06,128 - INFO - Best fit parameters: [0.30579067 0.36265379].
2020-09-15 10:40:06,159 - INFO - Maximum log composite likelihood: -20.2582604923.
2020-09-15 10:40:06,160 - INFO - Optimal value of theta: 83.6924020689.
2020-09-15 10:40:06,160 - INFO - Beginning optimization with guess, [0.29029621 0.07787184].
2020-09-15 10:40:06,699 - INFO - Finished optimization with guess, [0.29029621 0.07787184].
2020-09-15 10:40:06,699 - INFO - Best fit parameters: [0.4278821  0.29459208].
2020-09-15 10:40:06,724 - INFO - Maximum log composite likelihood: -20.2787316997.
2020-09-15 10:40:06,725 - INFO - Optimal value of theta: 60.3772085566.
2020-09-15 10:40:06,725 - INFO - Beginning optimization with guess, [0.7392355  0.05261389].
2020-09-15 10:40:07,490 - INFO - Finished optimization with guess, [0.7392355  0.05261389].
2020-09-15 10:40:07,490 - INFO - Best fit parameters: [0.42694812 0.20097343].
2020-09-15 10:40:07,512 - INFO - Maximum log composite likelihood: -20.3129605877.
2020-09-15 10:40:07,513 - INFO - Optimal value of theta: 55.3779228107.
2020-09-15 10:40:07,513 - INFO - Beginning optimization with guess, [0.3013345  0.15877389].
2020-09-15 10:40:08,142 - INFO - Finished optimization with guess, [0.3013345  0.15877389].
2020-09-15 10:40:08,142 - INFO - Best fit parameters: [0.36114603 0.33433574].
2020-09-15 10:40:08,170 - INFO - Maximum log composite likelihood: -20.2617569608.
2020-09-15 10:40:08,171 - INFO - Optimal value of theta: 70.5667975989.
2020-09-15 10:40:08,171 - INFO - Beginning optimization with guess, [0.56671891 0.15073637].
2020-09-15 10:40:08,820 - INFO - Finished optimization with guess, [0.56671891 0.15073637].
2020-09-15 10:40:08,821 - INFO - Best fit parameters: [0.40987578 0.29462928].
2020-09-15 10:40:08,846 - INFO - Maximum log composite likelihood: -20.271560737.
2020-09-15 10:40:08,846 - INFO - Optimal value of theta: 62.078511865.
2020-09-15 10:40:08,847 - INFO - Beginning optimization with guess, [0.64493886 0.05272395].
2020-09-15 10:40:09,627 - INFO - Finished optimization with guess, [0.64493886 0.05272395].
2020-09-15 10:40:09,628 - INFO - Best fit parameters: [0.42670807 0.20481239].
2020-09-15 10:40:09,650 - INFO - Maximum log composite likelihood: -20.3099699904.
2020-09-15 10:40:09,651 - INFO - Optimal value of theta: 55.6147779163.
2020-09-15 10:40:09,651 - INFO - Beginning optimization with guess, [0.685477   0.08769246].
2020-09-15 10:40:10,235 - INFO - Finished optimization with guess, [0.685477   0.08769246].
2020-09-15 10:40:10,236 - INFO - Best fit parameters: [0.37950277 0.31859744].
2020-09-15 10:40:10,262 - INFO - Maximum log composite likelihood: -20.2643800922.
2020-09-15 10:40:10,263 - INFO - Optimal value of theta: 66.9483917171.
2020-09-15 10:40:10,263 - INFO - Beginning optimization with guess, [0.29273288 0.16131133].
2020-09-15 10:40:10,901 - INFO - Finished optimization with guess, [0.29273288 0.16131133].
2020-09-15 10:40:10,901 - INFO - Best fit parameters: [0.35391633 0.34379175].
2020-09-15 10:40:10,929 - INFO - Maximum log composite likelihood: -20.2611342046.
2020-09-15 10:40:10,930 - INFO - Optimal value of theta: 72.3828657334.
2020-09-15 10:40:10,930 - INFO - Beginning optimization with guess, [0.26183188 0.17704454].
2020-09-15 10:40:11,601 - INFO - Finished optimization with guess, [0.26183188 0.17704454].
2020-09-15 10:40:11,601 - INFO - Best fit parameters: [0.36615031 0.33169712].
2020-09-15 10:40:11,628 - INFO - Maximum log composite likelihood: -20.26233792.
2020-09-15 10:40:11,629 - INFO - Optimal value of theta: 69.6420185823.
2020-09-15 10:40:11,630 - INFO - Beginning optimization with guess, [0.43682509 0.10150289].
2020-09-15 10:40:12,294 - INFO - Finished optimization with guess, [0.43682509 0.10150289].
2020-09-15 10:40:12,294 - INFO - Best fit parameters: [0.42510609 0.26130243].
2020-09-15 10:40:12,318 - INFO - Maximum log composite likelihood: -20.28083459.
2020-09-15 10:40:12,319 - INFO - Optimal value of theta: 58.8708426622.
2020-09-15 10:40:12,319 - INFO - Beginning optimization with guess, [0.28477631 0.08179425].
2020-09-15 10:40:12,865 - INFO - Finished optimization with guess, [0.28477631 0.08179425].
2020-09-15 10:40:12,866 - INFO - Best fit parameters: [0.42234265 0.32459179].
2020-09-15 10:40:12,891 - INFO - Maximum log composite likelihood: -20.2813501039.
2020-09-15 10:40:12,892 - INFO - Optimal value of theta: 62.434004191.
2020-09-15 10:40:12,893 - INFO - Beginning optimization with guess, [0.48358533 0.06427131].
2020-09-15 10:40:13,615 - INFO - Finished optimization with guess, [0.48358533 0.06427131].
2020-09-15 10:40:13,615 - INFO - Best fit parameters: [0.42209087 0.21870977].
2020-09-15 10:40:13,638 - INFO - Maximum log composite likelihood: -20.3004618405.
2020-09-15 10:40:13,639 - INFO - Optimal value of theta: 56.7324857556.
2020-09-15 10:40:13,639 - INFO - Beginning optimization with guess, [0.40654098 0.11652232].
2020-09-15 10:40:14,374 - INFO - Finished optimization with guess, [0.40654098 0.11652232].
2020-09-15 10:40:14,375 - INFO - Best fit parameters: [0.31958375 0.36008751].
2020-09-15 10:40:14,405 - INFO - Maximum log composite likelihood: -20.2589019717.
2020-09-15 10:40:14,406 - INFO - Optimal value of theta: 80.2198937895.
2020-09-15 10:40:14,406 - INFO - Beginning optimization with guess, [0.32357617 0.17381075].
2020-09-15 10:40:15,046 - INFO - Finished optimization with guess, [0.32357617 0.17381075].
2020-09-15 10:40:15,046 - INFO - Best fit parameters: [0.35305337 0.34871788].
2020-09-15 10:40:15,074 - INFO - Maximum log composite likelihood: -20.2614579652.
2020-09-15 10:40:15,075 - INFO - Optimal value of theta: 72.8862180643.
2020-09-15 10:40:15,076 - INFO - Beginning optimization with guess, [0.86857778 0.18515313].
2020-09-15 10:40:15,808 - INFO - Finished optimization with guess, [0.86857778 0.18515313].
2020-09-15 10:40:15,808 - INFO - Best fit parameters: [0.37988197 0.32847159].
2020-09-15 10:40:15,835 - INFO - Maximum log composite likelihood: -20.264493951.
2020-09-15 10:40:15,836 - INFO - Optimal value of theta: 67.5343217485.
2020-09-15 10:40:15,836 - INFO - Beginning optimization with guess, [0.52858925 0.05278055].
2020-09-15 10:40:16,518 - INFO - Finished optimization with guess, [0.52858925 0.05278055].
2020-09-15 10:40:16,518 - INFO - Best fit parameters: [0.42405176 0.22639971].
2020-09-15 10:40:16,541 - INFO - Maximum log composite likelihood: -20.2955349486.
2020-09-15 10:40:16,542 - INFO - Optimal value of theta: 57.0293218563.
2020-09-15 10:40:16,542 - INFO - Beginning optimization with guess, [0.84326095 0.16569758].
2020-09-15 10:40:17,169 - INFO - Finished optimization with guess, [0.84326095 0.16569758].
2020-09-15 10:40:17,169 - INFO - Best fit parameters: [0.38629311 0.31589383].
2020-09-15 10:40:17,195 - INFO - Maximum log composite likelihood: -20.2654963149.
2020-09-15 10:40:17,196 - INFO - Optimal value of theta: 65.9296864228.
2020-09-15 10:40:17,196 - INFO - Beginning optimization with guess, [0.41269965 0.11108814].
2020-09-15 10:40:18,077 - INFO - Finished optimization with guess, [0.41269965 0.11108814].
2020-09-15 10:40:18,077 - INFO - Best fit parameters: [0.39107258 0.32278642].
2020-09-15 10:40:18,103 - INFO - Maximum log composite likelihood: -20.2667766444.
2020-09-15 10:40:18,104 - INFO - Optimal value of theta: 65.7746712943.
2020-09-15 10:40:18,104 - INFO - Beginning optimization with guess, [0.28176192 0.18591666].
2020-09-15 10:40:18,799 - INFO - Finished optimization with guess, [0.28176192 0.18591666].
2020-09-15 10:40:18,800 - INFO - Best fit parameters: [0.31045139 0.36709011].
2020-09-15 10:40:18,831 - INFO - Maximum log composite likelihood: -20.2590455341.
2020-09-15 10:40:18,831 - INFO - Optimal value of theta: 82.9742568508.
2020-09-15 10:40:18,832 - INFO - Beginning optimization with guess, [0.27729857 0.06288896].
2020-09-15 10:40:19,354 - INFO - Finished optimization with guess, [0.27729857 0.06288896].
2020-09-15 10:40:19,354 - INFO - Best fit parameters: [0.4689928  0.17938446].
2020-09-15 10:40:19,375 - INFO - Maximum log composite likelihood: -20.3501082288.
2020-09-15 10:40:19,376 - INFO - Optimal value of theta: 51.8586268041.
2020-09-15 10:40:19,376 - INFO - Beginning optimization with guess, [0.31521403 0.10550426].
2020-09-15 10:40:19,943 - INFO - Finished optimization with guess, [0.31521403 0.10550426].
2020-09-15 10:40:19,943 - INFO - Best fit parameters: [0.40950219 0.29859343].
2020-09-15 10:40:19,968 - INFO - Maximum log composite likelihood: -20.2712904355.
2020-09-15 10:40:19,969 - INFO - Optimal value of theta: 62.338022559.
2020-09-15 10:40:19,969 - INFO - Beginning optimization with guess, [0.99995103 0.13818574].
2020-09-15 10:40:20,566 - INFO - Finished optimization with guess, [0.99995103 0.13818574].
2020-09-15 10:40:20,566 - INFO - Best fit parameters: [0.38753993 0.31694837].
2020-09-15 10:40:20,593 - INFO - Maximum log composite likelihood: -20.2657047454.
2020-09-15 10:40:20,593 - INFO - Optimal value of theta: 65.8440049257.
2020-09-15 10:40:20,594 - INFO - Beginning optimization with guess, [0.48061165 0.06197997].
2020-09-15 10:40:21,308 - INFO - Finished optimization with guess, [0.48061165 0.06197997].
2020-09-15 10:40:21,308 - INFO - Best fit parameters: [0.42533703 0.21195171].
2020-09-15 10:40:21,331 - INFO - Maximum log composite likelihood: -20.304807242.
2020-09-15 10:40:21,331 - INFO - Optimal value of theta: 56.1167713357.
2020-09-15 10:40:21,332 - INFO - Beginning optimization with guess, [0.83080621 0.17694226].
2020-09-15 10:40:22,057 - INFO - Finished optimization with guess, [0.83080621 0.17694226].
2020-09-15 10:40:22,058 - INFO - Best fit parameters: [0.3897632  0.32148983].
2020-09-15 10:40:22,084 - INFO - Maximum log composite likelihood: -20.2663317824.
2020-09-15 10:40:22,085 - INFO - Optimal value of theta: 65.8539773248.
2020-09-15 10:40:22,085 - INFO - Beginning optimization with guess, [0.476147   0.09353685].
2020-09-15 10:40:22,711 - INFO - Finished optimization with guess, [0.476147   0.09353685].
2020-09-15 10:40:22,711 - INFO - Best fit parameters: [0.41658692 0.29024492].
2020-09-15 10:40:22,736 - INFO - Maximum log composite likelihood: -20.2738406862.
2020-09-15 10:40:22,737 - INFO - Optimal value of theta: 61.1870423762.
2020-09-15 10:40:22,737 - INFO - Beginning optimization with guess, [0.48779986 0.13925609].
2020-09-15 10:40:23,379 - INFO - Finished optimization with guess, [0.48779986 0.13925609].
2020-09-15 10:40:23,379 - INFO - Best fit parameters: [0.40864282 0.30173918].
2020-09-15 10:40:23,404 - INFO - Maximum log composite likelihood: -20.2709936594.
2020-09-15 10:40:23,405 - INFO - Optimal value of theta: 62.6013578464.
2020-09-15 10:40:23,405 - INFO - Beginning optimization with guess, [0.28865988 0.18888611].
2020-09-15 10:40:24,094 - INFO - Finished optimization with guess, [0.28865988 0.18888611].
2020-09-15 10:40:24,094 - INFO - Best fit parameters: [0.33435899 0.34959076].
2020-09-15 10:40:24,124 - INFO - Maximum log composite likelihood: -20.2594980897.
2020-09-15 10:40:24,124 - INFO - Optimal value of theta: 76.2850966105.
2020-09-15 10:40:24,125 - INFO - Beginning optimization with guess, [0.27005696 0.16498237].
2020-09-15 10:40:24,794 - INFO - Finished optimization with guess, [0.27005696 0.16498237].
2020-09-15 10:40:24,795 - INFO - Best fit parameters: [0.32429521 0.36244612].
2020-09-15 10:40:24,825 - INFO - Maximum log composite likelihood: -20.2595864795.
2020-09-15 10:40:24,826 - INFO - Optimal value of theta: 79.4044879838.
2020-09-15 10:40:24,826 - INFO - Beginning optimization with guess, [0.63701054 0.05762138].
2020-09-15 10:40:25,342 - INFO - Finished optimization with guess, [0.63701054 0.05762138].
2020-09-15 10:40:25,342 - INFO - Best fit parameters: [0.44951156 0.17884488].
2020-09-15 10:40:25,363 - INFO - Maximum log composite likelihood: -20.337113736.
2020-09-15 10:40:25,364 - INFO - Optimal value of theta: 52.8176501413.
2020-09-15 10:40:25,364 - INFO - Beginning optimization with guess, [0.70506237 0.09721834].
2020-09-15 10:40:25,940 - INFO - Finished optimization with guess, [0.70506237 0.09721834].
2020-09-15 10:40:25,940 - INFO - Best fit parameters: [0.40366515 0.31868582].
2020-09-15 10:40:25,966 - INFO - Maximum log composite likelihood: -20.2704442205.
2020-09-15 10:40:25,967 - INFO - Optimal value of theta: 64.0841361298.
2020-09-15 10:40:25,967 - INFO - Beginning optimization with guess, [0.94216001 0.09570658].
2020-09-15 10:40:26,564 - INFO - Finished optimization with guess, [0.94216001 0.09570658].
2020-09-15 10:40:26,565 - INFO - Best fit parameters: [0.43477782 0.27513074].
2020-09-15 10:40:26,589 - INFO - Maximum log composite likelihood: -20.2822183245.
2020-09-15 10:40:26,589 - INFO - Optimal value of theta: 58.7992333108.
2020-09-15 10:40:26,590 - INFO - Beginning optimization with guess, [0.53894842 0.07526106].
2020-09-15 10:40:27,239 - INFO - Finished optimization with guess, [0.53894842 0.07526106].
2020-09-15 10:40:27,239 - INFO - Best fit parameters: [0.425325   0.24691484].
2020-09-15 10:40:27,262 - INFO - Maximum log composite likelihood: -20.2855838473.
2020-09-15 10:40:27,263 - INFO - Optimal value of theta: 58.0729707014.
2020-09-15 10:40:27,263 - INFO - Beginning optimization with guess, [0.555956   0.12291525].
2020-09-15 10:40:27,904 - INFO - Finished optimization with guess, [0.555956   0.12291525].
2020-09-15 10:40:27,904 - INFO - Best fit parameters: [0.41081539 0.30029517].
2020-09-15 10:40:27,929 - INFO - Maximum log composite likelihood: -20.2716913606.
2020-09-15 10:40:27,930 - INFO - Optimal value of theta: 62.3009075481.
2020-09-15 10:40:27,930 - INFO - Beginning optimization with guess, [0.26144175 0.1800173 ].
2020-09-15 10:40:28,697 - INFO - Finished optimization with guess, [0.26144175 0.1800173 ].
2020-09-15 10:40:28,697 - INFO - Best fit parameters: [0.36581996 0.33722981].
2020-09-15 10:40:28,725 - INFO - Maximum log composite likelihood: -20.262447422.
2020-09-15 10:40:28,725 - INFO - Optimal value of theta: 70.0713719123.
2020-09-15 10:40:28,726 - INFO - Beginning optimization with guess, [0.4833175  0.18775519].
2020-09-15 10:40:29,378 - INFO - Finished optimization with guess, [0.4833175  0.18775519].
2020-09-15 10:40:29,378 - INFO - Best fit parameters: [0.3899429  0.32348831].
2020-09-15 10:40:29,405 - INFO - Maximum log composite likelihood: -20.2665293031.
2020-09-15 10:40:29,406 - INFO - Optimal value of theta: 65.9537560865.
2020-09-15 10:40:29,406 - INFO - Beginning optimization with guess, [0.75876178 0.10148185].
2020-09-15 10:40:29,996 - INFO - Finished optimization with guess, [0.75876178 0.10148185].
2020-09-15 10:40:29,997 - INFO - Best fit parameters: [0.37702338 0.32439054].
2020-09-15 10:40:30,024 - INFO - Maximum log composite likelihood: -20.2638542049.
2020-09-15 10:40:30,024 - INFO - Optimal value of theta: 67.6470951719.
2020-09-15 10:40:30,025 - INFO - Beginning optimization with guess, [0.46337835 0.07345461].
2020-09-15 10:40:30,608 - INFO - Finished optimization with guess, [0.46337835 0.07345461].
2020-09-15 10:40:30,608 - INFO - Best fit parameters: [0.42664013 0.28731849].
2020-09-15 10:40:30,632 - INFO - Maximum log composite likelihood: -20.2778875477.
2020-09-15 10:40:30,633 - INFO - Optimal value of theta: 60.1136280141.
2020-09-15 10:40:30,633 - INFO - Beginning optimization with guess, [0.97507477 0.1027155 ].
2020-09-15 10:40:31,213 - INFO - Finished optimization with guess, [0.97507477 0.1027155 ].
2020-09-15 10:40:31,214 - INFO - Best fit parameters: [0.41667627 0.29177904].
2020-09-15 10:40:31,239 - INFO - Maximum log composite likelihood: -20.2738059065.
2020-09-15 10:40:31,239 - INFO - Optimal value of theta: 61.2619747122.
2020-09-15 10:40:31,240 - INFO - Beginning optimization with guess, [0.25137066 0.08920626].
2020-09-15 10:40:31,789 - INFO - Finished optimization with guess, [0.25137066 0.08920626].
2020-09-15 10:40:31,789 - INFO - Best fit parameters: [0.4270439 0.2581344].
2020-09-15 10:40:31,813 - INFO - Maximum log composite likelihood: -20.2821796885.
2020-09-15 10:40:31,814 - INFO - Optimal value of theta: 58.5433266131.
2020-09-15 10:40:31,814 - INFO - Beginning optimization with guess, [0.60716711 0.05466047].
2020-09-15 10:40:32,328 - INFO - Finished optimization with guess, [0.60716711 0.05466047].
2020-09-15 10:40:32,329 - INFO - Best fit parameters: [0.44922592 0.17197277].
2020-09-15 10:40:32,349 - INFO - Maximum log composite likelihood: -20.3447323997.
2020-09-15 10:40:32,350 - INFO - Optimal value of theta: 52.4586468495.
2020-09-15 10:40:32,353 - INFO - Finished demographic inference.
2020-09-15 10:40:32,354 - INFO - Beginning DFE inference.
2020-09-15 10:41:05,159 - INFO - Beginning optimization with guess, [5.40677773e-02 3.99006119e+02].
2020-09-15 10:41:12,410 - INFO - Finished optomization, results are [-23.055897686366947 array([8.98827920e-02, 5.67567121e+03])].
2020-09-15 10:41:12,411 - INFO - Beginning optimization with guess, [1.40815058e-01 1.46880120e+02].
2020-09-15 10:41:17,693 - INFO - Finished optomization, results are [-23.113120330672867 array([8.94147006e-02, 5.22574407e+03])].
2020-09-15 10:41:17,693 - INFO - Beginning optimization with guess, [  0.17187431 169.46418424].
2020-09-15 10:41:22,720 - INFO - Finished optomization, results are [-23.07914655072216 array([8.86450247e-02, 5.74123679e+03])].
2020-09-15 10:41:22,721 - INFO - Beginning optimization with guess, [9.73350974e-02 1.36469532e+02].
2020-09-15 10:41:36,032 - INFO - Finished optomization, results are [-23.067086531244552 array([8.79814679e-02, 6.05609560e+03])].
2020-09-15 10:41:36,033 - INFO - Beginning optimization with guess, [9.99377419e-02 3.98651156e+02].
2020-09-15 10:41:45,161 - INFO - Finished optomization, results are [-23.065726811938703 array([9.09655903e-02, 5.32287494e+03])].
2020-09-15 10:41:45,162 - INFO - Beginning optimization with guess, [1.72686439e-01 3.83559937e+02].
2020-09-15 10:42:00,874 - INFO - Finished optomization, results are [-23.06902685561777 array([8.79741679e-02, 6.03752665e+03])].
2020-09-15 10:42:00,875 - INFO - Beginning optimization with guess, [1.41239897e-01 1.85171580e+02].
2020-09-15 10:42:09,405 - INFO - Finished optomization, results are [-23.094093139260224 array([8.75532829e-02, 5.91419095e+03])].
2020-09-15 10:42:09,405 - INFO - Beginning optimization with guess, [1.06124225e-01 2.72916230e+02].
2020-09-15 10:42:15,626 - INFO - Finished optomization, results are [-23.08750007435446 array([8.98112888e-02, 5.35700046e+03])].
2020-09-15 10:42:15,627 - INFO - Beginning optimization with guess, [1.07128572e-01 1.10345135e+02].
2020-09-15 10:42:22,392 - INFO - Finished optomization, results are [-23.055554653376575 array([8.88425068e-02, 5.94136887e+03])].
2020-09-15 10:42:22,394 - INFO - Beginning optimization with guess, [5.21066326e-02 3.71523982e+02].
2020-09-15 10:42:29,361 - INFO - Finished optomization, results are [-23.055701603083747 array([8.98016229e-02, 5.69718071e+03])].
2020-09-15 10:42:29,361 - INFO - Beginning optimization with guess, [9.90000000e-01 7.21281908e-02 1.51277478e+02].
2020-09-15 10:42:55,876 - INFO - Finished optimization, results are [-23.006267652373182 array([1.48056335e-01, 1.11190173e-01, 5.91056130e+03])].
2020-09-15 10:42:55,877 - INFO - Beginning optimization with guess, [8.41990396e-01 5.92666857e-02 3.53622642e+02].
2020-09-15 10:43:23,053 - INFO - Finished optimization, results are [-22.99829683573264 array([1.44365640e-01, 1.11164471e-01, 5.85202649e+03])].
2020-09-15 10:43:23,055 - INFO - Beginning optimization with guess, [6.66534373e-01 1.06181727e-01 1.26279457e+02].
2020-09-15 10:43:55,201 - INFO - Finished optimization, results are [-22.954328427889997 array([1.99280012e-01, 1.22361427e-01, 6.12217820e+03])].
2020-09-15 10:43:55,202 - INFO - Beginning optimization with guess, [6.92915761e-01 1.57292133e-01 3.68326382e+02].
2020-09-15 10:44:19,730 - INFO - Finished optimization, results are [-22.79744452167756 array([3.06188282e-01, 1.62664432e-01, 5.90184584e+03])].
2020-09-15 10:44:19,732 - INFO - Beginning optimization with guess, [6.77453400e-01 1.08651123e-01 3.48914461e+02].
2020-09-15 10:44:47,251 - INFO - Finished optimization, results are [-22.890861075872074 array([2.59988699e-01, 1.41629099e-01, 5.84937665e+03])].
2020-09-15 10:44:47,252 - INFO - Beginning optimization with guess, [5.86028101e-01 1.05081222e-01 1.55554894e+02].
2020-09-15 10:45:06,949 - INFO - Finished optimization, results are [-22.915034914309402 array([2.32014564e-01, 1.32583537e-01, 5.95039562e+03])].
2020-09-15 10:45:06,950 - INFO - Beginning optimization with guess, [9.90000000e-01 1.52710535e-01 2.75827034e+02].
2020-09-15 10:45:50,598 - INFO - Finished optimization, results are [-22.81882121753268 array([2.98472041e-01, 1.56831027e-01, 6.07851541e+03])].
2020-09-15 10:45:50,599 - INFO - Beginning optimization with guess, [7.73085826e-01 6.06919470e-02 2.92713678e+02].
2020-09-15 10:46:14,984 - INFO - Finished optimization, results are [-22.97010495001023 array([1.32078023e-01, 1.10933389e-01, 5.81908574e+03])].
2020-09-15 10:46:14,985 - INFO - Beginning optimization with guess, [5.65328231e-01 1.03100036e-01 3.28777112e+02].
2020-09-15 10:46:41,816 - INFO - Finished optimization, results are [-22.831257334912614 array([2.88558623e-01, 1.54703308e-01, 5.79354751e+03])].
2020-09-15 10:46:41,817 - INFO - Beginning optimization with guess, [9.90000000e-01 9.63292493e-02 1.56938442e+02].
2020-09-15 10:47:18,265 - INFO - Finished optimization, results are [-22.994660411785148 array([1.98157463e-01, 1.20269491e-01, 6.13628046e+03])].
2020-09-15 10:47:18,266 - INFO - Beginning optimization with guess, [9.90000000e-01 1.31891454e-01 2.44315858e+02].
2020-09-15 10:47:18,267 - INFO - Finished optimization, results are [-100000000.0 array([9.90000000e-01, 1.31891454e-01, 2.44315858e+02])].
2020-09-15 10:47:18,267 - INFO - Beginning optimization with guess, [9.90000000e-01 6.05117770e-02 1.67165885e+02].
2020-09-15 10:47:18,268 - INFO - Finished optimization, results are [-100000000.0 array([9.90000000e-01, 6.05117770e-02, 1.67165885e+02])].
2020-09-15 10:47:18,268 - INFO - Beginning optimization with guess, [9.90000000e-01 1.39390586e-01 1.81720282e+02].
2020-09-15 10:47:18,269 - INFO - Finished optimization, results are [-100000000.0 array([9.90000000e-01, 1.39390586e-01, 1.81720282e+02])].
2020-09-15 10:47:18,269 - INFO - Beginning optimization with guess, [9.90000000e-01 1.00484787e-01 1.78696553e+02].
2020-09-15 10:47:18,270 - INFO - Finished optimization, results are [-100000000.0 array([9.90000000e-01, 1.00484787e-01, 1.78696553e+02])].
2020-09-15 10:47:18,270 - INFO - Beginning optimization with guess, [9.90000000e-01 5.80990723e-02 1.05479727e+02].
2020-09-15 10:47:18,271 - INFO - Finished optimization, results are [-100000000.0 array([9.90000000e-01, 5.80990723e-02, 1.05479727e+02])].
2020-09-15 10:47:18,271 - INFO - Finished DFE inference.
2020-09-15 10:47:18,271 - INFO - Integrating expected site-frequency spectrum.
2020-09-15 10:47:18,271 - INFO - Outputing results.
2020-09-15 10:47:19,945 - INFO - Pipeline executed succesfully.
