2020-09-15 10:36:48,738 - INFO - Beginning execution of fitdadi_infer_DFE.py in directory /u/home/j/jonmah/lohmueller_lab/Scripts

2020-09-15 10:36:48,738 - INFO - Progress is being logged to ../Data/pop_4000_AW_AW/350_gen_fitdadi_output/log.log

2020-09-15 10:36:48,738 - INFO - Parsed the following arguments:
	breed = LB
	outprefix = ../Data/pop_4000_AW_AW/350_gen_fitdadi_output/
	nonsyn_input_sfs = ../Data/pop_4000_AW_AW/350_gen_easySFS_output_nonsyn/dadi/pop1.sfs
	syn_input_sfs = ../Data/pop_4000_AW_AW/350_gen_easySFS_output_syn/dadi/pop1.sfs

2020-09-15 10:36:48,740 - INFO - Beginning optimization with guess, [0.39246407 0.15152597].
2020-09-15 10:36:49,382 - INFO - Finished optimization with guess, [0.39246407 0.15152597].
2020-09-15 10:36:49,382 - INFO - Best fit parameters: [0.36223571 0.3466267 ].
2020-09-15 10:36:49,411 - INFO - Maximum log composite likelihood: -20.2628287741.
2020-09-15 10:36:49,411 - INFO - Optimal value of theta: 71.2633309905.
2020-09-15 10:36:49,412 - INFO - Beginning optimization with guess, [0.2778562  0.09706599].
2020-09-15 10:36:49,964 - INFO - Finished optimization with guess, [0.2778562  0.09706599].
2020-09-15 10:36:49,964 - INFO - Best fit parameters: [0.43449042 0.25071449].
2020-09-15 10:36:49,988 - INFO - Maximum log composite likelihood: -20.2865337393.
2020-09-15 10:36:49,988 - INFO - Optimal value of theta: 57.5716488101.
2020-09-15 10:36:49,989 - INFO - Beginning optimization with guess, [0.43370302 0.10736843].
2020-09-15 10:36:50,644 - INFO - Finished optimization with guess, [0.43370302 0.10736843].
2020-09-15 10:36:50,644 - INFO - Best fit parameters: [0.43385628 0.26791606].
2020-09-15 10:36:50,668 - INFO - Maximum log composite likelihood: -20.2825306713.
2020-09-15 10:36:50,669 - INFO - Optimal value of theta: 58.5075890542.
2020-09-15 10:36:50,669 - INFO - Beginning optimization with guess, [0.86835083 0.05463173].
2020-09-15 10:36:51,227 - INFO - Finished optimization with guess, [0.86835083 0.05463173].
2020-09-15 10:36:51,227 - INFO - Best fit parameters: [0.40258831 0.30599607].
2020-09-15 10:36:51,253 - INFO - Maximum log composite likelihood: -20.2692185006.
2020-09-15 10:36:51,254 - INFO - Optimal value of theta: 63.4762116602.
2020-09-15 10:36:51,254 - INFO - Beginning optimization with guess, [0.93300668 0.05574775].
2020-09-15 10:36:51,780 - INFO - Finished optimization with guess, [0.93300668 0.05574775].
2020-09-15 10:36:51,781 - INFO - Best fit parameters: [0.4792306  0.20929213].
2020-09-15 10:36:51,803 - INFO - Maximum log composite likelihood: -20.3346846837.
2020-09-15 10:36:51,803 - INFO - Optimal value of theta: 52.7482336158.
2020-09-15 10:36:51,804 - INFO - Beginning optimization with guess, [0.26389518 0.14784059].
2020-09-15 10:36:52,450 - INFO - Finished optimization with guess, [0.26389518 0.14784059].
2020-09-15 10:36:52,451 - INFO - Best fit parameters: [0.34365268 0.34415391].
2020-09-15 10:36:52,480 - INFO - Maximum log composite likelihood: -20.2601436823.
2020-09-15 10:36:52,480 - INFO - Optimal value of theta: 74.1468579724.
2020-09-15 10:36:52,481 - INFO - Beginning optimization with guess, [0.42914038 0.14415513].
2020-09-15 10:36:53,172 - INFO - Finished optimization with guess, [0.42914038 0.14415513].
2020-09-15 10:36:53,173 - INFO - Best fit parameters: [0.34307024 0.34977436].
2020-09-15 10:36:53,202 - INFO - Maximum log composite likelihood: -20.2602383472.
2020-09-15 10:36:53,202 - INFO - Optimal value of theta: 74.6882863648.
2020-09-15 10:36:53,203 - INFO - Beginning optimization with guess, [0.29061475 0.17778609].
2020-09-15 10:36:53,873 - INFO - Finished optimization with guess, [0.29061475 0.17778609].
2020-09-15 10:36:53,873 - INFO - Best fit parameters: [0.33571815 0.34839247].
2020-09-15 10:36:53,902 - INFO - Maximum log composite likelihood: -20.2595859547.
2020-09-15 10:36:53,903 - INFO - Optimal value of theta: 75.9289820852.
2020-09-15 10:36:53,903 - INFO - Beginning optimization with guess, [0.26086365 0.07052988].
2020-09-15 10:36:54,428 - INFO - Finished optimization with guess, [0.26086365 0.07052988].
2020-09-15 10:36:54,428 - INFO - Best fit parameters: [0.43342262 0.23273275].
2020-09-15 10:36:54,451 - INFO - Maximum log composite likelihood: -20.2931374956.
2020-09-15 10:36:54,452 - INFO - Optimal value of theta: 56.7015056522.
2020-09-15 10:36:54,452 - INFO - Beginning optimization with guess, [0.56841419 0.12855118].
2020-09-15 10:36:55,100 - INFO - Finished optimization with guess, [0.56841419 0.12855118].
2020-09-15 10:36:55,100 - INFO - Best fit parameters: [0.40962453 0.30282211].
2020-09-15 10:36:55,126 - INFO - Maximum log composite likelihood: -20.2713262055.
2020-09-15 10:36:55,126 - INFO - Optimal value of theta: 62.5617878658.
2020-09-15 10:36:55,127 - INFO - Beginning optimization with guess, [0.27437925 0.10081512].
2020-09-15 10:36:55,697 - INFO - Finished optimization with guess, [0.27437925 0.10081512].
2020-09-15 10:36:55,697 - INFO - Best fit parameters: [0.41213817 0.30350387].
2020-09-15 10:36:55,723 - INFO - Maximum log composite likelihood: -20.2722407305.
2020-09-15 10:36:55,724 - INFO - Optimal value of theta: 62.3451719828.
2020-09-15 10:36:55,724 - INFO - Beginning optimization with guess, [0.68756026 0.1736866 ].
2020-09-15 10:36:56,439 - INFO - Finished optimization with guess, [0.68756026 0.1736866 ].
2020-09-15 10:36:56,440 - INFO - Best fit parameters: [0.31793487 0.35801179].
2020-09-15 10:36:56,470 - INFO - Maximum log composite likelihood: -20.2586750931.
2020-09-15 10:36:56,471 - INFO - Optimal value of theta: 80.3981203258.
2020-09-15 10:36:56,471 - INFO - Beginning optimization with guess, [0.52071376 0.19153016].
2020-09-15 10:36:57,149 - INFO - Finished optimization with guess, [0.52071376 0.19153016].
2020-09-15 10:36:57,149 - INFO - Best fit parameters: [0.34843076 0.35103463].
2020-09-15 10:36:57,178 - INFO - Maximum log composite likelihood: -20.2610371399.
2020-09-15 10:36:57,179 - INFO - Optimal value of theta: 73.8417432006.
2020-09-15 10:36:57,179 - INFO - Beginning optimization with guess, [0.43937691 0.11665006].
2020-09-15 10:36:57,819 - INFO - Finished optimization with guess, [0.43937691 0.11665006].
2020-09-15 10:36:57,820 - INFO - Best fit parameters: [0.4310833  0.27053355].
2020-09-15 10:36:57,844 - INFO - Maximum log composite likelihood: -20.2809922125.
2020-09-15 10:36:57,844 - INFO - Optimal value of theta: 58.8668036898.
2020-09-15 10:36:57,845 - INFO - Beginning optimization with guess, [0.43335851 0.1660084 ].
2020-09-15 10:36:58,552 - INFO - Finished optimization with guess, [0.43335851 0.1660084 ].
2020-09-15 10:36:58,553 - INFO - Best fit parameters: [0.33879885 0.35485168].
2020-09-15 10:36:58,582 - INFO - Maximum log composite likelihood: -20.2602092236.
2020-09-15 10:36:58,583 - INFO - Optimal value of theta: 75.8706130051.
2020-09-15 10:36:58,583 - INFO - Beginning optimization with guess, [0.7869688  0.18639112].
2020-09-15 10:36:59,253 - INFO - Finished optimization with guess, [0.7869688  0.18639112].
2020-09-15 10:36:59,253 - INFO - Best fit parameters: [0.37243717 0.33830577].
2020-09-15 10:36:59,281 - INFO - Maximum log composite likelihood: -20.2638208329.
2020-09-15 10:36:59,282 - INFO - Optimal value of theta: 69.1881457434.
2020-09-15 10:36:59,282 - INFO - Beginning optimization with guess, [0.41803891 0.12841971].
2020-09-15 10:36:59,963 - INFO - Finished optimization with guess, [0.41803891 0.12841971].
2020-09-15 10:36:59,964 - INFO - Best fit parameters: [0.36415994 0.33810448].
2020-09-15 10:36:59,992 - INFO - Maximum log composite likelihood: -20.2622384572.
2020-09-15 10:36:59,993 - INFO - Optimal value of theta: 70.3782007249.
2020-09-15 10:36:59,993 - INFO - Beginning optimization with guess, [0.30782457 0.10830841].
2020-09-15 10:37:00,577 - INFO - Finished optimization with guess, [0.30782457 0.10830841].
2020-09-15 10:37:00,577 - INFO - Best fit parameters: [0.38371488 0.32287664].
2020-09-15 10:37:00,604 - INFO - Maximum log composite likelihood: -20.2650202408.
2020-09-15 10:37:00,605 - INFO - Optimal value of theta: 66.6865233867.
2020-09-15 10:37:00,605 - INFO - Beginning optimization with guess, [0.47426924 0.0612435 ].
2020-09-15 10:37:01,288 - INFO - Finished optimization with guess, [0.47426924 0.0612435 ].
2020-09-15 10:37:01,288 - INFO - Best fit parameters: [0.41961284 0.33295769].
2020-09-15 10:37:01,314 - INFO - Maximum log composite likelihood: -20.2825218754.
2020-09-15 10:37:01,315 - INFO - Optimal value of theta: 63.1411135108.
2020-09-15 10:37:01,316 - INFO - Beginning optimization with guess, [0.9782792  0.05408728].
2020-09-15 10:37:01,936 - INFO - Finished optimization with guess, [0.9782792  0.05408728].
2020-09-15 10:37:01,936 - INFO - Best fit parameters: [0.47227982 0.19890697].
2020-09-15 10:37:01,958 - INFO - Maximum log composite likelihood: -20.3348049729.
2020-09-15 10:37:01,958 - INFO - Optimal value of theta: 52.6349662985.
2020-09-15 10:37:01,959 - INFO - Beginning optimization with guess, [0.48830549 0.16650772].
2020-09-15 10:37:02,608 - INFO - Finished optimization with guess, [0.48830549 0.16650772].
2020-09-15 10:37:02,608 - INFO - Best fit parameters: [0.38283147 0.32074993].
2020-09-15 10:37:02,635 - INFO - Maximum log composite likelihood: -20.2648215839.
2020-09-15 10:37:02,636 - INFO - Optimal value of theta: 66.6635998061.
2020-09-15 10:37:02,636 - INFO - Beginning optimization with guess, [0.36304018 0.139466  ].
2020-09-15 10:37:03,244 - INFO - Finished optimization with guess, [0.36304018 0.139466  ].
2020-09-15 10:37:03,245 - INFO - Best fit parameters: [0.38514114 0.31916394].
2020-09-15 10:37:03,271 - INFO - Maximum log composite likelihood: -20.2652428616.
2020-09-15 10:37:03,272 - INFO - Optimal value of theta: 66.2753941015.
2020-09-15 10:37:03,272 - INFO - Beginning optimization with guess, [0.26224711 0.05973986].
2020-09-15 10:37:03,803 - INFO - Finished optimization with guess, [0.26224711 0.05973986].
2020-09-15 10:37:03,803 - INFO - Best fit parameters: [0.48057362 0.13678004].
2020-09-15 10:37:03,823 - INFO - Maximum log composite likelihood: -20.4378344353.
2020-09-15 10:37:03,824 - INFO - Optimal value of theta: 49.2109643014.
2020-09-15 10:37:03,824 - INFO - Beginning optimization with guess, [0.54614606 0.16283245].
2020-09-15 10:37:04,475 - INFO - Finished optimization with guess, [0.54614606 0.16283245].
2020-09-15 10:37:04,475 - INFO - Best fit parameters: [0.38860808 0.32004502].
2020-09-15 10:37:04,502 - INFO - Maximum log composite likelihood: -20.2659801611.
2020-09-15 10:37:04,503 - INFO - Optimal value of theta: 65.9054954867.
2020-09-15 10:37:04,503 - INFO - Beginning optimization with guess, [0.39660725 0.14851123].
2020-09-15 10:37:05,127 - INFO - Finished optimization with guess, [0.39660725 0.14851123].
2020-09-15 10:37:05,127 - INFO - Best fit parameters: [0.36142449 0.34750024].
2020-09-15 10:37:05,155 - INFO - Maximum log composite likelihood: -20.2628035999.
2020-09-15 10:37:05,156 - INFO - Optimal value of theta: 71.4504746904.
2020-09-15 10:37:05,156 - INFO - Beginning optimization with guess, [0.65466442 0.07047281].
2020-09-15 10:37:05,822 - INFO - Finished optimization with guess, [0.65466442 0.07047281].
2020-09-15 10:37:05,822 - INFO - Best fit parameters: [0.41876785 0.22025562].
2020-09-15 10:37:05,845 - INFO - Maximum log composite likelihood: -20.2998816562.
2020-09-15 10:37:05,845 - INFO - Optimal value of theta: 57.0630462807.
2020-09-15 10:37:05,846 - INFO - Beginning optimization with guess, [0.49523516 0.09272769].
2020-09-15 10:37:06,634 - INFO - Finished optimization with guess, [0.49523516 0.09272769].
2020-09-15 10:37:06,635 - INFO - Best fit parameters: [0.41148726 0.21918017].
2020-09-15 10:37:06,657 - INFO - Maximum log composite likelihood: -20.3024634706.
2020-09-15 10:37:06,658 - INFO - Optimal value of theta: 57.5422069525.
2020-09-15 10:37:06,659 - INFO - Beginning optimization with guess, [0.30864552 0.06266329].
2020-09-15 10:37:07,237 - INFO - Finished optimization with guess, [0.30864552 0.06266329].
2020-09-15 10:37:07,237 - INFO - Best fit parameters: [0.48796942 0.19555569].
2020-09-15 10:37:07,258 - INFO - Maximum log composite likelihood: -20.3552955227.
2020-09-15 10:37:07,259 - INFO - Optimal value of theta: 51.6994224877.
2020-09-15 10:37:07,259 - INFO - Beginning optimization with guess, [0.74877002 0.13548379].
2020-09-15 10:37:07,869 - INFO - Finished optimization with guess, [0.74877002 0.13548379].
2020-09-15 10:37:07,869 - INFO - Best fit parameters: [0.41590161 0.28956742].
2020-09-15 10:37:07,894 - INFO - Maximum log composite likelihood: -20.273655889.
2020-09-15 10:37:07,895 - INFO - Optimal value of theta: 61.2147521186.
2020-09-15 10:37:07,895 - INFO - Beginning optimization with guess, [0.88058775 0.07026881].
2020-09-15 10:37:08,469 - INFO - Finished optimization with guess, [0.88058775 0.07026881].
2020-09-15 10:37:08,469 - INFO - Best fit parameters: [0.42660298 0.28414915].
2020-09-15 10:37:08,494 - INFO - Maximum log composite likelihood: -20.2779385929.
2020-09-15 10:37:08,495 - INFO - Optimal value of theta: 59.9523433435.
2020-09-15 10:37:08,495 - INFO - Beginning optimization with guess, [0.37048212 0.19010408].
2020-09-15 10:37:09,150 - INFO - Finished optimization with guess, [0.37048212 0.19010408].
2020-09-15 10:37:09,150 - INFO - Best fit parameters: [0.36118488 0.33859524].
2020-09-15 10:37:09,178 - INFO - Maximum log composite likelihood: -20.2618281359.
2020-09-15 10:37:09,179 - INFO - Optimal value of theta: 70.8621194933.
2020-09-15 10:37:09,179 - INFO - Beginning optimization with guess, [0.75163213 0.11856621].
2020-09-15 10:37:09,785 - INFO - Finished optimization with guess, [0.75163213 0.11856621].
2020-09-15 10:37:09,785 - INFO - Best fit parameters: [0.41172339 0.3075117 ].
2020-09-15 10:37:09,811 - INFO - Maximum log composite likelihood: -20.2723417111.
2020-09-15 10:37:09,812 - INFO - Optimal value of theta: 62.6071305231.
2020-09-15 10:37:09,812 - INFO - Beginning optimization with guess, [0.89290133 0.1909969 ].
2020-09-15 10:37:10,554 - INFO - Finished optimization with guess, [0.89290133 0.1909969 ].
2020-09-15 10:37:10,554 - INFO - Best fit parameters: [0.37719554 0.33082647].
2020-09-15 10:37:10,582 - INFO - Maximum log composite likelihood: -20.2640955582.
2020-09-15 10:37:10,582 - INFO - Optimal value of theta: 68.0425980131.
2020-09-15 10:37:10,583 - INFO - Beginning optimization with guess, [0.31726517 0.09623973].
2020-09-15 10:37:11,137 - INFO - Finished optimization with guess, [0.31726517 0.09623973].
2020-09-15 10:37:11,137 - INFO - Best fit parameters: [0.42937764 0.27901733].
2020-09-15 10:37:11,161 - INFO - Maximum log composite likelihood: -20.2794164043.
2020-09-15 10:37:11,162 - INFO - Optimal value of theta: 59.4471063147.
2020-09-15 10:37:11,162 - INFO - Beginning optimization with guess, [0.42337662 0.05105096].
2020-09-15 10:37:11,784 - INFO - Finished optimization with guess, [0.42337662 0.05105096].
2020-09-15 10:37:11,784 - INFO - Best fit parameters: [0.43496385 0.31694405].
2020-09-15 10:37:11,810 - INFO - Maximum log composite likelihood: -20.2876644903.
2020-09-15 10:37:11,810 - INFO - Optimal value of theta: 60.8413357877.
2020-09-15 10:37:11,811 - INFO - Beginning optimization with guess, [0.66570555 0.05732927].
2020-09-15 10:37:12,544 - INFO - Finished optimization with guess, [0.66570555 0.05732927].
2020-09-15 10:37:12,545 - INFO - Best fit parameters: [0.43198631 0.26821362].
2020-09-15 10:37:12,569 - INFO - Maximum log composite likelihood: -20.2816919085.
2020-09-15 10:37:12,570 - INFO - Optimal value of theta: 58.6735189237.
2020-09-15 10:37:12,570 - INFO - Beginning optimization with guess, [0.47290854 0.09637191].
2020-09-15 10:37:13,207 - INFO - Finished optimization with guess, [0.47290854 0.09637191].
2020-09-15 10:37:13,208 - INFO - Best fit parameters: [0.41755512 0.28720636].
2020-09-15 10:37:13,232 - INFO - Maximum log composite likelihood: -20.2743468082.
2020-09-15 10:37:13,233 - INFO - Optimal value of theta: 60.9311912091.
2020-09-15 10:37:13,233 - INFO - Beginning optimization with guess, [0.87799842 0.19515848].
2020-09-15 10:37:13,984 - INFO - Finished optimization with guess, [0.87799842 0.19515848].
2020-09-15 10:37:13,984 - INFO - Best fit parameters: [0.37265072 0.33278832].
2020-09-15 10:37:14,012 - INFO - Maximum log composite likelihood: -20.2633454316.
2020-09-15 10:37:14,013 - INFO - Optimal value of theta: 68.792746012.
2020-09-15 10:37:14,013 - INFO - Beginning optimization with guess, [0.32535436 0.19334022].
2020-09-15 10:37:14,685 - INFO - Finished optimization with guess, [0.32535436 0.19334022].
2020-09-15 10:37:14,686 - INFO - Best fit parameters: [0.33573604 0.35164198].
2020-09-15 10:37:14,715 - INFO - Maximum log composite likelihood: -20.2596438636.
2020-09-15 10:37:14,716 - INFO - Optimal value of theta: 76.1904092364.
2020-09-15 10:37:14,716 - INFO - Beginning optimization with guess, [0.29317113 0.10021863].
2020-09-15 10:37:15,282 - INFO - Finished optimization with guess, [0.29317113 0.10021863].
2020-09-15 10:37:15,282 - INFO - Best fit parameters: [0.41555341 0.28549269].
2020-09-15 10:37:15,307 - INFO - Maximum log composite likelihood: -20.27389098.
2020-09-15 10:37:15,307 - INFO - Optimal value of theta: 61.0241258144.
2020-09-15 10:37:15,308 - INFO - Beginning optimization with guess, [0.35810747 0.10623814].
2020-09-15 10:37:15,883 - INFO - Finished optimization with guess, [0.35810747 0.10623814].
2020-09-15 10:37:15,883 - INFO - Best fit parameters: [0.41432761 0.28671895].
2020-09-15 10:37:15,908 - INFO - Maximum log composite likelihood: -20.2734238632.
2020-09-15 10:37:15,909 - INFO - Optimal value of theta: 61.2068837718.
2020-09-15 10:37:15,909 - INFO - Beginning optimization with guess, [0.41212102 0.17312964].
2020-09-15 10:37:16,568 - INFO - Finished optimization with guess, [0.41212102 0.17312964].
2020-09-15 10:37:16,569 - INFO - Best fit parameters: [0.34418338 0.34618377].
2020-09-15 10:37:16,597 - INFO - Maximum log composite likelihood: -20.260191159.
2020-09-15 10:37:16,598 - INFO - Optimal value of theta: 74.2115313197.
2020-09-15 10:37:16,599 - INFO - Beginning optimization with guess, [0.43949384 0.07184605].
2020-09-15 10:37:17,190 - INFO - Finished optimization with guess, [0.43949384 0.07184605].
2020-09-15 10:37:17,191 - INFO - Best fit parameters: [0.42565541 0.29160451].
2020-09-15 10:37:17,215 - INFO - Maximum log composite likelihood: -20.277476141.
2020-09-15 10:37:17,216 - INFO - Optimal value of theta: 60.4236613111.
2020-09-15 10:37:17,216 - INFO - Beginning optimization with guess, [0.33893223 0.13621328].
2020-09-15 10:37:17,823 - INFO - Finished optimization with guess, [0.33893223 0.13621328].
2020-09-15 10:37:17,823 - INFO - Best fit parameters: [0.36491729 0.32915013].
2020-09-15 10:37:17,850 - INFO - Maximum log composite likelihood: -20.2622822945.
2020-09-15 10:37:17,851 - INFO - Optimal value of theta: 69.6442414864.
2020-09-15 10:37:17,852 - INFO - Beginning optimization with guess, [0.70981082 0.05150366].
2020-09-15 10:37:18,604 - INFO - Finished optimization with guess, [0.70981082 0.05150366].
2020-09-15 10:37:18,605 - INFO - Best fit parameters: [0.42552859 0.21337394].
2020-09-15 10:37:18,630 - INFO - Maximum log composite likelihood: -20.3037993035.
2020-09-15 10:37:18,631 - INFO - Optimal value of theta: 56.184913574.
2020-09-15 10:37:18,631 - INFO - Beginning optimization with guess, [0.88140475 0.10459117].
2020-09-15 10:37:19,246 - INFO - Finished optimization with guess, [0.88140475 0.10459117].
2020-09-15 10:37:19,247 - INFO - Best fit parameters: [0.39963645 0.315207  ].
2020-09-15 10:37:19,273 - INFO - Maximum log composite likelihood: -20.2686795004.
2020-09-15 10:37:19,273 - INFO - Optimal value of theta: 64.3321452953.
2020-09-15 10:37:19,274 - INFO - Beginning optimization with guess, [0.31430267 0.07080698].
2020-09-15 10:37:19,832 - INFO - Finished optimization with guess, [0.31430267 0.07080698].
2020-09-15 10:37:19,832 - INFO - Best fit parameters: [0.45079594 0.21722516].
2020-09-15 10:37:19,854 - INFO - Maximum log composite likelihood: -20.3071918794.
2020-09-15 10:37:19,855 - INFO - Optimal value of theta: 54.7440755856.
2020-09-15 10:37:19,855 - INFO - Beginning optimization with guess, [0.37976807 0.1267283 ].
2020-09-15 10:37:20,455 - INFO - Finished optimization with guess, [0.37976807 0.1267283 ].
2020-09-15 10:37:20,455 - INFO - Best fit parameters: [0.3802416  0.33626557].
2020-09-15 10:37:20,482 - INFO - Maximum log composite likelihood: -20.2654643108.
2020-09-15 10:37:20,483 - INFO - Optimal value of theta: 67.9826967196.
2020-09-15 10:37:20,484 - INFO - Beginning optimization with guess, [0.85666932 0.13480285].
2020-09-15 10:37:21,086 - INFO - Finished optimization with guess, [0.85666932 0.13480285].
2020-09-15 10:37:21,086 - INFO - Best fit parameters: [0.38715841 0.33169124].
2020-09-15 10:37:21,113 - INFO - Maximum log composite likelihood: -20.2667357147.
2020-09-15 10:37:21,114 - INFO - Optimal value of theta: 66.798747325.
2020-09-15 10:37:21,114 - INFO - Beginning optimization with guess, [0.34318162 0.19653395].
2020-09-15 10:37:21,789 - INFO - Finished optimization with guess, [0.34318162 0.19653395].
2020-09-15 10:37:21,789 - INFO - Best fit parameters: [0.32219837 0.3640368 ].
2020-09-15 10:37:21,820 - INFO - Maximum log composite likelihood: -20.2596194274.
2020-09-15 10:37:21,821 - INFO - Optimal value of theta: 79.9959524877.
2020-09-15 10:37:21,821 - INFO - Beginning optimization with guess, [0.98280428 0.05805135].
2020-09-15 10:37:22,439 - INFO - Finished optimization with guess, [0.98280428 0.05805135].
2020-09-15 10:37:22,440 - INFO - Best fit parameters: [0.47574416 0.19584797].
2020-09-15 10:37:22,461 - INFO - Maximum log composite likelihood: -20.3407346488.
2020-09-15 10:37:22,462 - INFO - Optimal value of theta: 52.314170572.
2020-09-15 10:37:22,462 - INFO - Beginning optimization with guess, [0.38084234 0.19736583].
2020-09-15 10:37:23,131 - INFO - Finished optimization with guess, [0.38084234 0.19736583].
2020-09-15 10:37:23,131 - INFO - Best fit parameters: [0.35165488 0.3431229 ].
2020-09-15 10:37:23,160 - INFO - Maximum log composite likelihood: -20.2608369862.
2020-09-15 10:37:23,161 - INFO - Optimal value of theta: 72.7046520379.
2020-09-15 10:37:23,161 - INFO - Beginning optimization with guess, [0.88147978 0.19744161].
2020-09-15 10:37:23,909 - INFO - Finished optimization with guess, [0.88147978 0.19744161].
2020-09-15 10:37:23,909 - INFO - Best fit parameters: [0.37109521 0.33526156].
2020-09-15 10:37:23,937 - INFO - Maximum log composite likelihood: -20.2632300125.
2020-09-15 10:37:23,937 - INFO - Optimal value of theta: 69.1757627983.
2020-09-15 10:37:23,938 - INFO - Beginning optimization with guess, [0.45913646 0.07495668].
2020-09-15 10:37:24,528 - INFO - Finished optimization with guess, [0.45913646 0.07495668].
2020-09-15 10:37:24,528 - INFO - Best fit parameters: [0.42660418 0.29055784].
2020-09-15 10:37:24,553 - INFO - Maximum log composite likelihood: -20.277899786.
2020-09-15 10:37:24,554 - INFO - Optimal value of theta: 60.2844144669.
2020-09-15 10:37:24,554 - INFO - Beginning optimization with guess, [0.37082363 0.1552042 ].
2020-09-15 10:37:25,180 - INFO - Finished optimization with guess, [0.37082363 0.1552042 ].
2020-09-15 10:37:25,181 - INFO - Best fit parameters: [0.36607453 0.3344243 ].
2020-09-15 10:37:25,208 - INFO - Maximum log composite likelihood: -20.2623579244.
2020-09-15 10:37:25,209 - INFO - Optimal value of theta: 69.8409822045.
2020-09-15 10:37:25,209 - INFO - Beginning optimization with guess, [0.77276113 0.07716716].
2020-09-15 10:37:25,909 - INFO - Finished optimization with guess, [0.77276113 0.07716716].
2020-09-15 10:37:25,910 - INFO - Best fit parameters: [0.4209645  0.28168921].
2020-09-15 10:37:25,934 - INFO - Maximum log composite likelihood: -20.2759419494.
2020-09-15 10:37:25,935 - INFO - Optimal value of theta: 60.3220598431.
2020-09-15 10:37:25,935 - INFO - Beginning optimization with guess, [0.30583599 0.1630404 ].
2020-09-15 10:37:26,570 - INFO - Finished optimization with guess, [0.30583599 0.1630404 ].
2020-09-15 10:37:26,570 - INFO - Best fit parameters: [0.35954265 0.33645112].
2020-09-15 10:37:26,598 - INFO - Maximum log composite likelihood: -20.2615762477.
2020-09-15 10:37:26,599 - INFO - Optimal value of theta: 70.9614237905.
2020-09-15 10:37:26,599 - INFO - Beginning optimization with guess, [0.70245162 0.06658063].
2020-09-15 10:37:27,336 - INFO - Finished optimization with guess, [0.70245162 0.06658063].
2020-09-15 10:37:27,337 - INFO - Best fit parameters: [0.42733409 0.27596986].
2020-09-15 10:37:27,361 - INFO - Maximum log composite likelihood: -20.2788325771.
2020-09-15 10:37:27,362 - INFO - Optimal value of theta: 59.4625743315.
2020-09-15 10:37:27,362 - INFO - Beginning optimization with guess, [0.99436066 0.08635938].
2020-09-15 10:37:27,947 - INFO - Finished optimization with guess, [0.99436066 0.08635938].
2020-09-15 10:37:27,948 - INFO - Best fit parameters: [0.3670274  0.32761057].
2020-09-15 10:37:27,975 - INFO - Maximum log composite likelihood: -20.2625509001.
2020-09-15 10:37:27,976 - INFO - Optimal value of theta: 69.2342615303.
2020-09-15 10:37:27,976 - INFO - Beginning optimization with guess, [0.72650885 0.09823995].
2020-09-15 10:37:28,560 - INFO - Finished optimization with guess, [0.72650885 0.09823995].
2020-09-15 10:37:28,561 - INFO - Best fit parameters: [0.39217142 0.33590042].
2020-09-15 10:37:28,588 - INFO - Maximum log composite likelihood: -20.2693055918.
2020-09-15 10:37:28,589 - INFO - Optimal value of theta: 66.424939125.
2020-09-15 10:37:28,589 - INFO - Beginning optimization with guess, [0.50074422 0.06562341].
2020-09-15 10:37:29,271 - INFO - Finished optimization with guess, [0.50074422 0.06562341].
2020-09-15 10:37:29,271 - INFO - Best fit parameters: [0.42302302 0.22696169].
2020-09-15 10:37:29,294 - INFO - Maximum log composite likelihood: -20.29523177.
2020-09-15 10:37:29,294 - INFO - Optimal value of theta: 57.1365137454.
2020-09-15 10:37:29,295 - INFO - Beginning optimization with guess, [0.7572719 0.1264004].
2020-09-15 10:37:29,906 - INFO - Finished optimization with guess, [0.7572719 0.1264004].
2020-09-15 10:37:29,907 - INFO - Best fit parameters: [0.3615765  0.35396143].
2020-09-15 10:37:29,935 - INFO - Maximum log composite likelihood: -20.2641849965.
2020-09-15 10:37:29,936 - INFO - Optimal value of theta: 71.8764658885.
2020-09-15 10:37:29,936 - INFO - Beginning optimization with guess, [0.25147249 0.1195464 ].
2020-09-15 10:37:30,540 - INFO - Finished optimization with guess, [0.25147249 0.1195464 ].
2020-09-15 10:37:30,540 - INFO - Best fit parameters: [0.37115699 0.3424023 ].
2020-09-15 10:37:30,568 - INFO - Maximum log composite likelihood: -20.2641299924.
2020-09-15 10:37:30,569 - INFO - Optimal value of theta: 69.6423401045.
2020-09-15 10:37:30,569 - INFO - Beginning optimization with guess, [0.28479263 0.12445132].
2020-09-15 10:37:31,171 - INFO - Finished optimization with guess, [0.28479263 0.12445132].
2020-09-15 10:37:31,172 - INFO - Best fit parameters: [0.367474   0.34624128].
2020-09-15 10:37:31,200 - INFO - Maximum log composite likelihood: -20.2639303454.
2020-09-15 10:37:31,201 - INFO - Optimal value of theta: 70.4399365324.
2020-09-15 10:37:31,202 - INFO - Beginning optimization with guess, [0.88437918 0.1040231 ].
2020-09-15 10:37:31,809 - INFO - Finished optimization with guess, [0.88437918 0.1040231 ].
2020-09-15 10:37:31,810 - INFO - Best fit parameters: [0.40869453 0.30765154].
2020-09-15 10:37:31,835 - INFO - Maximum log composite likelihood: -20.2712040652.
2020-09-15 10:37:31,836 - INFO - Optimal value of theta: 62.926422889.
2020-09-15 10:37:31,836 - INFO - Beginning optimization with guess, [0.61865775 0.09674243].
2020-09-15 10:37:32,460 - INFO - Finished optimization with guess, [0.61865775 0.09674243].
2020-09-15 10:37:32,460 - INFO - Best fit parameters: [0.42995174 0.2777364 ].
2020-09-15 10:37:32,484 - INFO - Maximum log composite likelihood: -20.2797596525.
2020-09-15 10:37:32,485 - INFO - Optimal value of theta: 59.3324683143.
2020-09-15 10:37:32,485 - INFO - Beginning optimization with guess, [0.55570614 0.08831722].
2020-09-15 10:37:33,097 - INFO - Finished optimization with guess, [0.55570614 0.08831722].
2020-09-15 10:37:33,097 - INFO - Best fit parameters: [0.42333765 0.28390244].
2020-09-15 10:37:33,122 - INFO - Maximum log composite likelihood: -20.2766138796.
2020-09-15 10:37:33,122 - INFO - Optimal value of theta: 60.2279030945.
2020-09-15 10:37:33,123 - INFO - Beginning optimization with guess, [0.37469396 0.0744617 ].
2020-09-15 10:37:33,721 - INFO - Finished optimization with guess, [0.37469396 0.0744617 ].
2020-09-15 10:37:33,721 - INFO - Best fit parameters: [0.38083481 0.32426722].
2020-09-15 10:37:33,748 - INFO - Maximum log composite likelihood: -20.2644972624.
2020-09-15 10:37:33,748 - INFO - Optimal value of theta: 67.1417465934.
2020-09-15 10:37:33,749 - INFO - Beginning optimization with guess, [0.74349604 0.08991723].
2020-09-15 10:37:34,347 - INFO - Finished optimization with guess, [0.74349604 0.08991723].
2020-09-15 10:37:34,347 - INFO - Best fit parameters: [0.44152015 0.27058978].
2020-09-15 10:37:34,371 - INFO - Maximum log composite likelihood: -20.2861747576.
2020-09-15 10:37:34,372 - INFO - Optimal value of theta: 58.0367112753.
2020-09-15 10:37:34,372 - INFO - Beginning optimization with guess, [0.36523871 0.15066769].
2020-09-15 10:37:34,988 - INFO - Finished optimization with guess, [0.36523871 0.15066769].
2020-09-15 10:37:34,988 - INFO - Best fit parameters: [0.37576376 0.32624162].
2020-09-15 10:37:35,015 - INFO - Maximum log composite likelihood: -20.2636587068.
2020-09-15 10:37:35,016 - INFO - Optimal value of theta: 67.9357400279.
2020-09-15 10:37:35,016 - INFO - Beginning optimization with guess, [0.34036614 0.10819321].
2020-09-15 10:37:35,590 - INFO - Finished optimization with guess, [0.34036614 0.10819321].
2020-09-15 10:37:35,590 - INFO - Best fit parameters: [0.38860352 0.30550302].
2020-09-15 10:37:35,616 - INFO - Maximum log composite likelihood: -20.2666214707.
2020-09-15 10:37:35,617 - INFO - Optimal value of theta: 65.00711905.
2020-09-15 10:37:35,617 - INFO - Beginning optimization with guess, [0.30911743 0.13462196].
2020-09-15 10:37:36,222 - INFO - Finished optimization with guess, [0.30911743 0.13462196].
2020-09-15 10:37:36,222 - INFO - Best fit parameters: [0.36165911 0.32946651].
2020-09-15 10:37:36,250 - INFO - Maximum log composite likelihood: -20.2620137127.
2020-09-15 10:37:36,251 - INFO - Optimal value of theta: 70.1446336575.
2020-09-15 10:37:36,251 - INFO - Beginning optimization with guess, [0.43971431 0.16314824].
2020-09-15 10:37:37,068 - INFO - Finished optimization with guess, [0.43971431 0.16314824].
2020-09-15 10:37:37,069 - INFO - Best fit parameters: [0.37341602 0.33000587].
2020-09-15 10:37:37,096 - INFO - Maximum log composite likelihood: -20.2633502461.
2020-09-15 10:37:37,097 - INFO - Optimal value of theta: 68.5023779394.
2020-09-15 10:37:37,097 - INFO - Beginning optimization with guess, [0.56350939 0.17523162].
2020-09-15 10:37:37,740 - INFO - Finished optimization with guess, [0.56350939 0.17523162].
2020-09-15 10:37:37,740 - INFO - Best fit parameters: [0.39675079 0.31724675].
2020-09-15 10:37:37,767 - INFO - Maximum log composite likelihood: -20.2679536416.
2020-09-15 10:37:37,767 - INFO - Optimal value of theta: 64.7778746684.
2020-09-15 10:37:37,768 - INFO - Beginning optimization with guess, [0.74782856 0.12388642].
2020-09-15 10:37:38,374 - INFO - Finished optimization with guess, [0.74782856 0.12388642].
2020-09-15 10:37:38,374 - INFO - Best fit parameters: [0.36816684 0.33487722].
2020-09-15 10:37:38,401 - INFO - Maximum log composite likelihood: -20.2626926047.
2020-09-15 10:37:38,402 - INFO - Optimal value of theta: 69.5682961883.
2020-09-15 10:37:38,403 - INFO - Beginning optimization with guess, [0.50251762 0.09251045].
2020-09-15 10:37:39,002 - INFO - Finished optimization with guess, [0.50251762 0.09251045].
2020-09-15 10:37:39,002 - INFO - Best fit parameters: [0.41466385 0.2913889 ].
2020-09-15 10:37:39,027 - INFO - Maximum log composite likelihood: -20.2731568734.
2020-09-15 10:37:39,028 - INFO - Optimal value of theta: 61.4322044112.
2020-09-15 10:37:39,028 - INFO - Beginning optimization with guess, [0.53262007 0.07401273].
2020-09-15 10:37:39,651 - INFO - Finished optimization with guess, [0.53262007 0.07401273].
2020-09-15 10:37:39,652 - INFO - Best fit parameters: [0.42760835 0.26217128].
2020-09-15 10:37:39,675 - INFO - Maximum log composite likelihood: -20.2813015357.
2020-09-15 10:37:39,676 - INFO - Optimal value of theta: 58.71276363.
2020-09-15 10:37:39,677 - INFO - Beginning optimization with guess, [0.28358736 0.13306824].
2020-09-15 10:37:40,286 - INFO - Finished optimization with guess, [0.28358736 0.13306824].
2020-09-15 10:37:40,287 - INFO - Best fit parameters: [0.37107488 0.32909178].
2020-09-15 10:37:40,314 - INFO - Maximum log composite likelihood: -20.2629785997.
2020-09-15 10:37:40,315 - INFO - Optimal value of theta: 68.7652020103.
2020-09-15 10:37:40,315 - INFO - Beginning optimization with guess, [0.45380886 0.0807005 ].
2020-09-15 10:37:40,911 - INFO - Finished optimization with guess, [0.45380886 0.0807005 ].
2020-09-15 10:37:40,912 - INFO - Best fit parameters: [0.42063912 0.29253026].
2020-09-15 10:37:40,937 - INFO - Maximum log composite likelihood: -20.2752860675.
2020-09-15 10:37:40,937 - INFO - Optimal value of theta: 60.930854042.
2020-09-15 10:37:40,938 - INFO - Beginning optimization with guess, [0.58452541 0.08933258].
2020-09-15 10:37:41,573 - INFO - Finished optimization with guess, [0.58452541 0.08933258].
2020-09-15 10:37:41,574 - INFO - Best fit parameters: [0.42041633 0.27808741].
2020-09-15 10:37:41,598 - INFO - Maximum log composite likelihood: -20.2761988612.
2020-09-15 10:37:41,599 - INFO - Optimal value of theta: 60.1769724842.
2020-09-15 10:37:41,599 - INFO - Beginning optimization with guess, [0.94850999 0.05814839].
2020-09-15 10:37:42,149 - INFO - Finished optimization with guess, [0.94850999 0.05814839].
2020-09-15 10:37:42,149 - INFO - Best fit parameters: [0.49911939 0.20755317].
2020-09-15 10:37:42,170 - INFO - Maximum log composite likelihood: -20.3617502224.
2020-09-15 10:37:42,171 - INFO - Optimal value of theta: 51.6762326566.
2020-09-15 10:37:42,171 - INFO - Beginning optimization with guess, [0.43576925 0.14303706].
2020-09-15 10:37:42,876 - INFO - Finished optimization with guess, [0.43576925 0.14303706].
2020-09-15 10:37:42,877 - INFO - Best fit parameters: [0.36347107 0.34389912].
2020-09-15 10:37:42,905 - INFO - Maximum log composite likelihood: -20.2626782802.
2020-09-15 10:37:42,905 - INFO - Optimal value of theta: 70.8839956204.
2020-09-15 10:37:42,906 - INFO - Beginning optimization with guess, [0.44510211 0.05186722].
2020-09-15 10:37:43,550 - INFO - Finished optimization with guess, [0.44510211 0.05186722].
2020-09-15 10:37:43,550 - INFO - Best fit parameters: [0.43306135 0.30459927].
2020-09-15 10:37:43,575 - INFO - Maximum log composite likelihood: -20.2831329357.
2020-09-15 10:37:43,576 - INFO - Optimal value of theta: 60.4138956914.
2020-09-15 10:37:43,576 - INFO - Beginning optimization with guess, [0.56493551 0.19241426].
2020-09-15 10:37:44,243 - INFO - Finished optimization with guess, [0.56493551 0.19241426].
2020-09-15 10:37:44,243 - INFO - Best fit parameters: [0.36016141 0.34078629].
2020-09-15 10:37:44,271 - INFO - Maximum log composite likelihood: -20.2618031455.
2020-09-15 10:37:44,272 - INFO - Optimal value of theta: 71.1744183339.
2020-09-15 10:37:44,272 - INFO - Beginning optimization with guess, [0.38229937 0.09599638].
2020-09-15 10:37:44,916 - INFO - Finished optimization with guess, [0.38229937 0.09599638].
2020-09-15 10:37:44,916 - INFO - Best fit parameters: [0.35209216 0.34064786].
2020-09-15 10:37:44,945 - INFO - Maximum log composite likelihood: -20.260839587.
2020-09-15 10:37:44,945 - INFO - Optimal value of theta: 72.4486547937.
2020-09-15 10:37:44,946 - INFO - Beginning optimization with guess, [0.47750635 0.06088561].
2020-09-15 10:37:45,734 - INFO - Finished optimization with guess, [0.47750635 0.06088561].
2020-09-15 10:37:45,734 - INFO - Best fit parameters: [0.42562085 0.22325604].
2020-09-15 10:37:45,757 - INFO - Maximum log composite likelihood: -20.2973912437.
2020-09-15 10:37:45,758 - INFO - Optimal value of theta: 56.7385735126.
2020-09-15 10:37:45,758 - INFO - Beginning optimization with guess, [0.39570119 0.05717074].
2020-09-15 10:37:46,454 - INFO - Finished optimization with guess, [0.39570119 0.05717074].
2020-09-15 10:37:46,455 - INFO - Best fit parameters: [0.42159627 0.23570517].
2020-09-15 10:37:46,478 - INFO - Maximum log composite likelihood: -20.2904202908.
2020-09-15 10:37:46,478 - INFO - Optimal value of theta: 57.7385507977.
2020-09-15 10:37:46,479 - INFO - Beginning optimization with guess, [0.8700203  0.09420354].
2020-09-15 10:37:47,057 - INFO - Finished optimization with guess, [0.8700203  0.09420354].
2020-09-15 10:37:47,057 - INFO - Best fit parameters: [0.4204692  0.28445219].
2020-09-15 10:37:47,082 - INFO - Maximum log composite likelihood: -20.2755291157.
2020-09-15 10:37:47,083 - INFO - Optimal value of theta: 60.5150125588.
2020-09-15 10:37:47,083 - INFO - Beginning optimization with guess, [0.31628668 0.10492778].
2020-09-15 10:37:47,650 - INFO - Finished optimization with guess, [0.31628668 0.10492778].
2020-09-15 10:37:47,650 - INFO - Best fit parameters: [0.41150522 0.29250639].
2020-09-15 10:37:47,675 - INFO - Maximum log composite likelihood: -20.2721483135.
2020-09-15 10:37:47,676 - INFO - Optimal value of theta: 61.7993443199.
2020-09-15 10:37:47,676 - INFO - Beginning optimization with guess, [0.99395575 0.13191119].
2020-09-15 10:37:48,270 - INFO - Finished optimization with guess, [0.99395575 0.13191119].
2020-09-15 10:37:48,270 - INFO - Best fit parameters: [0.37401579 0.32083954].
2020-09-15 10:37:48,297 - INFO - Maximum log composite likelihood: -20.2636331974.
2020-09-15 10:37:48,298 - INFO - Optimal value of theta: 67.8123543129.
2020-09-15 10:37:48,299 - INFO - Beginning optimization with guess, [0.32100239 0.15112698].
2020-09-15 10:37:48,916 - INFO - Finished optimization with guess, [0.32100239 0.15112698].
2020-09-15 10:37:48,916 - INFO - Best fit parameters: [0.36536606 0.34519557].
2020-09-15 10:37:48,944 - INFO - Maximum log composite likelihood: -20.2632609081.
2020-09-15 10:37:48,945 - INFO - Optimal value of theta: 70.6855352424.
2020-09-15 10:37:48,945 - INFO - Beginning optimization with guess, [0.48759741 0.06702001].
2020-09-15 10:37:49,701 - INFO - Finished optimization with guess, [0.48759741 0.06702001].
2020-09-15 10:37:49,702 - INFO - Best fit parameters: [0.42110801 0.21246814].
2020-09-15 10:37:49,724 - INFO - Maximum log composite likelihood: -20.3049349161.
2020-09-15 10:37:49,725 - INFO - Optimal value of theta: 56.4401265871.
2020-09-15 10:37:49,725 - INFO - Beginning optimization with guess, [0.76447061 0.15611755].
2020-09-15 10:37:50,341 - INFO - Finished optimization with guess, [0.76447061 0.15611755].
2020-09-15 10:37:50,341 - INFO - Best fit parameters: [0.40644841 0.29376884].
2020-09-15 10:37:50,367 - INFO - Maximum log composite likelihood: -20.2707743291.
2020-09-15 10:37:50,367 - INFO - Optimal value of theta: 62.3728165503.
2020-09-15 10:37:50,368 - INFO - Beginning optimization with guess, [0.27189748 0.05543028].
2020-09-15 10:37:50,880 - INFO - Finished optimization with guess, [0.27189748 0.05543028].
2020-09-15 10:37:50,880 - INFO - Best fit parameters: [0.42734324 0.23108698].
2020-09-15 10:37:50,903 - INFO - Maximum log composite likelihood: -20.2930508323.
2020-09-15 10:37:50,904 - INFO - Optimal value of theta: 57.0506567994.
2020-09-15 10:37:50,904 - INFO - Beginning optimization with guess, [0.99830447 0.06093702].
2020-09-15 10:37:51,557 - INFO - Finished optimization with guess, [0.99830447 0.06093702].
2020-09-15 10:37:51,557 - INFO - Best fit parameters: [0.46138075 0.20692865].
2020-09-15 10:37:51,579 - INFO - Maximum log composite likelihood: -20.319913141.
2020-09-15 10:37:51,580 - INFO - Optimal value of theta: 53.6093009493.
2020-09-15 10:37:51,580 - INFO - Beginning optimization with guess, [0.37605685 0.06927618].
2020-09-15 10:37:52,164 - INFO - Finished optimization with guess, [0.37605685 0.06927618].
2020-09-15 10:37:52,164 - INFO - Best fit parameters: [0.45744953 0.24001631].
2020-09-15 10:37:52,187 - INFO - Maximum log composite likelihood: -20.3016925143.
2020-09-15 10:37:52,187 - INFO - Optimal value of theta: 55.4338461192.
2020-09-15 10:37:52,188 - INFO - Beginning optimization with guess, [0.49389262 0.0799856 ].
2020-09-15 10:37:52,776 - INFO - Finished optimization with guess, [0.49389262 0.0799856 ].
2020-09-15 10:37:52,777 - INFO - Best fit parameters: [0.41935045 0.28578262].
2020-09-15 10:37:52,801 - INFO - Maximum log composite likelihood: -20.2750451565.
2020-09-15 10:37:52,802 - INFO - Optimal value of theta: 60.6885544718.
2020-09-15 10:37:52,802 - INFO - Beginning optimization with guess, [0.3402083  0.07461029].
2020-09-15 10:37:53,358 - INFO - Finished optimization with guess, [0.3402083  0.07461029].
2020-09-15 10:37:53,359 - INFO - Best fit parameters: [0.42120539 0.29104455].
2020-09-15 10:37:53,384 - INFO - Maximum log composite likelihood: -20.2755210513.
2020-09-15 10:37:53,384 - INFO - Optimal value of theta: 60.7995920888.
2020-09-15 10:37:53,385 - INFO - Beginning optimization with guess, [0.38681034 0.10488604].
2020-09-15 10:37:54,005 - INFO - Finished optimization with guess, [0.38681034 0.10488604].
2020-09-15 10:37:54,005 - INFO - Best fit parameters: [0.36836609 0.33295475].
2020-09-15 10:37:54,033 - INFO - Maximum log composite likelihood: -20.2626476342.
2020-09-15 10:37:54,034 - INFO - Optimal value of theta: 69.4088837641.
2020-09-15 10:37:54,034 - INFO - Beginning optimization with guess, [0.27974277 0.10288255].
2020-09-15 10:37:54,591 - INFO - Finished optimization with guess, [0.27974277 0.10288255].
2020-09-15 10:37:54,592 - INFO - Best fit parameters: [0.42689246 0.27297958].
2020-09-15 10:37:54,616 - INFO - Maximum log composite likelihood: -20.279038526.
2020-09-15 10:37:54,617 - INFO - Optimal value of theta: 59.3431467176.
2020-09-15 10:37:54,620 - INFO - Finished demographic inference.
2020-09-15 10:37:54,620 - INFO - Beginning DFE inference.
2020-09-15 10:38:25,758 - INFO - Beginning optimization with guess, [8.75451833e-02 1.22244821e+02].
2020-09-15 10:38:34,719 - INFO - Finished optomization, results are [-23.09270375841946 array([8.96754541e-02, 5.09425149e+03])].
2020-09-15 10:38:34,720 - INFO - Beginning optimization with guess, [  0.15409718 133.83790163].
2020-09-15 10:38:45,931 - INFO - Finished optomization, results are [-23.04769591626308 array([8.99598451e-02, 5.47144707e+03])].
2020-09-15 10:38:45,932 - INFO - Beginning optimization with guess, [6.57229716e-02 1.15182030e+02].
2020-09-15 10:38:52,971 - INFO - Finished optomization, results are [-23.025890408983294 array([9.15630319e-02, 5.45125859e+03])].
2020-09-15 10:38:52,972 - INFO - Beginning optimization with guess, [9.65308155e-02 2.11583851e+02].
2020-09-15 10:39:06,254 - INFO - Finished optomization, results are [-23.096811294832065 array([8.70426901e-02, 5.78155986e+03])].
2020-09-15 10:39:06,256 - INFO - Beginning optimization with guess, [4.69152689e-02 3.42580053e+02].
2020-09-15 10:39:12,605 - INFO - Finished optomization, results are [-23.052416288415337 array([8.86571810e-02, 5.74103618e+03])].
2020-09-15 10:39:12,607 - INFO - Beginning optimization with guess, [9.54562651e-02 1.76561592e+02].
2020-09-15 10:39:18,458 - INFO - Finished optomization, results are [-23.095998847361237 array([8.99216888e-02, 5.00773458e+03])].
2020-09-15 10:39:18,458 - INFO - Beginning optimization with guess, [8.43797382e-02 1.61727032e+02].
2020-09-15 10:39:25,592 - INFO - Finished optomization, results are [-23.069887532897173 array([8.79072701e-02, 5.77060867e+03])].
2020-09-15 10:39:25,593 - INFO - Beginning optimization with guess, [  0.14607365 113.41742994].
2020-09-15 10:39:37,262 - INFO - Finished optomization, results are [-23.02343899569425 array([9.04431265e-02, 5.67978012e+03])].
2020-09-15 10:39:37,263 - INFO - Beginning optimization with guess, [5.31636179e-02 3.07966105e+02].
2020-09-15 10:39:44,797 - INFO - Finished optomization, results are [-23.04660953689757 array([8.87743615e-02, 5.77388434e+03])].
2020-09-15 10:39:44,798 - INFO - Beginning optimization with guess, [1.59324665e-01 2.88548504e+02].
2020-09-15 10:39:49,230 - INFO - Finished optomization, results are [-23.124254398545652 array([8.79876187e-02, 5.27791890e+03])].
2020-09-15 10:39:49,231 - INFO - Beginning optimization with guess, [8.45396902e-01 1.09562917e-01 2.64743397e+02].
2020-09-15 10:40:09,991 - INFO - Finished optimization, results are [-22.897380829694185 array([2.38158091e-01, 1.37117442e-01, 5.24816896e+03])].
2020-09-15 10:40:09,993 - INFO - Beginning optimization with guess, [9.90000000e-01 1.10784910e-01 2.55380285e+02].
2020-09-15 10:40:31,788 - INFO - Finished optimization, results are [-22.854887131977307 array([2.45893368e-01, 1.41291928e-01, 5.49632707e+03])].
2020-09-15 10:40:31,790 - INFO - Beginning optimization with guess, [9.08461757e-01 1.11742906e-01 2.15804247e+02].
2020-09-15 10:40:52,416 - INFO - Finished optimization, results are [-22.89081126422519 array([2.34885144e-01, 1.37164239e-01, 5.22137251e+03])].
2020-09-15 10:40:52,418 - INFO - Beginning optimization with guess, [9.90000000e-01 1.25986329e-01 2.24130723e+02].
2020-09-15 10:41:17,059 - INFO - Finished optimization, results are [-22.851668123918373 array([2.59062374e-01, 1.42249235e-01, 5.79498675e+03])].
2020-09-15 10:41:17,060 - INFO - Beginning optimization with guess, [6.83387380e-01 1.08953271e-01 2.02357634e+02].
2020-09-15 10:42:01,213 - INFO - Finished optimization, results are [-22.891510885051176 array([2.33884563e-01, 1.32731919e-01, 5.88059942e+03])].
2020-09-15 10:42:01,214 - INFO - Beginning optimization with guess, [9.90000000e-01 5.79278057e-02 1.37363266e+02].
2020-09-15 10:42:17,913 - INFO - Finished optimization, results are [-23.004087731575883 array([1.13528334e-01, 1.05453175e-01, 5.63643968e+03])].
2020-09-15 10:42:17,915 - INFO - Beginning optimization with guess, [9.90000000e-01 7.22877895e-02 2.03549360e+02].
2020-09-15 10:42:52,562 - INFO - Finished optimization, results are [-22.947199489922863 array([1.65224265e-01, 1.16118020e-01, 5.77704257e+03])].
2020-09-15 10:42:52,564 - INFO - Beginning optimization with guess, [9.90000000e-01 1.10324961e-01 1.55516457e+02].
2020-09-15 10:43:13,631 - INFO - Finished optimization, results are [-22.950072765288105 array([2.20875073e-01, 1.31127582e-01, 5.01727375e+03])].
2020-09-15 10:43:13,632 - INFO - Beginning optimization with guess, [  0.62009487   0.13635557 110.52912951].
2020-09-15 10:43:43,350 - INFO - Finished optimization, results are [-22.86708442983332 array([2.67196701e-01, 1.44001464e-01, 5.64031831e+03])].
2020-09-15 10:43:43,352 - INFO - Beginning optimization with guess, [9.90000000e-01 7.04759397e-02 1.79913881e+02].
2020-09-15 10:43:59,447 - INFO - Finished optimization, results are [-23.03057171665075 array([1.52726209e-01, 1.11117347e-01, 5.55377181e+03])].
2020-09-15 10:43:59,448 - INFO - Beginning optimization with guess, [9.90000000e-01 8.94144645e-02 1.19907040e+02].
2020-09-15 10:43:59,449 - INFO - Finished optimization, results are [-100000000.0 array([9.90000000e-01, 8.94144645e-02, 1.19907040e+02])].
2020-09-15 10:43:59,449 - INFO - Beginning optimization with guess, [9.90000000e-01 5.19196759e-02 3.09352074e+02].
2020-09-15 10:43:59,450 - INFO - Finished optimization, results are [-100000000.0 array([9.90000000e-01, 5.19196759e-02, 3.09352074e+02])].
2020-09-15 10:43:59,450 - INFO - Beginning optimization with guess, [9.90000000e-01 1.14338522e-01 1.87836400e+02].
2020-09-15 10:43:59,451 - INFO - Finished optimization, results are [-100000000.0 array([9.90000000e-01, 1.14338522e-01, 1.87836400e+02])].
2020-09-15 10:43:59,451 - INFO - Beginning optimization with guess, [9.90000000e-01 4.60296079e-02 3.13559038e+02].
2020-09-15 10:43:59,452 - INFO - Finished optimization, results are [-100000000.0 array([9.90000000e-01, 4.60296079e-02, 3.13559038e+02])].
2020-09-15 10:43:59,452 - INFO - Beginning optimization with guess, [9.90000000e-01 8.14721372e-02 3.40109718e+02].
2020-09-15 10:43:59,453 - INFO - Finished optimization, results are [-100000000.0 array([9.90000000e-01, 8.14721372e-02, 3.40109718e+02])].
2020-09-15 10:43:59,453 - INFO - Finished DFE inference.
2020-09-15 10:43:59,453 - INFO - Integrating expected site-frequency spectrum.
2020-09-15 10:43:59,453 - INFO - Outputing results.
2020-09-15 10:44:01,134 - INFO - Pipeline executed succesfully.
