2019-08-12 10:33:49,590 - INFO - Beginning execution of fitdadi_infer_DFE.py in directory /u/home/j/jonmah/lohmueller_lab/Scripts

2019-08-12 10:33:49,590 - INFO - Progress is being logged to ../Data/AW_array_length_20154/seed_1_fitdadi_output/log.log

2019-08-12 10:33:49,590 - INFO - Parsed the following arguments:
	breed = AW
	outprefix = ../Data/AW_array_length_20154/seed_1_fitdadi_output/
	nonsyn_input_sfs = ../Data/AW_array_length_20154/seed_1_easySFS_output_nonsyn/dadi/pop1.sfs
	syn_input_sfs = ../Data/AW_array_length_20154/seed_1_easySFS_output_syn/dadi/pop1.sfs

2019-08-12 10:33:49,593 - INFO - Beginning optimization with guess, [0.31827703 0.06820661].
2019-08-12 10:33:51,848 - INFO - Finished optimization with guess, [0.31827703 0.06820661].
2019-08-12 10:33:51,849 - INFO - Best fit parameters: [0.2305485  0.01910208].
2019-08-12 10:33:51,866 - INFO - Maximum log composite likelihood: -42.5279063066.
2019-08-12 10:33:51,867 - INFO - Optimal value of theta: 11195.9498062.
2019-08-12 10:33:51,867 - INFO - Beginning optimization with guess, [0.52444199 0.12948763].
2019-08-12 10:33:53,172 - INFO - Finished optimization with guess, [0.52444199 0.12948763].
2019-08-12 10:33:53,172 - INFO - Best fit parameters: [0.22628825 0.01864672].
2019-08-12 10:33:53,190 - INFO - Maximum log composite likelihood: -42.5281031116.
2019-08-12 10:33:53,190 - INFO - Optimal value of theta: 11197.7006919.
2019-08-12 10:33:53,191 - INFO - Beginning optimization with guess, [0.42679867 0.05332156].
2019-08-12 10:33:54,611 - INFO - Finished optimization with guess, [0.42679867 0.05332156].
2019-08-12 10:33:54,612 - INFO - Best fit parameters: [0.22076037 0.01794699].
2019-08-12 10:33:54,629 - INFO - Maximum log composite likelihood: -42.5340672631.
2019-08-12 10:33:54,630 - INFO - Optimal value of theta: 11192.1248536.
2019-08-12 10:33:54,630 - INFO - Beginning optimization with guess, [0.69608478 0.08547774].
2019-08-12 10:33:56,323 - INFO - Finished optimization with guess, [0.69608478 0.08547774].
2019-08-12 10:33:56,323 - INFO - Best fit parameters: [0.22291335 0.01817038].
2019-08-12 10:33:56,340 - INFO - Maximum log composite likelihood: -42.5333162205.
2019-08-12 10:33:56,341 - INFO - Optimal value of theta: 11191.1829743.
2019-08-12 10:33:56,341 - INFO - Beginning optimization with guess, [0.69211085 0.11994223].
2019-08-12 10:33:58,047 - INFO - Finished optimization with guess, [0.69211085 0.11994223].
2019-08-12 10:33:58,048 - INFO - Best fit parameters: [0.22110508 0.01794911].
2019-08-12 10:33:58,065 - INFO - Maximum log composite likelihood: -42.5357412494.
2019-08-12 10:33:58,066 - INFO - Optimal value of theta: 11189.7204878.
2019-08-12 10:33:58,066 - INFO - Beginning optimization with guess, [0.3839567  0.08016326].
2019-08-12 10:33:59,734 - INFO - Finished optimization with guess, [0.3839567  0.08016326].
2019-08-12 10:33:59,735 - INFO - Best fit parameters: [0.23160069 0.01926377].
2019-08-12 10:33:59,752 - INFO - Maximum log composite likelihood: -42.526191421.
2019-08-12 10:33:59,753 - INFO - Optimal value of theta: 11198.5320519.
2019-08-12 10:33:59,753 - INFO - Beginning optimization with guess, [0.80576367 0.13554891].
2019-08-12 10:34:01,717 - INFO - Finished optimization with guess, [0.80576367 0.13554891].
2019-08-12 10:34:01,717 - INFO - Best fit parameters: [0.23143054 0.01924376].
2019-08-12 10:34:01,735 - INFO - Maximum log composite likelihood: -42.5261912431.
2019-08-12 10:34:01,735 - INFO - Optimal value of theta: 11198.5013973.
2019-08-12 10:34:01,736 - INFO - Beginning optimization with guess, [0.30010951 0.07808337].
2019-08-12 10:34:03,132 - INFO - Finished optimization with guess, [0.30010951 0.07808337].
2019-08-12 10:34:03,132 - INFO - Best fit parameters: [0.22444151 0.01836644].
2019-08-12 10:34:03,149 - INFO - Maximum log composite likelihood: -42.5310848898.
2019-08-12 10:34:03,150 - INFO - Optimal value of theta: 11192.9227946.
2019-08-12 10:34:03,150 - INFO - Beginning optimization with guess, [0.91879838 0.09041576].
2019-08-12 10:34:04,985 - INFO - Finished optimization with guess, [0.91879838 0.09041576].
2019-08-12 10:34:04,986 - INFO - Best fit parameters: [0.23138407 0.0191978 ].
2019-08-12 10:34:05,003 - INFO - Maximum log composite likelihood: -42.5281694266.
2019-08-12 10:34:05,004 - INFO - Optimal value of theta: 11195.9667729.
2019-08-12 10:34:05,004 - INFO - Beginning optimization with guess, [0.25202728 0.19609455].
2019-08-12 10:34:07,078 - INFO - Finished optimization with guess, [0.25202728 0.19609455].
2019-08-12 10:34:07,078 - INFO - Best fit parameters: [0.23055877 0.01915178].
2019-08-12 10:34:07,095 - INFO - Maximum log composite likelihood: -42.5260232326.
2019-08-12 10:34:07,096 - INFO - Optimal value of theta: 11198.9941529.
2019-08-12 10:34:07,097 - INFO - Beginning optimization with guess, [0.87190876 0.15573963].
2019-08-12 10:34:09,350 - INFO - Finished optimization with guess, [0.87190876 0.15573963].
2019-08-12 10:34:09,350 - INFO - Best fit parameters: [0.21944534 0.01781711].
2019-08-12 10:34:09,367 - INFO - Maximum log composite likelihood: -42.5351959393.
2019-08-12 10:34:09,368 - INFO - Optimal value of theta: 11193.1031599.
2019-08-12 10:34:09,368 - INFO - Beginning optimization with guess, [0.91633412 0.08581402].
2019-08-12 10:34:11,409 - INFO - Finished optimization with guess, [0.91633412 0.08581402].
2019-08-12 10:34:11,409 - INFO - Best fit parameters: [0.23038654 0.01911043].
2019-08-12 10:34:11,426 - INFO - Maximum log composite likelihood: -42.5266112098.
2019-08-12 10:34:11,427 - INFO - Optimal value of theta: 11197.6345975.
2019-08-12 10:34:11,428 - INFO - Beginning optimization with guess, [0.58730335 0.08754559].
2019-08-12 10:34:13,012 - INFO - Finished optimization with guess, [0.58730335 0.08754559].
2019-08-12 10:34:13,013 - INFO - Best fit parameters: [0.22519019 0.01849725].
2019-08-12 10:34:13,030 - INFO - Maximum log composite likelihood: -42.5290744741.
2019-08-12 10:34:13,031 - INFO - Optimal value of theta: 11196.0056797.
2019-08-12 10:34:13,031 - INFO - Beginning optimization with guess, [0.31945742 0.19616035].
2019-08-12 10:34:15,146 - INFO - Finished optimization with guess, [0.31945742 0.19616035].
2019-08-12 10:34:15,146 - INFO - Best fit parameters: [0.22805072 0.01887787].
2019-08-12 10:34:15,164 - INFO - Maximum log composite likelihood: -42.527063441.
2019-08-12 10:34:15,164 - INFO - Optimal value of theta: 11199.7468558.
2019-08-12 10:34:15,165 - INFO - Beginning optimization with guess, [0.25836671 0.0507766 ].
2019-08-12 10:34:16,503 - INFO - Finished optimization with guess, [0.25836671 0.0507766 ].
2019-08-12 10:34:16,503 - INFO - Best fit parameters: [0.22083922 0.01790551].
2019-08-12 10:34:16,521 - INFO - Maximum log composite likelihood: -42.5370299479.
2019-08-12 10:34:16,521 - INFO - Optimal value of theta: 11188.7499404.
2019-08-12 10:34:16,522 - INFO - Beginning optimization with guess, [0.58841442 0.10191584].
2019-08-12 10:34:18,322 - INFO - Finished optimization with guess, [0.58841442 0.10191584].
2019-08-12 10:34:18,323 - INFO - Best fit parameters: [0.23046245 0.019147  ].
2019-08-12 10:34:18,340 - INFO - Maximum log composite likelihood: -42.5259477514.
2019-08-12 10:34:18,340 - INFO - Optimal value of theta: 11199.3856168.
2019-08-12 10:34:18,341 - INFO - Beginning optimization with guess, [0.51483384 0.15343505].
2019-08-12 10:34:20,011 - INFO - Finished optimization with guess, [0.51483384 0.15343505].
2019-08-12 10:34:20,011 - INFO - Best fit parameters: [0.22552863 0.01845283].
2019-08-12 10:34:20,029 - INFO - Maximum log composite likelihood: -42.5334918813.
2019-08-12 10:34:20,029 - INFO - Optimal value of theta: 11190.6476256.
2019-08-12 10:34:20,030 - INFO - Beginning optimization with guess, [0.51503733 0.0588017 ].
2019-08-12 10:34:22,078 - INFO - Finished optimization with guess, [0.51503733 0.0588017 ].
2019-08-12 10:34:22,079 - INFO - Best fit parameters: [0.22745803 0.01874753].
2019-08-12 10:34:22,096 - INFO - Maximum log composite likelihood: -42.5281082259.
2019-08-12 10:34:22,097 - INFO - Optimal value of theta: 11195.7016238.
2019-08-12 10:34:22,097 - INFO - Beginning optimization with guess, [0.42692287 0.07859744].
2019-08-12 10:34:24,005 - INFO - Finished optimization with guess, [0.42692287 0.07859744].
2019-08-12 10:34:24,006 - INFO - Best fit parameters: [0.23359216 0.01955679].
2019-08-12 10:34:24,023 - INFO - Maximum log composite likelihood: -42.5253224152.
2019-08-12 10:34:24,024 - INFO - Optimal value of theta: 11202.4404255.
2019-08-12 10:34:24,024 - INFO - Beginning optimization with guess, [0.38351249 0.10557229].
2019-08-12 10:34:26,351 - INFO - Finished optimization with guess, [0.38351249 0.10557229].
2019-08-12 10:34:26,351 - INFO - Best fit parameters: [0.23252175 0.0193646 ].
2019-08-12 10:34:26,368 - INFO - Maximum log composite likelihood: -42.5265840747.
2019-08-12 10:34:26,369 - INFO - Optimal value of theta: 11198.2202733.
2019-08-12 10:34:26,369 - INFO - Beginning optimization with guess, [0.6157878  0.19319602].
2019-08-12 10:34:28,315 - INFO - Finished optimization with guess, [0.6157878  0.19319602].
2019-08-12 10:34:28,315 - INFO - Best fit parameters: [0.23139204 0.0192488 ].
2019-08-12 10:34:28,332 - INFO - Maximum log composite likelihood: -42.5259275778.
2019-08-12 10:34:28,333 - INFO - Optimal value of theta: 11199.0911364.
2019-08-12 10:34:28,334 - INFO - Beginning optimization with guess, [0.66323202 0.11809085].
2019-08-12 10:34:30,137 - INFO - Finished optimization with guess, [0.66323202 0.11809085].
2019-08-12 10:34:30,138 - INFO - Best fit parameters: [0.23212179 0.01931711].
2019-08-12 10:34:30,155 - INFO - Maximum log composite likelihood: -42.5265328772.
2019-08-12 10:34:30,156 - INFO - Optimal value of theta: 11198.1273664.
2019-08-12 10:34:30,156 - INFO - Beginning optimization with guess, [0.92757436 0.06853431].
2019-08-12 10:34:31,778 - INFO - Finished optimization with guess, [0.92757436 0.06853431].
2019-08-12 10:34:31,778 - INFO - Best fit parameters: [0.22335947 0.01825035].
2019-08-12 10:34:31,796 - INFO - Maximum log composite likelihood: -42.5314526182.
2019-08-12 10:34:31,796 - INFO - Optimal value of theta: 11193.2031263.
2019-08-12 10:34:31,797 - INFO - Beginning optimization with guess, [0.6388152  0.19330966].
2019-08-12 10:34:33,650 - INFO - Finished optimization with guess, [0.6388152  0.19330966].
2019-08-12 10:34:33,650 - INFO - Best fit parameters: [0.23031809 0.01917132].
2019-08-12 10:34:33,667 - INFO - Maximum log composite likelihood: -42.52626252.
2019-08-12 10:34:33,668 - INFO - Optimal value of theta: 11201.9476832.
2019-08-12 10:34:33,668 - INFO - Beginning optimization with guess, [0.67750345 0.05095418].
2019-08-12 10:34:36,047 - INFO - Finished optimization with guess, [0.67750345 0.05095418].
2019-08-12 10:34:36,048 - INFO - Best fit parameters: [0.23251371 0.01936689].
2019-08-12 10:34:36,065 - INFO - Maximum log composite likelihood: -42.5264430872.
2019-08-12 10:34:36,066 - INFO - Optimal value of theta: 11198.4190071.
2019-08-12 10:34:36,066 - INFO - Beginning optimization with guess, [0.53328   0.0546438].
2019-08-12 10:34:37,891 - INFO - Finished optimization with guess, [0.53328   0.0546438].
2019-08-12 10:34:37,891 - INFO - Best fit parameters: [0.23217342 0.01932098].
2019-08-12 10:34:37,909 - INFO - Maximum log composite likelihood: -42.5266367032.
2019-08-12 10:34:37,909 - INFO - Optimal value of theta: 11197.9997535.
2019-08-12 10:34:37,910 - INFO - Beginning optimization with guess, [0.27550681 0.11295317].
2019-08-12 10:34:39,978 - INFO - Finished optimization with guess, [0.27550681 0.11295317].
2019-08-12 10:34:39,978 - INFO - Best fit parameters: [0.22993664 0.01900092].
2019-08-12 10:34:39,996 - INFO - Maximum log composite likelihood: -42.5299398407.
2019-08-12 10:34:39,996 - INFO - Optimal value of theta: 11193.9670091.
2019-08-12 10:34:39,997 - INFO - Beginning optimization with guess, [0.69266913 0.12765276].
2019-08-12 10:34:41,958 - INFO - Finished optimization with guess, [0.69266913 0.12765276].
2019-08-12 10:34:41,958 - INFO - Best fit parameters: [0.22644574 0.01855343].
2019-08-12 10:34:41,975 - INFO - Maximum log composite likelihood: -42.5338249676.
2019-08-12 10:34:41,976 - INFO - Optimal value of theta: 11190.5253603.
2019-08-12 10:34:41,976 - INFO - Beginning optimization with guess, [0.38017726 0.1551782 ].
2019-08-12 10:34:43,847 - INFO - Finished optimization with guess, [0.38017726 0.1551782 ].
2019-08-12 10:34:43,848 - INFO - Best fit parameters: [0.23196317 0.01930223].
2019-08-12 10:34:43,865 - INFO - Maximum log composite likelihood: -42.5263606226.
2019-08-12 10:34:43,865 - INFO - Optimal value of theta: 11198.3351889.
2019-08-12 10:34:43,866 - INFO - Beginning optimization with guess, [0.56638427 0.19266654].
2019-08-12 10:34:45,474 - INFO - Finished optimization with guess, [0.56638427 0.19266654].
2019-08-12 10:34:45,474 - INFO - Best fit parameters: [0.2274466  0.01872385].
2019-08-12 10:34:45,491 - INFO - Maximum log composite likelihood: -42.5291909341.
2019-08-12 10:34:45,492 - INFO - Optimal value of theta: 11194.2655053.
2019-08-12 10:34:45,492 - INFO - Beginning optimization with guess, [0.28773853 0.12684872].
2019-08-12 10:34:47,519 - INFO - Finished optimization with guess, [0.28773853 0.12684872].
2019-08-12 10:34:47,519 - INFO - Best fit parameters: [0.22903716 0.01889048].
2019-08-12 10:34:47,536 - INFO - Maximum log composite likelihood: -42.5303080619.
2019-08-12 10:34:47,537 - INFO - Optimal value of theta: 11193.4338875.
2019-08-12 10:34:47,537 - INFO - Beginning optimization with guess, [0.49686739 0.14334579].
2019-08-12 10:34:49,762 - INFO - Finished optimization with guess, [0.49686739 0.14334579].
2019-08-12 10:34:49,762 - INFO - Best fit parameters: [0.22775633 0.01882297].
2019-08-12 10:34:49,779 - INFO - Maximum log composite likelihood: -42.5271319913.
2019-08-12 10:34:49,780 - INFO - Optimal value of theta: 11198.3726027.
2019-08-12 10:34:49,780 - INFO - Beginning optimization with guess, [0.36396426 0.08500707].
2019-08-12 10:34:51,334 - INFO - Finished optimization with guess, [0.36396426 0.08500707].
2019-08-12 10:34:51,335 - INFO - Best fit parameters: [0.23130428 0.01925033].
2019-08-12 10:34:51,352 - INFO - Maximum log composite likelihood: -42.525720987.
2019-08-12 10:34:51,352 - INFO - Optimal value of theta: 11199.8141905.
2019-08-12 10:34:51,353 - INFO - Beginning optimization with guess, [0.45721156 0.05619461].
2019-08-12 10:34:53,745 - INFO - Finished optimization with guess, [0.45721156 0.05619461].
2019-08-12 10:34:53,745 - INFO - Best fit parameters: [0.23167373 0.01924852].
2019-08-12 10:34:53,763 - INFO - Maximum log composite likelihood: -42.5272264951.
2019-08-12 10:34:53,763 - INFO - Optimal value of theta: 11197.0607499.
2019-08-12 10:34:53,764 - INFO - Beginning optimization with guess, [0.43263451 0.14520376].
2019-08-12 10:34:55,330 - INFO - Finished optimization with guess, [0.43263451 0.14520376].
2019-08-12 10:34:55,331 - INFO - Best fit parameters: [0.23170215 0.01931475].
2019-08-12 10:34:55,348 - INFO - Maximum log composite likelihood: -42.5255295103.
2019-08-12 10:34:55,348 - INFO - Optimal value of theta: 11200.9775787.
2019-08-12 10:34:55,349 - INFO - Beginning optimization with guess, [0.29950726 0.19636772].
2019-08-12 10:34:57,705 - INFO - Finished optimization with guess, [0.29950726 0.19636772].
2019-08-12 10:34:57,706 - INFO - Best fit parameters: [0.23277147 0.01940321].
2019-08-12 10:34:57,723 - INFO - Maximum log composite likelihood: -42.5262528939.
2019-08-12 10:34:57,724 - INFO - Optimal value of theta: 11198.8285324.
2019-08-12 10:34:57,724 - INFO - Beginning optimization with guess, [0.49588896 0.15606141].
2019-08-12 10:34:59,698 - INFO - Finished optimization with guess, [0.49588896 0.15606141].
2019-08-12 10:34:59,699 - INFO - Best fit parameters: [0.21574801 0.01738346].
2019-08-12 10:34:59,716 - INFO - Maximum log composite likelihood: -42.5406070584.
2019-08-12 10:34:59,717 - INFO - Optimal value of theta: 11190.9436204.
2019-08-12 10:34:59,717 - INFO - Beginning optimization with guess, [0.85539942 0.06758934].
2019-08-12 10:35:01,344 - INFO - Finished optimization with guess, [0.85539942 0.06758934].
2019-08-12 10:35:01,345 - INFO - Best fit parameters: [0.22916104 0.01899541].
2019-08-12 10:35:01,362 - INFO - Maximum log composite likelihood: -42.5263910283.
2019-08-12 10:35:01,362 - INFO - Optimal value of theta: 11199.1938735.
2019-08-12 10:35:01,363 - INFO - Beginning optimization with guess, [0.34766595 0.11875509].
2019-08-12 10:35:02,868 - INFO - Finished optimization with guess, [0.34766595 0.11875509].
2019-08-12 10:35:02,869 - INFO - Best fit parameters: [0.22836908 0.01896217].
2019-08-12 10:35:02,886 - INFO - Maximum log composite likelihood: -42.528403571.
2019-08-12 10:35:02,887 - INFO - Optimal value of theta: 11202.8073768.
2019-08-12 10:35:02,887 - INFO - Beginning optimization with guess, [0.59696581 0.06926617].
2019-08-12 10:35:04,879 - INFO - Finished optimization with guess, [0.59696581 0.06926617].
2019-08-12 10:35:04,879 - INFO - Best fit parameters: [0.22515159 0.01846731].
2019-08-12 10:35:04,896 - INFO - Maximum log composite likelihood: -42.5297764098.
2019-08-12 10:35:04,897 - INFO - Optimal value of theta: 11194.3356557.
2019-08-12 10:35:04,897 - INFO - Beginning optimization with guess, [0.38337135 0.10210765].
2019-08-12 10:35:06,504 - INFO - Finished optimization with guess, [0.38337135 0.10210765].
2019-08-12 10:35:06,505 - INFO - Best fit parameters: [0.23044724 0.01911154].
2019-08-12 10:35:06,522 - INFO - Maximum log composite likelihood: -42.5268343696.
2019-08-12 10:35:06,523 - INFO - Optimal value of theta: 11197.2690192.
2019-08-12 10:35:06,523 - INFO - Beginning optimization with guess, [0.48921455 0.06333314].
2019-08-12 10:35:08,351 - INFO - Finished optimization with guess, [0.48921455 0.06333314].
2019-08-12 10:35:08,352 - INFO - Best fit parameters: [0.23108233 0.01919518].
2019-08-12 10:35:08,369 - INFO - Maximum log composite likelihood: -42.5264579131.
2019-08-12 10:35:08,370 - INFO - Optimal value of theta: 11197.959848.
2019-08-12 10:35:08,370 - INFO - Beginning optimization with guess, [0.30851759 0.0933394 ].
2019-08-12 10:35:10,127 - INFO - Finished optimization with guess, [0.30851759 0.0933394 ].
2019-08-12 10:35:10,127 - INFO - Best fit parameters: [0.23431185 0.01958633].
2019-08-12 10:35:10,144 - INFO - Maximum log composite likelihood: -42.5266737124.
2019-08-12 10:35:10,145 - INFO - Optimal value of theta: 11199.1409103.
2019-08-12 10:35:10,145 - INFO - Beginning optimization with guess, [0.94140473 0.12695219].
2019-08-12 10:35:12,314 - INFO - Finished optimization with guess, [0.94140473 0.12695219].
2019-08-12 10:35:12,315 - INFO - Best fit parameters: [0.23164029 0.019255  ].
2019-08-12 10:35:12,332 - INFO - Maximum log composite likelihood: -42.526712383.
2019-08-12 10:35:12,333 - INFO - Optimal value of theta: 11197.7032723.
2019-08-12 10:35:12,333 - INFO - Beginning optimization with guess, [0.28678476 0.09411472].
2019-08-12 10:35:13,730 - INFO - Finished optimization with guess, [0.28678476 0.09411472].
2019-08-12 10:35:13,731 - INFO - Best fit parameters: [0.22257619 0.0181474 ].
2019-08-12 10:35:13,748 - INFO - Maximum log composite likelihood: -42.5326650625.
2019-08-12 10:35:13,748 - INFO - Optimal value of theta: 11192.133773.
2019-08-12 10:35:13,749 - INFO - Beginning optimization with guess, [0.66000974 0.07615734].
2019-08-12 10:35:15,535 - INFO - Finished optimization with guess, [0.66000974 0.07615734].
2019-08-12 10:35:15,535 - INFO - Best fit parameters: [0.2301595  0.01904213].
2019-08-12 10:35:15,552 - INFO - Maximum log composite likelihood: -42.5288089869.
2019-08-12 10:35:15,553 - INFO - Optimal value of theta: 11194.9676242.
2019-08-12 10:35:15,554 - INFO - Beginning optimization with guess, [0.31303745 0.08974777].
2019-08-12 10:35:16,955 - INFO - Finished optimization with guess, [0.31303745 0.08974777].
2019-08-12 10:35:16,955 - INFO - Best fit parameters: [0.23744395 0.01997093].
2019-08-12 10:35:16,973 - INFO - Maximum log composite likelihood: -42.5281040855.
2019-08-12 10:35:16,973 - INFO - Optimal value of theta: 11200.3409284.
2019-08-12 10:35:16,974 - INFO - Beginning optimization with guess, [0.46855314 0.08254756].
2019-08-12 10:35:18,373 - INFO - Finished optimization with guess, [0.46855314 0.08254756].
2019-08-12 10:35:18,374 - INFO - Best fit parameters: [0.22071296 0.0179944 ].
2019-08-12 10:35:18,391 - INFO - Maximum log composite likelihood: -42.5337643865.
2019-08-12 10:35:18,392 - INFO - Optimal value of theta: 11195.664768.
2019-08-12 10:35:18,392 - INFO - Beginning optimization with guess, [0.34495675 0.11206985].
2019-08-12 10:35:21,085 - INFO - Finished optimization with guess, [0.34495675 0.11206985].
2019-08-12 10:35:21,087 - INFO - Best fit parameters: [0.23171492 0.0192765 ].
2019-08-12 10:35:21,104 - INFO - Maximum log composite likelihood: -42.5262181598.
2019-08-12 10:35:21,104 - INFO - Optimal value of theta: 11198.5079647.
2019-08-12 10:35:21,105 - INFO - Beginning optimization with guess, [0.52266444 0.19457091].
2019-08-12 10:35:23,032 - INFO - Finished optimization with guess, [0.52266444 0.19457091].
2019-08-12 10:35:23,032 - INFO - Best fit parameters: [0.22561534 0.01851823].
2019-08-12 10:35:23,049 - INFO - Maximum log composite likelihood: -42.5296138132.
2019-08-12 10:35:23,050 - INFO - Optimal value of theta: 11194.2720119.
2019-08-12 10:35:23,050 - INFO - Beginning optimization with guess, [0.26147387 0.08934117].
2019-08-12 10:35:24,501 - INFO - Finished optimization with guess, [0.26147387 0.08934117].
2019-08-12 10:35:24,501 - INFO - Best fit parameters: [0.2202667  0.01783795].
2019-08-12 10:35:24,519 - INFO - Maximum log composite likelihood: -42.5377283764.
2019-08-12 10:35:24,519 - INFO - Optimal value of theta: 11188.4216693.
2019-08-12 10:35:24,520 - INFO - Beginning optimization with guess, [0.6073781  0.07762109].
2019-08-12 10:35:26,359 - INFO - Finished optimization with guess, [0.6073781  0.07762109].
2019-08-12 10:35:26,360 - INFO - Best fit parameters: [0.22767709 0.01873225].
2019-08-12 10:35:26,377 - INFO - Maximum log composite likelihood: -42.5303813693.
2019-08-12 10:35:26,377 - INFO - Optimal value of theta: 11193.1383563.
2019-08-12 10:35:26,378 - INFO - Beginning optimization with guess, [0.54764393 0.14484119].
2019-08-12 10:35:27,675 - INFO - Finished optimization with guess, [0.54764393 0.14484119].
2019-08-12 10:35:27,675 - INFO - Best fit parameters: [0.22767502 0.01874696].
2019-08-12 10:35:27,693 - INFO - Maximum log composite likelihood: -42.5293418063.
2019-08-12 10:35:27,693 - INFO - Optimal value of theta: 11194.095731.
2019-08-12 10:35:27,694 - INFO - Beginning optimization with guess, [0.4016075  0.09866907].
2019-08-12 10:35:29,553 - INFO - Finished optimization with guess, [0.4016075  0.09866907].
2019-08-12 10:35:29,553 - INFO - Best fit parameters: [0.2312125  0.01925054].
2019-08-12 10:35:29,570 - INFO - Maximum log composite likelihood: -42.5256498906.
2019-08-12 10:35:29,571 - INFO - Optimal value of theta: 11200.4844175.
2019-08-12 10:35:29,571 - INFO - Beginning optimization with guess, [0.5144443  0.11671223].
2019-08-12 10:35:30,815 - INFO - Finished optimization with guess, [0.5144443  0.11671223].
2019-08-12 10:35:30,817 - INFO - Best fit parameters: [0.22599462 0.01865797].
2019-08-12 10:35:30,834 - INFO - Maximum log composite likelihood: -42.5293607899.
2019-08-12 10:35:30,834 - INFO - Optimal value of theta: 11200.5665282.
2019-08-12 10:35:30,835 - INFO - Beginning optimization with guess, [0.61211098 0.12756319].
2019-08-12 10:35:32,751 - INFO - Finished optimization with guess, [0.61211098 0.12756319].
2019-08-12 10:35:32,751 - INFO - Best fit parameters: [0.23156114 0.01926429].
2019-08-12 10:35:32,768 - INFO - Maximum log composite likelihood: -42.5260335611.
2019-08-12 10:35:32,769 - INFO - Optimal value of theta: 11198.8470375.
2019-08-12 10:35:32,769 - INFO - Beginning optimization with guess, [0.67060654 0.07965218].
2019-08-12 10:35:34,762 - INFO - Finished optimization with guess, [0.67060654 0.07965218].
2019-08-12 10:35:34,762 - INFO - Best fit parameters: [0.2281759  0.01883826].
2019-08-12 10:35:34,779 - INFO - Maximum log composite likelihood: -42.5275833219.
2019-08-12 10:35:34,780 - INFO - Optimal value of theta: 11196.3155061.
2019-08-12 10:35:34,780 - INFO - Beginning optimization with guess, [0.46462962 0.05581325].
2019-08-12 10:35:36,249 - INFO - Finished optimization with guess, [0.46462962 0.05581325].
2019-08-12 10:35:36,249 - INFO - Best fit parameters: [0.22402674 0.01830709].
2019-08-12 10:35:36,266 - INFO - Maximum log composite likelihood: -42.5320116349.
2019-08-12 10:35:36,267 - INFO - Optimal value of theta: 11192.0565871.
2019-08-12 10:35:36,268 - INFO - Beginning optimization with guess, [0.66514457 0.08882783].
2019-08-12 10:35:38,112 - INFO - Finished optimization with guess, [0.66514457 0.08882783].
2019-08-12 10:35:38,113 - INFO - Best fit parameters: [0.22717406 0.01866335].
2019-08-12 10:35:38,131 - INFO - Maximum log composite likelihood: -42.5313037245.
2019-08-12 10:35:38,131 - INFO - Optimal value of theta: 11192.3486236.
2019-08-12 10:35:38,132 - INFO - Beginning optimization with guess, [0.25828041 0.18921045].
2019-08-12 10:35:40,344 - INFO - Finished optimization with guess, [0.25828041 0.18921045].
2019-08-12 10:35:40,345 - INFO - Best fit parameters: [0.23178101 0.01925674].
2019-08-12 10:35:40,362 - INFO - Maximum log composite likelihood: -42.5274903175.
2019-08-12 10:35:40,363 - INFO - Optimal value of theta: 11196.8069465.
2019-08-12 10:35:40,363 - INFO - Beginning optimization with guess, [0.29249896 0.13778965].
2019-08-12 10:35:41,768 - INFO - Finished optimization with guess, [0.29249896 0.13778965].
2019-08-12 10:35:41,768 - INFO - Best fit parameters: [0.22058108 0.01787287].
2019-08-12 10:35:41,786 - INFO - Maximum log composite likelihood: -42.5375306524.
2019-08-12 10:35:41,786 - INFO - Optimal value of theta: 11188.4564202.
2019-08-12 10:35:41,787 - INFO - Beginning optimization with guess, [0.96076673 0.07644309].
2019-08-12 10:35:43,721 - INFO - Finished optimization with guess, [0.96076673 0.07644309].
2019-08-12 10:35:43,722 - INFO - Best fit parameters: [0.22450002 0.01842449].
2019-08-12 10:35:43,739 - INFO - Maximum log composite likelihood: -42.5295677342.
2019-08-12 10:35:43,739 - INFO - Optimal value of theta: 11196.2977132.
2019-08-12 10:35:43,740 - INFO - Beginning optimization with guess, [0.41474337 0.12083085].
2019-08-12 10:35:45,760 - INFO - Finished optimization with guess, [0.41474337 0.12083085].
2019-08-12 10:35:45,760 - INFO - Best fit parameters: [0.23302332 0.01943794].
2019-08-12 10:35:45,777 - INFO - Maximum log composite likelihood: -42.5261149345.
2019-08-12 10:35:45,778 - INFO - Optimal value of theta: 11199.1797791.
2019-08-12 10:35:45,778 - INFO - Beginning optimization with guess, [0.48008837 0.19007329].
2019-08-12 10:35:47,867 - INFO - Finished optimization with guess, [0.48008837 0.19007329].
2019-08-12 10:35:47,867 - INFO - Best fit parameters: [0.22845423 0.01880856].
2019-08-12 10:35:47,884 - INFO - Maximum log composite likelihood: -42.531521384.
2019-08-12 10:35:47,885 - INFO - Optimal value of theta: 11192.4141956.
2019-08-12 10:35:47,886 - INFO - Beginning optimization with guess, [0.34654599 0.06007937].
2019-08-12 10:35:49,175 - INFO - Finished optimization with guess, [0.34654599 0.06007937].
2019-08-12 10:35:49,175 - INFO - Best fit parameters: [0.22565991 0.01853629].
2019-08-12 10:35:49,193 - INFO - Maximum log composite likelihood: -42.5291059619.
2019-08-12 10:35:49,193 - INFO - Optimal value of theta: 11195.1212617.
2019-08-12 10:35:49,194 - INFO - Beginning optimization with guess, [0.69953673 0.10948288].
2019-08-12 10:35:51,142 - INFO - Finished optimization with guess, [0.69953673 0.10948288].
2019-08-12 10:35:51,143 - INFO - Best fit parameters: [0.22777449 0.01881642].
2019-08-12 10:35:51,160 - INFO - Maximum log composite likelihood: -42.5271810095.
2019-08-12 10:35:51,161 - INFO - Optimal value of theta: 11197.8224016.
2019-08-12 10:35:51,161 - INFO - Beginning optimization with guess, [0.68433136 0.09187677].
2019-08-12 10:35:53,056 - INFO - Finished optimization with guess, [0.68433136 0.09187677].
2019-08-12 10:35:53,056 - INFO - Best fit parameters: [0.2294912  0.01908983].
2019-08-12 10:35:53,073 - INFO - Maximum log composite likelihood: -42.5273044351.
2019-08-12 10:35:53,074 - INFO - Optimal value of theta: 11202.7776937.
2019-08-12 10:35:53,074 - INFO - Beginning optimization with guess, [0.34462624 0.13386968].
2019-08-12 10:35:54,635 - INFO - Finished optimization with guess, [0.34462624 0.13386968].
2019-08-12 10:35:54,635 - INFO - Best fit parameters: [0.22764554 0.01873444].
2019-08-12 10:35:54,652 - INFO - Maximum log composite likelihood: -42.5299550566.
2019-08-12 10:35:54,653 - INFO - Optimal value of theta: 11193.5068472.
2019-08-12 10:35:54,653 - INFO - Beginning optimization with guess, [0.25771683 0.18250072].
2019-08-12 10:35:56,735 - INFO - Finished optimization with guess, [0.25771683 0.18250072].
2019-08-12 10:35:56,736 - INFO - Best fit parameters: [0.22922161 0.01897246].
2019-08-12 10:35:56,753 - INFO - Maximum log composite likelihood: -42.5268743128.
2019-08-12 10:35:56,754 - INFO - Optimal value of theta: 11197.3051255.
2019-08-12 10:35:56,754 - INFO - Beginning optimization with guess, [0.59667692 0.10816573].
2019-08-12 10:35:58,717 - INFO - Finished optimization with guess, [0.59667692 0.10816573].
2019-08-12 10:35:58,718 - INFO - Best fit parameters: [0.23215166 0.01932517].
2019-08-12 10:35:58,735 - INFO - Maximum log composite likelihood: -42.5263516311.
2019-08-12 10:35:58,735 - INFO - Optimal value of theta: 11198.414551.
2019-08-12 10:35:58,736 - INFO - Beginning optimization with guess, [0.40842595 0.17138726].
2019-08-12 10:36:01,048 - INFO - Finished optimization with guess, [0.40842595 0.17138726].
2019-08-12 10:36:01,048 - INFO - Best fit parameters: [0.23209476 0.01929682].
2019-08-12 10:36:01,065 - INFO - Maximum log composite likelihood: -42.5273771112.
2019-08-12 10:36:01,066 - INFO - Optimal value of theta: 11197.0610131.
2019-08-12 10:36:01,067 - INFO - Beginning optimization with guess, [0.94247764 0.12727366].
2019-08-12 10:36:02,796 - INFO - Finished optimization with guess, [0.94247764 0.12727366].
2019-08-12 10:36:02,796 - INFO - Best fit parameters: [0.22634688 0.01863295].
2019-08-12 10:36:02,813 - INFO - Maximum log composite likelihood: -42.5282555053.
2019-08-12 10:36:02,814 - INFO - Optimal value of theta: 11196.3851111.
2019-08-12 10:36:02,814 - INFO - Beginning optimization with guess, [0.43060036 0.08717263].
2019-08-12 10:36:05,242 - INFO - Finished optimization with guess, [0.43060036 0.08717263].
2019-08-12 10:36:05,243 - INFO - Best fit parameters: [0.23222263 0.01935011].
2019-08-12 10:36:05,260 - INFO - Maximum log composite likelihood: -42.5258233672.
2019-08-12 10:36:05,261 - INFO - Optimal value of theta: 11199.4549827.
2019-08-12 10:36:05,261 - INFO - Beginning optimization with guess, [0.80256884 0.05215152].
2019-08-12 10:36:07,154 - INFO - Finished optimization with guess, [0.80256884 0.05215152].
2019-08-12 10:36:07,155 - INFO - Best fit parameters: [0.22404136 0.01826762].
2019-08-12 10:36:07,172 - INFO - Maximum log composite likelihood: -42.5354122803.
2019-08-12 10:36:07,173 - INFO - Optimal value of theta: 11189.3521346.
2019-08-12 10:36:07,173 - INFO - Beginning optimization with guess, [0.27373138 0.18795475].
2019-08-12 10:36:09,426 - INFO - Finished optimization with guess, [0.27373138 0.18795475].
2019-08-12 10:36:09,426 - INFO - Best fit parameters: [0.23125943 0.01919312].
2019-08-12 10:36:09,444 - INFO - Maximum log composite likelihood: -42.5275353638.
2019-08-12 10:36:09,444 - INFO - Optimal value of theta: 11196.5647812.
2019-08-12 10:36:09,445 - INFO - Beginning optimization with guess, [0.2761662  0.10069642].
2019-08-12 10:36:11,735 - INFO - Finished optimization with guess, [0.2761662  0.10069642].
2019-08-12 10:36:11,735 - INFO - Best fit parameters: [0.2223421  0.01816475].
2019-08-12 10:36:11,752 - INFO - Maximum log composite likelihood: -42.5316993753.
2019-08-12 10:36:11,753 - INFO - Optimal value of theta: 11195.0098382.
2019-08-12 10:36:11,753 - INFO - Beginning optimization with guess, [0.38416658 0.14933401].
2019-08-12 10:36:14,105 - INFO - Finished optimization with guess, [0.38416658 0.14933401].
2019-08-12 10:36:14,106 - INFO - Best fit parameters: [0.22823489 0.01888117].
2019-08-12 10:36:14,123 - INFO - Maximum log composite likelihood: -42.526859708.
2019-08-12 10:36:14,124 - INFO - Optimal value of theta: 11198.6250071.
2019-08-12 10:36:14,124 - INFO - Beginning optimization with guess, [0.31764945 0.10539896].
2019-08-12 10:36:16,679 - INFO - Finished optimization with guess, [0.31764945 0.10539896].
2019-08-12 10:36:16,680 - INFO - Best fit parameters: [0.23128428 0.01918277].
2019-08-12 10:36:16,697 - INFO - Maximum log composite likelihood: -42.5283713338.
2019-08-12 10:36:16,697 - INFO - Optimal value of theta: 11195.7407067.
2019-08-12 10:36:16,698 - INFO - Beginning optimization with guess, [0.7796746  0.09395186].
2019-08-12 10:36:18,869 - INFO - Finished optimization with guess, [0.7796746  0.09395186].
2019-08-12 10:36:18,869 - INFO - Best fit parameters: [0.22752295 0.01869653].
2019-08-12 10:36:18,887 - INFO - Maximum log composite likelihood: -42.5319019915.
2019-08-12 10:36:18,887 - INFO - Optimal value of theta: 11191.9595058.
2019-08-12 10:36:18,888 - INFO - Beginning optimization with guess, [0.59934985 0.12363546].
2019-08-12 10:36:20,662 - INFO - Finished optimization with guess, [0.59934985 0.12363546].
2019-08-12 10:36:20,663 - INFO - Best fit parameters: [0.23185782 0.01925883].
2019-08-12 10:36:20,680 - INFO - Maximum log composite likelihood: -42.5279309208.
2019-08-12 10:36:20,681 - INFO - Optimal value of theta: 11196.3888639.
2019-08-12 10:36:20,681 - INFO - Beginning optimization with guess, [0.54492118 0.07831416].
2019-08-12 10:36:22,386 - INFO - Finished optimization with guess, [0.54492118 0.07831416].
2019-08-12 10:36:22,387 - INFO - Best fit parameters: [0.2291122  0.01890253].
2019-08-12 10:36:22,404 - INFO - Maximum log composite likelihood: -42.530041236.
2019-08-12 10:36:22,405 - INFO - Optimal value of theta: 11193.65948.
2019-08-12 10:36:22,405 - INFO - Beginning optimization with guess, [0.78027205 0.05165296].
2019-08-12 10:36:24,093 - INFO - Finished optimization with guess, [0.78027205 0.05165296].
2019-08-12 10:36:24,093 - INFO - Best fit parameters: [0.22594396 0.01853368].
2019-08-12 10:36:24,110 - INFO - Maximum log composite likelihood: -42.5306927165.
2019-08-12 10:36:24,111 - INFO - Optimal value of theta: 11192.8858421.
2019-08-12 10:36:24,111 - INFO - Beginning optimization with guess, [0.60860741 0.18287962].
2019-08-12 10:36:26,452 - INFO - Finished optimization with guess, [0.60860741 0.18287962].
2019-08-12 10:36:26,453 - INFO - Best fit parameters: [0.22369484 0.01834621].
2019-08-12 10:36:26,470 - INFO - Maximum log composite likelihood: -42.530407913.
2019-08-12 10:36:26,471 - INFO - Optimal value of theta: 11197.0614902.
2019-08-12 10:36:26,471 - INFO - Beginning optimization with guess, [0.52892517 0.05915415].
2019-08-12 10:36:28,882 - INFO - Finished optimization with guess, [0.52892517 0.05915415].
2019-08-12 10:36:28,883 - INFO - Best fit parameters: [0.22635426 0.01865377].
2019-08-12 10:36:28,900 - INFO - Maximum log composite likelihood: -42.5280550919.
2019-08-12 10:36:28,901 - INFO - Optimal value of theta: 11197.6761741.
2019-08-12 10:36:28,901 - INFO - Beginning optimization with guess, [0.98934523 0.09567485].
2019-08-12 10:36:30,967 - INFO - Finished optimization with guess, [0.98934523 0.09567485].
2019-08-12 10:36:30,967 - INFO - Best fit parameters: [0.23013198 0.01902688].
2019-08-12 10:36:30,984 - INFO - Maximum log composite likelihood: -42.5297141698.
2019-08-12 10:36:30,985 - INFO - Optimal value of theta: 11194.2038035.
2019-08-12 10:36:30,985 - INFO - Beginning optimization with guess, [0.52452542 0.11349101].
2019-08-12 10:36:33,123 - INFO - Finished optimization with guess, [0.52452542 0.11349101].
2019-08-12 10:36:33,123 - INFO - Best fit parameters: [0.23100599 0.01919373].
2019-08-12 10:36:33,141 - INFO - Maximum log composite likelihood: -42.5262132694.
2019-08-12 10:36:33,141 - INFO - Optimal value of theta: 11198.4158277.
2019-08-12 10:36:33,142 - INFO - Beginning optimization with guess, [0.71657161 0.08613935].
2019-08-12 10:36:35,156 - INFO - Finished optimization with guess, [0.71657161 0.08613935].
2019-08-12 10:36:35,157 - INFO - Best fit parameters: [0.22949129 0.01895565].
2019-08-12 10:36:35,174 - INFO - Maximum log composite likelihood: -42.5293687249.
2019-08-12 10:36:35,175 - INFO - Optimal value of theta: 11194.3021613.
2019-08-12 10:36:35,175 - INFO - Beginning optimization with guess, [0.35927507 0.1247547 ].
2019-08-12 10:36:38,736 - INFO - Finished optimization with guess, [0.35927507 0.1247547 ].
2019-08-12 10:36:38,737 - INFO - Best fit parameters: [0.22735689 0.01877455].
2019-08-12 10:36:38,754 - INFO - Maximum log composite likelihood: -42.527375953.
2019-08-12 10:36:38,755 - INFO - Optimal value of theta: 11198.1666581.
2019-08-12 10:36:38,755 - INFO - Beginning optimization with guess, [0.55789302 0.06218276].
2019-08-12 10:36:40,714 - INFO - Finished optimization with guess, [0.55789302 0.06218276].
2019-08-12 10:36:40,715 - INFO - Best fit parameters: [0.23261211 0.01938009].
2019-08-12 10:36:40,732 - INFO - Maximum log composite likelihood: -42.5263950004.
2019-08-12 10:36:40,733 - INFO - Optimal value of theta: 11198.5344178.
2019-08-12 10:36:40,733 - INFO - Beginning optimization with guess, [0.29389512 0.05716233].
2019-08-12 10:36:42,127 - INFO - Finished optimization with guess, [0.29389512 0.05716233].
2019-08-12 10:36:42,127 - INFO - Best fit parameters: [0.22464428 0.01839911].
2019-08-12 10:36:42,145 - INFO - Maximum log composite likelihood: -42.5304996989.
2019-08-12 10:36:42,146 - INFO - Optimal value of theta: 11193.5822456.
2019-08-12 10:36:42,146 - INFO - Beginning optimization with guess, [0.89388729 0.19221593].
2019-08-12 10:36:44,372 - INFO - Finished optimization with guess, [0.89388729 0.19221593].
2019-08-12 10:36:44,373 - INFO - Best fit parameters: [0.22513679 0.01844435].
2019-08-12 10:36:44,390 - INFO - Maximum log composite likelihood: -42.5308167134.
2019-08-12 10:36:44,391 - INFO - Optimal value of theta: 11192.9465309.
2019-08-12 10:36:44,391 - INFO - Beginning optimization with guess, [0.96576878 0.07811029].
2019-08-12 10:36:46,272 - INFO - Finished optimization with guess, [0.96576878 0.07811029].
2019-08-12 10:36:46,273 - INFO - Best fit parameters: [0.23161865 0.01930936].
2019-08-12 10:36:46,290 - INFO - Maximum log composite likelihood: -42.5255548092.
2019-08-12 10:36:46,291 - INFO - Optimal value of theta: 11201.2398774.
2019-08-12 10:36:46,291 - INFO - Beginning optimization with guess, [0.41728391 0.16161296].
2019-08-12 10:36:48,179 - INFO - Finished optimization with guess, [0.41728391 0.16161296].
2019-08-12 10:36:48,180 - INFO - Best fit parameters: [0.23117822 0.01920933].
2019-08-12 10:36:48,197 - INFO - Maximum log composite likelihood: -42.5263538002.
2019-08-12 10:36:48,198 - INFO - Optimal value of theta: 11198.1575773.
2019-08-12 10:36:48,198 - INFO - Beginning optimization with guess, [0.40833625 0.07099315].
2019-08-12 10:36:49,595 - INFO - Finished optimization with guess, [0.40833625 0.07099315].
2019-08-12 10:36:49,595 - INFO - Best fit parameters: [0.22920558 0.01897497].
2019-08-12 10:36:49,613 - INFO - Maximum log composite likelihood: -42.5267550562.
2019-08-12 10:36:49,613 - INFO - Optimal value of theta: 11197.5794738.
2019-08-12 10:36:49,614 - INFO - Beginning optimization with guess, [0.70119865 0.13762699].
2019-08-12 10:36:51,576 - INFO - Finished optimization with guess, [0.70119865 0.13762699].
2019-08-12 10:36:51,577 - INFO - Best fit parameters: [0.22983153 0.01908103].
2019-08-12 10:36:51,594 - INFO - Maximum log composite likelihood: -42.5260974737.
2019-08-12 10:36:51,595 - INFO - Optimal value of theta: 11199.7720493.
2019-08-12 10:36:51,595 - INFO - Beginning optimization with guess, [0.33284893 0.11516443].
2019-08-12 10:36:53,304 - INFO - Finished optimization with guess, [0.33284893 0.11516443].
2019-08-12 10:36:53,305 - INFO - Best fit parameters: [0.2306438  0.01909667].
2019-08-12 10:36:53,322 - INFO - Maximum log composite likelihood: -42.5290315283.
2019-08-12 10:36:53,323 - INFO - Optimal value of theta: 11194.9283157.
2019-08-12 10:36:53,323 - INFO - Beginning optimization with guess, [0.27716802 0.15512406].
2019-08-12 10:36:55,140 - INFO - Finished optimization with guess, [0.27716802 0.15512406].
2019-08-12 10:36:55,140 - INFO - Best fit parameters: [0.22339273 0.01823857].
2019-08-12 10:36:55,157 - INFO - Maximum log composite likelihood: -42.5321728836.
2019-08-12 10:36:55,158 - INFO - Optimal value of theta: 11192.181313.
2019-08-12 10:36:55,159 - INFO - Beginning optimization with guess, [0.38291899 0.11606161].
2019-08-12 10:36:57,381 - INFO - Finished optimization with guess, [0.38291899 0.11606161].
2019-08-12 10:36:57,381 - INFO - Best fit parameters: [0.23271154 0.01939263].
2019-08-12 10:36:57,398 - INFO - Maximum log composite likelihood: -42.5263804991.
2019-08-12 10:36:57,399 - INFO - Optimal value of theta: 11198.6016764.
2019-08-12 10:36:57,399 - INFO - Beginning optimization with guess, [0.7344621  0.11475731].
2019-08-12 10:36:59,307 - INFO - Finished optimization with guess, [0.7344621  0.11475731].
2019-08-12 10:36:59,308 - INFO - Best fit parameters: [0.23196043 0.01929291].
2019-08-12 10:36:59,325 - INFO - Maximum log composite likelihood: -42.5267403409.
2019-08-12 10:36:59,326 - INFO - Optimal value of theta: 11197.7757279.
2019-08-12 10:36:59,326 - INFO - Beginning optimization with guess, [0.30555315 0.09335239].
2019-08-12 10:37:01,591 - INFO - Finished optimization with guess, [0.30555315 0.09335239].
2019-08-12 10:37:01,591 - INFO - Best fit parameters: [0.22691613 0.01861015].
2019-08-12 10:37:01,608 - INFO - Maximum log composite likelihood: -42.5335301321.
2019-08-12 10:37:01,609 - INFO - Optimal value of theta: 11190.785959.
2019-08-12 10:37:01,610 - INFO - Finished demographic inference.
2019-08-12 10:37:01,610 - INFO - Beginning DFE inference.
2019-08-12 10:40:07,161 - INFO - Beginning optimization with guess, [6.81750665e-02 2.29929046e+04].
2019-08-12 10:40:23,130 - INFO - Finished optomization, results are [-46.51382351725715 array([1.00132330e-01, 6.99576371e+05])].
2019-08-12 10:40:23,132 - INFO - Beginning optimization with guess, [9.86673439e-02 3.84589791e+04].
2019-08-12 10:40:31,689 - INFO - Finished optomization, results are [-46.58310941768923 array([9.93671539e-02, 7.61294464e+05])].
2019-08-12 10:40:31,690 - INFO - Beginning optimization with guess, [1.28043508e-01 1.69125387e+04].
2019-08-12 10:40:47,046 - INFO - Finished optomization, results are [-46.5216163872783 array([1.00091385e-01, 7.02191503e+05])].
2019-08-12 10:40:47,047 - INFO - Beginning optimization with guess, [1.06610793e-01 1.49189723e+04].
2019-08-12 10:41:04,910 - INFO - Finished optomization, results are [-46.49631097941074 array([1.00259233e-01, 6.90901308e+05])].
2019-08-12 10:41:04,912 - INFO - Beginning optimization with guess, [1.38204297e-01 3.72896979e+04].
2019-08-12 10:41:14,268 - INFO - Finished optomization, results are [-46.46743086223978 array([1.01496926e-01, 5.98609512e+05])].
2019-08-12 10:41:14,268 - INFO - Beginning optimization with guess, [5.35545283e-02 4.32180522e+04].
2019-08-12 10:41:31,104 - INFO - Finished optomization, results are [-46.55553389457964 array([9.92999362e-02, 7.70951243e+05])].
2019-08-12 10:41:31,106 - INFO - Beginning optimization with guess, [6.70602319e-02 3.99161993e+04].
2019-08-12 10:41:38,858 - INFO - Finished optomization, results are [-46.4432864815044 array([1.02958297e-01, 5.09435268e+05])].
2019-08-12 10:41:38,859 - INFO - Beginning optimization with guess, [5.58707855e-02 3.35342854e+04].
2019-08-12 10:41:54,733 - INFO - Finished optomization, results are [-46.473692763990584 array([9.92557954e-02, 7.91285049e+05])].
2019-08-12 10:41:54,735 - INFO - Beginning optimization with guess, [1.72459210e-01 1.41741422e+04].
2019-08-12 10:42:02,453 - INFO - Finished optomization, results are [-46.46351714809225 array([1.01928177e-01, 5.69746970e+05])].
2019-08-12 10:42:02,453 - INFO - Beginning optimization with guess, [9.11969104e-02 5.29609784e+04].
2019-08-12 10:42:18,693 - INFO - Finished optomization, results are [-46.46630131082475 array([1.01530250e-01, 5.96405799e+05])].
2019-08-12 10:42:18,695 - INFO - Beginning optimization with guess, [1.20993738e-01 2.34918563e+04].
2019-08-12 10:42:35,933 - INFO - Finished optomization, results are [-46.499192904146184 array([1.01478106e-01, 5.96604862e+05])].
2019-08-12 10:42:35,934 - INFO - Beginning optimization with guess, [1.63666412e-01 2.15910414e+04].
2019-08-12 10:42:51,634 - INFO - Finished optomization, results are [-46.51400896037194 array([9.96071711e-02, 7.46989273e+05])].
2019-08-12 10:42:51,636 - INFO - Beginning optimization with guess, [7.30127529e-02 1.42370157e+04].
2019-08-12 10:43:06,822 - INFO - Finished optomization, results are [-46.4876265885332 array([9.96906362e-02, 7.43374474e+05])].
2019-08-12 10:43:06,824 - INFO - Beginning optimization with guess, [6.35614894e-02 4.59952479e+04].
2019-08-12 10:43:15,061 - INFO - Finished optomization, results are [-46.582105211103226 array([9.91590660e-02, 7.81650876e+05])].
2019-08-12 10:43:15,061 - INFO - Beginning optimization with guess, [6.26947931e-02 3.57824903e+04].
2019-08-12 10:43:26,603 - INFO - Finished optomization, results are [-46.59604592409505 array([9.88897138e-02, 8.07273390e+05])].
2019-08-12 10:43:26,604 - INFO - Beginning optimization with guess, [1.53228801e-01 4.82282289e+04].
2019-08-12 10:43:33,604 - INFO - Finished optomization, results are [-46.54857898494811 array([1.00172862e-01, 6.92327929e+05])].
2019-08-12 10:43:33,605 - INFO - Beginning optimization with guess, [9.09700549e-02 3.00891230e+04].
2019-08-12 10:43:50,771 - INFO - Finished optomization, results are [-46.53667832176052 array([9.96094053e-02, 7.43730521e+05])].
2019-08-12 10:43:50,772 - INFO - Beginning optimization with guess, [8.24316916e-02 1.98149385e+04].
2019-08-12 10:44:05,849 - INFO - Finished optomization, results are [-46.48250307354283 array([1.00985440e-01, 6.34211302e+05])].
2019-08-12 10:44:05,851 - INFO - Beginning optimization with guess, [5.31498995e-02 2.32525126e+04].
2019-08-12 10:44:15,059 - INFO - Finished optomization, results are [-46.50752476790694 array([1.00473651e-01, 6.71647518e+05])].
2019-08-12 10:44:15,060 - INFO - Beginning optimization with guess, [7.36603523e-02 3.85962576e+04].
2019-08-12 10:44:26,552 - INFO - Finished optomization, results are [-46.40838228978828 array([1.01752766e-01, 5.98166107e+05])].
2019-08-12 10:44:26,553 - INFO - Beginning optimization with guess, [1.68958973e-01 2.60556978e+04].
2019-08-12 10:44:42,645 - INFO - Finished optomization, results are [-46.52298379649437 array([9.99600126e-02, 7.13530302e+05])].
2019-08-12 10:44:42,647 - INFO - Beginning optimization with guess, [4.85907388e-02 4.60379753e+04].
2019-08-12 10:44:56,022 - INFO - Finished optomization, results are [-46.95583172829902 array([1.09411203e-01, 2.51803491e+05])].
2019-08-12 10:44:56,023 - INFO - Beginning optimization with guess, [1.77202462e-01 2.37790722e+04].
2019-08-12 10:45:11,993 - INFO - Finished optomization, results are [-46.52114549226826 array([9.90682090e-02, 7.99364612e+05])].
2019-08-12 10:45:11,995 - INFO - Beginning optimization with guess, [6.15239497e-02 1.43158573e+04].
2019-08-12 10:45:28,597 - INFO - Finished optomization, results are [-46.4329255121811 array([1.01472652e-01, 6.05273236e+05])].
2019-08-12 10:45:28,598 - INFO - Beginning optimization with guess, [1.68623004e-01 1.50398301e+04].
2019-08-12 10:45:35,469 - INFO - Finished optomization, results are [-46.46829840348619 array([1.02071998e-01, 5.59893242e+05])].
2019-08-12 10:45:35,471 - INFO - Beginning optimization with guess, [6.19729760e-02 3.58693138e+04].
2019-08-12 10:45:48,813 - INFO - Finished optomization, results are [-46.47330925980714 array([9.92798812e-02, 7.88748236e+05])].
2019-08-12 10:45:48,815 - INFO - Beginning optimization with guess, [6.39395966e-02 2.28023298e+04].
2019-08-12 10:45:58,160 - INFO - Finished optomization, results are [-57.552105861063865 array([1.01991552e-01, 7.97147517e+05])].
2019-08-12 10:45:58,161 - INFO - Beginning optimization with guess, [8.82549210e-02 4.78705939e+04].
2019-08-12 10:46:11,352 - INFO - Finished optomization, results are [-46.49007948138751 array([1.00940198e-01, 6.36782369e+05])].
2019-08-12 10:46:11,354 - INFO - Beginning optimization with guess, [8.54928353e-02 3.61231170e+04].
2019-08-12 10:46:19,439 - INFO - Finished optomization, results are [-46.51235160905526 array([1.00669783e-01, 6.55359101e+05])].
2019-08-12 10:46:19,440 - INFO - Beginning optimization with guess, [1.25668967e-01 3.53476917e+04].
2019-08-12 10:46:43,986 - INFO - Finished optomization, results are [-46.549323556716445 array([9.93345488e-02, 7.68355397e+05])].
2019-08-12 10:46:43,987 - INFO - Beginning optimization with guess, [1.7069736e-01 1.4512546e+04].
2019-08-12 10:46:53,140 - INFO - Finished optomization, results are [-46.46552138304469 array([1.01994679e-01, 5.65181336e+05])].
2019-08-12 10:46:53,141 - INFO - Beginning optimization with guess, [1.69709314e-01 1.57209872e+04].
2019-08-12 10:47:02,854 - INFO - Finished optomization, results are [-46.46848204725575 array([1.01920935e-01, 5.69681003e+05])].
2019-08-12 10:47:02,855 - INFO - Beginning optimization with guess, [5.55420823e-02 2.39094943e+04].
2019-08-12 10:47:17,336 - INFO - Finished optomization, results are [-46.41535292702338 array([1.00973852e-01, 6.51492592e+05])].
2019-08-12 10:47:17,337 - INFO - Beginning optimization with guess, [8.83666053e-02 2.48853929e+04].
2019-08-12 10:47:35,780 - INFO - Finished optomization, results are [-46.52599632212605 array([9.96701486e-02, 7.39433467e+05])].
2019-08-12 10:47:35,782 - INFO - Beginning optimization with guess, [5.23225245e-02 2.04103142e+04].
2019-08-12 10:47:44,819 - INFO - Finished optomization, results are [-46.584279425608656 array([9.89155359e-02, 8.06014610e+05])].
2019-08-12 10:47:44,820 - INFO - Beginning optimization with guess, [1.18728154e-01 2.94033318e+04].
2019-08-12 10:47:51,091 - INFO - Finished optomization, results are [-46.573033191230934 array([9.95284029e-02, 7.47131255e+05])].
2019-08-12 10:47:51,091 - INFO - Beginning optimization with guess, [1.25098966e-01 1.91981151e+04].
2019-08-12 10:48:05,486 - INFO - Finished optomization, results are [-46.571102659430835 array([9.91184447e-02, 7.86991798e+05])].
2019-08-12 10:48:05,487 - INFO - Beginning optimization with guess, [5.78635391e-02 1.50847029e+04].
2019-08-12 10:48:19,008 - INFO - Finished optomization, results are [-46.52440449651476 array([1.00000502e-01, 7.09791393e+05])].
2019-08-12 10:48:19,009 - INFO - Beginning optimization with guess, [5.14089735e-02 3.94826058e+04].
2019-08-12 10:48:38,135 - INFO - Finished optomization, results are [-46.45400678524493 array([1.04549209e-01, 4.29647260e+05])].
2019-08-12 10:48:38,136 - INFO - Beginning optimization with guess, [1.22903484e-01 1.92799403e+04].
2019-08-12 10:48:52,707 - INFO - Finished optomization, results are [-46.446405668255466 array([1.0194560e-01, 5.7066753e+05])].
2019-08-12 10:48:52,708 - INFO - Beginning optimization with guess, [6.80292393e-02 2.06256633e+04].
2019-08-12 10:49:01,878 - INFO - Finished optomization, results are [-46.481796074112935 array([1.01710318e-01, 5.82341081e+05])].
2019-08-12 10:49:01,879 - INFO - Beginning optimization with guess, [1.54669403e-01 4.20800283e+04].
2019-08-12 10:49:09,702 - INFO - Finished optomization, results are [-46.544636994098255 array([1.00055864e-01, 7.02732727e+05])].
2019-08-12 10:49:09,704 - INFO - Beginning optimization with guess, [1.56093108e-01 2.36802514e+04].
2019-08-12 10:49:21,255 - INFO - Finished optomization, results are [-46.49351519866377 array([1.00910021e-01, 6.38703862e+05])].
2019-08-12 10:49:21,255 - INFO - Beginning optimization with guess, [5.13983084e-02 1.76324036e+04].
2019-08-12 10:49:35,722 - INFO - Finished optomization, results are [-46.484989311946265 array([1.00408105e-01, 6.79864013e+05])].
2019-08-12 10:49:35,722 - INFO - Beginning optimization with guess, [6.74769184e-02 5.16603962e+04].
2019-08-12 10:49:50,001 - INFO - Finished optomization, results are [-46.46574016602881 array([1.01637138e-01, 5.89058903e+05])].
2019-08-12 10:49:50,002 - INFO - Beginning optimization with guess, [7.88718251e-02 3.14151949e+04].
2019-08-12 10:50:04,202 - INFO - Finished optomization, results are [-46.54207875103111 array([9.93541339e-02, 7.67386440e+05])].
2019-08-12 10:50:04,203 - INFO - Beginning optimization with guess, [5.99118468e-02 2.66553646e+04].
2019-08-12 10:50:13,098 - INFO - Finished optomization, results are [-47.838730235251205 array([1.00376950e-01, 7.83640529e+05])].
2019-08-12 10:50:13,099 - INFO - Beginning optimization with guess, [1.68333544e-01 1.86190126e+04].
2019-08-12 10:50:20,818 - INFO - Finished optomization, results are [-46.51198274650142 array([1.00704656e-01, 6.52649388e+05])].
2019-08-12 10:50:20,819 - INFO - Beginning optimization with guess, [8.45531745e-02 2.45698970e+04].
2019-08-12 10:50:36,893 - INFO - Finished optomization, results are [-46.55034597292706 array([9.94587651e-02, 7.56262994e+05])].
2019-08-12 10:50:36,895 - INFO - Beginning optimization with guess, [1.68014301e-01 4.26981240e+04].
2019-08-12 10:50:47,019 - INFO - Finished optomization, results are [-46.546132797260725 array([1.00096117e-01, 6.99113569e+05])].
2019-08-12 10:50:47,020 - INFO - Beginning optimization with guess, [1.62759900e-01 3.13387672e+04].
2019-08-12 10:50:51,714 - INFO - Finished optomization, results are [-46.559913505427176 array([9.91405089e-02, 7.86179215e+05])].
2019-08-12 10:50:51,714 - INFO - Beginning optimization with guess, [1.53241902e-01 4.14776243e+04].
2019-08-12 10:51:05,981 - INFO - Finished optomization, results are [-46.54864985856875 array([9.94388701e-02, 7.58369464e+05])].
2019-08-12 10:51:05,982 - INFO - Beginning optimization with guess, [1.28322665e-01 1.77599844e+04].
2019-08-12 10:51:22,987 - INFO - Finished optomization, results are [-46.534293482774956 array([9.96694640e-02, 7.38443263e+05])].
2019-08-12 10:51:22,988 - INFO - Beginning optimization with guess, [1.74009883e-01 3.30004168e+04].
2019-08-12 10:51:37,814 - INFO - Finished optomization, results are [-46.55587051842667 array([9.92952079e-02, 7.71371576e+05])].
2019-08-12 10:51:37,816 - INFO - Beginning optimization with guess, [7.25524867e-02 2.80257018e+04].
2019-08-12 10:51:48,796 - INFO - Finished optomization, results are [-46.49968647777405 array([1.00597251e-01, 6.62529530e+05])].
2019-08-12 10:51:48,796 - INFO - Beginning optimization with guess, [8.85275730e-02 4.14479799e+04].
2019-08-12 10:52:03,993 - INFO - Finished optomization, results are [-46.52248247094576 array([1.00361694e-01, 6.79206570e+05])].
2019-08-12 10:52:03,994 - INFO - Beginning optimization with guess, [1.17239912e-01 5.35726365e+04].
2019-08-12 10:52:12,749 - INFO - Finished optomization, results are [-46.47624001968779 array([1.01154300e-01, 6.22290472e+05])].
2019-08-12 10:52:12,750 - INFO - Beginning optimization with guess, [9.63417883e-02 1.68274009e+04].
2019-08-12 10:52:26,835 - INFO - Finished optomization, results are [-46.507832688539565 array([1.00365263e-01, 6.80550265e+05])].
2019-08-12 10:52:26,836 - INFO - Beginning optimization with guess, [1.16909956e-01 1.50323648e+04].
2019-08-12 10:52:34,787 - INFO - Finished optomization, results are [-46.513878371458304 array([1.00503788e-01, 6.68488349e+05])].
2019-08-12 10:52:34,787 - INFO - Beginning optimization with guess, [7.22758387e-02 2.00206603e+04].
2019-08-12 10:52:45,203 - INFO - Finished optomization, results are [-46.46217647171488 array([1.02124973e-01, 5.57159390e+05])].
2019-08-12 10:52:45,205 - INFO - Beginning optimization with guess, [7.71328380e-02 4.54197094e+04].
2019-08-12 10:52:55,135 - INFO - Finished optomization, results are [-46.49601946664097 array([1.00791412e-01, 6.47583806e+05])].
2019-08-12 10:52:55,136 - INFO - Beginning optimization with guess, [4.89731476e-02 2.41571738e+04].
2019-08-12 10:53:09,570 - INFO - Finished optomization, results are [-46.50121678951564 array([1.00092808e-01, 7.04611221e+05])].
2019-08-12 10:53:09,571 - INFO - Beginning optimization with guess, [1.52220389e-01 2.01925156e+04].
2019-08-12 10:53:29,428 - INFO - Finished optomization, results are [-46.49171885639953 array([1.00537711e-01, 6.68298770e+05])].
2019-08-12 10:53:29,429 - INFO - Beginning optimization with guess, [8.70280650e-02 2.67992876e+04].
2019-08-12 10:53:44,973 - INFO - Finished optomization, results are [-46.561694440518295 array([9.93164666e-02, 7.68589936e+05])].
2019-08-12 10:53:44,974 - INFO - Beginning optimization with guess, [4.77710495e-02 1.64708100e+04].
2019-08-12 10:53:54,846 - INFO - Finished optomization, results are [-46.52917082775093 array([1.00047827e-01, 7.05105072e+05])].
2019-08-12 10:53:54,846 - INFO - Beginning optimization with guess, [4.62860783e-02 4.95564091e+04].
2019-08-12 10:54:02,052 - INFO - Finished optomization, results are [-46.50733236143424 array([1.04150290e-01, 4.42570112e+05])].
2019-08-12 10:54:02,053 - INFO - Beginning optimization with guess, [1.01384995e-01 2.44501353e+04].
2019-08-12 10:54:17,929 - INFO - Finished optomization, results are [-46.50991245716796 array([1.00402610e-01, 6.77213409e+05])].
2019-08-12 10:54:17,930 - INFO - Beginning optimization with guess, [9.79052613e-02 5.33512690e+04].
2019-08-12 10:54:25,699 - INFO - Finished optomization, results are [-46.4627738046529 array([1.01900965e-01, 5.71622252e+05])].
2019-08-12 10:54:25,700 - INFO - Beginning optimization with guess, [1.08998926e-01 3.45886895e+04].
2019-08-12 10:54:41,409 - INFO - Finished optomization, results are [-46.51681405253021 array([1.00281629e-01, 6.86510773e+05])].
2019-08-12 10:54:41,411 - INFO - Beginning optimization with guess, [1.1573961e-01 1.4529802e+04].
2019-08-12 10:54:57,604 - INFO - Finished optomization, results are [-46.44521949883165 array([1.00235185e-01, 7.02344844e+05])].
2019-08-12 10:54:57,605 - INFO - Beginning optimization with guess, [1.48511536e-01 1.59917051e+04].
2019-08-12 10:55:04,959 - INFO - Finished optomization, results are [-46.49195586212409 array([1.00881966e-01, 6.41030177e+05])].
2019-08-12 10:55:04,961 - INFO - Beginning optimization with guess, [9.76443644e-02 4.29496549e+04].
2019-08-12 10:55:14,328 - INFO - Finished optomization, results are [-46.50435382464457 array([1.00892854e-01, 6.38854965e+05])].
2019-08-12 10:55:14,328 - INFO - Beginning optimization with guess, [5.56963972e-02 2.44001786e+04].
2019-08-12 10:55:32,387 - INFO - Finished optomization, results are [-46.41245565133613 array([1.02039699e-01, 5.70600610e+05])].
2019-08-12 10:55:32,388 - INFO - Beginning optimization with guess, [1.31938267e-01 3.28631354e+04].
2019-08-12 10:55:42,531 - INFO - Finished optomization, results are [-46.47711855925263 array([9.92057800e-02, 7.95505087e+05])].
2019-08-12 10:55:42,533 - INFO - Beginning optimization with guess, [5.84096832e-02 2.19302607e+04].
2019-08-12 10:55:55,532 - INFO - Finished optomization, results are [-46.40294058127802 array([1.02295758e-01, 5.59066702e+05])].
2019-08-12 10:55:55,533 - INFO - Beginning optimization with guess, [7.79654712e-02 2.87296811e+04].
2019-08-12 10:56:08,887 - INFO - Finished optomization, results are [-46.54413800797283 array([9.95002681e-02, 7.53077190e+05])].
2019-08-12 10:56:08,889 - INFO - Beginning optimization with guess, [1.42162141e-01 1.46909430e+04].
2019-08-12 10:56:30,376 - INFO - Finished optomization, results are [-46.468978518348194 array([1.00796308e-01, 6.50567937e+05])].
2019-08-12 10:56:30,377 - INFO - Beginning optimization with guess, [1.44219325e-01 3.83458546e+04].
2019-08-12 10:56:45,186 - INFO - Finished optomization, results are [-46.56534235940853 array([9.91489066e-02, 7.84653281e+05])].
2019-08-12 10:56:45,186 - INFO - Beginning optimization with guess, [1.71074086e-01 3.97268004e+04].
2019-08-12 10:56:52,547 - INFO - Finished optomization, results are [-46.54706378184528 array([1.00006007e-01, 7.06802776e+05])].
2019-08-12 10:56:52,548 - INFO - Beginning optimization with guess, [1.24278090e-01 2.69566784e+04].
2019-08-12 10:57:08,087 - INFO - Finished optomization, results are [-46.58956880970345 array([9.94105931e-02, 7.56487768e+05])].
2019-08-12 10:57:08,088 - INFO - Beginning optimization with guess, [8.08370465e-02 3.38927888e+04].
2019-08-12 10:57:19,814 - INFO - Finished optomization, results are [-46.522302890337414 array([1.00092521e-01, 7.02013332e+05])].
2019-08-12 10:57:19,815 - INFO - Beginning optimization with guess, [9.17584821e-02 3.89749567e+04].
2019-08-12 10:57:26,807 - INFO - Finished optomization, results are [-46.53137021910152 array([1.00195087e-01, 6.92215453e+05])].
2019-08-12 10:57:26,808 - INFO - Beginning optimization with guess, [1.77450931e-01 1.69782994e+04].
2019-08-12 10:57:42,536 - INFO - Finished optomization, results are [-46.4670404247654 array([1.01452730e-01, 6.01772997e+05])].
2019-08-12 10:57:42,537 - INFO - Beginning optimization with guess, [5.02838663e-02 3.22468071e+04].
2019-08-12 10:57:59,326 - INFO - Finished optomization, results are [-46.57368977999249 array([9.90853856e-02, 7.89996125e+05])].
2019-08-12 10:57:59,328 - INFO - Beginning optimization with guess, [1.13302593e-01 3.28699224e+04].
2019-08-12 10:58:07,636 - INFO - Finished optomization, results are [-46.51396850031415 array([1.00370672e-01, 6.79397515e+05])].
2019-08-12 10:58:07,637 - INFO - Beginning optimization with guess, [1.71671773e-01 2.33969914e+04].
2019-08-12 10:58:23,350 - INFO - Finished optomization, results are [-46.51162883965753 array([9.97040419e-02, 7.38243205e+05])].
2019-08-12 10:58:23,351 - INFO - Beginning optimization with guess, [6.16903272e-02 2.89669833e+04].
2019-08-12 10:58:31,970 - INFO - Finished optomization, results are [-46.40377471197098 array([1.02571846e-01, 5.40764347e+05])].
2019-08-12 10:58:31,970 - INFO - Beginning optimization with guess, [4.97515781e-02 1.37355952e+04].
2019-08-12 10:58:45,050 - INFO - Finished optomization, results are [-46.415930534218205 array([1.01473795e-01, 6.09185986e+05])].
2019-08-12 10:58:45,051 - INFO - Beginning optimization with guess, [1.19883230e-01 1.66946126e+04].
2019-08-12 10:59:01,499 - INFO - Finished optomization, results are [-46.5322651986462 array([9.94590654e-02, 7.58545276e+05])].
2019-08-12 10:59:01,500 - INFO - Beginning optimization with guess, [1.66330352e-01 1.77508085e+04].
2019-08-12 10:59:10,078 - INFO - Finished optomization, results are [-46.47352364430117 array([1.01579867e-01, 5.92134959e+05])].
2019-08-12 10:59:10,079 - INFO - Beginning optimization with guess, [5.68436819e-02 4.24001521e+04].
2019-08-12 10:59:20,189 - INFO - Finished optomization, results are [-46.59604519407549 array([9.99425862e-02, 7.07660527e+05])].
2019-08-12 10:59:20,190 - INFO - Beginning optimization with guess, [1.68924886e-01 4.72090411e+04].
2019-08-12 10:59:28,099 - INFO - Finished optomization, results are [-46.55441800733115 array([9.96582391e-02, 7.37121364e+05])].
2019-08-12 10:59:28,099 - INFO - Beginning optimization with guess, [5.97497716e-02 2.29846432e+04].
2019-08-12 10:59:44,635 - INFO - Finished optomization, results are [-46.57245767312543 array([9.95502270e-02, 7.96941788e+05])].
2019-08-12 10:59:44,636 - INFO - Beginning optimization with guess, [5.01982963e-02 4.44831336e+04].
2019-08-12 11:00:00,504 - INFO - Finished optomization, results are [-46.66961411039847 array([1.0717597e-01, 3.1947698e+05])].
2019-08-12 11:00:00,505 - INFO - Beginning optimization with guess, [9.56308598e-02 4.11749230e+04].
2019-08-12 11:00:09,305 - INFO - Finished optomization, results are [-46.51534141760294 array([1.00599313e-01, 6.60643530e+05])].
2019-08-12 11:00:09,306 - INFO - Beginning optimization with guess, [1.46847435e-01 2.20395369e+04].
2019-08-12 11:00:25,019 - INFO - Finished optomization, results are [-46.5514505141291 array([9.90743128e-02, 7.93999744e+05])].
2019-08-12 11:00:25,020 - INFO - Beginning optimization with guess, [1.44899579e-01 4.04796932e+04].
2019-08-12 11:00:29,868 - INFO - Finished optomization, results are [-46.572850486963944 array([9.94727356e-02, 7.52372229e+05])].
2019-08-12 11:00:29,869 - INFO - Beginning optimization with guess, [5.46571348e-02 3.56898135e+04].
2019-08-12 11:00:44,337 - INFO - Finished optomization, results are [-46.41798372846097 array([1.01152278e-01, 6.33143901e+05])].
2019-08-12 11:00:44,339 - INFO - Beginning optimization with guess, [1.40818928e-01 2.03866390e+04].
2019-08-12 11:00:52,735 - INFO - Finished optomization, results are [-46.46641191044091 array([1.03447925e-01, 4.80521584e+05])].
2019-08-12 11:00:52,735 - INFO - Beginning optimization with guess, [5.18394813e-02 4.54943775e+04].
2019-08-12 11:01:07,571 - INFO - Finished optomization, results are [-46.54357044762946 array([9.97428036e-02, 7.30608967e+05])].
2019-08-12 11:01:07,572 - INFO - Finished DFE inference.
2019-08-12 11:01:07,572 - INFO - Integrating expected site-frequency spectrum.
2019-08-12 11:01:07,616 - INFO - Outputing results.
2019-08-12 11:01:07,620 - INFO - Pipeline executed succesfully.
