2019-08-01 12:46:54,111 - INFO - Beginning execution of fitdadi_infer_DFE.py in directory /u/home/j/jonmah/lohmueller_lab/Scripts

2019-08-01 12:46:54,112 - INFO - Progress is being logged to ../Data/AW_array_2000/seed_82_fitdadi_output/log.log

2019-08-01 12:46:54,112 - INFO - Parsed the following arguments:
	breed = AW
	outprefix = ../Data/AW_array_2000/seed_82_fitdadi_output/
	nonsyn_input_sfs = ../Data/AW_array_2000/seed_82_easySFS_output_nonsyn/dadi/pop1.sfs
	syn_input_sfs = ../Data/AW_array_2000/seed_82_easySFS_output_syn/dadi/pop1.sfs

2019-08-01 12:46:54,115 - INFO - Beginning optimization with guess, [0.39919753 0.07611366].
2019-08-01 12:46:54,549 - INFO - Finished optimization with guess, [0.39919753 0.07611366].
2019-08-01 12:46:54,549 - INFO - Best fit parameters: [0.81226143 0.2552325 ].
2019-08-01 12:46:54,559 - INFO - Maximum log composite likelihood: -19.3804339242.
2019-08-01 12:46:54,560 - INFO - Optimal value of theta: 51.7320074871.
2019-08-01 12:46:54,560 - INFO - Beginning optimization with guess, [0.33430975 0.14715922].
2019-08-01 12:46:55,382 - INFO - Finished optimization with guess, [0.33430975 0.14715922].
2019-08-01 12:46:55,383 - INFO - Best fit parameters: [0.81242842 0.25773968].
2019-08-01 12:46:55,393 - INFO - Maximum log composite likelihood: -19.3804323548.
2019-08-01 12:46:55,394 - INFO - Optimal value of theta: 51.7516634152.
2019-08-01 12:46:55,394 - INFO - Beginning optimization with guess, [0.37558026 0.13751114].
2019-08-01 12:46:56,780 - INFO - Finished optimization with guess, [0.37558026 0.13751114].
2019-08-01 12:46:56,780 - INFO - Best fit parameters: [0.81243449 0.257459  ].
2019-08-01 12:46:56,789 - INFO - Maximum log composite likelihood: -19.380432337.
2019-08-01 12:46:56,789 - INFO - Optimal value of theta: 51.7488485831.
2019-08-01 12:46:56,789 - INFO - Beginning optimization with guess, [0.36334836 0.1926452 ].
2019-08-01 12:46:57,355 - INFO - Finished optimization with guess, [0.36334836 0.1926452 ].
2019-08-01 12:46:57,356 - INFO - Best fit parameters: [0.81133879 0.23505343].
2019-08-01 12:46:57,364 - INFO - Maximum log composite likelihood: -19.3804966404.
2019-08-01 12:46:57,365 - INFO - Optimal value of theta: 51.5569174366.
2019-08-01 12:46:57,365 - INFO - Beginning optimization with guess, [0.59994522 0.10778056].
2019-08-01 12:46:57,756 - INFO - Finished optimization with guess, [0.59994522 0.10778056].
2019-08-01 12:46:57,756 - INFO - Best fit parameters: [0.81245388 0.25702853].
2019-08-01 12:46:57,765 - INFO - Maximum log composite likelihood: -19.3804323017.
2019-08-01 12:46:57,765 - INFO - Optimal value of theta: 51.7442734618.
2019-08-01 12:46:57,765 - INFO - Beginning optimization with guess, [0.32095598 0.08656892].
2019-08-01 12:46:58,458 - INFO - Finished optimization with guess, [0.32095598 0.08656892].
2019-08-01 12:46:58,458 - INFO - Best fit parameters: [0.81249774 0.25754161].
2019-08-01 12:46:58,468 - INFO - Maximum log composite likelihood: -19.380432029.
2019-08-01 12:46:58,469 - INFO - Optimal value of theta: 51.7480540849.
2019-08-01 12:46:58,469 - INFO - Beginning optimization with guess, [0.28849537 0.11522238].
2019-08-01 12:46:58,965 - INFO - Finished optimization with guess, [0.28849537 0.11522238].
2019-08-01 12:46:58,966 - INFO - Best fit parameters: [0.81285694 0.25869354].
2019-08-01 12:46:58,974 - INFO - Maximum log composite likelihood: -19.3804311801.
2019-08-01 12:46:58,975 - INFO - Optimal value of theta: 51.7499686548.
2019-08-01 12:46:58,975 - INFO - Beginning optimization with guess, [0.33411096 0.12523315].
2019-08-01 12:46:59,393 - INFO - Finished optimization with guess, [0.33411096 0.12523315].
2019-08-01 12:46:59,393 - INFO - Best fit parameters: [0.81242979 0.25770182].
2019-08-01 12:46:59,402 - INFO - Maximum log composite likelihood: -19.3804323483.
2019-08-01 12:46:59,402 - INFO - Optimal value of theta: 51.7512703287.
2019-08-01 12:46:59,402 - INFO - Beginning optimization with guess, [0.5516045  0.06753828].
2019-08-01 12:46:59,871 - INFO - Finished optimization with guess, [0.5516045  0.06753828].
2019-08-01 12:46:59,871 - INFO - Best fit parameters: [0.81273297 0.26381487].
2019-08-01 12:46:59,880 - INFO - Maximum log composite likelihood: -19.3804342571.
2019-08-01 12:46:59,880 - INFO - Optimal value of theta: 51.8010736807.
2019-08-01 12:46:59,880 - INFO - Beginning optimization with guess, [0.51120151 0.0968524 ].
2019-08-01 12:47:00,326 - INFO - Finished optimization with guess, [0.51120151 0.0968524 ].
2019-08-01 12:47:00,326 - INFO - Best fit parameters: [0.81240902 0.25765469].
2019-08-01 12:47:00,335 - INFO - Maximum log composite likelihood: -19.3804324627.
2019-08-01 12:47:00,335 - INFO - Optimal value of theta: 51.7513418547.
2019-08-01 12:47:00,335 - INFO - Beginning optimization with guess, [0.30885568 0.1174672 ].
2019-08-01 12:47:00,781 - INFO - Finished optimization with guess, [0.30885568 0.1174672 ].
2019-08-01 12:47:00,781 - INFO - Best fit parameters: [0.81259556 0.25588035].
2019-08-01 12:47:00,791 - INFO - Maximum log composite likelihood: -19.380432156.
2019-08-01 12:47:00,792 - INFO - Optimal value of theta: 51.729868089.
2019-08-01 12:47:00,792 - INFO - Beginning optimization with guess, [0.31324185 0.05244251].
2019-08-01 12:47:01,235 - INFO - Finished optimization with guess, [0.31324185 0.05244251].
2019-08-01 12:47:01,235 - INFO - Best fit parameters: [0.81500694 0.27527623].
2019-08-01 12:47:01,245 - INFO - Maximum log composite likelihood: -19.3804778478.
2019-08-01 12:47:01,245 - INFO - Optimal value of theta: 51.847592396.
2019-08-01 12:47:01,246 - INFO - Beginning optimization with guess, [0.72826767 0.08352366].
2019-08-01 12:47:02,114 - INFO - Finished optimization with guess, [0.72826767 0.08352366].
2019-08-01 12:47:02,115 - INFO - Best fit parameters: [0.81243533 0.25783659].
2019-08-01 12:47:02,124 - INFO - Maximum log composite likelihood: -19.3804323173.
2019-08-01 12:47:02,124 - INFO - Optimal value of theta: 51.7524097668.
2019-08-01 12:47:02,124 - INFO - Beginning optimization with guess, [0.76083247 0.0607811 ].
2019-08-01 12:47:03,164 - INFO - Finished optimization with guess, [0.76083247 0.0607811 ].
2019-08-01 12:47:03,164 - INFO - Best fit parameters: [0.81272862 0.25452664].
2019-08-01 12:47:03,173 - INFO - Maximum log composite likelihood: -19.380432896.
2019-08-01 12:47:03,173 - INFO - Optimal value of theta: 51.7137010803.
2019-08-01 12:47:03,173 - INFO - Beginning optimization with guess, [0.54567992 0.13628251].
2019-08-01 12:47:03,616 - INFO - Finished optimization with guess, [0.54567992 0.13628251].
2019-08-01 12:47:03,617 - INFO - Best fit parameters: [0.81252714 0.25628199].
2019-08-01 12:47:03,626 - INFO - Maximum log composite likelihood: -19.3804321955.
2019-08-01 12:47:03,626 - INFO - Optimal value of theta: 51.7353722974.
2019-08-01 12:47:03,626 - INFO - Beginning optimization with guess, [0.32737612 0.10393407].
2019-08-01 12:47:04,225 - INFO - Finished optimization with guess, [0.32737612 0.10393407].
2019-08-01 12:47:04,226 - INFO - Best fit parameters: [0.81281043 0.2594313 ].
2019-08-01 12:47:04,234 - INFO - Maximum log composite likelihood: -19.3804312951.
2019-08-01 12:47:04,235 - INFO - Optimal value of theta: 51.758068131.
2019-08-01 12:47:04,235 - INFO - Beginning optimization with guess, [0.57839718 0.05800867].
2019-08-01 12:47:04,988 - INFO - Finished optimization with guess, [0.57839718 0.05800867].
2019-08-01 12:47:04,989 - INFO - Best fit parameters: [0.81255552 0.25652893].
2019-08-01 12:47:04,997 - INFO - Maximum log composite likelihood: -19.3804320258.
2019-08-01 12:47:04,998 - INFO - Optimal value of theta: 51.7370020959.
2019-08-01 12:47:04,998 - INFO - Beginning optimization with guess, [0.39862965 0.06846336].
2019-08-01 12:47:05,464 - INFO - Finished optimization with guess, [0.39862965 0.06846336].
2019-08-01 12:47:05,464 - INFO - Best fit parameters: [0.81039678 0.24106877].
2019-08-01 12:47:05,474 - INFO - Maximum log composite likelihood: -19.380484188.
2019-08-01 12:47:05,474 - INFO - Optimal value of theta: 51.6395007666.
2019-08-01 12:47:05,475 - INFO - Beginning optimization with guess, [0.67742588 0.12294309].
2019-08-01 12:47:05,923 - INFO - Finished optimization with guess, [0.67742588 0.12294309].
2019-08-01 12:47:05,923 - INFO - Best fit parameters: [0.81253224 0.25621697].
2019-08-01 12:47:05,932 - INFO - Maximum log composite likelihood: -19.3804322004.
2019-08-01 12:47:05,932 - INFO - Optimal value of theta: 51.7346302168.
2019-08-01 12:47:05,932 - INFO - Beginning optimization with guess, [0.46481514 0.06173499].
2019-08-01 12:47:06,389 - INFO - Finished optimization with guess, [0.46481514 0.06173499].
2019-08-01 12:47:06,389 - INFO - Best fit parameters: [0.81283921 0.26088812].
2019-08-01 12:47:06,399 - INFO - Maximum log composite likelihood: -19.3804317441.
2019-08-01 12:47:06,399 - INFO - Optimal value of theta: 51.7710319642.
2019-08-01 12:47:06,400 - INFO - Beginning optimization with guess, [0.81761585 0.06103808].
2019-08-01 12:47:06,901 - INFO - Finished optimization with guess, [0.81761585 0.06103808].
2019-08-01 12:47:06,902 - INFO - Best fit parameters: [0.81703444 0.23756432].
2019-08-01 12:47:06,911 - INFO - Maximum log composite likelihood: -19.3806575221.
2019-08-01 12:47:06,911 - INFO - Optimal value of theta: 51.4478596718.
2019-08-01 12:47:06,911 - INFO - Beginning optimization with guess, [0.27609759 0.09723056].
2019-08-01 12:47:07,587 - INFO - Finished optimization with guess, [0.27609759 0.09723056].
2019-08-01 12:47:07,587 - INFO - Best fit parameters: [0.81246752 0.25757538].
2019-08-01 12:47:07,597 - INFO - Maximum log composite likelihood: -19.3804321641.
2019-08-01 12:47:07,597 - INFO - Optimal value of theta: 51.7491286918.
2019-08-01 12:47:07,597 - INFO - Beginning optimization with guess, [0.81342346 0.08670792].
2019-08-01 12:47:08,049 - INFO - Finished optimization with guess, [0.81342346 0.08670792].
2019-08-01 12:47:08,049 - INFO - Best fit parameters: [0.81247411 0.25840307].
2019-08-01 12:47:08,059 - INFO - Maximum log composite likelihood: -19.3804321498.
2019-08-01 12:47:08,059 - INFO - Optimal value of theta: 51.7568017414.
2019-08-01 12:47:08,059 - INFO - Beginning optimization with guess, [0.91509016 0.0678916 ].
2019-08-01 12:47:08,734 - INFO - Finished optimization with guess, [0.91509016 0.0678916 ].
2019-08-01 12:47:08,734 - INFO - Best fit parameters: [0.81244608 0.2577215 ].
2019-08-01 12:47:08,744 - INFO - Maximum log composite likelihood: -19.3804322627.
2019-08-01 12:47:08,744 - INFO - Optimal value of theta: 51.7510500374.
2019-08-01 12:47:08,744 - INFO - Beginning optimization with guess, [0.74237298 0.179242  ].
2019-08-01 12:47:09,127 - INFO - Finished optimization with guess, [0.74237298 0.179242  ].
2019-08-01 12:47:09,128 - INFO - Best fit parameters: [0.81242946 0.25774684].
2019-08-01 12:47:09,137 - INFO - Maximum log composite likelihood: -19.3804323491.
2019-08-01 12:47:09,137 - INFO - Optimal value of theta: 51.7517055582.
2019-08-01 12:47:09,137 - INFO - Beginning optimization with guess, [0.42882772 0.05696564].
2019-08-01 12:47:09,578 - INFO - Finished optimization with guess, [0.42882772 0.05696564].
2019-08-01 12:47:09,579 - INFO - Best fit parameters: [0.80084649 0.18304829].
2019-08-01 12:47:09,588 - INFO - Maximum log composite likelihood: -19.3814924879.
2019-08-01 12:47:09,588 - INFO - Optimal value of theta: 51.210112276.
2019-08-01 12:47:09,588 - INFO - Beginning optimization with guess, [0.58633284 0.050945  ].
2019-08-01 12:47:10,108 - INFO - Finished optimization with guess, [0.58633284 0.050945  ].
2019-08-01 12:47:10,108 - INFO - Best fit parameters: [0.81366187 0.25523107].
2019-08-01 12:47:10,118 - INFO - Maximum log composite likelihood: -19.3804377715.
2019-08-01 12:47:10,118 - INFO - Optimal value of theta: 51.6972928933.
2019-08-01 12:47:10,118 - INFO - Beginning optimization with guess, [0.61502438 0.18714315].
2019-08-01 12:47:10,727 - INFO - Finished optimization with guess, [0.61502438 0.18714315].
2019-08-01 12:47:10,727 - INFO - Best fit parameters: [0.81244572 0.25781525].
2019-08-01 12:47:10,736 - INFO - Maximum log composite likelihood: -19.3804322629.
2019-08-01 12:47:10,736 - INFO - Optimal value of theta: 51.7519478543.
2019-08-01 12:47:10,736 - INFO - Beginning optimization with guess, [0.90416898 0.08632604].
2019-08-01 12:47:11,148 - INFO - Finished optimization with guess, [0.90416898 0.08632604].
2019-08-01 12:47:11,148 - INFO - Best fit parameters: [0.81243104 0.25770374].
2019-08-01 12:47:11,157 - INFO - Maximum log composite likelihood: -19.3804323416.
2019-08-01 12:47:11,157 - INFO - Optimal value of theta: 51.7512573022.
2019-08-01 12:47:11,157 - INFO - Beginning optimization with guess, [0.90099885 0.07408072].
2019-08-01 12:47:11,594 - INFO - Finished optimization with guess, [0.90099885 0.07408072].
2019-08-01 12:47:11,594 - INFO - Best fit parameters: [0.81243019 0.2577739 ].
2019-08-01 12:47:11,604 - INFO - Maximum log composite likelihood: -19.3804323448.
2019-08-01 12:47:11,604 - INFO - Optimal value of theta: 51.7519437074.
2019-08-01 12:47:11,604 - INFO - Beginning optimization with guess, [0.77985209 0.10938466].
2019-08-01 12:47:12,004 - INFO - Finished optimization with guess, [0.77985209 0.10938466].
2019-08-01 12:47:12,004 - INFO - Best fit parameters: [0.8124346  0.25818216].
2019-08-01 12:47:12,013 - INFO - Maximum log composite likelihood: -19.3804323357.
2019-08-01 12:47:12,013 - INFO - Optimal value of theta: 51.7557005475.
2019-08-01 12:47:12,013 - INFO - Beginning optimization with guess, [0.52781898 0.13434144].
2019-08-01 12:47:12,467 - INFO - Finished optimization with guess, [0.52781898 0.13434144].
2019-08-01 12:47:12,467 - INFO - Best fit parameters: [0.81249235 0.25629996].
2019-08-01 12:47:12,477 - INFO - Maximum log composite likelihood: -19.3804323171.
2019-08-01 12:47:12,478 - INFO - Optimal value of theta: 51.7364073993.
2019-08-01 12:47:12,478 - INFO - Beginning optimization with guess, [0.49849241 0.19195523].
2019-08-01 12:47:12,829 - INFO - Finished optimization with guess, [0.49849241 0.19195523].
2019-08-01 12:47:12,829 - INFO - Best fit parameters: [0.81242927 0.25773418].
2019-08-01 12:47:12,839 - INFO - Maximum log composite likelihood: -19.3804323503.
2019-08-01 12:47:12,839 - INFO - Optimal value of theta: 51.7515901578.
2019-08-01 12:47:12,839 - INFO - Beginning optimization with guess, [0.70903367 0.08275284].
2019-08-01 12:47:13,310 - INFO - Finished optimization with guess, [0.70903367 0.08275284].
2019-08-01 12:47:13,310 - INFO - Best fit parameters: [0.81244657 0.25747054].
2019-08-01 12:47:13,320 - INFO - Maximum log composite likelihood: -19.3804322748.
2019-08-01 12:47:13,320 - INFO - Optimal value of theta: 51.7486566897.
2019-08-01 12:47:13,321 - INFO - Beginning optimization with guess, [0.58731791 0.06869419].
2019-08-01 12:47:13,764 - INFO - Finished optimization with guess, [0.58731791 0.06869419].
2019-08-01 12:47:13,765 - INFO - Best fit parameters: [0.81242926 0.25750742].
2019-08-01 12:47:13,774 - INFO - Maximum log composite likelihood: -19.3804323604.
2019-08-01 12:47:13,774 - INFO - Optimal value of theta: 51.7494388571.
2019-08-01 12:47:13,774 - INFO - Beginning optimization with guess, [0.61220825 0.07082743].
2019-08-01 12:47:14,230 - INFO - Finished optimization with guess, [0.61220825 0.07082743].
2019-08-01 12:47:14,230 - INFO - Best fit parameters: [0.81213165 0.25420323].
2019-08-01 12:47:14,240 - INFO - Maximum log composite likelihood: -19.3804354084.
2019-08-01 12:47:14,240 - INFO - Optimal value of theta: 51.7253915388.
2019-08-01 12:47:14,240 - INFO - Beginning optimization with guess, [0.3284798  0.05714745].
2019-08-01 12:47:14,688 - INFO - Finished optimization with guess, [0.3284798  0.05714745].
2019-08-01 12:47:14,688 - INFO - Best fit parameters: [0.80017119 0.12918564].
2019-08-01 12:47:14,697 - INFO - Maximum log composite likelihood: -19.3854590374.
2019-08-01 12:47:14,698 - INFO - Optimal value of theta: 50.5018162867.
2019-08-01 12:47:14,698 - INFO - Beginning optimization with guess, [0.39910892 0.05012846].
2019-08-01 12:47:15,142 - INFO - Finished optimization with guess, [0.39910892 0.05012846].
2019-08-01 12:47:15,142 - INFO - Best fit parameters: [0.80787805 0.21472378].
2019-08-01 12:47:15,152 - INFO - Maximum log composite likelihood: -19.3807139178.
2019-08-01 12:47:15,152 - INFO - Optimal value of theta: 51.4246774222.
2019-08-01 12:47:15,153 - INFO - Beginning optimization with guess, [0.66973712 0.18052047].
2019-08-01 12:47:15,479 - INFO - Finished optimization with guess, [0.66973712 0.18052047].
2019-08-01 12:47:15,479 - INFO - Best fit parameters: [0.81240849 0.25683015].
2019-08-01 12:47:15,488 - INFO - Maximum log composite likelihood: -19.3804325677.
2019-08-01 12:47:15,488 - INFO - Optimal value of theta: 51.743516282.
2019-08-01 12:47:15,488 - INFO - Beginning optimization with guess, [0.38622761 0.10395597].
2019-08-01 12:47:16,072 - INFO - Finished optimization with guess, [0.38622761 0.10395597].
2019-08-01 12:47:16,073 - INFO - Best fit parameters: [0.81249535 0.25663213].
2019-08-01 12:47:16,083 - INFO - Maximum log composite likelihood: -19.3804322141.
2019-08-01 12:47:16,083 - INFO - Optimal value of theta: 51.7394745545.
2019-08-01 12:47:16,084 - INFO - Beginning optimization with guess, [0.9243916  0.06879398].
2019-08-01 12:47:16,540 - INFO - Finished optimization with guess, [0.9243916  0.06879398].
2019-08-01 12:47:16,540 - INFO - Best fit parameters: [0.81242958 0.25775749].
2019-08-01 12:47:16,549 - INFO - Maximum log composite likelihood: -19.3804323483.
2019-08-01 12:47:16,549 - INFO - Optimal value of theta: 51.7518033159.
2019-08-01 12:47:16,549 - INFO - Beginning optimization with guess, [0.28678739 0.15970927].
2019-08-01 12:47:17,563 - INFO - Finished optimization with guess, [0.28678739 0.15970927].
2019-08-01 12:47:17,563 - INFO - Best fit parameters: [0.81245671 0.25722232].
2019-08-01 12:47:17,572 - INFO - Maximum log composite likelihood: -19.3804322548.
2019-08-01 12:47:17,572 - INFO - Optimal value of theta: 51.7460455816.
2019-08-01 12:47:17,572 - INFO - Beginning optimization with guess, [0.60369137 0.1350823 ].
2019-08-01 12:47:18,409 - INFO - Finished optimization with guess, [0.60369137 0.1350823 ].
2019-08-01 12:47:18,409 - INFO - Best fit parameters: [0.81243395 0.25776198].
2019-08-01 12:47:18,418 - INFO - Maximum log composite likelihood: -19.380432325.
2019-08-01 12:47:18,418 - INFO - Optimal value of theta: 51.7517367359.
2019-08-01 12:47:18,419 - INFO - Beginning optimization with guess, [0.51574444 0.17385023].
2019-08-01 12:47:19,068 - INFO - Finished optimization with guess, [0.51574444 0.17385023].
2019-08-01 12:47:19,068 - INFO - Best fit parameters: [0.81249146 0.25657579].
2019-08-01 12:47:19,077 - INFO - Maximum log composite likelihood: -19.3804322433.
2019-08-01 12:47:19,077 - INFO - Optimal value of theta: 51.7390387614.
2019-08-01 12:47:19,077 - INFO - Beginning optimization with guess, [0.67019006 0.16485088].
2019-08-01 12:47:19,785 - INFO - Finished optimization with guess, [0.67019006 0.16485088].
2019-08-01 12:47:19,786 - INFO - Best fit parameters: [0.81246092 0.25755977].
2019-08-01 12:47:19,795 - INFO - Maximum log composite likelihood: -19.380432197.
2019-08-01 12:47:19,795 - INFO - Optimal value of theta: 51.7491453603.
2019-08-01 12:47:19,796 - INFO - Beginning optimization with guess, [0.97147703 0.05073303].
2019-08-01 12:47:20,216 - INFO - Finished optimization with guess, [0.97147703 0.05073303].
2019-08-01 12:47:20,217 - INFO - Best fit parameters: [0.81244769 0.25743149].
2019-08-01 12:47:20,226 - INFO - Maximum log composite likelihood: -19.3804322728.
2019-08-01 12:47:20,226 - INFO - Optimal value of theta: 51.7482579985.
2019-08-01 12:47:20,226 - INFO - Beginning optimization with guess, [0.53240936 0.09688305].
2019-08-01 12:47:20,698 - INFO - Finished optimization with guess, [0.53240936 0.09688305].
2019-08-01 12:47:20,699 - INFO - Best fit parameters: [0.81238631 0.25640665].
2019-08-01 12:47:20,708 - INFO - Maximum log composite likelihood: -19.3804327763.
2019-08-01 12:47:20,708 - INFO - Optimal value of theta: 51.7400547346.
2019-08-01 12:47:20,708 - INFO - Beginning optimization with guess, [0.27839349 0.1226251 ].
2019-08-01 12:47:21,174 - INFO - Finished optimization with guess, [0.27839349 0.1226251 ].
2019-08-01 12:47:21,174 - INFO - Best fit parameters: [0.81242827 0.25767866].
2019-08-01 12:47:21,183 - INFO - Maximum log composite likelihood: -19.380432357.
2019-08-01 12:47:21,183 - INFO - Optimal value of theta: 51.7510886104.
2019-08-01 12:47:21,183 - INFO - Beginning optimization with guess, [0.38832476 0.08605872].
2019-08-01 12:47:21,636 - INFO - Finished optimization with guess, [0.38832476 0.08605872].
2019-08-01 12:47:21,636 - INFO - Best fit parameters: [0.81233048 0.24661638].
2019-08-01 12:47:21,645 - INFO - Maximum log composite likelihood: -19.3804467526.
2019-08-01 12:47:21,645 - INFO - Optimal value of theta: 51.6473900316.
2019-08-01 12:47:21,645 - INFO - Beginning optimization with guess, [0.77125548 0.11336084].
2019-08-01 12:47:22,208 - INFO - Finished optimization with guess, [0.77125548 0.11336084].
2019-08-01 12:47:22,209 - INFO - Best fit parameters: [0.81249406 0.25747666].
2019-08-01 12:47:22,218 - INFO - Maximum log composite likelihood: -19.3804320516.
2019-08-01 12:47:22,218 - INFO - Optimal value of theta: 51.7475295932.
2019-08-01 12:47:22,219 - INFO - Finished demographic inference.
2019-08-01 12:47:22,219 - INFO - Beginning DFE inference.
2019-08-01 12:47:30,112 - INFO - Beginning optimization with guess, [  0.10741058 103.72334696].
2019-08-01 12:47:32,987 - INFO - Finished optomization, results are [-23.04865446595965 array([9.43807803e-02, 3.29464259e+03])].
2019-08-01 12:47:32,987 - INFO - Beginning optimization with guess, [8.70020848e-02 9.49992527e+01].
2019-08-01 12:47:36,601 - INFO - Finished optomization, results are [-22.94564229367277 array([9.55636158e-02, 3.65080980e+03])].
2019-08-01 12:47:36,602 - INFO - Beginning optimization with guess, [5.51768193e-02 9.96454062e+01].
2019-08-01 12:47:40,028 - INFO - Finished optomization, results are [-22.96523125460123 array([9.79369714e-02, 3.20940573e+03])].
2019-08-01 12:47:40,029 - INFO - Beginning optimization with guess, [1.75626476e-01 2.18880812e+02].
2019-08-01 12:47:45,781 - INFO - Finished optomization, results are [-22.984652952845643 array([9.60547656e-02, 3.33331243e+03])].
2019-08-01 12:47:45,781 - INFO - Beginning optimization with guess, [ 0.12434059 64.56417681].
2019-08-01 12:47:52,299 - INFO - Finished optomization, results are [-22.92072071810322 array([9.71564111e-02, 3.67785593e+03])].
2019-08-01 12:47:52,300 - INFO - Beginning optimization with guess, [ 0.12445681 99.21014887].
2019-08-01 12:47:57,253 - INFO - Finished optomization, results are [-22.9417280250305 array([9.52144048e-02, 3.73159578e+03])].
2019-08-01 12:47:57,253 - INFO - Beginning optimization with guess, [9.73967347e-02 1.21343628e+02].
2019-08-01 12:47:59,689 - INFO - Finished optomization, results are [-22.969905245462407 array([9.67384221e-02, 3.32450820e+03])].
2019-08-01 12:47:59,690 - INFO - Beginning optimization with guess, [ 0.09183395 89.96452791].
2019-08-01 12:48:02,586 - INFO - Finished optomization, results are [-22.93813481647227 array([9.76159658e-02, 3.45800355e+03])].
2019-08-01 12:48:02,586 - INFO - Beginning optimization with guess, [  0.1485169  105.91603234].
2019-08-01 12:48:04,888 - INFO - Finished optomization, results are [-22.960615149700864 array([1.00100701e-01, 3.06541559e+03])].
2019-08-01 12:48:04,889 - INFO - Beginning optimization with guess, [5.23426714e-02 1.99541635e+02].
2019-08-01 12:48:07,099 - INFO - Finished optomization, results are [-22.987392622255854 array([9.49834210e-02, 3.48269313e+03])].
2019-08-01 12:48:07,099 - INFO - Beginning optimization with guess, [5.41977246e-02 7.42614906e+01].
2019-08-01 12:48:09,688 - INFO - Finished optomization, results are [-22.957728938638436 array([9.67614269e-02, 3.40103600e+03])].
2019-08-01 12:48:09,688 - INFO - Beginning optimization with guess, [1.25173535e-01 1.61684698e+02].
2019-08-01 12:48:13,117 - INFO - Finished optomization, results are [-22.995420806255893 array([9.44392366e-02, 3.53057591e+03])].
2019-08-01 12:48:13,118 - INFO - Beginning optimization with guess, [5.18550306e-02 1.40168176e+02].
2019-08-01 12:48:16,298 - INFO - Finished optomization, results are [-22.983744260624086 array([9.54141113e-02, 3.43440359e+03])].
2019-08-01 12:48:16,298 - INFO - Beginning optimization with guess, [ 0.15807934 62.76933088].
2019-08-01 12:48:19,047 - INFO - Finished optomization, results are [-22.94815544723035 array([9.49115023e-02, 3.73321753e+03])].
2019-08-01 12:48:19,047 - INFO - Beginning optimization with guess, [ 0.11376473 67.69375766].
2019-08-01 12:48:21,892 - INFO - Finished optomization, results are [-22.95047526528608 array([1.00607371e-01, 3.18929083e+03])].
2019-08-01 12:48:21,893 - INFO - Beginning optimization with guess, [6.55698181e-02 2.36938376e+02].
2019-08-01 12:48:24,682 - INFO - Finished optomization, results are [-22.98807568519816 array([9.41411914e-02, 3.62099901e+03])].
2019-08-01 12:48:24,682 - INFO - Beginning optimization with guess, [1.13228577e-01 1.15128089e+02].
2019-08-01 12:48:28,710 - INFO - Finished optomization, results are [-23.024870845890263 array([9.28825634e-02, 3.66904693e+03])].
2019-08-01 12:48:28,710 - INFO - Beginning optimization with guess, [ 0.17904832 86.34496495].
2019-08-01 12:48:30,990 - INFO - Finished optomization, results are [-22.9379055440466 array([9.87572227e-02, 3.37505554e+03])].
2019-08-01 12:48:30,991 - INFO - Beginning optimization with guess, [ 0.11262824 67.38973539].
2019-08-01 12:48:33,631 - INFO - Finished optomization, results are [-22.95866788092959 array([9.70218831e-02, 3.36169665e+03])].
2019-08-01 12:48:33,632 - INFO - Beginning optimization with guess, [1.27069676e-01 1.27087026e+02].
2019-08-01 12:48:36,558 - INFO - Finished optomization, results are [-22.993822689342117 array([9.3919605e-02, 3.6296488e+03])].
2019-08-01 12:48:36,559 - INFO - Beginning optimization with guess, [6.59182233e-02 1.30269292e+02].
2019-08-01 12:48:38,673 - INFO - Finished optomization, results are [-22.976582401239966 array([9.64950754e-02, 3.31702187e+03])].
2019-08-01 12:48:38,674 - INFO - Beginning optimization with guess, [ 0.12929282 76.46666044].
2019-08-01 12:48:40,984 - INFO - Finished optomization, results are [-22.927039015868687 array([9.77134568e-02, 3.56319436e+03])].
2019-08-01 12:48:40,985 - INFO - Beginning optimization with guess, [8.75343235e-02 1.81844861e+02].
2019-08-01 12:48:46,100 - INFO - Finished optomization, results are [-22.984180952606337 array([9.36431378e-02, 3.73184966e+03])].
2019-08-01 12:48:46,101 - INFO - Beginning optimization with guess, [7.12051574e-02 1.37904817e+02].
2019-08-01 12:48:48,698 - INFO - Finished optomization, results are [-22.9945422652103 array([9.50936174e-02, 3.42708431e+03])].
2019-08-01 12:48:48,699 - INFO - Beginning optimization with guess, [ 0.12690678 78.49919417].
2019-08-01 12:48:52,362 - INFO - Finished optomization, results are [-22.9296618046028 array([9.80578850e-02, 3.51004034e+03])].
2019-08-01 12:48:52,362 - INFO - Beginning optimization with guess, [5.45779469e-02 1.34942181e+02].
2019-08-01 12:48:54,697 - INFO - Finished optomization, results are [-22.98564344106748 array([9.62291152e-02, 3.30278532e+03])].
2019-08-01 12:48:54,698 - INFO - Beginning optimization with guess, [5.66727699e-02 8.63134097e+01].
2019-08-01 12:48:58,917 - INFO - Finished optomization, results are [-22.944327699975823 array([9.71500956e-02, 3.45344552e+03])].
2019-08-01 12:48:58,918 - INFO - Beginning optimization with guess, [7.14731206e-02 1.25911198e+02].
2019-08-01 12:49:04,553 - INFO - Finished optomization, results are [-22.9531826164389 array([9.47082806e-02, 3.73216746e+03])].
2019-08-01 12:49:04,553 - INFO - Beginning optimization with guess, [ 0.11166852 85.82518751].
2019-08-01 12:49:07,451 - INFO - Finished optomization, results are [-22.955815998361718 array([9.90993874e-02, 3.17237585e+03])].
2019-08-01 12:49:07,452 - INFO - Beginning optimization with guess, [  0.1762747  153.43605864].
2019-08-01 12:49:09,436 - INFO - Finished optomization, results are [-22.97565449609071 array([9.62547290e-02, 3.35593648e+03])].
2019-08-01 12:49:09,437 - INFO - Beginning optimization with guess, [8.66591403e-02 1.67816414e+02].
2019-08-01 12:49:13,520 - INFO - Finished optomization, results are [-22.979242455922112 array([9.44895486e-02, 3.60958986e+03])].
2019-08-01 12:49:13,521 - INFO - Beginning optimization with guess, [  0.12994508 105.52803652].
2019-08-01 12:49:16,185 - INFO - Finished optomization, results are [-22.95958842600605 array([9.58157920e-02, 3.51831446e+03])].
2019-08-01 12:49:16,186 - INFO - Beginning optimization with guess, [ 0.11189376 95.74285549].
2019-08-01 12:49:18,353 - INFO - Finished optomization, results are [-22.996141787730494 array([9.57685352e-02, 3.31428337e+03])].
2019-08-01 12:49:18,353 - INFO - Beginning optimization with guess, [8.84611715e-02 1.07021444e+02].
2019-08-01 12:49:23,992 - INFO - Finished optomization, results are [-22.934305541641677 array([9.60895436e-02, 3.66478177e+03])].
2019-08-01 12:49:23,993 - INFO - Beginning optimization with guess, [7.19523634e-02 1.14509175e+02].
2019-08-01 12:49:26,684 - INFO - Finished optomization, results are [-22.95357615592161 array([9.64733400e-02, 3.46744409e+03])].
2019-08-01 12:49:26,684 - INFO - Beginning optimization with guess, [ 0.09250564 71.36694336].
2019-08-01 12:49:28,889 - INFO - Finished optomization, results are [-22.986434414417744 array([9.74703912e-02, 3.13294792e+03])].
2019-08-01 12:49:28,889 - INFO - Beginning optimization with guess, [4.93337064e-02 1.77761716e+02].
2019-08-01 12:49:32,936 - INFO - Finished optomization, results are [-22.96700681717978 array([9.44032936e-02, 3.69585078e+03])].
2019-08-01 12:49:32,937 - INFO - Beginning optimization with guess, [ 0.1607917  62.48391725].
2019-08-01 12:49:34,988 - INFO - Finished optomization, results are [-22.984201166608646 array([9.71552722e-02, 3.18535547e+03])].
2019-08-01 12:49:34,988 - INFO - Beginning optimization with guess, [ 0.14970306 90.82776405].
2019-08-01 12:49:37,707 - INFO - Finished optomization, results are [-22.932042892184757 array([9.77001812e-02, 3.50996129e+03])].
2019-08-01 12:49:37,708 - INFO - Beginning optimization with guess, [5.36006172e-02 1.63620156e+02].
2019-08-01 12:49:44,895 - INFO - Finished optomization, results are [-22.97401601669685 array([9.39726981e-02, 3.72963521e+03])].
2019-08-01 12:49:44,895 - INFO - Beginning optimization with guess, [7.40831388e-02 8.15388608e+01].
2019-08-01 12:49:47,214 - INFO - Finished optomization, results are [-22.95057150134633 array([9.95995022e-02, 3.19294497e+03])].
2019-08-01 12:49:47,214 - INFO - Beginning optimization with guess, [5.39914899e-02 2.27053358e+02].
2019-08-01 12:49:53,024 - INFO - Finished optomization, results are [-23.00007210300639 array([9.32064662e-02, 3.72886781e+03])].
2019-08-01 12:49:53,026 - INFO - Beginning optimization with guess, [1.69450022e-01 1.91066164e+02].
2019-08-01 12:49:55,387 - INFO - Finished optomization, results are [-22.945958621659575 array([9.59345527e-02, 3.59532541e+03])].
2019-08-01 12:49:55,387 - INFO - Beginning optimization with guess, [1.25547319e-01 1.59107208e+02].
2019-08-01 12:49:58,172 - INFO - Finished optomization, results are [-22.983498337261743 array([9.37059782e-02, 3.72408523e+03])].
2019-08-01 12:49:58,172 - INFO - Beginning optimization with guess, [1.01650388e-01 1.35623691e+02].
2019-08-01 12:50:00,138 - INFO - Finished optomization, results are [-23.009160370303753 array([9.50865271e-02, 3.35501136e+03])].
2019-08-01 12:50:00,139 - INFO - Beginning optimization with guess, [9.3055987e-02 1.5775734e+02].
2019-08-01 12:50:03,519 - INFO - Finished optomization, results are [-22.97987296908929 array([9.42008015e-02, 3.65578716e+03])].
2019-08-01 12:50:03,519 - INFO - Beginning optimization with guess, [5.13903085e-02 1.83511676e+02].
2019-08-01 12:50:06,032 - INFO - Finished optomization, results are [-23.01663752923168 array([9.53073987e-02, 3.28470177e+03])].
2019-08-01 12:50:06,032 - INFO - Beginning optimization with guess, [7.26533651e-02 1.71519456e+02].
2019-08-01 12:50:09,711 - INFO - Finished optomization, results are [-22.977305404713512 array([9.41389635e-02, 3.68119069e+03])].
2019-08-01 12:50:09,711 - INFO - Beginning optimization with guess, [1.39747147e-01 1.72035051e+02].
2019-08-01 12:50:12,525 - INFO - Finished optomization, results are [-22.95763903250547 array([9.47735751e-02, 3.69227914e+03])].
2019-08-01 12:50:12,526 - INFO - Beginning optimization with guess, [5.25695360e-02 9.46720617e+01].
2019-08-01 12:50:15,012 - INFO - Finished optomization, results are [-22.961743348169684 array([9.47094609e-02, 3.67673724e+03])].
2019-08-01 12:50:15,012 - INFO - Finished DFE inference.
2019-08-01 12:50:15,012 - INFO - Integrating expected site-frequency spectrum.
2019-08-01 12:50:15,030 - INFO - Outputing results.
2019-08-01 12:50:15,038 - INFO - Pipeline executed succesfully.
