2019-08-01 09:08:48,623 - INFO - Beginning execution of fitdadi_infer_DFE.py in directory /u/home/j/jonmah/lohmueller_lab/Scripts

2019-08-01 09:08:48,623 - INFO - Progress is being logged to ../Data/AW_array_2000/seed_18_fitdadi_output/log.log

2019-08-01 09:08:48,623 - INFO - Parsed the following arguments:
	breed = AW
	outprefix = ../Data/AW_array_2000/seed_18_fitdadi_output/
	nonsyn_input_sfs = ../Data/AW_array_2000/seed_18_easySFS_output_nonsyn/dadi/pop1.sfs
	syn_input_sfs = ../Data/AW_array_2000/seed_18_easySFS_output_syn/dadi/pop1.sfs

2019-08-01 09:08:48,628 - INFO - Beginning optimization with guess, [0.30425182 0.14084359].
2019-08-01 09:08:50,223 - INFO - Finished optimization with guess, [0.30425182 0.14084359].
2019-08-01 09:08:50,224 - INFO - Best fit parameters: [1.88407124 2.58615155].
2019-08-01 09:08:50,236 - INFO - Maximum log composite likelihood: -21.4367515428.
2019-08-01 09:08:50,236 - INFO - Optimal value of theta: 32.1859586545.
2019-08-01 09:08:50,236 - INFO - Beginning optimization with guess, [0.34548598 0.08002758].
2019-08-01 09:08:50,935 - INFO - Finished optimization with guess, [0.34548598 0.08002758].
2019-08-01 09:08:50,935 - INFO - Best fit parameters: [0.18423046 0.00035581].
2019-08-01 09:08:50,942 - INFO - Maximum log composite likelihood: -21.6724715103.
2019-08-01 09:08:50,942 - INFO - Optimal value of theta: 55.0749786977.
2019-08-01 09:08:50,943 - INFO - Beginning optimization with guess, [0.55126813 0.08188115].
2019-08-01 09:08:51,930 - INFO - Finished optimization with guess, [0.55126813 0.08188115].
2019-08-01 09:08:51,931 - INFO - Best fit parameters: [1.87728331 2.56998131].
2019-08-01 09:08:51,943 - INFO - Maximum log composite likelihood: -21.4367617075.
2019-08-01 09:08:51,943 - INFO - Optimal value of theta: 32.3008043518.
2019-08-01 09:08:51,943 - INFO - Beginning optimization with guess, [0.72641894 0.1509079 ].
2019-08-01 09:08:52,979 - INFO - Finished optimization with guess, [0.72641894 0.1509079 ].
2019-08-01 09:08:52,979 - INFO - Best fit parameters: [1.87766954 2.57199318].
2019-08-01 09:08:52,991 - INFO - Maximum log composite likelihood: -21.4367611009.
2019-08-01 09:08:52,991 - INFO - Optimal value of theta: 32.2922755579.
2019-08-01 09:08:52,991 - INFO - Beginning optimization with guess, [0.31711986 0.05478573].
2019-08-01 09:08:53,726 - INFO - Finished optimization with guess, [0.31711986 0.05478573].
2019-08-01 09:08:53,727 - INFO - Best fit parameters: [1.00000000e-04 1.58743417e-07].
2019-08-01 09:08:53,733 - INFO - Maximum log composite likelihood: -21.6724195861.
2019-08-01 09:08:53,734 - INFO - Optimal value of theta: 55.0770081232.
2019-08-01 09:08:53,734 - INFO - Beginning optimization with guess, [0.25279968 0.06514932].
2019-08-01 09:08:54,433 - INFO - Finished optimization with guess, [0.25279968 0.06514932].
2019-08-01 09:08:54,433 - INFO - Best fit parameters: [5.18816052e-03 8.09536125e-06].
2019-08-01 09:08:54,440 - INFO - Maximum log composite likelihood: -21.6724221459.
2019-08-01 09:08:54,440 - INFO - Optimal value of theta: 55.0724442038.
2019-08-01 09:08:54,441 - INFO - Beginning optimization with guess, [0.31827424 0.09867483].
2019-08-01 09:08:55,165 - INFO - Finished optimization with guess, [0.31827424 0.09867483].
2019-08-01 09:08:55,165 - INFO - Best fit parameters: [0.32149129 0.00068372].
2019-08-01 09:08:55,172 - INFO - Maximum log composite likelihood: -21.6725393974.
2019-08-01 09:08:55,173 - INFO - Optimal value of theta: 55.0573577056.
2019-08-01 09:08:55,173 - INFO - Beginning optimization with guess, [0.49819861 0.10008208].
2019-08-01 09:08:56,162 - INFO - Finished optimization with guess, [0.49819861 0.10008208].
2019-08-01 09:08:56,162 - INFO - Best fit parameters: [1.87309161 2.5601562 ].
2019-08-01 09:08:56,174 - INFO - Maximum log composite likelihood: -21.4367681865.
2019-08-01 09:08:56,174 - INFO - Optimal value of theta: 32.3718151786.
2019-08-01 09:08:56,174 - INFO - Beginning optimization with guess, [0.81455767 0.12593529].
2019-08-01 09:08:57,362 - INFO - Finished optimization with guess, [0.81455767 0.12593529].
2019-08-01 09:08:57,362 - INFO - Best fit parameters: [1.88539212 2.58824339].
2019-08-01 09:08:57,374 - INFO - Maximum log composite likelihood: -21.4367499419.
2019-08-01 09:08:57,374 - INFO - Optimal value of theta: 32.1655899984.
2019-08-01 09:08:57,375 - INFO - Beginning optimization with guess, [0.52216534 0.07254597].
2019-08-01 09:08:58,345 - INFO - Finished optimization with guess, [0.52216534 0.07254597].
2019-08-01 09:08:58,345 - INFO - Best fit parameters: [1.70638497 2.14875567].
2019-08-01 09:08:58,357 - INFO - Maximum log composite likelihood: -21.4371964653.
2019-08-01 09:08:58,357 - INFO - Optimal value of theta: 35.4930581431.
2019-08-01 09:08:58,357 - INFO - Beginning optimization with guess, [0.38033465 0.05622078].
2019-08-01 09:08:59,054 - INFO - Finished optimization with guess, [0.38033465 0.05622078].
2019-08-01 09:08:59,054 - INFO - Best fit parameters: [4.08899013e-02 6.71034888e-05].
2019-08-01 09:08:59,061 - INFO - Maximum log composite likelihood: -21.6724293138.
2019-08-01 09:08:59,061 - INFO - Optimal value of theta: 55.0751844406.
2019-08-01 09:08:59,061 - INFO - Beginning optimization with guess, [0.77378829 0.15277894].
2019-08-01 09:09:00,113 - INFO - Finished optimization with guess, [0.77378829 0.15277894].
2019-08-01 09:09:00,114 - INFO - Best fit parameters: [1.84113765 2.49911545].
2019-08-01 09:09:00,125 - INFO - Maximum log composite likelihood: -21.4368528216.
2019-08-01 09:09:00,126 - INFO - Optimal value of theta: 32.8970100286.
2019-08-01 09:09:00,126 - INFO - Beginning optimization with guess, [0.33060724 0.11963194].
2019-08-01 09:09:00,909 - INFO - Finished optimization with guess, [0.33060724 0.11963194].
2019-08-01 09:09:00,909 - INFO - Best fit parameters: [1.72822633 2.19319557].
2019-08-01 09:09:00,920 - INFO - Maximum log composite likelihood: -21.4371015091.
2019-08-01 09:09:00,921 - INFO - Optimal value of theta: 35.0734925893.
2019-08-01 09:09:00,921 - INFO - Beginning optimization with guess, [0.7284896  0.06399232].
2019-08-01 09:09:01,916 - INFO - Finished optimization with guess, [0.7284896  0.06399232].
2019-08-01 09:09:01,916 - INFO - Best fit parameters: [1.86280599 2.5318876 ].
2019-08-01 09:09:01,928 - INFO - Maximum log composite likelihood: -21.4367852813.
2019-08-01 09:09:01,928 - INFO - Optimal value of theta: 32.5549356134.
2019-08-01 09:09:01,928 - INFO - Beginning optimization with guess, [0.52952632 0.12483611].
2019-08-01 09:09:03,093 - INFO - Finished optimization with guess, [0.52952632 0.12483611].
2019-08-01 09:09:03,094 - INFO - Best fit parameters: [1.87960053 2.57531299].
2019-08-01 09:09:03,106 - INFO - Maximum log composite likelihood: -21.4367582116.
2019-08-01 09:09:03,106 - INFO - Optimal value of theta: 32.2618510202.
2019-08-01 09:09:03,106 - INFO - Beginning optimization with guess, [0.6512598  0.18645094].
2019-08-01 09:09:04,590 - INFO - Finished optimization with guess, [0.6512598  0.18645094].
2019-08-01 09:09:04,590 - INFO - Best fit parameters: [1.89452242 2.61067947].
2019-08-01 09:09:04,602 - INFO - Maximum log composite likelihood: -21.4367367594.
2019-08-01 09:09:04,602 - INFO - Optimal value of theta: 32.011265919.
2019-08-01 09:09:04,602 - INFO - Beginning optimization with guess, [0.77982208 0.07394936].
2019-08-01 09:09:05,336 - INFO - Finished optimization with guess, [0.77982208 0.07394936].
2019-08-01 09:09:05,337 - INFO - Best fit parameters: [1.3920309  1.20908346].
2019-08-01 09:09:05,346 - INFO - Maximum log composite likelihood: -21.4423638854.
2019-08-01 09:09:05,347 - INFO - Optimal value of theta: 43.5405049304.
2019-08-01 09:09:05,347 - INFO - Beginning optimization with guess, [0.58636974 0.1694022 ].
2019-08-01 09:09:06,409 - INFO - Finished optimization with guess, [0.58636974 0.1694022 ].
2019-08-01 09:09:06,410 - INFO - Best fit parameters: [1.88423669 2.5870445 ].
2019-08-01 09:09:06,422 - INFO - Maximum log composite likelihood: -21.4367512086.
2019-08-01 09:09:06,422 - INFO - Optimal value of theta: 32.1822721529.
2019-08-01 09:09:06,422 - INFO - Beginning optimization with guess, [0.28470369 0.14925915].
2019-08-01 09:09:07,848 - INFO - Finished optimization with guess, [0.28470369 0.14925915].
2019-08-01 09:09:07,848 - INFO - Best fit parameters: [1.88030907 2.57676006].
2019-08-01 09:09:07,860 - INFO - Maximum log composite likelihood: -21.4367571965.
2019-08-01 09:09:07,860 - INFO - Optimal value of theta: 32.2502885369.
2019-08-01 09:09:07,861 - INFO - Beginning optimization with guess, [0.49315436 0.05196351].
2019-08-01 09:09:08,558 - INFO - Finished optimization with guess, [0.49315436 0.05196351].
2019-08-01 09:09:08,558 - INFO - Best fit parameters: [0.3599247  0.00080098].
2019-08-01 09:09:08,565 - INFO - Maximum log composite likelihood: -21.6725622837.
2019-08-01 09:09:08,565 - INFO - Optimal value of theta: 55.0548047753.
2019-08-01 09:09:08,566 - INFO - Beginning optimization with guess, [0.83066761 0.10353214].
2019-08-01 09:09:09,832 - INFO - Finished optimization with guess, [0.83066761 0.10353214].
2019-08-01 09:09:09,832 - INFO - Best fit parameters: [1.8882875  2.59772553].
2019-08-01 09:09:09,844 - INFO - Maximum log composite likelihood: -21.4367451971.
2019-08-01 09:09:09,844 - INFO - Optimal value of theta: 32.1122725173.
2019-08-01 09:09:09,844 - INFO - Beginning optimization with guess, [0.64877735 0.15663289].
2019-08-01 09:09:11,014 - INFO - Finished optimization with guess, [0.64877735 0.15663289].
2019-08-01 09:09:11,015 - INFO - Best fit parameters: [1.868751   2.55106123].
2019-08-01 09:09:11,027 - INFO - Maximum log composite likelihood: -21.4367753215.
2019-08-01 09:09:11,027 - INFO - Optimal value of theta: 32.443690419.
2019-08-01 09:09:11,027 - INFO - Beginning optimization with guess, [0.96160745 0.10888883].
2019-08-01 09:09:12,547 - INFO - Finished optimization with guess, [0.96160745 0.10888883].
2019-08-01 09:09:12,547 - INFO - Best fit parameters: [1.88717153 2.5938082 ].
2019-08-01 09:09:12,559 - INFO - Maximum log composite likelihood: -21.4367469497.
2019-08-01 09:09:12,560 - INFO - Optimal value of theta: 32.1332687252.
2019-08-01 09:09:12,560 - INFO - Beginning optimization with guess, [0.33115353 0.14588109].
2019-08-01 09:09:13,723 - INFO - Finished optimization with guess, [0.33115353 0.14588109].
2019-08-01 09:09:13,723 - INFO - Best fit parameters: [1.87874469 2.573077  ].
2019-08-01 09:09:13,735 - INFO - Maximum log composite likelihood: -21.4367595363.
2019-08-01 09:09:13,736 - INFO - Optimal value of theta: 32.2767090672.
2019-08-01 09:09:13,736 - INFO - Beginning optimization with guess, [0.64656243 0.13664757].
2019-08-01 09:09:14,742 - INFO - Finished optimization with guess, [0.64656243 0.13664757].
2019-08-01 09:09:14,742 - INFO - Best fit parameters: [1.88546476 2.59712916].
2019-08-01 09:09:14,754 - INFO - Maximum log composite likelihood: -21.4367525722.
2019-08-01 09:09:14,754 - INFO - Optimal value of theta: 32.1487762799.
2019-08-01 09:09:14,755 - INFO - Beginning optimization with guess, [0.71499024 0.05154414].
2019-08-01 09:09:16,126 - INFO - Finished optimization with guess, [0.71499024 0.05154414].
2019-08-01 09:09:16,127 - INFO - Best fit parameters: [1.88814075 2.59674147].
2019-08-01 09:09:16,139 - INFO - Maximum log composite likelihood: -21.4367454494.
2019-08-01 09:09:16,139 - INFO - Optimal value of theta: 32.1158683913.
2019-08-01 09:09:16,140 - INFO - Beginning optimization with guess, [0.44622017 0.13295382].
2019-08-01 09:09:17,341 - INFO - Finished optimization with guess, [0.44622017 0.13295382].
2019-08-01 09:09:17,342 - INFO - Best fit parameters: [1.88541888 2.58946786].
2019-08-01 09:09:17,354 - INFO - Maximum log composite likelihood: -21.4367495349.
2019-08-01 09:09:17,354 - INFO - Optimal value of theta: 32.163055553.
2019-08-01 09:09:17,354 - INFO - Beginning optimization with guess, [0.50856889 0.13134455].
2019-08-01 09:09:18,350 - INFO - Finished optimization with guess, [0.50856889 0.13134455].
2019-08-01 09:09:18,350 - INFO - Best fit parameters: [1.88427106 2.58663171].
2019-08-01 09:09:18,362 - INFO - Maximum log composite likelihood: -21.4367512463.
2019-08-01 09:09:18,362 - INFO - Optimal value of theta: 32.1825814207.
2019-08-01 09:09:18,363 - INFO - Beginning optimization with guess, [0.25339523 0.09984706].
2019-08-01 09:09:19,069 - INFO - Finished optimization with guess, [0.25339523 0.09984706].
2019-08-01 09:09:19,069 - INFO - Best fit parameters: [0.27171108 0.00056612].
2019-08-01 09:09:19,076 - INFO - Maximum log composite likelihood: -21.6725068883.
2019-08-01 09:09:19,076 - INFO - Optimal value of theta: 55.0671580433.
2019-08-01 09:09:19,076 - INFO - Beginning optimization with guess, [0.60197228 0.12075456].
2019-08-01 09:09:20,255 - INFO - Finished optimization with guess, [0.60197228 0.12075456].
2019-08-01 09:09:20,255 - INFO - Best fit parameters: [1.88426831 2.58681476].
2019-08-01 09:09:20,267 - INFO - Maximum log composite likelihood: -21.4367512114.
2019-08-01 09:09:20,267 - INFO - Optimal value of theta: 32.1822870787.
2019-08-01 09:09:20,267 - INFO - Beginning optimization with guess, [0.7735739  0.05410184].
2019-08-01 09:09:20,905 - INFO - Finished optimization with guess, [0.7735739  0.05410184].
2019-08-01 09:09:20,906 - INFO - Best fit parameters: [1.30913502 0.91206358].
2019-08-01 09:09:20,915 - INFO - Maximum log composite likelihood: -21.4506115503.
2019-08-01 09:09:20,915 - INFO - Optimal value of theta: 46.2934742586.
2019-08-01 09:09:20,915 - INFO - Beginning optimization with guess, [0.36830745 0.10735985].
2019-08-01 09:09:21,839 - INFO - Finished optimization with guess, [0.36830745 0.10735985].
2019-08-01 09:09:21,839 - INFO - Best fit parameters: [1.878832   2.57311297].
2019-08-01 09:09:21,851 - INFO - Maximum log composite likelihood: -21.4367594393.
2019-08-01 09:09:21,851 - INFO - Optimal value of theta: 32.2755396879.
2019-08-01 09:09:21,851 - INFO - Beginning optimization with guess, [0.72036891 0.14347523].
2019-08-01 09:09:23,057 - INFO - Finished optimization with guess, [0.72036891 0.14347523].
2019-08-01 09:09:23,058 - INFO - Best fit parameters: [1.88107505 2.57921344].
2019-08-01 09:09:23,071 - INFO - Maximum log composite likelihood: -21.4367559513.
2019-08-01 09:09:23,072 - INFO - Optimal value of theta: 32.2361981797.
2019-08-01 09:09:23,072 - INFO - Beginning optimization with guess, [0.28311788 0.14022406].
2019-08-01 09:09:24,228 - INFO - Finished optimization with guess, [0.28311788 0.14022406].
2019-08-01 09:09:24,228 - INFO - Best fit parameters: [1.85073124 2.51319371].
2019-08-01 09:09:24,240 - INFO - Maximum log composite likelihood: -21.4368119113.
2019-08-01 09:09:24,240 - INFO - Optimal value of theta: 32.7454903061.
2019-08-01 09:09:24,240 - INFO - Beginning optimization with guess, [0.58315286 0.14235981].
2019-08-01 09:09:25,785 - INFO - Finished optimization with guess, [0.58315286 0.14235981].
2019-08-01 09:09:25,785 - INFO - Best fit parameters: [1.9146084  2.67740703].
2019-08-01 09:09:25,797 - INFO - Maximum log composite likelihood: -21.4367255519.
2019-08-01 09:09:25,798 - INFO - Optimal value of theta: 31.6465216131.
2019-08-01 09:09:25,798 - INFO - Beginning optimization with guess, [0.25944007 0.07114798].
2019-08-01 09:09:26,498 - INFO - Finished optimization with guess, [0.25944007 0.07114798].
2019-08-01 09:09:26,502 - INFO - Best fit parameters: [0.06585562 0.00011063].
2019-08-01 09:09:26,508 - INFO - Maximum log composite likelihood: -21.6724356955.
2019-08-01 09:09:26,508 - INFO - Optimal value of theta: 55.0745074663.
2019-08-01 09:09:26,508 - INFO - Beginning optimization with guess, [0.32212609 0.12488166].
2019-08-01 09:09:27,696 - INFO - Finished optimization with guess, [0.32212609 0.12488166].
2019-08-01 09:09:27,696 - INFO - Best fit parameters: [1.8859092 2.5908271].
2019-08-01 09:09:27,708 - INFO - Maximum log composite likelihood: -21.4367487785.
2019-08-01 09:09:27,708 - INFO - Optimal value of theta: 32.1544568863.
2019-08-01 09:09:27,708 - INFO - Beginning optimization with guess, [0.47072886 0.08582872].
2019-08-01 09:09:29,125 - INFO - Finished optimization with guess, [0.47072886 0.08582872].
2019-08-01 09:09:29,125 - INFO - Best fit parameters: [1.86601182 2.53999967].
2019-08-01 09:09:29,137 - INFO - Maximum log composite likelihood: -21.43677999.
2019-08-01 09:09:29,137 - INFO - Optimal value of theta: 32.498931281.
2019-08-01 09:09:29,137 - INFO - Beginning optimization with guess, [0.8794758  0.16421575].
2019-08-01 09:09:29,798 - INFO - Finished optimization with guess, [0.8794758  0.16421575].
2019-08-01 09:09:29,798 - INFO - Best fit parameters: [1.64320014 1.97308641].
2019-08-01 09:09:29,809 - INFO - Maximum log composite likelihood: -21.4374714857.
2019-08-01 09:09:29,809 - INFO - Optimal value of theta: 36.8675605971.
2019-08-01 09:09:29,810 - INFO - Beginning optimization with guess, [0.36974162 0.15257213].
2019-08-01 09:09:30,674 - INFO - Finished optimization with guess, [0.36974162 0.15257213].
2019-08-01 09:09:30,674 - INFO - Best fit parameters: [1.87548039 2.56708133].
2019-08-01 09:09:30,686 - INFO - Maximum log composite likelihood: -21.4367645564.
2019-08-01 09:09:30,686 - INFO - Optimal value of theta: 32.3289131072.
2019-08-01 09:09:30,686 - INFO - Beginning optimization with guess, [0.64425114 0.09206474].
2019-08-01 09:09:31,689 - INFO - Finished optimization with guess, [0.64425114 0.09206474].
2019-08-01 09:09:31,689 - INFO - Best fit parameters: [1.87755866 2.57224906].
2019-08-01 09:09:31,701 - INFO - Maximum log composite likelihood: -21.4367613381.
2019-08-01 09:09:31,701 - INFO - Optimal value of theta: 32.2932180062.
2019-08-01 09:09:31,701 - INFO - Beginning optimization with guess, [0.64023662 0.05587949].
2019-08-01 09:09:32,158 - INFO - Finished optimization with guess, [0.64023662 0.05587949].
2019-08-01 09:09:32,158 - INFO - Best fit parameters: [1.00217501 0.03996404].
2019-08-01 09:09:32,165 - INFO - Maximum log composite likelihood: -21.6753076212.
2019-08-01 09:09:32,166 - INFO - Optimal value of theta: 54.8592675581.
2019-08-01 09:09:32,166 - INFO - Beginning optimization with guess, [0.30209166 0.14241901].
2019-08-01 09:09:33,332 - INFO - Finished optimization with guess, [0.30209166 0.14241901].
2019-08-01 09:09:33,334 - INFO - Best fit parameters: [1.8851883  2.58899521].
2019-08-01 09:09:33,346 - INFO - Maximum log composite likelihood: -21.436749857.
2019-08-01 09:09:33,346 - INFO - Optimal value of theta: 32.1668018428.
2019-08-01 09:09:33,347 - INFO - Beginning optimization with guess, [0.26442804 0.11573294].
2019-08-01 09:09:34,384 - INFO - Finished optimization with guess, [0.26442804 0.11573294].
2019-08-01 09:09:34,384 - INFO - Best fit parameters: [1.88047403 2.57664304].
2019-08-01 09:09:34,396 - INFO - Maximum log composite likelihood: -21.4367570834.
2019-08-01 09:09:34,397 - INFO - Optimal value of theta: 32.2484157301.
2019-08-01 09:09:34,397 - INFO - Beginning optimization with guess, [0.8877726  0.16009239].
2019-08-01 09:09:35,329 - INFO - Finished optimization with guess, [0.8877726  0.16009239].
2019-08-01 09:09:35,330 - INFO - Best fit parameters: [1.88435573 2.58687619].
2019-08-01 09:09:35,342 - INFO - Maximum log composite likelihood: -21.4367511118.
2019-08-01 09:09:35,342 - INFO - Optimal value of theta: 32.1810768768.
2019-08-01 09:09:35,342 - INFO - Beginning optimization with guess, [0.48605558 0.08432586].
2019-08-01 09:09:36,309 - INFO - Finished optimization with guess, [0.48605558 0.08432586].
2019-08-01 09:09:36,309 - INFO - Best fit parameters: [1.8335892  2.46591041].
2019-08-01 09:09:36,321 - INFO - Maximum log composite likelihood: -21.4368381374.
2019-08-01 09:09:36,322 - INFO - Optimal value of theta: 33.0586564611.
2019-08-01 09:09:36,322 - INFO - Beginning optimization with guess, [0.40912646 0.0904517 ].
2019-08-01 09:09:37,209 - INFO - Finished optimization with guess, [0.40912646 0.0904517 ].
2019-08-01 09:09:37,209 - INFO - Best fit parameters: [1.59220054 1.83349111].
2019-08-01 09:09:37,220 - INFO - Maximum log composite likelihood: -21.4378107913.
2019-08-01 09:09:37,220 - INFO - Optimal value of theta: 38.0412812941.
2019-08-01 09:09:37,220 - INFO - Beginning optimization with guess, [0.35134246 0.12698337].
2019-08-01 09:09:38,713 - INFO - Finished optimization with guess, [0.35134246 0.12698337].
2019-08-01 09:09:38,713 - INFO - Best fit parameters: [1.87880576 2.57158545].
2019-08-01 09:09:38,725 - INFO - Maximum log composite likelihood: -21.4367599824.
2019-08-01 09:09:38,725 - INFO - Optimal value of theta: 32.2786330147.
2019-08-01 09:09:38,725 - INFO - Beginning optimization with guess, [0.68374271 0.08475884].
2019-08-01 09:09:40,053 - INFO - Finished optimization with guess, [0.68374271 0.08475884].
2019-08-01 09:09:40,053 - INFO - Best fit parameters: [1.86641384 2.54080094].
2019-08-01 09:09:40,065 - INFO - Maximum log composite likelihood: -21.4367794254.
2019-08-01 09:09:40,066 - INFO - Optimal value of theta: 32.4923160361.
2019-08-01 09:09:40,066 - INFO - Beginning optimization with guess, [0.54449928 0.12215919].
2019-08-01 09:09:41,731 - INFO - Finished optimization with guess, [0.54449928 0.12215919].
2019-08-01 09:09:41,731 - INFO - Best fit parameters: [1.88443763 2.58744171].
2019-08-01 09:09:41,743 - INFO - Maximum log composite likelihood: -21.4367509225.
2019-08-01 09:09:41,744 - INFO - Optimal value of theta: 32.1790306749.
2019-08-01 09:09:41,744 - INFO - Beginning optimization with guess, [0.64354241 0.06228963].
2019-08-01 09:09:42,478 - INFO - Finished optimization with guess, [0.64354241 0.06228963].
2019-08-01 09:09:42,478 - INFO - Best fit parameters: [1.43413693 1.34725561].
2019-08-01 09:09:42,489 - INFO - Maximum log composite likelihood: -21.440553761.
2019-08-01 09:09:42,489 - INFO - Optimal value of theta: 42.2651677671.
2019-08-01 09:09:42,489 - INFO - Beginning optimization with guess, [0.36895129 0.14709943].
2019-08-01 09:09:43,552 - INFO - Finished optimization with guess, [0.36895129 0.14709943].
2019-08-01 09:09:43,552 - INFO - Best fit parameters: [1.85444    2.51675507].
2019-08-01 09:09:43,564 - INFO - Maximum log composite likelihood: -21.4367996027.
2019-08-01 09:09:43,564 - INFO - Optimal value of theta: 32.6907561709.
2019-08-01 09:09:43,565 - INFO - Beginning optimization with guess, [0.83636712 0.19509218].
2019-08-01 09:09:44,975 - INFO - Finished optimization with guess, [0.83636712 0.19509218].
2019-08-01 09:09:44,975 - INFO - Best fit parameters: [1.88487604 2.58839032].
2019-08-01 09:09:44,987 - INFO - Maximum log composite likelihood: -21.4367502903.
2019-08-01 09:09:44,987 - INFO - Optimal value of theta: 32.1718134957.
2019-08-01 09:09:44,988 - INFO - Beginning optimization with guess, [0.3643469  0.05063849].
2019-08-01 09:09:45,682 - INFO - Finished optimization with guess, [0.3643469  0.05063849].
2019-08-01 09:09:45,683 - INFO - Best fit parameters: [0.12958415 0.00022955].
2019-08-01 09:09:45,690 - INFO - Maximum log composite likelihood: -21.672454557.
2019-08-01 09:09:45,690 - INFO - Optimal value of theta: 55.0707935705.
2019-08-01 09:09:45,690 - INFO - Beginning optimization with guess, [0.39785272 0.0899853 ].
2019-08-01 09:09:46,329 - INFO - Finished optimization with guess, [0.39785272 0.0899853 ].
2019-08-01 09:09:46,329 - INFO - Best fit parameters: [1.57996781 1.78458108].
2019-08-01 09:09:46,340 - INFO - Maximum log composite likelihood: -21.4379293742.
2019-08-01 09:09:46,341 - INFO - Optimal value of theta: 38.3715135053.
2019-08-01 09:09:46,341 - INFO - Beginning optimization with guess, [0.25568232 0.08576738].
2019-08-01 09:09:47,045 - INFO - Finished optimization with guess, [0.25568232 0.08576738].
2019-08-01 09:09:47,045 - INFO - Best fit parameters: [0.22669098 0.00043866].
2019-08-01 09:09:47,053 - INFO - Maximum log composite likelihood: -21.6724911025.
2019-08-01 09:09:47,053 - INFO - Optimal value of theta: 55.0646024516.
2019-08-01 09:09:47,053 - INFO - Beginning optimization with guess, [0.40018385 0.08187629].
2019-08-01 09:09:48,136 - INFO - Finished optimization with guess, [0.40018385 0.08187629].
2019-08-01 09:09:48,136 - INFO - Best fit parameters: [0.22525405 0.0004427 ].
2019-08-01 09:09:48,143 - INFO - Maximum log composite likelihood: -21.6724878083.
2019-08-01 09:09:48,144 - INFO - Optimal value of theta: 55.0679987887.
2019-08-01 09:09:48,144 - INFO - Beginning optimization with guess, [0.78156722 0.11548013].
2019-08-01 09:09:49,398 - INFO - Finished optimization with guess, [0.78156722 0.11548013].
2019-08-01 09:09:49,399 - INFO - Best fit parameters: [1.88468343 2.58722311].
2019-08-01 09:09:49,411 - INFO - Maximum log composite likelihood: -21.4367507395.
2019-08-01 09:09:49,411 - INFO - Optimal value of theta: 32.1763318538.
2019-08-01 09:09:49,411 - INFO - Beginning optimization with guess, [0.71366641 0.12174094].
2019-08-01 09:09:50,450 - INFO - Finished optimization with guess, [0.71366641 0.12174094].
2019-08-01 09:09:50,451 - INFO - Best fit parameters: [1.88076073 2.57845054].
2019-08-01 09:09:50,463 - INFO - Maximum log composite likelihood: -21.4367564215.
2019-08-01 09:09:50,463 - INFO - Optimal value of theta: 32.24153968.
2019-08-01 09:09:50,463 - INFO - Beginning optimization with guess, [0.31905154 0.1201483 ].
2019-08-01 09:09:51,457 - INFO - Finished optimization with guess, [0.31905154 0.1201483 ].
2019-08-01 09:09:51,459 - INFO - Best fit parameters: [1.72639864 2.1889707 ].
2019-08-01 09:09:51,483 - INFO - Maximum log composite likelihood: -21.4371077439.
2019-08-01 09:09:51,484 - INFO - Optimal value of theta: 35.1093383134.
2019-08-01 09:09:51,484 - INFO - Beginning optimization with guess, [0.50056422 0.06304181].
2019-08-01 09:09:51,982 - INFO - Finished optimization with guess, [0.50056422 0.06304181].
2019-08-01 09:09:51,982 - INFO - Best fit parameters: [0.9991217  0.03818324].
2019-08-01 09:09:51,989 - INFO - Maximum log composite likelihood: -21.675313399.
2019-08-01 09:09:51,990 - INFO - Optimal value of theta: 54.8730613752.
2019-08-01 09:09:51,990 - INFO - Beginning optimization with guess, [0.9524696  0.08510014].
2019-08-01 09:09:53,804 - INFO - Finished optimization with guess, [0.9524696  0.08510014].
2019-08-01 09:09:53,804 - INFO - Best fit parameters: [1.8840294  2.58604681].
2019-08-01 09:09:53,843 - INFO - Maximum log composite likelihood: -21.4367516059.
2019-08-01 09:09:53,843 - INFO - Optimal value of theta: 32.1866734256.
2019-08-01 09:09:53,843 - INFO - Beginning optimization with guess, [0.43201807 0.08660253].
2019-08-01 09:09:54,983 - INFO - Finished optimization with guess, [0.43201807 0.08660253].
2019-08-01 09:09:54,984 - INFO - Best fit parameters: [1.59068631 1.82948732].
2019-08-01 09:09:54,996 - INFO - Maximum log composite likelihood: -21.4378229438.
2019-08-01 09:09:54,996 - INFO - Optimal value of theta: 38.07675447.
2019-08-01 09:09:54,997 - INFO - Beginning optimization with guess, [0.34119003 0.06209554].
2019-08-01 09:09:56,201 - INFO - Finished optimization with guess, [0.34119003 0.06209554].
2019-08-01 09:09:56,201 - INFO - Best fit parameters: [6.38371708e-03 9.99022610e-06].
2019-08-01 09:09:56,220 - INFO - Maximum log composite likelihood: -21.6724222033.
2019-08-01 09:09:56,220 - INFO - Optimal value of theta: 55.0727934965.
2019-08-01 09:09:56,220 - INFO - Beginning optimization with guess, [0.25948809 0.10652671].
2019-08-01 09:09:57,616 - INFO - Finished optimization with guess, [0.25948809 0.10652671].
2019-08-01 09:09:57,617 - INFO - Best fit parameters: [1.57170504 1.76194214].
2019-08-01 09:09:57,628 - INFO - Maximum log composite likelihood: -21.4380033502.
2019-08-01 09:09:57,628 - INFO - Optimal value of theta: 38.5707199483.
2019-08-01 09:09:57,628 - INFO - Beginning optimization with guess, [0.54177549 0.14132085].
2019-08-01 09:09:59,398 - INFO - Finished optimization with guess, [0.54177549 0.14132085].
2019-08-01 09:09:59,398 - INFO - Best fit parameters: [1.88036933 2.57690408].
2019-08-01 09:09:59,411 - INFO - Maximum log composite likelihood: -21.4367571065.
2019-08-01 09:09:59,412 - INFO - Optimal value of theta: 32.2492678869.
2019-08-01 09:09:59,412 - INFO - Beginning optimization with guess, [0.70953997 0.11253825].
2019-08-01 09:10:00,543 - INFO - Finished optimization with guess, [0.70953997 0.11253825].
2019-08-01 09:10:00,543 - INFO - Best fit parameters: [1.71796155 2.15989807].
2019-08-01 09:10:00,555 - INFO - Maximum log composite likelihood: -21.4371396983.
2019-08-01 09:10:00,555 - INFO - Optimal value of theta: 35.2962401852.
2019-08-01 09:10:00,555 - INFO - Beginning optimization with guess, [0.54380327 0.10290897].
2019-08-01 09:10:02,013 - INFO - Finished optimization with guess, [0.54380327 0.10290897].
2019-08-01 09:10:02,014 - INFO - Best fit parameters: [1.88673836 2.59263613].
2019-08-01 09:10:02,028 - INFO - Maximum log composite likelihood: -21.4367476072.
2019-08-01 09:10:02,028 - INFO - Optimal value of theta: 32.1408033006.
2019-08-01 09:10:02,028 - INFO - Beginning optimization with guess, [0.37535487 0.06686682].
2019-08-01 09:10:02,980 - INFO - Finished optimization with guess, [0.37535487 0.06686682].
2019-08-01 09:10:02,980 - INFO - Best fit parameters: [2.57536208e-02 4.13121208e-05].
2019-08-01 09:10:02,987 - INFO - Maximum log composite likelihood: -21.6724261105.
2019-08-01 09:10:02,987 - INFO - Optimal value of theta: 55.0737705658.
2019-08-01 09:10:02,988 - INFO - Beginning optimization with guess, [0.47202295 0.1156155 ].
2019-08-01 09:10:03,760 - INFO - Finished optimization with guess, [0.47202295 0.1156155 ].
2019-08-01 09:10:03,761 - INFO - Best fit parameters: [1.69907736 2.11813659].
2019-08-01 09:10:03,772 - INFO - Maximum log composite likelihood: -21.4372069229.
2019-08-01 09:10:03,772 - INFO - Optimal value of theta: 35.6698519488.
2019-08-01 09:10:03,773 - INFO - Beginning optimization with guess, [0.80894774 0.1394259 ].
2019-08-01 09:10:04,915 - INFO - Finished optimization with guess, [0.80894774 0.1394259 ].
2019-08-01 09:10:04,915 - INFO - Best fit parameters: [1.8805405  2.57722542].
2019-08-01 09:10:04,929 - INFO - Maximum log composite likelihood: -21.4367568711.
2019-08-01 09:10:04,929 - INFO - Optimal value of theta: 32.2465268013.
2019-08-01 09:10:04,929 - INFO - Beginning optimization with guess, [0.59048434 0.154316  ].
2019-08-01 09:10:06,124 - INFO - Finished optimization with guess, [0.59048434 0.154316  ].
2019-08-01 09:10:06,125 - INFO - Best fit parameters: [1.8804846  2.57682339].
2019-08-01 09:10:06,137 - INFO - Maximum log composite likelihood: -21.4367570226.
2019-08-01 09:10:06,137 - INFO - Optimal value of theta: 32.2479572651.
2019-08-01 09:10:06,137 - INFO - Beginning optimization with guess, [0.63039698 0.07545046].
2019-08-01 09:10:07,044 - INFO - Finished optimization with guess, [0.63039698 0.07545046].
2019-08-01 09:10:07,045 - INFO - Best fit parameters: [1.86452227 2.53865566].
2019-08-01 09:10:07,057 - INFO - Maximum log composite likelihood: -21.4367818889.
2019-08-01 09:10:07,057 - INFO - Optimal value of theta: 32.520484156.
2019-08-01 09:10:07,057 - INFO - Beginning optimization with guess, [0.90841776 0.07879177].
2019-08-01 09:10:08,676 - INFO - Finished optimization with guess, [0.90841776 0.07879177].
2019-08-01 09:10:08,677 - INFO - Best fit parameters: [1.89310677 2.60862542].
2019-08-01 09:10:08,689 - INFO - Maximum log composite likelihood: -21.4367383208.
2019-08-01 09:10:08,689 - INFO - Optimal value of theta: 32.0325679211.
2019-08-01 09:10:08,690 - INFO - Beginning optimization with guess, [0.50270949 0.10561182].
2019-08-01 09:10:09,625 - INFO - Finished optimization with guess, [0.50270949 0.10561182].
2019-08-01 09:10:09,626 - INFO - Best fit parameters: [1.83645397 2.47094592].
2019-08-01 09:10:09,638 - INFO - Maximum log composite likelihood: -21.4368314056.
2019-08-01 09:10:09,638 - INFO - Optimal value of theta: 33.0113262054.
2019-08-01 09:10:09,638 - INFO - Beginning optimization with guess, [0.78314624 0.05157796].
2019-08-01 09:10:10,506 - INFO - Finished optimization with guess, [0.78314624 0.05157796].
2019-08-01 09:10:10,506 - INFO - Best fit parameters: [1.69996293 2.12117587].
2019-08-01 09:10:10,518 - INFO - Maximum log composite likelihood: -21.4372038173.
2019-08-01 09:10:10,518 - INFO - Optimal value of theta: 35.6498081803.
2019-08-01 09:10:10,518 - INFO - Beginning optimization with guess, [0.56489057 0.09268344].
2019-08-01 09:10:11,745 - INFO - Finished optimization with guess, [0.56489057 0.09268344].
2019-08-01 09:10:11,745 - INFO - Best fit parameters: [1.87803324 2.57199468].
2019-08-01 09:10:11,757 - INFO - Maximum log composite likelihood: -21.4367605384.
2019-08-01 09:10:11,757 - INFO - Optimal value of theta: 32.2876675261.
2019-08-01 09:10:11,758 - INFO - Beginning optimization with guess, [0.62014117 0.05988864].
2019-08-01 09:10:12,708 - INFO - Finished optimization with guess, [0.62014117 0.05988864].
2019-08-01 09:10:12,709 - INFO - Best fit parameters: [1.81463778 2.40882681].
2019-08-01 09:10:12,720 - INFO - Maximum log composite likelihood: -21.4368758639.
2019-08-01 09:10:12,721 - INFO - Optimal value of theta: 33.4207316915.
2019-08-01 09:10:12,721 - INFO - Beginning optimization with guess, [0.486684   0.09422161].
2019-08-01 09:10:13,509 - INFO - Finished optimization with guess, [0.486684   0.09422161].
2019-08-01 09:10:13,509 - INFO - Best fit parameters: [1.69194391 2.09896362].
2019-08-01 09:10:13,521 - INFO - Maximum log composite likelihood: -21.4372354251.
2019-08-01 09:10:13,521 - INFO - Optimal value of theta: 35.8203484039.
2019-08-01 09:10:13,521 - INFO - Beginning optimization with guess, [0.42489054 0.10138658].
2019-08-01 09:10:14,333 - INFO - Finished optimization with guess, [0.42489054 0.10138658].
2019-08-01 09:10:14,333 - INFO - Best fit parameters: [1.71554534 2.16111224].
2019-08-01 09:10:14,345 - INFO - Maximum log composite likelihood: -21.4371453192.
2019-08-01 09:10:14,345 - INFO - Optimal value of theta: 35.329493918.
2019-08-01 09:10:14,345 - INFO - Beginning optimization with guess, [0.61801468 0.05753509].
2019-08-01 09:10:14,556 - INFO - Finished optimization with guess, [0.61801468 0.05753509].
2019-08-01 09:10:14,556 - INFO - Best fit parameters: [1.00453168 0.04155565].
2019-08-01 09:10:14,563 - INFO - Maximum log composite likelihood: -21.6752876383.
2019-08-01 09:10:14,564 - INFO - Optimal value of theta: 54.8478276655.
2019-08-01 09:10:14,564 - INFO - Beginning optimization with guess, [0.28815976 0.17720615].
2019-08-01 09:10:15,634 - INFO - Finished optimization with guess, [0.28815976 0.17720615].
2019-08-01 09:10:15,634 - INFO - Best fit parameters: [1.88067793 2.5784355 ].
2019-08-01 09:10:15,646 - INFO - Maximum log composite likelihood: -21.4367565273.
2019-08-01 09:10:15,647 - INFO - Optimal value of theta: 32.2426125707.
2019-08-01 09:10:15,647 - INFO - Beginning optimization with guess, [0.42337005 0.06477276].
2019-08-01 09:10:16,357 - INFO - Finished optimization with guess, [0.42337005 0.06477276].
2019-08-01 09:10:16,357 - INFO - Best fit parameters: [0.08525606 0.00014433].
2019-08-01 09:10:16,364 - INFO - Maximum log composite likelihood: -21.6724417272.
2019-08-01 09:10:16,364 - INFO - Optimal value of theta: 55.071775167.
2019-08-01 09:10:16,364 - INFO - Beginning optimization with guess, [0.61419156 0.06201012].
2019-08-01 09:10:17,339 - INFO - Finished optimization with guess, [0.61419156 0.06201012].
2019-08-01 09:10:17,339 - INFO - Best fit parameters: [1.59091653 1.83288922].
2019-08-01 09:10:17,350 - INFO - Maximum log composite likelihood: -21.4378241918.
2019-08-01 09:10:17,350 - INFO - Optimal value of theta: 38.0644183925.
2019-08-01 09:10:17,351 - INFO - Beginning optimization with guess, [0.30953549 0.12062613].
2019-08-01 09:10:18,394 - INFO - Finished optimization with guess, [0.30953549 0.12062613].
2019-08-01 09:10:18,394 - INFO - Best fit parameters: [1.88168068 2.57868997].
2019-08-01 09:10:18,406 - INFO - Maximum log composite likelihood: -21.4367556267.
2019-08-01 09:10:18,407 - INFO - Optimal value of theta: 32.2294969075.
2019-08-01 09:10:18,407 - INFO - Beginning optimization with guess, [0.34276981 0.05672631].
2019-08-01 09:10:19,131 - INFO - Finished optimization with guess, [0.34276981 0.05672631].
2019-08-01 09:10:19,131 - INFO - Best fit parameters: [3.42005948e-02 5.06484650e-05].
2019-08-01 09:10:19,138 - INFO - Maximum log composite likelihood: -21.6724541885.
2019-08-01 09:10:19,138 - INFO - Optimal value of theta: 55.0565197911.
2019-08-01 09:10:19,138 - INFO - Beginning optimization with guess, [0.62739524 0.10911237].
2019-08-01 09:10:20,852 - INFO - Finished optimization with guess, [0.62739524 0.10911237].
2019-08-01 09:10:20,852 - INFO - Best fit parameters: [1.8776558  2.56879689].
2019-08-01 09:10:20,864 - INFO - Maximum log composite likelihood: -21.4367617282.
2019-08-01 09:10:20,865 - INFO - Optimal value of theta: 32.2982326214.
2019-08-01 09:10:20,865 - INFO - Beginning optimization with guess, [0.39252821 0.11998615].
2019-08-01 09:10:21,995 - INFO - Finished optimization with guess, [0.39252821 0.11998615].
2019-08-01 09:10:21,995 - INFO - Best fit parameters: [1.87971072 2.57532296].
2019-08-01 09:10:22,007 - INFO - Maximum log composite likelihood: -21.4367580933.
2019-08-01 09:10:22,008 - INFO - Optimal value of theta: 32.2604400905.
2019-08-01 09:10:22,008 - INFO - Beginning optimization with guess, [0.75785252 0.10481629].
2019-08-01 09:10:23,548 - INFO - Finished optimization with guess, [0.75785252 0.10481629].
2019-08-01 09:10:23,548 - INFO - Best fit parameters: [1.88448471 2.58718581].
2019-08-01 09:10:23,560 - INFO - Maximum log composite likelihood: -21.4367509208.
2019-08-01 09:10:23,561 - INFO - Optimal value of theta: 32.1788981973.
2019-08-01 09:10:23,561 - INFO - Beginning optimization with guess, [0.53916014 0.15154557].
2019-08-01 09:10:24,763 - INFO - Finished optimization with guess, [0.53916014 0.15154557].
2019-08-01 09:10:24,764 - INFO - Best fit parameters: [1.89356074 2.61044438].
2019-08-01 09:10:24,776 - INFO - Maximum log composite likelihood: -21.4367375786.
2019-08-01 09:10:24,776 - INFO - Optimal value of theta: 32.0236720648.
2019-08-01 09:10:24,776 - INFO - Beginning optimization with guess, [0.36656673 0.1096102 ].
2019-08-01 09:10:25,499 - INFO - Finished optimization with guess, [0.36656673 0.1096102 ].
2019-08-01 09:10:25,500 - INFO - Best fit parameters: [1.70521305 2.1327461 ].
2019-08-01 09:10:25,511 - INFO - Maximum log composite likelihood: -21.4371829233.
2019-08-01 09:10:25,511 - INFO - Optimal value of theta: 35.545414183.
2019-08-01 09:10:25,512 - INFO - Beginning optimization with guess, [0.56931723 0.10676701].
2019-08-01 09:10:26,613 - INFO - Finished optimization with guess, [0.56931723 0.10676701].
2019-08-01 09:10:26,620 - INFO - Best fit parameters: [1.88128219 2.57942122].
2019-08-01 09:10:26,644 - INFO - Maximum log composite likelihood: -21.4367556841.
2019-08-01 09:10:26,645 - INFO - Optimal value of theta: 32.2332093964.
2019-08-01 09:10:26,645 - INFO - Beginning optimization with guess, [0.62175849 0.10462548].
2019-08-01 09:10:29,036 - INFO - Finished optimization with guess, [0.62175849 0.10462548].
2019-08-01 09:10:29,036 - INFO - Best fit parameters: [1.87945576 2.57492558].
2019-08-01 09:10:29,061 - INFO - Maximum log composite likelihood: -21.4367584363.
2019-08-01 09:10:29,061 - INFO - Optimal value of theta: 32.2643798354.
2019-08-01 09:10:29,061 - INFO - Beginning optimization with guess, [0.45790464 0.09975181].
2019-08-01 09:10:30,921 - INFO - Finished optimization with guess, [0.45790464 0.09975181].
2019-08-01 09:10:30,922 - INFO - Best fit parameters: [1.68790439 2.08012029].
2019-08-01 09:10:30,935 - INFO - Maximum log composite likelihood: -21.4372568309.
2019-08-01 09:10:30,935 - INFO - Optimal value of theta: 35.9238929242.
2019-08-01 09:10:30,935 - INFO - Beginning optimization with guess, [0.58916384 0.13842938].
2019-08-01 09:10:32,617 - INFO - Finished optimization with guess, [0.58916384 0.13842938].
2019-08-01 09:10:32,629 - INFO - Best fit parameters: [1.88037048 2.57685591].
2019-08-01 09:10:32,642 - INFO - Maximum log composite likelihood: -21.436757116.
2019-08-01 09:10:32,642 - INFO - Optimal value of theta: 32.2493401449.
2019-08-01 09:10:32,643 - INFO - Beginning optimization with guess, [0.28445629 0.09969263].
2019-08-01 09:10:33,844 - INFO - Finished optimization with guess, [0.28445629 0.09969263].
2019-08-01 09:10:33,844 - INFO - Best fit parameters: [0.17773198 0.0003268 ].
2019-08-01 09:10:33,852 - INFO - Maximum log composite likelihood: -21.6724722485.
2019-08-01 09:10:33,852 - INFO - Optimal value of theta: 55.0667668557.
2019-08-01 09:10:33,852 - INFO - Beginning optimization with guess, [0.419379   0.17685694].
2019-08-01 09:10:37,632 - INFO - Finished optimization with guess, [0.419379   0.17685694].
2019-08-01 09:10:37,633 - INFO - Best fit parameters: [1.89233899 2.60671729].
2019-08-01 09:10:37,648 - INFO - Maximum log composite likelihood: -21.436739424.
2019-08-01 09:10:37,648 - INFO - Optimal value of theta: 32.0455464277.
2019-08-01 09:10:37,648 - INFO - Beginning optimization with guess, [0.72113327 0.0761224 ].
2019-08-01 09:10:39,405 - INFO - Finished optimization with guess, [0.72113327 0.0761224 ].
2019-08-01 09:10:39,405 - INFO - Best fit parameters: [1.88341463 2.58466612].
2019-08-01 09:10:39,441 - INFO - Maximum log composite likelihood: -21.4367525016.
2019-08-01 09:10:39,441 - INFO - Optimal value of theta: 32.1968949294.
2019-08-01 09:10:39,441 - INFO - Beginning optimization with guess, [0.89526628 0.11203095].
2019-08-01 09:10:41,383 - INFO - Finished optimization with guess, [0.89526628 0.11203095].
2019-08-01 09:10:41,384 - INFO - Best fit parameters: [1.88097945 2.58291169].
2019-08-01 09:10:41,408 - INFO - Maximum log composite likelihood: -21.4367568867.
2019-08-01 09:10:41,409 - INFO - Optimal value of theta: 32.2307536387.
2019-08-01 09:10:41,409 - INFO - Beginning optimization with guess, [0.30710086 0.06948514].
2019-08-01 09:10:42,826 - INFO - Finished optimization with guess, [0.30710086 0.06948514].
2019-08-01 09:10:42,826 - INFO - Best fit parameters: [3.65493526e-03 5.83114849e-06].
2019-08-01 09:10:42,844 - INFO - Maximum log composite likelihood: -21.672420392.
2019-08-01 09:10:42,845 - INFO - Optimal value of theta: 55.0773004744.
2019-08-01 09:10:42,856 - INFO - Finished demographic inference.
2019-08-01 09:10:42,856 - INFO - Beginning DFE inference.
2019-08-01 09:11:44,073 - INFO - Beginning optimization with guess, [6.54312914e-02 1.05900145e+02].
2019-08-01 09:11:48,793 - INFO - Finished optomization, results are [-25.779931530593974 array([1.01006104e-01, 2.15482832e+03])].
2019-08-01 09:11:48,793 - INFO - Beginning optimization with guess, [  0.13741238 130.04580073].
2019-08-01 09:11:56,838 - INFO - Finished optomization, results are [-25.77218498024472 array([9.94693467e-02, 2.27612309e+03])].
2019-08-01 09:11:56,839 - INFO - Beginning optimization with guess, [ 0.15807965 56.84544212].
2019-08-01 09:12:00,117 - INFO - Finished optomization, results are [-25.789790084835538 array([1.01405314e-01, 2.10909528e+03])].
2019-08-01 09:12:00,118 - INFO - Beginning optimization with guess, [ 0.15654048 64.13263796].
2019-08-01 09:12:02,832 - INFO - Finished optomization, results are [-25.7825934697653 array([1.00751599e-01, 2.16474487e+03])].
2019-08-01 09:12:02,833 - INFO - Beginning optimization with guess, [ 0.08747597 84.29546575].
2019-08-01 09:12:04,803 - INFO - Finished optomization, results are [-25.79151125887064 array([9.99094254e-02, 2.20249066e+03])].
2019-08-01 09:12:04,804 - INFO - Beginning optimization with guess, [ 0.12981506 40.09536527].
2019-08-01 09:12:06,858 - INFO - Finished optomization, results are [-25.907304710738135 array([1.01678759e-01, 1.87186053e+03])].
2019-08-01 09:12:06,859 - INFO - Beginning optimization with guess, [4.65368921e-02 5.56472891e+01].
2019-08-01 09:12:09,294 - INFO - Finished optomization, results are [-25.950487633003416 array([9.9389782e-02, 1.9643539e+03])].
2019-08-01 09:12:09,296 - INFO - Beginning optimization with guess, [7.91118340e-02 1.22549889e+02].
2019-08-01 09:12:12,233 - INFO - Finished optomization, results are [-25.866136438225215 array([1.03437811e-01, 1.84613002e+03])].
2019-08-01 09:12:12,233 - INFO - Beginning optimization with guess, [6.36240166e-02 9.37842030e+01].
2019-08-01 09:12:14,679 - INFO - Finished optomization, results are [-25.793111609742297 array([1.07522847e-01, 2.05813894e+03])].
2019-08-01 09:12:14,679 - INFO - Beginning optimization with guess, [4.68978841e-02 1.35167791e+02].
2019-08-01 09:12:17,633 - INFO - Finished optomization, results are [-25.755791295361504 array([1.00466869e-01, 2.24427574e+03])].
2019-08-01 09:12:17,633 - INFO - Beginning optimization with guess, [8.32878753e-02 8.80215085e+01].
2019-08-01 09:12:19,551 - INFO - Finished optomization, results are [-25.75037946941479 array([1.05850066e-01, 2.14833298e+03])].
2019-08-01 09:12:19,552 - INFO - Beginning optimization with guess, [ 0.08975656 46.88104799].
2019-08-01 09:12:21,793 - INFO - Finished optomization, results are [-25.746775695314486 array([1.05059274e-01, 2.12669996e+03])].
2019-08-01 09:12:21,794 - INFO - Beginning optimization with guess, [4.83062005e-02 1.32810109e+02].
2019-08-01 09:12:26,700 - INFO - Finished optomization, results are [-25.741534379708554 array([1.00557801e-01, 2.27336758e+03])].
2019-08-01 09:12:26,701 - INFO - Beginning optimization with guess, [ 0.17638114 64.9836892 ].
2019-08-01 09:12:29,674 - INFO - Finished optomization, results are [-25.952783856733816 array([9.75265906e-02, 2.11586190e+03])].
2019-08-01 09:12:29,675 - INFO - Beginning optimization with guess, [ 0.11227611 48.96811186].
2019-08-01 09:12:34,376 - INFO - Finished optomization, results are [-25.83048729837699 array([9.86135243e-02, 2.22583450e+03])].
2019-08-01 09:12:34,377 - INFO - Beginning optimization with guess, [ 0.08797083 53.72106029].
2019-08-01 09:12:36,007 - INFO - Finished optomization, results are [-25.860118643356152 array([1.09391521e-01, 1.84591290e+03])].
2019-08-01 09:12:36,007 - INFO - Beginning optimization with guess, [6.83654618e-02 1.51769844e+02].
2019-08-01 09:12:38,622 - INFO - Finished optomization, results are [-25.910864862976904 array([1.01270422e-01, 1.89191605e+03])].
2019-08-01 09:12:38,622 - INFO - Beginning optimization with guess, [5.47643023e-02 1.24732102e+02].
2019-08-01 09:12:40,948 - INFO - Finished optomization, results are [-25.82117101754992 array([1.00453466e-01, 2.10432134e+03])].
2019-08-01 09:12:40,948 - INFO - Beginning optimization with guess, [ 0.11939286 50.29780717].
2019-08-01 09:12:42,850 - INFO - Finished optomization, results are [-26.316045446920945 array([9.26584379e-02, 2.15387555e+03])].
2019-08-01 09:12:42,851 - INFO - Beginning optimization with guess, [ 0.12634427 49.34037286].
2019-08-01 09:12:44,822 - INFO - Finished optomization, results are [-26.306636633506333 array([9.41480868e-02, 2.00317398e+03])].
2019-08-01 09:12:44,822 - INFO - Beginning optimization with guess, [ 0.06713954 47.74933152].
2019-08-01 09:12:47,237 - INFO - Finished optomization, results are [-25.85577334925313 array([9.79488209e-02, 2.23667498e+03])].
2019-08-01 09:12:47,237 - INFO - Beginning optimization with guess, [  0.13808919 121.78676402].
2019-08-01 09:12:50,837 - INFO - Finished optomization, results are [-25.787763266121672 array([1.01604425e-01, 2.10223724e+03])].
2019-08-01 09:12:50,838 - INFO - Beginning optimization with guess, [ 0.09461643 55.05947664].
2019-08-01 09:12:53,186 - INFO - Finished optomization, results are [-25.8072168651357 array([9.94631989e-02, 2.20323938e+03])].
2019-08-01 09:12:53,186 - INFO - Beginning optimization with guess, [5.69094211e-02 1.18894302e+02].
2019-08-01 09:12:57,888 - INFO - Finished optomization, results are [-25.785456021995707 array([9.91603727e-02, 2.27117052e+03])].
2019-08-01 09:12:57,889 - INFO - Beginning optimization with guess, [1.02967338e-01 1.35488649e+02].
2019-08-01 09:13:01,404 - INFO - Finished optomization, results are [-25.784691750393808 array([1.00716028e-01, 2.16240180e+03])].
2019-08-01 09:13:01,405 - INFO - Beginning optimization with guess, [ 0.06117874 59.06905299].
2019-08-01 09:13:03,460 - INFO - Finished optomization, results are [-25.81265077032314 array([9.99711142e-02, 2.15489837e+03])].
2019-08-01 09:13:03,460 - INFO - Beginning optimization with guess, [ 0.17670307 59.81353171].
2019-08-01 09:13:05,957 - INFO - Finished optomization, results are [-25.86903495132222 array([9.79008933e-02, 2.21755565e+03])].
2019-08-01 09:13:05,958 - INFO - Beginning optimization with guess, [5.23079904e-02 6.55377132e+01].
2019-08-01 09:13:08,234 - INFO - Finished optomization, results are [-25.79257489716983 array([1.01683351e-01, 2.08708523e+03])].
2019-08-01 09:13:08,234 - INFO - Beginning optimization with guess, [5.40217944e-02 1.04432862e+02].
2019-08-01 09:13:10,614 - INFO - Finished optomization, results are [-25.87321806060354 array([1.03303122e-01, 1.83952187e+03])].
2019-08-01 09:13:10,614 - INFO - Beginning optimization with guess, [ 0.13985617 84.06283839].
2019-08-01 09:13:13,488 - INFO - Finished optomization, results are [-25.887484459965787 array([9.76677822e-02, 2.20688390e+03])].
2019-08-01 09:13:13,488 - INFO - Beginning optimization with guess, [1.02536695e-01 1.03228604e+02].
2019-08-01 09:13:15,731 - INFO - Finished optomization, results are [-25.841094323106713 array([1.00869566e-01, 2.03830160e+03])].
2019-08-01 09:13:15,732 - INFO - Beginning optimization with guess, [5.16508244e-02 7.82241640e+01].
2019-08-01 09:13:18,262 - INFO - Finished optomization, results are [-25.81728437874416 array([1.00310712e-01, 2.12177389e+03])].
2019-08-01 09:13:18,263 - INFO - Beginning optimization with guess, [ 0.10572207 71.65159596].
2019-08-01 09:13:20,301 - INFO - Finished optomization, results are [-25.98902281641885 array([9.90602621e-02, 1.93508977e+03])].
2019-08-01 09:13:20,301 - INFO - Beginning optimization with guess, [ 0.07408291 38.78593484].
2019-08-01 09:13:22,016 - INFO - Finished optomization, results are [-26.264569308816125 array([9.52711930e-02, 1.93716502e+03])].
2019-08-01 09:13:22,016 - INFO - Beginning optimization with guess, [  0.11957752 117.27410121].
2019-08-01 09:13:23,715 - INFO - Finished optomization, results are [-25.97278648211392 array([9.68756335e-02, 2.14608090e+03])].
2019-08-01 09:13:23,715 - INFO - Beginning optimization with guess, [ 0.11795143 59.47475739].
2019-08-01 09:13:25,416 - INFO - Finished optomization, results are [-25.97155135460763 array([9.84021018e-02, 2.01266296e+03])].
2019-08-01 09:13:25,416 - INFO - Beginning optimization with guess, [ 0.10989689 95.56434351].
2019-08-01 09:13:28,542 - INFO - Finished optomization, results are [-25.8525933099411 array([9.79072769e-02, 2.24606129e+03])].
2019-08-01 09:13:28,542 - INFO - Beginning optimization with guess, [  0.13681828 118.72909578].
2019-08-01 09:13:31,192 - INFO - Finished optomization, results are [-25.803544363095078 array([1.00242285e-01, 2.15412424e+03])].
2019-08-01 09:13:31,193 - INFO - Beginning optimization with guess, [ 0.08894861 43.99173063].
2019-08-01 09:13:32,995 - INFO - Finished optomization, results are [-25.87642696164696 array([1.06803529e-01, 1.71096369e+03])].
2019-08-01 09:13:32,995 - INFO - Beginning optimization with guess, [  0.11285395 102.1681756 ].
2019-08-01 09:13:37,361 - INFO - Finished optomization, results are [-25.870761488249048 array([9.93137132e-02, 2.09695745e+03])].
2019-08-01 09:13:37,362 - INFO - Beginning optimization with guess, [6.78905550e-02 7.60897677e+01].
2019-08-01 09:13:39,416 - INFO - Finished optomization, results are [-25.901094802396756 array([9.88702531e-02, 2.08150478e+03])].
2019-08-01 09:13:39,416 - INFO - Beginning optimization with guess, [ 0.11704462 82.2274125 ].
2019-08-01 09:13:41,455 - INFO - Finished optomization, results are [-25.885934577156835 array([9.75937913e-02, 2.21620826e+03])].
2019-08-01 09:13:41,456 - INFO - Beginning optimization with guess, [ 0.10869265 42.39268121].
2019-08-01 09:13:44,885 - INFO - Finished optomization, results are [-25.848148872644288 array([9.97226528e-02, 2.10575095e+03])].
2019-08-01 09:13:44,886 - INFO - Beginning optimization with guess, [6.59825715e-02 1.04156581e+02].
2019-08-01 09:13:46,601 - INFO - Finished optomization, results are [-25.80828958216952 array([9.98569370e-02, 2.17185047e+03])].
2019-08-01 09:13:46,601 - INFO - Beginning optimization with guess, [ 0.11084811 44.3692613 ].
2019-08-01 09:13:49,777 - INFO - Finished optomization, results are [-25.860595599113946 array([9.96791305e-02, 2.08674269e+03])].
2019-08-01 09:13:49,779 - INFO - Beginning optimization with guess, [ 0.08521707 40.6475347 ].
2019-08-01 09:13:52,013 - INFO - Finished optomization, results are [-25.793792107171008 array([9.95244919e-02, 2.22593476e+03])].
2019-08-01 09:13:52,013 - INFO - Beginning optimization with guess, [ 0.06390949 46.53418401].
2019-08-01 09:13:53,814 - INFO - Finished optomization, results are [-25.890948754010317 array([1.01446147e-01, 1.91312468e+03])].
2019-08-01 09:13:53,814 - INFO - Beginning optimization with guess, [5.61455821e-02 6.68576155e+01].
2019-08-01 09:13:57,588 - INFO - Finished optomization, results are [-25.74860105397668 array([1.00675279e-01, 2.24863362e+03])].
2019-08-01 09:13:57,589 - INFO - Beginning optimization with guess, [6.75655053e-02 1.37203264e+02].
2019-08-01 09:13:59,542 - INFO - Finished optomization, results are [-25.80244514315211 array([1.00721826e-01, 2.12417860e+03])].
2019-08-01 09:13:59,542 - INFO - Beginning optimization with guess, [1.00729453e-01 1.15918809e+02].
2019-08-01 09:14:01,310 - INFO - Finished optomization, results are [-25.922640963132146 array([1.00153233e-01, 1.94957069e+03])].
2019-08-01 09:14:01,310 - INFO - Beginning optimization with guess, [ 0.06234103 40.43703501].
2019-08-01 09:14:03,841 - INFO - Finished optomization, results are [-25.762681373734956 array([1.00319483e-01, 2.23769804e+03])].
2019-08-01 09:14:03,841 - INFO - Beginning optimization with guess, [1.18880081e-01 1.45626898e+02].
2019-08-01 09:14:05,828 - INFO - Finished optomization, results are [-25.81208981777621 array([1.00571226e-01, 2.11440029e+03])].
2019-08-01 09:14:05,828 - INFO - Beginning optimization with guess, [  0.17661928 133.54381855].
2019-08-01 09:14:07,968 - INFO - Finished optomization, results are [-25.848277685876717 array([1.00192385e-01, 2.07132455e+03])].
2019-08-01 09:14:07,969 - INFO - Beginning optimization with guess, [ 0.12404112 45.57990043].
2019-08-01 09:14:11,109 - INFO - Finished optomization, results are [-26.00810695829286 array([9.57750041e-02, 2.20272989e+03])].
2019-08-01 09:14:11,109 - INFO - Beginning optimization with guess, [5.44964121e-02 6.12331096e+01].
2019-08-01 09:14:13,351 - INFO - Finished optomization, results are [-25.749620254768693 array([1.01635949e-01, 2.19237928e+03])].
2019-08-01 09:14:13,351 - INFO - Beginning optimization with guess, [  0.16984807 113.81438937].
2019-08-01 09:14:16,001 - INFO - Finished optomization, results are [-26.13142673799001 array([9.60031206e-02, 2.01790276e+03])].
2019-08-01 09:14:16,002 - INFO - Beginning optimization with guess, [  0.17487371 132.81900642].
2019-08-01 09:14:18,671 - INFO - Finished optomization, results are [-25.881983283472103 array([1.00115476e-01, 2.01781682e+03])].
2019-08-01 09:14:18,671 - INFO - Beginning optimization with guess, [ 0.04929363 44.03662752].
2019-08-01 09:14:21,349 - INFO - Finished optomization, results are [-26.303406706516856 array([9.20956234e-02, 2.23447113e+03])].
2019-08-01 09:14:21,349 - INFO - Beginning optimization with guess, [ 0.16144064 64.85493987].
2019-08-01 09:14:23,504 - INFO - Finished optomization, results are [-25.766802333450926 array([1.00003622e-01, 2.24965324e+03])].
2019-08-01 09:14:23,505 - INFO - Beginning optimization with guess, [  0.11900259 116.16608574].
2019-08-01 09:14:25,355 - INFO - Finished optomization, results are [-25.97652636579879 array([9.6554847e-02, 2.1712165e+03])].
2019-08-01 09:14:25,356 - INFO - Beginning optimization with guess, [ 0.07763143 54.36868594].
2019-08-01 09:14:30,245 - INFO - Finished optomization, results are [-25.789840506548195 array([9.90873602e-02, 2.26771239e+03])].
2019-08-01 09:14:30,246 - INFO - Beginning optimization with guess, [7.97531873e-02 1.05919910e+02].
2019-08-01 09:14:32,233 - INFO - Finished optomization, results are [-25.783338125838135 array([1.02670623e-01, 2.05862610e+03])].
2019-08-01 09:14:32,233 - INFO - Beginning optimization with guess, [ 0.08147683 44.13627646].
2019-08-01 09:14:37,542 - INFO - Finished optomization, results are [-25.76320088220684 array([9.99011456e-02, 2.26496277e+03])].
2019-08-01 09:14:37,542 - INFO - Beginning optimization with guess, [4.75812760e-02 1.17319838e+02].
2019-08-01 09:14:41,089 - INFO - Finished optomization, results are [-25.811227968913272 array([1.01699505e-01, 2.04604461e+03])].
2019-08-01 09:14:41,090 - INFO - Beginning optimization with guess, [ 0.11092584 96.27770725].
2019-08-01 09:14:45,502 - INFO - Finished optomization, results are [-25.850216472622392 array([9.80616399e-02, 2.23670240e+03])].
2019-08-01 09:14:45,502 - INFO - Beginning optimization with guess, [4.82243753e-02 1.07262106e+02].
2019-08-01 09:14:50,135 - INFO - Finished optomization, results are [-25.762647286644142 array([9.97652473e-02, 2.27582527e+03])].
2019-08-01 09:14:50,136 - INFO - Beginning optimization with guess, [ 0.04535619 45.25058239].
2019-08-01 09:14:52,822 - INFO - Finished optomization, results are [-25.95744878628353 array([9.58790145e-02, 2.26755230e+03])].
2019-08-01 09:14:52,822 - INFO - Beginning optimization with guess, [ 0.12314358 50.72328542].
2019-08-01 09:14:54,470 - INFO - Finished optomization, results are [-26.36869537749266 array([9.20126945e-02, 2.17032099e+03])].
2019-08-01 09:14:54,470 - INFO - Beginning optimization with guess, [ 0.12835935 65.94696572].
2019-08-01 09:14:58,509 - INFO - Finished optomization, results are [-25.84490954763874 array([9.78808731e-02, 2.26233724e+03])].
2019-08-01 09:14:58,510 - INFO - Beginning optimization with guess, [ 0.10822694 68.65861952].
2019-08-01 09:15:00,554 - INFO - Finished optomization, results are [-25.861585085261677 array([9.81722939e-02, 2.20677538e+03])].
2019-08-01 09:15:00,554 - INFO - Beginning optimization with guess, [1.29024847e-01 1.38446537e+02].
2019-08-01 09:15:02,576 - INFO - Finished optomization, results are [-25.90651097588201 array([1.00450665e-01, 1.95383329e+03])].
2019-08-01 09:15:02,577 - INFO - Beginning optimization with guess, [6.58343776e-02 8.83817505e+01].
2019-08-01 09:15:04,327 - INFO - Finished optomization, results are [-25.958868053848974 array([9.59624640e-02, 2.25679013e+03])].
2019-08-01 09:15:04,327 - INFO - Beginning optimization with guess, [5.80757144e-02 1.44937655e+02].
2019-08-01 09:15:06,144 - INFO - Finished optomization, results are [-25.91809042420458 array([1.11288442e-01, 1.85193190e+03])].
2019-08-01 09:15:06,144 - INFO - Beginning optimization with guess, [4.85603237e-02 1.08260662e+02].
2019-08-01 09:15:09,588 - INFO - Finished optomization, results are [-25.83410599868457 array([9.87859159e-02, 2.20482164e+03])].
2019-08-01 09:15:09,588 - INFO - Beginning optimization with guess, [ 0.1430372  82.13149233].
2019-08-01 09:15:11,354 - INFO - Finished optomization, results are [-25.877154552653625 array([9.88353279e-02, 2.12409787e+03])].
2019-08-01 09:15:11,354 - INFO - Beginning optimization with guess, [8.44568235e-02 1.49981343e+02].
2019-08-01 09:15:13,431 - INFO - Finished optomization, results are [-25.73604289749158 array([1.01650535e-01, 2.22780995e+03])].
2019-08-01 09:15:13,431 - INFO - Beginning optimization with guess, [1.10747237e-01 1.47183132e+02].
2019-08-01 09:15:17,845 - INFO - Finished optomization, results are [-25.779178109900425 array([9.92955089e-02, 2.27408160e+03])].
2019-08-01 09:15:17,846 - INFO - Beginning optimization with guess, [ 0.12536241 76.20021682].
2019-08-01 09:15:19,482 - INFO - Finished optomization, results are [-26.011164843461703 array([9.85198531e-02, 1.94810829e+03])].
2019-08-01 09:15:19,482 - INFO - Beginning optimization with guess, [6.89154819e-02 1.46671366e+02].
2019-08-01 09:15:21,459 - INFO - Finished optomization, results are [-25.85128940262426 array([1.02514876e-01, 1.92096651e+03])].
2019-08-01 09:15:21,459 - INFO - Beginning optimization with guess, [  0.12944374 117.94916349].
2019-08-01 09:15:23,498 - INFO - Finished optomization, results are [-25.859420074413865 array([1.02164568e-01, 1.92512935e+03])].
2019-08-01 09:15:23,498 - INFO - Beginning optimization with guess, [5.21852270e-02 5.93191023e+01].
2019-08-01 09:15:25,388 - INFO - Finished optomization, results are [-26.064209929769234 array([9.57263842e-02, 2.13007747e+03])].
2019-08-01 09:15:25,389 - INFO - Beginning optimization with guess, [  0.17235863 122.400257  ].
2019-08-01 09:15:26,845 - INFO - Finished optomization, results are [-25.998247313239577 array([9.97597183e-02, 1.86952080e+03])].
2019-08-01 09:15:26,845 - INFO - Beginning optimization with guess, [1.21296355e-01 1.24684857e+02].
2019-08-01 09:15:31,764 - INFO - Finished optomization, results are [-25.723756196811266 array([1.01354655e-01, 2.27630047e+03])].
2019-08-01 09:15:31,765 - INFO - Beginning optimization with guess, [  0.12659655 124.68809986].
2019-08-01 09:15:33,939 - INFO - Finished optomization, results are [-25.825255339471937 array([1.00837098e-01, 2.07072393e+03])].
2019-08-01 09:15:33,939 - INFO - Beginning optimization with guess, [ 0.15094172 50.69676895].
2019-08-01 09:15:36,668 - INFO - Finished optomization, results are [-25.813156907037705 array([1.02462952e-01, 2.00063758e+03])].
2019-08-01 09:15:36,669 - INFO - Beginning optimization with guess, [ 0.04765575 45.42545116].
2019-08-01 09:15:38,474 - INFO - Finished optomization, results are [-26.224565650611893 array([9.40404066e-02, 2.10559792e+03])].
2019-08-01 09:15:38,475 - INFO - Beginning optimization with guess, [ 0.10100048 76.55779379].
2019-08-01 09:15:43,746 - INFO - Finished optomization, results are [-25.834881985733393 array([9.86017836e-02, 2.21858747e+03])].
2019-08-01 09:15:43,746 - INFO - Beginning optimization with guess, [ 0.10044745 52.87756532].
2019-08-01 09:15:47,561 - INFO - Finished optomization, results are [-25.82818088640694 array([9.81410488e-02, 2.27045093e+03])].
2019-08-01 09:15:47,561 - INFO - Beginning optimization with guess, [  0.14714895 128.42376795].
2019-08-01 09:15:49,662 - INFO - Finished optomization, results are [-25.891999093333865 array([1.03338318e-01, 1.80433237e+03])].
2019-08-01 09:15:49,662 - INFO - Beginning optimization with guess, [4.56585611e-02 5.68466389e+01].
2019-08-01 09:15:53,521 - INFO - Finished optomization, results are [-25.82429629835812 array([9.82469243e-02, 2.26863862e+03])].
2019-08-01 09:15:53,522 - INFO - Beginning optimization with guess, [  0.15201695 133.40040859].
2019-08-01 09:15:55,716 - INFO - Finished optomization, results are [-25.882277032628206 array([1.04367208e-01, 1.77421302e+03])].
2019-08-01 09:15:55,716 - INFO - Beginning optimization with guess, [  0.13253273 110.37806012].
2019-08-01 09:15:57,494 - INFO - Finished optomization, results are [-25.7729771201416 array([1.02586025e-01, 2.08798275e+03])].
2019-08-01 09:15:57,494 - INFO - Beginning optimization with guess, [ 0.14283915 40.18114004].
2019-08-01 09:15:59,348 - INFO - Finished optomization, results are [-25.79307181128981 array([1.03242608e-01, 2.01070109e+03])].
2019-08-01 09:15:59,348 - INFO - Beginning optimization with guess, [ 0.08380068 42.69807906].
2019-08-01 09:16:00,709 - INFO - Finished optomization, results are [-25.892969857991808 array([1.00777192e-01, 1.95338391e+03])].
2019-08-01 09:16:00,710 - INFO - Beginning optimization with guess, [1.02744022e-01 1.15529953e+02].
2019-08-01 09:16:03,209 - INFO - Finished optomization, results are [-25.933911108634234 array([1.00870454e-01, 1.88258382e+03])].
2019-08-01 09:16:03,209 - INFO - Beginning optimization with guess, [6.77819997e-02 1.13766496e+02].
2019-08-01 09:16:04,968 - INFO - Finished optomization, results are [-25.797399768932813 array([9.92045817e-02, 2.24295918e+03])].
2019-08-01 09:16:04,968 - INFO - Beginning optimization with guess, [  0.17844406 113.28785316].
2019-08-01 09:16:06,033 - INFO - Finished optomization, results are [-25.85819837030187 array([9.79130991e-02, 2.23552496e+03])].
2019-08-01 09:16:06,033 - INFO - Beginning optimization with guess, [ 0.12471207 45.33559564].
2019-08-01 09:16:07,655 - INFO - Finished optomization, results are [-25.979463328480286 array([9.57561907e-02, 2.24671049e+03])].
2019-08-01 09:16:07,655 - INFO - Beginning optimization with guess, [4.83623033e-02 4.93562163e+01].
2019-08-01 09:16:12,274 - INFO - Finished optomization, results are [-25.864100125767674 array([9.80580781e-02, 2.21230951e+03])].
2019-08-01 09:16:12,274 - INFO - Beginning optimization with guess, [ 0.0988028  59.23961587].
2019-08-01 09:16:14,311 - INFO - Finished optomization, results are [-25.863396149076713 array([1.00760009e-01, 2.00500777e+03])].
2019-08-01 09:16:14,312 - INFO - Finished DFE inference.
2019-08-01 09:16:14,312 - INFO - Integrating expected site-frequency spectrum.
2019-08-01 09:16:14,327 - INFO - Outputing results.
2019-08-01 09:16:14,330 - INFO - Pipeline executed succesfully.
