2019-08-12 10:26:08,564 - INFO - Beginning execution of fitdadi_infer_DFE.py in directory /u/home/j/jonmah/lohmueller_lab/Scripts

2019-08-12 10:26:08,564 - INFO - Progress is being logged to ../Data/AW_array_length_20154/seed_2_fitdadi_output/log.log

2019-08-12 10:26:08,564 - INFO - Parsed the following arguments:
	breed = AW
	outprefix = ../Data/AW_array_length_20154/seed_2_fitdadi_output/
	nonsyn_input_sfs = ../Data/AW_array_length_20154/seed_2_easySFS_output_nonsyn/dadi/pop1.sfs
	syn_input_sfs = ../Data/AW_array_length_20154/seed_2_easySFS_output_syn/dadi/pop1.sfs

2019-08-12 10:26:08,567 - INFO - Beginning optimization with guess, [0.2732071  0.16941154].
2019-08-12 10:26:10,996 - INFO - Finished optimization with guess, [0.2732071  0.16941154].
2019-08-12 10:26:10,996 - INFO - Best fit parameters: [0.19061465 0.0142285 ].
2019-08-12 10:26:11,013 - INFO - Maximum log composite likelihood: -41.7816157604.
2019-08-12 10:26:11,014 - INFO - Optimal value of theta: 11155.0979257.
2019-08-12 10:26:11,014 - INFO - Beginning optimization with guess, [0.81152539 0.1190771 ].
2019-08-12 10:26:12,970 - INFO - Finished optimization with guess, [0.81152539 0.1190771 ].
2019-08-12 10:26:12,971 - INFO - Best fit parameters: [0.19231712 0.01443821].
2019-08-12 10:26:12,988 - INFO - Maximum log composite likelihood: -41.7801736753.
2019-08-12 10:26:12,988 - INFO - Optimal value of theta: 11158.7723044.
2019-08-12 10:26:12,989 - INFO - Beginning optimization with guess, [0.91530323 0.0584388 ].
2019-08-12 10:26:14,599 - INFO - Finished optimization with guess, [0.91530323 0.0584388 ].
2019-08-12 10:26:14,600 - INFO - Best fit parameters: [0.17897008 0.01306212].
2019-08-12 10:26:14,617 - INFO - Maximum log composite likelihood: -41.7895125271.
2019-08-12 10:26:14,617 - INFO - Optimal value of theta: 11149.2697464.
2019-08-12 10:26:14,618 - INFO - Beginning optimization with guess, [0.2727308  0.09365264].
2019-08-12 10:26:16,676 - INFO - Finished optimization with guess, [0.2727308  0.09365264].
2019-08-12 10:26:16,676 - INFO - Best fit parameters: [0.18944736 0.01410734].
2019-08-12 10:26:16,693 - INFO - Maximum log composite likelihood: -41.7820521616.
2019-08-12 10:26:16,694 - INFO - Optimal value of theta: 11154.359066.
2019-08-12 10:26:16,694 - INFO - Beginning optimization with guess, [0.92737361 0.10490065].
2019-08-12 10:26:18,739 - INFO - Finished optimization with guess, [0.92737361 0.10490065].
2019-08-12 10:26:18,739 - INFO - Best fit parameters: [0.1881683 0.0140129].
2019-08-12 10:26:18,756 - INFO - Maximum log composite likelihood: -41.7811964214.
2019-08-12 10:26:18,757 - INFO - Optimal value of theta: 11156.7079086.
2019-08-12 10:26:18,757 - INFO - Beginning optimization with guess, [0.86853314 0.14445492].
2019-08-12 10:26:20,835 - INFO - Finished optimization with guess, [0.86853314 0.14445492].
2019-08-12 10:26:20,836 - INFO - Best fit parameters: [0.19077675 0.01424798].
2019-08-12 10:26:20,853 - INFO - Maximum log composite likelihood: -41.7814066603.
2019-08-12 10:26:20,854 - INFO - Optimal value of theta: 11155.4153382.
2019-08-12 10:26:20,854 - INFO - Beginning optimization with guess, [0.31654357 0.05102164].
2019-08-12 10:26:22,609 - INFO - Finished optimization with guess, [0.31654357 0.05102164].
2019-08-12 10:26:22,610 - INFO - Best fit parameters: [0.17638273 0.01283372].
2019-08-12 10:26:22,627 - INFO - Maximum log composite likelihood: -41.7913328777.
2019-08-12 10:26:22,628 - INFO - Optimal value of theta: 11150.1667277.
2019-08-12 10:26:22,628 - INFO - Beginning optimization with guess, [0.61109567 0.09086387].
2019-08-12 10:26:24,621 - INFO - Finished optimization with guess, [0.61109567 0.09086387].
2019-08-12 10:26:24,621 - INFO - Best fit parameters: [0.19114953 0.01427349].
2019-08-12 10:26:24,638 - INFO - Maximum log composite likelihood: -41.7822085331.
2019-08-12 10:26:24,639 - INFO - Optimal value of theta: 11154.5579045.
2019-08-12 10:26:24,639 - INFO - Beginning optimization with guess, [0.38628173 0.13848312].
2019-08-12 10:26:26,803 - INFO - Finished optimization with guess, [0.38628173 0.13848312].
2019-08-12 10:26:26,804 - INFO - Best fit parameters: [0.18225801 0.01341767].
2019-08-12 10:26:26,821 - INFO - Maximum log composite likelihood: -41.7849818953.
2019-08-12 10:26:26,822 - INFO - Optimal value of theta: 11153.6817027.
2019-08-12 10:26:26,822 - INFO - Beginning optimization with guess, [0.62878833 0.08813633].
2019-08-12 10:26:28,448 - INFO - Finished optimization with guess, [0.62878833 0.08813633].
2019-08-12 10:26:28,448 - INFO - Best fit parameters: [0.17582938 0.01275223].
2019-08-12 10:26:28,465 - INFO - Maximum log composite likelihood: -41.7936662278.
2019-08-12 10:26:28,466 - INFO - Optimal value of theta: 11147.3191665.
2019-08-12 10:26:28,466 - INFO - Beginning optimization with guess, [0.31099487 0.10041803].
2019-08-12 10:26:29,956 - INFO - Finished optimization with guess, [0.31099487 0.10041803].
2019-08-12 10:26:29,956 - INFO - Best fit parameters: [0.18248789 0.01337687].
2019-08-12 10:26:29,973 - INFO - Maximum log composite likelihood: -41.7893296062.
2019-08-12 10:26:29,974 - INFO - Optimal value of theta: 11148.2087884.
2019-08-12 10:26:29,974 - INFO - Beginning optimization with guess, [0.67784773 0.13000994].
2019-08-12 10:26:31,773 - INFO - Finished optimization with guess, [0.67784773 0.13000994].
2019-08-12 10:26:31,773 - INFO - Best fit parameters: [0.18645027 0.01385583].
2019-08-12 10:26:31,791 - INFO - Maximum log composite likelihood: -41.782166712.
2019-08-12 10:26:31,791 - INFO - Optimal value of theta: 11157.3024272.
2019-08-12 10:26:31,792 - INFO - Beginning optimization with guess, [0.36329335 0.06570579].
2019-08-12 10:26:33,429 - INFO - Finished optimization with guess, [0.36329335 0.06570579].
2019-08-12 10:26:33,429 - INFO - Best fit parameters: [0.18896026 0.01403746].
2019-08-12 10:26:33,446 - INFO - Maximum log composite likelihood: -41.7839392657.
2019-08-12 10:26:33,447 - INFO - Optimal value of theta: 11152.4244801.
2019-08-12 10:26:33,447 - INFO - Beginning optimization with guess, [0.96468271 0.1787735 ].
2019-08-12 10:26:36,068 - INFO - Finished optimization with guess, [0.96468271 0.1787735 ].
2019-08-12 10:26:36,068 - INFO - Best fit parameters: [0.17854879 0.01313905].
2019-08-12 10:26:36,085 - INFO - Maximum log composite likelihood: -41.7954497101.
2019-08-12 10:26:36,086 - INFO - Optimal value of theta: 11159.7377835.
2019-08-12 10:26:36,086 - INFO - Beginning optimization with guess, [0.38334875 0.05277468].
2019-08-12 10:26:38,395 - INFO - Finished optimization with guess, [0.38334875 0.05277468].
2019-08-12 10:26:38,395 - INFO - Best fit parameters: [0.19274571 0.01445597].
2019-08-12 10:26:38,412 - INFO - Maximum log composite likelihood: -41.7808802347.
2019-08-12 10:26:38,413 - INFO - Optimal value of theta: 11156.8350319.
2019-08-12 10:26:38,413 - INFO - Beginning optimization with guess, [0.43676474 0.1537421 ].
2019-08-12 10:26:40,071 - INFO - Finished optimization with guess, [0.43676474 0.1537421 ].
2019-08-12 10:26:40,071 - INFO - Best fit parameters: [0.19240633 0.01442186].
2019-08-12 10:26:40,088 - INFO - Maximum log composite likelihood: -41.7808530618.
2019-08-12 10:26:40,089 - INFO - Optimal value of theta: 11156.7416237.
2019-08-12 10:26:40,089 - INFO - Beginning optimization with guess, [0.86455907 0.05700827].
2019-08-12 10:26:42,186 - INFO - Finished optimization with guess, [0.86455907 0.05700827].
2019-08-12 10:26:42,186 - INFO - Best fit parameters: [0.18362002 0.01352394].
2019-08-12 10:26:42,203 - INFO - Maximum log composite likelihood: -41.7849757619.
2019-08-12 10:26:42,204 - INFO - Optimal value of theta: 11151.7979191.
2019-08-12 10:26:42,204 - INFO - Beginning optimization with guess, [0.80221881 0.12521577].
2019-08-12 10:26:44,095 - INFO - Finished optimization with guess, [0.80221881 0.12521577].
2019-08-12 10:26:44,097 - INFO - Best fit parameters: [0.18488747 0.01360851].
2019-08-12 10:26:44,114 - INFO - Maximum log composite likelihood: -41.7883919104.
2019-08-12 10:26:44,114 - INFO - Optimal value of theta: 11148.8017353.
2019-08-12 10:26:44,115 - INFO - Beginning optimization with guess, [0.52595697 0.06372408].
2019-08-12 10:26:46,843 - INFO - Finished optimization with guess, [0.52595697 0.06372408].
2019-08-12 10:26:46,843 - INFO - Best fit parameters: [0.19007601 0.01418036].
2019-08-12 10:26:46,861 - INFO - Maximum log composite likelihood: -41.7813443188.
2019-08-12 10:26:46,861 - INFO - Optimal value of theta: 11155.4047814.
2019-08-12 10:26:46,862 - INFO - Beginning optimization with guess, [0.47650304 0.08238178].
2019-08-12 10:26:49,497 - INFO - Finished optimization with guess, [0.47650304 0.08238178].
2019-08-12 10:26:49,497 - INFO - Best fit parameters: [0.18181884 0.01338025].
2019-08-12 10:26:49,515 - INFO - Maximum log composite likelihood: -41.7853396948.
2019-08-12 10:26:49,515 - INFO - Optimal value of theta: 11154.0087006.
2019-08-12 10:26:49,516 - INFO - Beginning optimization with guess, [0.52673439 0.07886739].
2019-08-12 10:26:51,339 - INFO - Finished optimization with guess, [0.52673439 0.07886739].
2019-08-12 10:26:51,340 - INFO - Best fit parameters: [0.18825792 0.01395364].
2019-08-12 10:26:51,357 - INFO - Maximum log composite likelihood: -41.7856508914.
2019-08-12 10:26:51,357 - INFO - Optimal value of theta: 11151.0189876.
2019-08-12 10:26:51,358 - INFO - Beginning optimization with guess, [0.75848611 0.11936747].
2019-08-12 10:26:53,502 - INFO - Finished optimization with guess, [0.75848611 0.11936747].
2019-08-12 10:26:53,502 - INFO - Best fit parameters: [0.19214012 0.01438048].
2019-08-12 10:26:53,519 - INFO - Maximum log composite likelihood: -41.7816896379.
2019-08-12 10:26:53,520 - INFO - Optimal value of theta: 11155.4765277.
2019-08-12 10:26:53,520 - INFO - Beginning optimization with guess, [0.46308003 0.18800048].
2019-08-12 10:26:56,267 - INFO - Finished optimization with guess, [0.46308003 0.18800048].
2019-08-12 10:26:56,268 - INFO - Best fit parameters: [0.18078798 0.01327813].
2019-08-12 10:26:56,285 - INFO - Maximum log composite likelihood: -41.7862898001.
2019-08-12 10:26:56,285 - INFO - Optimal value of theta: 11153.4985607.
2019-08-12 10:26:56,286 - INFO - Beginning optimization with guess, [0.30338231 0.14455874].
2019-08-12 10:26:57,843 - INFO - Finished optimization with guess, [0.30338231 0.14455874].
2019-08-12 10:26:57,843 - INFO - Best fit parameters: [0.18611444 0.01376068].
2019-08-12 10:26:57,860 - INFO - Maximum log composite likelihood: -41.784267874.
2019-08-12 10:26:57,861 - INFO - Optimal value of theta: 11151.9202252.
2019-08-12 10:26:57,861 - INFO - Beginning optimization with guess, [0.53937391 0.09019645].
2019-08-12 10:26:59,688 - INFO - Finished optimization with guess, [0.53937391 0.09019645].
2019-08-12 10:26:59,689 - INFO - Best fit parameters: [0.19328913 0.0145083 ].
2019-08-12 10:26:59,706 - INFO - Maximum log composite likelihood: -41.7810718756.
2019-08-12 10:26:59,706 - INFO - Optimal value of theta: 11156.7940077.
2019-08-12 10:26:59,707 - INFO - Beginning optimization with guess, [0.88034038 0.14070928].
2019-08-12 10:27:02,386 - INFO - Finished optimization with guess, [0.88034038 0.14070928].
2019-08-12 10:27:02,387 - INFO - Best fit parameters: [0.18701883 0.01381991].
2019-08-12 10:27:02,404 - INFO - Maximum log composite likelihood: -41.7874053454.
2019-08-12 10:27:02,404 - INFO - Optimal value of theta: 11149.6691392.
2019-08-12 10:27:02,405 - INFO - Beginning optimization with guess, [0.28176417 0.05908335].
2019-08-12 10:27:03,738 - INFO - Finished optimization with guess, [0.28176417 0.05908335].
2019-08-12 10:27:03,739 - INFO - Best fit parameters: [0.1777413  0.01289924].
2019-08-12 10:27:03,756 - INFO - Maximum log composite likelihood: -41.7961763961.
2019-08-12 10:27:03,757 - INFO - Optimal value of theta: 11144.750136.
2019-08-12 10:27:03,757 - INFO - Beginning optimization with guess, [0.47958565 0.07413219].
2019-08-12 10:27:05,530 - INFO - Finished optimization with guess, [0.47958565 0.07413219].
2019-08-12 10:27:05,530 - INFO - Best fit parameters: [0.17782194 0.0129457 ].
2019-08-12 10:27:05,547 - INFO - Maximum log composite likelihood: -41.791169484.
2019-08-12 10:27:05,548 - INFO - Optimal value of theta: 11148.3127211.
2019-08-12 10:27:05,548 - INFO - Beginning optimization with guess, [0.31613199 0.05740483].
2019-08-12 10:27:07,341 - INFO - Finished optimization with guess, [0.31613199 0.05740483].
2019-08-12 10:27:07,341 - INFO - Best fit parameters: [0.18171546 0.01336454].
2019-08-12 10:27:07,358 - INFO - Maximum log composite likelihood: -41.7854502325.
2019-08-12 10:27:07,359 - INFO - Optimal value of theta: 11153.4770268.
2019-08-12 10:27:07,359 - INFO - Beginning optimization with guess, [0.30784365 0.0769099 ].
2019-08-12 10:27:08,897 - INFO - Finished optimization with guess, [0.30784365 0.0769099 ].
2019-08-12 10:27:08,897 - INFO - Best fit parameters: [0.18234521 0.01334248].
2019-08-12 10:27:08,914 - INFO - Maximum log composite likelihood: -41.7925658308.
2019-08-12 10:27:08,915 - INFO - Optimal value of theta: 11146.3544614.
2019-08-12 10:27:08,915 - INFO - Beginning optimization with guess, [0.60307455 0.16359593].
2019-08-12 10:27:10,742 - INFO - Finished optimization with guess, [0.60307455 0.16359593].
2019-08-12 10:27:10,742 - INFO - Best fit parameters: [0.18855051 0.0139912 ].
2019-08-12 10:27:10,759 - INFO - Maximum log composite likelihood: -41.7845946898.
2019-08-12 10:27:10,760 - INFO - Optimal value of theta: 11151.8288579.
2019-08-12 10:27:10,760 - INFO - Beginning optimization with guess, [0.66881593 0.19214408].
2019-08-12 10:27:12,658 - INFO - Finished optimization with guess, [0.66881593 0.19214408].
2019-08-12 10:27:12,659 - INFO - Best fit parameters: [0.18637847 0.01375616].
2019-08-12 10:27:12,676 - INFO - Maximum log composite likelihood: -41.7876719413.
2019-08-12 10:27:12,677 - INFO - Optimal value of theta: 11149.4033818.
2019-08-12 10:27:12,677 - INFO - Beginning optimization with guess, [0.85932246 0.07404714].
2019-08-12 10:27:14,855 - INFO - Finished optimization with guess, [0.85932246 0.07404714].
2019-08-12 10:27:14,855 - INFO - Best fit parameters: [0.18648735 0.01383018].
2019-08-12 10:27:14,873 - INFO - Maximum log composite likelihood: -41.7822207936.
2019-08-12 10:27:14,873 - INFO - Optimal value of theta: 11154.8241303.
2019-08-12 10:27:14,874 - INFO - Beginning optimization with guess, [0.65703648 0.08020446].
2019-08-12 10:27:16,942 - INFO - Finished optimization with guess, [0.65703648 0.08020446].
2019-08-12 10:27:16,942 - INFO - Best fit parameters: [0.1847177  0.01363211].
2019-08-12 10:27:16,960 - INFO - Maximum log composite likelihood: -41.7842726586.
2019-08-12 10:27:16,960 - INFO - Optimal value of theta: 11152.2157577.
2019-08-12 10:27:16,961 - INFO - Beginning optimization with guess, [0.2650907  0.06855322].
2019-08-12 10:27:18,144 - INFO - Finished optimization with guess, [0.2650907  0.06855322].
2019-08-12 10:27:18,144 - INFO - Best fit parameters: [0.19139608 0.01428947].
2019-08-12 10:27:18,162 - INFO - Maximum log composite likelihood: -41.7829740092.
2019-08-12 10:27:18,162 - INFO - Optimal value of theta: 11153.9180353.
2019-08-12 10:27:18,163 - INFO - Beginning optimization with guess, [0.48913346 0.15257405].
2019-08-12 10:27:19,772 - INFO - Finished optimization with guess, [0.48913346 0.15257405].
2019-08-12 10:27:19,773 - INFO - Best fit parameters: [0.19205215 0.01440537].
2019-08-12 10:27:19,790 - INFO - Maximum log composite likelihood: -41.7802554271.
2019-08-12 10:27:19,790 - INFO - Optimal value of theta: 11158.1955781.
2019-08-12 10:27:19,791 - INFO - Beginning optimization with guess, [0.87922026 0.06182282].
2019-08-12 10:27:21,604 - INFO - Finished optimization with guess, [0.87922026 0.06182282].
2019-08-12 10:27:21,604 - INFO - Best fit parameters: [0.17479135 0.01267128].
2019-08-12 10:27:21,621 - INFO - Maximum log composite likelihood: -41.7937337178.
2019-08-12 10:27:21,622 - INFO - Optimal value of theta: 11148.6006236.
2019-08-12 10:27:21,622 - INFO - Beginning optimization with guess, [0.88711845 0.10469342].
2019-08-12 10:27:23,501 - INFO - Finished optimization with guess, [0.88711845 0.10469342].
2019-08-12 10:27:23,502 - INFO - Best fit parameters: [0.19017416 0.01416029].
2019-08-12 10:27:23,519 - INFO - Maximum log composite likelihood: -41.783638603.
2019-08-12 10:27:23,519 - INFO - Optimal value of theta: 11152.9663162.
2019-08-12 10:27:23,520 - INFO - Beginning optimization with guess, [0.76583234 0.13201218].
2019-08-12 10:27:25,567 - INFO - Finished optimization with guess, [0.76583234 0.13201218].
2019-08-12 10:27:25,568 - INFO - Best fit parameters: [0.18849013 0.01398511].
2019-08-12 10:27:25,585 - INFO - Maximum log composite likelihood: -41.7846160974.
2019-08-12 10:27:25,585 - INFO - Optimal value of theta: 11151.8008391.
2019-08-12 10:27:25,586 - INFO - Beginning optimization with guess, [0.8089651  0.05018394].
2019-08-12 10:27:28,110 - INFO - Finished optimization with guess, [0.8089651  0.05018394].
2019-08-12 10:27:28,112 - INFO - Best fit parameters: [0.18758893 0.01389395].
2019-08-12 10:27:28,129 - INFO - Maximum log composite likelihood: -41.7850082321.
2019-08-12 10:27:28,130 - INFO - Optimal value of theta: 11151.3545722.
2019-08-12 10:27:28,130 - INFO - Beginning optimization with guess, [0.42494229 0.05298956].
2019-08-12 10:27:30,718 - INFO - Finished optimization with guess, [0.42494229 0.05298956].
2019-08-12 10:27:30,718 - INFO - Best fit parameters: [0.18465852 0.01366289].
2019-08-12 10:27:30,736 - INFO - Maximum log composite likelihood: -41.7831111721.
2019-08-12 10:27:30,736 - INFO - Optimal value of theta: 11155.3500853.
2019-08-12 10:27:30,737 - INFO - Beginning optimization with guess, [0.26388823 0.05431446].
2019-08-12 10:27:32,067 - INFO - Finished optimization with guess, [0.26388823 0.05431446].
2019-08-12 10:27:32,068 - INFO - Best fit parameters: [0.1874363  0.01388045].
2019-08-12 10:27:32,085 - INFO - Maximum log composite likelihood: -41.7848706031.
2019-08-12 10:27:32,085 - INFO - Optimal value of theta: 11151.4396637.
2019-08-12 10:27:32,086 - INFO - Beginning optimization with guess, [0.30748098 0.094482  ].
2019-08-12 10:27:33,781 - INFO - Finished optimization with guess, [0.30748098 0.094482  ].
2019-08-12 10:27:33,781 - INFO - Best fit parameters: [0.19163005 0.01432094].
2019-08-12 10:27:33,798 - INFO - Maximum log composite likelihood: -41.7822842894.
2019-08-12 10:27:33,799 - INFO - Optimal value of theta: 11154.6442944.
2019-08-12 10:27:33,799 - INFO - Beginning optimization with guess, [0.35904301 0.13639527].
2019-08-12 10:27:35,649 - INFO - Finished optimization with guess, [0.35904301 0.13639527].
2019-08-12 10:27:35,650 - INFO - Best fit parameters: [0.18543351 0.0137385 ].
2019-08-12 10:27:35,667 - INFO - Maximum log composite likelihood: -41.7826073395.
2019-08-12 10:27:35,667 - INFO - Optimal value of theta: 11155.5402128.
2019-08-12 10:27:35,668 - INFO - Beginning optimization with guess, [0.63284657 0.13921496].
2019-08-12 10:27:37,928 - INFO - Finished optimization with guess, [0.63284657 0.13921496].
2019-08-12 10:27:37,928 - INFO - Best fit parameters: [0.18785254 0.01397587].
2019-08-12 10:27:37,945 - INFO - Maximum log composite likelihood: -41.7813843537.
2019-08-12 10:27:37,946 - INFO - Optimal value of theta: 11156.135557.
2019-08-12 10:27:37,946 - INFO - Beginning optimization with guess, [0.33489804 0.08615127].
2019-08-12 10:27:40,247 - INFO - Finished optimization with guess, [0.33489804 0.08615127].
2019-08-12 10:27:40,248 - INFO - Best fit parameters: [0.18896956 0.01406668].
2019-08-12 10:27:40,265 - INFO - Maximum log composite likelihood: -41.7817276074.
2019-08-12 10:27:40,266 - INFO - Optimal value of theta: 11154.7872811.
2019-08-12 10:27:40,266 - INFO - Beginning optimization with guess, [0.40837243 0.12466047].
2019-08-12 10:27:42,185 - INFO - Finished optimization with guess, [0.40837243 0.12466047].
2019-08-12 10:27:42,186 - INFO - Best fit parameters: [0.19162972 0.01435691].
2019-08-12 10:27:42,203 - INFO - Maximum log composite likelihood: -41.7803978811.
2019-08-12 10:27:42,203 - INFO - Optimal value of theta: 11157.5847608.
2019-08-12 10:27:42,204 - INFO - Beginning optimization with guess, [0.59452781 0.13194147].
2019-08-12 10:27:44,106 - INFO - Finished optimization with guess, [0.59452781 0.13194147].
2019-08-12 10:27:44,107 - INFO - Best fit parameters: [0.18998492 0.01421127].
2019-08-12 10:27:44,124 - INFO - Maximum log composite likelihood: -41.7806339335.
2019-08-12 10:27:44,125 - INFO - Optimal value of theta: 11158.6844034.
2019-08-12 10:27:44,125 - INFO - Beginning optimization with guess, [0.84246496 0.08755807].
2019-08-12 10:27:47,040 - INFO - Finished optimization with guess, [0.84246496 0.08755807].
2019-08-12 10:27:47,041 - INFO - Best fit parameters: [0.18701843 0.01387019].
2019-08-12 10:27:47,058 - INFO - Maximum log composite likelihood: -41.7824953966.
2019-08-12 10:27:47,059 - INFO - Optimal value of theta: 11153.9328043.
2019-08-12 10:27:47,059 - INFO - Beginning optimization with guess, [0.35104841 0.14160696].
2019-08-12 10:27:48,657 - INFO - Finished optimization with guess, [0.35104841 0.14160696].
2019-08-12 10:27:48,658 - INFO - Best fit parameters: [0.18356655 0.01352556].
2019-08-12 10:27:48,675 - INFO - Maximum log composite likelihood: -41.7846107692.
2019-08-12 10:27:48,675 - INFO - Optimal value of theta: 11152.375858.
2019-08-12 10:27:48,676 - INFO - Beginning optimization with guess, [0.70740556 0.08020319].
2019-08-12 10:27:50,980 - INFO - Finished optimization with guess, [0.70740556 0.08020319].
2019-08-12 10:27:50,981 - INFO - Best fit parameters: [0.19267864 0.01445852].
2019-08-12 10:27:50,998 - INFO - Maximum log composite likelihood: -41.7804929611.
2019-08-12 10:27:50,998 - INFO - Optimal value of theta: 11157.5700909.
2019-08-12 10:27:50,999 - INFO - Beginning optimization with guess, [0.34071022 0.08542154].
2019-08-12 10:27:53,001 - INFO - Finished optimization with guess, [0.34071022 0.08542154].
2019-08-12 10:27:53,001 - INFO - Best fit parameters: [0.1929203  0.01450137].
2019-08-12 10:27:53,018 - INFO - Maximum log composite likelihood: -41.7801392985.
2019-08-12 10:27:53,019 - INFO - Optimal value of theta: 11159.1337337.
2019-08-12 10:27:53,019 - INFO - Beginning optimization with guess, [0.38468138 0.05902542].
2019-08-12 10:27:55,218 - INFO - Finished optimization with guess, [0.38468138 0.05902542].
2019-08-12 10:27:55,219 - INFO - Best fit parameters: [0.18930569 0.01410088].
2019-08-12 10:27:55,236 - INFO - Maximum log composite likelihood: -41.7816155965.
2019-08-12 10:27:55,237 - INFO - Optimal value of theta: 11154.951289.
2019-08-12 10:27:55,237 - INFO - Beginning optimization with guess, [0.27040838 0.09733398].
2019-08-12 10:27:57,439 - INFO - Finished optimization with guess, [0.27040838 0.09733398].
2019-08-12 10:27:57,440 - INFO - Best fit parameters: [0.19188404 0.01439114].
2019-08-12 10:27:57,457 - INFO - Maximum log composite likelihood: -41.780233613.
2019-08-12 10:27:57,457 - INFO - Optimal value of theta: 11158.3649159.
2019-08-12 10:27:57,458 - INFO - Beginning optimization with guess, [0.77406845 0.05488155].
2019-08-12 10:27:59,221 - INFO - Finished optimization with guess, [0.77406845 0.05488155].
2019-08-12 10:27:59,221 - INFO - Best fit parameters: [0.17801512 0.0129445 ].
2019-08-12 10:27:59,238 - INFO - Maximum log composite likelihood: -41.7930825975.
2019-08-12 10:27:59,239 - INFO - Optimal value of theta: 11146.5846966.
2019-08-12 10:27:59,239 - INFO - Beginning optimization with guess, [0.62573235 0.06792605].
2019-08-12 10:28:01,310 - INFO - Finished optimization with guess, [0.62573235 0.06792605].
2019-08-12 10:28:01,311 - INFO - Best fit parameters: [0.18577934 0.01377283].
2019-08-12 10:28:01,328 - INFO - Maximum log composite likelihood: -41.7823976747.
2019-08-12 10:28:01,329 - INFO - Optimal value of theta: 11155.6696963.
2019-08-12 10:28:01,329 - INFO - Beginning optimization with guess, [0.67027853 0.0729758 ].
2019-08-12 10:28:03,613 - INFO - Finished optimization with guess, [0.67027853 0.0729758 ].
2019-08-12 10:28:03,613 - INFO - Best fit parameters: [0.18934765 0.01413689].
2019-08-12 10:28:03,630 - INFO - Maximum log composite likelihood: -41.7807514651.
2019-08-12 10:28:03,631 - INFO - Optimal value of theta: 11157.6089775.
2019-08-12 10:28:03,632 - INFO - Beginning optimization with guess, [0.56007421 0.08733047].
2019-08-12 10:28:05,861 - INFO - Finished optimization with guess, [0.56007421 0.08733047].
2019-08-12 10:28:05,861 - INFO - Best fit parameters: [0.19174376 0.0143534 ].
2019-08-12 10:28:05,878 - INFO - Maximum log composite likelihood: -41.7809241318.
2019-08-12 10:28:05,879 - INFO - Optimal value of theta: 11156.3973156.
2019-08-12 10:28:05,880 - INFO - Beginning optimization with guess, [0.40119262 0.14200201].
2019-08-12 10:28:07,275 - INFO - Finished optimization with guess, [0.40119262 0.14200201].
2019-08-12 10:28:07,275 - INFO - Best fit parameters: [0.18293426 0.01342779].
2019-08-12 10:28:07,292 - INFO - Maximum log composite likelihood: -41.7881025134.
2019-08-12 10:28:07,293 - INFO - Optimal value of theta: 11149.017066.
2019-08-12 10:28:07,293 - INFO - Beginning optimization with guess, [0.47319147 0.16798011].
2019-08-12 10:28:09,867 - INFO - Finished optimization with guess, [0.47319147 0.16798011].
2019-08-12 10:28:09,868 - INFO - Best fit parameters: [0.17816507 0.01302074].
2019-08-12 10:28:09,885 - INFO - Maximum log composite likelihood: -41.7890348985.
2019-08-12 10:28:09,885 - INFO - Optimal value of theta: 11152.2580297.
2019-08-12 10:28:09,886 - INFO - Beginning optimization with guess, [0.38659937 0.11851723].
2019-08-12 10:28:11,486 - INFO - Finished optimization with guess, [0.38659937 0.11851723].
2019-08-12 10:28:11,486 - INFO - Best fit parameters: [0.19210091 0.01440029].
2019-08-12 10:28:11,503 - INFO - Maximum log composite likelihood: -41.7804862082.
2019-08-12 10:28:11,504 - INFO - Optimal value of theta: 11157.3971701.
2019-08-12 10:28:11,504 - INFO - Beginning optimization with guess, [0.44139845 0.05719939].
2019-08-12 10:28:13,723 - INFO - Finished optimization with guess, [0.44139845 0.05719939].
2019-08-12 10:28:13,724 - INFO - Best fit parameters: [0.18382279 0.01357653].
2019-08-12 10:28:13,741 - INFO - Maximum log composite likelihood: -41.7837101195.
2019-08-12 10:28:13,742 - INFO - Optimal value of theta: 11154.7074263.
2019-08-12 10:28:13,742 - INFO - Beginning optimization with guess, [0.2776685  0.09640087].
2019-08-12 10:28:15,284 - INFO - Finished optimization with guess, [0.2776685  0.09640087].
2019-08-12 10:28:15,284 - INFO - Best fit parameters: [0.18816934 0.01396559].
2019-08-12 10:28:15,301 - INFO - Maximum log composite likelihood: -41.7834500603.
2019-08-12 10:28:15,302 - INFO - Optimal value of theta: 11152.7305666.
2019-08-12 10:28:15,302 - INFO - Beginning optimization with guess, [0.94656112 0.09589762].
2019-08-12 10:28:17,182 - INFO - Finished optimization with guess, [0.94656112 0.09589762].
2019-08-12 10:28:17,183 - INFO - Best fit parameters: [0.19198417 0.01437627].
2019-08-12 10:28:17,200 - INFO - Maximum log composite likelihood: -41.7809898636.
2019-08-12 10:28:17,200 - INFO - Optimal value of theta: 11156.3635712.
2019-08-12 10:28:17,201 - INFO - Beginning optimization with guess, [0.31660442 0.1951338 ].
2019-08-12 10:28:19,267 - INFO - Finished optimization with guess, [0.31660442 0.1951338 ].
2019-08-12 10:28:19,267 - INFO - Best fit parameters: [0.18475401 0.01363687].
2019-08-12 10:28:19,284 - INFO - Maximum log composite likelihood: -41.7841738973.
2019-08-12 10:28:19,285 - INFO - Optimal value of theta: 11152.3307514.
2019-08-12 10:28:19,285 - INFO - Beginning optimization with guess, [0.36899153 0.0992375 ].
2019-08-12 10:28:20,983 - INFO - Finished optimization with guess, [0.36899153 0.0992375 ].
2019-08-12 10:28:20,984 - INFO - Best fit parameters: [0.19254077 0.01441819].
2019-08-12 10:28:21,001 - INFO - Maximum log composite likelihood: -41.7819198398.
2019-08-12 10:28:21,002 - INFO - Optimal value of theta: 11155.3858143.
2019-08-12 10:28:21,002 - INFO - Beginning optimization with guess, [0.5194696  0.08725757].
2019-08-12 10:28:22,933 - INFO - Finished optimization with guess, [0.5194696  0.08725757].
2019-08-12 10:28:22,933 - INFO - Best fit parameters: [0.18869907 0.0140009 ].
2019-08-12 10:28:22,951 - INFO - Maximum log composite likelihood: -41.7851570748.
2019-08-12 10:28:22,951 - INFO - Optimal value of theta: 11151.4536245.
2019-08-12 10:28:22,952 - INFO - Beginning optimization with guess, [0.70331526 0.08288488].
2019-08-12 10:28:24,881 - INFO - Finished optimization with guess, [0.70331526 0.08288488].
2019-08-12 10:28:24,881 - INFO - Best fit parameters: [0.1932897  0.01452683].
2019-08-12 10:28:24,898 - INFO - Maximum log composite likelihood: -41.7803335616.
2019-08-12 10:28:24,899 - INFO - Optimal value of theta: 11158.2827623.
2019-08-12 10:28:24,899 - INFO - Beginning optimization with guess, [0.56795464 0.19596327].
2019-08-12 10:28:26,698 - INFO - Finished optimization with guess, [0.56795464 0.19596327].
2019-08-12 10:28:26,699 - INFO - Best fit parameters: [0.19173317 0.01433203].
2019-08-12 10:28:26,716 - INFO - Maximum log composite likelihood: -41.7822304735.
2019-08-12 10:28:26,716 - INFO - Optimal value of theta: 11154.7362336.
2019-08-12 10:28:26,717 - INFO - Beginning optimization with guess, [0.73538076 0.13079526].
2019-08-12 10:28:28,938 - INFO - Finished optimization with guess, [0.73538076 0.13079526].
2019-08-12 10:28:28,938 - INFO - Best fit parameters: [0.19170214 0.0143943 ].
2019-08-12 10:28:28,955 - INFO - Maximum log composite likelihood: -41.7804198521.
2019-08-12 10:28:28,956 - INFO - Optimal value of theta: 11160.0612182.
2019-08-12 10:28:28,956 - INFO - Beginning optimization with guess, [0.35749569 0.15743736].
2019-08-12 10:28:31,057 - INFO - Finished optimization with guess, [0.35749569 0.15743736].
2019-08-12 10:28:31,058 - INFO - Best fit parameters: [0.19051468 0.01423689].
2019-08-12 10:28:31,075 - INFO - Maximum log composite likelihood: -41.7807484462.
2019-08-12 10:28:31,076 - INFO - Optimal value of theta: 11156.5821968.
2019-08-12 10:28:31,076 - INFO - Beginning optimization with guess, [0.79104808 0.08481807].
2019-08-12 10:28:32,968 - INFO - Finished optimization with guess, [0.79104808 0.08481807].
2019-08-12 10:28:32,968 - INFO - Best fit parameters: [0.18464612 0.01359578].
2019-08-12 10:28:32,985 - INFO - Maximum log composite likelihood: -41.7870638832.
2019-08-12 10:28:32,986 - INFO - Optimal value of theta: 11149.6625879.
2019-08-12 10:28:32,987 - INFO - Beginning optimization with guess, [0.62793785 0.05063874].
2019-08-12 10:28:34,915 - INFO - Finished optimization with guess, [0.62793785 0.05063874].
2019-08-12 10:28:34,915 - INFO - Best fit parameters: [0.18576059 0.01376788].
2019-08-12 10:28:34,932 - INFO - Maximum log composite likelihood: -41.7824287133.
2019-08-12 10:28:34,933 - INFO - Optimal value of theta: 11155.3986654.
2019-08-12 10:28:34,933 - INFO - Beginning optimization with guess, [0.35807218 0.17979377].
2019-08-12 10:28:36,693 - INFO - Finished optimization with guess, [0.35807218 0.17979377].
2019-08-12 10:28:36,693 - INFO - Best fit parameters: [0.18291951 0.01349108].
2019-08-12 10:28:36,710 - INFO - Maximum log composite likelihood: -41.7844123593.
2019-08-12 10:28:36,711 - INFO - Optimal value of theta: 11154.6719183.
2019-08-12 10:28:36,711 - INFO - Beginning optimization with guess, [0.38169016 0.0708984 ].
2019-08-12 10:28:38,318 - INFO - Finished optimization with guess, [0.38169016 0.0708984 ].
2019-08-12 10:28:38,319 - INFO - Best fit parameters: [0.19081822 0.01424371].
2019-08-12 10:28:38,336 - INFO - Maximum log composite likelihood: -41.7819549957.
2019-08-12 10:28:38,337 - INFO - Optimal value of theta: 11154.7356314.
2019-08-12 10:28:38,337 - INFO - Beginning optimization with guess, [0.98168714 0.13622025].
2019-08-12 10:28:40,310 - INFO - Finished optimization with guess, [0.98168714 0.13622025].
2019-08-12 10:28:40,311 - INFO - Best fit parameters: [0.19116249 0.01432836].
2019-08-12 10:28:40,328 - INFO - Maximum log composite likelihood: -41.7803271603.
2019-08-12 10:28:40,328 - INFO - Optimal value of theta: 11158.9512908.
2019-08-12 10:28:40,329 - INFO - Beginning optimization with guess, [0.87852348 0.14958724].
2019-08-12 10:28:42,278 - INFO - Finished optimization with guess, [0.87852348 0.14958724].
2019-08-12 10:28:42,278 - INFO - Best fit parameters: [0.17573484 0.01279793].
2019-08-12 10:28:42,295 - INFO - Maximum log composite likelihood: -41.7922003034.
2019-08-12 10:28:42,296 - INFO - Optimal value of theta: 11152.3495023.
2019-08-12 10:28:42,296 - INFO - Beginning optimization with guess, [0.31872895 0.1543695 ].
2019-08-12 10:28:44,025 - INFO - Finished optimization with guess, [0.31872895 0.1543695 ].
2019-08-12 10:28:44,025 - INFO - Best fit parameters: [0.18847337 0.01407466].
2019-08-12 10:28:44,042 - INFO - Maximum log composite likelihood: -41.7816829546.
2019-08-12 10:28:44,043 - INFO - Optimal value of theta: 11159.4271415.
2019-08-12 10:28:44,043 - INFO - Beginning optimization with guess, [0.59796212 0.19375949].
2019-08-12 10:28:45,557 - INFO - Finished optimization with guess, [0.59796212 0.19375949].
2019-08-12 10:28:45,557 - INFO - Best fit parameters: [0.19014789 0.01416508].
2019-08-12 10:28:45,574 - INFO - Maximum log composite likelihood: -41.7829281984.
2019-08-12 10:28:45,575 - INFO - Optimal value of theta: 11153.5702311.
2019-08-12 10:28:45,575 - INFO - Beginning optimization with guess, [0.26077363 0.05072949].
2019-08-12 10:28:48,371 - INFO - Finished optimization with guess, [0.26077363 0.05072949].
2019-08-12 10:28:48,371 - INFO - Best fit parameters: [0.19268729 0.01446638].
2019-08-12 10:28:48,388 - INFO - Maximum log composite likelihood: -41.7802977215.
2019-08-12 10:28:48,389 - INFO - Optimal value of theta: 11158.1378263.
2019-08-12 10:28:48,389 - INFO - Beginning optimization with guess, [0.33695885 0.05700809].
2019-08-12 10:28:49,735 - INFO - Finished optimization with guess, [0.33695885 0.05700809].
2019-08-12 10:28:49,735 - INFO - Best fit parameters: [0.18308854 0.01344987].
2019-08-12 10:28:49,752 - INFO - Maximum log composite likelihood: -41.7872107927.
2019-08-12 10:28:49,753 - INFO - Optimal value of theta: 11149.6858691.
2019-08-12 10:28:49,753 - INFO - Beginning optimization with guess, [0.44664007 0.06829017].
2019-08-12 10:28:51,524 - INFO - Finished optimization with guess, [0.44664007 0.06829017].
2019-08-12 10:28:51,525 - INFO - Best fit parameters: [0.19192633 0.01440761].
2019-08-12 10:28:51,542 - INFO - Maximum log composite likelihood: -41.7802237751.
2019-08-12 10:28:51,543 - INFO - Optimal value of theta: 11159.3716377.
2019-08-12 10:28:51,543 - INFO - Beginning optimization with guess, [0.28237246 0.11082592].
2019-08-12 10:28:53,410 - INFO - Finished optimization with guess, [0.28237246 0.11082592].
2019-08-12 10:28:53,410 - INFO - Best fit parameters: [0.19618273 0.01478906].
2019-08-12 10:28:53,427 - INFO - Maximum log composite likelihood: -41.7828788482.
2019-08-12 10:28:53,428 - INFO - Optimal value of theta: 11156.6228833.
2019-08-12 10:28:53,428 - INFO - Beginning optimization with guess, [0.46943493 0.19360796].
2019-08-12 10:28:55,368 - INFO - Finished optimization with guess, [0.46943493 0.19360796].
2019-08-12 10:28:55,368 - INFO - Best fit parameters: [0.18500273 0.01365901].
2019-08-12 10:28:55,385 - INFO - Maximum log composite likelihood: -41.7841914629.
2019-08-12 10:28:55,386 - INFO - Optimal value of theta: 11152.2158993.
2019-08-12 10:28:55,387 - INFO - Beginning optimization with guess, [0.76477876 0.14656073].
2019-08-12 10:28:57,156 - INFO - Finished optimization with guess, [0.76477876 0.14656073].
2019-08-12 10:28:57,156 - INFO - Best fit parameters: [0.18993666 0.01414072].
2019-08-12 10:28:57,173 - INFO - Maximum log composite likelihood: -41.7832438769.
2019-08-12 10:28:57,174 - INFO - Optimal value of theta: 11153.2331891.
2019-08-12 10:28:57,174 - INFO - Beginning optimization with guess, [0.65359528 0.07435913].
2019-08-12 10:28:59,120 - INFO - Finished optimization with guess, [0.65359528 0.07435913].
2019-08-12 10:28:59,121 - INFO - Best fit parameters: [0.19247159 0.01442676].
2019-08-12 10:28:59,138 - INFO - Maximum log composite likelihood: -41.7809383516.
2019-08-12 10:28:59,138 - INFO - Optimal value of theta: 11156.6251969.
2019-08-12 10:28:59,139 - INFO - Beginning optimization with guess, [0.72864937 0.05644703].
2019-08-12 10:29:01,092 - INFO - Finished optimization with guess, [0.72864937 0.05644703].
2019-08-12 10:29:01,093 - INFO - Best fit parameters: [0.18845921 0.01402587].
2019-08-12 10:29:01,110 - INFO - Maximum log composite likelihood: -41.7814237038.
2019-08-12 10:29:01,111 - INFO - Optimal value of theta: 11155.4619413.
2019-08-12 10:29:01,111 - INFO - Beginning optimization with guess, [0.79592677 0.065666  ].
2019-08-12 10:29:02,755 - INFO - Finished optimization with guess, [0.79592677 0.065666  ].
2019-08-12 10:29:02,755 - INFO - Best fit parameters: [0.17470348 0.01266758].
2019-08-12 10:29:02,772 - INFO - Maximum log composite likelihood: -41.7936511066.
2019-08-12 10:29:02,773 - INFO - Optimal value of theta: 11149.0028528.
2019-08-12 10:29:02,773 - INFO - Beginning optimization with guess, [0.61670558 0.16268136].
2019-08-12 10:29:04,797 - INFO - Finished optimization with guess, [0.61670558 0.16268136].
2019-08-12 10:29:04,797 - INFO - Best fit parameters: [0.19090709 0.01427111].
2019-08-12 10:29:04,814 - INFO - Maximum log composite likelihood: -41.7808903891.
2019-08-12 10:29:04,815 - INFO - Optimal value of theta: 11156.2826648.
2019-08-12 10:29:04,815 - INFO - Beginning optimization with guess, [0.88848584 0.05126021].
2019-08-12 10:29:07,230 - INFO - Finished optimization with guess, [0.88848584 0.05126021].
2019-08-12 10:29:07,231 - INFO - Best fit parameters: [0.18951709 0.0140863 ].
2019-08-12 10:29:07,248 - INFO - Maximum log composite likelihood: -41.7845945421.
2019-08-12 10:29:07,248 - INFO - Optimal value of theta: 11152.0552615.
2019-08-12 10:29:07,249 - INFO - Beginning optimization with guess, [0.78842326 0.08635048].
