2019-07-25 10:57:06,476 - INFO - Beginning execution of fitdadi_infer_DFE.py in directory /u/home/j/jonmah/lohmueller_lab/Scripts

2019-07-25 10:57:06,476 - INFO - Progress is being logged to ../Data/AW_1760_AW_poscon_2000/seed_1_fitdadi_output/log.log

2019-07-25 10:57:06,476 - INFO - Parsed the following arguments:
	breed = AW
	outprefix = ../Data/AW_1760_AW_poscon_2000/seed_1_fitdadi_output/
	nonsyn_input_sfs = ../Data/AW_1760_AW_poscon_2000/seed_1_easySFS_output_nonsyn/dadi/pop1.sfs
	syn_input_sfs = ../Data/AW_1760_AW_poscon_2000/seed_1_easySFS_output_syn/dadi/pop1.sfs

2019-07-25 10:57:06,478 - INFO - Beginning optimization with guess, [0.57542423 0.19383236].
2019-07-25 10:57:07,256 - INFO - Finished optimization with guess, [0.57542423 0.19383236].
2019-07-25 10:57:07,257 - INFO - Best fit parameters: [0.0001     0.00020112].
2019-07-25 10:57:07,273 - INFO - Maximum log composite likelihood: -22.9049967431.
2019-07-25 10:57:07,273 - INFO - Optimal value of theta: 60.943621018.
2019-07-25 10:57:07,274 - INFO - Beginning optimization with guess, [0.0001627  0.00029018].
2019-07-25 10:57:07,716 - INFO - Finished optimization with guess, [0.0001627  0.00029018].
2019-07-25 10:57:07,716 - INFO - Best fit parameters: [0.0001     0.00020117].
2019-07-25 10:57:07,733 - INFO - Maximum log composite likelihood: -22.9049967436.
2019-07-25 10:57:07,733 - INFO - Optimal value of theta: 60.9742073006.
2019-07-25 10:57:07,733 - INFO - Beginning optimization with guess, [0.000101   0.00036536].
2019-07-25 10:57:08,935 - INFO - Finished optimization with guess, [0.000101   0.00036536].
2019-07-25 10:57:08,935 - INFO - Best fit parameters: [0.00011697 0.00022903].
2019-07-25 10:57:08,953 - INFO - Maximum log composite likelihood: -22.9051334594.
2019-07-25 10:57:08,953 - INFO - Optimal value of theta: 57.7882231638.
2019-07-25 10:57:08,953 - INFO - Beginning optimization with guess, [0.0001537  0.00024273].
2019-07-25 10:57:09,564 - INFO - Finished optimization with guess, [0.0001537  0.00024273].
2019-07-25 10:57:09,565 - INFO - Best fit parameters: [0.0001     0.00020113].
2019-07-25 10:57:09,582 - INFO - Maximum log composite likelihood: -22.904996743.
2019-07-25 10:57:09,582 - INFO - Optimal value of theta: 60.9497403668.
2019-07-25 10:57:09,583 - INFO - Beginning optimization with guess, [0.0001325  0.00023932].
2019-07-25 10:57:10,032 - INFO - Finished optimization with guess, [0.0001325  0.00023932].
2019-07-25 10:57:10,032 - INFO - Best fit parameters: [0.0001     0.00020117].
2019-07-25 10:57:10,050 - INFO - Maximum log composite likelihood: -22.9049967434.
2019-07-25 10:57:10,051 - INFO - Optimal value of theta: 60.9717044185.
2019-07-25 10:57:10,051 - INFO - Beginning optimization with guess, [0.000101   0.00019261].
2019-07-25 10:57:10,314 - INFO - Finished optimization with guess, [0.000101   0.00019261].
2019-07-25 10:57:10,314 - INFO - Best fit parameters: [0.0001     0.00020109].
2019-07-25 10:57:10,332 - INFO - Maximum log composite likelihood: -22.9049967439.
2019-07-25 10:57:10,333 - INFO - Optimal value of theta: 60.9252470652.
2019-07-25 10:57:10,333 - INFO - Beginning optimization with guess, [0.000101  0.0001187].
2019-07-25 10:57:10,776 - INFO - Finished optimization with guess, [0.000101  0.0001187].
2019-07-25 10:57:10,776 - INFO - Best fit parameters: [0.0001     0.00020116].
2019-07-25 10:57:10,794 - INFO - Maximum log composite likelihood: -22.9049967433.
2019-07-25 10:57:10,794 - INFO - Optimal value of theta: 60.9689893664.
2019-07-25 10:57:10,794 - INFO - Beginning optimization with guess, [0.00012517 0.00030724].
2019-07-25 10:57:11,334 - INFO - Finished optimization with guess, [0.00012517 0.00030724].
2019-07-25 10:57:11,334 - INFO - Best fit parameters: [0.0001     0.00020106].
2019-07-25 10:57:11,352 - INFO - Maximum log composite likelihood: -22.9049967455.
2019-07-25 10:57:11,352 - INFO - Optimal value of theta: 60.9075069737.
2019-07-25 10:57:11,353 - INFO - Beginning optimization with guess, [0.000101   0.00039465].
2019-07-25 10:57:12,117 - INFO - Finished optimization with guess, [0.000101   0.00039465].
2019-07-25 10:57:12,117 - INFO - Best fit parameters: [0.0001   0.000201].
2019-07-25 10:57:12,135 - INFO - Maximum log composite likelihood: -22.9049967523.
2019-07-25 10:57:12,135 - INFO - Optimal value of theta: 60.8669617762.
2019-07-25 10:57:12,135 - INFO - Beginning optimization with guess, [0.000101   0.00014905].
2019-07-25 10:57:12,540 - INFO - Finished optimization with guess, [0.000101   0.00014905].
2019-07-25 10:57:12,540 - INFO - Best fit parameters: [0.0001    0.0002011].
2019-07-25 10:57:12,558 - INFO - Maximum log composite likelihood: -22.9049967437.
2019-07-25 10:57:12,558 - INFO - Optimal value of theta: 60.9281142314.
2019-07-25 10:57:12,558 - INFO - Beginning optimization with guess, [0.00010445 0.00010353].
2019-07-25 10:57:13,045 - INFO - Finished optimization with guess, [0.00010445 0.00010353].
2019-07-25 10:57:13,045 - INFO - Best fit parameters: [0.0001     0.00020117].
2019-07-25 10:57:13,063 - INFO - Maximum log composite likelihood: -22.9049967434.
2019-07-25 10:57:13,063 - INFO - Optimal value of theta: 60.9709740167.
2019-07-25 10:57:13,063 - INFO - Beginning optimization with guess, [0.000101   0.00022402].
2019-07-25 10:57:13,389 - INFO - Finished optimization with guess, [0.000101   0.00022402].
2019-07-25 10:57:13,389 - INFO - Best fit parameters: [0.0001     0.00020124].
2019-07-25 10:57:13,407 - INFO - Maximum log composite likelihood: -22.9049967407.
2019-07-25 10:57:13,407 - INFO - Optimal value of theta: 61.0123008965.
2019-07-25 10:57:13,407 - INFO - Beginning optimization with guess, [0.00014274 0.00013816].
2019-07-25 10:57:13,899 - INFO - Finished optimization with guess, [0.00014274 0.00013816].
2019-07-25 10:57:13,899 - INFO - Best fit parameters: [0.0001     0.00020123].
2019-07-25 10:57:13,917 - INFO - Maximum log composite likelihood: -22.9049967409.
2019-07-25 10:57:13,917 - INFO - Optimal value of theta: 61.0110520874.
2019-07-25 10:57:13,918 - INFO - Beginning optimization with guess, [0.000101   0.00015815].
2019-07-25 10:57:14,273 - INFO - Finished optimization with guess, [0.000101   0.00015815].
2019-07-25 10:57:14,273 - INFO - Best fit parameters: [0.0001     0.00020107].
2019-07-25 10:57:14,291 - INFO - Maximum log composite likelihood: -22.904996745.
2019-07-25 10:57:14,291 - INFO - Optimal value of theta: 60.9119226939.
2019-07-25 10:57:14,292 - INFO - Beginning optimization with guess, [0.000101   0.00037112].
2019-07-25 10:57:14,887 - INFO - Finished optimization with guess, [0.000101   0.00037112].
2019-07-25 10:57:14,887 - INFO - Best fit parameters: [0.0001     0.00020129].
2019-07-25 10:57:14,905 - INFO - Maximum log composite likelihood: -22.904996737.
2019-07-25 10:57:14,905 - INFO - Optimal value of theta: 61.0432330707.
2019-07-25 10:57:14,905 - INFO - Beginning optimization with guess, [0.00010232 0.00010455].
2019-07-25 10:57:15,339 - INFO - Finished optimization with guess, [0.00010232 0.00010455].
2019-07-25 10:57:15,339 - INFO - Best fit parameters: [0.0001     0.00020116].
2019-07-25 10:57:15,357 - INFO - Maximum log composite likelihood: -22.9049967432.
2019-07-25 10:57:15,357 - INFO - Optimal value of theta: 60.9667484188.
2019-07-25 10:57:15,357 - INFO - Beginning optimization with guess, [0.00019587 0.00023327].
2019-07-25 10:57:15,968 - INFO - Finished optimization with guess, [0.00019587 0.00023327].
2019-07-25 10:57:15,969 - INFO - Best fit parameters: [0.0001     0.00020122].
2019-07-25 10:57:15,986 - INFO - Maximum log composite likelihood: -22.9049967419.
2019-07-25 10:57:15,987 - INFO - Optimal value of theta: 61.0053040132.
2019-07-25 10:57:15,987 - INFO - Beginning optimization with guess, [0.000101   0.00016769].
2019-07-25 10:57:16,325 - INFO - Finished optimization with guess, [0.000101   0.00016769].
2019-07-25 10:57:16,325 - INFO - Best fit parameters: [0.0001     0.00020122].
2019-07-25 10:57:16,343 - INFO - Maximum log composite likelihood: -22.9049967426.
2019-07-25 10:57:16,344 - INFO - Optimal value of theta: 61.0013125182.
2019-07-25 10:57:16,344 - INFO - Beginning optimization with guess, [0.00018854 0.00011046].
2019-07-25 10:57:16,753 - INFO - Finished optimization with guess, [0.00018854 0.00011046].
2019-07-25 10:57:16,753 - INFO - Best fit parameters: [0.0001     0.00020121].
2019-07-25 10:57:16,771 - INFO - Maximum log composite likelihood: -22.9049967441.
2019-07-25 10:57:16,771 - INFO - Optimal value of theta: 60.993808139.
2019-07-25 10:57:16,772 - INFO - Beginning optimization with guess, [0.000101   0.00027471].
2019-07-25 10:57:17,317 - INFO - Finished optimization with guess, [0.000101   0.00027471].
2019-07-25 10:57:17,317 - INFO - Best fit parameters: [0.0001     0.00020127].
2019-07-25 10:57:17,335 - INFO - Maximum log composite likelihood: -22.9049967381.
2019-07-25 10:57:17,336 - INFO - Optimal value of theta: 61.0314775996.
2019-07-25 10:57:17,336 - INFO - Beginning optimization with guess, [0.00016965 0.00021107].
2019-07-25 10:57:18,000 - INFO - Finished optimization with guess, [0.00016965 0.00021107].
2019-07-25 10:57:18,000 - INFO - Best fit parameters: [0.0001     0.00020114].
2019-07-25 10:57:18,018 - INFO - Maximum log composite likelihood: -22.904996743.
2019-07-25 10:57:18,018 - INFO - Optimal value of theta: 60.9524313486.
2019-07-25 10:57:18,018 - INFO - Beginning optimization with guess, [0.00012443 0.00010733].
2019-07-25 10:57:18,453 - INFO - Finished optimization with guess, [0.00012443 0.00010733].
2019-07-25 10:57:18,453 - INFO - Best fit parameters: [0.0001     0.00020103].
2019-07-25 10:57:18,471 - INFO - Maximum log composite likelihood: -22.9049967484.
2019-07-25 10:57:18,471 - INFO - Optimal value of theta: 60.8870869998.
2019-07-25 10:57:18,471 - INFO - Beginning optimization with guess, [0.000101   0.00016711].
2019-07-25 10:57:18,831 - INFO - Finished optimization with guess, [0.000101   0.00016711].
2019-07-25 10:57:18,831 - INFO - Best fit parameters: [0.0001     0.00020126].
2019-07-25 10:57:18,849 - INFO - Maximum log composite likelihood: -22.9049967389.
2019-07-25 10:57:18,849 - INFO - Optimal value of theta: 61.0247915963.
2019-07-25 10:57:18,849 - INFO - Beginning optimization with guess, [0.000101  0.0002313].
2019-07-25 10:57:19,177 - INFO - Finished optimization with guess, [0.000101  0.0002313].
2019-07-25 10:57:19,177 - INFO - Best fit parameters: [0.0001     0.00020116].
2019-07-25 10:57:19,195 - INFO - Maximum log composite likelihood: -22.9049967432.
2019-07-25 10:57:19,196 - INFO - Optimal value of theta: 60.9660182123.
2019-07-25 10:57:19,196 - INFO - Beginning optimization with guess, [0.00013759 0.00015041].
2019-07-25 10:57:19,692 - INFO - Finished optimization with guess, [0.00013759 0.00015041].
2019-07-25 10:57:19,693 - INFO - Best fit parameters: [0.0001     0.00020117].
2019-07-25 10:57:19,710 - INFO - Maximum log composite likelihood: -22.9049967435.
2019-07-25 10:57:19,711 - INFO - Optimal value of theta: 60.9732993714.
2019-07-25 10:57:19,711 - INFO - Beginning optimization with guess, [0.00016451 0.00033795].
2019-07-25 10:57:20,152 - INFO - Finished optimization with guess, [0.00016451 0.00033795].
2019-07-25 10:57:20,152 - INFO - Best fit parameters: [0.0001     0.00020112].
2019-07-25 10:57:20,168 - INFO - Maximum log composite likelihood: -22.9049967431.
2019-07-25 10:57:20,169 - INFO - Optimal value of theta: 60.9436956554.
2019-07-25 10:57:20,169 - INFO - Beginning optimization with guess, [0.00019805 0.00021585].
2019-07-25 10:57:20,827 - INFO - Finished optimization with guess, [0.00019805 0.00021585].
2019-07-25 10:57:20,827 - INFO - Best fit parameters: [0.0001     0.00020116].
2019-07-25 10:57:20,844 - INFO - Maximum log composite likelihood: -22.9049967433.
2019-07-25 10:57:20,844 - INFO - Optimal value of theta: 60.9688364905.
2019-07-25 10:57:20,844 - INFO - Beginning optimization with guess, [0.000101   0.00034441].
2019-07-25 10:57:21,508 - INFO - Finished optimization with guess, [0.000101   0.00034441].
2019-07-25 10:57:21,509 - INFO - Best fit parameters: [0.0001    0.0002011].
2019-07-25 10:57:21,526 - INFO - Maximum log composite likelihood: -22.9049967438.
2019-07-25 10:57:21,527 - INFO - Optimal value of theta: 60.9272609374.
2019-07-25 10:57:21,527 - INFO - Beginning optimization with guess, [0.000101   0.00016783].
2019-07-25 10:57:21,888 - INFO - Finished optimization with guess, [0.000101   0.00016783].
2019-07-25 10:57:21,888 - INFO - Best fit parameters: [0.0001     0.00020122].
2019-07-25 10:57:21,906 - INFO - Maximum log composite likelihood: -22.9049967426.
2019-07-25 10:57:21,906 - INFO - Optimal value of theta: 61.0014257995.
2019-07-25 10:57:21,906 - INFO - Beginning optimization with guess, [0.00011578 0.00015211].
2019-07-25 10:57:22,304 - INFO - Finished optimization with guess, [0.00011578 0.00015211].
2019-07-25 10:57:22,304 - INFO - Best fit parameters: [0.0001     0.00020108].
2019-07-25 10:57:22,322 - INFO - Maximum log composite likelihood: -22.9049967443.
2019-07-25 10:57:22,322 - INFO - Optimal value of theta: 60.9201137952.
2019-07-25 10:57:22,323 - INFO - Beginning optimization with guess, [0.00013861 0.00024333].
2019-07-25 10:57:22,799 - INFO - Finished optimization with guess, [0.00013861 0.00024333].
2019-07-25 10:57:22,800 - INFO - Best fit parameters: [0.0001     0.00020123].
2019-07-25 10:57:22,817 - INFO - Maximum log composite likelihood: -22.9049967409.
2019-07-25 10:57:22,818 - INFO - Optimal value of theta: 61.0110191342.
2019-07-25 10:57:22,818 - INFO - Beginning optimization with guess, [0.00012133 0.00036321].
2019-07-25 10:57:23,376 - INFO - Finished optimization with guess, [0.00012133 0.00036321].
2019-07-25 10:57:23,376 - INFO - Best fit parameters: [0.0001     0.00020105].
2019-07-25 10:57:23,394 - INFO - Maximum log composite likelihood: -22.904996747.
2019-07-25 10:57:23,395 - INFO - Optimal value of theta: 60.8963790943.
2019-07-25 10:57:23,395 - INFO - Beginning optimization with guess, [0.00015243 0.00031164].
2019-07-25 10:57:23,817 - INFO - Finished optimization with guess, [0.00015243 0.00031164].
2019-07-25 10:57:23,817 - INFO - Best fit parameters: [0.0001     0.00020136].
2019-07-25 10:57:23,835 - INFO - Maximum log composite likelihood: -22.9049967362.
2019-07-25 10:57:23,835 - INFO - Optimal value of theta: 61.0890468886.
2019-07-25 10:57:23,835 - INFO - Beginning optimization with guess, [0.00010552 0.00034447].
2019-07-25 10:57:24,359 - INFO - Finished optimization with guess, [0.00010552 0.00034447].
2019-07-25 10:57:24,359 - INFO - Best fit parameters: [0.0001     0.00020107].
2019-07-25 10:57:24,377 - INFO - Maximum log composite likelihood: -22.9049967448.
2019-07-25 10:57:24,377 - INFO - Optimal value of theta: 60.9141103145.
2019-07-25 10:57:24,377 - INFO - Beginning optimization with guess, [0.00011747 0.00015185].
2019-07-25 10:57:24,774 - INFO - Finished optimization with guess, [0.00011747 0.00015185].
2019-07-25 10:57:24,775 - INFO - Best fit parameters: [0.0001     0.00020102].
2019-07-25 10:57:24,792 - INFO - Maximum log composite likelihood: -22.9049967495.
2019-07-25 10:57:24,793 - INFO - Optimal value of theta: 60.8811161883.
2019-07-25 10:57:24,793 - INFO - Beginning optimization with guess, [0.000101   0.00035853].
2019-07-25 10:57:25,381 - INFO - Finished optimization with guess, [0.000101   0.00035853].
2019-07-25 10:57:25,381 - INFO - Best fit parameters: [0.0001     0.00020116].
2019-07-25 10:57:25,399 - INFO - Maximum log composite likelihood: -22.9049967433.
2019-07-25 10:57:25,399 - INFO - Optimal value of theta: 60.9681377954.
2019-07-25 10:57:25,399 - INFO - Beginning optimization with guess, [0.000101   0.00014923].
2019-07-25 10:57:25,752 - INFO - Finished optimization with guess, [0.000101   0.00014923].
2019-07-25 10:57:25,752 - INFO - Best fit parameters: [0.0001     0.00020104].
2019-07-25 10:57:25,770 - INFO - Maximum log composite likelihood: -22.9049967477.
2019-07-25 10:57:25,770 - INFO - Optimal value of theta: 60.8913903898.
2019-07-25 10:57:25,770 - INFO - Beginning optimization with guess, [0.00014225 0.00023599].
2019-07-25 10:57:26,348 - INFO - Finished optimization with guess, [0.00014225 0.00023599].
2019-07-25 10:57:26,348 - INFO - Best fit parameters: [0.0001     0.00020114].
2019-07-25 10:57:26,366 - INFO - Maximum log composite likelihood: -22.904996743.
2019-07-25 10:57:26,366 - INFO - Optimal value of theta: 60.9550443309.
2019-07-25 10:57:26,366 - INFO - Beginning optimization with guess, [0.00011792 0.00011199].
2019-07-25 10:57:26,801 - INFO - Finished optimization with guess, [0.00011792 0.00011199].
2019-07-25 10:57:26,801 - INFO - Best fit parameters: [0.0001     0.00020109].
2019-07-25 10:57:26,819 - INFO - Maximum log composite likelihood: -22.9049967439.
2019-07-25 10:57:26,820 - INFO - Optimal value of theta: 60.9246219146.
2019-07-25 10:57:26,820 - INFO - Beginning optimization with guess, [0.00015497 0.00012266].
2019-07-25 10:57:27,259 - INFO - Finished optimization with guess, [0.00015497 0.00012266].
2019-07-25 10:57:27,259 - INFO - Best fit parameters: [0.0001     0.00020114].
2019-07-25 10:57:27,277 - INFO - Maximum log composite likelihood: -22.904996743.
2019-07-25 10:57:27,277 - INFO - Optimal value of theta: 60.952452187.
2019-07-25 10:57:27,278 - INFO - Beginning optimization with guess, [0.00014153 0.00025627].
2019-07-25 10:57:27,860 - INFO - Finished optimization with guess, [0.00014153 0.00025627].
2019-07-25 10:57:27,860 - INFO - Best fit parameters: [0.0001     0.00020134].
2019-07-25 10:57:27,878 - INFO - Maximum log composite likelihood: -22.9049967359.
2019-07-25 10:57:27,878 - INFO - Optimal value of theta: 61.0742891212.
2019-07-25 10:57:27,878 - INFO - Beginning optimization with guess, [0.000101   0.00018588].
2019-07-25 10:57:28,193 - INFO - Finished optimization with guess, [0.000101   0.00018588].
2019-07-25 10:57:28,194 - INFO - Best fit parameters: [0.0001     0.00020115].
2019-07-25 10:57:28,211 - INFO - Maximum log composite likelihood: -22.904996743.
2019-07-25 10:57:28,211 - INFO - Optimal value of theta: 60.9596585767.
2019-07-25 10:57:28,211 - INFO - Beginning optimization with guess, [0.000101   0.00018921].
2019-07-25 10:57:28,506 - INFO - Finished optimization with guess, [0.000101   0.00018921].
2019-07-25 10:57:28,506 - INFO - Best fit parameters: [0.0001     0.00020112].
2019-07-25 10:57:28,522 - INFO - Maximum log composite likelihood: -22.9049967431.
2019-07-25 10:57:28,523 - INFO - Optimal value of theta: 60.9409963461.
2019-07-25 10:57:28,523 - INFO - Beginning optimization with guess, [0.00010106 0.00028219].
2019-07-25 10:57:28,892 - INFO - Finished optimization with guess, [0.00010106 0.00028219].
2019-07-25 10:57:28,892 - INFO - Best fit parameters: [0.0001     0.00020112].
2019-07-25 10:57:28,908 - INFO - Maximum log composite likelihood: -22.9049967431.
2019-07-25 10:57:28,909 - INFO - Optimal value of theta: 60.9428103429.
2019-07-25 10:57:28,909 - INFO - Beginning optimization with guess, [0.00015895 0.00013691].
2019-07-25 10:57:29,397 - INFO - Finished optimization with guess, [0.00015895 0.00013691].
2019-07-25 10:57:29,397 - INFO - Best fit parameters: [0.0001     0.00020119].
2019-07-25 10:57:29,415 - INFO - Maximum log composite likelihood: -22.9049967442.
2019-07-25 10:57:29,415 - INFO - Optimal value of theta: 60.9838906563.
2019-07-25 10:57:29,415 - INFO - Beginning optimization with guess, [0.000101   0.00027153].
2019-07-25 10:57:29,861 - INFO - Finished optimization with guess, [0.000101   0.00027153].
2019-07-25 10:57:29,861 - INFO - Best fit parameters: [0.0001     0.00020132].
2019-07-25 10:57:29,879 - INFO - Maximum log composite likelihood: -22.904996736.
2019-07-25 10:57:29,879 - INFO - Optimal value of theta: 61.0625529145.
2019-07-25 10:57:29,879 - INFO - Beginning optimization with guess, [0.00015823 0.00020842].
2019-07-25 10:57:30,698 - INFO - Finished optimization with guess, [0.00015823 0.00020842].
2019-07-25 10:57:30,698 - INFO - Best fit parameters: [0.0001     0.00020135].
2019-07-25 10:57:30,716 - INFO - Maximum log composite likelihood: -22.904996736.
2019-07-25 10:57:30,716 - INFO - Optimal value of theta: 61.0836127676.
2019-07-25 10:57:30,716 - INFO - Beginning optimization with guess, [0.00018687 0.00039571].
2019-07-25 10:57:31,240 - INFO - Finished optimization with guess, [0.00018687 0.00039571].
2019-07-25 10:57:31,240 - INFO - Best fit parameters: [0.0001     0.00020106].
2019-07-25 10:57:31,258 - INFO - Maximum log composite likelihood: -22.9049967455.
2019-07-25 10:57:31,258 - INFO - Optimal value of theta: 60.9078810684.
2019-07-25 10:57:31,258 - INFO - Beginning optimization with guess, [0.000101   0.00030048].
2019-07-25 10:57:31,918 - INFO - Finished optimization with guess, [0.000101   0.00030048].
2019-07-25 10:57:31,919 - INFO - Best fit parameters: [0.0001     0.00020111].
2019-07-25 10:57:31,937 - INFO - Maximum log composite likelihood: -22.9049967434.
2019-07-25 10:57:31,937 - INFO - Optimal value of theta: 60.9335405085.
2019-07-25 10:57:31,937 - INFO - Beginning optimization with guess, [0.00017162 0.0001305 ].
2019-07-25 10:57:32,435 - INFO - Finished optimization with guess, [0.00017162 0.0001305 ].
2019-07-25 10:57:32,435 - INFO - Best fit parameters: [0.0001     0.00020114].
2019-07-25 10:57:32,453 - INFO - Maximum log composite likelihood: -22.904996743.
2019-07-25 10:57:32,453 - INFO - Optimal value of theta: 60.9554533545.
2019-07-25 10:57:32,454 - INFO - Finished demographic inference.
2019-07-25 10:57:32,454 - INFO - Beginning DFE inference.
2019-07-25 10:57:38,373 - INFO - Finished DFE inference.
2019-07-25 10:57:38,375 - INFO - Integrating expected site-frequency spectrum.
2019-07-25 10:57:38,389 - INFO - Outputing results.
2019-07-25 10:57:38,391 - INFO - Pipeline executed succesfully.
