2019-08-12 10:46:14,475 - INFO - Beginning execution of fitdadi_infer_DFE.py in directory /u/home/j/jonmah/lohmueller_lab/Scripts

2019-08-12 10:46:14,475 - INFO - Progress is being logged to ../Data/PG/seed_1_fitdadi_output/log.log

2019-08-12 10:46:14,476 - INFO - Parsed the following arguments:
	breed = AW
	outprefix = ../Data/PG/seed_1_fitdadi_output/
	nonsyn_input_sfs = ../Data/PG/seed_1_easySFS_output_nonsyn/dadi/pop1.sfs
	syn_input_sfs = ../Data/PG/seed_1_easySFS_output_syn/dadi/pop1.sfs

2019-08-12 10:46:14,481 - INFO - Beginning optimization with guess, [0.37644149 0.10552105].
2019-08-12 10:46:18,461 - INFO - Finished optimization with guess, [0.37644149 0.10552105].
2019-08-12 10:46:18,463 - INFO - Best fit parameters: [0.17084198 0.27414212].
2019-08-12 10:46:18,531 - INFO - Maximum log composite likelihood: -37.5884706556.
2019-08-12 10:46:18,532 - INFO - Optimal value of theta: 6376.68618623.
2019-08-12 10:46:18,533 - INFO - Beginning optimization with guess, [0.45903322 0.07419653].
2019-08-12 10:46:22,327 - INFO - Finished optimization with guess, [0.45903322 0.07419653].
2019-08-12 10:46:22,327 - INFO - Best fit parameters: [0.19064509 0.28050068].
2019-08-12 10:46:22,368 - INFO - Maximum log composite likelihood: -37.5900987567.
2019-08-12 10:46:22,369 - INFO - Optimal value of theta: 5716.10299359.
2019-08-12 10:46:22,369 - INFO - Beginning optimization with guess, [0.54505611 0.07160675].
2019-08-12 10:46:26,083 - INFO - Finished optimization with guess, [0.54505611 0.07160675].
2019-08-12 10:46:26,084 - INFO - Best fit parameters: [0.17537532 0.27566153].
2019-08-12 10:46:26,130 - INFO - Maximum log composite likelihood: -37.5885061038.
2019-08-12 10:46:26,131 - INFO - Optimal value of theta: 6208.87790939.
2019-08-12 10:46:26,131 - INFO - Beginning optimization with guess, [0.95968829 0.09420449].
2019-08-12 10:46:29,758 - INFO - Finished optimization with guess, [0.95968829 0.09420449].
2019-08-12 10:46:29,758 - INFO - Best fit parameters: [0.17957045 0.27731542].
2019-08-12 10:46:29,799 - INFO - Maximum log composite likelihood: -37.5890307212.
2019-08-12 10:46:29,800 - INFO - Optimal value of theta: 6067.20625305.
2019-08-12 10:46:29,800 - INFO - Beginning optimization with guess, [0.33046184 0.05240964].
2019-08-12 10:46:33,049 - INFO - Finished optimization with guess, [0.33046184 0.05240964].
2019-08-12 10:46:33,049 - INFO - Best fit parameters: [0.1711414  0.27452755].
2019-08-12 10:46:33,091 - INFO - Maximum log composite likelihood: -37.5889863605.
2019-08-12 10:46:33,092 - INFO - Optimal value of theta: 6369.87510617.
2019-08-12 10:46:33,092 - INFO - Beginning optimization with guess, [0.35009844 0.10361011].
2019-08-12 10:46:37,270 - INFO - Finished optimization with guess, [0.35009844 0.10361011].
2019-08-12 10:46:37,272 - INFO - Best fit parameters: [0.16528688 0.2716294 ].
2019-08-12 10:46:37,318 - INFO - Maximum log composite likelihood: -37.5880214964.
2019-08-12 10:46:37,319 - INFO - Optimal value of theta: 6587.90797421.
2019-08-12 10:46:37,319 - INFO - Beginning optimization with guess, [0.56159156 0.08989236].
2019-08-12 10:46:40,764 - INFO - Finished optimization with guess, [0.56159156 0.08989236].
2019-08-12 10:46:40,766 - INFO - Best fit parameters: [0.16409079 0.27099592].
2019-08-12 10:46:40,833 - INFO - Maximum log composite likelihood: -37.5879202201.
2019-08-12 10:46:40,834 - INFO - Optimal value of theta: 6634.21006172.
2019-08-12 10:46:40,834 - INFO - Beginning optimization with guess, [0.47169652 0.06068567].
2019-08-12 10:46:44,084 - INFO - Finished optimization with guess, [0.47169652 0.06068567].
2019-08-12 10:46:44,084 - INFO - Best fit parameters: [0.18114947 0.27800778].
2019-08-12 10:46:44,124 - INFO - Maximum log composite likelihood: -37.589495718.
2019-08-12 10:46:44,125 - INFO - Optimal value of theta: 6017.10875448.
2019-08-12 10:46:44,126 - INFO - Beginning optimization with guess, [0.47812357 0.08575246].
2019-08-12 10:46:47,378 - INFO - Finished optimization with guess, [0.47812357 0.08575246].
2019-08-12 10:46:47,378 - INFO - Best fit parameters: [0.19250571 0.28087274].
2019-08-12 10:46:47,417 - INFO - Maximum log composite likelihood: -37.5901894746.
2019-08-12 10:46:47,418 - INFO - Optimal value of theta: 5660.21397323.
2019-08-12 10:46:47,419 - INFO - Beginning optimization with guess, [0.5213605  0.09633745].
2019-08-12 10:46:51,447 - INFO - Finished optimization with guess, [0.5213605  0.09633745].
2019-08-12 10:46:51,449 - INFO - Best fit parameters: [0.16116355 0.26972844].
2019-08-12 10:46:51,497 - INFO - Maximum log composite likelihood: -37.5878639941.
2019-08-12 10:46:51,498 - INFO - Optimal value of theta: 6756.48411984.
2019-08-12 10:46:51,498 - INFO - Beginning optimization with guess, [0.56249758 0.11368479].
2019-08-12 10:46:55,376 - INFO - Finished optimization with guess, [0.56249758 0.11368479].
2019-08-12 10:46:55,377 - INFO - Best fit parameters: [0.17125121 0.27437307].
2019-08-12 10:46:55,418 - INFO - Maximum log composite likelihood: -37.5885981158.
2019-08-12 10:46:55,419 - INFO - Optimal value of theta: 6362.57834444.
2019-08-12 10:46:55,419 - INFO - Beginning optimization with guess, [0.32896932 0.14163016].
2019-08-12 10:46:59,016 - INFO - Finished optimization with guess, [0.32896932 0.14163016].
2019-08-12 10:46:59,017 - INFO - Best fit parameters: [0.15902277 0.26889982].
2019-08-12 10:46:59,059 - INFO - Maximum log composite likelihood: -37.588040734.
2019-08-12 10:46:59,060 - INFO - Optimal value of theta: 6851.55076576.
2019-08-12 10:46:59,060 - INFO - Beginning optimization with guess, [0.59665865 0.16458324].
2019-08-12 10:47:04,246 - INFO - Finished optimization with guess, [0.59665865 0.16458324].
2019-08-12 10:47:04,247 - INFO - Best fit parameters: [0.15307396 0.26523744].
2019-08-12 10:47:04,290 - INFO - Maximum log composite likelihood: -37.5876107743.
2019-08-12 10:47:04,290 - INFO - Optimal value of theta: 7107.01708364.
2019-08-12 10:47:04,291 - INFO - Beginning optimization with guess, [0.31072922 0.0931347 ].
2019-08-12 10:47:07,666 - INFO - Finished optimization with guess, [0.31072922 0.0931347 ].
2019-08-12 10:47:07,667 - INFO - Best fit parameters: [0.16879076 0.27344112].
2019-08-12 10:47:07,708 - INFO - Maximum log composite likelihood: -37.5885827902.
2019-08-12 10:47:07,709 - INFO - Optimal value of theta: 6456.36059785.
2019-08-12 10:47:07,709 - INFO - Beginning optimization with guess, [0.95964507 0.06432997].
2019-08-12 10:47:11,079 - INFO - Finished optimization with guess, [0.95964507 0.06432997].
2019-08-12 10:47:11,081 - INFO - Best fit parameters: [0.17333873 0.27508537].
2019-08-12 10:47:11,129 - INFO - Maximum log composite likelihood: -37.5885747197.
2019-08-12 10:47:11,129 - INFO - Optimal value of theta: 6284.51081273.
2019-08-12 10:47:11,130 - INFO - Beginning optimization with guess, [0.9969318  0.11070695].
2019-08-12 10:47:14,848 - INFO - Finished optimization with guess, [0.9969318  0.11070695].
2019-08-12 10:47:14,849 - INFO - Best fit parameters: [0.16715696 0.27263886].
2019-08-12 10:47:14,890 - INFO - Maximum log composite likelihood: -37.58831667.
2019-08-12 10:47:14,891 - INFO - Optimal value of theta: 6517.54369684.
2019-08-12 10:47:14,892 - INFO - Beginning optimization with guess, [0.4853898 0.1562549].
2019-08-12 10:47:17,232 - INFO - Finished optimization with guess, [0.4853898 0.1562549].
2019-08-12 10:47:17,233 - INFO - Best fit parameters: [0.16664766 0.27202233].
2019-08-12 10:47:17,276 - INFO - Maximum log composite likelihood: -37.5880028202.
2019-08-12 10:47:17,276 - INFO - Optimal value of theta: 6530.63751644.
2019-08-12 10:47:17,277 - INFO - Beginning optimization with guess, [0.97872377 0.15228384].
2019-08-12 10:47:22,261 - INFO - Finished optimization with guess, [0.97872377 0.15228384].
2019-08-12 10:47:22,262 - INFO - Best fit parameters: [0.1773047  0.27644506].
2019-08-12 10:47:22,302 - INFO - Maximum log composite likelihood: -37.5887267381.
2019-08-12 10:47:22,303 - INFO - Optimal value of theta: 6142.98268489.
2019-08-12 10:47:22,304 - INFO - Beginning optimization with guess, [0.31607117 0.1218549 ].
2019-08-12 10:47:26,055 - INFO - Finished optimization with guess, [0.31607117 0.1218549 ].
2019-08-12 10:47:26,057 - INFO - Best fit parameters: [0.18217806 0.27810822].
2019-08-12 10:47:26,100 - INFO - Maximum log composite likelihood: -37.5891784383.
2019-08-12 10:47:26,101 - INFO - Optimal value of theta: 5980.03466586.
2019-08-12 10:47:26,101 - INFO - Beginning optimization with guess, [0.67422589 0.08313932].
2019-08-12 10:47:29,833 - INFO - Finished optimization with guess, [0.67422589 0.08313932].
2019-08-12 10:47:29,833 - INFO - Best fit parameters: [0.17882561 0.27698482].
2019-08-12 10:47:29,880 - INFO - Maximum log composite likelihood: -37.5888583546.
2019-08-12 10:47:29,881 - INFO - Optimal value of theta: 6091.17805396.
2019-08-12 10:47:29,882 - INFO - Beginning optimization with guess, [0.32699943 0.12951838].
2019-08-12 10:47:33,795 - INFO - Finished optimization with guess, [0.32699943 0.12951838].
2019-08-12 10:47:33,796 - INFO - Best fit parameters: [0.17498117 0.27572107].
2019-08-12 10:47:33,844 - INFO - Maximum log composite likelihood: -37.5887100858.
2019-08-12 10:47:33,844 - INFO - Optimal value of theta: 6225.99499498.
2019-08-12 10:47:33,845 - INFO - Beginning optimization with guess, [0.5191265  0.05032544].
2019-08-12 10:47:37,215 - INFO - Finished optimization with guess, [0.5191265  0.05032544].
2019-08-12 10:47:37,215 - INFO - Best fit parameters: [0.19743999 0.28123116].
2019-08-12 10:47:37,261 - INFO - Maximum log composite likelihood: -37.5900740834.
2019-08-12 10:47:37,263 - INFO - Optimal value of theta: 5511.08773566.
2019-08-12 10:47:37,264 - INFO - Beginning optimization with guess, [0.44430947 0.14015241].
2019-08-12 10:47:42,125 - INFO - Finished optimization with guess, [0.44430947 0.14015241].
2019-08-12 10:47:42,125 - INFO - Best fit parameters: [0.16474057 0.27146979].
2019-08-12 10:47:42,166 - INFO - Maximum log composite likelihood: -37.588073978.
2019-08-12 10:47:42,167 - INFO - Optimal value of theta: 6611.2265877.
2019-08-12 10:47:42,168 - INFO - Beginning optimization with guess, [0.42364579 0.07593294].
2019-08-12 10:47:45,822 - INFO - Finished optimization with guess, [0.42364579 0.07593294].
2019-08-12 10:47:45,824 - INFO - Best fit parameters: [0.17667767 0.2763874 ].
2019-08-12 10:47:45,865 - INFO - Maximum log composite likelihood: -37.5889131695.
2019-08-12 10:47:45,866 - INFO - Optimal value of theta: 6167.20094371.
2019-08-12 10:47:45,867 - INFO - Beginning optimization with guess, [0.70554013 0.1774101 ].
2019-08-12 10:47:50,134 - INFO - Finished optimization with guess, [0.70554013 0.1774101 ].
2019-08-12 10:47:50,134 - INFO - Best fit parameters: [0.14885549 0.26344841].
2019-08-12 10:47:50,177 - INFO - Maximum log composite likelihood: -37.5879124147.
2019-08-12 10:47:50,178 - INFO - Optimal value of theta: 7321.60198524.
2019-08-12 10:47:50,178 - INFO - Beginning optimization with guess, [0.47161265 0.05126252].
2019-08-12 10:47:53,929 - INFO - Finished optimization with guess, [0.47161265 0.05126252].
2019-08-12 10:47:53,930 - INFO - Best fit parameters: [0.16244699 0.27074099].
2019-08-12 10:47:53,971 - INFO - Maximum log composite likelihood: -37.5885213043.
2019-08-12 10:47:53,972 - INFO - Optimal value of theta: 6710.41173461.
2019-08-12 10:47:53,973 - INFO - Beginning optimization with guess, [0.32098466 0.09455483].
2019-08-12 10:47:57,774 - INFO - Finished optimization with guess, [0.32098466 0.09455483].
2019-08-12 10:47:57,775 - INFO - Best fit parameters: [0.17914708 0.27713134].
2019-08-12 10:47:57,816 - INFO - Maximum log composite likelihood: -37.588934225.
2019-08-12 10:47:57,817 - INFO - Optimal value of theta: 6080.85887859.
2019-08-12 10:47:57,818 - INFO - Beginning optimization with guess, [0.40603386 0.16416948].
2019-08-12 10:48:01,799 - INFO - Finished optimization with guess, [0.40603386 0.16416948].
2019-08-12 10:48:01,801 - INFO - Best fit parameters: [0.16265543 0.27083345].
2019-08-12 10:48:01,843 - INFO - Maximum log composite likelihood: -37.5885174309.
2019-08-12 10:48:01,844 - INFO - Optimal value of theta: 6701.71348384.
2019-08-12 10:48:01,845 - INFO - Beginning optimization with guess, [0.40451437 0.09857621].
2019-08-12 10:48:05,513 - INFO - Finished optimization with guess, [0.40451437 0.09857621].
2019-08-12 10:48:05,513 - INFO - Best fit parameters: [0.19061749 0.28030554].
2019-08-12 10:48:05,551 - INFO - Maximum log composite likelihood: -37.5897841403.
2019-08-12 10:48:05,552 - INFO - Optimal value of theta: 5714.45533678.
2019-08-12 10:48:05,552 - INFO - Beginning optimization with guess, [0.60681564 0.12855983].
2019-08-12 10:48:09,816 - INFO - Finished optimization with guess, [0.60681564 0.12855983].
2019-08-12 10:48:09,817 - INFO - Best fit parameters: [0.17199716 0.27456826].
2019-08-12 10:48:09,857 - INFO - Maximum log composite likelihood: -37.5884944861.
2019-08-12 10:48:09,858 - INFO - Optimal value of theta: 6333.43215595.
2019-08-12 10:48:09,859 - INFO - Beginning optimization with guess, [0.43526116 0.10942877].
2019-08-12 10:48:13,698 - INFO - Finished optimization with guess, [0.43526116 0.10942877].
2019-08-12 10:48:13,698 - INFO - Best fit parameters: [0.17178081 0.27463744].
2019-08-12 10:48:13,747 - INFO - Maximum log composite likelihood: -37.5887261621.
2019-08-12 10:48:13,749 - INFO - Optimal value of theta: 6343.88471645.
2019-08-12 10:48:13,750 - INFO - Beginning optimization with guess, [0.54234904 0.07564236].
2019-08-12 10:48:17,409 - INFO - Finished optimization with guess, [0.54234904 0.07564236].
2019-08-12 10:48:17,409 - INFO - Best fit parameters: [0.18364224 0.27853302].
2019-08-12 10:48:17,448 - INFO - Maximum log composite likelihood: -37.5892740401.
2019-08-12 10:48:17,449 - INFO - Optimal value of theta: 5932.23154886.
2019-08-12 10:48:17,450 - INFO - Beginning optimization with guess, [0.78746838 0.081944  ].
2019-08-12 10:48:21,182 - INFO - Finished optimization with guess, [0.78746838 0.081944  ].
2019-08-12 10:48:21,183 - INFO - Best fit parameters: [0.16966103 0.27364121].
2019-08-12 10:48:21,244 - INFO - Maximum log composite likelihood: -37.5883754233.
2019-08-12 10:48:21,245 - INFO - Optimal value of theta: 6420.63316029.
2019-08-12 10:48:21,246 - INFO - Beginning optimization with guess, [0.92035577 0.16270905].
2019-08-12 10:48:27,242 - INFO - Finished optimization with guess, [0.92035577 0.16270905].
2019-08-12 10:48:27,243 - INFO - Best fit parameters: [0.16182812 0.27011194].
2019-08-12 10:48:27,285 - INFO - Maximum log composite likelihood: -37.587945254.
2019-08-12 10:48:27,286 - INFO - Optimal value of theta: 6729.95362102.
2019-08-12 10:48:27,286 - INFO - Beginning optimization with guess, [0.65723896 0.07932135].
2019-08-12 10:48:33,014 - INFO - Finished optimization with guess, [0.65723896 0.07932135].
2019-08-12 10:48:33,014 - INFO - Best fit parameters: [0.16767429 0.27288155].
2019-08-12 10:48:33,055 - INFO - Maximum log composite likelihood: -37.5883737909.
2019-08-12 10:48:33,056 - INFO - Optimal value of theta: 6497.8111085.
2019-08-12 10:48:33,056 - INFO - Beginning optimization with guess, [0.29591998 0.05041886].
2019-08-12 10:48:36,467 - INFO - Finished optimization with guess, [0.29591998 0.05041886].
2019-08-12 10:48:36,469 - INFO - Best fit parameters: [0.19658336 0.28141215].
2019-08-12 10:48:36,527 - INFO - Maximum log composite likelihood: -37.5902038792.
2019-08-12 10:48:36,529 - INFO - Optimal value of theta: 5539.2461762.
2019-08-12 10:48:36,530 - INFO - Beginning optimization with guess, [0.31837548 0.15421258].
2019-08-12 10:48:40,596 - INFO - Finished optimization with guess, [0.31837548 0.15421258].
2019-08-12 10:48:40,596 - INFO - Best fit parameters: [0.16285156 0.27093807].
2019-08-12 10:48:40,638 - INFO - Maximum log composite likelihood: -37.5885546623.
2019-08-12 10:48:40,638 - INFO - Optimal value of theta: 6693.8700263.
2019-08-12 10:48:40,639 - INFO - Beginning optimization with guess, [0.4948868  0.12641238].
2019-08-12 10:48:45,205 - INFO - Finished optimization with guess, [0.4948868  0.12641238].
2019-08-12 10:48:45,206 - INFO - Best fit parameters: [0.17324636 0.27513313].
2019-08-12 10:48:45,246 - INFO - Maximum log composite likelihood: -37.5886921384.
2019-08-12 10:48:45,247 - INFO - Optimal value of theta: 6289.16837018.
2019-08-12 10:48:45,247 - INFO - Beginning optimization with guess, [0.87494505 0.09562983].
2019-08-12 10:48:49,178 - INFO - Finished optimization with guess, [0.87494505 0.09562983].
2019-08-12 10:48:49,178 - INFO - Best fit parameters: [0.16935709 0.27358507].
2019-08-12 10:48:49,218 - INFO - Maximum log composite likelihood: -37.588457714.
2019-08-12 10:48:49,219 - INFO - Optimal value of theta: 6433.28248663.
2019-08-12 10:48:49,219 - INFO - Beginning optimization with guess, [0.4778602  0.07436285].
2019-08-12 10:48:52,780 - INFO - Finished optimization with guess, [0.4778602  0.07436285].
2019-08-12 10:48:52,781 - INFO - Best fit parameters: [0.17788731 0.27645309].
2019-08-12 10:48:52,820 - INFO - Maximum log composite likelihood: -37.5885986151.
2019-08-12 10:48:52,821 - INFO - Optimal value of theta: 6120.00604312.
2019-08-12 10:48:52,821 - INFO - Beginning optimization with guess, [0.36713066 0.12549521].
2019-08-12 10:48:56,678 - INFO - Finished optimization with guess, [0.36713066 0.12549521].
2019-08-12 10:48:56,679 - INFO - Best fit parameters: [0.17852265 0.27700947].
2019-08-12 10:48:56,718 - INFO - Maximum log composite likelihood: -37.5890217821.
2019-08-12 10:48:56,719 - INFO - Optimal value of theta: 6103.3802088.
2019-08-12 10:48:56,720 - INFO - Beginning optimization with guess, [0.42635869 0.07713021].
2019-08-12 10:49:00,260 - INFO - Finished optimization with guess, [0.42635869 0.07713021].
2019-08-12 10:49:00,261 - INFO - Best fit parameters: [0.1794429  0.27729037].
2019-08-12 10:49:00,301 - INFO - Maximum log composite likelihood: -37.5890480759.
2019-08-12 10:49:00,302 - INFO - Optimal value of theta: 6071.7630905.
2019-08-12 10:49:00,302 - INFO - Beginning optimization with guess, [0.34252939 0.13645702].
2019-08-12 10:49:04,261 - INFO - Finished optimization with guess, [0.34252939 0.13645702].
2019-08-12 10:49:04,262 - INFO - Best fit parameters: [0.17262401 0.27497224].
2019-08-12 10:49:04,302 - INFO - Maximum log composite likelihood: -37.5887899098.
2019-08-12 10:49:04,303 - INFO - Optimal value of theta: 6313.04777269.
2019-08-12 10:49:04,303 - INFO - Beginning optimization with guess, [0.7095751 0.1190892].
2019-08-12 10:49:08,143 - INFO - Finished optimization with guess, [0.7095751 0.1190892].
2019-08-12 10:49:08,144 - INFO - Best fit parameters: [0.1679892  0.27291545].
2019-08-12 10:49:08,185 - INFO - Maximum log composite likelihood: -37.5882532599.
2019-08-12 10:49:08,185 - INFO - Optimal value of theta: 6483.95433145.
2019-08-12 10:49:08,186 - INFO - Beginning optimization with guess, [0.53587676 0.13070937].
2019-08-12 10:49:13,930 - INFO - Finished optimization with guess, [0.53587676 0.13070937].
2019-08-12 10:49:13,931 - INFO - Best fit parameters: [0.13762319 0.25628598].
2019-08-12 10:49:13,994 - INFO - Maximum log composite likelihood: -37.587892894.
2019-08-12 10:49:13,996 - INFO - Optimal value of theta: 7921.46862717.
2019-08-12 10:49:13,998 - INFO - Beginning optimization with guess, [0.36107864 0.06431365].
2019-08-12 10:49:17,724 - INFO - Finished optimization with guess, [0.36107864 0.06431365].
2019-08-12 10:49:17,725 - INFO - Best fit parameters: [0.1760779 0.2760748].
2019-08-12 10:49:17,765 - INFO - Maximum log composite likelihood: -37.5887217963.
2019-08-12 10:49:17,766 - INFO - Optimal value of theta: 6186.63090503.
2019-08-12 10:49:17,766 - INFO - Beginning optimization with guess, [0.25584132 0.10676069].
2019-08-12 10:49:21,367 - INFO - Finished optimization with guess, [0.25584132 0.10676069].
2019-08-12 10:49:21,367 - INFO - Best fit parameters: [0.17357191 0.27509783].
2019-08-12 10:49:21,407 - INFO - Maximum log composite likelihood: -37.588495919.
2019-08-12 10:49:21,408 - INFO - Optimal value of theta: 6274.88319134.
2019-08-12 10:49:21,408 - INFO - Beginning optimization with guess, [0.98727722 0.10809088].
2019-08-12 10:49:25,057 - INFO - Finished optimization with guess, [0.98727722 0.10809088].
2019-08-12 10:49:25,058 - INFO - Best fit parameters: [0.17570131 0.27605675].
2019-08-12 10:49:25,111 - INFO - Maximum log composite likelihood: -37.5888755524.
2019-08-12 10:49:25,112 - INFO - Optimal value of theta: 6201.67408327.
2019-08-12 10:49:25,113 - INFO - Beginning optimization with guess, [0.55164037 0.0504602 ].
2019-08-12 10:49:28,540 - INFO - Finished optimization with guess, [0.55164037 0.0504602 ].
2019-08-12 10:49:28,541 - INFO - Best fit parameters: [0.17835853 0.27650011].
2019-08-12 10:49:28,580 - INFO - Maximum log composite likelihood: -37.5885839364.
2019-08-12 10:49:28,581 - INFO - Optimal value of theta: 6102.18296755.
2019-08-12 10:49:28,581 - INFO - Beginning optimization with guess, [0.31086269 0.15184139].
2019-08-12 10:49:32,347 - INFO - Finished optimization with guess, [0.31086269 0.15184139].
2019-08-12 10:49:32,349 - INFO - Best fit parameters: [0.17423699 0.27557449].
2019-08-12 10:49:32,395 - INFO - Maximum log composite likelihood: -37.5888755499.
2019-08-12 10:49:32,396 - INFO - Optimal value of theta: 6254.55295074.
2019-08-12 10:49:32,396 - INFO - Beginning optimization with guess, [0.92656576 0.06877863].
2019-08-12 10:49:35,548 - INFO - Finished optimization with guess, [0.92656576 0.06877863].
2019-08-12 10:49:35,549 - INFO - Best fit parameters: [0.17777516 0.27669849].
2019-08-12 10:49:35,588 - INFO - Maximum log composite likelihood: -37.5888791343.
2019-08-12 10:49:35,589 - INFO - Optimal value of theta: 6128.13695344.
2019-08-12 10:49:35,589 - INFO - Beginning optimization with guess, [0.82376335 0.06802794].
2019-08-12 10:49:39,192 - INFO - Finished optimization with guess, [0.82376335 0.06802794].
2019-08-12 10:49:39,192 - INFO - Best fit parameters: [0.17589662 0.27602595].
2019-08-12 10:49:39,233 - INFO - Maximum log composite likelihood: -37.5887319568.
2019-08-12 10:49:39,234 - INFO - Optimal value of theta: 6193.24467411.
2019-08-12 10:49:39,234 - INFO - Beginning optimization with guess, [0.52593386 0.11247376].
2019-08-12 10:49:43,872 - INFO - Finished optimization with guess, [0.52593386 0.11247376].
2019-08-12 10:49:43,873 - INFO - Best fit parameters: [0.16368096 0.27104399].
2019-08-12 10:49:43,915 - INFO - Maximum log composite likelihood: -37.5880935938.
2019-08-12 10:49:43,916 - INFO - Optimal value of theta: 6654.99330566.
2019-08-12 10:49:43,917 - INFO - Beginning optimization with guess, [0.60976861 0.07946997].
2019-08-12 10:49:47,198 - INFO - Finished optimization with guess, [0.60976861 0.07946997].
2019-08-12 10:49:47,199 - INFO - Best fit parameters: [0.16990366 0.27376049].
2019-08-12 10:49:47,240 - INFO - Maximum log composite likelihood: -37.5884155134.
2019-08-12 10:49:47,240 - INFO - Optimal value of theta: 6411.80863555.
2019-08-12 10:49:47,241 - INFO - Beginning optimization with guess, [0.38438986 0.1767621 ].
2019-08-12 10:49:50,884 - INFO - Finished optimization with guess, [0.38438986 0.1767621 ].
2019-08-12 10:49:50,885 - INFO - Best fit parameters: [0.1626729  0.27064813].
2019-08-12 10:49:50,928 - INFO - Maximum log composite likelihood: -37.5881513084.
2019-08-12 10:49:50,928 - INFO - Optimal value of theta: 6697.50371704.
2019-08-12 10:49:50,929 - INFO - Beginning optimization with guess, [0.71230708 0.12495335].
2019-08-12 10:49:54,726 - INFO - Finished optimization with guess, [0.71230708 0.12495335].
2019-08-12 10:49:54,727 - INFO - Best fit parameters: [0.16390469 0.27101686].
2019-08-12 10:49:54,768 - INFO - Maximum log composite likelihood: -37.5879724602.
2019-08-12 10:49:54,769 - INFO - Optimal value of theta: 6643.6173458.
2019-08-12 10:49:54,770 - INFO - Beginning optimization with guess, [0.37010835 0.10387254].
2019-08-12 10:49:58,213 - INFO - Finished optimization with guess, [0.37010835 0.10387254].
2019-08-12 10:49:58,214 - INFO - Best fit parameters: [0.16873334 0.27330489].
2019-08-12 10:49:58,255 - INFO - Maximum log composite likelihood: -37.5883924282.
2019-08-12 10:49:58,256 - INFO - Optimal value of theta: 6456.67673745.
2019-08-12 10:49:58,256 - INFO - Beginning optimization with guess, [0.63625878 0.06832169].
2019-08-12 10:50:01,507 - INFO - Finished optimization with guess, [0.63625878 0.06832169].
2019-08-12 10:50:01,507 - INFO - Best fit parameters: [0.17786944 0.27669852].
2019-08-12 10:50:01,548 - INFO - Maximum log composite likelihood: -37.5888399205.
2019-08-12 10:50:01,549 - INFO - Optimal value of theta: 6124.40833711.
2019-08-12 10:50:01,549 - INFO - Beginning optimization with guess, [0.38495788 0.07131723].
2019-08-12 10:50:04,898 - INFO - Finished optimization with guess, [0.38495788 0.07131723].
2019-08-12 10:50:04,899 - INFO - Best fit parameters: [0.17734335 0.27647258].
2019-08-12 10:50:04,940 - INFO - Maximum log composite likelihood: -37.5887461662.
2019-08-12 10:50:04,940 - INFO - Optimal value of theta: 6141.86162563.
2019-08-12 10:50:04,941 - INFO - Beginning optimization with guess, [0.2568046  0.08701371].
2019-08-12 10:50:09,841 - INFO - Finished optimization with guess, [0.2568046  0.08701371].
2019-08-12 10:50:09,841 - INFO - Best fit parameters: [0.16933668 0.27369533].
2019-08-12 10:50:09,883 - INFO - Maximum log composite likelihood: -37.5886657102.
2019-08-12 10:50:09,884 - INFO - Optimal value of theta: 6436.02937153.
2019-08-12 10:50:09,884 - INFO - Beginning optimization with guess, [0.77065418 0.06076944].
2019-08-12 10:50:13,250 - INFO - Finished optimization with guess, [0.77065418 0.06076944].
2019-08-12 10:50:13,251 - INFO - Best fit parameters: [0.17929895 0.27721543].
2019-08-12 10:50:13,292 - INFO - Maximum log composite likelihood: -37.5889947145.
2019-08-12 10:50:13,293 - INFO - Optimal value of theta: 6076.22179459.
2019-08-12 10:50:13,293 - INFO - Beginning optimization with guess, [0.34875965 0.09197438].
2019-08-12 10:50:16,765 - INFO - Finished optimization with guess, [0.34875965 0.09197438].
2019-08-12 10:50:16,765 - INFO - Best fit parameters: [0.17657944 0.2762289 ].
2019-08-12 10:50:16,806 - INFO - Maximum log composite likelihood: -37.5887239048.
2019-08-12 10:50:16,807 - INFO - Optimal value of theta: 6168.73019854.
2019-08-12 10:50:16,807 - INFO - Beginning optimization with guess, [0.82181048 0.07817748].
2019-08-12 10:50:22,053 - INFO - Finished optimization with guess, [0.82181048 0.07817748].
2019-08-12 10:50:22,054 - INFO - Best fit parameters: [0.15977837 0.26910411].
2019-08-12 10:50:22,097 - INFO - Maximum log composite likelihood: -37.5878543186.
2019-08-12 10:50:22,098 - INFO - Optimal value of theta: 6815.95552672.
2019-08-12 10:50:22,098 - INFO - Beginning optimization with guess, [0.31020434 0.10653887].
2019-08-12 10:50:25,628 - INFO - Finished optimization with guess, [0.31020434 0.10653887].
2019-08-12 10:50:25,628 - INFO - Best fit parameters: [0.17030555 0.27402029].
2019-08-12 10:50:25,670 - INFO - Maximum log composite likelihood: -37.5885883428.
2019-08-12 10:50:25,670 - INFO - Optimal value of theta: 6398.28802075.
2019-08-12 10:50:25,671 - INFO - Beginning optimization with guess, [0.66023706 0.06348032].
2019-08-12 10:50:29,025 - INFO - Finished optimization with guess, [0.66023706 0.06348032].
2019-08-12 10:50:29,026 - INFO - Best fit parameters: [0.18017086 0.27731523].
2019-08-12 10:50:29,066 - INFO - Maximum log composite likelihood: -37.5888298422.
2019-08-12 10:50:29,067 - INFO - Optimal value of theta: 6044.15361167.
2019-08-12 10:50:29,068 - INFO - Beginning optimization with guess, [0.31274271 0.15192383].
2019-08-12 10:50:32,566 - INFO - Finished optimization with guess, [0.31274271 0.15192383].
2019-08-12 10:50:32,566 - INFO - Best fit parameters: [0.16687011 0.27265805].
2019-08-12 10:50:32,608 - INFO - Maximum log composite likelihood: -37.5885488559.
2019-08-12 10:50:32,609 - INFO - Optimal value of theta: 6531.18748331.
2019-08-12 10:50:32,610 - INFO - Beginning optimization with guess, [0.31572988 0.09233848].
2019-08-12 10:50:36,003 - INFO - Finished optimization with guess, [0.31572988 0.09233848].
2019-08-12 10:50:36,005 - INFO - Best fit parameters: [0.17478278 0.27566587].
2019-08-12 10:50:36,046 - INFO - Maximum log composite likelihood: -37.5887236599.
2019-08-12 10:50:36,047 - INFO - Optimal value of theta: 6233.32609157.
2019-08-12 10:50:36,047 - INFO - Beginning optimization with guess, [0.49872523 0.09680092].
2019-08-12 10:50:39,442 - INFO - Finished optimization with guess, [0.49872523 0.09680092].
2019-08-12 10:50:39,442 - INFO - Best fit parameters: [0.17363351 0.27526974].
2019-08-12 10:50:39,483 - INFO - Maximum log composite likelihood: -37.5887004054.
2019-08-12 10:50:39,484 - INFO - Optimal value of theta: 6275.01435993.
2019-08-12 10:50:39,485 - INFO - Beginning optimization with guess, [0.3648723  0.10068021].
2019-08-12 10:50:43,768 - INFO - Finished optimization with guess, [0.3648723  0.10068021].
2019-08-12 10:50:43,769 - INFO - Best fit parameters: [0.09959702 0.22220112].
2019-08-12 10:50:43,819 - INFO - Maximum log composite likelihood: -37.5881896369.
2019-08-12 10:50:43,820 - INFO - Optimal value of theta: 10953.1570901.
2019-08-12 10:50:43,821 - INFO - Beginning optimization with guess, [0.54147758 0.13135395].
2019-08-12 10:50:48,745 - INFO - Finished optimization with guess, [0.54147758 0.13135395].
2019-08-12 10:50:48,747 - INFO - Best fit parameters: [0.13273767 0.25272404].
2019-08-12 10:50:48,793 - INFO - Maximum log composite likelihood: -37.5877529767.
2019-08-12 10:50:48,794 - INFO - Optimal value of theta: 8212.41822995.
2019-08-12 10:50:48,794 - INFO - Beginning optimization with guess, [0.64057583 0.16370338].
2019-08-12 10:50:52,801 - INFO - Finished optimization with guess, [0.64057583 0.16370338].
2019-08-12 10:50:52,801 - INFO - Best fit parameters: [0.16665637 0.27229838].
2019-08-12 10:50:52,843 - INFO - Maximum log composite likelihood: -37.5881401996.
2019-08-12 10:50:52,843 - INFO - Optimal value of theta: 6534.97602751.
2019-08-12 10:50:52,844 - INFO - Beginning optimization with guess, [0.82696099 0.1257006 ].
2019-08-12 10:50:57,290 - INFO - Finished optimization with guess, [0.82696099 0.1257006 ].
2019-08-12 10:50:57,291 - INFO - Best fit parameters: [0.16691055 0.27253826].
2019-08-12 10:50:57,333 - INFO - Maximum log composite likelihood: -37.5883131012.
2019-08-12 10:50:57,333 - INFO - Optimal value of theta: 6527.25432355.
2019-08-12 10:50:57,334 - INFO - Beginning optimization with guess, [0.27082098 0.07278247].
2019-08-12 10:51:00,615 - INFO - Finished optimization with guess, [0.27082098 0.07278247].
2019-08-12 10:51:00,616 - INFO - Best fit parameters: [0.17132469 0.27441673].
2019-08-12 10:51:00,658 - INFO - Maximum log composite likelihood: -37.5886267472.
2019-08-12 10:51:00,659 - INFO - Optimal value of theta: 6360.08894169.
2019-08-12 10:51:00,660 - INFO - Beginning optimization with guess, [0.86218243 0.1390333 ].
2019-08-12 10:51:04,367 - INFO - Finished optimization with guess, [0.86218243 0.1390333 ].
2019-08-12 10:51:04,367 - INFO - Best fit parameters: [0.17108779 0.27422273].
2019-08-12 10:51:04,408 - INFO - Maximum log composite likelihood: -37.588460367.
2019-08-12 10:51:04,409 - INFO - Optimal value of theta: 6367.25526604.
2019-08-12 10:51:04,410 - INFO - Beginning optimization with guess, [0.82485665 0.09142067].
2019-08-12 10:51:07,776 - INFO - Finished optimization with guess, [0.82485665 0.09142067].
2019-08-12 10:51:07,776 - INFO - Best fit parameters: [0.17452983 0.27543976].
2019-08-12 10:51:07,817 - INFO - Maximum log composite likelihood: -37.5885364559.
2019-08-12 10:51:07,818 - INFO - Optimal value of theta: 6240.26461209.
2019-08-12 10:51:07,818 - INFO - Beginning optimization with guess, [0.56121126 0.08787499].
2019-08-12 10:51:11,182 - INFO - Finished optimization with guess, [0.56121126 0.08787499].
2019-08-12 10:51:11,184 - INFO - Best fit parameters: [0.17159306 0.2744169 ].
2019-08-12 10:51:11,225 - INFO - Maximum log composite likelihood: -37.5884809121.
2019-08-12 10:51:11,226 - INFO - Optimal value of theta: 6348.43950839.
2019-08-12 10:51:11,226 - INFO - Beginning optimization with guess, [0.74490489 0.12037162].
2019-08-12 10:51:14,651 - INFO - Finished optimization with guess, [0.74490489 0.12037162].
2019-08-12 10:51:14,652 - INFO - Best fit parameters: [0.16568815 0.27201398].
2019-08-12 10:51:14,693 - INFO - Maximum log composite likelihood: -37.5882714462.
2019-08-12 10:51:14,694 - INFO - Optimal value of theta: 6575.55800484.
2019-08-12 10:51:14,695 - INFO - Beginning optimization with guess, [0.83391542 0.10041348].
2019-08-12 10:51:18,223 - INFO - Finished optimization with guess, [0.83391542 0.10041348].
2019-08-12 10:51:18,224 - INFO - Best fit parameters: [0.16786416 0.27297592].
2019-08-12 10:51:18,265 - INFO - Maximum log composite likelihood: -37.588404879.
2019-08-12 10:51:18,266 - INFO - Optimal value of theta: 6490.70147197.
2019-08-12 10:51:18,266 - INFO - Beginning optimization with guess, [0.54247033 0.14766522].
2019-08-12 10:51:20,133 - INFO - Finished optimization with guess, [0.54247033 0.14766522].
2019-08-12 10:51:20,134 - INFO - Best fit parameters: [0.20350128 0.28199047].
2019-08-12 10:51:20,172 - INFO - Maximum log composite likelihood: -37.5907338717.
2019-08-12 10:51:20,173 - INFO - Optimal value of theta: 5344.97770023.
2019-08-12 10:51:20,173 - INFO - Beginning optimization with guess, [0.54461563 0.05824444].
2019-08-12 10:51:23,311 - INFO - Finished optimization with guess, [0.54461563 0.05824444].
2019-08-12 10:51:23,312 - INFO - Best fit parameters: [0.18888539 0.27956952].
2019-08-12 10:51:23,352 - INFO - Maximum log composite likelihood: -37.5893337267.
2019-08-12 10:51:23,353 - INFO - Optimal value of theta: 5762.57830298.
2019-08-12 10:51:23,354 - INFO - Beginning optimization with guess, [0.25606076 0.10433648].
2019-08-12 10:51:26,627 - INFO - Finished optimization with guess, [0.25606076 0.10433648].
2019-08-12 10:51:26,627 - INFO - Best fit parameters: [0.1886988  0.27966286].
2019-08-12 10:51:26,667 - INFO - Maximum log composite likelihood: -37.5894106813.
2019-08-12 10:51:26,668 - INFO - Optimal value of theta: 5770.14750831.
2019-08-12 10:51:26,668 - INFO - Beginning optimization with guess, [0.87786869 0.08189842].
2019-08-12 10:51:29,961 - INFO - Finished optimization with guess, [0.87786869 0.08189842].
2019-08-12 10:51:29,962 - INFO - Best fit parameters: [0.18320596 0.27836236].
2019-08-12 10:51:30,002 - INFO - Maximum log composite likelihood: -37.5891799974.
2019-08-12 10:51:30,003 - INFO - Optimal value of theta: 5945.74203783.
2019-08-12 10:51:30,004 - INFO - Beginning optimization with guess, [0.39507686 0.15355472].
2019-08-12 10:51:33,590 - INFO - Finished optimization with guess, [0.39507686 0.15355472].
2019-08-12 10:51:33,591 - INFO - Best fit parameters: [0.17481469 0.27564401].
2019-08-12 10:51:33,631 - INFO - Maximum log composite likelihood: -37.5886766656.
2019-08-12 10:51:33,632 - INFO - Optimal value of theta: 6231.66513978.
2019-08-12 10:51:33,633 - INFO - Beginning optimization with guess, [0.49400659 0.06681412].
2019-08-12 10:51:37,285 - INFO - Finished optimization with guess, [0.49400659 0.06681412].
2019-08-12 10:51:37,285 - INFO - Best fit parameters: [0.16827594 0.27318544].
2019-08-12 10:51:37,327 - INFO - Maximum log composite likelihood: -37.588484337.
2019-08-12 10:51:37,328 - INFO - Optimal value of theta: 6475.4266614.
2019-08-12 10:51:37,328 - INFO - Beginning optimization with guess, [0.59583101 0.10177383].
2019-08-12 10:51:40,642 - INFO - Finished optimization with guess, [0.59583101 0.10177383].
2019-08-12 10:51:40,642 - INFO - Best fit parameters: [0.17901395 0.27707252].
2019-08-12 10:51:40,683 - INFO - Maximum log composite likelihood: -37.5889042815.
2019-08-12 10:51:40,684 - INFO - Optimal value of theta: 6085.15122489.
2019-08-12 10:51:40,685 - INFO - Beginning optimization with guess, [0.33696422 0.0692951 ].
2019-08-12 10:51:44,452 - INFO - Finished optimization with guess, [0.33696422 0.0692951 ].
2019-08-12 10:51:44,453 - INFO - Best fit parameters: [0.17923524 0.27716553].
2019-08-12 10:51:44,493 - INFO - Maximum log composite likelihood: -37.5889477357.
2019-08-12 10:51:44,494 - INFO - Optimal value of theta: 6077.94897982.
2019-08-12 10:51:44,495 - INFO - Beginning optimization with guess, [0.26749742 0.13517024].
2019-08-12 10:51:48,086 - INFO - Finished optimization with guess, [0.26749742 0.13517024].
2019-08-12 10:51:48,086 - INFO - Best fit parameters: [0.16413885 0.27138457].
2019-08-12 10:51:48,128 - INFO - Maximum log composite likelihood: -37.5883104163.
2019-08-12 10:51:48,129 - INFO - Optimal value of theta: 6638.76432073.
2019-08-12 10:51:48,130 - INFO - Beginning optimization with guess, [0.80013853 0.13652067].
2019-08-12 10:51:53,443 - INFO - Finished optimization with guess, [0.80013853 0.13652067].
2019-08-12 10:51:53,444 - INFO - Best fit parameters: [0.17018762 0.27328145].
2019-08-12 10:51:53,484 - INFO - Maximum log composite likelihood: -37.5882242468.
2019-08-12 10:51:53,485 - INFO - Optimal value of theta: 6391.33744979.
2019-08-12 10:51:53,486 - INFO - Beginning optimization with guess, [0.28209648 0.15089608].
2019-08-12 10:51:56,981 - INFO - Finished optimization with guess, [0.28209648 0.15089608].
2019-08-12 10:51:56,982 - INFO - Best fit parameters: [0.15958131 0.26928669].
2019-08-12 10:51:57,023 - INFO - Maximum log composite likelihood: -37.5882578204.
2019-08-12 10:51:57,024 - INFO - Optimal value of theta: 6829.61085995.
2019-08-12 10:51:57,025 - INFO - Beginning optimization with guess, [0.30564271 0.16997944].
2019-08-12 10:52:00,562 - INFO - Finished optimization with guess, [0.30564271 0.16997944].
2019-08-12 10:52:00,565 - INFO - Best fit parameters: [0.17596689 0.27605626].
2019-08-12 10:52:00,617 - INFO - Maximum log composite likelihood: -37.58874368.
2019-08-12 10:52:00,618 - INFO - Optimal value of theta: 6190.85446317.
2019-08-12 10:52:00,618 - INFO - Beginning optimization with guess, [0.79775655 0.13882481].
2019-08-12 10:52:05,585 - INFO - Finished optimization with guess, [0.79775655 0.13882481].
2019-08-12 10:52:05,585 - INFO - Best fit parameters: [0.17266386 0.2747983 ].
2019-08-12 10:52:05,647 - INFO - Maximum log composite likelihood: -37.5884967858.
2019-08-12 10:52:05,649 - INFO - Optimal value of theta: 6308.563519.
2019-08-12 10:52:05,650 - INFO - Beginning optimization with guess, [0.33990524 0.17986847].
2019-08-12 10:52:09,654 - INFO - Finished optimization with guess, [0.33990524 0.17986847].
2019-08-12 10:52:09,655 - INFO - Best fit parameters: [0.17357019 0.27533839].
2019-08-12 10:52:09,718 - INFO - Maximum log composite likelihood: -37.5888590038.
2019-08-12 10:52:09,720 - INFO - Optimal value of theta: 6278.76513805.
2019-08-12 10:52:09,721 - INFO - Beginning optimization with guess, [0.44972425 0.15544218].
2019-08-12 10:52:14,525 - INFO - Finished optimization with guess, [0.44972425 0.15544218].
2019-08-12 10:52:14,526 - INFO - Best fit parameters: [0.15009487 0.26371568].
2019-08-12 10:52:14,572 - INFO - Maximum log composite likelihood: -37.5874789171.
2019-08-12 10:52:14,573 - INFO - Optimal value of theta: 7251.4013114.
2019-08-12 10:52:14,573 - INFO - Beginning optimization with guess, [0.98172015 0.06925059].
2019-08-12 10:52:18,381 - INFO - Finished optimization with guess, [0.98172015 0.06925059].
2019-08-12 10:52:18,382 - INFO - Best fit parameters: [0.17446209 0.27557658].
2019-08-12 10:52:18,425 - INFO - Maximum log composite likelihood: -37.588748116.
2019-08-12 10:52:18,426 - INFO - Optimal value of theta: 6245.2158282.
2019-08-12 10:52:18,426 - INFO - Beginning optimization with guess, [0.38307153 0.18339385].
2019-08-12 10:52:22,578 - INFO - Finished optimization with guess, [0.38307153 0.18339385].
2019-08-12 10:52:22,580 - INFO - Best fit parameters: [0.15788398 0.26836369].
2019-08-12 10:52:22,651 - INFO - Maximum log composite likelihood: -37.5880657587.
2019-08-12 10:52:22,653 - INFO - Optimal value of theta: 6901.70810559.
2019-08-12 10:52:22,654 - INFO - Beginning optimization with guess, [0.38697607 0.05565054].
2019-08-12 10:52:26,385 - INFO - Finished optimization with guess, [0.38697607 0.05565054].
2019-08-12 10:52:26,385 - INFO - Best fit parameters: [0.14371614 0.26014965].
2019-08-12 10:52:26,441 - INFO - Maximum log composite likelihood: -37.5875604942.
2019-08-12 10:52:26,442 - INFO - Optimal value of theta: 7580.4546319.
2019-08-12 10:52:26,442 - INFO - Beginning optimization with guess, [0.68291996 0.14451239].
2019-08-12 10:52:31,563 - INFO - Finished optimization with guess, [0.68291996 0.14451239].
2019-08-12 10:52:31,565 - INFO - Best fit parameters: [0.13392991 0.25358158].
2019-08-12 10:52:31,613 - INFO - Maximum log composite likelihood: -37.5877015239.
2019-08-12 10:52:31,614 - INFO - Optimal value of theta: 8138.57461141.
2019-08-12 10:52:31,615 - INFO - Beginning optimization with guess, [0.4197604  0.16463768].
2019-08-12 10:52:37,245 - INFO - Finished optimization with guess, [0.4197604  0.16463768].
2019-08-12 10:52:37,246 - INFO - Best fit parameters: [0.13649274 0.25502716].
2019-08-12 10:52:37,291 - INFO - Maximum log composite likelihood: -37.5872213131.
2019-08-12 10:52:37,292 - INFO - Optimal value of theta: 7975.2802505.
2019-08-12 10:52:37,292 - INFO - Beginning optimization with guess, [0.7151563 0.0573173].
2019-08-12 10:52:40,448 - INFO - Finished optimization with guess, [0.7151563 0.0573173].
2019-08-12 10:52:40,451 - INFO - Best fit parameters: [0.17647619 0.27576421].
2019-08-12 10:52:40,503 - INFO - Maximum log composite likelihood: -37.5884727201.
2019-08-12 10:52:40,504 - INFO - Optimal value of theta: 6165.77661832.
2019-08-12 10:52:40,504 - INFO - Beginning optimization with guess, [0.6623291  0.11140905].
2019-08-12 10:52:43,809 - INFO - Finished optimization with guess, [0.6623291  0.11140905].
2019-08-12 10:52:43,810 - INFO - Best fit parameters: [0.18888261 0.2798489 ].
2019-08-12 10:52:43,849 - INFO - Maximum log composite likelihood: -37.5895755351.
2019-08-12 10:52:43,850 - INFO - Optimal value of theta: 5766.41263193.
2019-08-12 10:52:43,851 - INFO - Finished demographic inference.
2019-08-12 10:52:43,851 - INFO - Beginning DFE inference.
2019-08-12 11:13:22,787 - INFO - Beginning optimization with guess, [1.76703546e-01 2.77983512e+04].
2019-08-12 11:13:41,068 - INFO - Finished optomization, results are [-36.832778148749185 array([1.39209524e-01, 2.34821225e+04])].
2019-08-12 11:13:41,070 - INFO - Beginning optimization with guess, [6.65027680e-02 9.73132328e+03].
2019-08-12 11:13:57,329 - INFO - Finished optomization, results are [-36.82664654888799 array([1.39999277e-01, 2.24134373e+04])].
2019-08-12 11:13:57,330 - INFO - Beginning optimization with guess, [9.37269549e-02 1.46604774e+04].
2019-08-12 11:14:13,380 - INFO - Finished optomization, results are [-36.83387772425806 array([1.39038929e-01, 2.37762237e+04])].
2019-08-12 11:14:13,381 - INFO - Beginning optimization with guess, [1.01295775e-01 1.80127291e+04].
2019-08-12 11:14:31,215 - INFO - Finished optomization, results are [-36.8272770900619 array([1.39856153e-01, 2.26052869e+04])].
2019-08-12 11:14:31,216 - INFO - Beginning optimization with guess, [1.30584319e-01 3.34751251e+04].
2019-08-12 11:14:49,733 - INFO - Finished optomization, results are [-36.82293103934762 array([1.40255289e-01, 2.21395654e+04])].
2019-08-12 11:14:49,735 - INFO - Beginning optimization with guess, [7.96563247e-02 1.18851829e+04].
2019-08-12 11:15:06,115 - INFO - Finished optomization, results are [-36.83650445192234 array([1.38854675e-01, 2.41282005e+04])].
2019-08-12 11:15:06,116 - INFO - Beginning optimization with guess, [9.62928474e-02 1.30760472e+04].
2019-08-12 11:15:23,178 - INFO - Finished optomization, results are [-36.83450480461795 array([1.38973622e-01, 2.39108369e+04])].
2019-08-12 11:15:23,180 - INFO - Beginning optimization with guess, [6.79174132e-02 1.27129824e+04].
2019-08-12 11:15:39,305 - INFO - Finished optomization, results are [-36.835107908122154 array([1.38935561e-01, 2.39563579e+04])].
2019-08-12 11:15:39,307 - INFO - Beginning optimization with guess, [1.29384579e-01 2.37930218e+04].
2019-08-12 11:15:53,341 - INFO - Finished optomization, results are [-36.83525278562729 array([1.38924969e-01, 2.39767510e+04])].
2019-08-12 11:15:53,343 - INFO - Beginning optimization with guess, [1.55870090e-01 2.00042261e+04].
2019-08-12 11:16:05,842 - INFO - Finished optomization, results are [-36.82265857206596 array([1.40346301e-01, 2.24818754e+04])].
2019-08-12 11:16:05,843 - INFO - Beginning optimization with guess, [1.38733270e-01 2.30413071e+04].
2019-08-12 11:16:21,819 - INFO - Finished optomization, results are [-36.83329230008542 array([1.39459965e-01, 2.30575196e+04])].
2019-08-12 11:16:21,820 - INFO - Beginning optimization with guess, [1.08285212e-01 1.91822109e+04].
2019-08-12 11:16:33,391 - INFO - Finished optomization, results are [-36.82216280937109 array([1.40399713e-01, 2.19595016e+04])].
2019-08-12 11:16:33,392 - INFO - Beginning optimization with guess, [1.37437963e-01 1.55040026e+04].
2019-08-12 11:16:44,117 - INFO - Finished optomization, results are [-36.8361416978463 array([1.38874987e-01, 2.40184109e+04])].
2019-08-12 11:16:44,118 - INFO - Beginning optimization with guess, [9.26557322e-02 3.31330843e+04].
2019-08-12 11:16:53,603 - INFO - Finished optomization, results are [-36.8368546971401 array([1.38823862e-01, 2.41109501e+04])].
2019-08-12 11:16:53,605 - INFO - Beginning optimization with guess, [1.74162519e-01 3.63532416e+04].
2019-08-12 11:17:08,776 - INFO - Finished optomization, results are [-36.82812683261352 array([1.39722726e-01, 2.27833741e+04])].
2019-08-12 11:17:08,778 - INFO - Beginning optimization with guess, [1.52406066e-01 2.46850930e+04].
2019-08-12 11:17:27,324 - INFO - Finished optomization, results are [-36.835286972759036 array([1.39082806e-01, 2.36169514e+04])].
2019-08-12 11:17:27,326 - INFO - Beginning optimization with guess, [6.07230277e-02 1.17444123e+04].
2019-08-12 11:17:33,654 - INFO - Finished optomization, results are [-36.81132983062048 array([1.42146465e-01, 2.01218030e+04])].
2019-08-12 11:17:33,655 - INFO - Beginning optimization with guess, [1.30032647e-01 2.26175464e+04].
2019-08-12 11:17:47,712 - INFO - Finished optomization, results are [-36.833746585251674 array([1.39021108e-01, 2.38653698e+04])].
2019-08-12 11:17:47,714 - INFO - Beginning optimization with guess, [1.65705611e-01 2.97096920e+04].
2019-08-12 11:18:02,272 - INFO - Finished optomization, results are [-36.83138173717009 array([1.39410283e-01, 2.31844798e+04])].
2019-08-12 11:18:02,273 - INFO - Beginning optimization with guess, [7.38901547e-02 1.16125924e+04].
2019-08-12 11:18:15,316 - INFO - Finished optomization, results are [-36.81485295147968 array([1.41425129e-01, 2.12345677e+04])].
2019-08-12 11:18:15,319 - INFO - Beginning optimization with guess, [1.06666449e-01 1.76843786e+04].
2019-08-12 11:18:26,216 - INFO - Finished optomization, results are [-36.82992987223645 array([1.39734437e-01, 2.27226571e+04])].
2019-08-12 11:18:26,217 - INFO - Beginning optimization with guess, [7.32520235e-02 1.82553453e+04].
2019-08-12 11:18:42,082 - INFO - Finished optomization, results are [-36.82408304042485 array([1.40320283e-01, 2.25388343e+04])].
2019-08-12 11:18:42,084 - INFO - Beginning optimization with guess, [1.10449639e-01 1.61150590e+04].
2019-08-12 11:19:01,084 - INFO - Finished optomization, results are [-36.83604633685877 array([1.38875281e-01, 2.40378183e+04])].
2019-08-12 11:19:01,086 - INFO - Beginning optimization with guess, [1.44628371e-01 1.27359106e+04].
2019-08-12 11:19:17,005 - INFO - Finished optomization, results are [-36.813458080044825 array([1.41535898e-01, 2.10889516e+04])].
2019-08-12 11:19:17,006 - INFO - Beginning optimization with guess, [6.08939824e-02 1.17840167e+04].
2019-08-12 11:19:25,014 - INFO - Finished optomization, results are [-36.81142903391503 array([1.42166149e-01, 2.00983210e+04])].
2019-08-12 11:19:25,015 - INFO - Beginning optimization with guess, [7.49342299e-02 3.39629308e+04].
2019-08-12 11:19:41,883 - INFO - Finished optomization, results are [-36.815222527634546 array([1.4127210e-01, 2.1396298e+04])].
2019-08-12 11:19:41,885 - INFO - Beginning optimization with guess, [4.54838058e-02 1.14630477e+04].
2019-08-12 11:19:57,747 - INFO - Finished optomization, results are [-36.82863797437949 array([1.39409046e-01, 2.33070853e+04])].
2019-08-12 11:19:57,749 - INFO - Beginning optimization with guess, [4.65562088e-02 1.78983051e+04].
2019-08-12 11:20:15,217 - INFO - Finished optomization, results are [-36.81263197800183 array([1.41328261e-01, 2.12644875e+04])].
2019-08-12 11:20:15,218 - INFO - Beginning optimization with guess, [7.07001454e-02 3.57104518e+04].
2019-08-12 11:20:28,585 - INFO - Finished optomization, results are [-36.80979986826924 array([1.41683954e-01, 2.07204889e+04])].
2019-08-12 11:20:28,586 - INFO - Beginning optimization with guess, [5.65255118e-02 1.53023788e+04].
2019-08-12 11:20:41,078 - INFO - Finished optomization, results are [-36.809020430635314 array([1.41997057e-01, 2.04117200e+04])].
2019-08-12 11:20:41,080 - INFO - Beginning optimization with guess, [1.05177122e-01 2.56208301e+04].
2019-08-12 11:20:56,804 - INFO - Finished optomization, results are [-36.82431119642047 array([1.39919378e-01, 2.25939329e+04])].
2019-08-12 11:20:56,806 - INFO - Beginning optimization with guess, [6.48714621e-02 1.01578919e+04].
2019-08-12 11:21:04,905 - INFO - Finished optomization, results are [-36.81563732407176 array([1.41471634e-01, 2.07634093e+04])].
2019-08-12 11:21:04,906 - INFO - Beginning optimization with guess, [5.63274117e-02 2.85332262e+04].
2019-08-12 11:21:20,248 - INFO - Finished optomization, results are [-36.80894342039903 array([1.42072763e-01, 2.03601347e+04])].
2019-08-12 11:21:20,250 - INFO - Beginning optimization with guess, [5.43657024e-02 3.83621721e+04].
2019-08-12 11:21:30,397 - INFO - Finished optomization, results are [-36.836060183194604 array([1.38872662e-01, 2.40570735e+04])].
2019-08-12 11:21:30,399 - INFO - Beginning optimization with guess, [4.83734326e-02 1.18434243e+04].
2019-08-12 11:21:47,356 - INFO - Finished optomization, results are [-36.811960107766936 array([1.41534594e-01, 2.10444545e+04])].
2019-08-12 11:21:47,357 - INFO - Beginning optimization with guess, [1.40291321e-01 1.14170723e+04].
2019-08-12 11:22:07,216 - INFO - Finished optomization, results are [-36.812399430192386 array([1.4122619e-01, 2.1157122e+04])].
2019-08-12 11:22:07,217 - INFO - Beginning optimization with guess, [1.01293173e-01 1.11055367e+04].
2019-08-12 11:22:23,344 - INFO - Finished optomization, results are [-36.835775936845266 array([1.38892962e-01, 2.40118443e+04])].
2019-08-12 11:22:23,345 - INFO - Beginning optimization with guess, [4.69611652e-02 2.41177977e+04].
2019-08-12 11:22:35,231 - INFO - Finished optomization, results are [-36.821714038050914 array([1.39994980e-01, 2.25840962e+04])].
2019-08-12 11:22:35,232 - INFO - Beginning optimization with guess, [1.28798190e-01 1.06430478e+04].
2019-08-12 11:22:50,005 - INFO - Finished optomization, results are [-36.836859351799376 array([1.38823545e-01, 2.41116001e+04])].
2019-08-12 11:22:50,006 - INFO - Beginning optimization with guess, [1.25807689e-01 2.00118004e+04].
2019-08-12 11:23:03,728 - INFO - Finished optomization, results are [-36.83685361631285 array([1.38823512e-01, 2.41319648e+04])].
2019-08-12 11:23:03,729 - INFO - Beginning optimization with guess, [7.55577880e-02 2.42450234e+04].
2019-08-12 11:23:06,071 - INFO - Finished optomization, results are [-36.836859669151636 array([1.38823518e-01, 2.41117007e+04])].
2019-08-12 11:23:06,072 - INFO - Beginning optimization with guess, [9.94610420e-02 2.56304774e+04].
2019-08-12 11:23:17,347 - INFO - Finished optomization, results are [-36.827513092613344 array([1.39813957e-01, 2.26618567e+04])].
2019-08-12 11:23:17,348 - INFO - Beginning optimization with guess, [8.41967865e-02 1.42223210e+04].
2019-08-12 11:23:31,138 - INFO - Finished optomization, results are [-36.83165678885348 array([1.39189665e-01, 2.35845258e+04])].
2019-08-12 11:23:31,141 - INFO - Beginning optimization with guess, [7.95381810e-02 3.80814759e+04].
2019-08-12 11:23:43,656 - INFO - Finished optomization, results are [-36.82211950596229 array([1.39997336e-01, 2.27696026e+04])].
2019-08-12 11:23:43,659 - INFO - Beginning optimization with guess, [6.59390283e-02 9.81768050e+03].
2019-08-12 11:23:59,142 - INFO - Finished optomization, results are [-36.827053766673544 array([1.39883800e-01, 2.25701622e+04])].
2019-08-12 11:23:59,145 - INFO - Beginning optimization with guess, [6.74747568e-02 2.25638766e+04].
2019-08-12 11:24:15,225 - INFO - Finished optomization, results are [-36.83650881479002 array([1.38845786e-01, 2.40792569e+04])].
2019-08-12 11:24:15,227 - INFO - Beginning optimization with guess, [6.95073859e-02 3.20578010e+04].
2019-08-12 11:24:32,283 - INFO - Finished optomization, results are [-36.81029648056938 array([1.41909393e-01, 2.06160427e+04])].
2019-08-12 11:24:32,285 - INFO - Beginning optimization with guess, [4.95917789e-02 1.41835296e+04].
2019-08-12 11:24:50,051 - INFO - Finished optomization, results are [-36.83347661158621 array([1.39062330e-01, 2.37507726e+04])].
2019-08-12 11:24:50,053 - INFO - Beginning optimization with guess, [5.36624199e-02 1.89976710e+04].
2019-08-12 11:25:05,055 - INFO - Finished optomization, results are [-36.81279451487467 array([1.41029183e-01, 2.15203328e+04])].
2019-08-12 11:25:05,056 - INFO - Beginning optimization with guess, [9.06691347e-02 1.13070256e+04].
2019-08-12 11:25:08,578 - INFO - Finished optomization, results are [-36.83685969839598 array([1.38823516e-01, 2.41117033e+04])].
2019-08-12 11:25:08,579 - INFO - Beginning optimization with guess, [6.88764392e-02 1.63341254e+04].
2019-08-12 11:25:28,755 - INFO - Finished optomization, results are [-36.81983797722364 array([1.40320817e-01, 2.21358199e+04])].
2019-08-12 11:25:28,756 - INFO - Beginning optimization with guess, [6.12608785e-02 1.33288822e+04].
2019-08-12 11:25:39,092 - INFO - Finished optomization, results are [-36.81029781235338 array([1.42211129e-01, 2.00880554e+04])].
2019-08-12 11:25:39,093 - INFO - Beginning optimization with guess, [1.72097781e-01 1.21236297e+04].
2019-08-12 11:25:47,816 - INFO - Finished optomization, results are [-36.80993538003713 array([1.42168452e-01, 2.03417855e+04])].
2019-08-12 11:25:47,816 - INFO - Beginning optimization with guess, [4.93121649e-02 1.45652726e+04].
2019-08-12 11:26:03,491 - INFO - Finished optomization, results are [-36.82946118958546 array([1.39322192e-01, 2.34553047e+04])].
2019-08-12 11:26:03,493 - INFO - Beginning optimization with guess, [7.95098265e-02 3.39486054e+04].
2019-08-12 11:26:21,408 - INFO - Finished optomization, results are [-36.81834432566927 array([1.40492753e-01, 2.19365817e+04])].
2019-08-12 11:26:21,409 - INFO - Beginning optimization with guess, [6.23956512e-02 3.15964881e+04].
2019-08-12 11:26:37,801 - INFO - Finished optomization, results are [-36.812562085451646 array([1.41928754e-01, 2.06697057e+04])].
2019-08-12 11:26:37,803 - INFO - Beginning optimization with guess, [7.91472791e-02 9.83302962e+03].
2019-08-12 11:26:52,715 - INFO - Finished optomization, results are [-36.83685966809685 array([1.38823518e-01, 2.41116996e+04])].
2019-08-12 11:26:52,717 - INFO - Beginning optimization with guess, [7.67659857e-02 2.32460885e+04].
2019-08-12 11:27:08,764 - INFO - Finished optomization, results are [-36.83684499159324 array([1.38824447e-01, 2.41103218e+04])].
2019-08-12 11:27:08,765 - INFO - Beginning optimization with guess, [7.70756570e-02 2.59316268e+04].
2019-08-12 11:27:26,929 - INFO - Finished optomization, results are [-36.82410847442213 array([1.39787399e-01, 2.28283156e+04])].
2019-08-12 11:27:26,932 - INFO - Beginning optimization with guess, [1.67312075e-01 3.33684519e+04].
2019-08-12 11:27:40,757 - INFO - Finished optomization, results are [-36.82967524524497 array([1.39632859e-01, 2.28802160e+04])].
2019-08-12 11:27:40,758 - INFO - Beginning optimization with guess, [5.79475125e-02 1.90568250e+04].
2019-08-12 11:27:49,102 - INFO - Finished optomization, results are [-36.808963711680235 array([1.42460290e-01, 1.99754299e+04])].
2019-08-12 11:27:49,104 - INFO - Beginning optimization with guess, [1.03286711e-01 1.14187828e+04].
2019-08-12 11:28:08,173 - INFO - Finished optomization, results are [-36.809307153134796 array([1.41921761e-01, 2.04620209e+04])].
2019-08-12 11:28:08,174 - INFO - Beginning optimization with guess, [6.29423605e-02 3.23599695e+04].
2019-08-12 11:28:25,334 - INFO - Finished optomization, results are [-36.81220500176198 array([1.41378230e-01, 2.12013642e+04])].
2019-08-12 11:28:25,334 - INFO - Beginning optimization with guess, [4.79900712e-02 1.73227577e+04].
2019-08-12 11:28:41,315 - INFO - Finished optomization, results are [-36.821137670388 array([1.40013061e-01, 2.26927630e+04])].
2019-08-12 11:28:41,316 - INFO - Beginning optimization with guess, [7.99766675e-02 3.27357622e+04].
2019-08-12 11:28:58,638 - INFO - Finished optomization, results are [-36.8206838694623 array([1.40224191e-01, 2.22508006e+04])].
2019-08-12 11:28:58,639 - INFO - Beginning optimization with guess, [6.07585706e-02 3.67706037e+04].
2019-08-12 11:29:13,892 - INFO - Finished optomization, results are [-36.83499037857314 array([1.38943568e-01, 2.39937916e+04])].
2019-08-12 11:29:13,895 - INFO - Beginning optimization with guess, [1.64113374e-01 1.43701617e+04].
2019-08-12 11:29:31,274 - INFO - Finished optomization, results are [-36.81515226380145 array([1.41321020e-01, 2.13458995e+04])].
2019-08-12 11:29:31,275 - INFO - Beginning optimization with guess, [1.54306245e-01 1.37633351e+04].
2019-08-12 11:29:44,421 - INFO - Finished optomization, results are [-36.81675569247227 array([1.40608097e-01, 2.18302826e+04])].
2019-08-12 11:29:44,423 - INFO - Beginning optimization with guess, [9.72814524e-02 2.86823715e+04].
2019-08-12 11:30:00,995 - INFO - Finished optomization, results are [-36.81976568143796 array([1.40848845e-01, 2.14273080e+04])].
2019-08-12 11:30:00,996 - INFO - Beginning optimization with guess, [1.13612816e-01 1.18735107e+04].
2019-08-12 11:30:17,995 - INFO - Finished optomization, results are [-36.83465916352566 array([1.39077820e-01, 2.36499281e+04])].
2019-08-12 11:30:17,996 - INFO - Beginning optimization with guess, [5.05175048e-02 1.47805543e+04].
2019-08-12 11:30:34,851 - INFO - Finished optomization, results are [-36.81907258670594 array([1.40344140e-01, 2.21305724e+04])].
2019-08-12 11:30:34,852 - INFO - Beginning optimization with guess, [1.50734654e-01 1.95530878e+04].
2019-08-12 11:30:44,170 - INFO - Finished optomization, results are [-36.83091792621099 array([1.39591970e-01, 2.33990209e+04])].
2019-08-12 11:30:44,170 - INFO - Beginning optimization with guess, [1.23407501e-01 3.16392906e+04].
2019-08-12 11:31:00,238 - INFO - Finished optomization, results are [-36.816656008470886 array([1.40480908e-01, 2.20486770e+04])].
2019-08-12 11:31:00,241 - INFO - Beginning optimization with guess, [1.09594564e-01 2.22819340e+04].
2019-08-12 11:31:16,070 - INFO - Finished optomization, results are [-36.826474611522144 array([1.39565811e-01, 2.31235452e+04])].
2019-08-12 11:31:16,072 - INFO - Beginning optimization with guess, [6.63611029e-02 1.52894055e+04].
2019-08-12 11:31:30,754 - INFO - Finished optomization, results are [-36.835109993189235 array([1.38933751e-01, 2.39954645e+04])].
2019-08-12 11:31:30,756 - INFO - Beginning optimization with guess, [6.21991657e-02 1.62605959e+04].
2019-08-12 11:31:46,825 - INFO - Finished optomization, results are [-36.80882281537322 array([1.42245843e-01, 2.01784764e+04])].
2019-08-12 11:31:46,826 - INFO - Beginning optimization with guess, [7.25832268e-02 1.21230821e+04].
2019-08-12 11:31:56,525 - INFO - Finished optomization, results are [-36.80970419911978 array([1.42211949e-01, 2.02868302e+04])].
2019-08-12 11:31:56,527 - INFO - Beginning optimization with guess, [1.36971338e-01 3.25217610e+04].
2019-08-12 11:32:12,339 - INFO - Finished optomization, results are [-36.822634509874206 array([1.40250970e-01, 2.21529563e+04])].
2019-08-12 11:32:12,340 - INFO - Beginning optimization with guess, [5.09786205e-02 1.05416780e+04].
2019-08-12 11:32:29,103 - INFO - Finished optomization, results are [-36.81255896912046 array([1.41886071e-01, 2.03678196e+04])].
2019-08-12 11:32:29,105 - INFO - Beginning optimization with guess, [7.77224780e-02 1.21130925e+04].
2019-08-12 11:32:48,199 - INFO - Finished optomization, results are [-36.82904117846181 array([1.39387982e-01, 2.34893855e+04])].
2019-08-12 11:32:48,201 - INFO - Beginning optimization with guess, [5.97545058e-02 1.33651839e+04].
2019-08-12 11:33:05,857 - INFO - Finished optomization, results are [-36.809918377878034 array([1.42052258e-01, 2.02731173e+04])].
2019-08-12 11:33:05,859 - INFO - Beginning optimization with guess, [1.06617066e-01 3.36944578e+04].
2019-08-12 11:33:20,977 - INFO - Finished optomization, results are [-36.81800130284603 array([1.40912181e-01, 2.13853517e+04])].
2019-08-12 11:33:20,980 - INFO - Beginning optimization with guess, [1.34323737e-01 2.04752578e+04].
2019-08-12 11:33:36,977 - INFO - Finished optomization, results are [-36.827958675080254 array([1.39487761e-01, 2.33809459e+04])].
2019-08-12 11:33:36,978 - INFO - Beginning optimization with guess, [5.82886313e-02 1.20001392e+04].
2019-08-12 11:33:48,122 - INFO - Finished optomization, results are [-36.80967014016983 array([1.42401240e-01, 1.99208756e+04])].
2019-08-12 11:33:48,124 - INFO - Beginning optimization with guess, [1.05783676e-01 1.09610876e+04].
2019-08-12 11:34:04,954 - INFO - Finished optomization, results are [-36.82426552088714 array([1.40358276e-01, 2.19707631e+04])].
2019-08-12 11:34:04,955 - INFO - Beginning optimization with guess, [9.69486786e-02 3.48213962e+04].
2019-08-12 11:34:18,642 - INFO - Finished optomization, results are [-36.83656873363134 array([1.38840876e-01, 2.41035900e+04])].
2019-08-12 11:34:18,642 - INFO - Beginning optimization with guess, [7.60000503e-02 1.02040445e+04].
2019-08-12 11:34:32,639 - INFO - Finished optomization, results are [-36.83685861675508 array([1.38823588e-01, 2.41115678e+04])].
2019-08-12 11:34:32,641 - INFO - Beginning optimization with guess, [1.29004570e-01 1.67984563e+04].
2019-08-12 11:34:44,870 - INFO - Finished optomization, results are [-36.83346536976421 array([1.39076620e-01, 2.38820247e+04])].
2019-08-12 11:34:44,871 - INFO - Beginning optimization with guess, [1.25485452e-01 3.62422011e+04].
2019-08-12 11:35:00,593 - INFO - Finished optomization, results are [-36.82345191544016 array([1.40127266e-01, 2.23078000e+04])].
2019-08-12 11:35:00,594 - INFO - Beginning optimization with guess, [1.63078302e-01 1.30638467e+04].
2019-08-12 11:35:15,360 - INFO - Finished optomization, results are [-36.80985962215141 array([1.41785114e-01, 2.07102771e+04])].
2019-08-12 11:35:15,361 - INFO - Beginning optimization with guess, [1.60587661e-01 3.81790063e+04].
2019-08-12 11:35:29,421 - INFO - Finished optomization, results are [-36.82996422056499 array([1.39544685e-01, 2.30095166e+04])].
2019-08-12 11:35:29,423 - INFO - Beginning optimization with guess, [7.55958568e-02 1.90139474e+04].
2019-08-12 11:35:48,434 - INFO - Finished optomization, results are [-36.8341868811591 array([1.39118924e-01, 2.38986985e+04])].
2019-08-12 11:35:48,435 - INFO - Beginning optimization with guess, [1.17113801e-01 1.59835021e+04].
2019-08-12 11:35:57,843 - INFO - Finished optomization, results are [-36.83668103997172 array([1.38850756e-01, 2.40299241e+04])].
2019-08-12 11:35:57,845 - INFO - Beginning optimization with guess, [1.03783315e-01 1.04477010e+04].
2019-08-12 11:36:09,169 - INFO - Finished optomization, results are [-36.83578782895495 array([1.38968449e-01, 2.38131439e+04])].
2019-08-12 11:36:09,170 - INFO - Beginning optimization with guess, [1.37296894e-01 2.07727415e+04].
2019-08-12 11:36:27,582 - INFO - Finished optomization, results are [-36.830222922109215 array([1.39314765e-01, 2.35933085e+04])].
2019-08-12 11:36:27,584 - INFO - Beginning optimization with guess, [1.67219176e-01 1.11923155e+04].
2019-08-12 11:36:44,334 - INFO - Finished optomization, results are [-36.80911885767841 array([1.42134053e-01, 2.02326949e+04])].
2019-08-12 11:36:44,336 - INFO - Beginning optimization with guess, [9.97283993e-02 1.87096237e+04].
2019-08-12 11:37:01,996 - INFO - Finished optomization, results are [-36.8230348242696 array([1.40396385e-01, 2.19449491e+04])].
2019-08-12 11:37:01,996 - INFO - Beginning optimization with guess, [1.31230537e-01 1.12690775e+04].
2019-08-12 11:37:20,290 - INFO - Finished optomization, results are [-36.83677890626825 array([1.38830934e-01, 2.40888514e+04])].
2019-08-12 11:37:20,292 - INFO - Beginning optimization with guess, [1.13049148e-01 1.77790491e+04].
2019-08-12 11:37:36,516 - INFO - Finished optomization, results are [-36.82218033354263 array([1.40472713e-01, 2.18614812e+04])].
2019-08-12 11:37:36,517 - INFO - Beginning optimization with guess, [1.25786603e-01 9.83132131e+03].
2019-08-12 11:37:39,569 - INFO - Finished optomization, results are [-36.836859693598626 array([1.38823517e-01, 2.41117029e+04])].
2019-08-12 11:37:39,570 - INFO - Finished DFE inference.
2019-08-12 11:37:39,570 - INFO - Integrating expected site-frequency spectrum.
2019-08-12 11:37:39,617 - INFO - Outputing results.
2019-08-12 11:37:39,622 - INFO - Pipeline executed succesfully.
