2019-08-01 12:46:54,118 - INFO - Beginning execution of fitdadi_infer_DFE.py in directory /u/home/j/jonmah/lohmueller_lab/Scripts

2019-08-01 12:46:54,119 - INFO - Progress is being logged to ../Data/AW_array_2000/seed_67_fitdadi_output/log.log

2019-08-01 12:46:54,119 - INFO - Parsed the following arguments:
	breed = AW
	outprefix = ../Data/AW_array_2000/seed_67_fitdadi_output/
	nonsyn_input_sfs = ../Data/AW_array_2000/seed_67_easySFS_output_nonsyn/dadi/pop1.sfs
	syn_input_sfs = ../Data/AW_array_2000/seed_67_easySFS_output_syn/dadi/pop1.sfs

2019-08-01 12:46:54,121 - INFO - Beginning optimization with guess, [0.62916062 0.14908551].
2019-08-01 12:46:54,565 - INFO - Finished optimization with guess, [0.62916062 0.14908551].
2019-08-01 12:46:54,565 - INFO - Best fit parameters: [0.012957   0.00084811].
2019-08-01 12:46:54,573 - INFO - Maximum log composite likelihood: -20.8336688888.
2019-08-01 12:46:54,574 - INFO - Optimal value of theta: 58.2732605375.
2019-08-01 12:46:54,574 - INFO - Beginning optimization with guess, [0.41413086 0.10263138].
2019-08-01 12:46:54,990 - INFO - Finished optimization with guess, [0.41413086 0.10263138].
2019-08-01 12:46:54,990 - INFO - Best fit parameters: [0.00642215 0.00040152].
2019-08-01 12:46:54,998 - INFO - Maximum log composite likelihood: -20.8339026372.
2019-08-01 12:46:54,999 - INFO - Optimal value of theta: 58.014177939.
2019-08-01 12:46:54,999 - INFO - Beginning optimization with guess, [0.93558685 0.17958461].
2019-08-01 12:46:55,426 - INFO - Finished optimization with guess, [0.93558685 0.17958461].
2019-08-01 12:46:55,426 - INFO - Best fit parameters: [0.02702994 0.00177505].
2019-08-01 12:46:55,434 - INFO - Maximum log composite likelihood: -20.8387039616.
2019-08-01 12:46:55,434 - INFO - Optimal value of theta: 58.1764322956.
2019-08-01 12:46:55,434 - INFO - Beginning optimization with guess, [0.960996  0.1030129].
2019-08-01 12:46:55,853 - INFO - Finished optimization with guess, [0.960996  0.1030129].
2019-08-01 12:46:55,853 - INFO - Best fit parameters: [1.07641751e-03 6.91150584e-05].
2019-08-01 12:46:55,861 - INFO - Maximum log composite likelihood: -20.8301389016.
2019-08-01 12:46:55,861 - INFO - Optimal value of theta: 58.238968985.
2019-08-01 12:46:55,862 - INFO - Beginning optimization with guess, [0.36778152 0.05143602].
2019-08-01 12:46:56,274 - INFO - Finished optimization with guess, [0.36778152 0.05143602].
2019-08-01 12:46:56,275 - INFO - Best fit parameters: [1.00000000e-04 6.49483981e-06].
2019-08-01 12:46:56,283 - INFO - Maximum log composite likelihood: -20.8297486004.
2019-08-01 12:46:56,283 - INFO - Optimal value of theta: 58.3276017713.
2019-08-01 12:46:56,284 - INFO - Beginning optimization with guess, [0.56948318 0.05616459].
2019-08-01 12:46:56,699 - INFO - Finished optimization with guess, [0.56948318 0.05616459].
2019-08-01 12:46:56,700 - INFO - Best fit parameters: [1.00000000e-04 6.35045331e-06].
2019-08-01 12:46:56,708 - INFO - Maximum log composite likelihood: -20.8301233068.
2019-08-01 12:46:56,708 - INFO - Optimal value of theta: 58.1712662262.
2019-08-01 12:46:56,708 - INFO - Beginning optimization with guess, [0.46766031 0.06915921].
2019-08-01 12:46:57,125 - INFO - Finished optimization with guess, [0.46766031 0.06915921].
2019-08-01 12:46:57,125 - INFO - Best fit parameters: [3.63929285e-04 2.34114764e-05].
2019-08-01 12:46:57,134 - INFO - Maximum log composite likelihood: -20.8298594128.
2019-08-01 12:46:57,134 - INFO - Optimal value of theta: 58.2581304493.
2019-08-01 12:46:57,134 - INFO - Beginning optimization with guess, [0.28675025 0.06674413].
2019-08-01 12:46:57,572 - INFO - Finished optimization with guess, [0.28675025 0.06674413].
2019-08-01 12:46:57,573 - INFO - Best fit parameters: [3.70181440e-04 2.33244214e-05].
2019-08-01 12:46:57,581 - INFO - Maximum log composite likelihood: -20.8306299224.
2019-08-01 12:46:57,581 - INFO - Optimal value of theta: 58.1156821546.
2019-08-01 12:46:57,581 - INFO - Beginning optimization with guess, [0.71723277 0.15666402].
2019-08-01 12:46:58,005 - INFO - Finished optimization with guess, [0.71723277 0.15666402].
2019-08-01 12:46:58,005 - INFO - Best fit parameters: [0.00274197 0.0001788 ].
2019-08-01 12:46:58,013 - INFO - Maximum log composite likelihood: -20.8305498214.
2019-08-01 12:46:58,014 - INFO - Optimal value of theta: 58.3332776448.
2019-08-01 12:46:58,014 - INFO - Beginning optimization with guess, [0.51274995 0.0800051 ].
2019-08-01 12:46:58,430 - INFO - Finished optimization with guess, [0.51274995 0.0800051 ].
2019-08-01 12:46:58,430 - INFO - Best fit parameters: [9.81764349e-04 6.21547353e-05].
2019-08-01 12:46:58,438 - INFO - Maximum log composite likelihood: -20.8305921463.
2019-08-01 12:46:58,438 - INFO - Optimal value of theta: 58.1430406664.
2019-08-01 12:46:58,439 - INFO - Beginning optimization with guess, [0.6598994  0.16581149].
2019-08-01 12:46:58,862 - INFO - Finished optimization with guess, [0.6598994  0.16581149].
2019-08-01 12:46:58,862 - INFO - Best fit parameters: [0.01584935 0.00102081].
2019-08-01 12:46:58,870 - INFO - Maximum log composite likelihood: -20.8354296023.
2019-08-01 12:46:58,871 - INFO - Optimal value of theta: 58.1372069144.
2019-08-01 12:46:58,871 - INFO - Beginning optimization with guess, [0.99324065 0.1244286 ].
2019-08-01 12:46:59,292 - INFO - Finished optimization with guess, [0.99324065 0.1244286 ].
2019-08-01 12:46:59,292 - INFO - Best fit parameters: [1.20255478e-03 7.66916146e-05].
2019-08-01 12:46:59,300 - INFO - Maximum log composite likelihood: -20.830380551.
2019-08-01 12:46:59,301 - INFO - Optimal value of theta: 58.1910298335.
2019-08-01 12:46:59,301 - INFO - Beginning optimization with guess, [0.38573322 0.10718571].
2019-08-01 12:47:00,223 - INFO - Finished optimization with guess, [0.38573322 0.10718571].
2019-08-01 12:47:00,223 - INFO - Best fit parameters: [0.00163991 0.00010593].
2019-08-01 12:47:00,231 - INFO - Maximum log composite likelihood: -20.8301957476.
2019-08-01 12:47:00,231 - INFO - Optimal value of theta: 58.2763137354.
2019-08-01 12:47:00,232 - INFO - Beginning optimization with guess, [0.4306439  0.05125158].
2019-08-01 12:47:00,646 - INFO - Finished optimization with guess, [0.4306439  0.05125158].
2019-08-01 12:47:00,646 - INFO - Best fit parameters: [1.00000000e-04 6.47119766e-06].
2019-08-01 12:47:00,654 - INFO - Maximum log composite likelihood: -20.8297209296.
2019-08-01 12:47:00,654 - INFO - Optimal value of theta: 58.3019272925.
2019-08-01 12:47:00,655 - INFO - Beginning optimization with guess, [0.73253132 0.18592794].
2019-08-01 12:47:01,077 - INFO - Finished optimization with guess, [0.73253132 0.18592794].
2019-08-01 12:47:01,077 - INFO - Best fit parameters: [0.01345608 0.00087913].
2019-08-01 12:47:01,085 - INFO - Maximum log composite likelihood: -20.8338618982.
2019-08-01 12:47:01,086 - INFO - Optimal value of theta: 58.2560333083.
2019-08-01 12:47:01,086 - INFO - Beginning optimization with guess, [0.5319642  0.11345366].
2019-08-01 12:47:01,507 - INFO - Finished optimization with guess, [0.5319642  0.11345366].
2019-08-01 12:47:01,507 - INFO - Best fit parameters: [0.00396159 0.00025546].
2019-08-01 12:47:01,515 - INFO - Maximum log composite likelihood: -20.8309738542.
2019-08-01 12:47:01,515 - INFO - Optimal value of theta: 58.2447904929.
2019-08-01 12:47:01,516 - INFO - Beginning optimization with guess, [0.8909332  0.07176104].
2019-08-01 12:47:01,935 - INFO - Finished optimization with guess, [0.8909332  0.07176104].
2019-08-01 12:47:01,935 - INFO - Best fit parameters: [1.37928844e-03 9.07040905e-05].
2019-08-01 12:47:01,943 - INFO - Maximum log composite likelihood: -20.8304907951.
2019-08-01 12:47:01,944 - INFO - Optimal value of theta: 58.404665636.
2019-08-01 12:47:01,944 - INFO - Beginning optimization with guess, [0.26997107 0.1673091 ].
2019-08-01 12:47:02,371 - INFO - Finished optimization with guess, [0.26997107 0.1673091 ].
2019-08-01 12:47:02,372 - INFO - Best fit parameters: [0.01480073 0.00096366].
2019-08-01 12:47:02,380 - INFO - Maximum log composite likelihood: -20.8344241176.
2019-08-01 12:47:02,380 - INFO - Optimal value of theta: 58.2207506036.
2019-08-01 12:47:02,380 - INFO - Beginning optimization with guess, [0.49254191 0.17115078].
2019-08-01 12:47:02,798 - INFO - Finished optimization with guess, [0.49254191 0.17115078].
2019-08-01 12:47:02,798 - INFO - Best fit parameters: [0.00313153 0.00020295].
2019-08-01 12:47:02,806 - INFO - Maximum log composite likelihood: -20.8306285306.
2019-08-01 12:47:02,806 - INFO - Optimal value of theta: 58.286877359.
2019-08-01 12:47:02,807 - INFO - Beginning optimization with guess, [0.38671628 0.0657647 ].
2019-08-01 12:47:03,222 - INFO - Finished optimization with guess, [0.38671628 0.0657647 ].
2019-08-01 12:47:03,222 - INFO - Best fit parameters: [7.48992078e-04 4.84012839e-05].
2019-08-01 12:47:03,230 - INFO - Maximum log composite likelihood: -20.8299184523.
2019-08-01 12:47:03,231 - INFO - Optimal value of theta: 58.2866825114.
2019-08-01 12:47:03,231 - INFO - Beginning optimization with guess, [0.32362207 0.09387626].
2019-08-01 12:47:03,649 - INFO - Finished optimization with guess, [0.32362207 0.09387626].
2019-08-01 12:47:03,650 - INFO - Best fit parameters: [1.31570652e-03 8.29598385e-05].
2019-08-01 12:47:03,658 - INFO - Maximum log composite likelihood: -20.8309598175.
2019-08-01 12:47:03,658 - INFO - Optimal value of theta: 58.1128292633.
2019-08-01 12:47:03,658 - INFO - Beginning optimization with guess, [0.92374052 0.13075697].
2019-08-01 12:47:04,080 - INFO - Finished optimization with guess, [0.92374052 0.13075697].
2019-08-01 12:47:04,080 - INFO - Best fit parameters: [1.56013288e-03 9.91682118e-05].
2019-08-01 12:47:04,088 - INFO - Maximum log composite likelihood: -20.8306255706.
2019-08-01 12:47:04,089 - INFO - Optimal value of theta: 58.1655946493.
2019-08-01 12:47:04,089 - INFO - Beginning optimization with guess, [0.55082389 0.08846771].
2019-08-01 12:47:04,555 - INFO - Finished optimization with guess, [0.55082389 0.08846771].
2019-08-01 12:47:04,555 - INFO - Best fit parameters: [1.12861534e-03 7.30726398e-05].
2019-08-01 12:47:04,563 - INFO - Maximum log composite likelihood: -20.8300257214.
2019-08-01 12:47:04,564 - INFO - Optimal value of theta: 58.2969001163.
2019-08-01 12:47:04,564 - INFO - Beginning optimization with guess, [0.92763822 0.08109614].
2019-08-01 12:47:04,982 - INFO - Finished optimization with guess, [0.92763822 0.08109614].
2019-08-01 12:47:04,983 - INFO - Best fit parameters: [0.00530682 0.00033575].
2019-08-01 12:47:04,991 - INFO - Maximum log composite likelihood: -20.8323480518.
2019-08-01 12:47:04,991 - INFO - Optimal value of theta: 58.1031549953.
2019-08-01 12:47:04,991 - INFO - Beginning optimization with guess, [0.83881409 0.10541698].
2019-08-01 12:47:05,410 - INFO - Finished optimization with guess, [0.83881409 0.10541698].
2019-08-01 12:47:05,411 - INFO - Best fit parameters: [2.14760787e-04 1.40202807e-05].
2019-08-01 12:47:05,419 - INFO - Maximum log composite likelihood: -20.8298963921.
2019-08-01 12:47:05,419 - INFO - Optimal value of theta: 58.3629250997.
2019-08-01 12:47:05,419 - INFO - Beginning optimization with guess, [0.30085521 0.10170087].
2019-08-01 12:47:05,837 - INFO - Finished optimization with guess, [0.30085521 0.10170087].
2019-08-01 12:47:05,837 - INFO - Best fit parameters: [0.00616653 0.00039672].
2019-08-01 12:47:05,845 - INFO - Maximum log composite likelihood: -20.8318108154.
2019-08-01 12:47:05,845 - INFO - Optimal value of theta: 58.2100854043.
2019-08-01 12:47:05,846 - INFO - Beginning optimization with guess, [0.84837916 0.17067517].
2019-08-01 12:47:06,269 - INFO - Finished optimization with guess, [0.84837916 0.17067517].
2019-08-01 12:47:06,269 - INFO - Best fit parameters: [0.00397803 0.00025481].
2019-08-01 12:47:06,277 - INFO - Maximum log composite likelihood: -20.831234105.
2019-08-01 12:47:06,277 - INFO - Optimal value of theta: 58.1980388285.
2019-08-01 12:47:06,278 - INFO - Beginning optimization with guess, [0.50460968 0.06102981].
2019-08-01 12:47:06,814 - INFO - Finished optimization with guess, [0.50460968 0.06102981].
2019-08-01 12:47:06,815 - INFO - Best fit parameters: [1.36783693e-03 8.77843814e-05].
2019-08-01 12:47:06,823 - INFO - Maximum log composite likelihood: -20.8302510277.
2019-08-01 12:47:06,823 - INFO - Optimal value of theta: 58.2331755779.
2019-08-01 12:47:06,823 - INFO - Beginning optimization with guess, [0.8490812  0.08252211].
2019-08-01 12:47:07,243 - INFO - Finished optimization with guess, [0.8490812  0.08252211].
2019-08-01 12:47:07,243 - INFO - Best fit parameters: [1.00000000e-04 6.44030693e-06].
2019-08-01 12:47:07,251 - INFO - Maximum log composite likelihood: -20.8297553268.
2019-08-01 12:47:07,252 - INFO - Optimal value of theta: 58.2683234699.
2019-08-01 12:47:07,252 - INFO - Beginning optimization with guess, [0.27054737 0.10327123].
2019-08-01 12:47:07,718 - INFO - Finished optimization with guess, [0.27054737 0.10327123].
2019-08-01 12:47:07,718 - INFO - Best fit parameters: [7.14431108e-04 4.57969212e-05].
2019-08-01 12:47:07,726 - INFO - Maximum log composite likelihood: -20.8300714823.
2019-08-01 12:47:07,727 - INFO - Optimal value of theta: 58.2304620769.
2019-08-01 12:47:07,727 - INFO - Beginning optimization with guess, [0.53717815 0.06169777].
2019-08-01 12:47:08,195 - INFO - Finished optimization with guess, [0.53717815 0.06169777].
2019-08-01 12:47:08,195 - INFO - Best fit parameters: [2.67890381e-04 1.69366951e-05].
2019-08-01 12:47:08,203 - INFO - Maximum log composite likelihood: -20.8303900241.
2019-08-01 12:47:08,204 - INFO - Optimal value of theta: 58.1395842213.
2019-08-01 12:47:08,204 - INFO - Beginning optimization with guess, [0.32360882 0.05136326].
2019-08-01 12:47:09,142 - INFO - Finished optimization with guess, [0.32360882 0.05136326].
2019-08-01 12:47:09,143 - INFO - Best fit parameters: [1.47431320e-03 9.55300028e-05].
2019-08-01 12:47:09,151 - INFO - Maximum log composite likelihood: -20.8301283886.
2019-08-01 12:47:09,151 - INFO - Optimal value of theta: 58.2995091242.
2019-08-01 12:47:09,151 - INFO - Beginning optimization with guess, [0.29195694 0.14761504].
2019-08-01 12:47:09,587 - INFO - Finished optimization with guess, [0.29195694 0.14761504].
2019-08-01 12:47:09,588 - INFO - Best fit parameters: [0.01675511 0.00105433].
2019-08-01 12:47:09,596 - INFO - Maximum log composite likelihood: -20.8380686725.
2019-08-01 12:47:09,596 - INFO - Optimal value of theta: 57.9733462157.
2019-08-01 12:47:09,597 - INFO - Beginning optimization with guess, [0.49194673 0.19548006].
2019-08-01 12:47:10,026 - INFO - Finished optimization with guess, [0.49194673 0.19548006].
2019-08-01 12:47:10,026 - INFO - Best fit parameters: [0.00290461 0.00018569].
2019-08-01 12:47:10,034 - INFO - Maximum log composite likelihood: -20.8309222809.
2019-08-01 12:47:10,034 - INFO - Optimal value of theta: 58.1933911803.
2019-08-01 12:47:10,035 - INFO - Beginning optimization with guess, [0.49390128 0.06414574].
2019-08-01 12:47:10,462 - INFO - Finished optimization with guess, [0.49390128 0.06414574].
2019-08-01 12:47:10,463 - INFO - Best fit parameters: [0.00711845 0.00046082].
2019-08-01 12:47:10,471 - INFO - Maximum log composite likelihood: -20.8319265171.
2019-08-01 12:47:10,471 - INFO - Optimal value of theta: 58.2454674132.
2019-08-01 12:47:10,472 - INFO - Beginning optimization with guess, [0.39431366 0.12950195].
2019-08-01 12:47:10,893 - INFO - Finished optimization with guess, [0.39431366 0.12950195].
2019-08-01 12:47:10,894 - INFO - Best fit parameters: [8.76362134e-04 5.73284677e-05].
2019-08-01 12:47:10,902 - INFO - Maximum log composite likelihood: -20.8301353736.
2019-08-01 12:47:10,902 - INFO - Optimal value of theta: 58.3717070152.
2019-08-01 12:47:10,902 - INFO - Beginning optimization with guess, [0.62145159 0.1061222 ].
2019-08-01 12:47:11,371 - INFO - Finished optimization with guess, [0.62145159 0.1061222 ].
2019-08-01 12:47:11,371 - INFO - Best fit parameters: [2.39788173e-04 1.53287857e-05].
2019-08-01 12:47:11,379 - INFO - Maximum log composite likelihood: -20.8299878943.
2019-08-01 12:47:11,380 - INFO - Optimal value of theta: 58.2153327821.
2019-08-01 12:47:11,380 - INFO - Beginning optimization with guess, [0.72253269 0.15679565].
2019-08-01 12:47:11,801 - INFO - Finished optimization with guess, [0.72253269 0.15679565].
2019-08-01 12:47:11,801 - INFO - Best fit parameters: [0.00430429 0.00027843].
2019-08-01 12:47:11,809 - INFO - Maximum log composite likelihood: -20.8310183292.
2019-08-01 12:47:11,810 - INFO - Optimal value of theta: 58.2637113381.
2019-08-01 12:47:11,810 - INFO - Beginning optimization with guess, [0.66185648 0.06493546].
2019-08-01 12:47:12,224 - INFO - Finished optimization with guess, [0.66185648 0.06493546].
2019-08-01 12:47:12,225 - INFO - Best fit parameters: [1.00000000e-04 6.48019752e-06].
2019-08-01 12:47:12,233 - INFO - Maximum log composite likelihood: -20.8297259835.
2019-08-01 12:47:12,233 - INFO - Optimal value of theta: 58.3117052941.
2019-08-01 12:47:12,233 - INFO - Beginning optimization with guess, [0.52197645 0.07480603].
2019-08-01 12:47:12,651 - INFO - Finished optimization with guess, [0.52197645 0.07480603].
2019-08-01 12:47:12,651 - INFO - Best fit parameters: [1.00000000e-04 6.33597206e-06].
2019-08-01 12:47:12,659 - INFO - Maximum log composite likelihood: -20.8302191231.
2019-08-01 12:47:12,660 - INFO - Optimal value of theta: 58.1557135855.
2019-08-01 12:47:12,660 - INFO - Beginning optimization with guess, [0.31460641 0.17549867].
2019-08-01 12:47:13,087 - INFO - Finished optimization with guess, [0.31460641 0.17549867].
2019-08-01 12:47:13,088 - INFO - Best fit parameters: [0.01070522 0.00069388].
2019-08-01 12:47:13,096 - INFO - Maximum log composite likelihood: -20.8331223375.
2019-08-01 12:47:13,096 - INFO - Optimal value of theta: 58.2241303433.
2019-08-01 12:47:13,096 - INFO - Beginning optimization with guess, [0.8070317  0.12653794].
2019-08-01 12:47:13,518 - INFO - Finished optimization with guess, [0.8070317  0.12653794].
2019-08-01 12:47:13,518 - INFO - Best fit parameters: [7.40510457e-04 4.65620892e-05].
2019-08-01 12:47:13,527 - INFO - Maximum log composite likelihood: -20.8309198637.
2019-08-01 12:47:13,527 - INFO - Optimal value of theta: 58.0986938866.
2019-08-01 12:47:13,527 - INFO - Beginning optimization with guess, [0.56222858 0.16489178].
2019-08-01 12:47:14,134 - INFO - Finished optimization with guess, [0.56222858 0.16489178].
2019-08-01 12:47:14,134 - INFO - Best fit parameters: [0.04325035 0.00294089].
2019-08-01 12:47:14,142 - INFO - Maximum log composite likelihood: -20.8440348288.
2019-08-01 12:47:14,143 - INFO - Optimal value of theta: 58.2750405541.
2019-08-01 12:47:14,143 - INFO - Beginning optimization with guess, [0.5191009  0.10915974].
2019-08-01 12:47:14,580 - INFO - Finished optimization with guess, [0.5191009  0.10915974].
2019-08-01 12:47:14,580 - INFO - Best fit parameters: [1.29855631e-03 8.41043133e-05].
2019-08-01 12:47:14,588 - INFO - Maximum log composite likelihood: -20.8300761221.
2019-08-01 12:47:14,589 - INFO - Optimal value of theta: 58.2978741061.
2019-08-01 12:47:14,589 - INFO - Beginning optimization with guess, [0.42739947 0.05425213].
2019-08-01 12:47:15,005 - INFO - Finished optimization with guess, [0.42739947 0.05425213].
2019-08-01 12:47:15,005 - INFO - Best fit parameters: [0.00227665 0.00014843].
2019-08-01 12:47:15,013 - INFO - Maximum log composite likelihood: -20.83041762.
2019-08-01 12:47:15,014 - INFO - Optimal value of theta: 58.3362503961.
2019-08-01 12:47:15,014 - INFO - Beginning optimization with guess, [0.37553859 0.13292107].
2019-08-01 12:47:15,459 - INFO - Finished optimization with guess, [0.37553859 0.13292107].
2019-08-01 12:47:15,459 - INFO - Best fit parameters: [0.00294129 0.0001892 ].
2019-08-01 12:47:15,468 - INFO - Maximum log composite likelihood: -20.8307043665.
2019-08-01 12:47:15,468 - INFO - Optimal value of theta: 58.2361258193.
2019-08-01 12:47:15,468 - INFO - Beginning optimization with guess, [0.28073384 0.07911081].
2019-08-01 12:47:15,885 - INFO - Finished optimization with guess, [0.28073384 0.07911081].
2019-08-01 12:47:15,886 - INFO - Best fit parameters: [3.36121272e-04 2.14071851e-05].
2019-08-01 12:47:15,894 - INFO - Maximum log composite likelihood: -20.8301099776.
2019-08-01 12:47:15,894 - INFO - Optimal value of theta: 58.1890916801.
2019-08-01 12:47:15,894 - INFO - Beginning optimization with guess, [0.38509399 0.18036512].
2019-08-01 12:47:16,322 - INFO - Finished optimization with guess, [0.38509399 0.18036512].
2019-08-01 12:47:16,322 - INFO - Best fit parameters: [0.00662064 0.00043012].
2019-08-01 12:47:16,331 - INFO - Maximum log composite likelihood: -20.8316991804.
2019-08-01 12:47:16,331 - INFO - Optimal value of theta: 58.2745739308.
2019-08-01 12:47:16,331 - INFO - Beginning optimization with guess, [0.25039182 0.05818511].
2019-08-01 12:47:16,790 - INFO - Finished optimization with guess, [0.25039182 0.05818511].
2019-08-01 12:47:16,790 - INFO - Best fit parameters: [0.00193035 0.00012455].
2019-08-01 12:47:16,799 - INFO - Maximum log composite likelihood: -20.8303030925.
2019-08-01 12:47:16,799 - INFO - Optimal value of theta: 58.2656935702.
2019-08-01 12:47:16,800 - INFO - Beginning optimization with guess, [0.77040802 0.05575488].
2019-08-01 12:47:17,244 - INFO - Finished optimization with guess, [0.77040802 0.05575488].
2019-08-01 12:47:17,244 - INFO - Best fit parameters: [4.19131806e-04 2.64995851e-05].
2019-08-01 12:47:17,253 - INFO - Maximum log composite likelihood: -20.8304460829.
2019-08-01 12:47:17,253 - INFO - Optimal value of theta: 58.138607636.
2019-08-01 12:47:17,254 - INFO - Finished demographic inference.
2019-08-01 12:47:17,254 - INFO - Beginning DFE inference.
2019-08-01 12:47:19,210 - INFO - Beginning optimization with guess, [ 0.1423764  77.94835176].
2019-08-01 12:47:37,122 - INFO - Finished optomization, results are [-23.63858290935539 array([0.63572995, 4.50281821])].
2019-08-01 12:47:37,132 - INFO - Beginning optimization with guess, [5.38213853e-02 7.26786842e+01].
2019-08-01 12:47:59,542 - INFO - Finished optomization, results are [-23.638578460505457 array([0.63656055, 4.49097297])].
2019-08-01 12:47:59,543 - INFO - Beginning optimization with guess, [6.60116344e-02 1.82915238e+02].
2019-08-01 12:48:02,832 - INFO - Finished optomization, results are [-23.638583490304427 array([0.6356955, 4.5032204])].
2019-08-01 12:48:02,843 - INFO - Beginning optimization with guess, [8.04057541e-02 8.80057685e+01].
2019-08-01 12:48:04,522 - INFO - Finished optomization, results are [-23.63858348089911 array([0.63569593, 4.50321627])].
2019-08-01 12:48:04,523 - INFO - Beginning optimization with guess, [8.00500248e-02 1.58227482e+02].
2019-08-01 12:48:09,591 - INFO - Finished optomization, results are [-23.638492579932148 array([0.64541085, 4.40279614])].
2019-08-01 12:48:09,592 - INFO - Beginning optimization with guess, [ 0.1573468  92.23436931].
2019-08-01 12:48:16,934 - INFO - Finished optomization, results are [-23.638582009963763 array([0.63566462, 4.5046031 ])].
2019-08-01 12:48:16,935 - INFO - Beginning optimization with guess, [1.06334292e-01 2.68825595e+02].
2019-08-01 12:48:23,291 - INFO - Finished optomization, results are [-23.638533955119392 array([0.63919555, 4.46280342])].
2019-08-01 12:48:23,292 - INFO - Beginning optimization with guess, [9.27968179e-02 1.05923291e+02].
2019-08-01 12:48:24,482 - INFO - Finished optomization, results are [-23.638583483681504 array([0.63569591, 4.50321562])].
2019-08-01 12:48:24,482 - INFO - Beginning optimization with guess, [8.54181443e-02 9.27787031e+01].
2019-08-01 12:48:25,745 - INFO - Finished optomization, results are [-23.63858347607153 array([0.63569621, 4.50321313])].
2019-08-01 12:48:25,746 - INFO - Beginning optimization with guess, [5.83460308e-02 2.42664735e+02].
2019-08-01 12:48:33,206 - INFO - Finished optomization, results are [-23.63857314598357 array([0.63708378, 4.4845369 ])].
2019-08-01 12:48:33,206 - INFO - Beginning optimization with guess, [ 0.12561485 70.98328303].
2019-08-01 12:48:38,448 - INFO - Finished optomization, results are [-23.638583449218835 array([0.63569815, 4.50318809])].
2019-08-01 12:48:38,449 - INFO - Beginning optimization with guess, [  0.12729627 126.30277246].
2019-08-01 12:48:44,443 - INFO - Finished optomization, results are [-23.638583353124 array([0.63567984, 4.50356728])].
2019-08-01 12:48:44,443 - INFO - Beginning optimization with guess, [ 0.09948481 90.56827667].
2019-08-01 12:48:50,531 - INFO - Finished optomization, results are [-23.63853914772161 array([0.63897209, 4.46473061])].
2019-08-01 12:48:50,532 - INFO - Beginning optimization with guess, [  0.13961221 131.63997788].
2019-08-01 12:48:55,689 - INFO - Finished optomization, results are [-23.63858329721123 array([0.63570866, 4.5030555 ])].
2019-08-01 12:48:55,689 - INFO - Beginning optimization with guess, [6.64789087e-02 9.81553584e+01].
2019-08-01 12:48:57,155 - INFO - Finished optomization, results are [-23.63858347750814 array([0.63569607, 4.50321504])].
2019-08-01 12:48:57,156 - INFO - Beginning optimization with guess, [ 0.07534133 70.46055703].
2019-08-01 12:48:58,278 - INFO - Finished optomization, results are [-23.63858347733313 array([0.63569612, 4.50321423])].
2019-08-01 12:48:58,279 - INFO - Beginning optimization with guess, [9.82840202e-02 1.15648323e+02].
2019-08-01 12:49:03,282 - INFO - Finished optomization, results are [-23.638581730779897 array([0.63597782, 4.49900307])].
2019-08-01 12:49:03,283 - INFO - Beginning optimization with guess, [ 0.1416206 72.1485457].
2019-08-01 12:49:07,176 - INFO - Finished optomization, results are [-23.63858302107895 array([0.63577914, 4.50190622])].
2019-08-01 12:49:07,177 - INFO - Beginning optimization with guess, [ 0.14933925 85.22209691].
2019-08-01 12:49:08,226 - INFO - Finished optomization, results are [-23.638583542199484 array([0.63569257, 4.50325379])].
2019-08-01 12:49:08,226 - INFO - Beginning optimization with guess, [6.04941478e-02 1.11332734e+02].
2019-08-01 12:49:13,398 - INFO - Finished optomization, results are [-23.638582768424975 array([0.63576584, 4.50222652])].
2019-08-01 12:49:13,399 - INFO - Beginning optimization with guess, [5.71022659e-02 2.18752820e+02].
2019-08-01 12:49:19,614 - INFO - Finished optomization, results are [-23.63858347120546 array([0.63569692, 4.50320203])].
2019-08-01 12:49:19,615 - INFO - Beginning optimization with guess, [5.03050349e-02 1.05697057e+02].
2019-08-01 12:49:20,940 - INFO - Finished optomization, results are [-23.638583473874036 array([0.63569641, 4.50321032])].
2019-08-01 12:49:20,941 - INFO - Beginning optimization with guess, [9.76373761e-02 1.50607456e+02].
2019-08-01 12:49:24,501 - INFO - Finished optomization, results are [-23.63858014520526 array([0.63640615, 4.49288062])].
2019-08-01 12:49:24,501 - INFO - Beginning optimization with guess, [5.20101842e-02 2.05200577e+02].
2019-08-01 12:49:29,807 - INFO - Finished optomization, results are [-23.638583474903626 array([0.63569648, 4.50320859])].
2019-08-01 12:49:29,808 - INFO - Beginning optimization with guess, [1.12986820e-01 1.27764884e+02].
2019-08-01 12:49:30,994 - INFO - Finished optomization, results are [-23.638583478274207 array([0.63569607, 4.50321468])].
2019-08-01 12:49:30,995 - INFO - Beginning optimization with guess, [5.60887158e-02 1.18595702e+02].
2019-08-01 12:49:36,226 - INFO - Finished optomization, results are [-23.638570642779108 array([0.63650739, 4.49364831])].
2019-08-01 12:49:36,227 - INFO - Beginning optimization with guess, [  0.12536302 108.35791854].
2019-08-01 12:49:41,099 - INFO - Finished optomization, results are [-23.638582537386245 array([0.63576201, 4.50238014])].
2019-08-01 12:49:41,100 - INFO - Beginning optimization with guess, [  0.15837247 125.75053351].
2019-08-01 12:49:45,902 - INFO - Finished optomization, results are [-23.638583462382556 array([0.63569899, 4.50316766])].
2019-08-01 12:49:45,903 - INFO - Beginning optimization with guess, [9.67431986e-02 2.75233600e+02].
2019-08-01 12:49:52,514 - INFO - Finished optomization, results are [-23.638583416194617 array([0.63570096, 4.50314971])].
2019-08-01 12:49:52,515 - INFO - Beginning optimization with guess, [7.13079736e-02 7.57645982e+01].
2019-08-01 12:49:53,626 - INFO - Finished optomization, results are [-23.638583477386707 array([0.63569612, 4.50321424])].
2019-08-01 12:49:53,626 - INFO - Beginning optimization with guess, [1.09704342e-01 1.94298609e+02].
2019-08-01 12:49:54,949 - INFO - Finished optomization, results are [-23.638583534296735 array([0.63569281, 4.50325243])].
2019-08-01 12:49:54,949 - INFO - Beginning optimization with guess, [6.13611455e-02 1.73286481e+02].
2019-08-01 12:49:56,343 - INFO - Finished optomization, results are [-23.638583477699015 array([0.6356961, 4.5032144])].
2019-08-01 12:49:56,344 - INFO - Beginning optimization with guess, [1.23032503e-01 2.42574531e+02].
2019-08-01 12:49:57,596 - INFO - Finished optomization, results are [-23.63858347616086 array([0.63569621, 4.50321304])].
2019-08-01 12:49:57,596 - INFO - Beginning optimization with guess, [  0.1689087  108.51097381].
2019-08-01 12:50:02,408 - INFO - Finished optomization, results are [-23.638519344450632 array([0.64070977, 4.45325246])].
2019-08-01 12:50:02,408 - INFO - Beginning optimization with guess, [ 0.17791796 79.20027371].
2019-08-01 12:50:03,803 - INFO - Finished optomization, results are [-23.63858349075749 array([0.6356954 , 4.50322214])].
2019-08-01 12:50:03,803 - INFO - Beginning optimization with guess, [7.96949412e-02 1.01649846e+02].
2019-08-01 12:50:05,059 - INFO - Finished optomization, results are [-23.63858347811282 array([0.63569611, 4.50321418])].
2019-08-01 12:50:05,061 - INFO - Beginning optimization with guess, [ 0.11343243 83.23042397].
2019-08-01 12:50:10,998 - INFO - Finished optomization, results are [-23.63858312575996 array([0.63572092, 4.50289868])].
2019-08-01 12:50:10,998 - INFO - Beginning optimization with guess, [ 0.0998574  82.27280733].
2019-08-01 12:50:12,183 - INFO - Finished optomization, results are [-23.638583479420657 array([0.63569607, 4.50321432])].
2019-08-01 12:50:12,183 - INFO - Beginning optimization with guess, [  0.11107313 110.89912286].
2019-08-01 12:50:13,540 - INFO - Finished optomization, results are [-23.638583467001 array([0.63569677, 4.50320646])].
2019-08-01 12:50:13,540 - INFO - Beginning optimization with guess, [9.90679049e-02 1.25171821e+02].
2019-08-01 12:50:19,592 - INFO - Finished optomization, results are [-23.638583086163454 array([0.63568154, 4.50365091])].
2019-08-01 12:50:19,592 - INFO - Beginning optimization with guess, [1.16340729e-01 1.46924059e+02].
2019-08-01 12:50:20,848 - INFO - Finished optomization, results are [-23.638583472570005 array([0.63569641, 4.50321074])].
2019-08-01 12:50:20,848 - INFO - Beginning optimization with guess, [4.98442056e-02 1.08235684e+02].
2019-08-01 12:50:22,171 - INFO - Finished optomization, results are [-23.638583482888702 array([0.63569579, 4.50321802])].
2019-08-01 12:50:22,171 - INFO - Beginning optimization with guess, [5.42521119e-02 1.05241266e+02].
2019-08-01 12:50:23,493 - INFO - Finished optomization, results are [-23.63858347420866 array([0.63569639, 4.50321045])].
2019-08-01 12:50:23,494 - INFO - Beginning optimization with guess, [7.79724318e-02 2.04798136e+02].
2019-08-01 12:50:24,813 - INFO - Finished optomization, results are [-23.638583477489142 array([0.63569612, 4.50321424])].
2019-08-01 12:50:24,813 - INFO - Beginning optimization with guess, [1.60512611e-01 2.80157720e+02].
2019-08-01 12:50:25,857 - INFO - Finished optomization, results are [-23.638583486272683 array([0.63569564, 4.50321957])].
2019-08-01 12:50:25,857 - INFO - Beginning optimization with guess, [9.40871424e-02 1.32313237e+02].
2019-08-01 12:50:30,505 - INFO - Finished optomization, results are [-23.63850263277098 array([0.64239374, 4.4271086 ])].
2019-08-01 12:50:30,506 - INFO - Beginning optimization with guess, [4.94495563e-02 2.75206164e+02].
2019-08-01 12:50:36,268 - INFO - Finished optomization, results are [-23.638565152561164 array([0.63696928, 4.48784641])].
2019-08-01 12:50:36,268 - INFO - Beginning optimization with guess, [1.76009711e-01 2.00100364e+02].
2019-08-01 12:50:37,518 - INFO - Finished optomization, results are [-23.63858347880175 array([0.63569604, 4.50321506])].
2019-08-01 12:50:37,518 - INFO - Beginning optimization with guess, [1.05926156e-01 1.63504637e+02].
2019-08-01 12:50:38,699 - INFO - Finished optomization, results are [-23.638583484604965 array([0.63569583, 4.50321662])].
2019-08-01 12:50:38,699 - INFO - Beginning optimization with guess, [ 0.09431757 83.51015957].
2019-08-01 12:50:42,026 - INFO - Finished optomization, results are [-23.63858336762773 array([0.63570367, 4.50311904])].
2019-08-01 12:50:42,026 - INFO - Finished DFE inference.
2019-08-01 12:50:42,026 - INFO - Integrating expected site-frequency spectrum.
2019-08-01 12:50:42,043 - INFO - Outputing results.
2019-08-01 12:50:42,047 - INFO - Pipeline executed succesfully.
