2019-08-12 10:45:56,627 - INFO - Beginning execution of fitdadi_infer_DFE.py in directory /u/home/j/jonmah/lohmueller_lab/Scripts

2019-08-12 10:45:56,627 - INFO - Progress is being logged to ../Data/PG/seed_2_fitdadi_output/log.log

2019-08-12 10:45:56,628 - INFO - Parsed the following arguments:
	breed = AW
	outprefix = ../Data/PG/seed_2_fitdadi_output/
	nonsyn_input_sfs = ../Data/PG/seed_2_easySFS_output_nonsyn/dadi/pop1.sfs
	syn_input_sfs = ../Data/PG/seed_2_easySFS_output_syn/dadi/pop1.sfs

2019-08-12 10:45:56,630 - INFO - Beginning optimization with guess, [0.34927578 0.14855231].
2019-08-12 10:45:58,241 - INFO - Finished optimization with guess, [0.34927578 0.14855231].
2019-08-12 10:45:58,242 - INFO - Best fit parameters: [0.3964812  0.17126777].
2019-08-12 10:45:58,264 - INFO - Maximum log composite likelihood: -33.9460976925.
2019-08-12 10:45:58,265 - INFO - Optimal value of theta: 2638.03963065.
2019-08-12 10:45:58,266 - INFO - Beginning optimization with guess, [0.35271076 0.06876107].
2019-08-12 10:46:01,248 - INFO - Finished optimization with guess, [0.35271076 0.06876107].
2019-08-12 10:46:01,249 - INFO - Best fit parameters: [0.39649334 0.17123435].
2019-08-12 10:46:01,271 - INFO - Maximum log composite likelihood: -33.946095953.
2019-08-12 10:46:01,272 - INFO - Optimal value of theta: 2637.89055947.
2019-08-12 10:46:01,272 - INFO - Beginning optimization with guess, [0.5403409  0.12119623].
2019-08-12 10:46:02,299 - INFO - Finished optimization with guess, [0.5403409  0.12119623].
2019-08-12 10:46:02,300 - INFO - Best fit parameters: [0.39644323 0.17129256].
2019-08-12 10:46:02,326 - INFO - Maximum log composite likelihood: -33.9461067865.
2019-08-12 10:46:02,327 - INFO - Optimal value of theta: 2638.24228501.
2019-08-12 10:46:02,328 - INFO - Beginning optimization with guess, [0.26306166 0.12160441].
2019-08-12 10:46:04,056 - INFO - Finished optimization with guess, [0.26306166 0.12160441].
2019-08-12 10:46:04,056 - INFO - Best fit parameters: [0.39644742 0.17134722].
2019-08-12 10:46:04,078 - INFO - Maximum log composite likelihood: -33.9461052325.
2019-08-12 10:46:04,079 - INFO - Optimal value of theta: 2638.41135056.
2019-08-12 10:46:04,080 - INFO - Beginning optimization with guess, [0.80391318 0.0575522 ].
2019-08-12 10:46:06,056 - INFO - Finished optimization with guess, [0.80391318 0.0575522 ].
2019-08-12 10:46:06,056 - INFO - Best fit parameters: [0.39646576 0.17131954].
2019-08-12 10:46:06,078 - INFO - Maximum log composite likelihood: -33.9461006269.
2019-08-12 10:46:06,079 - INFO - Optimal value of theta: 2638.2609346.
2019-08-12 10:46:06,079 - INFO - Beginning optimization with guess, [0.3178365 0.1282118].
2019-08-12 10:46:09,470 - INFO - Finished optimization with guess, [0.3178365 0.1282118].
2019-08-12 10:46:09,472 - INFO - Best fit parameters: [0.39645562 0.17126105].
2019-08-12 10:46:09,494 - INFO - Maximum log composite likelihood: -33.9461039308.
2019-08-12 10:46:09,495 - INFO - Optimal value of theta: 2638.09809964.
2019-08-12 10:46:09,496 - INFO - Beginning optimization with guess, [0.47874973 0.05528668].
2019-08-12 10:46:11,612 - INFO - Finished optimization with guess, [0.47874973 0.05528668].
2019-08-12 10:46:11,612 - INFO - Best fit parameters: [0.39646457 0.17127321].
2019-08-12 10:46:11,635 - INFO - Maximum log composite likelihood: -33.9461014313.
2019-08-12 10:46:11,636 - INFO - Optimal value of theta: 2638.11017147.
2019-08-12 10:46:11,636 - INFO - Beginning optimization with guess, [0.33364747 0.05933466].
2019-08-12 10:46:13,506 - INFO - Finished optimization with guess, [0.33364747 0.05933466].
2019-08-12 10:46:13,507 - INFO - Best fit parameters: [0.39644355 0.17129317].
2019-08-12 10:46:13,529 - INFO - Maximum log composite likelihood: -33.9461066926.
2019-08-12 10:46:13,529 - INFO - Optimal value of theta: 2638.24334067.
2019-08-12 10:46:13,530 - INFO - Beginning optimization with guess, [0.29962485 0.18935445].
2019-08-12 10:46:15,244 - INFO - Finished optimization with guess, [0.29962485 0.18935445].
2019-08-12 10:46:15,244 - INFO - Best fit parameters: [0.39645812 0.17120773].
2019-08-12 10:46:15,268 - INFO - Maximum log composite likelihood: -33.9461046961.
2019-08-12 10:46:15,269 - INFO - Optimal value of theta: 2637.91344001.
2019-08-12 10:46:15,270 - INFO - Beginning optimization with guess, [0.37987807 0.15124976].
2019-08-12 10:46:18,361 - INFO - Finished optimization with guess, [0.37987807 0.15124976].
2019-08-12 10:46:18,362 - INFO - Best fit parameters: [0.39645958 0.17131375].
2019-08-12 10:46:18,385 - INFO - Maximum log composite likelihood: -33.9461022276.
2019-08-12 10:46:18,386 - INFO - Optimal value of theta: 2638.2612158.
2019-08-12 10:46:18,387 - INFO - Beginning optimization with guess, [0.63210498 0.06416589].
2019-08-12 10:46:19,896 - INFO - Finished optimization with guess, [0.63210498 0.06416589].
2019-08-12 10:46:19,896 - INFO - Best fit parameters: [0.39644873 0.17124701].
2019-08-12 10:46:19,921 - INFO - Maximum log composite likelihood: -33.9461060563.
2019-08-12 10:46:19,921 - INFO - Optimal value of theta: 2638.07327731.
2019-08-12 10:46:19,922 - INFO - Beginning optimization with guess, [0.50142638 0.06282907].
2019-08-12 10:46:21,482 - INFO - Finished optimization with guess, [0.50142638 0.06282907].
2019-08-12 10:46:21,483 - INFO - Best fit parameters: [0.3965376  0.17170005].
2019-08-12 10:46:21,509 - INFO - Maximum log composite likelihood: -33.9460914229.
2019-08-12 10:46:21,510 - INFO - Optimal value of theta: 2639.30103684.
2019-08-12 10:46:21,510 - INFO - Beginning optimization with guess, [0.82979318 0.09210122].
2019-08-12 10:46:23,711 - INFO - Finished optimization with guess, [0.82979318 0.09210122].
2019-08-12 10:46:23,711 - INFO - Best fit parameters: [0.3964434  0.17129587].
2019-08-12 10:46:23,733 - INFO - Maximum log composite likelihood: -33.9461067058.
2019-08-12 10:46:23,734 - INFO - Optimal value of theta: 2638.25280287.
2019-08-12 10:46:23,734 - INFO - Beginning optimization with guess, [0.42168848 0.05257905].
2019-08-12 10:46:25,611 - INFO - Finished optimization with guess, [0.42168848 0.05257905].
2019-08-12 10:46:25,611 - INFO - Best fit parameters: [0.39649495 0.17112879].
2019-08-12 10:46:25,633 - INFO - Maximum log composite likelihood: -33.9460991518.
2019-08-12 10:46:25,633 - INFO - Optimal value of theta: 2637.53542661.
2019-08-12 10:46:25,634 - INFO - Beginning optimization with guess, [0.57089084 0.06188196].
2019-08-12 10:46:29,159 - INFO - Finished optimization with guess, [0.57089084 0.06188196].
2019-08-12 10:46:29,160 - INFO - Best fit parameters: [0.39645936 0.17127508].
2019-08-12 10:46:29,182 - INFO - Maximum log composite likelihood: -33.9461027098.
2019-08-12 10:46:29,183 - INFO - Optimal value of theta: 2638.13289814.
2019-08-12 10:46:29,183 - INFO - Beginning optimization with guess, [0.59296155 0.07504499].
2019-08-12 10:46:31,097 - INFO - Finished optimization with guess, [0.59296155 0.07504499].
2019-08-12 10:46:31,099 - INFO - Best fit parameters: [0.39648547 0.17112974].
2019-08-12 10:46:31,125 - INFO - Maximum log composite likelihood: -33.9461010587.
2019-08-12 10:46:31,126 - INFO - Optimal value of theta: 2637.56850818.
2019-08-12 10:46:31,126 - INFO - Beginning optimization with guess, [0.9611098  0.08923016].
2019-08-12 10:46:34,431 - INFO - Finished optimization with guess, [0.9611098  0.08923016].
2019-08-12 10:46:34,432 - INFO - Best fit parameters: [0.39646845 0.1713855 ].
2019-08-12 10:46:34,454 - INFO - Maximum log composite likelihood: -33.9460996957.
2019-08-12 10:46:34,455 - INFO - Optimal value of theta: 2638.47239784.
2019-08-12 10:46:34,455 - INFO - Beginning optimization with guess, [0.32994911 0.1708801 ].
2019-08-12 10:46:36,258 - INFO - Finished optimization with guess, [0.32994911 0.1708801 ].
2019-08-12 10:46:36,258 - INFO - Best fit parameters: [0.3965645  0.17166187].
2019-08-12 10:46:36,281 - INFO - Maximum log composite likelihood: -33.9460863501.
2019-08-12 10:46:36,282 - INFO - Optimal value of theta: 2639.08876436.
2019-08-12 10:46:36,282 - INFO - Beginning optimization with guess, [0.29502389 0.10309254].
2019-08-12 10:46:37,829 - INFO - Finished optimization with guess, [0.29502389 0.10309254].
2019-08-12 10:46:37,829 - INFO - Best fit parameters: [0.3964587  0.17126378].
2019-08-12 10:46:37,851 - INFO - Maximum log composite likelihood: -33.9461030892.
2019-08-12 10:46:37,852 - INFO - Optimal value of theta: 2638.09741404.
2019-08-12 10:46:37,853 - INFO - Beginning optimization with guess, [0.25066129 0.05632688].
2019-08-12 10:46:39,467 - INFO - Finished optimization with guess, [0.25066129 0.05632688].
2019-08-12 10:46:39,467 - INFO - Best fit parameters: [0.3964691  0.17121728].
2019-08-12 10:46:39,489 - INFO - Maximum log composite likelihood: -33.9461017446.
2019-08-12 10:46:39,490 - INFO - Optimal value of theta: 2637.91042712.
2019-08-12 10:46:39,490 - INFO - Beginning optimization with guess, [0.52561428 0.07776142].
2019-08-12 10:46:42,764 - INFO - Finished optimization with guess, [0.52561428 0.07776142].
2019-08-12 10:46:42,766 - INFO - Best fit parameters: [0.3964659  0.17130235].
2019-08-12 10:46:42,789 - INFO - Maximum log composite likelihood: -33.946100751.
2019-08-12 10:46:42,790 - INFO - Optimal value of theta: 2638.2031599.
2019-08-12 10:46:42,791 - INFO - Beginning optimization with guess, [0.93177082 0.14792219].
2019-08-12 10:46:44,474 - INFO - Finished optimization with guess, [0.93177082 0.14792219].
2019-08-12 10:46:44,474 - INFO - Best fit parameters: [0.39645207 0.17130447].
2019-08-12 10:46:44,496 - INFO - Maximum log composite likelihood: -33.9461042676.
2019-08-12 10:46:44,497 - INFO - Optimal value of theta: 2638.25401474.
2019-08-12 10:46:44,497 - INFO - Beginning optimization with guess, [0.64490899 0.12372258].
2019-08-12 10:46:46,537 - INFO - Finished optimization with guess, [0.64490899 0.12372258].
2019-08-12 10:46:46,538 - INFO - Best fit parameters: [0.39661985 0.17159882].
2019-08-12 10:46:46,559 - INFO - Maximum log composite likelihood: -33.9460801719.
2019-08-12 10:46:46,560 - INFO - Optimal value of theta: 2638.70357653.
2019-08-12 10:46:46,560 - INFO - Beginning optimization with guess, [0.76135717 0.0825484 ].
2019-08-12 10:46:48,223 - INFO - Finished optimization with guess, [0.76135717 0.0825484 ].
2019-08-12 10:46:48,223 - INFO - Best fit parameters: [0.39656979 0.17132946].
2019-08-12 10:46:48,246 - INFO - Maximum log composite likelihood: -33.9460823895.
2019-08-12 10:46:48,246 - INFO - Optimal value of theta: 2637.96473527.
2019-08-12 10:46:48,247 - INFO - Beginning optimization with guess, [0.44489881 0.06157022].
2019-08-12 10:46:50,030 - INFO - Finished optimization with guess, [0.44489881 0.06157022].
2019-08-12 10:46:50,032 - INFO - Best fit parameters: [0.39662913 0.17128352].
2019-08-12 10:46:50,057 - INFO - Maximum log composite likelihood: -33.946079822.
2019-08-12 10:46:50,058 - INFO - Optimal value of theta: 2637.62511553.
2019-08-12 10:46:50,058 - INFO - Beginning optimization with guess, [0.45249077 0.0581267 ].
2019-08-12 10:46:53,245 - INFO - Finished optimization with guess, [0.45249077 0.0581267 ].
2019-08-12 10:46:53,245 - INFO - Best fit parameters: [0.39644603 0.17134987].
2019-08-12 10:46:53,267 - INFO - Maximum log composite likelihood: -33.9461056054.
2019-08-12 10:46:53,267 - INFO - Optimal value of theta: 2638.42459496.
2019-08-12 10:46:53,268 - INFO - Beginning optimization with guess, [0.45365256 0.05300536].
2019-08-12 10:46:54,841 - INFO - Finished optimization with guess, [0.45365256 0.05300536].
2019-08-12 10:46:54,841 - INFO - Best fit parameters: [0.39645188 0.17132949].
2019-08-12 10:46:54,863 - INFO - Maximum log composite likelihood: -33.9461041186.
2019-08-12 10:46:54,864 - INFO - Optimal value of theta: 2638.33806878.
2019-08-12 10:46:54,864 - INFO - Beginning optimization with guess, [0.59604962 0.192942  ].
2019-08-12 10:46:56,892 - INFO - Finished optimization with guess, [0.59604962 0.192942  ].
2019-08-12 10:46:56,892 - INFO - Best fit parameters: [0.21987578 0.32134971].
2019-08-12 10:46:56,928 - INFO - Maximum log composite likelihood: -34.3122477571.
2019-08-12 10:46:56,929 - INFO - Optimal value of theta: 5187.70403824.
2019-08-12 10:46:56,930 - INFO - Beginning optimization with guess, [0.34442193 0.10550306].
2019-08-12 10:46:58,447 - INFO - Finished optimization with guess, [0.34442193 0.10550306].
2019-08-12 10:46:58,447 - INFO - Best fit parameters: [0.39651966 0.17128565].
2019-08-12 10:46:58,469 - INFO - Maximum log composite likelihood: -33.946089842.
2019-08-12 10:46:58,470 - INFO - Optimal value of theta: 2637.97751904.
2019-08-12 10:46:58,471 - INFO - Beginning optimization with guess, [0.29488135 0.13865438].
2019-08-12 10:46:59,891 - INFO - Finished optimization with guess, [0.29488135 0.13865438].
2019-08-12 10:46:59,892 - INFO - Best fit parameters: [0.39646082 0.17127796].
2019-08-12 10:46:59,914 - INFO - Maximum log composite likelihood: -33.9461023041.
2019-08-12 10:46:59,915 - INFO - Optimal value of theta: 2638.1378864.
2019-08-12 10:46:59,915 - INFO - Beginning optimization with guess, [0.68767376 0.12094311].
2019-08-12 10:47:03,161 - INFO - Finished optimization with guess, [0.68767376 0.12094311].
2019-08-12 10:47:03,162 - INFO - Best fit parameters: [0.39658185 0.17131691].
2019-08-12 10:47:03,188 - INFO - Maximum log composite likelihood: -33.9460814515.
2019-08-12 10:47:03,189 - INFO - Optimal value of theta: 2637.88487118.
2019-08-12 10:47:03,190 - INFO - Beginning optimization with guess, [0.31770404 0.16564762].
2019-08-12 10:47:04,617 - INFO - Finished optimization with guess, [0.31770404 0.16564762].
2019-08-12 10:47:04,618 - INFO - Best fit parameters: [0.3964457 0.1712731].
2019-08-12 10:47:04,644 - INFO - Maximum log composite likelihood: -33.9461063368.
2019-08-12 10:47:04,645 - INFO - Optimal value of theta: 2638.16951286.
2019-08-12 10:47:04,646 - INFO - Beginning optimization with guess, [0.45893964 0.13885927].
2019-08-12 10:47:06,207 - INFO - Finished optimization with guess, [0.45893964 0.13885927].
2019-08-12 10:47:06,207 - INFO - Best fit parameters: [0.39644668 0.17134094].
2019-08-12 10:47:06,230 - INFO - Maximum log composite likelihood: -33.9461054636.
2019-08-12 10:47:06,230 - INFO - Optimal value of theta: 2638.39275271.
2019-08-12 10:47:06,231 - INFO - Beginning optimization with guess, [0.82697006 0.05455986].
2019-08-12 10:47:07,846 - INFO - Finished optimization with guess, [0.82697006 0.05455986].
2019-08-12 10:47:07,847 - INFO - Best fit parameters: [0.39648411 0.17120596].
2019-08-12 10:47:07,869 - INFO - Maximum log composite likelihood: -33.9460986915.
2019-08-12 10:47:07,870 - INFO - Optimal value of theta: 2637.82555055.
2019-08-12 10:47:07,871 - INFO - Beginning optimization with guess, [0.6751051  0.07366652].
2019-08-12 10:47:09,822 - INFO - Finished optimization with guess, [0.6751051  0.07366652].
2019-08-12 10:47:09,822 - INFO - Best fit parameters: [0.39645418 0.1713667 ].
2019-08-12 10:47:09,847 - INFO - Maximum log composite likelihood: -33.946103357.
2019-08-12 10:47:09,848 - INFO - Optimal value of theta: 2638.45491008.
2019-08-12 10:47:09,848 - INFO - Beginning optimization with guess, [0.36796938 0.11320903].
2019-08-12 10:47:12,665 - INFO - Finished optimization with guess, [0.36796938 0.11320903].
2019-08-12 10:47:12,666 - INFO - Best fit parameters: [0.396486   0.17138837].
2019-08-12 10:47:12,689 - INFO - Maximum log composite likelihood: -33.9460955991.
2019-08-12 10:47:12,689 - INFO - Optimal value of theta: 2638.42639697.
2019-08-12 10:47:12,690 - INFO - Beginning optimization with guess, [0.89181156 0.16218234].
2019-08-12 10:47:14,916 - INFO - Finished optimization with guess, [0.89181156 0.16218234].
2019-08-12 10:47:14,917 - INFO - Best fit parameters: [0.39658829 0.17165197].
2019-08-12 10:47:14,939 - INFO - Maximum log composite likelihood: -33.9460835649.
2019-08-12 10:47:14,940 - INFO - Optimal value of theta: 2638.98042104.
2019-08-12 10:47:14,941 - INFO - Beginning optimization with guess, [0.48607497 0.05010785].
2019-08-12 10:47:16,235 - INFO - Finished optimization with guess, [0.48607497 0.05010785].
2019-08-12 10:47:16,235 - INFO - Best fit parameters: [0.3965247 0.1711103].
2019-08-12 10:47:16,257 - INFO - Maximum log composite likelihood: -33.9460946325.
2019-08-12 10:47:16,258 - INFO - Optimal value of theta: 2637.38026764.
2019-08-12 10:47:16,258 - INFO - Beginning optimization with guess, [0.34612711 0.14274459].
2019-08-12 10:47:17,983 - INFO - Finished optimization with guess, [0.34612711 0.14274459].
2019-08-12 10:47:17,984 - INFO - Best fit parameters: [0.39645368 0.17139462].
2019-08-12 10:47:18,007 - INFO - Maximum log composite likelihood: -33.9461034873.
2019-08-12 10:47:18,008 - INFO - Optimal value of theta: 2638.54957935.
2019-08-12 10:47:18,008 - INFO - Beginning optimization with guess, [0.4861056  0.06351185].
2019-08-12 10:47:19,646 - INFO - Finished optimization with guess, [0.4861056  0.06351185].
2019-08-12 10:47:19,647 - INFO - Best fit parameters: [0.39646154 0.17127758].
2019-08-12 10:47:19,670 - INFO - Maximum log composite likelihood: -33.9461021267.
2019-08-12 10:47:19,670 - INFO - Optimal value of theta: 2638.13433921.
2019-08-12 10:47:19,671 - INFO - Beginning optimization with guess, [0.63652182 0.06241901].
2019-08-12 10:47:21,327 - INFO - Finished optimization with guess, [0.63652182 0.06241901].
2019-08-12 10:47:21,327 - INFO - Best fit parameters: [0.39644427 0.17131276].
2019-08-12 10:47:21,354 - INFO - Maximum log composite likelihood: -33.9461063098.
2019-08-12 10:47:21,355 - INFO - Optimal value of theta: 2638.30639092.
2019-08-12 10:47:21,356 - INFO - Beginning optimization with guess, [0.25057314 0.07852724].
2019-08-12 10:47:22,959 - INFO - Finished optimization with guess, [0.25057314 0.07852724].
2019-08-12 10:47:22,960 - INFO - Best fit parameters: [0.39645399 0.17126858].
2019-08-12 10:47:22,985 - INFO - Maximum log composite likelihood: -33.9461041831.
2019-08-12 10:47:22,986 - INFO - Optimal value of theta: 2638.12820117.
2019-08-12 10:47:22,987 - INFO - Beginning optimization with guess, [0.61521865 0.05570246].
2019-08-12 10:47:25,091 - INFO - Finished optimization with guess, [0.61521865 0.05570246].
2019-08-12 10:47:25,092 - INFO - Best fit parameters: [0.39644477 0.17129897].
2019-08-12 10:47:25,119 - INFO - Maximum log composite likelihood: -33.9461062952.
2019-08-12 10:47:25,120 - INFO - Optimal value of theta: 2638.25879431.
2019-08-12 10:47:25,120 - INFO - Beginning optimization with guess, [0.45278275 0.09445149].
2019-08-12 10:47:27,133 - INFO - Finished optimization with guess, [0.45278275 0.09445149].
2019-08-12 10:47:27,134 - INFO - Best fit parameters: [0.39647886 0.17124235].
2019-08-12 10:47:27,157 - INFO - Maximum log composite likelihood: -33.9460988255.
2019-08-12 10:47:27,158 - INFO - Optimal value of theta: 2637.96274465.
2019-08-12 10:47:27,158 - INFO - Beginning optimization with guess, [0.43398635 0.07000012].
2019-08-12 10:47:30,936 - INFO - Finished optimization with guess, [0.43398635 0.07000012].
2019-08-12 10:47:30,936 - INFO - Best fit parameters: [0.39663987 0.17149565].
2019-08-12 10:47:30,959 - INFO - Maximum log composite likelihood: -33.9460781511.
2019-08-12 10:47:30,960 - INFO - Optimal value of theta: 2638.2967058.
2019-08-12 10:47:30,960 - INFO - Beginning optimization with guess, [0.73467501 0.18803291].
2019-08-12 10:47:33,393 - INFO - Finished optimization with guess, [0.73467501 0.18803291].
2019-08-12 10:47:33,393 - INFO - Best fit parameters: [0.39659322 0.17167423].
2019-08-12 10:47:33,415 - INFO - Maximum log composite likelihood: -33.9460838242.
2019-08-12 10:47:33,416 - INFO - Optimal value of theta: 2639.03887265.
2019-08-12 10:47:33,417 - INFO - Beginning optimization with guess, [0.33567151 0.16147481].
2019-08-12 10:47:34,764 - INFO - Finished optimization with guess, [0.33567151 0.16147481].
2019-08-12 10:47:34,764 - INFO - Best fit parameters: [0.39645777 0.17128295].
2019-08-12 10:47:34,786 - INFO - Maximum log composite likelihood: -33.9461030159.
2019-08-12 10:47:34,787 - INFO - Optimal value of theta: 2638.16420014.
2019-08-12 10:47:34,787 - INFO - Beginning optimization with guess, [0.83583932 0.16807424].
2019-08-12 10:47:36,703 - INFO - Finished optimization with guess, [0.83583932 0.16807424].
2019-08-12 10:47:36,703 - INFO - Best fit parameters: [0.39645852 0.17146213].
2019-08-12 10:47:36,726 - INFO - Maximum log composite likelihood: -33.9461025943.
2019-08-12 10:47:36,727 - INFO - Optimal value of theta: 2638.75928618.
2019-08-12 10:47:36,727 - INFO - Beginning optimization with guess, [0.26373484 0.05840263].
2019-08-12 10:47:38,300 - INFO - Finished optimization with guess, [0.26373484 0.05840263].
2019-08-12 10:47:38,301 - INFO - Best fit parameters: [0.39647314 0.17129138].
2019-08-12 10:47:38,323 - INFO - Maximum log composite likelihood: -33.9460991307.
2019-08-12 10:47:38,323 - INFO - Optimal value of theta: 2638.14366082.
2019-08-12 10:47:38,324 - INFO - Beginning optimization with guess, [0.87497035 0.05711546].
2019-08-12 10:47:39,976 - INFO - Finished optimization with guess, [0.87497035 0.05711546].
2019-08-12 10:47:39,976 - INFO - Best fit parameters: [0.39653594 0.17151302].
2019-08-12 10:47:40,003 - INFO - Maximum log composite likelihood: -33.9460869937.
2019-08-12 10:47:40,004 - INFO - Optimal value of theta: 2638.68363139.
2019-08-12 10:47:40,005 - INFO - Beginning optimization with guess, [0.72371162 0.07152747].
2019-08-12 10:47:41,301 - INFO - Finished optimization with guess, [0.72371162 0.07152747].
2019-08-12 10:47:41,301 - INFO - Best fit parameters: [0.39663575 0.17136723].
2019-08-12 10:47:41,326 - INFO - Maximum log composite likelihood: -33.9460782803.
2019-08-12 10:47:41,326 - INFO - Optimal value of theta: 2637.88191098.
2019-08-12 10:47:41,327 - INFO - Beginning optimization with guess, [0.77114361 0.0603835 ].
2019-08-12 10:47:43,192 - INFO - Finished optimization with guess, [0.77114361 0.0603835 ].
2019-08-12 10:47:43,193 - INFO - Best fit parameters: [0.39646933 0.17116501].
2019-08-12 10:47:43,215 - INFO - Maximum log composite likelihood: -33.9461033475.
2019-08-12 10:47:43,216 - INFO - Optimal value of theta: 2637.73638882.
2019-08-12 10:47:43,217 - INFO - Beginning optimization with guess, [0.76548625 0.05513159].
2019-08-12 10:47:44,761 - INFO - Finished optimization with guess, [0.76548625 0.05513159].
2019-08-12 10:47:44,762 - INFO - Best fit parameters: [0.39647795 0.17122437].
2019-08-12 10:47:44,784 - INFO - Maximum log composite likelihood: -33.9460995099.
2019-08-12 10:47:44,785 - INFO - Optimal value of theta: 2637.90601895.
2019-08-12 10:47:44,785 - INFO - Beginning optimization with guess, [0.99846891 0.1305307 ].
2019-08-12 10:47:46,243 - INFO - Finished optimization with guess, [0.99846891 0.1305307 ].
2019-08-12 10:47:46,244 - INFO - Best fit parameters: [0.3964599  0.17120546].
2019-08-12 10:47:46,266 - INFO - Maximum log composite likelihood: -33.9461043185.
2019-08-12 10:47:46,267 - INFO - Optimal value of theta: 2637.9002788.
2019-08-12 10:47:46,268 - INFO - Beginning optimization with guess, [0.44450957 0.12610725].
2019-08-12 10:47:47,744 - INFO - Finished optimization with guess, [0.44450957 0.12610725].
2019-08-12 10:47:47,745 - INFO - Best fit parameters: [0.39646314 0.17142746].
2019-08-12 10:47:47,770 - INFO - Maximum log composite likelihood: -33.9461011365.
2019-08-12 10:47:47,770 - INFO - Optimal value of theta: 2638.62910877.
2019-08-12 10:47:47,771 - INFO - Beginning optimization with guess, [0.90637964 0.08624799].
2019-08-12 10:47:48,999 - INFO - Finished optimization with guess, [0.90637964 0.08624799].
2019-08-12 10:47:48,999 - INFO - Best fit parameters: [0.39645359 0.17127183].
2019-08-12 10:47:49,021 - INFO - Maximum log composite likelihood: -33.9461042438.
2019-08-12 10:47:49,022 - INFO - Optimal value of theta: 2638.14033632.
2019-08-12 10:47:49,022 - INFO - Beginning optimization with guess, [0.34856047 0.15695641].
2019-08-12 10:47:50,811 - INFO - Finished optimization with guess, [0.34856047 0.15695641].
2019-08-12 10:47:50,812 - INFO - Best fit parameters: [0.39662368 0.17154148].
2019-08-12 10:47:50,834 - INFO - Maximum log composite likelihood: -33.9460790113.
2019-08-12 10:47:50,835 - INFO - Optimal value of theta: 2638.50059073.
2019-08-12 10:47:50,835 - INFO - Beginning optimization with guess, [0.48899207 0.05763786].
2019-08-12 10:47:54,397 - INFO - Finished optimization with guess, [0.48899207 0.05763786].
2019-08-12 10:47:54,398 - INFO - Best fit parameters: [0.39645745 0.17136577].
2019-08-12 10:47:54,422 - INFO - Maximum log composite likelihood: -33.9461025001.
2019-08-12 10:47:54,423 - INFO - Optimal value of theta: 2638.44144598.
2019-08-12 10:47:54,423 - INFO - Beginning optimization with guess, [0.54652363 0.05007417].
2019-08-12 10:47:55,338 - INFO - Finished optimization with guess, [0.54652363 0.05007417].
2019-08-12 10:47:55,339 - INFO - Best fit parameters: [0.39644403 0.17131163].
2019-08-12 10:47:55,362 - INFO - Maximum log composite likelihood: -33.9461063845.
2019-08-12 10:47:55,362 - INFO - Optimal value of theta: 2638.30338768.
2019-08-12 10:47:55,363 - INFO - Beginning optimization with guess, [0.99520605 0.19723097].
2019-08-12 10:47:57,017 - INFO - Finished optimization with guess, [0.99520605 0.19723097].
2019-08-12 10:47:57,017 - INFO - Best fit parameters: [0.39645418 0.17137974].
2019-08-12 10:47:57,039 - INFO - Maximum log composite likelihood: -33.9461033434.
2019-08-12 10:47:57,039 - INFO - Optimal value of theta: 2638.49840157.
2019-08-12 10:47:57,040 - INFO - Beginning optimization with guess, [0.70902937 0.10064505].
2019-08-12 10:47:58,842 - INFO - Finished optimization with guess, [0.70902937 0.10064505].
2019-08-12 10:47:58,843 - INFO - Best fit parameters: [0.39649031 0.17115026].
2019-08-12 10:47:58,864 - INFO - Maximum log composite likelihood: -33.9460992623.
2019-08-12 10:47:58,865 - INFO - Optimal value of theta: 2637.62128978.
2019-08-12 10:47:58,866 - INFO - Beginning optimization with guess, [0.27211845 0.0551399 ].
2019-08-12 10:48:00,569 - INFO - Finished optimization with guess, [0.27211845 0.0551399 ].
2019-08-12 10:48:00,570 - INFO - Best fit parameters: [0.39655045 0.17117861].
2019-08-12 10:48:00,592 - INFO - Maximum log composite likelihood: -33.9460883746.
2019-08-12 10:48:00,593 - INFO - Optimal value of theta: 2637.5255771.
2019-08-12 10:48:00,594 - INFO - Beginning optimization with guess, [0.54198564 0.10512188].
2019-08-12 10:48:01,598 - INFO - Finished optimization with guess, [0.54198564 0.10512188].
2019-08-12 10:48:01,598 - INFO - Best fit parameters: [0.39655303 0.17111433].
2019-08-12 10:48:01,621 - INFO - Maximum log composite likelihood: -33.9460905708.
2019-08-12 10:48:01,621 - INFO - Optimal value of theta: 2637.30430232.
2019-08-12 10:48:01,622 - INFO - Beginning optimization with guess, [0.28364628 0.05513033].
2019-08-12 10:48:02,873 - INFO - Finished optimization with guess, [0.28364628 0.05513033].
2019-08-12 10:48:02,874 - INFO - Best fit parameters: [0.39652571 0.171676  ].
2019-08-12 10:48:02,896 - INFO - Maximum log composite likelihood: -33.946092566.
2019-08-12 10:48:02,897 - INFO - Optimal value of theta: 2639.25868307.
2019-08-12 10:48:02,897 - INFO - Beginning optimization with guess, [0.72623227 0.17582685].
2019-08-12 10:48:07,278 - INFO - Finished optimization with guess, [0.72623227 0.17582685].
2019-08-12 10:48:07,279 - INFO - Best fit parameters: [0.39645891 0.1712662 ].
2019-08-12 10:48:07,301 - INFO - Maximum log composite likelihood: -33.9461029822.
2019-08-12 10:48:07,302 - INFO - Optimal value of theta: 2638.10478618.
2019-08-12 10:48:07,303 - INFO - Beginning optimization with guess, [0.68189184 0.16255453].
2019-08-12 10:48:11,714 - INFO - Finished optimization with guess, [0.68189184 0.16255453].
2019-08-12 10:48:11,715 - INFO - Best fit parameters: [0.39645446 0.17135627].
2019-08-12 10:48:11,738 - INFO - Maximum log composite likelihood: -33.9461033089.
2019-08-12 10:48:11,739 - INFO - Optimal value of theta: 2638.41923486.
2019-08-12 10:48:11,740 - INFO - Beginning optimization with guess, [0.93661394 0.06421304].
2019-08-12 10:48:13,909 - INFO - Finished optimization with guess, [0.93661394 0.06421304].
2019-08-12 10:48:13,909 - INFO - Best fit parameters: [0.39649207 0.17112333].
2019-08-12 10:48:13,932 - INFO - Maximum log composite likelihood: -33.9460999481.
2019-08-12 10:48:13,932 - INFO - Optimal value of theta: 2637.52641555.
2019-08-12 10:48:13,933 - INFO - Beginning optimization with guess, [0.44358909 0.05716248].
2019-08-12 10:48:15,622 - INFO - Finished optimization with guess, [0.44358909 0.05716248].
2019-08-12 10:48:15,623 - INFO - Best fit parameters: [0.39645484 0.17127616].
2019-08-12 10:48:15,644 - INFO - Maximum log composite likelihood: -33.9461038584.
2019-08-12 10:48:15,645 - INFO - Optimal value of theta: 2638.1508045.
2019-08-12 10:48:15,645 - INFO - Beginning optimization with guess, [0.74669541 0.08653826].
2019-08-12 10:48:18,786 - INFO - Finished optimization with guess, [0.74669541 0.08653826].
2019-08-12 10:48:18,787 - INFO - Best fit parameters: [0.39645585 0.17133366].
2019-08-12 10:48:18,809 - INFO - Maximum log composite likelihood: -33.9461030458.
2019-08-12 10:48:18,810 - INFO - Optimal value of theta: 2638.33942851.
2019-08-12 10:48:18,810 - INFO - Beginning optimization with guess, [0.74444446 0.05085267].
2019-08-12 10:48:22,422 - INFO - Finished optimization with guess, [0.74444446 0.05085267].
2019-08-12 10:48:22,422 - INFO - Best fit parameters: [0.39649301 0.17147047].
2019-08-12 10:48:22,444 - INFO - Maximum log composite likelihood: -33.9460944562.
2019-08-12 10:48:22,445 - INFO - Optimal value of theta: 2638.67784035.
2019-08-12 10:48:22,445 - INFO - Beginning optimization with guess, [0.93996364 0.0697406 ].
2019-08-12 10:48:24,210 - INFO - Finished optimization with guess, [0.93996364 0.0697406 ].
2019-08-12 10:48:24,211 - INFO - Best fit parameters: [0.39645826 0.17135688].
2019-08-12 10:48:24,234 - INFO - Maximum log composite likelihood: -33.9461023133.
2019-08-12 10:48:24,234 - INFO - Optimal value of theta: 2638.40924296.
2019-08-12 10:48:24,235 - INFO - Beginning optimization with guess, [0.30041642 0.08717455].
2019-08-12 10:48:27,616 - INFO - Finished optimization with guess, [0.30041642 0.08717455].
2019-08-12 10:48:27,618 - INFO - Best fit parameters: [0.39645195 0.17135545].
2019-08-12 10:48:27,640 - INFO - Maximum log composite likelihood: -33.9461039791.
2019-08-12 10:48:27,641 - INFO - Optimal value of theta: 2638.42447372.
2019-08-12 10:48:27,641 - INFO - Beginning optimization with guess, [0.77880934 0.06387079].
2019-08-12 10:48:29,078 - INFO - Finished optimization with guess, [0.77880934 0.06387079].
2019-08-12 10:48:29,079 - INFO - Best fit parameters: [0.39645754 0.1712917 ].
2019-08-12 10:48:29,100 - INFO - Maximum log composite likelihood: -33.9461029713.
2019-08-12 10:48:29,101 - INFO - Optimal value of theta: 2638.19410294.
2019-08-12 10:48:29,102 - INFO - Beginning optimization with guess, [0.2560543  0.05527466].
2019-08-12 10:48:32,697 - INFO - Finished optimization with guess, [0.2560543  0.05527466].
2019-08-12 10:48:32,698 - INFO - Best fit parameters: [0.39645076 0.17131805].
2019-08-12 10:48:32,720 - INFO - Maximum log composite likelihood: -33.9461045008.
2019-08-12 10:48:32,721 - INFO - Optimal value of theta: 2638.30350585.
2019-08-12 10:48:32,722 - INFO - Beginning optimization with guess, [0.26032007 0.05036025].
2019-08-12 10:48:34,344 - INFO - Finished optimization with guess, [0.26032007 0.05036025].
2019-08-12 10:48:34,345 - INFO - Best fit parameters: [0.39652682 0.17141785].
2019-08-12 10:48:34,367 - INFO - Maximum log composite likelihood: -33.94608773.
2019-08-12 10:48:34,368 - INFO - Optimal value of theta: 2638.39539742.
2019-08-12 10:48:34,369 - INFO - Beginning optimization with guess, [0.8797477 0.0650599].
2019-08-12 10:48:35,742 - INFO - Finished optimization with guess, [0.8797477 0.0650599].
2019-08-12 10:48:35,742 - INFO - Best fit parameters: [0.39648311 0.17121976].
2019-08-12 10:48:35,764 - INFO - Maximum log composite likelihood: -33.946098504.
2019-08-12 10:48:35,765 - INFO - Optimal value of theta: 2637.8744678.
2019-08-12 10:48:35,766 - INFO - Beginning optimization with guess, [0.40260738 0.11819817].
2019-08-12 10:48:37,078 - INFO - Finished optimization with guess, [0.40260738 0.11819817].
2019-08-12 10:48:37,078 - INFO - Best fit parameters: [0.39645755 0.17136123].
2019-08-12 10:48:37,101 - INFO - Maximum log composite likelihood: -33.9461024834.
2019-08-12 10:48:37,101 - INFO - Optimal value of theta: 2638.42596787.
2019-08-12 10:48:37,102 - INFO - Beginning optimization with guess, [0.31440668 0.05229439].
2019-08-12 10:48:39,278 - INFO - Finished optimization with guess, [0.31440668 0.05229439].
2019-08-12 10:48:39,279 - INFO - Best fit parameters: [0.39645798 0.17121664].
2019-08-12 10:48:39,301 - INFO - Maximum log composite likelihood: -33.9461044742.
2019-08-12 10:48:39,302 - INFO - Optimal value of theta: 2637.94341018.
2019-08-12 10:48:39,302 - INFO - Beginning optimization with guess, [0.48882449 0.06298518].
2019-08-12 10:48:41,512 - INFO - Finished optimization with guess, [0.48882449 0.06298518].
2019-08-12 10:48:41,514 - INFO - Best fit parameters: [0.39647949 0.17138479].
2019-08-12 10:48:41,538 - INFO - Maximum log composite likelihood: -33.946097071.
2019-08-12 10:48:41,539 - INFO - Optimal value of theta: 2638.43508991.
2019-08-12 10:48:41,540 - INFO - Beginning optimization with guess, [0.88442598 0.08893049].
2019-08-12 10:48:43,043 - INFO - Finished optimization with guess, [0.88442598 0.08893049].
2019-08-12 10:48:43,043 - INFO - Best fit parameters: [0.39654221 0.17108278].
2019-08-12 10:48:43,068 - INFO - Maximum log composite likelihood: -33.9460933356.
2019-08-12 10:48:43,069 - INFO - Optimal value of theta: 2637.23377189.
2019-08-12 10:48:43,069 - INFO - Beginning optimization with guess, [0.59089325 0.14433077].
2019-08-12 10:48:47,423 - INFO - Finished optimization with guess, [0.59089325 0.14433077].
2019-08-12 10:48:47,424 - INFO - Best fit parameters: [0.23627034 0.32305179].
2019-08-12 10:48:47,459 - INFO - Maximum log composite likelihood: -34.30973131.
2019-08-12 10:48:47,460 - INFO - Optimal value of theta: 4825.89736914.
2019-08-12 10:48:47,460 - INFO - Beginning optimization with guess, [0.48021219 0.06224639].
2019-08-12 10:48:49,725 - INFO - Finished optimization with guess, [0.48021219 0.06224639].
2019-08-12 10:48:49,726 - INFO - Best fit parameters: [0.39644732 0.1712919 ].
2019-08-12 10:48:49,751 - INFO - Maximum log composite likelihood: -33.9461056697.
2019-08-12 10:48:49,752 - INFO - Optimal value of theta: 2638.22710756.
2019-08-12 10:48:49,753 - INFO - Beginning optimization with guess, [0.83284862 0.06100894].
2019-08-12 10:48:53,441 - INFO - Finished optimization with guess, [0.83284862 0.06100894].
2019-08-12 10:48:53,442 - INFO - Best fit parameters: [0.39646864 0.1711937 ].
2019-08-12 10:48:53,471 - INFO - Maximum log composite likelihood: -33.9461025598.
2019-08-12 10:48:53,472 - INFO - Optimal value of theta: 2637.83372033.
2019-08-12 10:48:53,473 - INFO - Beginning optimization with guess, [0.69937123 0.10054421].
2019-08-12 10:48:55,595 - INFO - Finished optimization with guess, [0.69937123 0.10054421].
2019-08-12 10:48:55,595 - INFO - Best fit parameters: [0.39644867 0.17134657].
2019-08-12 10:48:55,618 - INFO - Maximum log composite likelihood: -33.9461048953.
2019-08-12 10:48:55,619 - INFO - Optimal value of theta: 2638.40521384.
2019-08-12 10:48:55,619 - INFO - Beginning optimization with guess, [0.71161908 0.05411189].
2019-08-12 10:48:57,404 - INFO - Finished optimization with guess, [0.71161908 0.05411189].
2019-08-12 10:48:57,404 - INFO - Best fit parameters: [0.39646349 0.17127059].
2019-08-12 10:48:57,427 - INFO - Maximum log composite likelihood: -33.9461017475.
2019-08-12 10:48:57,427 - INFO - Optimal value of theta: 2638.10485846.
2019-08-12 10:48:57,428 - INFO - Beginning optimization with guess, [0.33204133 0.06935406].
2019-08-12 10:48:59,306 - INFO - Finished optimization with guess, [0.33204133 0.06935406].
2019-08-12 10:48:59,307 - INFO - Best fit parameters: [0.39644567 0.17126098].
2019-08-12 10:48:59,331 - INFO - Maximum log composite likelihood: -33.9461065445.
2019-08-12 10:48:59,332 - INFO - Optimal value of theta: 2638.12928482.
2019-08-12 10:48:59,333 - INFO - Beginning optimization with guess, [0.50707372 0.13368942].
2019-08-12 10:49:02,323 - INFO - Finished optimization with guess, [0.50707372 0.13368942].
2019-08-12 10:49:02,324 - INFO - Best fit parameters: [0.39645968 0.17135927].
2019-08-12 10:49:02,347 - INFO - Maximum log composite likelihood: -33.9461019404.
2019-08-12 10:49:02,348 - INFO - Optimal value of theta: 2638.41272307.
2019-08-12 10:49:02,348 - INFO - Beginning optimization with guess, [0.25928915 0.11570816].
2019-08-12 10:49:04,927 - INFO - Finished optimization with guess, [0.25928915 0.11570816].
2019-08-12 10:49:04,927 - INFO - Best fit parameters: [0.39645466 0.17131539].
2019-08-12 10:49:04,950 - INFO - Maximum log composite likelihood: -33.9461034888.
2019-08-12 10:49:04,951 - INFO - Optimal value of theta: 2638.28227203.
2019-08-12 10:49:04,951 - INFO - Beginning optimization with guess, [0.47734042 0.1476466 ].
2019-08-12 10:49:06,395 - INFO - Finished optimization with guess, [0.47734042 0.1476466 ].
2019-08-12 10:49:06,395 - INFO - Best fit parameters: [0.39652656 0.17108216].
2019-08-12 10:49:06,417 - INFO - Maximum log composite likelihood: -33.9460955986.
2019-08-12 10:49:06,418 - INFO - Optimal value of theta: 2637.2810553.
2019-08-12 10:49:06,418 - INFO - Beginning optimization with guess, [0.29912661 0.0918461 ].
2019-08-12 10:49:08,685 - INFO - Finished optimization with guess, [0.29912661 0.0918461 ].
2019-08-12 10:49:08,686 - INFO - Best fit parameters: [0.39649539 0.17111956].
2019-08-12 10:49:08,708 - INFO - Maximum log composite likelihood: -33.9460994376.
2019-08-12 10:49:08,709 - INFO - Optimal value of theta: 2637.50343459.
2019-08-12 10:49:08,709 - INFO - Beginning optimization with guess, [0.54561291 0.05668625].
2019-08-12 10:49:10,434 - INFO - Finished optimization with guess, [0.54561291 0.05668625].
2019-08-12 10:49:10,434 - INFO - Best fit parameters: [0.39648459 0.17122615].
2019-08-12 10:49:10,457 - INFO - Maximum log composite likelihood: -33.9460980029.
2019-08-12 10:49:10,457 - INFO - Optimal value of theta: 2637.89096915.
2019-08-12 10:49:10,458 - INFO - Beginning optimization with guess, [0.27934376 0.05671066].
2019-08-12 10:49:12,328 - INFO - Finished optimization with guess, [0.27934376 0.05671066].
2019-08-12 10:49:12,328 - INFO - Best fit parameters: [0.39652889 0.17108343].
2019-08-12 10:49:12,351 - INFO - Maximum log composite likelihood: -33.9460951863.
2019-08-12 10:49:12,352 - INFO - Optimal value of theta: 2637.27794315.
2019-08-12 10:49:12,352 - INFO - Beginning optimization with guess, [0.31666051 0.12913156].
2019-08-12 10:49:14,256 - INFO - Finished optimization with guess, [0.31666051 0.12913156].
2019-08-12 10:49:14,257 - INFO - Best fit parameters: [0.39650291 0.17110658].
2019-08-12 10:49:14,279 - INFO - Maximum log composite likelihood: -33.9460985365.
2019-08-12 10:49:14,280 - INFO - Optimal value of theta: 2637.43665388.
2019-08-12 10:49:14,280 - INFO - Beginning optimization with guess, [0.40530591 0.10993302].
2019-08-12 10:49:16,016 - INFO - Finished optimization with guess, [0.40530591 0.10993302].
2019-08-12 10:49:16,017 - INFO - Best fit parameters: [0.39645815 0.17125841].
2019-08-12 10:49:16,039 - INFO - Maximum log composite likelihood: -33.9461033515.
2019-08-12 10:49:16,040 - INFO - Optimal value of theta: 2638.08137224.
2019-08-12 10:49:16,040 - INFO - Beginning optimization with guess, [0.25874398 0.0726261 ].
2019-08-12 10:49:19,037 - INFO - Finished optimization with guess, [0.25874398 0.0726261 ].
2019-08-12 10:49:19,038 - INFO - Best fit parameters: [0.39651427 0.17114465].
2019-08-12 10:49:19,064 - INFO - Maximum log composite likelihood: -33.9460949545.
2019-08-12 10:49:19,065 - INFO - Optimal value of theta: 2637.52712412.
2019-08-12 10:49:19,066 - INFO - Beginning optimization with guess, [0.66482257 0.07211368].
2019-08-12 10:49:20,421 - INFO - Finished optimization with guess, [0.66482257 0.07211368].
2019-08-12 10:49:20,421 - INFO - Best fit parameters: [0.3964507  0.17131299].
2019-08-12 10:49:20,444 - INFO - Maximum log composite likelihood: -33.9461045576.
2019-08-12 10:49:20,445 - INFO - Optimal value of theta: 2638.28678707.
2019-08-12 10:49:20,445 - INFO - Beginning optimization with guess, [0.78819423 0.05446249].
2019-08-12 10:49:22,391 - INFO - Finished optimization with guess, [0.78819423 0.05446249].
2019-08-12 10:49:22,392 - INFO - Best fit parameters: [0.39648656 0.17113231].
2019-08-12 10:49:22,414 - INFO - Maximum log composite likelihood: -33.9461007282.
2019-08-12 10:49:22,415 - INFO - Optimal value of theta: 2637.5735791.
2019-08-12 10:49:22,416 - INFO - Beginning optimization with guess, [0.42404037 0.12810281].
2019-08-12 10:49:23,279 - INFO - Finished optimization with guess, [0.42404037 0.12810281].
2019-08-12 10:49:23,280 - INFO - Best fit parameters: [0.39649908 0.17111044].
2019-08-12 10:49:23,302 - INFO - Maximum log composite likelihood: -33.9460990978.
2019-08-12 10:49:23,302 - INFO - Optimal value of theta: 2637.46154129.
2019-08-12 10:49:23,303 - INFO - Beginning optimization with guess, [0.8890853  0.14214573].
2019-08-12 10:49:24,684 - INFO - Finished optimization with guess, [0.8890853  0.14214573].
2019-08-12 10:49:24,685 - INFO - Best fit parameters: [0.39645652 0.17140827].
2019-08-12 10:49:24,707 - INFO - Maximum log composite likelihood: -33.9461027692.
2019-08-12 10:49:24,708 - INFO - Optimal value of theta: 2638.58611677.
2019-08-12 10:49:24,708 - INFO - Beginning optimization with guess, [0.33703713 0.07898912].
2019-08-12 10:49:27,960 - INFO - Finished optimization with guess, [0.33703713 0.07898912].
2019-08-12 10:49:27,962 - INFO - Best fit parameters: [0.3964582  0.17127072].
2019-08-12 10:49:27,985 - INFO - Maximum log composite likelihood: -33.9461030672.
2019-08-12 10:49:27,986 - INFO - Optimal value of theta: 2638.12203804.
2019-08-12 10:49:27,988 - INFO - Finished demographic inference.
2019-08-12 10:49:27,988 - INFO - Beginning DFE inference.
2019-08-12 10:57:12,799 - INFO - Beginning optimization with guess, [1.64194682e-01 4.99795269e+03].
2019-08-12 10:57:32,258 - INFO - Finished optomization, results are [-35.299308006301544 array([1.32178696e-01, 1.48949552e+04])].
2019-08-12 10:57:32,259 - INFO - Beginning optimization with guess, [1.71073163e-01 5.88312232e+03].
2019-08-12 10:57:48,992 - INFO - Finished optomization, results are [-35.2957147742502 array([1.32753101e-01, 1.44533161e+04])].
2019-08-12 10:57:48,995 - INFO - Beginning optimization with guess, [4.79964301e-02 1.19491349e+04].
2019-08-12 10:58:01,787 - INFO - Finished optomization, results are [-35.295485482096865 array([1.32309387e-01, 1.48982929e+04])].
2019-08-12 10:58:01,788 - INFO - Beginning optimization with guess, [1.40867769e-01 6.20338283e+03].
2019-08-12 10:58:14,160 - INFO - Finished optomization, results are [-35.29886736745675 array([1.31671816e-01, 1.54241072e+04])].
2019-08-12 10:58:14,162 - INFO - Beginning optimization with guess, [1.47644660e-01 9.45794005e+03].
2019-08-12 10:58:27,262 - INFO - Finished optomization, results are [-35.33371779866593 array([1.28537263e-01, 1.87610006e+04])].
2019-08-12 10:58:27,264 - INFO - Beginning optimization with guess, [6.12201496e-02 1.04680458e+04].
2019-08-12 10:58:45,155 - INFO - Finished optomization, results are [-35.30989619238301 array([1.30234092e-01, 1.68637347e+04])].
2019-08-12 10:58:45,157 - INFO - Beginning optimization with guess, [9.18961983e-02 1.13503691e+04].
2019-08-12 10:58:58,292 - INFO - Finished optomization, results are [-35.328564355217054 array([1.28861563e-01, 1.84439980e+04])].
2019-08-12 10:58:58,293 - INFO - Beginning optimization with guess, [1.48596005e-01 6.52953782e+03].
2019-08-12 10:59:13,740 - INFO - Finished optomization, results are [-35.31132083742364 array([1.30505823e-01, 1.64476193e+04])].
2019-08-12 10:59:13,742 - INFO - Beginning optimization with guess, [1.67101436e-01 9.30131832e+03].
2019-08-12 10:59:28,696 - INFO - Finished optomization, results are [-35.322033925346204 array([1.29267714e-01, 1.79419883e+04])].
2019-08-12 10:59:28,698 - INFO - Beginning optimization with guess, [1.21149342e-01 4.20244191e+03].
2019-08-12 10:59:48,730 - INFO - Finished optomization, results are [-35.33279470941693 array([1.28731883e-01, 1.83977260e+04])].
2019-08-12 10:59:48,730 - INFO - Beginning optimization with guess, [1.22955690e-01 3.39781488e+03].
2019-08-12 11:00:05,184 - INFO - Finished optomization, results are [-35.308622187181186 array([1.31237850e-01, 1.56809178e+04])].
2019-08-12 11:00:05,186 - INFO - Beginning optimization with guess, [1.58962590e-01 7.20201387e+03].
2019-08-12 11:00:26,340 - INFO - Finished optomization, results are [-35.29445003212504 array([1.32866559e-01, 1.44513722e+04])].
2019-08-12 11:00:26,342 - INFO - Beginning optimization with guess, [8.68406157e-02 7.51230397e+03].
2019-08-12 11:00:29,298 - INFO - Finished optomization, results are [-35.333720715208756 array([1.28537117e-01, 1.87609864e+04])].
2019-08-12 11:00:29,299 - INFO - Beginning optimization with guess, [6.65648956e-02 8.43855989e+03].
2019-08-12 11:00:39,152 - INFO - Finished optomization, results are [-35.316438724751265 array([1.30695251e-01, 1.67101575e+04])].
2019-08-12 11:00:39,153 - INFO - Beginning optimization with guess, [9.94536272e-02 1.01782334e+04].
2019-08-12 11:00:53,936 - INFO - Finished optomization, results are [-35.333689856441765 array([1.28541175e-01, 1.87444146e+04])].
2019-08-12 11:00:53,938 - INFO - Beginning optimization with guess, [7.73844647e-02 1.10187632e+04].
2019-08-12 11:01:09,627 - INFO - Finished optomization, results are [-35.337553059316065 array([1.28441297e-01, 1.87430802e+04])].
2019-08-12 11:01:09,628 - INFO - Beginning optimization with guess, [1.48629522e-01 7.23836147e+03].
2019-08-12 11:01:24,924 - INFO - Finished optomization, results are [-35.30361968252191 array([1.31894162e-01, 1.50949276e+04])].
2019-08-12 11:01:24,927 - INFO - Beginning optimization with guess, [9.50915343e-02 5.57479413e+03].
2019-08-12 11:01:27,589 - INFO - Finished optomization, results are [-35.33372070213795 array([1.28537118e-01, 1.87609856e+04])].
2019-08-12 11:01:27,590 - INFO - Beginning optimization with guess, [5.18893556e-02 3.81495831e+03].
2019-08-12 11:01:41,176 - INFO - Finished optomization, results are [-35.30567526744653 array([1.30760895e-01, 1.62786327e+04])].
2019-08-12 11:01:41,177 - INFO - Beginning optimization with guess, [1.03829810e-01 4.30451613e+03].
2019-08-12 11:01:43,855 - INFO - Finished optomization, results are [-35.33372073511396 array([1.28537116e-01, 1.87609877e+04])].
2019-08-12 11:01:43,856 - INFO - Beginning optimization with guess, [8.59886561e-02 7.87755748e+03].
2019-08-12 11:02:00,836 - INFO - Finished optomization, results are [-35.333720284327796 array([1.28537140e-01, 1.87609711e+04])].
2019-08-12 11:02:00,837 - INFO - Beginning optimization with guess, [1.10946010e-01 3.30056642e+03].
2019-08-12 11:02:17,421 - INFO - Finished optomization, results are [-35.3337206377671 array([1.28537121e-01, 1.87609909e+04])].
2019-08-12 11:02:17,424 - INFO - Beginning optimization with guess, [1.38191798e-01 1.08527859e+04].
2019-08-12 11:02:37,256 - INFO - Finished optomization, results are [-35.29768955614213 array([1.32537833e-01, 1.45953697e+04])].
2019-08-12 11:02:37,257 - INFO - Beginning optimization with guess, [1.49900641e-01 7.36170167e+03].
2019-08-12 11:02:44,870 - INFO - Finished optomization, results are [-35.30011009969576 array([1.32561282e-01, 1.45308228e+04])].
2019-08-12 11:02:44,872 - INFO - Beginning optimization with guess, [1.13320911e-01 6.04752971e+03].
2019-08-12 11:02:47,533 - INFO - Finished optomization, results are [-35.33372070204666 array([1.28537118e-01, 1.87609853e+04])].
2019-08-12 11:02:47,533 - INFO - Beginning optimization with guess, [4.72375418e-02 4.55128063e+03].
2019-08-12 11:03:04,025 - INFO - Finished optomization, results are [-35.29601830037711 array([1.32362714e-01, 1.49334892e+04])].
2019-08-12 11:03:04,027 - INFO - Beginning optimization with guess, [1.04009520e-01 4.48772736e+03].
2019-08-12 11:03:17,374 - INFO - Finished optomization, results are [-35.333714219189574 array([1.28537499e-01, 1.87604635e+04])].
2019-08-12 11:03:17,376 - INFO - Beginning optimization with guess, [7.07066074e-02 9.35410351e+03].
2019-08-12 11:03:37,214 - INFO - Finished optomization, results are [-35.31997737698771 array([1.30263909e-01, 1.71457807e+04])].
2019-08-12 11:03:37,215 - INFO - Beginning optimization with guess, [6.90260074e-02 3.41399762e+03].
2019-08-12 11:03:56,148 - INFO - Finished optomization, results are [-35.30288047057957 array([1.32561368e-01, 1.44922259e+04])].
2019-08-12 11:03:56,149 - INFO - Beginning optimization with guess, [1.79299240e-01 3.86721411e+03].
2019-08-12 11:04:09,474 - INFO - Finished optomization, results are [-35.298318161929615 array([1.32561382e-01, 1.45615033e+04])].
2019-08-12 11:04:09,477 - INFO - Beginning optimization with guess, [1.63350008e-01 6.63660668e+03].
2019-08-12 11:04:27,758 - INFO - Finished optomization, results are [-35.29840807757978 array([1.31753088e-01, 1.53510528e+04])].
2019-08-12 11:04:27,760 - INFO - Beginning optimization with guess, [6.25265374e-02 7.18849655e+03].
2019-08-12 11:04:34,353 - INFO - Finished optomization, results are [-35.295772973263524 array([1.33345174e-01, 1.39584871e+04])].
2019-08-12 11:04:34,354 - INFO - Beginning optimization with guess, [7.72268249e-02 1.14401556e+04].
2019-08-12 11:04:50,561 - INFO - Finished optomization, results are [-35.321930217932845 array([1.29640752e-01, 1.73277759e+04])].
2019-08-12 11:04:50,562 - INFO - Beginning optimization with guess, [1.03793898e-01 8.29596912e+03].
2019-08-12 11:05:04,460 - INFO - Finished optomization, results are [-35.336583234718546 array([1.28843443e-01, 1.81516735e+04])].
2019-08-12 11:05:04,460 - INFO - Beginning optimization with guess, [6.31875324e-02 1.08800035e+04].
2019-08-12 11:05:22,331 - INFO - Finished optomization, results are [-35.29483578058898 array([1.32702520e-01, 1.45383394e+04])].
2019-08-12 11:05:22,333 - INFO - Beginning optimization with guess, [1.15031211e-01 7.03688762e+03].
2019-08-12 11:05:36,840 - INFO - Finished optomization, results are [-35.33372024963728 array([1.28537144e-01, 1.87609506e+04])].
2019-08-12 11:05:36,842 - INFO - Beginning optimization with guess, [1.63482997e-01 4.40120329e+03].
2019-08-12 11:05:50,891 - INFO - Finished optomization, results are [-35.30575784108407 array([1.31512979e-01, 1.54398040e+04])].
2019-08-12 11:05:50,893 - INFO - Beginning optimization with guess, [1.39876909e-01 9.63934904e+03].
2019-08-12 11:06:11,168 - INFO - Finished optomization, results are [-35.29777050735322 array([1.32525444e-01, 1.46048439e+04])].
2019-08-12 11:06:11,170 - INFO - Beginning optimization with guess, [1.55525560e-01 3.52157618e+03].
2019-08-12 11:06:19,051 - INFO - Finished optomization, results are [-35.30416528927503 array([1.31952124e-01, 1.50318152e+04])].
2019-08-12 11:06:19,051 - INFO - Beginning optimization with guess, [1.37211606e-01 1.11279563e+04].
2019-08-12 11:06:35,510 - INFO - Finished optomization, results are [-35.295956838524944 array([1.32540610e-01, 1.46384982e+04])].
2019-08-12 11:06:35,512 - INFO - Beginning optimization with guess, [1.05651865e-01 1.00300040e+04].
2019-08-12 11:06:49,966 - INFO - Finished optomization, results are [-35.33332505432304 array([1.28654984e-01, 1.85116240e+04])].
2019-08-12 11:06:49,968 - INFO - Beginning optimization with guess, [1.26534338e-01 9.36503982e+03].
2019-08-12 11:07:06,972 - INFO - Finished optomization, results are [-35.336151514884364 array([1.28418267e-01, 1.89675700e+04])].
2019-08-12 11:07:06,978 - INFO - Beginning optimization with guess, [1.23800682e-01 8.80450745e+03].
2019-08-12 11:07:18,419 - INFO - Finished optomization, results are [-35.33371822728827 array([1.28537262e-01, 1.87607986e+04])].
2019-08-12 11:07:18,421 - INFO - Beginning optimization with guess, [4.53618501e-02 7.00509898e+03].
2019-08-12 11:07:32,048 - INFO - Finished optomization, results are [-35.32022482176137 array([1.29396704e-01, 1.77721583e+04])].
2019-08-12 11:07:32,050 - INFO - Beginning optimization with guess, [1.1605613e-01 8.3018553e+03].
2019-08-12 11:07:45,910 - INFO - Finished optomization, results are [-35.3329917335501 array([1.28579635e-01, 1.87080612e+04])].
2019-08-12 11:07:45,911 - INFO - Beginning optimization with guess, [1.57865225e-01 1.05142554e+04].
2019-08-12 11:08:02,193 - INFO - Finished optomization, results are [-35.32374079384988 array([1.29152730e-01, 1.80533741e+04])].
2019-08-12 11:08:02,194 - INFO - Beginning optimization with guess, [5.49325240e-02 4.10410401e+03].
2019-08-12 11:08:14,065 - INFO - Finished optomization, results are [-35.30197626697509 array([1.32406728e-01, 1.46414042e+04])].
2019-08-12 11:08:14,066 - INFO - Beginning optimization with guess, [4.59113932e-02 6.91504021e+03].
2019-08-12 11:08:30,412 - INFO - Finished optomization, results are [-35.31606018758407 array([1.29712857e-01, 1.74143076e+04])].
2019-08-12 11:08:30,414 - INFO - Beginning optimization with guess, [4.64539795e-02 6.16895319e+03].
2019-08-12 11:08:48,338 - INFO - Finished optomization, results are [-35.30683095726795 array([1.30921584e-01, 1.63635993e+04])].
2019-08-12 11:08:48,339 - INFO - Beginning optimization with guess, [1.24644755e-01 1.13114798e+04].
2019-08-12 11:09:00,900 - INFO - Finished optomization, results are [-35.328468829666576 array([1.28909347e-01, 1.84301495e+04])].
2019-08-12 11:09:00,901 - INFO - Beginning optimization with guess, [1.45708505e-01 5.97364048e+03].
2019-08-12 11:09:16,266 - INFO - Finished optomization, results are [-35.298528604474996 array([1.32512155e-01, 1.46016810e+04])].
2019-08-12 11:09:16,268 - INFO - Beginning optimization with guess, [8.61547607e-02 7.74805276e+03].
2019-08-12 11:09:19,203 - INFO - Finished optomization, results are [-35.333720684725904 array([1.28537119e-01, 1.87609839e+04])].
2019-08-12 11:09:19,204 - INFO - Beginning optimization with guess, [1.15434972e-01 7.05458938e+03].
2019-08-12 11:09:33,990 - INFO - Finished optomization, results are [-35.333720417029554 array([1.28537135e-01, 1.87609629e+04])].
2019-08-12 11:09:33,992 - INFO - Beginning optimization with guess, [1.00442422e-01 9.15466898e+03].
2019-08-12 11:09:50,670 - INFO - Finished optomization, results are [-35.32694200219498 array([1.29188896e-01, 1.78467350e+04])].
2019-08-12 11:09:50,672 - INFO - Beginning optimization with guess, [1.00326722e-01 5.15190215e+03].
2019-08-12 11:10:07,023 - INFO - Finished optomization, results are [-35.32418309258378 array([1.29144663e-01, 1.80193744e+04])].
2019-08-12 11:10:07,025 - INFO - Beginning optimization with guess, [1.76879203e-01 3.70171575e+03].
2019-08-12 11:10:19,986 - INFO - Finished optomization, results are [-35.29948606633684 array([1.32413385e-01, 1.46737337e+04])].
2019-08-12 11:10:19,988 - INFO - Beginning optimization with guess, [1.33055763e-01 5.58496362e+03].
2019-08-12 11:10:30,907 - INFO - Finished optomization, results are [-35.330365418950805 array([1.28734876e-01, 1.85262762e+04])].
2019-08-12 11:10:30,907 - INFO - Beginning optimization with guess, [1.39700651e-01 3.23320609e+03].
2019-08-12 11:10:44,177 - INFO - Finished optomization, results are [-35.30620153117752 array([1.31559300e-01, 1.53868901e+04])].
2019-08-12 11:10:44,178 - INFO - Beginning optimization with guess, [7.46132918e-02 8.75018903e+03].
2019-08-12 11:10:53,189 - INFO - Finished optomization, results are [-35.30676108594548 array([1.31729648e-01, 1.56715086e+04])].
2019-08-12 11:10:53,191 - INFO - Beginning optimization with guess, [1.51395996e-01 8.44273210e+03].
2019-08-12 11:11:07,148 - INFO - Finished optomization, results are [-35.33371374328976 array([1.28537500e-01, 1.87606866e+04])].
2019-08-12 11:11:07,149 - INFO - Beginning optimization with guess, [8.77044051e-02 7.70249592e+03].
2019-08-12 11:11:19,864 - INFO - Finished optomization, results are [-35.33370711113628 array([1.28538021e-01, 1.87589488e+04])].
2019-08-12 11:11:19,864 - INFO - Beginning optimization with guess, [1.02278414e-01 6.63349590e+03].
2019-08-12 11:11:23,185 - INFO - Finished optomization, results are [-35.33372070658197 array([1.28537118e-01, 1.87609857e+04])].
2019-08-12 11:11:23,187 - INFO - Beginning optimization with guess, [7.54968555e-02 1.25929531e+04].
2019-08-12 11:11:35,569 - INFO - Finished optomization, results are [-35.3272381925824 array([1.28930379e-01, 1.82897746e+04])].
2019-08-12 11:11:35,570 - INFO - Beginning optimization with guess, [1.10184761e-01 4.69742590e+03].
2019-08-12 11:11:48,549 - INFO - Finished optomization, results are [-35.33353893928677 array([1.28547789e-01, 1.87468108e+04])].
2019-08-12 11:11:48,551 - INFO - Beginning optimization with guess, [4.82277738e-02 4.21853635e+03].
2019-08-12 11:12:06,124 - INFO - Finished optomization, results are [-35.29529436240614 array([1.32456974e-01, 1.48245926e+04])].
2019-08-12 11:12:06,126 - INFO - Beginning optimization with guess, [7.44563683e-02 8.59120482e+03].
2019-08-12 11:12:17,644 - INFO - Finished optomization, results are [-35.306155873125135 array([1.31838762e-01, 1.55687820e+04])].
2019-08-12 11:12:17,646 - INFO - Beginning optimization with guess, [1.48066420e-01 5.16640404e+03].
2019-08-12 11:12:36,291 - INFO - Finished optomization, results are [-35.3079490235898 array([1.30916383e-01, 1.60373770e+04])].
2019-08-12 11:12:36,292 - INFO - Beginning optimization with guess, [1.69333307e-01 4.80983753e+03].
2019-08-12 11:12:55,941 - INFO - Finished optomization, results are [-35.2973091935271 array([1.32658232e-01, 1.44958415e+04])].
2019-08-12 11:12:55,943 - INFO - Beginning optimization with guess, [1.09794976e-01 5.03332708e+03].
2019-08-12 11:13:07,093 - INFO - Finished optomization, results are [-35.33342826801049 array([1.28554347e-01, 1.87379118e+04])].
2019-08-12 11:13:07,095 - INFO - Beginning optimization with guess, [5.80028115e-02 7.86844047e+03].
2019-08-12 11:13:16,351 - INFO - Finished optomization, results are [-35.294843220361145 array([1.33142220e-01, 1.41542325e+04])].
2019-08-12 11:13:16,351 - INFO - Beginning optimization with guess, [1.03177213e-01 5.70815064e+03].
2019-08-12 11:13:30,900 - INFO - Finished optomization, results are [-35.32828834142106 array([1.29170880e-01, 1.78431678e+04])].
2019-08-12 11:13:30,903 - INFO - Beginning optimization with guess, [1.04377617e-01 4.96901536e+03].
2019-08-12 11:13:46,535 - INFO - Finished optomization, results are [-35.33346508249929 array([1.28552349e-01, 1.87394705e+04])].
2019-08-12 11:13:46,536 - INFO - Beginning optimization with guess, [1.20791178e-01 4.15771835e+03].
2019-08-12 11:14:07,683 - INFO - Finished optomization, results are [-35.33230534851964 array([1.28804055e-01, 1.82953426e+04])].
2019-08-12 11:14:07,684 - INFO - Beginning optimization with guess, [6.17202592e-02 8.44861573e+03].
2019-08-12 11:14:21,869 - INFO - Finished optomization, results are [-35.294786186060264 array([1.32874786e-01, 1.43836587e+04])].
2019-08-12 11:14:21,870 - INFO - Beginning optimization with guess, [5.23235109e-02 5.65736007e+03].
2019-08-12 11:14:37,636 - INFO - Finished optomization, results are [-35.30010163128986 array([1.32168269e-01, 1.48899251e+04])].
2019-08-12 11:14:37,637 - INFO - Beginning optimization with guess, [8.69859416e-02 4.86982880e+03].
2019-08-12 11:14:40,437 - INFO - Finished optomization, results are [-35.33372071013741 array([1.28537117e-01, 1.87609860e+04])].
2019-08-12 11:14:40,438 - INFO - Beginning optimization with guess, [1.36949892e-01 1.01456434e+04].
2019-08-12 11:14:52,750 - INFO - Finished optomization, results are [-35.30897986163245 array([1.30543491e-01, 1.64543368e+04])].
2019-08-12 11:14:52,751 - INFO - Beginning optimization with guess, [4.79764257e-02 8.64711782e+03].
2019-08-12 11:15:08,581 - INFO - Finished optomization, results are [-35.30178286665398 array([1.32141966e-01, 1.48869543e+04])].
2019-08-12 11:15:08,583 - INFO - Beginning optimization with guess, [7.49189010e-02 9.43616399e+03].
2019-08-12 11:15:22,722 - INFO - Finished optomization, results are [-35.3102473945346 array([1.31236630e-01, 1.61487294e+04])].
2019-08-12 11:15:22,724 - INFO - Beginning optimization with guess, [1.29811187e-01 4.32521514e+03].
2019-08-12 11:15:33,690 - INFO - Finished optomization, results are [-35.304794862839344 array([1.32030445e-01, 1.49495778e+04])].
2019-08-12 11:15:33,692 - INFO - Beginning optimization with guess, [5.18094874e-02 4.12660865e+03].
2019-08-12 11:15:49,720 - INFO - Finished optomization, results are [-35.30983977255744 array([1.30330452e-01, 1.67099730e+04])].
2019-08-12 11:15:49,722 - INFO - Beginning optimization with guess, [4.98155028e-02 1.09780035e+04].
2019-08-12 11:16:03,578 - INFO - Finished optomization, results are [-35.29435644858472 array([1.33002305e-01, 1.43324333e+04])].
2019-08-12 11:16:03,580 - INFO - Beginning optimization with guess, [6.96577883e-02 3.34232248e+03].
2019-08-12 11:16:16,410 - INFO - Finished optomization, results are [-35.3020283364757 array([1.32869943e-01, 1.42375113e+04])].
2019-08-12 11:16:16,412 - INFO - Beginning optimization with guess, [7.83390328e-02 5.91075356e+03].
2019-08-12 11:16:34,498 - INFO - Finished optomization, results are [-35.29623827410114 array([1.32710551e-01, 1.46611622e+04])].
2019-08-12 11:16:34,501 - INFO - Beginning optimization with guess, [1.37888799e-01 8.74236446e+03].
2019-08-12 11:16:51,435 - INFO - Finished optomization, results are [-35.3337079389579 array([1.28537772e-01, 1.87609079e+04])].
2019-08-12 11:16:51,436 - INFO - Beginning optimization with guess, [1.78671221e-01 3.18436774e+03].
2019-08-12 11:17:09,826 - INFO - Finished optomization, results are [-35.306326696379415 array([1.31198944e-01, 1.57570080e+04])].
2019-08-12 11:17:09,827 - INFO - Beginning optimization with guess, [7.68720531e-02 8.28410396e+03].
2019-08-12 11:17:19,190 - INFO - Finished optomization, results are [-35.301534859877506 array([1.32261688e-01, 1.51408211e+04])].
2019-08-12 11:17:19,190 - INFO - Beginning optimization with guess, [1.09053012e-01 6.59675721e+03].
2019-08-12 11:17:33,390 - INFO - Finished optomization, results are [-35.329870550181454 array([1.28769534e-01, 1.84697955e+04])].
2019-08-12 11:17:33,391 - INFO - Beginning optimization with guess, [7.09534713e-02 7.40582933e+03].
2019-08-12 11:17:51,491 - INFO - Finished optomization, results are [-35.30279562252622 array([1.3180115e-01, 1.5552312e+04])].
2019-08-12 11:17:51,493 - INFO - Beginning optimization with guess, [5.36319059e-02 1.26260612e+04].
2019-08-12 11:18:10,014 - INFO - Finished optomization, results are [-35.30345533447962 array([1.30933426e-01, 1.62472839e+04])].
2019-08-12 11:18:10,017 - INFO - Beginning optimization with guess, [1.23603068e-01 4.62600669e+03].
2019-08-12 11:18:28,271 - INFO - Finished optomization, results are [-35.32324603261168 array([1.29341267e-01, 1.77172598e+04])].
2019-08-12 11:18:28,272 - INFO - Beginning optimization with guess, [1.26765744e-01 3.36466156e+03].
2019-08-12 11:18:48,180 - INFO - Finished optomization, results are [-35.30767999902764 array([1.3121988e-01, 1.5713270e+04])].
2019-08-12 11:18:48,181 - INFO - Beginning optimization with guess, [5.21387380e-02 7.04123708e+03].
2019-08-12 11:19:02,578 - INFO - Finished optomization, results are [-35.33371028285103 array([1.28537733e-01, 1.87601245e+04])].
2019-08-12 11:19:02,581 - INFO - Beginning optimization with guess, [1.29983031e-01 7.07106234e+03].
2019-08-12 11:19:20,896 - INFO - Finished optomization, results are [-35.333717984178975 array([1.28537275e-01, 1.87607911e+04])].
2019-08-12 11:19:20,897 - INFO - Beginning optimization with guess, [7.07637536e-02 7.98483178e+03].
2019-08-12 11:19:41,180 - INFO - Finished optomization, results are [-35.3072343732307 array([1.31412053e-01, 1.59541614e+04])].
2019-08-12 11:19:41,182 - INFO - Beginning optimization with guess, [6.75920330e-02 3.69538876e+03].
2019-08-12 11:19:59,887 - INFO - Finished optomization, results are [-35.30095837303065 array([1.32314202e-01, 1.47401655e+04])].
2019-08-12 11:19:59,889 - INFO - Beginning optimization with guess, [1.21130151e-01 3.65549572e+03].
2019-08-12 11:20:09,012 - INFO - Finished optomization, results are [-35.302598771871544 array([1.32136787e-01, 1.48797511e+04])].
2019-08-12 11:20:09,013 - INFO - Beginning optimization with guess, [1.70537847e-01 3.27994913e+03].
2019-08-12 11:20:29,126 - INFO - Finished optomization, results are [-35.30343823940177 array([1.30974539e-01, 1.60878761e+04])].
2019-08-12 11:20:29,128 - INFO - Beginning optimization with guess, [4.74494678e-02 5.58185167e+03].
2019-08-12 11:20:48,512 - INFO - Finished optomization, results are [-35.30624740940971 array([1.30803247e-01, 1.64425459e+04])].
2019-08-12 11:20:48,513 - INFO - Beginning optimization with guess, [7.07466150e-02 8.03581588e+03].
2019-08-12 11:21:08,331 - INFO - Finished optomization, results are [-35.307672010627925 array([1.31374205e-01, 1.59932752e+04])].
2019-08-12 11:21:08,332 - INFO - Finished DFE inference.
2019-08-12 11:21:08,332 - INFO - Integrating expected site-frequency spectrum.
2019-08-12 11:21:08,382 - INFO - Outputing results.
2019-08-12 11:21:08,390 - INFO - Pipeline executed succesfully.
