2020-09-15 10:38:52,405 - INFO - Beginning execution of fitdadi_infer_DFE.py in directory /u/home/j/jonmah/lohmueller_lab/Scripts

2020-09-15 10:38:52,405 - INFO - Progress is being logged to ../Data/pop_4000_no_demo_no_shift/350_gen_fitdadi_output/log.log

2020-09-15 10:38:52,405 - INFO - Parsed the following arguments:
	breed = LB
	outprefix = ../Data/pop_4000_no_demo_no_shift/350_gen_fitdadi_output/
	nonsyn_input_sfs = ../Data/pop_4000_no_demo_no_shift/350_gen_easySFS_output_nonsyn/dadi/pop1.sfs
	syn_input_sfs = ../Data/pop_4000_no_demo_no_shift/350_gen_easySFS_output_syn/dadi/pop1.sfs

2020-09-15 10:38:52,408 - INFO - Beginning optimization with guess, [0.64012446 0.06679301].
2020-09-15 10:38:53,061 - INFO - Finished optimization with guess, [0.64012446 0.06679301].
2020-09-15 10:38:53,062 - INFO - Best fit parameters: [0.97711617 0.04846549].
2020-09-15 10:38:53,078 - INFO - Maximum log composite likelihood: -21.9604539313.
2020-09-15 10:38:53,079 - INFO - Optimal value of theta: 51.3698258197.
2020-09-15 10:38:53,079 - INFO - Beginning optimization with guess, [0.97320298 0.11090719].
2020-09-15 10:38:53,850 - INFO - Finished optimization with guess, [0.97320298 0.11090719].
2020-09-15 10:38:53,850 - INFO - Best fit parameters: [0.9971824  0.11076452].
2020-09-15 10:38:53,867 - INFO - Maximum log composite likelihood: -21.9611088803.
2020-09-15 10:38:53,868 - INFO - Optimal value of theta: 51.2794416022.
2020-09-15 10:38:53,868 - INFO - Beginning optimization with guess, [0.52347024 0.0643277 ].
2020-09-15 10:38:54,310 - INFO - Finished optimization with guess, [0.52347024 0.0643277 ].
2020-09-15 10:38:54,310 - INFO - Best fit parameters: [0.97442082 0.04387732].
2020-09-15 10:38:54,326 - INFO - Maximum log composite likelihood: -21.9604939287.
2020-09-15 10:38:54,327 - INFO - Optimal value of theta: 51.3731372705.
2020-09-15 10:38:54,327 - INFO - Beginning optimization with guess, [0.52229879 0.0593642 ].
2020-09-15 10:38:54,865 - INFO - Finished optimization with guess, [0.52229879 0.0593642 ].
2020-09-15 10:38:54,865 - INFO - Best fit parameters: [0.97485954 0.04186316].
2020-09-15 10:38:54,881 - INFO - Maximum log composite likelihood: -21.9605212917.
2020-09-15 10:38:54,882 - INFO - Optimal value of theta: 51.366177153.
2020-09-15 10:38:54,882 - INFO - Beginning optimization with guess, [0.31702707 0.07587885].
2020-09-15 10:38:55,327 - INFO - Finished optimization with guess, [0.31702707 0.07587885].
2020-09-15 10:38:55,327 - INFO - Best fit parameters: [0.97455686 0.03314909].
2020-09-15 10:38:55,344 - INFO - Maximum log composite likelihood: -21.960702136.
2020-09-15 10:38:55,344 - INFO - Optimal value of theta: 51.3458345169.
2020-09-15 10:38:55,345 - INFO - Beginning optimization with guess, [0.29870961 0.16882763].
2020-09-15 10:38:55,869 - INFO - Finished optimization with guess, [0.29870961 0.16882763].
2020-09-15 10:38:55,870 - INFO - Best fit parameters: [1.07625671 0.37807393].
2020-09-15 10:38:55,890 - INFO - Maximum log composite likelihood: -21.953121876.
2020-09-15 10:38:55,891 - INFO - Optimal value of theta: 49.6708212145.
2020-09-15 10:38:55,892 - INFO - Beginning optimization with guess, [0.61671657 0.11324166].
2020-09-15 10:38:56,348 - INFO - Finished optimization with guess, [0.61671657 0.11324166].
2020-09-15 10:38:56,349 - INFO - Best fit parameters: [0.98864413 0.08690149].
2020-09-15 10:38:56,365 - INFO - Maximum log composite likelihood: -21.9608383927.
2020-09-15 10:38:56,366 - INFO - Optimal value of theta: 51.3457067322.
2020-09-15 10:38:56,366 - INFO - Beginning optimization with guess, [0.81874769 0.05867369].
2020-09-15 10:38:56,810 - INFO - Finished optimization with guess, [0.81874769 0.05867369].
2020-09-15 10:38:56,810 - INFO - Best fit parameters: [0.977358   0.05671769].
2020-09-15 10:38:56,827 - INFO - Maximum log composite likelihood: -21.9604469283.
2020-09-15 10:38:56,827 - INFO - Optimal value of theta: 51.3853922073.
2020-09-15 10:38:56,828 - INFO - Beginning optimization with guess, [0.78402767 0.08540674].
2020-09-15 10:38:57,279 - INFO - Finished optimization with guess, [0.78402767 0.08540674].
2020-09-15 10:38:57,280 - INFO - Best fit parameters: [0.98572122 0.08013325].
2020-09-15 10:38:57,296 - INFO - Maximum log composite likelihood: -21.9607303081.
2020-09-15 10:38:57,297 - INFO - Optimal value of theta: 51.3628695434.
2020-09-15 10:38:57,297 - INFO - Beginning optimization with guess, [0.69751462 0.15495231].
2020-09-15 10:38:57,773 - INFO - Finished optimization with guess, [0.69751462 0.15495231].
2020-09-15 10:38:57,773 - INFO - Best fit parameters: [1.0138632  0.15326597].
2020-09-15 10:38:57,791 - INFO - Maximum log composite likelihood: -21.9607808704.
2020-09-15 10:38:57,792 - INFO - Optimal value of theta: 51.0794958848.
2020-09-15 10:38:57,792 - INFO - Beginning optimization with guess, [0.81779889 0.19614526].
2020-09-15 10:38:58,294 - INFO - Finished optimization with guess, [0.81779889 0.19614526].
2020-09-15 10:38:58,294 - INFO - Best fit parameters: [1.10926309 0.49304014].
2020-09-15 10:38:58,315 - INFO - Maximum log composite likelihood: -21.9549599236.
2020-09-15 10:38:58,316 - INFO - Optimal value of theta: 48.7172982992.
2020-09-15 10:38:58,317 - INFO - Beginning optimization with guess, [0.53670934 0.07524224].
2020-09-15 10:38:58,761 - INFO - Finished optimization with guess, [0.53670934 0.07524224].
2020-09-15 10:38:58,762 - INFO - Best fit parameters: [0.97607184 0.05110989].
2020-09-15 10:38:58,778 - INFO - Maximum log composite likelihood: -21.9604427078.
2020-09-15 10:38:58,779 - INFO - Optimal value of theta: 51.38113735.
2020-09-15 10:38:58,779 - INFO - Beginning optimization with guess, [0.66189619 0.08357253].
2020-09-15 10:38:59,771 - INFO - Finished optimization with guess, [0.66189619 0.08357253].
2020-09-15 10:38:59,771 - INFO - Best fit parameters: [0.98040039 0.06381878].
2020-09-15 10:38:59,788 - INFO - Maximum log composite likelihood: -21.9604980526.
2020-09-15 10:38:59,789 - INFO - Optimal value of theta: 51.3790727784.
2020-09-15 10:38:59,789 - INFO - Beginning optimization with guess, [0.28586722 0.1682745 ].
2020-09-15 10:39:00,312 - INFO - Finished optimization with guess, [0.28586722 0.1682745 ].
2020-09-15 10:39:00,312 - INFO - Best fit parameters: [1.02288318 0.26997649].
2020-09-15 10:39:00,331 - INFO - Maximum log composite likelihood: -21.9558568455.
2020-09-15 10:39:00,332 - INFO - Optimal value of theta: 50.8423097521.
2020-09-15 10:39:00,333 - INFO - Beginning optimization with guess, [0.75086985 0.08492301].
2020-09-15 10:39:00,784 - INFO - Finished optimization with guess, [0.75086985 0.08492301].
2020-09-15 10:39:00,784 - INFO - Best fit parameters: [0.98710248 0.07886643].
2020-09-15 10:39:00,801 - INFO - Maximum log composite likelihood: -21.9607107384.
2020-09-15 10:39:00,802 - INFO - Optimal value of theta: 51.3506707429.
2020-09-15 10:39:00,802 - INFO - Beginning optimization with guess, [0.32392979 0.15599037].
2020-09-15 10:39:01,728 - INFO - Finished optimization with guess, [0.32392979 0.15599037].
2020-09-15 10:39:01,728 - INFO - Best fit parameters: [1.21811658 1.87288387].
2020-09-15 10:39:01,764 - INFO - Maximum log composite likelihood: -21.9378407994.
2020-09-15 10:39:01,765 - INFO - Optimal value of theta: 43.4115890861.
2020-09-15 10:39:01,765 - INFO - Beginning optimization with guess, [0.30492716 0.08570617].
2020-09-15 10:39:02,214 - INFO - Finished optimization with guess, [0.30492716 0.08570617].
2020-09-15 10:39:02,215 - INFO - Best fit parameters: [0.97398219 0.0370661 ].
2020-09-15 10:39:02,231 - INFO - Maximum log composite likelihood: -21.9606086614.
2020-09-15 10:39:02,231 - INFO - Optimal value of theta: 51.3581685288.
2020-09-15 10:39:02,232 - INFO - Beginning optimization with guess, [0.30359521 0.06772766].
2020-09-15 10:39:02,675 - INFO - Finished optimization with guess, [0.30359521 0.06772766].
2020-09-15 10:39:02,675 - INFO - Best fit parameters: [0.97576851 0.02776521].
2020-09-15 10:39:02,691 - INFO - Maximum log composite likelihood: -21.9608525789.
2020-09-15 10:39:02,692 - INFO - Optimal value of theta: 51.3278884633.
2020-09-15 10:39:02,692 - INFO - Beginning optimization with guess, [0.39256627 0.0719627 ].
2020-09-15 10:39:03,136 - INFO - Finished optimization with guess, [0.39256627 0.0719627 ].
2020-09-15 10:39:03,136 - INFO - Best fit parameters: [0.97642952 0.04010775].
2020-09-15 10:39:03,152 - INFO - Maximum log composite likelihood: -21.9605542634.
2020-09-15 10:39:03,153 - INFO - Optimal value of theta: 51.3548712367.
2020-09-15 10:39:03,153 - INFO - Beginning optimization with guess, [0.29954574 0.10232913].
2020-09-15 10:39:03,609 - INFO - Finished optimization with guess, [0.29954574 0.10232913].
2020-09-15 10:39:03,610 - INFO - Best fit parameters: [0.97624998 0.05137063].
2020-09-15 10:39:03,626 - INFO - Maximum log composite likelihood: -21.9604415327.
2020-09-15 10:39:03,627 - INFO - Optimal value of theta: 51.3807163192.
2020-09-15 10:39:03,627 - INFO - Beginning optimization with guess, [0.9167716  0.19619483].
2020-09-15 10:39:04,122 - INFO - Finished optimization with guess, [0.9167716  0.19619483].
2020-09-15 10:39:04,122 - INFO - Best fit parameters: [1.08214502 0.36714255].
2020-09-15 10:39:04,143 - INFO - Maximum log composite likelihood: -21.9557927222.
2020-09-15 10:39:04,143 - INFO - Optimal value of theta: 49.5856292691.
2020-09-15 10:39:04,144 - INFO - Beginning optimization with guess, [0.58255926 0.07952378].
2020-09-15 10:39:04,688 - INFO - Finished optimization with guess, [0.58255926 0.07952378].
2020-09-15 10:39:04,688 - INFO - Best fit parameters: [0.9774847  0.05561998].
2020-09-15 10:39:04,705 - INFO - Maximum log composite likelihood: -21.9604428856.
2020-09-15 10:39:04,705 - INFO - Optimal value of theta: 51.3824337116.
2020-09-15 10:39:04,706 - INFO - Beginning optimization with guess, [0.50697431 0.11284607].
2020-09-15 10:39:05,162 - INFO - Finished optimization with guess, [0.50697431 0.11284607].
2020-09-15 10:39:05,162 - INFO - Best fit parameters: [0.98518931 0.07769067].
2020-09-15 10:39:05,179 - INFO - Maximum log composite likelihood: -21.9606898088.
2020-09-15 10:39:05,179 - INFO - Optimal value of theta: 51.364233779.
2020-09-15 10:39:05,180 - INFO - Beginning optimization with guess, [0.94622234 0.11273222].
2020-09-15 10:39:06,106 - INFO - Finished optimization with guess, [0.94622234 0.11273222].
2020-09-15 10:39:06,106 - INFO - Best fit parameters: [0.99767631 0.11235695].
2020-09-15 10:39:06,123 - INFO - Maximum log composite likelihood: -21.9611165872.
2020-09-15 10:39:06,124 - INFO - Optimal value of theta: 51.2747737631.
2020-09-15 10:39:06,124 - INFO - Beginning optimization with guess, [0.51336231 0.19661971].
2020-09-15 10:39:06,618 - INFO - Finished optimization with guess, [0.51336231 0.19661971].
2020-09-15 10:39:06,619 - INFO - Best fit parameters: [1.03143074 0.20328329].
2020-09-15 10:39:06,637 - INFO - Maximum log composite likelihood: -21.9592949199.
2020-09-15 10:39:06,638 - INFO - Optimal value of theta: 50.7862670327.
2020-09-15 10:39:06,638 - INFO - Beginning optimization with guess, [0.50505417 0.19337928].
2020-09-15 10:39:07,131 - INFO - Finished optimization with guess, [0.50505417 0.19337928].
2020-09-15 10:39:07,131 - INFO - Best fit parameters: [1.03068942 0.19979684].
2020-09-15 10:39:07,149 - INFO - Maximum log composite likelihood: -21.9594559709.
2020-09-15 10:39:07,150 - INFO - Optimal value of theta: 50.8020991194.
2020-09-15 10:39:07,150 - INFO - Beginning optimization with guess, [0.30384061 0.07319462].
2020-09-15 10:39:07,595 - INFO - Finished optimization with guess, [0.30384061 0.07319462].
2020-09-15 10:39:07,595 - INFO - Best fit parameters: [0.97488133 0.02977191].
2020-09-15 10:39:07,611 - INFO - Maximum log composite likelihood: -21.960794438.
2020-09-15 10:39:07,612 - INFO - Optimal value of theta: 51.3359779935.
2020-09-15 10:39:07,612 - INFO - Beginning optimization with guess, [0.4892682  0.09190142].
2020-09-15 10:39:08,259 - INFO - Finished optimization with guess, [0.4892682  0.09190142].
2020-09-15 10:39:08,260 - INFO - Best fit parameters: [0.97938109 0.06004158].
2020-09-15 10:39:08,277 - INFO - Maximum log composite likelihood: -21.9604646065.
2020-09-15 10:39:08,278 - INFO - Optimal value of theta: 51.3791649289.
2020-09-15 10:39:08,278 - INFO - Beginning optimization with guess, [0.81248649 0.15299624].
2020-09-15 10:39:08,753 - INFO - Finished optimization with guess, [0.81248649 0.15299624].
2020-09-15 10:39:08,754 - INFO - Best fit parameters: [1.0188968  0.16381885].
2020-09-15 10:39:08,771 - INFO - Maximum log composite likelihood: -21.9605956619.
2020-09-15 10:39:08,772 - INFO - Optimal value of theta: 51.0070165716.
2020-09-15 10:39:08,773 - INFO - Beginning optimization with guess, [0.33721698 0.05210739].
2020-09-15 10:39:09,211 - INFO - Finished optimization with guess, [0.33721698 0.05210739].
2020-09-15 10:39:09,211 - INFO - Best fit parameters: [0.97952485 0.02586972].
2020-09-15 10:39:09,227 - INFO - Maximum log composite likelihood: -21.9609106282.
2020-09-15 10:39:09,228 - INFO - Optimal value of theta: 51.3117744599.
2020-09-15 10:39:09,228 - INFO - Beginning optimization with guess, [0.65038289 0.06210242].
2020-09-15 10:39:09,716 - INFO - Finished optimization with guess, [0.65038289 0.06210242].
2020-09-15 10:39:09,716 - INFO - Best fit parameters: [0.97445327 0.04236694].
2020-09-15 10:39:09,733 - INFO - Maximum log composite likelihood: -21.9605143943.
2020-09-15 10:39:09,733 - INFO - Optimal value of theta: 51.3693006096.
2020-09-15 10:39:09,734 - INFO - Beginning optimization with guess, [0.6357405  0.06650222].
2020-09-15 10:39:10,272 - INFO - Finished optimization with guess, [0.6357405  0.06650222].
2020-09-15 10:39:10,273 - INFO - Best fit parameters: [0.97508649 0.04663814].
2020-09-15 10:39:10,289 - INFO - Maximum log composite likelihood: -21.9604668466.
2020-09-15 10:39:10,290 - INFO - Optimal value of theta: 51.3763397081.
2020-09-15 10:39:10,290 - INFO - Beginning optimization with guess, [0.26006409 0.16052412].
2020-09-15 10:39:10,940 - INFO - Finished optimization with guess, [0.26006409 0.16052412].
2020-09-15 10:39:10,940 - INFO - Best fit parameters: [1.03818079 0.52244628].
2020-09-15 10:39:10,962 - INFO - Maximum log composite likelihood: -21.9467964216.
2020-09-15 10:39:10,963 - INFO - Optimal value of theta: 50.274894049.
2020-09-15 10:39:10,963 - INFO - Beginning optimization with guess, [0.4983683  0.06532557].
2020-09-15 10:39:11,405 - INFO - Finished optimization with guess, [0.4983683  0.06532557].
2020-09-15 10:39:11,405 - INFO - Best fit parameters: [0.97386156 0.04351087].
2020-09-15 10:39:11,422 - INFO - Maximum log composite likelihood: -21.9604995487.
2020-09-15 10:39:11,422 - INFO - Optimal value of theta: 51.3749527083.
2020-09-15 10:39:11,423 - INFO - Beginning optimization with guess, [0.42301606 0.15730999].
2020-09-15 10:39:11,796 - INFO - Finished optimization with guess, [0.42301606 0.15730999].
2020-09-15 10:39:11,796 - INFO - Best fit parameters: [1.00212829 0.12763808].
2020-09-15 10:39:11,814 - INFO - Maximum log composite likelihood: -21.9611055845.
2020-09-15 10:39:11,814 - INFO - Optimal value of theta: 51.2280548932.
2020-09-15 10:39:11,815 - INFO - Beginning optimization with guess, [0.5721406  0.05179285].
2020-09-15 10:39:12,252 - INFO - Finished optimization with guess, [0.5721406  0.05179285].
2020-09-15 10:39:12,253 - INFO - Best fit parameters: [0.97367213 0.03560464].
2020-09-15 10:39:12,269 - INFO - Maximum log composite likelihood: -21.9606422864.
2020-09-15 10:39:12,270 - INFO - Optimal value of theta: 51.3556538258.
2020-09-15 10:39:12,270 - INFO - Beginning optimization with guess, [0.58991656 0.12635164].
2020-09-15 10:39:12,730 - INFO - Finished optimization with guess, [0.58991656 0.12635164].
2020-09-15 10:39:12,730 - INFO - Best fit parameters: [0.9919882  0.09454265].
2020-09-15 10:39:12,747 - INFO - Maximum log composite likelihood: -21.960950285.
2020-09-15 10:39:12,748 - INFO - Optimal value of theta: 51.3222774645.
2020-09-15 10:39:12,748 - INFO - Beginning optimization with guess, [0.6792002  0.10176062].
2020-09-15 10:39:13,205 - INFO - Finished optimization with guess, [0.6792002  0.10176062].
2020-09-15 10:39:13,205 - INFO - Best fit parameters: [0.98810708 0.09121022].
2020-09-15 10:39:13,222 - INFO - Maximum log composite likelihood: -21.9609204745.
2020-09-15 10:39:13,223 - INFO - Optimal value of theta: 51.3540578221.
2020-09-15 10:39:13,223 - INFO - Beginning optimization with guess, [0.71103471 0.0618389 ].
2020-09-15 10:39:13,667 - INFO - Finished optimization with guess, [0.71103471 0.0618389 ].
2020-09-15 10:39:13,668 - INFO - Best fit parameters: [0.97876212 0.05740383].
2020-09-15 10:39:13,684 - INFO - Maximum log composite likelihood: -21.9604489387.
2020-09-15 10:39:13,685 - INFO - Optimal value of theta: 51.3781927423.
2020-09-15 10:39:13,685 - INFO - Beginning optimization with guess, [0.30718534 0.10254762].
2020-09-15 10:39:14,091 - INFO - Finished optimization with guess, [0.30718534 0.10254762].
2020-09-15 10:39:14,091 - INFO - Best fit parameters: [0.9762887  0.05195168].
2020-09-15 10:39:14,108 - INFO - Maximum log composite likelihood: -21.9604398965.
2020-09-15 10:39:14,108 - INFO - Optimal value of theta: 51.3817569952.
2020-09-15 10:39:14,109 - INFO - Beginning optimization with guess, [0.64481252 0.0528558 ].
2020-09-15 10:39:14,546 - INFO - Finished optimization with guess, [0.64481252 0.0528558 ].
2020-09-15 10:39:14,547 - INFO - Best fit parameters: [0.97417786 0.03516182].
2020-09-15 10:39:14,563 - INFO - Maximum log composite likelihood: -21.9606530849.
2020-09-15 10:39:14,563 - INFO - Optimal value of theta: 51.3524528433.
2020-09-15 10:39:14,564 - INFO - Beginning optimization with guess, [0.51806058 0.05215277].
2020-09-15 10:39:15,099 - INFO - Finished optimization with guess, [0.51806058 0.05215277].
2020-09-15 10:39:15,099 - INFO - Best fit parameters: [0.97257203 0.03760453].
2020-09-15 10:39:15,116 - INFO - Maximum log composite likelihood: -21.9605990511.
2020-09-15 10:39:15,116 - INFO - Optimal value of theta: 51.3655608387.
2020-09-15 10:39:15,117 - INFO - Beginning optimization with guess, [0.46999232 0.07927911].
2020-09-15 10:39:16,002 - INFO - Finished optimization with guess, [0.46999232 0.07927911].
2020-09-15 10:39:16,003 - INFO - Best fit parameters: [0.97575308 0.04967618].
2020-09-15 10:39:16,019 - INFO - Maximum log composite likelihood: -21.9604463268.
2020-09-15 10:39:16,020 - INFO - Optimal value of theta: 51.3797415096.
2020-09-15 10:39:16,020 - INFO - Beginning optimization with guess, [0.92278768 0.16165964].
2020-09-15 10:39:16,503 - INFO - Finished optimization with guess, [0.92278768 0.16165964].
2020-09-15 10:39:16,504 - INFO - Best fit parameters: [1.07010513 0.29757724].
2020-09-15 10:39:16,523 - INFO - Maximum log composite likelihood: -21.9586484495.
2020-09-15 10:39:16,524 - INFO - Optimal value of theta: 49.9789817579.
2020-09-15 10:39:16,524 - INFO - Beginning optimization with guess, [0.30955669 0.14344301].
2020-09-15 10:39:17,009 - INFO - Finished optimization with guess, [0.30955669 0.14344301].
2020-09-15 10:39:17,009 - INFO - Best fit parameters: [1.00519992 0.13442569].
2020-09-15 10:39:17,026 - INFO - Maximum log composite likelihood: -21.9610479259.
2020-09-15 10:39:17,027 - INFO - Optimal value of theta: 51.1922568669.
2020-09-15 10:39:17,028 - INFO - Beginning optimization with guess, [0.334688   0.07597257].
2020-09-15 10:39:17,472 - INFO - Finished optimization with guess, [0.334688   0.07597257].
2020-09-15 10:39:17,473 - INFO - Best fit parameters: [0.97501614 0.03525976].
2020-09-15 10:39:17,489 - INFO - Maximum log composite likelihood: -21.9606514405.
2020-09-15 10:39:17,490 - INFO - Optimal value of theta: 51.3493375297.
2020-09-15 10:39:17,490 - INFO - Beginning optimization with guess, [0.75247095 0.10501701].
2020-09-15 10:39:18,000 - INFO - Finished optimization with guess, [0.75247095 0.10501701].
2020-09-15 10:39:18,000 - INFO - Best fit parameters: [0.99377461 0.10062327].
2020-09-15 10:39:18,017 - INFO - Maximum log composite likelihood: -21.961025172.
2020-09-15 10:39:18,018 - INFO - Optimal value of theta: 51.3091122456.
2020-09-15 10:39:18,018 - INFO - Beginning optimization with guess, [0.78146122 0.05641076].
2020-09-15 10:39:18,460 - INFO - Finished optimization with guess, [0.78146122 0.05641076].
2020-09-15 10:39:18,460 - INFO - Best fit parameters: [0.97746926 0.05394257].
2020-09-15 10:39:18,477 - INFO - Maximum log composite likelihood: -21.9604395276.
2020-09-15 10:39:18,477 - INFO - Optimal value of theta: 51.3791565634.
2020-09-15 10:39:18,478 - INFO - Beginning optimization with guess, [0.41345466 0.11622295].
2020-09-15 10:39:18,934 - INFO - Finished optimization with guess, [0.41345466 0.11622295].
2020-09-15 10:39:18,935 - INFO - Best fit parameters: [0.98743238 0.0560328 ].
2020-09-15 10:39:18,951 - INFO - Maximum log composite likelihood: -21.9605717598.
2020-09-15 10:39:18,952 - INFO - Optimal value of theta: 51.3243096791.
2020-09-15 10:39:18,952 - INFO - Beginning optimization with guess, [0.27413415 0.08455179].
2020-09-15 10:39:19,401 - INFO - Finished optimization with guess, [0.27413415 0.08455179].
2020-09-15 10:39:19,401 - INFO - Best fit parameters: [0.97385521 0.03305856].
2020-09-15 10:39:19,418 - INFO - Maximum log composite likelihood: -21.9607044748.
2020-09-15 10:39:19,418 - INFO - Optimal value of theta: 51.348266717.
2020-09-15 10:39:19,419 - INFO - Beginning optimization with guess, [0.28754554 0.11085259].
2020-09-15 10:39:19,880 - INFO - Finished optimization with guess, [0.28754554 0.11085259].
2020-09-15 10:39:19,880 - INFO - Best fit parameters: [0.98042641 0.06298602].
2020-09-15 10:39:19,897 - INFO - Maximum log composite likelihood: -21.9604907609.
2020-09-15 10:39:19,897 - INFO - Optimal value of theta: 51.377504457.
2020-09-15 10:39:19,898 - INFO - Beginning optimization with guess, [0.46872294 0.09882629].
2020-09-15 10:39:20,795 - INFO - Finished optimization with guess, [0.46872294 0.09882629].
2020-09-15 10:39:20,795 - INFO - Best fit parameters: [0.98014992 0.06326223].
2020-09-15 10:39:20,812 - INFO - Maximum log composite likelihood: -21.960493202.
2020-09-15 10:39:20,812 - INFO - Optimal value of theta: 51.3797906739.
2020-09-15 10:39:20,813 - INFO - Beginning optimization with guess, [0.69563638 0.11635662].
2020-09-15 10:39:21,788 - INFO - Finished optimization with guess, [0.69563638 0.11635662].
2020-09-15 10:39:21,788 - INFO - Best fit parameters: [0.99654857 0.10876408].
2020-09-15 10:39:21,806 - INFO - Maximum log composite likelihood: -21.9610969953.
2020-09-15 10:39:21,806 - INFO - Optimal value of theta: 51.285288999.
2020-09-15 10:39:21,807 - INFO - Beginning optimization with guess, [0.45860843 0.0607319 ].
2020-09-15 10:39:22,247 - INFO - Finished optimization with guess, [0.45860843 0.0607319 ].
2020-09-15 10:39:22,247 - INFO - Best fit parameters: [0.97214315 0.03870658].
2020-09-15 10:39:22,263 - INFO - Maximum log composite likelihood: -21.9605797376.
2020-09-15 10:39:22,264 - INFO - Optimal value of theta: 51.3703824873.
2020-09-15 10:39:22,264 - INFO - Beginning optimization with guess, [0.58037514 0.09856614].
2020-09-15 10:39:22,716 - INFO - Finished optimization with guess, [0.58037514 0.09856614].
2020-09-15 10:39:22,716 - INFO - Best fit parameters: [0.98290168 0.07020881].
2020-09-15 10:39:22,733 - INFO - Maximum log composite likelihood: -21.9605764928.
2020-09-15 10:39:22,734 - INFO - Optimal value of theta: 51.3716200134.
2020-09-15 10:39:22,734 - INFO - Beginning optimization with guess, [0.46163429 0.11064894].
2020-09-15 10:39:23,189 - INFO - Finished optimization with guess, [0.46163429 0.11064894].
2020-09-15 10:39:23,189 - INFO - Best fit parameters: [0.98223524 0.07182938].
2020-09-15 10:39:23,206 - INFO - Maximum log composite likelihood: -21.9606027832.
2020-09-15 10:39:23,207 - INFO - Optimal value of theta: 51.3787452372.
2020-09-15 10:39:23,207 - INFO - Beginning optimization with guess, [0.31866533 0.12206753].
2020-09-15 10:39:23,672 - INFO - Finished optimization with guess, [0.31866533 0.12206753].
2020-09-15 10:39:23,673 - INFO - Best fit parameters: [0.98731769 0.07861593].
2020-09-15 10:39:23,689 - INFO - Maximum log composite likelihood: -21.9607078982.
2020-09-15 10:39:23,690 - INFO - Optimal value of theta: 51.3487473968.
2020-09-15 10:39:23,691 - INFO - Beginning optimization with guess, [0.42949712 0.1088694 ].
2020-09-15 10:39:24,194 - INFO - Finished optimization with guess, [0.42949712 0.1088694 ].
2020-09-15 10:39:24,195 - INFO - Best fit parameters: [0.97586398 0.06188773].
2020-09-15 10:39:24,211 - INFO - Maximum log composite likelihood: -21.9605098899.
2020-09-15 10:39:24,212 - INFO - Optimal value of theta: 51.4053117881.
2020-09-15 10:39:24,212 - INFO - Beginning optimization with guess, [0.62449637 0.09926724].
2020-09-15 10:39:24,664 - INFO - Finished optimization with guess, [0.62449637 0.09926724].
2020-09-15 10:39:24,665 - INFO - Best fit parameters: [0.98440628 0.07528663].
2020-09-15 10:39:24,681 - INFO - Maximum log composite likelihood: -21.9606521795.
2020-09-15 10:39:24,682 - INFO - Optimal value of theta: 51.3672986196.
2020-09-15 10:39:24,683 - INFO - Beginning optimization with guess, [0.57440383 0.19956205].
2020-09-15 10:39:25,174 - INFO - Finished optimization with guess, [0.57440383 0.19956205].
2020-09-15 10:39:25,175 - INFO - Best fit parameters: [1.01113578 0.21590729].
2020-09-15 10:39:25,193 - INFO - Maximum log composite likelihood: -21.9590846841.
2020-09-15 10:39:25,194 - INFO - Optimal value of theta: 51.0766898338.
2020-09-15 10:39:25,194 - INFO - Beginning optimization with guess, [0.65750749 0.14471174].
2020-09-15 10:39:26,134 - INFO - Finished optimization with guess, [0.65750749 0.14471174].
2020-09-15 10:39:26,135 - INFO - Best fit parameters: [1.00377549 0.13172963].
2020-09-15 10:39:26,152 - INFO - Maximum log composite likelihood: -21.9610738179.
2020-09-15 10:39:26,153 - INFO - Optimal value of theta: 51.2090446831.
2020-09-15 10:39:26,153 - INFO - Beginning optimization with guess, [0.40162365 0.0616485 ].
2020-09-15 10:39:26,593 - INFO - Finished optimization with guess, [0.40162365 0.0616485 ].
2020-09-15 10:39:26,594 - INFO - Best fit parameters: [0.97903042 0.03677174].
2020-09-15 10:39:26,610 - INFO - Maximum log composite likelihood: -21.9606354183.
2020-09-15 10:39:26,611 - INFO - Optimal value of theta: 51.3364262433.
2020-09-15 10:39:26,611 - INFO - Beginning optimization with guess, [0.61458278 0.08756806].
2020-09-15 10:39:27,059 - INFO - Finished optimization with guess, [0.61458278 0.08756806].
2020-09-15 10:39:27,060 - INFO - Best fit parameters: [0.98069181 0.06502219].
2020-09-15 10:39:27,076 - INFO - Maximum log composite likelihood: -21.9605107072.
2020-09-15 10:39:27,077 - INFO - Optimal value of theta: 51.3791081983.
2020-09-15 10:39:27,077 - INFO - Beginning optimization with guess, [0.3593682 0.0540239].
2020-09-15 10:39:27,517 - INFO - Finished optimization with guess, [0.3593682 0.0540239].
2020-09-15 10:39:27,518 - INFO - Best fit parameters: [0.9779063  0.02842272].
2020-09-15 10:39:27,534 - INFO - Maximum log composite likelihood: -21.9608364328.
2020-09-15 10:39:27,535 - INFO - Optimal value of theta: 51.3225081775.
2020-09-15 10:39:27,535 - INFO - Beginning optimization with guess, [0.65590686 0.12507749].
2020-09-15 10:39:27,996 - INFO - Finished optimization with guess, [0.65590686 0.12507749].
2020-09-15 10:39:27,996 - INFO - Best fit parameters: [0.99390279 0.10008135].
2020-09-15 10:39:28,013 - INFO - Maximum log composite likelihood: -21.9610192359.
2020-09-15 10:39:28,014 - INFO - Optimal value of theta: 51.3076823355.
2020-09-15 10:39:28,014 - INFO - Beginning optimization with guess, [0.60231834 0.13371476].
2020-09-15 10:39:29,091 - INFO - Finished optimization with guess, [0.60231834 0.13371476].
2020-09-15 10:39:29,092 - INFO - Best fit parameters: [0.99498879 0.10426046].
2020-09-15 10:39:29,110 - INFO - Maximum log composite likelihood: -21.9610618373.
2020-09-15 10:39:29,110 - INFO - Optimal value of theta: 51.2990934453.
2020-09-15 10:39:29,111 - INFO - Beginning optimization with guess, [0.52862115 0.17984368].
2020-09-15 10:39:29,593 - INFO - Finished optimization with guess, [0.52862115 0.17984368].
2020-09-15 10:39:29,594 - INFO - Best fit parameters: [1.00756416 0.15570125].
2020-09-15 10:39:29,611 - INFO - Maximum log composite likelihood: -21.9607006573.
2020-09-15 10:39:29,612 - INFO - Optimal value of theta: 51.1560121468.
2020-09-15 10:39:29,612 - INFO - Beginning optimization with guess, [0.26756842 0.06766313].
2020-09-15 10:39:30,056 - INFO - Finished optimization with guess, [0.26756842 0.06766313].
2020-09-15 10:39:30,056 - INFO - Best fit parameters: [0.97878699 0.02332035].
2020-09-15 10:39:30,072 - INFO - Maximum log composite likelihood: -21.9609794363.
2020-09-15 10:39:30,073 - INFO - Optimal value of theta: 51.3082669594.
2020-09-15 10:39:30,073 - INFO - Beginning optimization with guess, [0.89901016 0.1064702 ].
2020-09-15 10:39:31,913 - INFO - Finished optimization with guess, [0.89901016 0.1064702 ].
2020-09-15 10:39:31,913 - INFO - Best fit parameters: [0.99521321 0.10553904].
2020-09-15 10:39:31,931 - INFO - Maximum log composite likelihood: -21.9610733082.
2020-09-15 10:39:31,931 - INFO - Optimal value of theta: 51.2973770981.
2020-09-15 10:39:31,932 - INFO - Beginning optimization with guess, [0.41272008 0.05921896].
2020-09-15 10:39:32,371 - INFO - Finished optimization with guess, [0.41272008 0.05921896].
2020-09-15 10:39:32,372 - INFO - Best fit parameters: [0.96993904 0.0424174 ].
2020-09-15 10:39:32,388 - INFO - Maximum log composite likelihood: -21.9605352493.
2020-09-15 10:39:32,389 - INFO - Optimal value of theta: 51.3908876362.
2020-09-15 10:39:32,389 - INFO - Beginning optimization with guess, [0.36658427 0.05712583].
2020-09-15 10:39:32,828 - INFO - Finished optimization with guess, [0.36658427 0.05712583].
2020-09-15 10:39:32,828 - INFO - Best fit parameters: [0.97782764 0.0307557 ].
2020-09-15 10:39:32,844 - INFO - Maximum log composite likelihood: -21.9607727495.
2020-09-15 10:39:32,845 - INFO - Optimal value of theta: 51.3280585903.
2020-09-15 10:39:32,845 - INFO - Beginning optimization with guess, [0.50921713 0.06909827].
2020-09-15 10:39:33,288 - INFO - Finished optimization with guess, [0.50921713 0.06909827].
2020-09-15 10:39:33,288 - INFO - Best fit parameters: [0.97511012 0.04646876].
2020-09-15 10:39:33,304 - INFO - Maximum log composite likelihood: -21.9604678855.
2020-09-15 10:39:33,305 - INFO - Optimal value of theta: 51.375828711.
2020-09-15 10:39:33,306 - INFO - Beginning optimization with guess, [0.5058977  0.16888389].
2020-09-15 10:39:33,784 - INFO - Finished optimization with guess, [0.5058977  0.16888389].
2020-09-15 10:39:33,784 - INFO - Best fit parameters: [1.00588467 0.13908379].
2020-09-15 10:39:33,802 - INFO - Maximum log composite likelihood: -21.9609892168.
2020-09-15 10:39:33,803 - INFO - Optimal value of theta: 51.1828329936.
2020-09-15 10:39:33,803 - INFO - Beginning optimization with guess, [0.64469026 0.09702596].
2020-09-15 10:39:34,254 - INFO - Finished optimization with guess, [0.64469026 0.09702596].
2020-09-15 10:39:34,255 - INFO - Best fit parameters: [0.98407863 0.07423835].
2020-09-15 10:39:34,271 - INFO - Maximum log composite likelihood: -21.9606358346.
2020-09-15 10:39:34,272 - INFO - Optimal value of theta: 51.368431458.
2020-09-15 10:39:34,272 - INFO - Beginning optimization with guess, [0.92838844 0.06406651].
2020-09-15 10:39:34,520 - INFO - Finished optimization with guess, [0.92838844 0.06406651].
2020-09-15 10:39:34,521 - INFO - Best fit parameters: [0.98064344 0.06384875].
2020-09-15 10:39:34,537 - INFO - Maximum log composite likelihood: -21.9604981827.
2020-09-15 10:39:34,538 - INFO - Optimal value of theta: 51.3775096257.
2020-09-15 10:39:34,538 - INFO - Beginning optimization with guess, [0.60854288 0.07805605].
2020-09-15 10:39:36,510 - INFO - Finished optimization with guess, [0.60854288 0.07805605].
2020-09-15 10:39:36,511 - INFO - Best fit parameters: [0.97805682 0.05724967].
2020-09-15 10:39:36,528 - INFO - Maximum log composite likelihood: -21.9604483068.
2020-09-15 10:39:36,528 - INFO - Optimal value of theta: 51.3821957131.
2020-09-15 10:39:36,529 - INFO - Beginning optimization with guess, [0.59484943 0.05749084].
2020-09-15 10:39:36,968 - INFO - Finished optimization with guess, [0.59484943 0.05749084].
2020-09-15 10:39:36,968 - INFO - Best fit parameters: [0.97398524 0.03944071].
2020-09-15 10:39:36,984 - INFO - Maximum log composite likelihood: -21.9605623307.
2020-09-15 10:39:36,985 - INFO - Optimal value of theta: 51.3641808982.
2020-09-15 10:39:36,985 - INFO - Beginning optimization with guess, [0.58107044 0.07667834].
2020-09-15 10:39:37,528 - INFO - Finished optimization with guess, [0.58107044 0.07667834].
2020-09-15 10:39:37,529 - INFO - Best fit parameters: [0.97679013 0.05357622].
2020-09-15 10:39:37,545 - INFO - Maximum log composite likelihood: -21.9604392119.
2020-09-15 10:39:37,546 - INFO - Optimal value of theta: 51.3823351542.
2020-09-15 10:39:37,546 - INFO - Beginning optimization with guess, [0.98595445 0.11802561].
2020-09-15 10:39:39,508 - INFO - Finished optimization with guess, [0.98595445 0.11802561].
2020-09-15 10:39:39,509 - INFO - Best fit parameters: [0.99955109 0.11795009].
2020-09-15 10:39:39,526 - INFO - Maximum log composite likelihood: -21.96113042.
2020-09-15 10:39:39,527 - INFO - Optimal value of theta: 51.256113805.
2020-09-15 10:39:39,527 - INFO - Beginning optimization with guess, [0.30839334 0.16203573].
2020-09-15 10:39:40,035 - INFO - Finished optimization with guess, [0.30839334 0.16203573].
2020-09-15 10:39:40,036 - INFO - Best fit parameters: [1.01357898 0.23372589].
2020-09-15 10:39:40,054 - INFO - Maximum log composite likelihood: -21.9582822346.
2020-09-15 10:39:40,055 - INFO - Optimal value of theta: 51.0276812536.
2020-09-15 10:39:40,055 - INFO - Beginning optimization with guess, [0.2878411  0.08468111].
2020-09-15 10:39:40,504 - INFO - Finished optimization with guess, [0.2878411  0.08468111].
2020-09-15 10:39:40,504 - INFO - Best fit parameters: [0.97378751 0.03485701].
2020-09-15 10:39:40,520 - INFO - Maximum log composite likelihood: -21.9606601951.
2020-09-15 10:39:40,521 - INFO - Optimal value of theta: 51.3532262328.
2020-09-15 10:39:40,522 - INFO - Beginning optimization with guess, [0.81948094 0.13670125].
2020-09-15 10:39:41,356 - INFO - Finished optimization with guess, [0.81948094 0.13670125].
2020-09-15 10:39:41,357 - INFO - Best fit parameters: [1.00414937 0.13378336].
2020-09-15 10:39:41,374 - INFO - Maximum log composite likelihood: -21.9610544985.
2020-09-15 10:39:41,375 - INFO - Optimal value of theta: 51.2043331046.
2020-09-15 10:39:41,375 - INFO - Beginning optimization with guess, [0.41683004 0.10558392].
2020-09-15 10:39:41,829 - INFO - Finished optimization with guess, [0.41683004 0.10558392].
2020-09-15 10:39:41,829 - INFO - Best fit parameters: [0.97773868 0.05904458].
2020-09-15 10:39:41,846 - INFO - Maximum log composite likelihood: -21.9604618833.
2020-09-15 10:39:41,846 - INFO - Optimal value of theta: 51.3876203854.
2020-09-15 10:39:41,847 - INFO - Beginning optimization with guess, [0.47435869 0.15776972].
2020-09-15 10:39:42,217 - INFO - Finished optimization with guess, [0.47435869 0.15776972].
2020-09-15 10:39:42,218 - INFO - Best fit parameters: [1.00162625 0.12427352].
2020-09-15 10:39:42,235 - INFO - Maximum log composite likelihood: -21.961120758.
2020-09-15 10:39:42,236 - INFO - Optimal value of theta: 51.2339138015.
2020-09-15 10:39:42,236 - INFO - Beginning optimization with guess, [0.63463062 0.1102828 ].
2020-09-15 10:39:42,692 - INFO - Finished optimization with guess, [0.63463062 0.1102828 ].
2020-09-15 10:39:42,692 - INFO - Best fit parameters: [0.9880436  0.08525782].
2020-09-15 10:39:42,709 - INFO - Maximum log composite likelihood: -21.9608115384.
2020-09-15 10:39:42,710 - INFO - Optimal value of theta: 51.349263281.
2020-09-15 10:39:42,710 - INFO - Beginning optimization with guess, [0.74903575 0.12364467].
2020-09-15 10:39:44,878 - INFO - Finished optimization with guess, [0.74903575 0.12364467].
2020-09-15 10:39:44,879 - INFO - Best fit parameters: [0.9995807  0.11871886].
2020-09-15 10:39:44,896 - INFO - Maximum log composite likelihood: -21.961131086.
2020-09-15 10:39:44,897 - INFO - Optimal value of theta: 51.2558272045.
2020-09-15 10:39:44,897 - INFO - Beginning optimization with guess, [0.72276098 0.12149411].
2020-09-15 10:39:46,750 - INFO - Finished optimization with guess, [0.72276098 0.12149411].
2020-09-15 10:39:46,750 - INFO - Best fit parameters: [0.99859885 0.11525094].
2020-09-15 10:39:46,767 - INFO - Maximum log composite likelihood: -21.9611263795.
2020-09-15 10:39:46,768 - INFO - Optimal value of theta: 51.2657724452.
2020-09-15 10:39:46,768 - INFO - Beginning optimization with guess, [0.5859459  0.06732045].
2020-09-15 10:39:47,211 - INFO - Finished optimization with guess, [0.5859459  0.06732045].
2020-09-15 10:39:47,211 - INFO - Best fit parameters: [0.9751083  0.04738768].
2020-09-15 10:39:47,227 - INFO - Maximum log composite likelihood: -21.960460359.
2020-09-15 10:39:47,228 - INFO - Optimal value of theta: 51.3779724315.
2020-09-15 10:39:47,228 - INFO - Beginning optimization with guess, [0.84046501 0.13537306].
2020-09-15 10:39:48,113 - INFO - Finished optimization with guess, [0.84046501 0.13537306].
2020-09-15 10:39:48,113 - INFO - Best fit parameters: [1.235135   1.90367468].
2020-09-15 10:39:48,149 - INFO - Maximum log composite likelihood: -21.9377698009.
2020-09-15 10:39:48,150 - INFO - Optimal value of theta: 42.8941513028.
2020-09-15 10:39:48,150 - INFO - Beginning optimization with guess, [0.38137019 0.19350491].
2020-09-15 10:39:48,706 - INFO - Finished optimization with guess, [0.38137019 0.19350491].
2020-09-15 10:39:48,707 - INFO - Best fit parameters: [1.03021143 1.12192297].
2020-09-15 10:39:48,737 - INFO - Maximum log composite likelihood: -21.9514900992.
2020-09-15 10:39:48,738 - INFO - Optimal value of theta: 50.1446090207.
2020-09-15 10:39:48,738 - INFO - Beginning optimization with guess, [0.92054276 0.14831201].
2020-09-15 10:39:49,213 - INFO - Finished optimization with guess, [0.92054276 0.14831201].
2020-09-15 10:39:49,214 - INFO - Best fit parameters: [1.03087147 0.18636949].
2020-09-15 10:39:49,232 - INFO - Maximum log composite likelihood: -21.9603434139.
2020-09-15 10:39:49,232 - INFO - Optimal value of theta: 50.8200652775.
2020-09-15 10:39:49,233 - INFO - Beginning optimization with guess, [0.77846432 0.05683221].
2020-09-15 10:39:49,528 - INFO - Finished optimization with guess, [0.77846432 0.05683221].
2020-09-15 10:39:49,528 - INFO - Best fit parameters: [0.97722249 0.05470615].
2020-09-15 10:39:49,544 - INFO - Maximum log composite likelihood: -21.9604423005.
2020-09-15 10:39:49,545 - INFO - Optimal value of theta: 51.3821277482.
2020-09-15 10:39:49,545 - INFO - Beginning optimization with guess, [0.92435748 0.10099532].
2020-09-15 10:39:49,749 - INFO - Finished optimization with guess, [0.92435748 0.10099532].
2020-09-15 10:39:49,749 - INFO - Best fit parameters: [0.99340059 0.1004443 ].
2020-09-15 10:39:49,766 - INFO - Maximum log composite likelihood: -21.9610238258.
2020-09-15 10:39:49,767 - INFO - Optimal value of theta: 51.3125144965.
2020-09-15 10:39:49,768 - INFO - Beginning optimization with guess, [0.26259125 0.11245527].
2020-09-15 10:39:50,232 - INFO - Finished optimization with guess, [0.26259125 0.11245527].
2020-09-15 10:39:50,232 - INFO - Best fit parameters: [0.98328934 0.06828609].
2020-09-15 10:39:50,249 - INFO - Maximum log composite likelihood: -21.9605516492.
2020-09-15 10:39:50,250 - INFO - Optimal value of theta: 51.3662079548.
2020-09-15 10:39:50,250 - INFO - Beginning optimization with guess, [0.25112949 0.19737396].
2020-09-15 10:39:50,826 - INFO - Finished optimization with guess, [0.25112949 0.19737396].
2020-09-15 10:39:50,827 - INFO - Best fit parameters: [1.04889962 0.40709342].
2020-09-15 10:39:50,848 - INFO - Maximum log composite likelihood: -21.948190462.
2020-09-15 10:39:50,848 - INFO - Optimal value of theta: 50.167893333.
2020-09-15 10:39:50,849 - INFO - Beginning optimization with guess, [0.5027892  0.12889296].
2020-09-15 10:39:51,260 - INFO - Finished optimization with guess, [0.5027892  0.12889296].
2020-09-15 10:39:51,260 - INFO - Best fit parameters: [0.99063614 0.09157045].
2020-09-15 10:39:51,277 - INFO - Maximum log composite likelihood: -21.9609084968.
2020-09-15 10:39:51,278 - INFO - Optimal value of theta: 51.3322916935.
2020-09-15 10:39:51,278 - INFO - Beginning optimization with guess, [0.63139569 0.07257819].
2020-09-15 10:39:51,869 - INFO - Finished optimization with guess, [0.63139569 0.07257819].
2020-09-15 10:39:51,869 - INFO - Best fit parameters: [0.97615231 0.05184292].
2020-09-15 10:39:51,885 - INFO - Maximum log composite likelihood: -21.96044032.
2020-09-15 10:39:51,886 - INFO - Optimal value of theta: 51.3822882494.
2020-09-15 10:39:51,887 - INFO - Beginning optimization with guess, [0.54759881 0.06280749].
2020-09-15 10:39:52,328 - INFO - Finished optimization with guess, [0.54759881 0.06280749].
2020-09-15 10:39:52,328 - INFO - Best fit parameters: [0.97448136 0.04362528].
2020-09-15 10:39:52,344 - INFO - Maximum log composite likelihood: -21.9604972916.
2020-09-15 10:39:52,345 - INFO - Optimal value of theta: 51.3722287069.
2020-09-15 10:39:52,346 - INFO - Beginning optimization with guess, [0.26866924 0.09143981].
2020-09-15 10:39:52,798 - INFO - Finished optimization with guess, [0.26866924 0.09143981].
2020-09-15 10:39:52,798 - INFO - Best fit parameters: [0.97375065 0.03827618].
2020-09-15 10:39:52,814 - INFO - Maximum log composite likelihood: -21.9605842995.
2020-09-15 10:39:52,815 - INFO - Optimal value of theta: 51.3622478826.
2020-09-15 10:39:52,815 - INFO - Beginning optimization with guess, [0.25137362 0.06037373].
2020-09-15 10:39:53,257 - INFO - Finished optimization with guess, [0.25137362 0.06037373].
2020-09-15 10:39:53,258 - INFO - Best fit parameters: [0.98606113 0.01861982].
2020-09-15 10:39:53,274 - INFO - Maximum log composite likelihood: -21.9610904345.
2020-09-15 10:39:53,274 - INFO - Optimal value of theta: 51.2815045115.
2020-09-15 10:39:53,278 - INFO - Finished demographic inference.
2020-09-15 10:39:53,278 - INFO - Beginning DFE inference.
2020-09-15 10:42:07,526 - INFO - Beginning optimization with guess, [6.41785732e-02 8.29404991e+01].
2020-09-15 10:42:14,065 - INFO - Finished optomization, results are [-22.53716003597979 array([9.91500302e-02, 2.80774613e+03])].
2020-09-15 10:42:14,067 - INFO - Beginning optimization with guess, [9.43709127e-02 1.39993194e+02].
2020-09-15 10:42:19,766 - INFO - Finished optomization, results are [-22.492646457790592 array([9.93375100e-02, 2.93542911e+03])].
2020-09-15 10:42:19,767 - INFO - Beginning optimization with guess, [5.55415757e-02 5.87689551e+01].
2020-09-15 10:42:35,344 - INFO - Finished optomization, results are [-22.41111351692755 array([1.01028126e-01, 3.13495328e+03])].
2020-09-15 10:42:35,346 - INFO - Beginning optimization with guess, [  0.17767818 120.55508617].
2020-09-15 10:42:40,553 - INFO - Finished optomization, results are [-22.5378115624369 array([9.88937623e-02, 2.83897109e+03])].
2020-09-15 10:42:40,553 - INFO - Beginning optimization with guess, [1.31457758e-01 1.54274878e+02].
2020-09-15 10:42:46,254 - INFO - Finished optomization, results are [-22.460253162516967 array([9.99204653e-02, 2.99322473e+03])].
2020-09-15 10:42:46,255 - INFO - Beginning optimization with guess, [6.17804487e-02 8.01839857e+01].
2020-09-15 10:42:51,435 - INFO - Finished optomization, results are [-22.467741294257 array([9.94578633e-02, 3.01797021e+03])].
2020-09-15 10:42:51,435 - INFO - Beginning optimization with guess, [1.14159053e-01 1.28676123e+02].
2020-09-15 10:42:58,859 - INFO - Finished optomization, results are [-22.43638554713872 array([9.99252922e-02, 3.10398254e+03])].
2020-09-15 10:42:58,861 - INFO - Beginning optimization with guess, [6.79256711e-02 8.86719725e+01].
2020-09-15 10:43:12,477 - INFO - Finished optomization, results are [-22.419445198493293 array([1.00281607e-01, 3.15532015e+03])].
2020-09-15 10:43:12,478 - INFO - Beginning optimization with guess, [7.29115985e-02 8.38727765e+01].
2020-09-15 10:43:18,631 - INFO - Finished optomization, results are [-22.52829616437243 array([9.89150329e-02, 2.86659638e+03])].
2020-09-15 10:43:18,631 - INFO - Beginning optimization with guess, [5.64496633e-02 7.42611157e+01].
2020-09-15 10:43:25,378 - INFO - Finished optomization, results are [-22.469714467610153 array([1.02711705e-01, 2.66734843e+03])].
2020-09-15 10:43:25,379 - INFO - Beginning optimization with guess, [6.82950535e-01 1.16201538e-01 1.41275107e+02].
2020-09-15 10:44:08,891 - INFO - Finished optimization, results are [-22.20435878630525 array([2.38456245e-01, 1.49364218e-01, 3.13469189e+03])].
2020-09-15 10:44:08,893 - INFO - Beginning optimization with guess, [ 0.99        0.09398846 70.4794707 ].
2020-09-15 10:44:51,705 - INFO - Finished optimization, results are [-22.277872249493 array([1.41708415e-01, 1.26099800e-01, 3.12729738e+03])].
2020-09-15 10:44:51,706 - INFO - Beginning optimization with guess, [9.90000000e-01 7.80041920e-02 1.29921587e+02].
2020-09-15 10:45:22,350 - INFO - Finished optimization, results are [-22.288017505040933 array([1.49178550e-01, 1.29641088e-01, 2.87528470e+03])].
2020-09-15 10:45:22,352 - INFO - Beginning optimization with guess, [5.00125147e-01 5.81960278e-02 1.91751201e+02].
2020-09-15 10:46:10,625 - INFO - Finished optimization, results are [-22.213544868672017 array([1.91106776e-01, 1.38898050e-01, 3.12725772e+03])].
2020-09-15 10:46:10,627 - INFO - Beginning optimization with guess, [ 0.99        0.17089899 60.53875827].
2020-09-15 10:46:49,694 - INFO - Finished optimization, results are [-22.141497192485858 array([2.40889529e-01, 1.55308369e-01, 3.09129996e+03])].
2020-09-15 10:46:49,696 - INFO - Beginning optimization with guess, [ 0.99        0.09685347 62.61473313].
2020-09-15 10:47:11,936 - INFO - Finished optimization, results are [-22.321503547904364 array([1.40017271e-01, 1.26625708e-01, 2.81574142e+03])].
2020-09-15 10:47:11,938 - INFO - Beginning optimization with guess, [ 0.8367477   0.15792889 59.95186107].
2020-09-15 10:47:49,466 - INFO - Finished optimization, results are [-22.169617379674925 array([2.23505140e-01, 1.48935981e-01, 3.10319392e+03])].
2020-09-15 10:47:49,468 - INFO - Beginning optimization with guess, [8.42200733e-01 9.53504267e-02 1.75952520e+02].
2020-09-15 10:48:07,100 - INFO - Finished optimization, results are [-22.276873607396055 array([1.98387180e-01, 1.37627524e-01, 3.01409296e+03])].
2020-09-15 10:48:07,101 - INFO - Beginning optimization with guess, [9.90000000e-01 4.89048579e-02 8.65808192e+01].
2020-09-15 10:48:54,041 - INFO - Finished optimization, results are [-22.412435302400567 array([6.73802330e-02, 1.08604256e-01, 3.14071209e+03])].
2020-09-15 10:48:54,043 - INFO - Beginning optimization with guess, [ 0.99        0.17136587 59.49906126].
2020-09-15 10:49:22,344 - INFO - Finished optimization, results are [-22.162980344633276 array([2.40380407e-01, 1.56324358e-01, 2.87162011e+03])].
2020-09-15 10:49:22,345 - INFO - Beginning optimization with guess, [9.90000000e-01 5.28660067e-02 1.70343100e+02].
2020-09-15 10:49:22,346 - INFO - Finished optimization, results are [-100000000.0 array([9.90000000e-01, 5.28660067e-02, 1.70343100e+02])].
2020-09-15 10:49:22,346 - INFO - Beginning optimization with guess, [9.90000000e-01 5.10653094e-02 1.81286181e+02].
2020-09-15 10:49:22,347 - INFO - Finished optimization, results are [-100000000.0 array([9.90000000e-01, 5.10653094e-02, 1.81286181e+02])].
2020-09-15 10:49:22,347 - INFO - Beginning optimization with guess, [ 0.99        0.08404249 81.56277257].
2020-09-15 10:49:22,348 - INFO - Finished optimization, results are [-100000000.0 array([ 0.99      ,  0.08404249, 81.56277257])].
2020-09-15 10:49:22,348 - INFO - Beginning optimization with guess, [9.90000000e-01 7.28580269e-02 1.74323559e+02].
2020-09-15 10:49:22,349 - INFO - Finished optimization, results are [-100000000.0 array([9.90000000e-01, 7.28580269e-02, 1.74323559e+02])].
2020-09-15 10:49:22,349 - INFO - Beginning optimization with guess, [9.90000000e-01 9.63023938e-02 1.02644887e+02].
2020-09-15 10:49:22,350 - INFO - Finished optimization, results are [-100000000.0 array([9.90000000e-01, 9.63023938e-02, 1.02644887e+02])].
2020-09-15 10:49:22,350 - INFO - Finished DFE inference.
2020-09-15 10:49:22,350 - INFO - Integrating expected site-frequency spectrum.
2020-09-15 10:49:22,350 - INFO - Outputing results.
2020-09-15 10:49:24,024 - INFO - Pipeline executed succesfully.
