2019-08-01 12:46:53,803 - INFO - Beginning execution of fitdadi_infer_DFE.py in directory /u/home/j/jonmah/lohmueller_lab/Scripts

2019-08-01 12:46:53,803 - INFO - Progress is being logged to ../Data/AW_array_2000/seed_25_fitdadi_output/log.log

2019-08-01 12:46:53,803 - INFO - Parsed the following arguments:
	breed = AW
	outprefix = ../Data/AW_array_2000/seed_25_fitdadi_output/
	nonsyn_input_sfs = ../Data/AW_array_2000/seed_25_easySFS_output_nonsyn/dadi/pop1.sfs
	syn_input_sfs = ../Data/AW_array_2000/seed_25_easySFS_output_syn/dadi/pop1.sfs

2019-08-01 12:46:53,806 - INFO - Beginning optimization with guess, [0.56085861 0.14514385].
2019-08-01 12:46:54,221 - INFO - Finished optimization with guess, [0.56085861 0.14514385].
2019-08-01 12:46:54,221 - INFO - Best fit parameters: [1.51178587e-03 6.43495642e-05].
2019-08-01 12:46:54,229 - INFO - Maximum log composite likelihood: -21.7273699539.
2019-08-01 12:46:54,229 - INFO - Optimal value of theta: 56.1984527124.
2019-08-01 12:46:54,229 - INFO - Beginning optimization with guess, [0.49007978 0.11295682].
2019-08-01 12:46:54,966 - INFO - Finished optimization with guess, [0.49007978 0.11295682].
2019-08-01 12:46:54,966 - INFO - Best fit parameters: [0.05907652 0.00259987].
2019-08-01 12:46:54,974 - INFO - Maximum log composite likelihood: -21.7464800651.
2019-08-01 12:46:54,975 - INFO - Optimal value of theta: 56.036573683.
2019-08-01 12:46:54,975 - INFO - Beginning optimization with guess, [0.5035971  0.08726383].
2019-08-01 12:46:55,380 - INFO - Finished optimization with guess, [0.5035971  0.08726383].
2019-08-01 12:46:55,380 - INFO - Best fit parameters: [2.30427463e-03 9.55943494e-05].
2019-08-01 12:46:55,388 - INFO - Maximum log composite likelihood: -21.7273194768.
2019-08-01 12:46:55,388 - INFO - Optimal value of theta: 56.0735040545.
2019-08-01 12:46:55,388 - INFO - Beginning optimization with guess, [0.94543873 0.17878717].
2019-08-01 12:46:55,800 - INFO - Finished optimization with guess, [0.94543873 0.17878717].
2019-08-01 12:46:55,800 - INFO - Best fit parameters: [0.01587662 0.00066113].
2019-08-01 12:46:55,808 - INFO - Maximum log composite likelihood: -21.7318075315.
2019-08-01 12:46:55,808 - INFO - Optimal value of theta: 56.0190169668.
2019-08-01 12:46:55,808 - INFO - Beginning optimization with guess, [0.28949557 0.09485755].
2019-08-01 12:46:56,205 - INFO - Finished optimization with guess, [0.28949557 0.09485755].
2019-08-01 12:46:56,205 - INFO - Best fit parameters: [7.11384143e-04 2.98604925e-05].
2019-08-01 12:46:56,213 - INFO - Maximum log composite likelihood: -21.7267663604.
2019-08-01 12:46:56,213 - INFO - Optimal value of theta: 56.1368524155.
2019-08-01 12:46:56,214 - INFO - Beginning optimization with guess, [0.49973123 0.18506409].
2019-08-01 12:46:56,617 - INFO - Finished optimization with guess, [0.49973123 0.18506409].
2019-08-01 12:46:56,617 - INFO - Best fit parameters: [0.00343234 0.00014352].
2019-08-01 12:46:56,625 - INFO - Maximum log composite likelihood: -21.7275813417.
2019-08-01 12:46:56,625 - INFO - Optimal value of theta: 56.1044391443.
2019-08-01 12:46:56,625 - INFO - Beginning optimization with guess, [0.73477352 0.09829738].
2019-08-01 12:46:57,022 - INFO - Finished optimization with guess, [0.73477352 0.09829738].
2019-08-01 12:46:57,023 - INFO - Best fit parameters: [6.19296693e-04 2.55548208e-05].
2019-08-01 12:46:57,030 - INFO - Maximum log composite likelihood: -21.7269043217.
2019-08-01 12:46:57,031 - INFO - Optimal value of theta: 56.0575099425.
2019-08-01 12:46:57,031 - INFO - Beginning optimization with guess, [0.53340366 0.08692657].
2019-08-01 12:46:57,427 - INFO - Finished optimization with guess, [0.53340366 0.08692657].
2019-08-01 12:46:57,427 - INFO - Best fit parameters: [7.02228098e-04 2.92214085e-05].
2019-08-01 12:46:57,435 - INFO - Maximum log composite likelihood: -21.7267608842.
2019-08-01 12:46:57,435 - INFO - Optimal value of theta: 56.096217129.
2019-08-01 12:46:57,436 - INFO - Beginning optimization with guess, [0.89997828 0.08715685].
2019-08-01 12:46:57,836 - INFO - Finished optimization with guess, [0.89997828 0.08715685].
2019-08-01 12:46:57,836 - INFO - Best fit parameters: [2.88546218e-04 1.19242278e-05].
2019-08-01 12:46:57,844 - INFO - Maximum log composite likelihood: -21.7267540733.
2019-08-01 12:46:57,844 - INFO - Optimal value of theta: 56.0661106429.
2019-08-01 12:46:57,845 - INFO - Beginning optimization with guess, [0.72342126 0.05389586].
2019-08-01 12:46:58,268 - INFO - Finished optimization with guess, [0.72342126 0.05389586].
2019-08-01 12:46:58,269 - INFO - Best fit parameters: [8.45640084e-04 3.50381047e-05].
2019-08-01 12:46:58,276 - INFO - Maximum log composite likelihood: -21.7268733414.
2019-08-01 12:46:58,277 - INFO - Optimal value of theta: 56.0753927607.
2019-08-01 12:46:58,277 - INFO - Beginning optimization with guess, [0.78356098 0.19491214].
2019-08-01 12:46:58,685 - INFO - Finished optimization with guess, [0.78356098 0.19491214].
2019-08-01 12:46:58,685 - INFO - Best fit parameters: [0.0063092  0.00025934].
2019-08-01 12:46:58,693 - INFO - Maximum log composite likelihood: -21.7290037472.
2019-08-01 12:46:58,694 - INFO - Optimal value of theta: 56.0097219478.
2019-08-01 12:46:58,694 - INFO - Beginning optimization with guess, [0.93288438 0.08563547].
2019-08-01 12:46:59,096 - INFO - Finished optimization with guess, [0.93288438 0.08563547].
2019-08-01 12:46:59,096 - INFO - Best fit parameters: [1.40787061e-04 5.80595739e-06].
2019-08-01 12:46:59,104 - INFO - Maximum log composite likelihood: -21.7267648122.
2019-08-01 12:46:59,104 - INFO - Optimal value of theta: 56.057212952.
2019-08-01 12:46:59,105 - INFO - Beginning optimization with guess, [0.60502266 0.17694494].
2019-08-01 12:46:59,510 - INFO - Finished optimization with guess, [0.60502266 0.17694494].
2019-08-01 12:46:59,510 - INFO - Best fit parameters: [0.00505731 0.00021002].
2019-08-01 12:46:59,518 - INFO - Maximum log composite likelihood: -21.728197781.
2019-08-01 12:46:59,519 - INFO - Optimal value of theta: 56.0635817202.
2019-08-01 12:46:59,519 - INFO - Beginning optimization with guess, [0.45325685 0.06108581].
2019-08-01 12:46:59,916 - INFO - Finished optimization with guess, [0.45325685 0.06108581].
2019-08-01 12:46:59,916 - INFO - Best fit parameters: [1.73702538e-04 7.21079073e-06].
2019-08-01 12:46:59,924 - INFO - Maximum log composite likelihood: -21.7266242839.
2019-08-01 12:46:59,924 - INFO - Optimal value of theta: 56.0877678684.
2019-08-01 12:46:59,925 - INFO - Beginning optimization with guess, [0.41419782 0.0766173 ].
2019-08-01 12:47:00,324 - INFO - Finished optimization with guess, [0.41419782 0.0766173 ].
2019-08-01 12:47:00,325 - INFO - Best fit parameters: [1.00000000e-04 4.17399746e-06].
2019-08-01 12:47:00,332 - INFO - Maximum log composite likelihood: -21.7265559747.
2019-08-01 12:47:00,333 - INFO - Optimal value of theta: 56.1137402.
2019-08-01 12:47:00,333 - INFO - Beginning optimization with guess, [0.52058027 0.07509551].
2019-08-01 12:47:00,732 - INFO - Finished optimization with guess, [0.52058027 0.07509551].
2019-08-01 12:47:00,733 - INFO - Best fit parameters: [1.00000000e-04 4.16668815e-06].
2019-08-01 12:47:00,740 - INFO - Maximum log composite likelihood: -21.7265624808.
2019-08-01 12:47:00,741 - INFO - Optimal value of theta: 56.105532035.
2019-08-01 12:47:00,741 - INFO - Beginning optimization with guess, [0.25763027 0.16211669].
2019-08-01 12:47:01,154 - INFO - Finished optimization with guess, [0.25763027 0.16211669].
2019-08-01 12:47:01,154 - INFO - Best fit parameters: [0.01362124 0.00056929].
2019-08-01 12:47:01,162 - INFO - Maximum log composite likelihood: -21.7309106974.
2019-08-01 12:47:01,162 - INFO - Optimal value of theta: 56.0478693924.
2019-08-01 12:47:01,162 - INFO - Beginning optimization with guess, [0.77448772 0.12533212].
2019-08-01 12:47:01,566 - INFO - Finished optimization with guess, [0.77448772 0.12533212].
2019-08-01 12:47:01,566 - INFO - Best fit parameters: [1.71098017e-04 7.01029422e-06].
2019-08-01 12:47:01,574 - INFO - Maximum log composite likelihood: -21.7270262357.
2019-08-01 12:47:01,574 - INFO - Optimal value of theta: 56.0269550348.
2019-08-01 12:47:01,574 - INFO - Beginning optimization with guess, [0.90231273 0.05161675].
2019-08-01 12:47:01,974 - INFO - Finished optimization with guess, [0.90231273 0.05161675].
2019-08-01 12:47:01,974 - INFO - Best fit parameters: [1.69944677e-03 7.08313929e-05].
2019-08-01 12:47:01,982 - INFO - Maximum log composite likelihood: -21.7270591246.
2019-08-01 12:47:01,982 - INFO - Optimal value of theta: 56.0984018076.
2019-08-01 12:47:01,983 - INFO - Beginning optimization with guess, [0.53715008 0.12790875].
2019-08-01 12:47:02,408 - INFO - Finished optimization with guess, [0.53715008 0.12790875].
2019-08-01 12:47:02,409 - INFO - Best fit parameters: [0.00304102 0.00012789].
2019-08-01 12:47:02,416 - INFO - Maximum log composite likelihood: -21.7274813894.
2019-08-01 12:47:02,417 - INFO - Optimal value of theta: 56.1332705694.
2019-08-01 12:47:02,417 - INFO - Beginning optimization with guess, [0.30524639 0.15717152].
2019-08-01 12:47:02,827 - INFO - Finished optimization with guess, [0.30524639 0.15717152].
2019-08-01 12:47:02,827 - INFO - Best fit parameters: [0.00527009 0.00022096].
2019-08-01 12:47:02,835 - INFO - Maximum log composite likelihood: -21.7281477176.
2019-08-01 12:47:02,836 - INFO - Optimal value of theta: 56.1070297337.
2019-08-01 12:47:02,836 - INFO - Beginning optimization with guess, [0.98715219 0.19883821].
2019-08-01 12:47:03,228 - INFO - Finished optimization with guess, [0.98715219 0.19883821].
2019-08-01 12:47:03,228 - INFO - Best fit parameters: [0.00429305 0.00018245].
2019-08-01 12:47:03,236 - INFO - Maximum log composite likelihood: -21.7280778036.
2019-08-01 12:47:03,237 - INFO - Optimal value of theta: 56.1759557988.
2019-08-01 12:47:03,237 - INFO - Beginning optimization with guess, [0.41675411 0.07038773].
2019-08-01 12:47:03,642 - INFO - Finished optimization with guess, [0.41675411 0.07038773].
2019-08-01 12:47:03,642 - INFO - Best fit parameters: [8.70214309e-04 3.63905416e-05].
2019-08-01 12:47:03,650 - INFO - Maximum log composite likelihood: -21.7267912194.
2019-08-01 12:47:03,650 - INFO - Optimal value of theta: 56.118378723.
2019-08-01 12:47:03,650 - INFO - Beginning optimization with guess, [0.6489371  0.09376867].
2019-08-01 12:47:04,024 - INFO - Finished optimization with guess, [0.6489371  0.09376867].
2019-08-01 12:47:04,024 - INFO - Best fit parameters: [1.00000000e-04 4.17416575e-06].
2019-08-01 12:47:04,032 - INFO - Maximum log composite likelihood: -21.7265559126.
2019-08-01 12:47:04,032 - INFO - Optimal value of theta: 56.1139291252.
2019-08-01 12:47:04,032 - INFO - Beginning optimization with guess, [0.53890979 0.06379799].
2019-08-01 12:47:04,408 - INFO - Finished optimization with guess, [0.53890979 0.06379799].
2019-08-01 12:47:04,408 - INFO - Best fit parameters: [1.00000000e-04 4.17469743e-06].
2019-08-01 12:47:04,416 - INFO - Maximum log composite likelihood: -21.7265557424.
2019-08-01 12:47:04,416 - INFO - Optimal value of theta: 56.1145260203.
2019-08-01 12:47:04,416 - INFO - Beginning optimization with guess, [0.27404667 0.18819846].
2019-08-01 12:47:04,812 - INFO - Finished optimization with guess, [0.27404667 0.18819846].
2019-08-01 12:47:04,813 - INFO - Best fit parameters: [0.07792678 0.00363007].
2019-08-01 12:47:04,820 - INFO - Maximum log composite likelihood: -21.7535358647.
2019-08-01 12:47:04,820 - INFO - Optimal value of theta: 56.1935313297.
2019-08-01 12:47:04,820 - INFO - Beginning optimization with guess, [0.41621726 0.06325051].
2019-08-01 12:47:05,196 - INFO - Finished optimization with guess, [0.41621726 0.06325051].
2019-08-01 12:47:05,197 - INFO - Best fit parameters: [1.81234362e-03 7.49635403e-05].
2019-08-01 12:47:05,204 - INFO - Maximum log composite likelihood: -21.7272293424.
2019-08-01 12:47:05,204 - INFO - Optimal value of theta: 56.0623051758.
2019-08-01 12:47:05,205 - INFO - Beginning optimization with guess, [0.25612743 0.12307209].
2019-08-01 12:47:05,580 - INFO - Finished optimization with guess, [0.25612743 0.12307209].
2019-08-01 12:47:05,580 - INFO - Best fit parameters: [1.00000000e-04 4.16795301e-06].
2019-08-01 12:47:05,587 - INFO - Maximum log composite likelihood: -21.7265608213.
2019-08-01 12:47:05,588 - INFO - Optimal value of theta: 56.1069527398.
2019-08-01 12:47:05,588 - INFO - Beginning optimization with guess, [0.75372191 0.15929415].
2019-08-01 12:47:05,969 - INFO - Finished optimization with guess, [0.75372191 0.15929415].
2019-08-01 12:47:05,970 - INFO - Best fit parameters: [3.93769227e-04 1.63322840e-05].
2019-08-01 12:47:05,977 - INFO - Maximum log composite likelihood: -21.7267082771.
2019-08-01 12:47:05,977 - INFO - Optimal value of theta: 56.0826115645.
2019-08-01 12:47:05,977 - INFO - Beginning optimization with guess, [0.39520113 0.08598368].
2019-08-01 12:47:06,355 - INFO - Finished optimization with guess, [0.39520113 0.08598368].
2019-08-01 12:47:06,355 - INFO - Best fit parameters: [2.27619009e-03 9.39112391e-05].
2019-08-01 12:47:06,362 - INFO - Maximum log composite likelihood: -21.7274602179.
2019-08-01 12:47:06,363 - INFO - Optimal value of theta: 56.0481017164.
2019-08-01 12:47:06,363 - INFO - Beginning optimization with guess, [0.61093414 0.09758066].
2019-08-01 12:47:06,739 - INFO - Finished optimization with guess, [0.61093414 0.09758066].
2019-08-01 12:47:06,739 - INFO - Best fit parameters: [7.22005208e-04 2.99691135e-05].
2019-08-01 12:47:06,746 - INFO - Maximum log composite likelihood: -21.7268003559.
2019-08-01 12:47:06,747 - INFO - Optimal value of theta: 56.084401943.
2019-08-01 12:47:06,747 - INFO - Beginning optimization with guess, [0.84750758 0.12624902].
2019-08-01 12:47:07,126 - INFO - Finished optimization with guess, [0.84750758 0.12624902].
2019-08-01 12:47:07,127 - INFO - Best fit parameters: [1.00000000e-04 4.17212104e-06].
2019-08-01 12:47:07,134 - INFO - Maximum log composite likelihood: -21.726556934.
2019-08-01 12:47:07,135 - INFO - Optimal value of theta: 56.1116334385.
2019-08-01 12:47:07,135 - INFO - Beginning optimization with guess, [0.74632664 0.16614718].
2019-08-01 12:47:07,519 - INFO - Finished optimization with guess, [0.74632664 0.16614718].
2019-08-01 12:47:07,519 - INFO - Best fit parameters: [2.28378562e-03 9.48691342e-05].
2019-08-01 12:47:07,527 - INFO - Maximum log composite likelihood: -21.7272877469.
2019-08-01 12:47:07,527 - INFO - Optimal value of theta: 56.0797406993.
2019-08-01 12:47:07,527 - INFO - Beginning optimization with guess, [0.52377889 0.13367809].
2019-08-01 12:47:07,909 - INFO - Finished optimization with guess, [0.52377889 0.13367809].
2019-08-01 12:47:07,909 - INFO - Best fit parameters: [4.26986222e-04 1.77319365e-05].
2019-08-01 12:47:07,917 - INFO - Maximum log composite likelihood: -21.726699054.
2019-08-01 12:47:07,917 - INFO - Optimal value of theta: 56.0882064289.
2019-08-01 12:47:07,917 - INFO - Beginning optimization with guess, [0.30287521 0.07828196].
2019-08-01 12:47:08,294 - INFO - Finished optimization with guess, [0.30287521 0.07828196].
2019-08-01 12:47:08,294 - INFO - Best fit parameters: [0.0034463  0.00014322].
2019-08-01 12:47:08,302 - INFO - Maximum log composite likelihood: -21.727655803.
2019-08-01 12:47:08,302 - INFO - Optimal value of theta: 56.075469093.
2019-08-01 12:47:08,302 - INFO - Beginning optimization with guess, [0.79957891 0.15012491].
2019-08-01 12:47:08,688 - INFO - Finished optimization with guess, [0.79957891 0.15012491].
2019-08-01 12:47:08,688 - INFO - Best fit parameters: [1.74391673e-03 7.23069452e-05].
2019-08-01 12:47:08,696 - INFO - Maximum log composite likelihood: -21.7271494993.
2019-08-01 12:47:08,696 - INFO - Optimal value of theta: 56.0738545607.
2019-08-01 12:47:08,696 - INFO - Beginning optimization with guess, [0.3250559  0.06153473].
2019-08-01 12:47:09,084 - INFO - Finished optimization with guess, [0.3250559  0.06153473].
2019-08-01 12:47:09,084 - INFO - Best fit parameters: [0.00363162 0.00015123].
2019-08-01 12:47:09,092 - INFO - Maximum log composite likelihood: -21.7276819298.
2019-08-01 12:47:09,092 - INFO - Optimal value of theta: 56.0839710065.
2019-08-01 12:47:09,092 - INFO - Beginning optimization with guess, [0.41802488 0.05527339].
2019-08-01 12:47:09,474 - INFO - Finished optimization with guess, [0.41802488 0.05527339].
2019-08-01 12:47:09,475 - INFO - Best fit parameters: [0.00414573 0.00017359].
2019-08-01 12:47:09,482 - INFO - Maximum log composite likelihood: -21.7277996791.
2019-08-01 12:47:09,482 - INFO - Optimal value of theta: 56.1068453651.
2019-08-01 12:47:09,482 - INFO - Beginning optimization with guess, [0.42347851 0.12104217].
2019-08-01 12:47:09,863 - INFO - Finished optimization with guess, [0.42347851 0.12104217].
2019-08-01 12:47:09,863 - INFO - Best fit parameters: [0.0041446 0.0001679].
2019-08-01 12:47:09,871 - INFO - Maximum log composite likelihood: -21.729173643.
2019-08-01 12:47:09,871 - INFO - Optimal value of theta: 55.9542376221.
2019-08-01 12:47:09,871 - INFO - Beginning optimization with guess, [0.43162894 0.05171695].
2019-08-01 12:47:10,245 - INFO - Finished optimization with guess, [0.43162894 0.05171695].
2019-08-01 12:47:10,245 - INFO - Best fit parameters: [1.37757009e-04 5.77159217e-06].
2019-08-01 12:47:10,252 - INFO - Maximum log composite likelihood: -21.726578381.
2019-08-01 12:47:10,253 - INFO - Optimal value of theta: 56.1311466972.
2019-08-01 12:47:10,253 - INFO - Beginning optimization with guess, [0.29102911 0.18188424].
2019-08-01 12:47:10,631 - INFO - Finished optimization with guess, [0.29102911 0.18188424].
2019-08-01 12:47:10,632 - INFO - Best fit parameters: [1.94827198e-03 8.09285650e-05].
2019-08-01 12:47:10,639 - INFO - Maximum log composite likelihood: -21.7271806155.
2019-08-01 12:47:10,639 - INFO - Optimal value of theta: 56.0813312382.
2019-08-01 12:47:10,639 - INFO - Beginning optimization with guess, [0.26073218 0.12211716].
2019-08-01 12:47:11,019 - INFO - Finished optimization with guess, [0.26073218 0.12211716].
2019-08-01 12:47:11,019 - INFO - Best fit parameters: [2.66473528e-04 1.11008754e-05].
2019-08-01 12:47:11,026 - INFO - Maximum log composite likelihood: -21.7266154122.
2019-08-01 12:47:11,027 - INFO - Optimal value of theta: 56.1037009462.
2019-08-01 12:47:11,027 - INFO - Beginning optimization with guess, [0.25865591 0.11236089].
2019-08-01 12:47:11,450 - INFO - Finished optimization with guess, [0.25865591 0.11236089].
2019-08-01 12:47:11,450 - INFO - Best fit parameters: [4.48173809e-04 1.87194362e-05].
2019-08-01 12:47:11,458 - INFO - Maximum log composite likelihood: -21.7266618549.
2019-08-01 12:47:11,458 - INFO - Optimal value of theta: 56.1150594509.
2019-08-01 12:47:11,458 - INFO - Beginning optimization with guess, [0.26392219 0.11617775].
2019-08-01 12:47:11,834 - INFO - Finished optimization with guess, [0.26392219 0.11617775].
2019-08-01 12:47:11,834 - INFO - Best fit parameters: [2.90939935e-04 1.21802965e-05].
2019-08-01 12:47:11,842 - INFO - Maximum log composite likelihood: -21.7266195399.
2019-08-01 12:47:11,842 - INFO - Optimal value of theta: 56.1267875911.
2019-08-01 12:47:11,842 - INFO - Beginning optimization with guess, [0.41076229 0.07247861].
2019-08-01 12:47:12,701 - INFO - Finished optimization with guess, [0.41076229 0.07247861].
2019-08-01 12:47:12,702 - INFO - Best fit parameters: [1.15734315e-03 4.83863591e-05].
2019-08-01 12:47:12,710 - INFO - Maximum log composite likelihood: -21.7268787315.
2019-08-01 12:47:12,710 - INFO - Optimal value of theta: 56.1157521125.
2019-08-01 12:47:12,711 - INFO - Beginning optimization with guess, [0.32709895 0.19895644].
2019-08-01 12:47:13,482 - INFO - Finished optimization with guess, [0.32709895 0.19895644].
2019-08-01 12:47:13,482 - INFO - Best fit parameters: [0.01261378 0.00052532].
2019-08-01 12:47:13,491 - INFO - Maximum log composite likelihood: -21.7306652589.
2019-08-01 12:47:13,491 - INFO - Optimal value of theta: 56.0368930946.
2019-08-01 12:47:13,491 - INFO - Beginning optimization with guess, [0.45032191 0.11846112].
2019-08-01 12:47:14,034 - INFO - Finished optimization with guess, [0.45032191 0.11846112].
2019-08-01 12:47:14,035 - INFO - Best fit parameters: [1.92486277e-03 7.99905174e-05].
2019-08-01 12:47:14,048 - INFO - Maximum log composite likelihood: -21.7271660819.
2019-08-01 12:47:14,049 - INFO - Optimal value of theta: 56.0834564491.
2019-08-01 12:47:14,049 - INFO - Beginning optimization with guess, [0.40210489 0.1061024 ].
2019-08-01 12:47:14,418 - INFO - Finished optimization with guess, [0.40210489 0.1061024 ].
2019-08-01 12:47:14,418 - INFO - Best fit parameters: [0.00496517 0.00020757].
2019-08-01 12:47:14,425 - INFO - Maximum log composite likelihood: -21.7280642316.
2019-08-01 12:47:14,425 - INFO - Optimal value of theta: 56.0951738386.
2019-08-01 12:47:14,426 - INFO - Beginning optimization with guess, [0.80372924 0.09779621].
2019-08-01 12:47:14,790 - INFO - Finished optimization with guess, [0.80372924 0.09779621].
2019-08-01 12:47:14,791 - INFO - Best fit parameters: [1.00000000e-04 4.17433107e-06].
2019-08-01 12:47:14,798 - INFO - Maximum log composite likelihood: -21.7265558555.
2019-08-01 12:47:14,798 - INFO - Optimal value of theta: 56.1141147277.
2019-08-01 12:47:14,798 - INFO - Beginning optimization with guess, [0.59350496 0.18004125].
2019-08-01 12:47:15,170 - INFO - Finished optimization with guess, [0.59350496 0.18004125].
2019-08-01 12:47:15,170 - INFO - Best fit parameters: [0.01728298 0.00070878].
2019-08-01 12:47:15,178 - INFO - Maximum log composite likelihood: -21.7331960666.
2019-08-01 12:47:15,178 - INFO - Optimal value of theta: 55.9419551151.
2019-08-01 12:47:15,179 - INFO - Finished demographic inference.
2019-08-01 12:47:15,179 - INFO - Beginning DFE inference.
2019-08-01 12:47:16,705 - INFO - Beginning optimization with guess, [1.29237064e-01 1.90150356e+02].
2019-08-01 12:47:17,781 - INFO - Finished optomization, results are [-20.452799262715025 array([ 0.26168979, 79.14723833])].
2019-08-01 12:47:17,782 - INFO - Beginning optimization with guess, [1.08399682e-01 1.13904378e+02].
2019-08-01 12:47:18,793 - INFO - Finished optomization, results are [-20.45279926611987 array([ 0.26168976, 79.14727323])].
2019-08-01 12:47:18,793 - INFO - Beginning optimization with guess, [6.03047838e-02 1.03801381e+02].
2019-08-01 12:47:19,846 - INFO - Finished optomization, results are [-20.452799268090423 array([ 0.26168975, 79.14727337])].
2019-08-01 12:47:19,857 - INFO - Beginning optimization with guess, [8.26830531e-02 8.55107792e+01].
2019-08-01 12:47:29,679 - INFO - Finished optomization, results are [-20.452692648943625 array([ 0.26276552, 78.0415565 ])].
2019-08-01 12:47:29,680 - INFO - Beginning optimization with guess, [ 0.14491101 73.62614685].
2019-08-01 12:47:45,174 - INFO - Finished optomization, results are [-20.452789880513148 array([ 0.26178612, 79.02070617])].
2019-08-01 12:47:45,176 - INFO - Beginning optimization with guess, [5.19631190e-02 1.76585163e+02].
2019-08-01 12:47:51,988 - INFO - Finished optomization, results are [-20.452746797080025 array([ 0.26225016, 78.50888707])].
2019-08-01 12:47:51,988 - INFO - Beginning optimization with guess, [5.63072825e-02 9.98902005e+01].
2019-08-01 12:47:58,033 - INFO - Finished optomization, results are [-20.45279923024007 array([ 0.26169008, 79.14687512])].
2019-08-01 12:47:58,043 - INFO - Beginning optimization with guess, [7.44076676e-02 1.80929267e+02].
2019-08-01 12:48:04,429 - INFO - Finished optomization, results are [-20.45272271278091 array([ 0.26286971, 77.80484047])].
2019-08-01 12:48:04,429 - INFO - Beginning optimization with guess, [5.07205065e-02 1.94527156e+02].
2019-08-01 12:48:07,404 - INFO - Finished optomization, results are [-20.452753839203538 array([ 0.26249013, 78.17181773])].
2019-08-01 12:48:07,405 - INFO - Beginning optimization with guess, [7.54020570e-02 1.18195691e+02].
2019-08-01 12:48:12,134 - INFO - Finished optomization, results are [-20.452799251038343 array([ 0.26168991, 79.14706834])].
2019-08-01 12:48:12,135 - INFO - Beginning optimization with guess, [5.28340105e-02 7.38792485e+01].
2019-08-01 12:48:18,289 - INFO - Finished optomization, results are [-20.45279917176238 array([ 0.26169057, 79.14633813])].
2019-08-01 12:48:18,291 - INFO - Beginning optimization with guess, [5.50247975e-02 1.47423389e+02].
2019-08-01 12:48:24,587 - INFO - Finished optomization, results are [-20.45278941908364 array([ 0.26177617, 79.04836236])].
2019-08-01 12:48:24,587 - INFO - Beginning optimization with guess, [1.02093172e-01 1.76687234e+02].
2019-08-01 12:48:30,135 - INFO - Finished optomization, results are [-20.452794366480116 array([ 0.26172963, 79.10584084])].
2019-08-01 12:48:30,136 - INFO - Beginning optimization with guess, [6.39791380e-02 9.33591213e+01].
2019-08-01 12:48:31,096 - INFO - Finished optomization, results are [-20.45279926444566 array([ 0.26168978, 79.14725292])].
2019-08-01 12:48:31,096 - INFO - Beginning optimization with guess, [4.79496572e-02 1.15853249e+02].
2019-08-01 12:48:32,216 - INFO - Finished optomization, results are [-20.45279930056948 array([ 0.2616895, 79.1475248])].
2019-08-01 12:48:32,217 - INFO - Beginning optimization with guess, [1.07848787e-01 1.48239943e+02].
2019-08-01 12:48:36,258 - INFO - Finished optomization, results are [-20.45279925132747 array([ 0.26168989, 79.14711005])].
2019-08-01 12:48:36,258 - INFO - Beginning optimization with guess, [  0.10785693 107.73253714].
2019-08-01 12:48:37,080 - INFO - Finished optomization, results are [-20.452799288524606 array([ 0.26168958, 79.14745595])].
2019-08-01 12:48:37,080 - INFO - Beginning optimization with guess, [5.06843399e-02 1.26781503e+02].
2019-08-01 12:48:38,129 - INFO - Finished optomization, results are [-20.45279926426771 array([ 0.26168977, 79.14726479])].
2019-08-01 12:48:38,130 - INFO - Beginning optimization with guess, [ 0.16352152 86.48798526].
2019-08-01 12:48:43,671 - INFO - Finished optomization, results are [-20.452784139562283 array([ 0.2618014 , 79.06851376])].
2019-08-01 12:48:43,671 - INFO - Beginning optimization with guess, [5.14219357e-02 2.49449932e+02].
2019-08-01 12:48:47,507 - INFO - Finished optomization, results are [-20.45279800232579 array([ 0.2616907 , 79.18831664])].
2019-08-01 12:48:47,507 - INFO - Beginning optimization with guess, [1.09694166e-01 2.13359431e+02].
2019-08-01 12:48:54,214 - INFO - Finished optomization, results are [-20.452775855070254 array([ 0.26189498, 78.92283613])].
2019-08-01 12:48:54,214 - INFO - Beginning optimization with guess, [ 0.09104197 74.37438732].
2019-08-01 12:48:54,833 - INFO - Finished optomization, results are [-20.452799281370723 array([ 0.26168965, 79.14737399])].
2019-08-01 12:48:54,833 - INFO - Beginning optimization with guess, [5.42307473e-02 7.31029363e+01].
2019-08-01 12:48:56,018 - INFO - Finished optomization, results are [-20.452799263992766 array([ 0.26168978, 79.14725039])].
2019-08-01 12:48:56,019 - INFO - Beginning optimization with guess, [5.55165600e-02 1.32340726e+02].
2019-08-01 12:48:57,249 - INFO - Finished optomization, results are [-20.4527992638192 array([ 0.26168978, 79.14724976])].
2019-08-01 12:48:57,250 - INFO - Beginning optimization with guess, [6.06656743e-02 7.27082036e+01].
2019-08-01 12:49:01,824 - INFO - Finished optomization, results are [-20.452699035744686 array([ 0.2625827 , 78.33501445])].
2019-08-01 12:49:01,824 - INFO - Beginning optimization with guess, [1.67154026e-01 2.31919053e+02].
2019-08-01 12:49:06,123 - INFO - Finished optomization, results are [-20.45279745619427 array([ 0.26171303, 79.10826203])].
2019-08-01 12:49:06,124 - INFO - Beginning optimization with guess, [1.07795753e-01 1.92371793e+02].
2019-08-01 12:49:11,176 - INFO - Finished optomization, results are [-20.452724311097988 array([ 0.26272641, 77.96933742])].
2019-08-01 12:49:11,177 - INFO - Beginning optimization with guess, [1.67756415e-01 1.77143795e+02].
2019-08-01 12:49:16,843 - INFO - Finished optomization, results are [-20.452734972771836 array([ 0.26265789, 78.0212546 ])].
2019-08-01 12:49:16,843 - INFO - Beginning optimization with guess, [1.28585086e-01 2.35854961e+02].
2019-08-01 12:49:22,032 - INFO - Finished optomization, results are [-20.45278755375027 array([ 0.26178533, 79.04935146])].
2019-08-01 12:49:22,033 - INFO - Beginning optimization with guess, [9.73575506e-02 1.45152109e+02].
2019-08-01 12:49:27,150 - INFO - Finished optomization, results are [-20.452799104400356 array([ 0.26169106, 79.14594347])].
2019-08-01 12:49:27,150 - INFO - Beginning optimization with guess, [9.10854169e-02 1.98181400e+02].
2019-08-01 12:49:28,106 - INFO - Finished optomization, results are [-20.452799263141387 array([ 0.26168979, 79.14724236])].
2019-08-01 12:49:28,107 - INFO - Beginning optimization with guess, [8.44906416e-02 2.37975620e+02].
2019-08-01 12:49:28,996 - INFO - Finished optomization, results are [-20.45279926140261 array([ 0.2616898 , 79.14722492])].
2019-08-01 12:49:28,996 - INFO - Beginning optimization with guess, [1.20414278e-01 1.90163769e+02].
2019-08-01 12:49:29,884 - INFO - Finished optomization, results are [-20.452799264661063 array([ 0.26168978, 79.1472532 ])].
2019-08-01 12:49:29,884 - INFO - Beginning optimization with guess, [1.29104402e-01 2.32360381e+02].
2019-08-01 12:49:34,592 - INFO - Finished optomization, results are [-20.452784687813008 array([ 0.26180945, 79.02427094])].
2019-08-01 12:49:34,593 - INFO - Beginning optimization with guess, [1.61788767e-01 2.61467558e+02].
2019-08-01 12:49:35,344 - INFO - Finished optomization, results are [-20.452799277505754 array([ 0.26168968, 79.1473504 ])].
2019-08-01 12:49:35,345 - INFO - Beginning optimization with guess, [1.40965501e-01 2.09844954e+02].
2019-08-01 12:49:36,165 - INFO - Finished optomization, results are [-20.452799268526597 array([ 0.26168974, 79.14729647])].
2019-08-01 12:49:36,165 - INFO - Beginning optimization with guess, [ 0.08275302 79.36536822].
2019-08-01 12:49:41,964 - INFO - Finished optomization, results are [-20.45270062437651 array([ 0.26271105, 78.07618812])].
2019-08-01 12:49:41,965 - INFO - Beginning optimization with guess, [  0.12666173 120.29126279].
2019-08-01 12:49:42,785 - INFO - Finished optomization, results are [-20.45279926402058 array([ 0.26168978, 79.14724888])].
2019-08-01 12:49:42,785 - INFO - Beginning optimization with guess, [  0.17211272 162.16190824].
2019-08-01 12:49:48,461 - INFO - Finished optomization, results are [-20.452789008076095 array([ 0.26177809, 79.04867101])].
2019-08-01 12:49:48,461 - INFO - Beginning optimization with guess, [1.58792884e-01 1.99416101e+02].
2019-08-01 12:49:53,577 - INFO - Finished optomization, results are [-20.45279687847691 array([ 0.26170994, 79.12463507])].
2019-08-01 12:49:53,578 - INFO - Beginning optimization with guess, [  0.14342048 131.95965283].
2019-08-01 12:49:54,296 - INFO - Finished optomization, results are [-20.452799270608118 array([ 0.26168973, 79.14728617])].
2019-08-01 12:49:54,296 - INFO - Beginning optimization with guess, [6.28469067e-02 7.22952353e+01].
2019-08-01 12:50:00,577 - INFO - Finished optomization, results are [-20.45270818218023 array([ 0.26248826, 78.43338403])].
2019-08-01 12:50:00,578 - INFO - Beginning optimization with guess, [7.73990281e-02 8.31312799e+01].
2019-08-01 12:50:05,888 - INFO - Finished optomization, results are [-20.45279751051306 array([ 0.26170463, 79.13048697])].
2019-08-01 12:50:05,888 - INFO - Beginning optimization with guess, [8.88578820e-02 9.35267614e+01].
2019-08-01 12:50:06,516 - INFO - Finished optomization, results are [-20.452799271393225 array([ 0.26168973, 79.14728614])].
2019-08-01 12:50:06,517 - INFO - Beginning optimization with guess, [1.00338053e-01 1.33492427e+02].
2019-08-01 12:50:10,104 - INFO - Finished optomization, results are [-20.45279791171986 array([ 0.26170158, 79.13324935])].
2019-08-01 12:50:10,105 - INFO - Beginning optimization with guess, [5.86734480e-02 1.22699966e+02].
2019-08-01 12:50:15,363 - INFO - Finished optomization, results are [-20.452798315654885 array([ 0.26169794, 79.13776844])].
2019-08-01 12:50:15,363 - INFO - Beginning optimization with guess, [9.58241644e-02 2.34616875e+02].
2019-08-01 12:50:16,299 - INFO - Finished optomization, results are [-20.452799263058466 array([ 0.26168979, 79.14722845])].
2019-08-01 12:50:16,299 - INFO - Beginning optimization with guess, [  0.12771944 107.2796265 ].
2019-08-01 12:50:21,221 - INFO - Finished optomization, results are [-20.45279909353166 array([ 0.26169122, 79.14562074])].
2019-08-01 12:50:21,222 - INFO - Beginning optimization with guess, [7.04079789e-02 1.23922176e+02].
2019-08-01 12:50:25,803 - INFO - Finished optomization, results are [-20.452799244693665 array([ 0.26169008, 79.14663472])].
2019-08-01 12:50:25,804 - INFO - Beginning optimization with guess, [  0.16713472 130.37834165].
2019-08-01 12:50:26,490 - INFO - Finished optomization, results are [-20.452799263364845 array([ 0.26168978, 79.14725007])].
2019-08-01 12:50:26,490 - INFO - Finished DFE inference.
2019-08-01 12:50:26,490 - INFO - Integrating expected site-frequency spectrum.
2019-08-01 12:50:26,505 - INFO - Outputing results.
2019-08-01 12:50:26,509 - INFO - Pipeline executed succesfully.
