2019-08-01 12:46:54,143 - INFO - Beginning execution of fitdadi_infer_DFE.py in directory /u/home/j/jonmah/lohmueller_lab/Scripts

2019-08-01 12:46:54,143 - INFO - Progress is being logged to ../Data/AW_array_2000/seed_45_fitdadi_output/log.log

2019-08-01 12:46:54,143 - INFO - Parsed the following arguments:
	breed = AW
	outprefix = ../Data/AW_array_2000/seed_45_fitdadi_output/
	nonsyn_input_sfs = ../Data/AW_array_2000/seed_45_easySFS_output_nonsyn/dadi/pop1.sfs
	syn_input_sfs = ../Data/AW_array_2000/seed_45_easySFS_output_syn/dadi/pop1.sfs

2019-08-01 12:46:54,146 - INFO - Beginning optimization with guess, [0.71088551 0.12471346].
2019-08-01 12:46:54,711 - INFO - Finished optimization with guess, [0.71088551 0.12471346].
2019-08-01 12:46:54,711 - INFO - Best fit parameters: [0.24722707 0.37087811].
2019-08-01 12:46:54,725 - INFO - Maximum log composite likelihood: -22.8514488698.
2019-08-01 12:46:54,725 - INFO - Optimal value of theta: 146.927363128.
2019-08-01 12:46:54,726 - INFO - Beginning optimization with guess, [0.53071158 0.14995282].
2019-08-01 12:46:55,302 - INFO - Finished optimization with guess, [0.53071158 0.14995282].
2019-08-01 12:46:55,303 - INFO - Best fit parameters: [0.2395289  0.36982606].
2019-08-01 12:46:55,317 - INFO - Maximum log composite likelihood: -22.8513575388.
2019-08-01 12:46:55,317 - INFO - Optimal value of theta: 151.753565668.
2019-08-01 12:46:55,317 - INFO - Beginning optimization with guess, [0.59622098 0.05093319].
2019-08-01 12:46:55,820 - INFO - Finished optimization with guess, [0.59622098 0.05093319].
2019-08-01 12:46:55,820 - INFO - Best fit parameters: [0.27555863 0.37430027].
2019-08-01 12:46:55,834 - INFO - Maximum log composite likelihood: -22.85225717.
2019-08-01 12:46:55,834 - INFO - Optimal value of theta: 132.061988918.
2019-08-01 12:46:55,834 - INFO - Beginning optimization with guess, [0.99482497 0.08676358].
2019-08-01 12:46:56,402 - INFO - Finished optimization with guess, [0.99482497 0.08676358].
2019-08-01 12:46:56,403 - INFO - Best fit parameters: [0.22736044 0.36674761].
2019-08-01 12:46:56,417 - INFO - Maximum log composite likelihood: -22.851224497.
2019-08-01 12:46:56,418 - INFO - Optimal value of theta: 159.930347133.
2019-08-01 12:46:56,418 - INFO - Beginning optimization with guess, [0.87075806 0.05201412].
2019-08-01 12:46:56,969 - INFO - Finished optimization with guess, [0.87075806 0.05201412].
2019-08-01 12:46:56,970 - INFO - Best fit parameters: [0.22298443 0.36539217].
2019-08-01 12:46:56,984 - INFO - Maximum log composite likelihood: -22.8511901751.
2019-08-01 12:46:56,985 - INFO - Optimal value of theta: 163.094893284.
2019-08-01 12:46:56,985 - INFO - Beginning optimization with guess, [0.51042167 0.0940487 ].
2019-08-01 12:46:57,595 - INFO - Finished optimization with guess, [0.51042167 0.0940487 ].
2019-08-01 12:46:57,596 - INFO - Best fit parameters: [0.28794049 0.37230836].
2019-08-01 12:46:57,609 - INFO - Maximum log composite likelihood: -22.8526575012.
2019-08-01 12:46:57,609 - INFO - Optimal value of theta: 126.201033736.
2019-08-01 12:46:57,609 - INFO - Beginning optimization with guess, [0.49920183 0.14824506].
2019-08-01 12:46:58,176 - INFO - Finished optimization with guess, [0.49920183 0.14824506].
2019-08-01 12:46:58,177 - INFO - Best fit parameters: [0.24344126 0.37050297].
2019-08-01 12:46:58,191 - INFO - Maximum log composite likelihood: -22.8514056639.
2019-08-01 12:46:58,191 - INFO - Optimal value of theta: 149.281166174.
2019-08-01 12:46:58,191 - INFO - Beginning optimization with guess, [0.4562818  0.14097175].
2019-08-01 12:46:58,771 - INFO - Finished optimization with guess, [0.4562818  0.14097175].
2019-08-01 12:46:58,772 - INFO - Best fit parameters: [0.21580141 0.36078479].
2019-08-01 12:46:58,786 - INFO - Maximum log composite likelihood: -22.8510218305.
2019-08-01 12:46:58,787 - INFO - Optimal value of theta: 168.001049166.
2019-08-01 12:46:58,787 - INFO - Beginning optimization with guess, [0.68827734 0.12176193].
2019-08-01 12:46:59,371 - INFO - Finished optimization with guess, [0.68827734 0.12176193].
2019-08-01 12:46:59,371 - INFO - Best fit parameters: [0.24790585 0.37026263].
2019-08-01 12:46:59,385 - INFO - Maximum log composite likelihood: -22.8514315741.
2019-08-01 12:46:59,385 - INFO - Optimal value of theta: 146.373499658.
2019-08-01 12:46:59,385 - INFO - Beginning optimization with guess, [0.2830211  0.05468475].
2019-08-01 12:46:59,888 - INFO - Finished optimization with guess, [0.2830211  0.05468475].
2019-08-01 12:46:59,888 - INFO - Best fit parameters: [0.28112009 0.37311329].
2019-08-01 12:46:59,901 - INFO - Maximum log composite likelihood: -22.8523851442.
2019-08-01 12:46:59,902 - INFO - Optimal value of theta: 129.295379094.
2019-08-01 12:46:59,902 - INFO - Beginning optimization with guess, [0.85615058 0.13200825].
2019-08-01 12:47:00,467 - INFO - Finished optimization with guess, [0.85615058 0.13200825].
2019-08-01 12:47:00,467 - INFO - Best fit parameters: [0.22232023 0.36590053].
2019-08-01 12:47:00,482 - INFO - Maximum log composite likelihood: -22.8512762223.
2019-08-01 12:47:00,482 - INFO - Optimal value of theta: 163.773656457.
2019-08-01 12:47:00,482 - INFO - Beginning optimization with guess, [0.77226971 0.08468773].
2019-08-01 12:47:01,073 - INFO - Finished optimization with guess, [0.77226971 0.08468773].
2019-08-01 12:47:01,073 - INFO - Best fit parameters: [0.29653562 0.37087522].
2019-08-01 12:47:01,086 - INFO - Maximum log composite likelihood: -22.8530725234.
2019-08-01 12:47:01,086 - INFO - Optimal value of theta: 122.510733769.
2019-08-01 12:47:01,086 - INFO - Beginning optimization with guess, [0.98434621 0.09230958].
2019-08-01 12:47:01,641 - INFO - Finished optimization with guess, [0.98434621 0.09230958].
2019-08-01 12:47:01,641 - INFO - Best fit parameters: [0.22286277 0.36140147].
2019-08-01 12:47:01,655 - INFO - Maximum log composite likelihood: -22.8511871531.
2019-08-01 12:47:01,656 - INFO - Optimal value of theta: 162.166988295.
2019-08-01 12:47:01,656 - INFO - Beginning optimization with guess, [0.35513387 0.17919952].
2019-08-01 12:47:02,253 - INFO - Finished optimization with guess, [0.35513387 0.17919952].
2019-08-01 12:47:02,253 - INFO - Best fit parameters: [0.2165419  0.36118263].
2019-08-01 12:47:02,268 - INFO - Maximum log composite likelihood: -22.8510284207.
2019-08-01 12:47:02,268 - INFO - Optimal value of theta: 167.455950648.
2019-08-01 12:47:02,269 - INFO - Beginning optimization with guess, [0.4661604  0.05053462].
2019-08-01 12:47:02,824 - INFO - Finished optimization with guess, [0.4661604  0.05053462].
2019-08-01 12:47:02,824 - INFO - Best fit parameters: [0.2485304  0.37087611].
2019-08-01 12:47:02,838 - INFO - Maximum log composite likelihood: -22.8514611278.
2019-08-01 12:47:02,839 - INFO - Optimal value of theta: 146.111890479.
2019-08-01 12:47:02,839 - INFO - Beginning optimization with guess, [0.41855404 0.12048261].
2019-08-01 12:47:03,484 - INFO - Finished optimization with guess, [0.41855404 0.12048261].
2019-08-01 12:47:03,484 - INFO - Best fit parameters: [0.21880574 0.36201981].
2019-08-01 12:47:03,499 - INFO - Maximum log composite likelihood: -22.8510476049.
2019-08-01 12:47:03,499 - INFO - Optimal value of theta: 165.716813277.
2019-08-01 12:47:03,500 - INFO - Beginning optimization with guess, [0.39303681 0.16480936].
2019-08-01 12:47:04,087 - INFO - Finished optimization with guess, [0.39303681 0.16480936].
2019-08-01 12:47:04,087 - INFO - Best fit parameters: [0.2220753  0.36357182].
2019-08-01 12:47:04,102 - INFO - Maximum log composite likelihood: -22.8510834876.
2019-08-01 12:47:04,102 - INFO - Optimal value of theta: 163.374200928.
2019-08-01 12:47:04,102 - INFO - Beginning optimization with guess, [0.94807295 0.19788004].
2019-08-01 12:47:04,702 - INFO - Finished optimization with guess, [0.94807295 0.19788004].
2019-08-01 12:47:04,702 - INFO - Best fit parameters: [0.22044586 0.36359743].
2019-08-01 12:47:04,717 - INFO - Maximum log composite likelihood: -22.8510937977.
2019-08-01 12:47:04,717 - INFO - Optimal value of theta: 164.740909717.
2019-08-01 12:47:04,717 - INFO - Beginning optimization with guess, [0.25787315 0.09014696].
2019-08-01 12:47:05,258 - INFO - Finished optimization with guess, [0.25787315 0.09014696].
2019-08-01 12:47:05,259 - INFO - Best fit parameters: [0.26256121 0.37504383].
2019-08-01 12:47:05,272 - INFO - Maximum log composite likelihood: -22.8520028345.
2019-08-01 12:47:05,272 - INFO - Optimal value of theta: 138.789378681.
2019-08-01 12:47:05,273 - INFO - Beginning optimization with guess, [0.76787702 0.13800487].
2019-08-01 12:47:05,840 - INFO - Finished optimization with guess, [0.76787702 0.13800487].
2019-08-01 12:47:05,840 - INFO - Best fit parameters: [0.22612608 0.36449864].
2019-08-01 12:47:05,855 - INFO - Maximum log composite likelihood: -22.8511183156.
2019-08-01 12:47:05,855 - INFO - Optimal value of theta: 160.340377072.
2019-08-01 12:47:05,855 - INFO - Beginning optimization with guess, [0.35020764 0.11050198].
2019-08-01 12:47:06,415 - INFO - Finished optimization with guess, [0.35020764 0.11050198].
2019-08-01 12:47:06,415 - INFO - Best fit parameters: [0.23555212 0.36986561].
2019-08-01 12:47:06,429 - INFO - Maximum log composite likelihood: -22.8514076877.
2019-08-01 12:47:06,430 - INFO - Optimal value of theta: 154.545547237.
2019-08-01 12:47:06,430 - INFO - Beginning optimization with guess, [0.46987274 0.1160799 ].
2019-08-01 12:47:07,052 - INFO - Finished optimization with guess, [0.46987274 0.1160799 ].
2019-08-01 12:47:07,052 - INFO - Best fit parameters: [0.24837612 0.37138998].
2019-08-01 12:47:07,066 - INFO - Maximum log composite likelihood: -22.8514894389.
2019-08-01 12:47:07,066 - INFO - Optimal value of theta: 146.314227321.
2019-08-01 12:47:07,067 - INFO - Beginning optimization with guess, [0.40966681 0.19353901].
2019-08-01 12:47:07,676 - INFO - Finished optimization with guess, [0.40966681 0.19353901].
2019-08-01 12:47:07,677 - INFO - Best fit parameters: [0.20711641 0.35756793].
2019-08-01 12:47:07,692 - INFO - Maximum log composite likelihood: -22.850967065.
2019-08-01 12:47:07,692 - INFO - Optimal value of theta: 175.193472202.
2019-08-01 12:47:07,692 - INFO - Beginning optimization with guess, [0.44979713 0.0593268 ].
2019-08-01 12:47:08,361 - INFO - Finished optimization with guess, [0.44979713 0.0593268 ].
2019-08-01 12:47:08,361 - INFO - Best fit parameters: [0.25474196 0.37247752].
2019-08-01 12:47:08,375 - INFO - Maximum log composite likelihood: -22.8516271927.
2019-08-01 12:47:08,375 - INFO - Optimal value of theta: 142.696059537.
2019-08-01 12:47:08,375 - INFO - Beginning optimization with guess, [0.6675145  0.05179781].
2019-08-01 12:47:08,984 - INFO - Finished optimization with guess, [0.6675145  0.05179781].
2019-08-01 12:47:08,985 - INFO - Best fit parameters: [0.31724138 0.3674097 ].
2019-08-01 12:47:08,998 - INFO - Maximum log composite likelihood: -22.8545612961.
2019-08-01 12:47:08,998 - INFO - Optimal value of theta: 114.706178052.
2019-08-01 12:47:08,999 - INFO - Beginning optimization with guess, [0.47582764 0.05347401].
2019-08-01 12:47:09,552 - INFO - Finished optimization with guess, [0.47582764 0.05347401].
2019-08-01 12:47:09,552 - INFO - Best fit parameters: [0.29707952 0.37381876].
2019-08-01 12:47:09,565 - INFO - Maximum log composite likelihood: -22.8533543145.
2019-08-01 12:47:09,565 - INFO - Optimal value of theta: 122.726093316.
2019-08-01 12:47:09,565 - INFO - Beginning optimization with guess, [0.70536223 0.15375451].
2019-08-01 12:47:10,156 - INFO - Finished optimization with guess, [0.70536223 0.15375451].
2019-08-01 12:47:10,156 - INFO - Best fit parameters: [0.24230576 0.36960658].
2019-08-01 12:47:10,170 - INFO - Maximum log composite likelihood: -22.8513496087.
2019-08-01 12:47:10,171 - INFO - Optimal value of theta: 149.835654327.
2019-08-01 12:47:10,171 - INFO - Beginning optimization with guess, [0.37241568 0.16365201].
2019-08-01 12:47:10,805 - INFO - Finished optimization with guess, [0.37241568 0.16365201].
2019-08-01 12:47:10,805 - INFO - Best fit parameters: [0.21759696 0.36240795].
2019-08-01 12:47:10,819 - INFO - Maximum log composite likelihood: -22.8510619879.
2019-08-01 12:47:10,820 - INFO - Optimal value of theta: 166.865158923.
2019-08-01 12:47:10,820 - INFO - Beginning optimization with guess, [0.49610304 0.17376546].
2019-08-01 12:47:11,427 - INFO - Finished optimization with guess, [0.49610304 0.17376546].
2019-08-01 12:47:11,427 - INFO - Best fit parameters: [0.19915927 0.3542308 ].
2019-08-01 12:47:11,442 - INFO - Maximum log composite likelihood: -22.8509525882.
2019-08-01 12:47:11,442 - INFO - Optimal value of theta: 182.383560344.
2019-08-01 12:47:11,443 - INFO - Beginning optimization with guess, [0.28845276 0.09816369].
2019-08-01 12:47:11,983 - INFO - Finished optimization with guess, [0.28845276 0.09816369].
2019-08-01 12:47:11,983 - INFO - Best fit parameters: [0.25948413 0.37185338].
2019-08-01 12:47:11,997 - INFO - Maximum log composite likelihood: -22.8516763329.
2019-08-01 12:47:11,997 - INFO - Optimal value of theta: 139.877939442.
2019-08-01 12:47:11,997 - INFO - Beginning optimization with guess, [0.30477763 0.13996929].
2019-08-01 12:47:12,567 - INFO - Finished optimization with guess, [0.30477763 0.13996929].
2019-08-01 12:47:12,567 - INFO - Best fit parameters: [0.21959823 0.36221301].
2019-08-01 12:47:12,582 - INFO - Maximum log composite likelihood: -22.8510543397.
2019-08-01 12:47:12,582 - INFO - Optimal value of theta: 165.092383694.
2019-08-01 12:47:12,582 - INFO - Beginning optimization with guess, [0.40283174 0.14477747].
2019-08-01 12:47:13,170 - INFO - Finished optimization with guess, [0.40283174 0.14477747].
2019-08-01 12:47:13,170 - INFO - Best fit parameters: [0.22342105 0.36477066].
2019-08-01 12:47:13,184 - INFO - Maximum log composite likelihood: -22.8511293438.
2019-08-01 12:47:13,185 - INFO - Optimal value of theta: 162.578323311.
2019-08-01 12:47:13,185 - INFO - Beginning optimization with guess, [0.57992058 0.07103873].
2019-08-01 12:47:13,806 - INFO - Finished optimization with guess, [0.57992058 0.07103873].
2019-08-01 12:47:13,806 - INFO - Best fit parameters: [0.22252337 0.36319391].
2019-08-01 12:47:13,820 - INFO - Maximum log composite likelihood: -22.8510817509.
2019-08-01 12:47:13,821 - INFO - Optimal value of theta: 162.907282302.
2019-08-01 12:47:13,821 - INFO - Beginning optimization with guess, [0.30970153 0.16180773].
2019-08-01 12:47:14,404 - INFO - Finished optimization with guess, [0.30970153 0.16180773].
2019-08-01 12:47:14,404 - INFO - Best fit parameters: [0.22304416 0.36373716].
2019-08-01 12:47:14,419 - INFO - Maximum log composite likelihood: -22.8510892983.
2019-08-01 12:47:14,419 - INFO - Optimal value of theta: 162.620889033.
2019-08-01 12:47:14,419 - INFO - Beginning optimization with guess, [0.59925918 0.15823597].
2019-08-01 12:47:15,004 - INFO - Finished optimization with guess, [0.59925918 0.15823597].
2019-08-01 12:47:15,004 - INFO - Best fit parameters: [0.21578564 0.3625768 ].
2019-08-01 12:47:15,019 - INFO - Maximum log composite likelihood: -22.8511155992.
2019-08-01 12:47:15,019 - INFO - Optimal value of theta: 168.506763201.
2019-08-01 12:47:15,019 - INFO - Beginning optimization with guess, [0.68624083 0.06741328].
2019-08-01 12:47:15,577 - INFO - Finished optimization with guess, [0.68624083 0.06741328].
2019-08-01 12:47:15,577 - INFO - Best fit parameters: [0.24047316 0.37090674].
2019-08-01 12:47:15,591 - INFO - Maximum log composite likelihood: -22.8514578075.
2019-08-01 12:47:15,592 - INFO - Optimal value of theta: 151.349659741.
2019-08-01 12:47:15,592 - INFO - Beginning optimization with guess, [0.31966893 0.16733898].
2019-08-01 12:47:16,177 - INFO - Finished optimization with guess, [0.31966893 0.16733898].
2019-08-01 12:47:16,177 - INFO - Best fit parameters: [0.22415313 0.36615779].
2019-08-01 12:47:16,192 - INFO - Maximum log composite likelihood: -22.8512426517.
2019-08-01 12:47:16,193 - INFO - Optimal value of theta: 162.336513692.
2019-08-01 12:47:16,193 - INFO - Beginning optimization with guess, [0.56846874 0.17858845].
2019-08-01 12:47:16,946 - INFO - Finished optimization with guess, [0.56846874 0.17858845].
2019-08-01 12:47:16,946 - INFO - Best fit parameters: [0.24198915 0.37012121].
2019-08-01 12:47:16,961 - INFO - Maximum log composite likelihood: -22.8513767109.
2019-08-01 12:47:16,962 - INFO - Optimal value of theta: 150.158134429.
2019-08-01 12:47:16,962 - INFO - Beginning optimization with guess, [0.93141069 0.05198907].
2019-08-01 12:47:17,641 - INFO - Finished optimization with guess, [0.93141069 0.05198907].
2019-08-01 12:47:17,642 - INFO - Best fit parameters: [0.2944227  0.37329211].
2019-08-01 12:47:17,656 - INFO - Maximum log composite likelihood: -22.8531069968.
2019-08-01 12:47:17,656 - INFO - Optimal value of theta: 123.6952353.
2019-08-01 12:47:17,656 - INFO - Beginning optimization with guess, [0.54064387 0.09636301].
2019-08-01 12:47:18,653 - INFO - Finished optimization with guess, [0.54064387 0.09636301].
2019-08-01 12:47:18,654 - INFO - Best fit parameters: [0.27294094 0.37003143].
2019-08-01 12:47:18,691 - INFO - Maximum log composite likelihood: -22.8520842617.
2019-08-01 12:47:18,691 - INFO - Optimal value of theta: 132.589017262.
2019-08-01 12:47:18,691 - INFO - Beginning optimization with guess, [0.85897   0.0822436].
2019-08-01 12:47:19,680 - INFO - Finished optimization with guess, [0.85897   0.0822436].
2019-08-01 12:47:19,680 - INFO - Best fit parameters: [0.2692079  0.37346607].
2019-08-01 12:47:19,716 - INFO - Maximum log composite likelihood: -22.8519883046.
2019-08-01 12:47:19,717 - INFO - Optimal value of theta: 135.0290539.
2019-08-01 12:47:19,717 - INFO - Beginning optimization with guess, [0.92181331 0.08612903].
2019-08-01 12:47:20,626 - INFO - Finished optimization with guess, [0.92181331 0.08612903].
2019-08-01 12:47:20,637 - INFO - Best fit parameters: [0.22665026 0.36660674].
2019-08-01 12:47:20,663 - INFO - Maximum log composite likelihood: -22.851225466.
2019-08-01 12:47:20,664 - INFO - Optimal value of theta: 160.452820124.
2019-08-01 12:47:20,664 - INFO - Beginning optimization with guess, [0.25234759 0.14073429].
2019-08-01 12:47:21,871 - INFO - Finished optimization with guess, [0.25234759 0.14073429].
2019-08-01 12:47:21,872 - INFO - Best fit parameters: [0.23956895 0.37085237].
2019-08-01 12:47:21,897 - INFO - Maximum log composite likelihood: -22.851463085.
2019-08-01 12:47:21,898 - INFO - Optimal value of theta: 151.954345012.
2019-08-01 12:47:21,898 - INFO - Beginning optimization with guess, [0.6102323 0.0666276].
2019-08-01 12:47:23,400 - INFO - Finished optimization with guess, [0.6102323 0.0666276].
2019-08-01 12:47:23,401 - INFO - Best fit parameters: [0.23881659 0.36889103].
2019-08-01 12:47:23,416 - INFO - Maximum log composite likelihood: -22.8512988079.
2019-08-01 12:47:23,416 - INFO - Optimal value of theta: 152.033462481.
2019-08-01 12:47:23,416 - INFO - Beginning optimization with guess, [0.46810583 0.08857122].
2019-08-01 12:47:24,312 - INFO - Finished optimization with guess, [0.46810583 0.08857122].
2019-08-01 12:47:24,312 - INFO - Best fit parameters: [0.31086764 0.37304413].
2019-08-01 12:47:24,353 - INFO - Maximum log composite likelihood: -22.854525272.
2019-08-01 12:47:24,353 - INFO - Optimal value of theta: 117.563525856.
2019-08-01 12:47:24,354 - INFO - Beginning optimization with guess, [0.42584977 0.16041235].
2019-08-01 12:47:26,868 - INFO - Finished optimization with guess, [0.42584977 0.16041235].
2019-08-01 12:47:26,873 - INFO - Best fit parameters: [0.19592318 0.35231121].
2019-08-01 12:47:26,944 - INFO - Maximum log composite likelihood: -22.8509247447.
2019-08-01 12:47:26,944 - INFO - Optimal value of theta: 185.339143802.
2019-08-01 12:47:26,944 - INFO - Beginning optimization with guess, [0.3352028  0.05952121].
2019-08-01 12:47:30,301 - INFO - Finished optimization with guess, [0.3352028  0.05952121].
2019-08-01 12:47:30,301 - INFO - Best fit parameters: [0.23745216 0.37073182].
2019-08-01 12:47:30,376 - INFO - Maximum log composite likelihood: -22.8514857619.
2019-08-01 12:47:30,397 - INFO - Optimal value of theta: 153.395994523.
2019-08-01 12:47:30,397 - INFO - Beginning optimization with guess, [0.92173775 0.11002328].
2019-08-01 12:47:33,280 - INFO - Finished optimization with guess, [0.92173775 0.11002328].
2019-08-01 12:47:33,292 - INFO - Best fit parameters: [0.22463795 0.36572069].
2019-08-01 12:47:33,343 - INFO - Maximum log composite likelihood: -22.8511831068.
2019-08-01 12:47:33,344 - INFO - Optimal value of theta: 161.833773211.
2019-08-01 12:47:33,344 - INFO - Beginning optimization with guess, [0.32719455 0.07853022].
2019-08-01 12:47:35,587 - INFO - Finished optimization with guess, [0.32719455 0.07853022].
2019-08-01 12:47:35,588 - INFO - Best fit parameters: [0.25125828 0.37075923].
2019-08-01 12:47:35,657 - INFO - Maximum log composite likelihood: -22.8514942939.
2019-08-01 12:47:35,657 - INFO - Optimal value of theta: 144.419012382.
2019-08-01 12:47:35,657 - INFO - Beginning optimization with guess, [0.65968492 0.06155114].
2019-08-01 12:47:38,063 - INFO - Finished optimization with guess, [0.65968492 0.06155114].
2019-08-01 12:47:38,064 - INFO - Best fit parameters: [0.24734798 0.3707889 ].
2019-08-01 12:47:38,106 - INFO - Maximum log composite likelihood: -22.8514451154.
2019-08-01 12:47:38,121 - INFO - Optimal value of theta: 146.832693041.
2019-08-01 12:47:38,122 - INFO - Finished demographic inference.
2019-08-01 12:47:38,122 - INFO - Beginning DFE inference.
2019-08-01 12:48:04,384 - INFO - Beginning optimization with guess, [6.83791616e-02 3.34067147e+02].
2019-08-01 12:48:11,367 - INFO - Finished optomization, results are [-20.86572080542929 array([1.06276030e-01, 1.26410238e+04])].
2019-08-01 12:48:11,368 - INFO - Beginning optimization with guess, [1.63879283e-01 6.42478887e+02].
2019-08-01 12:48:15,021 - INFO - Finished optomization, results are [-20.865500211732638 array([1.07788828e-01, 1.13723679e+04])].
2019-08-01 12:48:15,022 - INFO - Beginning optimization with guess, [9.67250311e-02 4.56073549e+02].
2019-08-01 12:48:19,904 - INFO - Finished optomization, results are [-20.865655231808624 array([1.06515680e-01, 1.24211707e+04])].
2019-08-01 12:48:19,904 - INFO - Beginning optimization with guess, [7.91324590e-02 5.86350658e+02].
2019-08-01 12:48:27,116 - INFO - Finished optomization, results are [-20.865617064985653 array([1.06709325e-01, 1.22440219e+04])].
2019-08-01 12:48:27,117 - INFO - Beginning optimization with guess, [1.40758515e-01 4.52717246e+02].
2019-08-01 12:48:30,900 - INFO - Finished optomization, results are [-20.865474493567184 array([1.08039268e-01, 1.11988695e+04])].
2019-08-01 12:48:30,900 - INFO - Beginning optimization with guess, [7.52244905e-02 3.60033230e+02].
2019-08-01 12:48:38,492 - INFO - Finished optomization, results are [-20.865924054641955 array([1.05731423e-01, 1.31143898e+04])].
2019-08-01 12:48:38,493 - INFO - Beginning optimization with guess, [4.69036440e-02 2.55176658e+02].
2019-08-01 12:48:42,490 - INFO - Finished optomization, results are [-20.865580588959205 array([1.07276345e-01, 1.17419097e+04])].
2019-08-01 12:48:42,491 - INFO - Beginning optimization with guess, [7.79372860e-02 5.56035349e+02].
2019-08-01 12:48:46,059 - INFO - Finished optomization, results are [-20.865469927461998 array([1.07895762e-01, 1.13088031e+04])].
2019-08-01 12:48:46,060 - INFO - Beginning optimization with guess, [1.20777878e-01 3.44651936e+02].
2019-08-01 12:48:53,296 - INFO - Finished optomization, results are [-20.865736829786584 array([1.06265640e-01, 1.27141131e+04])].
2019-08-01 12:48:53,298 - INFO - Beginning optimization with guess, [5.70925899e-02 6.03071198e+02].
2019-08-01 12:48:59,740 - INFO - Finished optomization, results are [-20.865637566896655 array([1.06547454e-01, 1.24162883e+04])].
2019-08-01 12:48:59,740 - INFO - Beginning optimization with guess, [8.31546401e-02 6.77795788e+02].
2019-08-01 12:49:06,960 - INFO - Finished optomization, results are [-20.865566016717942 array([1.07016235e-01, 1.19826095e+04])].
2019-08-01 12:49:06,962 - INFO - Beginning optimization with guess, [1.10281507e-01 4.37264127e+02].
2019-08-01 12:49:10,065 - INFO - Finished optomization, results are [-20.865429719277415 array([1.08237248e-01, 1.10866835e+04])].
2019-08-01 12:49:10,065 - INFO - Beginning optimization with guess, [7.17438885e-02 7.10664793e+02].
2019-08-01 12:49:14,640 - INFO - Finished optomization, results are [-20.865514428117798 array([1.07624643e-01, 1.14928671e+04])].
2019-08-01 12:49:14,641 - INFO - Beginning optimization with guess, [6.68886729e-02 5.99363702e+02].
2019-08-01 12:49:22,003 - INFO - Finished optomization, results are [-20.865436433706584 array([1.07960995e-01, 1.12837441e+04])].
2019-08-01 12:49:22,004 - INFO - Beginning optimization with guess, [6.78762307e-02 5.15556852e+02].
2019-08-01 12:49:25,713 - INFO - Finished optomization, results are [-20.865461218050836 array([1.07971527e-01, 1.12573524e+04])].
2019-08-01 12:49:25,713 - INFO - Beginning optimization with guess, [1.67070262e-01 5.02103427e+02].
2019-08-01 12:49:29,210 - INFO - Finished optomization, results are [-20.86545825051349 array([1.07973131e-01, 1.12581424e+04])].
2019-08-01 12:49:29,211 - INFO - Beginning optimization with guess, [9.60986026e-02 5.22561828e+02].
2019-08-01 12:49:36,278 - INFO - Finished optomization, results are [-20.865572696606968 array([1.07277534e-01, 1.17452404e+04])].
2019-08-01 12:49:36,278 - INFO - Beginning optimization with guess, [1.18417541e-01 3.42321150e+02].
2019-08-01 12:49:42,708 - INFO - Finished optomization, results are [-20.865554743300528 array([1.07361855e-01, 1.16843608e+04])].
2019-08-01 12:49:42,709 - INFO - Beginning optimization with guess, [7.80489921e-02 3.67563684e+02].
2019-08-01 12:49:47,312 - INFO - Finished optomization, results are [-20.8657240005699 array([1.06605380e-01, 1.25126494e+04])].
2019-08-01 12:49:47,312 - INFO - Beginning optimization with guess, [9.39592942e-02 5.11328195e+02].
2019-08-01 12:49:53,811 - INFO - Finished optomization, results are [-20.865551857611948 array([1.07437883e-01, 1.16229810e+04])].
2019-08-01 12:49:53,812 - INFO - Beginning optimization with guess, [9.61769868e-02 4.60124931e+02].
2019-08-01 12:49:59,933 - INFO - Finished optomization, results are [-20.86564866227615 array([1.06537744e-01, 1.24036209e+04])].
2019-08-01 12:49:59,935 - INFO - Beginning optimization with guess, [8.26786595e-02 4.64907823e+02].
2019-08-01 12:50:06,659 - INFO - Finished optomization, results are [-20.86546747078784 array([1.07856420e-01, 1.13404916e+04])].
2019-08-01 12:50:06,660 - INFO - Beginning optimization with guess, [1.61055409e-01 4.53242623e+02].
2019-08-01 12:50:12,220 - INFO - Finished optomization, results are [-20.865510145656796 array([1.07570199e-01, 1.15391536e+04])].
2019-08-01 12:50:12,221 - INFO - Beginning optimization with guess, [7.95516433e-02 3.45221195e+02].
2019-08-01 12:50:17,130 - INFO - Finished optomization, results are [-20.865628525860682 array([1.06905937e-01, 1.22581035e+04])].
2019-08-01 12:50:17,131 - INFO - Beginning optimization with guess, [1.12016634e-01 5.17578846e+02].
2019-08-01 12:50:22,108 - INFO - Finished optomization, results are [-20.86541678997845 array([1.07691583e-01, 1.15386222e+04])].
2019-08-01 12:50:22,109 - INFO - Beginning optimization with guess, [1.37192531e-01 7.17371620e+02].
2019-08-01 12:50:27,732 - INFO - Finished optomization, results are [-20.86552286208952 array([1.07354328e-01, 1.18942497e+04])].
2019-08-01 12:50:27,732 - INFO - Beginning optimization with guess, [9.04712770e-02 4.03114272e+02].
2019-08-01 12:50:34,315 - INFO - Finished optomization, results are [-20.865664599745138 array([1.06496834e-01, 1.24299851e+04])].
2019-08-01 12:50:34,316 - INFO - Beginning optimization with guess, [1.68103081e-01 8.35806191e+02].
2019-08-01 12:50:40,209 - INFO - Finished optomization, results are [-20.86552235691302 array([1.07345753e-01, 1.17185030e+04])].
2019-08-01 12:50:40,209 - INFO - Beginning optimization with guess, [1.30362193e-01 5.14548015e+02].
2019-08-01 12:50:43,338 - INFO - Finished optomization, results are [-20.86556776476295 array([1.07436580e-01, 1.16157004e+04])].
2019-08-01 12:50:43,340 - INFO - Beginning optimization with guess, [5.87840920e-02 8.46911283e+02].
2019-08-01 12:50:50,758 - INFO - Finished optomization, results are [-20.865532364294673 array([1.07468490e-01, 1.16088389e+04])].
2019-08-01 12:50:50,759 - INFO - Beginning optimization with guess, [1.01650427e-01 8.04218791e+02].
2019-08-01 12:50:54,364 - INFO - Finished optomization, results are [-20.865520644407 array([1.07690647e-01, 1.14373172e+04])].
2019-08-01 12:50:54,365 - INFO - Beginning optimization with guess, [1.22354257e-01 7.69265056e+02].
2019-08-01 12:50:59,877 - INFO - Finished optomization, results are [-20.865392014436807 array([1.08061902e-01, 1.12703990e+04])].
2019-08-01 12:50:59,878 - INFO - Beginning optimization with guess, [1.62259278e-01 3.84169037e+02].
2019-08-01 12:51:02,298 - INFO - Finished optomization, results are [-20.865529196653014 array([1.07667013e-01, 1.14512906e+04])].
2019-08-01 12:51:02,298 - INFO - Beginning optimization with guess, [1.44958076e-01 8.40111982e+02].
2019-08-01 12:51:07,270 - INFO - Finished optomization, results are [-20.865620741311893 array([1.07001004e-01, 1.19588304e+04])].
2019-08-01 12:51:07,271 - INFO - Beginning optimization with guess, [1.42815664e-01 7.61648147e+02].
2019-08-01 12:51:11,610 - INFO - Finished optomization, results are [-20.86561064076338 array([1.07059414e-01, 1.19126634e+04])].
2019-08-01 12:51:11,610 - INFO - Beginning optimization with guess, [5.71941519e-02 3.74862138e+02].
2019-08-01 12:51:17,238 - INFO - Finished optomization, results are [-20.86552953926638 array([1.07126308e-01, 1.19110351e+04])].
2019-08-01 12:51:17,239 - INFO - Beginning optimization with guess, [5.67921477e-02 3.43156772e+02].
2019-08-01 12:51:23,280 - INFO - Finished optomization, results are [-20.865535767515325 array([1.07358560e-01, 1.16985415e+04])].
2019-08-01 12:51:23,280 - INFO - Beginning optimization with guess, [5.47823930e-02 4.13825198e+02].
2019-08-01 12:51:29,949 - INFO - Finished optomization, results are [-20.86556551396981 array([1.0689207e-01, 1.2108128e+04])].
2019-08-01 12:51:29,950 - INFO - Beginning optimization with guess, [8.11720662e-02 2.47216630e+02].
2019-08-01 12:51:35,037 - INFO - Finished optomization, results are [-20.865517579174103 array([1.07573486e-01, 1.15320270e+04])].
2019-08-01 12:51:35,037 - INFO - Beginning optimization with guess, [1.39468296e-01 4.26427310e+02].
2019-08-01 12:51:37,729 - INFO - Finished optomization, results are [-20.8654735489852 array([1.07956434e-01, 1.12607883e+04])].
2019-08-01 12:51:37,729 - INFO - Beginning optimization with guess, [1.32296029e-01 4.96191135e+02].
2019-08-01 12:51:42,841 - INFO - Finished optomization, results are [-20.86556762882091 array([1.07385974e-01, 1.16572826e+04])].
2019-08-01 12:51:42,843 - INFO - Beginning optimization with guess, [5.54811128e-02 4.42029728e+02].
2019-08-01 12:51:48,808 - INFO - Finished optomization, results are [-20.865486406782225 array([1.07830769e-01, 1.13481735e+04])].
2019-08-01 12:51:48,809 - INFO - Beginning optimization with guess, [6.73465942e-02 8.87732222e+02].
2019-08-01 12:51:55,383 - INFO - Finished optomization, results are [-20.865527557157957 array([1.07523391e-01, 1.15667573e+04])].
2019-08-01 12:51:55,384 - INFO - Beginning optimization with guess, [4.82666967e-02 7.23966405e+02].
2019-08-01 12:52:01,432 - INFO - Finished optomization, results are [-20.865572413269447 array([1.07305562e-01, 1.17217263e+04])].
2019-08-01 12:52:01,432 - INFO - Beginning optimization with guess, [5.67941962e-02 4.00879102e+02].
2019-08-01 12:52:06,432 - INFO - Finished optomization, results are [-20.86558761588307 array([1.06789848e-01, 1.21917345e+04])].
2019-08-01 12:52:06,432 - INFO - Beginning optimization with guess, [1.52001462e-01 2.97667008e+02].
2019-08-01 12:52:10,313 - INFO - Finished optomization, results are [-20.865569007519788 array([1.07368468e-01, 1.16710352e+04])].
2019-08-01 12:52:10,315 - INFO - Beginning optimization with guess, [1.28278423e-01 2.65213414e+02].
2019-08-01 12:52:13,010 - INFO - Finished optomization, results are [-20.86551403869 array([1.07765877e-01, 1.13824534e+04])].
2019-08-01 12:52:13,011 - INFO - Beginning optimization with guess, [8.16844725e-02 7.67036899e+02].
2019-08-01 12:52:18,598 - INFO - Finished optomization, results are [-20.865598250712793 array([1.07036586e-01, 1.19405018e+04])].
2019-08-01 12:52:18,599 - INFO - Beginning optimization with guess, [5.18044632e-02 2.46352530e+02].
2019-08-01 12:52:23,479 - INFO - Finished optomization, results are [-20.86560893877985 array([1.07073621e-01, 1.19010870e+04])].
2019-08-01 12:52:23,479 - INFO - Beginning optimization with guess, [1.77393493e-01 5.84872708e+02].
2019-08-01 12:52:27,877 - INFO - Finished optomization, results are [-20.865643528508784 array([1.06691676e-01, 1.22365265e+04])].
2019-08-01 12:52:27,878 - INFO - Finished DFE inference.
2019-08-01 12:52:27,878 - INFO - Integrating expected site-frequency spectrum.
2019-08-01 12:52:27,894 - INFO - Outputing results.
2019-08-01 12:52:27,899 - INFO - Pipeline executed succesfully.
