2019-08-01 09:08:47,992 - INFO - Beginning execution of fitdadi_infer_DFE.py in directory /u/home/j/jonmah/lohmueller_lab/Scripts

2019-08-01 09:08:47,992 - INFO - Progress is being logged to ../Data/AW_array_2000/seed_32_fitdadi_output/log.log

2019-08-01 09:08:47,992 - INFO - Parsed the following arguments:
	breed = AW
	outprefix = ../Data/AW_array_2000/seed_32_fitdadi_output/
	nonsyn_input_sfs = ../Data/AW_array_2000/seed_32_easySFS_output_nonsyn/dadi/pop1.sfs
	syn_input_sfs = ../Data/AW_array_2000/seed_32_easySFS_output_syn/dadi/pop1.sfs

2019-08-01 09:08:47,997 - INFO - Beginning optimization with guess, [0.71992904 0.08217502].
2019-08-01 09:08:49,855 - INFO - Finished optimization with guess, [0.71992904 0.08217502].
2019-08-01 09:08:49,856 - INFO - Best fit parameters: [0.12155754 0.26521606].
2019-08-01 09:08:49,874 - INFO - Maximum log composite likelihood: -25.9542071394.
2019-08-01 09:08:49,874 - INFO - Optimal value of theta: 259.488927649.
2019-08-01 09:08:49,874 - INFO - Beginning optimization with guess, [0.35016471 0.16442173].
2019-08-01 09:08:51,416 - INFO - Finished optimization with guess, [0.35016471 0.16442173].
2019-08-01 09:08:51,417 - INFO - Best fit parameters: [0.1323673  0.27615084].
2019-08-01 09:08:51,434 - INFO - Maximum log composite likelihood: -25.9542637201.
2019-08-01 09:08:51,434 - INFO - Optimal value of theta: 238.504441697.
2019-08-01 09:08:51,434 - INFO - Beginning optimization with guess, [0.29123489 0.12599074].
2019-08-01 09:08:52,883 - INFO - Finished optimization with guess, [0.29123489 0.12599074].
2019-08-01 09:08:52,883 - INFO - Best fit parameters: [0.13668834 0.28008836].
2019-08-01 09:08:52,900 - INFO - Maximum log composite likelihood: -25.9542764293.
2019-08-01 09:08:52,900 - INFO - Optimal value of theta: 230.96869295.
2019-08-01 09:08:52,901 - INFO - Beginning optimization with guess, [0.29712508 0.13368324].
2019-08-01 09:08:54,447 - INFO - Finished optimization with guess, [0.29712508 0.13368324].
2019-08-01 09:08:54,447 - INFO - Best fit parameters: [0.11407961 0.25738884].
2019-08-01 09:08:54,465 - INFO - Maximum log composite likelihood: -25.9542319913.
2019-08-01 09:08:54,466 - INFO - Optimal value of theta: 276.748623295.
2019-08-01 09:08:54,466 - INFO - Beginning optimization with guess, [0.61565651 0.07759875].
2019-08-01 09:08:56,126 - INFO - Finished optimization with guess, [0.61565651 0.07759875].
2019-08-01 09:08:56,126 - INFO - Best fit parameters: [0.14419452 0.28647631].
2019-08-01 09:08:56,143 - INFO - Maximum log composite likelihood: -25.9543010421.
2019-08-01 09:08:56,143 - INFO - Optimal value of theta: 218.940816706.
2019-08-01 09:08:56,144 - INFO - Beginning optimization with guess, [0.69246585 0.11755533].
2019-08-01 09:08:57,887 - INFO - Finished optimization with guess, [0.69246585 0.11755533].
2019-08-01 09:08:57,887 - INFO - Best fit parameters: [0.13355373 0.27684532].
2019-08-01 09:08:57,905 - INFO - Maximum log composite likelihood: -25.9542237906.
2019-08-01 09:08:57,905 - INFO - Optimal value of theta: 236.104195113.
2019-08-01 09:08:57,905 - INFO - Beginning optimization with guess, [0.43799016 0.12004996].
2019-08-01 09:09:01,052 - INFO - Finished optimization with guess, [0.43799016 0.12004996].
2019-08-01 09:09:01,052 - INFO - Best fit parameters: [0.1459076  0.28681813].
2019-08-01 09:09:01,069 - INFO - Maximum log composite likelihood: -25.9542479915.
2019-08-01 09:09:01,069 - INFO - Optimal value of theta: 215.761046594.
2019-08-01 09:09:01,069 - INFO - Beginning optimization with guess, [0.94035979 0.16682825].
2019-08-01 09:09:02,727 - INFO - Finished optimization with guess, [0.94035979 0.16682825].
2019-08-01 09:09:02,727 - INFO - Best fit parameters: [0.14111696 0.28366949].
2019-08-01 09:09:02,744 - INFO - Maximum log composite likelihood: -25.9542615832.
2019-08-01 09:09:02,744 - INFO - Optimal value of theta: 223.559182041.
2019-08-01 09:09:02,744 - INFO - Beginning optimization with guess, [0.32699642 0.19454569].
2019-08-01 09:09:04,479 - INFO - Finished optimization with guess, [0.32699642 0.19454569].
2019-08-01 09:09:04,480 - INFO - Best fit parameters: [0.13913918 0.28190301].
2019-08-01 09:09:04,494 - INFO - Maximum log composite likelihood: -25.9542477014.
2019-08-01 09:09:04,495 - INFO - Optimal value of theta: 226.686082806.
2019-08-01 09:09:04,495 - INFO - Beginning optimization with guess, [0.35352846 0.08495712].
2019-08-01 09:09:06,698 - INFO - Finished optimization with guess, [0.35352846 0.08495712].
2019-08-01 09:09:06,698 - INFO - Best fit parameters: [0.1363003  0.27983378].
2019-08-01 09:09:06,713 - INFO - Maximum log composite likelihood: -25.9542882399.
2019-08-01 09:09:06,713 - INFO - Optimal value of theta: 231.687110817.
2019-08-01 09:09:06,713 - INFO - Beginning optimization with guess, [0.65895899 0.05070081].
2019-08-01 09:09:08,184 - INFO - Finished optimization with guess, [0.65895899 0.05070081].
2019-08-01 09:09:08,184 - INFO - Best fit parameters: [0.13832486 0.2810673 ].
2019-08-01 09:09:08,199 - INFO - Maximum log composite likelihood: -25.9542351022.
2019-08-01 09:09:08,199 - INFO - Optimal value of theta: 227.935591689.
2019-08-01 09:09:08,199 - INFO - Beginning optimization with guess, [0.86339782 0.05474159].
2019-08-01 09:09:09,542 - INFO - Finished optimization with guess, [0.86339782 0.05474159].
2019-08-01 09:09:09,543 - INFO - Best fit parameters: [0.11294751 0.25604231].
2019-08-01 09:09:09,558 - INFO - Maximum log composite likelihood: -25.9542202042.
2019-08-01 09:09:09,559 - INFO - Optimal value of theta: 279.458815432.
2019-08-01 09:09:09,559 - INFO - Beginning optimization with guess, [0.5282283  0.07190214].
2019-08-01 09:09:11,229 - INFO - Finished optimization with guess, [0.5282283  0.07190214].
2019-08-01 09:09:11,230 - INFO - Best fit parameters: [0.1130522  0.25627559].
2019-08-01 09:09:11,246 - INFO - Maximum log composite likelihood: -25.954239112.
2019-08-01 09:09:11,246 - INFO - Optimal value of theta: 279.311212347.
2019-08-01 09:09:11,246 - INFO - Beginning optimization with guess, [0.34955704 0.05186254].
2019-08-01 09:09:12,560 - INFO - Finished optimization with guess, [0.34955704 0.05186254].
2019-08-01 09:09:12,560 - INFO - Best fit parameters: [0.13419818 0.27764646].
2019-08-01 09:09:12,575 - INFO - Maximum log composite likelihood: -25.9542449344.
2019-08-01 09:09:12,575 - INFO - Optimal value of theta: 235.117231046.
2019-08-01 09:09:12,576 - INFO - Beginning optimization with guess, [0.2705998  0.09739227].
2019-08-01 09:09:14,086 - INFO - Finished optimization with guess, [0.2705998  0.09739227].
2019-08-01 09:09:14,086 - INFO - Best fit parameters: [0.14037943 0.28300655].
2019-08-01 09:09:14,101 - INFO - Maximum log composite likelihood: -25.9542554697.
2019-08-01 09:09:14,101 - INFO - Optimal value of theta: 224.709456954.
2019-08-01 09:09:14,101 - INFO - Beginning optimization with guess, [0.3767626  0.05901393].
2019-08-01 09:09:15,449 - INFO - Finished optimization with guess, [0.3767626  0.05901393].
2019-08-01 09:09:15,449 - INFO - Best fit parameters: [0.13687121 0.28002517].
2019-08-01 09:09:15,464 - INFO - Maximum log composite likelihood: -25.9542502514.
2019-08-01 09:09:15,464 - INFO - Optimal value of theta: 230.510422789.
2019-08-01 09:09:15,464 - INFO - Beginning optimization with guess, [0.57312525 0.08192032].
2019-08-01 09:09:17,164 - INFO - Finished optimization with guess, [0.57312525 0.08192032].
2019-08-01 09:09:17,164 - INFO - Best fit parameters: [0.13261136 0.27637651].
2019-08-01 09:09:17,179 - INFO - Maximum log composite likelihood: -25.9542641267.
2019-08-01 09:09:17,180 - INFO - Optimal value of theta: 238.064370356.
2019-08-01 09:09:17,180 - INFO - Beginning optimization with guess, [0.30782623 0.1259142 ].
2019-08-01 09:09:18,514 - INFO - Finished optimization with guess, [0.30782623 0.1259142 ].
2019-08-01 09:09:18,514 - INFO - Best fit parameters: [0.13693248 0.27993959].
2019-08-01 09:09:18,529 - INFO - Maximum log composite likelihood: -25.9542376225.
2019-08-01 09:09:18,530 - INFO - Optimal value of theta: 230.314400303.
2019-08-01 09:09:18,530 - INFO - Beginning optimization with guess, [0.71378848 0.16930239].
2019-08-01 09:09:19,997 - INFO - Finished optimization with guess, [0.71378848 0.16930239].
2019-08-01 09:09:19,997 - INFO - Best fit parameters: [0.1471748  0.28865982].
2019-08-01 09:09:20,012 - INFO - Maximum log composite likelihood: -25.9542903377.
2019-08-01 09:09:20,012 - INFO - Optimal value of theta: 214.388777716.
2019-08-01 09:09:20,012 - INFO - Beginning optimization with guess, [0.5858819  0.05084246].
2019-08-01 09:09:21,846 - INFO - Finished optimization with guess, [0.5858819  0.05084246].
2019-08-01 09:09:21,848 - INFO - Best fit parameters: [0.12969544 0.27346849].
2019-08-01 09:09:21,863 - INFO - Maximum log composite likelihood: -25.9542368598.
2019-08-01 09:09:21,864 - INFO - Optimal value of theta: 243.301192787.
2019-08-01 09:09:21,864 - INFO - Beginning optimization with guess, [0.53855938 0.08833632].
2019-08-01 09:09:23,133 - INFO - Finished optimization with guess, [0.53855938 0.08833632].
2019-08-01 09:09:23,134 - INFO - Best fit parameters: [0.13307326 0.27690912].
2019-08-01 09:09:23,149 - INFO - Maximum log composite likelihood: -25.9542806408.
2019-08-01 09:09:23,149 - INFO - Optimal value of theta: 237.311594476.
2019-08-01 09:09:23,149 - INFO - Beginning optimization with guess, [0.77196811 0.06291907].
2019-08-01 09:09:24,895 - INFO - Finished optimization with guess, [0.77196811 0.06291907].
2019-08-01 09:09:24,897 - INFO - Best fit parameters: [0.12291705 0.26599416].
2019-08-01 09:09:24,913 - INFO - Maximum log composite likelihood: -25.9541822327.
2019-08-01 09:09:24,913 - INFO - Optimal value of theta: 256.101624948.
2019-08-01 09:09:24,913 - INFO - Beginning optimization with guess, [0.77045016 0.11216061].
2019-08-01 09:09:26,515 - INFO - Finished optimization with guess, [0.77045016 0.11216061].
2019-08-01 09:09:26,515 - INFO - Best fit parameters: [0.137797   0.28113809].
2019-08-01 09:09:26,530 - INFO - Maximum log composite likelihood: -25.9542896266.
2019-08-01 09:09:26,530 - INFO - Optimal value of theta: 229.156618226.
2019-08-01 09:09:26,530 - INFO - Beginning optimization with guess, [0.66190193 0.1378173 ].
2019-08-01 09:09:28,073 - INFO - Finished optimization with guess, [0.66190193 0.1378173 ].
2019-08-01 09:09:28,075 - INFO - Best fit parameters: [0.11969324 0.26337002].
2019-08-01 09:09:28,090 - INFO - Maximum log composite likelihood: -25.9542171131.
2019-08-01 09:09:28,090 - INFO - Optimal value of theta: 263.629220467.
2019-08-01 09:09:28,090 - INFO - Beginning optimization with guess, [0.28336683 0.06201138].
2019-08-01 09:09:29,704 - INFO - Finished optimization with guess, [0.28336683 0.06201138].
2019-08-01 09:09:29,704 - INFO - Best fit parameters: [0.11991551 0.26387986].
2019-08-01 09:09:29,719 - INFO - Maximum log composite likelihood: -25.9542590425.
2019-08-01 09:09:29,720 - INFO - Optimal value of theta: 263.377565716.
2019-08-01 09:09:29,720 - INFO - Beginning optimization with guess, [0.84414894 0.06025821].
2019-08-01 09:09:31,194 - INFO - Finished optimization with guess, [0.84414894 0.06025821].
2019-08-01 09:09:31,194 - INFO - Best fit parameters: [0.10980119 0.25264446].
2019-08-01 09:09:31,210 - INFO - Maximum log composite likelihood: -25.9542601955.
2019-08-01 09:09:31,210 - INFO - Optimal value of theta: 287.710825141.
2019-08-01 09:09:31,211 - INFO - Beginning optimization with guess, [0.28001   0.0916054].
2019-08-01 09:09:32,510 - INFO - Finished optimization with guess, [0.28001   0.0916054].
2019-08-01 09:09:32,510 - INFO - Best fit parameters: [0.12585425 0.27010402].
2019-08-01 09:09:32,526 - INFO - Maximum log composite likelihood: -25.9542883374.
2019-08-01 09:09:32,526 - INFO - Optimal value of theta: 251.031950157.
2019-08-01 09:09:32,526 - INFO - Beginning optimization with guess, [0.48985392 0.05390318].
2019-08-01 09:09:33,785 - INFO - Finished optimization with guess, [0.48985392 0.05390318].
2019-08-01 09:09:33,785 - INFO - Best fit parameters: [0.12093131 0.26492082].
2019-08-01 09:09:33,801 - INFO - Maximum log composite likelihood: -25.9542550888.
2019-08-01 09:09:33,801 - INFO - Optimal value of theta: 261.137861883.
2019-08-01 09:09:33,801 - INFO - Beginning optimization with guess, [0.6858258  0.06255653].
2019-08-01 09:09:35,112 - INFO - Finished optimization with guess, [0.6858258  0.06255653].
2019-08-01 09:09:35,113 - INFO - Best fit parameters: [0.12695819 0.27086608].
2019-08-01 09:09:35,128 - INFO - Maximum log composite likelihood: -25.954237814.
2019-08-01 09:09:35,128 - INFO - Optimal value of theta: 248.590319291.
2019-08-01 09:09:35,128 - INFO - Beginning optimization with guess, [0.53877121 0.05407561].
2019-08-01 09:09:36,494 - INFO - Finished optimization with guess, [0.53877121 0.05407561].
2019-08-01 09:09:36,495 - INFO - Best fit parameters: [0.13306174 0.27690573].
2019-08-01 09:09:36,512 - INFO - Maximum log composite likelihood: -25.9542817408.
2019-08-01 09:09:36,512 - INFO - Optimal value of theta: 237.337275896.
2019-08-01 09:09:36,512 - INFO - Beginning optimization with guess, [0.37119028 0.06904769].
2019-08-01 09:09:38,535 - INFO - Finished optimization with guess, [0.37119028 0.06904769].
2019-08-01 09:09:38,537 - INFO - Best fit parameters: [0.13225998 0.27510005].
2019-08-01 09:09:38,552 - INFO - Maximum log composite likelihood: -25.9542024698.
2019-08-01 09:09:38,552 - INFO - Optimal value of theta: 238.021341815.
2019-08-01 09:09:38,552 - INFO - Beginning optimization with guess, [0.26216294 0.06065996].
2019-08-01 09:09:40,028 - INFO - Finished optimization with guess, [0.26216294 0.06065996].
2019-08-01 09:09:40,028 - INFO - Best fit parameters: [0.13636723 0.27967731].
2019-08-01 09:09:40,043 - INFO - Maximum log composite likelihood: -25.954259652.
2019-08-01 09:09:40,044 - INFO - Optimal value of theta: 231.42880956.
2019-08-01 09:09:40,044 - INFO - Beginning optimization with guess, [0.34493548 0.12994171].
2019-08-01 09:09:41,780 - INFO - Finished optimization with guess, [0.34493548 0.12994171].
2019-08-01 09:09:41,781 - INFO - Best fit parameters: [0.11359047 0.25699105].
2019-08-01 09:09:41,797 - INFO - Maximum log composite likelihood: -25.9542594047.
2019-08-01 09:09:41,797 - INFO - Optimal value of theta: 278.088860911.
2019-08-01 09:09:41,797 - INFO - Beginning optimization with guess, [0.57530465 0.15612537].
2019-08-01 09:09:43,422 - INFO - Finished optimization with guess, [0.57530465 0.15612537].
2019-08-01 09:09:43,422 - INFO - Best fit parameters: [0.12499192 0.26810016].
2019-08-01 09:09:43,437 - INFO - Maximum log composite likelihood: -25.9541860408.
2019-08-01 09:09:43,438 - INFO - Optimal value of theta: 251.85763379.
2019-08-01 09:09:43,438 - INFO - Beginning optimization with guess, [0.44417097 0.09047035].
2019-08-01 09:09:44,819 - INFO - Finished optimization with guess, [0.44417097 0.09047035].
2019-08-01 09:09:44,819 - INFO - Best fit parameters: [0.13882356 0.28174635].
2019-08-01 09:09:44,834 - INFO - Maximum log composite likelihood: -25.9542575424.
2019-08-01 09:09:44,834 - INFO - Optimal value of theta: 227.276292914.
2019-08-01 09:09:44,834 - INFO - Beginning optimization with guess, [0.93783032 0.14074595].
2019-08-01 09:09:46,361 - INFO - Finished optimization with guess, [0.93783032 0.14074595].
2019-08-01 09:09:46,361 - INFO - Best fit parameters: [0.11357016 0.25675801].
2019-08-01 09:09:46,377 - INFO - Maximum log composite likelihood: -25.95422243.
2019-08-01 09:09:46,377 - INFO - Optimal value of theta: 277.936012654.
2019-08-01 09:09:46,378 - INFO - Beginning optimization with guess, [0.25180057 0.18962575].
2019-08-01 09:09:47,563 - INFO - Finished optimization with guess, [0.25180057 0.18962575].
2019-08-01 09:09:47,563 - INFO - Best fit parameters: [0.14182064 0.28420822].
2019-08-01 09:09:47,578 - INFO - Maximum log composite likelihood: -25.954259285.
2019-08-01 09:09:47,578 - INFO - Optimal value of theta: 222.417273929.
2019-08-01 09:09:47,578 - INFO - Beginning optimization with guess, [0.36617139 0.18387361].
2019-08-01 09:09:49,242 - INFO - Finished optimization with guess, [0.36617139 0.18387361].
2019-08-01 09:09:49,243 - INFO - Best fit parameters: [0.10176399 0.24268165].
2019-08-01 09:09:49,259 - INFO - Maximum log composite likelihood: -25.9542244391.
2019-08-01 09:09:49,259 - INFO - Optimal value of theta: 310.269069157.
2019-08-01 09:09:49,259 - INFO - Beginning optimization with guess, [0.52300213 0.08565775].
2019-08-01 09:09:51,049 - INFO - Finished optimization with guess, [0.52300213 0.08565775].
2019-08-01 09:09:51,050 - INFO - Best fit parameters: [0.14839763 0.28953139].
2019-08-01 09:09:51,064 - INFO - Maximum log composite likelihood: -25.9542880999.
2019-08-01 09:09:51,064 - INFO - Optimal value of theta: 212.575130583.
2019-08-01 09:09:51,065 - INFO - Beginning optimization with guess, [0.73696241 0.08923517].
2019-08-01 09:09:52,346 - INFO - Finished optimization with guess, [0.73696241 0.08923517].
2019-08-01 09:09:52,346 - INFO - Best fit parameters: [0.11214764 0.25524266].
2019-08-01 09:09:52,362 - INFO - Maximum log composite likelihood: -25.9542380841.
2019-08-01 09:09:52,362 - INFO - Optimal value of theta: 281.564244225.
2019-08-01 09:09:52,362 - INFO - Beginning optimization with guess, [0.67069932 0.13148215].
2019-08-01 09:09:53,900 - INFO - Finished optimization with guess, [0.67069932 0.13148215].
2019-08-01 09:09:53,900 - INFO - Best fit parameters: [0.11730394 0.26080457].
2019-08-01 09:09:53,916 - INFO - Maximum log composite likelihood: -25.9542139666.
2019-08-01 09:09:53,916 - INFO - Optimal value of theta: 269.00201178.
2019-08-01 09:09:53,917 - INFO - Beginning optimization with guess, [0.5190539  0.14039083].
2019-08-01 09:09:58,261 - INFO - Finished optimization with guess, [0.5190539  0.14039083].
2019-08-01 09:09:58,262 - INFO - Best fit parameters: [0.14443352 0.2866238 ].
2019-08-01 09:09:58,276 - INFO - Maximum log composite likelihood: -25.9542961285.
2019-08-01 09:09:58,277 - INFO - Optimal value of theta: 218.550285689.
2019-08-01 09:09:58,277 - INFO - Beginning optimization with guess, [0.74791262 0.13091428].
2019-08-01 09:09:59,285 - INFO - Finished optimization with guess, [0.74791262 0.13091428].
2019-08-01 09:09:59,285 - INFO - Best fit parameters: [0.13607833 0.27884934].
2019-08-01 09:09:59,300 - INFO - Maximum log composite likelihood: -25.954216144.
2019-08-01 09:09:59,300 - INFO - Optimal value of theta: 231.536946825.
2019-08-01 09:09:59,301 - INFO - Beginning optimization with guess, [0.49001786 0.09823331].
2019-08-01 09:10:01,004 - INFO - Finished optimization with guess, [0.49001786 0.09823331].
2019-08-01 09:10:01,004 - INFO - Best fit parameters: [0.12461329 0.26823062].
2019-08-01 09:10:01,019 - INFO - Maximum log composite likelihood: -25.9542021841.
2019-08-01 09:10:01,019 - INFO - Optimal value of theta: 253.031535645.
2019-08-01 09:10:01,019 - INFO - Beginning optimization with guess, [0.94834942 0.16596303].
2019-08-01 09:10:02,494 - INFO - Finished optimization with guess, [0.94834942 0.16596303].
2019-08-01 09:10:02,494 - INFO - Best fit parameters: [0.12398877 0.26779118].
2019-08-01 09:10:02,510 - INFO - Maximum log composite likelihood: -25.9542194759.
2019-08-01 09:10:02,510 - INFO - Optimal value of theta: 254.461415125.
2019-08-01 09:10:02,510 - INFO - Beginning optimization with guess, [0.36545519 0.06890061].
2019-08-01 09:10:04,330 - INFO - Finished optimization with guess, [0.36545519 0.06890061].
2019-08-01 09:10:04,340 - INFO - Best fit parameters: [0.12277387 0.26662592].
2019-08-01 09:10:04,369 - INFO - Maximum log composite likelihood: -25.9542266238.
2019-08-01 09:10:04,369 - INFO - Optimal value of theta: 257.042892366.
2019-08-01 09:10:04,369 - INFO - Beginning optimization with guess, [0.60328564 0.05322739].
2019-08-01 09:10:05,979 - INFO - Finished optimization with guess, [0.60328564 0.05322739].
2019-08-01 09:10:05,979 - INFO - Best fit parameters: [0.13474889 0.27826341].
2019-08-01 09:10:05,994 - INFO - Maximum log composite likelihood: -25.9542599484.
2019-08-01 09:10:05,994 - INFO - Optimal value of theta: 234.236066268.
2019-08-01 09:10:05,994 - INFO - Beginning optimization with guess, [0.81570833 0.08385647].
2019-08-01 09:10:07,403 - INFO - Finished optimization with guess, [0.81570833 0.08385647].
2019-08-01 09:10:07,403 - INFO - Best fit parameters: [0.13743965 0.28047122].
2019-08-01 09:10:07,418 - INFO - Maximum log composite likelihood: -25.954246568.
2019-08-01 09:10:07,418 - INFO - Optimal value of theta: 229.520429636.
2019-08-01 09:10:07,418 - INFO - Beginning optimization with guess, [0.40495235 0.17054808].
2019-08-01 09:10:08,390 - INFO - Finished optimization with guess, [0.40495235 0.17054808].
2019-08-01 09:10:08,391 - INFO - Best fit parameters: [0.12719678 0.27066647].
2019-08-01 09:10:08,406 - INFO - Maximum log composite likelihood: -25.9541986741.
2019-08-01 09:10:08,406 - INFO - Optimal value of theta: 247.78969537.
2019-08-01 09:10:08,406 - INFO - Beginning optimization with guess, [0.65449986 0.0698286 ].
2019-08-01 09:10:09,733 - INFO - Finished optimization with guess, [0.65449986 0.0698286 ].
2019-08-01 09:10:09,733 - INFO - Best fit parameters: [0.13183096 0.27567208].
2019-08-01 09:10:09,749 - INFO - Maximum log composite likelihood: -25.9542655061.
2019-08-01 09:10:09,749 - INFO - Optimal value of theta: 239.490632749.
2019-08-01 09:10:09,749 - INFO - Beginning optimization with guess, [0.6815777  0.05148822].
2019-08-01 09:10:12,511 - INFO - Finished optimization with guess, [0.6815777  0.05148822].
2019-08-01 09:10:12,512 - INFO - Best fit parameters: [0.13048908 0.27420231].
2019-08-01 09:10:12,529 - INFO - Maximum log composite likelihood: -25.9542361541.
2019-08-01 09:10:12,529 - INFO - Optimal value of theta: 241.804915635.
2019-08-01 09:10:12,529 - INFO - Beginning optimization with guess, [0.97744717 0.11804116].
2019-08-01 09:10:14,019 - INFO - Finished optimization with guess, [0.97744717 0.11804116].
2019-08-01 09:10:14,019 - INFO - Best fit parameters: [0.11582033 0.25928191].
2019-08-01 09:10:14,035 - INFO - Maximum log composite likelihood: -25.9542266108.
2019-08-01 09:10:14,035 - INFO - Optimal value of theta: 272.544199698.
2019-08-01 09:10:14,035 - INFO - Beginning optimization with guess, [0.43850224 0.07192594].
2019-08-01 09:10:15,806 - INFO - Finished optimization with guess, [0.43850224 0.07192594].
2019-08-01 09:10:15,806 - INFO - Best fit parameters: [0.11556274 0.25897363].
2019-08-01 09:10:15,822 - INFO - Maximum log composite likelihood: -25.9542227855.
2019-08-01 09:10:15,822 - INFO - Optimal value of theta: 273.130091751.
2019-08-01 09:10:15,822 - INFO - Beginning optimization with guess, [0.98067022 0.1508802 ].
2019-08-01 09:10:17,439 - INFO - Finished optimization with guess, [0.98067022 0.1508802 ].
2019-08-01 09:10:17,441 - INFO - Best fit parameters: [0.10787145 0.25010015].
2019-08-01 09:10:17,457 - INFO - Maximum log composite likelihood: -25.9542113169.
2019-08-01 09:10:17,457 - INFO - Optimal value of theta: 292.58568269.
2019-08-01 09:10:17,457 - INFO - Beginning optimization with guess, [0.71980906 0.08719203].
2019-08-01 09:10:18,837 - INFO - Finished optimization with guess, [0.71980906 0.08719203].
2019-08-01 09:10:18,838 - INFO - Best fit parameters: [0.10988897 0.25264226].
2019-08-01 09:10:18,854 - INFO - Maximum log composite likelihood: -25.9542393703.
2019-08-01 09:10:18,854 - INFO - Optimal value of theta: 287.372560937.
2019-08-01 09:10:18,854 - INFO - Beginning optimization with guess, [0.79968692 0.17238433].
2019-08-01 09:10:19,758 - INFO - Finished optimization with guess, [0.79968692 0.17238433].
2019-08-01 09:10:19,758 - INFO - Best fit parameters: [0.13886259 0.28128278].
2019-08-01 09:10:19,773 - INFO - Maximum log composite likelihood: -25.954224653.
2019-08-01 09:10:19,773 - INFO - Optimal value of theta: 226.891414889.
2019-08-01 09:10:19,773 - INFO - Beginning optimization with guess, [0.86050588 0.07932322].
2019-08-01 09:10:21,030 - INFO - Finished optimization with guess, [0.86050588 0.07932322].
2019-08-01 09:10:21,031 - INFO - Best fit parameters: [0.12572195 0.26991038].
2019-08-01 09:10:21,046 - INFO - Maximum log composite likelihood: -25.9542768879.
2019-08-01 09:10:21,046 - INFO - Optimal value of theta: 251.247891188.
2019-08-01 09:10:21,046 - INFO - Beginning optimization with guess, [0.66632866 0.14792708].
2019-08-01 09:10:22,959 - INFO - Finished optimization with guess, [0.66632866 0.14792708].
2019-08-01 09:10:22,959 - INFO - Best fit parameters: [0.1065949  0.24866176].
2019-08-01 09:10:22,975 - INFO - Maximum log composite likelihood: -25.9542264193.
2019-08-01 09:10:22,975 - INFO - Optimal value of theta: 296.1958137.
2019-08-01 09:10:22,975 - INFO - Beginning optimization with guess, [0.75071952 0.06642496].
2019-08-01 09:10:24,627 - INFO - Finished optimization with guess, [0.75071952 0.06642496].
2019-08-01 09:10:24,627 - INFO - Best fit parameters: [0.13310324 0.27686221].
2019-08-01 09:10:24,655 - INFO - Maximum log composite likelihood: -25.9542696082.
2019-08-01 09:10:24,656 - INFO - Optimal value of theta: 237.205634109.
2019-08-01 09:10:24,656 - INFO - Beginning optimization with guess, [0.51394632 0.07666173].
2019-08-01 09:10:27,146 - INFO - Finished optimization with guess, [0.51394632 0.07666173].
2019-08-01 09:10:27,156 - INFO - Best fit parameters: [0.12845485 0.27224678].
2019-08-01 09:10:27,184 - INFO - Maximum log composite likelihood: -25.9542310281.
2019-08-01 09:10:27,185 - INFO - Optimal value of theta: 245.631142821.
2019-08-01 09:10:27,185 - INFO - Beginning optimization with guess, [0.7152206  0.05157842].
2019-08-01 09:10:29,013 - INFO - Finished optimization with guess, [0.7152206  0.05157842].
2019-08-01 09:10:29,013 - INFO - Best fit parameters: [0.11891082 0.26257237].
2019-08-01 09:10:29,030 - INFO - Maximum log composite likelihood: -25.9542206726.
2019-08-01 09:10:29,030 - INFO - Optimal value of theta: 265.396128463.
2019-08-01 09:10:29,030 - INFO - Beginning optimization with guess, [0.8263749  0.11819338].
2019-08-01 09:10:30,506 - INFO - Finished optimization with guess, [0.8263749  0.11819338].
2019-08-01 09:10:30,506 - INFO - Best fit parameters: [0.11310744 0.25635503].
2019-08-01 09:10:30,523 - INFO - Maximum log composite likelihood: -25.9542421522.
2019-08-01 09:10:30,523 - INFO - Optimal value of theta: 279.191013852.
2019-08-01 09:10:30,523 - INFO - Beginning optimization with guess, [0.34379637 0.08552143].
2019-08-01 09:10:32,728 - INFO - Finished optimization with guess, [0.34379637 0.08552143].
2019-08-01 09:10:32,728 - INFO - Best fit parameters: [0.12948857 0.27249298].
2019-08-01 09:10:32,744 - INFO - Maximum log composite likelihood: -25.9541956881.
2019-08-01 09:10:32,745 - INFO - Optimal value of theta: 243.112881156.
2019-08-01 09:10:32,745 - INFO - Beginning optimization with guess, [0.57731733 0.06537431].
2019-08-01 09:10:34,078 - INFO - Finished optimization with guess, [0.57731733 0.06537431].
2019-08-01 09:10:34,078 - INFO - Best fit parameters: [0.13829466 0.28153109].
2019-08-01 09:10:34,094 - INFO - Maximum log composite likelihood: -25.9542851538.
2019-08-01 09:10:34,094 - INFO - Optimal value of theta: 228.304149951.
2019-08-01 09:10:34,094 - INFO - Beginning optimization with guess, [0.27384546 0.17697678].
2019-08-01 09:10:35,857 - INFO - Finished optimization with guess, [0.27384546 0.17697678].
2019-08-01 09:10:35,858 - INFO - Best fit parameters: [0.11254101 0.25559627].
2019-08-01 09:10:35,885 - INFO - Maximum log composite likelihood: -25.9542223849.
2019-08-01 09:10:35,885 - INFO - Optimal value of theta: 280.485133496.
2019-08-01 09:10:35,885 - INFO - Beginning optimization with guess, [0.29321629 0.14213389].
2019-08-01 09:10:37,409 - INFO - Finished optimization with guess, [0.29321629 0.14213389].
2019-08-01 09:10:37,409 - INFO - Best fit parameters: [0.14223053 0.28469263].
2019-08-01 09:10:37,425 - INFO - Maximum log composite likelihood: -25.9542745562.
2019-08-01 09:10:37,426 - INFO - Optimal value of theta: 221.864015557.
2019-08-01 09:10:37,426 - INFO - Beginning optimization with guess, [0.41684728 0.05606634].
2019-08-01 09:10:39,098 - INFO - Finished optimization with guess, [0.41684728 0.05606634].
2019-08-01 09:10:39,099 - INFO - Best fit parameters: [0.11990978 0.26398235].
2019-08-01 09:10:39,116 - INFO - Maximum log composite likelihood: -25.9542795125.
2019-08-01 09:10:39,117 - INFO - Optimal value of theta: 263.484129927.
2019-08-01 09:10:39,117 - INFO - Beginning optimization with guess, [0.55403618 0.09460233].
2019-08-01 09:10:41,235 - INFO - Finished optimization with guess, [0.55403618 0.09460233].
2019-08-01 09:10:41,236 - INFO - Best fit parameters: [0.14821354 0.2893407 ].
2019-08-01 09:10:41,252 - INFO - Maximum log composite likelihood: -25.9542832675.
2019-08-01 09:10:41,252 - INFO - Optimal value of theta: 212.811902584.
2019-08-01 09:10:41,253 - INFO - Beginning optimization with guess, [0.30054433 0.12807012].
2019-08-01 09:10:42,815 - INFO - Finished optimization with guess, [0.30054433 0.12807012].
2019-08-01 09:10:42,815 - INFO - Best fit parameters: [0.11809102 0.26185493].
2019-08-01 09:10:42,833 - INFO - Maximum log composite likelihood: -25.9542442444.
2019-08-01 09:10:42,833 - INFO - Optimal value of theta: 267.385100682.
2019-08-01 09:10:42,833 - INFO - Beginning optimization with guess, [0.32515823 0.13695856].
2019-08-01 09:10:44,299 - INFO - Finished optimization with guess, [0.32515823 0.13695856].
2019-08-01 09:10:44,300 - INFO - Best fit parameters: [0.13478021 0.27795309].
2019-08-01 09:10:44,315 - INFO - Maximum log composite likelihood: -25.9542265085.
2019-08-01 09:10:44,315 - INFO - Optimal value of theta: 233.949696897.
2019-08-01 09:10:44,315 - INFO - Beginning optimization with guess, [0.6377895  0.16357009].
2019-08-01 09:10:46,125 - INFO - Finished optimization with guess, [0.6377895  0.16357009].
2019-08-01 09:10:46,126 - INFO - Best fit parameters: [0.10780443 0.25017539].
2019-08-01 09:10:46,142 - INFO - Maximum log composite likelihood: -25.9542380894.
2019-08-01 09:10:46,142 - INFO - Optimal value of theta: 292.933765436.
2019-08-01 09:10:46,142 - INFO - Beginning optimization with guess, [0.70818404 0.05055289].
2019-08-01 09:10:47,586 - INFO - Finished optimization with guess, [0.70818404 0.05055289].
2019-08-01 09:10:47,586 - INFO - Best fit parameters: [0.11283569 0.25603036].
2019-08-01 09:10:47,604 - INFO - Maximum log composite likelihood: -25.9542390748.
2019-08-01 09:10:47,604 - INFO - Optimal value of theta: 279.848383027.
2019-08-01 09:10:47,604 - INFO - Beginning optimization with guess, [0.27107294 0.07481713].
2019-08-01 09:10:49,917 - INFO - Finished optimization with guess, [0.27107294 0.07481713].
2019-08-01 09:10:49,917 - INFO - Best fit parameters: [0.11709244 0.26056556].
2019-08-01 09:10:49,935 - INFO - Maximum log composite likelihood: -25.9542125689.
2019-08-01 09:10:49,936 - INFO - Optimal value of theta: 269.480139667.
2019-08-01 09:10:49,936 - INFO - Beginning optimization with guess, [0.33813706 0.12767071].
2019-08-01 09:10:52,806 - INFO - Finished optimization with guess, [0.33813706 0.12767071].
2019-08-01 09:10:52,807 - INFO - Best fit parameters: [0.13704656 0.28012648].
2019-08-01 09:10:52,835 - INFO - Maximum log composite likelihood: -25.9542455031.
2019-08-01 09:10:52,836 - INFO - Optimal value of theta: 230.179704177.
2019-08-01 09:10:52,836 - INFO - Beginning optimization with guess, [0.38639541 0.09700821].
2019-08-01 09:17:27,023 - INFO - Finished optimization with guess, [0.38639541 0.09700821].
2019-08-01 09:17:27,024 - INFO - Best fit parameters: [0.10303887 0.24361547].
2019-08-01 09:17:27,041 - INFO - Maximum log composite likelihood: -25.954157293.
2019-08-01 09:17:27,041 - INFO - Optimal value of theta: 305.639631059.
2019-08-01 09:17:27,041 - INFO - Beginning optimization with guess, [0.37211919 0.11420367].
2019-08-01 09:17:28,586 - INFO - Finished optimization with guess, [0.37211919 0.11420367].
2019-08-01 09:17:28,586 - INFO - Best fit parameters: [0.11719944 0.26098357].
2019-08-01 09:17:28,602 - INFO - Maximum log composite likelihood: -25.9542602429.
2019-08-01 09:17:28,602 - INFO - Optimal value of theta: 269.507001445.
2019-08-01 09:17:28,603 - INFO - Beginning optimization with guess, [0.68664967 0.12741049].
2019-08-01 09:17:30,762 - INFO - Finished optimization with guess, [0.68664967 0.12741049].
2019-08-01 09:17:30,762 - INFO - Best fit parameters: [0.11068629 0.25343393].
2019-08-01 09:17:30,778 - INFO - Maximum log composite likelihood: -25.9542164644.
2019-08-01 09:17:30,778 - INFO - Optimal value of theta: 285.160206533.
2019-08-01 09:17:30,779 - INFO - Beginning optimization with guess, [0.58407779 0.08452114].
2019-08-01 09:17:32,099 - INFO - Finished optimization with guess, [0.58407779 0.08452114].
2019-08-01 09:17:32,100 - INFO - Best fit parameters: [0.15003689 0.2910519 ].
2019-08-01 09:17:32,114 - INFO - Maximum log composite likelihood: -25.9543223418.
2019-08-01 09:17:32,115 - INFO - Optimal value of theta: 210.398001809.
2019-08-01 09:17:32,115 - INFO - Beginning optimization with guess, [0.28518381 0.05107917].
2019-08-01 09:17:33,625 - INFO - Finished optimization with guess, [0.28518381 0.05107917].
2019-08-01 09:17:33,626 - INFO - Best fit parameters: [0.11030604 0.25312009].
2019-08-01 09:17:33,643 - INFO - Maximum log composite likelihood: -25.9542378666.
2019-08-01 09:17:33,643 - INFO - Optimal value of theta: 286.275251519.
2019-08-01 09:17:33,643 - INFO - Beginning optimization with guess, [0.44545195 0.07921089].
2019-08-01 09:17:35,388 - INFO - Finished optimization with guess, [0.44545195 0.07921089].
2019-08-01 09:17:35,388 - INFO - Best fit parameters: [0.10594836 0.24735298].
2019-08-01 09:17:35,404 - INFO - Maximum log composite likelihood: -25.9541649066.
2019-08-01 09:17:35,404 - INFO - Optimal value of theta: 297.423454622.
2019-08-01 09:17:35,404 - INFO - Beginning optimization with guess, [0.383582   0.08387874].
2019-08-01 09:17:36,769 - INFO - Finished optimization with guess, [0.383582   0.08387874].
2019-08-01 09:17:36,770 - INFO - Best fit parameters: [0.14686065 0.28867329].
2019-08-01 09:17:36,784 - INFO - Maximum log composite likelihood: -25.954318895.
2019-08-01 09:17:36,785 - INFO - Optimal value of theta: 214.997906277.
2019-08-01 09:17:36,785 - INFO - Beginning optimization with guess, [0.86106121 0.10151924].
2019-08-01 09:17:38,445 - INFO - Finished optimization with guess, [0.86106121 0.10151924].
2019-08-01 09:17:38,445 - INFO - Best fit parameters: [0.11151155 0.25442453].
2019-08-01 09:17:38,461 - INFO - Maximum log composite likelihood: -25.9542228047.
2019-08-01 09:17:38,461 - INFO - Optimal value of theta: 283.08457695.
2019-08-01 09:17:38,461 - INFO - Beginning optimization with guess, [0.38254956 0.07274495].
2019-08-01 09:17:39,985 - INFO - Finished optimization with guess, [0.38254956 0.07274495].
2019-08-01 09:17:39,985 - INFO - Best fit parameters: [0.12699774 0.27117554].
2019-08-01 09:17:40,000 - INFO - Maximum log composite likelihood: -25.9542788973.
2019-08-01 09:17:40,000 - INFO - Optimal value of theta: 248.721391859.
2019-08-01 09:17:40,001 - INFO - Beginning optimization with guess, [0.9099749  0.06015654].
2019-08-01 09:17:41,318 - INFO - Finished optimization with guess, [0.9099749  0.06015654].
2019-08-01 09:17:41,318 - INFO - Best fit parameters: [0.11509123 0.25861385].
2019-08-01 09:17:41,334 - INFO - Maximum log composite likelihood: -25.9542492689.
2019-08-01 09:17:41,334 - INFO - Optimal value of theta: 274.402957646.
2019-08-01 09:17:41,335 - INFO - Beginning optimization with guess, [0.71192556 0.05250557].
2019-08-01 09:17:42,624 - INFO - Finished optimization with guess, [0.71192556 0.05250557].
2019-08-01 09:17:42,624 - INFO - Best fit parameters: [0.13102568 0.27471201].
2019-08-01 09:17:42,639 - INFO - Maximum log composite likelihood: -25.9542376514.
2019-08-01 09:17:42,639 - INFO - Optimal value of theta: 240.815959963.
2019-08-01 09:17:42,640 - INFO - Beginning optimization with guess, [0.37956968 0.09736277].
2019-08-01 09:30:23,272 - INFO - Finished optimization with guess, [0.37956968 0.09736277].
2019-08-01 09:30:23,273 - INFO - Best fit parameters: [0.11693929 0.26012323].
2019-08-01 09:30:23,289 - INFO - Maximum log composite likelihood: -25.9541848531.
2019-08-01 09:30:23,289 - INFO - Optimal value of theta: 269.582555663.
2019-08-01 09:30:23,289 - INFO - Beginning optimization with guess, [0.71576314 0.08136758].
2019-08-01 09:30:25,026 - INFO - Finished optimization with guess, [0.71576314 0.08136758].
2019-08-01 09:30:25,026 - INFO - Best fit parameters: [0.13670514 0.27997218].
2019-08-01 09:30:25,041 - INFO - Maximum log composite likelihood: -25.9542599866.
2019-08-01 09:30:25,041 - INFO - Optimal value of theta: 230.852916493.
2019-08-01 09:30:25,041 - INFO - Beginning optimization with guess, [0.29164406 0.0948732 ].
2019-08-01 09:30:26,504 - INFO - Finished optimization with guess, [0.29164406 0.0948732 ].
2019-08-01 09:30:26,505 - INFO - Best fit parameters: [0.12862084 0.27264069].
2019-08-01 09:30:26,519 - INFO - Maximum log composite likelihood: -25.9542622307.
2019-08-01 09:30:26,520 - INFO - Optimal value of theta: 245.489334412.
2019-08-01 09:30:26,520 - INFO - Beginning optimization with guess, [0.88492716 0.08266292].
2019-08-01 09:30:27,890 - INFO - Finished optimization with guess, [0.88492716 0.08266292].
2019-08-01 09:30:27,890 - INFO - Best fit parameters: [0.11542741 0.25893844].
2019-08-01 09:30:27,906 - INFO - Maximum log composite likelihood: -25.9542409462.
2019-08-01 09:30:27,906 - INFO - Optimal value of theta: 273.557488643.
2019-08-01 09:30:27,906 - INFO - Beginning optimization with guess, [0.73178686 0.12044748].
2019-08-01 09:30:29,394 - INFO - Finished optimization with guess, [0.73178686 0.12044748].
2019-08-01 09:30:29,395 - INFO - Best fit parameters: [0.13359111 0.27695508].
2019-08-01 09:30:29,410 - INFO - Maximum log composite likelihood: -25.9542300209.
2019-08-01 09:30:29,410 - INFO - Optimal value of theta: 236.09079529.
2019-08-01 09:30:29,411 - INFO - Beginning optimization with guess, [0.92932956 0.156935  ].
2019-08-01 09:30:30,734 - INFO - Finished optimization with guess, [0.92932956 0.156935  ].
2019-08-01 09:30:30,734 - INFO - Best fit parameters: [0.12071846 0.26483297].
2019-08-01 09:30:30,749 - INFO - Maximum log composite likelihood: -25.9542797241.
2019-08-01 09:30:30,750 - INFO - Optimal value of theta: 261.714405007.
2019-08-01 09:30:30,750 - INFO - Beginning optimization with guess, [0.44303102 0.07337346].
2019-08-01 09:30:32,080 - INFO - Finished optimization with guess, [0.44303102 0.07337346].
2019-08-01 09:30:32,081 - INFO - Best fit parameters: [0.11743507 0.26116159].
2019-08-01 09:30:32,096 - INFO - Maximum log composite likelihood: -25.9542463669.
2019-08-01 09:30:32,096 - INFO - Optimal value of theta: 268.894919917.
2019-08-01 09:30:32,096 - INFO - Beginning optimization with guess, [0.71164951 0.08508243].
2019-08-01 09:30:33,676 - INFO - Finished optimization with guess, [0.71164951 0.08508243].
2019-08-01 09:30:33,676 - INFO - Best fit parameters: [0.13694516 0.28043023].
2019-08-01 09:30:33,691 - INFO - Maximum log composite likelihood: -25.9542935307.
2019-08-01 09:30:33,691 - INFO - Optimal value of theta: 230.61104401.
2019-08-01 09:30:33,692 - INFO - Beginning optimization with guess, [0.55768676 0.05356684].
2019-08-01 09:30:35,241 - INFO - Finished optimization with guess, [0.55768676 0.05356684].
2019-08-01 09:30:35,241 - INFO - Best fit parameters: [0.11450605 0.25781849].
2019-08-01 09:30:35,257 - INFO - Maximum log composite likelihood: -25.954224723.
2019-08-01 09:30:35,257 - INFO - Optimal value of theta: 275.671345215.
2019-08-01 09:30:35,257 - INFO - Beginning optimization with guess, [0.61984093 0.17285488].
2019-08-01 09:30:36,423 - INFO - Finished optimization with guess, [0.61984093 0.17285488].
2019-08-01 09:30:36,423 - INFO - Best fit parameters: [0.13782332 0.28063377].
2019-08-01 09:30:36,438 - INFO - Maximum log composite likelihood: -25.9542337621.
2019-08-01 09:30:36,438 - INFO - Optimal value of theta: 228.767432328.
2019-08-01 09:30:36,439 - INFO - Beginning optimization with guess, [0.70224649 0.14437124].
2019-08-01 09:30:38,046 - INFO - Finished optimization with guess, [0.70224649 0.14437124].
2019-08-01 09:30:38,046 - INFO - Best fit parameters: [0.10865646 0.25121262].
2019-08-01 09:30:38,062 - INFO - Maximum log composite likelihood: -25.9542429444.
2019-08-01 09:30:38,063 - INFO - Optimal value of theta: 290.658788835.
2019-08-01 09:30:38,063 - INFO - Beginning optimization with guess, [0.70222833 0.115979  ].
2019-08-01 09:30:39,738 - INFO - Finished optimization with guess, [0.70222833 0.115979  ].
2019-08-01 09:30:39,738 - INFO - Best fit parameters: [0.11121721 0.25415561].
2019-08-01 09:30:39,754 - INFO - Maximum log composite likelihood: -25.9542344746.
2019-08-01 09:30:39,754 - INFO - Optimal value of theta: 283.905331449.
2019-08-01 09:30:39,754 - INFO - Beginning optimization with guess, [0.25968092 0.16211847].
2019-08-01 09:30:41,192 - INFO - Finished optimization with guess, [0.25968092 0.16211847].
2019-08-01 09:30:41,192 - INFO - Best fit parameters: [0.10954843 0.25217749].
2019-08-01 09:30:41,208 - INFO - Maximum log composite likelihood: -25.9542274318.
2019-08-01 09:30:41,208 - INFO - Optimal value of theta: 288.199108474.
2019-08-01 09:30:41,208 - INFO - Beginning optimization with guess, [0.34994301 0.11739539].
2019-08-01 09:30:42,968 - INFO - Finished optimization with guess, [0.34994301 0.11739539].
2019-08-01 09:30:42,969 - INFO - Best fit parameters: [0.08444644 0.21860907].
2019-08-01 09:30:42,986 - INFO - Maximum log composite likelihood: -25.9541815695.
2019-08-01 09:30:42,986 - INFO - Optimal value of theta: 373.592352775.
2019-08-01 09:30:42,987 - INFO - Beginning optimization with guess, [0.38056346 0.19782443].
2019-08-01 09:30:44,723 - INFO - Finished optimization with guess, [0.38056346 0.19782443].
2019-08-01 09:30:44,723 - INFO - Best fit parameters: [0.10862677 0.25116719].
2019-08-01 09:30:44,739 - INFO - Maximum log composite likelihood: -25.9542409582.
2019-08-01 09:30:44,739 - INFO - Optimal value of theta: 290.727586928.
2019-08-01 09:30:44,740 - INFO - Finished demographic inference.
2019-08-01 09:30:44,740 - INFO - Beginning DFE inference.
2019-08-01 09:30:56,498 - INFO - Beginning optimization with guess, [1.05010778e-01 9.64059982e+02].
2019-08-01 09:31:00,442 - INFO - Finished optomization, results are [-21.726919480452693 array([2.37141621e-01, 4.53378236e+02])].
2019-08-01 09:31:00,442 - INFO - Beginning optimization with guess, [5.83918726e-02 1.17580968e+03].
2019-08-01 09:31:01,166 - INFO - Finished optomization, results are [-21.726919621688218 array([2.37139732e-01, 4.53407431e+02])].
2019-08-01 09:31:01,166 - INFO - Beginning optimization with guess, [1.51610477e-01 4.51627684e+02].
2019-08-01 09:31:04,244 - INFO - Finished optomization, results are [-21.72691462487576 array([2.37170157e-01, 4.53279247e+02])].
2019-08-01 09:31:04,245 - INFO - Beginning optimization with guess, [1.17281896e-01 5.56944706e+02].
2019-08-01 09:31:04,906 - INFO - Finished optomization, results are [-21.726919630604947 array([2.37139678e-01, 4.53407687e+02])].
2019-08-01 09:31:04,906 - INFO - Beginning optimization with guess, [1.15387618e-01 8.49198715e+02].
2019-08-01 09:31:05,568 - INFO - Finished optomization, results are [-21.726919681165114 array([2.37139324e-01, 4.53410306e+02])].
2019-08-01 09:31:05,569 - INFO - Beginning optimization with guess, [7.25462101e-02 5.37762687e+02].
2019-08-01 09:31:10,389 - INFO - Finished optomization, results are [-21.726883399906356 array([2.37486586e-01, 4.50485957e+02])].
2019-08-01 09:31:10,389 - INFO - Beginning optimization with guess, [9.50344188e-02 1.34314711e+03].
2019-08-01 09:31:11,173 - INFO - Finished optomization, results are [-21.726919629972407 array([2.37139676e-01, 4.53407792e+02])].
2019-08-01 09:31:11,174 - INFO - Beginning optimization with guess, [1.22931227e-01 7.22003742e+02].
2019-08-01 09:31:11,838 - INFO - Finished optomization, results are [-21.726919674286776 array([2.37139369e-01, 4.53410031e+02])].
2019-08-01 09:31:11,838 - INFO - Beginning optimization with guess, [1.63497027e-01 7.86744412e+02].
2019-08-01 09:31:12,441 - INFO - Finished optomization, results are [-21.72691962281175 array([2.37139726e-01, 4.53407426e+02])].
2019-08-01 09:31:12,441 - INFO - Beginning optimization with guess, [1.10682535e-01 8.55314001e+02].
2019-08-01 09:31:13,106 - INFO - Finished optomization, results are [-21.72691963679962 array([2.37139634e-01, 4.53408002e+02])].
2019-08-01 09:31:13,106 - INFO - Beginning optimization with guess, [1.01204820e-01 6.48946841e+02].
2019-08-01 09:31:13,831 - INFO - Finished optomization, results are [-21.726919622525234 array([2.37139721e-01, 4.53407604e+02])].
2019-08-01 09:31:13,831 - INFO - Beginning optimization with guess, [1.35867624e-01 4.36986121e+02].
2019-08-01 09:31:17,626 - INFO - Finished optomization, results are [-21.7269142585031 array([2.37173126e-01, 4.53247211e+02])].
2019-08-01 09:31:17,627 - INFO - Beginning optimization with guess, [5.04729069e-02 6.55135885e+02].
2019-08-01 09:31:21,865 - INFO - Finished optomization, results are [-21.726919460530958 array([2.37141046e-01, 4.53394473e+02])].
2019-08-01 09:31:21,866 - INFO - Beginning optimization with guess, [1.50484867e-01 5.60949076e+02].
2019-08-01 09:31:22,469 - INFO - Finished optomization, results are [-21.726919621756743 array([2.37139731e-01, 4.53407426e+02])].
2019-08-01 09:31:22,469 - INFO - Beginning optimization with guess, [4.84567486e-02 5.72091798e+02].
2019-08-01 09:31:27,373 - INFO - Finished optomization, results are [-21.726919606473828 array([2.37139890e-01, 4.53405356e+02])].
2019-08-01 09:31:27,373 - INFO - Beginning optimization with guess, [1.33131087e-01 4.99351095e+02].
2019-08-01 09:31:31,517 - INFO - Finished optomization, results are [-21.726919439063494 array([2.37141156e-01, 4.53394355e+02])].
2019-08-01 09:31:31,517 - INFO - Beginning optimization with guess, [5.77002905e-02 3.81112069e+02].
2019-08-01 09:31:36,942 - INFO - Finished optomization, results are [-21.726906399680878 array([2.37233741e-01, 4.53268762e+02])].
2019-08-01 09:31:36,943 - INFO - Beginning optimization with guess, [1.75238928e-01 7.38217837e+02].
2019-08-01 09:31:41,095 - INFO - Finished optomization, results are [-21.726919607795455 array([2.37139851e-01, 4.53406154e+02])].
2019-08-01 09:31:41,095 - INFO - Beginning optimization with guess, [9.83643231e-02 4.68824448e+02].
2019-08-01 09:31:41,636 - INFO - Finished optomization, results are [-21.726919626961077 array([2.37139695e-01, 4.53407689e+02])].
2019-08-01 09:31:41,636 - INFO - Beginning optimization with guess, [5.39977362e-02 5.40148576e+02].
2019-08-01 09:31:46,797 - INFO - Finished optomization, results are [-21.72691896409491 array([2.37144560e-01, 4.53367924e+02])].
2019-08-01 09:31:46,799 - INFO - Beginning optimization with guess, [1.30614518e-01 1.04927882e+03].
2019-08-01 09:31:50,703 - INFO - Finished optomization, results are [-21.726919253493854 array([2.37142789e-01, 4.53376636e+02])].
2019-08-01 09:31:50,703 - INFO - Beginning optimization with guess, [1.04585355e-01 6.66738999e+02].
2019-08-01 09:31:51,425 - INFO - Finished optomization, results are [-21.726919625190813 array([2.37139705e-01, 4.53407666e+02])].
2019-08-01 09:31:51,425 - INFO - Beginning optimization with guess, [6.08971773e-02 4.94320343e+02].
2019-08-01 09:31:52,208 - INFO - Finished optomization, results are [-21.72691962229797 array([2.37139728e-01, 4.53407451e+02])].
2019-08-01 09:31:52,208 - INFO - Beginning optimization with guess, [1.57123649e-01 1.09730940e+03].
2019-08-01 09:31:52,870 - INFO - Finished optomization, results are [-21.726919607578793 array([2.37139826e-01, 4.53406804e+02])].
2019-08-01 09:31:52,870 - INFO - Beginning optimization with guess, [5.27822026e-02 3.70887766e+02].
2019-08-01 09:31:57,395 - INFO - Finished optomization, results are [-21.7269190319844 array([2.37143979e-01, 4.53373997e+02])].
2019-08-01 09:31:57,395 - INFO - Beginning optimization with guess, [1.24535575e-01 5.70793070e+02].
2019-08-01 09:32:01,842 - INFO - Finished optomization, results are [-21.726918457281073 array([2.37147876e-01, 4.53347561e+02])].
2019-08-01 09:32:01,886 - INFO - Beginning optimization with guess, [1.59523550e-01 4.77405257e+02].
2019-08-01 09:32:06,854 - INFO - Finished optomization, results are [-21.72691714967543 array([2.37151412e-01, 4.53456274e+02])].
2019-08-01 09:32:06,854 - INFO - Beginning optimization with guess, [1.54421026e-01 1.36944832e+03].
2019-08-01 09:32:07,515 - INFO - Finished optomization, results are [-21.726919685532895 array([2.37139290e-01, 4.53410607e+02])].
2019-08-01 09:32:07,515 - INFO - Beginning optimization with guess, [9.35200684e-02 3.77719418e+02].
2019-08-01 09:32:07,996 - INFO - Finished optomization, results are [-21.726919629452524 array([2.37139674e-01, 4.53407926e+02])].
2019-08-01 09:32:07,997 - INFO - Beginning optimization with guess, [9.40477708e-02 7.50460029e+02].
2019-08-01 09:32:12,622 - INFO - Finished optomization, results are [-21.726919537735554 array([2.37140522e-01, 4.53398060e+02])].
2019-08-01 09:32:12,623 - INFO - Beginning optimization with guess, [1.01834861e-01 9.85529422e+02].
2019-08-01 09:32:13,404 - INFO - Finished optomization, results are [-21.726919569213557 array([2.37140097e-01, 4.53404754e+02])].
2019-08-01 09:32:13,404 - INFO - Beginning optimization with guess, [1.10894313e-01 6.21980737e+02].
2019-08-01 09:32:14,126 - INFO - Finished optomization, results are [-21.726919623825836 array([2.37139711e-01, 4.53407674e+02])].
2019-08-01 09:32:14,127 - INFO - Beginning optimization with guess, [9.25961911e-02 7.25565330e+02].
2019-08-01 09:32:14,849 - INFO - Finished optomization, results are [-21.726919621621555 array([2.37139733e-01, 4.53407413e+02])].
2019-08-01 09:32:14,849 - INFO - Beginning optimization with guess, [1.31637641e-01 9.26670608e+02].
2019-08-01 09:32:15,510 - INFO - Finished optomization, results are [-21.72691962212628 array([2.37139723e-01, 4.53407583e+02])].
2019-08-01 09:32:15,510 - INFO - Beginning optimization with guess, [1.2120140e-01 4.8650161e+02].
2019-08-01 09:32:19,414 - INFO - Finished optomization, results are [-21.72691905361272 array([2.37143852e-01, 4.53374518e+02])].
2019-08-01 09:32:19,415 - INFO - Beginning optimization with guess, [1.50706984e-01 5.23548268e+02].
2019-08-01 09:32:19,957 - INFO - Finished optomization, results are [-21.72691962722258 array([2.37139694e-01, 4.53407692e+02])].
2019-08-01 09:32:19,957 - INFO - Beginning optimization with guess, [9.24409183e-02 1.02306066e+03].
2019-08-01 09:32:20,740 - INFO - Finished optomization, results are [-21.72691959247758 array([2.37139932e-01, 4.53406031e+02])].
2019-08-01 09:32:20,740 - INFO - Beginning optimization with guess, [1.76235386e-01 4.81175750e+02].
2019-08-01 09:32:21,282 - INFO - Finished optomization, results are [-21.726919622079645 array([2.37139730e-01, 4.53407422e+02])].
2019-08-01 09:32:21,282 - INFO - Beginning optimization with guess, [6.76625159e-02 5.20624931e+02].
2019-08-01 09:32:21,944 - INFO - Finished optomization, results are [-21.726919622883095 array([2.37139722e-01, 4.53407520e+02])].
2019-08-01 09:32:21,944 - INFO - Beginning optimization with guess, [4.64387506e-02 4.00117328e+02].
2019-08-01 09:32:27,453 - INFO - Finished optomization, results are [-21.72691947233418 array([2.37140809e-01, 4.53398891e+02])].
2019-08-01 09:32:27,454 - INFO - Beginning optimization with guess, [9.79532936e-02 1.40120042e+03].
2019-08-01 09:32:32,628 - INFO - Finished optomization, results are [-21.726919420095804 array([2.37141600e-01, 4.53385772e+02])].
2019-08-01 09:32:32,630 - INFO - Beginning optimization with guess, [1.55077338e-01 4.78667750e+02].
2019-08-01 09:32:37,885 - INFO - Finished optomization, results are [-21.72691718542495 array([2.37150322e-01, 4.53509384e+02])].
2019-08-01 09:32:37,885 - INFO - Beginning optimization with guess, [1.72112713e-01 9.29122447e+02].
2019-08-01 09:32:42,035 - INFO - Finished optomization, results are [-21.726919506455836 array([2.37141195e-01, 4.53385407e+02])].
2019-08-01 09:32:42,036 - INFO - Beginning optimization with guess, [5.50705534e-02 9.39695740e+02].
2019-08-01 09:32:46,515 - INFO - Finished optomization, results are [-21.726916086372736 array([2.37164850e-01, 4.53218409e+02])].
2019-08-01 09:32:46,515 - INFO - Beginning optimization with guess, [5.46850397e-02 9.00070699e+02].
2019-08-01 09:32:47,359 - INFO - Finished optomization, results are [-21.726919621368744 array([2.37139734e-01, 4.53407412e+02])].
2019-08-01 09:32:47,360 - INFO - Beginning optimization with guess, [1.52676487e-01 3.80195242e+02].
2019-08-01 09:32:52,240 - INFO - Finished optomization, results are [-21.726796625166344 array([2.38379364e-01, 4.44677833e+02])].
2019-08-01 09:32:52,241 - INFO - Beginning optimization with guess, [7.21653944e-02 5.50514880e+02].
2019-08-01 09:32:58,107 - INFO - Finished optomization, results are [-21.726897848021995 array([2.37394847e-01, 4.51012290e+02])].
2019-08-01 09:32:58,107 - INFO - Beginning optimization with guess, [6.66722546e-02 5.07247825e+02].
2019-08-01 09:32:58,775 - INFO - Finished optomization, results are [-21.72691962102283 array([2.37139735e-01, 4.53407433e+02])].
2019-08-01 09:32:58,775 - INFO - Beginning optimization with guess, [8.08532690e-02 9.03128274e+02].
2019-08-01 09:33:02,688 - INFO - Finished optomization, results are [-21.72690854032696 array([2.37222592e-01, 4.52751150e+02])].
2019-08-01 09:33:02,688 - INFO - Beginning optimization with guess, [1.39342106e-01 1.07408774e+03].
2019-08-01 09:33:07,392 - INFO - Finished optomization, results are [-21.72691850129158 array([2.37147805e-01, 4.53344045e+02])].
2019-08-01 09:33:07,392 - INFO - Beginning optimization with guess, [9.91593546e-02 6.42512757e+02].
2019-08-01 09:33:08,117 - INFO - Finished optomization, results are [-21.726919622390266 array([2.37139723e-01, 4.53407565e+02])].
2019-08-01 09:33:08,117 - INFO - Beginning optimization with guess, [1.01766719e-01 8.25709054e+02].
2019-08-01 09:33:12,700 - INFO - Finished optomization, results are [-21.726919588102152 array([2.37140499e-01, 4.53392612e+02])].
2019-08-01 09:33:12,701 - INFO - Beginning optimization with guess, [1.37867212e-01 6.02037228e+02].
2019-08-01 09:33:13,305 - INFO - Finished optomization, results are [-21.726919621509786 array([2.37139733e-01, 4.53407409e+02])].
2019-08-01 09:33:13,305 - INFO - Beginning optimization with guess, [6.49698957e-02 7.09379161e+02].
2019-08-01 09:33:17,761 - INFO - Finished optomization, results are [-21.726919469709017 array([2.37140960e-01, 4.53395489e+02])].
2019-08-01 09:33:17,763 - INFO - Beginning optimization with guess, [1.10988657e-01 4.57265657e+02].
2019-08-01 09:33:18,424 - INFO - Finished optomization, results are [-21.726919614527127 array([2.37139775e-01, 4.53407238e+02])].
2019-08-01 09:33:18,424 - INFO - Beginning optimization with guess, [7.94435247e-02 5.56598886e+02].
2019-08-01 09:33:22,569 - INFO - Finished optomization, results are [-21.726918509528158 array([2.37148501e-01, 4.53326558e+02])].
2019-08-01 09:33:22,569 - INFO - Beginning optimization with guess, [1.75580745e-01 1.42609369e+03].
2019-08-01 09:33:23,232 - INFO - Finished optomization, results are [-21.72691962215459 array([2.37139729e-01, 4.53407439e+02])].
2019-08-01 09:33:23,232 - INFO - Beginning optimization with guess, [1.78352175e-01 1.39072665e+03].
2019-08-01 09:33:27,860 - INFO - Finished optomization, results are [-21.726910495779926 array([2.37204601e-01, 4.52931039e+02])].
2019-08-01 09:33:27,861 - INFO - Beginning optimization with guess, [5.72766048e-02 7.64708550e+02].
2019-08-01 09:33:32,026 - INFO - Finished optomization, results are [-21.726919559314478 array([2.37140290e-01, 4.53401166e+02])].
2019-08-01 09:33:32,026 - INFO - Beginning optimization with guess, [1.75587968e-01 4.70313689e+02].
2019-08-01 09:33:35,869 - INFO - Finished optomization, results are [-21.726919534585047 array([2.37140282e-01, 4.53404388e+02])].
2019-08-01 09:33:35,869 - INFO - Beginning optimization with guess, [9.39037088e-02 1.11728404e+03].
2019-08-01 09:33:36,651 - INFO - Finished optomization, results are [-21.726919628017527 array([2.37139688e-01, 4.53407734e+02])].
2019-08-01 09:33:36,651 - INFO - Beginning optimization with guess, [5.44638326e-02 1.13092544e+03].
2019-08-01 09:33:37,374 - INFO - Finished optomization, results are [-21.72691962117748 array([2.37139735e-01, 4.53407410e+02])].
2019-08-01 09:33:37,374 - INFO - Beginning optimization with guess, [8.45632560e-02 6.95791605e+02].
2019-08-01 09:33:42,060 - INFO - Finished optomization, results are [-21.726915372453423 array([2.37170646e-01, 4.53164591e+02])].
2019-08-01 09:33:42,062 - INFO - Beginning optimization with guess, [8.47383230e-02 8.82481238e+02].
2019-08-01 09:33:46,805 - INFO - Finished optomization, results are [-21.72691098193205 array([2.37204144e-01, 4.52893080e+02])].
2019-08-01 09:33:46,806 - INFO - Beginning optimization with guess, [1.51767738e-01 3.78804258e+02].
2019-08-01 09:33:51,912 - INFO - Finished optomization, results are [-21.72676098524746 array([2.39063944e-01, 4.40996447e+02])].
2019-08-01 09:33:51,912 - INFO - Beginning optimization with guess, [8.45797253e-02 8.83754337e+02].
2019-08-01 09:33:56,656 - INFO - Finished optomization, results are [-21.726910908474373 array([2.37204703e-01, 4.52888693e+02])].
2019-08-01 09:33:56,657 - INFO - Beginning optimization with guess, [1.71344024e-01 5.28251737e+02].
2019-08-01 09:33:57,198 - INFO - Finished optomization, results are [-21.726919642191916 array([2.37139598e-01, 4.53408253e+02])].
2019-08-01 09:33:57,198 - INFO - Beginning optimization with guess, [5.10202377e-02 3.90996457e+02].
2019-08-01 09:34:01,902 - INFO - Finished optomization, results are [-21.72691905240599 array([2.37143833e-01, 4.53375122e+02])].
2019-08-01 09:34:01,902 - INFO - Beginning optimization with guess, [7.21121694e-02 1.16893929e+03].
2019-08-01 09:34:06,947 - INFO - Finished optomization, results are [-21.72690092750867 array([2.37289678e-01, 4.52170795e+02])].
2019-08-01 09:34:06,947 - INFO - Beginning optimization with guess, [4.62870385e-02 4.28003531e+02].
2019-08-01 09:34:11,188 - INFO - Finished optomization, results are [-21.72691960199031 array([2.37139886e-01, 4.53406003e+02])].
2019-08-01 09:34:11,189 - INFO - Beginning optimization with guess, [4.98659635e-02 1.18017147e+03].
2019-08-01 09:34:12,042 - INFO - Finished optomization, results are [-21.726919636441572 array([2.37139622e-01, 4.53408356e+02])].
2019-08-01 09:34:12,042 - INFO - Beginning optimization with guess, [8.58534438e-02 7.49990640e+02].
2019-08-01 09:34:16,324 - INFO - Finished optomization, results are [-21.726913805470495 array([2.37182203e-01, 4.53074463e+02])].
2019-08-01 09:34:16,324 - INFO - Beginning optimization with guess, [4.68819036e-02 1.00193185e+03].
2019-08-01 09:34:17,189 - INFO - Finished optomization, results are [-21.726919622393766 array([2.37139724e-01, 4.53407532e+02])].
2019-08-01 09:34:17,189 - INFO - Beginning optimization with guess, [1.01235956e-01 7.74592987e+02].
2019-08-01 09:34:22,174 - INFO - Finished optomization, results are [-21.726919522669547 array([2.37140733e-01, 4.53394676e+02])].
2019-08-01 09:34:22,175 - INFO - Beginning optimization with guess, [7.36449580e-02 4.06443988e+02].
2019-08-01 09:34:26,320 - INFO - Finished optomization, results are [-21.72691953358992 array([2.37140354e-01, 4.53402715e+02])].
2019-08-01 09:34:26,320 - INFO - Beginning optimization with guess, [9.42018149e-02 5.10089191e+02].
2019-08-01 09:34:26,861 - INFO - Finished optomization, results are [-21.726919630935292 array([2.37139665e-01, 4.53407951e+02])].
2019-08-01 09:34:26,862 - INFO - Beginning optimization with guess, [1.54404489e-01 7.44910444e+02].
2019-08-01 09:34:27,524 - INFO - Finished optomization, results are [-21.726919621779786 array([2.37139731e-01, 4.53407430e+02])].
2019-08-01 09:34:27,524 - INFO - Beginning optimization with guess, [1.16482968e-01 9.66290606e+02].
2019-08-01 09:34:28,186 - INFO - Finished optomization, results are [-21.72691962070068 array([2.37139737e-01, 4.53407424e+02])].
2019-08-01 09:34:28,187 - INFO - Beginning optimization with guess, [1.58138783e-01 1.19705541e+03].
2019-08-01 09:34:28,849 - INFO - Finished optomization, results are [-21.726919562388673 array([2.37140139e-01, 4.53404563e+02])].
2019-08-01 09:34:28,849 - INFO - Beginning optimization with guess, [4.73867552e-02 7.85293740e+02].
2019-08-01 09:34:32,785 - INFO - Finished optomization, results are [-21.72691927359262 array([2.37142909e-01, 4.53371414e+02])].
2019-08-01 09:34:32,786 - INFO - Beginning optimization with guess, [1.35902802e-01 5.42409875e+02].
2019-08-01 09:34:37,363 - INFO - Finished optomization, results are [-21.726918487473483 array([2.37147985e-01, 4.53341328e+02])].
2019-08-01 09:34:37,363 - INFO - Beginning optimization with guess, [9.56693687e-02 7.99503672e+02].
2019-08-01 09:34:42,060 - INFO - Finished optomization, results are [-21.726919501213615 array([2.37141107e-01, 4.53388132e+02])].
2019-08-01 09:34:42,061 - INFO - Beginning optimization with guess, [8.00996750e-02 6.95550668e+02].
2019-08-01 09:34:46,333 - INFO - Finished optomization, results are [-21.726915744316937 array([2.37168352e-01, 4.53176189e+02])].
2019-08-01 09:34:46,333 - INFO - Beginning optimization with guess, [1.31171421e-01 6.05749001e+02].
2019-08-01 09:34:51,737 - INFO - Finished optomization, results are [-21.7269190378181 array([2.37144066e-01, 4.53371173e+02])].
2019-08-01 09:34:51,738 - INFO - Beginning optimization with guess, [1.06829818e-01 7.65884538e+02].
2019-08-01 09:34:54,321 - INFO - Finished optomization, results are [-21.726919576023718 array([2.37140245e-01, 4.53400259e+02])].
2019-08-01 09:34:54,321 - INFO - Beginning optimization with guess, [1.13479933e-01 9.10540848e+02].
2019-08-01 09:34:55,043 - INFO - Finished optomization, results are [-21.726919621819015 array([2.37139731e-01, 4.53407435e+02])].
2019-08-01 09:34:55,043 - INFO - Beginning optimization with guess, [1.30941252e-01 1.18192822e+03].
2019-08-01 09:35:01,233 - INFO - Finished optomization, results are [-21.726897894195837 array([2.37461372e-01, 4.50333726e+02])].
2019-08-01 09:35:01,234 - INFO - Beginning optimization with guess, [1.56778554e-01 5.02019473e+02].
2019-08-01 09:35:05,682 - INFO - Finished optomization, results are [-21.72691957997395 array([2.37140439e-01, 4.53395044e+02])].
2019-08-01 09:35:05,682 - INFO - Beginning optimization with guess, [1.17779419e-01 5.11152799e+02].
2019-08-01 09:35:09,411 - INFO - Finished optomization, results are [-21.726919289345528 array([2.37142138e-01, 4.53388245e+02])].
2019-08-01 09:35:09,412 - INFO - Beginning optimization with guess, [4.86092891e-02 5.67655781e+02].
2019-08-01 09:35:15,044 - INFO - Finished optomization, results are [-21.726919607399942 array([2.37139878e-01, 4.53405538e+02])].
2019-08-01 09:35:15,045 - INFO - Beginning optimization with guess, [8.19698528e-02 1.23137856e+03].
2019-08-01 09:35:15,826 - INFO - Finished optomization, results are [-21.726919621668493 array([2.37139732e-01, 4.53407420e+02])].
2019-08-01 09:35:15,826 - INFO - Beginning optimization with guess, [1.43386721e-01 7.49274829e+02].
2019-08-01 09:35:16,428 - INFO - Finished optomization, results are [-21.726919625730112 array([2.37139712e-01, 4.53407423e+02])].
2019-08-01 09:35:16,428 - INFO - Beginning optimization with guess, [7.1996260e-02 5.1230908e+02].
2019-08-01 09:35:20,512 - INFO - Finished optomization, results are [-21.72684513952175 array([2.37825303e-01, 4.48229150e+02])].
2019-08-01 09:35:20,512 - INFO - Beginning optimization with guess, [7.44402697e-02 8.81060464e+02].
2019-08-01 09:35:25,677 - INFO - Finished optomization, results are [-21.726910499273846 array([2.37211665e-01, 4.52792203e+02])].
2019-08-01 09:35:25,678 - INFO - Beginning optimization with guess, [5.45907718e-02 1.03760077e+03].
2019-08-01 09:35:29,522 - INFO - Finished optomization, results are [-21.72691960134923 array([2.37139884e-01, 4.53406138e+02])].
2019-08-01 09:35:29,522 - INFO - Beginning optimization with guess, [1.65896907e-01 7.58609658e+02].
2019-08-01 09:35:30,124 - INFO - Finished optomization, results are [-21.72691962113361 array([2.37139735e-01, 4.53407419e+02])].
2019-08-01 09:35:30,124 - INFO - Beginning optimization with guess, [1.44617794e-01 6.34995367e+02].
2019-08-01 09:35:30,725 - INFO - Finished optomization, results are [-21.72691962236899 array([2.37139728e-01, 4.53407445e+02])].
2019-08-01 09:35:30,726 - INFO - Beginning optimization with guess, [1.27304369e-01 1.34101721e+03].
2019-08-01 09:35:35,049 - INFO - Finished optomization, results are [-21.726919462520666 array([2.37140906e-01, 4.53397694e+02])].
2019-08-01 09:35:35,049 - INFO - Beginning optimization with guess, [5.45607268e-02 9.21227909e+02].
2019-08-01 09:35:35,890 - INFO - Finished optomization, results are [-21.72691961567552 array([2.37139773e-01, 4.53407148e+02])].
2019-08-01 09:35:35,891 - INFO - Beginning optimization with guess, [5.69487415e-02 3.93913450e+02].
2019-08-01 09:35:40,873 - INFO - Finished optomization, results are [-21.72689840645156 array([2.37283052e-01, 4.52775397e+02])].
2019-08-01 09:35:40,874 - INFO - Finished DFE inference.
2019-08-01 09:35:40,874 - INFO - Integrating expected site-frequency spectrum.
2019-08-01 09:35:40,888 - INFO - Outputing results.
2019-08-01 09:35:40,894 - INFO - Pipeline executed succesfully.
