2019-08-01 12:46:53,694 - INFO - Beginning execution of fitdadi_infer_DFE.py in directory /u/home/j/jonmah/lohmueller_lab/Scripts

2019-08-01 12:46:53,694 - INFO - Progress is being logged to ../Data/AW_array_2000/seed_53_fitdadi_output/log.log

2019-08-01 12:46:53,694 - INFO - Parsed the following arguments:
	breed = AW
	outprefix = ../Data/AW_array_2000/seed_53_fitdadi_output/
	nonsyn_input_sfs = ../Data/AW_array_2000/seed_53_easySFS_output_nonsyn/dadi/pop1.sfs
	syn_input_sfs = ../Data/AW_array_2000/seed_53_easySFS_output_syn/dadi/pop1.sfs

2019-08-01 12:46:53,697 - INFO - Beginning optimization with guess, [0.55250142 0.08723758].
2019-08-01 12:46:54,059 - INFO - Finished optimization with guess, [0.55250142 0.08723758].
2019-08-01 12:46:54,059 - INFO - Best fit parameters: [0.84860266 0.16902125].
2019-08-01 12:46:54,068 - INFO - Maximum log composite likelihood: -22.2009028654.
2019-08-01 12:46:54,068 - INFO - Optimal value of theta: 54.8964610987.
2019-08-01 12:46:54,069 - INFO - Beginning optimization with guess, [0.34256108 0.05005032].
2019-08-01 12:46:54,729 - INFO - Finished optimization with guess, [0.34256108 0.05005032].
2019-08-01 12:46:54,729 - INFO - Best fit parameters: [0.84863142 0.16896904].
2019-08-01 12:46:54,738 - INFO - Maximum log composite likelihood: -22.200902662.
2019-08-01 12:46:54,738 - INFO - Optimal value of theta: 54.8953963767.
2019-08-01 12:46:54,739 - INFO - Beginning optimization with guess, [0.94441949 0.05210219].
2019-08-01 12:46:55,350 - INFO - Finished optimization with guess, [0.94441949 0.05210219].
2019-08-01 12:46:55,350 - INFO - Best fit parameters: [0.84861086 0.16859584].
2019-08-01 12:46:55,359 - INFO - Maximum log composite likelihood: -22.2009027476.
2019-08-01 12:46:55,359 - INFO - Optimal value of theta: 54.8920437101.
2019-08-01 12:46:55,360 - INFO - Beginning optimization with guess, [0.53171345 0.06356943].
2019-08-01 12:46:56,217 - INFO - Finished optimization with guess, [0.53171345 0.06356943].
2019-08-01 12:46:56,218 - INFO - Best fit parameters: [0.848973   0.17027735].
2019-08-01 12:46:56,226 - INFO - Maximum log composite likelihood: -22.2009019373.
2019-08-01 12:46:56,227 - INFO - Optimal value of theta: 54.9020241951.
2019-08-01 12:46:56,227 - INFO - Beginning optimization with guess, [0.46623183 0.17383535].
2019-08-01 12:46:56,911 - INFO - Finished optimization with guess, [0.46623183 0.17383535].
2019-08-01 12:46:56,912 - INFO - Best fit parameters: [0.84855132 0.16865173].
2019-08-01 12:46:56,920 - INFO - Maximum log composite likelihood: -22.2009030021.
2019-08-01 12:46:56,921 - INFO - Optimal value of theta: 54.8937254424.
2019-08-01 12:46:56,921 - INFO - Beginning optimization with guess, [0.95802975 0.0836611 ].
2019-08-01 12:46:57,217 - INFO - Finished optimization with guess, [0.95802975 0.0836611 ].
2019-08-01 12:46:57,218 - INFO - Best fit parameters: [0.84853985 0.1686249 ].
2019-08-01 12:46:57,226 - INFO - Maximum log composite likelihood: -22.2009030698.
2019-08-01 12:46:57,226 - INFO - Optimal value of theta: 54.8936722556.
2019-08-01 12:46:57,227 - INFO - Beginning optimization with guess, [0.54150689 0.08185816].
2019-08-01 12:46:57,806 - INFO - Finished optimization with guess, [0.54150689 0.08185816].
2019-08-01 12:46:57,807 - INFO - Best fit parameters: [0.84919024 0.17051594].
2019-08-01 12:46:57,815 - INFO - Maximum log composite likelihood: -22.2009011778.
2019-08-01 12:46:57,816 - INFO - Optimal value of theta: 54.900292666.
2019-08-01 12:46:57,816 - INFO - Beginning optimization with guess, [0.40596385 0.08326794].
2019-08-01 12:46:58,212 - INFO - Finished optimization with guess, [0.40596385 0.08326794].
2019-08-01 12:46:58,212 - INFO - Best fit parameters: [0.84861956 0.16898698].
2019-08-01 12:46:58,221 - INFO - Maximum log composite likelihood: -22.2009027391.
2019-08-01 12:46:58,221 - INFO - Optimal value of theta: 54.8957995524.
2019-08-01 12:46:58,221 - INFO - Beginning optimization with guess, [0.9612405  0.15199495].
2019-08-01 12:46:58,657 - INFO - Finished optimization with guess, [0.9612405  0.15199495].
2019-08-01 12:46:58,658 - INFO - Best fit parameters: [0.8485359  0.16861445].
2019-08-01 12:46:58,666 - INFO - Maximum log composite likelihood: -22.2009030941.
2019-08-01 12:46:58,667 - INFO - Optimal value of theta: 54.8936415407.
2019-08-01 12:46:58,667 - INFO - Beginning optimization with guess, [0.28796826 0.08582314].
2019-08-01 12:46:58,989 - INFO - Finished optimization with guess, [0.28796826 0.08582314].
2019-08-01 12:46:58,989 - INFO - Best fit parameters: [0.84887169 0.17024583].
2019-08-01 12:46:58,998 - INFO - Maximum log composite likelihood: -22.2009024246.
2019-08-01 12:46:58,998 - INFO - Optimal value of theta: 54.9036283286.
2019-08-01 12:46:58,998 - INFO - Beginning optimization with guess, [0.67177389 0.1850499 ].
2019-08-01 12:46:59,797 - INFO - Finished optimization with guess, [0.67177389 0.1850499 ].
2019-08-01 12:46:59,797 - INFO - Best fit parameters: [0.84864791 0.16887238].
2019-08-01 12:46:59,805 - INFO - Maximum log composite likelihood: -22.2009025301.
2019-08-01 12:46:59,806 - INFO - Optimal value of theta: 54.8941179532.
2019-08-01 12:46:59,806 - INFO - Beginning optimization with guess, [0.53443706 0.14210471].
2019-08-01 12:47:00,186 - INFO - Finished optimization with guess, [0.53443706 0.14210471].
2019-08-01 12:47:00,186 - INFO - Best fit parameters: [0.84871819 0.16907978].
2019-08-01 12:47:00,195 - INFO - Maximum log composite likelihood: -22.2009023318.
2019-08-01 12:47:00,195 - INFO - Optimal value of theta: 54.8948684749.
2019-08-01 12:47:00,196 - INFO - Beginning optimization with guess, [0.5010822  0.07948153].
2019-08-01 12:47:00,515 - INFO - Finished optimization with guess, [0.5010822  0.07948153].
2019-08-01 12:47:00,515 - INFO - Best fit parameters: [0.84854979 0.16867373].
2019-08-01 12:47:00,524 - INFO - Maximum log composite likelihood: -22.2009030053.
2019-08-01 12:47:00,524 - INFO - Optimal value of theta: 54.8939750241.
2019-08-01 12:47:00,524 - INFO - Beginning optimization with guess, [0.27071909 0.05539267].
2019-08-01 12:47:00,944 - INFO - Finished optimization with guess, [0.27071909 0.05539267].
2019-08-01 12:47:00,945 - INFO - Best fit parameters: [0.84854313 0.16862074].
2019-08-01 12:47:00,953 - INFO - Maximum log composite likelihood: -22.2009030542.
2019-08-01 12:47:00,954 - INFO - Optimal value of theta: 54.8935686577.
2019-08-01 12:47:00,954 - INFO - Beginning optimization with guess, [0.41651476 0.12975964].
2019-08-01 12:47:01,537 - INFO - Finished optimization with guess, [0.41651476 0.12975964].
2019-08-01 12:47:01,537 - INFO - Best fit parameters: [0.8486105  0.16893236].
2019-08-01 12:47:01,546 - INFO - Maximum log composite likelihood: -22.2009027468.
2019-08-01 12:47:01,546 - INFO - Optimal value of theta: 54.8954236003.
2019-08-01 12:47:01,547 - INFO - Beginning optimization with guess, [0.35473289 0.07092415].
2019-08-01 12:47:01,972 - INFO - Finished optimization with guess, [0.35473289 0.07092415].
2019-08-01 12:47:01,973 - INFO - Best fit parameters: [0.85537398 0.17624201].
2019-08-01 12:47:01,981 - INFO - Maximum log composite likelihood: -22.2010686686.
2019-08-01 12:47:01,982 - INFO - Optimal value of theta: 54.8377118773.
2019-08-01 12:47:01,982 - INFO - Beginning optimization with guess, [0.26941411 0.10025997].
2019-08-01 12:47:03,294 - INFO - Finished optimization with guess, [0.26941411 0.10025997].
2019-08-01 12:47:03,295 - INFO - Best fit parameters: [0.84867963 0.16902975].
2019-08-01 12:47:03,304 - INFO - Maximum log composite likelihood: -22.200902468.
2019-08-01 12:47:03,304 - INFO - Optimal value of theta: 54.8950951329.
2019-08-01 12:47:03,304 - INFO - Beginning optimization with guess, [0.88930297 0.08645891].
2019-08-01 12:47:04,595 - INFO - Finished optimization with guess, [0.88930297 0.08645891].
2019-08-01 12:47:04,595 - INFO - Best fit parameters: [0.8488922  0.17026615].
2019-08-01 12:47:04,603 - INFO - Maximum log composite likelihood: -22.2009023136.
2019-08-01 12:47:04,604 - INFO - Optimal value of theta: 54.9034433555.
2019-08-01 12:47:04,604 - INFO - Beginning optimization with guess, [0.39978032 0.08850333].
2019-08-01 12:47:05,004 - INFO - Finished optimization with guess, [0.39978032 0.08850333].
2019-08-01 12:47:05,004 - INFO - Best fit parameters: [0.84853779 0.16861648].
2019-08-01 12:47:05,012 - INFO - Maximum log composite likelihood: -22.2009030835.
2019-08-01 12:47:05,013 - INFO - Optimal value of theta: 54.8936263216.
2019-08-01 12:47:05,013 - INFO - Beginning optimization with guess, [0.37553625 0.08635042].
2019-08-01 12:47:05,799 - INFO - Finished optimization with guess, [0.37553625 0.08635042].
2019-08-01 12:47:05,799 - INFO - Best fit parameters: [0.84889449 0.17024086].
2019-08-01 12:47:05,807 - INFO - Maximum log composite likelihood: -22.2009023089.
2019-08-01 12:47:05,808 - INFO - Optimal value of theta: 54.9031464287.
2019-08-01 12:47:05,808 - INFO - Beginning optimization with guess, [0.3179326  0.18681925].
2019-08-01 12:47:06,201 - INFO - Finished optimization with guess, [0.3179326  0.18681925].
2019-08-01 12:47:06,201 - INFO - Best fit parameters: [0.84859071 0.16895769].
2019-08-01 12:47:06,209 - INFO - Maximum log composite likelihood: -22.2009028746.
2019-08-01 12:47:06,210 - INFO - Optimal value of theta: 54.8960502116.
2019-08-01 12:47:06,210 - INFO - Beginning optimization with guess, [0.26102246 0.10567918].
2019-08-01 12:47:06,805 - INFO - Finished optimization with guess, [0.26102246 0.10567918].
2019-08-01 12:47:06,805 - INFO - Best fit parameters: [0.84868846 0.16847107].
2019-08-01 12:47:06,813 - INFO - Maximum log composite likelihood: -22.200902602.
2019-08-01 12:47:06,813 - INFO - Optimal value of theta: 54.8893316564.
2019-08-01 12:47:06,814 - INFO - Beginning optimization with guess, [0.59980836 0.1103494 ].
2019-08-01 12:47:07,097 - INFO - Finished optimization with guess, [0.59980836 0.1103494 ].
2019-08-01 12:47:07,098 - INFO - Best fit parameters: [0.84915686 0.17090899].
2019-08-01 12:47:07,106 - INFO - Maximum log composite likelihood: -22.2009015505.
2019-08-01 12:47:07,106 - INFO - Optimal value of theta: 54.904845839.
2019-08-01 12:47:07,106 - INFO - Beginning optimization with guess, [0.59713366 0.15372933].
2019-08-01 12:47:07,590 - INFO - Finished optimization with guess, [0.59713366 0.15372933].
2019-08-01 12:47:07,590 - INFO - Best fit parameters: [0.84864856 0.16909654].
2019-08-01 12:47:07,598 - INFO - Maximum log composite likelihood: -22.2009026933.
2019-08-01 12:47:07,598 - INFO - Optimal value of theta: 54.8963487056.
2019-08-01 12:47:07,599 - INFO - Beginning optimization with guess, [0.92492251 0.06847776].
2019-08-01 12:47:08,101 - INFO - Finished optimization with guess, [0.92492251 0.06847776].
2019-08-01 12:47:08,101 - INFO - Best fit parameters: [0.84896802 0.17042195].
2019-08-01 12:47:08,110 - INFO - Maximum log composite likelihood: -22.2009019404.
2019-08-01 12:47:08,110 - INFO - Optimal value of theta: 54.9035663372.
2019-08-01 12:47:08,110 - INFO - Beginning optimization with guess, [0.36071341 0.19513394].
2019-08-01 12:47:09,403 - INFO - Finished optimization with guess, [0.36071341 0.19513394].
2019-08-01 12:47:09,403 - INFO - Best fit parameters: [0.84879559 0.16896442].
2019-08-01 12:47:09,412 - INFO - Maximum log composite likelihood: -22.2009019731.
2019-08-01 12:47:09,412 - INFO - Optimal value of theta: 54.8922564276.
2019-08-01 12:47:09,412 - INFO - Beginning optimization with guess, [0.57817544 0.13461811].
2019-08-01 12:47:10,039 - INFO - Finished optimization with guess, [0.57817544 0.13461811].
2019-08-01 12:47:10,040 - INFO - Best fit parameters: [0.84860536 0.16875916].
2019-08-01 12:47:10,048 - INFO - Maximum log composite likelihood: -22.2009027165.
2019-08-01 12:47:10,048 - INFO - Optimal value of theta: 54.8937851752.
2019-08-01 12:47:10,048 - INFO - Beginning optimization with guess, [0.37811128 0.0715041 ].
2019-08-01 12:47:10,448 - INFO - Finished optimization with guess, [0.37811128 0.0715041 ].
2019-08-01 12:47:10,448 - INFO - Best fit parameters: [0.84853578 0.16861509].
2019-08-01 12:47:10,457 - INFO - Maximum log composite likelihood: -22.2009030945.
2019-08-01 12:47:10,457 - INFO - Optimal value of theta: 54.8936503363.
2019-08-01 12:47:10,457 - INFO - Beginning optimization with guess, [0.48940953 0.18536635].
2019-08-01 12:47:10,795 - INFO - Finished optimization with guess, [0.48940953 0.18536635].
2019-08-01 12:47:10,795 - INFO - Best fit parameters: [0.84887519 0.17049201].
2019-08-01 12:47:10,803 - INFO - Maximum log composite likelihood: -22.2009024704.
2019-08-01 12:47:10,803 - INFO - Optimal value of theta: 54.906027886.
2019-08-01 12:47:10,804 - INFO - Beginning optimization with guess, [0.2528251  0.07259315].
2019-08-01 12:47:11,223 - INFO - Finished optimization with guess, [0.2528251  0.07259315].
2019-08-01 12:47:11,223 - INFO - Best fit parameters: [0.84866367 0.16924309].
2019-08-01 12:47:11,231 - INFO - Maximum log composite likelihood: -22.2009028209.
2019-08-01 12:47:11,231 - INFO - Optimal value of theta: 54.8975284291.
2019-08-01 12:47:11,231 - INFO - Beginning optimization with guess, [0.73320078 0.06870398].
2019-08-01 12:47:11,582 - INFO - Finished optimization with guess, [0.73320078 0.06870398].
2019-08-01 12:47:11,583 - INFO - Best fit parameters: [0.84888845 0.17056188].
2019-08-01 12:47:11,591 - INFO - Maximum log composite likelihood: -22.2009024517.
2019-08-01 12:47:11,591 - INFO - Optimal value of theta: 54.9064753427.
2019-08-01 12:47:11,591 - INFO - Beginning optimization with guess, [0.25413468 0.19074334].
2019-08-01 12:47:12,021 - INFO - Finished optimization with guess, [0.25413468 0.19074334].
2019-08-01 12:47:12,021 - INFO - Best fit parameters: [0.84904058 0.17036508].
2019-08-01 12:47:12,029 - INFO - Maximum log composite likelihood: -22.2009016449.
2019-08-01 12:47:12,030 - INFO - Optimal value of theta: 54.9016216645.
2019-08-01 12:47:12,030 - INFO - Beginning optimization with guess, [0.45909979 0.17341924].
2019-08-01 12:47:12,707 - INFO - Finished optimization with guess, [0.45909979 0.17341924].
2019-08-01 12:47:12,707 - INFO - Best fit parameters: [0.84854832 0.16863121].
2019-08-01 12:47:12,717 - INFO - Maximum log composite likelihood: -22.2009030237.
2019-08-01 12:47:12,717 - INFO - Optimal value of theta: 54.8935759809.
2019-08-01 12:47:12,717 - INFO - Beginning optimization with guess, [0.84730994 0.12662783].
2019-08-01 12:47:13,300 - INFO - Finished optimization with guess, [0.84730994 0.12662783].
2019-08-01 12:47:13,300 - INFO - Best fit parameters: [0.84856658 0.16880121].
2019-08-01 12:47:13,309 - INFO - Maximum log composite likelihood: -22.2009029224.
2019-08-01 12:47:13,310 - INFO - Optimal value of theta: 54.894937234.
2019-08-01 12:47:13,310 - INFO - Beginning optimization with guess, [0.78835137 0.07598534].
2019-08-01 12:47:13,881 - INFO - Finished optimization with guess, [0.78835137 0.07598534].
2019-08-01 12:47:13,881 - INFO - Best fit parameters: [0.8487096  0.16915477].
2019-08-01 12:47:13,901 - INFO - Maximum log composite likelihood: -22.2009024507.
2019-08-01 12:47:13,901 - INFO - Optimal value of theta: 54.8957796849.
2019-08-01 12:47:13,901 - INFO - Beginning optimization with guess, [0.4343427  0.10531509].
2019-08-01 12:47:14,474 - INFO - Finished optimization with guess, [0.4343427  0.10531509].
2019-08-01 12:47:14,475 - INFO - Best fit parameters: [0.848871   0.17023061].
2019-08-01 12:47:14,482 - INFO - Maximum log composite likelihood: -22.2009024323.
2019-08-01 12:47:14,483 - INFO - Optimal value of theta: 54.9034889025.
2019-08-01 12:47:14,483 - INFO - Beginning optimization with guess, [0.67719787 0.09708493].
2019-08-01 12:47:14,779 - INFO - Finished optimization with guess, [0.67719787 0.09708493].
2019-08-01 12:47:14,779 - INFO - Best fit parameters: [0.84886399 0.1702131 ].
2019-08-01 12:47:14,787 - INFO - Maximum log composite likelihood: -22.2009024747.
2019-08-01 12:47:14,788 - INFO - Optimal value of theta: 54.9034460853.
2019-08-01 12:47:14,788 - INFO - Beginning optimization with guess, [0.6257257  0.10879753].
2019-08-01 12:47:15,351 - INFO - Finished optimization with guess, [0.6257257  0.10879753].
2019-08-01 12:47:15,352 - INFO - Best fit parameters: [0.84861976 0.16897063].
2019-08-01 12:47:15,364 - INFO - Maximum log composite likelihood: -22.2009027247.
2019-08-01 12:47:15,365 - INFO - Optimal value of theta: 54.8956321077.
2019-08-01 12:47:15,365 - INFO - Beginning optimization with guess, [0.5140031  0.12827171].
2019-08-01 12:47:17,120 - INFO - Finished optimization with guess, [0.5140031  0.12827171].
2019-08-01 12:47:17,120 - INFO - Best fit parameters: [0.84899955 0.17050295].
2019-08-01 12:47:17,129 - INFO - Maximum log composite likelihood: -22.2009018189.
2019-08-01 12:47:17,129 - INFO - Optimal value of theta: 54.9037784766.
2019-08-01 12:47:17,130 - INFO - Beginning optimization with guess, [0.58918187 0.10024191].
2019-08-01 12:47:17,730 - INFO - Finished optimization with guess, [0.58918187 0.10024191].
2019-08-01 12:47:17,730 - INFO - Best fit parameters: [0.84861987 0.16881454].
2019-08-01 12:47:17,738 - INFO - Maximum log composite likelihood: -22.2009026504.
2019-08-01 12:47:17,738 - INFO - Optimal value of theta: 54.8940669175.
2019-08-01 12:47:17,739 - INFO - Beginning optimization with guess, [0.38205959 0.07825576].
2019-08-01 12:47:18,417 - INFO - Finished optimization with guess, [0.38205959 0.07825576].
2019-08-01 12:47:18,417 - INFO - Best fit parameters: [0.84859677 0.16887759].
2019-08-01 12:47:18,437 - INFO - Maximum log composite likelihood: -22.2009027887.
2019-08-01 12:47:18,437 - INFO - Optimal value of theta: 54.8951337851.
2019-08-01 12:47:18,438 - INFO - Beginning optimization with guess, [0.70712073 0.09048439].
2019-08-01 12:47:20,282 - INFO - Finished optimization with guess, [0.70712073 0.09048439].
2019-08-01 12:47:20,282 - INFO - Best fit parameters: [0.84894661 0.17025406].
2019-08-01 12:47:20,302 - INFO - Maximum log composite likelihood: -22.2009020598.
2019-08-01 12:47:20,302 - INFO - Optimal value of theta: 54.9022911598.
2019-08-01 12:47:20,302 - INFO - Beginning optimization with guess, [0.92388801 0.06401803].
2019-08-01 12:47:22,518 - INFO - Finished optimization with guess, [0.92388801 0.06401803].
2019-08-01 12:47:22,529 - INFO - Best fit parameters: [0.84924755 0.17027122].
2019-08-01 12:47:22,537 - INFO - Maximum log composite likelihood: -22.2009012808.
2019-08-01 12:47:22,537 - INFO - Optimal value of theta: 54.8967618055.
2019-08-01 12:47:22,537 - INFO - Beginning optimization with guess, [0.41499506 0.10530991].
2019-08-01 12:47:23,336 - INFO - Finished optimization with guess, [0.41499506 0.10530991].
2019-08-01 12:47:23,337 - INFO - Best fit parameters: [0.84941699 0.17072006].
2019-08-01 12:47:23,346 - INFO - Maximum log composite likelihood: -22.2009008986.
2019-08-01 12:47:23,346 - INFO - Optimal value of theta: 54.8980283799.
2019-08-01 12:47:23,353 - INFO - Beginning optimization with guess, [0.49160921 0.05730024].
2019-08-01 12:47:26,270 - INFO - Finished optimization with guess, [0.49160921 0.05730024].
2019-08-01 12:47:26,270 - INFO - Best fit parameters: [0.8486145  0.16889449].
2019-08-01 12:47:26,290 - INFO - Maximum log composite likelihood: -22.2009027038.
2019-08-01 12:47:26,291 - INFO - Optimal value of theta: 54.8949688493.
2019-08-01 12:47:26,291 - INFO - Beginning optimization with guess, [0.54099157 0.09944049].
2019-08-01 12:47:27,802 - INFO - Finished optimization with guess, [0.54099157 0.09944049].
2019-08-01 12:47:27,802 - INFO - Best fit parameters: [0.84904666 0.17056987].
2019-08-01 12:47:27,825 - INFO - Maximum log composite likelihood: -22.200901645.
2019-08-01 12:47:27,825 - INFO - Optimal value of theta: 54.9035539049.
2019-08-01 12:47:27,825 - INFO - Beginning optimization with guess, [0.39128667 0.18384653].
2019-08-01 12:47:30,470 - INFO - Finished optimization with guess, [0.39128667 0.18384653].
2019-08-01 12:47:30,476 - INFO - Best fit parameters: [0.84912868 0.17082052].
2019-08-01 12:47:30,490 - INFO - Maximum log composite likelihood: -22.200901537.
2019-08-01 12:47:30,490 - INFO - Optimal value of theta: 54.9044991514.
2019-08-01 12:47:30,490 - INFO - Beginning optimization with guess, [0.43697741 0.15214378].
2019-08-01 12:47:35,104 - INFO - Finished optimization with guess, [0.43697741 0.15214378].
2019-08-01 12:47:35,126 - INFO - Best fit parameters: [0.84865811 0.16868212].
2019-08-01 12:47:35,164 - INFO - Maximum log composite likelihood: -22.2009025033.
2019-08-01 12:47:35,164 - INFO - Optimal value of theta: 54.8920196525.
2019-08-01 12:47:35,165 - INFO - Beginning optimization with guess, [0.32087167 0.1787801 ].
2019-08-01 12:47:36,639 - INFO - Finished optimization with guess, [0.32087167 0.1787801 ].
2019-08-01 12:47:36,640 - INFO - Best fit parameters: [0.84887311 0.16934049].
2019-08-01 12:47:36,652 - INFO - Maximum log composite likelihood: -22.2009020216.
2019-08-01 12:47:36,652 - INFO - Optimal value of theta: 54.8945490669.
2019-08-01 12:47:36,652 - INFO - Beginning optimization with guess, [0.27703425 0.05666462].
2019-08-01 12:47:40,132 - INFO - Finished optimization with guess, [0.27703425 0.05666462].
2019-08-01 12:47:40,132 - INFO - Best fit parameters: [0.84910669 0.17046571].
2019-08-01 12:47:40,158 - INFO - Maximum log composite likelihood: -22.2009014051.
2019-08-01 12:47:40,159 - INFO - Optimal value of theta: 54.9013747692.
2019-08-01 12:47:40,160 - INFO - Finished demographic inference.
2019-08-01 12:47:40,160 - INFO - Beginning DFE inference.
2019-08-01 12:47:48,787 - INFO - Beginning optimization with guess, [6.54145690e-02 1.96509554e+02].
2019-08-01 12:47:52,427 - INFO - Finished optomization, results are [-24.474220027307574 array([9.39632901e-02, 3.75059121e+03])].
2019-08-01 12:47:52,427 - INFO - Beginning optimization with guess, [4.83477490e-02 6.79751834e+01].
2019-08-01 12:47:54,946 - INFO - Finished optomization, results are [-24.426230486440346 array([9.50661866e-02, 3.85183546e+03])].
2019-08-01 12:47:54,947 - INFO - Beginning optimization with guess, [ 0.12914836 71.46213631].
2019-08-01 12:48:03,011 - INFO - Finished optomization, results are [-24.42383829703588 array([9.45037584e-02, 3.95653125e+03])].
2019-08-01 12:48:03,011 - INFO - Beginning optimization with guess, [4.85016115e-02 9.97075963e+01].
2019-08-01 12:48:05,472 - INFO - Finished optomization, results are [-24.42964837753316 array([9.62133313e-02, 3.66806748e+03])].
2019-08-01 12:48:05,473 - INFO - Beginning optimization with guess, [4.65636457e-02 1.29477576e+02].
2019-08-01 12:48:07,587 - INFO - Finished optomization, results are [-24.46855550468452 array([9.51276052e-02, 3.58537820e+03])].
2019-08-01 12:48:07,588 - INFO - Beginning optimization with guess, [5.20943084e-02 1.12806753e+02].
2019-08-01 12:48:10,053 - INFO - Finished optomization, results are [-24.427408199987727 array([9.53844911e-02, 3.79658726e+03])].
2019-08-01 12:48:10,054 - INFO - Beginning optimization with guess, [1.40573110e-01 2.32727331e+02].
2019-08-01 12:48:12,363 - INFO - Finished optomization, results are [-24.546749847495352 array([9.30154997e-02, 3.59909445e+03])].
2019-08-01 12:48:12,363 - INFO - Beginning optimization with guess, [1.21320501e-01 2.33213646e+02].
2019-08-01 12:48:14,436 - INFO - Finished optomization, results are [-24.482757427791967 array([9.29716203e-02, 3.89197131e+03])].
2019-08-01 12:48:14,436 - INFO - Beginning optimization with guess, [7.97444703e-02 1.19110115e+02].
2019-08-01 12:48:16,808 - INFO - Finished optomization, results are [-24.494747282816157 array([9.55807738e-02, 3.38464896e+03])].
2019-08-01 12:48:16,808 - INFO - Beginning optimization with guess, [1.24763817e-01 1.87030542e+02].
2019-08-01 12:48:19,055 - INFO - Finished optomization, results are [-24.464718659113448 array([9.48964528e-02, 3.64280591e+03])].
2019-08-01 12:48:19,055 - INFO - Beginning optimization with guess, [ 0.16800646 70.42761237].
2019-08-01 12:48:21,050 - INFO - Finished optomization, results are [-24.438042907928608 array([9.72890761e-02, 3.48086216e+03])].
2019-08-01 12:48:21,050 - INFO - Beginning optimization with guess, [5.87164181e-02 1.13227820e+02].
2019-08-01 12:48:23,373 - INFO - Finished optomization, results are [-24.459548653794702 array([9.38567645e-02, 3.84793611e+03])].
2019-08-01 12:48:23,374 - INFO - Beginning optimization with guess, [1.18029362e-01 1.75436129e+02].
2019-08-01 12:48:25,699 - INFO - Finished optomization, results are [-24.47830789807674 array([9.44820436e-02, 3.64000270e+03])].
2019-08-01 12:48:25,700 - INFO - Beginning optimization with guess, [1.00076131e-01 1.01338756e+02].
2019-08-01 12:48:28,757 - INFO - Finished optomization, results are [-24.48534112331714 array([9.55493771e-02, 3.43446313e+03])].
2019-08-01 12:48:28,758 - INFO - Beginning optimization with guess, [  0.13909008 128.19153262].
2019-08-01 12:48:33,407 - INFO - Finished optomization, results are [-24.404963908271338 array([9.58622218e-02, 3.91129863e+03])].
2019-08-01 12:48:33,410 - INFO - Beginning optimization with guess, [ 0.08832231 84.77514557].
2019-08-01 12:48:37,990 - INFO - Finished optomization, results are [-24.422439603325554 array([9.47541050e-02, 3.92640651e+03])].
2019-08-01 12:48:37,990 - INFO - Beginning optimization with guess, [8.23571934e-02 1.46349038e+02].
2019-08-01 12:48:41,044 - INFO - Finished optomization, results are [-24.434734766031372 array([9.48152421e-02, 3.83350918e+03])].
2019-08-01 12:48:41,044 - INFO - Beginning optimization with guess, [7.05791080e-02 1.79334993e+02].
2019-08-01 12:48:42,648 - INFO - Finished optomization, results are [-24.490635139101208 array([9.32426916e-02, 3.80111346e+03])].
2019-08-01 12:48:42,649 - INFO - Beginning optimization with guess, [8.90614409e-02 1.18261532e+02].
2019-08-01 12:48:45,585 - INFO - Finished optomization, results are [-24.45909866529247 array([9.67151721e-02, 3.41084242e+03])].
2019-08-01 12:48:45,585 - INFO - Beginning optimization with guess, [ 0.07721911 72.89224503].
2019-08-01 12:48:48,450 - INFO - Finished optomization, results are [-24.455698811917944 array([9.85433499e-02, 3.23054387e+03])].
2019-08-01 12:48:48,450 - INFO - Beginning optimization with guess, [1.05013372e-01 1.07838377e+02].
2019-08-01 12:48:50,906 - INFO - Finished optomization, results are [-24.479868655846737 array([9.50195908e-02, 3.54396437e+03])].
2019-08-01 12:48:50,907 - INFO - Beginning optimization with guess, [5.3616165e-02 1.2131642e+02].
2019-08-01 12:48:52,919 - INFO - Finished optomization, results are [-24.505492671274276 array([9.49733474e-02, 3.43017302e+03])].
2019-08-01 12:48:52,919 - INFO - Beginning optimization with guess, [ 0.14151196 68.39514867].
2019-08-01 12:48:55,261 - INFO - Finished optomization, results are [-24.446500419423586 array([9.51487217e-02, 3.70745972e+03])].
2019-08-01 12:48:55,262 - INFO - Beginning optimization with guess, [7.94570549e-02 1.43138894e+02].
2019-08-01 12:49:00,234 - INFO - Finished optomization, results are [-24.467012586567165 array([9.32519049e-02, 3.91928294e+03])].
2019-08-01 12:49:00,234 - INFO - Beginning optimization with guess, [5.62950368e-02 1.15769635e+02].
2019-08-01 12:49:04,953 - INFO - Finished optomization, results are [-24.46281804750788 array([9.31871213e-02, 3.95430769e+03])].
2019-08-01 12:49:04,953 - INFO - Beginning optimization with guess, [6.47431101e-02 2.50269206e+02].
2019-08-01 12:49:06,640 - INFO - Finished optomization, results are [-24.53514145213054 array([9.23258452e-02, 3.78090266e+03])].
2019-08-01 12:49:06,641 - INFO - Beginning optimization with guess, [6.23307900e-02 1.63466977e+02].
2019-08-01 12:49:09,163 - INFO - Finished optomization, results are [-24.453133582299216 array([9.57178303e-02, 3.58250943e+03])].
2019-08-01 12:49:09,163 - INFO - Beginning optimization with guess, [  0.10354449 101.91639933].
2019-08-01 12:49:11,530 - INFO - Finished optomization, results are [-24.429725008277266 array([9.44567328e-02, 3.92432923e+03])].
2019-08-01 12:49:11,531 - INFO - Beginning optimization with guess, [4.61247181e-02 7.53096552e+01].
2019-08-01 12:49:13,713 - INFO - Finished optomization, results are [-24.446759225326947 array([9.59580442e-02, 3.58710293e+03])].
2019-08-01 12:49:13,713 - INFO - Beginning optimization with guess, [1.38015717e-01 1.69476750e+02].
2019-08-01 12:49:15,603 - INFO - Finished optomization, results are [-24.47187751847354 array([9.67571888e-02, 3.33303695e+03])].
2019-08-01 12:49:15,603 - INFO - Beginning optimization with guess, [ 0.13585038 77.01912748].
2019-08-01 12:49:18,072 - INFO - Finished optomization, results are [-24.4515621813099 array([9.45411102e-02, 3.77485736e+03])].
2019-08-01 12:49:18,073 - INFO - Beginning optimization with guess, [4.96958238e-02 9.25442994e+01].
2019-08-01 12:49:20,139 - INFO - Finished optomization, results are [-24.429077178652705 array([9.65908816e-02, 3.62611025e+03])].
2019-08-01 12:49:20,139 - INFO - Beginning optimization with guess, [ 0.12278035 88.29618203].
2019-08-01 12:49:22,096 - INFO - Finished optomization, results are [-24.495183232086788 array([9.41375219e-02, 3.61692150e+03])].
2019-08-01 12:49:22,097 - INFO - Beginning optimization with guess, [7.51406660e-02 1.49960127e+02].
2019-08-01 12:49:27,578 - INFO - Finished optomization, results are [-24.46259372761831 array([9.32141285e-02, 3.95035350e+03])].
2019-08-01 12:49:27,579 - INFO - Beginning optimization with guess, [ 0.14908189 68.78658225].
2019-08-01 12:49:29,828 - INFO - Finished optomization, results are [-24.41986264003253 array([9.86604010e-02, 3.55758177e+03])].
2019-08-01 12:49:29,829 - INFO - Beginning optimization with guess, [5.66833080e-02 1.46105051e+02].
2019-08-01 12:49:31,617 - INFO - Finished optomization, results are [-24.54318318912803 array([9.18195360e-02, 3.85148808e+03])].
2019-08-01 12:49:31,617 - INFO - Beginning optimization with guess, [5.45973716e-02 1.15596831e+02].
2019-08-01 12:49:34,120 - INFO - Finished optomization, results are [-24.478725607341037 array([9.34869249e-02, 3.81412429e+03])].
2019-08-01 12:49:34,121 - INFO - Beginning optimization with guess, [1.16035140e-01 2.04784298e+02].
2019-08-01 12:49:36,475 - INFO - Finished optomization, results are [-24.50577095626173 array([9.43426903e-02, 3.53309411e+03])].
2019-08-01 12:49:36,475 - INFO - Beginning optimization with guess, [ 0.09869495 95.8927742 ].
2019-08-01 12:49:38,502 - INFO - Finished optomization, results are [-24.416756296193704 array([9.55868928e-02, 3.84706410e+03])].
2019-08-01 12:49:38,502 - INFO - Beginning optimization with guess, [9.08749220e-02 1.53081276e+02].
2019-08-01 12:49:40,681 - INFO - Finished optomization, results are [-24.540365965203467 array([9.26887807e-02, 3.68735416e+03])].
2019-08-01 12:49:40,682 - INFO - Beginning optimization with guess, [7.42006635e-02 9.87795377e+01].
2019-08-01 12:49:43,787 - INFO - Finished optomization, results are [-24.418609659997784 array([9.65987109e-02, 3.70881476e+03])].
2019-08-01 12:49:43,788 - INFO - Beginning optimization with guess, [6.84993062e-02 1.19590216e+02].
2019-08-01 12:49:46,824 - INFO - Finished optomization, results are [-24.43814517126968 array([9.66220401e-02, 3.55669025e+03])].
2019-08-01 12:49:46,825 - INFO - Beginning optimization with guess, [ 0.12499774 91.87312604].
2019-08-01 12:49:49,643 - INFO - Finished optomization, results are [-24.494628994693734 array([9.38892318e-02, 3.66323146e+03])].
2019-08-01 12:49:49,643 - INFO - Beginning optimization with guess, [5.24605665e-02 8.83738386e+01].
2019-08-01 12:49:55,407 - INFO - Finished optomization, results are [-24.416523714064375 array([9.49064346e-02, 3.94594526e+03])].
2019-08-01 12:49:55,409 - INFO - Beginning optimization with guess, [8.62781912e-02 8.71348184e+01].
2019-08-01 12:49:57,313 - INFO - Finished optomization, results are [-24.45901599765605 array([9.68137117e-02, 3.39875030e+03])].
2019-08-01 12:49:57,313 - INFO - Beginning optimization with guess, [6.50247065e-02 1.83394876e+02].
2019-08-01 12:50:02,378 - INFO - Finished optomization, results are [-24.441143513076817 array([9.46197798e-02, 3.82436450e+03])].
2019-08-01 12:50:02,379 - INFO - Beginning optimization with guess, [6.71785449e-02 1.75886125e+02].
2019-08-01 12:50:04,255 - INFO - Finished optomization, results are [-24.48344718197402 array([9.49472367e-02, 3.53774329e+03])].
2019-08-01 12:50:04,255 - INFO - Beginning optimization with guess, [7.83718290e-02 1.01075165e+02].
2019-08-01 12:50:08,658 - INFO - Finished optomization, results are [-24.421934375021475 array([9.46232006e-02, 3.95063278e+03])].
2019-08-01 12:50:08,659 - INFO - Beginning optimization with guess, [4.59579703e-02 8.48559098e+01].
2019-08-01 12:50:10,504 - INFO - Finished optomization, results are [-24.435134569175563 array([9.50145758e-02, 3.79970461e+03])].
2019-08-01 12:50:10,504 - INFO - Beginning optimization with guess, [9.85741399e-02 1.10798434e+02].
2019-08-01 12:50:12,852 - INFO - Finished optomization, results are [-24.471643014818188 array([9.33897614e-02, 3.86872060e+03])].
2019-08-01 12:50:12,852 - INFO - Finished DFE inference.
2019-08-01 12:50:12,852 - INFO - Integrating expected site-frequency spectrum.
2019-08-01 12:50:12,868 - INFO - Outputing results.
2019-08-01 12:50:12,873 - INFO - Pipeline executed succesfully.
