2019-08-01 09:08:53,378 - INFO - Beginning execution of fitdadi_infer_DFE.py in directory /u/home/j/jonmah/lohmueller_lab/Scripts

2019-08-01 09:08:53,378 - INFO - Progress is being logged to ../Data/AW_array_2000/seed_83_fitdadi_output/log.log

2019-08-01 09:08:53,378 - INFO - Parsed the following arguments:
	breed = AW
	outprefix = ../Data/AW_array_2000/seed_83_fitdadi_output/
	nonsyn_input_sfs = ../Data/AW_array_2000/seed_83_easySFS_output_nonsyn/dadi/pop1.sfs
	syn_input_sfs = ../Data/AW_array_2000/seed_83_easySFS_output_syn/dadi/pop1.sfs

2019-08-01 09:08:53,380 - INFO - Beginning optimization with guess, [0.67113887 0.09445226].
2019-08-01 09:08:53,874 - INFO - Finished optimization with guess, [0.67113887 0.09445226].
2019-08-01 09:08:53,874 - INFO - Best fit parameters: [1.00000000e-04 4.51172173e-06].
2019-08-01 09:08:53,881 - INFO - Maximum log composite likelihood: -21.4307005645.
2019-08-01 09:08:53,881 - INFO - Optimal value of theta: 66.7925236971.
2019-08-01 09:08:53,882 - INFO - Beginning optimization with guess, [0.42093678 0.05292497].
2019-08-01 09:08:54,395 - INFO - Finished optimization with guess, [0.42093678 0.05292497].
2019-08-01 09:08:54,395 - INFO - Best fit parameters: [1.00000000e-04 4.51172104e-06].
2019-08-01 09:08:54,402 - INFO - Maximum log composite likelihood: -21.4307005647.
2019-08-01 09:08:54,402 - INFO - Optimal value of theta: 66.7925227819.
2019-08-01 09:08:54,403 - INFO - Beginning optimization with guess, [0.53639095 0.06632816].
2019-08-01 09:08:54,982 - INFO - Finished optimization with guess, [0.53639095 0.06632816].
2019-08-01 09:08:54,982 - INFO - Best fit parameters: [1.00000000e-04 4.51171339e-06].
2019-08-01 09:08:54,989 - INFO - Maximum log composite likelihood: -21.4307005666.
2019-08-01 09:08:54,990 - INFO - Optimal value of theta: 66.792512644.
2019-08-01 09:08:54,990 - INFO - Beginning optimization with guess, [0.75691554 0.18223074].
2019-08-01 09:08:55,629 - INFO - Finished optimization with guess, [0.75691554 0.18223074].
2019-08-01 09:08:55,630 - INFO - Best fit parameters: [1.00000000e-04 4.51171953e-06].
2019-08-01 09:08:55,637 - INFO - Maximum log composite likelihood: -21.4307005651.
2019-08-01 09:08:55,637 - INFO - Optimal value of theta: 66.792520785.
2019-08-01 09:08:55,637 - INFO - Beginning optimization with guess, [0.69155726 0.05864046].
2019-08-01 09:08:56,200 - INFO - Finished optimization with guess, [0.69155726 0.05864046].
2019-08-01 09:08:56,200 - INFO - Best fit parameters: [1.00000000e-04 4.51172097e-06].
2019-08-01 09:08:56,208 - INFO - Maximum log composite likelihood: -21.4307005647.
2019-08-01 09:08:56,208 - INFO - Optimal value of theta: 66.7925226907.
2019-08-01 09:08:56,208 - INFO - Beginning optimization with guess, [0.26395391 0.05962884].
2019-08-01 09:08:56,766 - INFO - Finished optimization with guess, [0.26395391 0.05962884].
2019-08-01 09:08:56,767 - INFO - Best fit parameters: [1.00000000e-04 4.51171908e-06].
2019-08-01 09:08:56,774 - INFO - Maximum log composite likelihood: -21.4307005652.
2019-08-01 09:08:56,774 - INFO - Optimal value of theta: 66.7925201915.
2019-08-01 09:08:56,775 - INFO - Beginning optimization with guess, [0.38145901 0.05788643].
2019-08-01 09:08:57,311 - INFO - Finished optimization with guess, [0.38145901 0.05788643].
2019-08-01 09:08:57,311 - INFO - Best fit parameters: [1.0000000e-04 4.5117253e-06].
2019-08-01 09:08:57,318 - INFO - Maximum log composite likelihood: -21.4307005636.
2019-08-01 09:08:57,319 - INFO - Optimal value of theta: 66.7925284286.
2019-08-01 09:08:57,319 - INFO - Beginning optimization with guess, [0.9041288  0.13161226].
2019-08-01 09:08:57,989 - INFO - Finished optimization with guess, [0.9041288  0.13161226].
2019-08-01 09:08:57,989 - INFO - Best fit parameters: [1.0000000e-04 4.5117257e-06].
2019-08-01 09:08:57,996 - INFO - Maximum log composite likelihood: -21.4307005635.
2019-08-01 09:08:57,996 - INFO - Optimal value of theta: 66.7925289661.
2019-08-01 09:08:57,997 - INFO - Beginning optimization with guess, [0.27055149 0.1836627 ].
2019-08-01 09:08:58,581 - INFO - Finished optimization with guess, [0.27055149 0.1836627 ].
2019-08-01 09:08:58,581 - INFO - Best fit parameters: [1.00000000e-04 4.51172362e-06].
2019-08-01 09:08:58,588 - INFO - Maximum log composite likelihood: -21.430700564.
2019-08-01 09:08:58,589 - INFO - Optimal value of theta: 66.7925261985.
2019-08-01 09:08:58,589 - INFO - Beginning optimization with guess, [0.40395815 0.11500421].
2019-08-01 09:08:59,128 - INFO - Finished optimization with guess, [0.40395815 0.11500421].
2019-08-01 09:08:59,128 - INFO - Best fit parameters: [1.00000000e-04 4.51171245e-06].
2019-08-01 09:08:59,135 - INFO - Maximum log composite likelihood: -21.4307005669.
2019-08-01 09:08:59,135 - INFO - Optimal value of theta: 66.7925114029.
2019-08-01 09:08:59,135 - INFO - Beginning optimization with guess, [0.832805   0.14867111].
2019-08-01 09:08:59,826 - INFO - Finished optimization with guess, [0.832805   0.14867111].
2019-08-01 09:08:59,826 - INFO - Best fit parameters: [1.000000e-04 4.513991e-06].
2019-08-01 09:08:59,833 - INFO - Maximum log composite likelihood: -21.430700282.
2019-08-01 09:08:59,833 - INFO - Optimal value of theta: 66.7955304715.
2019-08-01 09:08:59,834 - INFO - Beginning optimization with guess, [0.44143275 0.05845479].
2019-08-01 09:09:00,371 - INFO - Finished optimization with guess, [0.44143275 0.05845479].
2019-08-01 09:09:00,372 - INFO - Best fit parameters: [1.00000000e-04 4.51172093e-06].
2019-08-01 09:09:00,379 - INFO - Maximum log composite likelihood: -21.4307005647.
2019-08-01 09:09:00,379 - INFO - Optimal value of theta: 66.7925226393.
2019-08-01 09:09:00,379 - INFO - Beginning optimization with guess, [0.51913508 0.08686919].
2019-08-01 09:09:00,899 - INFO - Finished optimization with guess, [0.51913508 0.08686919].
2019-08-01 09:09:00,899 - INFO - Best fit parameters: [1.00000000e-04 4.51171622e-06].
2019-08-01 09:09:00,906 - INFO - Maximum log composite likelihood: -21.4307005659.
2019-08-01 09:09:00,907 - INFO - Optimal value of theta: 66.7925164009.
2019-08-01 09:09:00,907 - INFO - Beginning optimization with guess, [0.99029765 0.05576678].
2019-08-01 09:09:01,823 - INFO - Finished optimization with guess, [0.99029765 0.05576678].
2019-08-01 09:09:01,823 - INFO - Best fit parameters: [5.24465711e-04 2.36864075e-05].
2019-08-01 09:09:01,830 - INFO - Maximum log composite likelihood: -21.4307306453.
2019-08-01 09:09:01,831 - INFO - Optimal value of theta: 66.7956781568.
2019-08-01 09:09:01,831 - INFO - Beginning optimization with guess, [0.87554573 0.15127766].
2019-08-01 09:09:02,524 - INFO - Finished optimization with guess, [0.87554573 0.15127766].
2019-08-01 09:09:02,524 - INFO - Best fit parameters: [1.00000000e-04 4.51172941e-06].
2019-08-01 09:09:02,531 - INFO - Maximum log composite likelihood: -21.4307005626.
2019-08-01 09:09:02,531 - INFO - Optimal value of theta: 66.7925338817.
2019-08-01 09:09:02,531 - INFO - Beginning optimization with guess, [0.30331936 0.06673436].
2019-08-01 09:09:03,129 - INFO - Finished optimization with guess, [0.30331936 0.06673436].
2019-08-01 09:09:03,129 - INFO - Best fit parameters: [1.00000000e-04 4.51394067e-06].
2019-08-01 09:09:03,136 - INFO - Maximum log composite likelihood: -21.4307002821.
2019-08-01 09:09:03,137 - INFO - Optimal value of theta: 66.7954637923.
2019-08-01 09:09:03,137 - INFO - Beginning optimization with guess, [0.28811218 0.07557695].
2019-08-01 09:09:03,798 - INFO - Finished optimization with guess, [0.28811218 0.07557695].
2019-08-01 09:09:03,798 - INFO - Best fit parameters: [1.00000000e-04 4.51385914e-06].
2019-08-01 09:09:03,805 - INFO - Maximum log composite likelihood: -21.4307002828.
2019-08-01 09:09:03,805 - INFO - Optimal value of theta: 66.7953557736.
2019-08-01 09:09:03,805 - INFO - Beginning optimization with guess, [0.7995443  0.07310208].
2019-08-01 09:09:04,364 - INFO - Finished optimization with guess, [0.7995443  0.07310208].
2019-08-01 09:09:04,364 - INFO - Best fit parameters: [1.00000000e-04 4.51172018e-06].
2019-08-01 09:09:04,371 - INFO - Maximum log composite likelihood: -21.4307005649.
2019-08-01 09:09:04,371 - INFO - Optimal value of theta: 66.7925216504.
2019-08-01 09:09:04,372 - INFO - Beginning optimization with guess, [0.7607415 0.1071258].
2019-08-01 09:09:04,932 - INFO - Finished optimization with guess, [0.7607415 0.1071258].
2019-08-01 09:09:04,932 - INFO - Best fit parameters: [1.00000000e-04 4.51172171e-06].
2019-08-01 09:09:04,939 - INFO - Maximum log composite likelihood: -21.4307005645.
2019-08-01 09:09:04,940 - INFO - Optimal value of theta: 66.7925236708.
2019-08-01 09:09:04,940 - INFO - Beginning optimization with guess, [0.26833646 0.19704765].
2019-08-01 09:09:05,536 - INFO - Finished optimization with guess, [0.26833646 0.19704765].
2019-08-01 09:09:05,538 - INFO - Best fit parameters: [1.00000000e-04 4.51385445e-06].
2019-08-01 09:09:05,544 - INFO - Maximum log composite likelihood: -21.4307002829.
2019-08-01 09:09:05,544 - INFO - Optimal value of theta: 66.7953495499.
2019-08-01 09:09:05,545 - INFO - Beginning optimization with guess, [0.86934851 0.05023776].
2019-08-01 09:09:06,327 - INFO - Finished optimization with guess, [0.86934851 0.05023776].
2019-08-01 09:09:06,327 - INFO - Best fit parameters: [1.98159772e-03 8.83578247e-05].
2019-08-01 09:09:06,334 - INFO - Maximum log composite likelihood: -21.4310754818.
2019-08-01 09:09:06,335 - INFO - Optimal value of theta: 66.7097333604.
2019-08-01 09:09:06,335 - INFO - Beginning optimization with guess, [0.25958039 0.17529133].
2019-08-01 09:09:06,901 - INFO - Finished optimization with guess, [0.25958039 0.17529133].
2019-08-01 09:09:06,901 - INFO - Best fit parameters: [1.00000000e-04 4.51172103e-06].
2019-08-01 09:09:06,908 - INFO - Maximum log composite likelihood: -21.4307005647.
2019-08-01 09:09:06,908 - INFO - Optimal value of theta: 66.7925227731.
2019-08-01 09:09:06,909 - INFO - Beginning optimization with guess, [0.32646209 0.12760341].
2019-08-01 09:09:07,478 - INFO - Finished optimization with guess, [0.32646209 0.12760341].
2019-08-01 09:09:07,478 - INFO - Best fit parameters: [1.00000000e-04 4.51396399e-06].
2019-08-01 09:09:07,485 - INFO - Maximum log composite likelihood: -21.430700282.
2019-08-01 09:09:07,486 - INFO - Optimal value of theta: 66.7954946798.
2019-08-01 09:09:07,486 - INFO - Beginning optimization with guess, [0.28053573 0.1974355 ].
2019-08-01 09:09:08,091 - INFO - Finished optimization with guess, [0.28053573 0.1974355 ].
2019-08-01 09:09:08,091 - INFO - Best fit parameters: [1.00000000e-04 4.51172188e-06].
2019-08-01 09:09:08,098 - INFO - Maximum log composite likelihood: -21.4307005645.
2019-08-01 09:09:08,099 - INFO - Optimal value of theta: 66.7925238918.
2019-08-01 09:09:08,099 - INFO - Beginning optimization with guess, [0.93307894 0.10881597].
2019-08-01 09:09:08,599 - INFO - Finished optimization with guess, [0.93307894 0.10881597].
2019-08-01 09:09:08,599 - INFO - Best fit parameters: [1.00000000e-04 4.51173273e-06].
2019-08-01 09:09:08,606 - INFO - Maximum log composite likelihood: -21.4307005618.
2019-08-01 09:09:08,606 - INFO - Optimal value of theta: 66.7925382809.
2019-08-01 09:09:08,607 - INFO - Beginning optimization with guess, [0.64182925 0.11314493].
2019-08-01 09:09:09,154 - INFO - Finished optimization with guess, [0.64182925 0.11314493].
2019-08-01 09:09:09,154 - INFO - Best fit parameters: [1.00000000e-04 4.51172111e-06].
2019-08-01 09:09:09,161 - INFO - Maximum log composite likelihood: -21.4307005647.
2019-08-01 09:09:09,161 - INFO - Optimal value of theta: 66.7925228803.
2019-08-01 09:09:09,162 - INFO - Beginning optimization with guess, [0.56487566 0.102436  ].
2019-08-01 09:09:09,760 - INFO - Finished optimization with guess, [0.56487566 0.102436  ].
2019-08-01 09:09:09,761 - INFO - Best fit parameters: [1.00000000e-04 4.51171929e-06].
2019-08-01 09:09:09,768 - INFO - Maximum log composite likelihood: -21.4307005651.
2019-08-01 09:09:09,768 - INFO - Optimal value of theta: 66.7925204666.
2019-08-01 09:09:09,768 - INFO - Beginning optimization with guess, [0.70003603 0.08995691].
2019-08-01 09:09:10,543 - INFO - Finished optimization with guess, [0.70003603 0.08995691].
2019-08-01 09:09:10,543 - INFO - Best fit parameters: [0.00233585 0.00010467].
2019-08-01 09:09:10,550 - INFO - Maximum log composite likelihood: -21.4309768446.
2019-08-01 09:09:10,551 - INFO - Optimal value of theta: 66.736375728.
2019-08-01 09:09:10,551 - INFO - Beginning optimization with guess, [0.43474548 0.05878423].
2019-08-01 09:09:11,213 - INFO - Finished optimization with guess, [0.43474548 0.05878423].
2019-08-01 09:09:11,213 - INFO - Best fit parameters: [0.00276041 0.00012256].
2019-08-01 09:09:11,220 - INFO - Maximum log composite likelihood: -21.4313355958.
2019-08-01 09:09:11,221 - INFO - Optimal value of theta: 66.679057578.
2019-08-01 09:09:11,221 - INFO - Beginning optimization with guess, [0.28980416 0.05938343].
2019-08-01 09:09:11,926 - INFO - Finished optimization with guess, [0.28980416 0.05938343].
2019-08-01 09:09:11,926 - INFO - Best fit parameters: [1.0000000e-04 4.5117213e-06].
2019-08-01 09:09:11,933 - INFO - Maximum log composite likelihood: -21.4307005646.
2019-08-01 09:09:11,933 - INFO - Optimal value of theta: 66.7925231347.
2019-08-01 09:09:11,934 - INFO - Beginning optimization with guess, [0.50745236 0.07109683].
2019-08-01 09:09:12,363 - INFO - Finished optimization with guess, [0.50745236 0.07109683].
2019-08-01 09:09:12,363 - INFO - Best fit parameters: [1.00000000e-04 4.51172152e-06].
2019-08-01 09:09:12,370 - INFO - Maximum log composite likelihood: -21.4307005646.
2019-08-01 09:09:12,370 - INFO - Optimal value of theta: 66.7925234227.
2019-08-01 09:09:12,370 - INFO - Beginning optimization with guess, [0.50289678 0.12368239].
2019-08-01 09:09:13,186 - INFO - Finished optimization with guess, [0.50289678 0.12368239].
2019-08-01 09:09:13,187 - INFO - Best fit parameters: [4.89099504e-04 2.20782872e-05].
2019-08-01 09:09:13,194 - INFO - Maximum log composite likelihood: -21.4307283546.
2019-08-01 09:09:13,194 - INFO - Optimal value of theta: 66.7929746583.
2019-08-01 09:09:13,195 - INFO - Beginning optimization with guess, [0.35870384 0.08211596].
2019-08-01 09:09:13,732 - INFO - Finished optimization with guess, [0.35870384 0.08211596].
2019-08-01 09:09:13,732 - INFO - Best fit parameters: [1.0000000e-04 4.5117155e-06].
2019-08-01 09:09:13,739 - INFO - Maximum log composite likelihood: -21.4307005661.
2019-08-01 09:09:13,740 - INFO - Optimal value of theta: 66.7925154443.
2019-08-01 09:09:13,740 - INFO - Beginning optimization with guess, [0.96817466 0.06884992].
2019-08-01 09:09:14,470 - INFO - Finished optimization with guess, [0.96817466 0.06884992].
2019-08-01 09:09:14,470 - INFO - Best fit parameters: [1.00000000e-04 4.51172997e-06].
2019-08-01 09:09:14,477 - INFO - Maximum log composite likelihood: -21.4307005625.
2019-08-01 09:09:14,478 - INFO - Optimal value of theta: 66.7925346162.
2019-08-01 09:09:14,478 - INFO - Beginning optimization with guess, [0.33302038 0.13458029].
2019-08-01 09:09:15,170 - INFO - Finished optimization with guess, [0.33302038 0.13458029].
2019-08-01 09:09:15,171 - INFO - Best fit parameters: [1.00000000e-04 4.51174064e-06].
2019-08-01 09:09:15,178 - INFO - Maximum log composite likelihood: -21.4307005598.
2019-08-01 09:09:15,178 - INFO - Optimal value of theta: 66.7925487577.
2019-08-01 09:09:15,179 - INFO - Beginning optimization with guess, [0.45885242 0.10910189].
2019-08-01 09:09:15,889 - INFO - Finished optimization with guess, [0.45885242 0.10910189].
2019-08-01 09:09:15,890 - INFO - Best fit parameters: [1.00000000e-04 4.51406116e-06].
2019-08-01 09:09:15,897 - INFO - Maximum log composite likelihood: -21.4307002824.
2019-08-01 09:09:15,898 - INFO - Optimal value of theta: 66.7956234239.
2019-08-01 09:09:15,898 - INFO - Beginning optimization with guess, [0.91532458 0.18186114].
2019-08-01 09:09:16,491 - INFO - Finished optimization with guess, [0.91532458 0.18186114].
2019-08-01 09:09:16,492 - INFO - Best fit parameters: [1.00000000e-04 4.51172089e-06].
2019-08-01 09:09:16,499 - INFO - Maximum log composite likelihood: -21.4307005647.
2019-08-01 09:09:16,499 - INFO - Optimal value of theta: 66.7925225873.
2019-08-01 09:09:16,499 - INFO - Beginning optimization with guess, [0.29692975 0.06624903].
2019-08-01 09:09:17,060 - INFO - Finished optimization with guess, [0.29692975 0.06624903].
2019-08-01 09:09:17,060 - INFO - Best fit parameters: [1.00000000e-04 4.51170989e-06].
2019-08-01 09:09:17,067 - INFO - Maximum log composite likelihood: -21.4307005675.
2019-08-01 09:09:17,068 - INFO - Optimal value of theta: 66.792508005.
2019-08-01 09:09:17,068 - INFO - Beginning optimization with guess, [0.55764152 0.07071255].
2019-08-01 09:09:17,607 - INFO - Finished optimization with guess, [0.55764152 0.07071255].
2019-08-01 09:09:17,608 - INFO - Best fit parameters: [1.00000000e-04 4.51171967e-06].
2019-08-01 09:09:17,615 - INFO - Maximum log composite likelihood: -21.430700565.
2019-08-01 09:09:17,615 - INFO - Optimal value of theta: 66.7925209678.
2019-08-01 09:09:17,615 - INFO - Beginning optimization with guess, [0.26785788 0.06006582].
2019-08-01 09:09:18,174 - INFO - Finished optimization with guess, [0.26785788 0.06006582].
2019-08-01 09:09:18,175 - INFO - Best fit parameters: [1.00000000e-04 4.51174664e-06].
2019-08-01 09:09:18,182 - INFO - Maximum log composite likelihood: -21.4307005583.
2019-08-01 09:09:18,182 - INFO - Optimal value of theta: 66.7925567132.
2019-08-01 09:09:18,182 - INFO - Beginning optimization with guess, [0.85135575 0.09759543].
2019-08-01 09:09:19,146 - INFO - Finished optimization with guess, [0.85135575 0.09759543].
2019-08-01 09:09:19,147 - INFO - Best fit parameters: [1.17498915e-03 5.31106882e-05].
2019-08-01 09:09:19,154 - INFO - Maximum log composite likelihood: -21.4307773091.
2019-08-01 09:09:19,154 - INFO - Optimal value of theta: 66.7962678572.
2019-08-01 09:09:19,154 - INFO - Beginning optimization with guess, [0.68231026 0.15333959].
2019-08-01 09:09:19,771 - INFO - Finished optimization with guess, [0.68231026 0.15333959].
2019-08-01 09:09:19,771 - INFO - Best fit parameters: [1.00000000e-04 4.51172666e-06].
2019-08-01 09:09:19,778 - INFO - Maximum log composite likelihood: -21.4307005633.
2019-08-01 09:09:19,779 - INFO - Optimal value of theta: 66.7925302254.
2019-08-01 09:09:19,779 - INFO - Beginning optimization with guess, [0.53823245 0.104147  ].
2019-08-01 09:09:20,344 - INFO - Finished optimization with guess, [0.53823245 0.104147  ].
2019-08-01 09:09:20,344 - INFO - Best fit parameters: [1.00000000e-04 4.51172094e-06].
2019-08-01 09:09:20,352 - INFO - Maximum log composite likelihood: -21.4307005647.
2019-08-01 09:09:20,352 - INFO - Optimal value of theta: 66.7925226587.
2019-08-01 09:09:20,352 - INFO - Beginning optimization with guess, [0.45252904 0.06255803].
2019-08-01 09:09:20,827 - INFO - Finished optimization with guess, [0.45252904 0.06255803].
2019-08-01 09:09:20,827 - INFO - Best fit parameters: [1.000000e-04 4.511717e-06].
2019-08-01 09:09:20,834 - INFO - Maximum log composite likelihood: -21.4307005657.
2019-08-01 09:09:20,834 - INFO - Optimal value of theta: 66.7925174274.
2019-08-01 09:09:20,835 - INFO - Beginning optimization with guess, [0.61349065 0.12686345].
2019-08-01 09:09:21,381 - INFO - Finished optimization with guess, [0.61349065 0.12686345].
2019-08-01 09:09:21,381 - INFO - Best fit parameters: [1.00000000e-04 4.51172095e-06].
2019-08-01 09:09:21,388 - INFO - Maximum log composite likelihood: -21.4307005647.
2019-08-01 09:09:21,388 - INFO - Optimal value of theta: 66.7925226608.
2019-08-01 09:09:21,389 - INFO - Beginning optimization with guess, [0.86988471 0.17650414].
2019-08-01 09:09:22,130 - INFO - Finished optimization with guess, [0.86988471 0.17650414].
2019-08-01 09:09:22,132 - INFO - Best fit parameters: [1.0000000e-04 4.5125728e-06].
2019-08-01 09:09:22,138 - INFO - Maximum log composite likelihood: -21.4307003916.
2019-08-01 09:09:22,139 - INFO - Optimal value of theta: 66.7936514137.
2019-08-01 09:09:22,139 - INFO - Beginning optimization with guess, [0.33298294 0.10960507].
2019-08-01 09:09:22,704 - INFO - Finished optimization with guess, [0.33298294 0.10960507].
2019-08-01 09:09:22,704 - INFO - Best fit parameters: [1.00000000e-04 4.51172084e-06].
2019-08-01 09:09:22,711 - INFO - Maximum log composite likelihood: -21.4307005647.
2019-08-01 09:09:22,711 - INFO - Optimal value of theta: 66.792522525.
2019-08-01 09:09:22,712 - INFO - Beginning optimization with guess, [0.45366404 0.05812773].
2019-08-01 09:09:23,567 - INFO - Finished optimization with guess, [0.45366404 0.05812773].
2019-08-01 09:09:23,567 - INFO - Best fit parameters: [2.14461042e-03 9.70611340e-05].
2019-08-01 09:09:23,575 - INFO - Maximum log composite likelihood: -21.4308471618.
2019-08-01 09:09:23,575 - INFO - Optimal value of theta: 66.7971851827.
2019-08-01 09:09:23,575 - INFO - Beginning optimization with guess, [0.55099048 0.08380973].
2019-08-01 09:09:24,092 - INFO - Finished optimization with guess, [0.55099048 0.08380973].
2019-08-01 09:09:24,092 - INFO - Best fit parameters: [1.00000000e-04 4.51172088e-06].
2019-08-01 09:09:24,099 - INFO - Maximum log composite likelihood: -21.4307005647.
2019-08-01 09:09:24,099 - INFO - Optimal value of theta: 66.7925225671.
2019-08-01 09:09:24,100 - INFO - Beginning optimization with guess, [0.46773629 0.1115706 ].
2019-08-01 09:09:24,622 - INFO - Finished optimization with guess, [0.46773629 0.1115706 ].
2019-08-01 09:09:24,622 - INFO - Best fit parameters: [1.00000000e-04 4.51172273e-06].
2019-08-01 09:09:24,629 - INFO - Maximum log composite likelihood: -21.4307005643.
2019-08-01 09:09:24,629 - INFO - Optimal value of theta: 66.7925250294.
2019-08-01 09:09:24,630 - INFO - Beginning optimization with guess, [0.30853207 0.06386134].
2019-08-01 09:09:25,128 - INFO - Finished optimization with guess, [0.30853207 0.06386134].
2019-08-01 09:09:25,128 - INFO - Best fit parameters: [1.00000000e-04 4.51172127e-06].
2019-08-01 09:09:25,135 - INFO - Maximum log composite likelihood: -21.4307005646.
2019-08-01 09:09:25,136 - INFO - Optimal value of theta: 66.7925230946.
2019-08-01 09:09:25,136 - INFO - Beginning optimization with guess, [0.90851785 0.08316894].
2019-08-01 09:09:25,995 - INFO - Finished optimization with guess, [0.90851785 0.08316894].
2019-08-01 09:09:25,995 - INFO - Best fit parameters: [1.00000000e-04 4.51293185e-06].
2019-08-01 09:09:26,003 - INFO - Maximum log composite likelihood: -21.4307003427.
2019-08-01 09:09:26,003 - INFO - Optimal value of theta: 66.7941271608.
2019-08-01 09:09:26,003 - INFO - Beginning optimization with guess, [0.41693964 0.18712583].
2019-08-01 09:09:26,578 - INFO - Finished optimization with guess, [0.41693964 0.18712583].
2019-08-01 09:09:26,578 - INFO - Best fit parameters: [1.00000000e-04 4.51172518e-06].
2019-08-01 09:09:26,585 - INFO - Maximum log composite likelihood: -21.4307005637.
2019-08-01 09:09:26,585 - INFO - Optimal value of theta: 66.7925282693.
2019-08-01 09:09:26,586 - INFO - Beginning optimization with guess, [0.66077886 0.1987746 ].
2019-08-01 09:09:27,459 - INFO - Finished optimization with guess, [0.66077886 0.1987746 ].
2019-08-01 09:09:27,460 - INFO - Best fit parameters: [0.0053963  0.00024067].
2019-08-01 09:09:27,467 - INFO - Maximum log composite likelihood: -21.4314716796.
2019-08-01 09:09:27,467 - INFO - Optimal value of theta: 66.6881063291.
2019-08-01 09:09:27,467 - INFO - Beginning optimization with guess, [0.78693327 0.08487445].
2019-08-01 09:09:28,426 - INFO - Finished optimization with guess, [0.78693327 0.08487445].
2019-08-01 09:09:28,426 - INFO - Best fit parameters: [1.00000000e-04 4.51178407e-06].
2019-08-01 09:09:28,433 - INFO - Maximum log composite likelihood: -21.4307005491.
2019-08-01 09:09:28,434 - INFO - Optimal value of theta: 66.7926063038.
2019-08-01 09:09:28,434 - INFO - Beginning optimization with guess, [0.46783669 0.14212527].
2019-08-01 09:09:29,031 - INFO - Finished optimization with guess, [0.46783669 0.14212527].
2019-08-01 09:09:29,031 - INFO - Best fit parameters: [1.00000000e-04 4.51172122e-06].
2019-08-01 09:09:29,038 - INFO - Maximum log composite likelihood: -21.4307005646.
2019-08-01 09:09:29,039 - INFO - Optimal value of theta: 66.7925230274.
2019-08-01 09:09:29,039 - INFO - Beginning optimization with guess, [0.89228703 0.16154303].
2019-08-01 09:09:29,935 - INFO - Finished optimization with guess, [0.89228703 0.16154303].
2019-08-01 09:09:29,935 - INFO - Best fit parameters: [1.00000000e-04 4.51332974e-06].
2019-08-01 09:09:29,943 - INFO - Maximum log composite likelihood: -21.4307003053.
2019-08-01 09:09:29,943 - INFO - Optimal value of theta: 66.7946543571.
2019-08-01 09:09:29,943 - INFO - Beginning optimization with guess, [0.25021765 0.09640073].
2019-08-01 09:09:30,785 - INFO - Finished optimization with guess, [0.25021765 0.09640073].
2019-08-01 09:09:30,786 - INFO - Best fit parameters: [0.0038436  0.00017108].
2019-08-01 09:09:30,793 - INFO - Maximum log composite likelihood: -21.4313626103.
2019-08-01 09:09:30,793 - INFO - Optimal value of theta: 66.6866605348.
2019-08-01 09:09:30,794 - INFO - Beginning optimization with guess, [0.28165384 0.05473892].
2019-08-01 09:09:31,421 - INFO - Finished optimization with guess, [0.28165384 0.05473892].
2019-08-01 09:09:31,422 - INFO - Best fit parameters: [1.00000000e-04 4.51172588e-06].
2019-08-01 09:09:31,429 - INFO - Maximum log composite likelihood: -21.4307005635.
2019-08-01 09:09:31,429 - INFO - Optimal value of theta: 66.7925292024.
2019-08-01 09:09:31,429 - INFO - Beginning optimization with guess, [0.93526271 0.12882765].
2019-08-01 09:09:32,616 - INFO - Finished optimization with guess, [0.93526271 0.12882765].
2019-08-01 09:09:32,617 - INFO - Best fit parameters: [1.00000000e-04 4.51216913e-06].
2019-08-01 09:09:32,624 - INFO - Maximum log composite likelihood: -21.4307004636.
2019-08-01 09:09:32,624 - INFO - Optimal value of theta: 66.7931165407.
2019-08-01 09:09:32,624 - INFO - Beginning optimization with guess, [0.27429965 0.14103037].
2019-08-01 09:09:33,220 - INFO - Finished optimization with guess, [0.27429965 0.14103037].
2019-08-01 09:09:33,221 - INFO - Best fit parameters: [1.00000000e-04 4.51172062e-06].
2019-08-01 09:09:33,228 - INFO - Maximum log composite likelihood: -21.4307005648.
2019-08-01 09:09:33,228 - INFO - Optimal value of theta: 66.7925222273.
2019-08-01 09:09:33,228 - INFO - Beginning optimization with guess, [0.62172894 0.12931049].
2019-08-01 09:09:33,778 - INFO - Finished optimization with guess, [0.62172894 0.12931049].
2019-08-01 09:09:33,779 - INFO - Best fit parameters: [1.00000000e-04 4.51172648e-06].
2019-08-01 09:09:33,786 - INFO - Maximum log composite likelihood: -21.4307005633.
2019-08-01 09:09:33,786 - INFO - Optimal value of theta: 66.7925299975.
2019-08-01 09:09:33,786 - INFO - Beginning optimization with guess, [0.49318466 0.05324112].
2019-08-01 09:09:34,285 - INFO - Finished optimization with guess, [0.49318466 0.05324112].
2019-08-01 09:09:34,285 - INFO - Best fit parameters: [1.00000000e-04 4.51171963e-06].
2019-08-01 09:09:34,292 - INFO - Maximum log composite likelihood: -21.430700565.
2019-08-01 09:09:34,293 - INFO - Optimal value of theta: 66.7925209119.
2019-08-01 09:09:34,293 - INFO - Beginning optimization with guess, [0.47888003 0.16582141].
2019-08-01 09:09:35,102 - INFO - Finished optimization with guess, [0.47888003 0.16582141].
2019-08-01 09:09:35,102 - INFO - Best fit parameters: [0.00372556 0.00016653].
2019-08-01 09:09:35,110 - INFO - Maximum log composite likelihood: -21.4311923555.
2019-08-01 09:09:35,110 - INFO - Optimal value of theta: 66.7123996974.
2019-08-01 09:09:35,110 - INFO - Beginning optimization with guess, [0.92154449 0.13284455].
2019-08-01 09:09:35,724 - INFO - Finished optimization with guess, [0.92154449 0.13284455].
2019-08-01 09:09:35,725 - INFO - Best fit parameters: [1.0000000e-04 4.5117229e-06].
2019-08-01 09:09:35,732 - INFO - Maximum log composite likelihood: -21.4307005642.
2019-08-01 09:09:35,732 - INFO - Optimal value of theta: 66.792525246.
2019-08-01 09:09:35,733 - INFO - Beginning optimization with guess, [0.63255237 0.18594995].
2019-08-01 09:09:36,191 - INFO - Finished optimization with guess, [0.63255237 0.18594995].
2019-08-01 09:09:36,191 - INFO - Best fit parameters: [1.00000000e-04 4.51172146e-06].
2019-08-01 09:09:36,199 - INFO - Maximum log composite likelihood: -21.4307005646.
2019-08-01 09:09:36,199 - INFO - Optimal value of theta: 66.7925233445.
2019-08-01 09:09:36,199 - INFO - Beginning optimization with guess, [0.63549443 0.11331886].
2019-08-01 09:09:36,768 - INFO - Finished optimization with guess, [0.63549443 0.11331886].
2019-08-01 09:09:36,768 - INFO - Best fit parameters: [1.00000000e-04 4.51172639e-06].
2019-08-01 09:09:36,776 - INFO - Maximum log composite likelihood: -21.4307005634.
2019-08-01 09:09:36,776 - INFO - Optimal value of theta: 66.7925298802.
2019-08-01 09:09:36,776 - INFO - Beginning optimization with guess, [0.64021515 0.05118567].
2019-08-01 09:09:37,452 - INFO - Finished optimization with guess, [0.64021515 0.05118567].
2019-08-01 09:09:37,454 - INFO - Best fit parameters: [1.00000000e-04 4.51172082e-06].
2019-08-01 09:09:37,461 - INFO - Maximum log composite likelihood: -21.4307005647.
2019-08-01 09:09:37,461 - INFO - Optimal value of theta: 66.7925224953.
2019-08-01 09:09:37,461 - INFO - Beginning optimization with guess, [0.68657233 0.10644739].
2019-08-01 09:09:38,020 - INFO - Finished optimization with guess, [0.68657233 0.10644739].
2019-08-01 09:09:38,020 - INFO - Best fit parameters: [1.00000000e-04 4.51172587e-06].
2019-08-01 09:09:38,027 - INFO - Maximum log composite likelihood: -21.4307005635.
2019-08-01 09:09:38,028 - INFO - Optimal value of theta: 66.7925291885.
2019-08-01 09:09:38,028 - INFO - Beginning optimization with guess, [0.79273942 0.10755527].
2019-08-01 09:09:38,652 - INFO - Finished optimization with guess, [0.79273942 0.10755527].
2019-08-01 09:09:38,652 - INFO - Best fit parameters: [1.00000000e-04 4.51182318e-06].
2019-08-01 09:09:38,659 - INFO - Maximum log composite likelihood: -21.4307005397.
2019-08-01 09:09:38,659 - INFO - Optimal value of theta: 66.7926581289.
2019-08-01 09:09:38,659 - INFO - Beginning optimization with guess, [0.44364664 0.14275782].
2019-08-01 09:09:39,434 - INFO - Finished optimization with guess, [0.44364664 0.14275782].
2019-08-01 09:09:39,434 - INFO - Best fit parameters: [1.00000000e-04 4.51225517e-06].
2019-08-01 09:09:39,441 - INFO - Maximum log composite likelihood: -21.4307004467.
2019-08-01 09:09:39,442 - INFO - Optimal value of theta: 66.7932305422.
2019-08-01 09:09:39,442 - INFO - Beginning optimization with guess, [0.70866348 0.13785188].
2019-08-01 09:09:40,071 - INFO - Finished optimization with guess, [0.70866348 0.13785188].
2019-08-01 09:09:40,071 - INFO - Best fit parameters: [1.00000000e-04 4.51172082e-06].
2019-08-01 09:09:40,078 - INFO - Maximum log composite likelihood: -21.4307005647.
2019-08-01 09:09:40,079 - INFO - Optimal value of theta: 66.7925224977.
2019-08-01 09:09:40,079 - INFO - Beginning optimization with guess, [0.37746283 0.06422946].
2019-08-01 09:09:41,010 - INFO - Finished optimization with guess, [0.37746283 0.06422946].
2019-08-01 09:09:41,010 - INFO - Best fit parameters: [1.77011383e-03 8.00562470e-05].
2019-08-01 09:09:41,017 - INFO - Maximum log composite likelihood: -21.4308201632.
2019-08-01 09:09:41,018 - INFO - Optimal value of theta: 66.7955807418.
2019-08-01 09:09:41,018 - INFO - Beginning optimization with guess, [0.76080177 0.10267885].
2019-08-01 09:09:41,663 - INFO - Finished optimization with guess, [0.76080177 0.10267885].
2019-08-01 09:09:41,663 - INFO - Best fit parameters: [1.0000000e-04 4.5138821e-06].
2019-08-01 09:09:41,670 - INFO - Maximum log composite likelihood: -21.4307002825.
2019-08-01 09:09:41,670 - INFO - Optimal value of theta: 66.7953861848.
2019-08-01 09:09:41,671 - INFO - Beginning optimization with guess, [0.84388893 0.08999006].
2019-08-01 09:09:42,249 - INFO - Finished optimization with guess, [0.84388893 0.08999006].
2019-08-01 09:09:42,249 - INFO - Best fit parameters: [1.00000000e-04 4.51171847e-06].
2019-08-01 09:09:42,256 - INFO - Maximum log composite likelihood: -21.4307005653.
2019-08-01 09:09:42,257 - INFO - Optimal value of theta: 66.7925193805.
2019-08-01 09:09:42,257 - INFO - Beginning optimization with guess, [0.51868305 0.06049571].
2019-08-01 09:09:42,792 - INFO - Finished optimization with guess, [0.51868305 0.06049571].
2019-08-01 09:09:42,792 - INFO - Best fit parameters: [0.0460896  0.00221259].
2019-08-01 09:09:42,799 - INFO - Maximum log composite likelihood: -21.4344135183.
2019-08-01 09:09:42,799 - INFO - Optimal value of theta: 66.8380577277.
2019-08-01 09:09:42,800 - INFO - Beginning optimization with guess, [0.43091192 0.09403778].
2019-08-01 09:09:43,274 - INFO - Finished optimization with guess, [0.43091192 0.09403778].
2019-08-01 09:09:43,275 - INFO - Best fit parameters: [1.00000000e-04 4.51172127e-06].
2019-08-01 09:09:43,282 - INFO - Maximum log composite likelihood: -21.4307005646.
2019-08-01 09:09:43,282 - INFO - Optimal value of theta: 66.792523087.
2019-08-01 09:09:43,282 - INFO - Beginning optimization with guess, [0.97156663 0.18081362].
2019-08-01 09:09:43,868 - INFO - Finished optimization with guess, [0.97156663 0.18081362].
2019-08-01 09:09:43,869 - INFO - Best fit parameters: [1.00000000e-04 4.51172072e-06].
2019-08-01 09:09:43,876 - INFO - Maximum log composite likelihood: -21.4307005648.
2019-08-01 09:09:43,876 - INFO - Optimal value of theta: 66.7925223596.
2019-08-01 09:09:43,876 - INFO - Beginning optimization with guess, [0.73280523 0.06379877].
2019-08-01 09:09:44,561 - INFO - Finished optimization with guess, [0.73280523 0.06379877].
2019-08-01 09:09:44,561 - INFO - Best fit parameters: [1.00000000e-04 4.51213031e-06].
2019-08-01 09:09:44,568 - INFO - Maximum log composite likelihood: -21.4307004714.
2019-08-01 09:09:44,568 - INFO - Optimal value of theta: 66.7930650956.
2019-08-01 09:09:44,569 - INFO - Beginning optimization with guess, [0.25083536 0.06329941].
2019-08-01 09:09:45,124 - INFO - Finished optimization with guess, [0.25083536 0.06329941].
2019-08-01 09:09:45,124 - INFO - Best fit parameters: [1.00000000e-04 4.51170835e-06].
2019-08-01 09:09:45,131 - INFO - Maximum log composite likelihood: -21.4307005679.
2019-08-01 09:09:45,131 - INFO - Optimal value of theta: 66.7925059673.
2019-08-01 09:09:45,131 - INFO - Beginning optimization with guess, [0.6778402  0.05414267].
2019-08-01 09:09:45,918 - INFO - Finished optimization with guess, [0.6778402  0.05414267].
2019-08-01 09:09:45,918 - INFO - Best fit parameters: [0.0030672 0.0001357].
2019-08-01 09:09:45,925 - INFO - Maximum log composite likelihood: -21.4315475776.
2019-08-01 09:09:45,926 - INFO - Optimal value of theta: 66.6563854832.
2019-08-01 09:09:45,926 - INFO - Beginning optimization with guess, [0.42574254 0.07246049].
2019-08-01 09:09:46,458 - INFO - Finished optimization with guess, [0.42574254 0.07246049].
2019-08-01 09:09:46,458 - INFO - Best fit parameters: [1.00000000e-04 4.51172675e-06].
2019-08-01 09:09:46,465 - INFO - Maximum log composite likelihood: -21.4307005633.
2019-08-01 09:09:46,466 - INFO - Optimal value of theta: 66.792530346.
2019-08-01 09:09:46,466 - INFO - Beginning optimization with guess, [0.73128389 0.0796546 ].
2019-08-01 09:09:47,274 - INFO - Finished optimization with guess, [0.73128389 0.0796546 ].
2019-08-01 09:09:47,274 - INFO - Best fit parameters: [0.00571364 0.00025683].
2019-08-01 09:09:47,281 - INFO - Maximum log composite likelihood: -21.4312477404.
2019-08-01 09:09:47,281 - INFO - Optimal value of theta: 66.7321569722.
2019-08-01 09:09:47,281 - INFO - Beginning optimization with guess, [0.6680138  0.05838984].
2019-08-01 09:09:47,858 - INFO - Finished optimization with guess, [0.6680138  0.05838984].
2019-08-01 09:09:47,858 - INFO - Best fit parameters: [1.00000000e-04 4.51172203e-06].
2019-08-01 09:09:47,865 - INFO - Maximum log composite likelihood: -21.4307005644.
2019-08-01 09:09:47,866 - INFO - Optimal value of theta: 66.7925240957.
2019-08-01 09:09:47,866 - INFO - Beginning optimization with guess, [0.37505336 0.13826693].
2019-08-01 09:09:48,383 - INFO - Finished optimization with guess, [0.37505336 0.13826693].
2019-08-01 09:09:48,383 - INFO - Best fit parameters: [1.00000000e-04 4.51172241e-06].
2019-08-01 09:09:48,390 - INFO - Maximum log composite likelihood: -21.4307005643.
2019-08-01 09:09:48,391 - INFO - Optimal value of theta: 66.7925246063.
2019-08-01 09:09:48,391 - INFO - Beginning optimization with guess, [0.39566594 0.17469543].
2019-08-01 09:09:49,021 - INFO - Finished optimization with guess, [0.39566594 0.17469543].
2019-08-01 09:09:49,021 - INFO - Best fit parameters: [1.00000000e-04 4.51172093e-06].
2019-08-01 09:09:49,028 - INFO - Maximum log composite likelihood: -21.4307005647.
2019-08-01 09:09:49,028 - INFO - Optimal value of theta: 66.7925226374.
2019-08-01 09:09:49,029 - INFO - Beginning optimization with guess, [0.51500026 0.13446797].
2019-08-01 09:09:49,632 - INFO - Finished optimization with guess, [0.51500026 0.13446797].
2019-08-01 09:09:49,632 - INFO - Best fit parameters: [1.00000000e-04 4.51404939e-06].
2019-08-01 09:09:49,639 - INFO - Maximum log composite likelihood: -21.4307002823.
2019-08-01 09:09:49,640 - INFO - Optimal value of theta: 66.7956078275.
2019-08-01 09:09:49,640 - INFO - Beginning optimization with guess, [0.94942553 0.10053746].
2019-08-01 09:09:50,134 - INFO - Finished optimization with guess, [0.94942553 0.10053746].
2019-08-01 09:09:50,135 - INFO - Best fit parameters: [1.00000000e-04 4.51172158e-06].
2019-08-01 09:09:50,142 - INFO - Maximum log composite likelihood: -21.4307005646.
2019-08-01 09:09:50,142 - INFO - Optimal value of theta: 66.792523505.
2019-08-01 09:09:50,142 - INFO - Beginning optimization with guess, [0.7584527  0.10626665].
2019-08-01 09:09:50,638 - INFO - Finished optimization with guess, [0.7584527  0.10626665].
2019-08-01 09:09:50,639 - INFO - Best fit parameters: [1.00000000e-04 4.51415519e-06].
2019-08-01 09:09:50,646 - INFO - Maximum log composite likelihood: -21.4307002838.
2019-08-01 09:09:50,646 - INFO - Optimal value of theta: 66.7957480062.
2019-08-01 09:09:50,646 - INFO - Beginning optimization with guess, [0.28910923 0.06294218].
2019-08-01 09:09:51,515 - INFO - Finished optimization with guess, [0.28910923 0.06294218].
2019-08-01 09:09:51,515 - INFO - Best fit parameters: [0.00449245 0.00020029].
2019-08-01 09:09:51,522 - INFO - Maximum log composite likelihood: -21.4313742627.
2019-08-01 09:09:51,522 - INFO - Optimal value of theta: 66.6921478881.
2019-08-01 09:09:51,523 - INFO - Beginning optimization with guess, [0.61988266 0.14038834].
2019-08-01 09:09:52,125 - INFO - Finished optimization with guess, [0.61988266 0.14038834].
2019-08-01 09:09:52,125 - INFO - Best fit parameters: [1.000000e-04 4.511729e-06].
2019-08-01 09:09:52,133 - INFO - Maximum log composite likelihood: -21.4307005627.
2019-08-01 09:09:52,133 - INFO - Optimal value of theta: 66.7925333288.
2019-08-01 09:09:52,133 - INFO - Beginning optimization with guess, [0.92789479 0.07600417].
2019-08-01 09:09:52,672 - INFO - Finished optimization with guess, [0.92789479 0.07600417].
2019-08-01 09:09:52,673 - INFO - Best fit parameters: [1.00000000e-04 4.51172507e-06].
2019-08-01 09:09:52,680 - INFO - Maximum log composite likelihood: -21.4307005637.
2019-08-01 09:09:52,680 - INFO - Optimal value of theta: 66.7925281267.
2019-08-01 09:09:52,680 - INFO - Beginning optimization with guess, [0.59508697 0.16732215].
2019-08-01 09:09:53,622 - INFO - Finished optimization with guess, [0.59508697 0.16732215].
2019-08-01 09:09:53,622 - INFO - Best fit parameters: [7.01508871e-04 3.12560773e-05].
2019-08-01 09:09:53,629 - INFO - Maximum log composite likelihood: -21.4309573456.
2019-08-01 09:09:53,629 - INFO - Optimal value of theta: 66.7138875152.
2019-08-01 09:09:53,629 - INFO - Beginning optimization with guess, [0.65737376 0.05384958].
2019-08-01 09:09:54,102 - INFO - Finished optimization with guess, [0.65737376 0.05384958].
2019-08-01 09:09:54,102 - INFO - Best fit parameters: [1.00000000e-04 4.51172113e-06].
2019-08-01 09:09:54,109 - INFO - Maximum log composite likelihood: -21.4307005647.
2019-08-01 09:09:54,110 - INFO - Optimal value of theta: 66.7925228978.
2019-08-01 09:09:54,110 - INFO - Beginning optimization with guess, [0.32649803 0.10982726].
2019-08-01 09:09:54,646 - INFO - Finished optimization with guess, [0.32649803 0.10982726].
2019-08-01 09:09:54,646 - INFO - Best fit parameters: [1.00000000e-04 4.51172103e-06].
2019-08-01 09:09:54,654 - INFO - Maximum log composite likelihood: -21.4307005647.
2019-08-01 09:09:54,654 - INFO - Optimal value of theta: 66.7925227675.
2019-08-01 09:09:54,654 - INFO - Beginning optimization with guess, [0.55385532 0.12634643].
2019-08-01 09:09:55,382 - INFO - Finished optimization with guess, [0.55385532 0.12634643].
2019-08-01 09:09:55,383 - INFO - Best fit parameters: [6.92575498e-04 3.07020659e-05].
2019-08-01 09:09:55,390 - INFO - Maximum log composite likelihood: -21.431142513.
2019-08-01 09:09:55,390 - INFO - Optimal value of theta: 66.6839810678.
2019-08-01 09:09:55,390 - INFO - Beginning optimization with guess, [0.86985591 0.09378107].
2019-08-01 09:09:56,220 - INFO - Finished optimization with guess, [0.86985591 0.09378107].
2019-08-01 09:09:56,221 - INFO - Best fit parameters: [0.0027364  0.00012235].
2019-08-01 09:09:56,228 - INFO - Maximum log composite likelihood: -21.431074431.
2019-08-01 09:09:56,228 - INFO - Optimal value of theta: 66.7208260753.
2019-08-01 09:09:56,228 - INFO - Beginning optimization with guess, [0.73001084 0.13208463].
2019-08-01 09:09:56,792 - INFO - Finished optimization with guess, [0.73001084 0.13208463].
2019-08-01 09:09:56,793 - INFO - Best fit parameters: [1.00000000e-04 4.51172326e-06].
2019-08-01 09:09:56,800 - INFO - Maximum log composite likelihood: -21.4307005641.
2019-08-01 09:09:56,800 - INFO - Optimal value of theta: 66.7925257257.
2019-08-01 09:09:56,800 - INFO - Beginning optimization with guess, [0.83104647 0.05536768].
2019-08-01 09:09:57,336 - INFO - Finished optimization with guess, [0.83104647 0.05536768].
2019-08-01 09:09:57,336 - INFO - Best fit parameters: [1.00000000e-04 4.51424195e-06].
2019-08-01 09:09:57,343 - INFO - Maximum log composite likelihood: -21.4307002859.
2019-08-01 09:09:57,344 - INFO - Optimal value of theta: 66.7958629504.
2019-08-01 09:09:57,344 - INFO - Beginning optimization with guess, [0.80631138 0.1632433 ].
2019-08-01 09:09:58,058 - INFO - Finished optimization with guess, [0.80631138 0.1632433 ].
2019-08-01 09:09:58,058 - INFO - Best fit parameters: [1.00000000e-04 4.51172382e-06].
2019-08-01 09:09:58,065 - INFO - Maximum log composite likelihood: -21.430700564.
2019-08-01 09:09:58,065 - INFO - Optimal value of theta: 66.7925264682.
2019-08-01 09:09:58,066 - INFO - Finished demographic inference.
2019-08-01 09:09:58,066 - INFO - Beginning DFE inference.
2019-08-01 09:09:58,877 - INFO - Beginning optimization with guess, [1.72254414e-01 2.13253162e+02].
2019-08-01 09:10:01,811 - INFO - Finished optomization, results are [-21.806806676699907 array([1.19122197e-01, 4.64795161e+03])].
2019-08-01 09:10:01,812 - INFO - Beginning optimization with guess, [5.27786161e-02 8.43779304e+01].
2019-08-01 09:10:07,812 - INFO - Finished optomization, results are [-21.83217490159912 array([1.19217105e-01, 4.24830833e+03])].
2019-08-01 09:10:07,813 - INFO - Beginning optimization with guess, [1.23581009e-01 1.83507952e+02].
2019-08-01 09:10:09,547 - INFO - Finished optomization, results are [-21.812456810533295 array([1.19222469e-01, 4.51415874e+03])].
2019-08-01 09:10:09,547 - INFO - Beginning optimization with guess, [8.65509339e-02 1.14599379e+02].
2019-08-01 09:10:11,481 - INFO - Finished optomization, results are [-21.82564358364975 array([1.22576084e-01, 4.05960041e+03])].
2019-08-01 09:10:11,481 - INFO - Beginning optimization with guess, [6.48260931e-02 1.23783493e+02].
2019-08-01 09:10:13,548 - INFO - Finished optomization, results are [-21.825111589371822 array([1.18203885e-01, 4.50294255e+03])].
2019-08-01 09:10:13,549 - INFO - Beginning optimization with guess, [4.82187784e-02 2.99703100e+02].
2019-08-01 09:10:16,037 - INFO - Finished optomization, results are [-21.839352591725962 array([1.1608842e-01, 4.8014325e+03])].
2019-08-01 09:10:16,038 - INFO - Beginning optimization with guess, [4.85822184e-02 9.15319972e+01].
2019-08-01 09:10:18,226 - INFO - Finished optomization, results are [-21.80898748936281 array([1.17852505e-01, 4.77925335e+03])].
2019-08-01 09:10:18,227 - INFO - Beginning optimization with guess, [1.13270968e-01 2.06244366e+02].
2019-08-01 09:10:20,788 - INFO - Finished optomization, results are [-21.812962650871313 array([1.17864698e-01, 4.71720376e+03])].
2019-08-01 09:10:20,789 - INFO - Beginning optimization with guess, [ 0.1083372  87.19838963].
2019-08-01 09:10:24,125 - INFO - Finished optomization, results are [-21.82139785065201 array([1.18849585e-01, 4.43436480e+03])].
2019-08-01 09:10:24,126 - INFO - Beginning optimization with guess, [1.15175361e-01 2.58334480e+02].
2019-08-01 09:10:26,264 - INFO - Finished optomization, results are [-21.823231344100176 array([1.20664269e-01, 4.15028500e+03])].
2019-08-01 09:10:26,265 - INFO - Beginning optimization with guess, [1.31747676e-01 1.50746974e+02].
2019-08-01 09:10:29,010 - INFO - Finished optomization, results are [-21.818898105105532 array([1.17629739e-01, 4.68277661e+03])].
2019-08-01 09:10:29,010 - INFO - Beginning optimization with guess, [6.51703691e-02 2.17333012e+02].
2019-08-01 09:10:31,112 - INFO - Finished optomization, results are [-21.821711215417444 array([1.18218819e-01, 4.53958939e+03])].
2019-08-01 09:10:31,112 - INFO - Beginning optimization with guess, [6.09619090e-02 9.61085086e+01].
2019-08-01 09:10:33,254 - INFO - Finished optomization, results are [-21.81081226926747 array([1.18088941e-01, 4.71061672e+03])].
2019-08-01 09:10:33,254 - INFO - Beginning optimization with guess, [1.00589032e-01 1.79312649e+02].
2019-08-01 09:10:38,842 - INFO - Finished optomization, results are [-21.81333322477673 array([1.17582529e-01, 4.76331106e+03])].
2019-08-01 09:10:38,843 - INFO - Beginning optimization with guess, [7.52646845e-02 1.13363944e+02].
2019-08-01 09:10:42,531 - INFO - Finished optomization, results are [-21.821020224123423 array([1.16920029e-01, 4.79945883e+03])].
2019-08-01 09:10:42,532 - INFO - Beginning optimization with guess, [1.07286723e-01 3.01869896e+02].
2019-08-01 09:10:44,522 - INFO - Finished optomization, results are [-21.815683385053504 array([1.18920066e-01, 4.50280501e+03])].
2019-08-01 09:10:44,523 - INFO - Beginning optimization with guess, [  0.1473028 126.8382062].
2019-08-01 09:10:46,731 - INFO - Finished optomization, results are [-21.82289220821115 array([1.18365552e-01, 4.49922868e+03])].
2019-08-01 09:10:46,732 - INFO - Beginning optimization with guess, [4.91819923e-02 2.10973221e+02].
2019-08-01 09:10:49,527 - INFO - Finished optomization, results are [-21.81577218920293 array([1.17541870e-01, 4.73858157e+03])].
2019-08-01 09:10:49,527 - INFO - Beginning optimization with guess, [5.92537406e-02 1.22665979e+02].
2019-08-01 09:10:52,582 - INFO - Finished optomization, results are [-21.81358257618937 array([1.19086729e-01, 4.51230991e+03])].
2019-08-01 09:10:52,582 - INFO - Beginning optimization with guess, [5.16633128e-02 1.54537340e+02].
2019-08-01 09:10:57,491 - INFO - Finished optomization, results are [-21.8116073799888 array([1.17416762e-01, 4.81816205e+03])].
2019-08-01 09:10:57,491 - INFO - Beginning optimization with guess, [1.01696621e-01 1.83001690e+02].
2019-08-01 09:10:59,867 - INFO - Finished optomization, results are [-21.827035483994223 array([1.19067076e-01, 4.32983827e+03])].
2019-08-01 09:10:59,867 - INFO - Beginning optimization with guess, [9.06035308e-02 2.45118093e+02].
2019-08-01 09:11:04,975 - INFO - Finished optomization, results are [-21.819332038644088 array([1.17241449e-01, 4.75339032e+03])].
2019-08-01 09:11:04,975 - INFO - Beginning optimization with guess, [1.12319501e-01 2.53402724e+02].
2019-08-01 09:11:10,391 - INFO - Finished optomization, results are [-21.802647470896346 array([1.18538115e-01, 4.81009502e+03])].
2019-08-01 09:11:10,392 - INFO - Beginning optimization with guess, [ 0.1539963  99.08853202].
2019-08-01 09:11:14,490 - INFO - Finished optomization, results are [-21.813463029260582 array([1.17332880e-01, 4.80873053e+03])].
2019-08-01 09:11:14,491 - INFO - Beginning optimization with guess, [9.32509840e-02 1.40394201e+02].
2019-08-01 09:11:19,104 - INFO - Finished optomization, results are [-21.818912501116436 array([1.17175851e-01, 4.77145693e+03])].
2019-08-01 09:11:19,105 - INFO - Beginning optimization with guess, [1.22076961e-01 3.04506722e+02].
2019-08-01 09:11:22,537 - INFO - Finished optomization, results are [-21.815036585224533 array([1.20110178e-01, 4.36360400e+03])].
2019-08-01 09:11:22,538 - INFO - Beginning optimization with guess, [  0.16310158 139.44498978].
2019-08-01 09:11:26,160 - INFO - Finished optomization, results are [-21.821571633519216 array([1.19025879e-01, 4.40331518e+03])].
2019-08-01 09:11:26,161 - INFO - Beginning optimization with guess, [4.56993256e-02 9.69858978e+01].
2019-08-01 09:11:30,850 - INFO - Finished optomization, results are [-21.827254884605026 array([1.18295392e-01, 4.46259289e+03])].
2019-08-01 09:11:30,851 - INFO - Beginning optimization with guess, [1.68129445e-01 2.56329399e+02].
2019-08-01 09:11:36,486 - INFO - Finished optomization, results are [-21.816132495747848 array([1.17402660e-01, 4.76064854e+03])].
2019-08-01 09:11:36,486 - INFO - Beginning optimization with guess, [1.35641649e-01 1.64659072e+02].
2019-08-01 09:11:43,644 - INFO - Finished optomization, results are [-21.814695844719726 array([1.17233848e-01, 4.81181786e+03])].
2019-08-01 09:11:43,646 - INFO - Beginning optimization with guess, [1.11451022e-01 1.99982881e+02].
2019-08-01 09:11:46,129 - INFO - Finished optomization, results are [-21.813140762638287 array([1.1780058e-01, 4.7261385e+03])].
2019-08-01 09:11:46,130 - INFO - Beginning optimization with guess, [9.91880650e-02 1.08016998e+02].
2019-08-01 09:11:49,870 - INFO - Finished optomization, results are [-21.817128570996914 array([1.17624611e-01, 4.70563148e+03])].
2019-08-01 09:11:49,870 - INFO - Beginning optimization with guess, [1.60105750e-01 2.13284439e+02].
2019-08-01 09:11:53,129 - INFO - Finished optomization, results are [-21.82917765069969 array([1.17633460e-01, 4.56823111e+03])].
2019-08-01 09:11:53,129 - INFO - Beginning optimization with guess, [1.56224604e-01 2.11386206e+02].
2019-08-01 09:11:55,558 - INFO - Finished optomization, results are [-21.83510924541398 array([1.18993937e-01, 4.25683727e+03])].
2019-08-01 09:11:55,559 - INFO - Beginning optimization with guess, [ 0.12580892 91.33548286].
2019-08-01 09:11:59,136 - INFO - Finished optomization, results are [-21.826168248122194 array([1.17844534e-01, 4.55869588e+03])].
2019-08-01 09:11:59,137 - INFO - Beginning optimization with guess, [8.79382369e-02 1.21520527e+02].
2019-08-01 09:12:02,126 - INFO - Finished optomization, results are [-21.829432953980632 array([1.18398583e-01, 4.42055583e+03])].
2019-08-01 09:12:02,127 - INFO - Beginning optimization with guess, [ 0.15507616 80.64075497].
2019-08-01 09:12:04,044 - INFO - Finished optomization, results are [-21.81973868012943 array([1.18512070e-01, 4.51248935e+03])].
2019-08-01 09:12:04,044 - INFO - Beginning optimization with guess, [8.10544445e-02 2.50876185e+02].
2019-08-01 09:12:06,767 - INFO - Finished optomization, results are [-21.829613430746182 array([1.19320993e-01, 4.25862961e+03])].
2019-08-01 09:12:06,767 - INFO - Beginning optimization with guess, [1.46516832e-01 1.63830861e+02].
2019-08-01 09:12:12,677 - INFO - Finished optomization, results are [-21.818214005649168 array([1.17461418e-01, 4.72346256e+03])].
2019-08-01 09:12:12,678 - INFO - Beginning optimization with guess, [9.91152883e-02 1.17747086e+02].
2019-08-01 09:12:15,522 - INFO - Finished optomization, results are [-21.81619439156586 array([1.17664547e-01, 4.71001904e+03])].
2019-08-01 09:12:15,522 - INFO - Beginning optimization with guess, [1.02644302e-01 1.42375447e+02].
2019-08-01 09:12:21,065 - INFO - Finished optomization, results are [-21.835919361297456 array([1.17571976e-01, 4.51525083e+03])].
2019-08-01 09:12:21,065 - INFO - Beginning optimization with guess, [ 0.13667317 84.39282479].
2019-08-01 09:12:24,134 - INFO - Finished optomization, results are [-21.815812516096063 array([1.18541303e-01, 4.56087593e+03])].
2019-08-01 09:12:24,134 - INFO - Beginning optimization with guess, [5.90519704e-02 3.03919279e+02].
2019-08-01 09:12:26,271 - INFO - Finished optomization, results are [-21.86455286474949 array([1.16985524e-01, 4.40973174e+03])].
2019-08-01 09:12:26,271 - INFO - Beginning optimization with guess, [9.43481777e-02 2.29176540e+02].
2019-08-01 09:12:31,788 - INFO - Finished optomization, results are [-21.83709363561094 array([1.16160559e-01, 4.80500767e+03])].
2019-08-01 09:12:31,789 - INFO - Beginning optimization with guess, [8.37021913e-02 1.93319537e+02].
2019-08-01 09:12:34,600 - INFO - Finished optomization, results are [-21.81957895473349 array([1.17938894e-01, 4.61647803e+03])].
2019-08-01 09:12:34,601 - INFO - Beginning optimization with guess, [7.14707299e-02 1.70525065e+02].
2019-08-01 09:12:41,155 - INFO - Finished optomization, results are [-21.810273236665623 array([1.18002736e-01, 4.73349598e+03])].
2019-08-01 09:12:41,156 - INFO - Beginning optimization with guess, [7.85148568e-02 8.92399438e+01].
2019-08-01 09:12:42,983 - INFO - Finished optomization, results are [-21.84761130851635 array([1.18042751e-01, 4.32175613e+03])].
2019-08-01 09:12:42,984 - INFO - Beginning optimization with guess, [1.12988610e-01 2.19606904e+02].
2019-08-01 09:12:45,995 - INFO - Finished optomization, results are [-21.827829431576234 array([1.18325292e-01, 4.45093370e+03])].
2019-08-01 09:12:45,995 - INFO - Beginning optimization with guess, [8.16107331e-02 2.51044304e+02].
2019-08-01 09:12:48,432 - INFO - Finished optomization, results are [-21.830650576200206 array([1.19453825e-01, 4.22545100e+03])].
2019-08-01 09:12:48,432 - INFO - Beginning optimization with guess, [5.58930102e-02 1.37431783e+02].
2019-08-01 09:12:51,571 - INFO - Finished optomization, results are [-21.824662301154596 array([1.20979094e-01, 4.09155273e+03])].
2019-08-01 09:12:51,572 - INFO - Beginning optimization with guess, [9.34898356e-02 2.45895155e+02].
2019-08-01 09:12:55,399 - INFO - Finished optomization, results are [-21.858488748682106 array([1.16233018e-01, 4.61622181e+03])].
2019-08-01 09:12:55,400 - INFO - Beginning optimization with guess, [1.04711460e-01 1.07268569e+02].
2019-08-01 09:12:58,138 - INFO - Finished optomization, results are [-21.830522649841747 array([1.19671865e-01, 4.19189894e+03])].
2019-08-01 09:12:58,139 - INFO - Beginning optimization with guess, [1.17424139e-01 2.99388563e+02].
2019-08-01 09:13:00,198 - INFO - Finished optomization, results are [-21.81978129448066 array([1.18357134e-01, 4.53877473e+03])].
2019-08-01 09:13:00,199 - INFO - Beginning optimization with guess, [1.04268371e-01 1.04834194e+02].
2019-08-01 09:13:02,615 - INFO - Finished optomization, results are [-21.82689760174338 array([1.19243690e-01, 4.30225129e+03])].
2019-08-01 09:13:02,616 - INFO - Beginning optimization with guess, [9.16772653e-02 1.63552854e+02].
2019-08-01 09:13:05,973 - INFO - Finished optomization, results are [-21.82128458477586 array([1.18378959e-01, 4.51621158e+03])].
2019-08-01 09:13:05,974 - INFO - Beginning optimization with guess, [  0.1422413  123.62598717].
2019-08-01 09:13:12,399 - INFO - Finished optomization, results are [-21.815368709916736 array([1.17878403e-01, 4.68149456e+03])].
2019-08-01 09:13:12,400 - INFO - Beginning optimization with guess, [6.03328693e-02 1.05505253e+02].
2019-08-01 09:13:15,640 - INFO - Finished optomization, results are [-21.807560928023193 array([1.17897137e-01, 4.79526165e+03])].
2019-08-01 09:13:15,641 - INFO - Beginning optimization with guess, [6.56227583e-02 1.71497621e+02].
2019-08-01 09:13:18,354 - INFO - Finished optomization, results are [-21.830441924996066 array([1.19264496e-01, 4.25886700e+03])].
2019-08-01 09:13:18,354 - INFO - Beginning optimization with guess, [ 0.14523304 98.36933546].
2019-08-01 09:13:20,860 - INFO - Finished optomization, results are [-21.8338924626266 array([1.18088772e-01, 4.43355368e+03])].
2019-08-01 09:13:20,860 - INFO - Beginning optimization with guess, [8.97614792e-02 2.62459641e+02].
2019-08-01 09:13:23,853 - INFO - Finished optomization, results are [-21.832177981061147 array([1.18005879e-01, 4.46603462e+03])].
2019-08-01 09:13:23,853 - INFO - Beginning optimization with guess, [9.16795815e-02 1.75910998e+02].
2019-08-01 09:13:27,531 - INFO - Finished optomization, results are [-21.816428154989605 array([1.17695601e-01, 4.70120102e+03])].
2019-08-01 09:13:27,533 - INFO - Beginning optimization with guess, [1.16255089e-01 1.49159127e+02].
2019-08-01 09:13:30,279 - INFO - Finished optomization, results are [-21.823926640369162 array([1.20621482e-01, 4.14401885e+03])].
2019-08-01 09:13:30,279 - INFO - Beginning optimization with guess, [6.35146414e-02 1.95874867e+02].
2019-08-01 09:13:32,663 - INFO - Finished optomization, results are [-21.82464691864429 array([1.17409213e-01, 4.66008746e+03])].
2019-08-01 09:13:32,663 - INFO - Beginning optimization with guess, [ 0.12759284 88.22974085].
2019-08-01 09:13:39,861 - INFO - Finished optomization, results are [-21.82857578421676 array([1.17070839e-01, 4.68799829e+03])].
2019-08-01 09:13:39,861 - INFO - Beginning optimization with guess, [5.31566322e-02 1.62743816e+02].
2019-08-01 09:13:47,329 - INFO - Finished optomization, results are [-21.814575978849753 array([1.17216004e-01, 4.81685830e+03])].
2019-08-01 09:13:47,330 - INFO - Beginning optimization with guess, [7.40659607e-02 1.42176563e+02].
2019-08-01 09:13:50,847 - INFO - Finished optomization, results are [-21.80536435533887 array([1.18147335e-01, 4.79632130e+03])].
2019-08-01 09:13:50,847 - INFO - Beginning optimization with guess, [9.72806762e-02 1.59887066e+02].
2019-08-01 09:13:53,185 - INFO - Finished optomization, results are [-21.815854125757355 array([1.18017421e-01, 4.65001253e+03])].
2019-08-01 09:13:53,186 - INFO - Beginning optimization with guess, [8.19841357e-02 1.80280773e+02].
2019-08-01 09:13:56,334 - INFO - Finished optomization, results are [-21.82163692262157 array([1.18024243e-01, 4.57595678e+03])].
2019-08-01 09:13:56,335 - INFO - Beginning optimization with guess, [ 0.09679806 86.16645578].
2019-08-01 09:14:00,414 - INFO - Finished optomization, results are [-21.81346487162414 array([1.20047443e-01, 4.40509813e+03])].
2019-08-01 09:14:00,415 - INFO - Beginning optimization with guess, [7.81182617e-02 1.07511186e+02].
2019-08-01 09:14:02,720 - INFO - Finished optomization, results are [-21.824327769313722 array([1.18833541e-01, 4.40084074e+03])].
2019-08-01 09:14:02,720 - INFO - Beginning optimization with guess, [9.27130315e-02 1.74935821e+02].
2019-08-01 09:14:09,575 - INFO - Finished optomization, results are [-21.813355289140915 array([1.17484297e-01, 4.78137724e+03])].
2019-08-01 09:14:09,576 - INFO - Beginning optimization with guess, [  0.12403445 111.31120496].
2019-08-01 09:14:12,106 - INFO - Finished optomization, results are [-21.816722733703948 array([1.18549026e-01, 4.54670732e+03])].
2019-08-01 09:14:12,106 - INFO - Beginning optimization with guess, [9.28697430e-02 2.01460559e+02].
2019-08-01 09:14:16,086 - INFO - Finished optomization, results are [-21.819546904082465 array([1.17790819e-01, 4.64442252e+03])].
2019-08-01 09:14:16,087 - INFO - Beginning optimization with guess, [1.10847684e-01 2.82316079e+02].
2019-08-01 09:14:19,692 - INFO - Finished optomization, results are [-21.81977818639465 array([1.19465755e-01, 4.36029026e+03])].
2019-08-01 09:14:19,692 - INFO - Beginning optimization with guess, [6.04908419e-02 1.74494414e+02].
2019-08-01 09:14:22,148 - INFO - Finished optomization, results are [-21.82960914076091 array([1.18199399e-01, 4.45542981e+03])].
2019-08-01 09:14:22,149 - INFO - Beginning optimization with guess, [8.72053843e-02 1.74878722e+02].
2019-08-01 09:14:25,372 - INFO - Finished optomization, results are [-21.816233288939923 array([1.17717035e-01, 4.69972032e+03])].
2019-08-01 09:14:25,372 - INFO - Beginning optimization with guess, [1.64028760e-01 3.01219053e+02].
2019-08-01 09:14:27,550 - INFO - Finished optomization, results are [-21.838579107457118 array([1.16984431e-01, 4.61193156e+03])].
2019-08-01 09:14:27,550 - INFO - Beginning optimization with guess, [1.60330061e-01 2.07137309e+02].
2019-08-01 09:14:30,690 - INFO - Finished optomization, results are [-21.825340279773403 array([1.17316481e-01, 4.67122747e+03])].
2019-08-01 09:14:30,691 - INFO - Beginning optimization with guess, [9.60873843e-02 1.44727901e+02].
2019-08-01 09:14:34,330 - INFO - Finished optomization, results are [-21.821109546762056 array([1.17897927e-01, 4.60564109e+03])].
2019-08-01 09:14:34,331 - INFO - Beginning optimization with guess, [7.16339647e-02 1.17752020e+02].
2019-08-01 09:14:40,344 - INFO - Finished optomization, results are [-21.81470899923147 array([1.17200033e-01, 4.81828710e+03])].
2019-08-01 09:14:40,345 - INFO - Beginning optimization with guess, [7.77137011e-02 2.60691790e+02].
2019-08-01 09:14:44,829 - INFO - Finished optomization, results are [-21.81979946681617 array([1.17487832e-01, 4.69932333e+03])].
2019-08-01 09:14:44,830 - INFO - Beginning optimization with guess, [6.67469546e-02 1.28156541e+02].
2019-08-01 09:14:47,597 - INFO - Finished optomization, results are [-21.830641869006158 array([1.19634870e-01, 4.19642983e+03])].
2019-08-01 09:14:47,598 - INFO - Beginning optimization with guess, [1.05497803e-01 1.16517937e+02].
2019-08-01 09:14:51,584 - INFO - Finished optomization, results are [-21.817169895221497 array([1.18016165e-01, 4.63282440e+03])].
2019-08-01 09:14:51,585 - INFO - Beginning optimization with guess, [1.54947318e-01 2.69981716e+02].
2019-08-01 09:14:53,885 - INFO - Finished optomization, results are [-21.829233930614055 array([1.18744164e-01, 4.36082443e+03])].
2019-08-01 09:14:53,885 - INFO - Beginning optimization with guess, [1.51038057e-01 2.10181609e+02].
2019-08-01 09:14:56,576 - INFO - Finished optomization, results are [-21.81109466597715 array([1.18072617e-01, 4.70895273e+03])].
2019-08-01 09:14:56,576 - INFO - Beginning optimization with guess, [7.64698088e-02 1.40424342e+02].
2019-08-01 09:14:59,297 - INFO - Finished optomization, results are [-21.813473771476534 array([1.19089875e-01, 4.51373644e+03])].
2019-08-01 09:14:59,298 - INFO - Beginning optimization with guess, [ 0.14179852 96.27437887].
2019-08-01 09:15:03,131 - INFO - Finished optomization, results are [-21.8361407815351 array([1.19036215e-01, 4.23941820e+03])].
2019-08-01 09:15:03,132 - INFO - Beginning optimization with guess, [1.03171640e-01 1.76196263e+02].
2019-08-01 09:15:06,027 - INFO - Finished optomization, results are [-21.817070178604183 array([1.17586189e-01, 4.71365090e+03])].
2019-08-01 09:15:06,027 - INFO - Beginning optimization with guess, [1.05031968e-01 2.75203408e+02].
2019-08-01 09:15:09,824 - INFO - Finished optomization, results are [-21.833203164919272 array([1.17618776e-01, 4.53145070e+03])].
2019-08-01 09:15:09,824 - INFO - Beginning optimization with guess, [  0.15795753 153.7118029 ].
2019-08-01 09:15:12,040 - INFO - Finished optomization, results are [-21.82640032599174 array([1.18809282e-01, 4.38082052e+03])].
2019-08-01 09:15:12,042 - INFO - Beginning optimization with guess, [7.42787417e-02 1.18577207e+02].
2019-08-01 09:15:16,817 - INFO - Finished optomization, results are [-21.819596649271336 array([1.17258233e-01, 4.74694070e+03])].
2019-08-01 09:15:16,817 - INFO - Beginning optimization with guess, [1.00994518e-01 2.88507703e+02].
2019-08-01 09:15:19,109 - INFO - Finished optomization, results are [-21.885658846758027 array([1.15636025e-01, 4.57045993e+03])].
2019-08-01 09:15:19,110 - INFO - Beginning optimization with guess, [6.60225508e-02 3.09944469e+02].
2019-08-01 09:15:21,997 - INFO - Finished optomization, results are [-21.833925415074134 array([1.19084225e-01, 4.25296640e+03])].
2019-08-01 09:15:21,997 - INFO - Beginning optimization with guess, [1.05250684e-01 2.44731829e+02].
2019-08-01 09:15:30,061 - INFO - Finished optomization, results are [-21.83459886559036 array([1.18041629e-01, 4.43578020e+03])].
2019-08-01 09:15:30,062 - INFO - Beginning optimization with guess, [6.57780597e-02 2.36342578e+02].
2019-08-01 09:15:32,840 - INFO - Finished optomization, results are [-21.825831959305592 array([1.18378448e-01, 4.46313767e+03])].
2019-08-01 09:15:32,840 - INFO - Beginning optimization with guess, [ 0.17482936 98.40005558].
2019-08-01 09:15:37,128 - INFO - Finished optomization, results are [-21.83026634942453 array([1.19581944e-01, 4.20906208e+03])].
2019-08-01 09:15:37,129 - INFO - Beginning optimization with guess, [1.14423579e-01 1.51422267e+02].
2019-08-01 09:15:43,647 - INFO - Finished optomization, results are [-21.808064224252416 array([1.18111960e-01, 4.75205877e+03])].
2019-08-01 09:15:43,647 - INFO - Beginning optimization with guess, [8.04720696e-02 1.70457539e+02].
2019-08-01 09:15:45,883 - INFO - Finished optomization, results are [-21.82282581590199 array([1.17988948e-01, 4.56861935e+03])].
2019-08-01 09:15:45,883 - INFO - Beginning optimization with guess, [7.56210899e-02 1.02897540e+02].
2019-08-01 09:15:49,432 - INFO - Finished optomization, results are [-21.83777079930337 array([1.18722708e-01, 4.27950707e+03])].
2019-08-01 09:15:49,433 - INFO - Beginning optimization with guess, [5.50721682e-02 1.38788251e+02].
2019-08-01 09:15:52,519 - INFO - Finished optomization, results are [-21.81690664632445 array([1.19838082e-01, 4.35620835e+03])].
2019-08-01 09:15:52,520 - INFO - Finished DFE inference.
2019-08-01 09:15:52,520 - INFO - Integrating expected site-frequency spectrum.
2019-08-01 09:15:52,539 - INFO - Outputing results.
2019-08-01 09:15:52,544 - INFO - Pipeline executed succesfully.
