2019-08-01 12:46:53,711 - INFO - Beginning execution of fitdadi_infer_DFE.py in directory /u/home/j/jonmah/lohmueller_lab/Scripts

2019-08-01 12:46:53,711 - INFO - Progress is being logged to ../Data/AW_array_2000/seed_22_fitdadi_output/log.log

2019-08-01 12:46:53,711 - INFO - Parsed the following arguments:
	breed = AW
	outprefix = ../Data/AW_array_2000/seed_22_fitdadi_output/
	nonsyn_input_sfs = ../Data/AW_array_2000/seed_22_easySFS_output_nonsyn/dadi/pop1.sfs
	syn_input_sfs = ../Data/AW_array_2000/seed_22_easySFS_output_syn/dadi/pop1.sfs

2019-08-01 12:46:53,718 - INFO - Beginning optimization with guess, [0.40517439 0.19131796].
2019-08-01 12:46:54,274 - INFO - Finished optimization with guess, [0.40517439 0.19131796].
2019-08-01 12:46:54,275 - INFO - Best fit parameters: [0.47661419 0.51388058].
2019-08-01 12:46:54,286 - INFO - Maximum log composite likelihood: -20.8608012394.
2019-08-01 12:46:54,287 - INFO - Optimal value of theta: 92.029284416.
2019-08-01 12:46:54,287 - INFO - Beginning optimization with guess, [0.31080653 0.13868001].
2019-08-01 12:46:54,776 - INFO - Finished optimization with guess, [0.31080653 0.13868001].
2019-08-01 12:46:54,777 - INFO - Best fit parameters: [0.4873777  0.50049152].
2019-08-01 12:46:54,788 - INFO - Maximum log composite likelihood: -20.8609362038.
2019-08-01 12:46:54,789 - INFO - Optimal value of theta: 89.8232595753.
2019-08-01 12:46:54,789 - INFO - Beginning optimization with guess, [0.57433271 0.05810464].
2019-08-01 12:46:55,282 - INFO - Finished optimization with guess, [0.57433271 0.05810464].
2019-08-01 12:46:55,283 - INFO - Best fit parameters: [0.5442541  0.43193303].
2019-08-01 12:46:55,293 - INFO - Maximum log composite likelihood: -20.8631485141.
2019-08-01 12:46:55,294 - INFO - Optimal value of theta: 80.29362325.
2019-08-01 12:46:55,294 - INFO - Beginning optimization with guess, [0.28214089 0.07607315].
2019-08-01 12:46:55,792 - INFO - Finished optimization with guess, [0.28214089 0.07607315].
2019-08-01 12:46:55,792 - INFO - Best fit parameters: [0.55469726 0.41453492].
2019-08-01 12:46:55,802 - INFO - Maximum log composite likelihood: -20.86399356.
2019-08-01 12:46:55,803 - INFO - Optimal value of theta: 78.6885338338.
2019-08-01 12:46:55,803 - INFO - Beginning optimization with guess, [0.86561608 0.0821017 ].
2019-08-01 12:46:56,285 - INFO - Finished optimization with guess, [0.86561608 0.0821017 ].
2019-08-01 12:46:56,286 - INFO - Best fit parameters: [0.50444915 0.48686477].
2019-08-01 12:46:56,297 - INFO - Maximum log composite likelihood: -20.8613879694.
2019-08-01 12:46:56,297 - INFO - Optimal value of theta: 86.9077603012.
2019-08-01 12:46:56,297 - INFO - Beginning optimization with guess, [0.91624249 0.11317314].
2019-08-01 12:46:56,800 - INFO - Finished optimization with guess, [0.91624249 0.11317314].
2019-08-01 12:46:56,800 - INFO - Best fit parameters: [0.52840835 0.4561436 ].
2019-08-01 12:46:56,811 - INFO - Maximum log composite likelihood: -20.8622387844.
2019-08-01 12:46:56,811 - INFO - Optimal value of theta: 82.8350818425.
2019-08-01 12:46:56,812 - INFO - Beginning optimization with guess, [0.27433705 0.12303905].
2019-08-01 12:46:57,321 - INFO - Finished optimization with guess, [0.27433705 0.12303905].
2019-08-01 12:46:57,322 - INFO - Best fit parameters: [0.4922667  0.49900924].
2019-08-01 12:46:57,333 - INFO - Maximum log composite likelihood: -20.8610766432.
2019-08-01 12:46:57,333 - INFO - Optimal value of theta: 89.0606235282.
2019-08-01 12:46:57,334 - INFO - Beginning optimization with guess, [0.64162495 0.18724277].
2019-08-01 12:46:57,841 - INFO - Finished optimization with guess, [0.64162495 0.18724277].
2019-08-01 12:46:57,842 - INFO - Best fit parameters: [0.48528463 0.50065103].
2019-08-01 12:46:57,853 - INFO - Maximum log composite likelihood: -20.8609018508.
2019-08-01 12:46:57,854 - INFO - Optimal value of theta: 90.1353354138.
2019-08-01 12:46:57,854 - INFO - Beginning optimization with guess, [0.71278645 0.05715831].
2019-08-01 12:46:58,315 - INFO - Finished optimization with guess, [0.71278645 0.05715831].
2019-08-01 12:46:58,315 - INFO - Best fit parameters: [0.50134921 0.48478196].
2019-08-01 12:46:58,326 - INFO - Maximum log composite likelihood: -20.8612527139.
2019-08-01 12:46:58,327 - INFO - Optimal value of theta: 87.2312853787.
2019-08-01 12:46:58,327 - INFO - Beginning optimization with guess, [0.41151175 0.10033431].
2019-08-01 12:46:58,809 - INFO - Finished optimization with guess, [0.41151175 0.10033431].
2019-08-01 12:46:58,810 - INFO - Best fit parameters: [0.47694094 0.51490931].
2019-08-01 12:46:58,821 - INFO - Maximum log composite likelihood: -20.8608451478.
2019-08-01 12:46:58,822 - INFO - Optimal value of theta: 92.0240123937.
2019-08-01 12:46:58,822 - INFO - Beginning optimization with guess, [0.34651782 0.16459935].
2019-08-01 12:46:59,308 - INFO - Finished optimization with guess, [0.34651782 0.16459935].
2019-08-01 12:46:59,308 - INFO - Best fit parameters: [0.48722673 0.50532057].
2019-08-01 12:46:59,320 - INFO - Maximum log composite likelihood: -20.8610124471.
2019-08-01 12:46:59,320 - INFO - Optimal value of theta: 90.0518547205.
2019-08-01 12:46:59,321 - INFO - Beginning optimization with guess, [0.92032685 0.05104084].
2019-08-01 12:46:59,829 - INFO - Finished optimization with guess, [0.92032685 0.05104084].
2019-08-01 12:46:59,830 - INFO - Best fit parameters: [0.5491565  0.43288913].
2019-08-01 12:46:59,840 - INFO - Maximum log composite likelihood: -20.8636924284.
2019-08-01 12:46:59,840 - INFO - Optimal value of theta: 79.8417217554.
2019-08-01 12:46:59,840 - INFO - Beginning optimization with guess, [0.30490373 0.07492433].
2019-08-01 12:47:00,349 - INFO - Finished optimization with guess, [0.30490373 0.07492433].
2019-08-01 12:47:00,350 - INFO - Best fit parameters: [0.54816785 0.43567176].
2019-08-01 12:47:00,360 - INFO - Maximum log composite likelihood: -20.8636685168.
2019-08-01 12:47:00,360 - INFO - Optimal value of theta: 80.0341184749.
2019-08-01 12:47:00,361 - INFO - Beginning optimization with guess, [0.3088427  0.06314812].
2019-08-01 12:47:00,865 - INFO - Finished optimization with guess, [0.3088427  0.06314812].
2019-08-01 12:47:00,865 - INFO - Best fit parameters: [0.55044508 0.42272023].
2019-08-01 12:47:00,875 - INFO - Maximum log composite likelihood: -20.8636228767.
2019-08-01 12:47:00,876 - INFO - Optimal value of theta: 79.3687075045.
2019-08-01 12:47:00,876 - INFO - Beginning optimization with guess, [0.79547202 0.17837234].
2019-08-01 12:47:01,378 - INFO - Finished optimization with guess, [0.79547202 0.17837234].
2019-08-01 12:47:01,379 - INFO - Best fit parameters: [0.4723071  0.51209492].
2019-08-01 12:47:01,390 - INFO - Maximum log composite likelihood: -20.8606933016.
2019-08-01 12:47:01,391 - INFO - Optimal value of theta: 92.6282305057.
2019-08-01 12:47:01,391 - INFO - Beginning optimization with guess, [0.64001488 0.1309886 ].
2019-08-01 12:47:01,895 - INFO - Finished optimization with guess, [0.64001488 0.1309886 ].
2019-08-01 12:47:01,896 - INFO - Best fit parameters: [0.47423014 0.51733784].
2019-08-01 12:47:01,908 - INFO - Maximum log composite likelihood: -20.8608089008.
2019-08-01 12:47:01,908 - INFO - Optimal value of theta: 92.5597327182.
2019-08-01 12:47:01,908 - INFO - Beginning optimization with guess, [0.26052641 0.15389254].
2019-08-01 12:47:02,410 - INFO - Finished optimization with guess, [0.26052641 0.15389254].
2019-08-01 12:47:02,410 - INFO - Best fit parameters: [0.44463248 0.53491645].
2019-08-01 12:47:02,423 - INFO - Maximum log composite likelihood: -20.8603967146.
2019-08-01 12:47:02,423 - INFO - Optimal value of theta: 98.5648805255.
2019-08-01 12:47:02,423 - INFO - Beginning optimization with guess, [0.35443092 0.15408304].
2019-08-01 12:47:02,927 - INFO - Finished optimization with guess, [0.35443092 0.15408304].
2019-08-01 12:47:02,928 - INFO - Best fit parameters: [0.43789666 0.53782299].
2019-08-01 12:47:02,941 - INFO - Maximum log composite likelihood: -20.8603399804.
2019-08-01 12:47:02,941 - INFO - Optimal value of theta: 100.030971911.
2019-08-01 12:47:02,941 - INFO - Beginning optimization with guess, [0.33354852 0.12447991].
2019-08-01 12:47:03,417 - INFO - Finished optimization with guess, [0.33354852 0.12447991].
2019-08-01 12:47:03,417 - INFO - Best fit parameters: [0.48586627 0.49905446].
2019-08-01 12:47:03,429 - INFO - Maximum log composite likelihood: -20.8609247405.
2019-08-01 12:47:03,429 - INFO - Optimal value of theta: 89.9811500773.
2019-08-01 12:47:03,429 - INFO - Beginning optimization with guess, [0.63593417 0.10544085].
2019-08-01 12:47:03,932 - INFO - Finished optimization with guess, [0.63593417 0.10544085].
2019-08-01 12:47:03,932 - INFO - Best fit parameters: [0.52268399 0.47336868].
2019-08-01 12:47:03,943 - INFO - Maximum log composite likelihood: -20.8623572109.
2019-08-01 12:47:03,943 - INFO - Optimal value of theta: 84.1268808054.
2019-08-01 12:47:03,943 - INFO - Beginning optimization with guess, [0.36826214 0.17478748].
2019-08-01 12:47:04,415 - INFO - Finished optimization with guess, [0.36826214 0.17478748].
2019-08-01 12:47:04,416 - INFO - Best fit parameters: [0.44933865 0.53304304].
2019-08-01 12:47:04,427 - INFO - Maximum log composite likelihood: -20.8604514404.
2019-08-01 12:47:04,428 - INFO - Optimal value of theta: 97.5833283639.
2019-08-01 12:47:04,428 - INFO - Beginning optimization with guess, [0.91011797 0.11872213].
2019-08-01 12:47:04,900 - INFO - Finished optimization with guess, [0.91011797 0.11872213].
2019-08-01 12:47:04,900 - INFO - Best fit parameters: [0.51001859 0.47535094].
2019-08-01 12:47:04,911 - INFO - Maximum log composite likelihood: -20.8615003165.
2019-08-01 12:47:04,911 - INFO - Optimal value of theta: 85.7384272427.
2019-08-01 12:47:04,911 - INFO - Beginning optimization with guess, [0.42154917 0.08447168].
2019-08-01 12:47:05,354 - INFO - Finished optimization with guess, [0.42154917 0.08447168].
2019-08-01 12:47:05,354 - INFO - Best fit parameters: [0.48749824 0.5010435 ].
2019-08-01 12:47:05,365 - INFO - Maximum log composite likelihood: -20.8609417589.
2019-08-01 12:47:05,365 - INFO - Optimal value of theta: 89.8294069546.
2019-08-01 12:47:05,365 - INFO - Beginning optimization with guess, [0.9221423  0.05013093].
2019-08-01 12:47:05,831 - INFO - Finished optimization with guess, [0.9221423  0.05013093].
2019-08-01 12:47:05,832 - INFO - Best fit parameters: [0.59381219 0.36027023].
2019-08-01 12:47:05,841 - INFO - Maximum log composite likelihood: -20.8707197465.
2019-08-01 12:47:05,841 - INFO - Optimal value of theta: 73.7553073709.
2019-08-01 12:47:05,841 - INFO - Beginning optimization with guess, [0.79926002 0.16615919].
2019-08-01 12:47:06,316 - INFO - Finished optimization with guess, [0.79926002 0.16615919].
2019-08-01 12:47:06,316 - INFO - Best fit parameters: [0.46180699 0.52106042].
2019-08-01 12:47:06,328 - INFO - Maximum log composite likelihood: -20.8605559774.
2019-08-01 12:47:06,328 - INFO - Optimal value of theta: 94.7779642886.
2019-08-01 12:47:06,328 - INFO - Beginning optimization with guess, [0.92537385 0.05387998].
2019-08-01 12:47:06,763 - INFO - Finished optimization with guess, [0.92537385 0.05387998].
2019-08-01 12:47:06,764 - INFO - Best fit parameters: [0.53364813 0.44204646].
2019-08-01 12:47:06,774 - INFO - Maximum log composite likelihood: -20.8625274678.
2019-08-01 12:47:06,774 - INFO - Optimal value of theta: 81.7482106839.
2019-08-01 12:47:06,774 - INFO - Beginning optimization with guess, [0.76701822 0.06505259].
2019-08-01 12:47:07,216 - INFO - Finished optimization with guess, [0.76701822 0.06505259].
2019-08-01 12:47:07,217 - INFO - Best fit parameters: [0.52539571 0.46383299].
2019-08-01 12:47:07,227 - INFO - Maximum log composite likelihood: -20.8621854871.
2019-08-01 12:47:07,227 - INFO - Optimal value of theta: 83.459031855.
2019-08-01 12:47:07,228 - INFO - Beginning optimization with guess, [0.61846577 0.16187759].
2019-08-01 12:47:07,718 - INFO - Finished optimization with guess, [0.61846577 0.16187759].
2019-08-01 12:47:07,718 - INFO - Best fit parameters: [0.50541252 0.48984534].
2019-08-01 12:47:07,729 - INFO - Maximum log composite likelihood: -20.8615581357.
2019-08-01 12:47:07,729 - INFO - Optimal value of theta: 86.900548809.
2019-08-01 12:47:07,729 - INFO - Beginning optimization with guess, [0.32893129 0.05764663].
2019-08-01 12:47:08,203 - INFO - Finished optimization with guess, [0.32893129 0.05764663].
2019-08-01 12:47:08,204 - INFO - Best fit parameters: [0.49337218 0.50464544].
2019-08-01 12:47:08,215 - INFO - Maximum log composite likelihood: -20.861380448.
2019-08-01 12:47:08,215 - INFO - Optimal value of theta: 89.139064668.
2019-08-01 12:47:08,215 - INFO - Beginning optimization with guess, [0.84959918 0.06572473].
2019-08-01 12:47:08,659 - INFO - Finished optimization with guess, [0.84959918 0.06572473].
2019-08-01 12:47:08,660 - INFO - Best fit parameters: [0.48716819 0.50536096].
2019-08-01 12:47:08,670 - INFO - Maximum log composite likelihood: -20.8610108606.
2019-08-01 12:47:08,671 - INFO - Optimal value of theta: 90.0621413552.
2019-08-01 12:47:08,671 - INFO - Beginning optimization with guess, [0.88829806 0.06149381].
2019-08-01 12:47:09,112 - INFO - Finished optimization with guess, [0.88829806 0.06149381].
2019-08-01 12:47:09,112 - INFO - Best fit parameters: [0.51977615 0.460012  ].
2019-08-01 12:47:09,123 - INFO - Maximum log composite likelihood: -20.8618915434.
2019-08-01 12:47:09,123 - INFO - Optimal value of theta: 83.9644122168.
2019-08-01 12:47:09,124 - INFO - Beginning optimization with guess, [0.45263096 0.10294246].
2019-08-01 12:47:09,593 - INFO - Finished optimization with guess, [0.45263096 0.10294246].
2019-08-01 12:47:09,593 - INFO - Best fit parameters: [0.44108843 0.54099546].
2019-08-01 12:47:09,605 - INFO - Maximum log composite likelihood: -20.8604689042.
2019-08-01 12:47:09,605 - INFO - Optimal value of theta: 99.5649943729.
2019-08-01 12:47:09,606 - INFO - Beginning optimization with guess, [0.95241373 0.16406403].
2019-08-01 12:47:10,109 - INFO - Finished optimization with guess, [0.95241373 0.16406403].
2019-08-01 12:47:10,109 - INFO - Best fit parameters: [0.49843339 0.49820851].
2019-08-01 12:47:10,119 - INFO - Maximum log composite likelihood: -20.8614212896.
2019-08-01 12:47:10,120 - INFO - Optimal value of theta: 88.1700452664.
2019-08-01 12:47:10,120 - INFO - Beginning optimization with guess, [0.75570879 0.18841346].
2019-08-01 12:47:10,612 - INFO - Finished optimization with guess, [0.75570879 0.18841346].
2019-08-01 12:47:10,612 - INFO - Best fit parameters: [0.5111389  0.47707336].
2019-08-01 12:47:10,623 - INFO - Maximum log composite likelihood: -20.8615481409.
2019-08-01 12:47:10,623 - INFO - Optimal value of theta: 85.6661784049.
2019-08-01 12:47:10,623 - INFO - Beginning optimization with guess, [0.70649209 0.11149889].
2019-08-01 12:47:11,104 - INFO - Finished optimization with guess, [0.70649209 0.11149889].
2019-08-01 12:47:11,104 - INFO - Best fit parameters: [0.52966424 0.44985924].
2019-08-01 12:47:11,115 - INFO - Maximum log composite likelihood: -20.8622875811.
2019-08-01 12:47:11,115 - INFO - Optimal value of theta: 82.464884085.
2019-08-01 12:47:11,115 - INFO - Beginning optimization with guess, [0.34693384 0.07568954].
2019-08-01 12:47:11,551 - INFO - Finished optimization with guess, [0.34693384 0.07568954].
2019-08-01 12:47:11,551 - INFO - Best fit parameters: [0.52618245 0.45758031].
2019-08-01 12:47:11,562 - INFO - Maximum log composite likelihood: -20.8621192995.
2019-08-01 12:47:11,562 - INFO - Optimal value of theta: 83.137842925.
2019-08-01 12:47:11,562 - INFO - Beginning optimization with guess, [0.92471239 0.05355766].
2019-08-01 12:47:11,993 - INFO - Finished optimization with guess, [0.92471239 0.05355766].
2019-08-01 12:47:11,993 - INFO - Best fit parameters: [0.54761658 0.43467627].
2019-08-01 12:47:12,003 - INFO - Maximum log composite likelihood: -20.8635527318.
2019-08-01 12:47:12,003 - INFO - Optimal value of theta: 80.054526925.
2019-08-01 12:47:12,003 - INFO - Beginning optimization with guess, [0.63678629 0.05531488].
2019-08-01 12:47:12,467 - INFO - Finished optimization with guess, [0.63678629 0.05531488].
2019-08-01 12:47:12,467 - INFO - Best fit parameters: [0.50490214 0.48178114].
2019-08-01 12:47:12,479 - INFO - Maximum log composite likelihood: -20.8613461117.
2019-08-01 12:47:12,479 - INFO - Optimal value of theta: 86.6451664841.
2019-08-01 12:47:12,479 - INFO - Beginning optimization with guess, [0.30949724 0.11038834].
2019-08-01 12:47:13,087 - INFO - Finished optimization with guess, [0.30949724 0.11038834].
2019-08-01 12:47:13,087 - INFO - Best fit parameters: [0.46714222 0.52172827].
2019-08-01 12:47:13,101 - INFO - Maximum log composite likelihood: -20.8606711031.
2019-08-01 12:47:13,101 - INFO - Optimal value of theta: 93.911510488.
2019-08-01 12:47:13,101 - INFO - Beginning optimization with guess, [0.3171285  0.06363537].
2019-08-01 12:47:13,799 - INFO - Finished optimization with guess, [0.3171285  0.06363537].
2019-08-01 12:47:13,799 - INFO - Best fit parameters: [0.50924308 0.47717053].
2019-08-01 12:47:13,811 - INFO - Maximum log composite likelihood: -20.8614745189.
2019-08-01 12:47:13,811 - INFO - Optimal value of theta: 85.9075463686.
2019-08-01 12:47:13,811 - INFO - Beginning optimization with guess, [0.40035632 0.10940184].
2019-08-01 12:47:14,360 - INFO - Finished optimization with guess, [0.40035632 0.10940184].
2019-08-01 12:47:14,360 - INFO - Best fit parameters: [0.45478363 0.5272925 ].
2019-08-01 12:47:14,371 - INFO - Maximum log composite likelihood: -20.8604803302.
2019-08-01 12:47:14,371 - INFO - Optimal value of theta: 96.3060433751.
2019-08-01 12:47:14,372 - INFO - Beginning optimization with guess, [0.37920657 0.09791341].
2019-08-01 12:47:14,818 - INFO - Finished optimization with guess, [0.37920657 0.09791341].
2019-08-01 12:47:14,818 - INFO - Best fit parameters: [0.47807297 0.50824836].
2019-08-01 12:47:14,829 - INFO - Maximum log composite likelihood: -20.8607730059.
2019-08-01 12:47:14,829 - INFO - Optimal value of theta: 91.5521329095.
2019-08-01 12:47:14,829 - INFO - Beginning optimization with guess, [0.89920239 0.06618554].
2019-08-01 12:47:15,408 - INFO - Finished optimization with guess, [0.89920239 0.06618554].
2019-08-01 12:47:15,409 - INFO - Best fit parameters: [0.57580692 0.40906868].
2019-08-01 12:47:15,419 - INFO - Maximum log composite likelihood: -20.8680615785.
2019-08-01 12:47:15,419 - INFO - Optimal value of theta: 76.6453605792.
2019-08-01 12:47:15,420 - INFO - Beginning optimization with guess, [0.74060413 0.19111614].
2019-08-01 12:47:16,122 - INFO - Finished optimization with guess, [0.74060413 0.19111614].
2019-08-01 12:47:16,122 - INFO - Best fit parameters: [0.5047563  0.48457577].
2019-08-01 12:47:16,145 - INFO - Maximum log composite likelihood: -20.8613592861.
2019-08-01 12:47:16,146 - INFO - Optimal value of theta: 86.7760793047.
2019-08-01 12:47:16,146 - INFO - Beginning optimization with guess, [0.54430881 0.18225723].
2019-08-01 12:47:16,679 - INFO - Finished optimization with guess, [0.54430881 0.18225723].
2019-08-01 12:47:16,679 - INFO - Best fit parameters: [0.43546805 0.54009892].
2019-08-01 12:47:16,692 - INFO - Maximum log composite likelihood: -20.8603287976.
2019-08-01 12:47:16,693 - INFO - Optimal value of theta: 100.640157247.
2019-08-01 12:47:16,693 - INFO - Beginning optimization with guess, [0.69527878 0.0803411 ].
2019-08-01 12:47:17,153 - INFO - Finished optimization with guess, [0.69527878 0.0803411 ].
2019-08-01 12:47:17,153 - INFO - Best fit parameters: [0.53925315 0.44761713].
2019-08-01 12:47:17,164 - INFO - Maximum log composite likelihood: -20.8630076151.
2019-08-01 12:47:17,165 - INFO - Optimal value of theta: 81.3560619942.
2019-08-01 12:47:17,165 - INFO - Beginning optimization with guess, [0.35457976 0.05986124].
2019-08-01 12:47:17,712 - INFO - Finished optimization with guess, [0.35457976 0.05986124].
2019-08-01 12:47:17,712 - INFO - Best fit parameters: [0.46030528 0.52286355].
2019-08-01 12:47:17,723 - INFO - Maximum log composite likelihood: -20.8605371646.
2019-08-01 12:47:17,724 - INFO - Optimal value of theta: 95.1217288186.
2019-08-01 12:47:17,724 - INFO - Beginning optimization with guess, [0.41655917 0.06793103].
2019-08-01 12:47:18,163 - INFO - Finished optimization with guess, [0.41655917 0.06793103].
2019-08-01 12:47:18,163 - INFO - Best fit parameters: [0.47442095 0.51442394].
2019-08-01 12:47:18,175 - INFO - Maximum log composite likelihood: -20.8607399534.
2019-08-01 12:47:18,176 - INFO - Optimal value of theta: 92.3983385414.
2019-08-01 12:47:18,176 - INFO - Beginning optimization with guess, [0.73684959 0.06565998].
2019-08-01 12:47:18,681 - INFO - Finished optimization with guess, [0.73684959 0.06565998].
2019-08-01 12:47:18,693 - INFO - Best fit parameters: [0.50344139 0.48465074].
2019-08-01 12:47:18,716 - INFO - Maximum log composite likelihood: -20.8613090997.
2019-08-01 12:47:18,716 - INFO - Optimal value of theta: 86.9507006285.
2019-08-01 12:47:18,716 - INFO - Beginning optimization with guess, [0.70099488 0.19024313].
2019-08-01 12:47:19,340 - INFO - Finished optimization with guess, [0.70099488 0.19024313].
2019-08-01 12:47:19,340 - INFO - Best fit parameters: [0.50642668 0.48752498].
2019-08-01 12:47:19,350 - INFO - Maximum log composite likelihood: -20.8615354373.
2019-08-01 12:47:19,351 - INFO - Optimal value of theta: 86.6766197723.
2019-08-01 12:47:19,351 - INFO - Finished demographic inference.
2019-08-01 12:47:19,351 - INFO - Beginning DFE inference.
2019-08-01 12:47:52,439 - INFO - Beginning optimization with guess, [7.02565333e-02 3.48596550e+02].
2019-08-01 12:47:54,532 - INFO - Finished optomization, results are [-29.20304629953457 array([1.02811773e-01, 6.64382852e+03])].
2019-08-01 12:47:54,533 - INFO - Beginning optimization with guess, [4.75894135e-02 2.22244962e+02].
2019-08-01 12:48:00,525 - INFO - Finished optomization, results are [-29.186373746935878 array([1.0227556e-01, 7.1494137e+03])].
2019-08-01 12:48:00,526 - INFO - Beginning optimization with guess, [1.02576423e-01 3.10355197e+02].
2019-08-01 12:48:03,373 - INFO - Finished optomization, results are [-29.20518914777052 array([1.02948367e-01, 6.56554550e+03])].
2019-08-01 12:48:03,373 - INFO - Beginning optimization with guess, [1.01677480e-01 1.67393308e+02].
2019-08-01 12:48:05,921 - INFO - Finished optomization, results are [-29.181412386421584 array([1.02544628e-01, 7.21163421e+03])].
2019-08-01 12:48:05,921 - INFO - Beginning optimization with guess, [5.43671295e-02 1.35531452e+02].
2019-08-01 12:48:08,299 - INFO - Finished optomization, results are [-29.19793709735668 array([1.03414101e-01, 6.57227519e+03])].
2019-08-01 12:48:08,300 - INFO - Beginning optimization with guess, [1.18598529e-01 1.82500628e+02].
2019-08-01 12:48:10,928 - INFO - Finished optomization, results are [-29.186756817268517 array([1.02747963e-01, 7.00935994e+03])].
2019-08-01 12:48:10,929 - INFO - Beginning optimization with guess, [1.56186422e-01 1.93419577e+02].
2019-08-01 12:48:16,252 - INFO - Finished optomization, results are [-29.18377372442346 array([1.02470402e-01, 7.16251383e+03])].
2019-08-01 12:48:16,253 - INFO - Beginning optimization with guess, [7.29860690e-02 1.98889916e+02].
2019-08-01 12:48:18,670 - INFO - Finished optomization, results are [-29.195041912936524 array([1.0380951e-01, 6.5385859e+03])].
2019-08-01 12:48:18,670 - INFO - Beginning optimization with guess, [1.78111805e-01 4.30251689e+02].
2019-08-01 12:48:23,656 - INFO - Finished optomization, results are [-29.190829039698492 array([1.01608978e-01, 7.25776467e+03])].
2019-08-01 12:48:23,657 - INFO - Beginning optimization with guess, [6.33115527e-02 4.48288946e+02].
2019-08-01 12:48:25,605 - INFO - Finished optomization, results are [-29.19997965087032 array([1.02189923e-01, 6.89104842e+03])].
2019-08-01 12:48:25,605 - INFO - Beginning optimization with guess, [1.40250177e-01 3.74482877e+02].
2019-08-01 12:48:27,540 - INFO - Finished optomization, results are [-29.19546509782272 array([1.02329392e-01, 6.93305858e+03])].
2019-08-01 12:48:27,541 - INFO - Beginning optimization with guess, [1.5143077e-01 4.4763540e+02].
2019-08-01 12:48:29,622 - INFO - Finished optomization, results are [-29.204038700102352 array([1.03347867e-01, 6.47122889e+03])].
2019-08-01 12:48:29,622 - INFO - Beginning optimization with guess, [9.39086413e-02 3.85156840e+02].
2019-08-01 12:48:31,917 - INFO - Finished optomization, results are [-29.214574127831007 array([1.02866908e-01, 6.43916605e+03])].
2019-08-01 12:48:31,918 - INFO - Beginning optimization with guess, [5.85910566e-02 2.32170887e+02].
2019-08-01 12:48:33,869 - INFO - Finished optomization, results are [-29.188669438603135 array([1.02270132e-01, 7.09641972e+03])].
2019-08-01 12:48:33,869 - INFO - Beginning optimization with guess, [1.56859091e-01 1.77479901e+02].
2019-08-01 12:48:37,655 - INFO - Finished optomization, results are [-29.183732280805728 array([1.0240382e-01, 7.1815086e+03])].
2019-08-01 12:48:37,655 - INFO - Beginning optimization with guess, [1.47759791e-01 2.57844902e+02].
2019-08-01 12:48:39,370 - INFO - Finished optomization, results are [-29.195687101499132 array([1.02765669e-01, 6.79834353e+03])].
2019-08-01 12:48:39,371 - INFO - Beginning optimization with guess, [1.36081929e-01 2.90898767e+02].
2019-08-01 12:48:41,212 - INFO - Finished optomization, results are [-29.2119378778173 array([1.02887371e-01, 6.47313491e+03])].
2019-08-01 12:48:41,212 - INFO - Beginning optimization with guess, [6.62128574e-02 4.38723673e+02].
2019-08-01 12:48:43,108 - INFO - Finished optomization, results are [-29.197718597598872 array([1.01754935e-01, 7.07460484e+03])].
2019-08-01 12:48:43,108 - INFO - Beginning optimization with guess, [1.41934460e-01 3.90665902e+02].
2019-08-01 12:48:45,066 - INFO - Finished optomization, results are [-29.196362626233295 array([1.02162348e-01, 6.96757935e+03])].
2019-08-01 12:48:45,067 - INFO - Beginning optimization with guess, [7.00030463e-02 4.83426256e+02].
2019-08-01 12:48:50,213 - INFO - Finished optomization, results are [-29.20706322686776 array([1.01548967e-01, 6.98507622e+03])].
2019-08-01 12:48:50,214 - INFO - Beginning optimization with guess, [1.75830725e-01 2.46343863e+02].
2019-08-01 12:48:56,527 - INFO - Finished optomization, results are [-29.18749832315917 array([1.02125460e-01, 7.16681636e+03])].
2019-08-01 12:48:56,527 - INFO - Beginning optimization with guess, [1.67839861e-01 2.94724964e+02].
2019-08-01 12:48:58,212 - INFO - Finished optomization, results are [-29.195598328404607 array([1.02925014e-01, 6.75473932e+03])].
2019-08-01 12:48:58,212 - INFO - Beginning optimization with guess, [4.64565124e-02 2.76494355e+02].
2019-08-01 12:49:00,263 - INFO - Finished optomization, results are [-29.19523535417317 array([1.03323544e-01, 6.65439810e+03])].
2019-08-01 12:49:00,263 - INFO - Beginning optimization with guess, [6.33800161e-02 4.29010139e+02].
2019-08-01 12:49:02,775 - INFO - Finished optomization, results are [-29.196153971324648 array([1.02499244e-01, 6.86757654e+03])].
2019-08-01 12:49:02,776 - INFO - Beginning optimization with guess, [1.54061764e-01 1.81536497e+02].
2019-08-01 12:49:06,189 - INFO - Finished optomization, results are [-29.183257858018756 array([1.02908958e-01, 7.06876105e+03])].
2019-08-01 12:49:06,189 - INFO - Beginning optimization with guess, [1.57715984e-01 1.64841137e+02].
2019-08-01 12:49:10,801 - INFO - Finished optomization, results are [-29.187395250093537 array([1.03337838e-01, 6.84842760e+03])].
2019-08-01 12:49:10,802 - INFO - Beginning optimization with guess, [6.90399466e-02 4.72935399e+02].
2019-08-01 12:49:15,761 - INFO - Finished optomization, results are [-29.20091038784333 array([1.01361259e-01, 7.15296914e+03])].
2019-08-01 12:49:15,762 - INFO - Beginning optimization with guess, [4.84476412e-02 4.61597848e+02].
2019-08-01 12:49:21,168 - INFO - Finished optomization, results are [-29.194965478642345 array([1.02169666e-01, 6.99266441e+03])].
2019-08-01 12:49:21,169 - INFO - Beginning optimization with guess, [1.04722216e-01 2.29938230e+02].
2019-08-01 12:49:23,950 - INFO - Finished optomization, results are [-29.184853093101864 array([1.02863033e-01, 7.03220261e+03])].
2019-08-01 12:49:23,950 - INFO - Beginning optimization with guess, [1.21822728e-01 1.52663606e+02].
2019-08-01 12:49:26,266 - INFO - Finished optomization, results are [-29.20709922747433 array([1.02817019e-01, 6.57231564e+03])].
2019-08-01 12:49:26,266 - INFO - Beginning optimization with guess, [5.88896700e-02 2.77047473e+02].
2019-08-01 12:49:30,974 - INFO - Finished optomization, results are [-29.185191366534248 array([1.02133144e-01, 7.22009524e+03])].
2019-08-01 12:49:30,974 - INFO - Beginning optimization with guess, [1.57530514e-01 2.50787979e+02].
2019-08-01 12:49:36,319 - INFO - Finished optomization, results are [-29.184530512193916 array([1.02084053e-01, 7.25103345e+03])].
2019-08-01 12:49:36,320 - INFO - Beginning optimization with guess, [1.79391906e-01 2.32531872e+02].
2019-08-01 12:49:38,552 - INFO - Finished optomization, results are [-29.189556309406754 array([1.02372955e-01, 7.04572740e+03])].
2019-08-01 12:49:38,552 - INFO - Beginning optimization with guess, [1.11913944e-01 4.55835554e+02].
2019-08-01 12:49:43,274 - INFO - Finished optomization, results are [-29.182596952791357 array([1.02253062e-01, 7.25359802e+03])].
2019-08-01 12:49:43,275 - INFO - Beginning optimization with guess, [1.06084003e-01 2.36873681e+02].
2019-08-01 12:49:45,620 - INFO - Finished optomization, results are [-29.197473080121654 array([1.04221259e-01, 6.38678898e+03])].
2019-08-01 12:49:45,620 - INFO - Beginning optimization with guess, [7.98585890e-02 1.54656132e+02].
2019-08-01 12:49:48,754 - INFO - Finished optomization, results are [-29.208943596234022 array([1.00912606e-01, 7.18468468e+03])].
2019-08-01 12:49:48,754 - INFO - Beginning optimization with guess, [8.57254671e-02 3.31062779e+02].
2019-08-01 12:49:54,503 - INFO - Finished optomization, results are [-29.214082406450828 array([1.00725020e-01, 7.17806818e+03])].
2019-08-01 12:49:54,504 - INFO - Beginning optimization with guess, [8.92347897e-02 2.67418520e+02].
2019-08-01 12:49:59,367 - INFO - Finished optomization, results are [-29.18525502253854 array([1.02202339e-01, 7.19833736e+03])].
2019-08-01 12:49:59,368 - INFO - Beginning optimization with guess, [5.82522619e-02 2.80061710e+02].
2019-08-01 12:50:04,400 - INFO - Finished optomization, results are [-29.188034838064894 array([1.02426574e-01, 7.06572371e+03])].
2019-08-01 12:50:04,401 - INFO - Beginning optimization with guess, [1.06032996e-01 1.39962488e+02].
2019-08-01 12:50:06,061 - INFO - Finished optomization, results are [-29.196967234117324 array([1.03535001e-01, 6.56161466e+03])].
2019-08-01 12:50:06,061 - INFO - Beginning optimization with guess, [1.74666021e-01 2.93084141e+02].
2019-08-01 12:50:10,729 - INFO - Finished optomization, results are [-29.1897156141045 array([1.02255554e-01, 7.07696628e+03])].
2019-08-01 12:50:10,729 - INFO - Beginning optimization with guess, [4.64176450e-02 1.79229191e+02].
2019-08-01 12:50:13,898 - INFO - Finished optomization, results are [-29.191375451733855 array([1.02726923e-01, 6.90268145e+03])].
2019-08-01 12:50:13,898 - INFO - Beginning optimization with guess, [9.35641506e-02 2.91094159e+02].
2019-08-01 12:50:16,403 - INFO - Finished optomization, results are [-29.197173189102394 array([1.02638953e-01, 6.80553586e+03])].
2019-08-01 12:50:16,404 - INFO - Beginning optimization with guess, [7.67326758e-02 3.63107585e+02].
2019-08-01 12:50:18,643 - INFO - Finished optomization, results are [-29.207831881352746 array([1.02686223e-01, 6.60006902e+03])].
2019-08-01 12:50:18,644 - INFO - Beginning optimization with guess, [8.71340781e-02 3.45856805e+02].
2019-08-01 12:50:22,138 - INFO - Finished optomization, results are [-29.218523904981843 array([1.00589444e-01, 7.16646120e+03])].
2019-08-01 12:50:22,139 - INFO - Beginning optimization with guess, [5.67348059e-02 1.69808664e+02].
2019-08-01 12:50:24,291 - INFO - Finished optomization, results are [-29.189716102857496 array([1.02930083e-01, 6.88655790e+03])].
2019-08-01 12:50:24,292 - INFO - Beginning optimization with guess, [6.95326628e-02 3.62726221e+02].
2019-08-01 12:50:26,077 - INFO - Finished optomization, results are [-29.200188069457866 array([1.02461460e-01, 6.80196212e+03])].
2019-08-01 12:50:26,078 - INFO - Beginning optimization with guess, [1.31762377e-01 2.38271208e+02].
2019-08-01 12:50:28,057 - INFO - Finished optomization, results are [-29.189906281884674 array([1.02655212e-01, 6.95670273e+03])].
2019-08-01 12:50:28,058 - INFO - Beginning optimization with guess, [1.36437762e-01 1.83951939e+02].
2019-08-01 12:50:32,120 - INFO - Finished optomization, results are [-29.188126046159972 array([1.01904796e-01, 7.22027474e+03])].
2019-08-01 12:50:32,120 - INFO - Beginning optimization with guess, [1.66680211e-01 3.34888147e+02].
2019-08-01 12:50:36,481 - INFO - Finished optomization, results are [-29.187642736467147 array([1.02319564e-01, 7.10596807e+03])].
2019-08-01 12:50:36,482 - INFO - Finished DFE inference.
2019-08-01 12:50:36,482 - INFO - Integrating expected site-frequency spectrum.
2019-08-01 12:50:36,499 - INFO - Outputing results.
2019-08-01 12:50:36,504 - INFO - Pipeline executed succesfully.
