2020-09-15 10:37:42,554 - INFO - Beginning execution of fitdadi_infer_DFE.py in directory /u/home/j/jonmah/lohmueller_lab/Scripts

2020-09-15 10:37:42,554 - INFO - Progress is being logged to ../Data/pop_4000_neutral_shift/350_gen_fitdadi_output/log.log

2020-09-15 10:37:42,554 - INFO - Parsed the following arguments:
	breed = LB
	outprefix = ../Data/pop_4000_neutral_shift/350_gen_fitdadi_output/
	nonsyn_input_sfs = ../Data/pop_4000_neutral_shift/350_gen_easySFS_output_nonsyn/dadi/pop1.sfs
	syn_input_sfs = ../Data/pop_4000_neutral_shift/350_gen_easySFS_output_syn/dadi/pop1.sfs

2020-09-15 10:37:42,556 - INFO - Beginning optimization with guess, [0.31637889 0.07971985].
2020-09-15 10:37:43,056 - INFO - Finished optimization with guess, [0.31637889 0.07971985].
2020-09-15 10:37:43,056 - INFO - Best fit parameters: [0.09307768 0.00984286].
2020-09-15 10:37:43,073 - INFO - Maximum log composite likelihood: -20.0631318674.
2020-09-15 10:37:43,074 - INFO - Optimal value of theta: 52.9847094934.
2020-09-15 10:37:43,075 - INFO - Beginning optimization with guess, [0.36209923 0.11971677].
2020-09-15 10:37:43,568 - INFO - Finished optimization with guess, [0.36209923 0.11971677].
2020-09-15 10:37:43,568 - INFO - Best fit parameters: [0.12563885 0.01411001].
2020-09-15 10:37:43,585 - INFO - Maximum log composite likelihood: -20.0847671767.
2020-09-15 10:37:43,586 - INFO - Optimal value of theta: 53.0832490748.
2020-09-15 10:37:43,586 - INFO - Beginning optimization with guess, [0.77528568 0.15444265].
2020-09-15 10:37:44,114 - INFO - Finished optimization with guess, [0.77528568 0.15444265].
2020-09-15 10:37:44,114 - INFO - Best fit parameters: [0.26419937 0.03976565].
2020-09-15 10:37:44,132 - INFO - Maximum log composite likelihood: -20.2290406782.
2020-09-15 10:37:44,133 - INFO - Optimal value of theta: 53.5554746004.
2020-09-15 10:37:44,133 - INFO - Beginning optimization with guess, [0.51958451 0.05251088].
2020-09-15 10:37:44,618 - INFO - Finished optimization with guess, [0.51958451 0.05251088].
2020-09-15 10:37:44,618 - INFO - Best fit parameters: [0.06699057 0.00670301].
2020-09-15 10:37:44,635 - INFO - Maximum log composite likelihood: -20.0494704419.
2020-09-15 10:37:44,636 - INFO - Optimal value of theta: 52.8333766497.
2020-09-15 10:37:44,636 - INFO - Beginning optimization with guess, [0.87641089 0.05760129].
2020-09-15 10:37:45,107 - INFO - Finished optimization with guess, [0.87641089 0.05760129].
2020-09-15 10:37:45,107 - INFO - Best fit parameters: [0.03654443 0.00356071].
2020-09-15 10:37:45,124 - INFO - Maximum log composite likelihood: -20.0321559209.
2020-09-15 10:37:45,125 - INFO - Optimal value of theta: 52.9572449309.
2020-09-15 10:37:45,125 - INFO - Beginning optimization with guess, [0.39106884 0.12899434].
2020-09-15 10:37:45,616 - INFO - Finished optimization with guess, [0.39106884 0.12899434].
2020-09-15 10:37:45,618 - INFO - Best fit parameters: [0.11164162 0.01179258].
2020-09-15 10:37:45,635 - INFO - Maximum log composite likelihood: -20.0790001336.
2020-09-15 10:37:45,636 - INFO - Optimal value of theta: 52.7555395043.
2020-09-15 10:37:45,636 - INFO - Beginning optimization with guess, [0.29741517 0.10787643].
2020-09-15 10:37:46,129 - INFO - Finished optimization with guess, [0.29741517 0.10787643].
2020-09-15 10:37:46,130 - INFO - Best fit parameters: [0.14162459 0.01596985].
2020-09-15 10:37:46,147 - INFO - Maximum log composite likelihood: -20.0987449527.
2020-09-15 10:37:46,148 - INFO - Optimal value of theta: 52.9168818426.
2020-09-15 10:37:46,148 - INFO - Beginning optimization with guess, [0.38921421 0.08963944].
2020-09-15 10:37:46,629 - INFO - Finished optimization with guess, [0.38921421 0.08963944].
2020-09-15 10:37:46,630 - INFO - Best fit parameters: [0.05507901 0.00544086].
2020-09-15 10:37:46,647 - INFO - Maximum log composite likelihood: -20.0424299629.
2020-09-15 10:37:46,648 - INFO - Optimal value of theta: 52.8632576889.
2020-09-15 10:37:46,648 - INFO - Beginning optimization with guess, [0.45649543 0.06551197].
2020-09-15 10:37:47,142 - INFO - Finished optimization with guess, [0.45649543 0.06551197].
2020-09-15 10:37:47,143 - INFO - Best fit parameters: [0.14873196 0.0167061 ].
2020-09-15 10:37:47,160 - INFO - Maximum log composite likelihood: -20.1066387976.
2020-09-15 10:37:47,161 - INFO - Optimal value of theta: 52.7972359528.
2020-09-15 10:37:47,161 - INFO - Beginning optimization with guess, [0.89976862 0.08733519].
2020-09-15 10:37:47,647 - INFO - Finished optimization with guess, [0.89976862 0.08733519].
2020-09-15 10:37:47,647 - INFO - Best fit parameters: [0.09318782 0.00972241].
2020-09-15 10:37:47,664 - INFO - Maximum log composite likelihood: -20.0646098898.
2020-09-15 10:37:47,665 - INFO - Optimal value of theta: 52.8723929029.
2020-09-15 10:37:47,665 - INFO - Beginning optimization with guess, [0.94855965 0.10433684].
2020-09-15 10:37:48,154 - INFO - Finished optimization with guess, [0.94855965 0.10433684].
2020-09-15 10:37:48,154 - INFO - Best fit parameters: [0.11611091 0.01225648].
2020-09-15 10:37:48,172 - INFO - Maximum log composite likelihood: -20.0834863982.
2020-09-15 10:37:48,172 - INFO - Optimal value of theta: 52.697585245.
2020-09-15 10:37:48,173 - INFO - Beginning optimization with guess, [0.48693993 0.05331029].
2020-09-15 10:37:48,658 - INFO - Finished optimization with guess, [0.48693993 0.05331029].
2020-09-15 10:37:48,659 - INFO - Best fit parameters: [0.09321713 0.01012655].
2020-09-15 10:37:48,676 - INFO - Maximum log composite likelihood: -20.062424877.
2020-09-15 10:37:48,677 - INFO - Optimal value of theta: 53.2072798099.
2020-09-15 10:37:48,677 - INFO - Beginning optimization with guess, [0.2847182  0.13760418].
2020-09-15 10:37:49,183 - INFO - Finished optimization with guess, [0.2847182  0.13760418].
2020-09-15 10:37:49,184 - INFO - Best fit parameters: [0.11496189 0.01207716].
2020-09-15 10:37:49,201 - INFO - Maximum log composite likelihood: -20.0832906492.
2020-09-15 10:37:49,202 - INFO - Optimal value of theta: 52.6729449979.
2020-09-15 10:37:49,202 - INFO - Beginning optimization with guess, [0.48044621 0.1808715 ].
2020-09-15 10:37:49,724 - INFO - Finished optimization with guess, [0.48044621 0.1808715 ].
2020-09-15 10:37:49,724 - INFO - Best fit parameters: [0.24973203 0.03718498].
2020-09-15 10:37:49,742 - INFO - Maximum log composite likelihood: -20.2109994671.
2020-09-15 10:37:49,743 - INFO - Optimal value of theta: 53.6936604793.
2020-09-15 10:37:49,743 - INFO - Beginning optimization with guess, [0.27578019 0.16766576].
2020-09-15 10:37:50,276 - INFO - Finished optimization with guess, [0.27578019 0.16766576].
2020-09-15 10:37:50,277 - INFO - Best fit parameters: [0.25578918 0.03505868].
2020-09-15 10:37:50,294 - INFO - Maximum log composite likelihood: -20.2185625542.
2020-09-15 10:37:50,295 - INFO - Optimal value of theta: 52.933362414.
2020-09-15 10:37:50,295 - INFO - Beginning optimization with guess, [0.92304185 0.06843217].
2020-09-15 10:37:50,769 - INFO - Finished optimization with guess, [0.92304185 0.06843217].
2020-09-15 10:37:50,769 - INFO - Best fit parameters: [0.05081026 0.00501048].
2020-09-15 10:37:50,786 - INFO - Maximum log composite likelihood: -20.0397812238.
2020-09-15 10:37:50,787 - INFO - Optimal value of theta: 52.897010348.
2020-09-15 10:37:50,787 - INFO - Beginning optimization with guess, [0.34174141 0.10387725].
2020-09-15 10:37:51,276 - INFO - Finished optimization with guess, [0.34174141 0.10387725].
2020-09-15 10:37:51,276 - INFO - Best fit parameters: [0.13240831 0.01483588].
2020-09-15 10:37:51,294 - INFO - Maximum log composite likelihood: -20.0907768604.
2020-09-15 10:37:51,294 - INFO - Optimal value of theta: 52.9797038314.
2020-09-15 10:37:51,295 - INFO - Beginning optimization with guess, [0.77770222 0.08229488].
2020-09-15 10:37:51,780 - INFO - Finished optimization with guess, [0.77770222 0.08229488].
2020-09-15 10:37:51,781 - INFO - Best fit parameters: [0.10494986 0.01143353].
2020-09-15 10:37:51,798 - INFO - Maximum log composite likelihood: -20.0701668771.
2020-09-15 10:37:51,799 - INFO - Optimal value of theta: 53.0875677991.
2020-09-15 10:37:51,800 - INFO - Beginning optimization with guess, [0.44893083 0.09224522].
2020-09-15 10:37:52,301 - INFO - Finished optimization with guess, [0.44893083 0.09224522].
2020-09-15 10:37:52,301 - INFO - Best fit parameters: [0.12134057 0.01325337].
2020-09-15 10:37:52,318 - INFO - Maximum log composite likelihood: -20.0832849888.
2020-09-15 10:37:52,319 - INFO - Optimal value of theta: 52.908961397.
2020-09-15 10:37:52,319 - INFO - Beginning optimization with guess, [0.61729952 0.09543702].
2020-09-15 10:37:52,819 - INFO - Finished optimization with guess, [0.61729952 0.09543702].
2020-09-15 10:37:52,820 - INFO - Best fit parameters: [0.1578477  0.01879251].
2020-09-15 10:37:52,837 - INFO - Maximum log composite likelihood: -20.1100658719.
2020-09-15 10:37:52,838 - INFO - Optimal value of theta: 53.152125831.
2020-09-15 10:37:52,838 - INFO - Beginning optimization with guess, [0.29066203 0.19148684].
2020-09-15 10:37:53,383 - INFO - Finished optimization with guess, [0.29066203 0.19148684].
2020-09-15 10:37:53,384 - INFO - Best fit parameters: [0.39804421 0.06092195].
2020-09-15 10:37:53,402 - INFO - Maximum log composite likelihood: -20.5093628786.
2020-09-15 10:37:53,402 - INFO - Optimal value of theta: 51.629112396.
2020-09-15 10:37:53,403 - INFO - Beginning optimization with guess, [0.49760463 0.07767394].
2020-09-15 10:37:53,901 - INFO - Finished optimization with guess, [0.49760463 0.07767394].
2020-09-15 10:37:53,901 - INFO - Best fit parameters: [0.13847706 0.01560846].
2020-09-15 10:37:53,918 - INFO - Maximum log composite likelihood: -20.0957607811.
2020-09-15 10:37:53,919 - INFO - Optimal value of theta: 52.9527728107.
2020-09-15 10:37:53,919 - INFO - Beginning optimization with guess, [0.34318099 0.06425484].
2020-09-15 10:37:54,402 - INFO - Finished optimization with guess, [0.34318099 0.06425484].
2020-09-15 10:37:54,402 - INFO - Best fit parameters: [0.08653605 0.0091939 ].
2020-09-15 10:37:54,419 - INFO - Maximum log composite likelihood: -20.0583626404.
2020-09-15 10:37:54,420 - INFO - Optimal value of theta: 53.101650787.
2020-09-15 10:37:54,420 - INFO - Beginning optimization with guess, [0.38207025 0.18563679].
2020-09-15 10:37:54,933 - INFO - Finished optimization with guess, [0.38207025 0.18563679].
2020-09-15 10:37:54,933 - INFO - Best fit parameters: [0.14601881 0.01653298].
2020-09-15 10:37:54,951 - INFO - Maximum log composite likelihood: -20.1026073127.
2020-09-15 10:37:54,951 - INFO - Optimal value of theta: 52.8951849439.
2020-09-15 10:37:54,952 - INFO - Beginning optimization with guess, [0.33378592 0.09758489].
2020-09-15 10:37:55,438 - INFO - Finished optimization with guess, [0.33378592 0.09758489].
2020-09-15 10:37:55,439 - INFO - Best fit parameters: [0.11433066 0.01217516].
2020-09-15 10:37:55,456 - INFO - Maximum log composite likelihood: -20.0802313698.
2020-09-15 10:37:55,457 - INFO - Optimal value of theta: 52.7888046102.
2020-09-15 10:37:55,457 - INFO - Beginning optimization with guess, [0.40639598 0.06389191].
2020-09-15 10:37:55,952 - INFO - Finished optimization with guess, [0.40639598 0.06389191].
2020-09-15 10:37:55,953 - INFO - Best fit parameters: [0.13943114 0.01525358].
2020-09-15 10:37:55,970 - INFO - Maximum log composite likelihood: -20.1010736547.
2020-09-15 10:37:55,971 - INFO - Optimal value of theta: 52.7023768233.
2020-09-15 10:37:55,971 - INFO - Beginning optimization with guess, [0.65570044 0.08348561].
2020-09-15 10:37:56,464 - INFO - Finished optimization with guess, [0.65570044 0.08348561].
2020-09-15 10:37:56,465 - INFO - Best fit parameters: [0.12510242 0.01447699].
2020-09-15 10:37:56,482 - INFO - Maximum log composite likelihood: -20.084304302.
2020-09-15 10:37:56,483 - INFO - Optimal value of theta: 53.3405994575.
2020-09-15 10:37:56,483 - INFO - Beginning optimization with guess, [0.30201648 0.07697962].
2020-09-15 10:37:56,965 - INFO - Finished optimization with guess, [0.30201648 0.07697962].
2020-09-15 10:37:56,965 - INFO - Best fit parameters: [0.10591878 0.01145628].
2020-09-15 10:37:56,982 - INFO - Maximum log composite likelihood: -20.0713483447.
2020-09-15 10:37:56,983 - INFO - Optimal value of theta: 53.0158319924.
2020-09-15 10:37:56,983 - INFO - Beginning optimization with guess, [0.42013138 0.08500673].
2020-09-15 10:37:57,481 - INFO - Finished optimization with guess, [0.42013138 0.08500673].
2020-09-15 10:37:57,481 - INFO - Best fit parameters: [0.09987748 0.01109085].
2020-09-15 10:37:57,499 - INFO - Maximum log composite likelihood: -20.0669678004.
2020-09-15 10:37:57,499 - INFO - Optimal value of theta: 53.3109927331.
2020-09-15 10:37:57,500 - INFO - Beginning optimization with guess, [0.7250636  0.06064549].
2020-09-15 10:37:57,983 - INFO - Finished optimization with guess, [0.7250636  0.06064549].
2020-09-15 10:37:57,983 - INFO - Best fit parameters: [0.09232921 0.01002335].
2020-09-15 10:37:58,000 - INFO - Maximum log composite likelihood: -20.0618880536.
2020-09-15 10:37:58,001 - INFO - Optimal value of theta: 53.2124473268.
2020-09-15 10:37:58,001 - INFO - Beginning optimization with guess, [0.59670614 0.12478857].
2020-09-15 10:37:58,513 - INFO - Finished optimization with guess, [0.59670614 0.12478857].
2020-09-15 10:37:58,513 - INFO - Best fit parameters: [0.18305072 0.02158186].
2020-09-15 10:37:58,530 - INFO - Maximum log composite likelihood: -20.1385215127.
2020-09-15 10:37:58,531 - INFO - Optimal value of theta: 52.7476765137.
2020-09-15 10:37:58,531 - INFO - Beginning optimization with guess, [0.66829988 0.05443536].
2020-09-15 10:37:59,012 - INFO - Finished optimization with guess, [0.66829988 0.05443536].
2020-09-15 10:37:59,013 - INFO - Best fit parameters: [0.07408747 0.00748969].
2020-09-15 10:37:59,030 - INFO - Maximum log composite likelihood: -20.0533990095.
2020-09-15 10:37:59,031 - INFO - Optimal value of theta: 52.8369175628.
2020-09-15 10:37:59,031 - INFO - Beginning optimization with guess, [0.38357882 0.07870879].
2020-09-15 10:37:59,521 - INFO - Finished optimization with guess, [0.38357882 0.07870879].
2020-09-15 10:37:59,521 - INFO - Best fit parameters: [0.11074004 0.01225282].
2020-09-15 10:37:59,538 - INFO - Maximum log composite likelihood: -20.0738489481.
2020-09-15 10:37:59,539 - INFO - Optimal value of theta: 53.1454525174.
2020-09-15 10:37:59,539 - INFO - Beginning optimization with guess, [0.72421602 0.06729819].
2020-09-15 10:38:00,025 - INFO - Finished optimization with guess, [0.72421602 0.06729819].
2020-09-15 10:38:00,025 - INFO - Best fit parameters: [0.13879315 0.01570486].
2020-09-15 10:38:00,043 - INFO - Maximum log composite likelihood: -20.095657955.
2020-09-15 10:38:00,043 - INFO - Optimal value of theta: 52.9804330417.
2020-09-15 10:38:00,044 - INFO - Beginning optimization with guess, [0.41042635 0.05899685].
2020-09-15 10:38:00,536 - INFO - Finished optimization with guess, [0.41042635 0.05899685].
2020-09-15 10:38:00,537 - INFO - Best fit parameters: [0.12698199 0.01403658].
2020-09-15 10:38:00,554 - INFO - Maximum log composite likelihood: -20.0870742933.
2020-09-15 10:38:00,555 - INFO - Optimal value of theta: 52.9371869495.
2020-09-15 10:38:00,555 - INFO - Beginning optimization with guess, [0.26999335 0.09237785].
2020-09-15 10:38:01,044 - INFO - Finished optimization with guess, [0.26999335 0.09237785].
2020-09-15 10:38:01,044 - INFO - Best fit parameters: [0.12857548 0.01421004].
2020-09-15 10:38:01,062 - INFO - Maximum log composite likelihood: -20.0885540837.
2020-09-15 10:38:01,062 - INFO - Optimal value of theta: 52.9160863011.
2020-09-15 10:38:01,063 - INFO - Beginning optimization with guess, [0.33969864 0.05102469].
2020-09-15 10:38:01,554 - INFO - Finished optimization with guess, [0.33969864 0.05102469].
2020-09-15 10:38:01,554 - INFO - Best fit parameters: [0.10720219 0.01152951].
2020-09-15 10:38:01,571 - INFO - Maximum log composite likelihood: -20.0727965008.
2020-09-15 10:38:01,572 - INFO - Optimal value of theta: 52.9538876217.
2020-09-15 10:38:01,573 - INFO - Beginning optimization with guess, [0.49268151 0.10375175].
2020-09-15 10:38:02,076 - INFO - Finished optimization with guess, [0.49268151 0.10375175].
2020-09-15 10:38:02,077 - INFO - Best fit parameters: [0.12480801 0.01382179].
2020-09-15 10:38:02,094 - INFO - Maximum log composite likelihood: -20.0849699519.
2020-09-15 10:38:02,095 - INFO - Optimal value of theta: 52.9789552831.
2020-09-15 10:38:02,095 - INFO - Beginning optimization with guess, [0.41659419 0.1534021 ].
2020-09-15 10:38:02,582 - INFO - Finished optimization with guess, [0.41659419 0.1534021 ].
2020-09-15 10:38:02,583 - INFO - Best fit parameters: [0.05070298 0.00497444].
2020-09-15 10:38:02,600 - INFO - Maximum log composite likelihood: -20.040206502.
2020-09-15 10:38:02,601 - INFO - Optimal value of theta: 52.8562003999.
2020-09-15 10:38:02,601 - INFO - Beginning optimization with guess, [0.94729423 0.08065614].
2020-09-15 10:38:03,080 - INFO - Finished optimization with guess, [0.94729423 0.08065614].
2020-09-15 10:38:03,080 - INFO - Best fit parameters: [0.04126491 0.0036465 ].
2020-09-15 10:38:03,097 - INFO - Maximum log composite likelihood: -20.0591083057.
2020-09-15 10:38:03,098 - INFO - Optimal value of theta: 52.1294657719.
2020-09-15 10:38:03,098 - INFO - Beginning optimization with guess, [0.75529303 0.09071027].
2020-09-15 10:38:03,589 - INFO - Finished optimization with guess, [0.75529303 0.09071027].
2020-09-15 10:38:03,589 - INFO - Best fit parameters: [0.10398952 0.01116141].
2020-09-15 10:38:03,606 - INFO - Maximum log composite likelihood: -20.0703734737.
2020-09-15 10:38:03,607 - INFO - Optimal value of theta: 52.9760952863.
2020-09-15 10:38:03,607 - INFO - Beginning optimization with guess, [0.68671829 0.06427998].
2020-09-15 10:38:04,092 - INFO - Finished optimization with guess, [0.68671829 0.06427998].
2020-09-15 10:38:04,093 - INFO - Best fit parameters: [0.13186591 0.01478366].
2020-09-15 10:38:04,111 - INFO - Maximum log composite likelihood: -20.0902302839.
2020-09-15 10:38:04,111 - INFO - Optimal value of theta: 52.9912063833.
2020-09-15 10:38:04,112 - INFO - Beginning optimization with guess, [0.77140844 0.06214215].
2020-09-15 10:38:04,594 - INFO - Finished optimization with guess, [0.77140844 0.06214215].
2020-09-15 10:38:04,594 - INFO - Best fit parameters: [0.09064502 0.00981113].
2020-09-15 10:38:04,612 - INFO - Maximum log composite likelihood: -20.0608703774.
2020-09-15 10:38:04,612 - INFO - Optimal value of theta: 53.207629107.
2020-09-15 10:38:04,613 - INFO - Beginning optimization with guess, [0.9213191  0.09244847].
2020-09-15 10:38:05,099 - INFO - Finished optimization with guess, [0.9213191  0.09244847].
2020-09-15 10:38:05,099 - INFO - Best fit parameters: [0.09940922 0.01076291].
2020-09-15 10:38:05,116 - INFO - Maximum log composite likelihood: -20.0665082798.
2020-09-15 10:38:05,117 - INFO - Optimal value of theta: 53.1032248369.
2020-09-15 10:38:05,117 - INFO - Beginning optimization with guess, [0.25583713 0.11436723].
2020-09-15 10:38:05,615 - INFO - Finished optimization with guess, [0.25583713 0.11436723].
2020-09-15 10:38:05,615 - INFO - Best fit parameters: [0.12616264 0.01377485].
2020-09-15 10:38:05,633 - INFO - Maximum log composite likelihood: -20.0878097947.
2020-09-15 10:38:05,633 - INFO - Optimal value of theta: 52.8473102228.
2020-09-15 10:38:05,634 - INFO - Beginning optimization with guess, [0.65083056 0.09638354].
2020-09-15 10:38:06,137 - INFO - Finished optimization with guess, [0.65083056 0.09638354].
2020-09-15 10:38:06,137 - INFO - Best fit parameters: [0.16513658 0.01916294].
2020-09-15 10:38:06,154 - INFO - Maximum log composite likelihood: -20.1198373411.
2020-09-15 10:38:06,155 - INFO - Optimal value of theta: 52.8504392857.
2020-09-15 10:38:06,156 - INFO - Beginning optimization with guess, [0.27358403 0.07046626].
2020-09-15 10:38:06,636 - INFO - Finished optimization with guess, [0.27358403 0.07046626].
2020-09-15 10:38:06,636 - INFO - Best fit parameters: [0.10766765 0.01176666].
2020-09-15 10:38:06,653 - INFO - Maximum log composite likelihood: -20.0720114764.
2020-09-15 10:38:06,654 - INFO - Optimal value of theta: 53.0805748905.
2020-09-15 10:38:06,654 - INFO - Beginning optimization with guess, [0.73138488 0.06522207].
2020-09-15 10:38:07,139 - INFO - Finished optimization with guess, [0.73138488 0.06522207].
2020-09-15 10:38:07,139 - INFO - Best fit parameters: [0.13036907 0.01474542].
2020-09-15 10:38:07,157 - INFO - Maximum log composite likelihood: -20.0882512076.
2020-09-15 10:38:07,157 - INFO - Optimal value of theta: 53.0826987338.
2020-09-15 10:38:07,158 - INFO - Beginning optimization with guess, [0.41520996 0.11624159].
2020-09-15 10:38:07,636 - INFO - Finished optimization with guess, [0.41520996 0.11624159].
2020-09-15 10:38:07,636 - INFO - Best fit parameters: [0.03238437 0.00309386].
2020-09-15 10:38:07,653 - INFO - Maximum log composite likelihood: -20.0314134141.
2020-09-15 10:38:07,654 - INFO - Optimal value of theta: 52.8395577188.
2020-09-15 10:38:07,655 - INFO - Beginning optimization with guess, [0.57413561 0.05759462].
2020-09-15 10:38:08,140 - INFO - Finished optimization with guess, [0.57413561 0.05759462].
2020-09-15 10:38:08,141 - INFO - Best fit parameters: [0.13904898 0.01530322].
2020-09-15 10:38:08,158 - INFO - Maximum log composite likelihood: -20.0995590211.
2020-09-15 10:38:08,158 - INFO - Optimal value of theta: 52.7544835962.
2020-09-15 10:38:08,159 - INFO - Beginning optimization with guess, [0.35436848 0.07914824].
2020-09-15 10:38:08,634 - INFO - Finished optimization with guess, [0.35436848 0.07914824].
2020-09-15 10:38:08,634 - INFO - Best fit parameters: [0.02770194 0.00253723].
2020-09-15 10:38:08,651 - INFO - Maximum log composite likelihood: -20.0352243277.
2020-09-15 10:38:08,652 - INFO - Optimal value of theta: 52.5473277323.
2020-09-15 10:38:08,653 - INFO - Beginning optimization with guess, [0.9923284  0.09673671].
2020-09-15 10:38:09,135 - INFO - Finished optimization with guess, [0.9923284  0.09673671].
2020-09-15 10:38:09,135 - INFO - Best fit parameters: [0.09136287 0.00933022].
2020-09-15 10:38:09,153 - INFO - Maximum log composite likelihood: -20.0661270369.
2020-09-15 10:38:09,153 - INFO - Optimal value of theta: 52.7211189567.
2020-09-15 10:38:09,154 - INFO - Beginning optimization with guess, [0.76327906 0.08628494].
2020-09-15 10:38:09,643 - INFO - Finished optimization with guess, [0.76327906 0.08628494].
2020-09-15 10:38:09,643 - INFO - Best fit parameters: [0.09449428 0.00981829].
2020-09-15 10:38:09,660 - INFO - Maximum log composite likelihood: -20.0662494495.
2020-09-15 10:38:09,661 - INFO - Optimal value of theta: 52.8235955528.
2020-09-15 10:38:09,661 - INFO - Beginning optimization with guess, [0.75553898 0.05991883].
2020-09-15 10:38:10,142 - INFO - Finished optimization with guess, [0.75553898 0.05991883].
2020-09-15 10:38:10,142 - INFO - Best fit parameters: [0.07682181 0.00767682].
2020-09-15 10:38:10,160 - INFO - Maximum log composite likelihood: -20.0574544211.
2020-09-15 10:38:10,160 - INFO - Optimal value of theta: 52.7117257938.
2020-09-15 10:38:10,161 - INFO - Beginning optimization with guess, [0.56907385 0.08340014].
2020-09-15 10:38:10,654 - INFO - Finished optimization with guess, [0.56907385 0.08340014].
2020-09-15 10:38:10,655 - INFO - Best fit parameters: [0.07876296 0.00817931].
2020-09-15 10:38:10,672 - INFO - Maximum log composite likelihood: -20.0543242109.
2020-09-15 10:38:10,672 - INFO - Optimal value of theta: 53.0034015086.
2020-09-15 10:38:10,673 - INFO - Beginning optimization with guess, [0.54580809 0.11069414].
2020-09-15 10:38:11,178 - INFO - Finished optimization with guess, [0.54580809 0.11069414].
2020-09-15 10:38:11,178 - INFO - Best fit parameters: [0.13148742 0.01536894].
2020-09-15 10:38:11,196 - INFO - Maximum log composite likelihood: -20.0889694165.
2020-09-15 10:38:11,196 - INFO - Optimal value of theta: 53.3428420344.
2020-09-15 10:38:11,197 - INFO - Beginning optimization with guess, [0.25704653 0.08769449].
2020-09-15 10:38:11,684 - INFO - Finished optimization with guess, [0.25704653 0.08769449].
2020-09-15 10:38:11,684 - INFO - Best fit parameters: [0.12354088 0.01381523].
2020-09-15 10:38:11,702 - INFO - Maximum log composite likelihood: -20.0832952793.
2020-09-15 10:38:11,702 - INFO - Optimal value of theta: 53.0741073981.
2020-09-15 10:38:11,703 - INFO - Beginning optimization with guess, [0.50831902 0.14318452].
2020-09-15 10:38:12,225 - INFO - Finished optimization with guess, [0.50831902 0.14318452].
2020-09-15 10:38:12,225 - INFO - Best fit parameters: [0.15251824 0.01668011].
2020-09-15 10:38:12,243 - INFO - Maximum log composite likelihood: -20.1163840717.
2020-09-15 10:38:12,243 - INFO - Optimal value of theta: 52.5422789543.
2020-09-15 10:38:12,244 - INFO - Beginning optimization with guess, [0.86445449 0.13937583].
2020-09-15 10:38:12,753 - INFO - Finished optimization with guess, [0.86445449 0.13937583].
2020-09-15 10:38:12,753 - INFO - Best fit parameters: [0.16767839 0.02095666].
2020-09-15 10:38:12,771 - INFO - Maximum log composite likelihood: -20.1190180617.
2020-09-15 10:38:12,771 - INFO - Optimal value of theta: 53.4250327938.
2020-09-15 10:38:12,772 - INFO - Beginning optimization with guess, [0.53742998 0.07112048].
2020-09-15 10:38:13,264 - INFO - Finished optimization with guess, [0.53742998 0.07112048].
2020-09-15 10:38:13,264 - INFO - Best fit parameters: [0.0965697 0.0103584].
2020-09-15 10:38:13,281 - INFO - Maximum log composite likelihood: -20.0648460305.
2020-09-15 10:38:13,282 - INFO - Optimal value of theta: 53.0602613442.
2020-09-15 10:38:13,283 - INFO - Beginning optimization with guess, [0.39064044 0.15456286].
2020-09-15 10:38:13,784 - INFO - Finished optimization with guess, [0.39064044 0.15456286].
2020-09-15 10:38:13,784 - INFO - Best fit parameters: [0.12984112 0.01457776].
2020-09-15 10:38:13,802 - INFO - Maximum log composite likelihood: -20.088316601.
2020-09-15 10:38:13,802 - INFO - Optimal value of theta: 53.0283746402.
2020-09-15 10:38:13,803 - INFO - Beginning optimization with guess, [0.57883748 0.10648777].
2020-09-15 10:38:14,307 - INFO - Finished optimization with guess, [0.57883748 0.10648777].
2020-09-15 10:38:14,307 - INFO - Best fit parameters: [0.11461797 0.01303173].
2020-09-15 10:38:14,324 - INFO - Maximum log composite likelihood: -20.0767691992.
2020-09-15 10:38:14,325 - INFO - Optimal value of theta: 53.3258065384.
2020-09-15 10:38:14,326 - INFO - Beginning optimization with guess, [0.43869081 0.12284455].
2020-09-15 10:38:14,828 - INFO - Finished optimization with guess, [0.43869081 0.12284455].
2020-09-15 10:38:14,828 - INFO - Best fit parameters: [0.16094203 0.01921616].
2020-09-15 10:38:14,846 - INFO - Maximum log composite likelihood: -20.1128460815.
2020-09-15 10:38:14,847 - INFO - Optimal value of theta: 53.1351085099.
2020-09-15 10:38:14,847 - INFO - Beginning optimization with guess, [0.98610468 0.0561366 ].
2020-09-15 10:38:15,329 - INFO - Finished optimization with guess, [0.98610468 0.0561366 ].
2020-09-15 10:38:15,329 - INFO - Best fit parameters: [0.13064223 0.01517808].
2020-09-15 10:38:15,347 - INFO - Maximum log composite likelihood: -20.0882138509.
2020-09-15 10:38:15,347 - INFO - Optimal value of theta: 53.3024362087.
2020-09-15 10:38:15,348 - INFO - Beginning optimization with guess, [0.34764654 0.16562335].
2020-09-15 10:38:15,860 - INFO - Finished optimization with guess, [0.34764654 0.16562335].
2020-09-15 10:38:15,860 - INFO - Best fit parameters: [0.12455068 0.01239925].
2020-09-15 10:38:15,877 - INFO - Maximum log composite likelihood: -20.1106474008.
2020-09-15 10:38:15,878 - INFO - Optimal value of theta: 52.1506853695.
2020-09-15 10:38:15,879 - INFO - Beginning optimization with guess, [0.48971887 0.05396116].
2020-09-15 10:38:16,366 - INFO - Finished optimization with guess, [0.48971887 0.05396116].
2020-09-15 10:38:16,366 - INFO - Best fit parameters: [0.0678342  0.00684072].
2020-09-15 10:38:16,384 - INFO - Maximum log composite likelihood: -20.0491072172.
2020-09-15 10:38:16,384 - INFO - Optimal value of theta: 52.8882485182.
2020-09-15 10:38:16,385 - INFO - Beginning optimization with guess, [0.48884408 0.10665197].
2020-09-15 10:38:16,895 - INFO - Finished optimization with guess, [0.48884408 0.10665197].
2020-09-15 10:38:16,895 - INFO - Best fit parameters: [0.10038609 0.01073798].
2020-09-15 10:38:16,912 - INFO - Maximum log composite likelihood: -20.0678125271.
2020-09-15 10:38:16,913 - INFO - Optimal value of theta: 52.9915205062.
2020-09-15 10:38:16,913 - INFO - Beginning optimization with guess, [0.96400089 0.17809396].
2020-09-15 10:38:17,444 - INFO - Finished optimization with guess, [0.96400089 0.17809396].
2020-09-15 10:38:17,444 - INFO - Best fit parameters: [0.26894192 0.04018616].
2020-09-15 10:38:17,462 - INFO - Maximum log composite likelihood: -20.2348398335.
2020-09-15 10:38:17,463 - INFO - Optimal value of theta: 53.4216024937.
2020-09-15 10:38:17,463 - INFO - Beginning optimization with guess, [0.25849282 0.12920883].
2020-09-15 10:38:17,968 - INFO - Finished optimization with guess, [0.25849282 0.12920883].
2020-09-15 10:38:17,968 - INFO - Best fit parameters: [0.10905674 0.01146287].
2020-09-15 10:38:17,986 - INFO - Maximum log composite likelihood: -20.0774072632.
2020-09-15 10:38:17,986 - INFO - Optimal value of theta: 52.7464076962.
2020-09-15 10:38:17,987 - INFO - Beginning optimization with guess, [0.31529372 0.06951371].
2020-09-15 10:38:18,467 - INFO - Finished optimization with guess, [0.31529372 0.06951371].
2020-09-15 10:38:18,468 - INFO - Best fit parameters: [0.09185062 0.00957625].
2020-09-15 10:38:18,485 - INFO - Maximum log composite likelihood: -20.0636221014.
2020-09-15 10:38:18,486 - INFO - Optimal value of theta: 52.8823802106.
2020-09-15 10:38:18,486 - INFO - Beginning optimization with guess, [0.56309767 0.18114372].
2020-09-15 10:38:19,025 - INFO - Finished optimization with guess, [0.56309767 0.18114372].
2020-09-15 10:38:19,025 - INFO - Best fit parameters: [0.26164932 0.03650624].
2020-09-15 10:38:19,043 - INFO - Maximum log composite likelihood: -20.2259063174.
2020-09-15 10:38:19,043 - INFO - Optimal value of theta: 52.986653534.
2020-09-15 10:38:19,044 - INFO - Beginning optimization with guess, [0.66148239 0.17869492].
2020-09-15 10:38:19,614 - INFO - Finished optimization with guess, [0.66148239 0.17869492].
2020-09-15 10:38:19,615 - INFO - Best fit parameters: [0.46716156 0.1230185 ].
2020-09-15 10:38:19,634 - INFO - Maximum log composite likelihood: -20.7015035239.
2020-09-15 10:38:19,635 - INFO - Optimal value of theta: 54.1478168294.
2020-09-15 10:38:19,635 - INFO - Beginning optimization with guess, [0.99984878 0.11391498].
2020-09-15 10:38:20,127 - INFO - Finished optimization with guess, [0.99984878 0.11391498].
2020-09-15 10:38:20,127 - INFO - Best fit parameters: [0.1112794  0.01228026].
2020-09-15 10:38:20,144 - INFO - Maximum log composite likelihood: -20.0742992831.
2020-09-15 10:38:20,145 - INFO - Optimal value of theta: 53.1169871231.
2020-09-15 10:38:20,145 - INFO - Beginning optimization with guess, [0.59206151 0.05048658].
2020-09-15 10:38:20,629 - INFO - Finished optimization with guess, [0.59206151 0.05048658].
2020-09-15 10:38:20,629 - INFO - Best fit parameters: [0.0882496  0.00955084].
2020-09-15 10:38:20,646 - INFO - Maximum log composite likelihood: -20.0594808023.
2020-09-15 10:38:20,647 - INFO - Optimal value of theta: 53.2360057469.
2020-09-15 10:38:20,647 - INFO - Beginning optimization with guess, [0.33488073 0.18638417].
2020-09-15 10:38:21,174 - INFO - Finished optimization with guess, [0.33488073 0.18638417].
2020-09-15 10:38:21,174 - INFO - Best fit parameters: [0.24478256 0.02843442].
2020-09-15 10:38:21,192 - INFO - Maximum log composite likelihood: -20.2434100789.
2020-09-15 10:38:21,192 - INFO - Optimal value of theta: 51.86463205.
2020-09-15 10:38:21,193 - INFO - Beginning optimization with guess, [0.26653583 0.05193452].
2020-09-15 10:38:21,668 - INFO - Finished optimization with guess, [0.26653583 0.05193452].
2020-09-15 10:38:21,669 - INFO - Best fit parameters: [0.08153449 0.00846169].
2020-09-15 10:38:21,686 - INFO - Maximum log composite likelihood: -20.0562826014.
2020-09-15 10:38:21,686 - INFO - Optimal value of theta: 52.9655992321.
2020-09-15 10:38:21,687 - INFO - Beginning optimization with guess, [0.74734015 0.07807297].
2020-09-15 10:38:22,175 - INFO - Finished optimization with guess, [0.74734015 0.07807297].
2020-09-15 10:38:22,175 - INFO - Best fit parameters: [0.0710492  0.00721431].
2020-09-15 10:38:22,192 - INFO - Maximum log composite likelihood: -20.0506604977.
2020-09-15 10:38:22,193 - INFO - Optimal value of theta: 52.9080145498.
2020-09-15 10:38:22,193 - INFO - Beginning optimization with guess, [0.96821167 0.08464204].
2020-09-15 10:38:22,674 - INFO - Finished optimization with guess, [0.96821167 0.08464204].
2020-09-15 10:38:22,675 - INFO - Best fit parameters: [0.08247015 0.0085089 ].
2020-09-15 10:38:22,692 - INFO - Maximum log composite likelihood: -20.0574337911.
2020-09-15 10:38:22,693 - INFO - Optimal value of theta: 52.9068495843.
2020-09-15 10:38:22,693 - INFO - Beginning optimization with guess, [0.2692037  0.05205847].
2020-09-15 10:38:23,169 - INFO - Finished optimization with guess, [0.2692037  0.05205847].
2020-09-15 10:38:23,169 - INFO - Best fit parameters: [0.08068351 0.00832767].
2020-09-15 10:38:23,186 - INFO - Maximum log composite likelihood: -20.0560809454.
2020-09-15 10:38:23,187 - INFO - Optimal value of theta: 52.9307270352.
2020-09-15 10:38:23,187 - INFO - Beginning optimization with guess, [0.98572369 0.0570025 ].
2020-09-15 10:38:23,669 - INFO - Finished optimization with guess, [0.98572369 0.0570025 ].
2020-09-15 10:38:23,669 - INFO - Best fit parameters: [0.12322461 0.01415128].
2020-09-15 10:38:23,687 - INFO - Maximum log composite likelihood: -20.0827147444.
2020-09-15 10:38:23,687 - INFO - Optimal value of theta: 53.3005111044.
2020-09-15 10:38:23,688 - INFO - Beginning optimization with guess, [0.39132055 0.15538772].
2020-09-15 10:38:24,190 - INFO - Finished optimization with guess, [0.39132055 0.15538772].
2020-09-15 10:38:24,190 - INFO - Best fit parameters: [0.14219904 0.01563225].
2020-09-15 10:38:24,208 - INFO - Maximum log composite likelihood: -20.1031723107.
2020-09-15 10:38:24,208 - INFO - Optimal value of theta: 52.7072868923.
2020-09-15 10:38:24,209 - INFO - Beginning optimization with guess, [0.99451377 0.11562148].
2020-09-15 10:38:24,701 - INFO - Finished optimization with guess, [0.99451377 0.11562148].
2020-09-15 10:38:24,701 - INFO - Best fit parameters: [0.11627786 0.01240362].
2020-09-15 10:38:24,719 - INFO - Maximum log composite likelihood: -20.081816854.
2020-09-15 10:38:24,719 - INFO - Optimal value of theta: 52.7792770642.
2020-09-15 10:38:24,720 - INFO - Beginning optimization with guess, [0.60154181 0.08621699].
2020-09-15 10:38:25,218 - INFO - Finished optimization with guess, [0.60154181 0.08621699].
2020-09-15 10:38:25,218 - INFO - Best fit parameters: [0.14810392 0.01756488].
2020-09-15 10:38:25,236 - INFO - Maximum log composite likelihood: -20.1016882039.
2020-09-15 10:38:25,236 - INFO - Optimal value of theta: 53.2481163627.
2020-09-15 10:38:25,237 - INFO - Beginning optimization with guess, [0.69584115 0.14734763].
2020-09-15 10:38:25,765 - INFO - Finished optimization with guess, [0.69584115 0.14734763].
2020-09-15 10:38:25,766 - INFO - Best fit parameters: [0.28705213 0.04273657].
2020-09-15 10:38:25,783 - INFO - Maximum log composite likelihood: -20.261878754.
2020-09-15 10:38:25,784 - INFO - Optimal value of theta: 53.1117954589.
2020-09-15 10:38:25,785 - INFO - Beginning optimization with guess, [0.77996735 0.11683718].
2020-09-15 10:38:26,287 - INFO - Finished optimization with guess, [0.77996735 0.11683718].
2020-09-15 10:38:26,288 - INFO - Best fit parameters: [0.09377067 0.00940825].
2020-09-15 10:38:26,305 - INFO - Maximum log composite likelihood: -20.0722252939.
2020-09-15 10:38:26,306 - INFO - Optimal value of theta: 52.5529217981.
2020-09-15 10:38:26,306 - INFO - Beginning optimization with guess, [0.87869521 0.05958695].
2020-09-15 10:38:26,779 - INFO - Finished optimization with guess, [0.87869521 0.05958695].
2020-09-15 10:38:26,779 - INFO - Best fit parameters: [0.04332562 0.00416113].
2020-09-15 10:38:26,797 - INFO - Maximum log composite likelihood: -20.0379871552.
2020-09-15 10:38:26,797 - INFO - Optimal value of theta: 52.7628923131.
2020-09-15 10:38:26,798 - INFO - Beginning optimization with guess, [0.71948653 0.13574953].
2020-09-15 10:38:27,319 - INFO - Finished optimization with guess, [0.71948653 0.13574953].
2020-09-15 10:38:27,319 - INFO - Best fit parameters: [0.29172123 0.04777869].
2020-09-15 10:38:27,337 - INFO - Maximum log composite likelihood: -20.2734022293.
2020-09-15 10:38:27,338 - INFO - Optimal value of theta: 53.805673607.
2020-09-15 10:38:27,338 - INFO - Beginning optimization with guess, [0.52204596 0.18893475].
2020-09-15 10:38:27,877 - INFO - Finished optimization with guess, [0.52204596 0.18893475].
2020-09-15 10:38:27,878 - INFO - Best fit parameters: [0.23377822 0.03346033].
2020-09-15 10:38:27,895 - INFO - Maximum log composite likelihood: -20.1898061049.
2020-09-15 10:38:27,896 - INFO - Optimal value of theta: 53.6091771234.
2020-09-15 10:38:27,897 - INFO - Beginning optimization with guess, [0.3707549  0.18941748].
2020-09-15 10:38:28,413 - INFO - Finished optimization with guess, [0.3707549  0.18941748].
2020-09-15 10:38:28,413 - INFO - Best fit parameters: [0.14492521 0.01591725].
2020-09-15 10:38:28,431 - INFO - Maximum log composite likelihood: -20.1064050856.
2020-09-15 10:38:28,432 - INFO - Optimal value of theta: 52.6669820368.
2020-09-15 10:38:28,432 - INFO - Beginning optimization with guess, [0.43051987 0.05773537].
2020-09-15 10:38:28,932 - INFO - Finished optimization with guess, [0.43051987 0.05773537].
2020-09-15 10:38:28,932 - INFO - Best fit parameters: [0.12820058 0.01417281].
2020-09-15 10:38:28,950 - INFO - Maximum log composite likelihood: -20.0881763108.
2020-09-15 10:38:28,950 - INFO - Optimal value of theta: 52.9230860005.
2020-09-15 10:38:28,951 - INFO - Beginning optimization with guess, [0.78607269 0.15551833].
2020-09-15 10:38:29,478 - INFO - Finished optimization with guess, [0.78607269 0.15551833].
2020-09-15 10:38:29,478 - INFO - Best fit parameters: [0.26296685 0.03671211].
2020-09-15 10:38:29,495 - INFO - Maximum log composite likelihood: -20.2278920885.
2020-09-15 10:38:29,496 - INFO - Optimal value of theta: 52.9720327713.
2020-09-15 10:38:29,497 - INFO - Beginning optimization with guess, [0.65606809 0.18330047].
2020-09-15 10:38:30,120 - INFO - Finished optimization with guess, [0.65606809 0.18330047].
2020-09-15 10:38:30,121 - INFO - Best fit parameters: [0.45850254 0.11445418].
2020-09-15 10:38:30,140 - INFO - Maximum log composite likelihood: -20.6663572429.
2020-09-15 10:38:30,141 - INFO - Optimal value of theta: 53.9351184949.
2020-09-15 10:38:30,141 - INFO - Beginning optimization with guess, [0.79963669 0.12108691].
2020-09-15 10:38:30,646 - INFO - Finished optimization with guess, [0.79963669 0.12108691].
2020-09-15 10:38:30,646 - INFO - Best fit parameters: [0.18683559 0.02407933].
2020-09-15 10:38:30,664 - INFO - Maximum log composite likelihood: -20.1368668008.
2020-09-15 10:38:30,665 - INFO - Optimal value of theta: 53.4172783006.
2020-09-15 10:38:30,665 - INFO - Beginning optimization with guess, [0.71078855 0.08724746].
2020-09-15 10:38:31,157 - INFO - Finished optimization with guess, [0.71078855 0.08724746].
2020-09-15 10:38:31,158 - INFO - Best fit parameters: [0.11582278 0.0126428 ].
2020-09-15 10:38:31,175 - INFO - Maximum log composite likelihood: -20.0785478171.
2020-09-15 10:38:31,176 - INFO - Optimal value of theta: 52.9710572229.
2020-09-15 10:38:31,176 - INFO - Beginning optimization with guess, [0.86247315 0.09386356].
2020-09-15 10:38:31,665 - INFO - Finished optimization with guess, [0.86247315 0.09386356].
2020-09-15 10:38:31,665 - INFO - Best fit parameters: [0.08899526 0.00890397].
2020-09-15 10:38:31,683 - INFO - Maximum log composite likelihood: -20.0682409644.
2020-09-15 10:38:31,683 - INFO - Optimal value of theta: 52.5842102074.
2020-09-15 10:38:31,684 - INFO - Beginning optimization with guess, [0.29406686 0.15210707].
2020-09-15 10:38:32,195 - INFO - Finished optimization with guess, [0.29406686 0.15210707].
2020-09-15 10:38:32,195 - INFO - Best fit parameters: [0.15015791 0.01816574].
2020-09-15 10:38:32,213 - INFO - Maximum log composite likelihood: -20.1038179774.
2020-09-15 10:38:32,213 - INFO - Optimal value of theta: 53.3875336701.
2020-09-15 10:38:32,214 - INFO - Beginning optimization with guess, [0.61540141 0.08587937].
2020-09-15 10:38:32,710 - INFO - Finished optimization with guess, [0.61540141 0.08587937].
2020-09-15 10:38:32,711 - INFO - Best fit parameters: [0.11120991 0.01229114].
2020-09-15 10:38:32,728 - INFO - Maximum log composite likelihood: -20.0742090533.
2020-09-15 10:38:32,729 - INFO - Optimal value of theta: 53.1303903252.
2020-09-15 10:38:32,729 - INFO - Beginning optimization with guess, [0.43701925 0.15537684].
2020-09-15 10:38:33,213 - INFO - Finished optimization with guess, [0.43701925 0.15537684].
2020-09-15 10:38:33,213 - INFO - Best fit parameters: [0.09919581 0.01044231].
2020-09-15 10:38:33,230 - INFO - Maximum log composite likelihood: -20.0684048609.
2020-09-15 10:38:33,231 - INFO - Optimal value of theta: 52.8748910253.
2020-09-15 10:38:33,232 - INFO - Beginning optimization with guess, [0.97404165 0.05551737].
2020-09-15 10:38:33,712 - INFO - Finished optimization with guess, [0.97404165 0.05551737].
2020-09-15 10:38:33,712 - INFO - Best fit parameters: [0.12918709 0.01497699].
2020-09-15 10:38:33,729 - INFO - Maximum log composite likelihood: -20.0871450799.
2020-09-15 10:38:33,730 - INFO - Optimal value of theta: 53.3031734843.
2020-09-15 10:38:33,730 - INFO - Beginning optimization with guess, [0.39706986 0.15877586].
2020-09-15 10:38:34,231 - INFO - Finished optimization with guess, [0.39706986 0.15877586].
2020-09-15 10:38:34,231 - INFO - Best fit parameters: [0.13801245 0.01507898].
2020-09-15 10:38:34,248 - INFO - Maximum log composite likelihood: -20.0997805121.
2020-09-15 10:38:34,249 - INFO - Optimal value of theta: 52.7093400741.
2020-09-15 10:38:34,252 - INFO - Finished demographic inference.
2020-09-15 10:38:34,252 - INFO - Beginning DFE inference.
2020-09-15 10:38:37,867 - INFO - Beginning optimization with guess, [6.90365078e-02 2.30531522e+02].
2020-09-15 10:38:44,078 - INFO - Finished optomization, results are [-28.121259026933174 array([8.57675970e-02, 3.39075559e+03])].
2020-09-15 10:38:44,079 - INFO - Beginning optimization with guess, [1.06593453e-01 1.96270380e+02].
2020-09-15 10:38:53,460 - INFO - Finished optomization, results are [-28.11134806931622 array([8.46638696e-02, 3.75158679e+03])].
2020-09-15 10:38:53,462 - INFO - Beginning optimization with guess, [5.02288532e-02 1.13335054e+02].
2020-09-15 10:39:11,035 - INFO - Finished optomization, results are [-28.11921709256118 array([8.35964766e-02, 3.88053585e+03])].
2020-09-15 10:39:11,036 - INFO - Beginning optimization with guess, [8.14312944e-02 1.59288881e+02].
2020-09-15 10:39:26,791 - INFO - Finished optomization, results are [-28.113092056862207 array([8.47526000e-02, 3.70608064e+03])].
2020-09-15 10:39:26,792 - INFO - Beginning optimization with guess, [9.64808968e-02 1.20250717e+02].
2020-09-15 10:39:41,198 - INFO - Finished optomization, results are [-28.105342691820795 array([8.47100865e-02, 3.84629315e+03])].
2020-09-15 10:39:41,200 - INFO - Beginning optimization with guess, [5.48528563e-02 2.10284895e+02].
2020-09-15 10:39:45,973 - INFO - Finished optomization, results are [-28.124309661681032 array([8.54076333e-02, 3.42122558e+03])].
2020-09-15 10:39:45,973 - INFO - Beginning optimization with guess, [ 0.13720558 84.6477096 ].
2020-09-15 10:39:55,763 - INFO - Finished optomization, results are [-28.111676117658597 array([8.49408960e-02, 3.68975282e+03])].
2020-09-15 10:39:55,764 - INFO - Beginning optimization with guess, [ 0.16566356 67.62993092].
2020-09-15 10:40:11,373 - INFO - Finished optomization, results are [-28.106293100278634 array([8.47008333e-02, 3.83027957e+03])].
2020-09-15 10:40:11,375 - INFO - Beginning optimization with guess, [  0.1609072  128.39187312].
2020-09-15 10:40:21,518 - INFO - Finished optomization, results are [-28.10084030051201 array([8.53561363e-02, 3.83290867e+03])].
2020-09-15 10:40:21,519 - INFO - Beginning optimization with guess, [ 0.12173137 72.78817699].
2020-09-15 10:40:28,394 - INFO - Finished optomization, results are [-28.110665836132803 array([8.41613126e-02, 3.87055369e+03])].
2020-09-15 10:40:28,395 - INFO - Beginning optimization with guess, [7.16511917e-01 1.30653015e-01 1.33536665e+02].
2020-09-15 10:41:02,607 - INFO - Finished optimization, results are [-28.025506640426304 array([2.88392257e-01, 1.44083744e-01, 3.61084180e+03])].
2020-09-15 10:41:02,609 - INFO - Beginning optimization with guess, [  0.52021648   0.16924013 104.91177099].
2020-09-15 10:42:03,675 - INFO - Finished optimization, results are [-27.926990543613094 array([4.39510153e-01, 2.34318154e-01, 3.87584869e+03])].
2020-09-15 10:42:03,676 - INFO - Beginning optimization with guess, [9.90000000e-01 5.57833745e-02 1.62165455e+02].
2020-09-15 10:42:48,085 - INFO - Finished optimization, results are [-28.07991137327526 array([1.48418830e-01, 1.08387269e-01, 3.45098710e+03])].
2020-09-15 10:42:48,086 - INFO - Beginning optimization with guess, [6.55905300e-01 1.38843678e-01 1.53584830e+02].
2020-09-15 10:43:06,757 - INFO - Finished optimization, results are [-28.02162566507075 array([3.14729584e-01, 1.53406409e-01, 3.52505502e+03])].
2020-09-15 10:43:06,758 - INFO - Beginning optimization with guess, [7.07848168e-01 7.35195440e-02 1.36203894e+02].
2020-09-15 10:43:33,872 - INFO - Finished optimization, results are [-28.06505021209498 array([1.68794415e-01, 1.10977011e-01, 3.83284803e+03])].
2020-09-15 10:43:33,873 - INFO - Beginning optimization with guess, [7.89109976e-01 5.33126719e-02 2.00460203e+02].
2020-09-15 10:44:03,054 - INFO - Finished optimization, results are [-28.108040038640894 array([1.28572315e-01, 1.01273142e-01, 3.77695084e+03])].
2020-09-15 10:44:03,055 - INFO - Beginning optimization with guess, [9.90000000e-01 5.93887831e-02 1.34296882e+02].
2020-09-15 10:44:33,519 - INFO - Finished optimization, results are [-28.07730232718028 array([1.48470086e-01, 1.08005507e-01, 3.55255727e+03])].
2020-09-15 10:44:33,521 - INFO - Beginning optimization with guess, [9.90000000e-01 1.02704422e-01 2.36112746e+02].
2020-09-15 10:45:19,689 - INFO - Finished optimization, results are [-28.064992495139876 array([2.65644748e-01, 1.31710135e-01, 3.87089598e+03])].
2020-09-15 10:45:19,690 - INFO - Beginning optimization with guess, [6.77541269e-01 4.99962957e-02 8.35866479e+01].
2020-09-15 10:45:33,685 - INFO - Finished optimization, results are [-28.093923003360352 array([5.50388116e-02, 9.24948932e-02, 3.72028923e+03])].
2020-09-15 10:45:33,687 - INFO - Beginning optimization with guess, [6.24889628e-01 9.24942059e-02 2.52777562e+02].
2020-09-15 10:46:02,600 - INFO - Finished optimization, results are [-28.036166599659456 array([2.71139290e-01, 1.36091177e-01, 3.83640879e+03])].
2020-09-15 10:46:02,601 - INFO - Beginning optimization with guess, [9.90000000e-01 4.87307810e-02 1.99448459e+02].
2020-09-15 10:46:02,602 - INFO - Finished optimization, results are [-100000000.0 array([9.90000000e-01, 4.87307810e-02, 1.99448459e+02])].
2020-09-15 10:46:02,602 - INFO - Beginning optimization with guess, [  0.99         0.11181634 109.75826411].
2020-09-15 10:46:02,603 - INFO - Finished optimization, results are [-100000000.0 array([  0.99      ,   0.11181634, 109.75826411])].
2020-09-15 10:46:02,603 - INFO - Beginning optimization with guess, [9.90000000e-01 1.02949573e-01 1.46115616e+02].
2020-09-15 10:46:02,604 - INFO - Finished optimization, results are [-100000000.0 array([9.90000000e-01, 1.02949573e-01, 1.46115616e+02])].
2020-09-15 10:46:02,604 - INFO - Beginning optimization with guess, [ 0.99        0.17124986 75.60222716].
2020-09-15 10:46:02,605 - INFO - Finished optimization, results are [-100000000.0 array([ 0.99      ,  0.17124986, 75.60222716])].
2020-09-15 10:46:02,605 - INFO - Beginning optimization with guess, [ 0.99        0.10789778 75.00668254].
2020-09-15 10:46:02,606 - INFO - Finished optimization, results are [-100000000.0 array([ 0.99      ,  0.10789778, 75.00668254])].
2020-09-15 10:46:02,606 - INFO - Finished DFE inference.
2020-09-15 10:46:02,606 - INFO - Integrating expected site-frequency spectrum.
2020-09-15 10:46:02,606 - INFO - Outputing results.
2020-09-15 10:46:04,290 - INFO - Pipeline executed succesfully.
