2019-08-01 09:08:48,267 - INFO - Beginning execution of fitdadi_infer_DFE.py in directory /u/home/j/jonmah/lohmueller_lab/Scripts

2019-08-01 09:08:48,268 - INFO - Progress is being logged to ../Data/AW_array_2000/seed_37_fitdadi_output/log.log

2019-08-01 09:08:48,268 - INFO - Parsed the following arguments:
	breed = AW
	outprefix = ../Data/AW_array_2000/seed_37_fitdadi_output/
	nonsyn_input_sfs = ../Data/AW_array_2000/seed_37_easySFS_output_nonsyn/dadi/pop1.sfs
	syn_input_sfs = ../Data/AW_array_2000/seed_37_easySFS_output_syn/dadi/pop1.sfs

2019-08-01 09:08:48,270 - INFO - Beginning optimization with guess, [0.79466993 0.11292936].
2019-08-01 09:08:48,852 - INFO - Finished optimization with guess, [0.79466993 0.11292936].
2019-08-01 09:08:48,852 - INFO - Best fit parameters: [1.25468682 1.37400181].
2019-08-01 09:08:48,863 - INFO - Maximum log composite likelihood: -22.463536087.
2019-08-01 09:08:48,863 - INFO - Optimal value of theta: 45.7366025029.
2019-08-01 09:08:48,863 - INFO - Beginning optimization with guess, [0.84715366 0.15086277].
2019-08-01 09:08:49,814 - INFO - Finished optimization with guess, [0.84715366 0.15086277].
2019-08-01 09:08:49,814 - INFO - Best fit parameters: [1.25572582 1.37916653].
2019-08-01 09:08:49,825 - INFO - Maximum log composite likelihood: -22.4635339863.
2019-08-01 09:08:49,825 - INFO - Optimal value of theta: 45.6988329595.
2019-08-01 09:08:49,825 - INFO - Beginning optimization with guess, [0.40729987 0.18192523].
2019-08-01 09:08:51,043 - INFO - Finished optimization with guess, [0.40729987 0.18192523].
2019-08-01 09:08:51,044 - INFO - Best fit parameters: [1.25597975 1.38053445].
2019-08-01 09:08:51,055 - INFO - Maximum log composite likelihood: -22.4635334747.
2019-08-01 09:08:51,055 - INFO - Optimal value of theta: 45.6893879102.
2019-08-01 09:08:51,055 - INFO - Beginning optimization with guess, [0.64528501 0.05724694].
2019-08-01 09:08:52,004 - INFO - Finished optimization with guess, [0.64528501 0.05724694].
2019-08-01 09:08:52,005 - INFO - Best fit parameters: [1.25091699 1.35474805].
2019-08-01 09:08:52,016 - INFO - Maximum log composite likelihood: -22.4635441257.
2019-08-01 09:08:52,016 - INFO - Optimal value of theta: 45.8750199384.
2019-08-01 09:08:52,016 - INFO - Beginning optimization with guess, [0.54431939 0.15700812].
2019-08-01 09:08:53,892 - INFO - Finished optimization with guess, [0.54431939 0.15700812].
2019-08-01 09:08:53,892 - INFO - Best fit parameters: [1.25555279 1.37831651].
2019-08-01 09:08:53,902 - INFO - Maximum log composite likelihood: -22.4635343318.
2019-08-01 09:08:53,903 - INFO - Optimal value of theta: 45.7050989442.
2019-08-01 09:08:53,903 - INFO - Beginning optimization with guess, [0.38495123 0.0556895 ].
2019-08-01 09:08:54,935 - INFO - Finished optimization with guess, [0.38495123 0.0556895 ].
2019-08-01 09:08:54,935 - INFO - Best fit parameters: [1.25611783 1.38156688].
2019-08-01 09:08:54,946 - INFO - Maximum log composite likelihood: -22.4635331869.
2019-08-01 09:08:54,946 - INFO - Optimal value of theta: 45.6836504989.
2019-08-01 09:08:54,946 - INFO - Beginning optimization with guess, [0.33970424 0.13673385].
2019-08-01 09:08:56,226 - INFO - Finished optimization with guess, [0.33970424 0.13673385].
2019-08-01 09:08:56,226 - INFO - Best fit parameters: [1.25544373 1.37784282].
2019-08-01 09:08:56,237 - INFO - Maximum log composite likelihood: -22.4635345462.
2019-08-01 09:08:56,237 - INFO - Optimal value of theta: 45.7089190873.
2019-08-01 09:08:56,238 - INFO - Beginning optimization with guess, [0.89736073 0.11389649].
2019-08-01 09:08:57,033 - INFO - Finished optimization with guess, [0.89736073 0.11389649].
2019-08-01 09:08:57,033 - INFO - Best fit parameters: [1.25530052 1.37802765].
2019-08-01 09:08:57,043 - INFO - Maximum log composite likelihood: -22.4635348134.
2019-08-01 09:08:57,044 - INFO - Optimal value of theta: 45.7122428027.
2019-08-01 09:08:57,044 - INFO - Beginning optimization with guess, [0.69717671 0.07911892].
2019-08-01 09:08:58,655 - INFO - Finished optimization with guess, [0.69717671 0.07911892].
2019-08-01 09:08:58,656 - INFO - Best fit parameters: [1.25534865 1.37733546].
2019-08-01 09:08:58,667 - INFO - Maximum log composite likelihood: -22.4635347408.
2019-08-01 09:08:58,667 - INFO - Optimal value of theta: 45.7124480057.
2019-08-01 09:08:58,667 - INFO - Beginning optimization with guess, [0.30068087 0.13990487].
2019-08-01 09:08:59,289 - INFO - Finished optimization with guess, [0.30068087 0.13990487].
2019-08-01 09:08:59,289 - INFO - Best fit parameters: [1.2544828  1.37296565].
2019-08-01 09:08:59,300 - INFO - Maximum log composite likelihood: -22.463536504.
2019-08-01 09:08:59,300 - INFO - Optimal value of theta: 45.744067908.
2019-08-01 09:08:59,300 - INFO - Beginning optimization with guess, [0.38877244 0.13225181].
2019-08-01 09:09:00,339 - INFO - Finished optimization with guess, [0.38877244 0.13225181].
2019-08-01 09:09:00,339 - INFO - Best fit parameters: [1.25532444 1.3773148 ].
2019-08-01 09:09:00,350 - INFO - Maximum log composite likelihood: -22.4635347828.
2019-08-01 09:09:00,350 - INFO - Optimal value of theta: 45.7131188983.
2019-08-01 09:09:00,350 - INFO - Beginning optimization with guess, [0.83753621 0.05682757].
2019-08-01 09:09:01,912 - INFO - Finished optimization with guess, [0.83753621 0.05682757].
2019-08-01 09:09:01,912 - INFO - Best fit parameters: [1.25785585 1.3899928 ].
2019-08-01 09:09:01,923 - INFO - Maximum log composite likelihood: -22.4635298028.
2019-08-01 09:09:01,923 - INFO - Optimal value of theta: 45.6210196606.
2019-08-01 09:09:01,923 - INFO - Beginning optimization with guess, [0.50319119 0.10800772].
2019-08-01 09:09:02,727 - INFO - Finished optimization with guess, [0.50319119 0.10800772].
2019-08-01 09:09:02,727 - INFO - Best fit parameters: [1.30072576 1.59254171].
2019-08-01 09:09:02,738 - INFO - Maximum log composite likelihood: -22.4634737931.
2019-08-01 09:09:02,739 - INFO - Optimal value of theta: 44.11952633.
2019-08-01 09:09:02,739 - INFO - Beginning optimization with guess, [0.5557974  0.05800411].
2019-08-01 09:09:03,654 - INFO - Finished optimization with guess, [0.5557974  0.05800411].
2019-08-01 09:09:03,655 - INFO - Best fit parameters: [1.25522693 1.37682586].
2019-08-01 09:09:03,665 - INFO - Maximum log composite likelihood: -22.4635349809.
2019-08-01 09:09:03,666 - INFO - Optimal value of theta: 45.7166727735.
2019-08-01 09:09:03,666 - INFO - Beginning optimization with guess, [0.92092044 0.11203088].
2019-08-01 09:09:05,578 - INFO - Finished optimization with guess, [0.92092044 0.11203088].
2019-08-01 09:09:05,578 - INFO - Best fit parameters: [1.25549869 1.37803382].
2019-08-01 09:09:05,589 - INFO - Maximum log composite likelihood: -22.4635344417.
2019-08-01 09:09:05,589 - INFO - Optimal value of theta: 45.7070939889.
2019-08-01 09:09:05,589 - INFO - Beginning optimization with guess, [0.37707795 0.16101104].
2019-08-01 09:09:06,876 - INFO - Finished optimization with guess, [0.37707795 0.16101104].
2019-08-01 09:09:06,877 - INFO - Best fit parameters: [1.25549862 1.37811842].
2019-08-01 09:09:06,887 - INFO - Maximum log composite likelihood: -22.4635344354.
2019-08-01 09:09:06,888 - INFO - Optimal value of theta: 45.7069181522.
2019-08-01 09:09:06,888 - INFO - Beginning optimization with guess, [0.58660636 0.14067516].
2019-08-01 09:09:07,818 - INFO - Finished optimization with guess, [0.58660636 0.14067516].
2019-08-01 09:09:07,819 - INFO - Best fit parameters: [1.25621083 1.38189473].
2019-08-01 09:09:07,829 - INFO - Maximum log composite likelihood: -22.4635330085.
2019-08-01 09:09:07,830 - INFO - Optimal value of theta: 45.680554765.
2019-08-01 09:09:07,830 - INFO - Beginning optimization with guess, [0.38518129 0.18430007].
2019-08-01 09:09:08,655 - INFO - Finished optimization with guess, [0.38518129 0.18430007].
2019-08-01 09:09:08,655 - INFO - Best fit parameters: [1.25673025 1.38439998].
2019-08-01 09:09:08,666 - INFO - Maximum log composite likelihood: -22.4635319823.
2019-08-01 09:09:08,666 - INFO - Optimal value of theta: 45.6618514887.
2019-08-01 09:09:08,667 - INFO - Beginning optimization with guess, [0.79961502 0.16937796].
2019-08-01 09:09:09,376 - INFO - Finished optimization with guess, [0.79961502 0.16937796].
2019-08-01 09:09:09,376 - INFO - Best fit parameters: [1.25535028 1.37737628].
2019-08-01 09:09:09,387 - INFO - Maximum log composite likelihood: -22.4635347351.
2019-08-01 09:09:09,387 - INFO - Optimal value of theta: 45.71232006.
2019-08-01 09:09:09,387 - INFO - Beginning optimization with guess, [0.29093343 0.0882622 ].
2019-08-01 09:09:10,753 - INFO - Finished optimization with guess, [0.29093343 0.0882622 ].
2019-08-01 09:09:10,757 - INFO - Best fit parameters: [1.67735312 2.99079447].
2019-08-01 09:09:10,770 - INFO - Maximum log composite likelihood: -22.4634096541.
2019-08-01 09:09:10,771 - INFO - Optimal value of theta: 34.2123986297.
2019-08-01 09:09:10,771 - INFO - Beginning optimization with guess, [0.92692217 0.09514954].
2019-08-01 09:09:11,855 - INFO - Finished optimization with guess, [0.92692217 0.09514954].
2019-08-01 09:09:11,855 - INFO - Best fit parameters: [1.25542035 1.37785575].
2019-08-01 09:09:11,866 - INFO - Maximum log composite likelihood: -22.463534585.
2019-08-01 09:09:11,866 - INFO - Optimal value of theta: 45.7094977175.
2019-08-01 09:09:11,866 - INFO - Beginning optimization with guess, [0.42939456 0.08879944].
2019-08-01 09:09:12,710 - INFO - Finished optimization with guess, [0.42939456 0.08879944].
2019-08-01 09:09:12,710 - INFO - Best fit parameters: [1.24977115 1.35991396].
2019-08-01 09:09:12,721 - INFO - Maximum log composite likelihood: -22.4635517533.
2019-08-01 09:09:12,721 - INFO - Optimal value of theta: 45.8939639473.
2019-08-01 09:09:12,721 - INFO - Beginning optimization with guess, [0.83348685 0.09839901].
2019-08-01 09:09:13,346 - INFO - Finished optimization with guess, [0.83348685 0.09839901].
2019-08-01 09:09:13,346 - INFO - Best fit parameters: [1.25608548 1.38161342].
2019-08-01 09:09:13,357 - INFO - Maximum log composite likelihood: -22.463533247.
2019-08-01 09:09:13,357 - INFO - Optimal value of theta: 45.6843913306.
2019-08-01 09:09:13,357 - INFO - Beginning optimization with guess, [0.93107032 0.10376974].
2019-08-01 09:09:14,063 - INFO - Finished optimization with guess, [0.93107032 0.10376974].
2019-08-01 09:09:14,063 - INFO - Best fit parameters: [1.25540694 1.37766024].
2019-08-01 09:09:14,074 - INFO - Maximum log composite likelihood: -22.4635346204.
2019-08-01 09:09:14,074 - INFO - Optimal value of theta: 45.710255682.
2019-08-01 09:09:14,074 - INFO - Beginning optimization with guess, [0.47416087 0.13291048].
2019-08-01 09:09:15,620 - INFO - Finished optimization with guess, [0.47416087 0.13291048].
2019-08-01 09:09:15,620 - INFO - Best fit parameters: [1.25742102 1.38779228].
2019-08-01 09:09:15,631 - INFO - Maximum log composite likelihood: -22.4635306455.
2019-08-01 09:09:15,631 - INFO - Optimal value of theta: 45.6368747861.
2019-08-01 09:09:15,631 - INFO - Beginning optimization with guess, [0.87377501 0.13580767].
2019-08-01 09:09:17,122 - INFO - Finished optimization with guess, [0.87377501 0.13580767].
2019-08-01 09:09:17,123 - INFO - Best fit parameters: [1.25537985 1.37752197].
2019-08-01 09:09:17,133 - INFO - Maximum log composite likelihood: -22.4635346754.
2019-08-01 09:09:17,134 - INFO - Optimal value of theta: 45.711247833.
2019-08-01 09:09:17,134 - INFO - Beginning optimization with guess, [0.59998509 0.05632549].
2019-08-01 09:09:18,087 - INFO - Finished optimization with guess, [0.59998509 0.05632549].
2019-08-01 09:09:18,087 - INFO - Best fit parameters: [1.25610868 1.38205078].
2019-08-01 09:09:18,098 - INFO - Maximum log composite likelihood: -22.4635332012.
2019-08-01 09:09:18,098 - INFO - Optimal value of theta: 45.6828734347.
2019-08-01 09:09:18,099 - INFO - Beginning optimization with guess, [0.57965504 0.10192018].
2019-08-01 09:09:19,179 - INFO - Finished optimization with guess, [0.57965504 0.10192018].
2019-08-01 09:09:19,180 - INFO - Best fit parameters: [1.25546375 1.3779732 ].
2019-08-01 09:09:19,190 - INFO - Maximum log composite likelihood: -22.4635345037.
2019-08-01 09:09:19,191 - INFO - Optimal value of theta: 45.7081265464.
2019-08-01 09:09:19,191 - INFO - Beginning optimization with guess, [0.36610549 0.09654041].
2019-08-01 09:09:20,323 - INFO - Finished optimization with guess, [0.36610549 0.09654041].
2019-08-01 09:09:20,323 - INFO - Best fit parameters: [1.67978368 2.99999999].
2019-08-01 09:09:20,336 - INFO - Maximum log composite likelihood: -22.4634095653.
2019-08-01 09:09:20,337 - INFO - Optimal value of theta: 34.1613998863.
2019-08-01 09:09:20,337 - INFO - Beginning optimization with guess, [0.70892058 0.12249867].
2019-08-01 09:09:21,751 - INFO - Finished optimization with guess, [0.70892058 0.12249867].
2019-08-01 09:09:21,752 - INFO - Best fit parameters: [1.25707116 1.38603579].
2019-08-01 09:09:21,762 - INFO - Maximum log composite likelihood: -22.4635313204.
2019-08-01 09:09:21,763 - INFO - Optimal value of theta: 45.649601708.
2019-08-01 09:09:21,763 - INFO - Beginning optimization with guess, [0.37183117 0.06282994].
2019-08-01 09:09:23,855 - INFO - Finished optimization with guess, [0.37183117 0.06282994].
2019-08-01 09:09:23,856 - INFO - Best fit parameters: [1.67938812 3.        ].
2019-08-01 09:09:23,870 - INFO - Maximum log composite likelihood: -22.4634096274.
2019-08-01 09:09:23,870 - INFO - Optimal value of theta: 34.1679424721.
2019-08-01 09:09:23,870 - INFO - Beginning optimization with guess, [0.6777026  0.05640611].
2019-08-01 09:09:24,805 - INFO - Finished optimization with guess, [0.6777026  0.05640611].
2019-08-01 09:09:24,805 - INFO - Best fit parameters: [1.25627027 1.38270655].
2019-08-01 09:09:24,816 - INFO - Maximum log composite likelihood: -22.4635328766.
2019-08-01 09:09:24,816 - INFO - Optimal value of theta: 45.6773124639.
2019-08-01 09:09:24,816 - INFO - Beginning optimization with guess, [0.67003145 0.07663384].
2019-08-01 09:09:25,516 - INFO - Finished optimization with guess, [0.67003145 0.07663384].
2019-08-01 09:09:25,516 - INFO - Best fit parameters: [1.25549569 1.3791877 ].
2019-08-01 09:09:25,527 - INFO - Maximum log composite likelihood: -22.4635344269.
2019-08-01 09:09:25,527 - INFO - Optimal value of theta: 45.7047527054.
2019-08-01 09:09:25,527 - INFO - Beginning optimization with guess, [0.52982764 0.16939273].
2019-08-01 09:09:26,902 - INFO - Finished optimization with guess, [0.52982764 0.16939273].
2019-08-01 09:09:26,903 - INFO - Best fit parameters: [1.25556855 1.37846965].
2019-08-01 09:09:26,913 - INFO - Maximum log composite likelihood: -22.4635342947.
2019-08-01 09:09:26,914 - INFO - Optimal value of theta: 45.7043692875.
2019-08-01 09:09:26,914 - INFO - Beginning optimization with guess, [0.62515906 0.10770207].
2019-08-01 09:09:27,917 - INFO - Finished optimization with guess, [0.62515906 0.10770207].
2019-08-01 09:09:27,917 - INFO - Best fit parameters: [1.25509555 1.37817324].
2019-08-01 09:09:27,928 - INFO - Maximum log composite likelihood: -22.4635353265.
2019-08-01 09:09:27,928 - INFO - Optimal value of theta: 45.7172521644.
2019-08-01 09:09:27,928 - INFO - Beginning optimization with guess, [0.36215074 0.18459878].
2019-08-01 09:09:28,468 - INFO - Finished optimization with guess, [0.36215074 0.18459878].
2019-08-01 09:09:28,469 - INFO - Best fit parameters: [1.25466835 1.37390096].
2019-08-01 09:09:28,479 - INFO - Maximum log composite likelihood: -22.4635361252.
2019-08-01 09:09:28,480 - INFO - Optimal value of theta: 45.7372932123.
2019-08-01 09:09:28,480 - INFO - Beginning optimization with guess, [0.72291387 0.05817379].
2019-08-01 09:09:29,578 - INFO - Finished optimization with guess, [0.72291387 0.05817379].
2019-08-01 09:09:29,578 - INFO - Best fit parameters: [1.25535428 1.37748768].
2019-08-01 09:09:29,589 - INFO - Maximum log composite likelihood: -22.4635347208.
2019-08-01 09:09:29,589 - INFO - Optimal value of theta: 45.7119824429.
2019-08-01 09:09:29,590 - INFO - Beginning optimization with guess, [0.50896057 0.12639555].
2019-08-01 09:09:31,011 - INFO - Finished optimization with guess, [0.50896057 0.12639555].
2019-08-01 09:09:31,011 - INFO - Best fit parameters: [1.25651315 1.38323666].
2019-08-01 09:09:31,022 - INFO - Maximum log composite likelihood: -22.4635324158.
2019-08-01 09:09:31,022 - INFO - Optimal value of theta: 45.6699106966.
2019-08-01 09:09:31,022 - INFO - Beginning optimization with guess, [0.37658708 0.13944449].
2019-08-01 09:09:31,660 - INFO - Finished optimization with guess, [0.37658708 0.13944449].
2019-08-01 09:09:31,660 - INFO - Best fit parameters: [1.25474593 1.37431423].
2019-08-01 09:09:31,671 - INFO - Maximum log composite likelihood: -22.463535966.
2019-08-01 09:09:31,672 - INFO - Optimal value of theta: 45.7344146712.
2019-08-01 09:09:31,672 - INFO - Beginning optimization with guess, [0.37412818 0.0823227 ].
2019-08-01 09:09:32,950 - INFO - Finished optimization with guess, [0.37412818 0.0823227 ].
2019-08-01 09:09:32,951 - INFO - Best fit parameters: [1.26000882 1.40385733].
2019-08-01 09:09:32,962 - INFO - Maximum log composite likelihood: -22.463526112.
2019-08-01 09:09:32,962 - INFO - Optimal value of theta: 45.5364503311.
2019-08-01 09:09:32,962 - INFO - Beginning optimization with guess, [0.45523996 0.09311432].
2019-08-01 09:09:34,358 - INFO - Finished optimization with guess, [0.45523996 0.09311432].
2019-08-01 09:09:34,359 - INFO - Best fit parameters: [1.25553405 1.37861048].
2019-08-01 09:09:34,369 - INFO - Maximum log composite likelihood: -22.4635343472.
2019-08-01 09:09:34,370 - INFO - Optimal value of theta: 45.704967975.
2019-08-01 09:09:34,370 - INFO - Beginning optimization with guess, [0.28800283 0.12505738].
2019-08-01 09:09:35,678 - INFO - Finished optimization with guess, [0.28800283 0.12505738].
2019-08-01 09:09:35,678 - INFO - Best fit parameters: [1.25573028 1.37927952].
2019-08-01 09:09:35,689 - INFO - Maximum log composite likelihood: -22.4635339707.
2019-08-01 09:09:35,689 - INFO - Optimal value of theta: 45.6984804915.
2019-08-01 09:09:35,690 - INFO - Beginning optimization with guess, [0.39605322 0.06658693].
2019-08-01 09:09:36,525 - INFO - Finished optimization with guess, [0.39605322 0.06658693].
2019-08-01 09:09:36,527 - INFO - Best fit parameters: [1.24380515 1.32116722].
2019-08-01 09:09:36,537 - INFO - Maximum log composite likelihood: -22.4635611574.
2019-08-01 09:09:36,538 - INFO - Optimal value of theta: 46.13154794.
2019-08-01 09:09:36,538 - INFO - Beginning optimization with guess, [0.40939718 0.11227596].
2019-08-01 09:09:37,261 - INFO - Finished optimization with guess, [0.40939718 0.11227596].
2019-08-01 09:09:37,261 - INFO - Best fit parameters: [1.25470054 1.37407768].
2019-08-01 09:09:37,272 - INFO - Maximum log composite likelihood: -22.4635360587.
2019-08-01 09:09:37,272 - INFO - Optimal value of theta: 45.7360876506.
2019-08-01 09:09:37,272 - INFO - Beginning optimization with guess, [0.49654554 0.18522904].
2019-08-01 09:09:38,506 - INFO - Finished optimization with guess, [0.49654554 0.18522904].
2019-08-01 09:09:38,506 - INFO - Best fit parameters: [1.25543064 1.37784534].
2019-08-01 09:09:38,517 - INFO - Maximum log composite likelihood: -22.463534568.
2019-08-01 09:09:38,517 - INFO - Optimal value of theta: 45.7092530366.
2019-08-01 09:09:38,518 - INFO - Beginning optimization with guess, [0.56544071 0.05037691].
2019-08-01 09:09:39,392 - INFO - Finished optimization with guess, [0.56544071 0.05037691].
2019-08-01 09:09:39,392 - INFO - Best fit parameters: [1.25472173 1.37417206].
2019-08-01 09:09:39,403 - INFO - Maximum log composite likelihood: -22.4635360165.
2019-08-01 09:09:39,403 - INFO - Optimal value of theta: 45.7353401651.
2019-08-01 09:09:39,404 - INFO - Beginning optimization with guess, [0.33068234 0.07102984].
2019-08-01 09:09:40,285 - INFO - Finished optimization with guess, [0.33068234 0.07102984].
2019-08-01 09:09:40,285 - INFO - Best fit parameters: [1.67840854 2.99528075].
2019-08-01 09:09:40,299 - INFO - Maximum log composite likelihood: -22.4634095917.
2019-08-01 09:09:40,299 - INFO - Optimal value of theta: 34.1896657007.
2019-08-01 09:09:40,299 - INFO - Beginning optimization with guess, [0.60333659 0.11677914].
2019-08-01 09:09:41,736 - INFO - Finished optimization with guess, [0.60333659 0.11677914].
2019-08-01 09:09:41,736 - INFO - Best fit parameters: [1.25547911 1.37802025].
2019-08-01 09:09:41,747 - INFO - Maximum log composite likelihood: -22.4635344748.
2019-08-01 09:09:41,747 - INFO - Optimal value of theta: 45.7076299161.
2019-08-01 09:09:41,747 - INFO - Beginning optimization with guess, [0.96871247 0.13103126].
2019-08-01 09:09:42,332 - INFO - Finished optimization with guess, [0.96871247 0.13103126].
2019-08-01 09:09:42,332 - INFO - Best fit parameters: [1.25489909 1.37507456].
2019-08-01 09:09:42,343 - INFO - Maximum log composite likelihood: -22.4635356572.
2019-08-01 09:09:42,343 - INFO - Optimal value of theta: 45.7288491432.
2019-08-01 09:09:42,344 - INFO - Beginning optimization with guess, [0.3921466  0.05252604].
2019-08-01 09:09:43,097 - INFO - Finished optimization with guess, [0.3921466  0.05252604].
2019-08-01 09:09:43,097 - INFO - Best fit parameters: [1.13329787 0.56847764].
2019-08-01 09:09:43,105 - INFO - Maximum log composite likelihood: -22.4661769667.
2019-08-01 09:09:43,106 - INFO - Optimal value of theta: 50.8253695241.
2019-08-01 09:09:43,106 - INFO - Beginning optimization with guess, [0.84991265 0.09144344].
2019-08-01 09:09:44,276 - INFO - Finished optimization with guess, [0.84991265 0.09144344].
2019-08-01 09:09:44,276 - INFO - Best fit parameters: [1.2554595  1.37795138].
2019-08-01 09:09:44,287 - INFO - Maximum log composite likelihood: -22.4635345123.
2019-08-01 09:09:44,288 - INFO - Optimal value of theta: 45.7082825223.
2019-08-01 09:09:44,288 - INFO - Beginning optimization with guess, [0.32145292 0.07866195].
2019-08-01 09:09:45,426 - INFO - Finished optimization with guess, [0.32145292 0.07866195].
2019-08-01 09:09:45,427 - INFO - Best fit parameters: [1.67949901 3.        ].
2019-08-01 09:09:45,441 - INFO - Maximum log composite likelihood: -22.4634096.
2019-08-01 09:09:45,441 - INFO - Optimal value of theta: 34.1661079694.
2019-08-01 09:09:45,441 - INFO - Beginning optimization with guess, [0.4345707  0.05034212].
2019-08-01 09:09:46,781 - INFO - Finished optimization with guess, [0.4345707  0.05034212].
2019-08-01 09:09:46,782 - INFO - Best fit parameters: [1.2994599  1.58582293].
2019-08-01 09:09:46,794 - INFO - Maximum log composite likelihood: -22.4634750894.
2019-08-01 09:09:46,794 - INFO - Optimal value of theta: 44.1643724877.
2019-08-01 09:09:46,795 - INFO - Beginning optimization with guess, [0.48119117 0.06549453].
2019-08-01 09:09:47,910 - INFO - Finished optimization with guess, [0.48119117 0.06549453].
2019-08-01 09:09:47,910 - INFO - Best fit parameters: [1.25512783 1.37639707].
2019-08-01 09:09:47,924 - INFO - Maximum log composite likelihood: -22.4635351787.
2019-08-01 09:09:47,924 - INFO - Optimal value of theta: 45.7201421569.
2019-08-01 09:09:47,925 - INFO - Beginning optimization with guess, [0.31303508 0.15568315].
2019-08-01 09:09:49,300 - INFO - Finished optimization with guess, [0.31303508 0.15568315].
2019-08-01 09:09:49,300 - INFO - Best fit parameters: [1.25530236 1.37713005].
2019-08-01 09:09:49,311 - INFO - Maximum log composite likelihood: -22.4635348328.
2019-08-01 09:09:49,312 - INFO - Optimal value of theta: 45.7140789003.
2019-08-01 09:09:49,312 - INFO - Beginning optimization with guess, [0.82025289 0.1667352 ].
2019-08-01 09:09:50,110 - INFO - Finished optimization with guess, [0.82025289 0.1667352 ].
2019-08-01 09:09:50,110 - INFO - Best fit parameters: [1.25537353 1.37750511].
2019-08-01 09:09:50,121 - INFO - Maximum log composite likelihood: -22.4635346871.
2019-08-01 09:09:50,121 - INFO - Optimal value of theta: 45.7114470009.
2019-08-01 09:09:50,122 - INFO - Beginning optimization with guess, [0.81454114 0.05704157].
2019-08-01 09:09:51,432 - INFO - Finished optimization with guess, [0.81454114 0.05704157].
2019-08-01 09:09:51,433 - INFO - Best fit parameters: [1.25539273 1.37778997].
2019-08-01 09:09:51,444 - INFO - Maximum log composite likelihood: -22.4635346368.
2019-08-01 09:09:51,444 - INFO - Optimal value of theta: 45.7103516073.
2019-08-01 09:09:51,444 - INFO - Beginning optimization with guess, [0.28667382 0.08602419].
2019-08-01 09:09:52,287 - INFO - Finished optimization with guess, [0.28667382 0.08602419].
2019-08-01 09:09:52,287 - INFO - Best fit parameters: [1.19006108 1.03647857].
2019-08-01 09:09:52,298 - INFO - Maximum log composite likelihood: -22.4638538933.
2019-08-01 09:09:52,299 - INFO - Optimal value of theta: 48.1811933577.
2019-08-01 09:09:52,299 - INFO - Beginning optimization with guess, [0.73048451 0.10755224].
2019-08-01 09:09:53,592 - INFO - Finished optimization with guess, [0.73048451 0.10755224].
2019-08-01 09:09:53,593 - INFO - Best fit parameters: [1.25898516 1.39564748].
2019-08-01 09:09:53,605 - INFO - Maximum log composite likelihood: -22.463527663.
2019-08-01 09:09:53,605 - INFO - Optimal value of theta: 45.5800054846.
2019-08-01 09:09:53,606 - INFO - Beginning optimization with guess, [0.25449005 0.12111371].
2019-08-01 09:09:54,660 - INFO - Finished optimization with guess, [0.25449005 0.12111371].
2019-08-01 09:09:54,660 - INFO - Best fit parameters: [1.25512884 1.37732876].
2019-08-01 09:09:54,671 - INFO - Maximum log composite likelihood: -22.4635351662.
2019-08-01 09:09:54,671 - INFO - Optimal value of theta: 45.7181594545.
2019-08-01 09:09:54,671 - INFO - Beginning optimization with guess, [0.56190585 0.05312023].
2019-08-01 09:09:56,001 - INFO - Finished optimization with guess, [0.56190585 0.05312023].
2019-08-01 09:09:56,001 - INFO - Best fit parameters: [1.25538744 1.37831189].
2019-08-01 09:09:56,012 - INFO - Maximum log composite likelihood: -22.4635346357.
2019-08-01 09:09:56,013 - INFO - Optimal value of theta: 45.7093939748.
2019-08-01 09:09:56,013 - INFO - Beginning optimization with guess, [0.87949259 0.18155869].
2019-08-01 09:09:56,907 - INFO - Finished optimization with guess, [0.87949259 0.18155869].
2019-08-01 09:09:56,907 - INFO - Best fit parameters: [1.25566263 1.37900112].
2019-08-01 09:09:56,918 - INFO - Maximum log composite likelihood: -22.463534102.
2019-08-01 09:09:56,918 - INFO - Optimal value of theta: 45.700817021.
2019-08-01 09:09:56,919 - INFO - Beginning optimization with guess, [0.32682881 0.12820962].
2019-08-01 09:09:57,869 - INFO - Finished optimization with guess, [0.32682881 0.12820962].
2019-08-01 09:09:57,870 - INFO - Best fit parameters: [1.2559962  1.38065413].
2019-08-01 09:09:57,881 - INFO - Maximum log composite likelihood: -22.4635334398.
2019-08-01 09:09:57,881 - INFO - Optimal value of theta: 45.6887111255.
2019-08-01 09:09:57,881 - INFO - Beginning optimization with guess, [0.31420346 0.0749028 ].
2019-08-01 09:09:58,833 - INFO - Finished optimization with guess, [0.31420346 0.0749028 ].
2019-08-01 09:09:58,833 - INFO - Best fit parameters: [1.12565936 0.6232631 ].
2019-08-01 09:09:58,842 - INFO - Maximum log composite likelihood: -22.4661804468.
2019-08-01 09:09:58,842 - INFO - Optimal value of theta: 50.8500848303.
2019-08-01 09:09:58,843 - INFO - Beginning optimization with guess, [0.42073401 0.1928771 ].
2019-08-01 09:10:00,042 - INFO - Finished optimization with guess, [0.42073401 0.1928771 ].
2019-08-01 09:10:00,042 - INFO - Best fit parameters: [1.2557104  1.37937618].
2019-08-01 09:10:00,053 - INFO - Maximum log composite likelihood: -22.463533999.
2019-08-01 09:10:00,053 - INFO - Optimal value of theta: 45.6987930435.
2019-08-01 09:10:00,053 - INFO - Beginning optimization with guess, [0.93765136 0.15536117].
2019-08-01 09:10:00,607 - INFO - Finished optimization with guess, [0.93765136 0.15536117].
2019-08-01 09:10:00,607 - INFO - Best fit parameters: [1.25507607 1.37597242].
2019-08-01 09:10:00,618 - INFO - Maximum log composite likelihood: -22.4635352961.
2019-08-01 09:10:00,618 - INFO - Optimal value of theta: 45.722376147.
2019-08-01 09:10:00,618 - INFO - Beginning optimization with guess, [0.28652136 0.05765189].
2019-08-01 09:10:01,251 - INFO - Finished optimization with guess, [0.28652136 0.05765189].
2019-08-01 09:10:01,251 - INFO - Best fit parameters: [1.0000000e-04 2.0695819e-07].
2019-08-01 09:10:01,258 - INFO - Maximum log composite likelihood: -22.5317968083.
2019-08-01 09:10:01,258 - INFO - Optimal value of theta: 54.5336157184.
2019-08-01 09:10:01,258 - INFO - Beginning optimization with guess, [0.26990416 0.06492219].
2019-08-01 09:10:01,946 - INFO - Finished optimization with guess, [0.26990416 0.06492219].
2019-08-01 09:10:01,946 - INFO - Best fit parameters: [1.53132534e-02 3.18685832e-05].
2019-08-01 09:10:01,953 - INFO - Maximum log composite likelihood: -22.5318276272.
2019-08-01 09:10:01,953 - INFO - Optimal value of theta: 54.5309809408.
2019-08-01 09:10:01,953 - INFO - Beginning optimization with guess, [0.89545774 0.07073036].
2019-08-01 09:10:03,243 - INFO - Finished optimization with guess, [0.89545774 0.07073036].
2019-08-01 09:10:03,243 - INFO - Best fit parameters: [1.2561312  1.38138567].
2019-08-01 09:10:03,254 - INFO - Maximum log composite likelihood: -22.4635331706.
2019-08-01 09:10:03,254 - INFO - Optimal value of theta: 45.6836828755.
2019-08-01 09:10:03,254 - INFO - Beginning optimization with guess, [0.65559183 0.07936671].
2019-08-01 09:10:04,684 - INFO - Finished optimization with guess, [0.65559183 0.07936671].
2019-08-01 09:10:04,684 - INFO - Best fit parameters: [1.25616409 1.38129219].
2019-08-01 09:10:04,695 - INFO - Maximum log composite likelihood: -22.4635331233.
2019-08-01 09:10:04,696 - INFO - Optimal value of theta: 45.6830262451.
2019-08-01 09:10:04,696 - INFO - Beginning optimization with guess, [0.29714114 0.19323028].
2019-08-01 09:10:05,719 - INFO - Finished optimization with guess, [0.29714114 0.19323028].
2019-08-01 09:10:05,719 - INFO - Best fit parameters: [1.25835407 1.39484624].
2019-08-01 09:10:05,730 - INFO - Maximum log composite likelihood: -22.4635290147.
2019-08-01 09:10:05,731 - INFO - Optimal value of theta: 45.5980028817.
2019-08-01 09:10:05,731 - INFO - Beginning optimization with guess, [0.97992583 0.17242419].
2019-08-01 09:10:06,914 - INFO - Finished optimization with guess, [0.97992583 0.17242419].
2019-08-01 09:10:06,914 - INFO - Best fit parameters: [1.25610317 1.38125768].
2019-08-01 09:10:06,925 - INFO - Maximum log composite likelihood: -22.4635332251.
2019-08-01 09:10:06,926 - INFO - Optimal value of theta: 45.6846769054.
2019-08-01 09:10:06,926 - INFO - Beginning optimization with guess, [0.47942464 0.13337089].
2019-08-01 09:10:08,045 - INFO - Finished optimization with guess, [0.47942464 0.13337089].
2019-08-01 09:10:08,045 - INFO - Best fit parameters: [1.25543226 1.3778093 ].
2019-08-01 09:10:08,056 - INFO - Maximum log composite likelihood: -22.4635345677.
2019-08-01 09:10:08,057 - INFO - Optimal value of theta: 45.7092865979.
2019-08-01 09:10:08,057 - INFO - Beginning optimization with guess, [0.33189718 0.18543764].
2019-08-01 09:10:09,413 - INFO - Finished optimization with guess, [0.33189718 0.18543764].
2019-08-01 09:10:09,413 - INFO - Best fit parameters: [1.25575727 1.37941787].
2019-08-01 09:10:09,424 - INFO - Maximum log composite likelihood: -22.4635339167.
2019-08-01 09:10:09,425 - INFO - Optimal value of theta: 45.6974912679.
2019-08-01 09:10:09,425 - INFO - Beginning optimization with guess, [0.44588065 0.06207197].
2019-08-01 09:10:10,444 - INFO - Finished optimization with guess, [0.44588065 0.06207197].
2019-08-01 09:10:10,444 - INFO - Best fit parameters: [1.39535403 1.99296699].
2019-08-01 09:10:10,457 - INFO - Maximum log composite likelihood: -22.4634302593.
2019-08-01 09:10:10,457 - INFO - Optimal value of theta: 41.1263349508.
2019-08-01 09:10:10,457 - INFO - Beginning optimization with guess, [0.41264298 0.13393284].
2019-08-01 09:10:11,478 - INFO - Finished optimization with guess, [0.41264298 0.13393284].
2019-08-01 09:10:11,479 - INFO - Best fit parameters: [1.25655475 1.38394386].
2019-08-01 09:10:11,490 - INFO - Maximum log composite likelihood: -22.4635323132.
2019-08-01 09:10:11,490 - INFO - Optimal value of theta: 45.6673515586.
2019-08-01 09:10:11,490 - INFO - Beginning optimization with guess, [0.2971323  0.12816894].
2019-08-01 09:10:12,390 - INFO - Finished optimization with guess, [0.2971323  0.12816894].
2019-08-01 09:10:12,390 - INFO - Best fit parameters: [1.25605466 1.38125295].
2019-08-01 09:10:12,401 - INFO - Maximum log composite likelihood: -22.463533311.
2019-08-01 09:10:12,402 - INFO - Optimal value of theta: 45.6859436365.
2019-08-01 09:10:12,402 - INFO - Beginning optimization with guess, [0.69777355 0.08883218].
2019-08-01 09:10:13,173 - INFO - Finished optimization with guess, [0.69777355 0.08883218].
2019-08-01 09:10:13,173 - INFO - Best fit parameters: [1.25473396 1.37424669].
2019-08-01 09:10:13,184 - INFO - Maximum log composite likelihood: -22.4635359908.
2019-08-01 09:10:13,185 - INFO - Optimal value of theta: 45.7348665254.
2019-08-01 09:10:13,185 - INFO - Beginning optimization with guess, [0.85092203 0.19738465].
2019-08-01 09:10:14,188 - INFO - Finished optimization with guess, [0.85092203 0.19738465].
2019-08-01 09:10:14,188 - INFO - Best fit parameters: [1.25628652 1.38341487].
2019-08-01 09:10:14,199 - INFO - Maximum log composite likelihood: -22.4635328668.
2019-08-01 09:10:14,200 - INFO - Optimal value of theta: 45.6754073135.
2019-08-01 09:10:14,200 - INFO - Beginning optimization with guess, [0.77294388 0.10230982].
2019-08-01 09:10:15,044 - INFO - Finished optimization with guess, [0.77294388 0.10230982].
2019-08-01 09:10:15,045 - INFO - Best fit parameters: [1.25558349 1.3792736 ].
2019-08-01 09:10:15,056 - INFO - Maximum log composite likelihood: -22.463534242.
2019-08-01 09:10:15,056 - INFO - Optimal value of theta: 45.702296829.
2019-08-01 09:10:15,056 - INFO - Beginning optimization with guess, [0.2565141  0.07594365].
2019-08-01 09:10:15,678 - INFO - Finished optimization with guess, [0.2565141  0.07594365].
2019-08-01 09:10:15,678 - INFO - Best fit parameters: [1.00000000e-04 2.06831055e-07].
2019-08-01 09:10:15,685 - INFO - Maximum log composite likelihood: -22.5317968103.
2019-08-01 09:10:15,685 - INFO - Optimal value of theta: 54.5334529811.
2019-08-01 09:10:15,686 - INFO - Beginning optimization with guess, [0.36368843 0.05983621].
2019-08-01 09:10:16,714 - INFO - Finished optimization with guess, [0.36368843 0.05983621].
2019-08-01 09:10:16,714 - INFO - Best fit parameters: [1.00718508 0.02855766].
2019-08-01 09:10:16,721 - INFO - Maximum log composite likelihood: -22.53812403.
2019-08-01 09:10:16,721 - INFO - Optimal value of theta: 54.2423648644.
2019-08-01 09:10:16,722 - INFO - Beginning optimization with guess, [0.50535311 0.09246376].
2019-08-01 09:10:18,348 - INFO - Finished optimization with guess, [0.50535311 0.09246376].
2019-08-01 09:10:18,348 - INFO - Best fit parameters: [1.25571372 1.37928782].
2019-08-01 09:10:18,361 - INFO - Maximum log composite likelihood: -22.463533998.
2019-08-01 09:10:18,361 - INFO - Optimal value of theta: 45.698892219.
2019-08-01 09:10:18,361 - INFO - Beginning optimization with guess, [0.75214488 0.05468901].
2019-08-01 09:10:21,459 - INFO - Finished optimization with guess, [0.75214488 0.05468901].
2019-08-01 09:10:21,460 - INFO - Best fit parameters: [1.25864762 1.39394235].
2019-08-01 09:10:21,472 - INFO - Maximum log composite likelihood: -22.4635282993.
2019-08-01 09:10:21,473 - INFO - Optimal value of theta: 45.5922917287.
2019-08-01 09:10:21,473 - INFO - Beginning optimization with guess, [0.26206759 0.18873735].
2019-08-01 09:10:22,412 - INFO - Finished optimization with guess, [0.26206759 0.18873735].
2019-08-01 09:10:22,412 - INFO - Best fit parameters: [1.25468231 1.37397837].
2019-08-01 09:10:22,435 - INFO - Maximum log composite likelihood: -22.4635360963.
2019-08-01 09:10:22,436 - INFO - Optimal value of theta: 45.7367686274.
2019-08-01 09:10:22,436 - INFO - Beginning optimization with guess, [0.43709651 0.06875848].
2019-08-01 09:10:24,013 - INFO - Finished optimization with guess, [0.43709651 0.06875848].
2019-08-01 09:10:24,013 - INFO - Best fit parameters: [1.25527559 1.37712603].
2019-08-01 09:10:24,025 - INFO - Maximum log composite likelihood: -22.4635348784.
2019-08-01 09:10:24,026 - INFO - Optimal value of theta: 45.7147811139.
2019-08-01 09:10:24,026 - INFO - Beginning optimization with guess, [0.59888131 0.07358704].
2019-08-01 09:10:25,365 - INFO - Finished optimization with guess, [0.59888131 0.07358704].
2019-08-01 09:10:25,365 - INFO - Best fit parameters: [1.25682144 1.38476596].
2019-08-01 09:10:25,376 - INFO - Maximum log composite likelihood: -22.4635318088.
2019-08-01 09:10:25,377 - INFO - Optimal value of theta: 45.6587240343.
2019-08-01 09:10:25,377 - INFO - Beginning optimization with guess, [0.28298976 0.1662551 ].
2019-08-01 09:10:26,521 - INFO - Finished optimization with guess, [0.28298976 0.1662551 ].
2019-08-01 09:10:26,521 - INFO - Best fit parameters: [1.25553839 1.37843931].
2019-08-01 09:10:26,532 - INFO - Maximum log composite likelihood: -22.4635343476.
2019-08-01 09:10:26,533 - INFO - Optimal value of theta: 45.7052144375.
2019-08-01 09:10:26,533 - INFO - Beginning optimization with guess, [0.83939911 0.06219913].
2019-08-01 09:10:27,498 - INFO - Finished optimization with guess, [0.83939911 0.06219913].
2019-08-01 09:10:27,498 - INFO - Best fit parameters: [1.25304251 1.37307091].
2019-08-01 09:10:27,509 - INFO - Maximum log composite likelihood: -22.4635417275.
2019-08-01 09:10:27,509 - INFO - Optimal value of theta: 45.7812451888.
2019-08-01 09:10:27,509 - INFO - Beginning optimization with guess, [0.25019641 0.05354674].
2019-08-01 09:10:28,235 - INFO - Finished optimization with guess, [0.25019641 0.05354674].
2019-08-01 09:10:28,235 - INFO - Best fit parameters: [4.51007592e-04 9.21304365e-07].
2019-08-01 09:10:28,242 - INFO - Maximum log composite likelihood: -22.531798549.
2019-08-01 09:10:28,243 - INFO - Optimal value of theta: 54.5300900893.
2019-08-01 09:10:28,243 - INFO - Beginning optimization with guess, [0.49143924 0.09755626].
2019-08-01 09:10:28,984 - INFO - Finished optimization with guess, [0.49143924 0.09755626].
2019-08-01 09:10:28,984 - INFO - Best fit parameters: [1.26987423 1.44917325].
2019-08-01 09:10:28,995 - INFO - Maximum log composite likelihood: -22.4635093053.
2019-08-01 09:10:28,995 - INFO - Optimal value of theta: 45.1888062746.
2019-08-01 09:10:28,996 - INFO - Beginning optimization with guess, [0.40343483 0.12024903].
2019-08-01 09:10:30,013 - INFO - Finished optimization with guess, [0.40343483 0.12024903].
2019-08-01 09:10:30,013 - INFO - Best fit parameters: [1.25539377 1.37765756].
2019-08-01 09:10:30,024 - INFO - Maximum log composite likelihood: -22.4635346427.
2019-08-01 09:10:30,025 - INFO - Optimal value of theta: 45.7106025667.
2019-08-01 09:10:30,025 - INFO - Beginning optimization with guess, [0.33194849 0.15038434].
2019-08-01 09:10:30,915 - INFO - Finished optimization with guess, [0.33194849 0.15038434].
2019-08-01 09:10:30,915 - INFO - Best fit parameters: [1.25535213 1.37751832].
2019-08-01 09:10:30,926 - INFO - Maximum log composite likelihood: -22.4635347227.
2019-08-01 09:10:30,926 - INFO - Optimal value of theta: 45.7119739992.
2019-08-01 09:10:30,927 - INFO - Beginning optimization with guess, [0.30650326 0.11928098].
2019-08-01 09:10:33,176 - INFO - Finished optimization with guess, [0.30650326 0.11928098].
2019-08-01 09:10:33,186 - INFO - Best fit parameters: [1.25550543 1.37815173].
2019-08-01 09:10:33,209 - INFO - Maximum log composite likelihood: -22.4635344218.
2019-08-01 09:10:33,210 - INFO - Optimal value of theta: 45.7066717625.
2019-08-01 09:10:33,210 - INFO - Beginning optimization with guess, [0.68001114 0.0569716 ].
2019-08-01 09:10:35,725 - INFO - Finished optimization with guess, [0.68001114 0.0569716 ].
2019-08-01 09:10:35,725 - INFO - Best fit parameters: [1.32610629 1.70673627].
2019-08-01 09:10:35,739 - INFO - Maximum log composite likelihood: -22.4634556322.
2019-08-01 09:10:35,739 - INFO - Optimal value of theta: 43.2726628555.
2019-08-01 09:10:35,739 - INFO - Beginning optimization with guess, [0.68978005 0.06321658].
2019-08-01 09:10:37,418 - INFO - Finished optimization with guess, [0.68978005 0.06321658].
2019-08-01 09:10:37,418 - INFO - Best fit parameters: [1.2555567  1.37841049].
2019-08-01 09:10:37,429 - INFO - Maximum log composite likelihood: -22.4635343185.
2019-08-01 09:10:37,430 - INFO - Optimal value of theta: 45.7048004622.
2019-08-01 09:10:37,430 - INFO - Beginning optimization with guess, [0.46329218 0.12205123].
2019-08-01 09:10:38,079 - INFO - Finished optimization with guess, [0.46329218 0.12205123].
2019-08-01 09:10:38,079 - INFO - Best fit parameters: [1.25614991 1.38137083].
2019-08-01 09:10:38,090 - INFO - Maximum log composite likelihood: -22.4635331403.
2019-08-01 09:10:38,090 - INFO - Optimal value of theta: 45.6832291493.
2019-08-01 09:10:38,090 - INFO - Beginning optimization with guess, [0.36043392 0.0730148 ].
2019-08-01 09:10:39,489 - INFO - Finished optimization with guess, [0.36043392 0.0730148 ].
2019-08-01 09:10:39,489 - INFO - Best fit parameters: [1.57879702 2.66325705].
2019-08-01 09:10:39,503 - INFO - Maximum log composite likelihood: -22.4634122576.
2019-08-01 09:10:39,503 - INFO - Optimal value of theta: 36.34662572.
2019-08-01 09:10:39,503 - INFO - Beginning optimization with guess, [0.90767849 0.11292914].
2019-08-01 09:10:40,784 - INFO - Finished optimization with guess, [0.90767849 0.11292914].
2019-08-01 09:10:40,785 - INFO - Best fit parameters: [1.25563801 1.37881888].
2019-08-01 09:10:40,795 - INFO - Maximum log composite likelihood: -22.4635341552.
2019-08-01 09:10:40,796 - INFO - Optimal value of theta: 45.7018369354.
2019-08-01 09:10:40,796 - INFO - Beginning optimization with guess, [0.47252875 0.11515106].
2019-08-01 09:10:41,803 - INFO - Finished optimization with guess, [0.47252875 0.11515106].
2019-08-01 09:10:41,803 - INFO - Best fit parameters: [1.25562218 1.37949413].
2019-08-01 09:10:41,814 - INFO - Maximum log composite likelihood: -22.4635341649.
2019-08-01 09:10:41,815 - INFO - Optimal value of theta: 45.7008321247.
2019-08-01 09:10:41,815 - INFO - Finished demographic inference.
2019-08-01 09:10:41,815 - INFO - Beginning DFE inference.
2019-08-01 09:11:55,748 - INFO - Beginning optimization with guess, [8.69024004e-02 1.37873742e+02].
2019-08-01 09:11:59,782 - INFO - Finished optomization, results are [-23.553162903955965 array([1.02919793e-01, 2.41617507e+03])].
2019-08-01 09:11:59,783 - INFO - Beginning optimization with guess, [7.11091702e-02 8.01907863e+01].
2019-08-01 09:12:01,400 - INFO - Finished optomization, results are [-23.55345111615955 array([1.02782744e-01, 2.42584956e+03])].
2019-08-01 09:12:01,401 - INFO - Beginning optimization with guess, [9.70134333e-02 1.08659593e+02].
2019-08-01 09:12:06,528 - INFO - Finished optomization, results are [-23.552289787737458 array([1.02928766e-01, 2.43756506e+03])].
2019-08-01 09:12:06,529 - INFO - Beginning optimization with guess, [5.34190673e-02 1.55466098e+02].
2019-08-01 09:12:11,463 - INFO - Finished optomization, results are [-23.552590539027438 array([1.03334974e-01, 2.38728889e+03])].
2019-08-01 09:12:11,463 - INFO - Beginning optimization with guess, [ 0.11133868 42.0479091 ].
2019-08-01 09:12:18,103 - INFO - Finished optomization, results are [-23.55327407082161 array([1.02643681e-01, 2.44637966e+03])].
2019-08-01 09:12:18,104 - INFO - Beginning optimization with guess, [ 0.07824726 60.41122838].
2019-08-01 09:12:26,616 - INFO - Finished optomization, results are [-23.551564803791795 array([1.02876728e-01, 2.46611686e+03])].
2019-08-01 09:12:26,617 - INFO - Beginning optimization with guess, [ 0.0749904  69.98591482].
2019-08-01 09:12:34,513 - INFO - Finished optomization, results are [-23.55796681303318 array([1.03068785e-01, 2.31578695e+03])].
2019-08-01 09:12:34,514 - INFO - Beginning optimization with guess, [ 0.11014145 89.09959059].
2019-08-01 09:12:40,060 - INFO - Finished optomization, results are [-23.553554378420348 array([1.02445535e-01, 2.46521974e+03])].
2019-08-01 09:12:40,060 - INFO - Beginning optimization with guess, [1.02811205e-01 1.47923463e+02].
2019-08-01 09:12:44,152 - INFO - Finished optomization, results are [-23.55405154580017 array([1.03499342e-01, 2.33152129e+03])].
2019-08-01 09:12:44,153 - INFO - Beginning optimization with guess, [ 0.09520387 50.12020172].
2019-08-01 09:12:50,862 - INFO - Finished optomization, results are [-23.552351181455478 array([1.02882761e-01, 2.44081247e+03])].
2019-08-01 09:12:50,862 - INFO - Beginning optimization with guess, [ 0.0482575  45.10157965].
2019-08-01 09:12:54,503 - INFO - Finished optomization, results are [-23.55708060344335 array([1.02739780e-01, 2.36937857e+03])].
2019-08-01 09:12:54,503 - INFO - Beginning optimization with guess, [8.13595549e-02 8.25822268e+01].
2019-08-01 09:12:59,196 - INFO - Finished optomization, results are [-23.55641389193567 array([1.02710316e-01, 2.38281350e+03])].
2019-08-01 09:12:59,198 - INFO - Beginning optimization with guess, [ 0.08680523 52.64159434].
2019-08-01 09:13:02,202 - INFO - Finished optomization, results are [-23.55391147781104 array([1.02407050e-01, 2.46325765e+03])].
2019-08-01 09:13:02,202 - INFO - Beginning optimization with guess, [ 0.11243274 63.51355382].
2019-08-01 09:13:05,102 - INFO - Finished optomization, results are [-23.555492133236633 array([1.03114028e-01, 2.34746685e+03])].
2019-08-01 09:13:05,102 - INFO - Beginning optimization with guess, [9.54117865e-02 1.10386798e+02].
2019-08-01 09:13:07,463 - INFO - Finished optomization, results are [-23.552357592120824 array([1.02764299e-01, 2.45380141e+03])].
2019-08-01 09:13:07,464 - INFO - Beginning optimization with guess, [  0.16361082 122.72182612].
2019-08-01 09:13:11,950 - INFO - Finished optomization, results are [-23.553325124897214 array([1.02758985e-01, 2.43139212e+03])].
2019-08-01 09:13:11,952 - INFO - Beginning optimization with guess, [ 0.05266294 43.80314804].
2019-08-01 09:13:18,744 - INFO - Finished optomization, results are [-23.55346076341067 array([1.03134355e-01, 2.38496373e+03])].
2019-08-01 09:13:18,745 - INFO - Beginning optimization with guess, [5.41306109e-02 1.04021197e+02].
2019-08-01 09:13:21,915 - INFO - Finished optomization, results are [-23.55265996087923 array([1.02625968e-01, 2.46229420e+03])].
2019-08-01 09:13:21,915 - INFO - Beginning optimization with guess, [7.40116455e-02 8.29001921e+01].
2019-08-01 09:13:23,612 - INFO - Finished optomization, results are [-23.55185733424897 array([1.03486985e-01, 2.40665553e+03])].
2019-08-01 09:13:23,612 - INFO - Beginning optimization with guess, [ 0.0863615  83.48652524].
2019-08-01 09:13:31,250 - INFO - Finished optomization, results are [-23.55341756082715 array([1.02515925e-01, 2.45912312e+03])].
2019-08-01 09:13:31,251 - INFO - Beginning optimization with guess, [ 0.09073492 58.00377209].
2019-08-01 09:13:35,851 - INFO - Finished optomization, results are [-23.557017070609056 array([1.03042644e-01, 2.33228444e+03])].
2019-08-01 09:13:35,851 - INFO - Beginning optimization with guess, [7.00702908e-02 1.49934942e+02].
2019-08-01 09:13:40,347 - INFO - Finished optomization, results are [-23.553412005779542 array([1.02714866e-01, 2.43482988e+03])].
2019-08-01 09:13:40,347 - INFO - Beginning optimization with guess, [ 0.08767124 58.38710265].
2019-08-01 09:13:48,307 - INFO - Finished optomization, results are [-23.553331751202883 array([1.02979006e-01, 2.40550112e+03])].
2019-08-01 09:13:48,307 - INFO - Beginning optimization with guess, [ 0.10996228 58.9410894 ].
2019-08-01 09:13:53,820 - INFO - Finished optomization, results are [-23.55311214023383 array([1.02559429e-01, 2.46013231e+03])].
2019-08-01 09:13:53,821 - INFO - Beginning optimization with guess, [ 0.16544997 88.48483052].
2019-08-01 09:13:58,117 - INFO - Finished optomization, results are [-23.553841371304298 array([1.03093709e-01, 2.38111331e+03])].
2019-08-01 09:13:58,118 - INFO - Beginning optimization with guess, [1.23925842e-01 1.51566678e+02].
2019-08-01 09:14:05,261 - INFO - Finished optomization, results are [-23.554885595902334 array([1.02680739e-01, 2.41102256e+03])].
2019-08-01 09:14:05,261 - INFO - Beginning optimization with guess, [5.53182911e-02 6.18556493e+01].
2019-08-01 09:14:13,087 - INFO - Finished optomization, results are [-23.552711304654153 array([1.02584874e-01, 2.46599742e+03])].
2019-08-01 09:14:13,088 - INFO - Beginning optimization with guess, [4.92548269e-02 7.20851787e+01].
2019-08-01 09:14:18,313 - INFO - Finished optomization, results are [-23.560581944452167 array([1.02103902e-01, 2.41018157e+03])].
2019-08-01 09:14:18,313 - INFO - Beginning optimization with guess, [5.81360856e-02 1.01436903e+02].
2019-08-01 09:14:24,360 - INFO - Finished optomization, results are [-23.554544082110336 array([1.04386178e-01, 2.23370992e+03])].
2019-08-01 09:14:24,360 - INFO - Beginning optimization with guess, [5.35643153e-02 6.01001410e+01].
2019-08-01 09:14:26,736 - INFO - Finished optomization, results are [-23.557047139216124 array([1.02105935e-01, 2.45360680e+03])].
2019-08-01 09:14:26,737 - INFO - Beginning optimization with guess, [ 0.10801405 58.42641177].
2019-08-01 09:14:31,537 - INFO - Finished optomization, results are [-23.553262790074633 array([1.02741258e-01, 2.43486297e+03])].
2019-08-01 09:14:31,537 - INFO - Beginning optimization with guess, [  0.14178461 100.03526642].
2019-08-01 09:14:36,537 - INFO - Finished optomization, results are [-23.553565127410014 array([1.02569731e-01, 2.44944516e+03])].
2019-08-01 09:14:36,538 - INFO - Beginning optimization with guess, [9.24784696e-02 1.26224104e+02].
2019-08-01 09:14:38,164 - INFO - Finished optomization, results are [-23.55539409172421 array([1.03251063e-01, 2.33290658e+03])].
2019-08-01 09:14:38,164 - INFO - Beginning optimization with guess, [ 0.06710435 66.292565  ].
2019-08-01 09:14:40,757 - INFO - Finished optomization, results are [-23.574438252160746 array([1.01086847e-01, 2.43226926e+03])].
2019-08-01 09:14:40,757 - INFO - Beginning optimization with guess, [8.74018599e-02 1.21394872e+02].
2019-08-01 09:14:43,682 - INFO - Finished optomization, results are [-23.554237130726634 array([1.03320892e-01, 2.34698794e+03])].
2019-08-01 09:14:43,682 - INFO - Beginning optimization with guess, [8.17577904e-02 1.26591848e+02].
2019-08-01 09:14:48,293 - INFO - Finished optomization, results are [-23.553030855773244 array([1.02781058e-01, 2.43533344e+03])].
2019-08-01 09:14:48,293 - INFO - Beginning optimization with guess, [ 0.0917483  45.68934589].
2019-08-01 09:14:50,412 - INFO - Finished optomization, results are [-23.552741788902058 array([1.02889581e-01, 2.42977179e+03])].
2019-08-01 09:14:50,413 - INFO - Beginning optimization with guess, [ 0.06685998 65.93904653].
2019-08-01 09:14:51,905 - INFO - Finished optomization, results are [-23.5748169168542 array([1.01053990e-01, 2.43432303e+03])].
2019-08-01 09:14:51,905 - INFO - Beginning optimization with guess, [ 0.0793165 42.252677 ].
2019-08-01 09:14:57,492 - INFO - Finished optomization, results are [-23.55413464574241 array([1.02589227e-01, 2.43598721e+03])].
2019-08-01 09:14:57,492 - INFO - Beginning optimization with guess, [7.52751493e-02 1.27529531e+02].
2019-08-01 09:15:01,610 - INFO - Finished optomization, results are [-23.554924346152763 array([1.03399692e-01, 2.32434725e+03])].
2019-08-01 09:15:01,618 - INFO - Beginning optimization with guess, [ 0.12841992 57.3089464 ].
2019-08-01 09:15:03,169 - INFO - Finished optomization, results are [-23.55439071561421 array([1.02903201e-01, 2.39254680e+03])].
2019-08-01 09:15:03,169 - INFO - Beginning optimization with guess, [5.00754897e-02 8.00105635e+01].
2019-08-01 09:15:07,559 - INFO - Finished optomization, results are [-23.55790359786988 array([1.02196118e-01, 2.42986381e+03])].
2019-08-01 09:15:07,560 - INFO - Beginning optimization with guess, [8.46327384e-02 1.41679179e+02].
2019-08-01 09:15:12,106 - INFO - Finished optomization, results are [-23.55373339297129 array([1.03131468e-01, 2.37914270e+03])].
2019-08-01 09:15:12,107 - INFO - Beginning optimization with guess, [ 0.13648717 82.85559828].
2019-08-01 09:15:14,081 - INFO - Finished optomization, results are [-23.558674647833783 array([1.02619999e-01, 2.36362167e+03])].
2019-08-01 09:15:14,081 - INFO - Beginning optimization with guess, [ 0.08715118 57.41033184].
2019-08-01 09:15:16,329 - INFO - Finished optomization, results are [-23.55336698411016 array([1.03989903e-01, 2.30413461e+03])].
2019-08-01 09:15:16,329 - INFO - Beginning optimization with guess, [5.31252133e-02 7.90464380e+01].
2019-08-01 09:15:21,129 - INFO - Finished optomization, results are [-23.553814466413723 array([1.02685753e-01, 2.43015064e+03])].
2019-08-01 09:15:21,129 - INFO - Beginning optimization with guess, [  0.16104475 146.59721408].
2019-08-01 09:15:25,055 - INFO - Finished optomization, results are [-23.5554061613379 array([1.03593764e-01, 2.29348203e+03])].
2019-08-01 09:15:25,057 - INFO - Beginning optimization with guess, [  0.14254714 118.78184221].
2019-08-01 09:15:29,579 - INFO - Finished optomization, results are [-23.554249596733694 array([1.03775429e-01, 2.29818936e+03])].
2019-08-01 09:15:29,579 - INFO - Beginning optimization with guess, [4.74910665e-02 9.00323807e+01].
2019-08-01 09:15:32,035 - INFO - Finished optomization, results are [-23.553540972810175 array([1.02505754e-01, 2.45790702e+03])].
2019-08-01 09:15:32,036 - INFO - Beginning optimization with guess, [1.02709850e-01 1.20605617e+02].
2019-08-01 09:15:35,716 - INFO - Finished optomization, results are [-23.553286467637673 array([1.02849359e-01, 2.42154718e+03])].
2019-08-01 09:15:35,716 - INFO - Beginning optimization with guess, [  0.17047415 123.16378676].
2019-08-01 09:15:41,814 - INFO - Finished optomization, results are [-23.554254999733313 array([1.02422745e-01, 2.45493708e+03])].
2019-08-01 09:15:41,815 - INFO - Beginning optimization with guess, [1.01124435e-01 1.25075570e+02].
2019-08-01 09:15:48,015 - INFO - Finished optomization, results are [-23.5528296915227 array([1.02787606e-01, 2.43928050e+03])].
2019-08-01 09:15:48,017 - INFO - Beginning optimization with guess, [4.90073905e-02 1.16030971e+02].
2019-08-01 09:15:53,217 - INFO - Finished optomization, results are [-23.553875564472698 array([1.02882395e-01, 2.40513138e+03])].
2019-08-01 09:15:53,217 - INFO - Beginning optimization with guess, [ 0.1621061  47.18143283].
2019-08-01 09:15:59,069 - INFO - Finished optomization, results are [-23.554486195173702 array([1.02671893e-01, 2.41918300e+03])].
2019-08-01 09:15:59,069 - INFO - Beginning optimization with guess, [  0.14776457 114.62500765].
2019-08-01 09:16:02,568 - INFO - Finished optomization, results are [-23.551898801622855 array([1.03270462e-01, 2.41827335e+03])].
2019-08-01 09:16:02,569 - INFO - Beginning optimization with guess, [7.29364103e-02 1.25176097e+02].
2019-08-01 09:16:04,041 - INFO - Finished optomization, results are [-23.554467240865712 array([1.03028606e-01, 2.37609607e+03])].
2019-08-01 09:16:04,042 - INFO - Beginning optimization with guess, [ 0.06546693 60.94212109].
2019-08-01 09:16:09,038 - INFO - Finished optomization, results are [-23.55465755520659 array([1.02743326e-01, 2.40721091e+03])].
2019-08-01 09:16:09,038 - INFO - Beginning optimization with guess, [ 0.16252098 45.10979867].
2019-08-01 09:16:15,284 - INFO - Finished optomization, results are [-23.554119799864058 array([1.02596546e-01, 2.43534681e+03])].
2019-08-01 09:16:15,285 - INFO - Beginning optimization with guess, [ 0.16085951 48.93855218].
2019-08-01 09:16:19,159 - INFO - Finished optomization, results are [-23.555623134104433 array([1.03305722e-01, 2.32253154e+03])].
2019-08-01 09:16:19,159 - INFO - Beginning optimization with guess, [ 0.13052465 51.08445532].
2019-08-01 09:16:23,795 - INFO - Finished optomization, results are [-23.558796007113862 array([1.02379376e-01, 2.39384931e+03])].
2019-08-01 09:16:23,796 - INFO - Beginning optimization with guess, [ 0.17106108 84.16460648].
2019-08-01 09:16:25,118 - INFO - Finished optomization, results are [-23.565787442170695 array([1.01782252e-01, 2.40259984e+03])].
2019-08-01 09:16:25,118 - INFO - Beginning optimization with guess, [5.01216745e-02 9.84998331e+01].
2019-08-01 09:16:28,902 - INFO - Finished optomization, results are [-23.555006876481848 array([1.02906566e-01, 2.38093496e+03])].
2019-08-01 09:16:28,902 - INFO - Beginning optimization with guess, [  0.12518505 109.97765889].
2019-08-01 09:16:35,162 - INFO - Finished optomization, results are [-23.552441020715797 array([1.02766221e-01, 2.45140215e+03])].
2019-08-01 09:16:35,163 - INFO - Beginning optimization with guess, [ 0.10872697 60.08789816].
2019-08-01 09:16:43,544 - INFO - Finished optomization, results are [-23.553167971038015 array([1.02738841e-01, 2.43723426e+03])].
2019-08-01 09:16:43,544 - INFO - Beginning optimization with guess, [5.92442751e-02 8.73601235e+01].
2019-08-01 09:16:45,555 - INFO - Finished optomization, results are [-23.553873437823288 array([1.03930173e-01, 2.29298455e+03])].
2019-08-01 09:16:45,556 - INFO - Beginning optimization with guess, [5.52998237e-02 1.50459614e+02].
2019-08-01 09:16:50,242 - INFO - Finished optomization, results are [-23.551482692736595 array([1.02947302e-01, 2.46267323e+03])].
2019-08-01 09:16:50,243 - INFO - Beginning optimization with guess, [5.83371700e-02 6.79496615e+01].
2019-08-01 09:16:54,277 - INFO - Finished optomization, results are [-23.55267274678309 array([1.02727721e-01, 2.45002131e+03])].
2019-08-01 09:16:54,277 - INFO - Beginning optimization with guess, [ 0.11640451 67.34202363].
2019-08-01 09:16:59,388 - INFO - Finished optomization, results are [-23.555188682138507 array([1.02806435e-01, 2.39013956e+03])].
2019-08-01 09:16:59,390 - INFO - Beginning optimization with guess, [1.00559089e-01 1.01263021e+02].
2019-08-01 09:17:07,408 - INFO - Finished optomization, results are [-23.553639418008224 array([1.02547280e-01, 2.45075705e+03])].
2019-08-01 09:17:07,408 - INFO - Beginning optimization with guess, [ 0.14608897 94.7170054 ].
2019-08-01 09:17:09,614 - INFO - Finished optomization, results are [-23.553865555637767 array([1.03873448e-01, 2.29846563e+03])].
2019-08-01 09:17:09,615 - INFO - Beginning optimization with guess, [ 0.07664029 64.86147351].
2019-08-01 09:17:17,685 - INFO - Finished optomization, results are [-23.551348727293544 array([1.03156533e-01, 2.45324720e+03])].
2019-08-01 09:17:17,686 - INFO - Beginning optimization with guess, [ 0.09798217 54.94938171].
2019-08-01 09:17:21,755 - INFO - Finished optomization, results are [-23.554557784840306 array([1.03019277e-01, 2.37548662e+03])].
2019-08-01 09:17:21,755 - INFO - Beginning optimization with guess, [ 0.0840106  45.31811805].
2019-08-01 09:17:26,107 - INFO - Finished optomization, results are [-23.552822031285007 array([1.04151787e-01, 2.32789584e+03])].
2019-08-01 09:17:26,107 - INFO - Beginning optimization with guess, [5.49449430e-02 8.51164213e+01].
2019-08-01 09:17:30,188 - INFO - Finished optomization, results are [-23.555650014649096 array([1.02756322e-01, 2.38879806e+03])].
2019-08-01 09:17:30,189 - INFO - Beginning optimization with guess, [7.30576594e-02 1.51697644e+02].
2019-08-01 09:17:33,202 - INFO - Finished optomization, results are [-23.553533827605847 array([1.02797672e-01, 2.42231332e+03])].
2019-08-01 09:17:33,203 - INFO - Beginning optimization with guess, [ 0.09351417 52.96450414].
2019-08-01 09:17:35,012 - INFO - Finished optomization, results are [-23.5518689738786 array([1.02901405e-01, 2.45324510e+03])].
2019-08-01 09:17:35,012 - INFO - Beginning optimization with guess, [  0.15643631 100.5095987 ].
2019-08-01 09:17:38,422 - INFO - Finished optomization, results are [-23.554016046338877 array([1.02569236e-01, 2.44072291e+03])].
2019-08-01 09:17:38,422 - INFO - Beginning optimization with guess, [4.57967335e-02 7.38803180e+01].
2019-08-01 09:17:42,798 - INFO - Finished optomization, results are [-23.554455844678586 array([1.02718633e-01, 2.41391608e+03])].
2019-08-01 09:17:42,799 - INFO - Beginning optimization with guess, [5.3967666e-02 9.5973402e+01].
2019-08-01 09:17:44,599 - INFO - Finished optomization, results are [-23.552744932529585 array([1.02748848e-01, 2.44581668e+03])].
2019-08-01 09:17:44,600 - INFO - Beginning optimization with guess, [6.46176303e-02 6.60267908e+01].
2019-08-01 09:17:50,207 - INFO - Finished optomization, results are [-23.55523675589506 array([1.02374934e-01, 2.44443002e+03])].
2019-08-01 09:17:50,208 - INFO - Beginning optimization with guess, [5.01889109e-02 5.84942803e+01].
2019-08-01 09:17:52,745 - INFO - Finished optomization, results are [-23.56160551991546 array([1.01661014e-01, 2.46119056e+03])].
2019-08-01 09:17:52,745 - INFO - Beginning optimization with guess, [ 0.10207228 51.03813303].
2019-08-01 09:17:54,549 - INFO - Finished optomization, results are [-23.55645328363699 array([1.02692265e-01, 2.38453090e+03])].
2019-08-01 09:17:54,549 - INFO - Beginning optimization with guess, [ 0.11221389 47.40850025].
2019-08-01 09:17:59,471 - INFO - Finished optomization, results are [-23.55344450325297 array([1.02614532e-01, 2.44636880e+03])].
2019-08-01 09:17:59,472 - INFO - Beginning optimization with guess, [4.73339140e-02 8.31384099e+01].
2019-08-01 09:18:04,216 - INFO - Finished optomization, results are [-23.553676717415406 array([1.02514410e-01, 2.45413612e+03])].
2019-08-01 09:18:04,216 - INFO - Beginning optimization with guess, [7.66270996e-02 8.03598128e+01].
2019-08-01 09:18:05,968 - INFO - Finished optomization, results are [-23.554901000451206 array([1.03918854e-01, 2.26874031e+03])].
2019-08-01 09:18:05,969 - INFO - Beginning optimization with guess, [4.75251016e-02 1.00720479e+02].
2019-08-01 09:18:10,134 - INFO - Finished optomization, results are [-23.554885862632865 array([1.02931104e-01, 2.38008288e+03])].
2019-08-01 09:18:10,134 - INFO - Beginning optimization with guess, [ 0.07446307 71.5552693 ].
2019-08-01 09:18:14,082 - INFO - Finished optomization, results are [-23.555301220533522 array([1.02559273e-01, 2.41947513e+03])].
2019-08-01 09:18:14,083 - INFO - Beginning optimization with guess, [5.55329937e-02 7.21106012e+01].
2019-08-01 09:18:17,629 - INFO - Finished optomization, results are [-23.553967562486918 array([1.02868055e-01, 2.40499334e+03])].
2019-08-01 09:18:17,629 - INFO - Beginning optimization with guess, [9.08432546e-02 1.52944824e+02].
2019-08-01 09:18:19,092 - INFO - Finished optomization, results are [-23.553261480347533 array([1.02517346e-01, 2.46216075e+03])].
2019-08-01 09:18:19,093 - INFO - Beginning optimization with guess, [ 0.06417466 44.34021854].
2019-08-01 09:18:23,329 - INFO - Finished optomization, results are [-23.553750606906355 array([1.02538792e-01, 2.44963386e+03])].
2019-08-01 09:18:23,330 - INFO - Beginning optimization with guess, [1.04948733e-01 1.28802020e+02].
2019-08-01 09:18:27,339 - INFO - Finished optomization, results are [-23.55449686567244 array([1.03313976e-01, 2.34243315e+03])].
2019-08-01 09:18:27,340 - INFO - Beginning optimization with guess, [ 0.13641765 76.55031214].
2019-08-01 09:18:29,270 - INFO - Finished optomization, results are [-23.554438907414408 array([1.02957010e-01, 2.38516726e+03])].
2019-08-01 09:18:29,270 - INFO - Beginning optimization with guess, [1.57225280e-01 1.59643042e+02].
2019-08-01 09:18:30,358 - INFO - Finished optomization, results are [-23.554510340682405 array([1.03751161e-01, 2.29464459e+03])].
2019-08-01 09:18:30,358 - INFO - Beginning optimization with guess, [1.32471017e-01 1.60780674e+02].
2019-08-01 09:18:31,982 - INFO - Finished optomization, results are [-23.553600692600362 array([1.02801173e-01, 2.42049243e+03])].
2019-08-01 09:18:31,983 - INFO - Beginning optimization with guess, [1.04630998e-01 1.50317607e+02].
2019-08-01 09:18:38,756 - INFO - Finished optomization, results are [-23.552992068319426 array([1.02730251e-01, 2.44220806e+03])].
2019-08-01 09:18:38,757 - INFO - Beginning optimization with guess, [5.08452683e-02 1.62890265e+02].
2019-08-01 09:18:42,092 - INFO - Finished optomization, results are [-23.55223265482957 array([1.03515185e-01, 2.38531330e+03])].
2019-08-01 09:18:42,092 - INFO - Beginning optimization with guess, [ 0.10835606 41.47986012].
2019-08-01 09:18:46,315 - INFO - Finished optomization, results are [-23.554338310566646 array([1.02592296e-01, 2.43184786e+03])].
2019-08-01 09:18:46,315 - INFO - Beginning optimization with guess, [5.56343334e-02 1.08863174e+02].
2019-08-01 09:18:50,753 - INFO - Finished optomization, results are [-23.553329171455722 array([1.03321128e-01, 2.36782199e+03])].
2019-08-01 09:18:50,753 - INFO - Beginning optimization with guess, [1.02804697e-01 1.48391585e+02].
2019-08-01 09:18:52,540 - INFO - Finished optomization, results are [-23.554013851777125 array([1.03484132e-01, 2.33400760e+03])].
2019-08-01 09:18:52,544 - INFO - Beginning optimization with guess, [7.02403528e-02 9.41962333e+01].
2019-08-01 09:18:55,483 - INFO - Finished optomization, results are [-23.55572763415764 array([1.03326270e-01, 2.31834342e+03])].
2019-08-01 09:18:55,483 - INFO - Finished DFE inference.
2019-08-01 09:18:55,483 - INFO - Integrating expected site-frequency spectrum.
2019-08-01 09:18:55,497 - INFO - Outputing results.
2019-08-01 09:18:55,502 - INFO - Pipeline executed succesfully.
