2019-08-01 12:46:55,134 - INFO - Beginning execution of fitdadi_infer_DFE.py in directory /u/home/j/jonmah/lohmueller_lab/Scripts

2019-08-01 12:46:55,134 - INFO - Progress is being logged to ../Data/AW_array_2000/seed_52_fitdadi_output/log.log

2019-08-01 12:46:55,134 - INFO - Parsed the following arguments:
	breed = AW
	outprefix = ../Data/AW_array_2000/seed_52_fitdadi_output/
	nonsyn_input_sfs = ../Data/AW_array_2000/seed_52_easySFS_output_nonsyn/dadi/pop1.sfs
	syn_input_sfs = ../Data/AW_array_2000/seed_52_easySFS_output_syn/dadi/pop1.sfs

2019-08-01 12:46:55,138 - INFO - Beginning optimization with guess, [0.63790298 0.09344393].
2019-08-01 12:46:56,405 - INFO - Finished optimization with guess, [0.63790298 0.09344393].
2019-08-01 12:46:56,407 - INFO - Best fit parameters: [0.57508789 0.55188966].
2019-08-01 12:46:56,435 - INFO - Maximum log composite likelihood: -21.4758890514.
2019-08-01 12:46:56,435 - INFO - Optimal value of theta: 74.788771877.
2019-08-01 12:46:56,436 - INFO - Beginning optimization with guess, [0.28048304 0.0649465 ].
2019-08-01 12:46:57,546 - INFO - Finished optimization with guess, [0.28048304 0.0649465 ].
2019-08-01 12:46:57,546 - INFO - Best fit parameters: [0.65244418 0.38873422].
2019-08-01 12:46:57,569 - INFO - Maximum log composite likelihood: -21.4795319495.
2019-08-01 12:46:57,570 - INFO - Optimal value of theta: 65.3651233211.
2019-08-01 12:46:57,570 - INFO - Beginning optimization with guess, [0.47646685 0.13439695].
2019-08-01 12:46:58,726 - INFO - Finished optimization with guess, [0.47646685 0.13439695].
2019-08-01 12:46:58,727 - INFO - Best fit parameters: [0.55553549 0.57209733].
2019-08-01 12:46:58,756 - INFO - Maximum log composite likelihood: -21.4756357594.
2019-08-01 12:46:58,757 - INFO - Optimal value of theta: 77.29138223.
2019-08-01 12:46:58,757 - INFO - Beginning optimization with guess, [0.77033317 0.06130185].
2019-08-01 12:46:59,863 - INFO - Finished optimization with guess, [0.77033317 0.06130185].
2019-08-01 12:46:59,863 - INFO - Best fit parameters: [0.56401129 0.56230993].
2019-08-01 12:46:59,892 - INFO - Maximum log composite likelihood: -21.4757159234.
2019-08-01 12:46:59,893 - INFO - Optimal value of theta: 76.1497869294.
2019-08-01 12:46:59,893 - INFO - Beginning optimization with guess, [0.26473991 0.17026593].
2019-08-01 12:47:01,157 - INFO - Finished optimization with guess, [0.26473991 0.17026593].
2019-08-01 12:47:01,157 - INFO - Best fit parameters: [0.53513204 0.60041057].
2019-08-01 12:47:01,188 - INFO - Maximum log composite likelihood: -21.4755075437.
2019-08-01 12:47:01,188 - INFO - Optimal value of theta: 80.3895497202.
2019-08-01 12:47:01,189 - INFO - Beginning optimization with guess, [0.52097787 0.05739784].
2019-08-01 12:47:02,312 - INFO - Finished optimization with guess, [0.52097787 0.05739784].
2019-08-01 12:47:02,313 - INFO - Best fit parameters: [0.57012273 0.55813147].
2019-08-01 12:47:02,341 - INFO - Maximum log composite likelihood: -21.4758129133.
2019-08-01 12:47:02,342 - INFO - Optimal value of theta: 75.4281715183.
2019-08-01 12:47:02,342 - INFO - Beginning optimization with guess, [0.30494465 0.10230509].
2019-08-01 12:47:03,454 - INFO - Finished optimization with guess, [0.30494465 0.10230509].
2019-08-01 12:47:03,454 - INFO - Best fit parameters: [0.57608157 0.54812656].
2019-08-01 12:47:03,482 - INFO - Maximum log composite likelihood: -21.4758764395.
2019-08-01 12:47:03,483 - INFO - Optimal value of theta: 74.6020556801.
2019-08-01 12:47:03,483 - INFO - Beginning optimization with guess, [0.57574864 0.1422903 ].
2019-08-01 12:47:04,650 - INFO - Finished optimization with guess, [0.57574864 0.1422903 ].
2019-08-01 12:47:04,650 - INFO - Best fit parameters: [0.55631631 0.57478221].
2019-08-01 12:47:04,680 - INFO - Maximum log composite likelihood: -21.475649823.
2019-08-01 12:47:04,680 - INFO - Optimal value of theta: 77.2769232164.
2019-08-01 12:47:04,681 - INFO - Beginning optimization with guess, [0.58935135 0.19498392].
2019-08-01 12:47:05,873 - INFO - Finished optimization with guess, [0.58935135 0.19498392].
2019-08-01 12:47:05,874 - INFO - Best fit parameters: [0.56317508 0.56568365].
2019-08-01 12:47:05,903 - INFO - Maximum log composite likelihood: -21.4757150771.
2019-08-01 12:47:05,904 - INFO - Optimal value of theta: 76.3210587464.
2019-08-01 12:47:05,904 - INFO - Beginning optimization with guess, [0.98419706 0.1281903 ].
2019-08-01 12:47:07,093 - INFO - Finished optimization with guess, [0.98419706 0.1281903 ].
2019-08-01 12:47:07,093 - INFO - Best fit parameters: [0.57280025 0.55546184].
2019-08-01 12:47:07,122 - INFO - Maximum log composite likelihood: -21.4758625174.
2019-08-01 12:47:07,122 - INFO - Optimal value of theta: 75.0983233316.
2019-08-01 12:47:07,123 - INFO - Beginning optimization with guess, [0.87427186 0.14714951].
2019-08-01 12:47:08,323 - INFO - Finished optimization with guess, [0.87427186 0.14714951].
2019-08-01 12:47:08,323 - INFO - Best fit parameters: [0.53839808 0.59362391].
2019-08-01 12:47:08,353 - INFO - Maximum log composite likelihood: -21.4755072426.
2019-08-01 12:47:08,354 - INFO - Optimal value of theta: 79.8084862109.
2019-08-01 12:47:08,355 - INFO - Beginning optimization with guess, [0.25468282 0.06154283].
2019-08-01 12:47:09,339 - INFO - Finished optimization with guess, [0.25468282 0.06154283].
2019-08-01 12:47:09,340 - INFO - Best fit parameters: [0.61513282 0.48643718].
2019-08-01 12:47:09,366 - INFO - Maximum log composite likelihood: -21.476862782.
2019-08-01 12:47:09,366 - INFO - Optimal value of theta: 69.8605818647.
2019-08-01 12:47:09,367 - INFO - Beginning optimization with guess, [0.63905709 0.08622343].
2019-08-01 12:47:10,542 - INFO - Finished optimization with guess, [0.63905709 0.08622343].
2019-08-01 12:47:10,543 - INFO - Best fit parameters: [0.55624791 0.57323441].
2019-08-01 12:47:10,572 - INFO - Maximum log composite likelihood: -21.4756408923.
2019-08-01 12:47:10,573 - INFO - Optimal value of theta: 77.2442613961.
2019-08-01 12:47:10,573 - INFO - Beginning optimization with guess, [0.50983108 0.19143814].
2019-08-01 12:47:11,804 - INFO - Finished optimization with guess, [0.50983108 0.19143814].
2019-08-01 12:47:11,804 - INFO - Best fit parameters: [0.52506205 0.60760955].
2019-08-01 12:47:11,835 - INFO - Maximum log composite likelihood: -21.4754366889.
2019-08-01 12:47:11,836 - INFO - Optimal value of theta: 81.8534512065.
2019-08-01 12:47:11,836 - INFO - Beginning optimization with guess, [0.4673905  0.06509906].
2019-08-01 12:47:13,011 - INFO - Finished optimization with guess, [0.4673905  0.06509906].
2019-08-01 12:47:13,011 - INFO - Best fit parameters: [0.54504488 0.59250459].
2019-08-01 12:47:13,041 - INFO - Maximum log composite likelihood: -21.4756193053.
2019-08-01 12:47:13,041 - INFO - Optimal value of theta: 78.9989833094.
2019-08-01 12:47:13,042 - INFO - Beginning optimization with guess, [0.33410034 0.09360264].
2019-08-01 12:47:14,159 - INFO - Finished optimization with guess, [0.33410034 0.09360264].
2019-08-01 12:47:14,159 - INFO - Best fit parameters: [0.55848179 0.58029236].
2019-08-01 12:47:14,189 - INFO - Maximum log composite likelihood: -21.4758358247.
2019-08-01 12:47:14,189 - INFO - Optimal value of theta: 77.1852901196.
2019-08-01 12:47:14,190 - INFO - Beginning optimization with guess, [0.87034225 0.1007106 ].
2019-08-01 12:47:15,438 - INFO - Finished optimization with guess, [0.87034225 0.1007106 ].
2019-08-01 12:47:15,438 - INFO - Best fit parameters: [0.53811366 0.59286971].
2019-08-01 12:47:15,468 - INFO - Maximum log composite likelihood: -21.4755069508.
2019-08-01 12:47:15,469 - INFO - Optimal value of theta: 79.821533991.
2019-08-01 12:47:15,469 - INFO - Beginning optimization with guess, [0.26149741 0.05945613].
2019-08-01 12:47:16,726 - INFO - Finished optimization with guess, [0.26149741 0.05945613].
2019-08-01 12:47:16,727 - INFO - Best fit parameters: [0.6538361  0.37920985].
2019-08-01 12:47:16,750 - INFO - Maximum log composite likelihood: -21.4798465505.
2019-08-01 12:47:16,751 - INFO - Optimal value of theta: 65.0937580249.
2019-08-01 12:47:16,751 - INFO - Beginning optimization with guess, [0.25158166 0.05795101].
2019-08-01 12:47:17,849 - INFO - Finished optimization with guess, [0.25158166 0.05795101].
2019-08-01 12:47:17,850 - INFO - Best fit parameters: [0.62762361 0.4518829 ].
2019-08-01 12:47:17,875 - INFO - Maximum log composite likelihood: -21.4773680442.
2019-08-01 12:47:17,876 - INFO - Optimal value of theta: 68.2236699371.
2019-08-01 12:47:17,876 - INFO - Beginning optimization with guess, [0.3365105  0.06487393].
2019-08-01 12:47:18,962 - INFO - Finished optimization with guess, [0.3365105  0.06487393].
2019-08-01 12:47:18,962 - INFO - Best fit parameters: [0.58845194 0.53021987].
2019-08-01 12:47:18,990 - INFO - Maximum log composite likelihood: -21.4760900013.
2019-08-01 12:47:18,991 - INFO - Optimal value of theta: 73.0337437832.
2019-08-01 12:47:18,991 - INFO - Beginning optimization with guess, [0.89239725 0.09245561].
2019-08-01 12:47:20,134 - INFO - Finished optimization with guess, [0.89239725 0.09245561].
2019-08-01 12:47:20,135 - INFO - Best fit parameters: [0.55763657 0.57054496].
2019-08-01 12:47:20,164 - INFO - Maximum log composite likelihood: -21.4756525062.
2019-08-01 12:47:20,165 - INFO - Optimal value of theta: 77.0262201843.
2019-08-01 12:47:20,165 - INFO - Beginning optimization with guess, [0.50245647 0.09513312].
2019-08-01 12:47:21,294 - INFO - Finished optimization with guess, [0.50245647 0.09513312].
2019-08-01 12:47:21,294 - INFO - Best fit parameters: [0.56839199 0.55819952].
2019-08-01 12:47:21,323 - INFO - Maximum log composite likelihood: -21.4757707071.
2019-08-01 12:47:21,323 - INFO - Optimal value of theta: 75.6026830779.
2019-08-01 12:47:21,324 - INFO - Beginning optimization with guess, [0.75052538 0.09371257].
2019-08-01 12:47:22,444 - INFO - Finished optimization with guess, [0.75052538 0.09371257].
2019-08-01 12:47:22,444 - INFO - Best fit parameters: [0.57703043 0.55678857].
2019-08-01 12:47:22,473 - INFO - Maximum log composite likelihood: -21.4761122321.
2019-08-01 12:47:22,473 - INFO - Optimal value of theta: 74.7187313335.
2019-08-01 12:47:22,474 - INFO - Beginning optimization with guess, [0.51882939 0.16851236].
2019-08-01 12:47:23,657 - INFO - Finished optimization with guess, [0.51882939 0.16851236].
2019-08-01 12:47:23,658 - INFO - Best fit parameters: [0.5524377  0.57838784].
2019-08-01 12:47:23,688 - INFO - Maximum log composite likelihood: -21.4756093788.
2019-08-01 12:47:23,689 - INFO - Optimal value of theta: 77.7926002419.
2019-08-01 12:47:23,689 - INFO - Beginning optimization with guess, [0.60030401 0.15095462].
2019-08-01 12:47:24,900 - INFO - Finished optimization with guess, [0.60030401 0.15095462].
2019-08-01 12:47:24,901 - INFO - Best fit parameters: [0.52043227 0.61180964].
2019-08-01 12:47:24,932 - INFO - Maximum log composite likelihood: -21.47541626.
2019-08-01 12:47:24,932 - INFO - Optimal value of theta: 82.5790050373.
2019-08-01 12:47:24,933 - INFO - Beginning optimization with guess, [0.65877025 0.07239015].
2019-08-01 12:47:26,142 - INFO - Finished optimization with guess, [0.65877025 0.07239015].
2019-08-01 12:47:26,143 - INFO - Best fit parameters: [0.60013364 0.50330933].
2019-08-01 12:47:26,169 - INFO - Maximum log composite likelihood: -21.476335839.
2019-08-01 12:47:26,170 - INFO - Optimal value of theta: 71.4163888609.
2019-08-01 12:47:26,170 - INFO - Beginning optimization with guess, [0.25871139 0.18159388].
2019-08-01 12:47:27,469 - INFO - Finished optimization with guess, [0.25871139 0.18159388].
2019-08-01 12:47:27,469 - INFO - Best fit parameters: [0.51942569 0.61284911].
2019-08-01 12:47:27,501 - INFO - Maximum log composite likelihood: -21.4754121722.
2019-08-01 12:47:27,501 - INFO - Optimal value of theta: 82.7428760571.
2019-08-01 12:47:27,502 - INFO - Beginning optimization with guess, [0.41818026 0.1424729 ].
2019-08-01 12:47:28,705 - INFO - Finished optimization with guess, [0.41818026 0.1424729 ].
2019-08-01 12:47:28,706 - INFO - Best fit parameters: [0.56140471 0.56729252].
2019-08-01 12:47:28,734 - INFO - Maximum log composite likelihood: -21.4756925771.
2019-08-01 12:47:28,735 - INFO - Optimal value of theta: 76.5457232469.
2019-08-01 12:47:28,736 - INFO - Beginning optimization with guess, [0.8097508  0.06424649].
2019-08-01 12:47:29,938 - INFO - Finished optimization with guess, [0.8097508  0.06424649].
2019-08-01 12:47:29,939 - INFO - Best fit parameters: [0.57121687 0.55736761].
2019-08-01 12:47:29,968 - INFO - Maximum log composite likelihood: -21.4758370475.
2019-08-01 12:47:29,969 - INFO - Optimal value of theta: 75.3008395887.
2019-08-01 12:47:29,969 - INFO - Beginning optimization with guess, [0.5000986  0.09296984].
2019-08-01 12:47:31,178 - INFO - Finished optimization with guess, [0.5000986  0.09296984].
2019-08-01 12:47:31,178 - INFO - Best fit parameters: [0.57270555 0.55224162].
2019-08-01 12:47:31,207 - INFO - Maximum log composite likelihood: -21.4758250353.
2019-08-01 12:47:31,207 - INFO - Optimal value of theta: 75.0289340757.
2019-08-01 12:47:31,208 - INFO - Beginning optimization with guess, [0.95673744 0.16601784].
2019-08-01 12:47:32,413 - INFO - Finished optimization with guess, [0.95673744 0.16601784].
2019-08-01 12:47:32,414 - INFO - Best fit parameters: [0.54686276 0.58484605].
2019-08-01 12:47:32,443 - INFO - Maximum log composite likelihood: -21.4755652429.
2019-08-01 12:47:32,444 - INFO - Optimal value of theta: 78.5862331006.
2019-08-01 12:47:32,444 - INFO - Beginning optimization with guess, [0.27372303 0.10308517].
2019-08-01 12:47:33,681 - INFO - Finished optimization with guess, [0.27372303 0.10308517].
2019-08-01 12:47:33,681 - INFO - Best fit parameters: [0.59010826 0.52971079].
2019-08-01 12:47:33,709 - INFO - Maximum log composite likelihood: -21.4761517334.
2019-08-01 12:47:33,710 - INFO - Optimal value of theta: 72.8748576085.
2019-08-01 12:47:33,710 - INFO - Beginning optimization with guess, [0.74747976 0.17757847].
2019-08-01 12:47:35,006 - INFO - Finished optimization with guess, [0.74747976 0.17757847].
2019-08-01 12:47:35,006 - INFO - Best fit parameters: [0.56559804 0.56463081].
2019-08-01 12:47:35,035 - INFO - Maximum log composite likelihood: -21.4757635435.
2019-08-01 12:47:35,036 - INFO - Optimal value of theta: 76.0455817591.
2019-08-01 12:47:35,036 - INFO - Beginning optimization with guess, [0.43789566 0.1163132 ].
2019-08-01 12:47:36,207 - INFO - Finished optimization with guess, [0.43789566 0.1163132 ].
2019-08-01 12:47:36,208 - INFO - Best fit parameters: [0.54055904 0.59752636].
2019-08-01 12:47:36,238 - INFO - Maximum log composite likelihood: -21.475588959.
2019-08-01 12:47:36,239 - INFO - Optimal value of theta: 79.6586954855.
2019-08-01 12:47:36,239 - INFO - Beginning optimization with guess, [0.92921969 0.06756838].
2019-08-01 12:47:37,350 - INFO - Finished optimization with guess, [0.92921969 0.06756838].
2019-08-01 12:47:37,350 - INFO - Best fit parameters: [0.55634546 0.57220548].
2019-08-01 12:47:37,380 - INFO - Maximum log composite likelihood: -21.4756407271.
2019-08-01 12:47:37,380 - INFO - Optimal value of theta: 77.2071293601.
2019-08-01 12:47:37,381 - INFO - Beginning optimization with guess, [0.47405104 0.09901964].
2019-08-01 12:47:38,517 - INFO - Finished optimization with guess, [0.47405104 0.09901964].
2019-08-01 12:47:38,518 - INFO - Best fit parameters: [0.55264902 0.58273532].
2019-08-01 12:47:38,547 - INFO - Maximum log composite likelihood: -21.4756620067.
2019-08-01 12:47:38,548 - INFO - Optimal value of theta: 77.8829314723.
2019-08-01 12:47:38,548 - INFO - Beginning optimization with guess, [0.6202243  0.05554402].
2019-08-01 12:47:39,847 - INFO - Finished optimization with guess, [0.6202243  0.05554402].
2019-08-01 12:47:39,848 - INFO - Best fit parameters: [0.58095188 0.54349601].
2019-08-01 12:47:39,876 - INFO - Maximum log composite likelihood: -21.4759804392.
2019-08-01 12:47:39,877 - INFO - Optimal value of theta: 74.0301238774.
2019-08-01 12:47:39,877 - INFO - Beginning optimization with guess, [0.32859065 0.06471781].
2019-08-01 12:47:41,054 - INFO - Finished optimization with guess, [0.32859065 0.06471781].
2019-08-01 12:47:41,055 - INFO - Best fit parameters: [0.56722528 0.55986418].
2019-08-01 12:47:41,083 - INFO - Maximum log composite likelihood: -21.4757574227.
2019-08-01 12:47:41,084 - INFO - Optimal value of theta: 75.7614088578.
2019-08-01 12:47:41,085 - INFO - Beginning optimization with guess, [0.36874698 0.05567973].
2019-08-01 12:47:42,238 - INFO - Finished optimization with guess, [0.36874698 0.05567973].
2019-08-01 12:47:42,239 - INFO - Best fit parameters: [0.56098651 0.56283562].
2019-08-01 12:47:42,268 - INFO - Maximum log composite likelihood: -21.4757027066.
2019-08-01 12:47:42,268 - INFO - Optimal value of theta: 76.4755914726.
2019-08-01 12:47:42,269 - INFO - Beginning optimization with guess, [0.81694953 0.07431874].
2019-08-01 12:47:43,368 - INFO - Finished optimization with guess, [0.81694953 0.07431874].
2019-08-01 12:47:43,369 - INFO - Best fit parameters: [0.56239923 0.57719782].
2019-08-01 12:47:43,398 - INFO - Maximum log composite likelihood: -21.4759425887.
2019-08-01 12:47:43,398 - INFO - Optimal value of theta: 76.6911971936.
2019-08-01 12:47:43,399 - INFO - Beginning optimization with guess, [0.53900963 0.09100143].
2019-08-01 12:47:44,647 - INFO - Finished optimization with guess, [0.53900963 0.09100143].
2019-08-01 12:47:44,647 - INFO - Best fit parameters: [0.54582421 0.5876523 ].
2019-08-01 12:47:44,677 - INFO - Maximum log composite likelihood: -21.4755668442.
2019-08-01 12:47:44,678 - INFO - Optimal value of theta: 78.7796285014.
2019-08-01 12:47:44,678 - INFO - Beginning optimization with guess, [0.66418133 0.06378507].
2019-08-01 12:47:45,872 - INFO - Finished optimization with guess, [0.66418133 0.06378507].
2019-08-01 12:47:45,872 - INFO - Best fit parameters: [0.60104928 0.50075561].
2019-08-01 12:47:45,898 - INFO - Maximum log composite likelihood: -21.4763674227.
2019-08-01 12:47:45,899 - INFO - Optimal value of theta: 71.2836371676.
2019-08-01 12:47:45,899 - INFO - Beginning optimization with guess, [0.87738738 0.05616561].
2019-08-01 12:47:46,977 - INFO - Finished optimization with guess, [0.87738738 0.05616561].
2019-08-01 12:47:46,978 - INFO - Best fit parameters: [0.58293148 0.53551293].
2019-08-01 12:47:47,005 - INFO - Maximum log composite likelihood: -21.4759699063.
2019-08-01 12:47:47,006 - INFO - Optimal value of theta: 73.657333919.
2019-08-01 12:47:47,007 - INFO - Beginning optimization with guess, [0.98797494 0.06851185].
2019-08-01 12:47:48,176 - INFO - Finished optimization with guess, [0.98797494 0.06851185].
2019-08-01 12:47:48,177 - INFO - Best fit parameters: [0.57688231 0.54864397].
2019-08-01 12:47:48,205 - INFO - Maximum log composite likelihood: -21.475905755.
2019-08-01 12:47:48,205 - INFO - Optimal value of theta: 74.5378814138.
2019-08-01 12:47:48,206 - INFO - Beginning optimization with guess, [0.96385151 0.05650894].
2019-08-01 12:47:49,237 - INFO - Finished optimization with guess, [0.96385151 0.05650894].
2019-08-01 12:47:49,238 - INFO - Best fit parameters: [0.60253094 0.50166201].
2019-08-01 12:47:49,264 - INFO - Maximum log composite likelihood: -21.4763877225.
2019-08-01 12:47:49,265 - INFO - Optimal value of theta: 71.1834388912.
2019-08-01 12:47:49,265 - INFO - Beginning optimization with guess, [0.31825863 0.10102215].
2019-08-01 12:47:50,342 - INFO - Finished optimization with guess, [0.31825863 0.10102215].
2019-08-01 12:47:50,343 - INFO - Best fit parameters: [0.57607377 0.55199775].
2019-08-01 12:47:50,371 - INFO - Maximum log composite likelihood: -21.475928774.
2019-08-01 12:47:50,372 - INFO - Optimal value of theta: 74.696237633.
2019-08-01 12:47:50,372 - INFO - Beginning optimization with guess, [0.43856758 0.08348994].
2019-08-01 12:47:51,590 - INFO - Finished optimization with guess, [0.43856758 0.08348994].
2019-08-01 12:47:51,590 - INFO - Best fit parameters: [0.55306502 0.57994131].
2019-08-01 12:47:51,620 - INFO - Maximum log composite likelihood: -21.4756319748.
2019-08-01 12:47:51,621 - INFO - Optimal value of theta: 77.7642897238.
2019-08-01 12:47:51,621 - INFO - Beginning optimization with guess, [0.32432426 0.05560412].
2019-08-01 12:47:52,581 - INFO - Finished optimization with guess, [0.32432426 0.05560412].
2019-08-01 12:47:52,582 - INFO - Best fit parameters: [0.66731071 0.3597969 ].
2019-08-01 12:47:52,604 - INFO - Maximum log composite likelihood: -21.4819417178.
2019-08-01 12:47:52,605 - INFO - Optimal value of theta: 63.9850331209.
2019-08-01 12:47:52,605 - INFO - Beginning optimization with guess, [0.58558433 0.16409546].
2019-08-01 12:47:53,785 - INFO - Finished optimization with guess, [0.58558433 0.16409546].
2019-08-01 12:47:53,785 - INFO - Best fit parameters: [0.56472726 0.56433869].
2019-08-01 12:47:53,814 - INFO - Maximum log composite likelihood: -21.4757375211.
2019-08-01 12:47:53,814 - INFO - Optimal value of theta: 76.1273985219.
2019-08-01 12:47:53,815 - INFO - Beginning optimization with guess, [0.61604763 0.06718189].
2019-08-01 12:47:54,984 - INFO - Finished optimization with guess, [0.61604763 0.06718189].
2019-08-01 12:47:54,984 - INFO - Best fit parameters: [0.58048824 0.54461111].
2019-08-01 12:47:55,012 - INFO - Maximum log composite likelihood: -21.4759796997.
2019-08-01 12:47:55,013 - INFO - Optimal value of theta: 74.1000205317.
2019-08-01 12:47:55,014 - INFO - Finished demographic inference.
2019-08-01 12:47:55,014 - INFO - Beginning DFE inference.
2019-08-01 12:49:08,133 - INFO - Beginning optimization with guess, [8.83988116e-02 2.38706516e+02].
2019-08-01 12:49:19,993 - INFO - Finished optomization, results are [-22.29843638121116 array([1.02464398e-01, 5.97138688e+03])].
2019-08-01 12:49:19,995 - INFO - Beginning optimization with guess, [1.37994847e-01 3.06774480e+02].
2019-08-01 12:49:26,156 - INFO - Finished optomization, results are [-22.31142281975172 array([1.03431369e-01, 5.54765219e+03])].
2019-08-01 12:49:26,156 - INFO - Beginning optimization with guess, [7.01430506e-02 1.01843695e+02].
2019-08-01 12:49:32,028 - INFO - Finished optomization, results are [-22.305262395366054 array([1.04003287e-01, 5.50227122e+03])].
2019-08-01 12:49:32,030 - INFO - Beginning optimization with guess, [9.39782048e-02 3.92864327e+02].
2019-08-01 12:49:46,381 - INFO - Finished optomization, results are [-22.303476693799404 array([1.02202529e-01, 5.96890256e+03])].
2019-08-01 12:49:46,383 - INFO - Beginning optimization with guess, [6.74952415e-02 3.17172102e+02].
2019-08-01 12:49:53,270 - INFO - Finished optomization, results are [-22.296058985913987 array([1.02652382e-01, 5.95956261e+03])].
2019-08-01 12:49:53,271 - INFO - Beginning optimization with guess, [6.43971843e-02 1.39318013e+02].
2019-08-01 12:50:06,371 - INFO - Finished optomization, results are [-22.29061065591242 array([1.03131611e-01, 5.93620059e+03])].
2019-08-01 12:50:06,373 - INFO - Beginning optimization with guess, [8.03326046e-02 1.03531031e+02].
2019-08-01 12:50:12,348 - INFO - Finished optomization, results are [-22.29052951179284 array([1.04302261e-01, 5.70598073e+03])].
2019-08-01 12:50:12,348 - INFO - Beginning optimization with guess, [6.30811188e-02 3.90860646e+02].
2019-08-01 12:50:16,490 - INFO - Finished optomization, results are [-22.305970183320895 array([1.03789231e-01, 5.53923014e+03])].
2019-08-01 12:50:16,491 - INFO - Beginning optimization with guess, [  0.16944167 104.30472333].
2019-08-01 12:50:22,566 - INFO - Finished optomization, results are [-22.291935199422685 array([1.03830264e-01, 5.76331516e+03])].
2019-08-01 12:50:22,567 - INFO - Beginning optimization with guess, [7.67591705e-02 1.47278599e+02].
2019-08-01 12:50:28,739 - INFO - Finished optomization, results are [-22.303049610691424 array([1.03514598e-01, 5.64468666e+03])].
2019-08-01 12:50:28,741 - INFO - Beginning optimization with guess, [  0.17879352 178.77073392].
2019-08-01 12:50:42,862 - INFO - Finished optomization, results are [-22.292661365596143 array([1.03171934e-01, 5.89060399e+03])].
2019-08-01 12:50:42,863 - INFO - Beginning optimization with guess, [4.96496621e-02 3.09909260e+02].
2019-08-01 12:50:51,110 - INFO - Finished optomization, results are [-22.314054102655838 array([1.02247190e-01, 5.81948512e+03])].
2019-08-01 12:50:51,110 - INFO - Beginning optimization with guess, [7.07383853e-02 1.38867676e+02].
2019-08-01 12:50:56,609 - INFO - Finished optomization, results are [-22.29801871057665 array([1.03166562e-01, 5.80309092e+03])].
2019-08-01 12:50:56,610 - INFO - Beginning optimization with guess, [1.63748483e-01 2.45167397e+02].
2019-08-01 12:51:04,849 - INFO - Finished optomization, results are [-22.307950793997662 array([1.04126825e-01, 5.43612724e+03])].
2019-08-01 12:51:04,850 - INFO - Beginning optimization with guess, [7.02374894e-02 3.66430606e+02].
2019-08-01 12:51:17,434 - INFO - Finished optomization, results are [-22.313704402072442 array([1.0239865e-01, 5.7824956e+03])].
2019-08-01 12:51:17,435 - INFO - Beginning optimization with guess, [9.26309265e-02 1.05504060e+02].
2019-08-01 12:51:23,555 - INFO - Finished optomization, results are [-22.30146204082204 array([1.03969824e-01, 5.56798469e+03])].
2019-08-01 12:51:23,556 - INFO - Beginning optimization with guess, [8.32735148e-02 1.20871333e+02].
2019-08-01 12:51:28,666 - INFO - Finished optomization, results are [-22.375752263271046 array([1.00489975e-01, 5.74589847e+03])].
2019-08-01 12:51:28,667 - INFO - Beginning optimization with guess, [6.32925451e-02 1.52208173e+02].
2019-08-01 12:51:35,273 - INFO - Finished optomization, results are [-22.29432843934486 array([1.03333371e-01, 5.82520246e+03])].
2019-08-01 12:51:35,275 - INFO - Beginning optimization with guess, [6.21202219e-02 3.28297931e+02].
2019-08-01 12:51:47,283 - INFO - Finished optomization, results are [-22.327542318010195 array([1.01436979e-01, 5.89798568e+03])].
2019-08-01 12:51:47,284 - INFO - Beginning optimization with guess, [8.05090491e-02 1.60138315e+02].
2019-08-01 12:51:51,961 - INFO - Finished optomization, results are [-22.30726795042431 array([1.05079606e-01, 5.25567247e+03])].
2019-08-01 12:51:51,962 - INFO - Beginning optimization with guess, [1.23143456e-01 3.93179897e+02].
2019-08-01 12:51:56,397 - INFO - Finished optomization, results are [-22.315484840955683 array([1.02096584e-01, 5.84387292e+03])].
2019-08-01 12:51:56,399 - INFO - Beginning optimization with guess, [1.45810985e-01 3.35782803e+02].
2019-08-01 12:52:02,039 - INFO - Finished optomization, results are [-22.30035180703119 array([1.02627641e-01, 5.90076193e+03])].
2019-08-01 12:52:02,040 - INFO - Beginning optimization with guess, [5.21762697e-02 1.46134279e+02].
2019-08-01 12:52:16,225 - INFO - Finished optomization, results are [-22.29379044306686 array([1.02778415e-01, 5.96466403e+03])].
2019-08-01 12:52:16,230 - INFO - Beginning optimization with guess, [1.44730963e-01 2.18219066e+02].
2019-08-01 12:52:31,558 - INFO - Finished optomization, results are [-22.29426487032736 array([1.02729629e-01, 5.96891467e+03])].
2019-08-01 12:52:31,560 - INFO - Beginning optimization with guess, [1.34494569e-01 2.29076899e+02].
2019-08-01 12:52:37,537 - INFO - Finished optomization, results are [-22.298780524096337 array([1.04265175e-01, 5.55201069e+03])].
2019-08-01 12:52:37,537 - INFO - Beginning optimization with guess, [5.89539207e-02 1.14754099e+02].
2019-08-01 12:52:43,133 - INFO - Finished optomization, results are [-22.304964401828897 array([1.05738135e-01, 5.18657880e+03])].
2019-08-01 12:52:43,134 - INFO - Beginning optimization with guess, [1.64892899e-01 2.25627489e+02].
2019-08-01 12:52:57,736 - INFO - Finished optomization, results are [-22.296442064435944 array([1.03439875e-01, 5.76557663e+03])].
2019-08-01 12:52:57,737 - INFO - Beginning optimization with guess, [6.78179331e-02 3.26389859e+02].
2019-08-01 12:53:05,540 - INFO - Finished optomization, results are [-22.30380604808368 array([1.02831164e-01, 5.79915841e+03])].
2019-08-01 12:53:05,541 - INFO - Beginning optimization with guess, [4.63821338e-02 1.05173260e+02].
2019-08-01 12:53:11,887 - INFO - Finished optomization, results are [-22.295613035117007 array([1.03870913e-01, 5.68702315e+03])].
2019-08-01 12:53:11,888 - INFO - Beginning optimization with guess, [5.72081969e-02 1.83734866e+02].
2019-08-01 12:53:16,490 - INFO - Finished optomization, results are [-22.318563928190095 array([1.04424503e-01, 5.22949353e+03])].
2019-08-01 12:53:16,490 - INFO - Beginning optimization with guess, [7.91412930e-02 2.13256645e+02].
2019-08-01 12:53:21,940 - INFO - Finished optomization, results are [-22.303042696105784 array([1.03328789e-01, 5.68822427e+03])].
2019-08-01 12:53:21,942 - INFO - Beginning optimization with guess, [1.08640185e-01 1.83547349e+02].
2019-08-01 12:53:34,535 - INFO - Finished optomization, results are [-22.28945196910736 array([1.03101948e-01, 5.96409601e+03])].
2019-08-01 12:53:34,536 - INFO - Beginning optimization with guess, [  0.17066339 135.27337918].
2019-08-01 12:53:41,577 - INFO - Finished optomization, results are [-22.29985194194871 array([1.03982096e-01, 5.59144415e+03])].
2019-08-01 12:53:41,579 - INFO - Beginning optimization with guess, [7.93941301e-02 1.05445036e+02].
2019-08-01 12:53:47,413 - INFO - Finished optomization, results are [-22.319831706722624 array([1.03513281e-01, 5.42338860e+03])].
2019-08-01 12:53:47,413 - INFO - Beginning optimization with guess, [1.6912128e-01 3.8305151e+02].
2019-08-01 12:53:52,671 - INFO - Finished optomization, results are [-22.30145750412256 array([1.02767178e-01, 5.84900733e+03])].
2019-08-01 12:53:52,672 - INFO - Beginning optimization with guess, [1.14410915e-01 1.59237104e+02].
2019-08-01 12:53:58,941 - INFO - Finished optomization, results are [-22.303124999571914 array([1.05177759e-01, 5.30875297e+03])].
2019-08-01 12:53:58,942 - INFO - Beginning optimization with guess, [1.25210632e-01 3.66549760e+02].
2019-08-01 12:54:04,776 - INFO - Finished optomization, results are [-22.335641027236054 array([1.0330950e-01, 5.3019895e+03])].
2019-08-01 12:54:04,778 - INFO - Beginning optimization with guess, [6.95065484e-02 2.45189312e+02].
2019-08-01 12:54:13,219 - INFO - Finished optomization, results are [-22.3149507791318 array([1.04657718e-01, 5.22652483e+03])].
2019-08-01 12:54:13,220 - INFO - Beginning optimization with guess, [  0.15602547 118.8922997 ].
2019-08-01 12:54:19,681 - INFO - Finished optomization, results are [-22.29766143214961 array([1.04986493e-01, 5.44446005e+03])].
2019-08-01 12:54:19,683 - INFO - Beginning optimization with guess, [  0.17561153 127.61714256].
2019-08-01 12:54:24,893 - INFO - Finished optomization, results are [-22.29666612744154 array([1.03405465e-01, 5.76961566e+03])].
2019-08-01 12:54:24,893 - INFO - Beginning optimization with guess, [1.11074720e-01 3.53359142e+02].
2019-08-01 12:54:30,152 - INFO - Finished optomization, results are [-22.328297994478113 array([1.03338693e-01, 5.37090324e+03])].
2019-08-01 12:54:30,153 - INFO - Beginning optimization with guess, [1.44796174e-01 1.59838680e+02].
2019-08-01 12:54:43,853 - INFO - Finished optomization, results are [-22.28355111190217 array([1.03850652e-01, 5.94361130e+03])].
2019-08-01 12:54:43,853 - INFO - Beginning optimization with guess, [1.40196077e-01 1.61025534e+02].
2019-08-01 12:54:57,276 - INFO - Finished optomization, results are [-22.284706804527083 array([1.04014931e-01, 5.88905534e+03])].
2019-08-01 12:54:57,278 - INFO - Beginning optimization with guess, [1.22363856e-01 1.95081689e+02].
2019-08-01 12:55:02,870 - INFO - Finished optomization, results are [-22.316743153969 array([1.04500130e-01, 5.23625879e+03])].
2019-08-01 12:55:02,871 - INFO - Beginning optimization with guess, [  0.16195154 152.8341104 ].
2019-08-01 12:55:09,140 - INFO - Finished optomization, results are [-22.2958635495332 array([1.04081450e-01, 5.64010549e+03])].
2019-08-01 12:55:09,142 - INFO - Beginning optimization with guess, [4.54686555e-02 3.88065881e+02].
2019-08-01 12:55:24,527 - INFO - Finished optomization, results are [-22.31256735851217 array([1.02143947e-01, 5.86627348e+03])].
2019-08-01 12:55:24,528 - INFO - Beginning optimization with guess, [1.53776535e-01 1.77499250e+02].
2019-08-01 12:55:35,529 - INFO - Finished optomization, results are [-22.287563106796604 array([1.03636330e-01, 5.88927208e+03])].
2019-08-01 12:55:35,531 - INFO - Beginning optimization with guess, [8.34491870e-02 3.07697347e+02].
2019-08-01 12:55:49,810 - INFO - Finished optomization, results are [-22.333946163091532 array([1.01571932e-01, 5.79108539e+03])].
2019-08-01 12:55:49,811 - INFO - Beginning optimization with guess, [1.37401816e-01 1.37702219e+02].
2019-08-01 12:56:02,782 - INFO - Finished optomization, results are [-22.287424569717317 array([1.03690927e-01, 5.88177710e+03])].
2019-08-01 12:56:02,783 - INFO - Beginning optimization with guess, [1.65004605e-01 3.37063928e+02].
2019-08-01 12:56:15,698 - INFO - Finished optomization, results are [-22.294643958224988 array([1.02736045e-01, 5.96118227e+03])].
2019-08-01 12:56:15,699 - INFO - Finished DFE inference.
2019-08-01 12:56:15,699 - INFO - Integrating expected site-frequency spectrum.
2019-08-01 12:56:15,746 - INFO - Outputing results.
2019-08-01 12:56:15,753 - INFO - Pipeline executed succesfully.
