2019-08-01 09:08:53,124 - INFO - Beginning execution of fitdadi_infer_DFE.py in directory /u/home/j/jonmah/lohmueller_lab/Scripts

2019-08-01 09:08:53,124 - INFO - Progress is being logged to ../Data/AW_array_2000/seed_80_fitdadi_output/log.log

2019-08-01 09:08:53,124 - INFO - Parsed the following arguments:
	breed = AW
	outprefix = ../Data/AW_array_2000/seed_80_fitdadi_output/
	nonsyn_input_sfs = ../Data/AW_array_2000/seed_80_easySFS_output_nonsyn/dadi/pop1.sfs
	syn_input_sfs = ../Data/AW_array_2000/seed_80_easySFS_output_syn/dadi/pop1.sfs

2019-08-01 09:08:53,128 - INFO - Beginning optimization with guess, [0.51957727 0.14526797].
2019-08-01 09:08:54,378 - INFO - Finished optimization with guess, [0.51957727 0.14526797].
2019-08-01 09:08:54,378 - INFO - Best fit parameters: [0.82023889 0.0612989 ].
2019-08-01 09:08:54,386 - INFO - Maximum log composite likelihood: -25.2819624335.
2019-08-01 09:08:54,386 - INFO - Optimal value of theta: 55.377877978.
2019-08-01 09:08:54,386 - INFO - Beginning optimization with guess, [0.31015303 0.13242267].
2019-08-01 09:08:54,651 - INFO - Finished optimization with guess, [0.31015303 0.13242267].
2019-08-01 09:08:54,651 - INFO - Best fit parameters: [0.82111717 0.06158566].
2019-08-01 09:08:54,658 - INFO - Maximum log composite likelihood: -25.2819611369.
2019-08-01 09:08:54,659 - INFO - Optimal value of theta: 55.3749969127.
2019-08-01 09:08:54,659 - INFO - Beginning optimization with guess, [0.27214455 0.18183446].
2019-08-01 09:08:55,889 - INFO - Finished optimization with guess, [0.27214455 0.18183446].
2019-08-01 09:08:55,889 - INFO - Best fit parameters: [0.82327372 0.06323602].
2019-08-01 09:08:55,896 - INFO - Maximum log composite likelihood: -25.2819627538.
2019-08-01 09:08:55,897 - INFO - Optimal value of theta: 55.3854019394.
2019-08-01 09:08:55,897 - INFO - Beginning optimization with guess, [0.53362158 0.10081478].
2019-08-01 09:08:56,483 - INFO - Finished optimization with guess, [0.53362158 0.10081478].
2019-08-01 09:08:56,484 - INFO - Best fit parameters: [0.82288163 0.06320479].
2019-08-01 09:08:56,491 - INFO - Maximum log composite likelihood: -25.2819637225.
2019-08-01 09:08:56,491 - INFO - Optimal value of theta: 55.3886159412.
2019-08-01 09:08:56,492 - INFO - Beginning optimization with guess, [0.81465835 0.05928373].
2019-08-01 09:08:57,181 - INFO - Finished optimization with guess, [0.81465835 0.05928373].
2019-08-01 09:08:57,181 - INFO - Best fit parameters: [0.82025146 0.06131013].
2019-08-01 09:08:57,188 - INFO - Maximum log composite likelihood: -25.2819623903.
2019-08-01 09:08:57,189 - INFO - Optimal value of theta: 55.3779734894.
2019-08-01 09:08:57,189 - INFO - Beginning optimization with guess, [0.7031926  0.12566681].
2019-08-01 09:08:57,518 - INFO - Finished optimization with guess, [0.7031926  0.12566681].
2019-08-01 09:08:57,518 - INFO - Best fit parameters: [0.82289155 0.0631715 ].
2019-08-01 09:08:57,525 - INFO - Maximum log composite likelihood: -25.2819635947.
2019-08-01 09:08:57,526 - INFO - Optimal value of theta: 55.3878938175.
2019-08-01 09:08:57,526 - INFO - Beginning optimization with guess, [0.56287731 0.0816903 ].
2019-08-01 09:08:57,721 - INFO - Finished optimization with guess, [0.56287731 0.0816903 ].
2019-08-01 09:08:57,721 - INFO - Best fit parameters: [0.82223552 0.06274338].
2019-08-01 09:08:57,728 - INFO - Maximum log composite likelihood: -25.2819665158.
2019-08-01 09:08:57,729 - INFO - Optimal value of theta: 55.3861523704.
2019-08-01 09:08:57,729 - INFO - Beginning optimization with guess, [0.54378415 0.1348053 ].
2019-08-01 09:08:58,362 - INFO - Finished optimization with guess, [0.54378415 0.1348053 ].
2019-08-01 09:08:58,362 - INFO - Best fit parameters: [0.82067163 0.06153019].
2019-08-01 09:08:58,369 - INFO - Maximum log composite likelihood: -25.281961598.
2019-08-01 09:08:58,370 - INFO - Optimal value of theta: 55.3781813334.
2019-08-01 09:08:58,370 - INFO - Beginning optimization with guess, [0.79299167 0.0646944 ].
2019-08-01 09:08:58,586 - INFO - Finished optimization with guess, [0.79299167 0.0646944 ].
2019-08-01 09:08:58,587 - INFO - Best fit parameters: [0.82407117 0.06410682].
2019-08-01 09:08:58,594 - INFO - Maximum log composite likelihood: -25.2819702282.
2019-08-01 09:08:58,594 - INFO - Optimal value of theta: 55.3938491918.
2019-08-01 09:08:58,594 - INFO - Beginning optimization with guess, [0.40312042 0.06930656].
2019-08-01 09:08:59,459 - INFO - Finished optimization with guess, [0.40312042 0.06930656].
2019-08-01 09:08:59,460 - INFO - Best fit parameters: [0.82351526 0.0632128 ].
2019-08-01 09:08:59,467 - INFO - Maximum log composite likelihood: -25.2819626169.
2019-08-01 09:08:59,468 - INFO - Optimal value of theta: 55.3826272446.
2019-08-01 09:08:59,468 - INFO - Beginning optimization with guess, [0.60910354 0.09032479].
2019-08-01 09:09:00,147 - INFO - Finished optimization with guess, [0.60910354 0.09032479].
2019-08-01 09:09:00,147 - INFO - Best fit parameters: [0.8207895  0.06155666].
2019-08-01 09:09:00,155 - INFO - Maximum log composite likelihood: -25.2819614264.
2019-08-01 09:09:00,155 - INFO - Optimal value of theta: 55.3775634896.
2019-08-01 09:09:00,155 - INFO - Beginning optimization with guess, [0.80727637 0.08537385].
2019-08-01 09:09:00,397 - INFO - Finished optimization with guess, [0.80727637 0.08537385].
2019-08-01 09:09:00,397 - INFO - Best fit parameters: [0.82023542 0.0613012 ].
2019-08-01 09:09:00,405 - INFO - Maximum log composite likelihood: -25.2819624393.
2019-08-01 09:09:00,405 - INFO - Optimal value of theta: 55.3779549291.
2019-08-01 09:09:00,405 - INFO - Beginning optimization with guess, [0.46668046 0.18497809].
2019-08-01 09:09:00,979 - INFO - Finished optimization with guess, [0.46668046 0.18497809].
2019-08-01 09:09:00,980 - INFO - Best fit parameters: [0.82299376 0.0632169 ].
2019-08-01 09:09:00,987 - INFO - Maximum log composite likelihood: -25.2819633789.
2019-08-01 09:09:00,987 - INFO - Optimal value of theta: 55.3877563873.
2019-08-01 09:09:00,988 - INFO - Beginning optimization with guess, [0.9143704  0.08715455].
2019-08-01 09:09:01,858 - INFO - Finished optimization with guess, [0.9143704  0.08715455].
2019-08-01 09:09:01,858 - INFO - Best fit parameters: [0.82041108 0.06138734].
2019-08-01 09:09:01,865 - INFO - Maximum log composite likelihood: -25.2819619789.
2019-08-01 09:09:01,866 - INFO - Optimal value of theta: 55.3779335388.
2019-08-01 09:09:01,866 - INFO - Beginning optimization with guess, [0.35103421 0.05342693].
2019-08-01 09:09:02,342 - INFO - Finished optimization with guess, [0.35103421 0.05342693].
2019-08-01 09:09:02,342 - INFO - Best fit parameters: [0.82066258 0.06156547].
2019-08-01 09:09:02,349 - INFO - Maximum log composite likelihood: -25.2819617456.
2019-08-01 09:09:02,350 - INFO - Optimal value of theta: 55.3789392607.
2019-08-01 09:09:02,350 - INFO - Beginning optimization with guess, [0.27126139 0.13913436].
2019-08-01 09:09:03,209 - INFO - Finished optimization with guess, [0.27126139 0.13913436].
2019-08-01 09:09:03,210 - INFO - Best fit parameters: [0.82338032 0.06316403].
2019-08-01 09:09:03,217 - INFO - Maximum log composite likelihood: -25.2819627685.
2019-08-01 09:09:03,218 - INFO - Optimal value of theta: 55.3830197493.
2019-08-01 09:09:03,218 - INFO - Beginning optimization with guess, [0.36000187 0.0587505 ].
2019-08-01 09:09:03,714 - INFO - Finished optimization with guess, [0.36000187 0.0587505 ].
2019-08-01 09:09:03,715 - INFO - Best fit parameters: [0.82031137 0.0613619 ].
2019-08-01 09:09:03,722 - INFO - Maximum log composite likelihood: -25.2819622206.
2019-08-01 09:09:03,722 - INFO - Optimal value of theta: 55.3783949611.
2019-08-01 09:09:03,723 - INFO - Beginning optimization with guess, [0.29397347 0.13809811].
2019-08-01 09:09:04,750 - INFO - Finished optimization with guess, [0.29397347 0.13809811].
2019-08-01 09:09:04,750 - INFO - Best fit parameters: [0.82100008 0.06160908].
2019-08-01 09:09:04,757 - INFO - Maximum log composite likelihood: -25.2819612412.
2019-08-01 09:09:04,758 - INFO - Optimal value of theta: 55.3765557412.
2019-08-01 09:09:04,758 - INFO - Beginning optimization with guess, [0.25460278 0.08459539].
2019-08-01 09:09:05,211 - INFO - Finished optimization with guess, [0.25460278 0.08459539].
2019-08-01 09:09:05,212 - INFO - Best fit parameters: [0.82281312 0.06305688].
2019-08-01 09:09:05,220 - INFO - Maximum log composite likelihood: -25.281963769.
2019-08-01 09:09:05,220 - INFO - Optimal value of theta: 55.3864958862.
2019-08-01 09:09:05,220 - INFO - Beginning optimization with guess, [0.39531967 0.12125186].
2019-08-01 09:09:06,308 - INFO - Finished optimization with guess, [0.39531967 0.12125186].
2019-08-01 09:09:06,308 - INFO - Best fit parameters: [0.82056831 0.06134572].
2019-08-01 09:09:06,316 - INFO - Maximum log composite likelihood: -25.2819617789.
2019-08-01 09:09:06,316 - INFO - Optimal value of theta: 55.375644676.
2019-08-01 09:09:06,316 - INFO - Beginning optimization with guess, [0.26572841 0.09100463].
2019-08-01 09:09:07,008 - INFO - Finished optimization with guess, [0.26572841 0.09100463].
2019-08-01 09:09:07,008 - INFO - Best fit parameters: [0.82081252 0.06158696].
2019-08-01 09:09:07,015 - INFO - Maximum log composite likelihood: -25.2819614732.
2019-08-01 09:09:07,016 - INFO - Optimal value of theta: 55.3779208553.
2019-08-01 09:09:07,016 - INFO - Beginning optimization with guess, [0.57108063 0.14367148].
2019-08-01 09:09:07,545 - INFO - Finished optimization with guess, [0.57108063 0.14367148].
2019-08-01 09:09:07,545 - INFO - Best fit parameters: [0.8204776  0.06149737].
2019-08-01 09:09:07,552 - INFO - Maximum log composite likelihood: -25.2819620138.
2019-08-01 09:09:07,553 - INFO - Optimal value of theta: 55.3794021096.
2019-08-01 09:09:07,553 - INFO - Beginning optimization with guess, [0.60929235 0.0562446 ].
2019-08-01 09:09:08,092 - INFO - Finished optimization with guess, [0.60929235 0.0562446 ].
2019-08-01 09:09:08,092 - INFO - Best fit parameters: [0.82061114 0.06155315].
2019-08-01 09:09:08,100 - INFO - Maximum log composite likelihood: -25.2819618368.
2019-08-01 09:09:08,100 - INFO - Optimal value of theta: 55.3791945048.
2019-08-01 09:09:08,100 - INFO - Beginning optimization with guess, [0.81854702 0.13560157].
2019-08-01 09:09:08,367 - INFO - Finished optimization with guess, [0.81854702 0.13560157].
2019-08-01 09:09:08,367 - INFO - Best fit parameters: [0.82280772 0.0630571 ].
2019-08-01 09:09:08,374 - INFO - Maximum log composite likelihood: -25.2819637825.
2019-08-01 09:09:08,375 - INFO - Optimal value of theta: 55.3865524507.
2019-08-01 09:09:08,375 - INFO - Beginning optimization with guess, [0.26881155 0.1608664 ].
2019-08-01 09:09:08,783 - INFO - Finished optimization with guess, [0.26881155 0.1608664 ].
2019-08-01 09:09:08,784 - INFO - Best fit parameters: [0.82046324 0.06149688].
2019-08-01 09:09:08,791 - INFO - Maximum log composite likelihood: -25.2819620572.
2019-08-01 09:09:08,791 - INFO - Optimal value of theta: 55.3795293664.
2019-08-01 09:09:08,792 - INFO - Beginning optimization with guess, [0.97064104 0.07417721].
2019-08-01 09:09:09,272 - INFO - Finished optimization with guess, [0.97064104 0.07417721].
2019-08-01 09:09:09,272 - INFO - Best fit parameters: [0.82035504 0.06133525].
2019-08-01 09:09:09,279 - INFO - Maximum log composite likelihood: -25.2819621263.
2019-08-01 09:09:09,280 - INFO - Optimal value of theta: 55.377470209.
2019-08-01 09:09:09,280 - INFO - Beginning optimization with guess, [0.33161731 0.12209283].
2019-08-01 09:09:09,875 - INFO - Finished optimization with guess, [0.33161731 0.12209283].
2019-08-01 09:09:09,875 - INFO - Best fit parameters: [0.82288801 0.06317124].
2019-08-01 09:09:09,882 - INFO - Maximum log composite likelihood: -25.2819636057.
2019-08-01 09:09:09,883 - INFO - Optimal value of theta: 55.3879231751.
2019-08-01 09:09:09,883 - INFO - Beginning optimization with guess, [0.52466177 0.13916669].
2019-08-01 09:09:10,498 - INFO - Finished optimization with guess, [0.52466177 0.13916669].
2019-08-01 09:09:10,498 - INFO - Best fit parameters: [0.82312717 0.06332429].
2019-08-01 09:09:10,505 - INFO - Maximum log composite likelihood: -25.2819633678.
2019-08-01 09:09:10,506 - INFO - Optimal value of theta: 55.3884779319.
2019-08-01 09:09:10,506 - INFO - Beginning optimization with guess, [0.87087133 0.05442022].
2019-08-01 09:09:10,873 - INFO - Finished optimization with guess, [0.87087133 0.05442022].
2019-08-01 09:09:10,873 - INFO - Best fit parameters: [0.8202316  0.06129893].
2019-08-01 09:09:10,880 - INFO - Maximum log composite likelihood: -25.2819624514.
2019-08-01 09:09:10,881 - INFO - Optimal value of theta: 55.377947823.
2019-08-01 09:09:10,881 - INFO - Beginning optimization with guess, [0.34735456 0.08058156].
2019-08-01 09:09:11,358 - INFO - Finished optimization with guess, [0.34735456 0.08058156].
2019-08-01 09:09:11,358 - INFO - Best fit parameters: [0.82034895 0.06132959].
2019-08-01 09:09:11,365 - INFO - Maximum log composite likelihood: -25.2819621459.
2019-08-01 09:09:11,365 - INFO - Optimal value of theta: 55.3774198687.
2019-08-01 09:09:11,366 - INFO - Beginning optimization with guess, [0.405079   0.06382819].
2019-08-01 09:09:11,905 - INFO - Finished optimization with guess, [0.405079   0.06382819].
2019-08-01 09:09:11,905 - INFO - Best fit parameters: [0.82035172 0.06139462].
2019-08-01 09:09:11,913 - INFO - Maximum log composite likelihood: -25.2819621356.
2019-08-01 09:09:11,913 - INFO - Optimal value of theta: 55.3786371072.
2019-08-01 09:09:11,913 - INFO - Beginning optimization with guess, [0.34987593 0.13611691].
2019-08-01 09:09:12,222 - INFO - Finished optimization with guess, [0.34987593 0.13611691].
2019-08-01 09:09:12,222 - INFO - Best fit parameters: [0.82022918 0.06129794].
2019-08-01 09:09:12,229 - INFO - Maximum log composite likelihood: -25.2819624586.
2019-08-01 09:09:12,230 - INFO - Optimal value of theta: 55.3779518075.
2019-08-01 09:09:12,230 - INFO - Beginning optimization with guess, [0.3802276  0.15937211].
2019-08-01 09:09:12,544 - INFO - Finished optimization with guess, [0.3802276  0.15937211].
2019-08-01 09:09:12,544 - INFO - Best fit parameters: [0.82284032 0.06314104].
2019-08-01 09:09:12,551 - INFO - Maximum log composite likelihood: -25.2819637052.
2019-08-01 09:09:12,552 - INFO - Optimal value of theta: 55.3878171816.
2019-08-01 09:09:12,552 - INFO - Beginning optimization with guess, [0.59150922 0.06474894].
2019-08-01 09:09:13,070 - INFO - Finished optimization with guess, [0.59150922 0.06474894].
2019-08-01 09:09:13,070 - INFO - Best fit parameters: [0.82029625 0.06132247].
2019-08-01 09:09:13,078 - INFO - Maximum log composite likelihood: -25.2819622706.
2019-08-01 09:09:13,078 - INFO - Optimal value of theta: 55.3777843383.
2019-08-01 09:09:13,078 - INFO - Beginning optimization with guess, [0.39665576 0.08865435].
2019-08-01 09:09:13,772 - INFO - Finished optimization with guess, [0.39665576 0.08865435].
2019-08-01 09:09:13,773 - INFO - Best fit parameters: [0.82024515 0.06130027].
2019-08-01 09:09:13,780 - INFO - Maximum log composite likelihood: -25.2819624167.
2019-08-01 09:09:13,780 - INFO - Optimal value of theta: 55.3778448148.
2019-08-01 09:09:13,780 - INFO - Beginning optimization with guess, [0.36065311 0.0511534 ].
2019-08-01 09:09:14,124 - INFO - Finished optimization with guess, [0.36065311 0.0511534 ].
2019-08-01 09:09:14,125 - INFO - Best fit parameters: [0.8205642  0.06151822].
2019-08-01 09:09:14,132 - INFO - Maximum log composite likelihood: -25.2819618329.
2019-08-01 09:09:14,132 - INFO - Optimal value of theta: 55.37897548.
2019-08-01 09:09:14,133 - INFO - Beginning optimization with guess, [0.36255443 0.18852967].
2019-08-01 09:09:14,844 - INFO - Finished optimization with guess, [0.36255443 0.18852967].
2019-08-01 09:09:14,844 - INFO - Best fit parameters: [0.82350751 0.06316682].
2019-08-01 09:09:14,852 - INFO - Maximum log composite likelihood: -25.2819627885.
2019-08-01 09:09:14,852 - INFO - Optimal value of theta: 55.3818410644.
2019-08-01 09:09:14,852 - INFO - Beginning optimization with guess, [0.82414332 0.086552  ].
2019-08-01 09:09:15,361 - INFO - Finished optimization with guess, [0.82414332 0.086552  ].
2019-08-01 09:09:15,364 - INFO - Best fit parameters: [0.82281295 0.06308471].
2019-08-01 09:09:15,371 - INFO - Maximum log composite likelihood: -25.2819637497.
2019-08-01 09:09:15,372 - INFO - Optimal value of theta: 55.3870216555.
2019-08-01 09:09:15,372 - INFO - Beginning optimization with guess, [0.59361082 0.12660039].
2019-08-01 09:09:15,864 - INFO - Finished optimization with guess, [0.59361082 0.12660039].
2019-08-01 09:09:15,864 - INFO - Best fit parameters: [0.82029002 0.06128098].
2019-08-01 09:09:15,871 - INFO - Maximum log composite likelihood: -25.2819623553.
2019-08-01 09:09:15,872 - INFO - Optimal value of theta: 55.3770491913.
2019-08-01 09:09:15,872 - INFO - Beginning optimization with guess, [0.9888182  0.19963368].
2019-08-01 09:09:16,809 - INFO - Finished optimization with guess, [0.9888182  0.19963368].
2019-08-01 09:09:16,810 - INFO - Best fit parameters: [0.82026685 0.06131242].
2019-08-01 09:09:16,817 - INFO - Maximum log composite likelihood: -25.2819623504.
2019-08-01 09:09:16,817 - INFO - Optimal value of theta: 55.3778712376.
2019-08-01 09:09:16,817 - INFO - Beginning optimization with guess, [0.33121271 0.08749053].
2019-08-01 09:09:17,310 - INFO - Finished optimization with guess, [0.33121271 0.08749053].
2019-08-01 09:09:17,310 - INFO - Best fit parameters: [0.82290275 0.0630933 ].
2019-08-01 09:09:17,317 - INFO - Maximum log composite likelihood: -25.2819635125.
2019-08-01 09:09:17,318 - INFO - Optimal value of theta: 55.386314106.
2019-08-01 09:09:17,318 - INFO - Beginning optimization with guess, [0.31159656 0.07413305].
2019-08-01 09:09:17,876 - INFO - Finished optimization with guess, [0.31159656 0.07413305].
2019-08-01 09:09:17,876 - INFO - Best fit parameters: [0.82292261 0.06318519].
2019-08-01 09:09:17,884 - INFO - Maximum log composite likelihood: -25.2819635245.
2019-08-01 09:09:17,884 - INFO - Optimal value of theta: 55.3878502357.
2019-08-01 09:09:17,884 - INFO - Beginning optimization with guess, [0.88514024 0.06208148].
2019-08-01 09:09:18,379 - INFO - Finished optimization with guess, [0.88514024 0.06208148].
2019-08-01 09:09:18,379 - INFO - Best fit parameters: [0.82101617 0.06145451].
2019-08-01 09:09:18,386 - INFO - Maximum log composite likelihood: -25.2819613436.
2019-08-01 09:09:18,386 - INFO - Optimal value of theta: 55.3734645758.
2019-08-01 09:09:18,386 - INFO - Beginning optimization with guess, [0.52913802 0.0749559 ].
2019-08-01 09:09:18,773 - INFO - Finished optimization with guess, [0.52913802 0.0749559 ].
2019-08-01 09:09:18,773 - INFO - Best fit parameters: [0.82108832 0.06157284].
2019-08-01 09:09:18,780 - INFO - Maximum log composite likelihood: -25.2819611411.
2019-08-01 09:09:18,781 - INFO - Optimal value of theta: 55.3750277419.
2019-08-01 09:09:18,781 - INFO - Beginning optimization with guess, [0.48106288 0.08782946].
2019-08-01 09:09:19,364 - INFO - Finished optimization with guess, [0.48106288 0.08782946].
2019-08-01 09:09:19,364 - INFO - Best fit parameters: [0.82102812 0.06150129].
2019-08-01 09:09:19,371 - INFO - Maximum log composite likelihood: -25.2819612147.
2019-08-01 09:09:19,371 - INFO - Optimal value of theta: 55.3742406684.
2019-08-01 09:09:19,371 - INFO - Beginning optimization with guess, [0.33563444 0.09119635].
2019-08-01 09:09:19,739 - INFO - Finished optimization with guess, [0.33563444 0.09119635].
2019-08-01 09:09:19,739 - INFO - Best fit parameters: [0.8228078  0.06305707].
2019-08-01 09:09:19,746 - INFO - Maximum log composite likelihood: -25.2819637823.
2019-08-01 09:09:19,746 - INFO - Optimal value of theta: 55.3865509892.
2019-08-01 09:09:19,747 - INFO - Beginning optimization with guess, [0.46327302 0.12693239].
2019-08-01 09:09:20,075 - INFO - Finished optimization with guess, [0.46327302 0.12693239].
2019-08-01 09:09:20,075 - INFO - Best fit parameters: [0.82022939 0.06129792].
2019-08-01 09:09:20,082 - INFO - Maximum log composite likelihood: -25.281962458.
2019-08-01 09:09:20,083 - INFO - Optimal value of theta: 55.3779494473.
2019-08-01 09:09:20,083 - INFO - Beginning optimization with guess, [0.36936001 0.14835913].
2019-08-01 09:09:20,648 - INFO - Finished optimization with guess, [0.36936001 0.14835913].
2019-08-01 09:09:20,648 - INFO - Best fit parameters: [0.82063644 0.06152789].
2019-08-01 09:09:20,655 - INFO - Maximum log composite likelihood: -25.2819616747.
2019-08-01 09:09:20,656 - INFO - Optimal value of theta: 55.3784722529.
2019-08-01 09:09:20,656 - INFO - Beginning optimization with guess, [0.2690437 0.1894509].
2019-08-01 09:09:21,371 - INFO - Finished optimization with guess, [0.2690437 0.1894509].
2019-08-01 09:09:21,371 - INFO - Best fit parameters: [0.8230431  0.06307165].
2019-08-01 09:09:21,378 - INFO - Maximum log composite likelihood: -25.2819633023.
2019-08-01 09:09:21,379 - INFO - Optimal value of theta: 55.384548327.
2019-08-01 09:09:21,379 - INFO - Beginning optimization with guess, [0.26500958 0.09270722].
2019-08-01 09:09:21,723 - INFO - Finished optimization with guess, [0.26500958 0.09270722].
2019-08-01 09:09:21,723 - INFO - Best fit parameters: [0.82028834 0.06125413].
2019-08-01 09:09:21,730 - INFO - Maximum log composite likelihood: -25.2819624381.
2019-08-01 09:09:21,730 - INFO - Optimal value of theta: 55.3765509867.
2019-08-01 09:09:21,730 - INFO - Beginning optimization with guess, [0.41803109 0.14543655].
2019-08-01 09:09:22,873 - INFO - Finished optimization with guess, [0.41803109 0.14543655].
2019-08-01 09:09:22,874 - INFO - Best fit parameters: [0.82023662 0.06129994].
2019-08-01 09:09:22,880 - INFO - Maximum log composite likelihood: -25.2819624378.
2019-08-01 09:09:22,880 - INFO - Optimal value of theta: 55.3779192705.
2019-08-01 09:09:22,881 - INFO - Beginning optimization with guess, [0.26650962 0.18656606].
2019-08-01 09:09:23,337 - INFO - Finished optimization with guess, [0.26650962 0.18656606].
2019-08-01 09:09:23,337 - INFO - Best fit parameters: [0.82280909 0.06305698].
2019-08-01 09:09:23,345 - INFO - Maximum log composite likelihood: -25.2819637791.
2019-08-01 09:09:23,345 - INFO - Optimal value of theta: 55.3865368259.
2019-08-01 09:09:23,345 - INFO - Beginning optimization with guess, [0.6262197  0.14358386].
2019-08-01 09:09:23,675 - INFO - Finished optimization with guess, [0.6262197  0.14358386].
2019-08-01 09:09:23,675 - INFO - Best fit parameters: [0.82361268 0.06336617].
2019-08-01 09:09:23,682 - INFO - Maximum log composite likelihood: -25.2819624747.
2019-08-01 09:09:23,682 - INFO - Optimal value of theta: 55.3845514953.
2019-08-01 09:09:23,683 - INFO - Beginning optimization with guess, [0.33100692 0.06555417].
2019-08-01 09:09:24,413 - INFO - Finished optimization with guess, [0.33100692 0.06555417].
2019-08-01 09:09:24,413 - INFO - Best fit parameters: [0.82070461 0.06155409].
2019-08-01 09:09:24,420 - INFO - Maximum log composite likelihood: -25.2819615962.
2019-08-01 09:09:24,421 - INFO - Optimal value of theta: 55.3783225645.
2019-08-01 09:09:24,421 - INFO - Beginning optimization with guess, [0.76566828 0.10163632].
2019-08-01 09:09:24,875 - INFO - Finished optimization with guess, [0.76566828 0.10163632].
2019-08-01 09:09:24,875 - INFO - Best fit parameters: [0.82033    0.06132903].
2019-08-01 09:09:24,882 - INFO - Maximum log composite likelihood: -25.2819621872.
2019-08-01 09:09:24,883 - INFO - Optimal value of theta: 55.3775892724.
2019-08-01 09:09:24,883 - INFO - Beginning optimization with guess, [0.28951693 0.09406483].
2019-08-01 09:09:25,506 - INFO - Finished optimization with guess, [0.28951693 0.09406483].
2019-08-01 09:09:25,506 - INFO - Best fit parameters: [0.82048298 0.06131296].
2019-08-01 09:09:25,513 - INFO - Maximum log composite likelihood: -25.2819619697.
2019-08-01 09:09:25,513 - INFO - Optimal value of theta: 55.3758290366.
2019-08-01 09:09:25,513 - INFO - Beginning optimization with guess, [0.46277849 0.07695618].
2019-08-01 09:09:25,900 - INFO - Finished optimization with guess, [0.46277849 0.07695618].
2019-08-01 09:09:25,900 - INFO - Best fit parameters: [0.82097434 0.06142682].
2019-08-01 09:09:25,907 - INFO - Maximum log composite likelihood: -25.281961427.
2019-08-01 09:09:25,907 - INFO - Optimal value of theta: 55.3733349451.
2019-08-01 09:09:25,908 - INFO - Beginning optimization with guess, [0.92780508 0.10179598].
2019-08-01 09:09:26,963 - INFO - Finished optimization with guess, [0.92780508 0.10179598].
2019-08-01 09:09:26,963 - INFO - Best fit parameters: [0.82070743 0.06151997].
2019-08-01 09:09:26,971 - INFO - Maximum log composite likelihood: -25.2819614971.
2019-08-01 09:09:26,971 - INFO - Optimal value of theta: 55.377645848.
2019-08-01 09:09:26,971 - INFO - Beginning optimization with guess, [0.57499687 0.09018944].
2019-08-01 09:09:27,595 - INFO - Finished optimization with guess, [0.57499687 0.09018944].
2019-08-01 09:09:27,596 - INFO - Best fit parameters: [0.82093258 0.06160693].
2019-08-01 09:09:27,603 - INFO - Maximum log composite likelihood: -25.2819613245.
2019-08-01 09:09:27,603 - INFO - Optimal value of theta: 55.3771574476.
2019-08-01 09:09:27,603 - INFO - Beginning optimization with guess, [0.754232   0.15229082].
2019-08-01 09:09:28,256 - INFO - Finished optimization with guess, [0.754232   0.15229082].
2019-08-01 09:09:28,256 - INFO - Best fit parameters: [0.82345335 0.06338058].
2019-08-01 09:09:28,264 - INFO - Maximum log composite likelihood: -25.281962738.
2019-08-01 09:09:28,264 - INFO - Optimal value of theta: 55.386366591.
2019-08-01 09:09:28,264 - INFO - Beginning optimization with guess, [0.65179664 0.07305724].
2019-08-01 09:09:28,673 - INFO - Finished optimization with guess, [0.65179664 0.07305724].
2019-08-01 09:09:28,673 - INFO - Best fit parameters: [0.82049965 0.06151252].
2019-08-01 09:09:28,680 - INFO - Maximum log composite likelihood: -25.2819620032.
2019-08-01 09:09:28,681 - INFO - Optimal value of theta: 55.3794812163.
2019-08-01 09:09:28,681 - INFO - Beginning optimization with guess, [0.40015382 0.09026125].
2019-08-01 09:09:29,026 - INFO - Finished optimization with guess, [0.40015382 0.09026125].
2019-08-01 09:09:29,026 - INFO - Best fit parameters: [0.82023071 0.06129905].
2019-08-01 09:09:29,033 - INFO - Maximum log composite likelihood: -25.2819624535.
2019-08-01 09:09:29,034 - INFO - Optimal value of theta: 55.3779584209.
2019-08-01 09:09:29,034 - INFO - Beginning optimization with guess, [0.87842627 0.18517714].
2019-08-01 09:09:29,539 - INFO - Finished optimization with guess, [0.87842627 0.18517714].
2019-08-01 09:09:29,539 - INFO - Best fit parameters: [0.8202419  0.06130262].
2019-08-01 09:09:29,546 - INFO - Maximum log composite likelihood: -25.2819624217.
2019-08-01 09:09:29,546 - INFO - Optimal value of theta: 55.3779206973.
2019-08-01 09:09:29,547 - INFO - Beginning optimization with guess, [0.54886048 0.13124279].
2019-08-01 09:09:30,261 - INFO - Finished optimization with guess, [0.54886048 0.13124279].
2019-08-01 09:09:30,262 - INFO - Best fit parameters: [0.82030658 0.06136543].
2019-08-01 09:09:30,269 - INFO - Maximum log composite likelihood: -25.2819622351.
2019-08-01 09:09:30,269 - INFO - Optimal value of theta: 55.3785080358.
2019-08-01 09:09:30,269 - INFO - Beginning optimization with guess, [0.35740114 0.13202711].
2019-08-01 09:09:30,874 - INFO - Finished optimization with guess, [0.35740114 0.13202711].
2019-08-01 09:09:30,874 - INFO - Best fit parameters: [0.82097406 0.06142991].
2019-08-01 09:09:30,881 - INFO - Maximum log composite likelihood: -25.2819614138.
2019-08-01 09:09:30,882 - INFO - Optimal value of theta: 55.3733964025.
2019-08-01 09:09:30,882 - INFO - Beginning optimization with guess, [0.46661277 0.16943074].
2019-08-01 09:09:31,494 - INFO - Finished optimization with guess, [0.46661277 0.16943074].
2019-08-01 09:09:31,494 - INFO - Best fit parameters: [0.82340918 0.06325166].
2019-08-01 09:09:31,501 - INFO - Maximum log composite likelihood: -25.2819625871.
2019-08-01 09:09:31,502 - INFO - Optimal value of theta: 55.3843823897.
2019-08-01 09:09:31,502 - INFO - Beginning optimization with guess, [0.82999872 0.16690133].
2019-08-01 09:09:31,855 - INFO - Finished optimization with guess, [0.82999872 0.16690133].
2019-08-01 09:09:31,856 - INFO - Best fit parameters: [0.8234202  0.06336525].
2019-08-01 09:09:31,863 - INFO - Maximum log composite likelihood: -25.2819627482.
2019-08-01 09:09:31,863 - INFO - Optimal value of theta: 55.3864013982.
2019-08-01 09:09:31,863 - INFO - Beginning optimization with guess, [0.88889089 0.1208328 ].
2019-08-01 09:09:32,234 - INFO - Finished optimization with guess, [0.88889089 0.1208328 ].
2019-08-01 09:09:32,235 - INFO - Best fit parameters: [0.82281337 0.06305834].
2019-08-01 09:09:32,242 - INFO - Maximum log composite likelihood: -25.2819637666.
2019-08-01 09:09:32,242 - INFO - Optimal value of theta: 55.3865210457.
2019-08-01 09:09:32,242 - INFO - Beginning optimization with guess, [0.41632773 0.12391241].
2019-08-01 09:09:32,808 - INFO - Finished optimization with guess, [0.41632773 0.12391241].
2019-08-01 09:09:32,808 - INFO - Best fit parameters: [0.82337945 0.06334262].
2019-08-01 09:09:32,815 - INFO - Maximum log composite likelihood: -25.2819627548.
2019-08-01 09:09:32,815 - INFO - Optimal value of theta: 55.3863734263.
2019-08-01 09:09:32,816 - INFO - Beginning optimization with guess, [0.53606602 0.15662242].
2019-08-01 09:09:33,219 - INFO - Finished optimization with guess, [0.53606602 0.15662242].
2019-08-01 09:09:33,220 - INFO - Best fit parameters: [0.82021285 0.06129945].
2019-08-01 09:09:33,227 - INFO - Maximum log composite likelihood: -25.2819624984.
2019-08-01 09:09:33,227 - INFO - Optimal value of theta: 55.3781358689.
2019-08-01 09:09:33,227 - INFO - Beginning optimization with guess, [0.29451347 0.08610877].
2019-08-01 09:09:33,554 - INFO - Finished optimization with guess, [0.29451347 0.08610877].
2019-08-01 09:09:33,554 - INFO - Best fit parameters: [0.82022904 0.0612984 ].
2019-08-01 09:09:33,561 - INFO - Maximum log composite likelihood: -25.2819624584.
2019-08-01 09:09:33,561 - INFO - Optimal value of theta: 55.3779618842.
2019-08-01 09:09:33,562 - INFO - Beginning optimization with guess, [0.88481057 0.14484998].
2019-08-01 09:09:34,442 - INFO - Finished optimization with guess, [0.88481057 0.14484998].
2019-08-01 09:09:34,442 - INFO - Best fit parameters: [0.82025137 0.06130443].
2019-08-01 09:09:34,449 - INFO - Maximum log composite likelihood: -25.2819623966.
2019-08-01 09:09:34,450 - INFO - Optimal value of theta: 55.3778652529.
2019-08-01 09:09:34,450 - INFO - Beginning optimization with guess, [0.45920336 0.08550557].
2019-08-01 09:09:34,909 - INFO - Finished optimization with guess, [0.45920336 0.08550557].
2019-08-01 09:09:34,912 - INFO - Best fit parameters: [0.82024485 0.0613124 ].
2019-08-01 09:09:34,919 - INFO - Maximum log composite likelihood: -25.2819624049.
2019-08-01 09:09:34,919 - INFO - Optimal value of theta: 55.3780798028.
2019-08-01 09:09:34,919 - INFO - Beginning optimization with guess, [0.79430647 0.10740396].
2019-08-01 09:09:36,115 - INFO - Finished optimization with guess, [0.79430647 0.10740396].
2019-08-01 09:09:36,115 - INFO - Best fit parameters: [0.82027643 0.06131422].
2019-08-01 09:09:36,123 - INFO - Maximum log composite likelihood: -25.2819623257.
2019-08-01 09:09:36,124 - INFO - Optimal value of theta: 55.3778145515.
2019-08-01 09:09:36,124 - INFO - Beginning optimization with guess, [0.47630606 0.11713695].
2019-08-01 09:09:36,780 - INFO - Finished optimization with guess, [0.47630606 0.11713695].
2019-08-01 09:09:36,780 - INFO - Best fit parameters: [0.8204374  0.06139967].
2019-08-01 09:09:36,788 - INFO - Maximum log composite likelihood: -25.2819619219.
2019-08-01 09:09:36,789 - INFO - Optimal value of theta: 55.377919101.
2019-08-01 09:09:36,789 - INFO - Beginning optimization with guess, [0.7242245  0.13271518].
2019-08-01 09:09:37,139 - INFO - Finished optimization with guess, [0.7242245  0.13271518].
2019-08-01 09:09:37,139 - INFO - Best fit parameters: [0.82022951 0.06129833].
2019-08-01 09:09:37,146 - INFO - Maximum log composite likelihood: -25.2819624572.
2019-08-01 09:09:37,147 - INFO - Optimal value of theta: 55.3779561201.
2019-08-01 09:09:37,147 - INFO - Beginning optimization with guess, [0.47432114 0.09585053].
2019-08-01 09:09:37,499 - INFO - Finished optimization with guess, [0.47432114 0.09585053].
2019-08-01 09:09:37,499 - INFO - Best fit parameters: [0.82060719 0.06134387].
2019-08-01 09:09:37,506 - INFO - Maximum log composite likelihood: -25.2819617535.
2019-08-01 09:09:37,507 - INFO - Optimal value of theta: 55.3752401838.
2019-08-01 09:09:37,507 - INFO - Beginning optimization with guess, [0.31072196 0.08021583].
2019-08-01 09:09:38,510 - INFO - Finished optimization with guess, [0.31072196 0.08021583].
2019-08-01 09:09:38,510 - INFO - Best fit parameters: [0.82077258 0.06156223].
2019-08-01 09:09:38,517 - INFO - Maximum log composite likelihood: -25.2819614744.
2019-08-01 09:09:38,518 - INFO - Optimal value of theta: 55.3778303983.
2019-08-01 09:09:38,518 - INFO - Beginning optimization with guess, [0.71779581 0.09695524].
2019-08-01 09:09:38,870 - INFO - Finished optimization with guess, [0.71779581 0.09695524].
2019-08-01 09:09:38,870 - INFO - Best fit parameters: [0.82022936 0.06130475].
2019-08-01 09:09:38,878 - INFO - Maximum log composite likelihood: -25.2819624509.
2019-08-01 09:09:38,878 - INFO - Optimal value of theta: 55.3780804619.
2019-08-01 09:09:38,878 - INFO - Beginning optimization with guess, [0.96397444 0.06043787].
2019-08-01 09:09:39,118 - INFO - Finished optimization with guess, [0.96397444 0.06043787].
2019-08-01 09:09:39,119 - INFO - Best fit parameters: [0.82023078 0.06129918].
2019-08-01 09:09:39,126 - INFO - Maximum log composite likelihood: -25.2819624531.
2019-08-01 09:09:39,126 - INFO - Optimal value of theta: 55.3779603698.
2019-08-01 09:09:39,126 - INFO - Beginning optimization with guess, [0.28638126 0.08002889].
2019-08-01 09:09:39,739 - INFO - Finished optimization with guess, [0.28638126 0.08002889].
2019-08-01 09:09:39,739 - INFO - Best fit parameters: [0.82334309 0.06332938].
2019-08-01 09:09:39,747 - INFO - Maximum log composite likelihood: -25.2819627891.
2019-08-01 09:09:39,747 - INFO - Optimal value of theta: 55.3864783564.
2019-08-01 09:09:39,747 - INFO - Beginning optimization with guess, [0.60089675 0.05929358].
2019-08-01 09:09:40,401 - INFO - Finished optimization with guess, [0.60089675 0.05929358].
2019-08-01 09:09:40,401 - INFO - Best fit parameters: [0.82288845 0.06303411].
2019-08-01 09:09:40,409 - INFO - Maximum log composite likelihood: -25.281963652.
2019-08-01 09:09:40,409 - INFO - Optimal value of theta: 55.3853379903.
2019-08-01 09:09:40,409 - INFO - Beginning optimization with guess, [0.38555705 0.16170064].
2019-08-01 09:09:40,899 - INFO - Finished optimization with guess, [0.38555705 0.16170064].
2019-08-01 09:09:40,899 - INFO - Best fit parameters: [0.82370729 0.06337911].
2019-08-01 09:09:40,907 - INFO - Maximum log composite likelihood: -25.2819624338.
2019-08-01 09:09:40,907 - INFO - Optimal value of theta: 55.3838756949.
2019-08-01 09:09:40,907 - INFO - Beginning optimization with guess, [0.94516972 0.09545178].
2019-08-01 09:09:41,174 - INFO - Finished optimization with guess, [0.94516972 0.09545178].
2019-08-01 09:09:41,174 - INFO - Best fit parameters: [0.8202327  0.06130026].
2019-08-01 09:09:41,182 - INFO - Maximum log composite likelihood: -25.2819624471.
2019-08-01 09:09:41,182 - INFO - Optimal value of theta: 55.3779627127.
2019-08-01 09:09:41,182 - INFO - Beginning optimization with guess, [0.83133519 0.14227003].
2019-08-01 09:09:41,495 - INFO - Finished optimization with guess, [0.83133519 0.14227003].
2019-08-01 09:09:41,495 - INFO - Best fit parameters: [0.82024706 0.06135493].
2019-08-01 09:09:41,502 - INFO - Maximum log composite likelihood: -25.2819623984.
2019-08-01 09:09:41,503 - INFO - Optimal value of theta: 55.3788727385.
2019-08-01 09:09:41,503 - INFO - Beginning optimization with guess, [0.43941448 0.17720605].
2019-08-01 09:09:41,818 - INFO - Finished optimization with guess, [0.43941448 0.17720605].
2019-08-01 09:09:41,818 - INFO - Best fit parameters: [0.82096633 0.06160224].
2019-08-01 09:09:41,826 - INFO - Maximum log composite likelihood: -25.2819612653.
2019-08-01 09:09:41,826 - INFO - Optimal value of theta: 55.3767470137.
2019-08-01 09:09:41,826 - INFO - Beginning optimization with guess, [0.54247454 0.06354571].
2019-08-01 09:09:42,349 - INFO - Finished optimization with guess, [0.54247454 0.06354571].
2019-08-01 09:09:42,350 - INFO - Best fit parameters: [0.82024154 0.06130289].
2019-08-01 09:09:42,357 - INFO - Maximum log composite likelihood: -25.2819624223.
2019-08-01 09:09:42,357 - INFO - Optimal value of theta: 55.3779290871.
2019-08-01 09:09:42,357 - INFO - Beginning optimization with guess, [0.55268243 0.07012803].
2019-08-01 09:09:43,590 - INFO - Finished optimization with guess, [0.55268243 0.07012803].
2019-08-01 09:09:43,590 - INFO - Best fit parameters: [0.82290644 0.06305234].
2019-08-01 09:09:43,597 - INFO - Maximum log composite likelihood: -25.2819635708.
2019-08-01 09:09:43,598 - INFO - Optimal value of theta: 55.3855073507.
2019-08-01 09:09:43,598 - INFO - Beginning optimization with guess, [0.78257043 0.1055098 ].
2019-08-01 09:09:44,013 - INFO - Finished optimization with guess, [0.78257043 0.1055098 ].
2019-08-01 09:09:44,014 - INFO - Best fit parameters: [0.82034359 0.06134122].
2019-08-01 09:09:44,021 - INFO - Maximum log composite likelihood: -25.2819621457.
2019-08-01 09:09:44,021 - INFO - Optimal value of theta: 55.3776932083.
2019-08-01 09:09:44,021 - INFO - Beginning optimization with guess, [0.25935256 0.14106457].
2019-08-01 09:09:45,151 - INFO - Finished optimization with guess, [0.25935256 0.14106457].
2019-08-01 09:09:45,152 - INFO - Best fit parameters: [0.82331695 0.06323717].
2019-08-01 09:09:45,159 - INFO - Maximum log composite likelihood: -25.2819626918.
2019-08-01 09:09:45,159 - INFO - Optimal value of theta: 55.3850044604.
2019-08-01 09:09:45,159 - INFO - Beginning optimization with guess, [0.90046321 0.07110383].
2019-08-01 09:09:45,526 - INFO - Finished optimization with guess, [0.90046321 0.07110383].
2019-08-01 09:09:45,526 - INFO - Best fit parameters: [0.82062066 0.06154725].
2019-08-01 09:09:45,533 - INFO - Maximum log composite likelihood: -25.2819617851.
2019-08-01 09:09:45,533 - INFO - Optimal value of theta: 55.3789913432.
2019-08-01 09:09:45,534 - INFO - Beginning optimization with guess, [0.81036008 0.13771566].
2019-08-01 09:09:45,883 - INFO - Finished optimization with guess, [0.81036008 0.13771566].
2019-08-01 09:09:45,884 - INFO - Best fit parameters: [0.82022928 0.06129826].
2019-08-01 09:09:45,891 - INFO - Maximum log composite likelihood: -25.2819624579.
2019-08-01 09:09:45,891 - INFO - Optimal value of theta: 55.3779568532.
2019-08-01 09:09:45,891 - INFO - Beginning optimization with guess, [0.37231828 0.14544525].
2019-08-01 09:09:46,455 - INFO - Finished optimization with guess, [0.37231828 0.14544525].
2019-08-01 09:09:46,455 - INFO - Best fit parameters: [0.82059394 0.06154647].
2019-08-01 09:09:46,463 - INFO - Maximum log composite likelihood: -25.281961858.
2019-08-01 09:09:46,463 - INFO - Optimal value of theta: 55.3792308364.
2019-08-01 09:09:46,463 - INFO - Beginning optimization with guess, [0.3943473  0.11479565].
2019-08-01 09:09:46,812 - INFO - Finished optimization with guess, [0.3943473  0.11479565].
2019-08-01 09:09:46,812 - INFO - Best fit parameters: [0.8204596  0.06147909].
2019-08-01 09:09:46,819 - INFO - Maximum log composite likelihood: -25.2819620063.
2019-08-01 09:09:46,819 - INFO - Optimal value of theta: 55.3792243845.
2019-08-01 09:09:46,820 - INFO - Beginning optimization with guess, [0.37772757 0.19870858].
2019-08-01 09:09:47,420 - INFO - Finished optimization with guess, [0.37772757 0.19870858].
2019-08-01 09:09:47,420 - INFO - Best fit parameters: [0.82051912 0.06144632].
2019-08-01 09:09:47,427 - INFO - Maximum log composite likelihood: -25.281961774.
2019-08-01 09:09:47,428 - INFO - Optimal value of theta: 55.3780327656.
2019-08-01 09:09:47,428 - INFO - Beginning optimization with guess, [0.27051862 0.16422308].
2019-08-01 09:09:48,220 - INFO - Finished optimization with guess, [0.27051862 0.16422308].
2019-08-01 09:09:48,221 - INFO - Best fit parameters: [0.82107194 0.06162534].
2019-08-01 09:09:48,228 - INFO - Maximum log composite likelihood: -25.2819612059.
2019-08-01 09:09:48,228 - INFO - Optimal value of theta: 55.3761806153.
2019-08-01 09:09:48,228 - INFO - Beginning optimization with guess, [0.30095765 0.19859213].
2019-08-01 09:09:48,771 - INFO - Finished optimization with guess, [0.30095765 0.19859213].
2019-08-01 09:09:48,771 - INFO - Best fit parameters: [0.82100354 0.06160857].
2019-08-01 09:09:48,778 - INFO - Maximum log composite likelihood: -25.2819612362.
2019-08-01 09:09:48,778 - INFO - Optimal value of theta: 55.3765130776.
2019-08-01 09:09:48,779 - INFO - Beginning optimization with guess, [0.4761416  0.19626817].
2019-08-01 09:09:49,370 - INFO - Finished optimization with guess, [0.4761416  0.19626817].
2019-08-01 09:09:49,370 - INFO - Best fit parameters: [0.82023458 0.06129512].
2019-08-01 09:09:49,378 - INFO - Maximum log composite likelihood: -25.2819624489.
2019-08-01 09:09:49,378 - INFO - Optimal value of theta: 55.3778464663.
2019-08-01 09:09:49,378 - INFO - Beginning optimization with guess, [0.41966773 0.12576537].
2019-08-01 09:09:49,728 - INFO - Finished optimization with guess, [0.41966773 0.12576537].
2019-08-01 09:09:49,728 - INFO - Best fit parameters: [0.82023052 0.06129866].
2019-08-01 09:09:49,735 - INFO - Maximum log composite likelihood: -25.2819624544.
2019-08-01 09:09:49,735 - INFO - Optimal value of theta: 55.3779529016.
2019-08-01 09:09:49,736 - INFO - Beginning optimization with guess, [0.63717996 0.05589056].
2019-08-01 09:09:50,078 - INFO - Finished optimization with guess, [0.63717996 0.05589056].
2019-08-01 09:09:50,078 - INFO - Best fit parameters: [0.82316047 0.06329796].
2019-08-01 09:09:50,085 - INFO - Maximum log composite likelihood: -25.2819631421.
2019-08-01 09:09:50,086 - INFO - Optimal value of theta: 55.3876610599.
2019-08-01 09:09:50,087 - INFO - Finished demographic inference.
2019-08-01 09:09:50,087 - INFO - Beginning DFE inference.
2019-08-01 09:09:52,329 - INFO - Beginning optimization with guess, [ 0.10339113 76.43311539].
2019-08-01 09:09:57,641 - INFO - Finished optomization, results are [-21.626259712516628 array([9.07810212e-02, 3.96453578e+03])].
2019-08-01 09:09:57,642 - INFO - Beginning optimization with guess, [1.06086701e-01 2.12889180e+02].
2019-08-01 09:09:59,958 - INFO - Finished optomization, results are [-21.605186765115292 array([9.30924017e-02, 3.77655789e+03])].
2019-08-01 09:09:59,958 - INFO - Beginning optimization with guess, [8.59643622e-02 2.39876271e+02].
2019-08-01 09:10:01,708 - INFO - Finished optomization, results are [-21.606030356048517 array([9.39593379e-02, 3.60692253e+03])].
2019-08-01 09:10:01,708 - INFO - Beginning optimization with guess, [  0.1558077  107.86501827].
2019-08-01 09:10:06,851 - INFO - Finished optomization, results are [-21.605020328386786 array([9.36218617e-02, 3.69226260e+03])].
2019-08-01 09:10:06,851 - INFO - Beginning optimization with guess, [5.41033516e-02 7.94001934e+01].
2019-08-01 09:10:11,888 - INFO - Finished optomization, results are [-21.60343482789099 array([9.23212963e-02, 3.97611436e+03])].
2019-08-01 09:10:11,889 - INFO - Beginning optimization with guess, [5.60383679e-02 1.32754277e+02].
2019-08-01 09:10:13,701 - INFO - Finished optomization, results are [-21.608243465575875 array([9.31520696e-02, 3.68856956e+03])].
2019-08-01 09:10:13,701 - INFO - Beginning optimization with guess, [5.67300838e-02 1.04982979e+02].
2019-08-01 09:10:19,024 - INFO - Finished optomization, results are [-21.605121187892514 array([9.30086908e-02, 3.79386099e+03])].
2019-08-01 09:10:19,025 - INFO - Beginning optimization with guess, [1.52345510e-01 1.58824336e+02].
2019-08-01 09:10:21,525 - INFO - Finished optomization, results are [-21.605079245675178 array([9.29325425e-02, 3.80930922e+03])].
2019-08-01 09:10:21,525 - INFO - Beginning optimization with guess, [8.39227889e-02 1.08329051e+02].
2019-08-01 09:10:26,213 - INFO - Finished optomization, results are [-21.603115097227857 array([9.26124948e-02, 3.92865382e+03])].
2019-08-01 09:10:26,213 - INFO - Beginning optimization with guess, [ 0.13796981 98.98427562].
2019-08-01 09:10:28,365 - INFO - Finished optomization, results are [-21.607129837287147 array([9.3387356e-02, 3.6704040e+03])].
2019-08-01 09:10:28,366 - INFO - Beginning optimization with guess, [1.70907726e-01 2.46760958e+02].
2019-08-01 09:10:32,719 - INFO - Finished optomization, results are [-21.606467369252805 array([9.28967453e-02, 3.77997410e+03])].
2019-08-01 09:10:32,719 - INFO - Beginning optimization with guess, [5.57457431e-02 1.04562605e+02].
2019-08-01 09:10:38,651 - INFO - Finished optomization, results are [-21.602932505458046 array([9.24620701e-02, 3.96326417e+03])].
2019-08-01 09:10:38,652 - INFO - Beginning optimization with guess, [5.42661392e-02 8.79946671e+01].
2019-08-01 09:10:44,313 - INFO - Finished optomization, results are [-21.604337397655087 array([9.27022020e-02, 3.87436603e+03])].
2019-08-01 09:10:44,313 - INFO - Beginning optimization with guess, [  0.10684251 100.94325919].
2019-08-01 09:10:49,970 - INFO - Finished optomization, results are [-21.603117619481623 array([9.25403112e-02, 3.94230278e+03])].
2019-08-01 09:10:49,971 - INFO - Beginning optimization with guess, [ 0.12548714 75.4301719 ].
2019-08-01 09:10:52,192 - INFO - Finished optomization, results are [-21.60553123181149 array([9.31492198e-02, 3.75640300e+03])].
2019-08-01 09:10:52,193 - INFO - Beginning optimization with guess, [ 0.09670454 87.09780204].
2019-08-01 09:10:54,090 - INFO - Finished optomization, results are [-21.60405298467343 array([9.25589798e-02, 3.91055382e+03])].
2019-08-01 09:10:54,090 - INFO - Beginning optimization with guess, [ 0.11195175 90.49555421].
2019-08-01 09:10:55,751 - INFO - Finished optomization, results are [-21.60854223489745 array([9.29289059e-02, 3.72635823e+03])].
2019-08-01 09:10:55,751 - INFO - Beginning optimization with guess, [5.31631196e-02 7.63400386e+01].
2019-08-01 09:10:57,979 - INFO - Finished optomization, results are [-21.61093449236185 array([9.21107450e-02, 3.85630264e+03])].
2019-08-01 09:10:57,980 - INFO - Beginning optimization with guess, [1.32989966e-01 2.30878155e+02].
2019-08-01 09:10:59,603 - INFO - Finished optomization, results are [-21.608480385564544 array([9.31669268e-02, 3.68045212e+03])].
2019-08-01 09:10:59,603 - INFO - Beginning optimization with guess, [  0.1409951  104.19488257].
2019-08-01 09:11:02,644 - INFO - Finished optomization, results are [-21.60255333030037 array([9.24502368e-02, 3.97781063e+03])].
2019-08-01 09:11:02,645 - INFO - Beginning optimization with guess, [  0.13350634 112.93850546].
2019-08-01 09:11:04,628 - INFO - Finished optomization, results are [-21.60270243086564 array([9.29008293e-02, 3.89171157e+03])].
2019-08-01 09:11:04,629 - INFO - Beginning optimization with guess, [7.26974176e-02 2.62730470e+02].
2019-08-01 09:11:12,806 - INFO - Finished optomization, results are [-21.603794915517835 array([9.22959437e-02, 3.97109028e+03])].
2019-08-01 09:11:12,807 - INFO - Beginning optimization with guess, [9.74673796e-02 1.71001133e+02].
2019-08-01 09:11:14,682 - INFO - Finished optomization, results are [-21.606323956022962 array([9.30848750e-02, 3.74718378e+03])].
2019-08-01 09:11:14,682 - INFO - Beginning optimization with guess, [5.25484783e-02 1.95269914e+02].
2019-08-01 09:11:23,471 - INFO - Finished optomization, results are [-21.603089224520165 array([9.23298015e-02, 3.98460009e+03])].
2019-08-01 09:11:23,472 - INFO - Beginning optimization with guess, [5.60598445e-02 1.35198460e+02].
2019-08-01 09:11:27,005 - INFO - Finished optomization, results are [-21.607575304013267 array([9.29821849e-02, 3.73694330e+03])].
2019-08-01 09:11:27,005 - INFO - Beginning optimization with guess, [5.53056560e-02 2.55006683e+02].
2019-08-01 09:11:28,986 - INFO - Finished optomization, results are [-21.604880046922833 array([9.31256121e-02, 3.77954461e+03])].
2019-08-01 09:11:28,986 - INFO - Beginning optimization with guess, [6.19765732e-02 6.83357412e+01].
2019-08-01 09:11:33,832 - INFO - Finished optomization, results are [-21.603928047992703 array([9.21642976e-02, 3.99506757e+03])].
2019-08-01 09:11:33,832 - INFO - Beginning optimization with guess, [6.18912567e-02 1.16180412e+02].
2019-08-01 09:11:40,106 - INFO - Finished optomization, results are [-21.603983399713858 array([9.30314101e-02, 3.82429862e+03])].
2019-08-01 09:11:40,107 - INFO - Beginning optimization with guess, [8.99724125e-02 1.97853183e+02].
2019-08-01 09:11:41,766 - INFO - Finished optomization, results are [-21.60752465340856 array([9.33156927e-02, 3.67393145e+03])].
2019-08-01 09:11:41,766 - INFO - Beginning optimization with guess, [8.41824263e-02 2.60253598e+02].
2019-08-01 09:11:46,682 - INFO - Finished optomization, results are [-21.605067979927043 array([9.21801186e-02, 3.96233245e+03])].
2019-08-01 09:11:46,683 - INFO - Beginning optimization with guess, [4.52650873e-02 1.18854782e+02].
2019-08-01 09:11:51,275 - INFO - Finished optomization, results are [-21.602573765168547 array([9.23551991e-02, 3.99557049e+03])].
2019-08-01 09:11:51,276 - INFO - Beginning optimization with guess, [1.14968598e-01 1.63262317e+02].
2019-08-01 09:11:54,622 - INFO - Finished optomization, results are [-21.6024805372326 array([9.24917531e-02, 3.97235913e+03])].
2019-08-01 09:11:54,622 - INFO - Beginning optimization with guess, [ 0.14899411 82.09316833].
2019-08-01 09:12:00,928 - INFO - Finished optomization, results are [-21.619950324040943 array([9.16450239e-02, 3.82801408e+03])].
2019-08-01 09:12:00,929 - INFO - Beginning optimization with guess, [ 0.10786986 84.47013959].
2019-08-01 09:12:06,925 - INFO - Finished optomization, results are [-21.605236921435143 array([9.32168563e-02, 3.75266699e+03])].
2019-08-01 09:12:06,925 - INFO - Beginning optimization with guess, [5.27878434e-02 7.63020364e+01].
2019-08-01 09:12:09,253 - INFO - Finished optomization, results are [-21.610423413267753 array([9.19591975e-02, 3.90021398e+03])].
2019-08-01 09:12:09,254 - INFO - Beginning optimization with guess, [4.59726050e-02 1.25316023e+02].
2019-08-01 09:12:14,836 - INFO - Finished optomization, results are [-21.603108089390258 array([9.24689999e-02, 3.95640977e+03])].
2019-08-01 09:12:14,837 - INFO - Beginning optimization with guess, [ 0.11981115 75.10642346].
2019-08-01 09:12:19,729 - INFO - Finished optomization, results are [-21.604654555992788 array([9.27271496e-02, 3.86054764e+03])].
2019-08-01 09:12:19,729 - INFO - Beginning optimization with guess, [6.71416121e-02 1.25229794e+02].
2019-08-01 09:12:24,973 - INFO - Finished optomization, results are [-21.60810939079169 array([9.23271555e-02, 3.86194518e+03])].
2019-08-01 09:12:24,975 - INFO - Beginning optimization with guess, [5.39494685e-02 7.05111032e+01].
2019-08-01 09:12:26,798 - INFO - Finished optomization, results are [-21.612562394300568 array([9.2531250e-02, 3.7345199e+03])].
2019-08-01 09:12:26,799 - INFO - Beginning optimization with guess, [1.38849574e-01 2.52397220e+02].
2019-08-01 09:12:28,239 - INFO - Finished optomization, results are [-21.6046839579058 array([9.24025451e-02, 3.92498412e+03])].
2019-08-01 09:12:28,239 - INFO - Beginning optimization with guess, [5.07760598e-02 1.37083530e+02].
2019-08-01 09:12:30,470 - INFO - Finished optomization, results are [-21.607241372422617 array([9.31240128e-02, 3.71705109e+03])].
2019-08-01 09:12:30,470 - INFO - Beginning optimization with guess, [5.46721289e-02 9.04322041e+01].
2019-08-01 09:12:33,498 - INFO - Finished optomization, results are [-21.603862025455964 array([9.24667332e-02, 3.93439435e+03])].
2019-08-01 09:12:33,499 - INFO - Beginning optimization with guess, [1.24397953e-01 1.33663708e+02].
2019-08-01 09:12:38,944 - INFO - Finished optomization, results are [-21.60525037221391 array([9.34601625e-02, 3.71044301e+03])].
2019-08-01 09:12:38,944 - INFO - Beginning optimization with guess, [  0.17206292 123.9709728 ].
2019-08-01 09:12:42,945 - INFO - Finished optomization, results are [-21.60562454850285 array([9.20792354e-02, 3.97103074e+03])].
2019-08-01 09:12:42,946 - INFO - Beginning optimization with guess, [5.08908934e-02 6.72863886e+01].
2019-08-01 09:12:45,243 - INFO - Finished optomization, results are [-21.60853182662246 array([9.27578437e-02, 3.76156024e+03])].
2019-08-01 09:12:45,243 - INFO - Beginning optimization with guess, [5.70215454e-02 1.28055342e+02].
2019-08-01 09:12:48,150 - INFO - Finished optomization, results are [-21.604707404824808 array([9.29203849e-02, 3.82218070e+03])].
2019-08-01 09:12:48,151 - INFO - Beginning optimization with guess, [5.20363218e-02 1.52361578e+02].
2019-08-01 09:12:50,836 - INFO - Finished optomization, results are [-21.606199904600825 array([9.28523423e-02, 3.79532679e+03])].
2019-08-01 09:12:50,836 - INFO - Beginning optimization with guess, [5.30596664e-02 7.30612137e+01].
2019-08-01 09:12:55,045 - INFO - Finished optomization, results are [-21.61106914796266 array([9.21583914e-02, 3.84310334e+03])].
2019-08-01 09:12:55,046 - INFO - Beginning optimization with guess, [1.28884684e-01 2.01728739e+02].
2019-08-01 09:13:01,212 - INFO - Finished optomization, results are [-21.605594794823592 array([9.42553073e-02, 3.58573323e+03])].
2019-08-01 09:13:01,212 - INFO - Beginning optimization with guess, [4.53383694e-02 1.62904518e+02].
2019-08-01 09:13:05,999 - INFO - Finished optomization, results are [-21.60246750362233 array([9.30649082e-02, 3.87543878e+03])].
2019-08-01 09:13:05,999 - INFO - Beginning optimization with guess, [ 0.17176087 99.94698391].
2019-08-01 09:13:08,818 - INFO - Finished optomization, results are [-21.605846990339288 array([9.28504458e-02, 3.80459929e+03])].
2019-08-01 09:13:08,819 - INFO - Beginning optimization with guess, [5.28563590e-02 7.09586111e+01].
2019-08-01 09:13:13,985 - INFO - Finished optomization, results are [-21.610867105108166 array([9.22393973e-02, 3.82847056e+03])].
2019-08-01 09:13:13,985 - INFO - Beginning optimization with guess, [ 0.12820056 88.33819449].
2019-08-01 09:13:19,832 - INFO - Finished optomization, results are [-21.60311442543668 array([9.25337406e-02, 3.94366600e+03])].
2019-08-01 09:13:19,833 - INFO - Beginning optimization with guess, [9.57599660e-02 1.04570189e+02].
2019-08-01 09:13:24,705 - INFO - Finished optomization, results are [-21.603861787807162 array([9.26314873e-02, 3.90193529e+03])].
2019-08-01 09:13:24,706 - INFO - Beginning optimization with guess, [1.09959281e-01 2.18341325e+02].
2019-08-01 09:13:30,350 - INFO - Finished optomization, results are [-21.602051357821068 array([9.29043737e-02, 3.91753738e+03])].
2019-08-01 09:13:30,350 - INFO - Beginning optimization with guess, [7.92268800e-02 1.93380832e+02].
2019-08-01 09:13:32,982 - INFO - Finished optomization, results are [-21.601634480672285 array([9.27458764e-02, 3.96015303e+03])].
2019-08-01 09:13:32,984 - INFO - Beginning optimization with guess, [8.85603264e-02 2.24772103e+02].
2019-08-01 09:13:34,439 - INFO - Finished optomization, results are [-21.60585093137353 array([9.22844693e-02, 3.92094053e+03])].
2019-08-01 09:13:34,439 - INFO - Beginning optimization with guess, [ 0.12744657 75.40522732].
2019-08-01 09:13:36,507 - INFO - Finished optomization, results are [-21.60695379333758 array([9.35330280e-02, 3.64880342e+03])].
2019-08-01 09:13:36,508 - INFO - Beginning optimization with guess, [1.12613694e-01 2.34316096e+02].
2019-08-01 09:13:40,969 - INFO - Finished optomization, results are [-21.605942474076855 array([9.42465338e-02, 3.57176971e+03])].
2019-08-01 09:13:40,971 - INFO - Beginning optimization with guess, [6.24492289e-02 1.09482185e+02].
2019-08-01 09:13:45,957 - INFO - Finished optomization, results are [-21.60594530707813 array([9.32909029e-02, 3.71918760e+03])].
2019-08-01 09:13:45,958 - INFO - Beginning optimization with guess, [1.40519681e-01 1.79663938e+02].
2019-08-01 09:13:52,440 - INFO - Finished optomization, results are [-21.60350869815167 array([9.24021183e-02, 3.95759510e+03])].
2019-08-01 09:13:52,440 - INFO - Beginning optimization with guess, [ 0.12266836 70.89918101].
2019-08-01 09:13:57,509 - INFO - Finished optomization, results are [-21.605951931822908 array([9.33702763e-02, 3.70487820e+03])].
2019-08-01 09:13:57,510 - INFO - Beginning optimization with guess, [9.22427158e-02 1.13371816e+02].
2019-08-01 09:14:06,471 - INFO - Finished optomization, results are [-21.60128978557146 array([9.26374047e-02, 3.99238097e+03])].
2019-08-01 09:14:06,472 - INFO - Beginning optimization with guess, [9.57393534e-02 1.56894469e+02].
2019-08-01 09:14:11,850 - INFO - Finished optomization, results are [-21.604061028095344 array([9.21565105e-02, 3.99316897e+03])].
2019-08-01 09:14:11,850 - INFO - Beginning optimization with guess, [1.13920762e-01 2.16960441e+02].
2019-08-01 09:14:14,230 - INFO - Finished optomization, results are [-21.60304633405256 array([9.31902884e-02, 3.83238881e+03])].
2019-08-01 09:14:14,230 - INFO - Beginning optimization with guess, [1.11136477e-01 1.79258783e+02].
2019-08-01 09:14:21,168 - INFO - Finished optomization, results are [-21.602331781230966 array([9.26587924e-02, 3.94704612e+03])].
2019-08-01 09:14:21,170 - INFO - Beginning optimization with guess, [1.56655484e-01 2.13854148e+02].
2019-08-01 09:14:26,947 - INFO - Finished optomization, results are [-21.603940601319003 array([9.22064707e-02, 3.98579381e+03])].
2019-08-01 09:14:26,947 - INFO - Beginning optimization with guess, [1.09633963e-01 1.78983418e+02].
2019-08-01 09:14:29,420 - INFO - Finished optomization, results are [-21.60497722525846 array([9.24875236e-02, 3.89981232e+03])].
2019-08-01 09:14:29,420 - INFO - Beginning optimization with guess, [5.36580990e-02 2.08580955e+02].
2019-08-01 09:14:32,204 - INFO - Finished optomization, results are [-21.60372214499622 array([9.24059126e-02, 3.95064732e+03])].
2019-08-01 09:14:32,204 - INFO - Beginning optimization with guess, [9.86242217e-02 1.73051083e+02].
2019-08-01 09:14:34,408 - INFO - Finished optomization, results are [-21.60707554404044 array([9.30391973e-02, 3.73740283e+03])].
2019-08-01 09:14:34,408 - INFO - Beginning optimization with guess, [7.49411926e-02 1.15553527e+02].
2019-08-01 09:14:39,907 - INFO - Finished optomization, results are [-21.60554461827165 array([9.30371532e-02, 3.77677580e+03])].
2019-08-01 09:14:39,908 - INFO - Beginning optimization with guess, [  0.12690687 101.95929258].
2019-08-01 09:14:46,447 - INFO - Finished optomization, results are [-21.606351291002294 array([9.28656385e-02, 3.78895836e+03])].
2019-08-01 09:14:46,448 - INFO - Beginning optimization with guess, [  0.15065313 107.84061029].
2019-08-01 09:14:51,614 - INFO - Finished optomization, results are [-21.602021407373904 array([9.26508488e-02, 3.96007419e+03])].
2019-08-01 09:14:51,615 - INFO - Beginning optimization with guess, [ 0.09967203 92.04001587].
2019-08-01 09:14:56,645 - INFO - Finished optomization, results are [-21.603988452733187 array([9.23929982e-02, 3.94574502e+03])].
2019-08-01 09:14:56,646 - INFO - Beginning optimization with guess, [6.86037592e-02 2.55710115e+02].
2019-08-01 09:14:59,135 - INFO - Finished optomization, results are [-21.60563126656539 array([9.21241366e-02, 3.96097595e+03])].
2019-08-01 09:14:59,135 - INFO - Beginning optimization with guess, [ 0.15777817 75.45666198].
2019-08-01 09:15:03,477 - INFO - Finished optomization, results are [-21.60399913296367 array([9.22015359e-02, 3.98525637e+03])].
2019-08-01 09:15:03,477 - INFO - Beginning optimization with guess, [  0.16860996 124.51378076].
2019-08-01 09:15:08,205 - INFO - Finished optomization, results are [-21.605422241697884 array([9.20946650e-02, 3.97240299e+03])].
2019-08-01 09:15:08,205 - INFO - Beginning optimization with guess, [ 0.11745655 78.20709159].
2019-08-01 09:15:13,814 - INFO - Finished optomization, results are [-21.60697302790203 array([9.34961170e-02, 3.65482953e+03])].
2019-08-01 09:15:13,814 - INFO - Beginning optimization with guess, [5.77212280e-02 7.20961596e+01].
2019-08-01 09:15:16,589 - INFO - Finished optomization, results are [-21.605328618201284 array([9.22983165e-02, 3.93054512e+03])].
2019-08-01 09:15:16,589 - INFO - Beginning optimization with guess, [ 0.11600206 92.6382084 ].
2019-08-01 09:15:23,432 - INFO - Finished optomization, results are [-21.60446694134248 array([9.22703833e-02, 3.95829700e+03])].
2019-08-01 09:15:23,434 - INFO - Beginning optimization with guess, [  0.16808347 157.19105684].
2019-08-01 09:15:29,139 - INFO - Finished optomization, results are [-21.60344516583178 array([9.25108518e-02, 3.93790013e+03])].
2019-08-01 09:15:29,139 - INFO - Beginning optimization with guess, [7.04348579e-02 1.02128816e+02].
2019-08-01 09:15:33,514 - INFO - Finished optomization, results are [-21.60676349182235 array([9.28793279e-02, 3.77626199e+03])].
2019-08-01 09:15:33,515 - INFO - Beginning optimization with guess, [1.30584365e-01 2.13028730e+02].
2019-08-01 09:15:38,342 - INFO - Finished optomization, results are [-21.603732100940313 array([9.36843759e-02, 3.73618133e+03])].
2019-08-01 09:15:38,342 - INFO - Beginning optimization with guess, [1.64862828e-01 1.86291465e+02].
2019-08-01 09:15:40,092 - INFO - Finished optomization, results are [-21.60512223643013 array([9.29816154e-02, 3.79888069e+03])].
2019-08-01 09:15:40,092 - INFO - Beginning optimization with guess, [1.61081879e-01 2.30946626e+02].
2019-08-01 09:15:44,874 - INFO - Finished optomization, results are [-21.601607430634388 array([9.25546309e-02, 3.99285001e+03])].
2019-08-01 09:15:44,875 - INFO - Beginning optimization with guess, [ 0.08492883 69.54939468].
2019-08-01 09:15:46,696 - INFO - Finished optomization, results are [-21.604926677651168 array([9.31725233e-02, 3.76978846e+03])].
2019-08-01 09:15:46,696 - INFO - Beginning optimization with guess, [  0.13198832 129.4718311 ].
2019-08-01 09:15:52,051 - INFO - Finished optomization, results are [-21.603439438375236 array([9.34373526e-02, 3.78053487e+03])].
2019-08-01 09:15:52,052 - INFO - Beginning optimization with guess, [ 0.09341416 80.12225473].
2019-08-01 09:15:54,614 - INFO - Finished optomization, results are [-21.61357815432691 array([9.22477478e-02, 3.78053890e+03])].
2019-08-01 09:15:54,614 - INFO - Beginning optimization with guess, [ 0.10205382 91.83923661].
2019-08-01 09:16:04,698 - INFO - Finished optomization, results are [-21.60374751685456 array([9.27427389e-02, 3.88419270e+03])].
2019-08-01 09:16:04,699 - INFO - Beginning optimization with guess, [4.82500314e-02 8.94559617e+01].
2019-08-01 09:16:10,457 - INFO - Finished optomization, results are [-21.602383391120654 array([9.23853625e-02, 3.99591066e+03])].
2019-08-01 09:16:10,457 - INFO - Beginning optimization with guess, [1.48351214e-01 1.48612978e+02].
2019-08-01 09:16:12,267 - INFO - Finished optomization, results are [-21.60645831013192 array([9.34484825e-02, 3.67701980e+03])].
2019-08-01 09:16:12,267 - INFO - Beginning optimization with guess, [5.35894574e-02 7.86567841e+01].
2019-08-01 09:16:17,273 - INFO - Finished optomization, results are [-21.605151296692156 array([9.32581579e-02, 3.74793484e+03])].
2019-08-01 09:16:17,274 - INFO - Beginning optimization with guess, [ 0.10921132 79.49398269].
2019-08-01 09:16:21,938 - INFO - Finished optomization, results are [-21.604747454074925 array([9.25493304e-02, 3.89327715e+03])].
2019-08-01 09:16:21,938 - INFO - Beginning optimization with guess, [  0.11466162 111.34599896].
2019-08-01 09:16:27,458 - INFO - Finished optomization, results are [-21.604772166333653 array([9.22229596e-02, 3.96051218e+03])].
2019-08-01 09:16:27,459 - INFO - Beginning optimization with guess, [1.16244386e-01 1.74146521e+02].
2019-08-01 09:16:30,500 - INFO - Finished optomization, results are [-21.60296530130592 array([9.26632832e-02, 3.92410348e+03])].
2019-08-01 09:16:30,501 - INFO - Beginning optimization with guess, [ 0.14781108 68.47855104].
2019-08-01 09:16:32,194 - INFO - Finished optomization, results are [-21.604806641833335 array([9.40347977e-02, 3.64584926e+03])].
2019-08-01 09:16:32,194 - INFO - Beginning optimization with guess, [6.31903837e-02 1.72968187e+02].
2019-08-01 09:16:38,648 - INFO - Finished optomization, results are [-21.60229303743737 array([9.24919350e-02, 3.97874659e+03])].
2019-08-01 09:16:38,648 - INFO - Beginning optimization with guess, [9.81912502e-02 1.29287022e+02].
2019-08-01 09:16:44,385 - INFO - Finished optomization, results are [-21.603634757091875 array([9.23388260e-02, 3.96678478e+03])].
2019-08-01 09:16:44,386 - INFO - Beginning optimization with guess, [5.24693406e-02 1.84027529e+02].
2019-08-01 09:16:49,478 - INFO - Finished optomization, results are [-21.603248429783285 array([9.22533827e-02, 3.99544245e+03])].
2019-08-01 09:16:49,478 - INFO - Beginning optimization with guess, [4.61306812e-02 2.07518183e+02].
2019-08-01 09:16:53,696 - INFO - Finished optomization, results are [-21.60446240478411 array([9.31974369e-02, 3.77994787e+03])].
2019-08-01 09:16:53,697 - INFO - Finished DFE inference.
2019-08-01 09:16:53,697 - INFO - Integrating expected site-frequency spectrum.
2019-08-01 09:16:53,712 - INFO - Outputing results.
2019-08-01 09:16:53,717 - INFO - Pipeline executed succesfully.
