2019-08-01 12:46:54,120 - INFO - Beginning execution of fitdadi_infer_DFE.py in directory /u/home/j/jonmah/lohmueller_lab/Scripts

2019-08-01 12:46:54,120 - INFO - Progress is being logged to ../Data/AW_array_2000/seed_51_fitdadi_output/log.log

2019-08-01 12:46:54,120 - INFO - Parsed the following arguments:
	breed = AW
	outprefix = ../Data/AW_array_2000/seed_51_fitdadi_output/
	nonsyn_input_sfs = ../Data/AW_array_2000/seed_51_easySFS_output_nonsyn/dadi/pop1.sfs
	syn_input_sfs = ../Data/AW_array_2000/seed_51_easySFS_output_syn/dadi/pop1.sfs

2019-08-01 12:46:54,123 - INFO - Beginning optimization with guess, [0.36405982 0.07592263].
2019-08-01 12:46:54,808 - INFO - Finished optimization with guess, [0.36405982 0.07592263].
2019-08-01 12:46:54,808 - INFO - Best fit parameters: [0.17710636 0.34932727].
2019-08-01 12:46:54,825 - INFO - Maximum log composite likelihood: -24.0740487275.
2019-08-01 12:46:54,825 - INFO - Optimal value of theta: 192.898879804.
2019-08-01 12:46:54,825 - INFO - Beginning optimization with guess, [0.48484045 0.06020021].
2019-08-01 12:46:55,493 - INFO - Finished optimization with guess, [0.48484045 0.06020021].
2019-08-01 12:46:55,493 - INFO - Best fit parameters: [0.18697631 0.35806453].
2019-08-01 12:46:55,509 - INFO - Maximum log composite likelihood: -24.0743207477.
2019-08-01 12:46:55,510 - INFO - Optimal value of theta: 183.277782372.
2019-08-01 12:46:55,510 - INFO - Beginning optimization with guess, [0.5803908  0.07869686].
2019-08-01 12:46:56,158 - INFO - Finished optimization with guess, [0.5803908  0.07869686].
2019-08-01 12:46:56,159 - INFO - Best fit parameters: [0.18441929 0.35465792].
2019-08-01 12:46:56,175 - INFO - Maximum log composite likelihood: -24.0740971488.
2019-08-01 12:46:56,175 - INFO - Optimal value of theta: 185.260744434.
2019-08-01 12:46:56,176 - INFO - Beginning optimization with guess, [0.32169902 0.05857943].
2019-08-01 12:46:56,842 - INFO - Finished optimization with guess, [0.32169902 0.05857943].
2019-08-01 12:46:56,843 - INFO - Best fit parameters: [0.18919233 0.3580164 ].
2019-08-01 12:46:56,858 - INFO - Maximum log composite likelihood: -24.0741421738.
2019-08-01 12:46:56,859 - INFO - Optimal value of theta: 180.630903584.
2019-08-01 12:46:56,859 - INFO - Beginning optimization with guess, [0.92699287 0.09046805].
2019-08-01 12:46:57,476 - INFO - Finished optimization with guess, [0.92699287 0.09046805].
2019-08-01 12:46:57,477 - INFO - Best fit parameters: [0.18077617 0.35316249].
2019-08-01 12:46:57,493 - INFO - Maximum log composite likelihood: -24.0741915248.
2019-08-01 12:46:57,493 - INFO - Optimal value of theta: 189.381738431.
2019-08-01 12:46:57,493 - INFO - Beginning optimization with guess, [0.75099608 0.10318259].
2019-08-01 12:46:58,116 - INFO - Finished optimization with guess, [0.75099608 0.10318259].
2019-08-01 12:46:58,116 - INFO - Best fit parameters: [0.18774164 0.35749695].
2019-08-01 12:46:58,132 - INFO - Maximum log composite likelihood: -24.0741698576.
2019-08-01 12:46:58,132 - INFO - Optimal value of theta: 182.172291878.
2019-08-01 12:46:58,132 - INFO - Beginning optimization with guess, [0.37370124 0.10429358].
2019-08-01 12:46:58,860 - INFO - Finished optimization with guess, [0.37370124 0.10429358].
2019-08-01 12:46:58,861 - INFO - Best fit parameters: [0.17456531 0.34766284].
2019-08-01 12:46:58,877 - INFO - Maximum log composite likelihood: -24.0740569156.
2019-08-01 12:46:58,877 - INFO - Optimal value of theta: 195.813909951.
2019-08-01 12:46:58,878 - INFO - Beginning optimization with guess, [0.37871198 0.06574052].
2019-08-01 12:46:59,521 - INFO - Finished optimization with guess, [0.37871198 0.06574052].
2019-08-01 12:46:59,521 - INFO - Best fit parameters: [0.18392287 0.35394144].
2019-08-01 12:46:59,537 - INFO - Maximum log composite likelihood: -24.074074903.
2019-08-01 12:46:59,538 - INFO - Optimal value of theta: 185.633248338.
2019-08-01 12:46:59,538 - INFO - Beginning optimization with guess, [0.68527233 0.06956063].
2019-08-01 12:47:00,193 - INFO - Finished optimization with guess, [0.68527233 0.06956063].
2019-08-01 12:47:00,194 - INFO - Best fit parameters: [0.187924   0.35714976].
2019-08-01 12:47:00,210 - INFO - Maximum log composite likelihood: -24.0741302165.
2019-08-01 12:47:00,210 - INFO - Optimal value of theta: 181.84102722.
2019-08-01 12:47:00,210 - INFO - Beginning optimization with guess, [0.79621498 0.07364059].
2019-08-01 12:47:00,846 - INFO - Finished optimization with guess, [0.79621498 0.07364059].
2019-08-01 12:47:00,847 - INFO - Best fit parameters: [0.20734489 0.36846189].
2019-08-01 12:47:00,862 - INFO - Maximum log composite likelihood: -24.0743219206.
2019-08-01 12:47:00,862 - INFO - Optimal value of theta: 164.771363913.
2019-08-01 12:47:00,863 - INFO - Beginning optimization with guess, [0.3192421  0.08289769].
2019-08-01 12:47:01,498 - INFO - Finished optimization with guess, [0.3192421  0.08289769].
2019-08-01 12:47:01,498 - INFO - Best fit parameters: [0.20242242 0.36517316].
2019-08-01 12:47:01,514 - INFO - Maximum log composite likelihood: -24.0742387303.
2019-08-01 12:47:01,514 - INFO - Optimal value of theta: 168.5880164.
2019-08-01 12:47:01,515 - INFO - Beginning optimization with guess, [0.81749699 0.09559712].
2019-08-01 12:47:02,128 - INFO - Finished optimization with guess, [0.81749699 0.09559712].
2019-08-01 12:47:02,128 - INFO - Best fit parameters: [0.18176292 0.35233437].
2019-08-01 12:47:02,144 - INFO - Maximum log composite likelihood: -24.0740574183.
2019-08-01 12:47:02,145 - INFO - Optimal value of theta: 187.809952746.
2019-08-01 12:47:02,145 - INFO - Beginning optimization with guess, [0.48099486 0.16040083].
2019-08-01 12:47:02,922 - INFO - Finished optimization with guess, [0.48099486 0.16040083].
2019-08-01 12:47:02,922 - INFO - Best fit parameters: [0.15919585 0.33494245].
2019-08-01 12:47:02,939 - INFO - Maximum log composite likelihood: -24.0740205103.
2019-08-01 12:47:02,940 - INFO - Optimal value of theta: 214.831340247.
2019-08-01 12:47:02,940 - INFO - Beginning optimization with guess, [0.4832836  0.17617705].
2019-08-01 12:47:03,707 - INFO - Finished optimization with guess, [0.4832836  0.17617705].
2019-08-01 12:47:03,708 - INFO - Best fit parameters: [0.17116195 0.3450133 ].
2019-08-01 12:47:03,724 - INFO - Maximum log composite likelihood: -24.0740443638.
2019-08-01 12:47:03,724 - INFO - Optimal value of theta: 199.725844051.
2019-08-01 12:47:03,725 - INFO - Beginning optimization with guess, [0.58969669 0.10684963].
2019-08-01 12:47:04,692 - INFO - Finished optimization with guess, [0.58969669 0.10684963].
2019-08-01 12:47:04,692 - INFO - Best fit parameters: [0.1819148 0.3531857].
2019-08-01 12:47:04,708 - INFO - Maximum log composite likelihood: -24.0741027539.
2019-08-01 12:47:04,709 - INFO - Optimal value of theta: 187.914343946.
2019-08-01 12:47:04,709 - INFO - Beginning optimization with guess, [0.44871474 0.06023874].
2019-08-01 12:47:05,629 - INFO - Finished optimization with guess, [0.44871474 0.06023874].
2019-08-01 12:47:05,629 - INFO - Best fit parameters: [0.18259382 0.35366178].
2019-08-01 12:47:05,645 - INFO - Maximum log composite likelihood: -24.0741064408.
2019-08-01 12:47:05,645 - INFO - Optimal value of theta: 187.212469457.
2019-08-01 12:47:05,646 - INFO - Beginning optimization with guess, [0.34206339 0.10533902].
2019-08-01 12:47:06,320 - INFO - Finished optimization with guess, [0.34206339 0.10533902].
2019-08-01 12:47:06,320 - INFO - Best fit parameters: [0.1896765  0.35768883].
2019-08-01 12:47:06,336 - INFO - Maximum log composite likelihood: -24.0741148395.
2019-08-01 12:47:06,336 - INFO - Optimal value of theta: 179.961437489.
2019-08-01 12:47:06,336 - INFO - Beginning optimization with guess, [0.37425228 0.12874796].
2019-08-01 12:47:06,988 - INFO - Finished optimization with guess, [0.37425228 0.12874796].
2019-08-01 12:47:06,988 - INFO - Best fit parameters: [0.18927671 0.35828975].
2019-08-01 12:47:07,004 - INFO - Maximum log composite likelihood: -24.074160177.
2019-08-01 12:47:07,005 - INFO - Optimal value of theta: 180.621173769.
2019-08-01 12:47:07,005 - INFO - Beginning optimization with guess, [0.55204697 0.17998022].
2019-08-01 12:47:08,378 - INFO - Finished optimization with guess, [0.55204697 0.17998022].
2019-08-01 12:47:08,379 - INFO - Best fit parameters: [0.14158616 0.31747526].
2019-08-01 12:47:08,397 - INFO - Maximum log composite likelihood: -24.073978974.
2019-08-01 12:47:08,397 - INFO - Optimal value of theta: 241.557938257.
2019-08-01 12:47:08,397 - INFO - Beginning optimization with guess, [0.82068592 0.15851636].
2019-08-01 12:47:09,106 - INFO - Finished optimization with guess, [0.82068592 0.15851636].
2019-08-01 12:47:09,106 - INFO - Best fit parameters: [0.18229162 0.35338354].
2019-08-01 12:47:09,123 - INFO - Maximum log composite likelihood: -24.0740990948.
2019-08-01 12:47:09,123 - INFO - Optimal value of theta: 187.500836547.
2019-08-01 12:47:09,123 - INFO - Beginning optimization with guess, [0.4030315  0.05772534].
2019-08-01 12:47:10,126 - INFO - Finished optimization with guess, [0.4030315  0.05772534].
2019-08-01 12:47:10,127 - INFO - Best fit parameters: [0.17746585 0.35001275].
2019-08-01 12:47:10,143 - INFO - Maximum log composite likelihood: -24.0740849303.
2019-08-01 12:47:10,144 - INFO - Optimal value of theta: 192.661212241.
2019-08-01 12:47:10,144 - INFO - Beginning optimization with guess, [0.33663009 0.16524472].
2019-08-01 12:47:10,815 - INFO - Finished optimization with guess, [0.33663009 0.16524472].
2019-08-01 12:47:10,816 - INFO - Best fit parameters: [0.16399179 0.33868733].
2019-08-01 12:47:10,832 - INFO - Maximum log composite likelihood: -24.0739862524.
2019-08-01 12:47:10,833 - INFO - Optimal value of theta: 208.320151187.
2019-08-01 12:47:10,833 - INFO - Beginning optimization with guess, [0.83880869 0.08760356].
2019-08-01 12:47:11,493 - INFO - Finished optimization with guess, [0.83880869 0.08760356].
2019-08-01 12:47:11,494 - INFO - Best fit parameters: [0.1947879  0.36157434].
2019-08-01 12:47:11,509 - INFO - Maximum log composite likelihood: -24.0741914582.
2019-08-01 12:47:11,510 - INFO - Optimal value of theta: 175.444766671.
2019-08-01 12:47:11,510 - INFO - Beginning optimization with guess, [0.49447969 0.10811393].
2019-08-01 12:47:33,804 - INFO - Finished optimization with guess, [0.49447969 0.10811393].
2019-08-01 12:47:33,827 - INFO - Best fit parameters: [0.16499389 0.3384264 ].
2019-08-01 12:47:33,875 - INFO - Maximum log composite likelihood: -24.0739700338.
2019-08-01 12:47:33,893 - INFO - Optimal value of theta: 206.573584256.
2019-08-01 12:47:33,893 - INFO - Beginning optimization with guess, [0.85842123 0.19576496].
2019-08-01 12:47:36,756 - INFO - Finished optimization with guess, [0.85842123 0.19576496].
2019-08-01 12:47:36,756 - INFO - Best fit parameters: [0.1708515  0.34470831].
2019-08-01 12:47:36,828 - INFO - Maximum log composite likelihood: -24.0740378003.
2019-08-01 12:47:36,828 - INFO - Optimal value of theta: 200.06731006.
2019-08-01 12:47:36,828 - INFO - Beginning optimization with guess, [0.42054456 0.07684266].
2019-08-01 12:47:41,732 - INFO - Finished optimization with guess, [0.42054456 0.07684266].
2019-08-01 12:47:41,747 - INFO - Best fit parameters: [0.17841307 0.35150784].
2019-08-01 12:47:41,819 - INFO - Maximum log composite likelihood: -24.0741923858.
2019-08-01 12:47:41,820 - INFO - Optimal value of theta: 191.924705357.
2019-08-01 12:47:41,820 - INFO - Beginning optimization with guess, [0.33652184 0.05288438].
2019-08-01 12:54:41,129 - INFO - Finished optimization with guess, [0.33652184 0.05288438].
2019-08-01 12:54:41,130 - INFO - Best fit parameters: [0.12073722 0.2918075 ].
2019-08-01 12:54:41,146 - INFO - Maximum log composite likelihood: -24.0738715845.
2019-08-01 12:54:41,147 - INFO - Optimal value of theta: 282.398037995.
2019-08-01 12:54:41,147 - INFO - Beginning optimization with guess, [0.72670754 0.08486075].
2019-08-01 12:54:41,710 - INFO - Finished optimization with guess, [0.72670754 0.08486075].
2019-08-01 12:54:41,710 - INFO - Best fit parameters: [0.19093978 0.36096371].
2019-08-01 12:54:41,725 - INFO - Maximum log composite likelihood: -24.0743997094.
2019-08-01 12:54:41,725 - INFO - Optimal value of theta: 179.55505806.
2019-08-01 12:54:41,725 - INFO - Beginning optimization with guess, [0.42839344 0.06341574].
2019-08-01 12:54:42,467 - INFO - Finished optimization with guess, [0.42839344 0.06341574].
2019-08-01 12:54:42,467 - INFO - Best fit parameters: [0.18121872 0.35206951].
2019-08-01 12:54:42,482 - INFO - Maximum log composite likelihood: -24.0740583584.
2019-08-01 12:54:42,482 - INFO - Optimal value of theta: 188.418197533.
2019-08-01 12:54:42,483 - INFO - Beginning optimization with guess, [0.27969058 0.05134435].
2019-08-01 12:54:43,009 - INFO - Finished optimization with guess, [0.27969058 0.05134435].
2019-08-01 12:54:43,009 - INFO - Best fit parameters: [0.22278739 0.37450684].
2019-08-01 12:54:43,023 - INFO - Maximum log composite likelihood: -24.0745564491.
2019-08-01 12:54:43,023 - INFO - Optimal value of theta: 153.121880724.
2019-08-01 12:54:43,023 - INFO - Beginning optimization with guess, [0.74413427 0.1257137 ].
2019-08-01 12:54:43,633 - INFO - Finished optimization with guess, [0.74413427 0.1257137 ].
2019-08-01 12:54:43,633 - INFO - Best fit parameters: [0.16731083 0.34185227].
2019-08-01 12:54:43,648 - INFO - Maximum log composite likelihood: -24.0740281816.
2019-08-01 12:54:43,648 - INFO - Optimal value of theta: 204.327181019.
2019-08-01 12:54:43,649 - INFO - Beginning optimization with guess, [0.57906159 0.10807832].
2019-08-01 12:54:44,631 - INFO - Finished optimization with guess, [0.57906159 0.10807832].
2019-08-01 12:54:44,631 - INFO - Best fit parameters: [0.17217496 0.34550891].
2019-08-01 12:54:44,646 - INFO - Maximum log composite likelihood: -24.0740230669.
2019-08-01 12:54:44,646 - INFO - Optimal value of theta: 198.426316787.
2019-08-01 12:54:44,647 - INFO - Beginning optimization with guess, [0.86222916 0.15263972].
2019-08-01 12:54:45,233 - INFO - Finished optimization with guess, [0.86222916 0.15263972].
2019-08-01 12:54:45,233 - INFO - Best fit parameters: [0.18607453 0.35561578].
2019-08-01 12:54:45,248 - INFO - Maximum log composite likelihood: -24.0740987826.
2019-08-01 12:54:45,248 - INFO - Optimal value of theta: 183.552010002.
2019-08-01 12:54:45,248 - INFO - Beginning optimization with guess, [0.71520409 0.07227348].
2019-08-01 12:54:45,798 - INFO - Finished optimization with guess, [0.71520409 0.07227348].
2019-08-01 12:54:45,798 - INFO - Best fit parameters: [0.20756196 0.36888213].
2019-08-01 12:54:45,812 - INFO - Maximum log composite likelihood: -24.0743435186.
2019-08-01 12:54:45,813 - INFO - Optimal value of theta: 164.682476837.
2019-08-01 12:54:45,813 - INFO - Beginning optimization with guess, [0.49985664 0.13809544].
2019-08-01 12:54:46,979 - INFO - Finished optimization with guess, [0.49985664 0.13809544].
2019-08-01 12:54:46,979 - INFO - Best fit parameters: [0.17949729 0.3508641 ].
2019-08-01 12:54:46,994 - INFO - Maximum log composite likelihood: -24.074049448.
2019-08-01 12:54:46,994 - INFO - Optimal value of theta: 190.241341854.
2019-08-01 12:54:46,994 - INFO - Beginning optimization with guess, [0.71210733 0.18563692].
2019-08-01 12:54:47,642 - INFO - Finished optimization with guess, [0.71210733 0.18563692].
2019-08-01 12:54:47,643 - INFO - Best fit parameters: [0.17882679 0.35055245].
2019-08-01 12:54:47,658 - INFO - Maximum log composite likelihood: -24.0740549515.
2019-08-01 12:54:47,658 - INFO - Optimal value of theta: 191.020810006.
2019-08-01 12:54:47,659 - INFO - Beginning optimization with guess, [0.27591476 0.0615491 ].
2019-08-01 12:54:48,196 - INFO - Finished optimization with guess, [0.27591476 0.0615491 ].
2019-08-01 12:54:48,196 - INFO - Best fit parameters: [0.21168877 0.37080455].
2019-08-01 12:54:48,210 - INFO - Maximum log composite likelihood: -24.0743930169.
2019-08-01 12:54:48,210 - INFO - Optimal value of theta: 161.438433621.
2019-08-01 12:54:48,211 - INFO - Beginning optimization with guess, [0.51104166 0.1028011 ].
2019-08-01 12:54:48,707 - INFO - Finished optimization with guess, [0.51104166 0.1028011 ].
2019-08-01 12:54:48,707 - INFO - Best fit parameters: [0.19675157 0.36165591].
2019-08-01 12:54:48,721 - INFO - Maximum log composite likelihood: -24.0741756167.
2019-08-01 12:54:48,722 - INFO - Optimal value of theta: 173.361595637.
2019-08-01 12:54:48,722 - INFO - Beginning optimization with guess, [0.33071029 0.05126006].
2019-08-01 12:54:49,342 - INFO - Finished optimization with guess, [0.33071029 0.05126006].
2019-08-01 12:54:49,343 - INFO - Best fit parameters: [0.20869743 0.37018531].
2019-08-01 12:54:49,357 - INFO - Maximum log composite likelihood: -24.0744243652.
2019-08-01 12:54:49,357 - INFO - Optimal value of theta: 163.980128164.
2019-08-01 12:54:49,357 - INFO - Beginning optimization with guess, [0.51473146 0.10505095].
2019-08-01 12:54:50,304 - INFO - Finished optimization with guess, [0.51473146 0.10505095].
2019-08-01 12:54:50,304 - INFO - Best fit parameters: [0.14786917 0.32426523].
2019-08-01 12:54:50,320 - INFO - Maximum log composite likelihood: -24.0740252406.
2019-08-01 12:54:50,320 - INFO - Optimal value of theta: 231.412646027.
2019-08-01 12:54:50,320 - INFO - Beginning optimization with guess, [0.40582825 0.0974657 ].
2019-08-01 12:54:51,128 - INFO - Finished optimization with guess, [0.40582825 0.0974657 ].
2019-08-01 12:54:51,128 - INFO - Best fit parameters: [0.16820158 0.34237869].
2019-08-01 12:54:51,145 - INFO - Maximum log composite likelihood: -24.074012341.
2019-08-01 12:54:51,145 - INFO - Optimal value of theta: 203.155345016.
2019-08-01 12:54:51,146 - INFO - Beginning optimization with guess, [0.33556888 0.098076  ].
2019-08-01 12:54:51,808 - INFO - Finished optimization with guess, [0.33556888 0.098076  ].
2019-08-01 12:54:51,809 - INFO - Best fit parameters: [0.16689659 0.34094862].
2019-08-01 12:54:51,826 - INFO - Maximum log composite likelihood: -24.0739847239.
2019-08-01 12:54:51,826 - INFO - Optimal value of theta: 204.602591116.
2019-08-01 12:54:51,826 - INFO - Beginning optimization with guess, [0.31241878 0.07175201].
2019-08-01 12:54:52,706 - INFO - Finished optimization with guess, [0.31241878 0.07175201].
2019-08-01 12:54:52,707 - INFO - Best fit parameters: [0.22091502 0.37629923].
2019-08-01 12:54:52,733 - INFO - Maximum log composite likelihood: -24.0746723028.
2019-08-01 12:54:52,734 - INFO - Optimal value of theta: 155.024817083.
2019-08-01 12:54:52,734 - INFO - Beginning optimization with guess, [0.91082073 0.09296641].
2019-08-01 12:54:53,628 - INFO - Finished optimization with guess, [0.91082073 0.09296641].
2019-08-01 12:54:53,628 - INFO - Best fit parameters: [0.17919213 0.35076788].
2019-08-01 12:54:53,661 - INFO - Maximum log composite likelihood: -24.0740540252.
2019-08-01 12:54:53,661 - INFO - Optimal value of theta: 190.61172408.
2019-08-01 12:54:53,661 - INFO - Beginning optimization with guess, [0.96274459 0.17426731].
2019-08-01 12:54:54,595 - INFO - Finished optimization with guess, [0.96274459 0.17426731].
2019-08-01 12:54:54,596 - INFO - Best fit parameters: [0.17114881 0.34495051].
2019-08-01 12:54:54,635 - INFO - Maximum log composite likelihood: -24.0740393714.
2019-08-01 12:54:54,635 - INFO - Optimal value of theta: 199.720488253.
2019-08-01 12:54:54,636 - INFO - Beginning optimization with guess, [0.42894024 0.08189676].
2019-08-01 12:54:56,000 - INFO - Finished optimization with guess, [0.42894024 0.08189676].
2019-08-01 12:54:56,000 - INFO - Best fit parameters: [0.17679362 0.3500151 ].
2019-08-01 12:54:56,017 - INFO - Maximum log composite likelihood: -24.074142756.
2019-08-01 12:54:56,018 - INFO - Optimal value of theta: 193.583803827.
2019-08-01 12:54:56,018 - INFO - Beginning optimization with guess, [0.82672318 0.14141941].
2019-08-01 12:54:56,706 - INFO - Finished optimization with guess, [0.82672318 0.14141941].
2019-08-01 12:54:56,707 - INFO - Best fit parameters: [0.19111746 0.35923282].
2019-08-01 12:54:56,723 - INFO - Maximum log composite likelihood: -24.074155784.
2019-08-01 12:54:56,723 - INFO - Optimal value of theta: 178.800954789.
2019-08-01 12:54:56,724 - INFO - Beginning optimization with guess, [0.27891444 0.05962843].
2019-08-01 12:54:57,392 - INFO - Finished optimization with guess, [0.27891444 0.05962843].
2019-08-01 12:54:57,393 - INFO - Best fit parameters: [0.20612601 0.36815218].
2019-08-01 12:54:57,408 - INFO - Maximum log composite likelihood: -24.0743259061.
2019-08-01 12:54:57,409 - INFO - Optimal value of theta: 165.833719896.
2019-08-01 12:54:57,409 - INFO - Beginning optimization with guess, [0.33750082 0.13731321].
2019-08-01 12:54:58,054 - INFO - Finished optimization with guess, [0.33750082 0.13731321].
2019-08-01 12:54:58,054 - INFO - Best fit parameters: [0.19393327 0.36053293].
2019-08-01 12:54:58,070 - INFO - Maximum log composite likelihood: -24.0741566644.
2019-08-01 12:54:58,070 - INFO - Optimal value of theta: 176.05851302.
2019-08-01 12:54:58,070 - INFO - Beginning optimization with guess, [0.35342025 0.1980087 ].
2019-08-01 12:54:59,555 - INFO - Finished optimization with guess, [0.35342025 0.1980087 ].
2019-08-01 12:54:59,555 - INFO - Best fit parameters: [0.15511656 0.3303108 ].
2019-08-01 12:54:59,573 - INFO - Maximum log composite likelihood: -24.0739370771.
2019-08-01 12:54:59,573 - INFO - Optimal value of theta: 220.077184089.
2019-08-01 12:54:59,574 - INFO - Finished demographic inference.
2019-08-01 12:54:59,574 - INFO - Beginning DFE inference.
2019-08-01 12:55:12,391 - INFO - Beginning optimization with guess, [5.09813062e-02 8.75423813e+02].
2019-08-01 12:55:18,099 - INFO - Finished optomization, results are [-22.72275380518265 array([7.33375432e-02, 1.55229243e+04])].
2019-08-01 12:55:18,099 - INFO - Beginning optimization with guess, [1.71807606e-01 3.55750721e+02].
2019-08-01 12:55:24,012 - INFO - Finished optomization, results are [-22.722748573729994 array([7.37564905e-02, 1.48527373e+04])].
2019-08-01 12:55:24,013 - INFO - Beginning optimization with guess, [1.66484794e-01 1.07685215e+03].
2019-08-01 12:55:26,435 - INFO - Finished optomization, results are [-22.722766791855797 array([7.37000701e-02, 1.49096808e+04])].
2019-08-01 12:55:26,435 - INFO - Beginning optimization with guess, [4.91241560e-02 3.99180946e+02].
2019-08-01 12:55:33,023 - INFO - Finished optomization, results are [-22.722784301225452 array([7.33116929e-02, 1.54920756e+04])].
2019-08-01 12:55:33,024 - INFO - Beginning optimization with guess, [4.65311349e-02 7.16215530e+02].
2019-08-01 12:55:35,370 - INFO - Finished optomization, results are [-22.722720861073913 array([7.39830116e-02, 1.45803067e+04])].
2019-08-01 12:55:35,370 - INFO - Beginning optimization with guess, [4.84863924e-02 1.16921547e+03].
2019-08-01 12:55:41,105 - INFO - Finished optomization, results are [-22.72281499148384 array([7.29644228e-02, 1.60907208e+04])].
2019-08-01 12:55:41,106 - INFO - Beginning optimization with guess, [1.11800653e-01 1.00711069e+03].
2019-08-01 12:55:43,315 - INFO - Finished optomization, results are [-22.722762205931847 array([7.36664705e-02, 1.49653969e+04])].
2019-08-01 12:55:43,316 - INFO - Beginning optimization with guess, [1.38994497e-01 1.25405079e+03].
2019-08-01 12:55:45,661 - INFO - Finished optomization, results are [-22.722793156040822 array([7.35731716e-02, 1.50656377e+04])].
2019-08-01 12:55:45,661 - INFO - Beginning optimization with guess, [4.88235595e-02 6.32827158e+02].
2019-08-01 12:55:49,027 - INFO - Finished optomization, results are [-22.722919512338287 array([7.27312669e-02, 1.66419475e+04])].
2019-08-01 12:55:49,027 - INFO - Beginning optimization with guess, [1.66710435e-01 7.80325405e+02].
2019-08-01 12:55:54,821 - INFO - Finished optomization, results are [-22.7228347448601 array([7.28625801e-02, 1.62709417e+04])].
2019-08-01 12:55:54,822 - INFO - Beginning optimization with guess, [5.25212271e-02 6.37102368e+02].
2019-08-01 12:55:59,525 - INFO - Finished optomization, results are [-22.7227606015241 array([7.36352663e-02, 1.50143509e+04])].
2019-08-01 12:55:59,525 - INFO - Beginning optimization with guess, [1.22747937e-01 3.88238030e+02].
2019-08-01 12:56:03,721 - INFO - Finished optomization, results are [-22.72274230620235 array([7.36867324e-02, 1.49661723e+04])].
2019-08-01 12:56:03,722 - INFO - Beginning optimization with guess, [1.24800662e-01 9.21052952e+02].
2019-08-01 12:56:06,752 - INFO - Finished optomization, results are [-22.722732841343877 array([7.40660345e-02, 1.44473943e+04])].
2019-08-01 12:56:06,753 - INFO - Beginning optimization with guess, [7.78426764e-02 9.77385937e+02].
2019-08-01 12:56:10,040 - INFO - Finished optomization, results are [-22.722769560350446 array([7.36315461e-02, 1.50074232e+04])].
2019-08-01 12:56:10,041 - INFO - Beginning optimization with guess, [5.10939216e-02 1.07326180e+03].
2019-08-01 12:56:15,759 - INFO - Finished optomization, results are [-22.722789760625837 array([7.30988752e-02, 1.58832790e+04])].
2019-08-01 12:56:15,760 - INFO - Beginning optimization with guess, [1.12209951e-01 4.42741331e+02].
2019-08-01 12:56:20,812 - INFO - Finished optomization, results are [-22.72279117120236 array([7.31266424e-02, 1.58152090e+04])].
2019-08-01 12:56:20,812 - INFO - Beginning optimization with guess, [9.67631172e-02 5.63854649e+02].
2019-08-01 12:56:25,367 - INFO - Finished optomization, results are [-22.72272396784046 array([7.38413117e-02, 1.47730644e+04])].
2019-08-01 12:56:25,368 - INFO - Beginning optimization with guess, [6.58568006e-02 8.58888795e+02].
2019-08-01 12:56:28,301 - INFO - Finished optomization, results are [-22.722708161266013 array([7.40862403e-02, 1.44731806e+04])].
2019-08-01 12:56:28,301 - INFO - Beginning optimization with guess, [1.78684889e-01 9.41223599e+02].
2019-08-01 12:56:33,958 - INFO - Finished optomization, results are [-22.7228378974033 array([7.28635141e-02, 1.62379446e+04])].
2019-08-01 12:56:33,960 - INFO - Beginning optimization with guess, [7.17600613e-02 6.59327394e+02].
2019-08-01 12:56:37,323 - INFO - Finished optomization, results are [-22.72277354125137 array([7.36035483e-02, 1.53348671e+04])].
2019-08-01 12:56:37,323 - INFO - Beginning optimization with guess, [6.48100328e-02 4.97634070e+02].
2019-08-01 12:56:43,992 - INFO - Finished optomization, results are [-22.722857164755744 array([7.29549678e-02, 1.60007817e+04])].
2019-08-01 12:56:43,993 - INFO - Beginning optimization with guess, [6.40508763e-02 5.14437824e+02].
2019-08-01 12:56:49,899 - INFO - Finished optomization, results are [-22.722855974376564 array([7.29526563e-02, 1.60069709e+04])].
2019-08-01 12:56:49,900 - INFO - Beginning optimization with guess, [1.46278125e-01 6.41173578e+02].
2019-08-01 12:56:53,381 - INFO - Finished optomization, results are [-22.722769198964194 array([7.32976178e-02, 1.55486453e+04])].
2019-08-01 12:56:53,382 - INFO - Beginning optimization with guess, [1.42026382e-01 1.19433071e+03].
2019-08-01 12:56:58,244 - INFO - Finished optomization, results are [-22.722707077295908 array([7.39455082e-02, 1.46688004e+04])].
2019-08-01 12:56:58,244 - INFO - Beginning optimization with guess, [1.17798802e-01 6.13528599e+02].
2019-08-01 12:57:03,283 - INFO - Finished optomization, results are [-22.72276906483451 array([7.32808236e-02, 1.55800942e+04])].
2019-08-01 12:57:03,284 - INFO - Beginning optimization with guess, [7.67249472e-02 1.11861377e+03].
2019-08-01 12:57:08,271 - INFO - Finished optomization, results are [-22.722771042384053 array([7.32928466e-02, 1.55526121e+04])].
2019-08-01 12:57:08,271 - INFO - Beginning optimization with guess, [9.53788745e-02 8.37020858e+02].
2019-08-01 12:57:13,181 - INFO - Finished optomization, results are [-22.72280940547261 array([7.30495963e-02, 1.59174938e+04])].
2019-08-01 12:57:13,182 - INFO - Beginning optimization with guess, [7.45111932e-02 1.05840198e+03].
2019-08-01 12:57:18,721 - INFO - Finished optomization, results are [-22.72278971784591 array([7.30939387e-02, 1.58964730e+04])].
2019-08-01 12:57:18,722 - INFO - Beginning optimization with guess, [4.63172324e-02 6.07963938e+02].
2019-08-01 12:57:23,284 - INFO - Finished optomization, results are [-22.72278763040171 array([7.34446031e-02, 1.52701678e+04])].
2019-08-01 12:57:23,284 - INFO - Beginning optimization with guess, [5.75484472e-02 5.20802788e+02].
2019-08-01 12:57:28,438 - INFO - Finished optomization, results are [-22.72270714513701 array([7.39147162e-02, 1.48051581e+04])].
2019-08-01 12:57:28,440 - INFO - Beginning optimization with guess, [1.00109238e-01 1.35673019e+03].
2019-08-01 12:57:34,250 - INFO - Finished optomization, results are [-22.722848344225632 array([7.30170894e-02, 1.59016699e+04])].
2019-08-01 12:57:34,250 - INFO - Beginning optimization with guess, [1.04691463e-01 1.23470631e+03].
2019-08-01 12:57:37,003 - INFO - Finished optomization, results are [-22.722783915147062 array([7.35688411e-02, 1.50832273e+04])].
2019-08-01 12:57:37,004 - INFO - Beginning optimization with guess, [7.39399202e-02 6.96154107e+02].
2019-08-01 12:57:42,630 - INFO - Finished optomization, results are [-22.722706380557014 array([7.40242338e-02, 1.45617247e+04])].
2019-08-01 12:57:42,630 - INFO - Beginning optimization with guess, [9.08914735e-02 1.17475078e+03].
2019-08-01 12:57:49,865 - INFO - Finished optomization, results are [-22.722729863697914 array([7.37912248e-02, 1.48339789e+04])].
2019-08-01 12:57:49,866 - INFO - Beginning optimization with guess, [4.69428414e-02 6.00495013e+02].
2019-08-01 12:57:53,365 - INFO - Finished optomization, results are [-22.722843239632127 array([7.28660356e-02, 1.62087095e+04])].
2019-08-01 12:57:53,366 - INFO - Beginning optimization with guess, [6.59340081e-02 5.20507029e+02].
2019-08-01 12:57:55,955 - INFO - Finished optomization, results are [-22.72284370313841 array([7.30816144e-02, 1.57944463e+04])].
2019-08-01 12:57:55,956 - INFO - Beginning optimization with guess, [4.54707985e-02 4.47816591e+02].
2019-08-01 12:58:00,678 - INFO - Finished optomization, results are [-22.722750390545983 array([7.34581294e-02, 1.53133349e+04])].
2019-08-01 12:58:00,678 - INFO - Beginning optimization with guess, [1.23241455e-01 4.84059928e+02].
2019-08-01 12:58:03,778 - INFO - Finished optomization, results are [-22.72276065660671 array([7.37514811e-02, 1.48429459e+04])].
2019-08-01 12:58:03,780 - INFO - Beginning optimization with guess, [1.29007480e-01 4.37403749e+02].
2019-08-01 12:58:09,129 - INFO - Finished optomization, results are [-22.72281398912307 array([7.30268362e-02, 1.59510361e+04])].
2019-08-01 12:58:09,129 - INFO - Beginning optimization with guess, [6.53501777e-02 9.37364379e+02].
2019-08-01 12:58:13,749 - INFO - Finished optomization, results are [-22.722815238349774 array([7.29923054e-02, 1.60205851e+04])].
2019-08-01 12:58:13,750 - INFO - Beginning optimization with guess, [1.26942827e-01 7.23642616e+02].
2019-08-01 12:58:18,320 - INFO - Finished optomization, results are [-22.72283920815575 array([7.30058949e-02, 1.59369559e+04])].
2019-08-01 12:58:18,320 - INFO - Beginning optimization with guess, [7.80624892e-02 3.97026894e+02].
2019-08-01 12:58:23,389 - INFO - Finished optomization, results are [-22.72278145158719 array([7.32003193e-02, 1.56979587e+04])].
2019-08-01 12:58:23,390 - INFO - Beginning optimization with guess, [6.83129689e-02 1.17866031e+03].
2019-08-01 12:58:28,284 - INFO - Finished optomization, results are [-22.72279985798692 array([7.34282462e-02, 1.52799213e+04])].
2019-08-01 12:58:28,284 - INFO - Beginning optimization with guess, [5.68880566e-02 8.29892715e+02].
2019-08-01 12:58:33,295 - INFO - Finished optomization, results are [-22.72275291725834 array([7.37271086e-02, 1.48891867e+04])].
2019-08-01 12:58:33,295 - INFO - Beginning optimization with guess, [1.54694638e-01 9.09247089e+02].
2019-08-01 12:58:35,841 - INFO - Finished optomization, results are [-22.72288204719129 array([7.30025716e-02, 1.58823534e+04])].
2019-08-01 12:58:35,841 - INFO - Beginning optimization with guess, [6.77885887e-02 4.29785435e+02].
2019-08-01 12:58:40,840 - INFO - Finished optomization, results are [-22.722883352593335 array([7.28264263e-02, 1.61995572e+04])].
2019-08-01 12:58:40,840 - INFO - Beginning optimization with guess, [1.39249244e-01 1.03342457e+03].
2019-08-01 12:58:45,776 - INFO - Finished optomization, results are [-22.722782271008533 array([7.35329079e-02, 1.51400183e+04])].
2019-08-01 12:58:45,777 - INFO - Beginning optimization with guess, [9.98179331e-02 9.04018052e+02].
2019-08-01 12:58:48,010 - INFO - Finished optomization, results are [-22.722826411116472 array([7.33318235e-02, 1.54006375e+04])].
2019-08-01 12:58:48,010 - INFO - Beginning optimization with guess, [4.88738903e-02 1.32639228e+03].
2019-08-01 12:58:53,146 - INFO - Finished optomization, results are [-22.722843360802862 array([7.28389048e-02, 1.62766197e+04])].
2019-08-01 12:58:53,147 - INFO - Beginning optimization with guess, [8.80283101e-02 4.74073092e+02].
2019-08-01 12:58:59,121 - INFO - Finished optomization, results are [-22.722712152834767 array([7.39462661e-02, 1.46516559e+04])].
2019-08-01 12:58:59,121 - INFO - Finished DFE inference.
2019-08-01 12:58:59,121 - INFO - Integrating expected site-frequency spectrum.
2019-08-01 12:58:59,136 - INFO - Outputing results.
2019-08-01 12:58:59,140 - INFO - Pipeline executed succesfully.
