2019-10-28 15:24:46,061 - INFO - Beginning execution of fitdadi_infer_DFE.py in directory /u/home/j/jonmah/lohmueller_lab/Scripts

2019-10-28 15:24:46,062 - INFO - Progress is being logged to ../Data/AW_to_neutral/seed_5_fitdadi_output/log.log

2019-10-28 15:24:46,062 - INFO - Parsed the following arguments:
	breed = LB
	outprefix = ../Data/AW_to_neutral/seed_5_fitdadi_output/
	nonsyn_input_sfs = ../Data/AW_to_neutral/seed_5_easySFS_output_nonsyn/dadi/pop1.sfs
	syn_input_sfs = ../Data/AW_to_neutral/seed_5_easySFS_output_syn/dadi/pop1.sfs

2019-10-28 15:24:46,066 - INFO - Beginning optimization with guess, [0.46205466 0.07055561].
2019-10-28 15:24:48,248 - INFO - Finished optimization with guess, [0.46205466 0.07055561].
2019-10-28 15:24:48,249 - INFO - Best fit parameters: [0.25217814 0.10976017].
2019-10-28 15:24:48,270 - INFO - Maximum log composite likelihood: -39.2744881753.
2019-10-28 15:24:48,271 - INFO - Optimal value of theta: 4845.81074998.
2019-10-28 15:24:48,271 - INFO - Beginning optimization with guess, [0.33525322 0.05891233].
2019-10-28 15:24:50,363 - INFO - Finished optimization with guess, [0.33525322 0.05891233].
2019-10-28 15:24:50,364 - INFO - Best fit parameters: [0.25213637 0.10950053].
2019-10-28 15:24:50,385 - INFO - Maximum log composite likelihood: -39.2745066861.
2019-10-28 15:24:50,386 - INFO - Optimal value of theta: 4842.79800305.
2019-10-28 15:24:50,387 - INFO - Beginning optimization with guess, [0.42220889 0.14661095].
2019-10-28 15:24:52,852 - INFO - Finished optimization with guess, [0.42220889 0.14661095].
2019-10-28 15:24:52,853 - INFO - Best fit parameters: [0.25231778 0.10993589].
2019-10-28 15:24:52,874 - INFO - Maximum log composite likelihood: -39.2744420585.
2019-10-28 15:24:52,875 - INFO - Optimal value of theta: 4846.81966976.
2019-10-28 15:24:52,875 - INFO - Beginning optimization with guess, [0.84108099 0.06498664].
2019-10-28 15:24:54,896 - INFO - Finished optimization with guess, [0.84108099 0.06498664].
2019-10-28 15:24:54,897 - INFO - Best fit parameters: [0.25219209 0.10954324].
2019-10-28 15:24:54,918 - INFO - Maximum log composite likelihood: -39.2744785545.
2019-10-28 15:24:54,919 - INFO - Optimal value of theta: 4842.84470049.
2019-10-28 15:24:54,919 - INFO - Beginning optimization with guess, [0.84180826 0.05219622].
2019-10-28 15:24:56,208 - INFO - Finished optimization with guess, [0.84180826 0.05219622].
2019-10-28 15:24:56,208 - INFO - Best fit parameters: [0.25231243 0.10964444].
2019-10-28 15:24:56,229 - INFO - Maximum log composite likelihood: -39.2744486069.
2019-10-28 15:24:56,230 - INFO - Optimal value of theta: 4843.06220686.
2019-10-28 15:24:56,230 - INFO - Beginning optimization with guess, [0.30876173 0.0762051 ].
2019-10-28 15:24:57,900 - INFO - Finished optimization with guess, [0.30876173 0.0762051 ].
2019-10-28 15:24:57,901 - INFO - Best fit parameters: [0.25212187 0.10950629].
2019-10-28 15:24:57,923 - INFO - Maximum log composite likelihood: -39.2745142922.
2019-10-28 15:24:57,923 - INFO - Optimal value of theta: 4843.00689357.
2019-10-28 15:24:57,924 - INFO - Beginning optimization with guess, [0.41328763 0.10966027].
2019-10-28 15:25:01,250 - INFO - Finished optimization with guess, [0.41328763 0.10966027].
2019-10-28 15:25:01,251 - INFO - Best fit parameters: [0.25223982 0.10950855].
2019-10-28 15:25:01,272 - INFO - Maximum log composite likelihood: -39.2744763707.
2019-10-28 15:25:01,273 - INFO - Optimal value of theta: 4841.95171656.
2019-10-28 15:25:01,273 - INFO - Beginning optimization with guess, [0.65580201 0.0720536 ].
2019-10-28 15:25:01,965 - INFO - Finished optimization with guess, [0.65580201 0.0720536 ].
2019-10-28 15:25:01,965 - INFO - Best fit parameters: [0.25212135 0.10952457].
2019-10-28 15:25:01,991 - INFO - Maximum log composite likelihood: -39.2745136201.
2019-10-28 15:25:01,992 - INFO - Optimal value of theta: 4843.25102996.
2019-10-28 15:25:01,993 - INFO - Beginning optimization with guess, [0.26503223 0.1177041 ].
2019-10-28 15:25:03,636 - INFO - Finished optimization with guess, [0.26503223 0.1177041 ].
2019-10-28 15:25:03,636 - INFO - Best fit parameters: [0.25225592 0.10963019].
2019-10-28 15:25:03,658 - INFO - Maximum log composite likelihood: -39.2744525727.
2019-10-28 15:25:03,658 - INFO - Optimal value of theta: 4843.39539798.
2019-10-28 15:25:03,659 - INFO - Beginning optimization with guess, [0.67478861 0.05124615].
2019-10-28 15:25:05,036 - INFO - Finished optimization with guess, [0.67478861 0.05124615].
2019-10-28 15:25:05,037 - INFO - Best fit parameters: [0.2521218  0.10950639].
2019-10-28 15:25:05,058 - INFO - Maximum log composite likelihood: -39.2745143255.
2019-10-28 15:25:05,059 - INFO - Optimal value of theta: 4843.00882577.
2019-10-28 15:25:05,059 - INFO - Beginning optimization with guess, [0.26346449 0.15295621].
2019-10-28 15:25:06,578 - INFO - Finished optimization with guess, [0.26346449 0.15295621].
2019-10-28 15:25:06,578 - INFO - Best fit parameters: [0.2521794  0.10969481].
2019-10-28 15:25:06,600 - INFO - Maximum log composite likelihood: -39.274480176.
2019-10-28 15:25:06,600 - INFO - Optimal value of theta: 4844.94467964.
2019-10-28 15:25:06,601 - INFO - Beginning optimization with guess, [0.43599425 0.19868288].
2019-10-28 15:25:08,323 - INFO - Finished optimization with guess, [0.43599425 0.19868288].
2019-10-28 15:25:08,323 - INFO - Best fit parameters: [0.25212187 0.10950602].
2019-10-28 15:25:08,344 - INFO - Maximum log composite likelihood: -39.274514311.
2019-10-28 15:25:08,345 - INFO - Optimal value of theta: 4843.0033616.
2019-10-28 15:25:08,345 - INFO - Beginning optimization with guess, [0.41849499 0.05527436].
2019-10-28 15:25:10,232 - INFO - Finished optimization with guess, [0.41849499 0.05527436].
2019-10-28 15:25:10,233 - INFO - Best fit parameters: [0.25213184 0.10952072].
2019-10-28 15:25:10,254 - INFO - Maximum log composite likelihood: -39.274507556.
2019-10-28 15:25:10,255 - INFO - Optimal value of theta: 4843.1042286.
2019-10-28 15:25:10,256 - INFO - Beginning optimization with guess, [0.7646853  0.13127958].
2019-10-28 15:25:13,553 - INFO - Finished optimization with guess, [0.7646853  0.13127958].
2019-10-28 15:25:13,553 - INFO - Best fit parameters: [0.25227278 0.10989353].
2019-10-28 15:25:13,575 - INFO - Maximum log composite likelihood: -39.2744531375.
2019-10-28 15:25:13,575 - INFO - Optimal value of theta: 4846.68118219.
2019-10-28 15:25:13,576 - INFO - Beginning optimization with guess, [0.42407769 0.09347681].
2019-10-28 15:25:16,123 - INFO - Finished optimization with guess, [0.42407769 0.09347681].
2019-10-28 15:25:16,124 - INFO - Best fit parameters: [0.25233325 0.10990187].
2019-10-28 15:25:16,145 - INFO - Maximum log composite likelihood: -39.2744341823.
2019-10-28 15:25:16,146 - INFO - Optimal value of theta: 4846.23334661.
2019-10-28 15:25:16,146 - INFO - Beginning optimization with guess, [0.76794633 0.05410057].
2019-10-28 15:25:17,746 - INFO - Finished optimization with guess, [0.76794633 0.05410057].
2019-10-28 15:25:17,746 - INFO - Best fit parameters: [0.25216827 0.10962622].
2019-10-28 15:25:17,767 - INFO - Maximum log composite likelihood: -39.2744840126.
2019-10-28 15:25:17,768 - INFO - Optimal value of theta: 4844.14995721.
2019-10-28 15:25:17,768 - INFO - Beginning optimization with guess, [0.30281343 0.19236342].
2019-10-28 15:25:18,654 - INFO - Finished optimization with guess, [0.30281343 0.19236342].
2019-10-28 15:25:18,655 - INFO - Best fit parameters: [0.25212179 0.10950629].
2019-10-28 15:25:18,676 - INFO - Maximum log composite likelihood: -39.274514338.
2019-10-28 15:25:18,677 - INFO - Optimal value of theta: 4843.00757583.
2019-10-28 15:25:18,677 - INFO - Beginning optimization with guess, [0.27723586 0.13421852].
2019-10-28 15:25:20,066 - INFO - Finished optimization with guess, [0.27723586 0.13421852].
2019-10-28 15:25:20,066 - INFO - Best fit parameters: [0.25219855 0.10956479].
2019-10-28 15:25:20,087 - INFO - Maximum log composite likelihood: -39.2744738784.
2019-10-28 15:25:20,088 - INFO - Optimal value of theta: 4843.06746113.
2019-10-28 15:25:20,088 - INFO - Beginning optimization with guess, [0.25078255 0.05352084].
2019-10-28 15:25:21,101 - INFO - Finished optimization with guess, [0.25078255 0.05352084].
2019-10-28 15:25:21,101 - INFO - Best fit parameters: [0.25212179 0.10950629].
2019-10-28 15:25:21,123 - INFO - Maximum log composite likelihood: -39.2745143384.
2019-10-28 15:25:21,123 - INFO - Optimal value of theta: 4843.00757904.
2019-10-28 15:25:21,124 - INFO - Beginning optimization with guess, [0.83328867 0.15609599].
2019-10-28 15:25:23,728 - INFO - Finished optimization with guess, [0.83328867 0.15609599].
2019-10-28 15:25:23,732 - INFO - Best fit parameters: [0.25236398 0.10980505].
2019-10-28 15:25:23,756 - INFO - Maximum log composite likelihood: -39.2744320689.
2019-10-28 15:25:23,757 - INFO - Optimal value of theta: 4844.68662815.
2019-10-28 15:25:23,758 - INFO - Beginning optimization with guess, [0.33197752 0.05533198].
2019-10-28 15:25:25,764 - INFO - Finished optimization with guess, [0.33197752 0.05533198].
2019-10-28 15:25:25,765 - INFO - Best fit parameters: [0.25212562 0.10951121].
2019-10-28 15:25:25,786 - INFO - Maximum log composite likelihood: -39.2745117546.
2019-10-28 15:25:25,787 - INFO - Optimal value of theta: 4843.03682055.
2019-10-28 15:25:25,787 - INFO - Beginning optimization with guess, [0.56976878 0.13664441].
2019-10-28 15:25:27,341 - INFO - Finished optimization with guess, [0.56976878 0.13664441].
2019-10-28 15:25:27,342 - INFO - Best fit parameters: [0.25218564 0.10945164].
2019-10-28 15:25:27,363 - INFO - Maximum log composite likelihood: -39.2744967067.
2019-10-28 15:25:27,364 - INFO - Optimal value of theta: 4841.70442742.
2019-10-28 15:25:27,364 - INFO - Beginning optimization with guess, [0.3464454  0.12217237].
2019-10-28 15:25:30,506 - INFO - Finished optimization with guess, [0.3464454  0.12217237].
2019-10-28 15:25:30,507 - INFO - Best fit parameters: [0.26035738 0.14114174].
2019-10-28 15:25:30,530 - INFO - Maximum log composite likelihood: -39.5957193395.
2019-10-28 15:25:30,531 - INFO - Optimal value of theta: 5157.67985447.
2019-10-28 15:25:30,531 - INFO - Beginning optimization with guess, [0.46236252 0.05510598].
2019-10-28 15:25:31,465 - INFO - Finished optimization with guess, [0.46236252 0.05510598].
2019-10-28 15:25:31,466 - INFO - Best fit parameters: [0.25212179 0.10950629].
2019-10-28 15:25:31,487 - INFO - Maximum log composite likelihood: -39.2745143384.
2019-10-28 15:25:31,488 - INFO - Optimal value of theta: 4843.00758749.
2019-10-28 15:25:31,488 - INFO - Beginning optimization with guess, [0.38566175 0.16017435].
2019-10-28 15:25:35,017 - INFO - Finished optimization with guess, [0.38566175 0.16017435].
2019-10-28 15:25:35,017 - INFO - Best fit parameters: [0.25212219 0.10950925].
2019-10-28 15:25:35,039 - INFO - Maximum log composite likelihood: -39.2745139107.
2019-10-28 15:25:35,039 - INFO - Optimal value of theta: 4843.04270704.
2019-10-28 15:25:35,040 - INFO - Beginning optimization with guess, [0.29178022 0.10517467].
2019-10-28 15:25:35,913 - INFO - Finished optimization with guess, [0.29178022 0.10517467].
2019-10-28 15:25:35,913 - INFO - Best fit parameters: [0.25212179 0.1095063 ].
2019-10-28 15:25:35,934 - INFO - Maximum log composite likelihood: -39.2745143355.
2019-10-28 15:25:35,935 - INFO - Optimal value of theta: 4843.00774354.
2019-10-28 15:25:35,935 - INFO - Beginning optimization with guess, [0.32287632 0.05044102].
2019-10-28 15:25:38,003 - INFO - Finished optimization with guess, [0.32287632 0.05044102].
2019-10-28 15:25:38,003 - INFO - Best fit parameters: [0.25213638 0.10952125].
2019-10-28 15:25:38,024 - INFO - Maximum log composite likelihood: -39.274504976.
2019-10-28 15:25:38,025 - INFO - Optimal value of theta: 4843.0693518.
2019-10-28 15:25:38,025 - INFO - Beginning optimization with guess, [0.33019843 0.09015446].
2019-10-28 15:25:39,724 - INFO - Finished optimization with guess, [0.33019843 0.09015446].
2019-10-28 15:25:39,725 - INFO - Best fit parameters: [0.11897378 0.19033345].
2019-10-28 15:25:39,762 - INFO - Maximum log composite likelihood: -40.3806314207.
2019-10-28 15:25:39,762 - INFO - Optimal value of theta: 12012.9458787.
2019-10-28 15:25:39,763 - INFO - Beginning optimization with guess, [0.29333757 0.05495569].
2019-10-28 15:25:41,609 - INFO - Finished optimization with guess, [0.29333757 0.05495569].
2019-10-28 15:25:41,609 - INFO - Best fit parameters: [0.25212953 0.10952649].
2019-10-28 15:25:41,630 - INFO - Maximum log composite likelihood: -39.2745085594.
2019-10-28 15:25:41,631 - INFO - Optimal value of theta: 4843.20096599.
2019-10-28 15:25:41,632 - INFO - Beginning optimization with guess, [0.35348344 0.16045856].
2019-10-28 15:25:43,150 - INFO - Finished optimization with guess, [0.35348344 0.16045856].
2019-10-28 15:25:43,151 - INFO - Best fit parameters: [0.25212394 0.10950046].
2019-10-28 15:25:43,173 - INFO - Maximum log composite likelihood: -39.2745134912.
2019-10-28 15:25:43,173 - INFO - Optimal value of theta: 4842.9115124.
2019-10-28 15:25:43,174 - INFO - Beginning optimization with guess, [0.68750701 0.07430008].
2019-10-28 15:25:43,868 - INFO - Finished optimization with guess, [0.68750701 0.07430008].
2019-10-28 15:25:43,868 - INFO - Best fit parameters: [0.25213746 0.10946776].
2019-10-28 15:25:43,890 - INFO - Maximum log composite likelihood: -39.2745099275.
2019-10-28 15:25:43,890 - INFO - Optimal value of theta: 4842.35872014.
2019-10-28 15:25:43,891 - INFO - Beginning optimization with guess, [0.57649159 0.08238024].
2019-10-28 15:25:45,368 - INFO - Finished optimization with guess, [0.57649159 0.08238024].
2019-10-28 15:25:45,368 - INFO - Best fit parameters: [0.25221642 0.10959393].
2019-10-28 15:25:45,389 - INFO - Maximum log composite likelihood: -39.2744652921.
2019-10-28 15:25:45,390 - INFO - Optimal value of theta: 4843.2843878.
2019-10-28 15:25:45,390 - INFO - Beginning optimization with guess, [0.61908969 0.06351019].
2019-10-28 15:25:46,847 - INFO - Finished optimization with guess, [0.61908969 0.06351019].
2019-10-28 15:25:46,847 - INFO - Best fit parameters: [0.25212249 0.1095274 ].
2019-10-28 15:25:46,868 - INFO - Maximum log composite likelihood: -39.2745127908.
2019-10-28 15:25:46,869 - INFO - Optimal value of theta: 4843.27771652.
2019-10-28 15:25:46,869 - INFO - Beginning optimization with guess, [0.63171834 0.0676618 ].
2019-10-28 15:25:50,062 - INFO - Finished optimization with guess, [0.63171834 0.0676618 ].
2019-10-28 15:25:50,063 - INFO - Best fit parameters: [0.25213116 0.10953484].
2019-10-28 15:25:50,084 - INFO - Maximum log composite likelihood: -39.2745071842.
2019-10-28 15:25:50,085 - INFO - Optimal value of theta: 4843.29532556.
2019-10-28 15:25:50,085 - INFO - Beginning optimization with guess, [0.69311446 0.12577057].
2019-10-28 15:25:53,524 - INFO - Finished optimization with guess, [0.69311446 0.12577057].
2019-10-28 15:25:53,524 - INFO - Best fit parameters: [0.25218014 0.10959413].
2019-10-28 15:25:53,546 - INFO - Maximum log composite likelihood: -39.2744786711.
2019-10-28 15:25:53,546 - INFO - Optimal value of theta: 4843.620768.
2019-10-28 15:25:53,547 - INFO - Beginning optimization with guess, [0.51756206 0.05673821].
2019-10-28 15:25:54,355 - INFO - Finished optimization with guess, [0.51756206 0.05673821].
2019-10-28 15:25:54,355 - INFO - Best fit parameters: [0.25212179 0.10950629].
2019-10-28 15:25:54,377 - INFO - Maximum log composite likelihood: -39.2745143402.
2019-10-28 15:25:54,378 - INFO - Optimal value of theta: 4843.00761941.
2019-10-28 15:25:54,378 - INFO - Beginning optimization with guess, [0.48987217 0.09168677].
2019-10-28 15:25:56,278 - INFO - Finished optimization with guess, [0.48987217 0.09168677].
2019-10-28 15:25:56,279 - INFO - Best fit parameters: [0.25230367 0.10964845].
2019-10-28 15:25:56,300 - INFO - Maximum log composite likelihood: -39.2744472919.
2019-10-28 15:25:56,301 - INFO - Optimal value of theta: 4843.19507541.
2019-10-28 15:25:56,301 - INFO - Beginning optimization with guess, [0.42153412 0.14707138].
2019-10-28 15:25:59,172 - INFO - Finished optimization with guess, [0.42153412 0.14707138].
2019-10-28 15:25:59,174 - INFO - Best fit parameters: [0.25212595 0.10954627].
2019-10-28 15:25:59,195 - INFO - Maximum log composite likelihood: -39.274509996.
2019-10-28 15:25:59,196 - INFO - Optimal value of theta: 4843.49293009.
2019-10-28 15:25:59,196 - INFO - Beginning optimization with guess, [0.78620397 0.19573337].
2019-10-28 15:26:01,402 - INFO - Finished optimization with guess, [0.78620397 0.19573337].
2019-10-28 15:26:01,402 - INFO - Best fit parameters: [0.25229787 0.10968395].
2019-10-28 15:26:01,423 - INFO - Maximum log composite likelihood: -39.2744420946.
2019-10-28 15:26:01,424 - INFO - Optimal value of theta: 4843.71259919.
2019-10-28 15:26:01,424 - INFO - Beginning optimization with guess, [0.86734623 0.06342429].
2019-10-28 15:26:05,764 - INFO - Finished optimization with guess, [0.86734623 0.06342429].
2019-10-28 15:26:05,766 - INFO - Best fit parameters: [0.25212631 0.10949339].
2019-10-28 15:26:05,787 - INFO - Maximum log composite likelihood: -39.2745127259.
2019-10-28 15:26:05,788 - INFO - Optimal value of theta: 4842.79705078.
2019-10-28 15:26:05,788 - INFO - Beginning optimization with guess, [0.62727422 0.13754551].
2019-10-28 15:26:09,387 - INFO - Finished optimization with guess, [0.62727422 0.13754551].
2019-10-28 15:26:09,387 - INFO - Best fit parameters: [0.25216423 0.10961172].
2019-10-28 15:26:09,409 - INFO - Maximum log composite likelihood: -39.2744862421.
2019-10-28 15:26:09,409 - INFO - Optimal value of theta: 4843.99738836.
2019-10-28 15:26:09,410 - INFO - Beginning optimization with guess, [0.27919262 0.1494776 ].
2019-10-28 15:26:10,317 - INFO - Finished optimization with guess, [0.27919262 0.1494776 ].
2019-10-28 15:26:10,318 - INFO - Best fit parameters: [0.25212179 0.10950629].
2019-10-28 15:26:10,339 - INFO - Maximum log composite likelihood: -39.2745143374.
2019-10-28 15:26:10,340 - INFO - Optimal value of theta: 4843.00758859.
2019-10-28 15:26:10,340 - INFO - Beginning optimization with guess, [0.49138853 0.07870664].
2019-10-28 15:26:11,790 - INFO - Finished optimization with guess, [0.49138853 0.07870664].
2019-10-28 15:26:11,790 - INFO - Best fit parameters: [0.25212179 0.10950632].
2019-10-28 15:26:11,812 - INFO - Maximum log composite likelihood: -39.2745143342.
2019-10-28 15:26:11,813 - INFO - Optimal value of theta: 4843.00800109.
2019-10-28 15:26:11,813 - INFO - Beginning optimization with guess, [0.2979358 0.1233904].
2019-10-28 15:26:16,996 - INFO - Finished optimization with guess, [0.2979358 0.1233904].
2019-10-28 15:26:16,997 - INFO - Best fit parameters: [0.1120514  0.18691016].
2019-10-28 15:26:17,035 - INFO - Maximum log composite likelihood: -40.3825080198.
2019-10-28 15:26:17,035 - INFO - Optimal value of theta: 12757.8377338.
2019-10-28 15:26:17,036 - INFO - Beginning optimization with guess, [0.41596797 0.13358646].
2019-10-28 15:26:19,608 - INFO - Finished optimization with guess, [0.41596797 0.13358646].
2019-10-28 15:26:19,611 - INFO - Best fit parameters: [0.2521508  0.10954058].
2019-10-28 15:26:19,634 - INFO - Maximum log composite likelihood: -39.2744959911.
2019-10-28 15:26:19,635 - INFO - Optimal value of theta: 4843.1897258.
2019-10-28 15:26:19,635 - INFO - Beginning optimization with guess, [0.68509063 0.12763251].
2019-10-28 15:26:21,260 - INFO - Finished optimization with guess, [0.68509063 0.12763251].
2019-10-28 15:26:21,261 - INFO - Best fit parameters: [0.25217715 0.10962114].
2019-10-28 15:26:21,282 - INFO - Maximum log composite likelihood: -39.274479279.
2019-10-28 15:26:21,283 - INFO - Optimal value of theta: 4844.00167968.
2019-10-28 15:26:21,283 - INFO - Beginning optimization with guess, [0.43181507 0.14712165].
2019-10-28 15:26:23,850 - INFO - Finished optimization with guess, [0.43181507 0.14712165].
2019-10-28 15:26:23,851 - INFO - Best fit parameters: [0.25212748 0.10949243].
2019-10-28 15:26:23,872 - INFO - Maximum log composite likelihood: -39.2745121667.
2019-10-28 15:26:23,873 - INFO - Optimal value of theta: 4842.77365522.
2019-10-28 15:26:23,873 - INFO - Beginning optimization with guess, [0.27504145 0.13370686].
2019-10-28 15:26:25,891 - INFO - Finished optimization with guess, [0.27504145 0.13370686].
2019-10-28 15:26:25,891 - INFO - Best fit parameters: [0.25216008 0.10949764].
2019-10-28 15:26:25,912 - INFO - Maximum log composite likelihood: -39.2744961167.
2019-10-28 15:26:25,913 - INFO - Optimal value of theta: 4842.54201751.
2019-10-28 15:26:25,913 - INFO - Beginning optimization with guess, [0.90763088 0.08453703].
2019-10-28 15:26:28,240 - INFO - Finished optimization with guess, [0.90763088 0.08453703].
2019-10-28 15:26:28,240 - INFO - Best fit parameters: [0.25236395 0.10987333].
2019-10-28 15:26:28,262 - INFO - Maximum log composite likelihood: -39.2744297321.
2019-10-28 15:26:28,263 - INFO - Optimal value of theta: 4845.57833518.
2019-10-28 15:26:28,263 - INFO - Beginning optimization with guess, [0.37196273 0.09460349].
2019-10-28 15:26:31,652 - INFO - Finished optimization with guess, [0.37196273 0.09460349].
2019-10-28 15:26:31,653 - INFO - Best fit parameters: [0.25215554 0.10964001].
2019-10-28 15:26:31,675 - INFO - Maximum log composite likelihood: -39.2744919789.
2019-10-28 15:26:31,675 - INFO - Optimal value of theta: 4844.44754819.
2019-10-28 15:26:31,676 - INFO - Beginning optimization with guess, [0.47954522 0.06883319].
2019-10-28 15:26:33,896 - INFO - Finished optimization with guess, [0.47954522 0.06883319].
2019-10-28 15:26:33,896 - INFO - Best fit parameters: [0.25229297 0.10993498].
2019-10-28 15:26:33,917 - INFO - Maximum log composite likelihood: -39.2744511944.
2019-10-28 15:26:33,918 - INFO - Optimal value of theta: 4847.03620752.
2019-10-28 15:26:33,918 - INFO - Beginning optimization with guess, [0.46205433 0.05908775].
2019-10-28 15:26:36,058 - INFO - Finished optimization with guess, [0.46205433 0.05908775].
2019-10-28 15:26:36,059 - INFO - Best fit parameters: [0.25212196 0.10950666].
2019-10-28 15:26:36,080 - INFO - Maximum log composite likelihood: -39.2745142118.
2019-10-28 15:26:36,081 - INFO - Optimal value of theta: 4843.01089312.
2019-10-28 15:26:36,081 - INFO - Beginning optimization with guess, [0.80525223 0.05149972].
2019-10-28 15:26:38,608 - INFO - Finished optimization with guess, [0.80525223 0.05149972].
2019-10-28 15:26:38,609 - INFO - Best fit parameters: [0.12586518 0.19321376].
2019-10-28 15:26:38,645 - INFO - Maximum log composite likelihood: -40.3781602279.
2019-10-28 15:26:38,645 - INFO - Optimal value of theta: 11352.4500882.
2019-10-28 15:26:38,646 - INFO - Beginning optimization with guess, [0.5538182  0.18614757].
2019-10-28 15:26:41,460 - INFO - Finished optimization with guess, [0.5538182  0.18614757].
2019-10-28 15:26:41,460 - INFO - Best fit parameters: [0.2521465  0.10956528].
2019-10-28 15:26:41,482 - INFO - Maximum log composite likelihood: -39.2744970705.
2019-10-28 15:26:41,482 - INFO - Optimal value of theta: 4843.55269294.
2019-10-28 15:26:41,483 - INFO - Beginning optimization with guess, [0.83607506 0.18263097].
2019-10-28 15:26:42,685 - INFO - Finished optimization with guess, [0.83607506 0.18263097].
2019-10-28 15:26:42,685 - INFO - Best fit parameters: [0.25212182 0.10950635].
2019-10-28 15:26:42,706 - INFO - Maximum log composite likelihood: -39.2745143187.
2019-10-28 15:26:42,707 - INFO - Optimal value of theta: 4843.00820335.
2019-10-28 15:26:42,707 - INFO - Beginning optimization with guess, [0.63603841 0.08370046].
2019-10-28 15:26:43,822 - INFO - Finished optimization with guess, [0.63603841 0.08370046].
2019-10-28 15:26:43,822 - INFO - Best fit parameters: [0.25234937 0.10993114].
2019-10-28 15:26:43,844 - INFO - Maximum log composite likelihood: -39.2744339053.
2019-10-28 15:26:43,844 - INFO - Optimal value of theta: 4846.4668965.
2019-10-28 15:26:43,845 - INFO - Beginning optimization with guess, [0.48629925 0.16811953].
2019-10-28 15:26:47,992 - INFO - Finished optimization with guess, [0.48629925 0.16811953].
2019-10-28 15:26:47,993 - INFO - Best fit parameters: [0.25215614 0.10959386].
2019-10-28 15:26:48,014 - INFO - Maximum log composite likelihood: -39.2744909389.
2019-10-28 15:26:48,015 - INFO - Optimal value of theta: 4843.8380085.
2019-10-28 15:26:48,015 - INFO - Beginning optimization with guess, [0.96833876 0.10538534].
2019-10-28 15:26:49,486 - INFO - Finished optimization with guess, [0.96833876 0.10538534].
2019-10-28 15:26:49,486 - INFO - Best fit parameters: [0.25225593 0.10988844].
2019-10-28 15:26:49,508 - INFO - Maximum log composite likelihood: -39.2744607051.
2019-10-28 15:26:49,508 - INFO - Optimal value of theta: 4846.76988933.
2019-10-28 15:26:49,509 - INFO - Beginning optimization with guess, [0.40294793 0.05629798].
2019-10-28 15:26:50,789 - INFO - Finished optimization with guess, [0.40294793 0.05629798].
2019-10-28 15:26:50,792 - INFO - Best fit parameters: [0.25212301 0.10950736].
2019-10-28 15:26:50,815 - INFO - Maximum log composite likelihood: -39.2745135433.
2019-10-28 15:26:50,816 - INFO - Optimal value of theta: 4843.01034262.
2019-10-28 15:26:50,816 - INFO - Beginning optimization with guess, [0.53034412 0.07355273].
2019-10-28 15:26:53,572 - INFO - Finished optimization with guess, [0.53034412 0.07355273].
2019-10-28 15:26:53,572 - INFO - Best fit parameters: [0.2521574  0.10949634].
2019-10-28 15:26:53,594 - INFO - Maximum log composite likelihood: -39.2744973808.
2019-10-28 15:26:53,595 - INFO - Optimal value of theta: 4842.54967851.
2019-10-28 15:26:53,595 - INFO - Beginning optimization with guess, [0.45155714 0.05220201].
2019-10-28 15:26:55,331 - INFO - Finished optimization with guess, [0.45155714 0.05220201].
2019-10-28 15:26:55,332 - INFO - Best fit parameters: [0.25216287 0.10972222].
2019-10-28 15:26:55,353 - INFO - Maximum log composite likelihood: -39.2744939447.
2019-10-28 15:26:55,354 - INFO - Optimal value of theta: 4845.45524474.
2019-10-28 15:26:55,354 - INFO - Beginning optimization with guess, [0.55136248 0.12006029].
2019-10-28 15:26:56,964 - INFO - Finished optimization with guess, [0.55136248 0.12006029].
2019-10-28 15:26:56,965 - INFO - Best fit parameters: [0.25214646 0.10956747].
2019-10-28 15:26:56,986 - INFO - Maximum log composite likelihood: -39.2744970256.
2019-10-28 15:26:56,987 - INFO - Optimal value of theta: 4843.58180928.
2019-10-28 15:26:56,987 - INFO - Beginning optimization with guess, [0.3260461 0.1108222].
2019-10-28 15:27:00,105 - INFO - Finished optimization with guess, [0.3260461 0.1108222].
2019-10-28 15:27:00,105 - INFO - Best fit parameters: [0.11225011 0.18707224].
2019-10-28 15:27:00,143 - INFO - Maximum log composite likelihood: -40.3824372859.
2019-10-28 15:27:00,144 - INFO - Optimal value of theta: 12738.6593207.
2019-10-28 15:27:00,144 - INFO - Beginning optimization with guess, [0.51065821 0.08628176].
2019-10-28 15:27:01,758 - INFO - Finished optimization with guess, [0.51065821 0.08628176].
2019-10-28 15:27:01,758 - INFO - Best fit parameters: [0.25216207 0.10965024].
2019-10-28 15:27:01,780 - INFO - Maximum log composite likelihood: -39.2744882952.
2019-10-28 15:27:01,780 - INFO - Optimal value of theta: 4844.52120685.
2019-10-28 15:27:01,781 - INFO - Beginning optimization with guess, [0.42986869 0.15546982].
2019-10-28 15:27:04,718 - INFO - Finished optimization with guess, [0.42986869 0.15546982].
2019-10-28 15:27:04,719 - INFO - Best fit parameters: [0.25222206 0.10949875].
2019-10-28 15:27:04,741 - INFO - Maximum log composite likelihood: -39.2744800475.
2019-10-28 15:27:04,741 - INFO - Optimal value of theta: 4841.98658259.
2019-10-28 15:27:04,742 - INFO - Beginning optimization with guess, [0.65436371 0.08202076].
2019-10-28 15:27:08,002 - INFO - Finished optimization with guess, [0.65436371 0.08202076].
2019-10-28 15:27:08,002 - INFO - Best fit parameters: [0.25212187 0.10950654].
2019-10-28 15:27:08,024 - INFO - Maximum log composite likelihood: -39.2745142736.
2019-10-28 15:27:08,025 - INFO - Optimal value of theta: 4843.01005892.
2019-10-28 15:27:08,025 - INFO - Beginning optimization with guess, [0.97003591 0.10599191].
2019-10-28 15:27:10,351 - INFO - Finished optimization with guess, [0.97003591 0.10599191].
2019-10-28 15:27:10,351 - INFO - Best fit parameters: [0.25228851 0.10991034].
2019-10-28 15:27:10,373 - INFO - Maximum log composite likelihood: -39.2744489041.
2019-10-28 15:27:10,373 - INFO - Optimal value of theta: 4846.75575174.
2019-10-28 15:27:10,374 - INFO - Beginning optimization with guess, [0.94726504 0.08741894].
2019-10-28 15:27:13,613 - INFO - Finished optimization with guess, [0.94726504 0.08741894].
2019-10-28 15:27:13,614 - INFO - Best fit parameters: [0.25220322 0.10973337].
2019-10-28 15:27:13,636 - INFO - Maximum log composite likelihood: -39.2744692068.
2019-10-28 15:27:13,636 - INFO - Optimal value of theta: 4845.22955519.
2019-10-28 15:27:13,637 - INFO - Beginning optimization with guess, [0.77526356 0.14446926].
2019-10-28 15:27:16,111 - INFO - Finished optimization with guess, [0.77526356 0.14446926].
2019-10-28 15:27:16,111 - INFO - Best fit parameters: [0.25222226 0.1094819 ].
2019-10-28 15:27:16,132 - INFO - Maximum log composite likelihood: -39.2744840697.
2019-10-28 15:27:16,133 - INFO - Optimal value of theta: 4841.76416437.
2019-10-28 15:27:16,134 - INFO - Beginning optimization with guess, [0.52636586 0.13184655].
2019-10-28 15:27:18,753 - INFO - Finished optimization with guess, [0.52636586 0.13184655].
2019-10-28 15:27:18,753 - INFO - Best fit parameters: [0.25221372 0.10971979].
2019-10-28 15:27:18,775 - INFO - Maximum log composite likelihood: -39.274462865.
2019-10-28 15:27:18,776 - INFO - Optimal value of theta: 4844.95535063.
2019-10-28 15:27:18,776 - INFO - Beginning optimization with guess, [0.40711987 0.14803789].
2019-10-28 15:27:20,794 - INFO - Finished optimization with guess, [0.40711987 0.14803789].
2019-10-28 15:27:20,795 - INFO - Best fit parameters: [0.2521218  0.10950629].
2019-10-28 15:27:20,816 - INFO - Maximum log composite likelihood: -39.2745143359.
2019-10-28 15:27:20,817 - INFO - Optimal value of theta: 4843.00759705.
2019-10-28 15:27:20,817 - INFO - Beginning optimization with guess, [0.94925262 0.10989133].
2019-10-28 15:27:22,759 - INFO - Finished optimization with guess, [0.94925262 0.10989133].
2019-10-28 15:27:22,759 - INFO - Best fit parameters: [0.25219222 0.10976316].
2019-10-28 15:27:22,780 - INFO - Maximum log composite likelihood: -39.2744789907.
2019-10-28 15:27:22,781 - INFO - Optimal value of theta: 4845.72015657.
2019-10-28 15:27:22,782 - INFO - Beginning optimization with guess, [0.89892992 0.16410275].
2019-10-28 15:27:24,627 - INFO - Finished optimization with guess, [0.89892992 0.16410275].
2019-10-28 15:27:24,627 - INFO - Best fit parameters: [0.25218223 0.10956711].
2019-10-28 15:27:24,648 - INFO - Maximum log composite likelihood: -39.2744795807.
2019-10-28 15:27:24,649 - INFO - Optimal value of theta: 4843.24795098.
2019-10-28 15:27:24,650 - INFO - Beginning optimization with guess, [0.92439436 0.05307393].
2019-10-28 15:27:27,645 - INFO - Finished optimization with guess, [0.92439436 0.05307393].
2019-10-28 15:27:27,646 - INFO - Best fit parameters: [0.25224087 0.10951256].
2019-10-28 15:27:27,667 - INFO - Maximum log composite likelihood: -39.2744753498.
2019-10-28 15:27:27,668 - INFO - Optimal value of theta: 4841.99462867.
2019-10-28 15:27:27,669 - INFO - Beginning optimization with guess, [0.30527916 0.13428665].
2019-10-28 15:27:31,608 - INFO - Finished optimization with guess, [0.30527916 0.13428665].
2019-10-28 15:27:31,608 - INFO - Best fit parameters: [0.10552292 0.18318089].
2019-10-28 15:27:31,647 - INFO - Maximum log composite likelihood: -40.3838357422.
2019-10-28 15:27:31,647 - INFO - Optimal value of theta: 13549.9780902.
2019-10-28 15:27:31,648 - INFO - Beginning optimization with guess, [0.51977555 0.16257732].
2019-10-28 15:27:33,354 - INFO - Finished optimization with guess, [0.51977555 0.16257732].
2019-10-28 15:27:33,354 - INFO - Best fit parameters: [0.25212179 0.10950628].
2019-10-28 15:27:33,376 - INFO - Maximum log composite likelihood: -39.2745143414.
2019-10-28 15:27:33,377 - INFO - Optimal value of theta: 4843.00752688.
2019-10-28 15:27:33,377 - INFO - Beginning optimization with guess, [0.72839344 0.06185741].
2019-10-28 15:27:35,275 - INFO - Finished optimization with guess, [0.72839344 0.06185741].
2019-10-28 15:27:35,277 - INFO - Best fit parameters: [0.25219784 0.10967619].
2019-10-28 15:27:35,299 - INFO - Maximum log composite likelihood: -39.274469129.
2019-10-28 15:27:35,300 - INFO - Optimal value of theta: 4844.53148442.
2019-10-28 15:27:35,300 - INFO - Beginning optimization with guess, [0.52146088 0.14568374].
2019-10-28 15:27:37,625 - INFO - Finished optimization with guess, [0.52146088 0.14568374].
2019-10-28 15:27:37,625 - INFO - Best fit parameters: [0.25227261 0.10958018].
2019-10-28 15:27:37,647 - INFO - Maximum log composite likelihood: -39.274459522.
2019-10-28 15:27:37,647 - INFO - Optimal value of theta: 4842.58779027.
2019-10-28 15:27:37,648 - INFO - Beginning optimization with guess, [0.56793124 0.17899625].
2019-10-28 15:27:41,245 - INFO - Finished optimization with guess, [0.56793124 0.17899625].
2019-10-28 15:27:41,246 - INFO - Best fit parameters: [0.25212562 0.10951061].
2019-10-28 15:27:41,267 - INFO - Maximum log composite likelihood: -39.2745117993.
2019-10-28 15:27:41,268 - INFO - Optimal value of theta: 4843.02893462.
2019-10-28 15:27:41,268 - INFO - Beginning optimization with guess, [0.66583647 0.09476905].
2019-10-28 15:27:44,539 - INFO - Finished optimization with guess, [0.66583647 0.09476905].
2019-10-28 15:27:44,540 - INFO - Best fit parameters: [0.25223206 0.10958869].
2019-10-28 15:27:44,561 - INFO - Maximum log composite likelihood: -39.2744621201.
2019-10-28 15:27:44,562 - INFO - Optimal value of theta: 4843.07189486.
2019-10-28 15:27:44,562 - INFO - Beginning optimization with guess, [0.28346407 0.18332467].
2019-10-28 15:27:46,446 - INFO - Finished optimization with guess, [0.28346407 0.18332467].
2019-10-28 15:27:46,446 - INFO - Best fit parameters: [0.25219119 0.10954901].
2019-10-28 15:27:46,468 - INFO - Maximum log composite likelihood: -39.27447813.
2019-10-28 15:27:46,468 - INFO - Optimal value of theta: 4842.9285787.
2019-10-28 15:27:46,469 - INFO - Beginning optimization with guess, [0.90681539 0.15180266].
2019-10-28 15:27:48,635 - INFO - Finished optimization with guess, [0.90681539 0.15180266].
2019-10-28 15:27:48,635 - INFO - Best fit parameters: [0.25232406 0.10994001].
2019-10-28 15:27:48,656 - INFO - Maximum log composite likelihood: -39.2744407302.
2019-10-28 15:27:48,657 - INFO - Optimal value of theta: 4846.81554194.
2019-10-28 15:27:48,657 - INFO - Beginning optimization with guess, [0.78726515 0.1323144 ].
2019-10-28 15:27:52,213 - INFO - Finished optimization with guess, [0.78726515 0.1323144 ].
2019-10-28 15:27:52,213 - INFO - Best fit parameters: [0.25214423 0.109494  ].
2019-10-28 15:27:52,235 - INFO - Maximum log composite likelihood: -39.274503484.
2019-10-28 15:27:52,235 - INFO - Optimal value of theta: 4842.64030029.
2019-10-28 15:27:52,236 - INFO - Beginning optimization with guess, [0.45084971 0.15824825].
2019-10-28 15:27:54,795 - INFO - Finished optimization with guess, [0.45084971 0.15824825].
2019-10-28 15:27:54,795 - INFO - Best fit parameters: [0.25216437 0.10972612].
2019-10-28 15:27:54,817 - INFO - Maximum log composite likelihood: -39.2744933567.
2019-10-28 15:27:54,817 - INFO - Optimal value of theta: 4845.49254329.
2019-10-28 15:27:54,818 - INFO - Beginning optimization with guess, [0.79355305 0.07417343].
2019-10-28 15:27:56,413 - INFO - Finished optimization with guess, [0.79355305 0.07417343].
2019-10-28 15:27:56,413 - INFO - Best fit parameters: [0.25212215 0.1095072 ].
2019-10-28 15:27:56,435 - INFO - Maximum log composite likelihood: -39.2745140642.
2019-10-28 15:27:56,435 - INFO - Optimal value of theta: 4843.0162109.
2019-10-28 15:27:56,436 - INFO - Beginning optimization with guess, [0.63282906 0.13239699].
2019-10-28 15:27:58,012 - INFO - Finished optimization with guess, [0.63282906 0.13239699].
2019-10-28 15:27:58,013 - INFO - Best fit parameters: [0.25212743 0.10953487].
2019-10-28 15:27:58,034 - INFO - Maximum log composite likelihood: -39.2745094303.
2019-10-28 15:27:58,035 - INFO - Optimal value of theta: 4843.33003121.
2019-10-28 15:27:58,035 - INFO - Beginning optimization with guess, [0.3234436  0.06623124].
2019-10-28 15:27:59,819 - INFO - Finished optimization with guess, [0.3234436  0.06623124].
2019-10-28 15:27:59,820 - INFO - Best fit parameters: [0.25221676 0.10979936].
2019-10-28 15:27:59,841 - INFO - Maximum log composite likelihood: -39.2744686098.
2019-10-28 15:27:59,842 - INFO - Optimal value of theta: 4845.967223.
2019-10-28 15:27:59,842 - INFO - Beginning optimization with guess, [0.29507379 0.08719415].
2019-10-28 15:28:00,687 - INFO - Finished optimization with guess, [0.29507379 0.08719415].
2019-10-28 15:28:00,687 - INFO - Best fit parameters: [0.25212178 0.10950627].
2019-10-28 15:28:00,708 - INFO - Maximum log composite likelihood: -39.2745143445.
2019-10-28 15:28:00,709 - INFO - Optimal value of theta: 4843.00746145.
2019-10-28 15:28:00,709 - INFO - Beginning optimization with guess, [0.6309037  0.07185549].
2019-10-28 15:28:03,319 - INFO - Finished optimization with guess, [0.6309037  0.07185549].
2019-10-28 15:28:03,320 - INFO - Best fit parameters: [0.25214131 0.10955638].
2019-10-28 15:28:03,341 - INFO - Maximum log composite likelihood: -39.2745003489.
2019-10-28 15:28:03,342 - INFO - Optimal value of theta: 4843.48388058.
2019-10-28 15:28:03,342 - INFO - Beginning optimization with guess, [0.27309275 0.07586419].
2019-10-28 15:28:05,454 - INFO - Finished optimization with guess, [0.27309275 0.07586419].
2019-10-28 15:28:05,454 - INFO - Best fit parameters: [0.25212444 0.10951068].
2019-10-28 15:28:05,476 - INFO - Maximum log composite likelihood: -39.2745124858.
2019-10-28 15:28:05,476 - INFO - Optimal value of theta: 4843.04071824.
2019-10-28 15:28:05,477 - INFO - Beginning optimization with guess, [0.38551557 0.09626133].
2019-10-28 15:28:08,742 - INFO - Finished optimization with guess, [0.38551557 0.09626133].
2019-10-28 15:28:08,742 - INFO - Best fit parameters: [0.25219799 0.10946292].
2019-10-28 15:28:08,764 - INFO - Maximum log composite likelihood: -39.2744917421.
2019-10-28 15:28:08,764 - INFO - Optimal value of theta: 4841.73863631.
2019-10-28 15:28:08,765 - INFO - Beginning optimization with guess, [0.31116173 0.06143795].
2019-10-28 15:28:11,120 - INFO - Finished optimization with guess, [0.31116173 0.06143795].
2019-10-28 15:28:11,123 - INFO - Best fit parameters: [0.25212218 0.10950742].
2019-10-28 15:28:11,145 - INFO - Maximum log composite likelihood: -39.2745140323.
2019-10-28 15:28:11,146 - INFO - Optimal value of theta: 4843.01876549.
2019-10-28 15:28:11,146 - INFO - Beginning optimization with guess, [0.65981615 0.11235862].
2019-10-28 15:28:14,430 - INFO - Finished optimization with guess, [0.65981615 0.11235862].
2019-10-28 15:28:14,431 - INFO - Best fit parameters: [0.25231024 0.10978317].
2019-10-28 15:28:14,452 - INFO - Maximum log composite likelihood: -39.2744341139.
2019-10-28 15:28:14,453 - INFO - Optimal value of theta: 4844.89538568.
2019-10-28 15:28:14,453 - INFO - Beginning optimization with guess, [0.60846913 0.11381284].
2019-10-28 15:28:17,749 - INFO - Finished optimization with guess, [0.60846913 0.11381284].
2019-10-28 15:28:17,750 - INFO - Best fit parameters: [0.25222228 0.10951634].
2019-10-28 15:28:17,772 - INFO - Maximum log composite likelihood: -39.2744761743.
2019-10-28 15:28:17,772 - INFO - Optimal value of theta: 4842.21494246.
2019-10-28 15:28:17,773 - INFO - Beginning optimization with guess, [0.54946429 0.09861417].
2019-10-28 15:28:19,723 - INFO - Finished optimization with guess, [0.54946429 0.09861417].
2019-10-28 15:28:19,723 - INFO - Best fit parameters: [0.25234027 0.10969938].
2019-10-28 15:28:19,744 - INFO - Maximum log composite likelihood: -39.2744420339.
2019-10-28 15:28:19,745 - INFO - Optimal value of theta: 4843.52426553.
2019-10-28 15:28:19,745 - INFO - Beginning optimization with guess, [0.30404376 0.11554768].
2019-10-28 15:28:25,915 - INFO - Finished optimization with guess, [0.30404376 0.11554768].
2019-10-28 15:28:25,915 - INFO - Best fit parameters: [0.10625264 0.18364348].
2019-10-28 15:28:25,954 - INFO - Maximum log composite likelihood: -40.3836963528.
2019-10-28 15:28:25,955 - INFO - Optimal value of theta: 13458.0450875.
2019-10-28 15:28:25,955 - INFO - Beginning optimization with guess, [0.88650349 0.09895593].
2019-10-28 15:28:28,269 - INFO - Finished optimization with guess, [0.88650349 0.09895593].
2019-10-28 15:28:28,270 - INFO - Best fit parameters: [0.25229057 0.10991633].
2019-10-28 15:28:28,291 - INFO - Maximum log composite likelihood: -39.2744490079.
2019-10-28 15:28:28,292 - INFO - Optimal value of theta: 4846.81487629.
2019-10-28 15:28:28,292 - INFO - Beginning optimization with guess, [0.28527531 0.19126437].
2019-10-28 15:28:30,302 - INFO - Finished optimization with guess, [0.28527531 0.19126437].
2019-10-28 15:28:30,303 - INFO - Best fit parameters: [0.25232535 0.10989968].
2019-10-28 15:28:30,324 - INFO - Maximum log composite likelihood: -39.2744356671.
2019-10-28 15:28:30,325 - INFO - Optimal value of theta: 4846.2775421.
2019-10-28 15:28:30,325 - INFO - Beginning optimization with guess, [0.52488461 0.17725499].
2019-10-28 15:28:32,161 - INFO - Finished optimization with guess, [0.52488461 0.17725499].
2019-10-28 15:28:32,161 - INFO - Best fit parameters: [0.2521269 0.109505 ].
2019-10-28 15:28:32,183 - INFO - Maximum log composite likelihood: -39.2745114541.
2019-10-28 15:28:32,184 - INFO - Optimal value of theta: 4842.94364228.
2019-10-28 15:28:32,184 - INFO - Beginning optimization with guess, [0.44787391 0.05728183].
2019-10-28 15:28:33,499 - INFO - Finished optimization with guess, [0.44787391 0.05728183].
2019-10-28 15:28:33,499 - INFO - Best fit parameters: [0.2521234  0.10950919].
2019-10-28 15:28:33,520 - INFO - Maximum log composite likelihood: -39.2745131934.
2019-10-28 15:28:33,521 - INFO - Optimal value of theta: 4843.03073811.
2019-10-28 15:28:33,744 - INFO - Finished demographic inference.
2019-10-28 15:28:33,744 - INFO - Beginning DFE inference.
2019-10-28 15:36:30,214 - INFO - Beginning optimization with guess, [1.53003158e-01 1.27377085e+04].
2019-10-28 15:36:49,567 - INFO - Finished optomization, results are [-41.19485849887701 array([ 0.46702029, 29.46640547])].
2019-10-28 15:36:49,569 - INFO - Beginning optimization with guess, [1.70285774e-01 9.97721395e+03].
2019-10-28 15:37:07,255 - INFO - Finished optomization, results are [-41.19448999919382 array([ 0.46711228, 29.45049189])].
2019-10-28 15:37:07,255 - INFO - Beginning optimization with guess, [7.89255430e-01 1.09191412e-01 1.38269481e+04].
2019-10-28 15:37:33,497 - INFO - Finished optimization, results are [-40.56811345517076 array([ 0.18386678,  0.99730419, 15.27710674])].
2019-10-28 15:37:33,499 - INFO - Beginning optimization with guess, [9.90000000e-01 4.73780630e-02 1.68879183e+04].
2019-10-28 15:38:34,686 - INFO - Finished optimization, results are [-40.80613657029858 array([ 0.1221525 ,  0.72543868, 19.98625038])].
2019-10-28 15:38:34,687 - INFO - Finished DFE inference.
2019-10-28 15:38:34,687 - INFO - Integrating expected site-frequency spectrum.
2019-10-28 15:38:34,853 - INFO - Outputing results.
2019-10-28 15:38:34,860 - INFO - Pipeline executed succesfully.
