2019-08-01 09:08:57,562 - INFO - Beginning execution of fitdadi_infer_DFE.py in directory /u/home/j/jonmah/lohmueller_lab/Scripts

2019-08-01 09:08:57,562 - INFO - Progress is being logged to ../Data/AW_array_2000/seed_99_fitdadi_output/log.log

2019-08-01 09:08:57,562 - INFO - Parsed the following arguments:
	breed = AW
	outprefix = ../Data/AW_array_2000/seed_99_fitdadi_output/
	nonsyn_input_sfs = ../Data/AW_array_2000/seed_99_easySFS_output_nonsyn/dadi/pop1.sfs
	syn_input_sfs = ../Data/AW_array_2000/seed_99_easySFS_output_syn/dadi/pop1.sfs

2019-08-01 09:08:57,566 - INFO - Beginning optimization with guess, [0.3487971  0.18049757].
2019-08-01 09:09:01,650 - INFO - Finished optimization with guess, [0.3487971  0.18049757].
2019-08-01 09:09:01,651 - INFO - Best fit parameters: [0.32343322 0.74498809].
2019-08-01 09:09:01,698 - INFO - Maximum log composite likelihood: -23.1943438273.
2019-08-01 09:09:01,699 - INFO - Optimal value of theta: 134.922157576.
2019-08-01 09:09:01,700 - INFO - Beginning optimization with guess, [0.82393185 0.06486772].
2019-08-01 09:09:07,377 - INFO - Finished optimization with guess, [0.82393185 0.06486772].
2019-08-01 09:09:07,377 - INFO - Best fit parameters: [0.38121284 0.781278  ].
2019-08-01 09:09:07,424 - INFO - Maximum log composite likelihood: -23.1943678125.
2019-08-01 09:09:07,425 - INFO - Optimal value of theta: 114.475820812.
2019-08-01 09:09:07,426 - INFO - Beginning optimization with guess, [0.67944102 0.13623708].
2019-08-01 09:09:11,663 - INFO - Finished optimization with guess, [0.67944102 0.13623708].
2019-08-01 09:09:11,665 - INFO - Best fit parameters: [0.33794709 0.75615814].
2019-08-01 09:09:11,713 - INFO - Maximum log composite likelihood: -23.1943469483.
2019-08-01 09:09:11,714 - INFO - Optimal value of theta: 129.124724286.
2019-08-01 09:09:11,714 - INFO - Beginning optimization with guess, [0.96169642 0.17089458].
2019-08-01 09:09:15,661 - INFO - Finished optimization with guess, [0.96169642 0.17089458].
2019-08-01 09:09:15,661 - INFO - Best fit parameters: [0.35289479 0.76654672].
2019-08-01 09:09:15,706 - INFO - Maximum log composite likelihood: -23.1943547086.
2019-08-01 09:09:15,707 - INFO - Optimal value of theta: 123.671448233.
2019-08-01 09:09:15,707 - INFO - Beginning optimization with guess, [0.42322624 0.08840613].
2019-08-01 09:09:19,419 - INFO - Finished optimization with guess, [0.42322624 0.08840613].
2019-08-01 09:09:19,421 - INFO - Best fit parameters: [0.35436432 0.76741983].
2019-08-01 09:09:19,466 - INFO - Maximum log composite likelihood: -23.1943549488.
2019-08-01 09:09:19,467 - INFO - Optimal value of theta: 123.156817423.
2019-08-01 09:09:19,468 - INFO - Beginning optimization with guess, [0.39202877 0.09680274].
2019-08-01 09:09:20,900 - INFO - Finished optimization with guess, [0.39202877 0.09680274].
2019-08-01 09:09:20,900 - INFO - Best fit parameters: [0.500397   0.78111852].
2019-08-01 09:09:20,939 - INFO - Maximum log composite likelihood: -23.194696765.
2019-08-01 09:09:20,940 - INFO - Optimal value of theta: 87.1903393124.
2019-08-01 09:09:20,940 - INFO - Beginning optimization with guess, [0.67568029 0.14248611].
2019-08-01 09:09:24,996 - INFO - Finished optimization with guess, [0.67568029 0.14248611].
2019-08-01 09:09:24,997 - INFO - Best fit parameters: [0.32304895 0.74439673].
2019-08-01 09:09:25,046 - INFO - Maximum log composite likelihood: -23.1943415559.
2019-08-01 09:09:25,047 - INFO - Optimal value of theta: 135.066176268.
2019-08-01 09:09:25,048 - INFO - Beginning optimization with guess, [0.59474094 0.09855844].
2019-08-01 09:09:28,932 - INFO - Finished optimization with guess, [0.59474094 0.09855844].
2019-08-01 09:09:28,933 - INFO - Best fit parameters: [0.34752657 0.76308687].
2019-08-01 09:09:28,979 - INFO - Maximum log composite likelihood: -23.1943526143.
2019-08-01 09:09:28,980 - INFO - Optimal value of theta: 125.581089254.
2019-08-01 09:09:28,981 - INFO - Beginning optimization with guess, [0.41893565 0.12457189].
2019-08-01 09:09:34,996 - INFO - Finished optimization with guess, [0.41893565 0.12457189].
2019-08-01 09:09:34,999 - INFO - Best fit parameters: [0.30691537 0.73014541].
2019-08-01 09:09:35,049 - INFO - Maximum log composite likelihood: -23.1943381794.
2019-08-01 09:09:35,050 - INFO - Optimal value of theta: 142.161334043.
2019-08-01 09:09:35,051 - INFO - Beginning optimization with guess, [0.31007807 0.06447701].
2019-08-01 09:10:19,199 - INFO - Finished optimization with guess, [0.31007807 0.06447701].
2019-08-01 09:10:19,200 - INFO - Best fit parameters: [0.37116935 0.77640054].
2019-08-01 09:10:19,244 - INFO - Maximum log composite likelihood: -23.1943600059.
2019-08-01 09:10:19,245 - INFO - Optimal value of theta: 117.563827089.
2019-08-01 09:10:19,245 - INFO - Beginning optimization with guess, [0.55414001 0.08611428].
2019-08-01 09:10:23,962 - INFO - Finished optimization with guess, [0.55414001 0.08611428].
2019-08-01 09:10:23,962 - INFO - Best fit parameters: [0.34846389 0.76316555].
2019-08-01 09:10:24,009 - INFO - Maximum log composite likelihood: -23.1943486266.
2019-08-01 09:10:24,010 - INFO - Optimal value of theta: 125.215674147.
2019-08-01 09:10:24,011 - INFO - Beginning optimization with guess, [0.35404885 0.14082777].
2019-08-01 09:10:27,754 - INFO - Finished optimization with guess, [0.35404885 0.14082777].
2019-08-01 09:10:27,755 - INFO - Best fit parameters: [0.32993808 0.75044758].
2019-08-01 09:10:27,801 - INFO - Maximum log composite likelihood: -23.1943477022.
2019-08-01 09:10:27,802 - INFO - Optimal value of theta: 132.276659652.
2019-08-01 09:10:27,803 - INFO - Beginning optimization with guess, [0.67897933 0.16969827].
2019-08-01 09:10:32,257 - INFO - Finished optimization with guess, [0.67897933 0.16969827].
2019-08-01 09:10:32,258 - INFO - Best fit parameters: [0.33530075 0.75367213].
2019-08-01 09:10:32,305 - INFO - Maximum log composite likelihood: -23.1943426743.
2019-08-01 09:10:32,306 - INFO - Optimal value of theta: 130.113417261.
2019-08-01 09:10:32,306 - INFO - Beginning optimization with guess, [0.71481725 0.06223783].
2019-08-01 09:10:36,036 - INFO - Finished optimization with guess, [0.71481725 0.06223783].
2019-08-01 09:10:36,037 - INFO - Best fit parameters: [0.34878388 0.76376522].
2019-08-01 09:10:36,083 - INFO - Maximum log composite likelihood: -23.1943517176.
2019-08-01 09:10:36,084 - INFO - Optimal value of theta: 125.12090413.
2019-08-01 09:10:36,084 - INFO - Beginning optimization with guess, [0.2878352 0.0785089].
2019-08-01 09:10:39,587 - INFO - Finished optimization with guess, [0.2878352 0.0785089].
2019-08-01 09:10:39,588 - INFO - Best fit parameters: [0.3682353  0.77474621].
2019-08-01 09:10:39,633 - INFO - Maximum log composite likelihood: -23.1943573458.
2019-08-01 09:10:39,634 - INFO - Optimal value of theta: 118.493056089.
2019-08-01 09:10:39,635 - INFO - Beginning optimization with guess, [0.81523269 0.16504701].
2019-08-01 09:10:43,728 - INFO - Finished optimization with guess, [0.81523269 0.16504701].
2019-08-01 09:10:43,730 - INFO - Best fit parameters: [0.32460339 0.74648508].
2019-08-01 09:10:43,778 - INFO - Maximum log composite likelihood: -23.1943498259.
2019-08-01 09:10:43,779 - INFO - Optimal value of theta: 134.467737284.
2019-08-01 09:10:43,779 - INFO - Beginning optimization with guess, [0.48929459 0.0999578 ].
2019-08-01 09:10:47,466 - INFO - Finished optimization with guess, [0.48929459 0.0999578 ].
2019-08-01 09:10:47,467 - INFO - Best fit parameters: [0.33678188 0.75500514].
2019-08-01 09:10:47,515 - INFO - Maximum log composite likelihood: -23.1943444241.
2019-08-01 09:10:47,516 - INFO - Optimal value of theta: 129.554673788.
2019-08-01 09:10:47,516 - INFO - Beginning optimization with guess, [0.31119585 0.10972484].
2019-08-01 09:10:52,919 - INFO - Finished optimization with guess, [0.31119585 0.10972484].
2019-08-01 09:10:52,919 - INFO - Best fit parameters: [0.33654788 0.75443634].
2019-08-01 09:10:52,968 - INFO - Maximum log composite likelihood: -23.194342366.
2019-08-01 09:10:52,970 - INFO - Optimal value of theta: 129.622792018.
2019-08-01 09:10:52,971 - INFO - Beginning optimization with guess, [0.25782906 0.06882597].
2019-08-01 09:11:14,392 - INFO - Finished optimization with guess, [0.25782906 0.06882597].
2019-08-01 09:11:14,394 - INFO - Best fit parameters: [0.33792359 0.75650515].
2019-08-01 09:11:14,439 - INFO - Maximum log composite likelihood: -23.1943503111.
2019-08-01 09:11:14,440 - INFO - Optimal value of theta: 129.153618959.
2019-08-01 09:11:14,441 - INFO - Beginning optimization with guess, [0.41161411 0.08059078].
2019-08-01 09:11:17,763 - INFO - Finished optimization with guess, [0.41161411 0.08059078].
2019-08-01 09:11:17,764 - INFO - Best fit parameters: [0.39479338 0.78635456].
2019-08-01 09:11:17,807 - INFO - Maximum log composite likelihood: -23.1943776047.
2019-08-01 09:11:17,807 - INFO - Optimal value of theta: 110.532660523.
2019-08-01 09:11:17,808 - INFO - Beginning optimization with guess, [0.4155889  0.17825814].
2019-08-01 09:11:23,130 - INFO - Finished optimization with guess, [0.4155889  0.17825814].
2019-08-01 09:11:23,130 - INFO - Best fit parameters: [0.31361032 0.73638327].
2019-08-01 09:11:23,179 - INFO - Maximum log composite likelihood: -23.1943402705.
2019-08-01 09:11:23,180 - INFO - Optimal value of theta: 139.135467228.
2019-08-01 09:11:23,180 - INFO - Beginning optimization with guess, [0.40484135 0.07844746].
2019-08-01 09:11:26,618 - INFO - Finished optimization with guess, [0.40484135 0.07844746].
2019-08-01 09:11:26,620 - INFO - Best fit parameters: [0.36771543 0.77466794].
2019-08-01 09:11:26,664 - INFO - Maximum log composite likelihood: -23.1943583383.
2019-08-01 09:11:26,664 - INFO - Optimal value of theta: 118.66947992.
2019-08-01 09:11:26,665 - INFO - Beginning optimization with guess, [0.27866591 0.08152302].
2019-08-01 09:11:30,170 - INFO - Finished optimization with guess, [0.27866591 0.08152302].
2019-08-01 09:11:30,170 - INFO - Best fit parameters: [0.35314845 0.76638848].
2019-08-01 09:11:30,216 - INFO - Maximum log composite likelihood: -23.1943520793.
2019-08-01 09:11:30,217 - INFO - Optimal value of theta: 123.566801077.
2019-08-01 09:11:30,218 - INFO - Beginning optimization with guess, [0.75706754 0.11367338].
2019-08-01 09:11:34,042 - INFO - Finished optimization with guess, [0.75706754 0.11367338].
2019-08-01 09:11:34,043 - INFO - Best fit parameters: [0.31545125 0.73840664].
2019-08-01 09:11:34,090 - INFO - Maximum log composite likelihood: -23.1943442415.
2019-08-01 09:11:34,091 - INFO - Optimal value of theta: 138.348608034.
2019-08-01 09:11:34,092 - INFO - Beginning optimization with guess, [0.39978845 0.07659779].
2019-08-01 09:11:38,255 - INFO - Finished optimization with guess, [0.39978845 0.07659779].
2019-08-01 09:11:38,256 - INFO - Best fit parameters: [0.35397752 0.7671777 ].
2019-08-01 09:11:38,301 - INFO - Maximum log composite likelihood: -23.1943547538.
2019-08-01 09:11:38,302 - INFO - Optimal value of theta: 123.291168472.
2019-08-01 09:11:38,302 - INFO - Beginning optimization with guess, [0.6375097  0.09459512].
2019-08-01 09:11:42,139 - INFO - Finished optimization with guess, [0.6375097  0.09459512].
2019-08-01 09:11:42,140 - INFO - Best fit parameters: [0.34271297 0.75985978].
2019-08-01 09:11:42,185 - INFO - Maximum log composite likelihood: -23.194351318.
2019-08-01 09:11:42,186 - INFO - Optimal value of theta: 127.346501445.
2019-08-01 09:11:42,186 - INFO - Beginning optimization with guess, [0.5963817  0.08517168].
2019-08-01 09:11:47,625 - INFO - Finished optimization with guess, [0.5963817  0.08517168].
2019-08-01 09:11:47,627 - INFO - Best fit parameters: [0.34095658 0.75766101].
2019-08-01 09:11:47,675 - INFO - Maximum log composite likelihood: -23.1943439124.
2019-08-01 09:11:47,676 - INFO - Optimal value of theta: 127.950259713.
2019-08-01 09:11:47,676 - INFO - Beginning optimization with guess, [0.36831133 0.08899311].
2019-08-01 09:11:51,430 - INFO - Finished optimization with guess, [0.36831133 0.08899311].
2019-08-01 09:11:51,430 - INFO - Best fit parameters: [0.37146319 0.77661407].
2019-08-01 09:11:51,476 - INFO - Maximum log composite likelihood: -23.1943606468.
2019-08-01 09:11:51,477 - INFO - Optimal value of theta: 117.473907399.
2019-08-01 09:11:51,477 - INFO - Beginning optimization with guess, [0.73566514 0.19547468].
2019-08-01 09:11:55,498 - INFO - Finished optimization with guess, [0.73566514 0.19547468].
2019-08-01 09:11:55,498 - INFO - Best fit parameters: [0.3377249  0.75655898].
2019-08-01 09:11:55,546 - INFO - Maximum log composite likelihood: -23.1943524296.
2019-08-01 09:11:55,547 - INFO - Optimal value of theta: 129.240420293.
2019-08-01 09:11:55,547 - INFO - Beginning optimization with guess, [0.4290889  0.13739702].
2019-08-01 09:12:04,550 - INFO - Finished optimization with guess, [0.4290889  0.13739702].
2019-08-01 09:12:04,552 - INFO - Best fit parameters: [0.31237966 0.73450093].
2019-08-01 09:12:04,602 - INFO - Maximum log composite likelihood: -23.1943361954.
2019-08-01 09:12:04,602 - INFO - Optimal value of theta: 139.633345224.
2019-08-01 09:12:04,603 - INFO - Beginning optimization with guess, [0.25064214 0.05635304].
2019-08-01 09:12:05,575 - INFO - Finished optimization with guess, [0.25064214 0.05635304].
2019-08-01 09:12:05,575 - INFO - Best fit parameters: [8.00000000e+00 6.68504891e-03].
2019-08-01 09:12:05,593 - INFO - Maximum log composite likelihood: -23.6487031095.
2019-08-01 09:12:05,594 - INFO - Optimal value of theta: 50.2475729179.
2019-08-01 09:12:05,594 - INFO - Beginning optimization with guess, [0.4456445  0.16624018].
2019-08-01 09:12:10,089 - INFO - Finished optimization with guess, [0.4456445  0.16624018].
2019-08-01 09:12:10,090 - INFO - Best fit parameters: [0.35393628 0.76683459].
2019-08-01 09:12:10,140 - INFO - Maximum log composite likelihood: -23.1943520756.
2019-08-01 09:12:10,141 - INFO - Optimal value of theta: 123.289696391.
2019-08-01 09:12:10,141 - INFO - Beginning optimization with guess, [0.57775665 0.12078017].
2019-08-01 09:12:14,138 - INFO - Finished optimization with guess, [0.57775665 0.12078017].
2019-08-01 09:12:14,140 - INFO - Best fit parameters: [0.35788558 0.76944982].
2019-08-01 09:12:14,189 - INFO - Maximum log composite likelihood: -23.194355607.
2019-08-01 09:12:14,190 - INFO - Optimal value of theta: 121.940731865.
2019-08-01 09:12:14,190 - INFO - Beginning optimization with guess, [0.40406062 0.11257287].
2019-08-01 09:12:18,935 - INFO - Finished optimization with guess, [0.40406062 0.11257287].
2019-08-01 09:12:18,935 - INFO - Best fit parameters: [0.34002106 0.75783631].
2019-08-01 09:12:18,982 - INFO - Maximum log composite likelihood: -23.1943492037.
2019-08-01 09:12:18,983 - INFO - Optimal value of theta: 128.347437231.
2019-08-01 09:12:18,983 - INFO - Beginning optimization with guess, [0.95831359 0.0967916 ].
2019-08-01 09:12:24,086 - INFO - Finished optimization with guess, [0.95831359 0.0967916 ].
2019-08-01 09:12:24,086 - INFO - Best fit parameters: [0.30417593 0.72797465].
2019-08-01 09:12:24,139 - INFO - Maximum log composite likelihood: -23.1943413012.
2019-08-01 09:12:24,140 - INFO - Optimal value of theta: 143.469461378.
2019-08-01 09:12:24,141 - INFO - Beginning optimization with guess, [0.95668366 0.07013829].
2019-08-01 09:12:29,074 - INFO - Finished optimization with guess, [0.95668366 0.07013829].
2019-08-01 09:12:29,076 - INFO - Best fit parameters: [0.33421583 0.75280121].
2019-08-01 09:12:29,125 - INFO - Maximum log composite likelihood: -23.1943420922.
2019-08-01 09:12:29,126 - INFO - Optimal value of theta: 130.532223525.
2019-08-01 09:12:29,126 - INFO - Beginning optimization with guess, [0.38236889 0.11632926].
2019-08-01 09:12:30,746 - INFO - Finished optimization with guess, [0.38236889 0.11632926].
2019-08-01 09:12:30,747 - INFO - Best fit parameters: [0.43096985 0.79209016].
2019-08-01 09:12:30,790 - INFO - Maximum log composite likelihood: -23.1944214806.
2019-08-01 09:12:30,791 - INFO - Optimal value of theta: 101.192033363.
2019-08-01 09:12:30,792 - INFO - Beginning optimization with guess, [0.87130916 0.16335457].
2019-08-01 09:12:34,754 - INFO - Finished optimization with guess, [0.87130916 0.16335457].
2019-08-01 09:12:34,755 - INFO - Best fit parameters: [0.33906896 0.75725823].
2019-08-01 09:12:34,801 - INFO - Maximum log composite likelihood: -23.1943498985.
2019-08-01 09:12:34,802 - INFO - Optimal value of theta: 128.713364005.
2019-08-01 09:12:34,803 - INFO - Beginning optimization with guess, [0.79021389 0.07672829].
2019-08-01 09:12:38,679 - INFO - Finished optimization with guess, [0.79021389 0.07672829].
2019-08-01 09:12:38,681 - INFO - Best fit parameters: [0.34692091 0.76264486].
2019-08-01 09:12:38,727 - INFO - Maximum log composite likelihood: -23.1943520197.
2019-08-01 09:12:38,728 - INFO - Optimal value of theta: 125.798231514.
2019-08-01 09:12:38,729 - INFO - Beginning optimization with guess, [0.41897124 0.16028556].
2019-08-01 09:12:42,778 - INFO - Finished optimization with guess, [0.41897124 0.16028556].
2019-08-01 09:12:42,779 - INFO - Best fit parameters: [0.32191898 0.74420207].
2019-08-01 09:12:42,828 - INFO - Maximum log composite likelihood: -23.1943484308.
2019-08-01 09:12:42,829 - INFO - Optimal value of theta: 135.584945666.
2019-08-01 09:12:42,829 - INFO - Beginning optimization with guess, [0.29067692 0.11167212].
2019-08-01 09:12:47,061 - INFO - Finished optimization with guess, [0.29067692 0.11167212].
2019-08-01 09:12:47,063 - INFO - Best fit parameters: [0.32973059 0.7501001 ].
2019-08-01 09:12:47,112 - INFO - Maximum log composite likelihood: -23.1943458425.
2019-08-01 09:12:47,113 - INFO - Optimal value of theta: 132.34922229.
2019-08-01 09:12:47,113 - INFO - Beginning optimization with guess, [0.30966879 0.05063959].
2019-08-01 09:12:48,036 - INFO - Finished optimization with guess, [0.30966879 0.05063959].
2019-08-01 09:12:48,036 - INFO - Best fit parameters: [8.00000000e+00 6.68571329e-03].
2019-08-01 09:12:48,052 - INFO - Maximum log composite likelihood: -23.6487031055.
2019-08-01 09:12:48,053 - INFO - Optimal value of theta: 50.2475045275.
2019-08-01 09:12:48,054 - INFO - Beginning optimization with guess, [0.89231665 0.17468802].
2019-08-01 09:12:52,164 - INFO - Finished optimization with guess, [0.89231665 0.17468802].
2019-08-01 09:12:52,165 - INFO - Best fit parameters: [0.33487939 0.75426124].
2019-08-01 09:12:52,214 - INFO - Maximum log composite likelihood: -23.1943494236.
2019-08-01 09:12:52,214 - INFO - Optimal value of theta: 130.327403068.
2019-08-01 09:12:52,215 - INFO - Beginning optimization with guess, [0.92235376 0.06810552].
2019-08-01 09:12:56,086 - INFO - Finished optimization with guess, [0.92235376 0.06810552].
2019-08-01 09:12:56,086 - INFO - Best fit parameters: [0.33518475 0.75470918].
2019-08-01 09:12:56,134 - INFO - Maximum log composite likelihood: -23.1943519621.
2019-08-01 09:12:56,135 - INFO - Optimal value of theta: 130.220926429.
2019-08-01 09:12:56,136 - INFO - Beginning optimization with guess, [0.38005185 0.05550443].
2019-08-01 09:12:57,114 - INFO - Finished optimization with guess, [0.38005185 0.05550443].
2019-08-01 09:12:57,115 - INFO - Best fit parameters: [8.00000000e+00 6.68576454e-03].
2019-08-01 09:12:57,130 - INFO - Maximum log composite likelihood: -23.6487031053.
2019-08-01 09:12:57,131 - INFO - Optimal value of theta: 50.2474992524.
2019-08-01 09:12:57,131 - INFO - Beginning optimization with guess, [0.53450533 0.18266708].
2019-08-01 09:13:00,973 - INFO - Finished optimization with guess, [0.53450533 0.18266708].
2019-08-01 09:13:00,974 - INFO - Best fit parameters: [0.33057563 0.75070832].
2019-08-01 09:13:01,020 - INFO - Maximum log composite likelihood: -23.1943456124.
2019-08-01 09:13:01,021 - INFO - Optimal value of theta: 132.00812946.
2019-08-01 09:13:01,022 - INFO - Beginning optimization with guess, [0.47001937 0.077467  ].
2019-08-01 09:13:04,251 - INFO - Finished optimization with guess, [0.47001937 0.077467  ].
2019-08-01 09:13:04,252 - INFO - Best fit parameters: [0.37168462 0.7766091 ].
2019-08-01 09:13:04,295 - INFO - Maximum log composite likelihood: -23.1943599818.
2019-08-01 09:13:04,296 - INFO - Optimal value of theta: 117.398729698.
2019-08-01 09:13:04,297 - INFO - Beginning optimization with guess, [0.94027705 0.06064175].
2019-08-01 09:13:09,073 - INFO - Finished optimization with guess, [0.94027705 0.06064175].
2019-08-01 09:13:09,074 - INFO - Best fit parameters: [0.31122789 0.73453186].
2019-08-01 09:13:09,121 - INFO - Maximum log composite likelihood: -23.1943423913.
2019-08-01 09:13:09,122 - INFO - Optimal value of theta: 140.218874448.
2019-08-01 09:13:09,123 - INFO - Beginning optimization with guess, [0.90114541 0.11053057].
2019-08-01 09:13:13,762 - INFO - Finished optimization with guess, [0.90114541 0.11053057].
2019-08-01 09:13:13,764 - INFO - Best fit parameters: [0.34667921 0.76142376].
2019-08-01 09:13:13,810 - INFO - Maximum log composite likelihood: -23.1943452588.
2019-08-01 09:13:13,811 - INFO - Optimal value of theta: 125.830729662.
2019-08-01 09:13:13,811 - INFO - Beginning optimization with guess, [0.71824032 0.06926081].
2019-08-01 09:13:17,506 - INFO - Finished optimization with guess, [0.71824032 0.06926081].
2019-08-01 09:13:17,507 - INFO - Best fit parameters: [0.33499751 0.75451298].
2019-08-01 09:13:17,554 - INFO - Maximum log composite likelihood: -23.1943512505.
2019-08-01 09:13:17,554 - INFO - Optimal value of theta: 130.29055668.
2019-08-01 09:13:17,555 - INFO - Beginning optimization with guess, [0.50432869 0.08169917].
2019-08-01 09:13:21,007 - INFO - Finished optimization with guess, [0.50432869 0.08169917].
2019-08-01 09:13:21,009 - INFO - Best fit parameters: [0.35882475 0.76987788].
2019-08-01 09:13:21,053 - INFO - Maximum log composite likelihood: -23.1943549917.
2019-08-01 09:13:21,054 - INFO - Optimal value of theta: 121.615613049.
2019-08-01 09:13:21,054 - INFO - Beginning optimization with guess, [0.26798143 0.09615055].
2019-08-01 09:13:24,723 - INFO - Finished optimization with guess, [0.26798143 0.09615055].
2019-08-01 09:13:24,723 - INFO - Best fit parameters: [0.35954243 0.77022053].
2019-08-01 09:13:24,768 - INFO - Maximum log composite likelihood: -23.1943547342.
2019-08-01 09:13:24,769 - INFO - Optimal value of theta: 121.369286228.
2019-08-01 09:13:24,769 - INFO - Beginning optimization with guess, [0.79091393 0.15348455].
2019-08-01 09:13:31,385 - INFO - Finished optimization with guess, [0.79091393 0.15348455].
2019-08-01 09:13:31,385 - INFO - Best fit parameters: [0.32062503 0.74132158].
2019-08-01 09:13:31,434 - INFO - Maximum log composite likelihood: -23.1943374291.
2019-08-01 09:13:31,434 - INFO - Optimal value of theta: 136.022852013.
2019-08-01 09:13:31,435 - INFO - Beginning optimization with guess, [0.47951457 0.18405594].
2019-08-01 09:13:35,280 - INFO - Finished optimization with guess, [0.47951457 0.18405594].
2019-08-01 09:13:35,282 - INFO - Best fit parameters: [0.3439681 0.759778 ].
2019-08-01 09:13:35,328 - INFO - Maximum log composite likelihood: -23.1943450043.
2019-08-01 09:13:35,329 - INFO - Optimal value of theta: 126.831819622.
2019-08-01 09:13:35,330 - INFO - Beginning optimization with guess, [0.85607893 0.06664269].
2019-08-01 09:13:38,982 - INFO - Finished optimization with guess, [0.85607893 0.06664269].
2019-08-01 09:13:38,982 - INFO - Best fit parameters: [0.34184321 0.7589796 ].
2019-08-01 09:13:39,030 - INFO - Maximum log composite likelihood: -23.194348524.
2019-08-01 09:13:39,031 - INFO - Optimal value of theta: 127.655782292.
2019-08-01 09:13:39,032 - INFO - Beginning optimization with guess, [0.31737559 0.10743505].
2019-08-01 09:13:43,246 - INFO - Finished optimization with guess, [0.31737559 0.10743505].
2019-08-01 09:13:43,246 - INFO - Best fit parameters: [0.33122601 0.75146282].
2019-08-01 09:13:43,295 - INFO - Maximum log composite likelihood: -23.1943481929.
2019-08-01 09:13:43,296 - INFO - Optimal value of theta: 131.76329529.
2019-08-01 09:13:43,296 - INFO - Beginning optimization with guess, [0.34279599 0.14826094].
2019-08-01 09:13:47,346 - INFO - Finished optimization with guess, [0.34279599 0.14826094].
2019-08-01 09:13:47,347 - INFO - Best fit parameters: [0.31858488 0.74093037].
2019-08-01 09:13:47,397 - INFO - Maximum log composite likelihood: -23.1943429449.
2019-08-01 09:13:47,398 - INFO - Optimal value of theta: 136.976025868.
2019-08-01 09:13:47,399 - INFO - Beginning optimization with guess, [0.29671085 0.09746096].
2019-08-01 09:13:51,340 - INFO - Finished optimization with guess, [0.29671085 0.09746096].
2019-08-01 09:13:51,342 - INFO - Best fit parameters: [0.34007445 0.757913  ].
2019-08-01 09:13:51,389 - INFO - Maximum log composite likelihood: -23.1943495818.
2019-08-01 09:13:51,390 - INFO - Optimal value of theta: 128.329380173.
2019-08-01 09:13:51,390 - INFO - Beginning optimization with guess, [0.25301206 0.08825832].
2019-08-01 09:13:54,920 - INFO - Finished optimization with guess, [0.25301206 0.08825832].
2019-08-01 09:13:54,921 - INFO - Best fit parameters: [0.37321571 0.77742615].
2019-08-01 09:13:54,966 - INFO - Maximum log composite likelihood: -23.19436132.
2019-08-01 09:13:54,967 - INFO - Optimal value of theta: 116.920135062.
2019-08-01 09:13:54,967 - INFO - Beginning optimization with guess, [0.27823498 0.07189424].
2019-08-01 09:13:58,024 - INFO - Finished optimization with guess, [0.27823498 0.07189424].
2019-08-01 09:13:58,026 - INFO - Best fit parameters: [0.37037725 0.77673972].
2019-08-01 09:13:58,073 - INFO - Maximum log composite likelihood: -23.1943660222.
2019-08-01 09:13:58,074 - INFO - Optimal value of theta: 117.848797606.
2019-08-01 09:13:58,075 - INFO - Beginning optimization with guess, [0.91532337 0.10369579].
2019-08-01 09:14:02,507 - INFO - Finished optimization with guess, [0.91532337 0.10369579].
2019-08-01 09:14:02,508 - INFO - Best fit parameters: [0.31469939 0.73748854].
2019-08-01 09:14:02,558 - INFO - Maximum log composite likelihood: -23.1943416285.
2019-08-01 09:14:02,559 - INFO - Optimal value of theta: 138.66293326.
2019-08-01 09:14:02,560 - INFO - Beginning optimization with guess, [0.46265901 0.0837028 ].
2019-08-01 09:14:06,243 - INFO - Finished optimization with guess, [0.46265901 0.0837028 ].
2019-08-01 09:14:06,243 - INFO - Best fit parameters: [0.37874831 0.78105213].
2019-08-01 09:14:06,290 - INFO - Maximum log composite likelihood: -23.1943745682.
2019-08-01 09:14:06,291 - INFO - Optimal value of theta: 115.257948201.
2019-08-01 09:14:06,291 - INFO - Beginning optimization with guess, [0.38940624 0.11732868].
2019-08-01 09:14:10,166 - INFO - Finished optimization with guess, [0.38940624 0.11732868].
2019-08-01 09:14:10,167 - INFO - Best fit parameters: [0.43577063 0.79212914].
2019-08-01 09:14:10,209 - INFO - Maximum log composite likelihood: -23.1944314553.
2019-08-01 09:14:10,210 - INFO - Optimal value of theta: 100.069001573.
2019-08-01 09:14:10,211 - INFO - Beginning optimization with guess, [0.52933907 0.19206356].
2019-08-01 09:14:14,103 - INFO - Finished optimization with guess, [0.52933907 0.19206356].
2019-08-01 09:14:14,104 - INFO - Best fit parameters: [0.3388784  0.75655437].
2019-08-01 09:14:14,150 - INFO - Maximum log composite likelihood: -23.1943452189.
2019-08-01 09:14:14,150 - INFO - Optimal value of theta: 128.75486301.
2019-08-01 09:14:14,151 - INFO - Beginning optimization with guess, [0.96122529 0.0979276 ].
2019-08-01 09:14:19,802 - INFO - Finished optimization with guess, [0.96122529 0.0979276 ].
2019-08-01 09:14:19,803 - INFO - Best fit parameters: [0.27176305 0.69352702].
2019-08-01 09:14:19,853 - INFO - Maximum log composite likelihood: -23.1943386149.
2019-08-01 09:14:19,854 - INFO - Optimal value of theta: 160.584676282.
2019-08-01 09:14:19,854 - INFO - Beginning optimization with guess, [0.41818147 0.06018024].
2019-08-01 09:34:29,912 - INFO - Finished optimization with guess, [0.41818147 0.06018024].
2019-08-01 09:34:29,913 - INFO - Best fit parameters: [0.35552139 0.76730687].
2019-08-01 09:34:29,958 - INFO - Maximum log composite likelihood: -23.1943497163.
2019-08-01 09:34:29,958 - INFO - Optimal value of theta: 122.715505887.
2019-08-01 09:34:29,959 - INFO - Beginning optimization with guess, [0.31703015 0.07598535].
2019-08-01 09:34:32,972 - INFO - Finished optimization with guess, [0.31703015 0.07598535].
2019-08-01 09:34:32,972 - INFO - Best fit parameters: [0.40796322 0.78965145].
2019-08-01 09:34:33,014 - INFO - Maximum log composite likelihood: -23.1943884446.
2019-08-01 09:34:33,015 - INFO - Optimal value of theta: 106.944584786.
2019-08-01 09:34:33,015 - INFO - Beginning optimization with guess, [0.84733758 0.07432759].
2019-08-01 09:34:37,327 - INFO - Finished optimization with guess, [0.84733758 0.07432759].
2019-08-01 09:34:37,328 - INFO - Best fit parameters: [0.35297893 0.76644946].
2019-08-01 09:34:37,375 - INFO - Maximum log composite likelihood: -23.1943533784.
2019-08-01 09:34:37,376 - INFO - Optimal value of theta: 123.634472846.
2019-08-01 09:34:37,376 - INFO - Beginning optimization with guess, [0.99124775 0.07909773].
2019-08-01 09:34:41,620 - INFO - Finished optimization with guess, [0.99124775 0.07909773].
2019-08-01 09:34:41,620 - INFO - Best fit parameters: [0.35768811 0.76923507].
2019-08-01 09:34:41,665 - INFO - Maximum log composite likelihood: -23.1943546949.
2019-08-01 09:34:41,666 - INFO - Optimal value of theta: 122.00325118.
2019-08-01 09:34:41,666 - INFO - Beginning optimization with guess, [0.4809988  0.10890197].
2019-08-01 09:34:47,111 - INFO - Finished optimization with guess, [0.4809988  0.10890197].
2019-08-01 09:34:47,111 - INFO - Best fit parameters: [0.31593404 0.73824865].
2019-08-01 09:34:47,161 - INFO - Maximum log composite likelihood: -23.1943394069.
2019-08-01 09:34:47,162 - INFO - Optimal value of theta: 138.10082587.
2019-08-01 09:34:47,162 - INFO - Beginning optimization with guess, [0.61134988 0.09960156].
2019-08-01 09:34:50,960 - INFO - Finished optimization with guess, [0.61134988 0.09960156].
2019-08-01 09:34:50,962 - INFO - Best fit parameters: [0.3667312  0.77437439].
2019-08-01 09:34:51,008 - INFO - Maximum log composite likelihood: -23.1943595483.
2019-08-01 09:34:51,008 - INFO - Optimal value of theta: 118.998338012.
2019-08-01 09:34:51,009 - INFO - Beginning optimization with guess, [0.70182797 0.05718598].
2019-08-01 09:34:55,066 - INFO - Finished optimization with guess, [0.70182797 0.05718598].
2019-08-01 09:34:55,066 - INFO - Best fit parameters: [0.36181273 0.77154044].
2019-08-01 09:34:55,116 - INFO - Maximum log composite likelihood: -23.1943559581.
2019-08-01 09:34:55,117 - INFO - Optimal value of theta: 120.608927693.
2019-08-01 09:34:55,117 - INFO - Beginning optimization with guess, [0.95065043 0.07212808].
2019-08-01 09:34:59,224 - INFO - Finished optimization with guess, [0.95065043 0.07212808].
2019-08-01 09:34:59,225 - INFO - Best fit parameters: [0.34966395 0.76444771].
2019-08-01 09:34:59,273 - INFO - Maximum log composite likelihood: -23.1943530468.
2019-08-01 09:34:59,274 - INFO - Optimal value of theta: 124.811712795.
2019-08-01 09:34:59,274 - INFO - Beginning optimization with guess, [0.47716506 0.13679662].
2019-08-01 09:35:03,634 - INFO - Finished optimization with guess, [0.47716506 0.13679662].
2019-08-01 09:35:03,635 - INFO - Best fit parameters: [0.35569562 0.7680084 ].
2019-08-01 09:35:03,683 - INFO - Maximum log composite likelihood: -23.194353565.
2019-08-01 09:35:03,684 - INFO - Optimal value of theta: 122.684866673.
2019-08-01 09:35:03,684 - INFO - Beginning optimization with guess, [0.59966213 0.14806282].
2019-08-01 09:35:09,623 - INFO - Finished optimization with guess, [0.59966213 0.14806282].
2019-08-01 09:35:09,625 - INFO - Best fit parameters: [0.30619853 0.7296263 ].
2019-08-01 09:35:09,675 - INFO - Maximum log composite likelihood: -23.1943392102.
2019-08-01 09:35:09,676 - INFO - Optimal value of theta: 142.504267284.
2019-08-01 09:35:09,676 - INFO - Beginning optimization with guess, [0.95799144 0.08559732].
2019-08-01 09:35:13,974 - INFO - Finished optimization with guess, [0.95799144 0.08559732].
2019-08-01 09:35:13,975 - INFO - Best fit parameters: [0.36142793 0.77151472].
2019-08-01 09:35:14,021 - INFO - Maximum log composite likelihood: -23.1943573442.
2019-08-01 09:35:14,022 - INFO - Optimal value of theta: 120.746500893.
2019-08-01 09:35:14,023 - INFO - Beginning optimization with guess, [0.55827449 0.15945472].
2019-08-01 09:35:18,576 - INFO - Finished optimization with guess, [0.55827449 0.15945472].
2019-08-01 09:35:18,577 - INFO - Best fit parameters: [0.36272647 0.77202267].
2019-08-01 09:35:18,623 - INFO - Maximum log composite likelihood: -23.1943561696.
2019-08-01 09:35:18,624 - INFO - Optimal value of theta: 120.303734731.
2019-08-01 09:35:18,624 - INFO - Beginning optimization with guess, [0.34654104 0.07889012].
2019-08-01 09:35:22,579 - INFO - Finished optimization with guess, [0.34654104 0.07889012].
2019-08-01 09:35:22,580 - INFO - Best fit parameters: [0.36344378 0.77165268].
2019-08-01 09:35:22,627 - INFO - Maximum log composite likelihood: -23.1943523868.
2019-08-01 09:35:22,628 - INFO - Optimal value of theta: 120.029976082.
2019-08-01 09:35:22,629 - INFO - Beginning optimization with guess, [0.71963181 0.13911103].
2019-08-01 09:35:26,292 - INFO - Finished optimization with guess, [0.71963181 0.13911103].
2019-08-01 09:35:26,293 - INFO - Best fit parameters: [0.35455995 0.76699849].
2019-08-01 09:35:26,340 - INFO - Maximum log composite likelihood: -23.1943508241.
2019-08-01 09:35:26,341 - INFO - Optimal value of theta: 123.061938014.
2019-08-01 09:35:26,342 - INFO - Beginning optimization with guess, [0.50865966 0.12620894].
2019-08-01 09:35:30,459 - INFO - Finished optimization with guess, [0.50865966 0.12620894].
2019-08-01 09:35:30,459 - INFO - Best fit parameters: [0.34757033 0.76296499].
2019-08-01 09:35:30,505 - INFO - Maximum log composite likelihood: -23.1943512459.
2019-08-01 09:35:30,506 - INFO - Optimal value of theta: 125.557497821.
2019-08-01 09:35:30,506 - INFO - Beginning optimization with guess, [0.64661519 0.1707685 ].
2019-08-01 09:35:34,347 - INFO - Finished optimization with guess, [0.64661519 0.1707685 ].
2019-08-01 09:35:34,348 - INFO - Best fit parameters: [0.34780502 0.762757  ].
2019-08-01 09:35:34,396 - INFO - Maximum log composite likelihood: -23.1943485419.
2019-08-01 09:35:34,397 - INFO - Optimal value of theta: 125.454043708.
2019-08-01 09:35:34,398 - INFO - Beginning optimization with guess, [0.35410735 0.18568472].
2019-08-01 09:35:38,383 - INFO - Finished optimization with guess, [0.35410735 0.18568472].
2019-08-01 09:35:38,383 - INFO - Best fit parameters: [0.33656303 0.75513797].
2019-08-01 09:35:38,433 - INFO - Maximum log composite likelihood: -23.1943464628.
2019-08-01 09:35:38,434 - INFO - Optimal value of theta: 129.655064733.
2019-08-01 09:35:38,434 - INFO - Beginning optimization with guess, [0.74333675 0.19966168].
2019-08-01 09:35:42,389 - INFO - Finished optimization with guess, [0.74333675 0.19966168].
2019-08-01 09:35:42,391 - INFO - Best fit parameters: [0.33459663 0.7537784 ].
2019-08-01 09:35:42,438 - INFO - Maximum log composite likelihood: -23.1943467393.
2019-08-01 09:35:42,439 - INFO - Optimal value of theta: 130.422388111.
2019-08-01 09:35:42,440 - INFO - Beginning optimization with guess, [0.94240807 0.07503543].
2019-08-01 09:35:48,868 - INFO - Finished optimization with guess, [0.94240807 0.07503543].
2019-08-01 09:35:48,870 - INFO - Best fit parameters: [0.28523884 0.7088443 ].
2019-08-01 09:35:48,921 - INFO - Maximum log composite likelihood: -23.1943408196.
2019-08-01 09:35:48,922 - INFO - Optimal value of theta: 153.005591226.
2019-08-01 09:35:48,922 - INFO - Beginning optimization with guess, [0.99478093 0.0590105 ].
2019-08-01 09:35:53,053 - INFO - Finished optimization with guess, [0.99478093 0.0590105 ].
2019-08-01 09:35:53,053 - INFO - Best fit parameters: [0.38403419 0.78241263].
2019-08-01 09:35:53,099 - INFO - Maximum log composite likelihood: -23.1943694188.
2019-08-01 09:35:53,100 - INFO - Optimal value of theta: 113.632611687.
2019-08-01 09:35:53,100 - INFO - Beginning optimization with guess, [0.45717791 0.05597649].
2019-08-01 09:36:01,105 - INFO - Finished optimization with guess, [0.45717791 0.05597649].
2019-08-01 09:36:01,107 - INFO - Best fit parameters: [0.29579614 0.66918516].
2019-08-01 09:36:01,156 - INFO - Maximum log composite likelihood: -23.205486784.
2019-08-01 09:36:01,157 - INFO - Optimal value of theta: 143.698869425.
2019-08-01 09:36:01,158 - INFO - Beginning optimization with guess, [0.48837761 0.12123492].
2019-08-01 09:36:05,081 - INFO - Finished optimization with guess, [0.48837761 0.12123492].
2019-08-01 09:36:05,081 - INFO - Best fit parameters: [0.3441427  0.76018613].
2019-08-01 09:36:05,127 - INFO - Maximum log composite likelihood: -23.1943465425.
2019-08-01 09:36:05,127 - INFO - Optimal value of theta: 126.782752146.
2019-08-01 09:36:05,128 - INFO - Beginning optimization with guess, [0.55515594 0.1014787 ].
2019-08-01 09:36:11,001 - INFO - Finished optimization with guess, [0.55515594 0.1014787 ].
2019-08-01 09:36:11,001 - INFO - Best fit parameters: [0.33034535 0.75005124].
2019-08-01 09:36:11,048 - INFO - Maximum log composite likelihood: -23.1943420863.
2019-08-01 09:36:11,049 - INFO - Optimal value of theta: 132.07273075.
2019-08-01 09:36:11,049 - INFO - Beginning optimization with guess, [0.689187   0.15056392].
2019-08-01 09:36:14,894 - INFO - Finished optimization with guess, [0.689187   0.15056392].
2019-08-01 09:36:14,895 - INFO - Best fit parameters: [0.31945267 0.74153986].
2019-08-01 09:36:14,942 - INFO - Maximum log composite likelihood: -23.1943419877.
2019-08-01 09:36:14,943 - INFO - Optimal value of theta: 136.595956639.
2019-08-01 09:36:14,943 - INFO - Beginning optimization with guess, [0.39254358 0.10629625].
2019-08-01 09:36:52,823 - INFO - Finished optimization with guess, [0.39254358 0.10629625].
2019-08-01 09:36:52,825 - INFO - Best fit parameters: [0.34034104 0.75819919].
2019-08-01 09:36:52,872 - INFO - Maximum log composite likelihood: -23.1943506065.
2019-08-01 09:36:52,873 - INFO - Optimal value of theta: 128.234079587.
2019-08-01 09:36:52,873 - INFO - Beginning optimization with guess, [0.9866863  0.13936194].
2019-08-01 09:36:57,203 - INFO - Finished optimization with guess, [0.9866863  0.13936194].
2019-08-01 09:36:57,204 - INFO - Best fit parameters: [0.31105308 0.73468638].
2019-08-01 09:36:57,253 - INFO - Maximum log composite likelihood: -23.1943458263.
2019-08-01 09:36:57,254 - INFO - Optimal value of theta: 140.317911091.
2019-08-01 09:36:57,254 - INFO - Beginning optimization with guess, [0.31472024 0.1314875 ].
2019-08-01 09:37:01,332 - INFO - Finished optimization with guess, [0.31472024 0.1314875 ].
2019-08-01 09:37:01,333 - INFO - Best fit parameters: [0.32392993 0.74557861].
2019-08-01 09:37:01,381 - INFO - Maximum log composite likelihood: -23.1943456706.
2019-08-01 09:37:01,382 - INFO - Optimal value of theta: 134.726178877.
2019-08-01 09:37:01,383 - INFO - Beginning optimization with guess, [0.50416282 0.12246655].
2019-08-01 09:37:05,609 - INFO - Finished optimization with guess, [0.50416282 0.12246655].
2019-08-01 09:37:05,610 - INFO - Best fit parameters: [0.35141206 0.76522307].
2019-08-01 09:37:05,656 - INFO - Maximum log composite likelihood: -23.1943508345.
2019-08-01 09:37:05,657 - INFO - Optimal value of theta: 124.173487761.
2019-08-01 09:37:05,658 - INFO - Beginning optimization with guess, [0.5074775  0.09541053].
2019-08-01 09:37:11,799 - INFO - Finished optimization with guess, [0.5074775  0.09541053].
2019-08-01 09:37:11,800 - INFO - Best fit parameters: [0.35324423 0.76510248].
2019-08-01 09:37:11,847 - INFO - Maximum log composite likelihood: -23.1943468602.
2019-08-01 09:37:11,848 - INFO - Optimal value of theta: 123.46580901.
2019-08-01 09:37:11,848 - INFO - Beginning optimization with guess, [0.32581712 0.15668573].
2019-08-01 09:37:15,845 - INFO - Finished optimization with guess, [0.32581712 0.15668573].
2019-08-01 09:37:15,846 - INFO - Best fit parameters: [0.30149949 0.7255555 ].
2019-08-01 09:37:15,897 - INFO - Maximum log composite likelihood: -23.1943426361.
2019-08-01 09:37:15,898 - INFO - Optimal value of theta: 144.753814655.
2019-08-01 09:37:15,898 - INFO - Beginning optimization with guess, [0.50327538 0.10169832].
2019-08-01 09:37:19,477 - INFO - Finished optimization with guess, [0.50327538 0.10169832].
2019-08-01 09:37:19,477 - INFO - Best fit parameters: [0.35222545 0.76515768].
2019-08-01 09:37:19,525 - INFO - Maximum log composite likelihood: -23.1943478638.
2019-08-01 09:37:19,526 - INFO - Optimal value of theta: 123.857578957.
2019-08-01 09:37:19,527 - INFO - Beginning optimization with guess, [0.53323491 0.06092633].
2019-08-01 09:37:23,887 - INFO - Finished optimization with guess, [0.53323491 0.06092633].
2019-08-01 09:37:23,887 - INFO - Best fit parameters: [0.33304663 0.75181238].
2019-08-01 09:37:23,936 - INFO - Maximum log composite likelihood: -23.1943413416.
2019-08-01 09:37:23,937 - INFO - Optimal value of theta: 130.984267847.
2019-08-01 09:37:23,938 - INFO - Beginning optimization with guess, [0.97537685 0.07220016].
2019-08-01 09:37:25,390 - INFO - Finished optimization with guess, [0.97537685 0.07220016].
2019-08-01 09:37:25,390 - INFO - Best fit parameters: [0.45271406 0.79266516].
2019-08-01 09:37:25,430 - INFO - Maximum log composite likelihood: -23.194471841.
2019-08-01 09:37:25,431 - INFO - Optimal value of theta: 96.3502620544.
2019-08-01 09:37:25,432 - INFO - Beginning optimization with guess, [0.70836834 0.08719844].
2019-08-01 09:37:29,466 - INFO - Finished optimization with guess, [0.70836834 0.08719844].
2019-08-01 09:37:29,468 - INFO - Best fit parameters: [0.34825438 0.76341096].
2019-08-01 09:37:29,517 - INFO - Maximum log composite likelihood: -23.1943514514.
2019-08-01 09:37:29,518 - INFO - Optimal value of theta: 125.31067506.
2019-08-01 09:37:29,519 - INFO - Beginning optimization with guess, [0.38177895 0.16215042].
2019-08-01 09:37:33,228 - INFO - Finished optimization with guess, [0.38177895 0.16215042].
2019-08-01 09:37:33,228 - INFO - Best fit parameters: [0.34169657 0.75911546].
2019-08-01 09:37:33,274 - INFO - Maximum log composite likelihood: -23.194350641.
2019-08-01 09:37:33,274 - INFO - Optimal value of theta: 127.723343331.
2019-08-01 09:37:33,275 - INFO - Finished demographic inference.
2019-08-01 09:37:33,276 - INFO - Beginning DFE inference.
2019-08-01 09:40:05,115 - INFO - Beginning optimization with guess, [1.52710818e-01 5.27385317e+02].
2019-08-01 09:40:10,914 - INFO - Finished optomization, results are [-25.188905009681182 array([9.88787907e-02, 9.51643827e+03])].
2019-08-01 09:40:10,915 - INFO - Beginning optimization with guess, [1.60739611e-01 5.00431379e+02].
2019-08-01 09:40:24,313 - INFO - Finished optomization, results are [-25.184540440162245 array([9.79665410e-02, 1.00263197e+04])].
2019-08-01 09:40:24,314 - INFO - Beginning optimization with guess, [7.48650963e-02 5.33762186e+02].
2019-08-01 09:40:30,354 - INFO - Finished optomization, results are [-25.213274236241276 array([9.81157062e-02, 9.28381975e+03])].
2019-08-01 09:40:30,354 - INFO - Beginning optimization with guess, [1.47536292e-01 1.69720367e+02].
2019-08-01 09:40:36,240 - INFO - Finished optomization, results are [-25.196396236681206 array([1.01095355e-01, 8.54310593e+03])].
2019-08-01 09:40:36,240 - INFO - Beginning optimization with guess, [8.82975811e-02 2.36855122e+02].
2019-08-01 09:40:45,493 - INFO - Finished optomization, results are [-25.198677704067514 array([1.00112363e-01, 8.78890631e+03])].
2019-08-01 09:40:45,495 - INFO - Beginning optimization with guess, [5.09418563e-02 2.96718323e+02].
2019-08-01 09:40:51,953 - INFO - Finished optomization, results are [-25.198299159143783 array([9.92566944e-02, 9.11825094e+03])].
2019-08-01 09:40:51,954 - INFO - Beginning optimization with guess, [1.02614942e-01 3.61983179e+02].
2019-08-01 09:41:04,828 - INFO - Finished optomization, results are [-25.170622564599064 array([9.94006937e-02, 1.00328425e+04])].
2019-08-01 09:41:04,829 - INFO - Beginning optimization with guess, [5.82323268e-02 3.24595099e+02].
2019-08-01 09:41:10,808 - INFO - Finished optomization, results are [-25.184726213901758 array([9.82076475e-02, 9.91496198e+03])].
2019-08-01 09:41:10,809 - INFO - Beginning optimization with guess, [6.44744821e-02 3.77457071e+02].
2019-08-01 09:41:16,909 - INFO - Finished optomization, results are [-25.20916008729389 array([9.90892432e-02, 8.93991214e+03])].
2019-08-01 09:41:16,909 - INFO - Beginning optimization with guess, [5.17320993e-02 3.12535146e+02].
2019-08-01 09:41:23,701 - INFO - Finished optomization, results are [-25.203493225094213 array([9.78619610e-02, 9.60502168e+03])].
2019-08-01 09:41:23,702 - INFO - Beginning optimization with guess, [1.37478695e-01 2.05681207e+02].
2019-08-01 09:41:39,396 - INFO - Finished optomization, results are [-25.178122743055233 array([9.84034653e-02, 1.00388005e+04])].
2019-08-01 09:41:39,398 - INFO - Beginning optimization with guess, [5.52475230e-02 2.72096656e+02].
2019-08-01 09:41:54,179 - INFO - Finished optomization, results are [-25.183050727555756 array([9.82035641e-02, 9.96586798e+03])].
2019-08-01 09:41:54,180 - INFO - Beginning optimization with guess, [7.32652833e-02 6.55388097e+02].
2019-08-01 09:42:00,997 - INFO - Finished optomization, results are [-25.205856289852235 array([9.95396870e-02, 8.82945048e+03])].
2019-08-01 09:42:00,999 - INFO - Beginning optimization with guess, [4.81490698e-02 2.79827349e+02].
2019-08-01 09:42:07,401 - INFO - Finished optomization, results are [-25.195804854704434 array([9.99200642e-02, 8.93317934e+03])].
2019-08-01 09:42:07,403 - INFO - Beginning optimization with guess, [1.08531390e-01 2.08500199e+02].
2019-08-01 09:42:16,101 - INFO - Finished optomization, results are [-25.177427522005623 array([9.96069434e-02, 9.65196627e+03])].
2019-08-01 09:42:16,102 - INFO - Beginning optimization with guess, [1.18837643e-01 1.83122249e+02].
2019-08-01 09:42:23,129 - INFO - Finished optomization, results are [-25.193865684232836 array([1.01358797e-01, 8.56051599e+03])].
2019-08-01 09:42:23,131 - INFO - Beginning optimization with guess, [9.50567014e-02 4.73563623e+02].
2019-08-01 09:42:37,886 - INFO - Finished optomization, results are [-25.21423890013891 array([9.65920740e-02, 1.00246171e+04])].
2019-08-01 09:42:37,887 - INFO - Beginning optimization with guess, [8.80564133e-02 5.15616000e+02].
2019-08-01 09:42:46,898 - INFO - Finished optomization, results are [-25.216792571615002 array([9.73737319e-02, 9.57167195e+03])].
2019-08-01 09:42:46,900 - INFO - Beginning optimization with guess, [8.73768335e-02 5.74463412e+02].
2019-08-01 09:42:53,551 - INFO - Finished optomization, results are [-25.21299605267248 array([9.88387217e-02, 8.96723824e+03])].
2019-08-01 09:42:53,551 - INFO - Beginning optimization with guess, [6.91686868e-02 5.64573998e+02].
2019-08-01 09:43:05,465 - INFO - Finished optomization, results are [-25.200390420482975 array([9.71886066e-02, 1.00022479e+04])].
2019-08-01 09:43:05,466 - INFO - Beginning optimization with guess, [4.82285689e-02 4.13143579e+02].
2019-08-01 09:43:12,509 - INFO - Finished optomization, results are [-25.22004128001571 array([9.74844353e-02, 9.45603775e+03])].
2019-08-01 09:43:12,509 - INFO - Beginning optimization with guess, [5.28087751e-02 2.34779188e+02].
2019-08-01 09:43:21,819 - INFO - Finished optomization, results are [-25.17746937170232 array([9.99524140e-02, 9.56364867e+03])].
2019-08-01 09:43:21,820 - INFO - Beginning optimization with guess, [8.62378804e-02 1.73735811e+02].
2019-08-01 09:43:35,744 - INFO - Finished optomization, results are [-25.18288907669293 array([9.82216960e-02, 9.96293354e+03])].
2019-08-01 09:43:35,747 - INFO - Beginning optimization with guess, [1.76760631e-01 5.21628457e+02].
2019-08-01 09:43:41,453 - INFO - Finished optomization, results are [-25.199946685357812 array([9.95393519e-02, 8.96752001e+03])].
2019-08-01 09:43:41,453 - INFO - Beginning optimization with guess, [1.07064353e-01 5.01916145e+02].
2019-08-01 09:43:58,094 - INFO - Finished optomization, results are [-25.172731200569594 array([9.93515674e-02, 9.93395022e+03])].
2019-08-01 09:43:58,096 - INFO - Beginning optimization with guess, [5.84203375e-02 2.63270647e+02].
2019-08-01 09:44:06,811 - INFO - Finished optomization, results are [-25.191226609384785 array([9.97757314e-02, 9.11335998e+03])].
2019-08-01 09:44:06,813 - INFO - Beginning optimization with guess, [1.55409353e-01 6.39309462e+02].
2019-08-01 09:44:15,317 - INFO - Finished optomization, results are [-25.19544609262585 array([9.73881606e-02, 1.00165800e+04])].
2019-08-01 09:44:15,318 - INFO - Beginning optimization with guess, [1.55703710e-01 3.32259337e+02].
2019-08-01 09:44:20,555 - INFO - Finished optomization, results are [-25.178773395590397 array([9.95056951e-02, 9.62569845e+03])].
2019-08-01 09:44:20,558 - INFO - Beginning optimization with guess, [7.74996710e-02 6.11437411e+02].
2019-08-01 09:44:35,839 - INFO - Finished optomization, results are [-25.226211216292675 array([9.64448127e-02, 9.88080099e+03])].
2019-08-01 09:44:35,840 - INFO - Beginning optimization with guess, [6.96015221e-02 5.13022158e+02].
2019-08-01 09:44:40,869 - INFO - Finished optomization, results are [-25.195278381633493 array([9.77770026e-02, 9.83321872e+03])].
2019-08-01 09:44:40,870 - INFO - Beginning optimization with guess, [1.13290583e-01 1.94086320e+02].
2019-08-01 09:44:47,502 - INFO - Finished optomization, results are [-25.177966506839528 array([9.88906627e-02, 9.85968461e+03])].
2019-08-01 09:44:47,503 - INFO - Beginning optimization with guess, [1.56010496e-01 5.83650266e+02].
2019-08-01 09:44:56,798 - INFO - Finished optomization, results are [-25.19820695708286 array([9.90496032e-02, 9.20372529e+03])].
2019-08-01 09:44:56,798 - INFO - Beginning optimization with guess, [7.29553695e-02 5.12034557e+02].
2019-08-01 09:45:02,068 - INFO - Finished optomization, results are [-25.202085774442764 array([9.79634902e-02, 9.58841551e+03])].
2019-08-01 09:45:02,070 - INFO - Beginning optimization with guess, [1.64499675e-01 3.32910478e+02].
2019-08-01 09:45:07,343 - INFO - Finished optomization, results are [-25.190927984104125 array([1.01193247e-01, 8.70808081e+03])].
2019-08-01 09:45:07,343 - INFO - Beginning optimization with guess, [6.91693272e-02 1.91468968e+02].
2019-08-01 09:45:16,319 - INFO - Finished optomization, results are [-25.180866248666277 array([1.00203355e-01, 9.35033055e+03])].
2019-08-01 09:45:16,320 - INFO - Beginning optimization with guess, [9.95402251e-02 1.72231221e+02].
2019-08-01 09:45:30,604 - INFO - Finished optomization, results are [-25.180301926603263 array([9.83798214e-02, 9.97680416e+03])].
2019-08-01 09:45:30,606 - INFO - Beginning optimization with guess, [5.02852176e-02 1.86612203e+02].
2019-08-01 09:45:37,447 - INFO - Finished optomization, results are [-25.175849326185883 array([9.95488609e-02, 9.73702798e+03])].
2019-08-01 09:45:37,447 - INFO - Beginning optimization with guess, [1.52339378e-01 1.68652123e+02].
2019-08-01 09:45:42,676 - INFO - Finished optomization, results are [-25.20041595420045 array([1.00137346e-01, 8.73538678e+03])].
2019-08-01 09:45:42,677 - INFO - Beginning optimization with guess, [7.52691873e-02 2.52032681e+02].
2019-08-01 09:45:57,309 - INFO - Finished optomization, results are [-25.194101221875272 array([9.74715748e-02, 1.00079844e+04])].
2019-08-01 09:45:57,311 - INFO - Beginning optimization with guess, [1.75291614e-01 1.83432280e+02].
2019-08-01 09:46:08,644 - INFO - Finished optomization, results are [-25.187891380350624 array([9.82697794e-02, 9.79887780e+03])].
2019-08-01 09:46:08,646 - INFO - Beginning optimization with guess, [8.91403449e-02 2.82729665e+02].
2019-08-01 09:46:13,883 - INFO - Finished optomization, results are [-25.192077934308752 array([9.80524882e-02, 9.78491796e+03])].
2019-08-01 09:46:13,884 - INFO - Beginning optimization with guess, [6.23112010e-02 2.85030373e+02].
2019-08-01 09:46:26,100 - INFO - Finished optomization, results are [-25.17967993284873 array([9.83589414e-02, 1.00053533e+04])].
2019-08-01 09:46:26,102 - INFO - Beginning optimization with guess, [6.90793826e-02 3.34499484e+02].
2019-08-01 09:46:31,830 - INFO - Finished optomization, results are [-25.20620884638157 array([9.88365766e-02, 9.10909710e+03])].
2019-08-01 09:46:31,832 - INFO - Beginning optimization with guess, [6.72845019e-02 5.00800157e+02].
2019-08-01 09:46:37,702 - INFO - Finished optomization, results are [-25.208737540502497 array([9.89671485e-02, 8.99987720e+03])].
2019-08-01 09:46:37,703 - INFO - Beginning optimization with guess, [1.31673719e-01 2.90898017e+02].
2019-08-01 09:46:50,191 - INFO - Finished optomization, results are [-25.210975228260136 array([9.91669867e-02, 8.86993758e+03])].
2019-08-01 09:46:50,193 - INFO - Beginning optimization with guess, [8.83692614e-02 3.44298472e+02].
2019-08-01 09:46:56,710 - INFO - Finished optomization, results are [-25.223460976672847 array([9.84377984e-02, 8.94597330e+03])].
2019-08-01 09:46:56,710 - INFO - Beginning optimization with guess, [1.27959568e-01 4.25424508e+02].
2019-08-01 09:47:03,577 - INFO - Finished optomization, results are [-25.186791678280503 array([9.90374416e-02, 9.51551307e+03])].
2019-08-01 09:47:03,578 - INFO - Beginning optimization with guess, [7.69498313e-02 4.00807293e+02].
2019-08-01 09:47:16,107 - INFO - Finished optomization, results are [-25.1845254626679 array([9.79331736e-02, 1.00416985e+04])].
2019-08-01 09:47:16,108 - INFO - Beginning optimization with guess, [1.03771157e-01 2.03428693e+02].
2019-08-01 09:47:32,950 - INFO - Finished optomization, results are [-25.17268292882337 array([9.91033713e-02, 1.00030496e+04])].
2019-08-01 09:47:32,952 - INFO - Beginning optimization with guess, [9.39315144e-02 1.69172083e+02].
2019-08-01 09:47:37,553 - INFO - Finished optomization, results are [-25.201596068017885 array([1.00014352e-01, 8.74992276e+03])].
2019-08-01 09:47:37,555 - INFO - Beginning optimization with guess, [5.6613359e-02 5.9618395e+02].
2019-08-01 09:47:45,032 - INFO - Finished optomization, results are [-25.21423808657604 array([9.88175767e-02, 8.95171102e+03])].
2019-08-01 09:47:45,033 - INFO - Beginning optimization with guess, [1.41897882e-01 4.70605193e+02].
2019-08-01 09:47:51,391 - INFO - Finished optomization, results are [-25.194702520472458 array([9.83295441e-02, 9.59515321e+03])].
2019-08-01 09:47:51,391 - INFO - Beginning optimization with guess, [1.43969843e-01 2.14042268e+02].
2019-08-01 09:48:03,441 - INFO - Finished optomization, results are [-25.19423326391426 array([9.93732938e-02, 9.17689261e+03])].
2019-08-01 09:48:03,443 - INFO - Beginning optimization with guess, [4.69264076e-02 2.94207305e+02].
2019-08-01 09:48:16,374 - INFO - Finished optomization, results are [-25.184912634611912 array([9.81784401e-02, 9.92225265e+03])].
2019-08-01 09:48:16,376 - INFO - Beginning optimization with guess, [9.15113055e-02 2.33440640e+02].
2019-08-01 09:48:20,471 - INFO - Finished optomization, results are [-25.181761075918338 array([9.92551063e-02, 9.59688319e+03])].
2019-08-01 09:48:20,472 - INFO - Beginning optimization with guess, [1.47108778e-01 1.73446771e+02].
2019-08-01 09:48:31,497 - INFO - Finished optomization, results are [-25.1815192215276 array([9.91848437e-02, 9.62979609e+03])].
2019-08-01 09:48:31,499 - INFO - Beginning optimization with guess, [8.22364508e-02 2.40070977e+02].
2019-08-01 09:48:44,636 - INFO - Finished optomization, results are [-25.18928765642203 array([9.89354102e-02, 9.48307687e+03])].
2019-08-01 09:48:44,639 - INFO - Beginning optimization with guess, [5.01717668e-02 4.46155174e+02].
2019-08-01 09:48:56,720 - INFO - Finished optomization, results are [-25.20161705663687 array([9.83820847e-02, 9.40834296e+03])].
2019-08-01 09:48:56,722 - INFO - Beginning optimization with guess, [5.58805715e-02 3.28228756e+02].
2019-08-01 09:49:10,021 - INFO - Finished optomization, results are [-25.188187843151425 array([9.77140487e-02, 1.00417551e+04])].
2019-08-01 09:49:10,023 - INFO - Beginning optimization with guess, [7.05062544e-02 5.08488840e+02].
2019-08-01 09:49:16,146 - INFO - Finished optomization, results are [-25.201877035363808 array([9.81597089e-02, 9.50262945e+03])].
2019-08-01 09:49:16,147 - INFO - Beginning optimization with guess, [1.46285241e-01 2.58116510e+02].
2019-08-01 09:49:31,792 - INFO - Finished optomization, results are [-25.174367316328013 array([9.87829962e-02, 1.00337060e+04])].
2019-08-01 09:49:31,793 - INFO - Beginning optimization with guess, [6.38549868e-02 2.31155291e+02].
2019-08-01 09:49:38,064 - INFO - Finished optomization, results are [-25.18968374915472 array([1.01232131e-01, 8.74963300e+03])].
2019-08-01 09:49:38,065 - INFO - Beginning optimization with guess, [7.61609939e-02 2.62338543e+02].
2019-08-01 09:49:47,456 - INFO - Finished optomization, results are [-25.186603839673648 array([1.00052604e-01, 9.16902732e+03])].
2019-08-01 09:49:47,458 - INFO - Beginning optimization with guess, [8.98253420e-02 2.42228215e+02].
2019-08-01 09:49:59,922 - INFO - Finished optomization, results are [-25.176796479257707 array([9.87290779e-02, 9.96063388e+03])].
2019-08-01 09:49:59,927 - INFO - Beginning optimization with guess, [9.30507980e-02 5.81760501e+02].
2019-08-01 09:50:07,617 - INFO - Finished optomization, results are [-25.185453486820556 array([1.01053575e-01, 8.97082748e+03])].
2019-08-01 09:50:07,618 - INFO - Beginning optimization with guess, [1.05654535e-01 4.72007625e+02].
2019-08-01 09:50:15,470 - INFO - Finished optomization, results are [-25.174422629048486 array([9.97282076e-02, 9.76296058e+03])].
2019-08-01 09:50:15,472 - INFO - Beginning optimization with guess, [5.70186293e-02 5.80379879e+02].
2019-08-01 09:50:31,946 - INFO - Finished optomization, results are [-25.194838487084766 array([9.78885788e-02, 9.79161602e+03])].
2019-08-01 09:50:31,948 - INFO - Beginning optimization with guess, [6.32818986e-02 3.99045993e+02].
2019-08-01 09:50:44,769 - INFO - Finished optomization, results are [-25.17781458833131 array([9.87269648e-02, 9.92479521e+03])].
2019-08-01 09:50:44,771 - INFO - Beginning optimization with guess, [5.19417357e-02 2.75197862e+02].
2019-08-01 09:50:50,376 - INFO - Finished optomization, results are [-25.19110650139807 array([9.81009365e-02, 9.78794663e+03])].
2019-08-01 09:50:50,376 - INFO - Beginning optimization with guess, [6.41839783e-02 2.07757193e+02].
2019-08-01 09:50:56,512 - INFO - Finished optomization, results are [-25.1765357425313 array([9.95328160e-02, 9.71093264e+03])].
2019-08-01 09:50:56,514 - INFO - Beginning optimization with guess, [4.80842564e-02 4.30761185e+02].
2019-08-01 09:51:03,315 - INFO - Finished optomization, results are [-25.220773571003928 array([9.73774156e-02, 9.49543547e+03])].
2019-08-01 09:51:03,316 - INFO - Beginning optimization with guess, [1.21627684e-01 1.87364765e+02].
2019-08-01 09:51:12,590 - INFO - Finished optomization, results are [-25.198024992188028 array([1.00810524e-01, 8.57732895e+03])].
2019-08-01 09:51:12,592 - INFO - Beginning optimization with guess, [5.19225771e-02 2.96097460e+02].
2019-08-01 09:51:17,763 - INFO - Finished optomization, results are [-25.212671114281683 array([9.86724921e-02, 9.04565414e+03])].
2019-08-01 09:51:17,764 - INFO - Beginning optimization with guess, [1.44959745e-01 3.64712981e+02].
2019-08-01 09:51:32,320 - INFO - Finished optomization, results are [-25.187532041787254 array([9.89233680e-02, 9.53807292e+03])].
2019-08-01 09:51:32,324 - INFO - Beginning optimization with guess, [8.94478878e-02 3.77412062e+02].
2019-08-01 09:51:38,711 - INFO - Finished optomization, results are [-25.24083887309616 array([9.74140508e-02, 9.13677215e+03])].
2019-08-01 09:51:38,713 - INFO - Beginning optimization with guess, [1.74454148e-01 3.64976794e+02].
2019-08-01 09:51:45,028 - INFO - Finished optomization, results are [-25.19056848317713 array([9.93610653e-02, 9.28252360e+03])].
2019-08-01 09:51:45,028 - INFO - Beginning optimization with guess, [9.69590675e-02 5.45347343e+02].
2019-08-01 09:51:49,764 - INFO - Finished optomization, results are [-25.19407234839518 array([1.00741921e-01, 8.71658055e+03])].
2019-08-01 09:51:49,764 - INFO - Beginning optimization with guess, [5.27103119e-02 3.87678809e+02].
2019-08-01 09:52:04,234 - INFO - Finished optomization, results are [-25.194458544535827 array([9.74257561e-02, 1.00217353e+04])].
2019-08-01 09:52:04,236 - INFO - Beginning optimization with guess, [4.74921935e-02 4.00299732e+02].
2019-08-01 09:52:08,751 - INFO - Finished optomization, results are [-25.21051227208275 array([9.77315320e-02, 9.51983818e+03])].
2019-08-01 09:52:08,751 - INFO - Beginning optimization with guess, [1.21105271e-01 3.62611257e+02].
2019-08-01 09:52:23,509 - INFO - Finished optomization, results are [-25.172546694430714 array([9.9491512e-02, 9.9104313e+03])].
2019-08-01 09:52:23,510 - INFO - Beginning optimization with guess, [7.86560125e-02 3.61259145e+02].
2019-08-01 09:52:29,509 - INFO - Finished optomization, results are [-25.200825878613415 array([9.90054059e-02, 9.15930008e+03])].
2019-08-01 09:52:29,510 - INFO - Beginning optimization with guess, [4.58248729e-02 2.33936594e+02].
2019-08-01 09:52:45,781 - INFO - Finished optomization, results are [-25.178006715583727 array([9.90017289e-02, 9.81903773e+03])].
2019-08-01 09:52:45,782 - INFO - Beginning optimization with guess, [7.51580165e-02 6.44461987e+02].
2019-08-01 09:52:52,575 - INFO - Finished optomization, results are [-25.192652201588167 array([9.84870336e-02, 9.57833275e+03])].
2019-08-01 09:52:52,577 - INFO - Beginning optimization with guess, [5.09175177e-02 5.19014541e+02].
2019-08-01 09:52:58,506 - INFO - Finished optomization, results are [-25.20751413439605 array([9.88305933e-02, 9.08364704e+03])].
2019-08-01 09:52:58,507 - INFO - Beginning optimization with guess, [4.74275411e-02 2.78874134e+02].
2019-08-01 09:53:05,623 - INFO - Finished optomization, results are [-25.187554708889515 array([9.90592613e-02, 9.48449045e+03])].
2019-08-01 09:53:05,624 - INFO - Beginning optimization with guess, [6.36126732e-02 2.50665715e+02].
2019-08-01 09:53:11,467 - INFO - Finished optomization, results are [-25.17716201771328 array([9.89858718e-02, 9.85601291e+03])].
2019-08-01 09:53:11,468 - INFO - Beginning optimization with guess, [7.22435520e-02 3.59934636e+02].
2019-08-01 09:53:16,059 - INFO - Finished optomization, results are [-25.19765771021518 array([9.92222014e-02, 9.14781226e+03])].
2019-08-01 09:53:16,059 - INFO - Beginning optimization with guess, [1.17836105e-01 1.90839790e+02].
2019-08-01 09:53:25,242 - INFO - Finished optomization, results are [-25.182236416055204 array([9.99146947e-02, 9.36948765e+03])].
2019-08-01 09:53:25,244 - INFO - Beginning optimization with guess, [4.57071955e-02 1.77186184e+02].
2019-08-01 09:53:31,356 - INFO - Finished optomization, results are [-25.177866555129015 array([9.95976163e-02, 9.63591835e+03])].
2019-08-01 09:53:31,358 - INFO - Beginning optimization with guess, [8.50523349e-02 1.71431230e+02].
2019-08-01 09:53:37,442 - INFO - Finished optomization, results are [-25.18431324878044 array([1.00926329e-01, 9.04655823e+03])].
2019-08-01 09:53:37,443 - INFO - Beginning optimization with guess, [1.04700609e-01 3.78969251e+02].
2019-08-01 09:53:45,393 - INFO - Finished optomization, results are [-25.172103177619697 array([9.95174055e-02, 9.92839995e+03])].
2019-08-01 09:53:45,395 - INFO - Beginning optimization with guess, [5.76771250e-02 2.79848655e+02].
2019-08-01 09:53:52,361 - INFO - Finished optomization, results are [-25.187900423424274 array([9.91830344e-02, 9.42706096e+03])].
2019-08-01 09:53:52,361 - INFO - Beginning optimization with guess, [1.10164535e-01 5.97140924e+02].
2019-08-01 09:53:57,990 - INFO - Finished optomization, results are [-25.212938469318328 array([9.86739678e-02, 9.03967891e+03])].
2019-08-01 09:53:57,993 - INFO - Beginning optimization with guess, [1.35979392e-01 3.05471936e+02].
2019-08-01 09:54:13,189 - INFO - Finished optomization, results are [-25.192816287784638 array([9.74173189e-02, 1.00658108e+04])].
2019-08-01 09:54:13,190 - INFO - Beginning optimization with guess, [1.47434613e-01 1.68539100e+02].
2019-08-01 09:54:18,843 - INFO - Finished optomization, results are [-25.191288523586422 array([9.91152395e-02, 9.35646688e+03])].
2019-08-01 09:54:18,843 - INFO - Beginning optimization with guess, [1.00798292e-01 2.01462444e+02].
2019-08-01 09:54:35,619 - INFO - Finished optomization, results are [-25.172003258357122 array([9.90251907e-02, 1.00565753e+04])].
2019-08-01 09:54:35,621 - INFO - Beginning optimization with guess, [1.79907924e-01 3.06986392e+02].
2019-08-01 09:54:40,065 - INFO - Finished optomization, results are [-25.185022393394416 array([1.00226657e-01, 9.17511200e+03])].
2019-08-01 09:54:40,066 - INFO - Beginning optimization with guess, [7.93684693e-02 6.09133256e+02].
2019-08-01 09:54:49,465 - INFO - Finished optomization, results are [-25.22647683260317 array([9.64917233e-02, 9.85077424e+03])].
2019-08-01 09:54:49,471 - INFO - Beginning optimization with guess, [5.52007238e-02 4.83843124e+02].
2019-08-01 09:55:03,919 - INFO - Finished optomization, results are [-25.191003694505895 array([9.75557031e-02, 1.00439377e+04])].
2019-08-01 09:55:03,921 - INFO - Beginning optimization with guess, [8.04443807e-02 2.54157993e+02].
2019-08-01 09:55:18,906 - INFO - Finished optomization, results are [-25.190721783054485 array([9.90127083e-02, 9.41244596e+03])].
2019-08-01 09:55:18,908 - INFO - Finished DFE inference.
2019-08-01 09:55:18,908 - INFO - Integrating expected site-frequency spectrum.
2019-08-01 09:55:18,956 - INFO - Outputing results.
2019-08-01 09:55:18,962 - INFO - Pipeline executed succesfully.
