2020-09-15 10:39:45,137 - INFO - Beginning execution of fitdadi_infer_DFE.py in directory /u/home/j/jonmah/lohmueller_lab/Scripts

2020-09-15 10:39:45,138 - INFO - Progress is being logged to ../Data/pop_4000_no_demo_shift/350_gen_fitdadi_output/log.log

2020-09-15 10:39:45,138 - INFO - Parsed the following arguments:
	breed = LB
	outprefix = ../Data/pop_4000_no_demo_shift/350_gen_fitdadi_output/
	nonsyn_input_sfs = ../Data/pop_4000_no_demo_shift/350_gen_easySFS_output_nonsyn/dadi/pop1.sfs
	syn_input_sfs = ../Data/pop_4000_no_demo_shift/350_gen_easySFS_output_syn/dadi/pop1.sfs

2020-09-15 10:39:45,140 - INFO - Beginning optimization with guess, [0.95515029 0.18333231].
2020-09-15 10:39:45,720 - INFO - Finished optimization with guess, [0.95515029 0.18333231].
2020-09-15 10:39:45,720 - INFO - Best fit parameters: [1.40358032 0.99238646].
2020-09-15 10:39:45,745 - INFO - Maximum log composite likelihood: -21.5027638012.
2020-09-15 10:39:45,746 - INFO - Optimal value of theta: 40.2438593752.
2020-09-15 10:39:45,746 - INFO - Beginning optimization with guess, [0.25043305 0.19799221].
2020-09-15 10:39:46,325 - INFO - Finished optimization with guess, [0.25043305 0.19799221].
2020-09-15 10:39:46,325 - INFO - Best fit parameters: [1.32990587 0.56645326].
2020-09-15 10:39:46,346 - INFO - Maximum log composite likelihood: -21.5250803713.
2020-09-15 10:39:46,347 - INFO - Optimal value of theta: 43.387796909.
2020-09-15 10:39:46,347 - INFO - Beginning optimization with guess, [0.34482731 0.05747612].
2020-09-15 10:39:47,059 - INFO - Finished optimization with guess, [0.34482731 0.05747612].
2020-09-15 10:39:47,059 - INFO - Best fit parameters: [1.36340452 0.86078349].
2020-09-15 10:39:47,083 - INFO - Maximum log composite likelihood: -21.5060211986.
2020-09-15 10:39:47,084 - INFO - Optimal value of theta: 41.4434351537.
2020-09-15 10:39:47,085 - INFO - Beginning optimization with guess, [0.66202652 0.12463109].
2020-09-15 10:39:47,554 - INFO - Finished optimization with guess, [0.66202652 0.12463109].
2020-09-15 10:39:47,555 - INFO - Best fit parameters: [1.11842366 0.40739295].
2020-09-15 10:39:47,575 - INFO - Maximum log composite likelihood: -21.6348736104.
2020-09-15 10:39:47,576 - INFO - Optimal value of theta: 47.6416185588.
2020-09-15 10:39:47,576 - INFO - Beginning optimization with guess, [0.97373833 0.07869425].
2020-09-15 10:39:48,066 - INFO - Finished optimization with guess, [0.97373833 0.07869425].
2020-09-15 10:39:48,066 - INFO - Best fit parameters: [1.16561579 0.68299678].
2020-09-15 10:39:48,090 - INFO - Maximum log composite likelihood: -21.5935934268.
2020-09-15 10:39:48,091 - INFO - Optimal value of theta: 45.8657179721.
2020-09-15 10:39:48,091 - INFO - Beginning optimization with guess, [0.342459   0.05960939].
2020-09-15 10:39:48,890 - INFO - Finished optimization with guess, [0.342459   0.05960939].
2020-09-15 10:39:48,891 - INFO - Best fit parameters: [1.4186275  1.05088786].
2020-09-15 10:39:48,917 - INFO - Maximum log composite likelihood: -21.5019405754.
2020-09-15 10:39:48,917 - INFO - Optimal value of theta: 39.7727023316.
2020-09-15 10:39:48,918 - INFO - Beginning optimization with guess, [0.39859854 0.05751807].
2020-09-15 10:39:49,357 - INFO - Finished optimization with guess, [0.39859854 0.05751807].
2020-09-15 10:39:49,357 - INFO - Best fit parameters: [1.43858508 0.0450019 ].
2020-09-15 10:39:49,373 - INFO - Maximum log composite likelihood: -21.7979650377.
2020-09-15 10:39:49,374 - INFO - Optimal value of theta: 48.6171723066.
2020-09-15 10:39:49,374 - INFO - Beginning optimization with guess, [0.29049879 0.07760632].
2020-09-15 10:39:49,819 - INFO - Finished optimization with guess, [0.29049879 0.07760632].
2020-09-15 10:39:49,819 - INFO - Best fit parameters: [1.43051489 0.03293942].
2020-09-15 10:39:49,835 - INFO - Maximum log composite likelihood: -21.8072327139.
2020-09-15 10:39:49,836 - INFO - Optimal value of theta: 48.9787150752.
2020-09-15 10:39:49,836 - INFO - Beginning optimization with guess, [0.59619654 0.07837967].
2020-09-15 10:39:50,554 - INFO - Finished optimization with guess, [0.59619654 0.07837967].
2020-09-15 10:39:50,554 - INFO - Best fit parameters: [1.50341394 1.24998867].
2020-09-15 10:39:50,581 - INFO - Maximum log composite likelihood: -21.4991637365.
2020-09-15 10:39:50,582 - INFO - Optimal value of theta: 37.6957420918.
2020-09-15 10:39:50,582 - INFO - Beginning optimization with guess, [0.49463608 0.06932629].
2020-09-15 10:39:51,258 - INFO - Finished optimization with guess, [0.49463608 0.06932629].
2020-09-15 10:39:51,258 - INFO - Best fit parameters: [1.25741943 0.5868737 ].
2020-09-15 10:39:51,280 - INFO - Maximum log composite likelihood: -21.5281474454.
2020-09-15 10:39:51,280 - INFO - Optimal value of theta: 44.4522753827.
2020-09-15 10:39:51,281 - INFO - Beginning optimization with guess, [0.27115197 0.08686377].
2020-09-15 10:39:51,728 - INFO - Finished optimization with guess, [0.27115197 0.08686377].
2020-09-15 10:39:51,729 - INFO - Best fit parameters: [1.41371769 0.03671961].
2020-09-15 10:39:51,745 - INFO - Maximum log composite likelihood: -21.8026071831.
2020-09-15 10:39:51,746 - INFO - Optimal value of theta: 48.901476767.
2020-09-15 10:39:51,746 - INFO - Beginning optimization with guess, [0.5922971  0.17754492].
2020-09-15 10:39:52,384 - INFO - Finished optimization with guess, [0.5922971  0.17754492].
2020-09-15 10:39:52,384 - INFO - Best fit parameters: [1.39744462 0.87166866].
2020-09-15 10:39:52,408 - INFO - Maximum log composite likelihood: -21.5059362693.
2020-09-15 10:39:52,408 - INFO - Optimal value of theta: 40.8318645683.
2020-09-15 10:39:52,409 - INFO - Beginning optimization with guess, [0.48255918 0.11175176].
2020-09-15 10:39:53,027 - INFO - Finished optimization with guess, [0.48255918 0.11175176].
2020-09-15 10:39:53,027 - INFO - Best fit parameters: [1.4711968  1.09287818].
2020-09-15 10:39:53,053 - INFO - Maximum log composite likelihood: -21.5017412415.
2020-09-15 10:39:53,053 - INFO - Optimal value of theta: 38.7617609948.
2020-09-15 10:39:53,054 - INFO - Beginning optimization with guess, [0.90161632 0.12439901].
2020-09-15 10:39:53,581 - INFO - Finished optimization with guess, [0.90161632 0.12439901].
2020-09-15 10:39:53,581 - INFO - Best fit parameters: [1.19955135 0.65318119].
2020-09-15 10:39:53,604 - INFO - Maximum log composite likelihood: -21.5611437569.
2020-09-15 10:39:53,605 - INFO - Optimal value of theta: 45.2583658743.
2020-09-15 10:39:53,605 - INFO - Beginning optimization with guess, [0.78116401 0.16518453].
2020-09-15 10:39:54,193 - INFO - Finished optimization with guess, [0.78116401 0.16518453].
2020-09-15 10:39:54,193 - INFO - Best fit parameters: [1.20936208 0.61503838].
2020-09-15 10:39:54,216 - INFO - Maximum log composite likelihood: -21.5520454487.
2020-09-15 10:39:54,216 - INFO - Optimal value of theta: 45.2040379281.
2020-09-15 10:39:54,217 - INFO - Beginning optimization with guess, [0.93805812 0.13583183].
2020-09-15 10:39:54,736 - INFO - Finished optimization with guess, [0.93805812 0.13583183].
2020-09-15 10:39:54,736 - INFO - Best fit parameters: [1.36213013 1.07408871].
2020-09-15 10:39:54,762 - INFO - Maximum log composite likelihood: -21.5132126394.
2020-09-15 10:39:54,763 - INFO - Optimal value of theta: 40.6863089575.
2020-09-15 10:39:54,763 - INFO - Beginning optimization with guess, [0.54685808 0.05613099].
2020-09-15 10:39:55,344 - INFO - Finished optimization with guess, [0.54685808 0.05613099].
2020-09-15 10:39:55,345 - INFO - Best fit parameters: [1.07771154 0.17714936].
2020-09-15 10:39:55,363 - INFO - Maximum log composite likelihood: -21.730263787.
2020-09-15 10:39:55,364 - INFO - Optimal value of theta: 49.0636090758.
2020-09-15 10:39:55,364 - INFO - Beginning optimization with guess, [0.57004705 0.10357914].
2020-09-15 10:39:55,879 - INFO - Finished optimization with guess, [0.57004705 0.10357914].
2020-09-15 10:39:55,879 - INFO - Best fit parameters: [1.26868889 0.54366211].
2020-09-15 10:39:55,901 - INFO - Maximum log composite likelihood: -21.5274966886.
2020-09-15 10:39:55,901 - INFO - Optimal value of theta: 44.4695187462.
2020-09-15 10:39:55,902 - INFO - Beginning optimization with guess, [0.27733945 0.05268733].
2020-09-15 10:39:56,340 - INFO - Finished optimization with guess, [0.27733945 0.05268733].
2020-09-15 10:39:56,340 - INFO - Best fit parameters: [1.49112501 0.01828397].
2020-09-15 10:39:56,356 - INFO - Maximum log composite likelihood: -21.8227422055.
2020-09-15 10:39:56,357 - INFO - Optimal value of theta: 49.369172723.
2020-09-15 10:39:56,357 - INFO - Beginning optimization with guess, [0.31331988 0.18616253].
2020-09-15 10:39:56,892 - INFO - Finished optimization with guess, [0.31331988 0.18616253].
2020-09-15 10:39:56,892 - INFO - Best fit parameters: [1.22845518 0.51805069].
2020-09-15 10:39:56,913 - INFO - Maximum log composite likelihood: -21.5414128665.
2020-09-15 10:39:56,914 - INFO - Optimal value of theta: 45.2622636821.
2020-09-15 10:39:56,915 - INFO - Beginning optimization with guess, [0.43988796 0.08953664].
2020-09-15 10:39:57,587 - INFO - Finished optimization with guess, [0.43988796 0.08953664].
2020-09-15 10:39:57,587 - INFO - Best fit parameters: [1.41897313 0.94400182].
2020-09-15 10:39:57,612 - INFO - Maximum log composite likelihood: -21.5040447686.
2020-09-15 10:39:57,613 - INFO - Optimal value of theta: 40.1802402185.
2020-09-15 10:39:57,613 - INFO - Beginning optimization with guess, [0.87472996 0.05319724].
2020-09-15 10:39:58,193 - INFO - Finished optimization with guess, [0.87472996 0.05319724].
2020-09-15 10:39:58,194 - INFO - Best fit parameters: [1.10484204 0.19193497].
2020-09-15 10:39:58,212 - INFO - Maximum log composite likelihood: -21.6952249604.
2020-09-15 10:39:58,212 - INFO - Optimal value of theta: 48.6799323817.
2020-09-15 10:39:58,213 - INFO - Beginning optimization with guess, [0.46641664 0.06323695].
2020-09-15 10:39:58,982 - INFO - Finished optimization with guess, [0.46641664 0.06323695].
2020-09-15 10:39:58,983 - INFO - Best fit parameters: [1.29445654 0.70689715].
2020-09-15 10:39:59,006 - INFO - Maximum log composite likelihood: -21.516624204.
2020-09-15 10:39:59,006 - INFO - Optimal value of theta: 43.280301254.
2020-09-15 10:39:59,007 - INFO - Beginning optimization with guess, [0.30700397 0.18597929].
2020-09-15 10:39:59,544 - INFO - Finished optimization with guess, [0.30700397 0.18597929].
2020-09-15 10:39:59,544 - INFO - Best fit parameters: [1.23237982 0.5227355 ].
2020-09-15 10:39:59,565 - INFO - Maximum log composite likelihood: -21.539535763.
2020-09-15 10:39:59,566 - INFO - Optimal value of theta: 45.1740366641.
2020-09-15 10:39:59,566 - INFO - Beginning optimization with guess, [0.41753836 0.072876  ].
2020-09-15 10:40:00,120 - INFO - Finished optimization with guess, [0.41753836 0.072876  ].
2020-09-15 10:40:00,120 - INFO - Best fit parameters: [1.45315081 0.10535399].
2020-09-15 10:40:00,137 - INFO - Maximum log composite likelihood: -21.7694127593.
2020-09-15 10:40:00,137 - INFO - Optimal value of theta: 47.090404015.
2020-09-15 10:40:00,138 - INFO - Beginning optimization with guess, [0.34416482 0.10280873].
2020-09-15 10:40:00,647 - INFO - Finished optimization with guess, [0.34416482 0.10280873].
2020-09-15 10:40:00,647 - INFO - Best fit parameters: [1.41735251 0.12661069].
2020-09-15 10:40:00,664 - INFO - Maximum log composite likelihood: -21.7398099453.
2020-09-15 10:40:00,665 - INFO - Optimal value of theta: 46.8443541289.
2020-09-15 10:40:00,665 - INFO - Beginning optimization with guess, [0.32759326 0.17713713].
2020-09-15 10:40:01,295 - INFO - Finished optimization with guess, [0.32759326 0.17713713].
2020-09-15 10:40:01,295 - INFO - Best fit parameters: [1.40289341 1.00290923].
2020-09-15 10:40:01,320 - INFO - Maximum log composite likelihood: -21.5028079236.
2020-09-15 10:40:01,321 - INFO - Optimal value of theta: 40.2157407135.
2020-09-15 10:40:01,321 - INFO - Beginning optimization with guess, [0.43928634 0.07800068].
2020-09-15 10:40:02,039 - INFO - Finished optimization with guess, [0.43928634 0.07800068].
2020-09-15 10:40:02,039 - INFO - Best fit parameters: [1.46443264 1.15819804].
2020-09-15 10:40:02,065 - INFO - Maximum log composite likelihood: -21.5000861946.
2020-09-15 10:40:02,066 - INFO - Optimal value of theta: 38.6325567522.
2020-09-15 10:40:02,066 - INFO - Beginning optimization with guess, [0.36002663 0.15044442].
2020-09-15 10:40:02,582 - INFO - Finished optimization with guess, [0.36002663 0.15044442].
2020-09-15 10:40:02,582 - INFO - Best fit parameters: [1.31031216 0.7350728 ].
2020-09-15 10:40:02,606 - INFO - Maximum log composite likelihood: -21.5132952743.
2020-09-15 10:40:02,606 - INFO - Optimal value of theta: 42.8832685095.
2020-09-15 10:40:02,607 - INFO - Beginning optimization with guess, [0.55641856 0.13081506].
2020-09-15 10:40:03,177 - INFO - Finished optimization with guess, [0.55641856 0.13081506].
2020-09-15 10:40:03,177 - INFO - Best fit parameters: [1.52385035 1.24085299].
2020-09-15 10:40:03,204 - INFO - Maximum log composite likelihood: -21.5002305297.
2020-09-15 10:40:03,204 - INFO - Optimal value of theta: 37.4114991901.
2020-09-15 10:40:03,205 - INFO - Beginning optimization with guess, [0.28321588 0.05845772].
2020-09-15 10:40:03,644 - INFO - Finished optimization with guess, [0.28321588 0.05845772].
2020-09-15 10:40:03,645 - INFO - Best fit parameters: [1.4564213  0.02012895].
2020-09-15 10:40:03,660 - INFO - Maximum log composite likelihood: -21.8206392601.
2020-09-15 10:40:03,661 - INFO - Optimal value of theta: 49.3406518747.
2020-09-15 10:40:03,662 - INFO - Beginning optimization with guess, [0.27506885 0.10965683].
2020-09-15 10:40:04,485 - INFO - Finished optimization with guess, [0.27506885 0.10965683].
2020-09-15 10:40:04,485 - INFO - Best fit parameters: [1.90903879 2.27165478].
2020-09-15 10:40:04,516 - INFO - Maximum log composite likelihood: -21.4962997015.
2020-09-15 10:40:04,517 - INFO - Optimal value of theta: 29.6530046983.
2020-09-15 10:40:04,517 - INFO - Beginning optimization with guess, [0.73499488 0.16898382].
2020-09-15 10:40:05,006 - INFO - Finished optimization with guess, [0.73499488 0.16898382].
2020-09-15 10:40:05,006 - INFO - Best fit parameters: [1.17185396 0.28025901].
2020-09-15 10:40:05,025 - INFO - Maximum log composite likelihood: -21.6077386752.
2020-09-15 10:40:05,026 - INFO - Optimal value of theta: 47.3554388553.
2020-09-15 10:40:05,026 - INFO - Beginning optimization with guess, [0.47330595 0.09932209].
2020-09-15 10:40:05,648 - INFO - Finished optimization with guess, [0.47330595 0.09932209].
2020-09-15 10:40:05,649 - INFO - Best fit parameters: [1.49165917 1.20975942].
2020-09-15 10:40:05,675 - INFO - Maximum log composite likelihood: -21.4995318212.
2020-09-15 10:40:05,676 - INFO - Optimal value of theta: 38.0178275955.
2020-09-15 10:40:05,676 - INFO - Beginning optimization with guess, [0.98070153 0.10298523].
2020-09-15 10:40:06,190 - INFO - Finished optimization with guess, [0.98070153 0.10298523].
2020-09-15 10:40:06,191 - INFO - Best fit parameters: [1.18445443 0.65695885].
2020-09-15 10:40:06,214 - INFO - Maximum log composite likelihood: -21.5737242512.
2020-09-15 10:40:06,215 - INFO - Optimal value of theta: 45.5496748794.
2020-09-15 10:40:06,215 - INFO - Beginning optimization with guess, [0.31604657 0.12775565].
2020-09-15 10:40:06,807 - INFO - Finished optimization with guess, [0.31604657 0.12775565].
2020-09-15 10:40:06,807 - INFO - Best fit parameters: [1.41808123 0.30880954].
2020-09-15 10:40:06,826 - INFO - Maximum log composite likelihood: -21.655785702.
2020-09-15 10:40:06,826 - INFO - Optimal value of theta: 44.2836492376.
2020-09-15 10:40:06,827 - INFO - Beginning optimization with guess, [0.68524005 0.07092559].
2020-09-15 10:40:07,274 - INFO - Finished optimization with guess, [0.68524005 0.07092559].
2020-09-15 10:40:07,274 - INFO - Best fit parameters: [1.08137267 0.16339757].
2020-09-15 10:40:07,292 - INFO - Maximum log composite likelihood: -21.7321219288.
2020-09-15 10:40:07,292 - INFO - Optimal value of theta: 49.0761189908.
2020-09-15 10:40:07,293 - INFO - Beginning optimization with guess, [0.65297922 0.18644573].
2020-09-15 10:40:07,919 - INFO - Finished optimization with guess, [0.65297922 0.18644573].
2020-09-15 10:40:07,920 - INFO - Best fit parameters: [1.39557151 0.7922038 ].
2020-09-15 10:40:07,943 - INFO - Maximum log composite likelihood: -21.5115552594.
2020-09-15 10:40:07,943 - INFO - Optimal value of theta: 41.2171261577.
2020-09-15 10:40:07,944 - INFO - Beginning optimization with guess, [0.55638372 0.06466649].
2020-09-15 10:40:08,391 - INFO - Finished optimization with guess, [0.55638372 0.06466649].
2020-09-15 10:40:08,391 - INFO - Best fit parameters: [1.07941344 0.13412002].
2020-09-15 10:40:08,409 - INFO - Maximum log composite likelihood: -21.7489179532.
2020-09-15 10:40:08,409 - INFO - Optimal value of theta: 49.2220046739.
2020-09-15 10:40:08,410 - INFO - Beginning optimization with guess, [0.66286055 0.14881516].
2020-09-15 10:40:08,886 - INFO - Finished optimization with guess, [0.66286055 0.14881516].
2020-09-15 10:40:08,886 - INFO - Best fit parameters: [1.17353174 0.33867209].
2020-09-15 10:40:08,906 - INFO - Maximum log composite likelihood: -21.5912653458.
2020-09-15 10:40:08,907 - INFO - Optimal value of theta: 47.0148460143.
2020-09-15 10:40:08,907 - INFO - Beginning optimization with guess, [0.33011178 0.06692478].
2020-09-15 10:40:09,548 - INFO - Finished optimization with guess, [0.33011178 0.06692478].
2020-09-15 10:40:09,548 - INFO - Best fit parameters: [1.45454583 0.12331209].
2020-09-15 10:40:09,565 - INFO - Maximum log composite likelihood: -21.7630435923.
2020-09-15 10:40:09,566 - INFO - Optimal value of theta: 46.710131362.
2020-09-15 10:40:09,566 - INFO - Beginning optimization with guess, [0.64974946 0.19755403].
2020-09-15 10:40:10,195 - INFO - Finished optimization with guess, [0.64974946 0.19755403].
2020-09-15 10:40:10,196 - INFO - Best fit parameters: [1.39750197 0.80002804].
2020-09-15 10:40:10,219 - INFO - Maximum log composite likelihood: -21.5111800545.
2020-09-15 10:40:10,219 - INFO - Optimal value of theta: 41.1502903215.
2020-09-15 10:40:10,220 - INFO - Beginning optimization with guess, [0.78053452 0.088666  ].
2020-09-15 10:40:10,670 - INFO - Finished optimization with guess, [0.78053452 0.088666  ].
2020-09-15 10:40:10,670 - INFO - Best fit parameters: [1.13020981 0.14112379].
2020-09-15 10:40:10,688 - INFO - Maximum log composite likelihood: -21.7052727374.
2020-09-15 10:40:10,688 - INFO - Optimal value of theta: 48.7045454715.
2020-09-15 10:40:10,689 - INFO - Beginning optimization with guess, [0.58380573 0.08365766].
2020-09-15 10:40:11,345 - INFO - Finished optimization with guess, [0.58380573 0.08365766].
2020-09-15 10:40:11,346 - INFO - Best fit parameters: [1.42170616 1.04213793].
2020-09-15 10:40:11,371 - INFO - Maximum log composite likelihood: -21.5017727804.
2020-09-15 10:40:11,372 - INFO - Optimal value of theta: 39.7534239417.
2020-09-15 10:40:11,372 - INFO - Beginning optimization with guess, [0.29530516 0.05796503].
2020-09-15 10:40:11,908 - INFO - Finished optimization with guess, [0.29530516 0.05796503].
2020-09-15 10:40:11,908 - INFO - Best fit parameters: [1.49163217 0.02529197].
2020-09-15 10:40:11,924 - INFO - Maximum log composite likelihood: -21.8168869954.
2020-09-15 10:40:11,925 - INFO - Optimal value of theta: 49.1278789753.
2020-09-15 10:40:11,926 - INFO - Beginning optimization with guess, [0.35144162 0.11077901].
2020-09-15 10:40:12,385 - INFO - Finished optimization with guess, [0.35144162 0.11077901].
2020-09-15 10:40:12,385 - INFO - Best fit parameters: [1.4373226  0.26695312].
2020-09-15 10:40:12,404 - INFO - Maximum log composite likelihood: -21.6918113094.
2020-09-15 10:40:12,404 - INFO - Optimal value of theta: 44.5853176428.
2020-09-15 10:40:12,405 - INFO - Beginning optimization with guess, [0.94928695 0.08967724].
2020-09-15 10:40:12,920 - INFO - Finished optimization with guess, [0.94928695 0.08967724].
2020-09-15 10:40:12,920 - INFO - Best fit parameters: [1.1531621  0.76337409].
2020-09-15 10:40:12,945 - INFO - Maximum log composite likelihood: -21.615275625.
2020-09-15 10:40:12,946 - INFO - Optimal value of theta: 45.9327413846.
2020-09-15 10:40:12,946 - INFO - Beginning optimization with guess, [0.99027016 0.10092436].
2020-09-15 10:40:13,579 - INFO - Finished optimization with guess, [0.99027016 0.10092436].
2020-09-15 10:40:13,579 - INFO - Best fit parameters: [1.16900473 0.42965711].
2020-09-15 10:40:13,600 - INFO - Maximum log composite likelihood: -21.5826091292.
2020-09-15 10:40:13,600 - INFO - Optimal value of theta: 46.6677151785.
2020-09-15 10:40:13,601 - INFO - Beginning optimization with guess, [0.99591048 0.1746338 ].
2020-09-15 10:40:14,152 - INFO - Finished optimization with guess, [0.99591048 0.1746338 ].
2020-09-15 10:40:14,152 - INFO - Best fit parameters: [1.40553199 1.01482425].
2020-09-15 10:40:14,177 - INFO - Maximum log composite likelihood: -21.5026660118.
2020-09-15 10:40:14,178 - INFO - Optimal value of theta: 40.126558894.
2020-09-15 10:40:14,178 - INFO - Beginning optimization with guess, [0.43629564 0.11088376].
2020-09-15 10:40:14,754 - INFO - Finished optimization with guess, [0.43629564 0.11088376].
2020-09-15 10:40:14,754 - INFO - Best fit parameters: [1.42366868 0.24284917].
2020-09-15 10:40:14,772 - INFO - Maximum log composite likelihood: -21.6889162853.
2020-09-15 10:40:14,773 - INFO - Optimal value of theta: 45.007156092.
2020-09-15 10:40:14,773 - INFO - Beginning optimization with guess, [0.42739698 0.0591026 ].
2020-09-15 10:40:15,333 - INFO - Finished optimization with guess, [0.42739698 0.0591026 ].
2020-09-15 10:40:15,333 - INFO - Best fit parameters: [1.44010661 0.09118768].
2020-09-15 10:40:15,350 - INFO - Maximum log composite likelihood: -21.770011659.
2020-09-15 10:40:15,350 - INFO - Optimal value of theta: 47.4586494406.
2020-09-15 10:40:15,351 - INFO - Beginning optimization with guess, [0.26211346 0.18444068].
2020-09-15 10:40:15,916 - INFO - Finished optimization with guess, [0.26211346 0.18444068].
2020-09-15 10:40:15,916 - INFO - Best fit parameters: [1.3475627  0.81118654].
2020-09-15 10:40:15,939 - INFO - Maximum log composite likelihood: -21.5078261238.
2020-09-15 10:40:15,940 - INFO - Optimal value of theta: 41.9190765483.
2020-09-15 10:40:15,940 - INFO - Beginning optimization with guess, [0.29734463 0.08550553].
2020-09-15 10:40:16,484 - INFO - Finished optimization with guess, [0.29734463 0.08550553].
2020-09-15 10:40:16,484 - INFO - Best fit parameters: [1.42383225 0.05852999].
2020-09-15 10:40:16,501 - INFO - Maximum log composite likelihood: -21.7855134753.
2020-09-15 10:40:16,501 - INFO - Optimal value of theta: 48.2954438669.
2020-09-15 10:40:16,502 - INFO - Beginning optimization with guess, [0.29673275 0.19821455].
2020-09-15 10:40:17,054 - INFO - Finished optimization with guess, [0.29673275 0.19821455].
2020-09-15 10:40:17,054 - INFO - Best fit parameters: [1.32314632 0.50525238].
2020-09-15 10:40:17,075 - INFO - Maximum log composite likelihood: -21.5336368568.
2020-09-15 10:40:17,075 - INFO - Optimal value of theta: 43.8445944399.
2020-09-15 10:40:17,076 - INFO - Beginning optimization with guess, [0.92645948 0.14359582].
2020-09-15 10:40:17,647 - INFO - Finished optimization with guess, [0.92645948 0.14359582].
2020-09-15 10:40:17,647 - INFO - Best fit parameters: [1.3929725  0.84715698].
2020-09-15 10:40:17,671 - INFO - Maximum log composite likelihood: -21.506928489.
2020-09-15 10:40:17,672 - INFO - Optimal value of theta: 41.0103367922.
2020-09-15 10:40:17,672 - INFO - Beginning optimization with guess, [0.35632973 0.09157268].
2020-09-15 10:40:18,176 - INFO - Finished optimization with guess, [0.35632973 0.09157268].
2020-09-15 10:40:18,177 - INFO - Best fit parameters: [1.38328298 0.06563149].
2020-09-15 10:40:18,193 - INFO - Maximum log composite likelihood: -21.7714696804.
2020-09-15 10:40:18,194 - INFO - Optimal value of theta: 48.2533618469.
2020-09-15 10:40:18,194 - INFO - Beginning optimization with guess, [0.32726121 0.08594248].
2020-09-15 10:40:18,740 - INFO - Finished optimization with guess, [0.32726121 0.08594248].
2020-09-15 10:40:18,741 - INFO - Best fit parameters: [1.43447539 0.07676978].
2020-09-15 10:40:18,757 - INFO - Maximum log composite likelihood: -21.7760597191.
2020-09-15 10:40:18,758 - INFO - Optimal value of theta: 47.8127977594.
2020-09-15 10:40:18,758 - INFO - Beginning optimization with guess, [0.5212994  0.11432444].
2020-09-15 10:40:19,266 - INFO - Finished optimization with guess, [0.5212994  0.11432444].
2020-09-15 10:40:19,267 - INFO - Best fit parameters: [1.11932955 0.20524122].
2020-09-15 10:40:19,285 - INFO - Maximum log composite likelihood: -21.6758442204.
2020-09-15 10:40:19,285 - INFO - Optimal value of theta: 48.4408201778.
2020-09-15 10:40:19,286 - INFO - Beginning optimization with guess, [0.9477405  0.12339637].
2020-09-15 10:40:19,801 - INFO - Finished optimization with guess, [0.9477405  0.12339637].
2020-09-15 10:40:19,801 - INFO - Best fit parameters: [1.35549203 1.01226956].
2020-09-15 10:40:19,827 - INFO - Maximum log composite likelihood: -21.5111817973.
2020-09-15 10:40:19,827 - INFO - Optimal value of theta: 41.0151993526.
2020-09-15 10:40:19,828 - INFO - Beginning optimization with guess, [0.67898944 0.11371839].
2020-09-15 10:40:20,290 - INFO - Finished optimization with guess, [0.67898944 0.11371839].
2020-09-15 10:40:20,290 - INFO - Best fit parameters: [1.11376504 0.28592808].
2020-09-15 10:40:20,309 - INFO - Maximum log composite likelihood: -21.655215125.
2020-09-15 10:40:20,310 - INFO - Optimal value of theta: 48.1520515186.
2020-09-15 10:40:20,310 - INFO - Beginning optimization with guess, [0.32998217 0.09645028].
2020-09-15 10:40:20,759 - INFO - Finished optimization with guess, [0.32998217 0.09645028].
2020-09-15 10:40:20,759 - INFO - Best fit parameters: [1.41734206 0.08356678].
2020-09-15 10:40:20,776 - INFO - Maximum log composite likelihood: -21.7661085588.
2020-09-15 10:40:20,776 - INFO - Optimal value of theta: 47.7218713655.
2020-09-15 10:40:20,777 - INFO - Beginning optimization with guess, [0.75610289 0.18821962].
2020-09-15 10:40:21,397 - INFO - Finished optimization with guess, [0.75610289 0.18821962].
2020-09-15 10:40:21,398 - INFO - Best fit parameters: [1.32227615 0.64440918].
2020-09-15 10:40:21,420 - INFO - Maximum log composite likelihood: -21.5158825528.
2020-09-15 10:40:21,420 - INFO - Optimal value of theta: 43.0980264457.
2020-09-15 10:40:21,421 - INFO - Beginning optimization with guess, [0.97800261 0.11118876].
2020-09-15 10:40:22,009 - INFO - Finished optimization with guess, [0.97800261 0.11118876].
2020-09-15 10:40:22,009 - INFO - Best fit parameters: [1.39679451 0.96176175].
2020-09-15 10:40:22,034 - INFO - Maximum log composite likelihood: -21.5032509352.
2020-09-15 10:40:22,035 - INFO - Optimal value of theta: 40.4756597086.
2020-09-15 10:40:22,035 - INFO - Beginning optimization with guess, [0.31125658 0.14515374].
2020-09-15 10:40:22,569 - INFO - Finished optimization with guess, [0.31125658 0.14515374].
2020-09-15 10:40:22,569 - INFO - Best fit parameters: [1.16937917 0.27226066].
2020-09-15 10:40:22,588 - INFO - Maximum log composite likelihood: -21.6119062969.
2020-09-15 10:40:22,589 - INFO - Optimal value of theta: 47.4348245609.
2020-09-15 10:40:22,589 - INFO - Beginning optimization with guess, [0.73761607 0.10879002].
2020-09-15 10:40:23,043 - INFO - Finished optimization with guess, [0.73761607 0.10879002].
2020-09-15 10:40:23,044 - INFO - Best fit parameters: [1.35727875 0.20344697].
2020-09-15 10:40:23,061 - INFO - Maximum log composite likelihood: -21.6594584286.
2020-09-15 10:40:23,062 - INFO - Optimal value of theta: 46.0723609718.
2020-09-15 10:40:23,062 - INFO - Beginning optimization with guess, [0.38837084 0.15377853].
2020-09-15 10:40:23,634 - INFO - Finished optimization with guess, [0.38837084 0.15377853].
2020-09-15 10:40:23,634 - INFO - Best fit parameters: [1.4183689  0.83381384].
2020-09-15 10:40:23,657 - INFO - Maximum log composite likelihood: -21.512235472.
2020-09-15 10:40:23,658 - INFO - Optimal value of theta: 40.6679172989.
2020-09-15 10:40:23,658 - INFO - Beginning optimization with guess, [0.25367179 0.16319133].
2020-09-15 10:40:24,197 - INFO - Finished optimization with guess, [0.25367179 0.16319133].
2020-09-15 10:40:24,198 - INFO - Best fit parameters: [1.26784285 0.46519669].
2020-09-15 10:40:24,218 - INFO - Maximum log composite likelihood: -21.5361028982.
2020-09-15 10:40:24,219 - INFO - Optimal value of theta: 44.9000143193.
2020-09-15 10:40:24,219 - INFO - Beginning optimization with guess, [0.26389788 0.1008922 ].
2020-09-15 10:40:24,672 - INFO - Finished optimization with guess, [0.26389788 0.1008922 ].
2020-09-15 10:40:24,673 - INFO - Best fit parameters: [1.43917046 0.0974898 ].
2020-09-15 10:40:24,689 - INFO - Maximum log composite likelihood: -21.7663369505.
2020-09-15 10:40:24,690 - INFO - Optimal value of theta: 47.3234793966.
2020-09-15 10:40:24,690 - INFO - Beginning optimization with guess, [0.82472873 0.13275737].
2020-09-15 10:40:25,259 - INFO - Finished optimization with guess, [0.82472873 0.13275737].
2020-09-15 10:40:25,259 - INFO - Best fit parameters: [1.49013519 1.1201464 ].
2020-09-15 10:40:25,284 - INFO - Maximum log composite likelihood: -21.5023407742.
2020-09-15 10:40:25,285 - INFO - Optimal value of theta: 38.3638748559.
2020-09-15 10:40:25,286 - INFO - Beginning optimization with guess, [0.99176869 0.06227041].
2020-09-15 10:40:25,791 - INFO - Finished optimization with guess, [0.99176869 0.06227041].
2020-09-15 10:40:25,791 - INFO - Best fit parameters: [1.31476287 0.49530973].
2020-09-15 10:40:25,812 - INFO - Maximum log composite likelihood: -21.5336989422.
2020-09-15 10:40:25,812 - INFO - Optimal value of theta: 44.0266219703.
2020-09-15 10:40:25,813 - INFO - Beginning optimization with guess, [0.90648779 0.17649822].
2020-09-15 10:40:26,496 - INFO - Finished optimization with guess, [0.90648779 0.17649822].
2020-09-15 10:40:26,496 - INFO - Best fit parameters: [1.40690189 0.99987665].
2020-09-15 10:40:26,521 - INFO - Maximum log composite likelihood: -21.5025713384.
2020-09-15 10:40:26,522 - INFO - Optimal value of theta: 40.1595704051.
2020-09-15 10:40:26,522 - INFO - Beginning optimization with guess, [0.7731944 0.094293 ].
2020-09-15 10:40:26,973 - INFO - Finished optimization with guess, [0.7731944 0.094293 ].
2020-09-15 10:40:26,974 - INFO - Best fit parameters: [1.3726178  0.18411271].
2020-09-15 10:40:26,991 - INFO - Maximum log composite likelihood: -21.6797919548.
2020-09-15 10:40:26,992 - INFO - Optimal value of theta: 46.2085095288.
2020-09-15 10:40:26,992 - INFO - Beginning optimization with guess, [0.54534558 0.06773008].
2020-09-15 10:40:27,444 - INFO - Finished optimization with guess, [0.54534558 0.06773008].
2020-09-15 10:40:27,444 - INFO - Best fit parameters: [1.10344768 0.12884038].
2020-09-15 10:40:27,461 - INFO - Maximum log composite likelihood: -21.7322064142.
2020-09-15 10:40:27,462 - INFO - Optimal value of theta: 49.025345079.
2020-09-15 10:40:27,462 - INFO - Beginning optimization with guess, [0.538196  0.0624182].
2020-09-15 10:40:27,916 - INFO - Finished optimization with guess, [0.538196  0.0624182].
2020-09-15 10:40:27,917 - INFO - Best fit parameters: [1.10104804 0.10462374].
2020-09-15 10:40:27,933 - INFO - Maximum log composite likelihood: -21.7519785782.
2020-09-15 10:40:27,934 - INFO - Optimal value of theta: 49.1912807261.
2020-09-15 10:40:27,935 - INFO - Beginning optimization with guess, [0.38073725 0.16663409].
2020-09-15 10:40:28,448 - INFO - Finished optimization with guess, [0.38073725 0.16663409].
2020-09-15 10:40:28,448 - INFO - Best fit parameters: [1.24049367 0.65644962].
2020-09-15 10:40:28,471 - INFO - Maximum log composite likelihood: -21.5353996426.
2020-09-15 10:40:28,471 - INFO - Optimal value of theta: 44.4609272852.
2020-09-15 10:40:28,472 - INFO - Beginning optimization with guess, [0.26718644 0.1276006 ].
2020-09-15 10:40:28,944 - INFO - Finished optimization with guess, [0.26718644 0.1276006 ].
2020-09-15 10:40:28,944 - INFO - Best fit parameters: [1.14372416 0.17198339].
2020-09-15 10:40:28,962 - INFO - Maximum log composite likelihood: -21.6757226465.
2020-09-15 10:40:28,963 - INFO - Optimal value of theta: 48.3639333806.
2020-09-15 10:40:28,963 - INFO - Beginning optimization with guess, [0.47168166 0.08264045].
2020-09-15 10:40:29,624 - INFO - Finished optimization with guess, [0.47168166 0.08264045].
2020-09-15 10:40:29,625 - INFO - Best fit parameters: [1.45590223 1.08441161].
2020-09-15 10:40:29,651 - INFO - Maximum log composite likelihood: -21.5011121178.
2020-09-15 10:40:29,651 - INFO - Optimal value of theta: 39.0367394496.
2020-09-15 10:40:29,652 - INFO - Beginning optimization with guess, [0.25050242 0.16087889].
2020-09-15 10:40:30,203 - INFO - Finished optimization with guess, [0.25050242 0.16087889].
2020-09-15 10:40:30,203 - INFO - Best fit parameters: [1.28773178 0.96759903].
2020-09-15 10:40:30,229 - INFO - Maximum log composite likelihood: -21.5340823416.
2020-09-15 10:40:30,229 - INFO - Optimal value of theta: 42.4575683563.
2020-09-15 10:40:30,230 - INFO - Beginning optimization with guess, [0.84306732 0.08117406].
2020-09-15 10:40:30,791 - INFO - Finished optimization with guess, [0.84306732 0.08117406].
2020-09-15 10:40:30,792 - INFO - Best fit parameters: [1.13716809 0.40990543].
2020-09-15 10:40:30,812 - INFO - Maximum log composite likelihood: -21.6133862505.
2020-09-15 10:40:30,813 - INFO - Optimal value of theta: 47.2977398476.
2020-09-15 10:40:30,813 - INFO - Beginning optimization with guess, [0.69754947 0.07482784].
2020-09-15 10:40:31,462 - INFO - Finished optimization with guess, [0.69754947 0.07482784].
2020-09-15 10:40:31,463 - INFO - Best fit parameters: [1.11765193 0.37597087].
2020-09-15 10:40:31,483 - INFO - Maximum log composite likelihood: -21.6377273652.
2020-09-15 10:40:31,484 - INFO - Optimal value of theta: 47.7589519878.
2020-09-15 10:40:31,484 - INFO - Beginning optimization with guess, [0.73402756 0.1889995 ].
2020-09-15 10:40:32,106 - INFO - Finished optimization with guess, [0.73402756 0.1889995 ].
2020-09-15 10:40:32,106 - INFO - Best fit parameters: [1.32152941 0.63102756].
2020-09-15 10:40:32,128 - INFO - Maximum log composite likelihood: -21.5169288702.
2020-09-15 10:40:32,129 - INFO - Optimal value of theta: 43.1764937407.
2020-09-15 10:40:32,129 - INFO - Beginning optimization with guess, [0.34080419 0.17839853].
2020-09-15 10:40:32,700 - INFO - Finished optimization with guess, [0.34080419 0.17839853].
2020-09-15 10:40:32,700 - INFO - Best fit parameters: [1.29584843 0.65677405].
2020-09-15 10:40:32,723 - INFO - Maximum log composite likelihood: -21.5171269612.
2020-09-15 10:40:32,723 - INFO - Optimal value of theta: 43.4771790168.
2020-09-15 10:40:32,724 - INFO - Beginning optimization with guess, [0.93916996 0.07346274].
2020-09-15 10:40:33,284 - INFO - Finished optimization with guess, [0.93916996 0.07346274].
2020-09-15 10:40:33,284 - INFO - Best fit parameters: [1.12938345 0.38224569].
2020-09-15 10:40:33,304 - INFO - Maximum log composite likelihood: -21.6237337947.
2020-09-15 10:40:33,305 - INFO - Optimal value of theta: 47.5338583099.
2020-09-15 10:40:33,305 - INFO - Beginning optimization with guess, [0.25982232 0.05311358].
2020-09-15 10:40:33,743 - INFO - Finished optimization with guess, [0.25982232 0.05311358].
2020-09-15 10:40:33,743 - INFO - Best fit parameters: [1.52776215 0.01556164].
2020-09-15 10:40:33,759 - INFO - Maximum log composite likelihood: -21.826134509.
2020-09-15 10:40:33,760 - INFO - Optimal value of theta: 49.436141953.
2020-09-15 10:40:33,760 - INFO - Beginning optimization with guess, [0.46795485 0.12950815].
2020-09-15 10:40:34,482 - INFO - Finished optimization with guess, [0.46795485 0.12950815].
2020-09-15 10:40:34,482 - INFO - Best fit parameters: [1.44064524 1.1003707 ].
2020-09-15 10:40:34,508 - INFO - Maximum log composite likelihood: -21.5009167058.
2020-09-15 10:40:34,509 - INFO - Optimal value of theta: 39.2267391115.
2020-09-15 10:40:34,509 - INFO - Beginning optimization with guess, [0.41495862 0.05263478].
2020-09-15 10:40:34,948 - INFO - Finished optimization with guess, [0.41495862 0.05263478].
2020-09-15 10:40:34,949 - INFO - Best fit parameters: [1.48245722 0.15821246].
2020-09-15 10:40:34,966 - INFO - Maximum log composite likelihood: -21.7726761164.
2020-09-15 10:40:34,966 - INFO - Optimal value of theta: 45.8847637387.
2020-09-15 10:40:34,967 - INFO - Beginning optimization with guess, [0.56741293 0.17152973].
2020-09-15 10:40:35,484 - INFO - Finished optimization with guess, [0.56741293 0.17152973].
2020-09-15 10:40:35,484 - INFO - Best fit parameters: [1.35918279 0.55342258].
2020-09-15 10:40:35,505 - INFO - Maximum log composite likelihood: -21.5354610102.
2020-09-15 10:40:35,506 - INFO - Optimal value of theta: 43.0329651894.
2020-09-15 10:40:35,506 - INFO - Beginning optimization with guess, [0.65088843 0.06556973].
2020-09-15 10:40:35,953 - INFO - Finished optimization with guess, [0.65088843 0.06556973].
2020-09-15 10:40:35,954 - INFO - Best fit parameters: [1.11857059 0.09786557].
2020-09-15 10:40:35,971 - INFO - Maximum log composite likelihood: -21.7478218391.
2020-09-15 10:40:35,971 - INFO - Optimal value of theta: 49.1076779958.
2020-09-15 10:40:35,972 - INFO - Beginning optimization with guess, [0.5332505  0.18853546].
2020-09-15 10:40:36,497 - INFO - Finished optimization with guess, [0.5332505  0.18853546].
2020-09-15 10:40:36,498 - INFO - Best fit parameters: [1.28882432 0.65852423].
2020-09-15 10:40:36,520 - INFO - Maximum log composite likelihood: -21.5183630868.
2020-09-15 10:40:36,521 - INFO - Optimal value of theta: 43.5892453276.
2020-09-15 10:40:36,521 - INFO - Beginning optimization with guess, [0.4379325  0.06042584].
2020-09-15 10:40:37,310 - INFO - Finished optimization with guess, [0.4379325  0.06042584].
2020-09-15 10:40:37,310 - INFO - Best fit parameters: [1.33883013 0.79578701].
2020-09-15 10:40:37,333 - INFO - Maximum log composite likelihood: -21.5088225716.
2020-09-15 10:40:37,334 - INFO - Optimal value of theta: 42.133245011.
2020-09-15 10:40:37,334 - INFO - Beginning optimization with guess, [0.37058598 0.05711525].
2020-09-15 10:40:37,824 - INFO - Finished optimization with guess, [0.37058598 0.05711525].
2020-09-15 10:40:37,825 - INFO - Best fit parameters: [1.44130738 0.03983583].
2020-09-15 10:40:37,841 - INFO - Maximum log composite likelihood: -21.8021766035.
2020-09-15 10:40:37,841 - INFO - Optimal value of theta: 48.7578288983.
2020-09-15 10:40:37,842 - INFO - Beginning optimization with guess, [0.54930808 0.1486468 ].
2020-09-15 10:40:38,374 - INFO - Finished optimization with guess, [0.54930808 0.1486468 ].
2020-09-15 10:40:38,374 - INFO - Best fit parameters: [1.45419466 0.46584863].
2020-09-15 10:40:38,394 - INFO - Maximum log composite likelihood: -21.629742784.
2020-09-15 10:40:38,394 - INFO - Optimal value of theta: 42.4257629996.
2020-09-15 10:40:38,395 - INFO - Beginning optimization with guess, [0.62089021 0.05268905].
2020-09-15 10:40:39,057 - INFO - Finished optimization with guess, [0.62089021 0.05268905].
2020-09-15 10:40:39,058 - INFO - Best fit parameters: [1.55589588 1.36090624].
2020-09-15 10:40:39,085 - INFO - Maximum log composite likelihood: -21.4986836413.
2020-09-15 10:40:39,086 - INFO - Optimal value of theta: 36.527079274.
2020-09-15 10:40:39,086 - INFO - Beginning optimization with guess, [0.37854862 0.14620544].
2020-09-15 10:40:39,718 - INFO - Finished optimization with guess, [0.37854862 0.14620544].
2020-09-15 10:40:39,719 - INFO - Best fit parameters: [1.43587553 0.97131805].
2020-09-15 10:40:39,743 - INFO - Maximum log composite likelihood: -21.5042158646.
2020-09-15 10:40:39,744 - INFO - Optimal value of theta: 39.7973461252.
2020-09-15 10:40:39,744 - INFO - Beginning optimization with guess, [0.93371838 0.06307689].
2020-09-15 10:40:40,238 - INFO - Finished optimization with guess, [0.93371838 0.06307689].
2020-09-15 10:40:40,238 - INFO - Best fit parameters: [1.11174635 0.41812613].
2020-09-15 10:40:40,259 - INFO - Maximum log composite likelihood: -21.6428985832.
2020-09-15 10:40:40,260 - INFO - Optimal value of theta: 47.7311226424.
2020-09-15 10:40:40,260 - INFO - Beginning optimization with guess, [0.5476166  0.12494992].
2020-09-15 10:40:40,833 - INFO - Finished optimization with guess, [0.5476166  0.12494992].
2020-09-15 10:40:40,834 - INFO - Best fit parameters: [1.14755989 0.33884387].
2020-09-15 10:40:40,853 - INFO - Maximum log composite likelihood: -21.6111807686.
2020-09-15 10:40:40,854 - INFO - Optimal value of theta: 47.4105177923.
2020-09-15 10:40:40,854 - INFO - Beginning optimization with guess, [0.49321804 0.08654316].
2020-09-15 10:40:41,489 - INFO - Finished optimization with guess, [0.49321804 0.08654316].
2020-09-15 10:40:41,490 - INFO - Best fit parameters: [1.19889465 0.30486026].
2020-09-15 10:40:41,509 - INFO - Maximum log composite likelihood: -21.5864527261.
2020-09-15 10:40:41,509 - INFO - Optimal value of theta: 46.8442303717.
2020-09-15 10:40:41,510 - INFO - Beginning optimization with guess, [0.79162391 0.05979635].
2020-09-15 10:40:42,012 - INFO - Finished optimization with guess, [0.79162391 0.05979635].
2020-09-15 10:40:42,012 - INFO - Best fit parameters: [1.23464349 0.45967637].
2020-09-15 10:40:42,033 - INFO - Maximum log composite likelihood: -21.5435297117.
2020-09-15 10:40:42,034 - INFO - Optimal value of theta: 45.4450106845.
2020-09-15 10:40:42,034 - INFO - Beginning optimization with guess, [0.51618776 0.13636933].
2020-09-15 10:40:42,631 - INFO - Finished optimization with guess, [0.51618776 0.13636933].
2020-09-15 10:40:42,632 - INFO - Best fit parameters: [1.43897225 1.11267187].
2020-09-15 10:40:42,658 - INFO - Maximum log composite likelihood: -21.5010314973.
2020-09-15 10:40:42,658 - INFO - Optimal value of theta: 39.2105234623.
2020-09-15 10:40:42,659 - INFO - Beginning optimization with guess, [0.25968877 0.12431366].
2020-09-15 10:40:43,128 - INFO - Finished optimization with guess, [0.25968877 0.12431366].
2020-09-15 10:40:43,128 - INFO - Best fit parameters: [1.16120024 0.12674491].
2020-09-15 10:40:43,145 - INFO - Maximum log composite likelihood: -21.7018717219.
2020-09-15 10:40:43,146 - INFO - Optimal value of theta: 48.5492264995.
2020-09-15 10:40:43,149 - INFO - Finished demographic inference.
2020-09-15 10:40:43,150 - INFO - Beginning DFE inference.
2020-09-15 10:42:09,674 - INFO - Beginning optimization with guess, [ 0.11133429 58.67576049].
2020-09-15 10:42:15,732 - INFO - Finished optomization, results are [-23.728951867347938 array([9.50546775e-02, 2.08359693e+03])].
2020-09-15 10:42:15,733 - INFO - Beginning optimization with guess, [ 0.1614469  83.98116223].
2020-09-15 10:42:20,940 - INFO - Finished optomization, results are [-23.8554041935228 array([9.42719126e-02, 1.85529527e+03])].
2020-09-15 10:42:20,940 - INFO - Beginning optimization with guess, [1.20558075e-01 1.34344804e+02].
2020-09-15 10:42:34,365 - INFO - Finished optomization, results are [-23.744536892310922 array([9.37274739e-02, 2.14992367e+03])].
2020-09-15 10:42:34,367 - INFO - Beginning optimization with guess, [ 0.10308959 62.65045085].
2020-09-15 10:42:39,772 - INFO - Finished optomization, results are [-23.8254477857245 array([9.32811765e-02, 2.00115365e+03])].
2020-09-15 10:42:39,772 - INFO - Beginning optimization with guess, [6.52549090e-02 1.34956728e+02].
2020-09-15 10:42:46,220 - INFO - Finished optomization, results are [-23.798651368972436 array([9.67238643e-02, 1.78631835e+03])].
2020-09-15 10:42:46,220 - INFO - Beginning optimization with guess, [  0.14562357 128.20055941].
2020-09-15 10:42:55,137 - INFO - Finished optomization, results are [-23.87569522508926 array([9.11769212e-02, 2.11241754e+03])].
2020-09-15 10:42:55,138 - INFO - Beginning optimization with guess, [ 0.12917381 43.83832354].
2020-09-15 10:43:02,677 - INFO - Finished optomization, results are [-23.743773768595176 array([9.46508330e-02, 2.07343951e+03])].
2020-09-15 10:43:02,678 - INFO - Beginning optimization with guess, [ 0.05254069 43.18953109].
2020-09-15 10:43:09,784 - INFO - Finished optomization, results are [-23.73018628558611 array([9.46870502e-02, 2.10859935e+03])].
2020-09-15 10:43:09,784 - INFO - Beginning optimization with guess, [8.34830122e-02 1.05503642e+02].
2020-09-15 10:43:15,198 - INFO - Finished optomization, results are [-23.813484901270858 array([9.49984315e-02, 1.87922082e+03])].
2020-09-15 10:43:15,199 - INFO - Beginning optimization with guess, [ 0.17709815 77.23026426].
2020-09-15 10:43:19,321 - INFO - Finished optomization, results are [-23.754235028068948 array([9.44516786e-02, 2.06194709e+03])].
2020-09-15 10:43:19,322 - INFO - Beginning optimization with guess, [ 0.54119198  0.09520631 79.50576044].
2020-09-15 10:43:38,060 - INFO - Finished optimization, results are [-23.463539900004584 array([2.40543711e-01, 1.45114496e-01, 1.83381661e+03])].
2020-09-15 10:43:38,062 - INFO - Beginning optimization with guess, [5.09220561e-01 7.90536001e-02 1.23206213e+02].
2020-09-15 10:43:59,651 - INFO - Finished optimization, results are [-23.404775647554843 array([2.29114815e-01, 1.43133133e-01, 1.99591842e+03])].
2020-09-15 10:43:59,653 - INFO - Beginning optimization with guess, [ 0.60449886  0.11153323 71.32857184].
2020-09-15 10:44:22,879 - INFO - Finished optimization, results are [-23.386428772186868 array([2.49163717e-01, 1.45501426e-01, 2.13352928e+03])].
2020-09-15 10:44:22,880 - INFO - Beginning optimization with guess, [ 0.6861268   0.10979492 54.74975815].
2020-09-15 10:44:49,259 - INFO - Finished optimization, results are [-23.588968657186157 array([1.97804009e-01, 1.26717880e-01, 2.11405809e+03])].
2020-09-15 10:44:49,260 - INFO - Beginning optimization with guess, [ 0.60164265  0.1109558  38.84465438].
2020-09-15 10:45:11,411 - INFO - Finished optimization, results are [-23.497563990439687 array([1.87396766e-01, 1.30178913e-01, 1.99362422e+03])].
2020-09-15 10:45:11,412 - INFO - Beginning optimization with guess, [ 0.99        0.12250318 61.35352925].
2020-09-15 10:45:28,736 - INFO - Finished optimization, results are [-23.485859170520406 array([2.21480767e-01, 1.37315531e-01, 1.97780985e+03])].
2020-09-15 10:45:28,737 - INFO - Beginning optimization with guess, [ 0.62625595  0.04731624 43.29272565].
2020-09-15 10:45:49,487 - INFO - Finished optimization, results are [-23.712656257325612 array([4.22936296e-02, 1.01146578e-01, 1.99158557e+03])].
2020-09-15 10:45:49,489 - INFO - Beginning optimization with guess, [8.38573422e-01 4.72491873e-02 4.78481859e+01].
2020-09-15 10:46:08,724 - INFO - Finished optimization, results are [-23.689991457441494 array([4.32555329e-02, 1.00200751e-01, 2.13351456e+03])].
2020-09-15 10:46:08,726 - INFO - Beginning optimization with guess, [ 0.5263919   0.08746345 86.71200496].
2020-09-15 10:46:53,341 - INFO - Finished optimization, results are [-23.426463710885077 array([2.24915379e-01, 1.38360937e-01, 2.12952687e+03])].
2020-09-15 10:46:53,342 - INFO - Beginning optimization with guess, [6.15538820e-01 5.30770352e-02 1.01669926e+02].
2020-09-15 10:47:12,064 - INFO - Finished optimization, results are [-23.757121688548295 array([9.91490801e-02, 1.07348608e-01, 1.97325313e+03])].
2020-09-15 10:47:12,065 - INFO - Beginning optimization with guess, [ 0.99        0.08753401 85.32356468].
2020-09-15 10:47:12,066 - INFO - Finished optimization, results are [-100000000.0 array([ 0.99      ,  0.08753401, 85.32356468])].
2020-09-15 10:47:12,066 - INFO - Beginning optimization with guess, [9.90000000e-01 7.15365211e-02 9.34211448e+01].
2020-09-15 10:47:12,067 - INFO - Finished optimization, results are [-100000000.0 array([9.90000000e-01, 7.15365211e-02, 9.34211448e+01])].
2020-09-15 10:47:12,067 - INFO - Beginning optimization with guess, [ 0.99        0.16862836 39.52230619].
2020-09-15 10:47:12,068 - INFO - Finished optimization, results are [-100000000.0 array([ 0.99      ,  0.16862836, 39.52230619])].
2020-09-15 10:47:12,068 - INFO - Beginning optimization with guess, [9.90000000e-01 5.25621724e-02 5.67435195e+01].
2020-09-15 10:47:12,069 - INFO - Finished optimization, results are [-100000000.0 array([9.90000000e-01, 5.25621724e-02, 5.67435195e+01])].
2020-09-15 10:47:12,069 - INFO - Beginning optimization with guess, [ 0.99        0.17119812 51.3629818 ].
2020-09-15 10:47:12,070 - INFO - Finished optimization, results are [-100000000.0 array([ 0.99      ,  0.17119812, 51.3629818 ])].
2020-09-15 10:47:12,070 - INFO - Finished DFE inference.
2020-09-15 10:47:12,070 - INFO - Integrating expected site-frequency spectrum.
2020-09-15 10:47:12,070 - INFO - Outputing results.
2020-09-15 10:47:13,752 - INFO - Pipeline executed succesfully.
