2019-08-01 09:08:55,785 - INFO - Beginning execution of fitdadi_infer_DFE.py in directory /u/home/j/jonmah/lohmueller_lab/Scripts

2019-08-01 09:08:55,786 - INFO - Progress is being logged to ../Data/AW_array_2000/seed_4_fitdadi_output/log.log

2019-08-01 09:08:55,786 - INFO - Parsed the following arguments:
	breed = AW
	outprefix = ../Data/AW_array_2000/seed_4_fitdadi_output/
	nonsyn_input_sfs = ../Data/AW_array_2000/seed_4_easySFS_output_nonsyn/dadi/pop1.sfs
	syn_input_sfs = ../Data/AW_array_2000/seed_4_easySFS_output_syn/dadi/pop1.sfs

2019-08-01 09:08:55,788 - INFO - Beginning optimization with guess, [0.38917177 0.1863069 ].
2019-08-01 09:08:57,025 - INFO - Finished optimization with guess, [0.38917177 0.1863069 ].
2019-08-01 09:08:57,025 - INFO - Best fit parameters: [0.88249693 0.09224836].
2019-08-01 09:08:57,040 - INFO - Maximum log composite likelihood: -22.7110575571.
2019-08-01 09:08:57,041 - INFO - Optimal value of theta: 61.0192443073.
2019-08-01 09:08:57,041 - INFO - Beginning optimization with guess, [0.67896897 0.07136814].
2019-08-01 09:08:57,712 - INFO - Finished optimization with guess, [0.67896897 0.07136814].
2019-08-01 09:08:57,713 - INFO - Best fit parameters: [0.88095193 0.09045598].
2019-08-01 09:08:57,728 - INFO - Maximum log composite likelihood: -22.7110596642.
2019-08-01 09:08:57,728 - INFO - Optimal value of theta: 61.01841623.
2019-08-01 09:08:57,729 - INFO - Beginning optimization with guess, [0.54895232 0.18555358].
2019-08-01 09:08:58,841 - INFO - Finished optimization with guess, [0.54895232 0.18555358].
2019-08-01 09:08:58,842 - INFO - Best fit parameters: [0.88108257 0.09063477].
2019-08-01 09:08:58,857 - INFO - Maximum log composite likelihood: -22.7110592098.
2019-08-01 09:08:58,858 - INFO - Optimal value of theta: 61.0188225707.
2019-08-01 09:08:58,858 - INFO - Beginning optimization with guess, [0.58077385 0.12839375].
2019-08-01 09:09:00,313 - INFO - Finished optimization with guess, [0.58077385 0.12839375].
2019-08-01 09:09:00,313 - INFO - Best fit parameters: [0.8816631  0.09082088].
2019-08-01 09:09:00,328 - INFO - Maximum log composite likelihood: -22.7110582101.
2019-08-01 09:09:00,329 - INFO - Optimal value of theta: 61.0136431864.
2019-08-01 09:09:00,329 - INFO - Beginning optimization with guess, [0.753791   0.10861877].
2019-08-01 09:09:02,590 - INFO - Finished optimization with guess, [0.753791   0.10861877].
2019-08-01 09:09:02,590 - INFO - Best fit parameters: [0.88125128 0.09080557].
2019-08-01 09:09:02,605 - INFO - Maximum log composite likelihood: -22.7110587789.
2019-08-01 09:09:02,605 - INFO - Optimal value of theta: 61.018650692.
2019-08-01 09:09:02,606 - INFO - Beginning optimization with guess, [0.30860203 0.11914542].
2019-08-01 09:09:03,791 - INFO - Finished optimization with guess, [0.30860203 0.11914542].
2019-08-01 09:09:03,791 - INFO - Best fit parameters: [0.88244576 0.09272163].
2019-08-01 09:09:03,806 - INFO - Maximum log composite likelihood: -22.7110573647.
2019-08-01 09:09:03,807 - INFO - Optimal value of theta: 61.0252422138.
2019-08-01 09:09:03,807 - INFO - Beginning optimization with guess, [0.86290787 0.06683664].
2019-08-01 09:09:04,842 - INFO - Finished optimization with guess, [0.86290787 0.06683664].
2019-08-01 09:09:04,843 - INFO - Best fit parameters: [0.88114379 0.09065621].
2019-08-01 09:09:04,858 - INFO - Maximum log composite likelihood: -22.711059017.
2019-08-01 09:09:04,859 - INFO - Optimal value of theta: 61.0182977788.
2019-08-01 09:09:04,859 - INFO - Beginning optimization with guess, [0.71921847 0.17627949].
2019-08-01 09:09:05,604 - INFO - Finished optimization with guess, [0.71921847 0.17627949].
2019-08-01 09:09:05,605 - INFO - Best fit parameters: [0.88120303 0.09093489].
2019-08-01 09:09:05,620 - INFO - Maximum log composite likelihood: -22.7110591554.
2019-08-01 09:09:05,620 - INFO - Optimal value of theta: 61.0207328398.
2019-08-01 09:09:05,621 - INFO - Beginning optimization with guess, [0.28668748 0.05998052].
2019-08-01 09:09:07,408 - INFO - Finished optimization with guess, [0.28668748 0.05998052].
2019-08-01 09:09:07,411 - INFO - Best fit parameters: [0.88103442 0.09047178].
2019-08-01 09:09:07,427 - INFO - Maximum log composite likelihood: -22.7110593865.
2019-08-01 09:09:07,427 - INFO - Optimal value of theta: 61.0175614545.
2019-08-01 09:09:07,428 - INFO - Beginning optimization with guess, [0.99090569 0.17008871].
2019-08-01 09:09:08,587 - INFO - Finished optimization with guess, [0.99090569 0.17008871].
2019-08-01 09:09:08,588 - INFO - Best fit parameters: [0.88119088 0.09089159].
2019-08-01 09:09:08,603 - INFO - Maximum log composite likelihood: -22.7110591132.
2019-08-01 09:09:08,603 - INFO - Optimal value of theta: 61.0203922514.
2019-08-01 09:09:08,604 - INFO - Beginning optimization with guess, [0.25778182 0.06411071].
2019-08-01 09:09:10,298 - INFO - Finished optimization with guess, [0.25778182 0.06411071].
2019-08-01 09:09:10,298 - INFO - Best fit parameters: [0.8826197  0.09282226].
2019-08-01 09:09:10,313 - INFO - Maximum log composite likelihood: -22.7110571467.
2019-08-01 09:09:10,314 - INFO - Optimal value of theta: 61.0241532971.
2019-08-01 09:09:10,314 - INFO - Beginning optimization with guess, [0.27273009 0.08614752].
2019-08-01 09:09:11,524 - INFO - Finished optimization with guess, [0.27273009 0.08614752].
2019-08-01 09:09:11,524 - INFO - Best fit parameters: [0.88109654 0.09050116].
2019-08-01 09:09:11,539 - INFO - Maximum log composite likelihood: -22.7110591911.
2019-08-01 09:09:11,539 - INFO - Optimal value of theta: 61.0171177871.
2019-08-01 09:09:11,540 - INFO - Beginning optimization with guess, [0.78563398 0.17224753].
2019-08-01 09:09:12,959 - INFO - Finished optimization with guess, [0.78563398 0.17224753].
2019-08-01 09:09:12,960 - INFO - Best fit parameters: [0.88104012 0.09066108].
2019-08-01 09:09:12,975 - INFO - Maximum log composite likelihood: -22.7110593838.
2019-08-01 09:09:12,975 - INFO - Optimal value of theta: 61.0196574609.
2019-08-01 09:09:12,976 - INFO - Beginning optimization with guess, [0.62807341 0.11891397].
2019-08-01 09:09:13,707 - INFO - Finished optimization with guess, [0.62807341 0.11891397].
2019-08-01 09:09:13,707 - INFO - Best fit parameters: [0.88195393 0.09216426].
2019-08-01 09:09:13,722 - INFO - Maximum log composite likelihood: -22.7110585636.
2019-08-01 09:09:13,723 - INFO - Optimal value of theta: 61.0251994235.
2019-08-01 09:09:13,723 - INFO - Beginning optimization with guess, [0.54256422 0.06203889].
2019-08-01 09:09:15,067 - INFO - Finished optimization with guess, [0.54256422 0.06203889].
2019-08-01 09:09:15,067 - INFO - Best fit parameters: [0.8823225  0.09266367].
2019-08-01 09:09:15,082 - INFO - Maximum log composite likelihood: -22.7110576297.
2019-08-01 09:09:15,083 - INFO - Optimal value of theta: 61.0261623655.
2019-08-01 09:09:15,083 - INFO - Beginning optimization with guess, [0.99023044 0.05443799].
2019-08-01 09:09:16,069 - INFO - Finished optimization with guess, [0.99023044 0.05443799].
2019-08-01 09:09:16,071 - INFO - Best fit parameters: [0.88117328 0.09053459].
2019-08-01 09:09:16,086 - INFO - Maximum log composite likelihood: -22.7110589783.
2019-08-01 09:09:16,087 - INFO - Optimal value of theta: 61.0165365517.
2019-08-01 09:09:16,087 - INFO - Beginning optimization with guess, [0.51555003 0.16931742].
2019-08-01 09:09:17,554 - INFO - Finished optimization with guess, [0.51555003 0.16931742].
2019-08-01 09:09:17,558 - INFO - Best fit parameters: [0.88151654 0.09112081].
2019-08-01 09:09:17,575 - INFO - Maximum log composite likelihood: -22.7110585221.
2019-08-01 09:09:17,575 - INFO - Optimal value of theta: 61.018894234.
2019-08-01 09:09:17,576 - INFO - Beginning optimization with guess, [0.49268052 0.12783562].
2019-08-01 09:09:20,024 - INFO - Finished optimization with guess, [0.49268052 0.12783562].
2019-08-01 09:09:20,025 - INFO - Best fit parameters: [0.88269774 0.09268617].
2019-08-01 09:09:20,040 - INFO - Maximum log composite likelihood: -22.7110569774.
2019-08-01 09:09:20,040 - INFO - Optimal value of theta: 61.021626012.
2019-08-01 09:09:20,041 - INFO - Beginning optimization with guess, [0.43335291 0.06119436].
2019-08-01 09:09:21,157 - INFO - Finished optimization with guess, [0.43335291 0.06119436].
2019-08-01 09:09:21,157 - INFO - Best fit parameters: [0.88201241 0.09223836].
2019-08-01 09:09:21,172 - INFO - Maximum log composite likelihood: -22.7110583363.
2019-08-01 09:09:21,173 - INFO - Optimal value of theta: 61.0252978056.
2019-08-01 09:09:21,173 - INFO - Beginning optimization with guess, [0.62472678 0.08769538].
2019-08-01 09:09:21,758 - INFO - Finished optimization with guess, [0.62472678 0.08769538].
2019-08-01 09:09:21,758 - INFO - Best fit parameters: [0.88095095 0.09045456].
2019-08-01 09:09:21,773 - INFO - Maximum log composite likelihood: -22.7110596682.
2019-08-01 09:09:21,774 - INFO - Optimal value of theta: 61.018412357.
2019-08-01 09:09:21,774 - INFO - Beginning optimization with guess, [0.68169415 0.07499158].
2019-08-01 09:09:22,939 - INFO - Finished optimization with guess, [0.68169415 0.07499158].
2019-08-01 09:09:22,940 - INFO - Best fit parameters: [0.88121749 0.0909001 ].
2019-08-01 09:09:22,955 - INFO - Maximum log composite likelihood: -22.7110590265.
2019-08-01 09:09:22,956 - INFO - Optimal value of theta: 61.0201540545.
2019-08-01 09:09:22,956 - INFO - Beginning optimization with guess, [0.59349952 0.1377879 ].
2019-08-01 09:09:24,231 - INFO - Finished optimization with guess, [0.59349952 0.1377879 ].
2019-08-01 09:09:24,231 - INFO - Best fit parameters: [0.88104971 0.09073539].
2019-08-01 09:09:24,246 - INFO - Maximum log composite likelihood: -22.7110594293.
2019-08-01 09:09:24,247 - INFO - Optimal value of theta: 61.0203866083.
2019-08-01 09:09:24,247 - INFO - Beginning optimization with guess, [0.7550294  0.14160168].
2019-08-01 09:09:25,344 - INFO - Finished optimization with guess, [0.7550294  0.14160168].
2019-08-01 09:09:25,345 - INFO - Best fit parameters: [0.88197689 0.0922316 ].
2019-08-01 09:09:25,360 - INFO - Maximum log composite likelihood: -22.711058467.
2019-08-01 09:09:25,360 - INFO - Optimal value of theta: 61.0256732017.
2019-08-01 09:09:25,361 - INFO - Beginning optimization with guess, [0.67110344 0.09981928].
2019-08-01 09:09:25,910 - INFO - Finished optimization with guess, [0.67110344 0.09981928].
2019-08-01 09:09:25,911 - INFO - Best fit parameters: [0.88195245 0.09216149].
2019-08-01 09:09:25,926 - INFO - Maximum log composite likelihood: -22.71105857.
2019-08-01 09:09:25,926 - INFO - Optimal value of theta: 61.0251867646.
2019-08-01 09:09:25,927 - INFO - Beginning optimization with guess, [0.83053543 0.18892331].
2019-08-01 09:09:26,990 - INFO - Finished optimization with guess, [0.83053543 0.18892331].
2019-08-01 09:09:26,991 - INFO - Best fit parameters: [0.88275902 0.09270909].
2019-08-01 09:09:27,006 - INFO - Maximum log composite likelihood: -22.7110569674.
2019-08-01 09:09:27,006 - INFO - Optimal value of theta: 61.0211017007.
2019-08-01 09:09:27,007 - INFO - Beginning optimization with guess, [0.29208437 0.14310049].
2019-08-01 09:09:27,670 - INFO - Finished optimization with guess, [0.29208437 0.14310049].
2019-08-01 09:09:27,670 - INFO - Best fit parameters: [0.88095056 0.09045443].
2019-08-01 09:09:27,686 - INFO - Maximum log composite likelihood: -22.7110596697.
2019-08-01 09:09:27,686 - INFO - Optimal value of theta: 61.0184156588.
2019-08-01 09:09:27,686 - INFO - Beginning optimization with guess, [0.52642297 0.15715324].
2019-08-01 09:09:28,380 - INFO - Finished optimization with guess, [0.52642297 0.15715324].
2019-08-01 09:09:28,380 - INFO - Best fit parameters: [0.88096384 0.0904755 ].
2019-08-01 09:09:28,395 - INFO - Maximum log composite likelihood: -22.7110596155.
2019-08-01 09:09:28,396 - INFO - Optimal value of theta: 61.0184905385.
2019-08-01 09:09:28,396 - INFO - Beginning optimization with guess, [0.38277355 0.07304932].
2019-08-01 09:09:30,906 - INFO - Finished optimization with guess, [0.38277355 0.07304932].
2019-08-01 09:09:30,906 - INFO - Best fit parameters: [0.88139453 0.09105512].
2019-08-01 09:09:30,921 - INFO - Maximum log composite likelihood: -22.7110587283.
2019-08-01 09:09:30,922 - INFO - Optimal value of theta: 61.0196871264.
2019-08-01 09:09:30,922 - INFO - Beginning optimization with guess, [0.89747485 0.05410643].
2019-08-01 09:09:31,995 - INFO - Finished optimization with guess, [0.89747485 0.05410643].
2019-08-01 09:09:31,996 - INFO - Best fit parameters: [0.8827671  0.09275009].
2019-08-01 09:09:32,011 - INFO - Maximum log composite likelihood: -22.7110569643.
2019-08-01 09:09:32,012 - INFO - Optimal value of theta: 61.0214595181.
2019-08-01 09:09:32,012 - INFO - Beginning optimization with guess, [0.90574713 0.07046736].
2019-08-01 09:09:33,089 - INFO - Finished optimization with guess, [0.90574713 0.07046736].
2019-08-01 09:09:33,089 - INFO - Best fit parameters: [0.88137942 0.09054105].
2019-08-01 09:09:33,104 - INFO - Maximum log composite likelihood: -22.7110586863.
2019-08-01 09:09:33,105 - INFO - Optimal value of theta: 61.0140213005.
2019-08-01 09:09:33,105 - INFO - Beginning optimization with guess, [0.33293788 0.15623932].
2019-08-01 09:09:34,127 - INFO - Finished optimization with guess, [0.33293788 0.15623932].
2019-08-01 09:09:34,127 - INFO - Best fit parameters: [0.88115129 0.09070116].
2019-08-01 09:09:34,142 - INFO - Maximum log composite likelihood: -22.7110590126.
2019-08-01 09:09:34,143 - INFO - Optimal value of theta: 61.0187171775.
2019-08-01 09:09:34,143 - INFO - Beginning optimization with guess, [0.53941802 0.06319104].
2019-08-01 09:09:35,163 - INFO - Finished optimization with guess, [0.53941802 0.06319104].
2019-08-01 09:09:35,164 - INFO - Best fit parameters: [0.88102044 0.09068921].
2019-08-01 09:09:35,179 - INFO - Maximum log composite likelihood: -22.7110594934.
2019-08-01 09:09:35,179 - INFO - Optimal value of theta: 61.0202267643.
2019-08-01 09:09:35,180 - INFO - Beginning optimization with guess, [0.44460904 0.07906588].
2019-08-01 09:09:36,207 - INFO - Finished optimization with guess, [0.44460904 0.07906588].
2019-08-01 09:09:36,207 - INFO - Best fit parameters: [0.88242749 0.09285585].
2019-08-01 09:09:36,223 - INFO - Maximum log composite likelihood: -22.7110577078.
2019-08-01 09:09:36,223 - INFO - Optimal value of theta: 61.0269881706.
2019-08-01 09:09:36,224 - INFO - Beginning optimization with guess, [0.34461471 0.15106551].
2019-08-01 09:09:37,149 - INFO - Finished optimization with guess, [0.34461471 0.15106551].
2019-08-01 09:09:37,149 - INFO - Best fit parameters: [0.88107676 0.09050877].
2019-08-01 09:09:37,164 - INFO - Maximum log composite likelihood: -22.7110592399.
2019-08-01 09:09:37,165 - INFO - Optimal value of theta: 61.017453383.
2019-08-01 09:09:37,165 - INFO - Beginning optimization with guess, [0.25755482 0.18471747].
2019-08-01 09:09:38,183 - INFO - Finished optimization with guess, [0.25755482 0.18471747].
2019-08-01 09:09:38,184 - INFO - Best fit parameters: [0.88095048 0.09045439].
2019-08-01 09:09:38,200 - INFO - Maximum log composite likelihood: -22.71105967.
2019-08-01 09:09:38,200 - INFO - Optimal value of theta: 61.0184163223.
2019-08-01 09:09:38,200 - INFO - Beginning optimization with guess, [0.63257128 0.0577632 ].
2019-08-01 09:09:39,045 - INFO - Finished optimization with guess, [0.63257128 0.0577632 ].
2019-08-01 09:09:39,045 - INFO - Best fit parameters: [0.88126224 0.0909614 ].
2019-08-01 09:09:39,060 - INFO - Maximum log composite likelihood: -22.7110589817.
2019-08-01 09:09:39,061 - INFO - Optimal value of theta: 61.0202885418.
2019-08-01 09:09:39,061 - INFO - Beginning optimization with guess, [0.49847457 0.05903141].
2019-08-01 09:09:40,306 - INFO - Finished optimization with guess, [0.49847457 0.05903141].
2019-08-01 09:09:40,306 - INFO - Best fit parameters: [0.88104998 0.09064927].
2019-08-01 09:09:40,321 - INFO - Maximum log composite likelihood: -22.7110593363.
2019-08-01 09:09:40,322 - INFO - Optimal value of theta: 61.0193982479.
2019-08-01 09:09:40,322 - INFO - Beginning optimization with guess, [0.99205933 0.0611155 ].
2019-08-01 09:09:41,035 - INFO - Finished optimization with guess, [0.99205933 0.0611155 ].
2019-08-01 09:09:41,035 - INFO - Best fit parameters: [0.88120891 0.09092854].
2019-08-01 09:09:41,050 - INFO - Maximum log composite likelihood: -22.7110591176.
2019-08-01 09:09:41,051 - INFO - Optimal value of theta: 61.0205863999.
2019-08-01 09:09:41,051 - INFO - Beginning optimization with guess, [0.993671   0.10505325].
2019-08-01 09:09:41,826 - INFO - Finished optimization with guess, [0.993671   0.10505325].
2019-08-01 09:09:41,826 - INFO - Best fit parameters: [0.88095023 0.09045409].
2019-08-01 09:09:41,841 - INFO - Maximum log composite likelihood: -22.711059671.
2019-08-01 09:09:41,842 - INFO - Optimal value of theta: 61.0184159514.
2019-08-01 09:09:41,842 - INFO - Beginning optimization with guess, [0.42689099 0.11239279].
2019-08-01 09:09:43,239 - INFO - Finished optimization with guess, [0.42689099 0.11239279].
2019-08-01 09:09:43,239 - INFO - Best fit parameters: [0.88160754 0.0906612 ].
2019-08-01 09:09:43,254 - INFO - Maximum log composite likelihood: -22.7110584492.
2019-08-01 09:09:43,255 - INFO - Optimal value of theta: 61.0125257624.
2019-08-01 09:09:43,255 - INFO - Beginning optimization with guess, [0.52691924 0.08518612].
2019-08-01 09:09:45,187 - INFO - Finished optimization with guess, [0.52691924 0.08518612].
2019-08-01 09:09:45,187 - INFO - Best fit parameters: [0.88197791 0.09218182].
2019-08-01 09:09:45,202 - INFO - Maximum log composite likelihood: -22.7110584711.
2019-08-01 09:09:45,203 - INFO - Optimal value of theta: 61.0250939828.
2019-08-01 09:09:45,203 - INFO - Beginning optimization with guess, [0.60277078 0.06373857].
2019-08-01 09:09:46,094 - INFO - Finished optimization with guess, [0.60277078 0.06373857].
2019-08-01 09:09:46,095 - INFO - Best fit parameters: [0.8809523  0.09045337].
2019-08-01 09:09:46,110 - INFO - Maximum log composite likelihood: -22.7110596639.
2019-08-01 09:09:46,110 - INFO - Optimal value of theta: 61.0183816102.
2019-08-01 09:09:46,111 - INFO - Beginning optimization with guess, [0.31555596 0.06558877].
2019-08-01 09:09:47,219 - INFO - Finished optimization with guess, [0.31555596 0.06558877].
2019-08-01 09:09:47,219 - INFO - Best fit parameters: [0.88132368 0.09094514].
2019-08-01 09:09:47,234 - INFO - Maximum log composite likelihood: -22.7110587381.
2019-08-01 09:09:47,235 - INFO - Optimal value of theta: 61.0193291207.
2019-08-01 09:09:47,235 - INFO - Beginning optimization with guess, [0.4591505  0.18082713].
2019-08-01 09:09:48,433 - INFO - Finished optimization with guess, [0.4591505  0.18082713].
2019-08-01 09:09:48,433 - INFO - Best fit parameters: [0.88135604 0.09094902].
2019-08-01 09:09:48,448 - INFO - Maximum log composite likelihood: -22.711058646.
2019-08-01 09:09:48,449 - INFO - Optimal value of theta: 61.0189655661.
2019-08-01 09:09:48,449 - INFO - Beginning optimization with guess, [0.36026449 0.18475478].
2019-08-01 09:09:49,808 - INFO - Finished optimization with guess, [0.36026449 0.18475478].
2019-08-01 09:09:49,808 - INFO - Best fit parameters: [0.88133602 0.09097275].
2019-08-01 09:09:49,823 - INFO - Maximum log composite likelihood: -22.7110587477.
2019-08-01 09:09:49,824 - INFO - Optimal value of theta: 61.0194879875.
2019-08-01 09:09:49,824 - INFO - Beginning optimization with guess, [0.84157901 0.08199636].
2019-08-01 09:09:51,353 - INFO - Finished optimization with guess, [0.84157901 0.08199636].
2019-08-01 09:09:51,354 - INFO - Best fit parameters: [0.88095833 0.09046152].
2019-08-01 09:09:51,369 - INFO - Maximum log composite likelihood: -22.7110596395.
2019-08-01 09:09:51,370 - INFO - Optimal value of theta: 61.0183995599.
2019-08-01 09:09:51,370 - INFO - Beginning optimization with guess, [0.86020976 0.05929352].
2019-08-01 09:09:52,309 - INFO - Finished optimization with guess, [0.86020976 0.05929352].
2019-08-01 09:09:52,309 - INFO - Best fit parameters: [0.88108837 0.09070602].
2019-08-01 09:09:52,324 - INFO - Maximum log composite likelihood: -22.7110592383.
2019-08-01 09:09:52,325 - INFO - Optimal value of theta: 61.0195642944.
2019-08-01 09:09:52,325 - INFO - Beginning optimization with guess, [0.87017661 0.19487492].
2019-08-01 09:09:53,527 - INFO - Finished optimization with guess, [0.87017661 0.19487492].
2019-08-01 09:09:53,527 - INFO - Best fit parameters: [0.88215196 0.09253348].
2019-08-01 09:09:53,542 - INFO - Maximum log composite likelihood: -22.7110580326.
2019-08-01 09:09:53,543 - INFO - Optimal value of theta: 61.026867055.
2019-08-01 09:09:53,543 - INFO - Beginning optimization with guess, [0.3056435  0.09763621].
2019-08-01 09:09:54,575 - INFO - Finished optimization with guess, [0.3056435  0.09763621].
2019-08-01 09:09:54,576 - INFO - Best fit parameters: [0.88097778 0.09044452].
2019-08-01 09:09:54,591 - INFO - Maximum log composite likelihood: -22.7110595814.
2019-08-01 09:09:54,591 - INFO - Optimal value of theta: 61.0179602373.
2019-08-01 09:09:54,592 - INFO - Beginning optimization with guess, [0.36880046 0.06289207].
2019-08-01 09:09:55,980 - INFO - Finished optimization with guess, [0.36880046 0.06289207].
2019-08-01 09:09:55,981 - INFO - Best fit parameters: [0.88152113 0.09106997].
2019-08-01 09:09:55,996 - INFO - Maximum log composite likelihood: -22.7110584155.
2019-08-01 09:09:55,996 - INFO - Optimal value of theta: 61.0182595525.
2019-08-01 09:09:55,997 - INFO - Beginning optimization with guess, [0.6355259  0.08742054].
2019-08-01 09:09:56,895 - INFO - Finished optimization with guess, [0.6355259  0.08742054].
2019-08-01 09:09:56,895 - INFO - Best fit parameters: [0.88100253 0.0905007 ].
2019-08-01 09:09:56,910 - INFO - Maximum log composite likelihood: -22.7110594742.
2019-08-01 09:09:56,911 - INFO - Optimal value of theta: 61.0182934573.
2019-08-01 09:09:56,911 - INFO - Beginning optimization with guess, [0.62707223 0.14465002].
2019-08-01 09:09:59,267 - INFO - Finished optimization with guess, [0.62707223 0.14465002].
2019-08-01 09:09:59,268 - INFO - Best fit parameters: [0.88128675 0.09057746].
2019-08-01 09:09:59,283 - INFO - Maximum log composite likelihood: -22.7110587249.
2019-08-01 09:09:59,284 - INFO - Optimal value of theta: 61.0156009743.
2019-08-01 09:09:59,284 - INFO - Beginning optimization with guess, [0.42862701 0.12511631].
2019-08-01 09:10:00,146 - INFO - Finished optimization with guess, [0.42862701 0.12511631].
2019-08-01 09:10:00,146 - INFO - Best fit parameters: [0.87960809 0.08845729].
2019-08-01 09:10:00,161 - INFO - Maximum log composite likelihood: -22.711074839.
2019-08-01 09:10:00,162 - INFO - Optimal value of theta: 61.011904677.
2019-08-01 09:10:00,162 - INFO - Beginning optimization with guess, [0.94216931 0.0546854 ].
2019-08-01 09:10:02,141 - INFO - Finished optimization with guess, [0.94216931 0.0546854 ].
2019-08-01 09:10:02,141 - INFO - Best fit parameters: [0.88229328 0.09266709].
2019-08-01 09:10:02,156 - INFO - Maximum log composite likelihood: -22.7110577355.
2019-08-01 09:10:02,157 - INFO - Optimal value of theta: 61.0265740566.
2019-08-01 09:10:02,157 - INFO - Beginning optimization with guess, [0.96410366 0.08798495].
2019-08-01 09:10:04,456 - INFO - Finished optimization with guess, [0.96410366 0.08798495].
2019-08-01 09:10:04,457 - INFO - Best fit parameters: [0.88110778 0.09051272].
2019-08-01 09:10:04,472 - INFO - Maximum log composite likelihood: -22.711059153.
2019-08-01 09:10:04,472 - INFO - Optimal value of theta: 61.0171089608.
2019-08-01 09:10:04,473 - INFO - Beginning optimization with guess, [0.4685293  0.07532295].
2019-08-01 09:10:05,317 - INFO - Finished optimization with guess, [0.4685293  0.07532295].
2019-08-01 09:10:05,317 - INFO - Best fit parameters: [0.881316   0.09099797].
2019-08-01 09:10:05,332 - INFO - Maximum log composite likelihood: -22.7110588655.
2019-08-01 09:10:05,333 - INFO - Optimal value of theta: 61.0200272736.
2019-08-01 09:10:05,333 - INFO - Beginning optimization with guess, [0.75523026 0.08570266].
2019-08-01 09:10:06,501 - INFO - Finished optimization with guess, [0.75523026 0.08570266].
2019-08-01 09:10:06,502 - INFO - Best fit parameters: [0.88178155 0.0909677 ].
2019-08-01 09:10:06,517 - INFO - Maximum log composite likelihood: -22.7110581259.
2019-08-01 09:10:06,517 - INFO - Optimal value of theta: 61.0138185058.
2019-08-01 09:10:06,518 - INFO - Beginning optimization with guess, [0.35726997 0.17089475].
2019-08-01 09:10:07,277 - INFO - Finished optimization with guess, [0.35726997 0.17089475].
2019-08-01 09:10:07,277 - INFO - Best fit parameters: [0.8812296 0.0909271].
2019-08-01 09:10:07,292 - INFO - Maximum log composite likelihood: -22.7110590335.
2019-08-01 09:10:07,293 - INFO - Optimal value of theta: 61.0203092745.
2019-08-01 09:10:07,293 - INFO - Beginning optimization with guess, [0.63180254 0.13016484].
2019-08-01 09:10:07,935 - INFO - Finished optimization with guess, [0.63180254 0.13016484].
2019-08-01 09:10:07,936 - INFO - Best fit parameters: [0.88095022 0.09045436].
2019-08-01 09:10:07,951 - INFO - Maximum log composite likelihood: -22.7110596709.
2019-08-01 09:10:07,951 - INFO - Optimal value of theta: 61.01841918.
2019-08-01 09:10:07,952 - INFO - Beginning optimization with guess, [0.33020312 0.0515376 ].
2019-08-01 09:10:09,107 - INFO - Finished optimization with guess, [0.33020312 0.0515376 ].
2019-08-01 09:10:09,108 - INFO - Best fit parameters: [0.88095036 0.09047737].
2019-08-01 09:10:09,123 - INFO - Maximum log composite likelihood: -22.711059664.
2019-08-01 09:10:09,123 - INFO - Optimal value of theta: 61.0186813883.
2019-08-01 09:10:09,124 - INFO - Beginning optimization with guess, [0.33745528 0.06814946].
2019-08-01 09:10:10,284 - INFO - Finished optimization with guess, [0.33745528 0.06814946].
2019-08-01 09:10:10,284 - INFO - Best fit parameters: [0.88099453 0.09048851].
2019-08-01 09:10:10,299 - INFO - Maximum log composite likelihood: -22.7110595049.
2019-08-01 09:10:10,300 - INFO - Optimal value of theta: 61.0182542806.
2019-08-01 09:10:10,300 - INFO - Beginning optimization with guess, [0.63618713 0.12188032].
2019-08-01 09:10:10,986 - INFO - Finished optimization with guess, [0.63618713 0.12188032].
2019-08-01 09:10:10,986 - INFO - Best fit parameters: [0.88095023 0.09045457].
2019-08-01 09:10:11,001 - INFO - Maximum log composite likelihood: -22.7110596708.
2019-08-01 09:10:11,002 - INFO - Optimal value of theta: 61.018421463.
2019-08-01 09:10:11,002 - INFO - Beginning optimization with guess, [0.5179685  0.08198954].
2019-08-01 09:10:12,302 - INFO - Finished optimization with guess, [0.5179685  0.08198954].
2019-08-01 09:10:12,303 - INFO - Best fit parameters: [0.88098277 0.09046384].
2019-08-01 09:10:12,318 - INFO - Maximum log composite likelihood: -22.7110595544.
2019-08-01 09:10:12,318 - INFO - Optimal value of theta: 61.0181189953.
2019-08-01 09:10:12,319 - INFO - Beginning optimization with guess, [0.41444081 0.07300769].
2019-08-01 09:10:13,483 - INFO - Finished optimization with guess, [0.41444081 0.07300769].
2019-08-01 09:10:13,484 - INFO - Best fit parameters: [0.88120557 0.09073776].
2019-08-01 09:10:13,499 - INFO - Maximum log composite likelihood: -22.7110588645.
2019-08-01 09:10:13,500 - INFO - Optimal value of theta: 61.0184523209.
2019-08-01 09:10:13,500 - INFO - Beginning optimization with guess, [0.30133468 0.0909757 ].
2019-08-01 09:10:14,306 - INFO - Finished optimization with guess, [0.30133468 0.0909757 ].
2019-08-01 09:10:14,307 - INFO - Best fit parameters: [0.8813256 0.0910125].
2019-08-01 09:10:14,322 - INFO - Maximum log composite likelihood: -22.7110588638.
2019-08-01 09:10:14,322 - INFO - Optimal value of theta: 61.020071598.
2019-08-01 09:10:14,323 - INFO - Beginning optimization with guess, [0.31501229 0.10376955].
2019-08-01 09:10:15,538 - INFO - Finished optimization with guess, [0.31501229 0.10376955].
2019-08-01 09:10:15,538 - INFO - Best fit parameters: [0.88098166 0.09048154].
2019-08-01 09:10:15,553 - INFO - Maximum log composite likelihood: -22.7110595512.
2019-08-01 09:10:15,554 - INFO - Optimal value of theta: 61.0183360446.
2019-08-01 09:10:15,554 - INFO - Beginning optimization with guess, [0.45380486 0.16888494].
2019-08-01 09:10:17,694 - INFO - Finished optimization with guess, [0.45380486 0.16888494].
2019-08-01 09:10:17,694 - INFO - Best fit parameters: [0.88169837 0.09155274].
2019-08-01 09:10:17,709 - INFO - Maximum log composite likelihood: -22.7110594474.
2019-08-01 09:10:17,710 - INFO - Optimal value of theta: 61.0214845302.
2019-08-01 09:10:17,710 - INFO - Beginning optimization with guess, [0.61170407 0.08383723].
2019-08-01 09:10:18,744 - INFO - Finished optimization with guess, [0.61170407 0.08383723].
2019-08-01 09:10:18,744 - INFO - Best fit parameters: [0.88212649 0.09238997].
2019-08-01 09:10:18,760 - INFO - Maximum log composite likelihood: -22.7110579736.
2019-08-01 09:10:18,760 - INFO - Optimal value of theta: 61.0255657746.
2019-08-01 09:10:18,761 - INFO - Beginning optimization with guess, [0.79672054 0.05370392].
2019-08-01 09:10:19,698 - INFO - Finished optimization with guess, [0.79672054 0.05370392].
2019-08-01 09:10:19,699 - INFO - Best fit parameters: [0.88202216 0.09229329].
2019-08-01 09:10:19,714 - INFO - Maximum log composite likelihood: -22.7110583069.
2019-08-01 09:10:19,714 - INFO - Optimal value of theta: 61.0257978221.
2019-08-01 09:10:19,715 - INFO - Beginning optimization with guess, [0.35682383 0.14487481].
2019-08-01 09:10:20,685 - INFO - Finished optimization with guess, [0.35682383 0.14487481].
2019-08-01 09:10:20,685 - INFO - Best fit parameters: [0.88099367 0.09042245].
2019-08-01 09:10:20,700 - INFO - Maximum log composite likelihood: -22.7110595475.
2019-08-01 09:10:20,701 - INFO - Optimal value of theta: 61.0175074762.
2019-08-01 09:10:20,701 - INFO - Beginning optimization with guess, [0.52342688 0.0818849 ].
2019-08-01 09:10:23,246 - INFO - Finished optimization with guess, [0.52342688 0.0818849 ].
2019-08-01 09:10:23,246 - INFO - Best fit parameters: [0.8820047  0.09221049].
2019-08-01 09:10:23,261 - INFO - Maximum log composite likelihood: -22.7110583684.
2019-08-01 09:10:23,262 - INFO - Optimal value of theta: 61.025079078.
2019-08-01 09:10:23,263 - INFO - Beginning optimization with guess, [0.53459067 0.18056862].
2019-08-01 09:10:25,701 - INFO - Finished optimization with guess, [0.53459067 0.18056862].
2019-08-01 09:10:25,702 - INFO - Best fit parameters: [0.881143   0.09073047].
2019-08-01 09:10:25,717 - INFO - Maximum log composite likelihood: -22.7110590623.
2019-08-01 09:10:25,717 - INFO - Optimal value of theta: 61.0191563886.
2019-08-01 09:10:25,718 - INFO - Beginning optimization with guess, [0.80067433 0.13812   ].
2019-08-01 09:10:26,321 - INFO - Finished optimization with guess, [0.80067433 0.13812   ].
2019-08-01 09:10:26,321 - INFO - Best fit parameters: [0.88095236 0.09045589].
2019-08-01 09:10:26,337 - INFO - Maximum log composite likelihood: -22.7110596627.
2019-08-01 09:10:26,337 - INFO - Optimal value of theta: 61.0184098465.
2019-08-01 09:10:26,338 - INFO - Beginning optimization with guess, [0.77699599 0.1872258 ].
2019-08-01 09:10:27,411 - INFO - Finished optimization with guess, [0.77699599 0.1872258 ].
2019-08-01 09:10:27,411 - INFO - Best fit parameters: [0.88175073 0.09095597].
2019-08-01 09:10:27,426 - INFO - Maximum log composite likelihood: -22.7110581216.
2019-08-01 09:10:27,427 - INFO - Optimal value of theta: 61.0140734922.
2019-08-01 09:10:27,427 - INFO - Beginning optimization with guess, [0.71150132 0.08201311].
2019-08-01 09:10:29,840 - INFO - Finished optimization with guess, [0.71150132 0.08201311].
2019-08-01 09:10:29,840 - INFO - Best fit parameters: [0.8821779  0.09211845].
2019-08-01 09:10:29,856 - INFO - Maximum log composite likelihood: -22.7110580387.
2019-08-01 09:10:29,856 - INFO - Optimal value of theta: 61.0218289835.
2019-08-01 09:10:29,857 - INFO - Beginning optimization with guess, [0.95364555 0.09789099].
2019-08-01 09:10:32,324 - INFO - Finished optimization with guess, [0.95364555 0.09789099].
2019-08-01 09:10:32,324 - INFO - Best fit parameters: [0.88203483 0.09219615].
2019-08-01 09:10:32,339 - INFO - Maximum log composite likelihood: -22.7110582749.
2019-08-01 09:10:32,340 - INFO - Optimal value of theta: 61.0245323908.
2019-08-01 09:10:32,341 - INFO - Beginning optimization with guess, [0.40925627 0.13981045].
2019-08-01 09:10:33,265 - INFO - Finished optimization with guess, [0.40925627 0.13981045].
2019-08-01 09:10:33,265 - INFO - Best fit parameters: [0.88201806 0.09224272].
2019-08-01 09:10:33,280 - INFO - Maximum log composite likelihood: -22.711058316.
2019-08-01 09:10:33,281 - INFO - Optimal value of theta: 61.0252754286.
2019-08-01 09:10:33,281 - INFO - Beginning optimization with guess, [0.52713002 0.10793146].
2019-08-01 09:10:34,739 - INFO - Finished optimization with guess, [0.52713002 0.10793146].
2019-08-01 09:10:34,739 - INFO - Best fit parameters: [0.88204577 0.09229795].
2019-08-01 09:10:34,754 - INFO - Maximum log composite likelihood: -22.7110582213.
2019-08-01 09:10:34,755 - INFO - Optimal value of theta: 61.0255499951.
2019-08-01 09:10:34,755 - INFO - Beginning optimization with guess, [0.62346071 0.06561525].
2019-08-01 09:10:35,384 - INFO - Finished optimization with guess, [0.62346071 0.06561525].
2019-08-01 09:10:35,384 - INFO - Best fit parameters: [0.88095012 0.09045431].
2019-08-01 09:10:35,399 - INFO - Maximum log composite likelihood: -22.7110596713.
2019-08-01 09:10:35,400 - INFO - Optimal value of theta: 61.01841986.
2019-08-01 09:10:35,400 - INFO - Beginning optimization with guess, [0.39089475 0.08338748].
2019-08-01 09:10:36,302 - INFO - Finished optimization with guess, [0.39089475 0.08338748].
2019-08-01 09:10:36,303 - INFO - Best fit parameters: [0.88150879 0.09107652].
2019-08-01 09:10:36,318 - INFO - Maximum log composite likelihood: -22.7110584551.
2019-08-01 09:10:36,319 - INFO - Optimal value of theta: 61.018489341.
2019-08-01 09:10:36,319 - INFO - Beginning optimization with guess, [0.68993571 0.07144938].
2019-08-01 09:10:38,451 - INFO - Finished optimization with guess, [0.68993571 0.07144938].
2019-08-01 09:10:38,451 - INFO - Best fit parameters: [0.88130294 0.09089304].
2019-08-01 09:10:38,466 - INFO - Maximum log composite likelihood: -22.7110587229.
2019-08-01 09:10:38,467 - INFO - Optimal value of theta: 61.0189973419.
2019-08-01 09:10:38,467 - INFO - Beginning optimization with guess, [0.96675699 0.05849889].
2019-08-01 09:10:39,734 - INFO - Finished optimization with guess, [0.96675699 0.05849889].
2019-08-01 09:10:39,735 - INFO - Best fit parameters: [0.88135009 0.0909997 ].
2019-08-01 09:10:39,750 - INFO - Maximum log composite likelihood: -22.7110587541.
2019-08-01 09:10:39,751 - INFO - Optimal value of theta: 61.0196172456.
2019-08-01 09:10:39,751 - INFO - Beginning optimization with guess, [0.39890124 0.06356036].
2019-08-01 09:10:41,056 - INFO - Finished optimization with guess, [0.39890124 0.06356036].
2019-08-01 09:10:41,057 - INFO - Best fit parameters: [0.88096247 0.09047731].
2019-08-01 09:10:41,072 - INFO - Maximum log composite likelihood: -22.7110596199.
2019-08-01 09:10:41,073 - INFO - Optimal value of theta: 61.0185284949.
2019-08-01 09:10:41,073 - INFO - Beginning optimization with guess, [0.34476276 0.15627383].
2019-08-01 09:10:41,693 - INFO - Finished optimization with guess, [0.34476276 0.15627383].
2019-08-01 09:10:41,693 - INFO - Best fit parameters: [0.8814708  0.09108898].
2019-08-01 09:10:41,708 - INFO - Maximum log composite likelihood: -22.7110585759.
2019-08-01 09:10:41,709 - INFO - Optimal value of theta: 61.0191098483.
2019-08-01 09:10:41,709 - INFO - Beginning optimization with guess, [0.99611144 0.12289331].
2019-08-01 09:10:42,453 - INFO - Finished optimization with guess, [0.99611144 0.12289331].
2019-08-01 09:10:42,453 - INFO - Best fit parameters: [0.88158369 0.09108198].
2019-08-01 09:10:42,468 - INFO - Maximum log composite likelihood: -22.7110583089.
2019-08-01 09:10:42,469 - INFO - Optimal value of theta: 61.0176069786.
2019-08-01 09:10:42,469 - INFO - Beginning optimization with guess, [0.50032751 0.18724547].
2019-08-01 09:10:43,728 - INFO - Finished optimization with guess, [0.50032751 0.18724547].
2019-08-01 09:10:43,728 - INFO - Best fit parameters: [0.88114385 0.09043776].
2019-08-01 09:10:43,744 - INFO - Maximum log composite likelihood: -22.7110591576.
2019-08-01 09:10:43,744 - INFO - Optimal value of theta: 61.015797743.
2019-08-01 09:10:43,745 - INFO - Beginning optimization with guess, [0.77190235 0.19115553].
2019-08-01 09:10:45,317 - INFO - Finished optimization with guess, [0.77190235 0.19115553].
2019-08-01 09:10:45,318 - INFO - Best fit parameters: [0.88131078 0.09098586].
2019-08-01 09:10:45,333 - INFO - Maximum log composite likelihood: -22.711058858.
2019-08-01 09:10:45,334 - INFO - Optimal value of theta: 61.019955221.
2019-08-01 09:10:45,334 - INFO - Beginning optimization with guess, [0.44116715 0.11349097].
2019-08-01 09:10:47,847 - INFO - Finished optimization with guess, [0.44116715 0.11349097].
2019-08-01 09:10:47,848 - INFO - Best fit parameters: [0.88095528 0.09045859].
2019-08-01 09:10:47,863 - INFO - Maximum log composite likelihood: -22.7110596514.
2019-08-01 09:10:47,864 - INFO - Optimal value of theta: 61.0184041928.
2019-08-01 09:10:47,864 - INFO - Beginning optimization with guess, [0.41001622 0.0852861 ].
2019-08-01 09:10:49,127 - INFO - Finished optimization with guess, [0.41001622 0.0852861 ].
2019-08-01 09:10:49,127 - INFO - Best fit parameters: [0.88133733 0.09087417].
2019-08-01 09:10:49,142 - INFO - Maximum log composite likelihood: -22.7110586017.
2019-08-01 09:10:49,143 - INFO - Optimal value of theta: 61.0183491682.
2019-08-01 09:10:49,143 - INFO - Beginning optimization with guess, [0.80926884 0.06632943].
2019-08-01 09:10:50,398 - INFO - Finished optimization with guess, [0.80926884 0.06632943].
2019-08-01 09:10:50,398 - INFO - Best fit parameters: [0.88152054 0.09058281].
2019-08-01 09:10:50,414 - INFO - Maximum log composite likelihood: -22.7110585826.
2019-08-01 09:10:50,414 - INFO - Optimal value of theta: 61.0127256611.
2019-08-01 09:10:50,415 - INFO - Beginning optimization with guess, [0.47921492 0.09852699].
2019-08-01 09:10:52,079 - INFO - Finished optimization with guess, [0.47921492 0.09852699].
2019-08-01 09:10:52,079 - INFO - Best fit parameters: [0.88202982 0.09227547].
2019-08-01 09:10:52,094 - INFO - Maximum log composite likelihood: -22.7110582748.
2019-08-01 09:10:52,095 - INFO - Optimal value of theta: 61.0254978559.
2019-08-01 09:10:52,095 - INFO - Beginning optimization with guess, [0.64033329 0.09373547].
2019-08-01 09:10:53,131 - INFO - Finished optimization with guess, [0.64033329 0.09373547].
2019-08-01 09:10:53,131 - INFO - Best fit parameters: [0.88111979 0.0905039 ].
2019-08-01 09:10:53,147 - INFO - Maximum log composite likelihood: -22.7110591297.
2019-08-01 09:10:53,147 - INFO - Optimal value of theta: 61.0168570344.
2019-08-01 09:10:53,147 - INFO - Beginning optimization with guess, [0.63124746 0.05409997].
2019-08-01 09:10:54,666 - INFO - Finished optimization with guess, [0.63124746 0.05409997].
2019-08-01 09:10:54,666 - INFO - Best fit parameters: [0.88114975 0.09056899].
2019-08-01 09:10:54,682 - INFO - Maximum log composite likelihood: -22.7110590101.
2019-08-01 09:10:54,682 - INFO - Optimal value of theta: 61.0172255406.
2019-08-01 09:10:54,683 - INFO - Beginning optimization with guess, [0.26680099 0.0853773 ].
2019-08-01 09:10:56,114 - INFO - Finished optimization with guess, [0.26680099 0.0853773 ].
2019-08-01 09:10:56,114 - INFO - Best fit parameters: [0.88164015 0.0911444 ].
2019-08-01 09:10:56,129 - INFO - Maximum log composite likelihood: -22.7110583078.
2019-08-01 09:10:56,130 - INFO - Optimal value of theta: 61.0176026333.
2019-08-01 09:10:56,130 - INFO - Beginning optimization with guess, [0.88274769 0.15230126].
2019-08-01 09:10:56,865 - INFO - Finished optimization with guess, [0.88274769 0.15230126].
2019-08-01 09:10:56,865 - INFO - Best fit parameters: [0.88171641 0.09088717].
2019-08-01 09:10:56,880 - INFO - Maximum log composite likelihood: -22.7110581588.
2019-08-01 09:10:56,881 - INFO - Optimal value of theta: 61.0137250403.
2019-08-01 09:10:56,881 - INFO - Beginning optimization with guess, [0.563719   0.09584562].
2019-08-01 09:10:58,006 - INFO - Finished optimization with guess, [0.563719   0.09584562].
2019-08-01 09:10:58,006 - INFO - Best fit parameters: [0.88207723 0.09246741].
2019-08-01 09:10:58,021 - INFO - Maximum log composite likelihood: -22.7110582401.
2019-08-01 09:10:58,022 - INFO - Optimal value of theta: 61.0270719587.
2019-08-01 09:10:58,022 - INFO - Beginning optimization with guess, [0.44762229 0.14207386].
2019-08-01 09:10:59,387 - INFO - Finished optimization with guess, [0.44762229 0.14207386].
2019-08-01 09:10:59,388 - INFO - Best fit parameters: [0.88163073 0.09098512].
2019-08-01 09:10:59,403 - INFO - Maximum log composite likelihood: -22.7110581584.
2019-08-01 09:10:59,403 - INFO - Optimal value of theta: 61.0159153886.
2019-08-01 09:10:59,404 - INFO - Beginning optimization with guess, [0.30311193 0.07640681].
2019-08-01 09:11:00,471 - INFO - Finished optimization with guess, [0.30311193 0.07640681].
2019-08-01 09:11:00,472 - INFO - Best fit parameters: [0.88095608 0.09045209].
2019-08-01 09:11:00,487 - INFO - Maximum log composite likelihood: -22.7110596511.
2019-08-01 09:11:00,487 - INFO - Optimal value of theta: 61.0183195147.
2019-08-01 09:11:00,488 - INFO - Beginning optimization with guess, [0.32658315 0.07516608].
2019-08-01 09:11:02,051 - INFO - Finished optimization with guess, [0.32658315 0.07516608].
2019-08-01 09:11:02,052 - INFO - Best fit parameters: [0.88099909 0.09047291].
2019-08-01 09:11:02,067 - INFO - Maximum log composite likelihood: -22.7110594961.
2019-08-01 09:11:02,068 - INFO - Optimal value of theta: 61.0180180938.
2019-08-01 09:11:02,068 - INFO - Beginning optimization with guess, [0.49716017 0.08024778].
2019-08-01 09:11:03,363 - INFO - Finished optimization with guess, [0.49716017 0.08024778].
2019-08-01 09:11:03,363 - INFO - Best fit parameters: [0.88118071 0.09063142].
2019-08-01 09:11:03,378 - INFO - Maximum log composite likelihood: -22.7110589098.
2019-08-01 09:11:03,379 - INFO - Optimal value of theta: 61.0175502601.
2019-08-01 09:11:03,380 - INFO - Finished demographic inference.
2019-08-01 09:11:03,380 - INFO - Beginning DFE inference.
2019-08-01 09:11:12,434 - INFO - Beginning optimization with guess, [6.43509053e-02 1.09033452e+02].
2019-08-01 09:11:19,181 - INFO - Finished optomization, results are [-22.74261949605419 array([1.26392087e-01, 3.82286695e+03])].
2019-08-01 09:11:19,183 - INFO - Beginning optimization with guess, [ 0.14121037 73.84220656].
2019-08-01 09:11:28,508 - INFO - Finished optomization, results are [-22.72732595929081 array([1.24008547e-01, 4.23288654e+03])].
2019-08-01 09:11:28,509 - INFO - Beginning optimization with guess, [  0.13229419 116.9691169 ].
2019-08-01 09:11:36,540 - INFO - Finished optomization, results are [-22.737518593881227 array([1.25582436e-01, 3.95107706e+03])].
2019-08-01 09:11:36,541 - INFO - Beginning optimization with guess, [1.10313071e-01 2.49790183e+02].
2019-08-01 09:11:49,311 - INFO - Finished optomization, results are [-22.75752029135584 array([1.21418336e-01, 4.37327051e+03])].
2019-08-01 09:11:49,313 - INFO - Beginning optimization with guess, [7.54666437e-02 1.43774179e+02].
2019-08-01 09:11:55,789 - INFO - Finished optomization, results are [-22.74002159862889 array([1.23292082e-01, 4.19939887e+03])].
2019-08-01 09:11:55,789 - INFO - Beginning optimization with guess, [9.86127916e-02 1.22812701e+02].
2019-08-01 09:12:03,734 - INFO - Finished optomization, results are [-22.749950504901285 array([1.25592294e-01, 3.81741640e+03])].
2019-08-01 09:12:03,735 - INFO - Beginning optimization with guess, [8.92915594e-02 8.94255978e+01].
2019-08-01 09:12:08,612 - INFO - Finished optomization, results are [-22.73640343270557 array([1.23803833e-01, 4.16136042e+03])].
2019-08-01 09:12:08,612 - INFO - Beginning optimization with guess, [1.32002274e-01 1.45982697e+02].
2019-08-01 09:12:12,756 - INFO - Finished optomization, results are [-22.775909348191142 array([1.22435891e-01, 4.08058482e+03])].
2019-08-01 09:12:12,757 - INFO - Beginning optimization with guess, [ 0.12850777 90.44161046].
2019-08-01 09:12:26,394 - INFO - Finished optomization, results are [-22.723591182393267 array([1.24028229e-01, 4.27780847e+03])].
2019-08-01 09:12:26,396 - INFO - Beginning optimization with guess, [7.83921695e-02 1.07955918e+02].
2019-08-01 09:12:32,220 - INFO - Finished optomization, results are [-22.739303657237286 array([1.24880275e-01, 4.00080312e+03])].
2019-08-01 09:12:32,221 - INFO - Beginning optimization with guess, [1.67589061e-01 2.31245073e+02].
2019-08-01 09:12:40,505 - INFO - Finished optomization, results are [-22.74945088548444 array([1.23593843e-01, 4.07768684e+03])].
2019-08-01 09:12:40,507 - INFO - Beginning optimization with guess, [1.44697818e-01 2.55788528e+02].
2019-08-01 09:12:45,643 - INFO - Finished optomization, results are [-22.753886839754337 array([1.23031600e-01, 4.12861366e+03])].
2019-08-01 09:12:45,643 - INFO - Beginning optimization with guess, [  0.15241558 140.7348466 ].
2019-08-01 09:12:50,696 - INFO - Finished optomization, results are [-22.727273235193536 array([1.24965998e-01, 4.14171458e+03])].
2019-08-01 09:12:50,697 - INFO - Beginning optimization with guess, [5.19708643e-02 1.74857095e+02].
2019-08-01 09:12:56,447 - INFO - Finished optomization, results are [-22.747581224966147 array([1.24156053e-01, 4.01415660e+03])].
2019-08-01 09:12:56,447 - INFO - Beginning optimization with guess, [ 0.11740008 96.71452491].
2019-08-01 09:13:02,710 - INFO - Finished optomization, results are [-22.751016093557894 array([1.24591076e-01, 3.92829559e+03])].
2019-08-01 09:13:02,710 - INFO - Beginning optimization with guess, [1.45064347e-01 1.91766195e+02].
2019-08-01 09:13:07,632 - INFO - Finished optomization, results are [-22.73842506197706 array([1.24438166e-01, 4.06117847e+03])].
2019-08-01 09:13:07,633 - INFO - Beginning optimization with guess, [1.43599191e-01 1.49413165e+02].
2019-08-01 09:13:15,662 - INFO - Finished optomization, results are [-22.73694961779295 array([1.25069323e-01, 4.00619654e+03])].
2019-08-01 09:13:15,663 - INFO - Beginning optimization with guess, [5.09342475e-02 1.57705038e+02].
2019-08-01 09:13:22,953 - INFO - Finished optomization, results are [-22.73048374588572 array([1.22670005e-01, 4.37832000e+03])].
2019-08-01 09:13:22,953 - INFO - Beginning optimization with guess, [1.22936107e-01 2.43157060e+02].
2019-08-01 09:13:30,421 - INFO - Finished optomization, results are [-22.754000474964673 array([1.23406093e-01, 4.07074839e+03])].
2019-08-01 09:13:30,422 - INFO - Beginning optimization with guess, [5.06748332e-02 1.45993378e+02].
2019-08-01 09:13:36,426 - INFO - Finished optomization, results are [-22.73309285338385 array([1.22941265e-01, 4.31329673e+03])].
2019-08-01 09:13:36,427 - INFO - Beginning optimization with guess, [7.76865938e-02 1.40347081e+02].
2019-08-01 09:13:51,181 - INFO - Finished optomization, results are [-22.733714984836336 array([1.22321622e-01, 4.40244223e+03])].
2019-08-01 09:13:51,182 - INFO - Beginning optimization with guess, [  0.11955821 114.9208307 ].
2019-08-01 09:14:03,303 - INFO - Finished optomization, results are [-22.722473035813454 array([1.23845782e-01, 4.31189290e+03])].
2019-08-01 09:14:03,305 - INFO - Beginning optimization with guess, [8.66681391e-02 2.79867322e+02].
2019-08-01 09:14:15,291 - INFO - Finished optomization, results are [-22.755229152233234 array([1.21520671e-01, 4.37067540e+03])].
2019-08-01 09:14:15,291 - INFO - Beginning optimization with guess, [4.56650332e-02 7.35886329e+01].
2019-08-01 09:14:22,106 - INFO - Finished optomization, results are [-22.74188698099207 array([1.26156922e-01, 3.84945515e+03])].
2019-08-01 09:14:22,107 - INFO - Beginning optimization with guess, [5.85979980e-02 1.05833518e+02].
2019-08-01 09:14:30,778 - INFO - Finished optomization, results are [-22.723084091118363 array([1.24728943e-01, 4.22494588e+03])].
2019-08-01 09:14:30,780 - INFO - Beginning optimization with guess, [1.21161691e-01 2.49644298e+02].
2019-08-01 09:14:38,245 - INFO - Finished optomization, results are [-22.752149664431396 array([1.22595361e-01, 4.21025467e+03])].
2019-08-01 09:14:38,246 - INFO - Beginning optimization with guess, [1.22110339e-01 1.73851416e+02].
2019-08-01 09:14:46,137 - INFO - Finished optomization, results are [-22.729041864124746 array([1.22943710e-01, 4.35223215e+03])].
2019-08-01 09:14:46,138 - INFO - Beginning optimization with guess, [6.07869202e-02 9.42700688e+01].
2019-08-01 09:14:52,609 - INFO - Finished optomization, results are [-22.721969617942506 array([1.24416166e-01, 4.26542902e+03])].
2019-08-01 09:14:52,610 - INFO - Beginning optimization with guess, [1.25913021e-01 2.37194796e+02].
2019-08-01 09:15:05,947 - INFO - Finished optomization, results are [-22.74065972523902 array([1.22049831e-01, 4.38791165e+03])].
2019-08-01 09:15:05,948 - INFO - Beginning optimization with guess, [4.94920451e-02 2.75326303e+02].
2019-08-01 09:15:11,527 - INFO - Finished optomization, results are [-22.78639831005775 array([1.22906727e-01, 3.94356759e+03])].
2019-08-01 09:15:11,528 - INFO - Beginning optimization with guess, [5.88246326e-02 2.81965922e+02].
2019-08-01 09:15:17,872 - INFO - Finished optomization, results are [-22.760922094373928 array([1.23451449e-01, 4.01468233e+03])].
2019-08-01 09:15:17,873 - INFO - Beginning optimization with guess, [6.22533523e-02 2.49511110e+02].
2019-08-01 09:15:25,169 - INFO - Finished optomization, results are [-22.751358591160546 array([1.22885451e-01, 4.16997973e+03])].
2019-08-01 09:15:25,170 - INFO - Beginning optimization with guess, [5.39505183e-02 2.58593666e+02].
2019-08-01 09:15:34,840 - INFO - Finished optomization, results are [-22.745947783600407 array([1.21915895e-01, 4.36906027e+03])].
2019-08-01 09:15:34,841 - INFO - Beginning optimization with guess, [6.75258371e-02 1.98205465e+02].
2019-08-01 09:15:42,220 - INFO - Finished optomization, results are [-22.733627936245572 array([1.23021591e-01, 4.29652289e+03])].
2019-08-01 09:15:42,221 - INFO - Beginning optimization with guess, [5.03215311e-02 7.59495654e+01].
2019-08-01 09:15:48,533 - INFO - Finished optomization, results are [-22.751174748500723 array([1.25639564e-01, 3.80098951e+03])].
2019-08-01 09:15:48,533 - INFO - Beginning optimization with guess, [8.27429476e-02 1.50151847e+02].
2019-08-01 09:15:53,583 - INFO - Finished optomization, results are [-22.732575865859182 array([1.22797603e-01, 4.33942068e+03])].
2019-08-01 09:15:53,583 - INFO - Beginning optimization with guess, [8.90079206e-02 1.61712649e+02].
2019-08-01 09:16:08,088 - INFO - Finished optomization, results are [-22.724264351019947 array([1.23298624e-01, 4.35488158e+03])].
2019-08-01 09:16:08,089 - INFO - Beginning optimization with guess, [8.97037664e-02 1.85635959e+02].
2019-08-01 09:16:12,749 - INFO - Finished optomization, results are [-22.756017795550974 array([1.24968451e-01, 3.83983356e+03])].
2019-08-01 09:16:12,749 - INFO - Beginning optimization with guess, [4.75586075e-02 1.91620752e+02].
2019-08-01 09:16:19,179 - INFO - Finished optomization, results are [-22.735003123127356 array([1.22287589e-01, 4.39650881e+03])].
2019-08-01 09:16:19,180 - INFO - Beginning optimization with guess, [5.31468484e-02 1.13349086e+02].
2019-08-01 09:16:25,147 - INFO - Finished optomization, results are [-22.72876708190874 array([1.23303155e-01, 4.30499952e+03])].
2019-08-01 09:16:25,147 - INFO - Beginning optimization with guess, [4.74917843e-02 2.22095254e+02].
2019-08-01 09:16:31,199 - INFO - Finished optomization, results are [-22.746336356544788 array([1.23101751e-01, 4.17519071e+03])].
2019-08-01 09:16:31,200 - INFO - Beginning optimization with guess, [5.70950925e-02 9.17065583e+01].
2019-08-01 09:16:39,571 - INFO - Finished optomization, results are [-22.740616308272124 array([1.26238119e-01, 3.86018607e+03])].
2019-08-01 09:16:39,572 - INFO - Beginning optimization with guess, [6.69008275e-02 8.63606980e+01].
2019-08-01 09:16:55,362 - INFO - Finished optomization, results are [-22.718427317686402 array([1.23526401e-01, 4.40105416e+03])].
2019-08-01 09:16:55,363 - INFO - Beginning optimization with guess, [1.28666022e-01 2.27998968e+02].
2019-08-01 09:17:00,673 - INFO - Finished optomization, results are [-22.751016756281487 array([1.22891380e-01, 4.17159691e+03])].
2019-08-01 09:17:00,674 - INFO - Beginning optimization with guess, [5.32706226e-02 1.51455950e+02].
2019-08-01 09:17:05,046 - INFO - Finished optomization, results are [-22.755080874407483 array([1.25320086e-01, 3.80408120e+03])].
2019-08-01 09:17:05,047 - INFO - Beginning optimization with guess, [5.89111951e-02 1.36453868e+02].
2019-08-01 09:17:10,739 - INFO - Finished optomization, results are [-22.72500998723871 array([1.25028269e-01, 4.17427529e+03])].
2019-08-01 09:17:10,740 - INFO - Beginning optimization with guess, [  0.15873516 121.15008841].
2019-08-01 09:17:18,595 - INFO - Finished optomization, results are [-22.745856866851092 array([1.24334258e-01, 4.00521139e+03])].
2019-08-01 09:17:18,597 - INFO - Beginning optimization with guess, [6.04523823e-02 7.46379401e+01].
2019-08-01 09:17:25,761 - INFO - Finished optomization, results are [-22.734992826246447 array([1.24753132e-01, 4.06146947e+03])].
2019-08-01 09:17:25,762 - INFO - Beginning optimization with guess, [  0.13328183 118.4605923 ].
2019-08-01 09:17:32,058 - INFO - Finished optomization, results are [-22.721514296714883 array([1.23697081e-01, 4.34071788e+03])].
2019-08-01 09:17:32,059 - INFO - Beginning optimization with guess, [4.70393135e-02 1.10909335e+02].
2019-08-01 09:17:44,472 - INFO - Finished optomization, results are [-22.73045691284617 array([1.23101371e-01, 4.31566512e+03])].
2019-08-01 09:17:44,474 - INFO - Beginning optimization with guess, [6.49898479e-02 7.35820036e+01].
2019-08-01 09:17:52,111 - INFO - Finished optomization, results are [-22.72292060554725 array([1.23904849e-01, 4.29966401e+03])].
2019-08-01 09:17:52,112 - INFO - Beginning optimization with guess, [7.04008872e-02 8.37449875e+01].
2019-08-01 09:17:58,276 - INFO - Finished optomization, results are [-22.733360298525973 array([1.23638968e-01, 4.21307198e+03])].
2019-08-01 09:17:58,277 - INFO - Beginning optimization with guess, [1.33794547e-01 1.43249784e+02].
2019-08-01 09:18:03,280 - INFO - Finished optomization, results are [-22.777474975445273 array([1.22598292e-01, 4.04449883e+03])].
2019-08-01 09:18:03,280 - INFO - Beginning optimization with guess, [5.62823949e-02 1.03554804e+02].
2019-08-01 09:18:13,113 - INFO - Finished optomization, results are [-22.73120886398062 array([1.25530371e-01, 4.04307066e+03])].
2019-08-01 09:18:13,114 - INFO - Beginning optimization with guess, [5.54423652e-02 8.73572167e+01].
2019-08-01 09:18:20,707 - INFO - Finished optomization, results are [-22.73854076265792 array([1.25306272e-01, 3.96432869e+03])].
2019-08-01 09:18:20,707 - INFO - Beginning optimization with guess, [6.90257615e-02 2.59854729e+02].
2019-08-01 09:18:25,364 - INFO - Finished optomization, results are [-22.7500627278353 array([1.22618005e-01, 4.22201081e+03])].
2019-08-01 09:18:25,364 - INFO - Beginning optimization with guess, [1.53186438e-01 2.34521531e+02].
2019-08-01 09:18:31,475 - INFO - Finished optomization, results are [-22.763311478443295 array([1.23948777e-01, 3.92497664e+03])].
2019-08-01 09:18:31,475 - INFO - Beginning optimization with guess, [4.52092705e-02 2.00011049e+02].
2019-08-01 09:18:45,854 - INFO - Finished optomization, results are [-22.740960950571953 array([1.22110916e-01, 4.37532428e+03])].
2019-08-01 09:18:45,855 - INFO - Beginning optimization with guess, [5.55409013e-02 9.25708940e+01].
2019-08-01 09:18:53,489 - INFO - Finished optomization, results are [-22.722297553743932 array([1.24294426e-01, 4.27050067e+03])].
2019-08-01 09:18:53,490 - INFO - Beginning optimization with guess, [ 0.16211119 83.58103199].
2019-08-01 09:19:07,844 - INFO - Finished optomization, results are [-22.721971206564923 array([1.23452593e-01, 4.36303838e+03])].
2019-08-01 09:19:07,845 - INFO - Beginning optimization with guess, [8.33635962e-02 2.12245642e+02].
2019-08-01 09:19:13,666 - INFO - Finished optomization, results are [-22.73327935896386 array([1.22918038e-01, 4.31496843e+03])].
2019-08-01 09:19:13,666 - INFO - Beginning optimization with guess, [1.05882880e-01 2.85005321e+02].
2019-08-01 09:19:19,143 - INFO - Finished optomization, results are [-22.73308392525212 array([1.22535238e-01, 4.37461742e+03])].
2019-08-01 09:19:19,144 - INFO - Beginning optimization with guess, [ 0.11923142 82.82647314].
2019-08-01 09:19:30,658 - INFO - Finished optomization, results are [-22.729908334524353 array([1.22632968e-01, 4.38940755e+03])].
2019-08-01 09:19:30,658 - INFO - Beginning optimization with guess, [6.63016871e-02 1.41161618e+02].
2019-08-01 09:19:36,221 - INFO - Finished optomization, results are [-22.737736515905738 array([1.23358193e-01, 4.21018747e+03])].
2019-08-01 09:19:36,222 - INFO - Beginning optimization with guess, [9.62552510e-02 1.06314924e+02].
2019-08-01 09:19:51,444 - INFO - Finished optomization, results are [-22.72739113293175 array([1.22985426e-01, 4.36312994e+03])].
2019-08-01 09:19:51,445 - INFO - Beginning optimization with guess, [  0.14776941 111.96664895].
2019-08-01 09:19:57,527 - INFO - Finished optomization, results are [-22.744304235454766 array([1.25856212e-01, 3.84697613e+03])].
2019-08-01 09:19:57,528 - INFO - Beginning optimization with guess, [6.72567399e-02 1.82625042e+02].
2019-08-01 09:20:04,685 - INFO - Finished optomization, results are [-22.757623420367004 array([1.24938413e-01, 3.83116272e+03])].
2019-08-01 09:20:04,686 - INFO - Beginning optimization with guess, [ 0.14276    90.83196412].
2019-08-01 09:20:12,888 - INFO - Finished optomization, results are [-22.731523646058783 array([1.23138983e-01, 4.29981749e+03])].
2019-08-01 09:20:12,889 - INFO - Beginning optimization with guess, [7.60009863e-02 2.30313772e+02].
2019-08-01 09:20:21,946 - INFO - Finished optomization, results are [-22.720816007877417 array([1.23273542e-01, 4.39907623e+03])].
2019-08-01 09:20:21,947 - INFO - Beginning optimization with guess, [6.17541176e-02 1.97816170e+02].
2019-08-01 09:20:27,092 - INFO - Finished optomization, results are [-22.76458908977916 array([1.21703414e-01, 4.27587541e+03])].
2019-08-01 09:20:27,092 - INFO - Beginning optimization with guess, [5.83329988e-02 8.52833362e+01].
2019-08-01 09:20:34,085 - INFO - Finished optomization, results are [-22.726004689338247 array([1.24626448e-01, 4.18760101e+03])].
2019-08-01 09:20:34,088 - INFO - Beginning optimization with guess, [5.22334175e-02 1.53110447e+02].
2019-08-01 09:20:47,729 - INFO - Finished optomization, results are [-22.728298140276465 array([1.22683697e-01, 4.39754279e+03])].
2019-08-01 09:20:47,730 - INFO - Beginning optimization with guess, [6.24762215e-02 1.20576212e+02].
2019-08-01 09:21:01,755 - INFO - Finished optomization, results are [-22.727126632796377 array([1.23068286e-01, 4.35432217e+03])].
2019-08-01 09:21:01,756 - INFO - Beginning optimization with guess, [4.62815766e-02 1.10379841e+02].
2019-08-01 09:21:14,171 - INFO - Finished optomization, results are [-22.729721020476 array([1.22681754e-01, 4.38389741e+03])].
2019-08-01 09:21:14,172 - INFO - Beginning optimization with guess, [6.22052274e-02 2.33334597e+02].
2019-08-01 09:21:18,660 - INFO - Finished optomization, results are [-22.76547020117817 array([1.23473238e-01, 3.98080691e+03])].
2019-08-01 09:21:18,661 - INFO - Beginning optimization with guess, [  0.12660016 118.87861033].
2019-08-01 09:21:26,601 - INFO - Finished optomization, results are [-22.722138567395866 array([1.23829370e-01, 4.31808573e+03])].
2019-08-01 09:21:26,602 - INFO - Beginning optimization with guess, [ 0.10079022 91.09757881].
2019-08-01 09:21:31,823 - INFO - Finished optomization, results are [-22.752615493464482 array([1.25452540e-01, 3.80930385e+03])].
2019-08-01 09:21:31,823 - INFO - Beginning optimization with guess, [9.89766393e-02 1.46287753e+02].
2019-08-01 09:21:45,582 - INFO - Finished optomization, results are [-22.731727978826918 array([1.22832292e-01, 4.34225865e+03])].
2019-08-01 09:21:45,583 - INFO - Beginning optimization with guess, [1.49745774e-01 1.62191199e+02].
2019-08-01 09:21:51,927 - INFO - Finished optomization, results are [-22.7463322999522 array([1.26784116e-01, 3.74802865e+03])].
2019-08-01 09:21:51,927 - INFO - Beginning optimization with guess, [8.50589166e-02 2.47630494e+02].
2019-08-01 09:21:59,090 - INFO - Finished optomization, results are [-22.751347379735023 array([1.22280846e-01, 4.26753087e+03])].
2019-08-01 09:21:59,092 - INFO - Beginning optimization with guess, [6.94308732e-02 1.08739117e+02].
2019-08-01 09:22:13,804 - INFO - Finished optomization, results are [-22.728368790965845 array([1.22642705e-01, 4.40293730e+03])].
2019-08-01 09:22:13,806 - INFO - Beginning optimization with guess, [4.57695997e-02 2.51639436e+02].
2019-08-01 09:22:21,668 - INFO - Finished optomization, results are [-22.753569032439263 array([1.21939764e-01, 4.30909344e+03])].
2019-08-01 09:22:21,668 - INFO - Beginning optimization with guess, [6.00166523e-02 7.35781136e+01].
2019-08-01 09:22:29,006 - INFO - Finished optomization, results are [-22.740954809740842 array([1.25165530e-01, 3.95235726e+03])].
2019-08-01 09:22:29,008 - INFO - Beginning optimization with guess, [5.34144764e-02 1.63033240e+02].
2019-08-01 09:22:41,777 - INFO - Finished optomization, results are [-22.728842065262583 array([1.22884714e-01, 4.36272105e+03])].
2019-08-01 09:22:41,778 - INFO - Beginning optimization with guess, [8.41700216e-02 2.24241362e+02].
2019-08-01 09:22:47,342 - INFO - Finished optomization, results are [-22.76321724611245 array([1.24117291e-01, 3.90150682e+03])].
2019-08-01 09:22:47,342 - INFO - Beginning optimization with guess, [5.50553836e-02 1.08887647e+02].
2019-08-01 09:22:55,495 - INFO - Finished optomization, results are [-22.716513002240507 array([1.24031255e-01, 4.38443443e+03])].
2019-08-01 09:22:55,497 - INFO - Beginning optimization with guess, [6.39652237e-02 1.38694683e+02].
2019-08-01 09:23:00,503 - INFO - Finished optomization, results are [-22.747495929451105 array([1.23482490e-01, 4.10935232e+03])].
2019-08-01 09:23:00,503 - INFO - Beginning optimization with guess, [4.56448019e-02 1.38194391e+02].
2019-08-01 09:23:06,188 - INFO - Finished optomization, results are [-22.746495741606715 array([1.23813391e-01, 4.07019895e+03])].
2019-08-01 09:23:06,188 - INFO - Beginning optimization with guess, [1.52880810e-01 2.27405504e+02].
2019-08-01 09:23:11,626 - INFO - Finished optomization, results are [-22.76419488915689 array([1.24173598e-01, 3.88683414e+03])].
2019-08-01 09:23:11,627 - INFO - Beginning optimization with guess, [1.02278909e-01 1.17828049e+02].
2019-08-01 09:23:16,980 - INFO - Finished optomization, results are [-22.7504235880947 array([1.25420385e-01, 3.83232631e+03])].
2019-08-01 09:23:16,981 - INFO - Beginning optimization with guess, [  0.172445   108.95849205].
2019-08-01 09:23:22,721 - INFO - Finished optomization, results are [-22.719145086819065 array([1.24268564e-01, 4.32244046e+03])].
2019-08-01 09:23:22,721 - INFO - Beginning optimization with guess, [7.20522021e-02 1.84520311e+02].
2019-08-01 09:23:35,406 - INFO - Finished optomization, results are [-22.734684128354374 array([1.22253547e-01, 4.40476545e+03])].
2019-08-01 09:23:35,407 - INFO - Beginning optimization with guess, [6.54884453e-02 7.89527288e+01].
2019-08-01 09:23:43,130 - INFO - Finished optomization, results are [-22.73158051672987 array([1.24830415e-01, 4.09415193e+03])].
2019-08-01 09:23:43,131 - INFO - Beginning optimization with guess, [4.79648309e-02 2.64212863e+02].
2019-08-01 09:23:48,059 - INFO - Finished optomization, results are [-22.772192040408193 array([1.22995036e-01, 4.01221137e+03])].
2019-08-01 09:23:48,060 - INFO - Beginning optimization with guess, [7.61124387e-02 1.81038794e+02].
2019-08-01 09:23:55,090 - INFO - Finished optomization, results are [-22.762625044435612 array([1.23184568e-01, 4.04388690e+03])].
2019-08-01 09:23:55,091 - INFO - Beginning optimization with guess, [9.77061082e-02 9.89025275e+01].
2019-08-01 09:24:07,901 - INFO - Finished optomization, results are [-22.737766407180363 array([1.22220022e-01, 4.38372397e+03])].
2019-08-01 09:24:07,902 - INFO - Beginning optimization with guess, [7.07094805e-02 1.43370656e+02].
2019-08-01 09:24:13,427 - INFO - Finished optomization, results are [-22.726330637781665 array([1.22913035e-01, 4.38438427e+03])].
2019-08-01 09:24:13,427 - INFO - Beginning optimization with guess, [  0.13614311 113.89195505].
2019-08-01 09:24:22,707 - INFO - Finished optomization, results are [-22.735801976468075 array([1.25251663e-01, 4.00189794e+03])].
2019-08-01 09:24:22,708 - INFO - Beginning optimization with guess, [1.05555585e-01 2.03010650e+02].
2019-08-01 09:24:35,907 - INFO - Finished optomization, results are [-22.72822180650532 array([1.22662936e-01, 4.40137874e+03])].
2019-08-01 09:24:35,909 - INFO - Beginning optimization with guess, [7.35009676e-02 1.62221714e+02].
2019-08-01 09:24:45,610 - INFO - Finished optomization, results are [-22.7362511671596 array([1.22736365e-01, 4.31526685e+03])].
2019-08-01 09:24:45,610 - INFO - Finished DFE inference.
2019-08-01 09:24:45,610 - INFO - Integrating expected site-frequency spectrum.
2019-08-01 09:24:45,652 - INFO - Outputing results.
2019-08-01 09:24:45,658 - INFO - Pipeline executed succesfully.
