2019-08-01 09:08:48,643 - INFO - Beginning execution of fitdadi_infer_DFE.py in directory /u/home/j/jonmah/lohmueller_lab/Scripts

2019-08-01 09:08:48,643 - INFO - Progress is being logged to ../Data/AW_array_2000/seed_12_fitdadi_output/log.log

2019-08-01 09:08:48,643 - INFO - Parsed the following arguments:
	breed = AW
	outprefix = ../Data/AW_array_2000/seed_12_fitdadi_output/
	nonsyn_input_sfs = ../Data/AW_array_2000/seed_12_easySFS_output_nonsyn/dadi/pop1.sfs
	syn_input_sfs = ../Data/AW_array_2000/seed_12_easySFS_output_syn/dadi/pop1.sfs

2019-08-01 09:08:48,647 - INFO - Beginning optimization with guess, [0.5367246  0.15028064].
2019-08-01 09:08:49,194 - INFO - Finished optimization with guess, [0.5367246  0.15028064].
2019-08-01 09:08:49,194 - INFO - Best fit parameters: [1.00000000e-04 7.26493407e-06].
2019-08-01 09:08:49,201 - INFO - Maximum log composite likelihood: -21.6751853321.
2019-08-01 09:08:49,202 - INFO - Optimal value of theta: 60.5551805999.
2019-08-01 09:08:49,202 - INFO - Beginning optimization with guess, [0.68440412 0.11096312].
2019-08-01 09:08:50,114 - INFO - Finished optimization with guess, [0.68440412 0.11096312].
2019-08-01 09:08:50,115 - INFO - Best fit parameters: [2.45542859e-04 1.78480620e-05].
2019-08-01 09:08:50,121 - INFO - Maximum log composite likelihood: -21.6752442509.
2019-08-01 09:08:50,121 - INFO - Optimal value of theta: 60.5580406554.
2019-08-01 09:08:50,121 - INFO - Beginning optimization with guess, [0.29409563 0.05507485].
2019-08-01 09:08:50,532 - INFO - Finished optimization with guess, [0.29409563 0.05507485].
2019-08-01 09:08:50,532 - INFO - Best fit parameters: [1.00000000e-04 7.26492746e-06].
2019-08-01 09:08:50,540 - INFO - Maximum log composite likelihood: -21.6751853336.
2019-08-01 09:08:50,540 - INFO - Optimal value of theta: 60.5551733139.
2019-08-01 09:08:50,540 - INFO - Beginning optimization with guess, [0.55707523 0.15197205].
2019-08-01 09:08:51,245 - INFO - Finished optimization with guess, [0.55707523 0.15197205].
2019-08-01 09:08:51,245 - INFO - Best fit parameters: [1.00000000e-04 7.26493417e-06].
2019-08-01 09:08:51,253 - INFO - Maximum log composite likelihood: -21.6751853321.
2019-08-01 09:08:51,253 - INFO - Optimal value of theta: 60.5551807021.
2019-08-01 09:08:51,253 - INFO - Beginning optimization with guess, [0.68085016 0.05060498].
2019-08-01 09:08:52,052 - INFO - Finished optimization with guess, [0.68085016 0.05060498].
2019-08-01 09:08:52,053 - INFO - Best fit parameters: [3.16292924e-04 2.29894611e-05].
2019-08-01 09:08:52,060 - INFO - Maximum log composite likelihood: -21.6752732129.
2019-08-01 09:08:52,060 - INFO - Optimal value of theta: 60.5568995143.
2019-08-01 09:08:52,061 - INFO - Beginning optimization with guess, [0.48107209 0.12500365].
2019-08-01 09:08:52,572 - INFO - Finished optimization with guess, [0.48107209 0.12500365].
2019-08-01 09:08:52,573 - INFO - Best fit parameters: [1.00000000e-04 7.26493323e-06].
2019-08-01 09:08:52,580 - INFO - Maximum log composite likelihood: -21.6751853323.
2019-08-01 09:08:52,580 - INFO - Optimal value of theta: 60.5551796725.
2019-08-01 09:08:52,580 - INFO - Beginning optimization with guess, [0.33227917 0.05881069].
2019-08-01 09:08:53,273 - INFO - Finished optimization with guess, [0.33227917 0.05881069].
2019-08-01 09:08:53,273 - INFO - Best fit parameters: [1.00000000e-04 7.26692924e-06].
2019-08-01 09:08:53,280 - INFO - Maximum log composite likelihood: -21.6751849919.
2019-08-01 09:08:53,281 - INFO - Optimal value of theta: 60.5573798642.
2019-08-01 09:08:53,281 - INFO - Beginning optimization with guess, [0.32322026 0.16073043].
2019-08-01 09:08:54,217 - INFO - Finished optimization with guess, [0.32322026 0.16073043].
2019-08-01 09:08:54,217 - INFO - Best fit parameters: [9.15509610e-04 6.66270926e-05].
2019-08-01 09:08:54,225 - INFO - Maximum log composite likelihood: -21.6755174466.
2019-08-01 09:08:54,225 - INFO - Optimal value of theta: 60.5611659292.
2019-08-01 09:08:54,225 - INFO - Beginning optimization with guess, [0.91936981 0.10033009].
2019-08-01 09:08:54,770 - INFO - Finished optimization with guess, [0.91936981 0.10033009].
2019-08-01 09:08:54,770 - INFO - Best fit parameters: [1.00000000e-04 7.26494477e-06].
2019-08-01 09:08:54,778 - INFO - Maximum log composite likelihood: -21.6751853296.
2019-08-01 09:08:54,778 - INFO - Optimal value of theta: 60.5551923935.
2019-08-01 09:08:54,778 - INFO - Beginning optimization with guess, [0.81450262 0.15952197].
2019-08-01 09:08:55,291 - INFO - Finished optimization with guess, [0.81450262 0.15952197].
2019-08-01 09:08:55,291 - INFO - Best fit parameters: [1.00000000e-04 7.26493276e-06].
2019-08-01 09:08:55,298 - INFO - Maximum log composite likelihood: -21.6751853324.
2019-08-01 09:08:55,299 - INFO - Optimal value of theta: 60.5551791466.
2019-08-01 09:08:55,299 - INFO - Beginning optimization with guess, [0.61247408 0.08065796].
2019-08-01 09:08:55,870 - INFO - Finished optimization with guess, [0.61247408 0.08065796].
2019-08-01 09:08:55,871 - INFO - Best fit parameters: [1.00000000e-04 7.26493327e-06].
2019-08-01 09:08:55,878 - INFO - Maximum log composite likelihood: -21.6751853323.
2019-08-01 09:08:55,878 - INFO - Optimal value of theta: 60.5551797191.
2019-08-01 09:08:55,878 - INFO - Beginning optimization with guess, [0.69799372 0.12324223].
2019-08-01 09:08:56,708 - INFO - Finished optimization with guess, [0.69799372 0.12324223].
2019-08-01 09:08:56,709 - INFO - Best fit parameters: [1.00000000e-04 7.26504773e-06].
2019-08-01 09:08:56,716 - INFO - Maximum log composite likelihood: -21.6751853058.
2019-08-01 09:08:56,716 - INFO - Optimal value of theta: 60.5553058887.
2019-08-01 09:08:56,716 - INFO - Beginning optimization with guess, [0.60966465 0.11208538].
2019-08-01 09:08:57,269 - INFO - Finished optimization with guess, [0.60966465 0.11208538].
2019-08-01 09:08:57,270 - INFO - Best fit parameters: [1.00000000e-04 7.26840963e-06].
2019-08-01 09:08:57,277 - INFO - Maximum log composite likelihood: -21.675184906.
2019-08-01 09:08:57,277 - INFO - Optimal value of theta: 60.559011522.
2019-08-01 09:08:57,277 - INFO - Beginning optimization with guess, [0.26696106 0.09563359].
2019-08-01 09:08:57,824 - INFO - Finished optimization with guess, [0.26696106 0.09563359].
2019-08-01 09:08:57,824 - INFO - Best fit parameters: [1.00000000e-04 7.26826633e-06].
2019-08-01 09:08:57,831 - INFO - Maximum log composite likelihood: -21.6751849081.
2019-08-01 09:08:57,832 - INFO - Optimal value of theta: 60.5588535873.
2019-08-01 09:08:57,832 - INFO - Beginning optimization with guess, [0.45359259 0.15208699].
2019-08-01 09:08:58,483 - INFO - Finished optimization with guess, [0.45359259 0.15208699].
2019-08-01 09:08:58,484 - INFO - Best fit parameters: [1.0000000e-04 7.2651072e-06].
2019-08-01 09:08:58,491 - INFO - Maximum log composite likelihood: -21.6751852923.
2019-08-01 09:08:58,491 - INFO - Optimal value of theta: 60.5553714466.
2019-08-01 09:08:58,492 - INFO - Beginning optimization with guess, [0.88470818 0.05031333].
2019-08-01 09:08:59,181 - INFO - Finished optimization with guess, [0.88470818 0.05031333].
2019-08-01 09:08:59,181 - INFO - Best fit parameters: [2.89249728e-04 2.10248678e-05].
2019-08-01 09:08:59,188 - INFO - Maximum log composite likelihood: -21.6752621095.
2019-08-01 09:08:59,189 - INFO - Optimal value of theta: 60.557550647.
2019-08-01 09:08:59,189 - INFO - Beginning optimization with guess, [0.73254345 0.06736806].
2019-08-01 09:08:59,905 - INFO - Finished optimization with guess, [0.73254345 0.06736806].
2019-08-01 09:08:59,905 - INFO - Best fit parameters: [1.00000000e-04 7.26856876e-06].
2019-08-01 09:08:59,913 - INFO - Maximum log composite likelihood: -21.6751849052.
2019-08-01 09:08:59,913 - INFO - Optimal value of theta: 60.5591869049.
2019-08-01 09:08:59,913 - INFO - Beginning optimization with guess, [0.94003792 0.07076019].
2019-08-01 09:09:00,458 - INFO - Finished optimization with guess, [0.94003792 0.07076019].
2019-08-01 09:09:00,458 - INFO - Best fit parameters: [1.00000000e-04 7.26456916e-06].
2019-08-01 09:09:00,465 - INFO - Maximum log composite likelihood: -21.6751854222.
2019-08-01 09:09:00,465 - INFO - Optimal value of theta: 60.5547783247.
2019-08-01 09:09:00,466 - INFO - Beginning optimization with guess, [0.39928561 0.19986946].
2019-08-01 09:09:01,064 - INFO - Finished optimization with guess, [0.39928561 0.19986946].
2019-08-01 09:09:01,065 - INFO - Best fit parameters: [1.00000000e-04 7.26493269e-06].
2019-08-01 09:09:01,072 - INFO - Maximum log composite likelihood: -21.6751853324.
2019-08-01 09:09:01,072 - INFO - Optimal value of theta: 60.5551790764.
2019-08-01 09:09:01,072 - INFO - Beginning optimization with guess, [0.41675395 0.05160352].
2019-08-01 09:09:01,617 - INFO - Finished optimization with guess, [0.41675395 0.05160352].
2019-08-01 09:09:01,618 - INFO - Best fit parameters: [1.00000000e-04 7.26828244e-06].
2019-08-01 09:09:01,625 - INFO - Maximum log composite likelihood: -21.6751849078.
2019-08-01 09:09:01,625 - INFO - Optimal value of theta: 60.5588713427.
2019-08-01 09:09:01,625 - INFO - Beginning optimization with guess, [0.45304097 0.16719438].
2019-08-01 09:09:02,325 - INFO - Finished optimization with guess, [0.45304097 0.16719438].
2019-08-01 09:09:02,326 - INFO - Best fit parameters: [1.00000000e-04 7.26853653e-06].
2019-08-01 09:09:02,333 - INFO - Maximum log composite likelihood: -21.6751849052.
2019-08-01 09:09:02,333 - INFO - Optimal value of theta: 60.5591513783.
2019-08-01 09:09:02,333 - INFO - Beginning optimization with guess, [0.30897285 0.06024855].
2019-08-01 09:09:02,810 - INFO - Finished optimization with guess, [0.30897285 0.06024855].
2019-08-01 09:09:02,811 - INFO - Best fit parameters: [1.000000e-04 7.264914e-06].
2019-08-01 09:09:02,818 - INFO - Maximum log composite likelihood: -21.6751853368.
2019-08-01 09:09:02,818 - INFO - Optimal value of theta: 60.5551584668.
2019-08-01 09:09:02,818 - INFO - Beginning optimization with guess, [0.35650096 0.08173624].
2019-08-01 09:09:03,257 - INFO - Finished optimization with guess, [0.35650096 0.08173624].
2019-08-01 09:09:03,257 - INFO - Best fit parameters: [1.00000000e-04 7.26492878e-06].
2019-08-01 09:09:03,264 - INFO - Maximum log composite likelihood: -21.6751853333.
2019-08-01 09:09:03,265 - INFO - Optimal value of theta: 60.5551747655.
2019-08-01 09:09:03,265 - INFO - Beginning optimization with guess, [0.47049806 0.15046296].
2019-08-01 09:09:03,946 - INFO - Finished optimization with guess, [0.47049806 0.15046296].
2019-08-01 09:09:03,946 - INFO - Best fit parameters: [1.00000000e-04 7.26598427e-06].
2019-08-01 09:09:03,953 - INFO - Maximum log composite likelihood: -21.6751851209.
2019-08-01 09:09:03,953 - INFO - Optimal value of theta: 60.5563382634.
2019-08-01 09:09:03,954 - INFO - Beginning optimization with guess, [0.7026721  0.10604011].
2019-08-01 09:09:04,806 - INFO - Finished optimization with guess, [0.7026721  0.10604011].
2019-08-01 09:09:04,806 - INFO - Best fit parameters: [1.00000000e-04 7.26501172e-06].
2019-08-01 09:09:04,814 - INFO - Maximum log composite likelihood: -21.675185314.
2019-08-01 09:09:04,814 - INFO - Optimal value of theta: 60.5552661981.
2019-08-01 09:09:04,814 - INFO - Beginning optimization with guess, [0.88084555 0.14157357].
2019-08-01 09:09:06,223 - INFO - Finished optimization with guess, [0.88084555 0.14157357].
2019-08-01 09:09:06,223 - INFO - Best fit parameters: [1.00000000e-04 7.26667577e-06].
2019-08-01 09:09:06,231 - INFO - Maximum log composite likelihood: -21.6751850208.
2019-08-01 09:09:06,231 - INFO - Optimal value of theta: 60.5571004774.
2019-08-01 09:09:06,231 - INFO - Beginning optimization with guess, [0.45634794 0.16597573].
2019-08-01 09:09:06,713 - INFO - Finished optimization with guess, [0.45634794 0.16597573].
2019-08-01 09:09:06,714 - INFO - Best fit parameters: [1.00000000e-04 7.26463618e-06].
2019-08-01 09:09:06,721 - INFO - Maximum log composite likelihood: -21.675185405.
2019-08-01 09:09:06,721 - INFO - Optimal value of theta: 60.5548522053.
2019-08-01 09:09:06,721 - INFO - Beginning optimization with guess, [0.60346147 0.07468961].
2019-08-01 09:09:07,459 - INFO - Finished optimization with guess, [0.60346147 0.07468961].
2019-08-01 09:09:07,459 - INFO - Best fit parameters: [1.16536177e-03 8.48327179e-05].
2019-08-01 09:09:07,466 - INFO - Maximum log composite likelihood: -21.6756194328.
2019-08-01 09:09:07,466 - INFO - Optimal value of theta: 60.5608388906.
2019-08-01 09:09:07,467 - INFO - Beginning optimization with guess, [0.44745071 0.1094414 ].
2019-08-01 09:09:07,975 - INFO - Finished optimization with guess, [0.44745071 0.1094414 ].
2019-08-01 09:09:07,975 - INFO - Best fit parameters: [1.00000000e-04 7.26491788e-06].
2019-08-01 09:09:07,982 - INFO - Maximum log composite likelihood: -21.6751853359.
2019-08-01 09:09:07,983 - INFO - Optimal value of theta: 60.5551627509.
2019-08-01 09:09:07,983 - INFO - Beginning optimization with guess, [0.77455788 0.05980178].
2019-08-01 09:09:08,762 - INFO - Finished optimization with guess, [0.77455788 0.05980178].
2019-08-01 09:09:08,762 - INFO - Best fit parameters: [2.94100924e-04 2.13768643e-05].
2019-08-01 09:09:08,770 - INFO - Maximum log composite likelihood: -21.6752641178.
2019-08-01 09:09:08,770 - INFO - Optimal value of theta: 60.5572690861.
2019-08-01 09:09:08,770 - INFO - Beginning optimization with guess, [0.42306907 0.10066674].
2019-08-01 09:09:09,182 - INFO - Finished optimization with guess, [0.42306907 0.10066674].
2019-08-01 09:09:09,182 - INFO - Best fit parameters: [1.00000000e-04 7.26493407e-06].
2019-08-01 09:09:09,189 - INFO - Maximum log composite likelihood: -21.6751853321.
2019-08-01 09:09:09,190 - INFO - Optimal value of theta: 60.5551805965.
2019-08-01 09:09:09,190 - INFO - Beginning optimization with guess, [0.31473675 0.14259749].
2019-08-01 09:09:09,957 - INFO - Finished optimization with guess, [0.31473675 0.14259749].
2019-08-01 09:09:09,957 - INFO - Best fit parameters: [1.00000000e-04 7.26504913e-06].
2019-08-01 09:09:09,965 - INFO - Maximum log composite likelihood: -21.6751853055.
2019-08-01 09:09:09,965 - INFO - Optimal value of theta: 60.5553074284.
2019-08-01 09:09:09,965 - INFO - Beginning optimization with guess, [0.71176639 0.13476625].
2019-08-01 09:09:10,798 - INFO - Finished optimization with guess, [0.71176639 0.13476625].
2019-08-01 09:09:10,799 - INFO - Best fit parameters: [1.00000000e-04 7.26505389e-06].
2019-08-01 09:09:10,806 - INFO - Maximum log composite likelihood: -21.6751853044.
2019-08-01 09:09:10,806 - INFO - Optimal value of theta: 60.5553126771.
2019-08-01 09:09:10,806 - INFO - Beginning optimization with guess, [0.53011728 0.09584409].
2019-08-01 09:09:11,482 - INFO - Finished optimization with guess, [0.53011728 0.09584409].
2019-08-01 09:09:11,482 - INFO - Best fit parameters: [1.0000000e-04 7.2649413e-06].
2019-08-01 09:09:11,489 - INFO - Maximum log composite likelihood: -21.6751853304.
2019-08-01 09:09:11,490 - INFO - Optimal value of theta: 60.5551885688.
2019-08-01 09:09:11,490 - INFO - Beginning optimization with guess, [0.27134176 0.16740331].
2019-08-01 09:09:12,047 - INFO - Finished optimization with guess, [0.27134176 0.16740331].
2019-08-01 09:09:12,047 - INFO - Best fit parameters: [1.00000000e-04 7.26493329e-06].
2019-08-01 09:09:12,054 - INFO - Maximum log composite likelihood: -21.6751853323.
2019-08-01 09:09:12,054 - INFO - Optimal value of theta: 60.5551797315.
2019-08-01 09:09:12,055 - INFO - Beginning optimization with guess, [0.27112852 0.17360035].
2019-08-01 09:09:12,631 - INFO - Finished optimization with guess, [0.27112852 0.17360035].
2019-08-01 09:09:12,631 - INFO - Best fit parameters: [1.00000000e-04 7.26841071e-06].
2019-08-01 09:09:12,639 - INFO - Maximum log composite likelihood: -21.675184906.
2019-08-01 09:09:12,639 - INFO - Optimal value of theta: 60.5590127167.
2019-08-01 09:09:12,639 - INFO - Beginning optimization with guess, [0.60530526 0.08508573].
2019-08-01 09:09:13,336 - INFO - Finished optimization with guess, [0.60530526 0.08508573].
2019-08-01 09:09:13,336 - INFO - Best fit parameters: [1.00000000e-04 7.26832009e-06].
2019-08-01 09:09:13,343 - INFO - Maximum log composite likelihood: -21.6751849071.
2019-08-01 09:09:13,343 - INFO - Optimal value of theta: 60.5589128385.
2019-08-01 09:09:13,344 - INFO - Beginning optimization with guess, [0.83253347 0.06114544].
2019-08-01 09:09:14,122 - INFO - Finished optimization with guess, [0.83253347 0.06114544].
2019-08-01 09:09:14,122 - INFO - Best fit parameters: [1.00000000e-04 7.26498943e-06].
2019-08-01 09:09:14,129 - INFO - Maximum log composite likelihood: -21.6751853192.
2019-08-01 09:09:14,130 - INFO - Optimal value of theta: 60.5552416264.
2019-08-01 09:09:14,130 - INFO - Beginning optimization with guess, [0.61828958 0.11496494].
2019-08-01 09:09:14,833 - INFO - Finished optimization with guess, [0.61828958 0.11496494].
2019-08-01 09:09:14,834 - INFO - Best fit parameters: [1.00000000e-04 7.26581167e-06].
2019-08-01 09:09:14,841 - INFO - Maximum log composite likelihood: -21.6751851507.
2019-08-01 09:09:14,841 - INFO - Optimal value of theta: 60.5561480001.
2019-08-01 09:09:14,841 - INFO - Beginning optimization with guess, [0.38396197 0.06731197].
2019-08-01 09:09:15,450 - INFO - Finished optimization with guess, [0.38396197 0.06731197].
2019-08-01 09:09:15,450 - INFO - Best fit parameters: [1.00000000e-04 7.26493396e-06].
2019-08-01 09:09:15,457 - INFO - Maximum log composite likelihood: -21.6751853321.
2019-08-01 09:09:15,458 - INFO - Optimal value of theta: 60.5551804782.
2019-08-01 09:09:15,458 - INFO - Beginning optimization with guess, [0.37030705 0.06255977].
2019-08-01 09:09:16,238 - INFO - Finished optimization with guess, [0.37030705 0.06255977].
2019-08-01 09:09:16,238 - INFO - Best fit parameters: [1.00000000e-04 7.26547368e-06].
2019-08-01 09:09:16,246 - INFO - Maximum log composite likelihood: -21.6751852146.
2019-08-01 09:09:16,246 - INFO - Optimal value of theta: 60.5557754339.
2019-08-01 09:09:16,246 - INFO - Beginning optimization with guess, [0.83267801 0.05540614].
2019-08-01 09:09:16,766 - INFO - Finished optimization with guess, [0.83267801 0.05540614].
2019-08-01 09:09:16,767 - INFO - Best fit parameters: [1.00000000e-04 7.26493405e-06].
2019-08-01 09:09:16,774 - INFO - Maximum log composite likelihood: -21.6751853321.
2019-08-01 09:09:16,774 - INFO - Optimal value of theta: 60.5551805758.
2019-08-01 09:09:16,774 - INFO - Beginning optimization with guess, [0.29312954 0.14153391].
2019-08-01 09:09:17,776 - INFO - Finished optimization with guess, [0.29312954 0.14153391].
2019-08-01 09:09:17,776 - INFO - Best fit parameters: [1.00000000e-04 7.26496102e-06].
2019-08-01 09:09:17,783 - INFO - Maximum log composite likelihood: -21.6751853258.
2019-08-01 09:09:17,783 - INFO - Optimal value of theta: 60.5552103017.
2019-08-01 09:09:17,784 - INFO - Beginning optimization with guess, [0.30802057 0.0583593 ].
2019-08-01 09:09:18,240 - INFO - Finished optimization with guess, [0.30802057 0.0583593 ].
2019-08-01 09:09:18,240 - INFO - Best fit parameters: [1.00000000e-04 7.26493344e-06].
2019-08-01 09:09:18,248 - INFO - Maximum log composite likelihood: -21.6751853322.
2019-08-01 09:09:18,248 - INFO - Optimal value of theta: 60.555179899.
2019-08-01 09:09:18,248 - INFO - Beginning optimization with guess, [0.99639028 0.07800945].
2019-08-01 09:09:19,135 - INFO - Finished optimization with guess, [0.99639028 0.07800945].
2019-08-01 09:09:19,135 - INFO - Best fit parameters: [0.00215989 0.0001575 ].
2019-08-01 09:09:19,142 - INFO - Maximum log composite likelihood: -21.6760262478.
2019-08-01 09:09:19,142 - INFO - Optimal value of theta: 60.5647889889.
2019-08-01 09:09:19,143 - INFO - Beginning optimization with guess, [0.81716218 0.08473769].
2019-08-01 09:09:20,097 - INFO - Finished optimization with guess, [0.81716218 0.08473769].
2019-08-01 09:09:20,098 - INFO - Best fit parameters: [2.59001998e-04 1.89129363e-05].
2019-08-01 09:09:20,105 - INFO - Maximum log composite likelihood: -21.675282644.
2019-08-01 09:09:20,105 - INFO - Optimal value of theta: 60.5946953377.
2019-08-01 09:09:20,105 - INFO - Beginning optimization with guess, [0.33876055 0.19163958].
2019-08-01 09:09:20,683 - INFO - Finished optimization with guess, [0.33876055 0.19163958].
2019-08-01 09:09:20,683 - INFO - Best fit parameters: [1.00000000e-04 7.26492641e-06].
2019-08-01 09:09:20,690 - INFO - Maximum log composite likelihood: -21.6751853339.
2019-08-01 09:09:20,691 - INFO - Optimal value of theta: 60.5551721496.
2019-08-01 09:09:20,691 - INFO - Beginning optimization with guess, [0.46804322 0.12730335].
2019-08-01 09:09:21,351 - INFO - Finished optimization with guess, [0.46804322 0.12730335].
2019-08-01 09:09:21,351 - INFO - Best fit parameters: [1.00000000e-04 7.26505502e-06].
2019-08-01 09:09:21,358 - INFO - Maximum log composite likelihood: -21.6751853041.
2019-08-01 09:09:21,359 - INFO - Optimal value of theta: 60.5553139213.
2019-08-01 09:09:21,359 - INFO - Beginning optimization with guess, [0.25495347 0.09301513].
2019-08-01 09:09:21,905 - INFO - Finished optimization with guess, [0.25495347 0.09301513].
2019-08-01 09:09:21,905 - INFO - Best fit parameters: [1.00000000e-04 7.26493309e-06].
2019-08-01 09:09:21,912 - INFO - Maximum log composite likelihood: -21.6751853323.
2019-08-01 09:09:21,912 - INFO - Optimal value of theta: 60.5551795205.
2019-08-01 09:09:21,913 - INFO - Beginning optimization with guess, [0.41393671 0.09720156].
2019-08-01 09:09:22,307 - INFO - Finished optimization with guess, [0.41393671 0.09720156].
2019-08-01 09:09:22,308 - INFO - Best fit parameters: [1.00000000e-04 7.26834179e-06].
2019-08-01 09:09:22,315 - INFO - Maximum log composite likelihood: -21.6751849068.
2019-08-01 09:09:22,315 - INFO - Optimal value of theta: 60.5589367549.
2019-08-01 09:09:22,315 - INFO - Beginning optimization with guess, [0.2810169  0.08116245].
2019-08-01 09:09:22,840 - INFO - Finished optimization with guess, [0.2810169  0.08116245].
2019-08-01 09:09:22,841 - INFO - Best fit parameters: [1.00000000e-04 7.26832756e-06].
2019-08-01 09:09:22,848 - INFO - Maximum log composite likelihood: -21.675184907.
2019-08-01 09:09:22,848 - INFO - Optimal value of theta: 60.5589210697.
2019-08-01 09:09:22,848 - INFO - Beginning optimization with guess, [0.85979684 0.08863404].
2019-08-01 09:09:23,654 - INFO - Finished optimization with guess, [0.85979684 0.08863404].
2019-08-01 09:09:23,654 - INFO - Best fit parameters: [1.00000000e-04 7.26509648e-06].
2019-08-01 09:09:23,662 - INFO - Maximum log composite likelihood: -21.6751852947.
2019-08-01 09:09:23,662 - INFO - Optimal value of theta: 60.5553596267.
2019-08-01 09:09:23,662 - INFO - Beginning optimization with guess, [0.53599903 0.17457853].
2019-08-01 09:09:24,573 - INFO - Finished optimization with guess, [0.53599903 0.17457853].
2019-08-01 09:09:24,573 - INFO - Best fit parameters: [1.83597640e-04 1.33411618e-05].
2019-08-01 09:09:24,580 - INFO - Maximum log composite likelihood: -21.6752192323.
2019-08-01 09:09:24,581 - INFO - Optimal value of theta: 60.5561148353.
2019-08-01 09:09:24,581 - INFO - Beginning optimization with guess, [0.8428561  0.12396745].
2019-08-01 09:09:25,272 - INFO - Finished optimization with guess, [0.8428561  0.12396745].
2019-08-01 09:09:25,272 - INFO - Best fit parameters: [1.37123547e-03 9.90856976e-05].
2019-08-01 09:09:25,279 - INFO - Maximum log composite likelihood: -21.6758031401.
2019-08-01 09:09:25,279 - INFO - Optimal value of theta: 60.4999051114.
2019-08-01 09:09:25,280 - INFO - Beginning optimization with guess, [0.31769387 0.07852377].
2019-08-01 09:09:25,812 - INFO - Finished optimization with guess, [0.31769387 0.07852377].
2019-08-01 09:09:25,812 - INFO - Best fit parameters: [1.00000000e-04 7.26493339e-06].
2019-08-01 09:09:25,820 - INFO - Maximum log composite likelihood: -21.6751853322.
2019-08-01 09:09:25,820 - INFO - Optimal value of theta: 60.5551798489.
2019-08-01 09:09:25,820 - INFO - Beginning optimization with guess, [0.48611277 0.05280439].
2019-08-01 09:09:26,438 - INFO - Finished optimization with guess, [0.48611277 0.05280439].
2019-08-01 09:09:26,438 - INFO - Best fit parameters: [1.00000000e-04 7.26853889e-06].
2019-08-01 09:09:26,446 - INFO - Maximum log composite likelihood: -21.6751849052.
2019-08-01 09:09:26,446 - INFO - Optimal value of theta: 60.559153986.
2019-08-01 09:09:26,446 - INFO - Beginning optimization with guess, [0.53171789 0.11767493].
2019-08-01 09:09:27,249 - INFO - Finished optimization with guess, [0.53171789 0.11767493].
2019-08-01 09:09:27,249 - INFO - Best fit parameters: [1.00000000e-04 7.26747821e-06].
2019-08-01 09:09:27,257 - INFO - Maximum log composite likelihood: -21.6751849435.
2019-08-01 09:09:27,257 - INFO - Optimal value of theta: 60.5579849408.
2019-08-01 09:09:27,257 - INFO - Beginning optimization with guess, [0.26216725 0.15786662].
2019-08-01 09:09:28,133 - INFO - Finished optimization with guess, [0.26216725 0.15786662].
2019-08-01 09:09:28,134 - INFO - Best fit parameters: [0.00142494 0.00010343].
2019-08-01 09:09:28,141 - INFO - Maximum log composite likelihood: -21.6757426033.
2019-08-01 09:09:28,141 - INFO - Optimal value of theta: 60.5356339882.
2019-08-01 09:09:28,142 - INFO - Beginning optimization with guess, [0.74450021 0.12143478].
2019-08-01 09:09:28,966 - INFO - Finished optimization with guess, [0.74450021 0.12143478].
2019-08-01 09:09:28,967 - INFO - Best fit parameters: [1.0000000e-04 7.2673779e-06].
2019-08-01 09:09:28,974 - INFO - Maximum log composite likelihood: -21.6751849509.
2019-08-01 09:09:28,974 - INFO - Optimal value of theta: 60.5578743864.
2019-08-01 09:09:28,974 - INFO - Beginning optimization with guess, [0.50844741 0.11070233].
2019-08-01 09:09:29,796 - INFO - Finished optimization with guess, [0.50844741 0.11070233].
2019-08-01 09:09:29,796 - INFO - Best fit parameters: [1.00000000e-04 7.26856788e-06].
2019-08-01 09:09:29,804 - INFO - Maximum log composite likelihood: -21.6751849052.
2019-08-01 09:09:29,804 - INFO - Optimal value of theta: 60.5591859369.
2019-08-01 09:09:29,804 - INFO - Beginning optimization with guess, [0.87978165 0.15275008].
2019-08-01 09:09:30,407 - INFO - Finished optimization with guess, [0.87978165 0.15275008].
2019-08-01 09:09:30,408 - INFO - Best fit parameters: [9.30435908e-04 6.76906342e-05].
2019-08-01 09:09:30,415 - INFO - Maximum log composite likelihood: -21.6755236255.
2019-08-01 09:09:30,415 - INFO - Optimal value of theta: 60.5583314301.
2019-08-01 09:09:30,415 - INFO - Beginning optimization with guess, [0.3025555  0.07472031].
2019-08-01 09:09:31,121 - INFO - Finished optimization with guess, [0.3025555  0.07472031].
2019-08-01 09:09:31,121 - INFO - Best fit parameters: [1.00000000e-04 7.26752763e-06].
2019-08-01 09:09:31,128 - INFO - Maximum log composite likelihood: -21.6751849401.
2019-08-01 09:09:31,129 - INFO - Optimal value of theta: 60.5580394151.
2019-08-01 09:09:31,129 - INFO - Beginning optimization with guess, [0.63162297 0.10068072].
2019-08-01 09:09:32,015 - INFO - Finished optimization with guess, [0.63162297 0.10068072].
2019-08-01 09:09:32,015 - INFO - Best fit parameters: [1.00000000e-04 7.26835684e-06].
2019-08-01 09:09:32,022 - INFO - Maximum log composite likelihood: -21.6751849066.
2019-08-01 09:09:32,023 - INFO - Optimal value of theta: 60.5589533368.
2019-08-01 09:09:32,023 - INFO - Beginning optimization with guess, [0.93560938 0.1598399 ].
2019-08-01 09:09:32,584 - INFO - Finished optimization with guess, [0.93560938 0.1598399 ].
2019-08-01 09:09:32,586 - INFO - Best fit parameters: [1.00000000e-04 7.26493513e-06].
2019-08-01 09:09:32,593 - INFO - Maximum log composite likelihood: -21.6751853318.
2019-08-01 09:09:32,593 - INFO - Optimal value of theta: 60.5551817637.
2019-08-01 09:09:32,593 - INFO - Beginning optimization with guess, [0.58939601 0.13464642].
2019-08-01 09:09:33,371 - INFO - Finished optimization with guess, [0.58939601 0.13464642].
2019-08-01 09:09:33,372 - INFO - Best fit parameters: [3.15763345e-04 2.29859143e-05].
2019-08-01 09:09:33,379 - INFO - Maximum log composite likelihood: -21.6752752741.
2019-08-01 09:09:33,379 - INFO - Optimal value of theta: 60.5690943432.
2019-08-01 09:09:33,379 - INFO - Beginning optimization with guess, [0.44104696 0.0767118 ].
2019-08-01 09:09:33,849 - INFO - Finished optimization with guess, [0.44104696 0.0767118 ].
2019-08-01 09:09:33,849 - INFO - Best fit parameters: [1.00000000e-04 7.26859641e-06].
2019-08-01 09:09:33,857 - INFO - Maximum log composite likelihood: -21.6751849052.
2019-08-01 09:09:33,857 - INFO - Optimal value of theta: 60.5592173779.
2019-08-01 09:09:33,857 - INFO - Beginning optimization with guess, [0.29203621 0.07018103].
2019-08-01 09:09:35,166 - INFO - Finished optimization with guess, [0.29203621 0.07018103].
2019-08-01 09:09:35,169 - INFO - Best fit parameters: [1.0000000e-04 7.2650698e-06].
2019-08-01 09:09:35,175 - INFO - Maximum log composite likelihood: -21.6751853008.
2019-08-01 09:09:35,175 - INFO - Optimal value of theta: 60.5553302218.
2019-08-01 09:09:35,176 - INFO - Beginning optimization with guess, [0.4691607  0.11226793].
2019-08-01 09:09:36,171 - INFO - Finished optimization with guess, [0.4691607  0.11226793].
2019-08-01 09:09:36,172 - INFO - Best fit parameters: [2.55571258e-04 1.86625230e-05].
2019-08-01 09:09:36,179 - INFO - Maximum log composite likelihood: -21.675281404.
2019-08-01 09:09:36,179 - INFO - Optimal value of theta: 60.5947751479.
2019-08-01 09:09:36,179 - INFO - Beginning optimization with guess, [0.9616501  0.07426392].
2019-08-01 09:09:36,874 - INFO - Finished optimization with guess, [0.9616501  0.07426392].
2019-08-01 09:09:36,874 - INFO - Best fit parameters: [1.00000000e-04 7.26762229e-06].
2019-08-01 09:09:36,881 - INFO - Maximum log composite likelihood: -21.675184934.
2019-08-01 09:09:36,882 - INFO - Optimal value of theta: 60.5581437492.
2019-08-01 09:09:36,882 - INFO - Beginning optimization with guess, [0.42665432 0.14008542].
2019-08-01 09:09:37,795 - INFO - Finished optimization with guess, [0.42665432 0.14008542].
2019-08-01 09:09:37,796 - INFO - Best fit parameters: [0.0020107  0.00014649].
2019-08-01 09:09:37,803 - INFO - Maximum log composite likelihood: -21.675965191.
2019-08-01 09:09:37,803 - INFO - Optimal value of theta: 60.5591221761.
2019-08-01 09:09:37,803 - INFO - Beginning optimization with guess, [0.26365589 0.0763543 ].
2019-08-01 09:09:38,305 - INFO - Finished optimization with guess, [0.26365589 0.0763543 ].
2019-08-01 09:09:38,306 - INFO - Best fit parameters: [1.00000000e-04 7.26493552e-06].
2019-08-01 09:09:38,313 - INFO - Maximum log composite likelihood: -21.6751853317.
2019-08-01 09:09:38,313 - INFO - Optimal value of theta: 60.555182193.
2019-08-01 09:09:38,313 - INFO - Beginning optimization with guess, [0.25813898 0.12588824].
2019-08-01 09:09:38,999 - INFO - Finished optimization with guess, [0.25813898 0.12588824].
2019-08-01 09:09:38,999 - INFO - Best fit parameters: [1.00000000e-04 7.26509069e-06].
2019-08-01 09:09:39,006 - INFO - Maximum log composite likelihood: -21.6751852961.
2019-08-01 09:09:39,006 - INFO - Optimal value of theta: 60.555353249.
2019-08-01 09:09:39,007 - INFO - Beginning optimization with guess, [0.65137043 0.08176272].
2019-08-01 09:09:39,808 - INFO - Finished optimization with guess, [0.65137043 0.08176272].
2019-08-01 09:09:39,808 - INFO - Best fit parameters: [1.00000000e-04 7.26626522e-06].
2019-08-01 09:09:39,815 - INFO - Maximum log composite likelihood: -21.6751850765.
2019-08-01 09:09:39,816 - INFO - Optimal value of theta: 60.5566479466.
2019-08-01 09:09:39,816 - INFO - Beginning optimization with guess, [0.89208185 0.08938911].
2019-08-01 09:09:40,744 - INFO - Finished optimization with guess, [0.89208185 0.08938911].
2019-08-01 09:09:40,744 - INFO - Best fit parameters: [1.0000000e-04 7.2660008e-06].
2019-08-01 09:09:40,762 - INFO - Maximum log composite likelihood: -21.6751851181.
2019-08-01 09:09:40,763 - INFO - Optimal value of theta: 60.5563564829.
2019-08-01 09:09:40,763 - INFO - Beginning optimization with guess, [0.61903147 0.07723892].
2019-08-01 09:09:41,659 - INFO - Finished optimization with guess, [0.61903147 0.07723892].
2019-08-01 09:09:41,659 - INFO - Best fit parameters: [4.16925268e-04 3.04542109e-05].
2019-08-01 09:09:41,666 - INFO - Maximum log composite likelihood: -21.6753483025.
2019-08-01 09:09:41,667 - INFO - Optimal value of theta: 60.5956108197.
2019-08-01 09:09:41,667 - INFO - Beginning optimization with guess, [0.42616105 0.11337862].
2019-08-01 09:09:42,324 - INFO - Finished optimization with guess, [0.42616105 0.11337862].
2019-08-01 09:09:42,324 - INFO - Best fit parameters: [1.00000000e-04 7.26661253e-06].
2019-08-01 09:09:42,331 - INFO - Maximum log composite likelihood: -21.6751850287.
2019-08-01 09:09:42,332 - INFO - Optimal value of theta: 60.5570307743.
2019-08-01 09:09:42,332 - INFO - Beginning optimization with guess, [0.97371807 0.0650516 ].
2019-08-01 09:09:42,917 - INFO - Finished optimization with guess, [0.97371807 0.0650516 ].
2019-08-01 09:09:42,917 - INFO - Best fit parameters: [1.00000000e-04 7.26493322e-06].
2019-08-01 09:09:42,924 - INFO - Maximum log composite likelihood: -21.6751853323.
2019-08-01 09:09:42,924 - INFO - Optimal value of theta: 60.5551796616.
2019-08-01 09:09:42,925 - INFO - Beginning optimization with guess, [0.26412527 0.19406599].
2019-08-01 09:09:43,608 - INFO - Finished optimization with guess, [0.26412527 0.19406599].
2019-08-01 09:09:43,608 - INFO - Best fit parameters: [1.00000000e-04 7.26493441e-06].
2019-08-01 09:09:43,615 - INFO - Maximum log composite likelihood: -21.675185332.
2019-08-01 09:09:43,615 - INFO - Optimal value of theta: 60.5551809667.
2019-08-01 09:09:43,615 - INFO - Beginning optimization with guess, [0.92693392 0.11144027].
2019-08-01 09:09:44,567 - INFO - Finished optimization with guess, [0.92693392 0.11144027].
2019-08-01 09:09:44,567 - INFO - Best fit parameters: [8.11625529e-04 5.90393386e-05].
2019-08-01 09:09:44,574 - INFO - Maximum log composite likelihood: -21.675475111.
2019-08-01 09:09:44,574 - INFO - Optimal value of theta: 60.5584529945.
2019-08-01 09:09:44,575 - INFO - Beginning optimization with guess, [0.62540055 0.08037057].
2019-08-01 09:09:45,487 - INFO - Finished optimization with guess, [0.62540055 0.08037057].
2019-08-01 09:09:45,487 - INFO - Best fit parameters: [0.00148462 0.00010816].
2019-08-01 09:09:45,494 - INFO - Maximum log composite likelihood: -21.6757500839.
2019-08-01 09:09:45,495 - INFO - Optimal value of theta: 60.5640279013.
2019-08-01 09:09:45,495 - INFO - Beginning optimization with guess, [0.89104147 0.06920625].
2019-08-01 09:09:45,996 - INFO - Finished optimization with guess, [0.89104147 0.06920625].
2019-08-01 09:09:45,996 - INFO - Best fit parameters: [1.00000000e-04 7.26494031e-06].
2019-08-01 09:09:46,004 - INFO - Maximum log composite likelihood: -21.6751853306.
2019-08-01 09:09:46,004 - INFO - Optimal value of theta: 60.5551874754.
2019-08-01 09:09:46,004 - INFO - Beginning optimization with guess, [0.38540032 0.15683277].
2019-08-01 09:09:46,516 - INFO - Finished optimization with guess, [0.38540032 0.15683277].
2019-08-01 09:09:46,516 - INFO - Best fit parameters: [1.00000000e-04 7.26493308e-06].
2019-08-01 09:09:46,524 - INFO - Maximum log composite likelihood: -21.6751853323.
2019-08-01 09:09:46,524 - INFO - Optimal value of theta: 60.5551795083.
2019-08-01 09:09:46,524 - INFO - Beginning optimization with guess, [0.398163   0.12983059].
2019-08-01 09:09:47,363 - INFO - Finished optimization with guess, [0.398163   0.12983059].
2019-08-01 09:09:47,363 - INFO - Best fit parameters: [1.00000000e-04 7.26833493e-06].
2019-08-01 09:09:47,383 - INFO - Maximum log composite likelihood: -21.6751849069.
2019-08-01 09:09:47,383 - INFO - Optimal value of theta: 60.5589291883.
2019-08-01 09:09:47,383 - INFO - Beginning optimization with guess, [0.84398146 0.11738365].
2019-08-01 09:09:48,096 - INFO - Finished optimization with guess, [0.84398146 0.11738365].
2019-08-01 09:09:48,096 - INFO - Best fit parameters: [1.00000000e-04 7.26493344e-06].
2019-08-01 09:09:48,104 - INFO - Maximum log composite likelihood: -21.6751853322.
2019-08-01 09:09:48,104 - INFO - Optimal value of theta: 60.5551798968.
2019-08-01 09:09:48,105 - INFO - Beginning optimization with guess, [0.42981737 0.06606366].
2019-08-01 09:09:48,695 - INFO - Finished optimization with guess, [0.42981737 0.06606366].
2019-08-01 09:09:48,695 - INFO - Best fit parameters: [1.00000000e-04 7.26493696e-06].
2019-08-01 09:09:48,702 - INFO - Maximum log composite likelihood: -21.6751853314.
2019-08-01 09:09:48,703 - INFO - Optimal value of theta: 60.5551837818.
2019-08-01 09:09:48,703 - INFO - Beginning optimization with guess, [0.75964671 0.12779262].
2019-08-01 09:09:49,284 - INFO - Finished optimization with guess, [0.75964671 0.12779262].
2019-08-01 09:09:49,284 - INFO - Best fit parameters: [1.00000000e-04 7.26853385e-06].
2019-08-01 09:09:49,291 - INFO - Maximum log composite likelihood: -21.6751849052.
2019-08-01 09:09:49,291 - INFO - Optimal value of theta: 60.5591484312.
2019-08-01 09:09:49,291 - INFO - Beginning optimization with guess, [0.82048683 0.05670831].
2019-08-01 09:09:50,179 - INFO - Finished optimization with guess, [0.82048683 0.05670831].
2019-08-01 09:09:50,180 - INFO - Best fit parameters: [1.82860353e-04 1.33176135e-05].
2019-08-01 09:09:50,187 - INFO - Maximum log composite likelihood: -21.6752245664.
2019-08-01 09:09:50,187 - INFO - Optimal value of theta: 60.5742108977.
2019-08-01 09:09:50,187 - INFO - Beginning optimization with guess, [0.31381616 0.16867014].
2019-08-01 09:09:50,935 - INFO - Finished optimization with guess, [0.31381616 0.16867014].
2019-08-01 09:09:50,935 - INFO - Best fit parameters: [5.53883018e-04 4.06703178e-05].
2019-08-01 09:09:50,942 - INFO - Maximum log composite likelihood: -21.6755235678.
2019-08-01 09:09:50,943 - INFO - Optimal value of theta: 60.6362999342.
2019-08-01 09:09:50,943 - INFO - Beginning optimization with guess, [0.55559342 0.05170244].
2019-08-01 09:09:51,631 - INFO - Finished optimization with guess, [0.55559342 0.05170244].
2019-08-01 09:09:51,633 - INFO - Best fit parameters: [1.00000000e-04 7.26493163e-06].
2019-08-01 09:09:51,640 - INFO - Maximum log composite likelihood: -21.6751853327.
2019-08-01 09:09:51,640 - INFO - Optimal value of theta: 60.5551779115.
2019-08-01 09:09:51,641 - INFO - Beginning optimization with guess, [0.65150919 0.0551404 ].
2019-08-01 09:09:52,427 - INFO - Finished optimization with guess, [0.65150919 0.0551404 ].
2019-08-01 09:09:52,427 - INFO - Best fit parameters: [1.11202595e-03 8.09090665e-05].
2019-08-01 09:09:52,435 - INFO - Maximum log composite likelihood: -21.6755979385.
2019-08-01 09:09:52,435 - INFO - Optimal value of theta: 60.5572982106.
2019-08-01 09:09:52,435 - INFO - Beginning optimization with guess, [0.27083182 0.0948538 ].
2019-08-01 09:09:53,367 - INFO - Finished optimization with guess, [0.27083182 0.0948538 ].
2019-08-01 09:09:53,367 - INFO - Best fit parameters: [1.00000000e-04 7.26826023e-06].
2019-08-01 09:09:53,374 - INFO - Maximum log composite likelihood: -21.6751849082.
2019-08-01 09:09:53,375 - INFO - Optimal value of theta: 60.5588468636.
2019-08-01 09:09:53,375 - INFO - Beginning optimization with guess, [0.56695385 0.13371008].
2019-08-01 09:09:54,032 - INFO - Finished optimization with guess, [0.56695385 0.13371008].
2019-08-01 09:09:54,032 - INFO - Best fit parameters: [1.00000000e-04 7.26493312e-06].
2019-08-01 09:09:54,041 - INFO - Maximum log composite likelihood: -21.6751853323.
2019-08-01 09:09:54,041 - INFO - Optimal value of theta: 60.5551795469.
2019-08-01 09:09:54,041 - INFO - Beginning optimization with guess, [0.85886484 0.05985407].
2019-08-01 09:09:55,035 - INFO - Finished optimization with guess, [0.85886484 0.05985407].
2019-08-01 09:09:55,035 - INFO - Best fit parameters: [1.00000000e-04 7.26524837e-06].
2019-08-01 09:09:55,044 - INFO - Maximum log composite likelihood: -21.6751852614.
2019-08-01 09:09:55,044 - INFO - Optimal value of theta: 60.555527064.
2019-08-01 09:09:55,044 - INFO - Beginning optimization with guess, [0.59612365 0.10985738].
2019-08-01 09:09:56,189 - INFO - Finished optimization with guess, [0.59612365 0.10985738].
2019-08-01 09:09:56,190 - INFO - Best fit parameters: [1.00000000e-04 7.26833676e-06].
2019-08-01 09:09:56,212 - INFO - Maximum log composite likelihood: -21.6751849069.
2019-08-01 09:09:56,213 - INFO - Optimal value of theta: 60.5589312132.
2019-08-01 09:09:56,213 - INFO - Beginning optimization with guess, [0.28286287 0.06531165].
2019-08-01 09:09:56,983 - INFO - Finished optimization with guess, [0.28286287 0.06531165].
2019-08-01 09:09:56,984 - INFO - Best fit parameters: [1.00000000e-04 7.26494304e-06].
2019-08-01 09:09:56,991 - INFO - Maximum log composite likelihood: -21.67518533.
2019-08-01 09:09:56,991 - INFO - Optimal value of theta: 60.5551904848.
2019-08-01 09:09:56,991 - INFO - Beginning optimization with guess, [0.29299316 0.06678995].
2019-08-01 09:09:58,004 - INFO - Finished optimization with guess, [0.29299316 0.06678995].
2019-08-01 09:09:58,005 - INFO - Best fit parameters: [2.56059860e-04 1.86074624e-05].
2019-08-01 09:09:58,012 - INFO - Maximum log composite likelihood: -21.6752488409.
2019-08-01 09:09:58,013 - INFO - Optimal value of theta: 60.5557599698.
2019-08-01 09:09:58,013 - INFO - Beginning optimization with guess, [0.8849184 0.0876506].
2019-08-01 09:09:58,478 - INFO - Finished optimization with guess, [0.8849184 0.0876506].
2019-08-01 09:09:58,478 - INFO - Best fit parameters: [1.00000000e-04 7.26491935e-06].
2019-08-01 09:09:58,484 - INFO - Maximum log composite likelihood: -21.6751853356.
2019-08-01 09:09:58,485 - INFO - Optimal value of theta: 60.5551643715.
2019-08-01 09:09:58,485 - INFO - Beginning optimization with guess, [0.87094396 0.1298433 ].
2019-08-01 09:09:59,871 - INFO - Finished optimization with guess, [0.87094396 0.1298433 ].
2019-08-01 09:09:59,871 - INFO - Best fit parameters: [1.00000000e-04 7.26526841e-06].
2019-08-01 09:09:59,878 - INFO - Maximum log composite likelihood: -21.6751852571.
2019-08-01 09:09:59,878 - INFO - Optimal value of theta: 60.5555491561.
2019-08-01 09:09:59,878 - INFO - Beginning optimization with guess, [0.46082478 0.17381168].
2019-08-01 09:10:00,654 - INFO - Finished optimization with guess, [0.46082478 0.17381168].
2019-08-01 09:10:00,654 - INFO - Best fit parameters: [1.00000000e-04 7.26682635e-06].
2019-08-01 09:10:00,660 - INFO - Maximum log composite likelihood: -21.6751850031.
2019-08-01 09:10:00,661 - INFO - Optimal value of theta: 60.5572664608.
2019-08-01 09:10:00,661 - INFO - Beginning optimization with guess, [0.30504829 0.06052523].
2019-08-01 09:10:01,227 - INFO - Finished optimization with guess, [0.30504829 0.06052523].
2019-08-01 09:10:01,227 - INFO - Best fit parameters: [1.0000000e-04 7.2686907e-06].
2019-08-01 09:10:01,234 - INFO - Maximum log composite likelihood: -21.6751849057.
2019-08-01 09:10:01,234 - INFO - Optimal value of theta: 60.5593212931.
2019-08-01 09:10:01,235 - INFO - Finished demographic inference.
2019-08-01 09:10:01,235 - INFO - Beginning DFE inference.
2019-08-01 09:10:01,992 - INFO - Beginning optimization with guess, [ 0.10911059 91.94554416].
2019-08-01 09:10:09,354 - INFO - Finished optomization, results are [-22.35670821370796 array([1.64525555e-01, 4.77806747e+02])].
2019-08-01 09:10:09,355 - INFO - Beginning optimization with guess, [9.75235184e-02 2.67432831e+02].
2019-08-01 09:10:14,712 - INFO - Finished optomization, results are [-22.356714160155068 array([1.65351628e-01, 4.62734412e+02])].
2019-08-01 09:10:14,713 - INFO - Beginning optimization with guess, [4.80002338e-02 1.82730752e+02].
2019-08-01 09:10:20,795 - INFO - Finished optomization, results are [-22.356802329301374 array([1.64089054e-01, 4.80575638e+02])].
2019-08-01 09:10:20,796 - INFO - Beginning optimization with guess, [6.81415293e-02 1.92705878e+02].
2019-08-01 09:10:26,029 - INFO - Finished optomization, results are [-22.356915479743485 array([1.63649890e-01, 4.85792112e+02])].
2019-08-01 09:10:26,030 - INFO - Beginning optimization with guess, [5.36875530e-02 9.97681869e+01].
2019-08-01 09:10:30,622 - INFO - Finished optomization, results are [-22.356723133513277 array([1.65600366e-01, 4.59103813e+02])].
2019-08-01 09:10:30,633 - INFO - Beginning optimization with guess, [1.40002945e-01 1.66073346e+02].
2019-08-01 09:10:41,662 - INFO - Finished optomization, results are [-22.356792325151588 array([1.63869909e-01, 4.84964527e+02])].
2019-08-01 09:10:41,673 - INFO - Beginning optimization with guess, [7.21417054e-02 8.68421426e+01].
2019-08-01 09:10:56,434 - INFO - Finished optomization, results are [-22.356677708285297 array([1.65713735e-01, 4.58269497e+02])].
2019-08-01 09:10:56,444 - INFO - Beginning optimization with guess, [1.23079607e-01 1.86777836e+02].
2019-08-01 09:11:03,484 - INFO - Finished optomization, results are [-22.356903632717028 array([1.63701193e-01, 4.85131376e+02])].
2019-08-01 09:11:03,485 - INFO - Beginning optimization with guess, [1.65549996e-01 2.91668938e+02].
2019-08-01 09:11:07,665 - INFO - Finished optomization, results are [-22.356829683289483 array([1.64457774e-01, 4.74193564e+02])].
2019-08-01 09:11:07,665 - INFO - Beginning optimization with guess, [5.27322870e-02 9.26907827e+01].
2019-08-01 09:11:13,714 - INFO - Finished optomization, results are [-22.356619017046803 array([1.66287713e-01, 4.51766514e+02])].
2019-08-01 09:11:13,715 - INFO - Beginning optimization with guess, [1.26795740e-01 1.66618662e+02].
2019-08-01 09:11:28,744 - INFO - Finished optomization, results are [-22.35677755310043 array([1.64346841e-01, 4.76831771e+02])].
2019-08-01 09:11:28,745 - INFO - Beginning optimization with guess, [5.88866242e-02 8.23887912e+01].
2019-08-01 09:11:32,758 - INFO - Finished optomization, results are [-22.35663569176115 array([1.66465150e-01, 4.49070232e+02])].
2019-08-01 09:11:32,759 - INFO - Beginning optimization with guess, [ 0.08965718 83.72737212].
2019-08-01 09:11:41,999 - INFO - Finished optomization, results are [-22.35705046232168 array([1.62552456e-01, 5.03291734e+02])].
2019-08-01 09:11:42,012 - INFO - Beginning optimization with guess, [1.65734146e-01 2.22110585e+02].
2019-08-01 09:11:50,969 - INFO - Finished optomization, results are [-22.356709781063593 array([1.64690244e-01, 4.72869684e+02])].
2019-08-01 09:11:50,970 - INFO - Beginning optimization with guess, [4.85242818e-02 7.31372327e+01].
2019-08-01 09:11:56,018 - INFO - Finished optomization, results are [-22.356703689913566 array([1.65588064e-01, 4.59571702e+02])].
2019-08-01 09:11:56,019 - INFO - Beginning optimization with guess, [7.92070213e-02 2.44455425e+02].
2019-08-01 09:12:01,384 - INFO - Finished optomization, results are [-22.356937605469504 array([1.63294780e-01, 4.91552886e+02])].
2019-08-01 09:12:01,385 - INFO - Beginning optimization with guess, [4.76245499e-02 2.25277359e+02].
2019-08-01 09:12:05,668 - INFO - Finished optomization, results are [-22.356967378022972 array([1.63365060e-01, 4.89764597e+02])].
2019-08-01 09:12:05,669 - INFO - Beginning optimization with guess, [1.04394672e-01 2.78043429e+02].
2019-08-01 09:12:12,545 - INFO - Finished optomization, results are [-22.356644014080114 array([1.65223729e-01, 4.68313623e+02])].
2019-08-01 09:12:12,545 - INFO - Beginning optimization with guess, [1.78718737e-01 2.08424637e+02].
2019-08-01 09:12:18,041 - INFO - Finished optomization, results are [-22.356901786715397 array([1.63307332e-01, 4.92232720e+02])].
2019-08-01 09:12:18,042 - INFO - Beginning optimization with guess, [  0.17993543 165.61895022].
2019-08-01 09:12:22,855 - INFO - Finished optomization, results are [-22.35674610314232 array([1.64561499e-01, 4.74039998e+02])].
2019-08-01 09:12:22,855 - INFO - Beginning optimization with guess, [8.27404152e-02 1.01665387e+02].
2019-08-01 09:12:28,968 - INFO - Finished optomization, results are [-22.356668373633227 array([1.65643428e-01, 4.59427832e+02])].
2019-08-01 09:12:28,969 - INFO - Beginning optimization with guess, [  0.17428172 101.46157178].
2019-08-01 09:12:34,602 - INFO - Finished optomization, results are [-22.35688429333947 array([1.64089648e-01, 4.79132369e+02])].
2019-08-01 09:12:34,602 - INFO - Beginning optimization with guess, [ 0.10981904 98.44574121].
2019-08-01 09:12:40,582 - INFO - Finished optomization, results are [-22.356733712932673 array([1.64710951e-01, 4.76650393e+02])].
2019-08-01 09:12:40,583 - INFO - Beginning optimization with guess, [ 0.14654917 73.47622127].
2019-08-01 09:12:45,737 - INFO - Finished optomization, results are [-22.356789784887688 array([1.63936611e-01, 4.83695888e+02])].
2019-08-01 09:12:45,737 - INFO - Beginning optimization with guess, [4.96065230e-02 1.11525821e+02].
2019-08-01 09:12:51,519 - INFO - Finished optomization, results are [-22.356618939144482 array([1.66148039e-01, 4.53628786e+02])].
2019-08-01 09:12:51,519 - INFO - Beginning optimization with guess, [7.40115660e-02 2.53513604e+02].
2019-08-01 09:12:56,747 - INFO - Finished optomization, results are [-22.35693917140282 array([1.63254447e-01, 4.92256615e+02])].
2019-08-01 09:12:56,748 - INFO - Beginning optimization with guess, [  0.17301306 121.31128728].
2019-08-01 09:13:04,103 - INFO - Finished optomization, results are [-22.35688935202676 array([1.63819937e-01, 4.83397618e+02])].
2019-08-01 09:13:04,103 - INFO - Beginning optimization with guess, [4.99521622e-02 1.40005432e+02].
2019-08-01 09:13:11,419 - INFO - Finished optomization, results are [-22.35666458970288 array([1.65608818e-01, 4.59993996e+02])].
2019-08-01 09:13:11,420 - INFO - Beginning optimization with guess, [ 0.15222175 89.71020543].
2019-08-01 09:13:17,054 - INFO - Finished optomization, results are [-22.356733956469974 array([1.64295662e-01, 4.79074466e+02])].
2019-08-01 09:13:17,055 - INFO - Beginning optimization with guess, [  0.15890511 104.30694889].
2019-08-01 09:13:20,340 - INFO - Finished optomization, results are [-22.356742155298416 array([1.65418571e-01, 4.61361069e+02])].
2019-08-01 09:13:20,341 - INFO - Beginning optimization with guess, [1.46840590e-01 2.44159448e+02].
2019-08-01 09:13:25,836 - INFO - Finished optomization, results are [-22.35695402385699 array([1.63089972e-01, 4.95011511e+02])].
2019-08-01 09:13:25,837 - INFO - Beginning optimization with guess, [5.88442670e-02 8.39438332e+01].
2019-08-01 09:13:30,098 - INFO - Finished optomization, results are [-22.356633475175574 array([1.66463002e-01, 4.49145470e+02])].
2019-08-01 09:13:30,099 - INFO - Beginning optimization with guess, [ 0.10863028 85.73202152].
2019-08-01 09:13:36,631 - INFO - Finished optomization, results are [-22.356850094804606 array([1.63782858e-01, 4.84769334e+02])].
2019-08-01 09:13:36,632 - INFO - Beginning optimization with guess, [ 0.10064526 79.6967467 ].
2019-08-01 09:13:41,301 - INFO - Finished optomization, results are [-22.356815458290725 array([1.63913269e-01, 4.83309184e+02])].
2019-08-01 09:13:41,302 - INFO - Beginning optimization with guess, [  0.16964152 122.73589215].
2019-08-01 09:13:47,687 - INFO - Finished optomization, results are [-22.356922108872826 array([1.63329916e-01, 4.91254930e+02])].
2019-08-01 09:13:47,687 - INFO - Beginning optimization with guess, [5.37400153e-02 1.45945404e+02].
2019-08-01 09:13:54,153 - INFO - Finished optomization, results are [-22.357022720649613 array([1.62573178e-01, 5.04141214e+02])].
2019-08-01 09:13:54,154 - INFO - Beginning optimization with guess, [5.52519893e-02 2.10849817e+02].
2019-08-01 09:14:00,275 - INFO - Finished optomization, results are [-22.35698423660642 array([1.63095586e-01, 4.94216332e+02])].
2019-08-01 09:14:00,276 - INFO - Beginning optimization with guess, [6.90361846e-02 1.05317311e+02].
2019-08-01 09:14:03,700 - INFO - Finished optomization, results are [-22.356676201232524 array([1.65913086e-01, 4.55568886e+02])].
2019-08-01 09:14:03,700 - INFO - Beginning optimization with guess, [5.47914543e-02 1.48587215e+02].
2019-08-01 09:14:10,365 - INFO - Finished optomization, results are [-22.35682283237317 array([1.63709309e-01, 4.86934531e+02])].
2019-08-01 09:14:10,365 - INFO - Beginning optimization with guess, [4.82052560e-02 1.22652004e+02].
2019-08-01 09:14:17,678 - INFO - Finished optomization, results are [-22.356684388126748 array([1.65199492e-01, 4.65523074e+02])].
2019-08-01 09:14:17,679 - INFO - Beginning optimization with guess, [5.72330822e-02 2.01263676e+02].
2019-08-01 09:14:24,009 - INFO - Finished optomization, results are [-22.356949443899254 array([1.63067847e-01, 4.95581769e+02])].
2019-08-01 09:14:24,010 - INFO - Beginning optimization with guess, [  0.14620502 141.60893896].
2019-08-01 09:14:30,612 - INFO - Finished optomization, results are [-22.356776333402365 array([1.64161821e-01, 4.79977653e+02])].
2019-08-01 09:14:30,612 - INFO - Beginning optimization with guess, [5.09597864e-02 1.62876643e+02].
2019-08-01 09:14:37,647 - INFO - Finished optomization, results are [-22.35686350334184 array([1.64043648e-01, 4.80174293e+02])].
2019-08-01 09:14:37,648 - INFO - Beginning optimization with guess, [4.80589224e-02 1.01376844e+02].
2019-08-01 09:14:41,851 - INFO - Finished optomization, results are [-22.356663474638324 array([1.65993572e-01, 4.54710106e+02])].
2019-08-01 09:14:41,852 - INFO - Beginning optimization with guess, [5.94510381e-02 1.34353376e+02].
2019-08-01 09:14:47,353 - INFO - Finished optomization, results are [-22.356775551168212 array([1.64053563e-01, 4.81976623e+02])].
2019-08-01 09:14:47,354 - INFO - Beginning optimization with guess, [1.44117338e-01 1.93589404e+02].
2019-08-01 09:14:53,008 - INFO - Finished optomization, results are [-22.356857517518343 array([1.63499783e-01, 4.89875383e+02])].
2019-08-01 09:14:53,009 - INFO - Beginning optimization with guess, [6.60227073e-02 2.13192058e+02].
2019-08-01 09:15:00,434 - INFO - Finished optomization, results are [-22.356948817914823 array([1.63384376e-01, 4.89747372e+02])].
2019-08-01 09:15:00,435 - INFO - Beginning optimization with guess, [5.07219535e-02 1.71729142e+02].
2019-08-01 09:15:03,089 - INFO - Finished optomization, results are [-22.356937232244803 array([1.63678561e-01, 4.84978113e+02])].
2019-08-01 09:15:03,089 - INFO - Beginning optimization with guess, [6.36483564e-02 1.16210014e+02].
2019-08-01 09:15:08,669 - INFO - Finished optomization, results are [-22.356669249691645 array([1.65701105e-01, 4.58603333e+02])].
2019-08-01 09:15:08,670 - INFO - Beginning optimization with guess, [7.56816864e-02 1.62443123e+02].
2019-08-01 09:15:14,673 - INFO - Finished optomization, results are [-22.356797351106444 array([1.63930841e-01, 4.83526482e+02])].
2019-08-01 09:15:14,674 - INFO - Beginning optimization with guess, [5.27820332e-02 8.71253913e+01].
2019-08-01 09:15:17,208 - INFO - Finished optomization, results are [-22.356626108472376 array([1.66397007e-01, 4.50161370e+02])].
2019-08-01 09:15:17,209 - INFO - Beginning optimization with guess, [4.59920352e-02 8.23678481e+01].
2019-08-01 09:15:20,339 - INFO - Finished optomization, results are [-22.356673330360767 array([1.65916918e-01, 4.55566913e+02])].
2019-08-01 09:15:20,339 - INFO - Beginning optimization with guess, [7.16232230e-02 2.02504248e+02].
2019-08-01 09:15:26,757 - INFO - Finished optomization, results are [-22.356910514087687 array([1.63399869e-01, 4.90239229e+02])].
2019-08-01 09:15:26,758 - INFO - Beginning optimization with guess, [1.29934659e-01 1.68539076e+02].
2019-08-01 09:15:32,196 - INFO - Finished optomization, results are [-22.356834257816207 array([1.63664943e-01, 4.87386513e+02])].
2019-08-01 09:15:32,197 - INFO - Beginning optimization with guess, [1.12766945e-01 1.48943001e+02].
2019-08-01 09:15:35,014 - INFO - Finished optomization, results are [-22.356672543099222 array([1.66059421e-01, 4.53669397e+02])].
2019-08-01 09:15:35,014 - INFO - Beginning optimization with guess, [6.05024072e-02 8.76528121e+01].
2019-08-01 09:15:40,457 - INFO - Finished optomization, results are [-22.356639320608508 array([1.66042383e-01, 4.54541083e+02])].
2019-08-01 09:15:40,457 - INFO - Beginning optimization with guess, [8.86356053e-02 1.69158015e+02].
2019-08-01 09:15:46,675 - INFO - Finished optomization, results are [-22.356866988735224 array([1.64107913e-01, 4.79095031e+02])].
2019-08-01 09:15:46,675 - INFO - Beginning optimization with guess, [6.46745368e-02 1.85186173e+02].
2019-08-01 09:15:52,114 - INFO - Finished optomization, results are [-22.357003270017444 array([1.62994315e-01, 4.95692581e+02])].
2019-08-01 09:15:52,115 - INFO - Beginning optimization with guess, [  0.1715754  168.02000628].
2019-08-01 09:15:54,475 - INFO - Finished optomization, results are [-22.35666324693304 array([1.66180784e-01, 4.52225719e+02])].
2019-08-01 09:15:54,475 - INFO - Beginning optimization with guess, [1.12185177e-01 1.65245568e+02].
2019-08-01 09:15:57,899 - INFO - Finished optomization, results are [-22.356669873641103 array([1.66244730e-01, 4.51274832e+02])].
2019-08-01 09:15:57,899 - INFO - Beginning optimization with guess, [1.04670414e-01 1.15289292e+02].
2019-08-01 09:16:00,090 - INFO - Finished optomization, results are [-22.356682673591255 array([1.65706977e-01, 4.58274508e+02])].
2019-08-01 09:16:00,090 - INFO - Beginning optimization with guess, [ 0.1179817  74.99412989].
2019-08-01 09:16:03,082 - INFO - Finished optomization, results are [-22.356687880214793 array([1.65731047e-01, 4.57852927e+02])].
2019-08-01 09:16:03,083 - INFO - Beginning optimization with guess, [9.35807575e-02 1.25073793e+02].
2019-08-01 09:16:08,310 - INFO - Finished optomization, results are [-22.356650945171804 array([1.65539715e-01, 4.61301343e+02])].
2019-08-01 09:16:08,310 - INFO - Beginning optimization with guess, [  0.16891867 110.06562327].
2019-08-01 09:16:12,999 - INFO - Finished optomization, results are [-22.356949569144675 array([1.62924158e-01, 4.98963325e+02])].
2019-08-01 09:16:13,000 - INFO - Beginning optimization with guess, [1.15057859e-01 1.35119718e+02].
2019-08-01 09:16:18,902 - INFO - Finished optomization, results are [-22.356701811546642 array([1.65275227e-01, 4.64051149e+02])].
2019-08-01 09:16:18,902 - INFO - Beginning optimization with guess, [1.16177005e-01 1.90557218e+02].
2019-08-01 09:16:24,972 - INFO - Finished optomization, results are [-22.356958679460156 array([1.63454608e-01, 4.88380098e+02])].
2019-08-01 09:16:24,973 - INFO - Beginning optimization with guess, [1.42472173e-01 1.86994811e+02].
2019-08-01 09:16:29,218 - INFO - Finished optomization, results are [-22.35684240478343 array([1.63563922e-01, 4.89161690e+02])].
2019-08-01 09:16:29,219 - INFO - Beginning optimization with guess, [ 0.09726413 96.07152638].
2019-08-01 09:16:34,814 - INFO - Finished optomization, results are [-22.356721774504905 array([1.65317108e-01, 4.63103415e+02])].
2019-08-01 09:16:34,815 - INFO - Beginning optimization with guess, [6.15578933e-02 8.16434353e+01].
2019-08-01 09:16:38,945 - INFO - Finished optomization, results are [-22.35665762666102 array([1.65947324e-01, 4.55445016e+02])].
2019-08-01 09:16:38,946 - INFO - Beginning optimization with guess, [5.16158859e-02 8.56350313e+01].
2019-08-01 09:16:44,292 - INFO - Finished optomization, results are [-22.356680686808758 array([1.65716028e-01, 4.58184394e+02])].
2019-08-01 09:16:44,292 - INFO - Beginning optimization with guess, [ 0.0882042 73.3794875].
2019-08-01 09:16:49,342 - INFO - Finished optomization, results are [-22.356831411046706 array([1.63742067e-01, 4.85987958e+02])].
2019-08-01 09:16:49,344 - INFO - Beginning optimization with guess, [1.29603833e-01 2.55115635e+02].
2019-08-01 09:16:51,803 - INFO - Finished optomization, results are [-22.356909523763253 array([1.64476613e-01, 4.72906160e+02])].
2019-08-01 09:16:51,804 - INFO - Beginning optimization with guess, [7.29629551e-02 2.16382981e+02].
2019-08-01 09:16:58,061 - INFO - Finished optomization, results are [-22.356945248354933 array([1.63365849e-01, 4.90134982e+02])].
2019-08-01 09:16:58,061 - INFO - Beginning optimization with guess, [6.69538707e-02 1.93118221e+02].
2019-08-01 09:17:02,071 - INFO - Finished optomization, results are [-22.35694397587898 array([1.63373888e-01, 4.90017701e+02])].
2019-08-01 09:17:02,072 - INFO - Beginning optimization with guess, [  0.14149869 106.21982551].
2019-08-01 09:17:07,982 - INFO - Finished optomization, results are [-22.35675469401724 array([1.64834028e-01, 4.69647660e+02])].
2019-08-01 09:17:07,983 - INFO - Beginning optimization with guess, [5.71998644e-02 1.37528324e+02].
2019-08-01 09:17:12,867 - INFO - Finished optomization, results are [-22.3567925180633 array([1.63869819e-01, 4.84956065e+02])].
2019-08-01 09:17:12,868 - INFO - Beginning optimization with guess, [5.42512245e-02 2.34231751e+02].
2019-08-01 09:17:18,550 - INFO - Finished optomization, results are [-22.356646838177042 array([1.65363061e-01, 4.64060492e+02])].
2019-08-01 09:17:18,551 - INFO - Beginning optimization with guess, [7.44201868e-02 2.08531141e+02].
2019-08-01 09:17:22,241 - INFO - Finished optomization, results are [-22.356919660898377 array([1.63451631e-01, 4.89117203e+02])].
2019-08-01 09:17:22,243 - INFO - Beginning optimization with guess, [6.57779146e-02 8.26839243e+01].
2019-08-01 09:17:26,989 - INFO - Finished optomization, results are [-22.356760128389816 array([1.64943423e-01, 4.67928600e+02])].
2019-08-01 09:17:26,989 - INFO - Beginning optimization with guess, [1.59319642e-01 1.84008258e+02].
2019-08-01 09:17:32,267 - INFO - Finished optomization, results are [-22.356826685320215 array([1.63704839e-01, 4.86871044e+02])].
2019-08-01 09:17:32,268 - INFO - Beginning optimization with guess, [5.66864934e-02 2.21838366e+02].
2019-08-01 09:17:37,088 - INFO - Finished optomization, results are [-22.356787448122095 array([1.64811879e-01, 4.69466109e+02])].
2019-08-01 09:17:37,089 - INFO - Beginning optimization with guess, [5.36448545e-02 1.17397945e+02].
2019-08-01 09:17:41,113 - INFO - Finished optomization, results are [-22.356704474817043 array([1.65748175e-01, 4.57351922e+02])].
2019-08-01 09:17:41,113 - INFO - Beginning optimization with guess, [7.67516620e-02 9.51331241e+01].
2019-08-01 09:17:45,383 - INFO - Finished optomization, results are [-22.356839712071203 array([1.63983767e-01, 4.81564095e+02])].
2019-08-01 09:17:45,383 - INFO - Beginning optimization with guess, [1.04992098e-01 2.57184298e+02].
2019-08-01 09:17:51,144 - INFO - Finished optomization, results are [-22.356906085628154 array([1.63197416e-01, 4.94418275e+02])].
2019-08-01 09:17:51,144 - INFO - Beginning optimization with guess, [7.50448202e-02 1.76262000e+02].
2019-08-01 09:17:56,278 - INFO - Finished optomization, results are [-22.35684856722088 array([1.63824326e-01, 4.84083275e+02])].
2019-08-01 09:17:56,279 - INFO - Beginning optimization with guess, [  0.12841652 104.7681219 ].
2019-08-01 09:18:00,002 - INFO - Finished optomization, results are [-22.356672815219884 array([1.65788284e-01, 4.57329835e+02])].
2019-08-01 09:18:00,004 - INFO - Beginning optimization with guess, [1.48211708e-01 1.74111494e+02].
2019-08-01 09:18:05,789 - INFO - Finished optomization, results are [-22.356807199284923 array([1.63837227e-01, 4.84977792e+02])].
2019-08-01 09:18:05,789 - INFO - Beginning optimization with guess, [ 0.07836857 75.45307366].
2019-08-01 09:18:08,518 - INFO - Finished optomization, results are [-22.356622116478945 array([1.66420148e-01, 4.49960936e+02])].
2019-08-01 09:18:08,518 - INFO - Beginning optimization with guess, [ 0.1358508  99.39636839].
2019-08-01 09:18:11,265 - INFO - Finished optomization, results are [-22.3566890861537 array([1.65922173e-01, 4.55233343e+02])].
2019-08-01 09:18:11,266 - INFO - Beginning optimization with guess, [7.45274930e-02 1.30163817e+02].
2019-08-01 09:18:16,558 - INFO - Finished optomization, results are [-22.356693591004557 array([1.64921271e-01, 4.69578452e+02])].
2019-08-01 09:18:16,559 - INFO - Beginning optimization with guess, [1.30819969e-01 1.76654623e+02].
2019-08-01 09:18:22,045 - INFO - Finished optomization, results are [-22.356692430961658 array([1.65051992e-01, 4.67571043e+02])].
2019-08-01 09:18:22,049 - INFO - Beginning optimization with guess, [1.65240089e-01 1.96306107e+02].
2019-08-01 09:18:27,402 - INFO - Finished optomization, results are [-22.356682855660278 array([1.65445218e-01, 4.61956602e+02])].
2019-08-01 09:18:27,402 - INFO - Beginning optimization with guess, [8.58842717e-02 9.57403952e+01].
2019-08-01 09:18:32,626 - INFO - Finished optomization, results are [-22.357039167071584 array([1.62560854e-01, 5.03518615e+02])].
2019-08-01 09:18:32,627 - INFO - Beginning optimization with guess, [6.94236993e-02 8.42767877e+01].
2019-08-01 09:18:38,514 - INFO - Finished optomization, results are [-22.35671346112026 array([1.64418990e-01, 4.77789408e+02])].
2019-08-01 09:18:38,514 - INFO - Beginning optimization with guess, [6.13100810e-02 9.30340076e+01].
2019-08-01 09:18:43,900 - INFO - Finished optomization, results are [-22.356781761730744 array([1.64689439e-01, 4.71388802e+02])].
2019-08-01 09:18:43,900 - INFO - Beginning optimization with guess, [1.75789864e-01 1.88851680e+02].
2019-08-01 09:18:48,259 - INFO - Finished optomization, results are [-22.356714471405684 array([1.64588185e-01, 4.74449798e+02])].
2019-08-01 09:18:48,260 - INFO - Beginning optimization with guess, [4.74199425e-02 7.80795931e+01].
2019-08-01 09:18:54,318 - INFO - Finished optomization, results are [-22.356706616722683 array([1.65444994e-01, 4.61532062e+02])].
2019-08-01 09:18:54,318 - INFO - Beginning optimization with guess, [ 0.13681227 86.3344678 ].
2019-08-01 09:18:57,187 - INFO - Finished optomization, results are [-22.35672950233231 array([1.65491704e-01, 4.60519672e+02])].
2019-08-01 09:18:57,188 - INFO - Beginning optimization with guess, [5.21365517e-02 2.24630301e+02].
2019-08-01 09:19:02,519 - INFO - Finished optomization, results are [-22.356725324422115 array([1.65758696e-01, 4.56905104e+02])].
2019-08-01 09:19:02,519 - INFO - Beginning optimization with guess, [1.13846308e-01 2.18604259e+02].
2019-08-01 09:19:06,190 - INFO - Finished optomization, results are [-22.35661769828858 array([1.66244859e-01, 4.52369347e+02])].
2019-08-01 09:19:06,191 - INFO - Finished DFE inference.
2019-08-01 09:19:06,191 - INFO - Integrating expected site-frequency spectrum.
2019-08-01 09:19:06,205 - INFO - Outputing results.
2019-08-01 09:19:06,210 - INFO - Pipeline executed succesfully.
