2019-08-01 12:46:55,340 - INFO - Beginning execution of fitdadi_infer_DFE.py in directory /u/home/j/jonmah/lohmueller_lab/Scripts

2019-08-01 12:46:55,341 - INFO - Progress is being logged to ../Data/AW_array_2000/seed_34_fitdadi_output/log.log

2019-08-01 12:46:55,341 - INFO - Parsed the following arguments:
	breed = AW
	outprefix = ../Data/AW_array_2000/seed_34_fitdadi_output/
	nonsyn_input_sfs = ../Data/AW_array_2000/seed_34_easySFS_output_nonsyn/dadi/pop1.sfs
	syn_input_sfs = ../Data/AW_array_2000/seed_34_easySFS_output_syn/dadi/pop1.sfs

2019-08-01 12:46:55,344 - INFO - Beginning optimization with guess, [0.84513366 0.09230738].
2019-08-01 12:46:56,505 - INFO - Finished optimization with guess, [0.84513366 0.09230738].
2019-08-01 12:46:56,506 - INFO - Best fit parameters: [1.44613749 0.10280835].
2019-08-01 12:46:56,524 - INFO - Maximum log composite likelihood: -19.3784606627.
2019-08-01 12:46:56,525 - INFO - Optimal value of theta: 52.2926765187.
2019-08-01 12:46:56,526 - INFO - Beginning optimization with guess, [0.52075642 0.13468342].
2019-08-01 12:46:57,318 - INFO - Finished optimization with guess, [0.52075642 0.13468342].
2019-08-01 12:46:57,318 - INFO - Best fit parameters: [1.44708689 0.10265047].
2019-08-01 12:46:57,337 - INFO - Maximum log composite likelihood: -19.3784601667.
2019-08-01 12:46:57,338 - INFO - Optimal value of theta: 52.2916619167.
2019-08-01 12:46:57,338 - INFO - Beginning optimization with guess, [0.34521734 0.07674494].
2019-08-01 12:46:58,220 - INFO - Finished optimization with guess, [0.34521734 0.07674494].
2019-08-01 12:46:58,221 - INFO - Best fit parameters: [1.44652425 0.10287779].
2019-08-01 12:46:58,239 - INFO - Maximum log composite likelihood: -19.3784604087.
2019-08-01 12:46:58,240 - INFO - Optimal value of theta: 52.2890818791.
2019-08-01 12:46:58,241 - INFO - Beginning optimization with guess, [0.75541333 0.06047261].
2019-08-01 12:46:59,482 - INFO - Finished optimization with guess, [0.75541333 0.06047261].
2019-08-01 12:46:59,483 - INFO - Best fit parameters: [1.44600641 0.10293825].
2019-08-01 12:46:59,500 - INFO - Maximum log composite likelihood: -19.3784607042.
2019-08-01 12:46:59,501 - INFO - Optimal value of theta: 52.2902534501.
2019-08-01 12:46:59,501 - INFO - Beginning optimization with guess, [0.44554226 0.12318289].
2019-08-01 12:47:00,235 - INFO - Finished optimization with guess, [0.44554226 0.12318289].
2019-08-01 12:47:00,235 - INFO - Best fit parameters: [1.44563141 0.10294771].
2019-08-01 12:47:00,252 - INFO - Maximum log composite likelihood: -19.3784611285.
2019-08-01 12:47:00,253 - INFO - Optimal value of theta: 52.291918393.
2019-08-01 12:47:00,253 - INFO - Beginning optimization with guess, [0.58071556 0.13480177].
2019-08-01 12:47:01,093 - INFO - Finished optimization with guess, [0.58071556 0.13480177].
2019-08-01 12:47:01,093 - INFO - Best fit parameters: [1.44188519 0.10418286].
2019-08-01 12:47:01,111 - INFO - Maximum log composite likelihood: -19.3784678779.
2019-08-01 12:47:01,112 - INFO - Optimal value of theta: 52.2817413206.
2019-08-01 12:47:01,112 - INFO - Beginning optimization with guess, [0.72938769 0.17522232].
2019-08-01 12:47:01,808 - INFO - Finished optimization with guess, [0.72938769 0.17522232].
2019-08-01 12:47:01,808 - INFO - Best fit parameters: [1.44082556 0.10451651].
2019-08-01 12:47:01,826 - INFO - Maximum log composite likelihood: -19.3784684644.
2019-08-01 12:47:01,827 - INFO - Optimal value of theta: 52.2792307259.
2019-08-01 12:47:01,827 - INFO - Beginning optimization with guess, [0.51200042 0.05563097].
2019-08-01 12:47:02,600 - INFO - Finished optimization with guess, [0.51200042 0.05563097].
2019-08-01 12:47:02,600 - INFO - Best fit parameters: [1.44081908 0.10451847].
2019-08-01 12:47:02,617 - INFO - Maximum log composite likelihood: -19.3784684715.
2019-08-01 12:47:02,617 - INFO - Optimal value of theta: 52.2792174045.
2019-08-01 12:47:02,618 - INFO - Beginning optimization with guess, [0.88427369 0.05089212].
2019-08-01 12:47:03,341 - INFO - Finished optimization with guess, [0.88427369 0.05089212].
2019-08-01 12:47:03,341 - INFO - Best fit parameters: [1.44563307 0.10290163].
2019-08-01 12:47:03,359 - INFO - Maximum log composite likelihood: -19.3784612149.
2019-08-01 12:47:03,360 - INFO - Optimal value of theta: 52.2930024759.
2019-08-01 12:47:03,360 - INFO - Beginning optimization with guess, [0.90597723 0.13655369].
2019-08-01 12:47:03,991 - INFO - Finished optimization with guess, [0.90597723 0.13655369].
2019-08-01 12:47:03,992 - INFO - Best fit parameters: [1.44081685 0.10451849].
2019-08-01 12:47:04,009 - INFO - Maximum log composite likelihood: -19.3784684749.
2019-08-01 12:47:04,010 - INFO - Optimal value of theta: 52.279228282.
2019-08-01 12:47:04,010 - INFO - Beginning optimization with guess, [0.25205386 0.18783731].
2019-08-01 12:47:05,002 - INFO - Finished optimization with guess, [0.25205386 0.18783731].
2019-08-01 12:47:05,002 - INFO - Best fit parameters: [1.44008312 0.10475249].
2019-08-01 12:47:05,019 - INFO - Maximum log composite likelihood: -19.3784695466.
2019-08-01 12:47:05,020 - INFO - Optimal value of theta: 52.277455133.
2019-08-01 12:47:05,020 - INFO - Beginning optimization with guess, [0.68980995 0.08259846].
2019-08-01 12:47:06,529 - INFO - Finished optimization with guess, [0.68980995 0.08259846].
2019-08-01 12:47:06,530 - INFO - Best fit parameters: [1.44657473 0.10288935].
2019-08-01 12:47:06,547 - INFO - Maximum log composite likelihood: -19.3784604373.
2019-08-01 12:47:06,548 - INFO - Optimal value of theta: 52.288553518.
2019-08-01 12:47:06,548 - INFO - Beginning optimization with guess, [0.48066136 0.05298194].
2019-08-01 12:47:07,418 - INFO - Finished optimization with guess, [0.48066136 0.05298194].
2019-08-01 12:47:07,419 - INFO - Best fit parameters: [1.43992928 0.10481076].
2019-08-01 12:47:07,438 - INFO - Maximum log composite likelihood: -19.3784698495.
2019-08-01 12:47:07,438 - INFO - Optimal value of theta: 52.2768698425.
2019-08-01 12:47:07,439 - INFO - Beginning optimization with guess, [0.64702439 0.18542499].
2019-08-01 12:47:08,650 - INFO - Finished optimization with guess, [0.64702439 0.18542499].
2019-08-01 12:47:08,650 - INFO - Best fit parameters: [1.44602935 0.102828  ].
2019-08-01 12:47:08,668 - INFO - Maximum log composite likelihood: -19.3784607644.
2019-08-01 12:47:08,669 - INFO - Optimal value of theta: 52.2927541416.
2019-08-01 12:47:08,669 - INFO - Beginning optimization with guess, [0.36513937 0.17885398].
2019-08-01 12:47:09,658 - INFO - Finished optimization with guess, [0.36513937 0.17885398].
2019-08-01 12:47:09,658 - INFO - Best fit parameters: [1.44720499 0.10258293].
2019-08-01 12:47:09,675 - INFO - Maximum log composite likelihood: -19.3784602088.
2019-08-01 12:47:09,675 - INFO - Optimal value of theta: 52.2926786662.
2019-08-01 12:47:09,676 - INFO - Beginning optimization with guess, [0.74235339 0.14686828].
2019-08-01 12:47:11,288 - INFO - Finished optimization with guess, [0.74235339 0.14686828].
2019-08-01 12:47:11,288 - INFO - Best fit parameters: [1.44602615 0.10283097].
2019-08-01 12:47:11,306 - INFO - Maximum log composite likelihood: -19.3784607625.
2019-08-01 12:47:11,307 - INFO - Optimal value of theta: 52.2926996827.
2019-08-01 12:47:11,307 - INFO - Beginning optimization with guess, [0.60454993 0.12185274].
2019-08-01 12:47:12,524 - INFO - Finished optimization with guess, [0.60454993 0.12185274].
2019-08-01 12:47:12,525 - INFO - Best fit parameters: [1.44227188 0.10416011].
2019-08-01 12:47:12,541 - INFO - Maximum log composite likelihood: -19.3784675883.
2019-08-01 12:47:12,542 - INFO - Optimal value of theta: 52.2803158096.
2019-08-01 12:47:12,542 - INFO - Beginning optimization with guess, [0.53852988 0.1741534 ].
2019-08-01 12:47:13,305 - INFO - Finished optimization with guess, [0.53852988 0.1741534 ].
2019-08-01 12:47:13,305 - INFO - Best fit parameters: [1.44562838 0.1029489 ].
2019-08-01 12:47:13,322 - INFO - Maximum log composite likelihood: -19.3784611314.
2019-08-01 12:47:13,322 - INFO - Optimal value of theta: 52.2919056713.
2019-08-01 12:47:13,323 - INFO - Beginning optimization with guess, [0.42220906 0.1143808 ].
2019-08-01 12:47:14,689 - INFO - Finished optimization with guess, [0.42220906 0.1143808 ].
2019-08-01 12:47:14,689 - INFO - Best fit parameters: [1.44142389 0.10429222].
2019-08-01 12:47:14,707 - INFO - Maximum log composite likelihood: -19.3784681133.
2019-08-01 12:47:14,708 - INFO - Optimal value of theta: 52.2814925857.
2019-08-01 12:47:14,709 - INFO - Beginning optimization with guess, [0.90827721 0.14837992].
2019-08-01 12:47:16,073 - INFO - Finished optimization with guess, [0.90827721 0.14837992].
2019-08-01 12:47:16,073 - INFO - Best fit parameters: [1.44151476 0.10435786].
2019-08-01 12:47:16,090 - INFO - Maximum log composite likelihood: -19.3784678225.
2019-08-01 12:47:16,091 - INFO - Optimal value of theta: 52.2794721573.
2019-08-01 12:47:16,091 - INFO - Beginning optimization with guess, [0.38792773 0.09731371].
2019-08-01 12:47:17,229 - INFO - Finished optimization with guess, [0.38792773 0.09731371].
2019-08-01 12:47:17,229 - INFO - Best fit parameters: [1.44615928 0.10281555].
2019-08-01 12:47:17,246 - INFO - Maximum log composite likelihood: -19.3784606227.
2019-08-01 12:47:17,246 - INFO - Optimal value of theta: 52.2923958835.
2019-08-01 12:47:17,247 - INFO - Beginning optimization with guess, [0.27094213 0.19728636].
2019-08-01 12:47:18,212 - INFO - Finished optimization with guess, [0.27094213 0.19728636].
2019-08-01 12:47:18,212 - INFO - Best fit parameters: [1.4417915  0.10415495].
2019-08-01 12:47:18,229 - INFO - Maximum log composite likelihood: -19.3784681425.
2019-08-01 12:47:18,229 - INFO - Optimal value of theta: 52.2828813389.
2019-08-01 12:47:18,230 - INFO - Beginning optimization with guess, [0.4135244  0.06297404].
2019-08-01 12:47:19,057 - INFO - Finished optimization with guess, [0.4135244  0.06297404].
2019-08-01 12:47:19,057 - INFO - Best fit parameters: [1.44224542 0.10545602].
2019-08-01 12:47:19,074 - INFO - Maximum log composite likelihood: -19.3784865289.
2019-08-01 12:47:19,075 - INFO - Optimal value of theta: 52.2497718663.
2019-08-01 12:47:19,075 - INFO - Beginning optimization with guess, [0.44937603 0.16586849].
2019-08-01 12:47:20,779 - INFO - Finished optimization with guess, [0.44937603 0.16586849].
2019-08-01 12:47:20,780 - INFO - Best fit parameters: [1.44568553 0.10293008].
2019-08-01 12:47:20,796 - INFO - Maximum log composite likelihood: -19.3784610723.
2019-08-01 12:47:20,797 - INFO - Optimal value of theta: 52.2920635769.
2019-08-01 12:47:20,797 - INFO - Beginning optimization with guess, [0.97677985 0.18521276].
2019-08-01 12:47:21,657 - INFO - Finished optimization with guess, [0.97677985 0.18521276].
2019-08-01 12:47:21,657 - INFO - Best fit parameters: [1.44512284 0.10307043].
2019-08-01 12:47:21,674 - INFO - Maximum log composite likelihood: -19.3784618298.
2019-08-01 12:47:21,675 - INFO - Optimal value of theta: 52.2915779329.
2019-08-01 12:47:21,675 - INFO - Beginning optimization with guess, [0.91941461 0.13202918].
2019-08-01 12:47:22,277 - INFO - Finished optimization with guess, [0.91941461 0.13202918].
2019-08-01 12:47:22,278 - INFO - Best fit parameters: [1.44083785 0.1045117 ].
2019-08-01 12:47:22,294 - INFO - Maximum log composite likelihood: -19.3784684525.
2019-08-01 12:47:22,295 - INFO - Optimal value of theta: 52.2792816871.
2019-08-01 12:47:22,295 - INFO - Beginning optimization with guess, [0.36335451 0.0942989 ].
2019-08-01 12:47:23,035 - INFO - Finished optimization with guess, [0.36335451 0.0942989 ].
2019-08-01 12:47:23,037 - INFO - Best fit parameters: [1.44562859 0.10294881].
2019-08-01 12:47:23,053 - INFO - Maximum log composite likelihood: -19.3784611312.
2019-08-01 12:47:23,054 - INFO - Optimal value of theta: 52.2919066288.
2019-08-01 12:47:23,054 - INFO - Beginning optimization with guess, [0.810856   0.08471659].
2019-08-01 12:47:25,474 - INFO - Finished optimization with guess, [0.810856   0.08471659].
2019-08-01 12:47:25,474 - INFO - Best fit parameters: [1.44575608 0.10291312].
2019-08-01 12:47:25,491 - INFO - Maximum log composite likelihood: -19.3784609941.
2019-08-01 12:47:25,491 - INFO - Optimal value of theta: 52.2921104325.
2019-08-01 12:47:25,492 - INFO - Beginning optimization with guess, [0.80565642 0.05331937].
2019-08-01 12:47:26,425 - INFO - Finished optimization with guess, [0.80565642 0.05331937].
2019-08-01 12:47:26,426 - INFO - Best fit parameters: [1.4421788 0.104148 ].
2019-08-01 12:47:26,443 - INFO - Maximum log composite likelihood: -19.3784676889.
2019-08-01 12:47:26,444 - INFO - Optimal value of theta: 52.2810770997.
2019-08-01 12:47:26,444 - INFO - Beginning optimization with guess, [0.27563372 0.053219  ].
2019-08-01 12:47:27,901 - INFO - Finished optimization with guess, [0.27563372 0.053219  ].
2019-08-01 12:47:27,901 - INFO - Best fit parameters: [1.69644822 0.05727689].
2019-08-01 12:47:27,917 - INFO - Maximum log composite likelihood: -19.3886772679.
2019-08-01 12:47:27,918 - INFO - Optimal value of theta: 52.8314838752.
2019-08-01 12:47:27,918 - INFO - Beginning optimization with guess, [0.3583783  0.16002022].
2019-08-01 12:47:30,594 - INFO - Finished optimization with guess, [0.3583783  0.16002022].
2019-08-01 12:47:30,595 - INFO - Best fit parameters: [1.44088657 0.10453507].
2019-08-01 12:47:30,611 - INFO - Maximum log composite likelihood: -19.3784683614.
2019-08-01 12:47:30,612 - INFO - Optimal value of theta: 52.2784798391.
2019-08-01 12:47:30,612 - INFO - Beginning optimization with guess, [0.38700632 0.06036009].
2019-08-01 12:47:31,469 - INFO - Finished optimization with guess, [0.38700632 0.06036009].
2019-08-01 12:47:31,470 - INFO - Best fit parameters: [1.49660093 0.09004408].
2019-08-01 12:47:31,486 - INFO - Maximum log composite likelihood: -19.3791184397.
2019-08-01 12:47:31,487 - INFO - Optimal value of theta: 52.3851880289.
2019-08-01 12:47:31,488 - INFO - Beginning optimization with guess, [0.39220946 0.16958755].
2019-08-01 12:47:32,271 - INFO - Finished optimization with guess, [0.39220946 0.16958755].
2019-08-01 12:47:32,272 - INFO - Best fit parameters: [1.44648681 0.10266208].
2019-08-01 12:47:32,288 - INFO - Maximum log composite likelihood: -19.3784606243.
2019-08-01 12:47:32,289 - INFO - Optimal value of theta: 52.2943973597.
2019-08-01 12:47:32,290 - INFO - Beginning optimization with guess, [0.88683456 0.14544282].
2019-08-01 12:47:33,445 - INFO - Finished optimization with guess, [0.88683456 0.14544282].
2019-08-01 12:47:33,445 - INFO - Best fit parameters: [1.44159044 0.104404  ].
2019-08-01 12:47:33,462 - INFO - Maximum log composite likelihood: -19.3784677323.
2019-08-01 12:47:33,463 - INFO - Optimal value of theta: 52.2779918841.
2019-08-01 12:47:33,463 - INFO - Beginning optimization with guess, [0.79251619 0.08163569].
2019-08-01 12:47:34,006 - INFO - Finished optimization with guess, [0.79251619 0.08163569].
2019-08-01 12:47:34,006 - INFO - Best fit parameters: [1.4456484  0.10294273].
2019-08-01 12:47:34,023 - INFO - Maximum log composite likelihood: -19.3784611097.
2019-08-01 12:47:34,024 - INFO - Optimal value of theta: 52.2919509249.
2019-08-01 12:47:34,024 - INFO - Beginning optimization with guess, [0.28426764 0.05583641].
2019-08-01 12:47:34,900 - INFO - Finished optimization with guess, [0.28426764 0.05583641].
2019-08-01 12:47:34,900 - INFO - Best fit parameters: [1.55452521 0.07301672].
2019-08-01 12:47:34,917 - INFO - Maximum log composite likelihood: -19.382559842.
2019-08-01 12:47:34,917 - INFO - Optimal value of theta: 52.6665945145.
2019-08-01 12:47:34,918 - INFO - Beginning optimization with guess, [0.94956932 0.05033701].
2019-08-01 12:47:35,853 - INFO - Finished optimization with guess, [0.94956932 0.05033701].
2019-08-01 12:47:35,853 - INFO - Best fit parameters: [1.44140496 0.1042898 ].
2019-08-01 12:47:35,870 - INFO - Maximum log composite likelihood: -19.3784681533.
2019-08-01 12:47:35,871 - INFO - Optimal value of theta: 52.281646447.
2019-08-01 12:47:35,871 - INFO - Beginning optimization with guess, [0.80339637 0.19464795].
2019-08-01 12:47:37,239 - INFO - Finished optimization with guess, [0.80339637 0.19464795].
2019-08-01 12:47:37,239 - INFO - Best fit parameters: [1.44637263 0.10273679].
2019-08-01 12:47:37,256 - INFO - Maximum log composite likelihood: -19.378460536.
2019-08-01 12:47:37,256 - INFO - Optimal value of theta: 52.2931944185.
2019-08-01 12:47:37,257 - INFO - Beginning optimization with guess, [0.76348392 0.10749104].
2019-08-01 12:47:38,653 - INFO - Finished optimization with guess, [0.76348392 0.10749104].
2019-08-01 12:47:38,653 - INFO - Best fit parameters: [1.44583043 0.10298787].
2019-08-01 12:47:38,670 - INFO - Maximum log composite likelihood: -19.3784608838.
2019-08-01 12:47:38,670 - INFO - Optimal value of theta: 52.2899635458.
2019-08-01 12:47:38,671 - INFO - Beginning optimization with guess, [0.7722338  0.14588876].
2019-08-01 12:47:39,424 - INFO - Finished optimization with guess, [0.7722338  0.14588876].
2019-08-01 12:47:39,425 - INFO - Best fit parameters: [1.44082557 0.10451586].
2019-08-01 12:47:39,442 - INFO - Maximum log composite likelihood: -19.3784684653.
2019-08-01 12:47:39,442 - INFO - Optimal value of theta: 52.279246146.
2019-08-01 12:47:39,443 - INFO - Beginning optimization with guess, [0.89268022 0.06910907].
2019-08-01 12:47:40,327 - INFO - Finished optimization with guess, [0.89268022 0.06910907].
2019-08-01 12:47:40,328 - INFO - Best fit parameters: [1.44134682 0.10429808].
2019-08-01 12:47:40,345 - INFO - Maximum log composite likelihood: -19.3784682175.
2019-08-01 12:47:40,345 - INFO - Optimal value of theta: 52.281746159.
2019-08-01 12:47:40,346 - INFO - Beginning optimization with guess, [0.91541157 0.10859944].
2019-08-01 12:47:41,437 - INFO - Finished optimization with guess, [0.91541157 0.10859944].
2019-08-01 12:47:41,437 - INFO - Best fit parameters: [1.44601216 0.1028702 ].
2019-08-01 12:47:41,454 - INFO - Maximum log composite likelihood: -19.3784607171.
2019-08-01 12:47:41,455 - INFO - Optimal value of theta: 52.2918389809.
2019-08-01 12:47:41,455 - INFO - Beginning optimization with guess, [0.29441105 0.05907927].
2019-08-01 12:47:47,734 - INFO - Finished optimization with guess, [0.29441105 0.05907927].
2019-08-01 12:47:47,735 - INFO - Best fit parameters: [1.75519349 0.05165076].
2019-08-01 12:47:47,751 - INFO - Maximum log composite likelihood: -19.3922303165.
2019-08-01 12:47:47,752 - INFO - Optimal value of theta: 52.9382276614.
2019-08-01 12:47:47,752 - INFO - Beginning optimization with guess, [0.79028245 0.06948563].
2019-08-01 12:47:48,738 - INFO - Finished optimization with guess, [0.79028245 0.06948563].
2019-08-01 12:47:48,738 - INFO - Best fit parameters: [1.44568695 0.10294477].
2019-08-01 12:47:48,754 - INFO - Maximum log composite likelihood: -19.3784610513.
2019-08-01 12:47:48,755 - INFO - Optimal value of theta: 52.2917082901.
2019-08-01 12:47:48,756 - INFO - Beginning optimization with guess, [0.28157067 0.05891379].
2019-08-01 12:47:49,630 - INFO - Finished optimization with guess, [0.28157067 0.05891379].
2019-08-01 12:47:49,630 - INFO - Best fit parameters: [1.58352254 0.06693732].
2019-08-01 12:47:49,646 - INFO - Maximum log composite likelihood: -19.3849267788.
2019-08-01 12:47:49,647 - INFO - Optimal value of theta: 52.7737179028.
2019-08-01 12:47:49,647 - INFO - Beginning optimization with guess, [0.43940998 0.05782761].
2019-08-01 12:47:50,548 - INFO - Finished optimization with guess, [0.43940998 0.05782761].
2019-08-01 12:47:50,548 - INFO - Best fit parameters: [1.44649059 0.10257154].
2019-08-01 12:47:50,565 - INFO - Maximum log composite likelihood: -19.3784610686.
2019-08-01 12:47:50,565 - INFO - Optimal value of theta: 52.2965328556.
2019-08-01 12:47:50,566 - INFO - Beginning optimization with guess, [0.400066   0.05446477].
2019-08-01 12:47:51,460 - INFO - Finished optimization with guess, [0.400066   0.05446477].
2019-08-01 12:47:51,460 - INFO - Best fit parameters: [1.45779525 0.09867372].
2019-08-01 12:47:51,477 - INFO - Maximum log composite likelihood: -19.3785354515.
2019-08-01 12:47:51,478 - INFO - Optimal value of theta: 52.3361292813.
2019-08-01 12:47:51,478 - INFO - Beginning optimization with guess, [0.35257305 0.09071176].
2019-08-01 12:47:52,963 - INFO - Finished optimization with guess, [0.35257305 0.09071176].
2019-08-01 12:47:52,964 - INFO - Best fit parameters: [1.4410077  0.10439584].
2019-08-01 12:47:52,981 - INFO - Maximum log composite likelihood: -19.3784684514.
2019-08-01 12:47:52,981 - INFO - Optimal value of theta: 52.281157834.
2019-08-01 12:47:52,982 - INFO - Beginning optimization with guess, [0.44626198 0.12418842].
2019-08-01 12:47:55,681 - INFO - Finished optimization with guess, [0.44626198 0.12418842].
2019-08-01 12:47:55,682 - INFO - Best fit parameters: [1.44572983 0.10300868].
2019-08-01 12:47:55,699 - INFO - Maximum log composite likelihood: -19.3784609916.
2019-08-01 12:47:55,700 - INFO - Optimal value of theta: 52.2899775214.
2019-08-01 12:47:55,700 - INFO - Beginning optimization with guess, [0.37965732 0.11089448].
2019-08-01 12:47:58,479 - INFO - Finished optimization with guess, [0.37965732 0.11089448].
2019-08-01 12:47:58,480 - INFO - Best fit parameters: [1.44093431 0.1044842 ].
2019-08-01 12:47:58,499 - INFO - Maximum log composite likelihood: -19.3784683493.
2019-08-01 12:47:58,499 - INFO - Optimal value of theta: 52.2794399442.
2019-08-01 12:47:58,501 - INFO - Finished demographic inference.
2019-08-01 12:47:58,501 - INFO - Beginning DFE inference.
2019-08-01 12:48:11,688 - INFO - Beginning optimization with guess, [7.51907879e-02 8.96694792e+01].
2019-08-01 12:48:18,535 - INFO - Finished optomization, results are [-23.412431106167126 array([9.37837289e-02, 3.45914033e+03])].
2019-08-01 12:48:18,536 - INFO - Beginning optimization with guess, [4.64316294e-02 1.29542457e+02].
2019-08-01 12:48:27,346 - INFO - Finished optomization, results are [-23.741818722738515 array([8.62037760e-02, 3.61198219e+03])].
2019-08-01 12:48:27,348 - INFO - Beginning optimization with guess, [9.49403902e-02 1.14040377e+02].
2019-08-01 12:48:32,763 - INFO - Finished optomization, results are [-23.49081812786563 array([9.15185031e-02, 3.38981977e+03])].
2019-08-01 12:48:32,765 - INFO - Beginning optimization with guess, [8.80592118e-02 1.18810793e+02].
2019-08-01 12:48:40,930 - INFO - Finished optomization, results are [-23.44977799248869 array([9.03738296e-02, 3.73705202e+03])].
2019-08-01 12:48:40,931 - INFO - Beginning optimization with guess, [5.92292464e-02 7.42457537e+01].
2019-08-01 12:48:47,281 - INFO - Finished optomization, results are [-23.43339834813531 array([9.30379430e-02, 3.42786992e+03])].
2019-08-01 12:48:47,281 - INFO - Beginning optimization with guess, [ 0.10613097 67.80972816].
2019-08-01 12:48:52,801 - INFO - Finished optomization, results are [-23.42421399839776 array([9.30318447e-02, 3.47482905e+03])].
2019-08-01 12:48:52,802 - INFO - Beginning optimization with guess, [4.98603890e-02 2.12773029e+02].
2019-08-01 12:48:57,966 - INFO - Finished optomization, results are [-23.490421631795602 array([9.28069359e-02, 3.21157167e+03])].
2019-08-01 12:48:57,968 - INFO - Beginning optimization with guess, [9.78873232e-02 1.24262562e+02].
2019-08-01 12:49:06,159 - INFO - Finished optomization, results are [-23.41837022512112 array([9.20903406e-02, 3.62282145e+03])].
2019-08-01 12:49:06,160 - INFO - Beginning optimization with guess, [8.36646184e-02 1.27365298e+02].
2019-08-01 12:49:11,630 - INFO - Finished optomization, results are [-23.590811877110887 array([9.04008837e-02, 3.23546981e+03])].
2019-08-01 12:49:11,631 - INFO - Beginning optimization with guess, [ 0.12531368 71.51538729].
2019-08-01 12:49:20,935 - INFO - Finished optomization, results are [-23.465052253155264 array([9.14644483e-02, 3.49939034e+03])].
2019-08-01 12:49:20,936 - INFO - Beginning optimization with guess, [5.81299460e-02 1.20973355e+02].
2019-08-01 12:49:28,388 - INFO - Finished optomization, results are [-23.60636159787666 array([8.78881253e-02, 3.64113520e+03])].
2019-08-01 12:49:28,389 - INFO - Beginning optimization with guess, [ 0.13646913 83.74545655].
2019-08-01 12:49:35,205 - INFO - Finished optomization, results are [-23.490623774690572 array([9.06900450e-02, 3.51952487e+03])].
2019-08-01 12:49:35,206 - INFO - Beginning optimization with guess, [ 0.1514453  72.35062659].
2019-08-01 12:49:40,589 - INFO - Finished optomization, results are [-23.420927825492015 array([9.59042339e-02, 3.26032894e+03])].
2019-08-01 12:49:40,590 - INFO - Beginning optimization with guess, [1.46199430e-01 1.86760466e+02].
2019-08-01 12:49:46,250 - INFO - Finished optomization, results are [-23.51759204556167 array([8.95366745e-02, 3.61817702e+03])].
2019-08-01 12:49:46,252 - INFO - Beginning optimization with guess, [4.50108001e-02 6.47631607e+01].
2019-08-01 12:50:01,336 - INFO - Finished optomization, results are [-23.45595329365085 array([9.00496032e-02, 3.76604021e+03])].
2019-08-01 12:50:01,338 - INFO - Beginning optimization with guess, [ 0.1694687  74.12870068].
2019-08-01 12:50:08,385 - INFO - Finished optomization, results are [-23.3955360983735 array([9.27510949e-02, 3.66670904e+03])].
2019-08-01 12:50:08,386 - INFO - Beginning optimization with guess, [1.42811992e-01 2.12628238e+02].
2019-08-01 12:50:14,792 - INFO - Finished optomization, results are [-23.532804243867965 array([8.87814576e-02, 3.70500743e+03])].
2019-08-01 12:50:14,792 - INFO - Beginning optimization with guess, [9.26287554e-02 2.43721497e+02].
2019-08-01 12:50:24,004 - INFO - Finished optomization, results are [-23.393286548866094 array([9.20931879e-02, 3.75882100e+03])].
2019-08-01 12:50:24,005 - INFO - Beginning optimization with guess, [  0.13994244 115.71862762].
2019-08-01 12:50:29,795 - INFO - Finished optomization, results are [-23.481329571764217 array([9.19894621e-02, 3.35762116e+03])].
2019-08-01 12:50:29,796 - INFO - Beginning optimization with guess, [6.80693220e-02 1.78899658e+02].
2019-08-01 12:50:34,751 - INFO - Finished optomization, results are [-23.528665444553354 array([9.03256158e-02, 3.44312508e+03])].
2019-08-01 12:50:34,752 - INFO - Beginning optimization with guess, [ 0.08326465 77.3704836 ].
2019-08-01 12:50:43,502 - INFO - Finished optomization, results are [-23.42576664599476 array([9.65185718e-02, 3.20942501e+03])].
2019-08-01 12:50:43,503 - INFO - Beginning optimization with guess, [ 0.09446195 64.24404902].
2019-08-01 12:50:50,233 - INFO - Finished optomization, results are [-23.406381702422355 array([9.4407305e-02, 3.4435339e+03])].
2019-08-01 12:50:50,234 - INFO - Beginning optimization with guess, [ 0.11346984 63.81709447].
2019-08-01 12:50:57,886 - INFO - Finished optomization, results are [-23.41293779664077 array([9.22017806e-02, 3.63616562e+03])].
2019-08-01 12:50:57,887 - INFO - Beginning optimization with guess, [4.96518949e-02 1.09656710e+02].
2019-08-01 12:51:06,715 - INFO - Finished optomization, results are [-23.528016622545675 array([8.86552023e-02, 3.74619591e+03])].
2019-08-01 12:51:06,716 - INFO - Beginning optimization with guess, [1.08950708e-01 1.96506390e+02].
2019-08-01 12:51:11,756 - INFO - Finished optomization, results are [-23.45498561691573 array([9.08633911e-02, 3.63448227e+03])].
2019-08-01 12:51:11,757 - INFO - Beginning optimization with guess, [1.19861801e-01 1.59842720e+02].
2019-08-01 12:51:16,754 - INFO - Finished optomization, results are [-23.691172748853894 array([8.65127897e-02, 3.68109093e+03])].
2019-08-01 12:51:16,755 - INFO - Beginning optimization with guess, [5.85217616e-02 1.57433739e+02].
2019-08-01 12:51:32,979 - INFO - Finished optomization, results are [-23.369781103450723 array([9.35352219e-02, 3.77342865e+03])].
2019-08-01 12:51:32,980 - INFO - Beginning optimization with guess, [ 0.1536671  93.27532758].
2019-08-01 12:51:49,951 - INFO - Finished optomization, results are [-23.388947362210864 array([9.22319088e-02, 3.76724256e+03])].
2019-08-01 12:51:49,953 - INFO - Beginning optimization with guess, [5.37490097e-02 1.10356396e+02].
2019-08-01 12:51:57,896 - INFO - Finished optomization, results are [-23.47082951227047 array([9.06811771e-02, 3.59823700e+03])].
2019-08-01 12:51:57,897 - INFO - Beginning optimization with guess, [9.39682656e-02 1.35930308e+02].
2019-08-01 12:52:04,873 - INFO - Finished optomization, results are [-23.417261683980193 array([9.32752194e-02, 3.48411653e+03])].
2019-08-01 12:52:04,873 - INFO - Beginning optimization with guess, [4.57088678e-02 1.43522361e+02].
2019-08-01 12:52:11,369 - INFO - Finished optomization, results are [-23.444447791446553 array([9.11955878e-02, 3.62828913e+03])].
2019-08-01 12:52:11,371 - INFO - Beginning optimization with guess, [9.70634462e-02 2.24567066e+02].
2019-08-01 12:52:24,653 - INFO - Finished optomization, results are [-23.407479689685445 array([9.14158670e-02, 3.77313959e+03])].
2019-08-01 12:52:24,654 - INFO - Beginning optimization with guess, [1.59559829e-01 1.61448602e+02].
2019-08-01 12:52:30,035 - INFO - Finished optomization, results are [-23.43127444872602 array([9.14700161e-02, 3.64717718e+03])].
2019-08-01 12:52:30,036 - INFO - Beginning optimization with guess, [ 0.10261517 77.74034586].
2019-08-01 12:52:36,896 - INFO - Finished optomization, results are [-23.442859421442378 array([9.26856292e-02, 3.42626546e+03])].
2019-08-01 12:52:36,898 - INFO - Beginning optimization with guess, [ 0.11867245 95.86184595].
2019-08-01 12:52:44,043 - INFO - Finished optomization, results are [-23.46429711162749 array([9.00516869e-02, 3.73075919e+03])].
2019-08-01 12:52:44,044 - INFO - Beginning optimization with guess, [6.70250021e-02 2.46301698e+02].
2019-08-01 12:52:52,725 - INFO - Finished optomization, results are [-23.481682194723795 array([9.21722123e-02, 3.33057643e+03])].
2019-08-01 12:52:52,726 - INFO - Beginning optimization with guess, [1.52687822e-01 1.74191524e+02].
2019-08-01 12:52:59,089 - INFO - Finished optomization, results are [-23.49073408931816 array([9.38969446e-02, 3.07725710e+03])].
2019-08-01 12:52:59,089 - INFO - Beginning optimization with guess, [ 0.11557478 86.84129253].
2019-08-01 12:53:08,087 - INFO - Finished optomization, results are [-23.41225224456781 array([9.20685759e-02, 3.65732220e+03])].
2019-08-01 12:53:08,089 - INFO - Beginning optimization with guess, [1.03111681e-01 1.41142301e+02].
2019-08-01 12:53:20,097 - INFO - Finished optomization, results are [-23.478737531029857 array([8.94915394e-02, 3.77231489e+03])].
2019-08-01 12:53:20,098 - INFO - Beginning optimization with guess, [5.70157501e-02 1.52486290e+02].
2019-08-01 12:53:25,970 - INFO - Finished optomization, results are [-23.524026192088737 array([9.27159434e-02, 3.10318856e+03])].
2019-08-01 12:53:25,970 - INFO - Beginning optimization with guess, [ 0.07425441 73.0720488 ].
2019-08-01 12:53:33,330 - INFO - Finished optomization, results are [-23.420152873601463 array([9.43064617e-02, 3.36622539e+03])].
2019-08-01 12:53:33,331 - INFO - Beginning optimization with guess, [1.38346273e-01 2.47574621e+02].
2019-08-01 12:53:41,229 - INFO - Finished optomization, results are [-23.57333785296933 array([8.82164401e-02, 3.67933550e+03])].
2019-08-01 12:53:41,230 - INFO - Beginning optimization with guess, [7.51851960e-02 9.10173534e+01].
2019-08-01 12:53:46,384 - INFO - Finished optomization, results are [-23.43802271269796 array([9.33461988e-02, 3.36923408e+03])].
2019-08-01 12:53:46,385 - INFO - Beginning optimization with guess, [1.37397409e-01 1.42305340e+02].
2019-08-01 12:53:51,288 - INFO - Finished optomization, results are [-23.509773557743397 array([9.11760044e-02, 3.37246601e+03])].
2019-08-01 12:53:51,288 - INFO - Beginning optimization with guess, [6.48904942e-02 1.81043629e+02].
2019-08-01 12:53:59,824 - INFO - Finished optomization, results are [-23.46547663327045 array([9.04440387e-02, 3.65909355e+03])].
2019-08-01 12:53:59,826 - INFO - Beginning optimization with guess, [4.59756477e-02 1.06078874e+02].
2019-08-01 12:54:06,768 - INFO - Finished optomization, results are [-23.58779517496123 array([8.97458342e-02, 3.35304865e+03])].
2019-08-01 12:54:06,769 - INFO - Beginning optimization with guess, [ 0.14653654 76.59596342].
2019-08-01 12:54:21,634 - INFO - Finished optomization, results are [-23.39108031779003 array([9.23109700e-02, 3.74481296e+03])].
2019-08-01 12:54:21,636 - INFO - Beginning optimization with guess, [1.00556527e-01 2.42566043e+02].
2019-08-01 12:54:27,073 - INFO - Finished optomization, results are [-23.45183180060114 array([9.25984047e-02, 3.39691055e+03])].
2019-08-01 12:54:27,073 - INFO - Beginning optimization with guess, [5.19819899e-02 7.30769970e+01].
2019-08-01 12:54:33,568 - INFO - Finished optomization, results are [-23.425666732648324 array([9.38623356e-02, 3.37693632e+03])].
2019-08-01 12:54:33,569 - INFO - Beginning optimization with guess, [  0.15729231 140.83829944].
2019-08-01 12:54:40,965 - INFO - Finished optomization, results are [-23.45505227749465 array([9.10304360e-02, 3.60778028e+03])].
2019-08-01 12:54:40,966 - INFO - Finished DFE inference.
2019-08-01 12:54:40,966 - INFO - Integrating expected site-frequency spectrum.
2019-08-01 12:54:41,012 - INFO - Outputing results.
2019-08-01 12:54:41,018 - INFO - Pipeline executed succesfully.
