2019-08-01 12:46:55,896 - INFO - Beginning execution of fitdadi_infer_DFE.py in directory /u/home/j/jonmah/lohmueller_lab/Scripts

2019-08-01 12:46:55,898 - INFO - Progress is being logged to ../Data/AW_array_2000/seed_31_fitdadi_output/log.log

2019-08-01 12:46:55,898 - INFO - Parsed the following arguments:
	breed = AW
	outprefix = ../Data/AW_array_2000/seed_31_fitdadi_output/
	nonsyn_input_sfs = ../Data/AW_array_2000/seed_31_easySFS_output_nonsyn/dadi/pop1.sfs
	syn_input_sfs = ../Data/AW_array_2000/seed_31_easySFS_output_syn/dadi/pop1.sfs

2019-08-01 12:46:55,901 - INFO - Beginning optimization with guess, [0.26669413 0.12803586].
2019-08-01 12:46:56,811 - INFO - Finished optimization with guess, [0.26669413 0.12803586].
2019-08-01 12:46:56,811 - INFO - Best fit parameters: [0.05544865 0.00208549].
2019-08-01 12:46:56,829 - INFO - Maximum log composite likelihood: -23.9852986174.
2019-08-01 12:46:56,830 - INFO - Optimal value of theta: 59.2958461659.
2019-08-01 12:46:56,830 - INFO - Beginning optimization with guess, [0.78243986 0.09455864].
2019-08-01 12:46:57,738 - INFO - Finished optimization with guess, [0.78243986 0.09455864].
2019-08-01 12:46:57,738 - INFO - Best fit parameters: [0.05635796 0.00203937].
2019-08-01 12:46:57,755 - INFO - Maximum log composite likelihood: -23.9851852313.
2019-08-01 12:46:57,756 - INFO - Optimal value of theta: 59.1290638955.
2019-08-01 12:46:57,756 - INFO - Beginning optimization with guess, [0.41372509 0.08794321].
2019-08-01 12:46:58,647 - INFO - Finished optimization with guess, [0.41372509 0.08794321].
2019-08-01 12:46:58,647 - INFO - Best fit parameters: [0.09896974 0.00400182].
2019-08-01 12:46:58,664 - INFO - Maximum log composite likelihood: -23.9880146711.
2019-08-01 12:46:58,665 - INFO - Optimal value of theta: 59.3769520684.
2019-08-01 12:46:58,665 - INFO - Beginning optimization with guess, [0.40471402 0.08557836].
2019-08-01 12:46:59,558 - INFO - Finished optimization with guess, [0.40471402 0.08557836].
2019-08-01 12:46:59,559 - INFO - Best fit parameters: [0.02978099 0.00103073].
2019-08-01 12:46:59,576 - INFO - Maximum log composite likelihood: -23.9841748124.
2019-08-01 12:46:59,577 - INFO - Optimal value of theta: 59.0751135586.
2019-08-01 12:46:59,578 - INFO - Beginning optimization with guess, [0.53950642 0.06588904].
2019-08-01 12:47:00,439 - INFO - Finished optimization with guess, [0.53950642 0.06588904].
2019-08-01 12:47:00,439 - INFO - Best fit parameters: [0.01933923 0.00066376].
2019-08-01 12:47:00,456 - INFO - Maximum log composite likelihood: -23.9835704507.
2019-08-01 12:47:00,456 - INFO - Optimal value of theta: 59.089740744.
2019-08-01 12:47:00,457 - INFO - Beginning optimization with guess, [0.41420696 0.05561821].
2019-08-01 12:47:01,338 - INFO - Finished optimization with guess, [0.41420696 0.05561821].
2019-08-01 12:47:01,339 - INFO - Best fit parameters: [0.13657637 0.00546765].
2019-08-01 12:47:01,357 - INFO - Maximum log composite likelihood: -23.9897143005.
2019-08-01 12:47:01,357 - INFO - Optimal value of theta: 59.1329874824.
2019-08-01 12:47:01,358 - INFO - Beginning optimization with guess, [0.84271554 0.14397229].
2019-08-01 12:47:02,272 - INFO - Finished optimization with guess, [0.84271554 0.14397229].
2019-08-01 12:47:02,272 - INFO - Best fit parameters: [0.06056026 0.00218009].
2019-08-01 12:47:02,290 - INFO - Maximum log composite likelihood: -23.985688454.
2019-08-01 12:47:02,291 - INFO - Optimal value of theta: 59.0872927734.
2019-08-01 12:47:02,291 - INFO - Beginning optimization with guess, [0.49187415 0.08008708].
2019-08-01 12:47:03,174 - INFO - Finished optimization with guess, [0.49187415 0.08008708].
2019-08-01 12:47:03,175 - INFO - Best fit parameters: [0.05319504 0.00191513].
2019-08-01 12:47:03,192 - INFO - Maximum log composite likelihood: -23.9850700362.
2019-08-01 12:47:03,193 - INFO - Optimal value of theta: 59.123305411.
2019-08-01 12:47:03,193 - INFO - Beginning optimization with guess, [0.3194196  0.05156113].
2019-08-01 12:47:04,085 - INFO - Finished optimization with guess, [0.3194196  0.05156113].
2019-08-01 12:47:04,085 - INFO - Best fit parameters: [0.05277936 0.00180476].
2019-08-01 12:47:04,102 - INFO - Maximum log composite likelihood: -23.9875556959.
2019-08-01 12:47:04,103 - INFO - Optimal value of theta: 58.9206073245.
2019-08-01 12:47:04,103 - INFO - Beginning optimization with guess, [0.64031184 0.1805956 ].
2019-08-01 12:47:05,166 - INFO - Finished optimization with guess, [0.64031184 0.1805956 ].
2019-08-01 12:47:05,166 - INFO - Best fit parameters: [0.04089388 0.00144684].
2019-08-01 12:47:05,184 - INFO - Maximum log composite likelihood: -23.9844922354.
2019-08-01 12:47:05,185 - INFO - Optimal value of theta: 59.1118081062.
2019-08-01 12:47:05,185 - INFO - Beginning optimization with guess, [0.89106446 0.13847739].
2019-08-01 12:47:06,102 - INFO - Finished optimization with guess, [0.89106446 0.13847739].
2019-08-01 12:47:06,104 - INFO - Best fit parameters: [0.07851493 0.00296014].
2019-08-01 12:47:06,121 - INFO - Maximum log composite likelihood: -23.9860655051.
2019-08-01 12:47:06,121 - INFO - Optimal value of theta: 59.1892087444.
2019-08-01 12:47:06,122 - INFO - Beginning optimization with guess, [0.79329213 0.11751934].
2019-08-01 12:47:07,022 - INFO - Finished optimization with guess, [0.79329213 0.11751934].
2019-08-01 12:47:07,023 - INFO - Best fit parameters: [0.05929265 0.002168  ].
2019-08-01 12:47:07,039 - INFO - Maximum log composite likelihood: -23.9851962556.
2019-08-01 12:47:07,040 - INFO - Optimal value of theta: 59.157864415.
2019-08-01 12:47:07,040 - INFO - Beginning optimization with guess, [0.43162755 0.1395043 ].
2019-08-01 12:47:07,913 - INFO - Finished optimization with guess, [0.43162755 0.1395043 ].
2019-08-01 12:47:07,914 - INFO - Best fit parameters: [0.05817878 0.00215355].
2019-08-01 12:47:07,930 - INFO - Maximum log composite likelihood: -23.9850806746.
2019-08-01 12:47:07,931 - INFO - Optimal value of theta: 59.2146668404.
2019-08-01 12:47:07,931 - INFO - Beginning optimization with guess, [0.2508452  0.05217694].
2019-08-01 12:47:08,788 - INFO - Finished optimization with guess, [0.2508452  0.05217694].
2019-08-01 12:47:08,788 - INFO - Best fit parameters: [0.11698608 0.00466604].
2019-08-01 12:47:08,806 - INFO - Maximum log composite likelihood: -23.9881572522.
2019-08-01 12:47:08,807 - INFO - Optimal value of theta: 59.2220935728.
2019-08-01 12:47:08,807 - INFO - Beginning optimization with guess, [0.34653452 0.14254671].
2019-08-01 12:47:09,701 - INFO - Finished optimization with guess, [0.34653452 0.14254671].
2019-08-01 12:47:09,701 - INFO - Best fit parameters: [0.05005376 0.00177377].
2019-08-01 12:47:09,717 - INFO - Maximum log composite likelihood: -23.9852175381.
2019-08-01 12:47:09,718 - INFO - Optimal value of theta: 59.0746312057.
2019-08-01 12:47:09,718 - INFO - Beginning optimization with guess, [0.74865773 0.06927244].
2019-08-01 12:47:10,576 - INFO - Finished optimization with guess, [0.74865773 0.06927244].
2019-08-01 12:47:10,576 - INFO - Best fit parameters: [0.05630782 0.00202535].
2019-08-01 12:47:10,592 - INFO - Maximum log composite likelihood: -23.9853378743.
2019-08-01 12:47:10,593 - INFO - Optimal value of theta: 59.104549151.
2019-08-01 12:47:10,594 - INFO - Beginning optimization with guess, [0.29107486 0.14177874].
2019-08-01 12:47:11,483 - INFO - Finished optimization with guess, [0.29107486 0.14177874].
2019-08-01 12:47:11,483 - INFO - Best fit parameters: [0.05905873 0.0021598 ].
2019-08-01 12:47:11,500 - INFO - Maximum log composite likelihood: -23.9851792174.
2019-08-01 12:47:11,500 - INFO - Optimal value of theta: 59.1597037173.
2019-08-01 12:47:11,501 - INFO - Beginning optimization with guess, [0.62826823 0.09540488].
2019-08-01 12:47:12,340 - INFO - Finished optimization with guess, [0.62826823 0.09540488].
2019-08-01 12:47:12,341 - INFO - Best fit parameters: [1.00000000e-04 3.40458189e-06].
2019-08-01 12:47:12,357 - INFO - Maximum log composite likelihood: -23.9824950259.
2019-08-01 12:47:12,358 - INFO - Optimal value of theta: 59.1455146356.
2019-08-01 12:47:12,358 - INFO - Beginning optimization with guess, [0.45139205 0.07909256].
2019-08-01 12:47:13,246 - INFO - Finished optimization with guess, [0.45139205 0.07909256].
2019-08-01 12:47:13,247 - INFO - Best fit parameters: [0.03065466 0.00106358].
2019-08-01 12:47:13,264 - INFO - Maximum log composite likelihood: -23.9841738729.
2019-08-01 12:47:13,265 - INFO - Optimal value of theta: 59.080968486.
2019-08-01 12:47:13,265 - INFO - Beginning optimization with guess, [0.51201877 0.06616178].
2019-08-01 12:47:14,109 - INFO - Finished optimization with guess, [0.51201877 0.06616178].
2019-08-01 12:47:14,109 - INFO - Best fit parameters: [0.0149555  0.00051018].
2019-08-01 12:47:14,126 - INFO - Maximum log composite likelihood: -23.9833963695.
2019-08-01 12:47:14,126 - INFO - Optimal value of theta: 59.0851317122.
2019-08-01 12:47:14,127 - INFO - Beginning optimization with guess, [0.6765089 0.1544639].
2019-08-01 12:47:15,031 - INFO - Finished optimization with guess, [0.6765089 0.1544639].
2019-08-01 12:47:15,031 - INFO - Best fit parameters: [0.03248422 0.001169  ].
2019-08-01 12:47:15,048 - INFO - Maximum log composite likelihood: -23.9839836775.
2019-08-01 12:47:15,049 - INFO - Optimal value of theta: 59.22197887.
2019-08-01 12:47:15,050 - INFO - Beginning optimization with guess, [0.59234309 0.14963975].
2019-08-01 12:47:15,955 - INFO - Finished optimization with guess, [0.59234309 0.14963975].
2019-08-01 12:47:15,955 - INFO - Best fit parameters: [0.10114059 0.00387553].
2019-08-01 12:47:15,971 - INFO - Maximum log composite likelihood: -23.9874575925.
2019-08-01 12:47:15,972 - INFO - Optimal value of theta: 59.1407671905.
2019-08-01 12:47:15,972 - INFO - Beginning optimization with guess, [0.30540669 0.06739393].
2019-08-01 12:47:16,852 - INFO - Finished optimization with guess, [0.30540669 0.06739393].
2019-08-01 12:47:16,852 - INFO - Best fit parameters: [0.01806892 0.00061394].
2019-08-01 12:47:16,870 - INFO - Maximum log composite likelihood: -23.9837806629.
2019-08-01 12:47:16,871 - INFO - Optimal value of theta: 59.0546741693.
2019-08-01 12:47:16,871 - INFO - Beginning optimization with guess, [0.36807717 0.06345121].
2019-08-01 12:47:17,753 - INFO - Finished optimization with guess, [0.36807717 0.06345121].
2019-08-01 12:47:17,753 - INFO - Best fit parameters: [0.04025849 0.00141312].
2019-08-01 12:47:17,770 - INFO - Maximum log composite likelihood: -23.9846425114.
2019-08-01 12:47:17,771 - INFO - Optimal value of theta: 59.0827597239.
2019-08-01 12:47:17,771 - INFO - Beginning optimization with guess, [0.9562029  0.16921069].
2019-08-01 12:47:18,699 - INFO - Finished optimization with guess, [0.9562029  0.16921069].
2019-08-01 12:47:18,699 - INFO - Best fit parameters: [0.07175944 0.00256008].
2019-08-01 12:47:18,716 - INFO - Maximum log composite likelihood: -23.9873250772.
2019-08-01 12:47:18,717 - INFO - Optimal value of theta: 58.9976742934.
2019-08-01 12:47:18,718 - INFO - Beginning optimization with guess, [0.99398601 0.05591791].
2019-08-01 12:47:19,610 - INFO - Finished optimization with guess, [0.99398601 0.05591791].
2019-08-01 12:47:19,610 - INFO - Best fit parameters: [0.04986136 0.00181495].
2019-08-01 12:47:19,627 - INFO - Maximum log composite likelihood: -23.9847029801.
2019-08-01 12:47:19,628 - INFO - Optimal value of theta: 59.1853241423.
2019-08-01 12:47:19,628 - INFO - Beginning optimization with guess, [0.7526143  0.06590082].
2019-08-01 12:47:20,499 - INFO - Finished optimization with guess, [0.7526143  0.06590082].
2019-08-01 12:47:20,499 - INFO - Best fit parameters: [0.0264474  0.00090304].
2019-08-01 12:47:20,516 - INFO - Maximum log composite likelihood: -23.9843711487.
2019-08-01 12:47:20,517 - INFO - Optimal value of theta: 59.0359493813.
2019-08-01 12:47:20,517 - INFO - Beginning optimization with guess, [0.96801694 0.14967329].
2019-08-01 12:47:21,436 - INFO - Finished optimization with guess, [0.96801694 0.14967329].
2019-08-01 12:47:21,436 - INFO - Best fit parameters: [0.06607018 0.00239879].
2019-08-01 12:47:21,453 - INFO - Maximum log composite likelihood: -23.9858894046.
2019-08-01 12:47:21,453 - INFO - Optimal value of theta: 59.0954969932.
2019-08-01 12:47:21,454 - INFO - Beginning optimization with guess, [0.32436842 0.1841212 ].
2019-08-01 12:47:22,372 - INFO - Finished optimization with guess, [0.32436842 0.1841212 ].
2019-08-01 12:47:22,372 - INFO - Best fit parameters: [0.160335   0.00659573].
2019-08-01 12:47:22,388 - INFO - Maximum log composite likelihood: -23.9913976523.
2019-08-01 12:47:22,389 - INFO - Optimal value of theta: 59.1158844025.
2019-08-01 12:47:22,389 - INFO - Beginning optimization with guess, [0.37152361 0.08179764].
2019-08-01 12:47:23,328 - INFO - Finished optimization with guess, [0.37152361 0.08179764].
2019-08-01 12:47:23,329 - INFO - Best fit parameters: [0.04009891 0.00142083].
2019-08-01 12:47:23,346 - INFO - Maximum log composite likelihood: -23.9844049771.
2019-08-01 12:47:23,347 - INFO - Optimal value of theta: 59.121637398.
2019-08-01 12:47:23,348 - INFO - Beginning optimization with guess, [0.86731198 0.07611885].
2019-08-01 12:47:24,229 - INFO - Finished optimization with guess, [0.86731198 0.07611885].
2019-08-01 12:47:24,230 - INFO - Best fit parameters: [0.04266754 0.00152184].
2019-08-01 12:47:24,247 - INFO - Maximum log composite likelihood: -23.9844768288.
2019-08-01 12:47:24,247 - INFO - Optimal value of theta: 59.1361492452.
2019-08-01 12:47:24,248 - INFO - Beginning optimization with guess, [0.49517177 0.05616069].
2019-08-01 12:47:25,130 - INFO - Finished optimization with guess, [0.49517177 0.05616069].
2019-08-01 12:47:25,131 - INFO - Best fit parameters: [0.01713914 0.00058078].
2019-08-01 12:47:25,148 - INFO - Maximum log composite likelihood: -23.9837985341.
2019-08-01 12:47:25,149 - INFO - Optimal value of theta: 59.0480314687.
2019-08-01 12:47:25,149 - INFO - Beginning optimization with guess, [0.43177786 0.1647449 ].
2019-08-01 12:47:26,071 - INFO - Finished optimization with guess, [0.43177786 0.1647449 ].
2019-08-01 12:47:26,072 - INFO - Best fit parameters: [0.07900324 0.00293786].
2019-08-01 12:47:26,089 - INFO - Maximum log composite likelihood: -23.9863050952.
2019-08-01 12:47:26,090 - INFO - Optimal value of theta: 59.1299891638.
2019-08-01 12:47:26,091 - INFO - Beginning optimization with guess, [0.41307899 0.11019327].
2019-08-01 12:47:26,999 - INFO - Finished optimization with guess, [0.41307899 0.11019327].
2019-08-01 12:47:27,000 - INFO - Best fit parameters: [0.11217049 0.00447356].
2019-08-01 12:47:27,017 - INFO - Maximum log composite likelihood: -23.9878981236.
2019-08-01 12:47:27,018 - INFO - Optimal value of theta: 59.2473525026.
2019-08-01 12:47:27,018 - INFO - Beginning optimization with guess, [0.30584131 0.09040532].
2019-08-01 12:47:27,915 - INFO - Finished optimization with guess, [0.30584131 0.09040532].
2019-08-01 12:47:27,916 - INFO - Best fit parameters: [0.02331325 0.0008195 ].
2019-08-01 12:47:27,933 - INFO - Maximum log composite likelihood: -23.9834892873.
2019-08-01 12:47:27,934 - INFO - Optimal value of theta: 59.1689215115.
2019-08-01 12:47:27,935 - INFO - Beginning optimization with guess, [0.93231282 0.0612695 ].
2019-08-01 12:47:28,801 - INFO - Finished optimization with guess, [0.93231282 0.0612695 ].
2019-08-01 12:47:28,801 - INFO - Best fit parameters: [0.03636197 0.00126137].
2019-08-01 12:47:28,817 - INFO - Maximum log composite likelihood: -23.9846905813.
2019-08-01 12:47:28,818 - INFO - Optimal value of theta: 59.0535472284.
2019-08-01 12:47:28,818 - INFO - Beginning optimization with guess, [0.57726642 0.07440042].
2019-08-01 12:47:29,668 - INFO - Finished optimization with guess, [0.57726642 0.07440042].
2019-08-01 12:47:29,669 - INFO - Best fit parameters: [0.01985313 0.00067809].
2019-08-01 12:47:29,686 - INFO - Maximum log composite likelihood: -23.9837545126.
2019-08-01 12:47:29,687 - INFO - Optimal value of theta: 59.0675895165.
2019-08-01 12:47:29,688 - INFO - Beginning optimization with guess, [0.26246304 0.16414774].
2019-08-01 12:47:30,652 - INFO - Finished optimization with guess, [0.26246304 0.16414774].
2019-08-01 12:47:30,653 - INFO - Best fit parameters: [0.1393628  0.00563827].
2019-08-01 12:47:30,670 - INFO - Maximum log composite likelihood: -23.9896752599.
2019-08-01 12:47:30,671 - INFO - Optimal value of theta: 59.161383745.
2019-08-01 12:47:30,671 - INFO - Beginning optimization with guess, [0.3636528 0.0696778].
2019-08-01 12:47:31,560 - INFO - Finished optimization with guess, [0.3636528 0.0696778].
2019-08-01 12:47:31,560 - INFO - Best fit parameters: [0.08357173 0.0031113 ].
2019-08-01 12:47:31,577 - INFO - Maximum log composite likelihood: -23.9866669996.
2019-08-01 12:47:31,578 - INFO - Optimal value of theta: 59.111892357.
2019-08-01 12:47:31,579 - INFO - Beginning optimization with guess, [0.39533476 0.1625077 ].
2019-08-01 12:47:32,464 - INFO - Finished optimization with guess, [0.39533476 0.1625077 ].
2019-08-01 12:47:32,465 - INFO - Best fit parameters: [0.04927789 0.00170491].
2019-08-01 12:47:32,483 - INFO - Maximum log composite likelihood: -23.9862539523.
2019-08-01 12:47:32,484 - INFO - Optimal value of theta: 58.9828191095.
2019-08-01 12:47:32,484 - INFO - Beginning optimization with guess, [0.6320331  0.17790538].
2019-08-01 12:47:33,409 - INFO - Finished optimization with guess, [0.6320331  0.17790538].
2019-08-01 12:47:33,409 - INFO - Best fit parameters: [0.07758855 0.00282865].
2019-08-01 12:47:33,426 - INFO - Maximum log composite likelihood: -23.9868753049.
2019-08-01 12:47:33,427 - INFO - Optimal value of theta: 59.0561429861.
2019-08-01 12:47:33,427 - INFO - Beginning optimization with guess, [0.73463472 0.12020762].
2019-08-01 12:47:34,339 - INFO - Finished optimization with guess, [0.73463472 0.12020762].
2019-08-01 12:47:34,340 - INFO - Best fit parameters: [0.05945594 0.00215059].
2019-08-01 12:47:34,356 - INFO - Maximum log composite likelihood: -23.9854371596.
2019-08-01 12:47:34,357 - INFO - Optimal value of theta: 59.1123049979.
2019-08-01 12:47:34,357 - INFO - Beginning optimization with guess, [0.58162044 0.08864364].
2019-08-01 12:47:35,207 - INFO - Finished optimization with guess, [0.58162044 0.08864364].
2019-08-01 12:47:35,208 - INFO - Best fit parameters: [0.01921708 0.00065522].
2019-08-01 12:47:35,224 - INFO - Maximum log composite likelihood: -23.983758287.
2019-08-01 12:47:35,224 - INFO - Optimal value of theta: 59.0634705239.
2019-08-01 12:47:35,225 - INFO - Beginning optimization with guess, [0.44458551 0.14723896].
2019-08-01 12:47:36,126 - INFO - Finished optimization with guess, [0.44458551 0.14723896].
2019-08-01 12:47:36,127 - INFO - Best fit parameters: [0.08528089 0.00323412].
2019-08-01 12:47:36,144 - INFO - Maximum log composite likelihood: -23.9864338622.
2019-08-01 12:47:36,144 - INFO - Optimal value of theta: 59.1791495223.
2019-08-01 12:47:36,145 - INFO - Beginning optimization with guess, [0.83715705 0.06746701].
2019-08-01 12:47:37,030 - INFO - Finished optimization with guess, [0.83715705 0.06746701].
2019-08-01 12:47:37,031 - INFO - Best fit parameters: [0.04359436 0.00154654].
2019-08-01 12:47:37,048 - INFO - Maximum log composite likelihood: -23.9846398691.
2019-08-01 12:47:37,049 - INFO - Optimal value of theta: 59.1098348567.
2019-08-01 12:47:37,049 - INFO - Beginning optimization with guess, [0.45406476 0.05731643].
2019-08-01 12:47:37,916 - INFO - Finished optimization with guess, [0.45406476 0.05731643].
2019-08-01 12:47:37,917 - INFO - Best fit parameters: [0.05958748 0.0022144 ].
2019-08-01 12:47:37,934 - INFO - Maximum log composite likelihood: -23.9851586148.
2019-08-01 12:47:37,935 - INFO - Optimal value of theta: 59.2241825851.
2019-08-01 12:47:37,935 - INFO - Beginning optimization with guess, [0.33246726 0.1366562 ].
2019-08-01 12:47:38,845 - INFO - Finished optimization with guess, [0.33246726 0.1366562 ].
2019-08-01 12:47:38,846 - INFO - Best fit parameters: [0.04161475 0.00152533].
2019-08-01 12:47:38,863 - INFO - Maximum log composite likelihood: -23.9844740833.
2019-08-01 12:47:38,864 - INFO - Optimal value of theta: 59.2552363617.
2019-08-01 12:47:38,865 - INFO - Beginning optimization with guess, [0.93370496 0.07206429].
2019-08-01 12:47:39,744 - INFO - Finished optimization with guess, [0.93370496 0.07206429].
2019-08-01 12:47:39,744 - INFO - Best fit parameters: [0.07749076 0.00288747].
2019-08-01 12:47:39,761 - INFO - Maximum log composite likelihood: -23.9861429636.
2019-08-01 12:47:39,762 - INFO - Optimal value of theta: 59.1458921758.
2019-08-01 12:47:39,762 - INFO - Beginning optimization with guess, [0.4403759  0.08756881].
2019-08-01 12:47:40,649 - INFO - Finished optimization with guess, [0.4403759  0.08756881].
2019-08-01 12:47:40,649 - INFO - Best fit parameters: [0.0574694  0.00206139].
2019-08-01 12:47:40,667 - INFO - Maximum log composite likelihood: -23.9855150496.
2019-08-01 12:47:40,667 - INFO - Optimal value of theta: 59.0877559264.
2019-08-01 12:47:40,668 - INFO - Beginning optimization with guess, [0.56566797 0.16781689].
2019-08-01 12:47:41,567 - INFO - Finished optimization with guess, [0.56566797 0.16781689].
2019-08-01 12:47:41,568 - INFO - Best fit parameters: [0.122056   0.00489749].
2019-08-01 12:47:41,584 - INFO - Maximum log composite likelihood: -23.9884475249.
2019-08-01 12:47:41,585 - INFO - Optimal value of theta: 59.2199049933.
2019-08-01 12:47:41,586 - INFO - Finished demographic inference.
2019-08-01 12:47:41,586 - INFO - Beginning DFE inference.
2019-08-01 12:47:46,136 - INFO - Beginning optimization with guess, [7.48118261e-02 1.54993802e+02].
2019-08-01 12:47:53,324 - INFO - Finished optomization, results are [-22.633730432316668 array([1.58831699e-01, 5.20838246e+02])].
2019-08-01 12:47:53,325 - INFO - Beginning optimization with guess, [ 0.16255539 88.32962722].
2019-08-01 12:48:09,937 - INFO - Finished optomization, results are [-22.633897708251517 array([1.56904667e-01, 5.52136166e+02])].
2019-08-01 12:48:09,939 - INFO - Beginning optimization with guess, [8.12923132e-02 1.06885322e+02].
2019-08-01 12:48:19,996 - INFO - Finished optomization, results are [-22.633819418920204 array([1.57154511e-01, 5.49073834e+02])].
2019-08-01 12:48:19,997 - INFO - Beginning optimization with guess, [ 0.10730901 81.79458212].
2019-08-01 12:48:33,062 - INFO - Finished optomization, results are [-22.633907450114062 array([1.56511522e-01, 5.61288048e+02])].
2019-08-01 12:48:33,064 - INFO - Beginning optimization with guess, [5.33893896e-02 1.03842414e+02].
2019-08-01 12:48:47,400 - INFO - Finished optomization, results are [-22.633775688112074 array([1.58004607e-01, 5.33725070e+02])].
2019-08-01 12:48:47,401 - INFO - Beginning optimization with guess, [ 0.14901945 82.57793536].
2019-08-01 12:48:55,442 - INFO - Finished optomization, results are [-22.633846482476443 array([1.57655143e-01, 5.38655778e+02])].
2019-08-01 12:48:55,444 - INFO - Beginning optimization with guess, [7.17102865e-02 1.41577750e+02].
2019-08-01 12:49:11,735 - INFO - Finished optomization, results are [-22.633910696770553 array([1.56618502e-01, 5.58099596e+02])].
2019-08-01 12:49:11,737 - INFO - Beginning optimization with guess, [5.72629007e-02 1.05511882e+02].
2019-08-01 12:49:29,216 - INFO - Finished optomization, results are [-22.63384671423759 array([1.57240609e-01, 5.46492394e+02])].
2019-08-01 12:49:29,217 - INFO - Beginning optimization with guess, [5.25439304e-02 2.49924474e+02].
2019-08-01 12:49:36,435 - INFO - Finished optomization, results are [-22.63396753260261 array([1.56653366e-01, 5.55856719e+02])].
2019-08-01 12:49:36,436 - INFO - Beginning optimization with guess, [1.10457402e-01 1.71784096e+02].
2019-08-01 12:49:49,877 - INFO - Finished optomization, results are [-22.633829298254085 array([1.57132592e-01, 5.49202965e+02])].
2019-08-01 12:49:49,879 - INFO - Beginning optimization with guess, [9.47855581e-02 1.19763614e+02].
2019-08-01 12:50:03,981 - INFO - Finished optomization, results are [-22.63379793534346 array([1.57595447e-01, 5.40736230e+02])].
2019-08-01 12:50:03,981 - INFO - Beginning optimization with guess, [5.20126550e-02 2.02743343e+02].
2019-08-01 12:50:18,127 - INFO - Finished optomization, results are [-22.633872941700037 array([1.57220783e-01, 5.46318992e+02])].
2019-08-01 12:50:18,129 - INFO - Beginning optimization with guess, [8.86569590e-02 2.19782559e+02].
2019-08-01 12:50:34,920 - INFO - Finished optomization, results are [-22.63392869779912 array([1.56843129e-01, 5.52726898e+02])].
2019-08-01 12:50:34,921 - INFO - Beginning optimization with guess, [1.00502195e-01 1.12229229e+02].
2019-08-01 12:50:49,501 - INFO - Finished optomization, results are [-22.633774014874355 array([1.57999785e-01, 5.33846328e+02])].
2019-08-01 12:50:49,503 - INFO - Beginning optimization with guess, [ 0.11254488 81.60653761].
2019-08-01 12:51:02,940 - INFO - Finished optomization, results are [-22.633864608924398 array([1.57083151e-01, 5.49243315e+02])].
2019-08-01 12:51:02,942 - INFO - Beginning optimization with guess, [5.81052306e-02 1.65620192e+02].
2019-08-01 12:51:10,664 - INFO - Finished optomization, results are [-22.63386836551377 array([1.57442514e-01, 5.42186151e+02])].
2019-08-01 12:51:10,665 - INFO - Beginning optimization with guess, [5.16470974e-02 1.62319599e+02].
2019-08-01 12:51:25,929 - INFO - Finished optomization, results are [-22.63389188265564 array([1.57096535e-01, 5.48377792e+02])].
2019-08-01 12:51:25,931 - INFO - Beginning optimization with guess, [  0.17391007 128.38434978].
2019-08-01 12:51:41,909 - INFO - Finished optomization, results are [-22.633983192050383 array([1.56336744e-01, 5.62441275e+02])].
2019-08-01 12:51:41,912 - INFO - Beginning optimization with guess, [9.39012423e-02 2.04126633e+02].
2019-08-01 12:51:48,796 - INFO - Finished optomization, results are [-22.63383747851138 array([1.57633253e-01, 5.39213595e+02])].
2019-08-01 12:51:48,796 - INFO - Beginning optimization with guess, [  0.16694897 119.31883565].
2019-08-01 12:52:03,335 - INFO - Finished optomization, results are [-22.633902683394307 array([1.56523133e-01, 5.61878812e+02])].
2019-08-01 12:52:03,337 - INFO - Beginning optimization with guess, [  0.16066312 124.22962235].
2019-08-01 12:52:11,699 - INFO - Finished optomization, results are [-22.63375651871652 array([1.58452637e-01, 5.26430589e+02])].
2019-08-01 12:52:11,701 - INFO - Beginning optimization with guess, [ 0.08995033 80.23813262].
2019-08-01 12:52:29,852 - INFO - Finished optomization, results are [-22.6337473417585 array([1.57528349e-01, 5.44683009e+02])].
2019-08-01 12:52:29,853 - INFO - Beginning optimization with guess, [7.31962407e-02 1.87059692e+02].
2019-08-01 12:52:40,039 - INFO - Finished optomization, results are [-22.633834339278266 array([1.57612583e-01, 5.39650625e+02])].
2019-08-01 12:52:40,040 - INFO - Beginning optimization with guess, [ 0.16860629 86.9759325 ].
2019-08-01 12:52:55,591 - INFO - Finished optomization, results are [-22.633804655142058 array([1.57120934e-01, 5.50684617e+02])].
2019-08-01 12:52:55,593 - INFO - Beginning optimization with guess, [ 0.10420846 74.41363928].
2019-08-01 12:53:10,950 - INFO - Finished optomization, results are [-22.633894726683614 array([1.56578650e-01, 5.60092006e+02])].
2019-08-01 12:53:10,951 - INFO - Beginning optimization with guess, [1.1631887e-01 1.3918241e+02].
2019-08-01 12:53:27,124 - INFO - Finished optomization, results are [-22.63384257461024 array([1.57058299e-01, 5.50380471e+02])].
2019-08-01 12:53:27,125 - INFO - Beginning optimization with guess, [1.25915055e-01 1.60652732e+02].
2019-08-01 12:53:41,535 - INFO - Finished optomization, results are [-22.63383235456911 array([1.57549995e-01, 5.40848093e+02])].
2019-08-01 12:53:41,536 - INFO - Beginning optimization with guess, [8.65549967e-02 2.35703599e+02].
2019-08-01 12:54:04,393 - INFO - Finished optomization, results are [-22.63395042147274 array([1.56703989e-01, 5.55151439e+02])].
2019-08-01 12:54:04,395 - INFO - Beginning optimization with guess, [5.94473850e-02 1.71230921e+02].
2019-08-01 12:54:20,722 - INFO - Finished optomization, results are [-22.633807677466923 array([1.57273945e-01, 5.46896179e+02])].
2019-08-01 12:54:20,723 - INFO - Beginning optimization with guess, [5.15568734e-02 2.30476012e+02].
2019-08-01 12:54:41,319 - INFO - Finished optomization, results are [-22.63391732381733 array([1.56917116e-01, 5.51453569e+02])].
2019-08-01 12:54:41,320 - INFO - Beginning optimization with guess, [  0.17297574 122.97539497].
2019-08-01 12:54:56,499 - INFO - Finished optomization, results are [-22.633814528497187 array([1.57589723e-01, 5.40469210e+02])].
2019-08-01 12:54:56,500 - INFO - Beginning optimization with guess, [6.48577214e-02 2.33292218e+02].
2019-08-01 12:55:15,548 - INFO - Finished optomization, results are [-22.633912271232454 array([1.56949589e-01, 5.50900154e+02])].
2019-08-01 12:55:15,549 - INFO - Beginning optimization with guess, [1.69575979e-01 2.55608886e+02].
2019-08-01 12:55:36,673 - INFO - Finished optomization, results are [-22.633891902522222 array([1.57078341e-01, 5.48737485e+02])].
2019-08-01 12:55:36,674 - INFO - Beginning optimization with guess, [7.48280678e-02 1.72019934e+02].
2019-08-01 12:55:54,394 - INFO - Finished optomization, results are [-22.633824295436447 array([1.57701681e-01, 5.38207194e+02])].
2019-08-01 12:55:54,395 - INFO - Beginning optimization with guess, [5.69850570e-02 8.65577024e+01].
2019-08-01 12:56:13,887 - INFO - Finished optomization, results are [-22.63388012073962 array([1.57163051e-01, 5.47303491e+02])].
2019-08-01 12:56:13,888 - INFO - Beginning optimization with guess, [1.07056701e-01 1.49475510e+02].
2019-08-01 12:56:31,408 - INFO - Finished optomization, results are [-22.633911504772726 array([1.56932867e-01, 5.51253774e+02])].
2019-08-01 12:56:31,409 - INFO - Beginning optimization with guess, [6.56564000e-02 1.29725211e+02].
2019-08-01 12:56:50,233 - INFO - Finished optomization, results are [-22.63392460497544 array([1.56468820e-01, 5.61364028e+02])].
2019-08-01 12:56:50,235 - INFO - Beginning optimization with guess, [4.53857662e-02 9.39727854e+01].
2019-08-01 12:57:07,864 - INFO - Finished optomization, results are [-22.633838414920774 array([1.57506570e-01, 5.41541532e+02])].
2019-08-01 12:57:07,865 - INFO - Beginning optimization with guess, [ 0.1653846  80.87657302].
2019-08-01 12:57:23,096 - INFO - Finished optomization, results are [-22.63381636662819 array([1.57428042e-01, 5.43519595e+02])].
2019-08-01 12:57:23,097 - INFO - Beginning optimization with guess, [ 0.08729132 78.55578528].
2019-08-01 12:57:34,317 - INFO - Finished optomization, results are [-22.63392951288851 array([1.56585534e-01, 5.58246890e+02])].
2019-08-01 12:57:34,318 - INFO - Beginning optimization with guess, [1.03337637e-01 1.40794012e+02].
2019-08-01 12:57:50,231 - INFO - Finished optomization, results are [-22.633851138512046 array([1.57357285e-01, 5.44119162e+02])].
2019-08-01 12:57:50,232 - INFO - Beginning optimization with guess, [ 0.09839014 94.99477157].
2019-08-01 12:58:06,716 - INFO - Finished optomization, results are [-22.633816228023758 array([1.57742275e-01, 5.37621375e+02])].
2019-08-01 12:58:06,718 - INFO - Beginning optimization with guess, [ 0.1458489  76.22008795].
2019-08-01 12:58:25,214 - INFO - Finished optomization, results are [-22.633671063305673 array([1.58783517e-01, 5.23965533e+02])].
2019-08-01 12:58:25,216 - INFO - Beginning optimization with guess, [7.07535421e-02 1.89408431e+02].
2019-08-01 12:58:38,914 - INFO - Finished optomization, results are [-22.633727636657984 array([1.58515119e-01, 5.26029940e+02])].
2019-08-01 12:58:38,916 - INFO - Beginning optimization with guess, [1.21951501e-01 1.80914151e+02].
2019-08-01 12:58:53,317 - INFO - Finished optomization, results are [-22.633927172891937 array([1.56439223e-01, 5.62088217e+02])].
2019-08-01 12:58:53,319 - INFO - Beginning optimization with guess, [ 0.16143274 82.8126118 ].
2019-08-01 12:59:13,226 - INFO - Finished optomization, results are [-22.63389240012476 array([1.56986682e-01, 5.50568745e+02])].
2019-08-01 12:59:13,227 - INFO - Beginning optimization with guess, [ 0.08599501 77.95692054].
2019-08-01 12:59:27,029 - INFO - Finished optomization, results are [-22.63372491929517 array([1.58742152e-01, 5.22389204e+02])].
2019-08-01 12:59:27,030 - INFO - Beginning optimization with guess, [7.68823212e-02 9.50752142e+01].
2019-08-01 12:59:41,220 - INFO - Finished optomization, results are [-22.63384480686898 array([1.57363675e-01, 5.44126735e+02])].
2019-08-01 12:59:41,221 - INFO - Beginning optimization with guess, [7.75199364e-02 1.46492932e+02].
2019-08-01 12:59:56,469 - INFO - Finished optomization, results are [-22.633932035423776 array([1.56513248e-01, 5.59873924e+02])].
2019-08-01 12:59:56,470 - INFO - Beginning optimization with guess, [7.19306751e-02 2.43596076e+02].
2019-08-01 13:00:14,598 - INFO - Finished optomization, results are [-22.63395098359556 array([1.56672008e-01, 5.55810151e+02])].
2019-08-01 13:00:14,599 - INFO - Finished DFE inference.
2019-08-01 13:00:14,600 - INFO - Integrating expected site-frequency spectrum.
2019-08-01 13:00:14,648 - INFO - Outputing results.
2019-08-01 13:00:14,655 - INFO - Pipeline executed succesfully.
