2019-08-01 09:08:53,111 - INFO - Beginning execution of fitdadi_infer_DFE.py in directory /u/home/j/jonmah/lohmueller_lab/Scripts

2019-08-01 09:08:53,111 - INFO - Progress is being logged to ../Data/AW_array_2000/seed_81_fitdadi_output/log.log

2019-08-01 09:08:53,111 - INFO - Parsed the following arguments:
	breed = AW
	outprefix = ../Data/AW_array_2000/seed_81_fitdadi_output/
	nonsyn_input_sfs = ../Data/AW_array_2000/seed_81_easySFS_output_nonsyn/dadi/pop1.sfs
	syn_input_sfs = ../Data/AW_array_2000/seed_81_easySFS_output_syn/dadi/pop1.sfs

2019-08-01 09:08:53,114 - INFO - Beginning optimization with guess, [0.5644423  0.10462869].
2019-08-01 09:08:53,667 - INFO - Finished optimization with guess, [0.5644423  0.10462869].
2019-08-01 09:08:53,667 - INFO - Best fit parameters: [8.         0.00812414].
2019-08-01 09:08:53,674 - INFO - Maximum log composite likelihood: -20.0438909811.
2019-08-01 09:08:53,675 - INFO - Optimal value of theta: 51.582273909.
2019-08-01 09:08:53,675 - INFO - Beginning optimization with guess, [0.34912616 0.12088086].
2019-08-01 09:08:54,231 - INFO - Finished optimization with guess, [0.34912616 0.12088086].
2019-08-01 09:08:54,231 - INFO - Best fit parameters: [8.         0.00812381].
2019-08-01 09:08:54,238 - INFO - Maximum log composite likelihood: -20.0438909831.
2019-08-01 09:08:54,238 - INFO - Optimal value of theta: 51.5823084329.
2019-08-01 09:08:54,239 - INFO - Beginning optimization with guess, [0.65689394 0.16500606].
2019-08-01 09:08:54,804 - INFO - Finished optimization with guess, [0.65689394 0.16500606].
2019-08-01 09:08:54,804 - INFO - Best fit parameters: [8.       0.008124].
2019-08-01 09:08:54,811 - INFO - Maximum log composite likelihood: -20.0438909819.
2019-08-01 09:08:54,811 - INFO - Optimal value of theta: 51.5822884738.
2019-08-01 09:08:54,812 - INFO - Beginning optimization with guess, [0.54164277 0.06228201].
2019-08-01 09:08:55,295 - INFO - Finished optimization with guess, [0.54164277 0.06228201].
2019-08-01 09:08:55,296 - INFO - Best fit parameters: [8.         0.00812417].
2019-08-01 09:08:55,303 - INFO - Maximum log composite likelihood: -20.0438909809.
2019-08-01 09:08:55,303 - INFO - Optimal value of theta: 51.5822712017.
2019-08-01 09:08:55,303 - INFO - Beginning optimization with guess, [0.27556295 0.1179376 ].
2019-08-01 09:08:55,819 - INFO - Finished optimization with guess, [0.27556295 0.1179376 ].
2019-08-01 09:08:55,819 - INFO - Best fit parameters: [8.         0.00812411].
2019-08-01 09:08:55,826 - INFO - Maximum log composite likelihood: -20.0438909813.
2019-08-01 09:08:55,826 - INFO - Optimal value of theta: 51.5822771982.
2019-08-01 09:08:55,826 - INFO - Beginning optimization with guess, [0.42888508 0.07785893].
2019-08-01 09:08:56,522 - INFO - Finished optimization with guess, [0.42888508 0.07785893].
2019-08-01 09:08:56,523 - INFO - Best fit parameters: [8.         0.00812419].
2019-08-01 09:08:56,530 - INFO - Maximum log composite likelihood: -20.0438909808.
2019-08-01 09:08:56,531 - INFO - Optimal value of theta: 51.5822688661.
2019-08-01 09:08:56,531 - INFO - Beginning optimization with guess, [0.60567961 0.17442318].
2019-08-01 09:08:57,121 - INFO - Finished optimization with guess, [0.60567961 0.17442318].
2019-08-01 09:08:57,121 - INFO - Best fit parameters: [8.         0.00812381].
2019-08-01 09:08:57,128 - INFO - Maximum log composite likelihood: -20.0438909831.
2019-08-01 09:08:57,128 - INFO - Optimal value of theta: 51.5823081711.
2019-08-01 09:08:57,129 - INFO - Beginning optimization with guess, [0.85435161 0.16272877].
2019-08-01 09:08:57,710 - INFO - Finished optimization with guess, [0.85435161 0.16272877].
2019-08-01 09:08:57,710 - INFO - Best fit parameters: [8.         0.00812424].
2019-08-01 09:08:57,718 - INFO - Maximum log composite likelihood: -20.0438909804.
2019-08-01 09:08:57,718 - INFO - Optimal value of theta: 51.5822629237.
2019-08-01 09:08:57,718 - INFO - Beginning optimization with guess, [0.57060709 0.05699488].
2019-08-01 09:08:58,011 - INFO - Finished optimization with guess, [0.57060709 0.05699488].
2019-08-01 09:08:58,011 - INFO - Best fit parameters: [8.         0.00812438].
2019-08-01 09:08:58,018 - INFO - Maximum log composite likelihood: -20.0438909797.
2019-08-01 09:08:58,019 - INFO - Optimal value of theta: 51.5822488817.
2019-08-01 09:08:58,019 - INFO - Beginning optimization with guess, [0.48151663 0.07840491].
2019-08-01 09:08:58,460 - INFO - Finished optimization with guess, [0.48151663 0.07840491].
2019-08-01 09:08:58,460 - INFO - Best fit parameters: [8.         0.00812342].
2019-08-01 09:08:58,467 - INFO - Maximum log composite likelihood: -20.0438909858.
2019-08-01 09:08:58,467 - INFO - Optimal value of theta: 51.5823499939.
2019-08-01 09:08:58,468 - INFO - Beginning optimization with guess, [0.92833026 0.1439587 ].
2019-08-01 09:08:59,021 - INFO - Finished optimization with guess, [0.92833026 0.1439587 ].
2019-08-01 09:08:59,022 - INFO - Best fit parameters: [8.         0.00812431].
2019-08-01 09:08:59,028 - INFO - Maximum log composite likelihood: -20.0438909801.
2019-08-01 09:08:59,029 - INFO - Optimal value of theta: 51.5822565464.
2019-08-01 09:08:59,029 - INFO - Beginning optimization with guess, [0.54292318 0.08820349].
2019-08-01 09:08:59,637 - INFO - Finished optimization with guess, [0.54292318 0.08820349].
2019-08-01 09:08:59,637 - INFO - Best fit parameters: [8.         0.00812461].
2019-08-01 09:08:59,644 - INFO - Maximum log composite likelihood: -20.0438909784.
2019-08-01 09:08:59,644 - INFO - Optimal value of theta: 51.5822243377.
2019-08-01 09:08:59,645 - INFO - Beginning optimization with guess, [0.26668356 0.19219211].
2019-08-01 09:08:59,914 - INFO - Finished optimization with guess, [0.26668356 0.19219211].
2019-08-01 09:08:59,914 - INFO - Best fit parameters: [1.00952527 0.37835062].
2019-08-01 09:08:59,922 - INFO - Maximum log composite likelihood: -20.0964825198.
2019-08-01 09:08:59,923 - INFO - Optimal value of theta: 52.241869308.
2019-08-01 09:08:59,923 - INFO - Beginning optimization with guess, [0.34359121 0.11292789].
2019-08-01 09:09:00,490 - INFO - Finished optimization with guess, [0.34359121 0.11292789].
2019-08-01 09:09:00,491 - INFO - Best fit parameters: [8.         0.00812432].
2019-08-01 09:09:00,498 - INFO - Maximum log composite likelihood: -20.04389098.
2019-08-01 09:09:00,498 - INFO - Optimal value of theta: 51.5822550476.
2019-08-01 09:09:00,498 - INFO - Beginning optimization with guess, [0.3986886  0.11570761].
2019-08-01 09:09:01,004 - INFO - Finished optimization with guess, [0.3986886  0.11570761].
2019-08-01 09:09:01,004 - INFO - Best fit parameters: [8.         0.00812416].
2019-08-01 09:09:01,011 - INFO - Maximum log composite likelihood: -20.043890981.
2019-08-01 09:09:01,011 - INFO - Optimal value of theta: 51.5822723447.
2019-08-01 09:09:01,012 - INFO - Beginning optimization with guess, [0.92614702 0.17250004].
2019-08-01 09:09:01,783 - INFO - Finished optimization with guess, [0.92614702 0.17250004].
2019-08-01 09:09:01,783 - INFO - Best fit parameters: [8.         0.00813063].
2019-08-01 09:09:01,790 - INFO - Maximum log composite likelihood: -20.0438909729.
2019-08-01 09:09:01,790 - INFO - Optimal value of theta: 51.5815920466.
2019-08-01 09:09:01,791 - INFO - Beginning optimization with guess, [0.55768399 0.09644462].
2019-08-01 09:09:02,360 - INFO - Finished optimization with guess, [0.55768399 0.09644462].
2019-08-01 09:09:02,360 - INFO - Best fit parameters: [8.         0.00812415].
2019-08-01 09:09:02,367 - INFO - Maximum log composite likelihood: -20.043890981.
2019-08-01 09:09:02,367 - INFO - Optimal value of theta: 51.582272491.
2019-08-01 09:09:02,367 - INFO - Beginning optimization with guess, [0.75432912 0.07400602].
2019-08-01 09:09:02,872 - INFO - Finished optimization with guess, [0.75432912 0.07400602].
2019-08-01 09:09:02,873 - INFO - Best fit parameters: [8.         0.00812371].
2019-08-01 09:09:02,880 - INFO - Maximum log composite likelihood: -20.0438909838.
2019-08-01 09:09:02,880 - INFO - Optimal value of theta: 51.5823187846.
2019-08-01 09:09:02,880 - INFO - Beginning optimization with guess, [0.65384999 0.13258283].
2019-08-01 09:09:03,437 - INFO - Finished optimization with guess, [0.65384999 0.13258283].
2019-08-01 09:09:03,437 - INFO - Best fit parameters: [8.         0.00812347].
2019-08-01 09:09:03,444 - INFO - Maximum log composite likelihood: -20.0438909855.
2019-08-01 09:09:03,444 - INFO - Optimal value of theta: 51.582344336.
2019-08-01 09:09:03,445 - INFO - Beginning optimization with guess, [0.56634443 0.09205929].
2019-08-01 09:09:03,867 - INFO - Finished optimization with guess, [0.56634443 0.09205929].
2019-08-01 09:09:03,867 - INFO - Best fit parameters: [8.         0.00812472].
2019-08-01 09:09:03,874 - INFO - Maximum log composite likelihood: -20.0438909778.
2019-08-01 09:09:03,874 - INFO - Optimal value of theta: 51.5822126443.
2019-08-01 09:09:03,874 - INFO - Beginning optimization with guess, [0.30020561 0.16510653].
2019-08-01 09:09:04,514 - INFO - Finished optimization with guess, [0.30020561 0.16510653].
2019-08-01 09:09:04,514 - INFO - Best fit parameters: [8.         0.00812419].
2019-08-01 09:09:04,521 - INFO - Maximum log composite likelihood: -20.0438909808.
2019-08-01 09:09:04,522 - INFO - Optimal value of theta: 51.5822687306.
2019-08-01 09:09:04,522 - INFO - Beginning optimization with guess, [0.56988163 0.19182287].
2019-08-01 09:09:05,151 - INFO - Finished optimization with guess, [0.56988163 0.19182287].
2019-08-01 09:09:05,151 - INFO - Best fit parameters: [8.         0.00812419].
2019-08-01 09:09:05,158 - INFO - Maximum log composite likelihood: -20.0438909808.
2019-08-01 09:09:05,158 - INFO - Optimal value of theta: 51.5822686085.
2019-08-01 09:09:05,159 - INFO - Beginning optimization with guess, [0.74290583 0.18843036].
2019-08-01 09:09:05,764 - INFO - Finished optimization with guess, [0.74290583 0.18843036].
2019-08-01 09:09:05,765 - INFO - Best fit parameters: [8.         0.00812477].
2019-08-01 09:09:05,772 - INFO - Maximum log composite likelihood: -20.0438909775.
2019-08-01 09:09:05,772 - INFO - Optimal value of theta: 51.5822077062.
2019-08-01 09:09:05,772 - INFO - Beginning optimization with guess, [0.97286612 0.06386104].
2019-08-01 09:09:06,233 - INFO - Finished optimization with guess, [0.97286612 0.06386104].
2019-08-01 09:09:06,233 - INFO - Best fit parameters: [8.         0.00812407].
2019-08-01 09:09:06,240 - INFO - Maximum log composite likelihood: -20.0438909815.
2019-08-01 09:09:06,240 - INFO - Optimal value of theta: 51.582281163.
2019-08-01 09:09:06,241 - INFO - Beginning optimization with guess, [0.5366512  0.18435092].
2019-08-01 09:09:06,844 - INFO - Finished optimization with guess, [0.5366512  0.18435092].
2019-08-01 09:09:06,844 - INFO - Best fit parameters: [8.         0.00812433].
2019-08-01 09:09:06,851 - INFO - Maximum log composite likelihood: -20.0438909799.
2019-08-01 09:09:06,851 - INFO - Optimal value of theta: 51.5822537429.
2019-08-01 09:09:06,852 - INFO - Beginning optimization with guess, [0.32860377 0.09950834].
2019-08-01 09:09:07,505 - INFO - Finished optimization with guess, [0.32860377 0.09950834].
2019-08-01 09:09:07,505 - INFO - Best fit parameters: [8.         0.00812541].
2019-08-01 09:09:07,512 - INFO - Maximum log composite likelihood: -20.0438909746.
2019-08-01 09:09:07,513 - INFO - Optimal value of theta: 51.5821402742.
2019-08-01 09:09:07,513 - INFO - Beginning optimization with guess, [0.6550187  0.07568503].
2019-08-01 09:09:08,038 - INFO - Finished optimization with guess, [0.6550187  0.07568503].
2019-08-01 09:09:08,038 - INFO - Best fit parameters: [8.         0.00812423].
2019-08-01 09:09:08,045 - INFO - Maximum log composite likelihood: -20.0438909805.
2019-08-01 09:09:08,045 - INFO - Optimal value of theta: 51.5822646842.
2019-08-01 09:09:08,046 - INFO - Beginning optimization with guess, [0.36944517 0.16029625].
2019-08-01 09:09:08,649 - INFO - Finished optimization with guess, [0.36944517 0.16029625].
2019-08-01 09:09:08,649 - INFO - Best fit parameters: [8.         0.00812418].
2019-08-01 09:09:08,657 - INFO - Maximum log composite likelihood: -20.0438909808.
2019-08-01 09:09:08,657 - INFO - Optimal value of theta: 51.5822700111.
2019-08-01 09:09:08,657 - INFO - Beginning optimization with guess, [0.47148244 0.10319663].
2019-08-01 09:09:09,020 - INFO - Finished optimization with guess, [0.47148244 0.10319663].
2019-08-01 09:09:09,020 - INFO - Best fit parameters: [8.        0.0081248].
2019-08-01 09:09:09,027 - INFO - Maximum log composite likelihood: -20.0438909774.
2019-08-01 09:09:09,027 - INFO - Optimal value of theta: 51.5822044942.
2019-08-01 09:09:09,028 - INFO - Beginning optimization with guess, [0.32184302 0.17707106].
2019-08-01 09:09:09,793 - INFO - Finished optimization with guess, [0.32184302 0.17707106].
2019-08-01 09:09:09,794 - INFO - Best fit parameters: [3.59039317 0.008011  ].
2019-08-01 09:09:09,800 - INFO - Maximum log composite likelihood: -20.0493491935.
2019-08-01 09:09:09,801 - INFO - Optimal value of theta: 51.7494906344.
2019-08-01 09:09:09,801 - INFO - Beginning optimization with guess, [0.28644958 0.12521765].
2019-08-01 09:09:10,337 - INFO - Finished optimization with guess, [0.28644958 0.12521765].
2019-08-01 09:09:10,337 - INFO - Best fit parameters: [8.         0.00812408].
2019-08-01 09:09:10,344 - INFO - Maximum log composite likelihood: -20.0438909814.
2019-08-01 09:09:10,344 - INFO - Optimal value of theta: 51.5822800708.
2019-08-01 09:09:10,345 - INFO - Beginning optimization with guess, [0.30873896 0.13136936].
2019-08-01 09:09:10,921 - INFO - Finished optimization with guess, [0.30873896 0.13136936].
2019-08-01 09:09:10,921 - INFO - Best fit parameters: [8.         0.00812395].
2019-08-01 09:09:10,928 - INFO - Maximum log composite likelihood: -20.0438909823.
2019-08-01 09:09:10,929 - INFO - Optimal value of theta: 51.5822939987.
2019-08-01 09:09:10,929 - INFO - Beginning optimization with guess, [0.49113694 0.06753985].
2019-08-01 09:09:11,922 - INFO - Finished optimization with guess, [0.49113694 0.06753985].
2019-08-01 09:09:11,923 - INFO - Best fit parameters: [8.        0.0081252].
2019-08-01 09:09:11,930 - INFO - Maximum log composite likelihood: -20.0438909755.
2019-08-01 09:09:11,930 - INFO - Optimal value of theta: 51.5821622698.
2019-08-01 09:09:11,930 - INFO - Beginning optimization with guess, [0.29197168 0.09798958].
2019-08-01 09:09:12,641 - INFO - Finished optimization with guess, [0.29197168 0.09798958].
2019-08-01 09:09:12,641 - INFO - Best fit parameters: [8.         0.00812401].
2019-08-01 09:09:12,648 - INFO - Maximum log composite likelihood: -20.0438909819.
2019-08-01 09:09:12,648 - INFO - Optimal value of theta: 51.5822878621.
2019-08-01 09:09:12,648 - INFO - Beginning optimization with guess, [0.61542446 0.10952227].
2019-08-01 09:09:13,245 - INFO - Finished optimization with guess, [0.61542446 0.10952227].
2019-08-01 09:09:13,245 - INFO - Best fit parameters: [8.         0.00812418].
2019-08-01 09:09:13,252 - INFO - Maximum log composite likelihood: -20.0438909808.
2019-08-01 09:09:13,252 - INFO - Optimal value of theta: 51.582269406.
2019-08-01 09:09:13,253 - INFO - Beginning optimization with guess, [0.27780894 0.16451662].
2019-08-01 09:09:14,009 - INFO - Finished optimization with guess, [0.27780894 0.16451662].
2019-08-01 09:09:14,009 - INFO - Best fit parameters: [6.51493254 0.00752314].
2019-08-01 09:09:14,016 - INFO - Maximum log composite likelihood: -20.0451452686.
2019-08-01 09:09:14,017 - INFO - Optimal value of theta: 51.6728008267.
2019-08-01 09:09:14,017 - INFO - Beginning optimization with guess, [0.4137543  0.05732907].
2019-08-01 09:09:14,522 - INFO - Finished optimization with guess, [0.4137543  0.05732907].
2019-08-01 09:09:14,523 - INFO - Best fit parameters: [8.        0.0081238].
2019-08-01 09:09:14,529 - INFO - Maximum log composite likelihood: -20.0438909832.
2019-08-01 09:09:14,530 - INFO - Optimal value of theta: 51.5823092843.
2019-08-01 09:09:14,530 - INFO - Beginning optimization with guess, [0.63320793 0.08963156].
2019-08-01 09:09:15,056 - INFO - Finished optimization with guess, [0.63320793 0.08963156].
2019-08-01 09:09:15,058 - INFO - Best fit parameters: [8.        0.0081242].
2019-08-01 09:09:15,064 - INFO - Maximum log composite likelihood: -20.0438909807.
2019-08-01 09:09:15,065 - INFO - Optimal value of theta: 51.5822680614.
2019-08-01 09:09:15,065 - INFO - Beginning optimization with guess, [0.62773756 0.17677075].
2019-08-01 09:09:15,797 - INFO - Finished optimization with guess, [0.62773756 0.17677075].
2019-08-01 09:09:15,797 - INFO - Best fit parameters: [5.40109384 0.00705091].
2019-08-01 09:09:15,804 - INFO - Maximum log composite likelihood: -20.0470571967.
2019-08-01 09:09:15,804 - INFO - Optimal value of theta: 51.7492404427.
2019-08-01 09:09:15,804 - INFO - Beginning optimization with guess, [0.88069525 0.09934665].
2019-08-01 09:09:16,314 - INFO - Finished optimization with guess, [0.88069525 0.09934665].
2019-08-01 09:09:16,314 - INFO - Best fit parameters: [8.         0.00812413].
2019-08-01 09:09:16,321 - INFO - Maximum log composite likelihood: -20.0438909811.
2019-08-01 09:09:16,321 - INFO - Optimal value of theta: 51.5822750046.
2019-08-01 09:09:16,321 - INFO - Beginning optimization with guess, [0.91207277 0.12738175].
2019-08-01 09:09:16,855 - INFO - Finished optimization with guess, [0.91207277 0.12738175].
2019-08-01 09:09:16,855 - INFO - Best fit parameters: [8.        0.0081241].
2019-08-01 09:09:16,862 - INFO - Maximum log composite likelihood: -20.0438909813.
2019-08-01 09:09:16,862 - INFO - Optimal value of theta: 51.5822782682.
2019-08-01 09:09:16,862 - INFO - Beginning optimization with guess, [0.98486611 0.17012495].
2019-08-01 09:09:17,690 - INFO - Finished optimization with guess, [0.98486611 0.17012495].
2019-08-01 09:09:17,692 - INFO - Best fit parameters: [8.         0.00812673].
2019-08-01 09:09:17,698 - INFO - Maximum log composite likelihood: -20.0438909703.
2019-08-01 09:09:17,698 - INFO - Optimal value of theta: 51.5820017512.
2019-08-01 09:09:17,699 - INFO - Beginning optimization with guess, [0.76300613 0.17680844].
2019-08-01 09:09:18,942 - INFO - Finished optimization with guess, [0.76300613 0.17680844].
2019-08-01 09:09:18,942 - INFO - Best fit parameters: [8.         0.00812724].
2019-08-01 09:09:18,949 - INFO - Maximum log composite likelihood: -20.0438909694.
2019-08-01 09:09:18,949 - INFO - Optimal value of theta: 51.5819480226.
2019-08-01 09:09:18,950 - INFO - Beginning optimization with guess, [0.27587167 0.06187399].
2019-08-01 09:09:19,380 - INFO - Finished optimization with guess, [0.27587167 0.06187399].
2019-08-01 09:09:19,380 - INFO - Best fit parameters: [8.         0.00812952].
2019-08-01 09:09:19,387 - INFO - Maximum log composite likelihood: -20.0438909699.
2019-08-01 09:09:19,387 - INFO - Optimal value of theta: 51.5817083321.
2019-08-01 09:09:19,388 - INFO - Beginning optimization with guess, [0.35265824 0.12450065].
2019-08-01 09:09:19,876 - INFO - Finished optimization with guess, [0.35265824 0.12450065].
2019-08-01 09:09:19,876 - INFO - Best fit parameters: [8.         0.00812412].
2019-08-01 09:09:19,883 - INFO - Maximum log composite likelihood: -20.0438909812.
2019-08-01 09:09:19,883 - INFO - Optimal value of theta: 51.582276321.
2019-08-01 09:09:19,884 - INFO - Beginning optimization with guess, [0.2653204 0.0653435].
2019-08-01 09:09:20,326 - INFO - Finished optimization with guess, [0.2653204 0.0653435].
2019-08-01 09:09:20,326 - INFO - Best fit parameters: [8.         0.00812857].
2019-08-01 09:09:20,333 - INFO - Maximum log composite likelihood: -20.0438909687.
2019-08-01 09:09:20,333 - INFO - Optimal value of theta: 51.5818079026.
2019-08-01 09:09:20,333 - INFO - Beginning optimization with guess, [0.34117021 0.08960309].
2019-08-01 09:09:20,796 - INFO - Finished optimization with guess, [0.34117021 0.08960309].
2019-08-01 09:09:20,796 - INFO - Best fit parameters: [8.         0.00812452].
2019-08-01 09:09:20,803 - INFO - Maximum log composite likelihood: -20.0438909789.
2019-08-01 09:09:20,803 - INFO - Optimal value of theta: 51.5822344095.
2019-08-01 09:09:20,804 - INFO - Beginning optimization with guess, [0.58843564 0.10635909].
2019-08-01 09:09:21,269 - INFO - Finished optimization with guess, [0.58843564 0.10635909].
2019-08-01 09:09:21,269 - INFO - Best fit parameters: [8.         0.00812794].
2019-08-01 09:09:21,276 - INFO - Maximum log composite likelihood: -20.0438909687.
2019-08-01 09:09:21,276 - INFO - Optimal value of theta: 51.5818747298.
2019-08-01 09:09:21,276 - INFO - Beginning optimization with guess, [0.59567209 0.18080808].
2019-08-01 09:09:22,037 - INFO - Finished optimization with guess, [0.59567209 0.18080808].
2019-08-01 09:09:22,037 - INFO - Best fit parameters: [3.442879  0.0082396].
2019-08-01 09:09:22,044 - INFO - Maximum log composite likelihood: -20.0495777908.
2019-08-01 09:09:22,045 - INFO - Optimal value of theta: 51.7422226569.
2019-08-01 09:09:22,045 - INFO - Beginning optimization with guess, [0.52139233 0.05551171].
2019-08-01 09:09:22,465 - INFO - Finished optimization with guess, [0.52139233 0.05551171].
2019-08-01 09:09:22,465 - INFO - Best fit parameters: [8.         0.00812346].
2019-08-01 09:09:22,472 - INFO - Maximum log composite likelihood: -20.0438909855.
2019-08-01 09:09:22,472 - INFO - Optimal value of theta: 51.5823451375.
2019-08-01 09:09:22,473 - INFO - Beginning optimization with guess, [0.48758887 0.16032747].
2019-08-01 09:09:23,075 - INFO - Finished optimization with guess, [0.48758887 0.16032747].
2019-08-01 09:09:23,075 - INFO - Best fit parameters: [8.         0.00812391].
2019-08-01 09:09:23,082 - INFO - Maximum log composite likelihood: -20.0438909825.
2019-08-01 09:09:23,082 - INFO - Optimal value of theta: 51.5822980586.
2019-08-01 09:09:23,083 - INFO - Beginning optimization with guess, [0.44611298 0.07119159].
2019-08-01 09:09:23,665 - INFO - Finished optimization with guess, [0.44611298 0.07119159].
2019-08-01 09:09:23,666 - INFO - Best fit parameters: [8.         0.00812924].
2019-08-01 09:09:23,673 - INFO - Maximum log composite likelihood: -20.0438909694.
2019-08-01 09:09:23,673 - INFO - Optimal value of theta: 51.5817381286.
2019-08-01 09:09:23,673 - INFO - Beginning optimization with guess, [0.63016332 0.0552947 ].
2019-08-01 09:09:24,379 - INFO - Finished optimization with guess, [0.63016332 0.0552947 ].
2019-08-01 09:09:24,380 - INFO - Best fit parameters: [8.         0.00811583].
2019-08-01 09:09:24,387 - INFO - Maximum log composite likelihood: -20.0438910826.
2019-08-01 09:09:24,388 - INFO - Optimal value of theta: 51.5831471763.
2019-08-01 09:09:24,388 - INFO - Beginning optimization with guess, [0.4175949  0.07326304].
2019-08-01 09:09:24,826 - INFO - Finished optimization with guess, [0.4175949  0.07326304].
2019-08-01 09:09:24,827 - INFO - Best fit parameters: [8.         0.00812341].
2019-08-01 09:09:24,833 - INFO - Maximum log composite likelihood: -20.0438909859.
2019-08-01 09:09:24,834 - INFO - Optimal value of theta: 51.5823501754.
2019-08-01 09:09:24,834 - INFO - Beginning optimization with guess, [0.97335744 0.11063561].
2019-08-01 09:09:25,341 - INFO - Finished optimization with guess, [0.97335744 0.11063561].
2019-08-01 09:09:25,341 - INFO - Best fit parameters: [8.        0.0081242].
2019-08-01 09:09:25,348 - INFO - Maximum log composite likelihood: -20.0438909807.
2019-08-01 09:09:25,348 - INFO - Optimal value of theta: 51.5822675109.
2019-08-01 09:09:25,349 - INFO - Beginning optimization with guess, [0.2565777  0.09568326].
2019-08-01 09:09:25,769 - INFO - Finished optimization with guess, [0.2565777  0.09568326].
2019-08-01 09:09:25,769 - INFO - Best fit parameters: [8.         0.00812417].
2019-08-01 09:09:25,776 - INFO - Maximum log composite likelihood: -20.0438909809.
2019-08-01 09:09:25,777 - INFO - Optimal value of theta: 51.582271247.
2019-08-01 09:09:25,777 - INFO - Beginning optimization with guess, [0.69731544 0.07566818].
2019-08-01 09:09:26,256 - INFO - Finished optimization with guess, [0.69731544 0.07566818].
2019-08-01 09:09:26,256 - INFO - Best fit parameters: [8.         0.00812394].
2019-08-01 09:09:26,263 - INFO - Maximum log composite likelihood: -20.0438909823.
2019-08-01 09:09:26,264 - INFO - Optimal value of theta: 51.5822944668.
2019-08-01 09:09:26,264 - INFO - Beginning optimization with guess, [0.61061342 0.07242799].
2019-08-01 09:09:26,846 - INFO - Finished optimization with guess, [0.61061342 0.07242799].
2019-08-01 09:09:26,846 - INFO - Best fit parameters: [8.         0.00812414].
2019-08-01 09:09:26,853 - INFO - Maximum log composite likelihood: -20.0438909811.
2019-08-01 09:09:26,853 - INFO - Optimal value of theta: 51.5822736716.
2019-08-01 09:09:26,854 - INFO - Beginning optimization with guess, [0.27391319 0.06087084].
2019-08-01 09:09:27,230 - INFO - Finished optimization with guess, [0.27391319 0.06087084].
2019-08-01 09:09:27,230 - INFO - Best fit parameters: [8.         0.00812403].
2019-08-01 09:09:27,237 - INFO - Maximum log composite likelihood: -20.0438909818.
2019-08-01 09:09:27,237 - INFO - Optimal value of theta: 51.5822856205.
2019-08-01 09:09:27,238 - INFO - Beginning optimization with guess, [0.74107241 0.0607392 ].
2019-08-01 09:09:27,778 - INFO - Finished optimization with guess, [0.74107241 0.0607392 ].
2019-08-01 09:09:27,779 - INFO - Best fit parameters: [8.         0.00812419].
2019-08-01 09:09:27,785 - INFO - Maximum log composite likelihood: -20.0438909808.
2019-08-01 09:09:27,786 - INFO - Optimal value of theta: 51.5822688606.
2019-08-01 09:09:27,786 - INFO - Beginning optimization with guess, [0.61272971 0.07590623].
2019-08-01 09:09:28,248 - INFO - Finished optimization with guess, [0.61272971 0.07590623].
2019-08-01 09:09:28,249 - INFO - Best fit parameters: [8.         0.00812394].
2019-08-01 09:09:28,256 - INFO - Maximum log composite likelihood: -20.0438909823.
2019-08-01 09:09:28,256 - INFO - Optimal value of theta: 51.5822947628.
2019-08-01 09:09:28,256 - INFO - Beginning optimization with guess, [0.80325294 0.12773485].
2019-08-01 09:09:28,812 - INFO - Finished optimization with guess, [0.80325294 0.12773485].
2019-08-01 09:09:28,812 - INFO - Best fit parameters: [8.         0.00812867].
2019-08-01 09:09:28,819 - INFO - Maximum log composite likelihood: -20.0438909688.
2019-08-01 09:09:28,819 - INFO - Optimal value of theta: 51.5817971702.
2019-08-01 09:09:28,819 - INFO - Beginning optimization with guess, [0.47079246 0.10895934].
2019-08-01 09:09:29,262 - INFO - Finished optimization with guess, [0.47079246 0.10895934].
2019-08-01 09:09:29,262 - INFO - Best fit parameters: [8.         0.00812442].
2019-08-01 09:09:29,269 - INFO - Maximum log composite likelihood: -20.0438909794.
2019-08-01 09:09:29,270 - INFO - Optimal value of theta: 51.5822443536.
2019-08-01 09:09:29,270 - INFO - Beginning optimization with guess, [0.83304491 0.06427237].
2019-08-01 09:09:29,752 - INFO - Finished optimization with guess, [0.83304491 0.06427237].
2019-08-01 09:09:29,752 - INFO - Best fit parameters: [8.         0.00812788].
2019-08-01 09:09:29,759 - INFO - Maximum log composite likelihood: -20.0438909687.
2019-08-01 09:09:29,759 - INFO - Optimal value of theta: 51.5818809837.
2019-08-01 09:09:29,759 - INFO - Beginning optimization with guess, [0.76618012 0.05483802].
2019-08-01 09:09:30,197 - INFO - Finished optimization with guess, [0.76618012 0.05483802].
2019-08-01 09:09:30,197 - INFO - Best fit parameters: [8.         0.00812416].
2019-08-01 09:09:30,204 - INFO - Maximum log composite likelihood: -20.043890981.
2019-08-01 09:09:30,205 - INFO - Optimal value of theta: 51.5822719495.
2019-08-01 09:09:30,205 - INFO - Beginning optimization with guess, [0.65987503 0.13081401].
2019-08-01 09:09:30,739 - INFO - Finished optimization with guess, [0.65987503 0.13081401].
2019-08-01 09:09:30,739 - INFO - Best fit parameters: [8.         0.00812417].
2019-08-01 09:09:30,746 - INFO - Maximum log composite likelihood: -20.0438909809.
2019-08-01 09:09:30,746 - INFO - Optimal value of theta: 51.5822707039.
2019-08-01 09:09:30,747 - INFO - Beginning optimization with guess, [0.29825757 0.09982863].
2019-08-01 09:09:31,251 - INFO - Finished optimization with guess, [0.29825757 0.09982863].
2019-08-01 09:09:31,252 - INFO - Best fit parameters: [8.         0.00812419].
2019-08-01 09:09:31,258 - INFO - Maximum log composite likelihood: -20.0438909808.
2019-08-01 09:09:31,259 - INFO - Optimal value of theta: 51.5822687924.
2019-08-01 09:09:31,259 - INFO - Beginning optimization with guess, [0.77809208 0.07501668].
2019-08-01 09:09:31,803 - INFO - Finished optimization with guess, [0.77809208 0.07501668].
2019-08-01 09:09:31,803 - INFO - Best fit parameters: [8.         0.00812438].
2019-08-01 09:09:31,810 - INFO - Maximum log composite likelihood: -20.0438909797.
2019-08-01 09:09:31,810 - INFO - Optimal value of theta: 51.5822487945.
2019-08-01 09:09:31,811 - INFO - Beginning optimization with guess, [0.71652139 0.06591749].
2019-08-01 09:09:32,269 - INFO - Finished optimization with guess, [0.71652139 0.06591749].
2019-08-01 09:09:32,269 - INFO - Best fit parameters: [8.        0.0081246].
2019-08-01 09:09:32,276 - INFO - Maximum log composite likelihood: -20.0438909785.
2019-08-01 09:09:32,276 - INFO - Optimal value of theta: 51.5822260289.
2019-08-01 09:09:32,277 - INFO - Beginning optimization with guess, [0.64749028 0.17626369].
2019-08-01 09:09:32,954 - INFO - Finished optimization with guess, [0.64749028 0.17626369].
2019-08-01 09:09:32,954 - INFO - Best fit parameters: [8.         0.00812413].
2019-08-01 09:09:32,961 - INFO - Maximum log composite likelihood: -20.0438909811.
2019-08-01 09:09:32,961 - INFO - Optimal value of theta: 51.5822750141.
2019-08-01 09:09:32,961 - INFO - Beginning optimization with guess, [0.29264985 0.10267801].
2019-08-01 09:09:33,474 - INFO - Finished optimization with guess, [0.29264985 0.10267801].
2019-08-01 09:09:33,474 - INFO - Best fit parameters: [8.        0.0081239].
2019-08-01 09:09:33,481 - INFO - Maximum log composite likelihood: -20.0438909826.
2019-08-01 09:09:33,482 - INFO - Optimal value of theta: 51.5822993364.
2019-08-01 09:09:33,482 - INFO - Beginning optimization with guess, [0.6053644  0.16633183].
2019-08-01 09:09:34,093 - INFO - Finished optimization with guess, [0.6053644  0.16633183].
2019-08-01 09:09:34,094 - INFO - Best fit parameters: [8.         0.00812415].
2019-08-01 09:09:34,101 - INFO - Maximum log composite likelihood: -20.043890981.
2019-08-01 09:09:34,101 - INFO - Optimal value of theta: 51.5822726928.
2019-08-01 09:09:34,101 - INFO - Beginning optimization with guess, [0.76179995 0.07855978].
2019-08-01 09:09:34,591 - INFO - Finished optimization with guess, [0.76179995 0.07855978].
2019-08-01 09:09:34,592 - INFO - Best fit parameters: [8.         0.00812417].
2019-08-01 09:09:34,599 - INFO - Maximum log composite likelihood: -20.0438909809.
2019-08-01 09:09:34,599 - INFO - Optimal value of theta: 51.5822709915.
2019-08-01 09:09:34,599 - INFO - Beginning optimization with guess, [0.98185728 0.07205277].
2019-08-01 09:09:34,983 - INFO - Finished optimization with guess, [0.98185728 0.07205277].
2019-08-01 09:09:34,983 - INFO - Best fit parameters: [8.         0.00812386].
2019-08-01 09:09:34,990 - INFO - Maximum log composite likelihood: -20.0438909828.
2019-08-01 09:09:34,990 - INFO - Optimal value of theta: 51.5823035169.
2019-08-01 09:09:34,991 - INFO - Beginning optimization with guess, [0.76008386 0.06076158].
2019-08-01 09:09:35,499 - INFO - Finished optimization with guess, [0.76008386 0.06076158].
2019-08-01 09:09:35,499 - INFO - Best fit parameters: [8.         0.00812408].
2019-08-01 09:09:35,506 - INFO - Maximum log composite likelihood: -20.0438909814.
2019-08-01 09:09:35,507 - INFO - Optimal value of theta: 51.5822801187.
2019-08-01 09:09:35,507 - INFO - Beginning optimization with guess, [0.58677149 0.12573694].
2019-08-01 09:09:36,046 - INFO - Finished optimization with guess, [0.58677149 0.12573694].
2019-08-01 09:09:36,046 - INFO - Best fit parameters: [8.         0.00812416].
2019-08-01 09:09:36,053 - INFO - Maximum log composite likelihood: -20.0438909809.
2019-08-01 09:09:36,053 - INFO - Optimal value of theta: 51.5822715043.
2019-08-01 09:09:36,054 - INFO - Beginning optimization with guess, [0.34340632 0.07420895].
2019-08-01 09:09:36,541 - INFO - Finished optimization with guess, [0.34340632 0.07420895].
2019-08-01 09:09:36,542 - INFO - Best fit parameters: [8.         0.00812419].
2019-08-01 09:09:36,549 - INFO - Maximum log composite likelihood: -20.0438909808.
2019-08-01 09:09:36,550 - INFO - Optimal value of theta: 51.5822686614.
2019-08-01 09:09:36,550 - INFO - Beginning optimization with guess, [0.42719925 0.05522299].
2019-08-01 09:09:36,931 - INFO - Finished optimization with guess, [0.42719925 0.05522299].
2019-08-01 09:09:36,931 - INFO - Best fit parameters: [8.         0.00812417].
2019-08-01 09:09:36,938 - INFO - Maximum log composite likelihood: -20.0438909809.
2019-08-01 09:09:36,938 - INFO - Optimal value of theta: 51.5822711837.
2019-08-01 09:09:36,939 - INFO - Beginning optimization with guess, [0.54740432 0.06504652].
2019-08-01 09:09:37,530 - INFO - Finished optimization with guess, [0.54740432 0.06504652].
2019-08-01 09:09:37,530 - INFO - Best fit parameters: [8.         0.00812478].
2019-08-01 09:09:37,537 - INFO - Maximum log composite likelihood: -20.0438909775.
2019-08-01 09:09:37,537 - INFO - Optimal value of theta: 51.5822063607.
2019-08-01 09:09:37,538 - INFO - Beginning optimization with guess, [0.38484503 0.0553882 ].
2019-08-01 09:09:37,940 - INFO - Finished optimization with guess, [0.38484503 0.0553882 ].
2019-08-01 09:09:37,940 - INFO - Best fit parameters: [8.         0.00812881].
2019-08-01 09:09:37,947 - INFO - Maximum log composite likelihood: -20.0438909689.
2019-08-01 09:09:37,947 - INFO - Optimal value of theta: 51.5817824357.
2019-08-01 09:09:37,948 - INFO - Beginning optimization with guess, [0.52308618 0.06724165].
2019-08-01 09:09:38,413 - INFO - Finished optimization with guess, [0.52308618 0.06724165].
2019-08-01 09:09:38,413 - INFO - Best fit parameters: [8.         0.00812422].
2019-08-01 09:09:38,420 - INFO - Maximum log composite likelihood: -20.0438909806.
2019-08-01 09:09:38,420 - INFO - Optimal value of theta: 51.5822658418.
2019-08-01 09:09:38,421 - INFO - Beginning optimization with guess, [0.51500142 0.15578606].
2019-08-01 09:09:39,071 - INFO - Finished optimization with guess, [0.51500142 0.15578606].
2019-08-01 09:09:39,071 - INFO - Best fit parameters: [8.         0.00812426].
2019-08-01 09:09:39,078 - INFO - Maximum log composite likelihood: -20.0438909803.
2019-08-01 09:09:39,078 - INFO - Optimal value of theta: 51.5822611814.
2019-08-01 09:09:39,078 - INFO - Beginning optimization with guess, [0.2843329  0.06752723].
2019-08-01 09:09:39,443 - INFO - Finished optimization with guess, [0.2843329  0.06752723].
2019-08-01 09:09:39,443 - INFO - Best fit parameters: [8.         0.00812416].
2019-08-01 09:09:39,450 - INFO - Maximum log composite likelihood: -20.0438909809.
2019-08-01 09:09:39,450 - INFO - Optimal value of theta: 51.5822718495.
2019-08-01 09:09:39,451 - INFO - Beginning optimization with guess, [0.84662973 0.11657492].
2019-08-01 09:09:40,240 - INFO - Finished optimization with guess, [0.84662973 0.11657492].
2019-08-01 09:09:40,240 - INFO - Best fit parameters: [8.        0.0081254].
2019-08-01 09:09:40,247 - INFO - Maximum log composite likelihood: -20.0438909746.
2019-08-01 09:09:40,247 - INFO - Optimal value of theta: 51.5821413581.
2019-08-01 09:09:40,248 - INFO - Beginning optimization with guess, [0.46046138 0.11874021].
2019-08-01 09:09:41,184 - INFO - Finished optimization with guess, [0.46046138 0.11874021].
2019-08-01 09:09:41,184 - INFO - Best fit parameters: [8.         0.00812823].
2019-08-01 09:09:41,191 - INFO - Maximum log composite likelihood: -20.0438909686.
2019-08-01 09:09:41,191 - INFO - Optimal value of theta: 51.581843762.
2019-08-01 09:09:41,192 - INFO - Beginning optimization with guess, [0.80071217 0.0656637 ].
2019-08-01 09:09:41,639 - INFO - Finished optimization with guess, [0.80071217 0.0656637 ].
2019-08-01 09:09:41,639 - INFO - Best fit parameters: [8.         0.00812415].
2019-08-01 09:09:41,646 - INFO - Maximum log composite likelihood: -20.043890981.
2019-08-01 09:09:41,646 - INFO - Optimal value of theta: 51.5822726875.
2019-08-01 09:09:41,646 - INFO - Beginning optimization with guess, [0.73333205 0.10346582].
2019-08-01 09:09:42,269 - INFO - Finished optimization with guess, [0.73333205 0.10346582].
2019-08-01 09:09:42,269 - INFO - Best fit parameters: [8.        0.0081242].
2019-08-01 09:09:42,276 - INFO - Maximum log composite likelihood: -20.0438909807.
2019-08-01 09:09:42,277 - INFO - Optimal value of theta: 51.5822679255.
2019-08-01 09:09:42,277 - INFO - Beginning optimization with guess, [0.32086106 0.07145907].
2019-08-01 09:09:42,966 - INFO - Finished optimization with guess, [0.32086106 0.07145907].
2019-08-01 09:09:42,967 - INFO - Best fit parameters: [8.         0.00812394].
2019-08-01 09:09:42,974 - INFO - Maximum log composite likelihood: -20.0438909823.
2019-08-01 09:09:42,974 - INFO - Optimal value of theta: 51.5822947148.
2019-08-01 09:09:42,974 - INFO - Beginning optimization with guess, [0.35912086 0.15559462].
2019-08-01 09:09:43,518 - INFO - Finished optimization with guess, [0.35912086 0.15559462].
2019-08-01 09:09:43,518 - INFO - Best fit parameters: [8.         0.00812366].
2019-08-01 09:09:43,525 - INFO - Maximum log composite likelihood: -20.0438909841.
2019-08-01 09:09:43,525 - INFO - Optimal value of theta: 51.5823241441.
2019-08-01 09:09:43,525 - INFO - Beginning optimization with guess, [0.74051037 0.11962273].
2019-08-01 09:09:44,056 - INFO - Finished optimization with guess, [0.74051037 0.11962273].
2019-08-01 09:09:44,056 - INFO - Best fit parameters: [8.         0.00812399].
2019-08-01 09:09:44,063 - INFO - Maximum log composite likelihood: -20.043890982.
2019-08-01 09:09:44,064 - INFO - Optimal value of theta: 51.582289345.
2019-08-01 09:09:44,064 - INFO - Beginning optimization with guess, [0.73968449 0.05064191].
2019-08-01 09:09:44,439 - INFO - Finished optimization with guess, [0.73968449 0.05064191].
2019-08-01 09:09:44,439 - INFO - Best fit parameters: [8.        0.0081236].
2019-08-01 09:09:44,446 - INFO - Maximum log composite likelihood: -20.0438909845.
2019-08-01 09:09:44,447 - INFO - Optimal value of theta: 51.5823301812.
2019-08-01 09:09:44,447 - INFO - Beginning optimization with guess, [0.42527921 0.16493063].
2019-08-01 09:09:44,943 - INFO - Finished optimization with guess, [0.42527921 0.16493063].
2019-08-01 09:09:44,943 - INFO - Best fit parameters: [8.         0.00812414].
2019-08-01 09:09:44,950 - INFO - Maximum log composite likelihood: -20.0438909811.
2019-08-01 09:09:44,950 - INFO - Optimal value of theta: 51.5822738945.
2019-08-01 09:09:44,951 - INFO - Beginning optimization with guess, [0.41305993 0.10177185].
2019-08-01 09:09:45,415 - INFO - Finished optimization with guess, [0.41305993 0.10177185].
2019-08-01 09:09:45,415 - INFO - Best fit parameters: [8.         0.00812419].
2019-08-01 09:09:45,422 - INFO - Maximum log composite likelihood: -20.0438909808.
2019-08-01 09:09:45,423 - INFO - Optimal value of theta: 51.5822690253.
2019-08-01 09:09:45,423 - INFO - Beginning optimization with guess, [0.875591   0.18980874].
2019-08-01 09:09:46,090 - INFO - Finished optimization with guess, [0.875591   0.18980874].
2019-08-01 09:09:46,090 - INFO - Best fit parameters: [8.         0.00812382].
2019-08-01 09:09:46,097 - INFO - Maximum log composite likelihood: -20.0438909831.
2019-08-01 09:09:46,098 - INFO - Optimal value of theta: 51.5823074419.
2019-08-01 09:09:46,098 - INFO - Beginning optimization with guess, [0.50837029 0.17943175].
2019-08-01 09:09:46,792 - INFO - Finished optimization with guess, [0.50837029 0.17943175].
2019-08-01 09:09:46,793 - INFO - Best fit parameters: [8.         0.00812377].
2019-08-01 09:09:46,800 - INFO - Maximum log composite likelihood: -20.0438909834.
2019-08-01 09:09:46,800 - INFO - Optimal value of theta: 51.5823126764.
2019-08-01 09:09:46,800 - INFO - Beginning optimization with guess, [0.45964727 0.05463037].
2019-08-01 09:09:47,299 - INFO - Finished optimization with guess, [0.45964727 0.05463037].
2019-08-01 09:09:47,299 - INFO - Best fit parameters: [8.         0.00812417].
2019-08-01 09:09:47,306 - INFO - Maximum log composite likelihood: -20.0438909809.
2019-08-01 09:09:47,307 - INFO - Optimal value of theta: 51.5822711776.
2019-08-01 09:09:47,307 - INFO - Beginning optimization with guess, [0.93331054 0.1256411 ].
2019-08-01 09:09:47,815 - INFO - Finished optimization with guess, [0.93331054 0.1256411 ].
2019-08-01 09:09:47,816 - INFO - Best fit parameters: [8.         0.00812395].
2019-08-01 09:09:47,823 - INFO - Maximum log composite likelihood: -20.0438909822.
2019-08-01 09:09:47,823 - INFO - Optimal value of theta: 51.5822937987.
2019-08-01 09:09:47,823 - INFO - Beginning optimization with guess, [0.58266448 0.1117945 ].
2019-08-01 09:09:48,332 - INFO - Finished optimization with guess, [0.58266448 0.1117945 ].
2019-08-01 09:09:48,332 - INFO - Best fit parameters: [8.         0.00812357].
2019-08-01 09:09:48,339 - INFO - Maximum log composite likelihood: -20.0438909848.
2019-08-01 09:09:48,340 - INFO - Optimal value of theta: 51.5823340869.
2019-08-01 09:09:48,340 - INFO - Beginning optimization with guess, [0.37240222 0.11141526].
2019-08-01 09:09:49,053 - INFO - Finished optimization with guess, [0.37240222 0.11141526].
2019-08-01 09:09:49,053 - INFO - Best fit parameters: [8.         0.00813979].
2019-08-01 09:09:49,060 - INFO - Maximum log composite likelihood: -20.0438910675.
2019-08-01 09:09:49,060 - INFO - Optimal value of theta: 51.5806284397.
2019-08-01 09:09:49,060 - INFO - Beginning optimization with guess, [0.39431531 0.05247105].
2019-08-01 09:09:49,357 - INFO - Finished optimization with guess, [0.39431531 0.05247105].
2019-08-01 09:09:49,358 - INFO - Best fit parameters: [8.         0.00812418].
2019-08-01 09:09:49,364 - INFO - Maximum log composite likelihood: -20.0438909809.
2019-08-01 09:09:49,365 - INFO - Optimal value of theta: 51.5822701917.
2019-08-01 09:09:49,366 - INFO - Finished demographic inference.
2019-08-01 09:09:49,366 - INFO - Beginning DFE inference.
2019-08-01 09:09:50,221 - INFO - Beginning optimization with guess, [6.08545231e-02 1.17118749e+02].
2019-08-01 09:09:52,536 - INFO - Finished optomization, results are [-24.731679493387105 array([8.61984138e-02, 3.04619680e+03])].
2019-08-01 09:09:52,537 - INFO - Beginning optimization with guess, [7.41972802e-02 1.90230911e+02].
2019-08-01 09:09:57,684 - INFO - Finished optomization, results are [-24.619815730412085 array([8.4499810e-02, 3.7051617e+03])].
2019-08-01 09:09:57,685 - INFO - Beginning optimization with guess, [5.49212997e-02 1.18841313e+02].
2019-08-01 09:10:01,833 - INFO - Finished optomization, results are [-24.700705276400306 array([8.26303365e-02, 3.63999075e+03])].
2019-08-01 09:10:01,834 - INFO - Beginning optimization with guess, [1.08160370e-01 2.39915865e+02].
2019-08-01 09:10:03,614 - INFO - Finished optomization, results are [-24.768492029853398 array([8.27854898e-02, 3.38328831e+03])].
2019-08-01 09:10:03,615 - INFO - Beginning optimization with guess, [  0.16239212 154.43592007].
2019-08-01 09:10:06,322 - INFO - Finished optomization, results are [-24.696130956411782 array([8.27425982e-02, 3.63853287e+03])].
2019-08-01 09:10:06,322 - INFO - Beginning optimization with guess, [ 0.07521485 68.80699398].
2019-08-01 09:10:08,290 - INFO - Finished optomization, results are [-24.61525820144727 array([8.71472223e-02, 3.49499662e+03])].
2019-08-01 09:10:08,290 - INFO - Beginning optimization with guess, [ 0.17934589 65.67861754].
2019-08-01 09:10:10,627 - INFO - Finished optomization, results are [-24.786301552064767 array([8.43435625e-02, 3.09863500e+03])].
2019-08-01 09:10:10,628 - INFO - Beginning optimization with guess, [6.21736658e-02 1.24127759e+02].
2019-08-01 09:10:13,801 - INFO - Finished optomization, results are [-24.624567581481145 array([8.54685912e-02, 3.57212379e+03])].
2019-08-01 09:10:13,802 - INFO - Beginning optimization with guess, [5.33476302e-02 1.92329963e+02].
2019-08-01 09:10:17,053 - INFO - Finished optomization, results are [-24.65871830955409 array([8.80871070e-02, 3.19673389e+03])].
2019-08-01 09:10:17,053 - INFO - Beginning optimization with guess, [5.48425086e-02 2.08567232e+02].
2019-08-01 09:10:19,328 - INFO - Finished optomization, results are [-24.763251305065907 array([8.52409054e-02, 3.05274518e+03])].
2019-08-01 09:10:19,328 - INFO - Beginning optimization with guess, [5.88872565e-02 8.91683630e+01].
2019-08-01 09:10:21,852 - INFO - Finished optomization, results are [-24.74095478027089 array([8.18863031e-02, 3.62517679e+03])].
2019-08-01 09:10:21,853 - INFO - Beginning optimization with guess, [8.58209234e-02 1.65520735e+02].
2019-08-01 09:10:25,589 - INFO - Finished optomization, results are [-24.73390396862884 array([8.17118583e-02, 3.68065663e+03])].
2019-08-01 09:10:25,589 - INFO - Beginning optimization with guess, [1.27040294e-01 1.34994834e+02].
2019-08-01 09:10:27,964 - INFO - Finished optomization, results are [-24.66906465015382 array([8.54330957e-02, 3.37099074e+03])].
2019-08-01 09:10:27,965 - INFO - Beginning optimization with guess, [4.94599563e-02 8.26065135e+01].
2019-08-01 09:10:31,110 - INFO - Finished optomization, results are [-24.666863726677065 array([8.37254765e-02, 3.60068320e+03])].
2019-08-01 09:10:31,110 - INFO - Beginning optimization with guess, [8.11597055e-02 8.49737585e+01].
2019-08-01 09:10:33,055 - INFO - Finished optomization, results are [-24.703511295878812 array([8.71035733e-02, 3.06133517e+03])].
2019-08-01 09:10:33,055 - INFO - Beginning optimization with guess, [1.12889438e-01 1.96218300e+02].
2019-08-01 09:10:37,014 - INFO - Finished optomization, results are [-24.730372593195167 array([8.22096528e-02, 3.60493743e+03])].
2019-08-01 09:10:37,015 - INFO - Beginning optimization with guess, [1.63936501e-01 1.94557332e+02].
2019-08-01 09:10:39,649 - INFO - Finished optomization, results are [-24.647784624908674 array([8.4035581e-02, 3.6371327e+03])].
2019-08-01 09:10:39,650 - INFO - Beginning optimization with guess, [ 0.12823982 92.55724197].
2019-08-01 09:10:42,991 - INFO - Finished optomization, results are [-24.9646893804044 array([7.8694887e-02, 3.6033151e+03])].
2019-08-01 09:10:42,991 - INFO - Beginning optimization with guess, [1.04916949e-01 1.10910473e+02].
2019-08-01 09:10:45,257 - INFO - Finished optomization, results are [-24.952974447258352 array([7.92878520e-02, 3.50857831e+03])].
2019-08-01 09:10:45,257 - INFO - Beginning optimization with guess, [9.07912679e-02 1.09850091e+02].
2019-08-01 09:10:47,676 - INFO - Finished optomization, results are [-24.65525231717222 array([8.42214338e-02, 3.57965503e+03])].
2019-08-01 09:10:47,676 - INFO - Beginning optimization with guess, [1.02592975e-01 1.86080069e+02].
2019-08-01 09:10:49,584 - INFO - Finished optomization, results are [-24.81984864379075 array([8.19084957e-02, 3.37413342e+03])].
2019-08-01 09:10:49,585 - INFO - Beginning optimization with guess, [5.50418984e-02 6.42711324e+01].
2019-08-01 09:10:52,758 - INFO - Finished optomization, results are [-24.95952198086456 array([7.87460409e-02, 3.60568644e+03])].
2019-08-01 09:10:52,758 - INFO - Beginning optimization with guess, [ 0.09787894 72.9330788 ].
2019-08-01 09:10:57,123 - INFO - Finished optomization, results are [-24.64918634842019 array([8.37227831e-02, 3.67509622e+03])].
2019-08-01 09:10:57,123 - INFO - Beginning optimization with guess, [ 0.17634746 91.99920393].
2019-08-01 09:10:59,476 - INFO - Finished optomization, results are [-24.870538301664077 array([8.25280438e-02, 3.13350223e+03])].
2019-08-01 09:10:59,476 - INFO - Beginning optimization with guess, [1.41169596e-01 1.46102548e+02].
2019-08-01 09:11:04,109 - INFO - Finished optomization, results are [-24.670287748740492 array([8.30562785e-02, 3.68816589e+03])].
2019-08-01 09:11:04,110 - INFO - Beginning optimization with guess, [4.56010847e-02 6.21357941e+01].
2019-08-01 09:11:07,528 - INFO - Finished optomization, results are [-24.72330060760723 array([8.20609782e-02, 3.65548313e+03])].
2019-08-01 09:11:07,528 - INFO - Beginning optimization with guess, [1.09630229e-01 2.16510472e+02].
2019-08-01 09:11:09,894 - INFO - Finished optomization, results are [-24.73724759378235 array([8.54627869e-02, 3.11056879e+03])].
2019-08-01 09:11:09,894 - INFO - Beginning optimization with guess, [7.05569146e-02 1.14229865e+02].
2019-08-01 09:11:12,366 - INFO - Finished optomization, results are [-24.664622311658654 array([9.06904879e-02, 3.20552724e+03])].
2019-08-01 09:11:12,367 - INFO - Beginning optimization with guess, [7.93935442e-02 1.84913744e+02].
2019-08-01 09:11:14,909 - INFO - Finished optomization, results are [-24.62297707696787 array([8.59426638e-02, 3.53474982e+03])].
2019-08-01 09:11:14,910 - INFO - Beginning optimization with guess, [6.67707371e-02 6.85442215e+01].
2019-08-01 09:11:18,075 - INFO - Finished optomization, results are [-24.742735319101094 array([8.41563078e-02, 3.26095879e+03])].
2019-08-01 09:11:18,076 - INFO - Beginning optimization with guess, [5.44982065e-02 1.33382436e+02].
2019-08-01 09:11:20,461 - INFO - Finished optomization, results are [-24.748160769964656 array([9.3605658e-02, 3.3695537e+03])].
2019-08-01 09:11:20,462 - INFO - Beginning optimization with guess, [7.39569060e-02 7.85806752e+01].
2019-08-01 09:11:25,455 - INFO - Finished optomization, results are [-24.618766013164745 array([8.46796229e-02, 3.68850386e+03])].
2019-08-01 09:11:25,456 - INFO - Beginning optimization with guess, [  0.1621268  107.59059136].
2019-08-01 09:11:29,070 - INFO - Finished optomization, results are [-24.902349173865467 array([8.0147671e-02, 3.4685655e+03])].
2019-08-01 09:11:29,070 - INFO - Beginning optimization with guess, [7.10620159e-02 1.92141903e+02].
2019-08-01 09:11:32,393 - INFO - Finished optomization, results are [-24.75022102411482 array([8.61047473e-02, 2.99366000e+03])].
2019-08-01 09:11:32,393 - INFO - Beginning optimization with guess, [6.43778761e-02 1.39846989e+02].
2019-08-01 09:11:35,464 - INFO - Finished optomization, results are [-24.682664484355424 array([9.04639042e-02, 3.02504454e+03])].
2019-08-01 09:11:35,464 - INFO - Beginning optimization with guess, [ 0.09753687 71.76734751].
2019-08-01 09:11:37,999 - INFO - Finished optomization, results are [-24.662252519850597 array([8.41450293e-02, 3.56053903e+03])].
2019-08-01 09:11:38,000 - INFO - Beginning optimization with guess, [5.47231499e-02 2.47830098e+02].
2019-08-01 09:11:40,398 - INFO - Finished optomization, results are [-24.771674010046276 array([8.56892286e-02, 2.97273650e+03])].
2019-08-01 09:11:40,399 - INFO - Beginning optimization with guess, [1.52270396e-01 2.06924451e+02].
2019-08-01 09:11:43,092 - INFO - Finished optomization, results are [-24.705575061742934 array([8.45621574e-02, 3.33516707e+03])].
2019-08-01 09:11:43,092 - INFO - Beginning optimization with guess, [6.66429924e-02 1.88328939e+02].
2019-08-01 09:11:45,913 - INFO - Finished optomization, results are [-24.644752441650304 array([8.45861679e-02, 3.57785807e+03])].
2019-08-01 09:11:45,914 - INFO - Beginning optimization with guess, [1.36341790e-01 2.12103564e+02].
2019-08-01 09:11:48,231 - INFO - Finished optomization, results are [-24.69134541544062 array([8.38540185e-02, 3.48583744e+03])].
2019-08-01 09:11:48,232 - INFO - Beginning optimization with guess, [ 0.10249668 74.91668787].
2019-08-01 09:11:50,043 - INFO - Finished optomization, results are [-24.74452188468012 array([8.40445415e-02, 3.27071520e+03])].
2019-08-01 09:11:50,043 - INFO - Beginning optimization with guess, [5.87450142e-02 7.55425272e+01].
2019-08-01 09:11:52,455 - INFO - Finished optomization, results are [-24.79490204882125 array([8.15051624e-02, 3.51940527e+03])].
2019-08-01 09:11:52,456 - INFO - Beginning optimization with guess, [ 0.1522385  92.98170897].
2019-08-01 09:11:54,666 - INFO - Finished optomization, results are [-24.815628005455203 array([8.06143465e-02, 3.62349042e+03])].
2019-08-01 09:11:54,666 - INFO - Beginning optimization with guess, [5.42200503e-02 1.17186665e+02].
2019-08-01 09:11:57,484 - INFO - Finished optomization, results are [-24.667445436529007 array([8.37267559e-02, 3.59812947e+03])].
2019-08-01 09:11:57,484 - INFO - Beginning optimization with guess, [6.7018362e-02 8.3442668e+01].
2019-08-01 09:12:00,140 - INFO - Finished optomization, results are [-24.68595786773875 array([8.55519532e-02, 3.28824299e+03])].
2019-08-01 09:12:00,141 - INFO - Beginning optimization with guess, [5.75634411e-02 2.43719283e+02].
2019-08-01 09:12:02,680 - INFO - Finished optomization, results are [-24.710055372029835 array([8.45489150e-02, 3.32058855e+03])].
2019-08-01 09:12:02,680 - INFO - Beginning optimization with guess, [ 0.17713495 67.82638362].
2019-08-01 09:12:07,856 - INFO - Finished optomization, results are [-24.70310908353637 array([8.21142357e-02, 3.71904371e+03])].
2019-08-01 09:12:07,857 - INFO - Beginning optimization with guess, [ 0.11435267 88.97577026].
2019-08-01 09:12:11,433 - INFO - Finished optomization, results are [-24.724757300392447 array([8.26817634e-02, 3.54509217e+03])].
2019-08-01 09:12:11,433 - INFO - Beginning optimization with guess, [5.62443834e-02 2.04559747e+02].
2019-08-01 09:12:13,318 - INFO - Finished optomization, results are [-24.655496207083004 array([8.64300506e-02, 3.32929630e+03])].
2019-08-01 09:12:13,319 - INFO - Beginning optimization with guess, [7.77747086e-02 1.05876411e+02].
2019-08-01 09:12:15,675 - INFO - Finished optomization, results are [-24.705017329713943 array([8.67637522e-02, 3.08674058e+03])].
2019-08-01 09:12:15,675 - INFO - Beginning optimization with guess, [1.36172734e-01 1.63309047e+02].
2019-08-01 09:12:17,520 - INFO - Finished optomization, results are [-24.760369724675776 array([8.22189745e-02, 3.50288960e+03])].
2019-08-01 09:12:17,520 - INFO - Beginning optimization with guess, [ 0.17937386 73.23306144].
2019-08-01 09:12:21,123 - INFO - Finished optomization, results are [-24.73091864822088 array([8.55904142e-02, 3.11712916e+03])].
2019-08-01 09:12:21,123 - INFO - Beginning optimization with guess, [1.07751144e-01 1.43782564e+02].
2019-08-01 09:12:23,043 - INFO - Finished optomization, results are [-24.81699556286943 array([8.16989290e-02, 3.41877272e+03])].
2019-08-01 09:12:23,044 - INFO - Beginning optimization with guess, [1.14760017e-01 1.16876614e+02].
2019-08-01 09:12:24,939 - INFO - Finished optomization, results are [-24.752862214496403 array([8.30353544e-02, 3.39368313e+03])].
2019-08-01 09:12:24,940 - INFO - Beginning optimization with guess, [6.08912296e-02 1.23108326e+02].
2019-08-01 09:12:27,693 - INFO - Finished optomization, results are [-24.752298387784954 array([8.67320257e-02, 2.92033758e+03])].
2019-08-01 09:12:27,694 - INFO - Beginning optimization with guess, [6.82303320e-02 1.66617317e+02].
2019-08-01 09:12:30,954 - INFO - Finished optomization, results are [-24.713075735124804 array([8.20478858e-02, 3.69427948e+03])].
2019-08-01 09:12:30,955 - INFO - Beginning optimization with guess, [ 0.08504649 72.56959338].
2019-08-01 09:12:33,293 - INFO - Finished optomization, results are [-24.6901250928107 array([8.69365875e-02, 3.13077972e+03])].
2019-08-01 09:12:33,294 - INFO - Beginning optimization with guess, [4.9367237e-02 1.2035192e+02].
2019-08-01 09:12:35,832 - INFO - Finished optomization, results are [-24.70858550468173 array([8.57430198e-02, 3.17953174e+03])].
2019-08-01 09:12:35,832 - INFO - Beginning optimization with guess, [1.24906899e-01 1.72035738e+02].
2019-08-01 09:12:38,379 - INFO - Finished optomization, results are [-24.631662228355374 array([8.44982508e-02, 3.64874360e+03])].
2019-08-01 09:12:38,379 - INFO - Beginning optimization with guess, [ 0.12554181 63.43779355].
2019-08-01 09:12:43,515 - INFO - Finished optomization, results are [-25.014676022222737 array([7.76218454e-02, 3.71533326e+03])].
2019-08-01 09:12:43,516 - INFO - Beginning optimization with guess, [4.60356229e-02 6.52524585e+01].
2019-08-01 09:12:48,831 - INFO - Finished optomization, results are [-24.79153203868703 array([8.37203522e-02, 3.17052691e+03])].
2019-08-01 09:12:48,831 - INFO - Beginning optimization with guess, [ 0.15714983 91.32981475].
2019-08-01 09:12:51,903 - INFO - Finished optomization, results are [-24.698063252653412 array([8.45841456e-02, 3.36014230e+03])].
2019-08-01 09:12:51,904 - INFO - Beginning optimization with guess, [5.21141759e-02 1.04964255e+02].
2019-08-01 09:12:56,431 - INFO - Finished optomization, results are [-24.632294502304767 array([8.42248765e-02, 3.68103048e+03])].
2019-08-01 09:12:56,431 - INFO - Beginning optimization with guess, [9.94480890e-02 1.84513368e+02].
2019-08-01 09:12:58,155 - INFO - Finished optomization, results are [-24.78995896851487 array([8.16303508e-02, 3.51213332e+03])].
2019-08-01 09:12:58,156 - INFO - Beginning optimization with guess, [4.70451259e-02 1.13548714e+02].
2019-08-01 09:13:01,157 - INFO - Finished optomization, results are [-24.628413282656503 array([8.53247797e-02, 3.56799164e+03])].
2019-08-01 09:13:01,158 - INFO - Beginning optimization with guess, [ 0.06653113 64.07409456].
2019-08-01 09:13:03,583 - INFO - Finished optomization, results are [-24.781296058535162 array([8.35224056e-02, 3.23013791e+03])].
2019-08-01 09:13:03,583 - INFO - Beginning optimization with guess, [ 0.08123303 75.77501616].
2019-08-01 09:13:06,745 - INFO - Finished optomization, results are [-24.62464301255727 array([8.88861741e-02, 3.41731985e+03])].
2019-08-01 09:13:06,746 - INFO - Beginning optimization with guess, [7.82408905e-02 1.07077364e+02].
2019-08-01 09:13:10,630 - INFO - Finished optomization, results are [-24.664726220394485 array([8.40096763e-02, 3.56900070e+03])].
2019-08-01 09:13:10,631 - INFO - Beginning optimization with guess, [ 0.11791138 84.91361646].
2019-08-01 09:13:13,280 - INFO - Finished optomization, results are [-24.71077068519761 array([8.27881960e-02, 3.57731521e+03])].
2019-08-01 09:13:13,280 - INFO - Beginning optimization with guess, [5.37127672e-02 8.78321479e+01].
2019-08-01 09:13:16,446 - INFO - Finished optomization, results are [-24.636822810081263 array([8.46630116e-02, 3.60425993e+03])].
2019-08-01 09:13:16,446 - INFO - Beginning optimization with guess, [1.35816188e-01 2.17670541e+02].
2019-08-01 09:13:20,025 - INFO - Finished optomization, results are [-24.701482111959198 array([8.44069840e-02, 3.37093778e+03])].
2019-08-01 09:13:20,026 - INFO - Beginning optimization with guess, [  0.17632273 150.60246367].
2019-08-01 09:13:22,112 - INFO - Finished optomization, results are [-24.742058590338594 array([8.39102302e-02, 3.29792861e+03])].
2019-08-01 09:13:22,112 - INFO - Beginning optimization with guess, [ 0.13451689 74.41495251].
2019-08-01 09:13:24,246 - INFO - Finished optomization, results are [-24.91949238450718 array([8.13583135e-02, 3.20289143e+03])].
2019-08-01 09:13:24,247 - INFO - Beginning optimization with guess, [5.64920710e-02 1.40840573e+02].
2019-08-01 09:13:26,352 - INFO - Finished optomization, results are [-24.77294735981201 array([8.24387199e-02, 3.42583255e+03])].
2019-08-01 09:13:26,352 - INFO - Beginning optimization with guess, [7.13835882e-02 1.03157367e+02].
2019-08-01 09:13:29,324 - INFO - Finished optomization, results are [-24.666185110521155 array([8.98917698e-02, 3.12532460e+03])].
2019-08-01 09:13:29,324 - INFO - Beginning optimization with guess, [6.66483754e-02 8.87382362e+01].
2019-08-01 09:13:32,373 - INFO - Finished optomization, results are [-24.82059795585075 array([8.18979979e-02, 3.37376945e+03])].
2019-08-01 09:13:32,374 - INFO - Beginning optimization with guess, [7.86671178e-02 8.56098523e+01].
2019-08-01 09:13:34,303 - INFO - Finished optomization, results are [-24.625775715407286 array([8.92537560e-02, 3.43315762e+03])].
2019-08-01 09:13:34,304 - INFO - Beginning optimization with guess, [1.53676951e-01 2.07031216e+02].
2019-08-01 09:13:38,333 - INFO - Finished optomization, results are [-24.736339657542892 array([8.16595728e-02, 3.68173392e+03])].
2019-08-01 09:13:38,334 - INFO - Beginning optimization with guess, [  0.16259855 124.31790553].
2019-08-01 09:13:40,048 - INFO - Finished optomization, results are [-24.961489366816416 array([7.87557089e-02, 3.59849739e+03])].
2019-08-01 09:13:40,048 - INFO - Beginning optimization with guess, [ 0.17515717 67.21071871].
2019-08-01 09:13:42,036 - INFO - Finished optomization, results are [-24.806853471231094 array([8.05031387e-02, 3.67218815e+03])].
2019-08-01 09:13:42,037 - INFO - Beginning optimization with guess, [ 0.15574318 69.73834242].
2019-08-01 09:13:47,795 - INFO - Finished optomization, results are [-24.711299798522887 array([8.23000372e-02, 3.65689769e+03])].
2019-08-01 09:13:47,796 - INFO - Beginning optimization with guess, [ 0.11597996 79.57502294].
2019-08-01 09:13:50,437 - INFO - Finished optomization, results are [-24.682674579963354 array([8.28219037e-02, 3.67685314e+03])].
2019-08-01 09:13:50,438 - INFO - Beginning optimization with guess, [  0.12362434 113.19341484].
2019-08-01 09:13:54,084 - INFO - Finished optomization, results are [-24.704635143815814 array([8.30526191e-02, 3.55722712e+03])].
2019-08-01 09:13:54,085 - INFO - Beginning optimization with guess, [7.33144196e-02 2.37060119e+02].
2019-08-01 09:13:56,800 - INFO - Finished optomization, results are [-24.710249953902085 array([8.68369901e-02, 3.05954695e+03])].
2019-08-01 09:13:56,800 - INFO - Beginning optimization with guess, [  0.13668524 121.47188048].
2019-08-01 09:13:58,819 - INFO - Finished optomization, results are [-24.86388145942596 array([8.01507155e-02, 3.57356813e+03])].
2019-08-01 09:13:58,820 - INFO - Beginning optimization with guess, [6.90755750e-02 1.65426343e+02].
2019-08-01 09:14:03,755 - INFO - Finished optomization, results are [-24.71636493333381 array([8.19827936e-02, 3.69393082e+03])].
2019-08-01 09:14:03,755 - INFO - Beginning optimization with guess, [8.21020138e-02 2.23231032e+02].
2019-08-01 09:14:08,370 - INFO - Finished optomization, results are [-24.625909794288383 array([8.41832691e-02, 3.71630744e+03])].
2019-08-01 09:14:08,371 - INFO - Beginning optimization with guess, [ 0.15636141 78.58731177].
2019-08-01 09:14:10,363 - INFO - Finished optomization, results are [-24.811440142597675 array([8.18320591e-02, 3.41185511e+03])].
2019-08-01 09:14:10,364 - INFO - Beginning optimization with guess, [6.77490206e-02 8.41552339e+01].
2019-08-01 09:14:12,311 - INFO - Finished optomization, results are [-24.755479681715393 array([8.34773739e-02, 3.31746513e+03])].
2019-08-01 09:14:12,311 - INFO - Beginning optimization with guess, [5.68956352e-02 8.64964767e+01].
2019-08-01 09:14:14,144 - INFO - Finished optomization, results are [-24.822975710172535 array([8.19409693e-02, 3.35956446e+03])].
2019-08-01 09:14:14,144 - INFO - Beginning optimization with guess, [6.05502456e-02 1.24151345e+02].
2019-08-01 09:14:16,086 - INFO - Finished optomization, results are [-24.741443903721425 array([8.43497857e-02, 3.23859809e+03])].
2019-08-01 09:14:16,087 - INFO - Beginning optimization with guess, [  0.15066803 141.01382964].
2019-08-01 09:14:18,479 - INFO - Finished optomization, results are [-24.79299908203342 array([8.32598796e-02, 3.23439643e+03])].
2019-08-01 09:14:18,479 - INFO - Beginning optimization with guess, [5.48302684e-02 2.31813627e+02].
2019-08-01 09:14:20,440 - INFO - Finished optomization, results are [-24.683798991521392 array([8.53883925e-02, 3.31565365e+03])].
2019-08-01 09:14:20,441 - INFO - Beginning optimization with guess, [ 0.17921499 86.94213036].
2019-08-01 09:14:22,544 - INFO - Finished optomization, results are [-24.769581786427125 array([8.35770519e-02, 3.25802645e+03])].
2019-08-01 09:14:22,544 - INFO - Beginning optimization with guess, [1.25366457e-01 1.31975558e+02].
2019-08-01 09:14:25,736 - INFO - Finished optomization, results are [-24.70546892132409 array([8.37656905e-02, 3.44604360e+03])].
2019-08-01 09:14:25,736 - INFO - Beginning optimization with guess, [5.58897985e-02 1.14446812e+02].
2019-08-01 09:14:30,412 - INFO - Finished optomization, results are [-24.698854382703523 array([8.25742747e-02, 3.65617526e+03])].
2019-08-01 09:14:30,412 - INFO - Beginning optimization with guess, [7.01066992e-02 1.29393097e+02].
2019-08-01 09:14:33,922 - INFO - Finished optomization, results are [-24.661094084434644 array([9.04775212e-02, 3.21256889e+03])].
2019-08-01 09:14:33,923 - INFO - Beginning optimization with guess, [1.20897652e-01 2.46321107e+02].
2019-08-01 09:14:35,821 - INFO - Finished optomization, results are [-24.748252311163085 array([8.44938286e-02, 3.19673837e+03])].
2019-08-01 09:14:35,821 - INFO - Beginning optimization with guess, [1.07328202e-01 2.00452691e+02].
2019-08-01 09:14:37,518 - INFO - Finished optomization, results are [-24.831677307344368 array([8.28601424e-02, 3.18522522e+03])].
2019-08-01 09:14:37,518 - INFO - Beginning optimization with guess, [1.21490852e-01 1.48453016e+02].
2019-08-01 09:14:39,947 - INFO - Finished optomization, results are [-24.741821624363617 array([8.61939561e-02, 3.01187628e+03])].
2019-08-01 09:14:39,948 - INFO - Finished DFE inference.
2019-08-01 09:14:39,948 - INFO - Integrating expected site-frequency spectrum.
2019-08-01 09:14:39,965 - INFO - Outputing results.
2019-08-01 09:14:39,970 - INFO - Pipeline executed succesfully.
