The system is: Linux - 4.4.0-17134-Microsoft - x86_64
Compiling the C compiler identification source file "CMakeCCompilerId.c" succeeded.
Compiler: /home/jonmah/Documents/software/conda/envs/BloomLab/bin/x86_64-conda_cos6-linux-gnu-cc 
Build flags: -march=nocona;-mtune=haswell;-ftree-vectorize;-fPIC;-fstack-protector-strong;-fno-plt;-O2;-pipe
Id flags: 

The output was:
0


Compilation of the C compiler identification source "CMakeCCompilerId.c" produced "a.out"

The C compiler identification is GNU, found in "/mnt/c/Users/jonat/Desktop/UCLA_BIG_SURP/lohmueller_lab/build/CMakeFiles/3.5.2/CompilerIdC/a.out"

Compiling the CXX compiler identification source file "CMakeCXXCompilerId.cpp" succeeded.
Compiler: /home/jonmah/Documents/software/conda/envs/BloomLab/bin/x86_64-conda_cos6-linux-gnu-c++ 
Build flags: -fvisibility-inlines-hidden;-std=c++17;-fmessage-length=0;-march=nocona;-mtune=haswell;-ftree-vectorize;-fPIC;-fstack-protector-strong;-fno-plt;-O2;-pipe
Id flags: 

The output was:
0


Compilation of the CXX compiler identification source "CMakeCXXCompilerId.cpp" produced "a.out"

The CXX compiler identification is GNU, found in "/mnt/c/Users/jonat/Desktop/UCLA_BIG_SURP/lohmueller_lab/build/CMakeFiles/3.5.2/CompilerIdCXX/a.out"

Determining if the C compiler works passed with the following output:
Change Dir: /mnt/c/Users/jonat/Desktop/UCLA_BIG_SURP/lohmueller_lab/build/CMakeFiles/CMakeTmp

Run Build Command:"/usr/bin/make" "cmTC_1f68b/fast"
/usr/bin/make -f CMakeFiles/cmTC_1f68b.dir/build.make CMakeFiles/cmTC_1f68b.dir/build
make[1]: Entering directory '/mnt/c/Users/jonat/Desktop/UCLA_BIG_SURP/lohmueller_lab/build/CMakeFiles/CMakeTmp'
Building C object CMakeFiles/cmTC_1f68b.dir/testCCompiler.c.o
/home/jonmah/Documents/software/conda/envs/BloomLab/bin/x86_64-conda_cos6-linux-gnu-cc    -march=nocona -mtune=haswell -ftree-vectorize -fPIC -fstack-protector-strong -fno-plt -O2 -pipe     -o CMakeFiles/cmTC_1f68b.dir/testCCompiler.c.o   -c /mnt/c/Users/jonat/Desktop/UCLA_BIG_SURP/lohmueller_lab/build/CMakeFiles/CMakeTmp/testCCompiler.c
Linking C executable cmTC_1f68b
/usr/bin/cmake -E cmake_link_script CMakeFiles/cmTC_1f68b.dir/link.txt --verbose=1
/home/jonmah/Documents/software/conda/envs/BloomLab/bin/x86_64-conda_cos6-linux-gnu-cc  -march=nocona -mtune=haswell -ftree-vectorize -fPIC -fstack-protector-strong -fno-plt -O2 -pipe     -Wl,-O2 -Wl,--sort-common -Wl,--as-needed -Wl,-z,relro -Wl,-z,now  CMakeFiles/cmTC_1f68b.dir/testCCompiler.c.o  -o cmTC_1f68b -rdynamic 
make[1]: Leaving directory '/mnt/c/Users/jonat/Desktop/UCLA_BIG_SURP/lohmueller_lab/build/CMakeFiles/CMakeTmp'


Detecting C compiler ABI info compiled with the following output:
Change Dir: /mnt/c/Users/jonat/Desktop/UCLA_BIG_SURP/lohmueller_lab/build/CMakeFiles/CMakeTmp

Run Build Command:"/usr/bin/make" "cmTC_e75f7/fast"
/usr/bin/make -f CMakeFiles/cmTC_e75f7.dir/build.make CMakeFiles/cmTC_e75f7.dir/build
make[1]: Entering directory '/mnt/c/Users/jonat/Desktop/UCLA_BIG_SURP/lohmueller_lab/build/CMakeFiles/CMakeTmp'
Building C object CMakeFiles/cmTC_e75f7.dir/CMakeCCompilerABI.c.o
/home/jonmah/Documents/software/conda/envs/BloomLab/bin/x86_64-conda_cos6-linux-gnu-cc    -march=nocona -mtune=haswell -ftree-vectorize -fPIC -fstack-protector-strong -fno-plt -O2 -pipe     -o CMakeFiles/cmTC_e75f7.dir/CMakeCCompilerABI.c.o   -c /usr/share/cmake-3.5/Modules/CMakeCCompilerABI.c
Linking C executable cmTC_e75f7
/usr/bin/cmake -E cmake_link_script CMakeFiles/cmTC_e75f7.dir/link.txt --verbose=1
/home/jonmah/Documents/software/conda/envs/BloomLab/bin/x86_64-conda_cos6-linux-gnu-cc  -march=nocona -mtune=haswell -ftree-vectorize -fPIC -fstack-protector-strong -fno-plt -O2 -pipe     -Wl,-O2 -Wl,--sort-common -Wl,--as-needed -Wl,-z,relro -Wl,-z,now -v CMakeFiles/cmTC_e75f7.dir/CMakeCCompilerABI.c.o  -o cmTC_e75f7 -rdynamic  
Reading specs from /home/jonmah/Documents/software/conda/envs/BloomLab/bin/../lib/gcc/x86_64-conda_cos6-linux-gnu/7.2.0/specs
COLLECT_GCC=/home/jonmah/Documents/software/conda/envs/BloomLab/bin/x86_64-conda_cos6-linux-gnu-cc
COLLECT_LTO_WRAPPER=/home/jonmah/Documents/software/conda/envs/BloomLab/bin/../libexec/gcc/x86_64-conda_cos6-linux-gnu/7.2.0/lto-wrapper
Target: x86_64-conda_cos6-linux-gnu
Configured with: /opt/conda/conda-bld/compilers_linux-64_1520532893746/work/.build/src/gcc-7.2.0/configure --build=x86_64-build_pc-linux-gnu --host=x86_64-build_pc-linux-gnu --target=x86_64-conda_cos6-linux-gnu --prefix=/opt/conda/conda-bld/compilers_linux-64_1520532893746/work/gcc_built --with-sysroot=/opt/conda/conda-bld/compilers_linux-64_1520532893746/work/gcc_built/x86_64-conda_cos6-linux-gnu/sysroot --enable-languages=c,c++,fortran,objc,obj-c++ --with-pkgversion='crosstool-NG fa8859cb' --enable-__cxa_atexit --disable-libmudflap --enable-libgomp --disable-libssp --enable-libquadmath --enable-libquadmath-support --enable-libsanitizer --enable-libmpx --with-gmp=/opt/conda/conda-bld/compilers_linux-64_1520532893746/work/.build/x86_64-conda_cos6-linux-gnu/buildtools --with-mpfr=/opt/conda/conda-bld/compilers_linux-64_1520532893746/work/.build/x86_64-conda_cos6-linux-gnu/buildtools --with-mpc=/opt/conda/conda-bld/compilers_linux-64_1520532893746/work/.build/x86_64-conda_cos6-linux-gnu/buildtools --with-isl=/opt/conda/conda-bld/compilers_linux-64_1520532893746/work/.build/x86_64-conda_cos6-linux-gnu/buildtools --enable-lto --enable-threads=posix --enable-target-optspace --enable-plugin --enable-gold --disable-nls --disable-multilib --with-local-prefix=/opt/conda/conda-bld/compilers_linux-64_1520532893746/work/gcc_built/x86_64-conda_cos6-linux-gnu/sysroot --enable-long-long --enable-default-pie
Thread model: posix
gcc version 7.2.0 (crosstool-NG fa8859cb) 
COMPILER_PATH=/home/jonmah/Documents/software/conda/envs/BloomLab/bin/../libexec/gcc/x86_64-conda_cos6-linux-gnu/7.2.0/:/home/jonmah/Documents/software/conda/envs/BloomLab/bin/../libexec/gcc/:/home/jonmah/Documents/software/conda/envs/BloomLab/bin/../lib/gcc/x86_64-conda_cos6-linux-gnu/7.2.0/../../../../x86_64-conda_cos6-linux-gnu/bin/
LIBRARY_PATH=/home/jonmah/Documents/software/conda/envs/BloomLab/bin/../lib/gcc/x86_64-conda_cos6-linux-gnu/7.2.0/:/home/jonmah/Documents/software/conda/envs/BloomLab/bin/../lib/gcc/:/home/jonmah/Documents/software/conda/envs/BloomLab/bin/../lib/gcc/x86_64-conda_cos6-linux-gnu/7.2.0/../../../../x86_64-conda_cos6-linux-gnu/lib/../lib/:/home/jonmah/Documents/software/conda/envs/BloomLab/bin/../x86_64-conda_cos6-linux-gnu/sysroot/lib/../lib/:/home/jonmah/Documents/software/conda/envs/BloomLab/bin/../x86_64-conda_cos6-linux-gnu/sysroot/usr/lib/../lib/:/home/jonmah/Documents/software/conda/envs/BloomLab/bin/../lib/gcc/x86_64-conda_cos6-linux-gnu/7.2.0/../../../../x86_64-conda_cos6-linux-gnu/lib/:/home/jonmah/Documents/software/conda/envs/BloomLab/bin/../x86_64-conda_cos6-linux-gnu/sysroot/lib/:/home/jonmah/Documents/software/conda/envs/BloomLab/bin/../x86_64-conda_cos6-linux-gnu/sysroot/usr/lib/
COLLECT_GCC_OPTIONS='-march=nocona' '-mtune=haswell' '-ftree-vectorize' '-fPIC' '-fstack-protector-strong' '-fno-plt' '-O2' '-pipe' '-v' '-o' 'cmTC_e75f7' '-rdynamic'
 /home/jonmah/Documents/software/conda/envs/BloomLab/bin/../libexec/gcc/x86_64-conda_cos6-linux-gnu/7.2.0/collect2 -plugin /home/jonmah/Documents/software/conda/envs/BloomLab/bin/../libexec/gcc/x86_64-conda_cos6-linux-gnu/7.2.0/liblto_plugin.so -plugin-opt=/home/jonmah/Documents/software/conda/envs/BloomLab/bin/../libexec/gcc/x86_64-conda_cos6-linux-gnu/7.2.0/lto-wrapper -plugin-opt=-fresolution=/tmp/cc1a8RiU.res -plugin-opt=-pass-through=-lgcc -plugin-opt=-pass-through=-lgcc_s -plugin-opt=-pass-through=-lc -plugin-opt=-pass-through=-lgcc -plugin-opt=-pass-through=-lgcc_s --sysroot=/home/jonmah/Documents/software/conda/envs/BloomLab/bin/../x86_64-conda_cos6-linux-gnu/sysroot --eh-frame-hdr -m elf_x86_64 -export-dynamic -dynamic-linker /lib64/ld-linux-x86-64.so.2 -pie -o cmTC_e75f7 /home/jonmah/Documents/software/conda/envs/BloomLab/bin/../x86_64-conda_cos6-linux-gnu/sysroot/usr/lib/../lib/Scrt1.o /home/jonmah/Documents/software/conda/envs/BloomLab/bin/../x86_64-conda_cos6-linux-gnu/sysroot/usr/lib/../lib/crti.o /home/jonmah/Documents/software/conda/envs/BloomLab/bin/../lib/gcc/x86_64-conda_cos6-linux-gnu/7.2.0/crtbeginS.o -L/home/jonmah/Documents/software/conda/envs/BloomLab/bin/../lib/gcc/x86_64-conda_cos6-linux-gnu/7.2.0 -L/home/jonmah/Documents/software/conda/envs/BloomLab/bin/../lib/gcc -L/home/jonmah/Documents/software/conda/envs/BloomLab/bin/../lib/gcc/x86_64-conda_cos6-linux-gnu/7.2.0/../../../../x86_64-conda_cos6-linux-gnu/lib/../lib -L/home/jonmah/Documents/software/conda/envs/BloomLab/bin/../x86_64-conda_cos6-linux-gnu/sysroot/lib/../lib -L/home/jonmah/Documents/software/conda/envs/BloomLab/bin/../x86_64-conda_cos6-linux-gnu/sysroot/usr/lib/../lib -L/home/jonmah/Documents/software/conda/envs/BloomLab/bin/../lib/gcc/x86_64-conda_cos6-linux-gnu/7.2.0/../../../../x86_64-conda_cos6-linux-gnu/lib -L/home/jonmah/Documents/software/conda/envs/BloomLab/bin/../x86_64-conda_cos6-linux-gnu/sysroot/lib -L/home/jonmah/Documents/software/conda/envs/BloomLab/bin/../x86_64-conda_cos6-linux-gnu/sysroot/usr/lib -rpath /home/jonmah/Documents/software/conda/envs/BloomLab/lib -O2 --sort-common --as-needed -z relro -z now CMakeFiles/cmTC_e75f7.dir/CMakeCCompilerABI.c.o -lgcc --as-needed -lgcc_s --no-as-needed -lc -lgcc --as-needed -lgcc_s --no-as-needed /home/jonmah/Documents/software/conda/envs/BloomLab/bin/../lib/gcc/x86_64-conda_cos6-linux-gnu/7.2.0/crtendS.o /home/jonmah/Documents/software/conda/envs/BloomLab/bin/../x86_64-conda_cos6-linux-gnu/sysroot/usr/lib/../lib/crtn.o
COLLECT_GCC_OPTIONS='-march=nocona' '-mtune=haswell' '-ftree-vectorize' '-fPIC' '-fstack-protector-strong' '-fno-plt' '-O2' '-pipe' '-v' '-o' 'cmTC_e75f7' '-rdynamic'
make[1]: Leaving directory '/mnt/c/Users/jonat/Desktop/UCLA_BIG_SURP/lohmueller_lab/build/CMakeFiles/CMakeTmp'


Parsed C implicit link information from above output:
  link line regex: [^( *|.*[/\])(ld|([^/\]+-)?ld|collect2)[^/\]*( |$)]
  ignore line: [Change Dir: /mnt/c/Users/jonat/Desktop/UCLA_BIG_SURP/lohmueller_lab/build/CMakeFiles/CMakeTmp]
  ignore line: []
  ignore line: [Run Build Command:"/usr/bin/make" "cmTC_e75f7/fast"]
  ignore line: [/usr/bin/make -f CMakeFiles/cmTC_e75f7.dir/build.make CMakeFiles/cmTC_e75f7.dir/build]
  ignore line: [make[1]: Entering directory '/mnt/c/Users/jonat/Desktop/UCLA_BIG_SURP/lohmueller_lab/build/CMakeFiles/CMakeTmp']
  ignore line: [Building C object CMakeFiles/cmTC_e75f7.dir/CMakeCCompilerABI.c.o]
  ignore line: [/home/jonmah/Documents/software/conda/envs/BloomLab/bin/x86_64-conda_cos6-linux-gnu-cc    -march=nocona -mtune=haswell -ftree-vectorize -fPIC -fstack-protector-strong -fno-plt -O2 -pipe     -o CMakeFiles/cmTC_e75f7.dir/CMakeCCompilerABI.c.o   -c /usr/share/cmake-3.5/Modules/CMakeCCompilerABI.c]
  ignore line: [Linking C executable cmTC_e75f7]
  ignore line: [/usr/bin/cmake -E cmake_link_script CMakeFiles/cmTC_e75f7.dir/link.txt --verbose=1]
  ignore line: [/home/jonmah/Documents/software/conda/envs/BloomLab/bin/x86_64-conda_cos6-linux-gnu-cc  -march=nocona -mtune=haswell -ftree-vectorize -fPIC -fstack-protector-strong -fno-plt -O2 -pipe     -Wl,-O2 -Wl,--sort-common -Wl,--as-needed -Wl,-z,relro -Wl,-z,now -v CMakeFiles/cmTC_e75f7.dir/CMakeCCompilerABI.c.o  -o cmTC_e75f7 -rdynamic  ]
  ignore line: [Reading specs from /home/jonmah/Documents/software/conda/envs/BloomLab/bin/../lib/gcc/x86_64-conda_cos6-linux-gnu/7.2.0/specs]
  ignore line: [COLLECT_GCC=/home/jonmah/Documents/software/conda/envs/BloomLab/bin/x86_64-conda_cos6-linux-gnu-cc]
  ignore line: [COLLECT_LTO_WRAPPER=/home/jonmah/Documents/software/conda/envs/BloomLab/bin/../libexec/gcc/x86_64-conda_cos6-linux-gnu/7.2.0/lto-wrapper]
  ignore line: [Target: x86_64-conda_cos6-linux-gnu]
  ignore line: [Configured with: /opt/conda/conda-bld/compilers_linux-64_1520532893746/work/.build/src/gcc-7.2.0/configure --build=x86_64-build_pc-linux-gnu --host=x86_64-build_pc-linux-gnu --target=x86_64-conda_cos6-linux-gnu --prefix=/opt/conda/conda-bld/compilers_linux-64_1520532893746/work/gcc_built --with-sysroot=/opt/conda/conda-bld/compilers_linux-64_1520532893746/work/gcc_built/x86_64-conda_cos6-linux-gnu/sysroot --enable-languages=c,c++,fortran,objc,obj-c++ --with-pkgversion='crosstool-NG fa8859cb' --enable-__cxa_atexit --disable-libmudflap --enable-libgomp --disable-libssp --enable-libquadmath --enable-libquadmath-support --enable-libsanitizer --enable-libmpx --with-gmp=/opt/conda/conda-bld/compilers_linux-64_1520532893746/work/.build/x86_64-conda_cos6-linux-gnu/buildtools --with-mpfr=/opt/conda/conda-bld/compilers_linux-64_1520532893746/work/.build/x86_64-conda_cos6-linux-gnu/buildtools --with-mpc=/opt/conda/conda-bld/compilers_linux-64_1520532893746/work/.build/x86_64-conda_cos6-linux-gnu/buildtools --with-isl=/opt/conda/conda-bld/compilers_linux-64_1520532893746/work/.build/x86_64-conda_cos6-linux-gnu/buildtools --enable-lto --enable-threads=posix --enable-target-optspace --enable-plugin --enable-gold --disable-nls --disable-multilib --with-local-prefix=/opt/conda/conda-bld/compilers_linux-64_1520532893746/work/gcc_built/x86_64-conda_cos6-linux-gnu/sysroot --enable-long-long --enable-default-pie]
  ignore line: [Thread model: posix]
  ignore line: [gcc version 7.2.0 (crosstool-NG fa8859cb) ]
  ignore line: [COMPILER_PATH=/home/jonmah/Documents/software/conda/envs/BloomLab/bin/../libexec/gcc/x86_64-conda_cos6-linux-gnu/7.2.0/:/home/jonmah/Documents/software/conda/envs/BloomLab/bin/../libexec/gcc/:/home/jonmah/Documents/software/conda/envs/BloomLab/bin/../lib/gcc/x86_64-conda_cos6-linux-gnu/7.2.0/../../../../x86_64-conda_cos6-linux-gnu/bin/]
  ignore line: [LIBRARY_PATH=/home/jonmah/Documents/software/conda/envs/BloomLab/bin/../lib/gcc/x86_64-conda_cos6-linux-gnu/7.2.0/:/home/jonmah/Documents/software/conda/envs/BloomLab/bin/../lib/gcc/:/home/jonmah/Documents/software/conda/envs/BloomLab/bin/../lib/gcc/x86_64-conda_cos6-linux-gnu/7.2.0/../../../../x86_64-conda_cos6-linux-gnu/lib/../lib/:/home/jonmah/Documents/software/conda/envs/BloomLab/bin/../x86_64-conda_cos6-linux-gnu/sysroot/lib/../lib/:/home/jonmah/Documents/software/conda/envs/BloomLab/bin/../x86_64-conda_cos6-linux-gnu/sysroot/usr/lib/../lib/:/home/jonmah/Documents/software/conda/envs/BloomLab/bin/../lib/gcc/x86_64-conda_cos6-linux-gnu/7.2.0/../../../../x86_64-conda_cos6-linux-gnu/lib/:/home/jonmah/Documents/software/conda/envs/BloomLab/bin/../x86_64-conda_cos6-linux-gnu/sysroot/lib/:/home/jonmah/Documents/software/conda/envs/BloomLab/bin/../x86_64-conda_cos6-linux-gnu/sysroot/usr/lib/]
  ignore line: [COLLECT_GCC_OPTIONS='-march=nocona' '-mtune=haswell' '-ftree-vectorize' '-fPIC' '-fstack-protector-strong' '-fno-plt' '-O2' '-pipe' '-v' '-o' 'cmTC_e75f7' '-rdynamic']
  link line: [ /home/jonmah/Documents/software/conda/envs/BloomLab/bin/../libexec/gcc/x86_64-conda_cos6-linux-gnu/7.2.0/collect2 -plugin /home/jonmah/Documents/software/conda/envs/BloomLab/bin/../libexec/gcc/x86_64-conda_cos6-linux-gnu/7.2.0/liblto_plugin.so -plugin-opt=/home/jonmah/Documents/software/conda/envs/BloomLab/bin/../libexec/gcc/x86_64-conda_cos6-linux-gnu/7.2.0/lto-wrapper -plugin-opt=-fresolution=/tmp/cc1a8RiU.res -plugin-opt=-pass-through=-lgcc -plugin-opt=-pass-through=-lgcc_s -plugin-opt=-pass-through=-lc -plugin-opt=-pass-through=-lgcc -plugin-opt=-pass-through=-lgcc_s --sysroot=/home/jonmah/Documents/software/conda/envs/BloomLab/bin/../x86_64-conda_cos6-linux-gnu/sysroot --eh-frame-hdr -m elf_x86_64 -export-dynamic -dynamic-linker /lib64/ld-linux-x86-64.so.2 -pie -o cmTC_e75f7 /home/jonmah/Documents/software/conda/envs/BloomLab/bin/../x86_64-conda_cos6-linux-gnu/sysroot/usr/lib/../lib/Scrt1.o /home/jonmah/Documents/software/conda/envs/BloomLab/bin/../x86_64-conda_cos6-linux-gnu/sysroot/usr/lib/../lib/crti.o /home/jonmah/Documents/software/conda/envs/BloomLab/bin/../lib/gcc/x86_64-conda_cos6-linux-gnu/7.2.0/crtbeginS.o -L/home/jonmah/Documents/software/conda/envs/BloomLab/bin/../lib/gcc/x86_64-conda_cos6-linux-gnu/7.2.0 -L/home/jonmah/Documents/software/conda/envs/BloomLab/bin/../lib/gcc -L/home/jonmah/Documents/software/conda/envs/BloomLab/bin/../lib/gcc/x86_64-conda_cos6-linux-gnu/7.2.0/../../../../x86_64-conda_cos6-linux-gnu/lib/../lib -L/home/jonmah/Documents/software/conda/envs/BloomLab/bin/../x86_64-conda_cos6-linux-gnu/sysroot/lib/../lib -L/home/jonmah/Documents/software/conda/envs/BloomLab/bin/../x86_64-conda_cos6-linux-gnu/sysroot/usr/lib/../lib -L/home/jonmah/Documents/software/conda/envs/BloomLab/bin/../lib/gcc/x86_64-conda_cos6-linux-gnu/7.2.0/../../../../x86_64-conda_cos6-linux-gnu/lib -L/home/jonmah/Documents/software/conda/envs/BloomLab/bin/../x86_64-conda_cos6-linux-gnu/sysroot/lib -L/home/jonmah/Documents/software/conda/envs/BloomLab/bin/../x86_64-conda_cos6-linux-gnu/sysroot/usr/lib -rpath /home/jonmah/Documents/software/conda/envs/BloomLab/lib -O2 --sort-common --as-needed -z relro -z now CMakeFiles/cmTC_e75f7.dir/CMakeCCompilerABI.c.o -lgcc --as-needed -lgcc_s --no-as-needed -lc -lgcc --as-needed -lgcc_s --no-as-needed /home/jonmah/Documents/software/conda/envs/BloomLab/bin/../lib/gcc/x86_64-conda_cos6-linux-gnu/7.2.0/crtendS.o /home/jonmah/Documents/software/conda/envs/BloomLab/bin/../x86_64-conda_cos6-linux-gnu/sysroot/usr/lib/../lib/crtn.o]
    arg [/home/jonmah/Documents/software/conda/envs/BloomLab/bin/../libexec/gcc/x86_64-conda_cos6-linux-gnu/7.2.0/collect2] ==> ignore
    arg [-plugin] ==> ignore
    arg [/home/jonmah/Documents/software/conda/envs/BloomLab/bin/../libexec/gcc/x86_64-conda_cos6-linux-gnu/7.2.0/liblto_plugin.so] ==> ignore
    arg [-plugin-opt=/home/jonmah/Documents/software/conda/envs/BloomLab/bin/../libexec/gcc/x86_64-conda_cos6-linux-gnu/7.2.0/lto-wrapper] ==> ignore
    arg [-plugin-opt=-fresolution=/tmp/cc1a8RiU.res] ==> ignore
    arg [-plugin-opt=-pass-through=-lgcc] ==> ignore
    arg [-plugin-opt=-pass-through=-lgcc_s] ==> ignore
    arg [-plugin-opt=-pass-through=-lc] ==> ignore
    arg [-plugin-opt=-pass-through=-lgcc] ==> ignore
    arg [-plugin-opt=-pass-through=-lgcc_s] ==> ignore
    arg [--sysroot=/home/jonmah/Documents/software/conda/envs/BloomLab/bin/../x86_64-conda_cos6-linux-gnu/sysroot] ==> ignore
    arg [--eh-frame-hdr] ==> ignore
    arg [-m] ==> ignore
    arg [elf_x86_64] ==> ignore
    arg [-export-dynamic] ==> ignore
    arg [-dynamic-linker] ==> ignore
    arg [/lib64/ld-linux-x86-64.so.2] ==> ignore
    arg [-pie] ==> ignore
    arg [-o] ==> ignore
    arg [cmTC_e75f7] ==> ignore
    arg [/home/jonmah/Documents/software/conda/envs/BloomLab/bin/../x86_64-conda_cos6-linux-gnu/sysroot/usr/lib/../lib/Scrt1.o] ==> ignore
    arg [/home/jonmah/Documents/software/conda/envs/BloomLab/bin/../x86_64-conda_cos6-linux-gnu/sysroot/usr/lib/../lib/crti.o] ==> ignore
    arg [/home/jonmah/Documents/software/conda/envs/BloomLab/bin/../lib/gcc/x86_64-conda_cos6-linux-gnu/7.2.0/crtbeginS.o] ==> ignore
    arg [-L/home/jonmah/Documents/software/conda/envs/BloomLab/bin/../lib/gcc/x86_64-conda_cos6-linux-gnu/7.2.0] ==> dir [/home/jonmah/Documents/software/conda/envs/BloomLab/bin/../lib/gcc/x86_64-conda_cos6-linux-gnu/7.2.0]
    arg [-L/home/jonmah/Documents/software/conda/envs/BloomLab/bin/../lib/gcc] ==> dir [/home/jonmah/Documents/software/conda/envs/BloomLab/bin/../lib/gcc]
    arg [-L/home/jonmah/Documents/software/conda/envs/BloomLab/bin/../lib/gcc/x86_64-conda_cos6-linux-gnu/7.2.0/../../../../x86_64-conda_cos6-linux-gnu/lib/../lib] ==> dir [/home/jonmah/Documents/software/conda/envs/BloomLab/bin/../lib/gcc/x86_64-conda_cos6-linux-gnu/7.2.0/../../../../x86_64-conda_cos6-linux-gnu/lib/../lib]
    arg [-L/home/jonmah/Documents/software/conda/envs/BloomLab/bin/../x86_64-conda_cos6-linux-gnu/sysroot/lib/../lib] ==> dir [/home/jonmah/Documents/software/conda/envs/BloomLab/bin/../x86_64-conda_cos6-linux-gnu/sysroot/lib/../lib]
    arg [-L/home/jonmah/Documents/software/conda/envs/BloomLab/bin/../x86_64-conda_cos6-linux-gnu/sysroot/usr/lib/../lib] ==> dir [/home/jonmah/Documents/software/conda/envs/BloomLab/bin/../x86_64-conda_cos6-linux-gnu/sysroot/usr/lib/../lib]
    arg [-L/home/jonmah/Documents/software/conda/envs/BloomLab/bin/../lib/gcc/x86_64-conda_cos6-linux-gnu/7.2.0/../../../../x86_64-conda_cos6-linux-gnu/lib] ==> dir [/home/jonmah/Documents/software/conda/envs/BloomLab/bin/../lib/gcc/x86_64-conda_cos6-linux-gnu/7.2.0/../../../../x86_64-conda_cos6-linux-gnu/lib]
    arg [-L/home/jonmah/Documents/software/conda/envs/BloomLab/bin/../x86_64-conda_cos6-linux-gnu/sysroot/lib] ==> dir [/home/jonmah/Documents/software/conda/envs/BloomLab/bin/../x86_64-conda_cos6-linux-gnu/sysroot/lib]
    arg [-L/home/jonmah/Documents/software/conda/envs/BloomLab/bin/../x86_64-conda_cos6-linux-gnu/sysroot/usr/lib] ==> dir [/home/jonmah/Documents/software/conda/envs/BloomLab/bin/../x86_64-conda_cos6-linux-gnu/sysroot/usr/lib]
    arg [-rpath] ==> ignore
    arg [/home/jonmah/Documents/software/conda/envs/BloomLab/lib] ==> ignore
    arg [-O2] ==> ignore
    arg [--sort-common] ==> ignore
    arg [--as-needed] ==> ignore
    arg [-zrelro] ==> ignore
    arg [-znow] ==> ignore
    arg [CMakeFiles/cmTC_e75f7.dir/CMakeCCompilerABI.c.o] ==> ignore
    arg [-lgcc] ==> lib [gcc]
    arg [--as-needed] ==> ignore
    arg [-lgcc_s] ==> lib [gcc_s]
    arg [--no-as-needed] ==> ignore
    arg [-lc] ==> lib [c]
    arg [-lgcc] ==> lib [gcc]
    arg [--as-needed] ==> ignore
    arg [-lgcc_s] ==> lib [gcc_s]
    arg [--no-as-needed] ==> ignore
    arg [/home/jonmah/Documents/software/conda/envs/BloomLab/bin/../lib/gcc/x86_64-conda_cos6-linux-gnu/7.2.0/crtendS.o] ==> ignore
    arg [/home/jonmah/Documents/software/conda/envs/BloomLab/bin/../x86_64-conda_cos6-linux-gnu/sysroot/usr/lib/../lib/crtn.o] ==> ignore
  remove lib [gcc]
  remove lib [gcc_s]
  remove lib [gcc]
  remove lib [gcc_s]
  collapse library dir [/home/jonmah/Documents/software/conda/envs/BloomLab/bin/../lib/gcc/x86_64-conda_cos6-linux-gnu/7.2.0] ==> [/home/jonmah/Documents/software/conda/envs/BloomLab/lib/gcc/x86_64-conda_cos6-linux-gnu/7.2.0]
  collapse library dir [/home/jonmah/Documents/software/conda/envs/BloomLab/bin/../lib/gcc] ==> [/home/jonmah/Documents/software/conda/envs/BloomLab/lib/gcc]
  collapse library dir [/home/jonmah/Documents/software/conda/envs/BloomLab/bin/../lib/gcc/x86_64-conda_cos6-linux-gnu/7.2.0/../../../../x86_64-conda_cos6-linux-gnu/lib/../lib] ==> [/home/jonmah/Documents/software/conda/envs/BloomLab/x86_64-conda_cos6-linux-gnu/lib]
  collapse library dir [/home/jonmah/Documents/software/conda/envs/BloomLab/bin/../x86_64-conda_cos6-linux-gnu/sysroot/lib/../lib] ==> [/home/jonmah/Documents/software/conda/envs/BloomLab/x86_64-conda_cos6-linux-gnu/sysroot/lib]
  collapse library dir [/home/jonmah/Documents/software/conda/envs/BloomLab/bin/../x86_64-conda_cos6-linux-gnu/sysroot/usr/lib/../lib] ==> [/home/jonmah/Documents/software/conda/envs/BloomLab/x86_64-conda_cos6-linux-gnu/sysroot/usr/lib]
  collapse library dir [/home/jonmah/Documents/software/conda/envs/BloomLab/bin/../lib/gcc/x86_64-conda_cos6-linux-gnu/7.2.0/../../../../x86_64-conda_cos6-linux-gnu/lib] ==> [/home/jonmah/Documents/software/conda/envs/BloomLab/x86_64-conda_cos6-linux-gnu/lib]
  collapse library dir [/home/jonmah/Documents/software/conda/envs/BloomLab/bin/../x86_64-conda_cos6-linux-gnu/sysroot/lib] ==> [/home/jonmah/Documents/software/conda/envs/BloomLab/x86_64-conda_cos6-linux-gnu/sysroot/lib]
  collapse library dir [/home/jonmah/Documents/software/conda/envs/BloomLab/bin/../x86_64-conda_cos6-linux-gnu/sysroot/usr/lib] ==> [/home/jonmah/Documents/software/conda/envs/BloomLab/x86_64-conda_cos6-linux-gnu/sysroot/usr/lib]
  implicit libs: [c]
  implicit dirs: [/home/jonmah/Documents/software/conda/envs/BloomLab/lib/gcc/x86_64-conda_cos6-linux-gnu/7.2.0;/home/jonmah/Documents/software/conda/envs/BloomLab/lib/gcc;/home/jonmah/Documents/software/conda/envs/BloomLab/x86_64-conda_cos6-linux-gnu/lib;/home/jonmah/Documents/software/conda/envs/BloomLab/x86_64-conda_cos6-linux-gnu/sysroot/lib;/home/jonmah/Documents/software/conda/envs/BloomLab/x86_64-conda_cos6-linux-gnu/sysroot/usr/lib]
  implicit fwks: []




Detecting C [-std=c11] compiler features compiled with the following output:
Change Dir: /mnt/c/Users/jonat/Desktop/UCLA_BIG_SURP/lohmueller_lab/build/CMakeFiles/CMakeTmp

Run Build Command:"/usr/bin/make" "cmTC_1121b/fast"
/usr/bin/make -f CMakeFiles/cmTC_1121b.dir/build.make CMakeFiles/cmTC_1121b.dir/build
make[1]: Entering directory '/mnt/c/Users/jonat/Desktop/UCLA_BIG_SURP/lohmueller_lab/build/CMakeFiles/CMakeTmp'
Building C object CMakeFiles/cmTC_1121b.dir/feature_tests.c.o
/home/jonmah/Documents/software/conda/envs/BloomLab/bin/x86_64-conda_cos6-linux-gnu-cc    -march=nocona -mtune=haswell -ftree-vectorize -fPIC -fstack-protector-strong -fno-plt -O2 -pipe     -std=c11 -o CMakeFiles/cmTC_1121b.dir/feature_tests.c.o   -c /mnt/c/Users/jonat/Desktop/UCLA_BIG_SURP/lohmueller_lab/build/CMakeFiles/feature_tests.c
Linking C executable cmTC_1121b
/usr/bin/cmake -E cmake_link_script CMakeFiles/cmTC_1121b.dir/link.txt --verbose=1
/home/jonmah/Documents/software/conda/envs/BloomLab/bin/x86_64-conda_cos6-linux-gnu-cc  -march=nocona -mtune=haswell -ftree-vectorize -fPIC -fstack-protector-strong -fno-plt -O2 -pipe     -Wl,-O2 -Wl,--sort-common -Wl,--as-needed -Wl,-z,relro -Wl,-z,now  CMakeFiles/cmTC_1121b.dir/feature_tests.c.o  -o cmTC_1121b -rdynamic 
make[1]: Leaving directory '/mnt/c/Users/jonat/Desktop/UCLA_BIG_SURP/lohmueller_lab/build/CMakeFiles/CMakeTmp'


    Feature record: C_FEATURE:1c_function_prototypes
    Feature record: C_FEATURE:1c_restrict
    Feature record: C_FEATURE:1c_static_assert
    Feature record: C_FEATURE:1c_variadic_macros


Detecting C [-std=c99] compiler features compiled with the following output:
Change Dir: /mnt/c/Users/jonat/Desktop/UCLA_BIG_SURP/lohmueller_lab/build/CMakeFiles/CMakeTmp

Run Build Command:"/usr/bin/make" "cmTC_296e1/fast"
/usr/bin/make -f CMakeFiles/cmTC_296e1.dir/build.make CMakeFiles/cmTC_296e1.dir/build
make[1]: Entering directory '/mnt/c/Users/jonat/Desktop/UCLA_BIG_SURP/lohmueller_lab/build/CMakeFiles/CMakeTmp'
Building C object CMakeFiles/cmTC_296e1.dir/feature_tests.c.o
/home/jonmah/Documents/software/conda/envs/BloomLab/bin/x86_64-conda_cos6-linux-gnu-cc    -march=nocona -mtune=haswell -ftree-vectorize -fPIC -fstack-protector-strong -fno-plt -O2 -pipe     -std=c99 -o CMakeFiles/cmTC_296e1.dir/feature_tests.c.o   -c /mnt/c/Users/jonat/Desktop/UCLA_BIG_SURP/lohmueller_lab/build/CMakeFiles/feature_tests.c
Linking C executable cmTC_296e1
/usr/bin/cmake -E cmake_link_script CMakeFiles/cmTC_296e1.dir/link.txt --verbose=1
/home/jonmah/Documents/software/conda/envs/BloomLab/bin/x86_64-conda_cos6-linux-gnu-cc  -march=nocona -mtune=haswell -ftree-vectorize -fPIC -fstack-protector-strong -fno-plt -O2 -pipe     -Wl,-O2 -Wl,--sort-common -Wl,--as-needed -Wl,-z,relro -Wl,-z,now  CMakeFiles/cmTC_296e1.dir/feature_tests.c.o  -o cmTC_296e1 -rdynamic 
make[1]: Leaving directory '/mnt/c/Users/jonat/Desktop/UCLA_BIG_SURP/lohmueller_lab/build/CMakeFiles/CMakeTmp'


    Feature record: C_FEATURE:1c_function_prototypes
    Feature record: C_FEATURE:1c_restrict
    Feature record: C_FEATURE:0c_static_assert
    Feature record: C_FEATURE:1c_variadic_macros


Detecting C [-std=c90] compiler features compiled with the following output:
Change Dir: /mnt/c/Users/jonat/Desktop/UCLA_BIG_SURP/lohmueller_lab/build/CMakeFiles/CMakeTmp

Run Build Command:"/usr/bin/make" "cmTC_22480/fast"
/usr/bin/make -f CMakeFiles/cmTC_22480.dir/build.make CMakeFiles/cmTC_22480.dir/build
make[1]: Entering directory '/mnt/c/Users/jonat/Desktop/UCLA_BIG_SURP/lohmueller_lab/build/CMakeFiles/CMakeTmp'
Building C object CMakeFiles/cmTC_22480.dir/feature_tests.c.o
/home/jonmah/Documents/software/conda/envs/BloomLab/bin/x86_64-conda_cos6-linux-gnu-cc    -march=nocona -mtune=haswell -ftree-vectorize -fPIC -fstack-protector-strong -fno-plt -O2 -pipe     -std=c90 -o CMakeFiles/cmTC_22480.dir/feature_tests.c.o   -c /mnt/c/Users/jonat/Desktop/UCLA_BIG_SURP/lohmueller_lab/build/CMakeFiles/feature_tests.c
Linking C executable cmTC_22480
/usr/bin/cmake -E cmake_link_script CMakeFiles/cmTC_22480.dir/link.txt --verbose=1
/home/jonmah/Documents/software/conda/envs/BloomLab/bin/x86_64-conda_cos6-linux-gnu-cc  -march=nocona -mtune=haswell -ftree-vectorize -fPIC -fstack-protector-strong -fno-plt -O2 -pipe     -Wl,-O2 -Wl,--sort-common -Wl,--as-needed -Wl,-z,relro -Wl,-z,now  CMakeFiles/cmTC_22480.dir/feature_tests.c.o  -o cmTC_22480 -rdynamic 
make[1]: Leaving directory '/mnt/c/Users/jonat/Desktop/UCLA_BIG_SURP/lohmueller_lab/build/CMakeFiles/CMakeTmp'


    Feature record: C_FEATURE:1c_function_prototypes
    Feature record: C_FEATURE:0c_restrict
    Feature record: C_FEATURE:0c_static_assert
    Feature record: C_FEATURE:0c_variadic_macros
Determining if the CXX compiler works passed with the following output:
Change Dir: /mnt/c/Users/jonat/Desktop/UCLA_BIG_SURP/lohmueller_lab/build/CMakeFiles/CMakeTmp

Run Build Command:"/usr/bin/make" "cmTC_e151e/fast"
/usr/bin/make -f CMakeFiles/cmTC_e151e.dir/build.make CMakeFiles/cmTC_e151e.dir/build
make[1]: Entering directory '/mnt/c/Users/jonat/Desktop/UCLA_BIG_SURP/lohmueller_lab/build/CMakeFiles/CMakeTmp'
Building CXX object CMakeFiles/cmTC_e151e.dir/testCXXCompiler.cxx.o
/home/jonmah/Documents/software/conda/envs/BloomLab/bin/x86_64-conda_cos6-linux-gnu-c++     -fvisibility-inlines-hidden -std=c++17 -fmessage-length=0 -march=nocona -mtune=haswell -ftree-vectorize -fPIC -fstack-protector-strong -fno-plt -O2 -pipe     -o CMakeFiles/cmTC_e151e.dir/testCXXCompiler.cxx.o -c /mnt/c/Users/jonat/Desktop/UCLA_BIG_SURP/lohmueller_lab/build/CMakeFiles/CMakeTmp/testCXXCompiler.cxx
Linking CXX executable cmTC_e151e
/usr/bin/cmake -E cmake_link_script CMakeFiles/cmTC_e151e.dir/link.txt --verbose=1
/home/jonmah/Documents/software/conda/envs/BloomLab/bin/x86_64-conda_cos6-linux-gnu-c++   -fvisibility-inlines-hidden -std=c++17 -fmessage-length=0 -march=nocona -mtune=haswell -ftree-vectorize -fPIC -fstack-protector-strong -fno-plt -O2 -pipe     -Wl,-O2 -Wl,--sort-common -Wl,--as-needed -Wl,-z,relro -Wl,-z,now  CMakeFiles/cmTC_e151e.dir/testCXXCompiler.cxx.o  -o cmTC_e151e -rdynamic 
make[1]: Leaving directory '/mnt/c/Users/jonat/Desktop/UCLA_BIG_SURP/lohmueller_lab/build/CMakeFiles/CMakeTmp'


Detecting CXX compiler ABI info compiled with the following output:
Change Dir: /mnt/c/Users/jonat/Desktop/UCLA_BIG_SURP/lohmueller_lab/build/CMakeFiles/CMakeTmp

Run Build Command:"/usr/bin/make" "cmTC_3e5f3/fast"
/usr/bin/make -f CMakeFiles/cmTC_3e5f3.dir/build.make CMakeFiles/cmTC_3e5f3.dir/build
make[1]: Entering directory '/mnt/c/Users/jonat/Desktop/UCLA_BIG_SURP/lohmueller_lab/build/CMakeFiles/CMakeTmp'
Building CXX object CMakeFiles/cmTC_3e5f3.dir/CMakeCXXCompilerABI.cpp.o
/home/jonmah/Documents/software/conda/envs/BloomLab/bin/x86_64-conda_cos6-linux-gnu-c++     -fvisibility-inlines-hidden -std=c++17 -fmessage-length=0 -march=nocona -mtune=haswell -ftree-vectorize -fPIC -fstack-protector-strong -fno-plt -O2 -pipe     -o CMakeFiles/cmTC_3e5f3.dir/CMakeCXXCompilerABI.cpp.o -c /usr/share/cmake-3.5/Modules/CMakeCXXCompilerABI.cpp
Linking CXX executable cmTC_3e5f3
/usr/bin/cmake -E cmake_link_script CMakeFiles/cmTC_3e5f3.dir/link.txt --verbose=1
/home/jonmah/Documents/software/conda/envs/BloomLab/bin/x86_64-conda_cos6-linux-gnu-c++   -fvisibility-inlines-hidden -std=c++17 -fmessage-length=0 -march=nocona -mtune=haswell -ftree-vectorize -fPIC -fstack-protector-strong -fno-plt -O2 -pipe     -Wl,-O2 -Wl,--sort-common -Wl,--as-needed -Wl,-z,relro -Wl,-z,now -v CMakeFiles/cmTC_3e5f3.dir/CMakeCXXCompilerABI.cpp.o  -o cmTC_3e5f3 -rdynamic  
Reading specs from /home/jonmah/Documents/software/conda/envs/BloomLab/bin/../lib/gcc/x86_64-conda_cos6-linux-gnu/7.2.0/specs
COLLECT_GCC=/home/jonmah/Documents/software/conda/envs/BloomLab/bin/x86_64-conda_cos6-linux-gnu-c++
COLLECT_LTO_WRAPPER=/home/jonmah/Documents/software/conda/envs/BloomLab/bin/../libexec/gcc/x86_64-conda_cos6-linux-gnu/7.2.0/lto-wrapper
Target: x86_64-conda_cos6-linux-gnu
Configured with: /opt/conda/conda-bld/compilers_linux-64_1520532893746/work/.build/src/gcc-7.2.0/configure --build=x86_64-build_pc-linux-gnu --host=x86_64-build_pc-linux-gnu --target=x86_64-conda_cos6-linux-gnu --prefix=/opt/conda/conda-bld/compilers_linux-64_1520532893746/work/gcc_built --with-sysroot=/opt/conda/conda-bld/compilers_linux-64_1520532893746/work/gcc_built/x86_64-conda_cos6-linux-gnu/sysroot --enable-languages=c,c++,fortran,objc,obj-c++ --with-pkgversion='crosstool-NG fa8859cb' --enable-__cxa_atexit --disable-libmudflap --enable-libgomp --disable-libssp --enable-libquadmath --enable-libquadmath-support --enable-libsanitizer --enable-libmpx --with-gmp=/opt/conda/conda-bld/compilers_linux-64_1520532893746/work/.build/x86_64-conda_cos6-linux-gnu/buildtools --with-mpfr=/opt/conda/conda-bld/compilers_linux-64_1520532893746/work/.build/x86_64-conda_cos6-linux-gnu/buildtools --with-mpc=/opt/conda/conda-bld/compilers_linux-64_1520532893746/work/.build/x86_64-conda_cos6-linux-gnu/buildtools --with-isl=/opt/conda/conda-bld/compilers_linux-64_1520532893746/work/.build/x86_64-conda_cos6-linux-gnu/buildtools --enable-lto --enable-threads=posix --enable-target-optspace --enable-plugin --enable-gold --disable-nls --disable-multilib --with-local-prefix=/opt/conda/conda-bld/compilers_linux-64_1520532893746/work/gcc_built/x86_64-conda_cos6-linux-gnu/sysroot --enable-long-long --enable-default-pie
Thread model: posix
gcc version 7.2.0 (crosstool-NG fa8859cb) 
COMPILER_PATH=/home/jonmah/Documents/software/conda/envs/BloomLab/bin/../libexec/gcc/x86_64-conda_cos6-linux-gnu/7.2.0/:/home/jonmah/Documents/software/conda/envs/BloomLab/bin/../libexec/gcc/:/home/jonmah/Documents/software/conda/envs/BloomLab/bin/../lib/gcc/x86_64-conda_cos6-linux-gnu/7.2.0/../../../../x86_64-conda_cos6-linux-gnu/bin/
LIBRARY_PATH=/home/jonmah/Documents/software/conda/envs/BloomLab/bin/../lib/gcc/x86_64-conda_cos6-linux-gnu/7.2.0/:/home/jonmah/Documents/software/conda/envs/BloomLab/bin/../lib/gcc/:/home/jonmah/Documents/software/conda/envs/BloomLab/bin/../lib/gcc/x86_64-conda_cos6-linux-gnu/7.2.0/../../../../x86_64-conda_cos6-linux-gnu/lib/../lib/:/home/jonmah/Documents/software/conda/envs/BloomLab/bin/../x86_64-conda_cos6-linux-gnu/sysroot/lib/../lib/:/home/jonmah/Documents/software/conda/envs/BloomLab/bin/../x86_64-conda_cos6-linux-gnu/sysroot/usr/lib/../lib/:/home/jonmah/Documents/software/conda/envs/BloomLab/bin/../lib/gcc/x86_64-conda_cos6-linux-gnu/7.2.0/../../../../x86_64-conda_cos6-linux-gnu/lib/:/home/jonmah/Documents/software/conda/envs/BloomLab/bin/../x86_64-conda_cos6-linux-gnu/sysroot/lib/:/home/jonmah/Documents/software/conda/envs/BloomLab/bin/../x86_64-conda_cos6-linux-gnu/sysroot/usr/lib/
COLLECT_GCC_OPTIONS='-fvisibility-inlines-hidden' '-std=c++1z' '-fmessage-length=0' '-march=nocona' '-mtune=haswell' '-ftree-vectorize' '-fPIC' '-fstack-protector-strong' '-fno-plt' '-O2' '-pipe' '-v' '-o' 'cmTC_3e5f3' '-rdynamic' '-shared-libgcc'
 /home/jonmah/Documents/software/conda/envs/BloomLab/bin/../libexec/gcc/x86_64-conda_cos6-linux-gnu/7.2.0/collect2 -plugin /home/jonmah/Documents/software/conda/envs/BloomLab/bin/../libexec/gcc/x86_64-conda_cos6-linux-gnu/7.2.0/liblto_plugin.so -plugin-opt=/home/jonmah/Documents/software/conda/envs/BloomLab/bin/../libexec/gcc/x86_64-conda_cos6-linux-gnu/7.2.0/lto-wrapper -plugin-opt=-fresolution=/tmp/cc379ySu.res -plugin-opt=-pass-through=-lgcc_s -plugin-opt=-pass-through=-lgcc -plugin-opt=-pass-through=-lc -plugin-opt=-pass-through=-lgcc_s -plugin-opt=-pass-through=-lgcc --sysroot=/home/jonmah/Documents/software/conda/envs/BloomLab/bin/../x86_64-conda_cos6-linux-gnu/sysroot --eh-frame-hdr -m elf_x86_64 -export-dynamic -dynamic-linker /lib64/ld-linux-x86-64.so.2 -pie -o cmTC_3e5f3 /home/jonmah/Documents/software/conda/envs/BloomLab/bin/../x86_64-conda_cos6-linux-gnu/sysroot/usr/lib/../lib/Scrt1.o /home/jonmah/Documents/software/conda/envs/BloomLab/bin/../x86_64-conda_cos6-linux-gnu/sysroot/usr/lib/../lib/crti.o /home/jonmah/Documents/software/conda/envs/BloomLab/bin/../lib/gcc/x86_64-conda_cos6-linux-gnu/7.2.0/crtbeginS.o -L/home/jonmah/Documents/software/conda/envs/BloomLab/bin/../lib/gcc/x86_64-conda_cos6-linux-gnu/7.2.0 -L/home/jonmah/Documents/software/conda/envs/BloomLab/bin/../lib/gcc -L/home/jonmah/Documents/software/conda/envs/BloomLab/bin/../lib/gcc/x86_64-conda_cos6-linux-gnu/7.2.0/../../../../x86_64-conda_cos6-linux-gnu/lib/../lib -L/home/jonmah/Documents/software/conda/envs/BloomLab/bin/../x86_64-conda_cos6-linux-gnu/sysroot/lib/../lib -L/home/jonmah/Documents/software/conda/envs/BloomLab/bin/../x86_64-conda_cos6-linux-gnu/sysroot/usr/lib/../lib -L/home/jonmah/Documents/software/conda/envs/BloomLab/bin/../lib/gcc/x86_64-conda_cos6-linux-gnu/7.2.0/../../../../x86_64-conda_cos6-linux-gnu/lib -L/home/jonmah/Documents/software/conda/envs/BloomLab/bin/../x86_64-conda_cos6-linux-gnu/sysroot/lib -L/home/jonmah/Documents/software/conda/envs/BloomLab/bin/../x86_64-conda_cos6-linux-gnu/sysroot/usr/lib -rpath /home/jonmah/Documents/software/conda/envs/BloomLab/lib -O2 --sort-common --as-needed -z relro -z now CMakeFiles/cmTC_3e5f3.dir/CMakeCXXCompilerABI.cpp.o -lstdc++ -lm -lgcc_s -lgcc -lc -lgcc_s -lgcc /home/jonmah/Documents/software/conda/envs/BloomLab/bin/../lib/gcc/x86_64-conda_cos6-linux-gnu/7.2.0/crtendS.o /home/jonmah/Documents/software/conda/envs/BloomLab/bin/../x86_64-conda_cos6-linux-gnu/sysroot/usr/lib/../lib/crtn.o
COLLECT_GCC_OPTIONS='-fvisibility-inlines-hidden' '-std=c++1z' '-fmessage-length=0' '-march=nocona' '-mtune=haswell' '-ftree-vectorize' '-fPIC' '-fstack-protector-strong' '-fno-plt' '-O2' '-pipe' '-v' '-o' 'cmTC_3e5f3' '-rdynamic' '-shared-libgcc'
make[1]: Leaving directory '/mnt/c/Users/jonat/Desktop/UCLA_BIG_SURP/lohmueller_lab/build/CMakeFiles/CMakeTmp'


Parsed CXX implicit link information from above output:
  link line regex: [^( *|.*[/\])(ld|([^/\]+-)?ld|collect2)[^/\]*( |$)]
  ignore line: [Change Dir: /mnt/c/Users/jonat/Desktop/UCLA_BIG_SURP/lohmueller_lab/build/CMakeFiles/CMakeTmp]
  ignore line: []
  ignore line: [Run Build Command:"/usr/bin/make" "cmTC_3e5f3/fast"]
  ignore line: [/usr/bin/make -f CMakeFiles/cmTC_3e5f3.dir/build.make CMakeFiles/cmTC_3e5f3.dir/build]
  ignore line: [make[1]: Entering directory '/mnt/c/Users/jonat/Desktop/UCLA_BIG_SURP/lohmueller_lab/build/CMakeFiles/CMakeTmp']
  ignore line: [Building CXX object CMakeFiles/cmTC_3e5f3.dir/CMakeCXXCompilerABI.cpp.o]
  ignore line: [/home/jonmah/Documents/software/conda/envs/BloomLab/bin/x86_64-conda_cos6-linux-gnu-c++     -fvisibility-inlines-hidden -std=c++17 -fmessage-length=0 -march=nocona -mtune=haswell -ftree-vectorize -fPIC -fstack-protector-strong -fno-plt -O2 -pipe     -o CMakeFiles/cmTC_3e5f3.dir/CMakeCXXCompilerABI.cpp.o -c /usr/share/cmake-3.5/Modules/CMakeCXXCompilerABI.cpp]
  ignore line: [Linking CXX executable cmTC_3e5f3]
  ignore line: [/usr/bin/cmake -E cmake_link_script CMakeFiles/cmTC_3e5f3.dir/link.txt --verbose=1]
  ignore line: [/home/jonmah/Documents/software/conda/envs/BloomLab/bin/x86_64-conda_cos6-linux-gnu-c++   -fvisibility-inlines-hidden -std=c++17 -fmessage-length=0 -march=nocona -mtune=haswell -ftree-vectorize -fPIC -fstack-protector-strong -fno-plt -O2 -pipe     -Wl,-O2 -Wl,--sort-common -Wl,--as-needed -Wl,-z,relro -Wl,-z,now -v CMakeFiles/cmTC_3e5f3.dir/CMakeCXXCompilerABI.cpp.o  -o cmTC_3e5f3 -rdynamic  ]
  ignore line: [Reading specs from /home/jonmah/Documents/software/conda/envs/BloomLab/bin/../lib/gcc/x86_64-conda_cos6-linux-gnu/7.2.0/specs]
  ignore line: [COLLECT_GCC=/home/jonmah/Documents/software/conda/envs/BloomLab/bin/x86_64-conda_cos6-linux-gnu-c++]
  ignore line: [COLLECT_LTO_WRAPPER=/home/jonmah/Documents/software/conda/envs/BloomLab/bin/../libexec/gcc/x86_64-conda_cos6-linux-gnu/7.2.0/lto-wrapper]
  ignore line: [Target: x86_64-conda_cos6-linux-gnu]
  ignore line: [Configured with: /opt/conda/conda-bld/compilers_linux-64_1520532893746/work/.build/src/gcc-7.2.0/configure --build=x86_64-build_pc-linux-gnu --host=x86_64-build_pc-linux-gnu --target=x86_64-conda_cos6-linux-gnu --prefix=/opt/conda/conda-bld/compilers_linux-64_1520532893746/work/gcc_built --with-sysroot=/opt/conda/conda-bld/compilers_linux-64_1520532893746/work/gcc_built/x86_64-conda_cos6-linux-gnu/sysroot --enable-languages=c,c++,fortran,objc,obj-c++ --with-pkgversion='crosstool-NG fa8859cb' --enable-__cxa_atexit --disable-libmudflap --enable-libgomp --disable-libssp --enable-libquadmath --enable-libquadmath-support --enable-libsanitizer --enable-libmpx --with-gmp=/opt/conda/conda-bld/compilers_linux-64_1520532893746/work/.build/x86_64-conda_cos6-linux-gnu/buildtools --with-mpfr=/opt/conda/conda-bld/compilers_linux-64_1520532893746/work/.build/x86_64-conda_cos6-linux-gnu/buildtools --with-mpc=/opt/conda/conda-bld/compilers_linux-64_1520532893746/work/.build/x86_64-conda_cos6-linux-gnu/buildtools --with-isl=/opt/conda/conda-bld/compilers_linux-64_1520532893746/work/.build/x86_64-conda_cos6-linux-gnu/buildtools --enable-lto --enable-threads=posix --enable-target-optspace --enable-plugin --enable-gold --disable-nls --disable-multilib --with-local-prefix=/opt/conda/conda-bld/compilers_linux-64_1520532893746/work/gcc_built/x86_64-conda_cos6-linux-gnu/sysroot --enable-long-long --enable-default-pie]
  ignore line: [Thread model: posix]
  ignore line: [gcc version 7.2.0 (crosstool-NG fa8859cb) ]
  ignore line: [COMPILER_PATH=/home/jonmah/Documents/software/conda/envs/BloomLab/bin/../libexec/gcc/x86_64-conda_cos6-linux-gnu/7.2.0/:/home/jonmah/Documents/software/conda/envs/BloomLab/bin/../libexec/gcc/:/home/jonmah/Documents/software/conda/envs/BloomLab/bin/../lib/gcc/x86_64-conda_cos6-linux-gnu/7.2.0/../../../../x86_64-conda_cos6-linux-gnu/bin/]
  ignore line: [LIBRARY_PATH=/home/jonmah/Documents/software/conda/envs/BloomLab/bin/../lib/gcc/x86_64-conda_cos6-linux-gnu/7.2.0/:/home/jonmah/Documents/software/conda/envs/BloomLab/bin/../lib/gcc/:/home/jonmah/Documents/software/conda/envs/BloomLab/bin/../lib/gcc/x86_64-conda_cos6-linux-gnu/7.2.0/../../../../x86_64-conda_cos6-linux-gnu/lib/../lib/:/home/jonmah/Documents/software/conda/envs/BloomLab/bin/../x86_64-conda_cos6-linux-gnu/sysroot/lib/../lib/:/home/jonmah/Documents/software/conda/envs/BloomLab/bin/../x86_64-conda_cos6-linux-gnu/sysroot/usr/lib/../lib/:/home/jonmah/Documents/software/conda/envs/BloomLab/bin/../lib/gcc/x86_64-conda_cos6-linux-gnu/7.2.0/../../../../x86_64-conda_cos6-linux-gnu/lib/:/home/jonmah/Documents/software/conda/envs/BloomLab/bin/../x86_64-conda_cos6-linux-gnu/sysroot/lib/:/home/jonmah/Documents/software/conda/envs/BloomLab/bin/../x86_64-conda_cos6-linux-gnu/sysroot/usr/lib/]
  ignore line: [COLLECT_GCC_OPTIONS='-fvisibility-inlines-hidden' '-std=c++1z' '-fmessage-length=0' '-march=nocona' '-mtune=haswell' '-ftree-vectorize' '-fPIC' '-fstack-protector-strong' '-fno-plt' '-O2' '-pipe' '-v' '-o' 'cmTC_3e5f3' '-rdynamic' '-shared-libgcc']
  link line: [ /home/jonmah/Documents/software/conda/envs/BloomLab/bin/../libexec/gcc/x86_64-conda_cos6-linux-gnu/7.2.0/collect2 -plugin /home/jonmah/Documents/software/conda/envs/BloomLab/bin/../libexec/gcc/x86_64-conda_cos6-linux-gnu/7.2.0/liblto_plugin.so -plugin-opt=/home/jonmah/Documents/software/conda/envs/BloomLab/bin/../libexec/gcc/x86_64-conda_cos6-linux-gnu/7.2.0/lto-wrapper -plugin-opt=-fresolution=/tmp/cc379ySu.res -plugin-opt=-pass-through=-lgcc_s -plugin-opt=-pass-through=-lgcc -plugin-opt=-pass-through=-lc -plugin-opt=-pass-through=-lgcc_s -plugin-opt=-pass-through=-lgcc --sysroot=/home/jonmah/Documents/software/conda/envs/BloomLab/bin/../x86_64-conda_cos6-linux-gnu/sysroot --eh-frame-hdr -m elf_x86_64 -export-dynamic -dynamic-linker /lib64/ld-linux-x86-64.so.2 -pie -o cmTC_3e5f3 /home/jonmah/Documents/software/conda/envs/BloomLab/bin/../x86_64-conda_cos6-linux-gnu/sysroot/usr/lib/../lib/Scrt1.o /home/jonmah/Documents/software/conda/envs/BloomLab/bin/../x86_64-conda_cos6-linux-gnu/sysroot/usr/lib/../lib/crti.o /home/jonmah/Documents/software/conda/envs/BloomLab/bin/../lib/gcc/x86_64-conda_cos6-linux-gnu/7.2.0/crtbeginS.o -L/home/jonmah/Documents/software/conda/envs/BloomLab/bin/../lib/gcc/x86_64-conda_cos6-linux-gnu/7.2.0 -L/home/jonmah/Documents/software/conda/envs/BloomLab/bin/../lib/gcc -L/home/jonmah/Documents/software/conda/envs/BloomLab/bin/../lib/gcc/x86_64-conda_cos6-linux-gnu/7.2.0/../../../../x86_64-conda_cos6-linux-gnu/lib/../lib -L/home/jonmah/Documents/software/conda/envs/BloomLab/bin/../x86_64-conda_cos6-linux-gnu/sysroot/lib/../lib -L/home/jonmah/Documents/software/conda/envs/BloomLab/bin/../x86_64-conda_cos6-linux-gnu/sysroot/usr/lib/../lib -L/home/jonmah/Documents/software/conda/envs/BloomLab/bin/../lib/gcc/x86_64-conda_cos6-linux-gnu/7.2.0/../../../../x86_64-conda_cos6-linux-gnu/lib -L/home/jonmah/Documents/software/conda/envs/BloomLab/bin/../x86_64-conda_cos6-linux-gnu/sysroot/lib -L/home/jonmah/Documents/software/conda/envs/BloomLab/bin/../x86_64-conda_cos6-linux-gnu/sysroot/usr/lib -rpath /home/jonmah/Documents/software/conda/envs/BloomLab/lib -O2 --sort-common --as-needed -z relro -z now CMakeFiles/cmTC_3e5f3.dir/CMakeCXXCompilerABI.cpp.o -lstdc++ -lm -lgcc_s -lgcc -lc -lgcc_s -lgcc /home/jonmah/Documents/software/conda/envs/BloomLab/bin/../lib/gcc/x86_64-conda_cos6-linux-gnu/7.2.0/crtendS.o /home/jonmah/Documents/software/conda/envs/BloomLab/bin/../x86_64-conda_cos6-linux-gnu/sysroot/usr/lib/../lib/crtn.o]
    arg [/home/jonmah/Documents/software/conda/envs/BloomLab/bin/../libexec/gcc/x86_64-conda_cos6-linux-gnu/7.2.0/collect2] ==> ignore
    arg [-plugin] ==> ignore
    arg [/home/jonmah/Documents/software/conda/envs/BloomLab/bin/../libexec/gcc/x86_64-conda_cos6-linux-gnu/7.2.0/liblto_plugin.so] ==> ignore
    arg [-plugin-opt=/home/jonmah/Documents/software/conda/envs/BloomLab/bin/../libexec/gcc/x86_64-conda_cos6-linux-gnu/7.2.0/lto-wrapper] ==> ignore
    arg [-plugin-opt=-fresolution=/tmp/cc379ySu.res] ==> ignore
    arg [-plugin-opt=-pass-through=-lgcc_s] ==> ignore
    arg [-plugin-opt=-pass-through=-lgcc] ==> ignore
    arg [-plugin-opt=-pass-through=-lc] ==> ignore
    arg [-plugin-opt=-pass-through=-lgcc_s] ==> ignore
    arg [-plugin-opt=-pass-through=-lgcc] ==> ignore
    arg [--sysroot=/home/jonmah/Documents/software/conda/envs/BloomLab/bin/../x86_64-conda_cos6-linux-gnu/sysroot] ==> ignore
    arg [--eh-frame-hdr] ==> ignore
    arg [-m] ==> ignore
    arg [elf_x86_64] ==> ignore
    arg [-export-dynamic] ==> ignore
    arg [-dynamic-linker] ==> ignore
    arg [/lib64/ld-linux-x86-64.so.2] ==> ignore
    arg [-pie] ==> ignore
    arg [-o] ==> ignore
    arg [cmTC_3e5f3] ==> ignore
    arg [/home/jonmah/Documents/software/conda/envs/BloomLab/bin/../x86_64-conda_cos6-linux-gnu/sysroot/usr/lib/../lib/Scrt1.o] ==> ignore
    arg [/home/jonmah/Documents/software/conda/envs/BloomLab/bin/../x86_64-conda_cos6-linux-gnu/sysroot/usr/lib/../lib/crti.o] ==> ignore
    arg [/home/jonmah/Documents/software/conda/envs/BloomLab/bin/../lib/gcc/x86_64-conda_cos6-linux-gnu/7.2.0/crtbeginS.o] ==> ignore
    arg [-L/home/jonmah/Documents/software/conda/envs/BloomLab/bin/../lib/gcc/x86_64-conda_cos6-linux-gnu/7.2.0] ==> dir [/home/jonmah/Documents/software/conda/envs/BloomLab/bin/../lib/gcc/x86_64-conda_cos6-linux-gnu/7.2.0]
    arg [-L/home/jonmah/Documents/software/conda/envs/BloomLab/bin/../lib/gcc] ==> dir [/home/jonmah/Documents/software/conda/envs/BloomLab/bin/../lib/gcc]
    arg [-L/home/jonmah/Documents/software/conda/envs/BloomLab/bin/../lib/gcc/x86_64-conda_cos6-linux-gnu/7.2.0/../../../../x86_64-conda_cos6-linux-gnu/lib/../lib] ==> dir [/home/jonmah/Documents/software/conda/envs/BloomLab/bin/../lib/gcc/x86_64-conda_cos6-linux-gnu/7.2.0/../../../../x86_64-conda_cos6-linux-gnu/lib/../lib]
    arg [-L/home/jonmah/Documents/software/conda/envs/BloomLab/bin/../x86_64-conda_cos6-linux-gnu/sysroot/lib/../lib] ==> dir [/home/jonmah/Documents/software/conda/envs/BloomLab/bin/../x86_64-conda_cos6-linux-gnu/sysroot/lib/../lib]
    arg [-L/home/jonmah/Documents/software/conda/envs/BloomLab/bin/../x86_64-conda_cos6-linux-gnu/sysroot/usr/lib/../lib] ==> dir [/home/jonmah/Documents/software/conda/envs/BloomLab/bin/../x86_64-conda_cos6-linux-gnu/sysroot/usr/lib/../lib]
    arg [-L/home/jonmah/Documents/software/conda/envs/BloomLab/bin/../lib/gcc/x86_64-conda_cos6-linux-gnu/7.2.0/../../../../x86_64-conda_cos6-linux-gnu/lib] ==> dir [/home/jonmah/Documents/software/conda/envs/BloomLab/bin/../lib/gcc/x86_64-conda_cos6-linux-gnu/7.2.0/../../../../x86_64-conda_cos6-linux-gnu/lib]
    arg [-L/home/jonmah/Documents/software/conda/envs/BloomLab/bin/../x86_64-conda_cos6-linux-gnu/sysroot/lib] ==> dir [/home/jonmah/Documents/software/conda/envs/BloomLab/bin/../x86_64-conda_cos6-linux-gnu/sysroot/lib]
    arg [-L/home/jonmah/Documents/software/conda/envs/BloomLab/bin/../x86_64-conda_cos6-linux-gnu/sysroot/usr/lib] ==> dir [/home/jonmah/Documents/software/conda/envs/BloomLab/bin/../x86_64-conda_cos6-linux-gnu/sysroot/usr/lib]
    arg [-rpath] ==> ignore
    arg [/home/jonmah/Documents/software/conda/envs/BloomLab/lib] ==> ignore
    arg [-O2] ==> ignore
    arg [--sort-common] ==> ignore
    arg [--as-needed] ==> ignore
    arg [-zrelro] ==> ignore
    arg [-znow] ==> ignore
    arg [CMakeFiles/cmTC_3e5f3.dir/CMakeCXXCompilerABI.cpp.o] ==> ignore
    arg [-lstdc++] ==> lib [stdc++]
    arg [-lm] ==> lib [m]
    arg [-lgcc_s] ==> lib [gcc_s]
    arg [-lgcc] ==> lib [gcc]
    arg [-lc] ==> lib [c]
    arg [-lgcc_s] ==> lib [gcc_s]
    arg [-lgcc] ==> lib [gcc]
    arg [/home/jonmah/Documents/software/conda/envs/BloomLab/bin/../lib/gcc/x86_64-conda_cos6-linux-gnu/7.2.0/crtendS.o] ==> ignore
    arg [/home/jonmah/Documents/software/conda/envs/BloomLab/bin/../x86_64-conda_cos6-linux-gnu/sysroot/usr/lib/../lib/crtn.o] ==> ignore
  remove lib [gcc_s]
  remove lib [gcc]
  remove lib [gcc_s]
  remove lib [gcc]
  collapse library dir [/home/jonmah/Documents/software/conda/envs/BloomLab/bin/../lib/gcc/x86_64-conda_cos6-linux-gnu/7.2.0] ==> [/home/jonmah/Documents/software/conda/envs/BloomLab/lib/gcc/x86_64-conda_cos6-linux-gnu/7.2.0]
  collapse library dir [/home/jonmah/Documents/software/conda/envs/BloomLab/bin/../lib/gcc] ==> [/home/jonmah/Documents/software/conda/envs/BloomLab/lib/gcc]
  collapse library dir [/home/jonmah/Documents/software/conda/envs/BloomLab/bin/../lib/gcc/x86_64-conda_cos6-linux-gnu/7.2.0/../../../../x86_64-conda_cos6-linux-gnu/lib/../lib] ==> [/home/jonmah/Documents/software/conda/envs/BloomLab/x86_64-conda_cos6-linux-gnu/lib]
  collapse library dir [/home/jonmah/Documents/software/conda/envs/BloomLab/bin/../x86_64-conda_cos6-linux-gnu/sysroot/lib/../lib] ==> [/home/jonmah/Documents/software/conda/envs/BloomLab/x86_64-conda_cos6-linux-gnu/sysroot/lib]
  collapse library dir [/home/jonmah/Documents/software/conda/envs/BloomLab/bin/../x86_64-conda_cos6-linux-gnu/sysroot/usr/lib/../lib] ==> [/home/jonmah/Documents/software/conda/envs/BloomLab/x86_64-conda_cos6-linux-gnu/sysroot/usr/lib]
  collapse library dir [/home/jonmah/Documents/software/conda/envs/BloomLab/bin/../lib/gcc/x86_64-conda_cos6-linux-gnu/7.2.0/../../../../x86_64-conda_cos6-linux-gnu/lib] ==> [/home/jonmah/Documents/software/conda/envs/BloomLab/x86_64-conda_cos6-linux-gnu/lib]
  collapse library dir [/home/jonmah/Documents/software/conda/envs/BloomLab/bin/../x86_64-conda_cos6-linux-gnu/sysroot/lib] ==> [/home/jonmah/Documents/software/conda/envs/BloomLab/x86_64-conda_cos6-linux-gnu/sysroot/lib]
  collapse library dir [/home/jonmah/Documents/software/conda/envs/BloomLab/bin/../x86_64-conda_cos6-linux-gnu/sysroot/usr/lib] ==> [/home/jonmah/Documents/software/conda/envs/BloomLab/x86_64-conda_cos6-linux-gnu/sysroot/usr/lib]
  implicit libs: [stdc++;m;c]
  implicit dirs: [/home/jonmah/Documents/software/conda/envs/BloomLab/lib/gcc/x86_64-conda_cos6-linux-gnu/7.2.0;/home/jonmah/Documents/software/conda/envs/BloomLab/lib/gcc;/home/jonmah/Documents/software/conda/envs/BloomLab/x86_64-conda_cos6-linux-gnu/lib;/home/jonmah/Documents/software/conda/envs/BloomLab/x86_64-conda_cos6-linux-gnu/sysroot/lib;/home/jonmah/Documents/software/conda/envs/BloomLab/x86_64-conda_cos6-linux-gnu/sysroot/usr/lib]
  implicit fwks: []




Detecting CXX [-std=c++14] compiler features compiled with the following output:
Change Dir: /mnt/c/Users/jonat/Desktop/UCLA_BIG_SURP/lohmueller_lab/build/CMakeFiles/CMakeTmp

Run Build Command:"/usr/bin/make" "cmTC_f6340/fast"
/usr/bin/make -f CMakeFiles/cmTC_f6340.dir/build.make CMakeFiles/cmTC_f6340.dir/build
make[1]: Entering directory '/mnt/c/Users/jonat/Desktop/UCLA_BIG_SURP/lohmueller_lab/build/CMakeFiles/CMakeTmp'
Building CXX object CMakeFiles/cmTC_f6340.dir/feature_tests.cxx.o
/home/jonmah/Documents/software/conda/envs/BloomLab/bin/x86_64-conda_cos6-linux-gnu-c++     -fvisibility-inlines-hidden -std=c++17 -fmessage-length=0 -march=nocona -mtune=haswell -ftree-vectorize -fPIC -fstack-protector-strong -fno-plt -O2 -pipe     -std=c++14 -o CMakeFiles/cmTC_f6340.dir/feature_tests.cxx.o -c /mnt/c/Users/jonat/Desktop/UCLA_BIG_SURP/lohmueller_lab/build/CMakeFiles/feature_tests.cxx
Linking CXX executable cmTC_f6340
/usr/bin/cmake -E cmake_link_script CMakeFiles/cmTC_f6340.dir/link.txt --verbose=1
/home/jonmah/Documents/software/conda/envs/BloomLab/bin/x86_64-conda_cos6-linux-gnu-c++   -fvisibility-inlines-hidden -std=c++17 -fmessage-length=0 -march=nocona -mtune=haswell -ftree-vectorize -fPIC -fstack-protector-strong -fno-plt -O2 -pipe     -Wl,-O2 -Wl,--sort-common -Wl,--as-needed -Wl,-z,relro -Wl,-z,now  CMakeFiles/cmTC_f6340.dir/feature_tests.cxx.o  -o cmTC_f6340 -rdynamic 
make[1]: Leaving directory '/mnt/c/Users/jonat/Desktop/UCLA_BIG_SURP/lohmueller_lab/build/CMakeFiles/CMakeTmp'


    Feature record: CXX_FEATURE:1cxx_aggregate_default_initializers
    Feature record: CXX_FEATURE:1cxx_alias_templates
    Feature record: CXX_FEATURE:1cxx_alignas
    Feature record: CXX_FEATURE:1cxx_alignof
    Feature record: CXX_FEATURE:1cxx_attributes
    Feature record: CXX_FEATURE:1cxx_attribute_deprecated
    Feature record: CXX_FEATURE:1cxx_auto_type
    Feature record: CXX_FEATURE:1cxx_binary_literals
    Feature record: CXX_FEATURE:1cxx_constexpr
    Feature record: CXX_FEATURE:1cxx_contextual_conversions
    Feature record: CXX_FEATURE:1cxx_decltype
    Feature record: CXX_FEATURE:1cxx_decltype_auto
    Feature record: CXX_FEATURE:1cxx_decltype_incomplete_return_types
    Feature record: CXX_FEATURE:1cxx_default_function_template_args
    Feature record: CXX_FEATURE:1cxx_defaulted_functions
    Feature record: CXX_FEATURE:1cxx_defaulted_move_initializers
    Feature record: CXX_FEATURE:1cxx_delegating_constructors
    Feature record: CXX_FEATURE:1cxx_deleted_functions
    Feature record: CXX_FEATURE:1cxx_digit_separators
    Feature record: CXX_FEATURE:1cxx_enum_forward_declarations
    Feature record: CXX_FEATURE:1cxx_explicit_conversions
    Feature record: CXX_FEATURE:1cxx_extended_friend_declarations
    Feature record: CXX_FEATURE:1cxx_extern_templates
    Feature record: CXX_FEATURE:1cxx_final
    Feature record: CXX_FEATURE:1cxx_func_identifier
    Feature record: CXX_FEATURE:1cxx_generalized_initializers
    Feature record: CXX_FEATURE:1cxx_generic_lambdas
    Feature record: CXX_FEATURE:1cxx_inheriting_constructors
    Feature record: CXX_FEATURE:1cxx_inline_namespaces
    Feature record: CXX_FEATURE:1cxx_lambdas
    Feature record: CXX_FEATURE:1cxx_lambda_init_captures
    Feature record: CXX_FEATURE:1cxx_local_type_template_args
    Feature record: CXX_FEATURE:1cxx_long_long_type
    Feature record: CXX_FEATURE:1cxx_noexcept
    Feature record: CXX_FEATURE:1cxx_nonstatic_member_init
    Feature record: CXX_FEATURE:1cxx_nullptr
    Feature record: CXX_FEATURE:1cxx_override
    Feature record: CXX_FEATURE:1cxx_range_for
    Feature record: CXX_FEATURE:1cxx_raw_string_literals
    Feature record: CXX_FEATURE:1cxx_reference_qualified_functions
    Feature record: CXX_FEATURE:1cxx_relaxed_constexpr
    Feature record: CXX_FEATURE:1cxx_return_type_deduction
    Feature record: CXX_FEATURE:1cxx_right_angle_brackets
    Feature record: CXX_FEATURE:1cxx_rvalue_references
    Feature record: CXX_FEATURE:1cxx_sizeof_member
    Feature record: CXX_FEATURE:1cxx_static_assert
    Feature record: CXX_FEATURE:1cxx_strong_enums
    Feature record: CXX_FEATURE:1cxx_template_template_parameters
    Feature record: CXX_FEATURE:1cxx_thread_local
    Feature record: CXX_FEATURE:1cxx_trailing_return_types
    Feature record: CXX_FEATURE:1cxx_unicode_literals
    Feature record: CXX_FEATURE:1cxx_uniform_initialization
    Feature record: CXX_FEATURE:1cxx_unrestricted_unions
    Feature record: CXX_FEATURE:1cxx_user_literals
    Feature record: CXX_FEATURE:1cxx_variable_templates
    Feature record: CXX_FEATURE:1cxx_variadic_macros
    Feature record: CXX_FEATURE:1cxx_variadic_templates


Detecting CXX [-std=c++11] compiler features compiled with the following output:
Change Dir: /mnt/c/Users/jonat/Desktop/UCLA_BIG_SURP/lohmueller_lab/build/CMakeFiles/CMakeTmp

Run Build Command:"/usr/bin/make" "cmTC_155ce/fast"
/usr/bin/make -f CMakeFiles/cmTC_155ce.dir/build.make CMakeFiles/cmTC_155ce.dir/build
make[1]: Entering directory '/mnt/c/Users/jonat/Desktop/UCLA_BIG_SURP/lohmueller_lab/build/CMakeFiles/CMakeTmp'
Building CXX object CMakeFiles/cmTC_155ce.dir/feature_tests.cxx.o
/home/jonmah/Documents/software/conda/envs/BloomLab/bin/x86_64-conda_cos6-linux-gnu-c++     -fvisibility-inlines-hidden -std=c++17 -fmessage-length=0 -march=nocona -mtune=haswell -ftree-vectorize -fPIC -fstack-protector-strong -fno-plt -O2 -pipe     -std=c++11 -o CMakeFiles/cmTC_155ce.dir/feature_tests.cxx.o -c /mnt/c/Users/jonat/Desktop/UCLA_BIG_SURP/lohmueller_lab/build/CMakeFiles/feature_tests.cxx
Linking CXX executable cmTC_155ce
/usr/bin/cmake -E cmake_link_script CMakeFiles/cmTC_155ce.dir/link.txt --verbose=1
/home/jonmah/Documents/software/conda/envs/BloomLab/bin/x86_64-conda_cos6-linux-gnu-c++   -fvisibility-inlines-hidden -std=c++17 -fmessage-length=0 -march=nocona -mtune=haswell -ftree-vectorize -fPIC -fstack-protector-strong -fno-plt -O2 -pipe     -Wl,-O2 -Wl,--sort-common -Wl,--as-needed -Wl,-z,relro -Wl,-z,now  CMakeFiles/cmTC_155ce.dir/feature_tests.cxx.o  -o cmTC_155ce -rdynamic 
make[1]: Leaving directory '/mnt/c/Users/jonat/Desktop/UCLA_BIG_SURP/lohmueller_lab/build/CMakeFiles/CMakeTmp'


    Feature record: CXX_FEATURE:0cxx_aggregate_default_initializers
    Feature record: CXX_FEATURE:1cxx_alias_templates
    Feature record: CXX_FEATURE:1cxx_alignas
    Feature record: CXX_FEATURE:1cxx_alignof
    Feature record: CXX_FEATURE:1cxx_attributes
    Feature record: CXX_FEATURE:0cxx_attribute_deprecated
    Feature record: CXX_FEATURE:1cxx_auto_type
    Feature record: CXX_FEATURE:0cxx_binary_literals
    Feature record: CXX_FEATURE:1cxx_constexpr
    Feature record: CXX_FEATURE:0cxx_contextual_conversions
    Feature record: CXX_FEATURE:1cxx_decltype
    Feature record: CXX_FEATURE:0cxx_decltype_auto
    Feature record: CXX_FEATURE:1cxx_decltype_incomplete_return_types
    Feature record: CXX_FEATURE:1cxx_default_function_template_args
    Feature record: CXX_FEATURE:1cxx_defaulted_functions
    Feature record: CXX_FEATURE:1cxx_defaulted_move_initializers
    Feature record: CXX_FEATURE:1cxx_delegating_constructors
    Feature record: CXX_FEATURE:1cxx_deleted_functions
    Feature record: CXX_FEATURE:0cxx_digit_separators
    Feature record: CXX_FEATURE:1cxx_enum_forward_declarations
    Feature record: CXX_FEATURE:1cxx_explicit_conversions
    Feature record: CXX_FEATURE:1cxx_extended_friend_declarations
    Feature record: CXX_FEATURE:1cxx_extern_templates
    Feature record: CXX_FEATURE:1cxx_final
    Feature record: CXX_FEATURE:1cxx_func_identifier
    Feature record: CXX_FEATURE:1cxx_generalized_initializers
    Feature record: CXX_FEATURE:0cxx_generic_lambdas
    Feature record: CXX_FEATURE:1cxx_inheriting_constructors
    Feature record: CXX_FEATURE:1cxx_inline_namespaces
    Feature record: CXX_FEATURE:1cxx_lambdas
    Feature record: CXX_FEATURE:0cxx_lambda_init_captures
    Feature record: CXX_FEATURE:1cxx_local_type_template_args
    Feature record: CXX_FEATURE:1cxx_long_long_type
    Feature record: CXX_FEATURE:1cxx_noexcept
    Feature record: CXX_FEATURE:1cxx_nonstatic_member_init
    Feature record: CXX_FEATURE:1cxx_nullptr
    Feature record: CXX_FEATURE:1cxx_override
    Feature record: CXX_FEATURE:1cxx_range_for
    Feature record: CXX_FEATURE:1cxx_raw_string_literals
    Feature record: CXX_FEATURE:1cxx_reference_qualified_functions
    Feature record: CXX_FEATURE:0cxx_relaxed_constexpr
    Feature record: CXX_FEATURE:0cxx_return_type_deduction
    Feature record: CXX_FEATURE:1cxx_right_angle_brackets
    Feature record: CXX_FEATURE:1cxx_rvalue_references
    Feature record: CXX_FEATURE:1cxx_sizeof_member
    Feature record: CXX_FEATURE:1cxx_static_assert
    Feature record: CXX_FEATURE:1cxx_strong_enums
    Feature record: CXX_FEATURE:1cxx_template_template_parameters
    Feature record: CXX_FEATURE:1cxx_thread_local
    Feature record: CXX_FEATURE:1cxx_trailing_return_types
    Feature record: CXX_FEATURE:1cxx_unicode_literals
    Feature record: CXX_FEATURE:1cxx_uniform_initialization
    Feature record: CXX_FEATURE:1cxx_unrestricted_unions
    Feature record: CXX_FEATURE:1cxx_user_literals
    Feature record: CXX_FEATURE:0cxx_variable_templates
    Feature record: CXX_FEATURE:1cxx_variadic_macros
    Feature record: CXX_FEATURE:1cxx_variadic_templates


Detecting CXX [-std=c++98] compiler features compiled with the following output:
Change Dir: /mnt/c/Users/jonat/Desktop/UCLA_BIG_SURP/lohmueller_lab/build/CMakeFiles/CMakeTmp

Run Build Command:"/usr/bin/make" "cmTC_42b9e/fast"
/usr/bin/make -f CMakeFiles/cmTC_42b9e.dir/build.make CMakeFiles/cmTC_42b9e.dir/build
make[1]: Entering directory '/mnt/c/Users/jonat/Desktop/UCLA_BIG_SURP/lohmueller_lab/build/CMakeFiles/CMakeTmp'
Building CXX object CMakeFiles/cmTC_42b9e.dir/feature_tests.cxx.o
/home/jonmah/Documents/software/conda/envs/BloomLab/bin/x86_64-conda_cos6-linux-gnu-c++     -fvisibility-inlines-hidden -std=c++17 -fmessage-length=0 -march=nocona -mtune=haswell -ftree-vectorize -fPIC -fstack-protector-strong -fno-plt -O2 -pipe     -std=c++98 -o CMakeFiles/cmTC_42b9e.dir/feature_tests.cxx.o -c /mnt/c/Users/jonat/Desktop/UCLA_BIG_SURP/lohmueller_lab/build/CMakeFiles/feature_tests.cxx
Linking CXX executable cmTC_42b9e
/usr/bin/cmake -E cmake_link_script CMakeFiles/cmTC_42b9e.dir/link.txt --verbose=1
/home/jonmah/Documents/software/conda/envs/BloomLab/bin/x86_64-conda_cos6-linux-gnu-c++   -fvisibility-inlines-hidden -std=c++17 -fmessage-length=0 -march=nocona -mtune=haswell -ftree-vectorize -fPIC -fstack-protector-strong -fno-plt -O2 -pipe     -Wl,-O2 -Wl,--sort-common -Wl,--as-needed -Wl,-z,relro -Wl,-z,now  CMakeFiles/cmTC_42b9e.dir/feature_tests.cxx.o  -o cmTC_42b9e -rdynamic 
make[1]: Leaving directory '/mnt/c/Users/jonat/Desktop/UCLA_BIG_SURP/lohmueller_lab/build/CMakeFiles/CMakeTmp'


    Feature record: CXX_FEATURE:0cxx_aggregate_default_initializers
    Feature record: CXX_FEATURE:0cxx_alias_templates
    Feature record: CXX_FEATURE:0cxx_alignas
    Feature record: CXX_FEATURE:0cxx_alignof
    Feature record: CXX_FEATURE:0cxx_attributes
    Feature record: CXX_FEATURE:0cxx_attribute_deprecated
    Feature record: CXX_FEATURE:0cxx_auto_type
    Feature record: CXX_FEATURE:0cxx_binary_literals
    Feature record: CXX_FEATURE:0cxx_constexpr
    Feature record: CXX_FEATURE:0cxx_contextual_conversions
    Feature record: CXX_FEATURE:0cxx_decltype
    Feature record: CXX_FEATURE:0cxx_decltype_auto
    Feature record: CXX_FEATURE:0cxx_decltype_incomplete_return_types
    Feature record: CXX_FEATURE:0cxx_default_function_template_args
    Feature record: CXX_FEATURE:0cxx_defaulted_functions
    Feature record: CXX_FEATURE:0cxx_defaulted_move_initializers
    Feature record: CXX_FEATURE:0cxx_delegating_constructors
    Feature record: CXX_FEATURE:0cxx_deleted_functions
    Feature record: CXX_FEATURE:0cxx_digit_separators
    Feature record: CXX_FEATURE:0cxx_enum_forward_declarations
    Feature record: CXX_FEATURE:0cxx_explicit_conversions
    Feature record: CXX_FEATURE:0cxx_extended_friend_declarations
    Feature record: CXX_FEATURE:0cxx_extern_templates
    Feature record: CXX_FEATURE:0cxx_final
    Feature record: CXX_FEATURE:0cxx_func_identifier
    Feature record: CXX_FEATURE:0cxx_generalized_initializers
    Feature record: CXX_FEATURE:0cxx_generic_lambdas
    Feature record: CXX_FEATURE:0cxx_inheriting_constructors
    Feature record: CXX_FEATURE:0cxx_inline_namespaces
    Feature record: CXX_FEATURE:0cxx_lambdas
    Feature record: CXX_FEATURE:0cxx_lambda_init_captures
    Feature record: CXX_FEATURE:0cxx_local_type_template_args
    Feature record: CXX_FEATURE:0cxx_long_long_type
    Feature record: CXX_FEATURE:0cxx_noexcept
    Feature record: CXX_FEATURE:0cxx_nonstatic_member_init
    Feature record: CXX_FEATURE:0cxx_nullptr
    Feature record: CXX_FEATURE:0cxx_override
    Feature record: CXX_FEATURE:0cxx_range_for
    Feature record: CXX_FEATURE:0cxx_raw_string_literals
    Feature record: CXX_FEATURE:0cxx_reference_qualified_functions
    Feature record: CXX_FEATURE:0cxx_relaxed_constexpr
    Feature record: CXX_FEATURE:0cxx_return_type_deduction
    Feature record: CXX_FEATURE:0cxx_right_angle_brackets
    Feature record: CXX_FEATURE:0cxx_rvalue_references
    Feature record: CXX_FEATURE:0cxx_sizeof_member
    Feature record: CXX_FEATURE:0cxx_static_assert
    Feature record: CXX_FEATURE:0cxx_strong_enums
    Feature record: CXX_FEATURE:1cxx_template_template_parameters
    Feature record: CXX_FEATURE:0cxx_thread_local
    Feature record: CXX_FEATURE:0cxx_trailing_return_types
    Feature record: CXX_FEATURE:0cxx_unicode_literals
    Feature record: CXX_FEATURE:0cxx_uniform_initialization
    Feature record: CXX_FEATURE:0cxx_unrestricted_unions
    Feature record: CXX_FEATURE:0cxx_user_literals
    Feature record: CXX_FEATURE:0cxx_variable_templates
    Feature record: CXX_FEATURE:0cxx_variadic_macros
    Feature record: CXX_FEATURE:0cxx_variadic_templates
