2019-08-01 12:46:54,099 - INFO - Beginning execution of fitdadi_infer_DFE.py in directory /u/home/j/jonmah/lohmueller_lab/Scripts

2019-08-01 12:46:54,099 - INFO - Progress is being logged to ../Data/AW_array_2000/seed_59_fitdadi_output/log.log

2019-08-01 12:46:54,099 - INFO - Parsed the following arguments:
	breed = AW
	outprefix = ../Data/AW_array_2000/seed_59_fitdadi_output/
	nonsyn_input_sfs = ../Data/AW_array_2000/seed_59_easySFS_output_nonsyn/dadi/pop1.sfs
	syn_input_sfs = ../Data/AW_array_2000/seed_59_easySFS_output_syn/dadi/pop1.sfs

2019-08-01 12:46:54,103 - INFO - Beginning optimization with guess, [0.52527121 0.07770658].
2019-08-01 12:46:54,558 - INFO - Finished optimization with guess, [0.52527121 0.07770658].
2019-08-01 12:46:54,558 - INFO - Best fit parameters: [0.00971821 0.00087137].
2019-08-01 12:46:54,566 - INFO - Maximum log composite likelihood: -22.1764563589.
2019-08-01 12:46:54,567 - INFO - Optimal value of theta: 59.0448020633.
2019-08-01 12:46:54,567 - INFO - Beginning optimization with guess, [0.28123461 0.07969049].
2019-08-01 12:46:54,991 - INFO - Finished optimization with guess, [0.28123461 0.07969049].
2019-08-01 12:46:54,991 - INFO - Best fit parameters: [7.16908119e-04 6.32927305e-05].
2019-08-01 12:46:54,999 - INFO - Maximum log composite likelihood: -22.1750691689.
2019-08-01 12:46:55,000 - INFO - Optimal value of theta: 59.0080046366.
2019-08-01 12:46:55,000 - INFO - Beginning optimization with guess, [0.26845797 0.15518722].
2019-08-01 12:46:55,454 - INFO - Finished optimization with guess, [0.26845797 0.15518722].
2019-08-01 12:46:55,455 - INFO - Best fit parameters: [0.00940584 0.00084178].
2019-08-01 12:46:55,463 - INFO - Maximum log composite likelihood: -22.1764669194.
2019-08-01 12:46:55,463 - INFO - Optimal value of theta: 59.0314729098.
2019-08-01 12:46:55,463 - INFO - Beginning optimization with guess, [0.59648834 0.09690239].
2019-08-01 12:46:55,909 - INFO - Finished optimization with guess, [0.59648834 0.09690239].
2019-08-01 12:46:55,909 - INFO - Best fit parameters: [0.00349764 0.00031082].
2019-08-01 12:46:55,917 - INFO - Maximum log composite likelihood: -22.1753980813.
2019-08-01 12:46:55,918 - INFO - Optimal value of theta: 59.0356716626.
2019-08-01 12:46:55,918 - INFO - Beginning optimization with guess, [0.31401968 0.11107347].
2019-08-01 12:46:56,345 - INFO - Finished optimization with guess, [0.31401968 0.11107347].
2019-08-01 12:46:56,346 - INFO - Best fit parameters: [0.01207783 0.00108592].
2019-08-01 12:46:56,354 - INFO - Maximum log composite likelihood: -22.1769061972.
2019-08-01 12:46:56,354 - INFO - Optimal value of theta: 59.0423053544.
2019-08-01 12:46:56,355 - INFO - Beginning optimization with guess, [0.34839981 0.0750716 ].
2019-08-01 12:46:56,750 - INFO - Finished optimization with guess, [0.34839981 0.0750716 ].
2019-08-01 12:46:56,750 - INFO - Best fit parameters: [1.00000000e-04 8.92875893e-06].
2019-08-01 12:46:56,758 - INFO - Maximum log composite likelihood: -22.1746427806.
2019-08-01 12:46:56,758 - INFO - Optimal value of theta: 59.1179418757.
2019-08-01 12:46:56,759 - INFO - Beginning optimization with guess, [0.70862165 0.11274856].
2019-08-01 12:46:57,187 - INFO - Finished optimization with guess, [0.70862165 0.11274856].
2019-08-01 12:46:57,187 - INFO - Best fit parameters: [0.01116747 0.00099173].
2019-08-01 12:46:57,195 - INFO - Maximum log composite likelihood: -22.1774946828.
2019-08-01 12:46:57,196 - INFO - Optimal value of theta: 58.9414435102.
2019-08-01 12:46:57,196 - INFO - Beginning optimization with guess, [0.47567742 0.14323173].
2019-08-01 12:46:57,624 - INFO - Finished optimization with guess, [0.47567742 0.14323173].
2019-08-01 12:46:57,624 - INFO - Best fit parameters: [0.00767402 0.00068372].
2019-08-01 12:46:57,632 - INFO - Maximum log composite likelihood: -22.176269809.
2019-08-01 12:46:57,632 - INFO - Optimal value of theta: 59.0109603504.
2019-08-01 12:46:57,633 - INFO - Beginning optimization with guess, [0.73293037 0.05952098].
2019-08-01 12:46:58,053 - INFO - Finished optimization with guess, [0.73293037 0.05952098].
2019-08-01 12:46:58,053 - INFO - Best fit parameters: [0.01171268 0.00105027].
2019-08-01 12:46:58,062 - INFO - Maximum log composite likelihood: -22.1769491767.
2019-08-01 12:46:58,062 - INFO - Optimal value of theta: 59.0223255971.
2019-08-01 12:46:58,062 - INFO - Beginning optimization with guess, [0.63643961 0.07881415].
2019-08-01 12:46:58,487 - INFO - Finished optimization with guess, [0.63643961 0.07881415].
2019-08-01 12:46:58,487 - INFO - Best fit parameters: [0.00192522 0.0001712 ].
2019-08-01 12:46:58,496 - INFO - Maximum log composite likelihood: -22.1750380024.
2019-08-01 12:46:58,496 - INFO - Optimal value of theta: 59.0597951461.
2019-08-01 12:46:58,496 - INFO - Beginning optimization with guess, [0.36986541 0.0616725 ].
2019-08-01 12:46:58,923 - INFO - Finished optimization with guess, [0.36986541 0.0616725 ].
2019-08-01 12:46:58,923 - INFO - Best fit parameters: [0.01997445 0.00186236].
2019-08-01 12:46:58,932 - INFO - Maximum log composite likelihood: -22.1782620881.
2019-08-01 12:46:58,932 - INFO - Optimal value of theta: 59.2802897523.
2019-08-01 12:46:58,932 - INFO - Beginning optimization with guess, [0.49171001 0.06979431].
2019-08-01 12:46:59,360 - INFO - Finished optimization with guess, [0.49171001 0.06979431].
2019-08-01 12:46:59,360 - INFO - Best fit parameters: [0.01027373 0.00092342].
2019-08-01 12:46:59,368 - INFO - Maximum log composite likelihood: -22.176489086.
2019-08-01 12:46:59,369 - INFO - Optimal value of theta: 59.0603392369.
2019-08-01 12:46:59,369 - INFO - Beginning optimization with guess, [0.34993043 0.10242358].
2019-08-01 12:46:59,893 - INFO - Finished optimization with guess, [0.34993043 0.10242358].
2019-08-01 12:46:59,894 - INFO - Best fit parameters: [5.22490699e-04 4.55448978e-05].
2019-08-01 12:46:59,902 - INFO - Maximum log composite likelihood: -22.1758918048.
2019-08-01 12:46:59,902 - INFO - Optimal value of theta: 58.8964382511.
2019-08-01 12:46:59,902 - INFO - Beginning optimization with guess, [0.49108324 0.19998296].
2019-08-01 12:47:00,342 - INFO - Finished optimization with guess, [0.49108324 0.19998296].
2019-08-01 12:47:00,342 - INFO - Best fit parameters: [0.02525029 0.00230547].
2019-08-01 12:47:00,350 - INFO - Maximum log composite likelihood: -22.1796710957.
2019-08-01 12:47:00,350 - INFO - Optimal value of theta: 59.0267057018.
2019-08-01 12:47:00,351 - INFO - Beginning optimization with guess, [0.38438271 0.15742676].
2019-08-01 12:47:00,779 - INFO - Finished optimization with guess, [0.38438271 0.15742676].
2019-08-01 12:47:00,779 - INFO - Best fit parameters: [0.00440789 0.00038753].
2019-08-01 12:47:00,787 - INFO - Maximum log composite likelihood: -22.1763400662.
2019-08-01 12:47:00,787 - INFO - Optimal value of theta: 58.9283072008.
2019-08-01 12:47:00,788 - INFO - Beginning optimization with guess, [0.28032062 0.08373704].
2019-08-01 12:47:01,284 - INFO - Finished optimization with guess, [0.28032062 0.08373704].
2019-08-01 12:47:01,284 - INFO - Best fit parameters: [0.00243953 0.00021595].
2019-08-01 12:47:01,293 - INFO - Maximum log composite likelihood: -22.1753373355.
2019-08-01 12:47:01,293 - INFO - Optimal value of theta: 59.0122810235.
2019-08-01 12:47:01,293 - INFO - Beginning optimization with guess, [0.36219266 0.05953223].
2019-08-01 12:47:01,721 - INFO - Finished optimization with guess, [0.36219266 0.05953223].
2019-08-01 12:47:01,722 - INFO - Best fit parameters: [0.0226759  0.00210154].
2019-08-01 12:47:01,730 - INFO - Maximum log composite likelihood: -22.1785502101.
2019-08-01 12:47:01,730 - INFO - Optimal value of theta: 59.1923717908.
2019-08-01 12:47:01,731 - INFO - Beginning optimization with guess, [0.71823804 0.10751581].
2019-08-01 12:47:02,163 - INFO - Finished optimization with guess, [0.71823804 0.10751581].
2019-08-01 12:47:02,163 - INFO - Best fit parameters: [0.0137494  0.00120913].
2019-08-01 12:47:02,171 - INFO - Maximum log composite likelihood: -22.1795416179.
2019-08-01 12:47:02,172 - INFO - Optimal value of theta: 58.8247065811.
2019-08-01 12:47:02,172 - INFO - Beginning optimization with guess, [0.67877225 0.08536751].
2019-08-01 12:47:02,600 - INFO - Finished optimization with guess, [0.67877225 0.08536751].
2019-08-01 12:47:02,600 - INFO - Best fit parameters: [0.00145383 0.00012837].
2019-08-01 12:47:02,608 - INFO - Maximum log composite likelihood: -22.175237272.
2019-08-01 12:47:02,609 - INFO - Optimal value of theta: 59.0007498116.
2019-08-01 12:47:02,609 - INFO - Beginning optimization with guess, [0.49413808 0.0652175 ].
2019-08-01 12:47:03,035 - INFO - Finished optimization with guess, [0.49413808 0.0652175 ].
2019-08-01 12:47:03,035 - INFO - Best fit parameters: [0.00616178 0.0005576 ].
2019-08-01 12:47:03,043 - INFO - Maximum log composite likelihood: -22.1756448715.
2019-08-01 12:47:03,044 - INFO - Optimal value of theta: 59.1698779485.
2019-08-01 12:47:03,044 - INFO - Beginning optimization with guess, [0.47595891 0.05576744].
2019-08-01 12:47:03,468 - INFO - Finished optimization with guess, [0.47595891 0.05576744].
2019-08-01 12:47:03,469 - INFO - Best fit parameters: [0.00386512 0.00033998].
2019-08-01 12:47:03,478 - INFO - Maximum log composite likelihood: -22.1761427873.
2019-08-01 12:47:03,478 - INFO - Optimal value of theta: 58.9388590224.
2019-08-01 12:47:03,478 - INFO - Beginning optimization with guess, [0.37372339 0.08762801].
2019-08-01 12:47:03,903 - INFO - Finished optimization with guess, [0.37372339 0.08762801].
2019-08-01 12:47:03,903 - INFO - Best fit parameters: [0.00469881 0.00042265].
2019-08-01 12:47:03,911 - INFO - Maximum log composite likelihood: -22.1753766043.
2019-08-01 12:47:03,912 - INFO - Optimal value of theta: 59.131900486.
2019-08-01 12:47:03,912 - INFO - Beginning optimization with guess, [0.55747499 0.0851462 ].
2019-08-01 12:47:04,340 - INFO - Finished optimization with guess, [0.55747499 0.0851462 ].
2019-08-01 12:47:04,340 - INFO - Best fit parameters: [0.00337722 0.00030058].
2019-08-01 12:47:04,348 - INFO - Maximum log composite likelihood: -22.1753134359.
2019-08-01 12:47:04,349 - INFO - Optimal value of theta: 59.0508069226.
2019-08-01 12:47:04,349 - INFO - Beginning optimization with guess, [0.78275578 0.13190216].
2019-08-01 12:47:04,781 - INFO - Finished optimization with guess, [0.78275578 0.13190216].
2019-08-01 12:47:04,781 - INFO - Best fit parameters: [0.04026148 0.00372317].
2019-08-01 12:47:04,789 - INFO - Maximum log composite likelihood: -22.1837712485.
2019-08-01 12:47:04,790 - INFO - Optimal value of theta: 58.9634797218.
2019-08-01 12:47:04,790 - INFO - Beginning optimization with guess, [0.56078967 0.06520618].
2019-08-01 12:47:05,214 - INFO - Finished optimization with guess, [0.56078967 0.06520618].
2019-08-01 12:47:05,214 - INFO - Best fit parameters: [0.00700045 0.00062519].
2019-08-01 12:47:05,222 - INFO - Maximum log composite likelihood: -22.1759885196.
2019-08-01 12:47:05,223 - INFO - Optimal value of theta: 59.0401251242.
2019-08-01 12:47:05,223 - INFO - Beginning optimization with guess, [0.36356599 0.14169657].
2019-08-01 12:47:05,649 - INFO - Finished optimization with guess, [0.36356599 0.14169657].
2019-08-01 12:47:05,649 - INFO - Best fit parameters: [0.00325074 0.00028993].
2019-08-01 12:47:05,658 - INFO - Maximum log composite likelihood: -22.1752236175.
2019-08-01 12:47:05,658 - INFO - Optimal value of theta: 59.0712999224.
2019-08-01 12:47:05,658 - INFO - Beginning optimization with guess, [0.87517413 0.13972398].
2019-08-01 12:47:06,088 - INFO - Finished optimization with guess, [0.87517413 0.13972398].
2019-08-01 12:47:06,089 - INFO - Best fit parameters: [0.01723926 0.00156001].
2019-08-01 12:47:06,097 - INFO - Maximum log composite likelihood: -22.1779154065.
2019-08-01 12:47:06,097 - INFO - Optimal value of theta: 59.0403067799.
2019-08-01 12:47:06,097 - INFO - Beginning optimization with guess, [0.48061553 0.10892769].
2019-08-01 12:47:06,528 - INFO - Finished optimization with guess, [0.48061553 0.10892769].
2019-08-01 12:47:06,528 - INFO - Best fit parameters: [0.00782452 0.000699  ].
2019-08-01 12:47:06,536 - INFO - Maximum log composite likelihood: -22.1761688225.
2019-08-01 12:47:06,537 - INFO - Optimal value of theta: 59.0334818774.
2019-08-01 12:47:06,537 - INFO - Beginning optimization with guess, [0.36668713 0.05770103].
2019-08-01 12:47:06,963 - INFO - Finished optimization with guess, [0.36668713 0.05770103].
2019-08-01 12:47:06,964 - INFO - Best fit parameters: [0.00752724 0.00067359].
2019-08-01 12:47:06,972 - INFO - Maximum log composite likelihood: -22.1760274434.
2019-08-01 12:47:06,972 - INFO - Optimal value of theta: 59.05238338.
2019-08-01 12:47:06,972 - INFO - Beginning optimization with guess, [0.49845754 0.14105052].
2019-08-01 12:47:07,399 - INFO - Finished optimization with guess, [0.49845754 0.14105052].
2019-08-01 12:47:07,399 - INFO - Best fit parameters: [0.00670069 0.00059217].
2019-08-01 12:47:07,407 - INFO - Maximum log composite likelihood: -22.1765727221.
2019-08-01 12:47:07,407 - INFO - Optimal value of theta: 58.9488299448.
2019-08-01 12:47:07,408 - INFO - Beginning optimization with guess, [0.35449254 0.05359934].
2019-08-01 12:47:07,906 - INFO - Finished optimization with guess, [0.35449254 0.05359934].
2019-08-01 12:47:07,906 - INFO - Best fit parameters: [0.00194276 0.00017169].
2019-08-01 12:47:07,915 - INFO - Maximum log composite likelihood: -22.1753062204.
2019-08-01 12:47:07,915 - INFO - Optimal value of theta: 59.0031253247.
2019-08-01 12:47:07,915 - INFO - Beginning optimization with guess, [0.90329412 0.0626687 ].
2019-08-01 12:47:08,340 - INFO - Finished optimization with guess, [0.90329412 0.0626687 ].
2019-08-01 12:47:08,340 - INFO - Best fit parameters: [0.01051758 0.00093717].
2019-08-01 12:47:08,348 - INFO - Maximum log composite likelihood: -22.1770270796.
2019-08-01 12:47:08,349 - INFO - Optimal value of theta: 58.9792142263.
2019-08-01 12:47:08,349 - INFO - Beginning optimization with guess, [0.70857174 0.18532016].
2019-08-01 12:47:08,825 - INFO - Finished optimization with guess, [0.70857174 0.18532016].
2019-08-01 12:47:08,825 - INFO - Best fit parameters: [0.12135895 0.01309455].
2019-08-01 12:47:08,834 - INFO - Maximum log composite likelihood: -22.2058624675.
2019-08-01 12:47:08,834 - INFO - Optimal value of theta: 59.320589227.
2019-08-01 12:47:08,835 - INFO - Beginning optimization with guess, [0.32836042 0.14671479].
2019-08-01 12:47:09,291 - INFO - Finished optimization with guess, [0.32836042 0.14671479].
2019-08-01 12:47:09,291 - INFO - Best fit parameters: [0.00644209 0.00057569].
2019-08-01 12:47:09,299 - INFO - Maximum log composite likelihood: -22.175835618.
2019-08-01 12:47:09,300 - INFO - Optimal value of theta: 59.0524378381.
2019-08-01 12:47:09,300 - INFO - Beginning optimization with guess, [0.39406678 0.19699607].
2019-08-01 12:47:09,740 - INFO - Finished optimization with guess, [0.39406678 0.19699607].
2019-08-01 12:47:09,740 - INFO - Best fit parameters: [0.02250169 0.00211977].
2019-08-01 12:47:09,749 - INFO - Maximum log composite likelihood: -22.1790526497.
2019-08-01 12:47:09,749 - INFO - Optimal value of theta: 59.3453335467.
2019-08-01 12:47:09,750 - INFO - Beginning optimization with guess, [0.26918681 0.14598143].
2019-08-01 12:47:10,183 - INFO - Finished optimization with guess, [0.26918681 0.14598143].
2019-08-01 12:47:10,184 - INFO - Best fit parameters: [0.0020666  0.00018214].
2019-08-01 12:47:10,192 - INFO - Maximum log composite likelihood: -22.1755047531.
2019-08-01 12:47:10,192 - INFO - Optimal value of theta: 58.976964709.
2019-08-01 12:47:10,193 - INFO - Beginning optimization with guess, [0.58978073 0.19590005].
2019-08-01 12:47:10,640 - INFO - Finished optimization with guess, [0.58978073 0.19590005].
2019-08-01 12:47:10,640 - INFO - Best fit parameters: [0.01871771 0.00169274].
2019-08-01 12:47:10,649 - INFO - Maximum log composite likelihood: -22.178358591.
2019-08-01 12:47:10,649 - INFO - Optimal value of theta: 59.0174729044.
2019-08-01 12:47:10,649 - INFO - Beginning optimization with guess, [0.39435632 0.08085628].
2019-08-01 12:47:11,076 - INFO - Finished optimization with guess, [0.39435632 0.08085628].
2019-08-01 12:47:11,076 - INFO - Best fit parameters: [0.00780544 0.0007053 ].
2019-08-01 12:47:11,085 - INFO - Maximum log composite likelihood: -22.1758935234.
2019-08-01 12:47:11,085 - INFO - Optimal value of theta: 59.1372827844.
2019-08-01 12:47:11,085 - INFO - Beginning optimization with guess, [0.98566456 0.08090459].
2019-08-01 12:47:11,679 - INFO - Finished optimization with guess, [0.98566456 0.08090459].
2019-08-01 12:47:11,679 - INFO - Best fit parameters: [0.00138056 0.00012188].
2019-08-01 12:47:11,687 - INFO - Maximum log composite likelihood: -22.1752281274.
2019-08-01 12:47:11,688 - INFO - Optimal value of theta: 59.0002097353.
2019-08-01 12:47:11,688 - INFO - Beginning optimization with guess, [0.65980324 0.092083  ].
2019-08-01 12:47:12,116 - INFO - Finished optimization with guess, [0.65980324 0.092083  ].
2019-08-01 12:47:12,116 - INFO - Best fit parameters: [0.0062038  0.00055049].
2019-08-01 12:47:12,124 - INFO - Maximum log composite likelihood: -22.1761354828.
2019-08-01 12:47:12,125 - INFO - Optimal value of theta: 58.9911171013.
2019-08-01 12:47:12,125 - INFO - Beginning optimization with guess, [0.71876447 0.08698344].
2019-08-01 12:47:12,576 - INFO - Finished optimization with guess, [0.71876447 0.08698344].
2019-08-01 12:47:12,576 - INFO - Best fit parameters: [0.00542544 0.0004827 ].
2019-08-01 12:47:12,585 - INFO - Maximum log composite likelihood: -22.1757909044.
2019-08-01 12:47:12,585 - INFO - Optimal value of theta: 59.0240801794.
2019-08-01 12:47:12,585 - INFO - Beginning optimization with guess, [0.29270947 0.05639441].
2019-08-01 12:47:13,009 - INFO - Finished optimization with guess, [0.29270947 0.05639441].
2019-08-01 12:47:13,009 - INFO - Best fit parameters: [1.00000000e-04 8.93334658e-06].
2019-08-01 12:47:13,017 - INFO - Maximum log composite likelihood: -22.174642272.
2019-08-01 12:47:13,018 - INFO - Optimal value of theta: 59.1226397815.
2019-08-01 12:47:13,018 - INFO - Beginning optimization with guess, [0.44702108 0.10369463].
2019-08-01 12:47:13,449 - INFO - Finished optimization with guess, [0.44702108 0.10369463].
2019-08-01 12:47:13,449 - INFO - Best fit parameters: [0.0022486  0.00019758].
2019-08-01 12:47:13,457 - INFO - Maximum log composite likelihood: -22.175759325.
2019-08-01 12:47:13,458 - INFO - Optimal value of theta: 58.9479456047.
2019-08-01 12:47:13,458 - INFO - Beginning optimization with guess, [0.66422476 0.16461464].
2019-08-01 12:47:13,903 - INFO - Finished optimization with guess, [0.66422476 0.16461464].
2019-08-01 12:47:13,903 - INFO - Best fit parameters: [0.1071006  0.01115334].
2019-08-01 12:47:13,912 - INFO - Maximum log composite likelihood: -22.2016037955.
2019-08-01 12:47:13,912 - INFO - Optimal value of theta: 59.1914902393.
2019-08-01 12:47:13,912 - INFO - Beginning optimization with guess, [0.35237115 0.17376116].
2019-08-01 12:47:14,341 - INFO - Finished optimization with guess, [0.35237115 0.17376116].
2019-08-01 12:47:14,342 - INFO - Best fit parameters: [0.02255987 0.00208546].
2019-08-01 12:47:14,350 - INFO - Maximum log composite likelihood: -22.1785423077.
2019-08-01 12:47:14,350 - INFO - Optimal value of theta: 59.1703378737.
2019-08-01 12:47:14,351 - INFO - Beginning optimization with guess, [0.61165381 0.11515976].
2019-08-01 12:47:14,779 - INFO - Finished optimization with guess, [0.61165381 0.11515976].
2019-08-01 12:47:14,779 - INFO - Best fit parameters: [0.00975353 0.00088195].
2019-08-01 12:47:14,787 - INFO - Maximum log composite likelihood: -22.1762391476.
2019-08-01 12:47:14,788 - INFO - Optimal value of theta: 59.1209341664.
2019-08-01 12:47:14,788 - INFO - Beginning optimization with guess, [0.26880073 0.07128777].
2019-08-01 12:47:15,239 - INFO - Finished optimization with guess, [0.26880073 0.07128777].
2019-08-01 12:47:15,239 - INFO - Best fit parameters: [0.01069613 0.00095894].
2019-08-01 12:47:15,247 - INFO - Maximum log composite likelihood: -22.1767001842.
2019-08-01 12:47:15,248 - INFO - Optimal value of theta: 59.0324249545.
2019-08-01 12:47:15,248 - INFO - Beginning optimization with guess, [0.50317531 0.05400035].
2019-08-01 12:47:15,673 - INFO - Finished optimization with guess, [0.50317531 0.05400035].
2019-08-01 12:47:15,673 - INFO - Best fit parameters: [0.00478821 0.00042159].
2019-08-01 12:47:15,682 - INFO - Maximum log composite likelihood: -22.1763308028.
2019-08-01 12:47:15,682 - INFO - Optimal value of theta: 58.9372215961.
2019-08-01 12:47:15,682 - INFO - Beginning optimization with guess, [0.38620756 0.07180782].
2019-08-01 12:47:16,111 - INFO - Finished optimization with guess, [0.38620756 0.07180782].
2019-08-01 12:47:16,111 - INFO - Best fit parameters: [0.00847262 0.00078699].
2019-08-01 12:47:16,119 - INFO - Maximum log composite likelihood: -22.1772981857.
2019-08-01 12:47:16,120 - INFO - Optimal value of theta: 59.3835904695.
2019-08-01 12:47:16,120 - INFO - Beginning optimization with guess, [0.29575557 0.07001354].
2019-08-01 12:47:16,574 - INFO - Finished optimization with guess, [0.29575557 0.07001354].
2019-08-01 12:47:16,575 - INFO - Best fit parameters: [0.00512663 0.0004573 ].
2019-08-01 12:47:16,583 - INFO - Maximum log composite likelihood: -22.1756118007.
2019-08-01 12:47:16,584 - INFO - Optimal value of theta: 59.0511133141.
2019-08-01 12:47:16,595 - INFO - Finished demographic inference.
2019-08-01 12:47:16,595 - INFO - Beginning DFE inference.
2019-08-01 12:47:18,950 - INFO - Beginning optimization with guess, [1.37312146e-01 1.97322252e+02].
2019-08-01 12:47:22,876 - INFO - Finished optomization, results are [-23.459859672518835 array([0.98149667, 2.5042879 ])].
2019-08-01 12:47:22,888 - INFO - Beginning optimization with guess, [ 0.11313159 74.4912982 ].
2019-08-01 12:47:33,069 - INFO - Finished optomization, results are [-23.45371974916265 array([0.9953145 , 2.44904906])].
2019-08-01 12:47:33,076 - INFO - Beginning optimization with guess, [8.61248298e-02 1.88785099e+02].
2019-08-01 12:47:40,173 - INFO - Finished optomization, results are [-23.451223977574525 array([0.99148168, 2.40845119])].
2019-08-01 12:47:40,178 - INFO - Beginning optimization with guess, [1.18058082e-01 2.75232421e+02].
2019-08-01 12:47:48,691 - INFO - Finished optomization, results are [-23.456562948277718 array([0.97628359, 2.45661989])].
2019-08-01 12:47:48,706 - INFO - Beginning optimization with guess, [1.52832346e-01 1.68279109e+02].
2019-08-01 12:47:56,208 - INFO - Finished optomization, results are [-23.46975432117864 array([0.94426029, 2.62709436])].
2019-08-01 12:47:56,209 - INFO - Beginning optimization with guess, [1.47508752e-01 1.60613551e+02].
2019-08-01 12:48:00,436 - INFO - Finished optomization, results are [-23.453706977842124 array([0.99477032, 2.45000511])].
2019-08-01 12:48:00,436 - INFO - Beginning optimization with guess, [6.58217329e-02 1.54533183e+02].
2019-08-01 12:48:04,255 - INFO - Finished optomization, results are [-23.467772952632387 array([0.97839268, 2.3969851 ])].
2019-08-01 12:48:04,256 - INFO - Beginning optimization with guess, [5.61750383e-02 1.38269579e+02].
2019-08-01 12:48:06,282 - INFO - Finished optomization, results are [-23.472738420707078 array([0.97740311, 2.38868455])].
2019-08-01 12:48:06,283 - INFO - Beginning optimization with guess, [4.60412419e-02 8.62175059e+01].
2019-08-01 12:48:08,507 - INFO - Finished optomization, results are [-23.488461364891453 array([0.94114734, 2.70090383])].
2019-08-01 12:48:08,507 - INFO - Beginning optimization with guess, [ 0.11376555 95.19376177].
2019-08-01 12:48:10,709 - INFO - Finished optomization, results are [-23.50042393422099 array([0.95220421, 2.68932539])].
2019-08-01 12:48:10,710 - INFO - Beginning optimization with guess, [1.04002240e-01 1.44543034e+02].
2019-08-01 12:48:13,012 - INFO - Finished optomization, results are [-23.46416056700553 array([0.98677302, 2.37127172])].
2019-08-01 12:48:13,012 - INFO - Beginning optimization with guess, [6.74816708e-02 1.88324959e+02].
2019-08-01 12:48:14,992 - INFO - Finished optomization, results are [-23.471959410854712 array([0.99036401, 2.33819106])].
2019-08-01 12:48:14,992 - INFO - Beginning optimization with guess, [8.03600543e-02 1.59718466e+02].
2019-08-01 12:48:19,313 - INFO - Finished optomization, results are [-23.454396881782273 array([0.98865778, 2.39947178])].
2019-08-01 12:48:19,314 - INFO - Beginning optimization with guess, [ 0.11827489 98.51652194].
2019-08-01 12:48:21,334 - INFO - Finished optomization, results are [-23.500149393791983 array([0.97295003, 2.62045403])].
2019-08-01 12:48:21,334 - INFO - Beginning optimization with guess, [5.44099128e-02 2.08147755e+02].
2019-08-01 12:48:24,042 - INFO - Finished optomization, results are [-23.46649301950859 array([0.95324081, 2.5241027 ])].
2019-08-01 12:48:24,042 - INFO - Beginning optimization with guess, [  0.12667327 106.72691311].
2019-08-01 12:48:25,707 - INFO - Finished optomization, results are [-23.501358304654218 array([0.9518642, 2.6921253])].
2019-08-01 12:48:25,707 - INFO - Beginning optimization with guess, [1.51348406e-01 1.89155487e+02].
2019-08-01 12:48:27,831 - INFO - Finished optomization, results are [-23.467926475322237 array([0.95809062, 2.4905612 ])].
2019-08-01 12:48:27,831 - INFO - Beginning optimization with guess, [7.51150186e-02 9.73199441e+01].
2019-08-01 12:48:29,733 - INFO - Finished optomization, results are [-23.472773225743516 array([0.96706986, 2.4327082 ])].
2019-08-01 12:48:29,733 - INFO - Beginning optimization with guess, [ 0.14332557 98.8565993 ].
2019-08-01 12:48:31,765 - INFO - Finished optomization, results are [-23.4653438678331 array([0.96749728, 2.4542109 ])].
2019-08-01 12:48:31,767 - INFO - Beginning optimization with guess, [5.09563507e-02 1.04863679e+02].
2019-08-01 12:48:33,821 - INFO - Finished optomization, results are [-23.47166499658346 array([0.94697733, 2.63185855])].
2019-08-01 12:48:33,822 - INFO - Beginning optimization with guess, [  0.15997126 152.97183345].
2019-08-01 12:48:36,471 - INFO - Finished optomization, results are [-23.45433832002604 array([0.99182343, 2.38372096])].
2019-08-01 12:48:36,472 - INFO - Beginning optimization with guess, [1.21080804e-01 1.31112842e+02].
2019-08-01 12:48:38,400 - INFO - Finished optomization, results are [-23.47974890142396 array([0.99526709, 2.30496823])].
2019-08-01 12:48:38,400 - INFO - Beginning optimization with guess, [7.97089103e-02 1.05619079e+02].
2019-08-01 12:48:40,931 - INFO - Finished optomization, results are [-23.453637825861563 array([0.99244213, 2.38424957])].
2019-08-01 12:48:40,931 - INFO - Beginning optimization with guess, [1.04396587e-01 1.52105237e+02].
2019-08-01 12:48:43,214 - INFO - Finished optomization, results are [-23.47259457451313 array([0.96647369, 2.43581505])].
2019-08-01 12:48:43,214 - INFO - Beginning optimization with guess, [1.08126989e-01 2.04949684e+02].
2019-08-01 12:48:44,987 - INFO - Finished optomization, results are [-23.45235296917623 array([0.98697109, 2.42977662])].
2019-08-01 12:48:44,988 - INFO - Beginning optimization with guess, [4.65034703e-02 1.20891322e+02].
2019-08-01 12:48:48,308 - INFO - Finished optomization, results are [-23.473328685566024 array([0.99060984, 2.33444346])].
2019-08-01 12:48:48,309 - INFO - Beginning optimization with guess, [  0.11226605 105.61292851].
2019-08-01 12:48:51,528 - INFO - Finished optomization, results are [-23.44878057205878 array([0.99778587, 2.40635656])].
2019-08-01 12:48:51,529 - INFO - Beginning optimization with guess, [5.90306280e-02 1.06396138e+02].
2019-08-01 12:48:53,388 - INFO - Finished optomization, results are [-23.46356459091043 array([0.97830026, 2.41004143])].
2019-08-01 12:48:53,388 - INFO - Beginning optimization with guess, [5.50801182e-02 1.46958470e+02].
2019-08-01 12:48:55,301 - INFO - Finished optomization, results are [-23.45799732438786 array([0.97092815, 2.48042706])].
2019-08-01 12:48:55,302 - INFO - Beginning optimization with guess, [7.37859514e-02 7.96563043e+01].
2019-08-01 12:48:57,268 - INFO - Finished optomization, results are [-23.46263732737966 array([0.98561529, 2.38064435])].
2019-08-01 12:48:57,269 - INFO - Beginning optimization with guess, [8.97039778e-02 1.60352351e+02].
2019-08-01 12:48:59,269 - INFO - Finished optomization, results are [-23.47776906881242 array([0.96092404, 2.44695532])].
2019-08-01 12:48:59,269 - INFO - Beginning optimization with guess, [5.91965058e-02 1.89284389e+02].
2019-08-01 12:49:02,104 - INFO - Finished optomization, results are [-23.45940524423392 array([0.9974402 , 2.34016461])].
2019-08-01 12:49:02,104 - INFO - Beginning optimization with guess, [5.87517853e-02 7.67959893e+01].
2019-08-01 12:49:04,561 - INFO - Finished optomization, results are [-23.461486503451717 array([0.97362882, 2.4401263 ])].
2019-08-01 12:49:04,561 - INFO - Beginning optimization with guess, [1.16666420e-01 1.55574656e+02].
2019-08-01 12:49:06,857 - INFO - Finished optomization, results are [-23.451052487158705 array([0.99772343, 2.37198187])].
2019-08-01 12:49:06,858 - INFO - Beginning optimization with guess, [ 0.0880214  87.65775016].
2019-08-01 12:49:08,925 - INFO - Finished optomization, results are [-23.45589286958861 array([0.99813985, 2.34832977])].
2019-08-01 12:49:08,926 - INFO - Beginning optimization with guess, [8.14730617e-02 1.35010669e+02].
2019-08-01 12:49:10,784 - INFO - Finished optomization, results are [-23.449918708017762 array([0.99648555, 2.38810341])].
2019-08-01 12:49:10,784 - INFO - Beginning optimization with guess, [  0.14248773 131.22612805].
2019-08-01 12:49:12,915 - INFO - Finished optomization, results are [-23.45075987035495 array([0.99140401, 2.4209424 ])].
2019-08-01 12:49:12,916 - INFO - Beginning optimization with guess, [ 0.1600081 80.9096275].
2019-08-01 12:49:14,838 - INFO - Finished optomization, results are [-23.470322462961906 array([0.97305224, 2.41313225])].
2019-08-01 12:49:14,838 - INFO - Beginning optimization with guess, [7.00574162e-02 1.00530275e+02].
2019-08-01 12:49:16,579 - INFO - Finished optomization, results are [-23.474823011552346 array([0.98891404, 2.52602709])].
2019-08-01 12:49:16,579 - INFO - Beginning optimization with guess, [ 0.0993844  89.58296983].
2019-08-01 12:49:18,694 - INFO - Finished optomization, results are [-23.478235344320968 array([0.96434773, 2.43100524])].
2019-08-01 12:49:18,694 - INFO - Beginning optimization with guess, [1.03143974e-01 2.84218971e+02].
2019-08-01 12:49:20,608 - INFO - Finished optomization, results are [-23.482832691456323 array([0.98699023, 2.33079112])].
2019-08-01 12:49:20,615 - INFO - Beginning optimization with guess, [8.06550787e-02 1.17153298e+02].
2019-08-01 12:49:22,606 - INFO - Finished optomization, results are [-23.459286903967524 array([0.96681427, 2.49724297])].
2019-08-01 12:49:22,607 - INFO - Beginning optimization with guess, [1.15620778e-01 1.47674130e+02].
2019-08-01 12:49:24,707 - INFO - Finished optomization, results are [-23.474161858972014 array([0.99627852, 2.31113618])].
2019-08-01 12:49:24,707 - INFO - Beginning optimization with guess, [ 0.08035151 79.92772363].
2019-08-01 12:49:26,195 - INFO - Finished optomization, results are [-23.458310790656185 array([0.98784091, 2.38540547])].
2019-08-01 12:49:26,196 - INFO - Beginning optimization with guess, [6.54471068e-02 2.46164383e+02].
2019-08-01 12:49:29,086 - INFO - Finished optomization, results are [-23.46088149960113 array([0.96151771, 2.53161916])].
2019-08-01 12:49:29,087 - INFO - Beginning optimization with guess, [5.21525897e-02 8.27361347e+01].
2019-08-01 12:49:31,200 - INFO - Finished optomization, results are [-23.470831204717108 array([0.95953909, 2.47274207])].
2019-08-01 12:49:31,200 - INFO - Beginning optimization with guess, [ 0.15921914 77.02702376].
2019-08-01 12:49:34,102 - INFO - Finished optomization, results are [-23.460593747538216 array([0.99422222, 2.35011439])].
2019-08-01 12:49:34,102 - INFO - Beginning optimization with guess, [1.06790310e-01 2.11766089e+02].
2019-08-01 12:49:36,017 - INFO - Finished optomization, results are [-23.460959443091806 array([0.99022509, 2.48778642])].
2019-08-01 12:49:36,017 - INFO - Beginning optimization with guess, [7.61229756e-02 8.29434280e+01].
2019-08-01 12:49:37,589 - INFO - Finished optomization, results are [-23.472272914674207 array([0.97784457, 2.55190829])].
2019-08-01 12:49:37,589 - INFO - Beginning optimization with guess, [  0.14536342 142.52805162].
2019-08-01 12:49:39,920 - INFO - Finished optomization, results are [-23.454321285579994 array([0.98066072, 2.46268196])].
2019-08-01 12:49:39,920 - INFO - Finished DFE inference.
2019-08-01 12:49:39,920 - INFO - Integrating expected site-frequency spectrum.
2019-08-01 12:49:39,931 - INFO - Outputing results.
2019-08-01 12:49:39,935 - INFO - Pipeline executed succesfully.
