2020-07-28 08:40:33,024 - INFO - Beginning execution of fitdadi_infer_DFE.py in directory /u/home/j/jonmah/lohmueller_lab/Scripts

2020-07-28 08:40:33,024 - INFO - Progress is being logged to ../Data/20190812/seed_2_fitdadi_output/log.log

2020-07-28 08:40:33,024 - INFO - Parsed the following arguments:
	breed = LB
	outprefix = ../Data/20190812/seed_2_fitdadi_output/
	nonsyn_input_sfs = ../Data/20190812/seed_2_easySFS_output_nonsyn/dadi/pop1.sfs
	syn_input_sfs = ../Data/20190812/seed_2_easySFS_output_syn/dadi/pop1.sfs

2020-07-28 08:40:33,031 - INFO - Beginning optimization with guess, [0.68109449 0.07862617].
2020-07-28 08:40:33,641 - INFO - Finished optimization with guess, [0.68109449 0.07862617].
2020-07-28 08:40:33,641 - INFO - Best fit parameters: [0.18330188 0.01345748].
2020-07-28 08:40:33,647 - INFO - Maximum log composite likelihood: -41.7886529166.
2020-07-28 08:40:33,647 - INFO - Optimal value of theta: 11148.6063278.
2020-07-28 08:40:33,647 - INFO - Beginning optimization with guess, [0.73009073 0.18602029].
2020-07-28 08:40:34,733 - INFO - Finished optimization with guess, [0.73009073 0.18602029].
2020-07-28 08:40:34,733 - INFO - Best fit parameters: [0.19075504 0.01428508].
2020-07-28 08:40:34,740 - INFO - Maximum log composite likelihood: -41.7803940165.
2020-07-28 08:40:34,740 - INFO - Optimal value of theta: 11158.6367306.
2020-07-28 08:40:34,740 - INFO - Beginning optimization with guess, [0.65752592 0.08770851].
2020-07-28 08:40:35,485 - INFO - Finished optimization with guess, [0.65752592 0.08770851].
2020-07-28 08:40:35,485 - INFO - Best fit parameters: [0.18960656 0.01420162].
2020-07-28 08:40:35,492 - INFO - Maximum log composite likelihood: -41.7818949068.
2020-07-28 08:40:35,492 - INFO - Optimal value of theta: 11160.9069632.
2020-07-28 08:40:35,492 - INFO - Beginning optimization with guess, [0.34578819 0.19725354].
2020-07-28 08:40:36,412 - INFO - Finished optimization with guess, [0.34578819 0.19725354].
2020-07-28 08:40:36,413 - INFO - Best fit parameters: [0.1870417  0.01382045].
2020-07-28 08:40:36,419 - INFO - Maximum log composite likelihood: -41.7876461924.
2020-07-28 08:40:36,419 - INFO - Optimal value of theta: 11149.5318136.
2020-07-28 08:40:36,420 - INFO - Beginning optimization with guess, [0.88173519 0.07100573].
2020-07-28 08:40:37,112 - INFO - Finished optimization with guess, [0.88173519 0.07100573].
2020-07-28 08:40:37,112 - INFO - Best fit parameters: [0.19260652 0.01443671].
2020-07-28 08:40:37,119 - INFO - Maximum log composite likelihood: -41.7811426365.
2020-07-28 08:40:37,119 - INFO - Optimal value of theta: 11156.3705369.
2020-07-28 08:40:37,119 - INFO - Beginning optimization with guess, [0.99422702 0.19619405].
2020-07-28 08:40:37,967 - INFO - Finished optimization with guess, [0.99422702 0.19619405].
2020-07-28 08:40:37,967 - INFO - Best fit parameters: [0.18253839 0.01344572].
2020-07-28 08:40:37,974 - INFO - Maximum log composite likelihood: -41.7847428537.
2020-07-28 08:40:37,974 - INFO - Optimal value of theta: 11153.8357255.
2020-07-28 08:40:37,974 - INFO - Beginning optimization with guess, [0.5954651  0.15673727].
2020-07-28 08:40:38,628 - INFO - Finished optimization with guess, [0.5954651  0.15673727].
2020-07-28 08:40:38,629 - INFO - Best fit parameters: [0.17945083 0.01311949].
2020-07-28 08:40:38,635 - INFO - Maximum log composite likelihood: -41.7883324907.
2020-07-28 08:40:38,635 - INFO - Optimal value of theta: 11150.4310268.
2020-07-28 08:40:38,636 - INFO - Beginning optimization with guess, [0.81753884 0.0535226 ].
2020-07-28 08:40:39,305 - INFO - Finished optimization with guess, [0.81753884 0.0535226 ].
2020-07-28 08:40:39,306 - INFO - Best fit parameters: [0.18410989 0.01355942].
2020-07-28 08:40:39,312 - INFO - Maximum log composite likelihood: -41.7856417296.
2020-07-28 08:40:39,312 - INFO - Optimal value of theta: 11150.8797902.
2020-07-28 08:40:39,313 - INFO - Beginning optimization with guess, [0.76509043 0.13382764].
2020-07-28 08:40:40,249 - INFO - Finished optimization with guess, [0.76509043 0.13382764].
2020-07-28 08:40:40,249 - INFO - Best fit parameters: [0.18628074 0.01379749].
2020-07-28 08:40:40,255 - INFO - Maximum log composite likelihood: -41.782802686.
2020-07-28 08:40:40,256 - INFO - Optimal value of theta: 11153.7127794.
2020-07-28 08:40:40,256 - INFO - Beginning optimization with guess, [0.5961989  0.06641535].
2020-07-28 08:40:40,945 - INFO - Finished optimization with guess, [0.5961989  0.06641535].
2020-07-28 08:40:40,945 - INFO - Best fit parameters: [0.18699368 0.01392786].
2020-07-28 08:40:40,952 - INFO - Maximum log composite likelihood: -41.7825342885.
2020-07-28 08:40:40,952 - INFO - Optimal value of theta: 11159.0096992.
2020-07-28 08:40:40,952 - INFO - Beginning optimization with guess, [0.47031886 0.16613835].
2020-07-28 08:40:41,542 - INFO - Finished optimization with guess, [0.47031886 0.16613835].
2020-07-28 08:40:41,542 - INFO - Best fit parameters: [0.18329724 0.01353865].
2020-07-28 08:40:41,549 - INFO - Maximum log composite likelihood: -41.7842526039.
2020-07-28 08:40:41,549 - INFO - Optimal value of theta: 11155.7196408.
2020-07-28 08:40:41,549 - INFO - Beginning optimization with guess, [0.27782422 0.10956766].
2020-07-28 08:40:42,385 - INFO - Finished optimization with guess, [0.27782422 0.10956766].
2020-07-28 08:40:42,385 - INFO - Best fit parameters: [0.18910634 0.01407317].
2020-07-28 08:40:42,392 - INFO - Maximum log composite likelihood: -41.7821267548.
2020-07-28 08:40:42,392 - INFO - Optimal value of theta: 11154.2364225.
2020-07-28 08:40:42,392 - INFO - Beginning optimization with guess, [0.43776832 0.10899088].
2020-07-28 08:40:42,979 - INFO - Finished optimization with guess, [0.43776832 0.10899088].
2020-07-28 08:40:42,980 - INFO - Best fit parameters: [0.18500681 0.01368352].
2020-07-28 08:40:42,986 - INFO - Maximum log composite likelihood: -41.783049578.
2020-07-28 08:40:42,986 - INFO - Optimal value of theta: 11154.2906239.
2020-07-28 08:40:42,987 - INFO - Beginning optimization with guess, [0.39297468 0.17463489].
2020-07-28 08:40:43,622 - INFO - Finished optimization with guess, [0.39297468 0.17463489].
2020-07-28 08:40:43,623 - INFO - Best fit parameters: [0.1917992  0.01439471].
2020-07-28 08:40:43,629 - INFO - Maximum log composite likelihood: -41.7802404895.
2020-07-28 08:40:43,629 - INFO - Optimal value of theta: 11159.3266428.
2020-07-28 08:40:43,630 - INFO - Beginning optimization with guess, [0.82457453 0.06060657].
2020-07-28 08:40:44,242 - INFO - Finished optimization with guess, [0.82457453 0.06060657].
2020-07-28 08:40:44,242 - INFO - Best fit parameters: [0.18978215 0.01410795].
2020-07-28 08:40:44,249 - INFO - Maximum log composite likelihood: -41.7851501208.
2020-07-28 08:40:44,249 - INFO - Optimal value of theta: 11151.7445011.
2020-07-28 08:40:44,249 - INFO - Beginning optimization with guess, [0.33229081 0.0653126 ].
2020-07-28 08:40:44,823 - INFO - Finished optimization with guess, [0.33229081 0.0653126 ].
2020-07-28 08:40:44,824 - INFO - Best fit parameters: [0.18929036 0.01409616].
2020-07-28 08:40:44,830 - INFO - Maximum log composite likelihood: -41.7817982819.
2020-07-28 08:40:44,830 - INFO - Optimal value of theta: 11154.6816794.
2020-07-28 08:40:44,831 - INFO - Beginning optimization with guess, [0.35379709 0.15151756].
2020-07-28 08:40:45,545 - INFO - Finished optimization with guess, [0.35379709 0.15151756].
2020-07-28 08:40:45,545 - INFO - Best fit parameters: [0.1889668  0.01404119].
2020-07-28 08:40:45,551 - INFO - Maximum log composite likelihood: -41.7836311823.
2020-07-28 08:40:45,552 - INFO - Optimal value of theta: 11152.6833756.
2020-07-28 08:40:45,552 - INFO - Beginning optimization with guess, [0.43892764 0.17489198].
2020-07-28 08:40:46,201 - INFO - Finished optimization with guess, [0.43892764 0.17489198].
2020-07-28 08:40:46,201 - INFO - Best fit parameters: [0.18698606 0.01384577].
2020-07-28 08:40:46,207 - INFO - Maximum log composite likelihood: -41.7840248444.
2020-07-28 08:40:46,207 - INFO - Optimal value of theta: 11152.1250403.
2020-07-28 08:40:46,208 - INFO - Beginning optimization with guess, [0.37461663 0.19105333].
2020-07-28 08:40:47,094 - INFO - Finished optimization with guess, [0.37461663 0.19105333].
2020-07-28 08:40:47,094 - INFO - Best fit parameters: [0.19061207 0.01421339].
2020-07-28 08:40:47,101 - INFO - Maximum log composite likelihood: -41.782737988.
2020-07-28 08:40:47,101 - INFO - Optimal value of theta: 11153.8739903.
2020-07-28 08:40:47,101 - INFO - Beginning optimization with guess, [0.49944922 0.16890448].
2020-07-28 08:40:47,751 - INFO - Finished optimization with guess, [0.49944922 0.16890448].
2020-07-28 08:40:47,751 - INFO - Best fit parameters: [0.17932814 0.01305621].
2020-07-28 08:40:47,758 - INFO - Maximum log composite likelihood: -41.7939252557.
2020-07-28 08:40:47,758 - INFO - Optimal value of theta: 11145.7555949.
2020-07-28 08:40:47,758 - INFO - Beginning optimization with guess, [0.59095353 0.06810273].
2020-07-28 08:40:48,448 - INFO - Finished optimization with guess, [0.59095353 0.06810273].
2020-07-28 08:40:48,448 - INFO - Best fit parameters: [0.18565764 0.01380452].
2020-07-28 08:40:48,455 - INFO - Maximum log composite likelihood: -41.7840451611.
2020-07-28 08:40:48,455 - INFO - Optimal value of theta: 11159.3627396.
2020-07-28 08:40:48,455 - INFO - Beginning optimization with guess, [0.45411671 0.19848427].
2020-07-28 08:40:49,304 - INFO - Finished optimization with guess, [0.45411671 0.19848427].
2020-07-28 08:40:49,304 - INFO - Best fit parameters: [0.18162275 0.01335975].
2020-07-28 08:40:49,310 - INFO - Maximum log composite likelihood: -41.7855138406.
2020-07-28 08:40:49,311 - INFO - Optimal value of theta: 11153.8195002.
2020-07-28 08:40:49,311 - INFO - Beginning optimization with guess, [0.53669946 0.12140159].
2020-07-28 08:40:49,875 - INFO - Finished optimization with guess, [0.53669946 0.12140159].
2020-07-28 08:40:49,875 - INFO - Best fit parameters: [0.19180622 0.01435196].
2020-07-28 08:40:49,882 - INFO - Maximum log composite likelihood: -41.7813433857.
2020-07-28 08:40:49,882 - INFO - Optimal value of theta: 11155.7860891.
2020-07-28 08:40:49,882 - INFO - Beginning optimization with guess, [0.44788151 0.06011675].
2020-07-28 08:40:50,513 - INFO - Finished optimization with guess, [0.44788151 0.06011675].
2020-07-28 08:40:50,513 - INFO - Best fit parameters: [0.19286006 0.01444707].
2020-07-28 08:40:50,519 - INFO - Maximum log composite likelihood: -41.7822252565.
2020-07-28 08:40:50,520 - INFO - Optimal value of theta: 11155.2157106.
2020-07-28 08:40:50,520 - INFO - Beginning optimization with guess, [0.89088562 0.09901999].
2020-07-28 08:40:51,136 - INFO - Finished optimization with guess, [0.89088562 0.09901999].
2020-07-28 08:40:51,136 - INFO - Best fit parameters: [0.18664055 0.0138355 ].
2020-07-28 08:40:51,143 - INFO - Maximum log composite likelihood: -41.7825202741.
2020-07-28 08:40:51,143 - INFO - Optimal value of theta: 11154.0393215.
2020-07-28 08:40:51,143 - INFO - Beginning optimization with guess, [0.30279213 0.06001242].
2020-07-28 08:40:51,668 - INFO - Finished optimization with guess, [0.30279213 0.06001242].
2020-07-28 08:40:51,668 - INFO - Best fit parameters: [0.17419962 0.01261997].
2020-07-28 08:40:51,675 - INFO - Maximum log composite likelihood: -41.7943119503.
2020-07-28 08:40:51,675 - INFO - Optimal value of theta: 11148.8436566.
2020-07-28 08:40:51,675 - INFO - Beginning optimization with guess, [0.64674584 0.10964153].
2020-07-28 08:40:52,507 - INFO - Finished optimization with guess, [0.64674584 0.10964153].
2020-07-28 08:40:52,508 - INFO - Best fit parameters: [0.19033877 0.01424109].
2020-07-28 08:40:52,514 - INFO - Maximum log composite likelihood: -41.7804800293.
2020-07-28 08:40:52,514 - INFO - Optimal value of theta: 11158.3271965.
2020-07-28 08:40:52,515 - INFO - Beginning optimization with guess, [0.30647479 0.05411275].
2020-07-28 08:40:53,078 - INFO - Finished optimization with guess, [0.30647479 0.05411275].
2020-07-28 08:40:53,078 - INFO - Best fit parameters: [0.1842602  0.01366258].
2020-07-28 08:40:53,085 - INFO - Maximum log composite likelihood: -41.7848811864.
2020-07-28 08:40:53,085 - INFO - Optimal value of theta: 11158.5750186.
2020-07-28 08:40:53,085 - INFO - Beginning optimization with guess, [0.28564952 0.06389102].
2020-07-28 08:40:53,572 - INFO - Finished optimization with guess, [0.28564952 0.06389102].
2020-07-28 08:40:53,572 - INFO - Best fit parameters: [0.17687885 0.01283036].
2020-07-28 08:40:53,578 - INFO - Maximum log composite likelihood: -41.7949824163.
2020-07-28 08:40:53,578 - INFO - Optimal value of theta: 11145.6760163.
2020-07-28 08:40:53,579 - INFO - Beginning optimization with guess, [0.4714006  0.09170438].
2020-07-28 08:40:54,126 - INFO - Finished optimization with guess, [0.4714006  0.09170438].
2020-07-28 08:40:54,126 - INFO - Best fit parameters: [0.18426612 0.01360968].
2020-07-28 08:40:54,133 - INFO - Maximum log composite likelihood: -41.7835479264.
2020-07-28 08:40:54,133 - INFO - Optimal value of theta: 11153.9569335.
2020-07-28 08:40:54,133 - INFO - Beginning optimization with guess, [0.96606234 0.18963505].
2020-07-28 08:40:55,007 - INFO - Finished optimization with guess, [0.96606234 0.18963505].
2020-07-28 08:40:55,008 - INFO - Best fit parameters: [0.19167346 0.01432551].
2020-07-28 08:40:55,014 - INFO - Maximum log composite likelihood: -41.7822690847.
2020-07-28 08:40:55,015 - INFO - Optimal value of theta: 11154.6753663.
2020-07-28 08:40:55,015 - INFO - Beginning optimization with guess, [0.35284333 0.0699679 ].
2020-07-28 08:40:55,687 - INFO - Finished optimization with guess, [0.35284333 0.0699679 ].
2020-07-28 08:40:55,687 - INFO - Best fit parameters: [0.18548396 0.01374746].
2020-07-28 08:40:55,694 - INFO - Maximum log composite likelihood: -41.7825784981.
2020-07-28 08:40:55,694 - INFO - Optimal value of theta: 11155.8972871.
2020-07-28 08:40:55,694 - INFO - Beginning optimization with guess, [0.78634093 0.05205885].
2020-07-28 08:40:56,458 - INFO - Finished optimization with guess, [0.78634093 0.05205885].
2020-07-28 08:40:56,458 - INFO - Best fit parameters: [0.17856585 0.0130482 ].
2020-07-28 08:40:56,465 - INFO - Maximum log composite likelihood: -41.7887060766.
2020-07-28 08:40:56,465 - INFO - Optimal value of theta: 11151.389363.
2020-07-28 08:40:56,465 - INFO - Beginning optimization with guess, [0.75160268 0.15039092].
2020-07-28 08:40:57,129 - INFO - Finished optimization with guess, [0.75160268 0.15039092].
2020-07-28 08:40:57,129 - INFO - Best fit parameters: [0.18800606 0.01399222].
2020-07-28 08:40:57,135 - INFO - Maximum log composite likelihood: -41.7813068645.
2020-07-28 08:40:57,136 - INFO - Optimal value of theta: 11156.2761115.
2020-07-28 08:40:57,136 - INFO - Beginning optimization with guess, [0.75271689 0.16722511].
2020-07-28 08:40:57,879 - INFO - Finished optimization with guess, [0.75271689 0.16722511].
2020-07-28 08:40:57,879 - INFO - Best fit parameters: [0.1890097  0.01410536].
2020-07-28 08:40:57,885 - INFO - Maximum log composite likelihood: -41.7808717585.
2020-07-28 08:40:57,886 - INFO - Optimal value of theta: 11157.688845.
2020-07-28 08:40:57,886 - INFO - Beginning optimization with guess, [0.35134286 0.10291069].
2020-07-28 08:40:58,414 - INFO - Finished optimization with guess, [0.35134286 0.10291069].
2020-07-28 08:40:58,414 - INFO - Best fit parameters: [0.18893541 0.01404283].
2020-07-28 08:40:58,421 - INFO - Maximum log composite likelihood: -41.7831929649.
2020-07-28 08:40:58,421 - INFO - Optimal value of theta: 11153.0710762.
2020-07-28 08:40:58,421 - INFO - Beginning optimization with guess, [0.8390895  0.13067247].
2020-07-28 08:40:59,100 - INFO - Finished optimization with guess, [0.8390895  0.13067247].
2020-07-28 08:40:59,100 - INFO - Best fit parameters: [0.18709501 0.01382281].
2020-07-28 08:40:59,107 - INFO - Maximum log composite likelihood: -41.7880652361.
2020-07-28 08:40:59,107 - INFO - Optimal value of theta: 11149.3030017.
2020-07-28 08:40:59,107 - INFO - Beginning optimization with guess, [0.71245137 0.10528369].
2020-07-28 08:40:59,938 - INFO - Finished optimization with guess, [0.71245137 0.10528369].
2020-07-28 08:40:59,938 - INFO - Best fit parameters: [0.18872726 0.01401065].
2020-07-28 08:40:59,945 - INFO - Maximum log composite likelihood: -41.7843582747.
2020-07-28 08:40:59,945 - INFO - Optimal value of theta: 11152.0447886.
2020-07-28 08:40:59,945 - INFO - Beginning optimization with guess, [0.35080253 0.15459008].
2020-07-28 08:41:00,700 - INFO - Finished optimization with guess, [0.35080253 0.15459008].
2020-07-28 08:41:00,700 - INFO - Best fit parameters: [0.18937402 0.01411042].
2020-07-28 08:41:00,707 - INFO - Maximum log composite likelihood: -41.7814606192.
2020-07-28 08:41:00,707 - INFO - Optimal value of theta: 11155.1998253.
2020-07-28 08:41:00,707 - INFO - Beginning optimization with guess, [0.35734049 0.07750109].
2020-07-28 08:41:01,291 - INFO - Finished optimization with guess, [0.35734049 0.07750109].
2020-07-28 08:41:01,292 - INFO - Best fit parameters: [0.18262567 0.01337525].
2020-07-28 08:41:01,298 - INFO - Maximum log composite likelihood: -41.7914670837.
2020-07-28 08:41:01,298 - INFO - Optimal value of theta: 11146.9379073.
2020-07-28 08:41:01,299 - INFO - Beginning optimization with guess, [0.46607958 0.14169189].
2020-07-28 08:41:01,984 - INFO - Finished optimization with guess, [0.46607958 0.14169189].
2020-07-28 08:41:01,985 - INFO - Best fit parameters: [0.19248386 0.01446674].
2020-07-28 08:41:01,991 - INFO - Maximum log composite likelihood: -41.780191342.
2020-07-28 08:41:01,991 - INFO - Optimal value of theta: 11159.7708374.
2020-07-28 08:41:01,992 - INFO - Beginning optimization with guess, [0.60337724 0.05343627].
2020-07-28 08:41:02,700 - INFO - Finished optimization with guess, [0.60337724 0.05343627].
2020-07-28 08:41:02,700 - INFO - Best fit parameters: [0.17868782 0.01302412].
2020-07-28 08:41:02,707 - INFO - Maximum log composite likelihood: -41.790724236.
2020-07-28 08:41:02,707 - INFO - Optimal value of theta: 11148.1903539.
2020-07-28 08:41:02,707 - INFO - Beginning optimization with guess, [0.52013586 0.16149475].
2020-07-28 08:41:03,399 - INFO - Finished optimization with guess, [0.52013586 0.16149475].
2020-07-28 08:41:03,399 - INFO - Best fit parameters: [0.18346849 0.01352855].
2020-07-28 08:41:03,406 - INFO - Maximum log composite likelihood: -41.784177888.
2020-07-28 08:41:03,406 - INFO - Optimal value of theta: 11153.4381262.
2020-07-28 08:41:03,406 - INFO - Beginning optimization with guess, [0.31174478 0.06809933].
2020-07-28 08:41:04,125 - INFO - Finished optimization with guess, [0.31174478 0.06809933].
2020-07-28 08:41:04,125 - INFO - Best fit parameters: [0.17588564 0.01276698].
2020-07-28 08:41:04,132 - INFO - Maximum log composite likelihood: -41.7928584561.
2020-07-28 08:41:04,132 - INFO - Optimal value of theta: 11148.2088304.
2020-07-28 08:41:04,132 - INFO - Beginning optimization with guess, [0.48944176 0.14650376].
2020-07-28 08:41:04,869 - INFO - Finished optimization with guess, [0.48944176 0.14650376].
2020-07-28 08:41:04,869 - INFO - Best fit parameters: [0.18231348 0.01339159].
2020-07-28 08:41:04,876 - INFO - Maximum log composite likelihood: -41.7862123654.
2020-07-28 08:41:04,876 - INFO - Optimal value of theta: 11150.9338192.
2020-07-28 08:41:04,876 - INFO - Beginning optimization with guess, [0.98529344 0.05155939].
2020-07-28 08:41:05,579 - INFO - Finished optimization with guess, [0.98529344 0.05155939].
2020-07-28 08:41:05,579 - INFO - Best fit parameters: [0.18996553 0.01422604].
2020-07-28 08:41:05,585 - INFO - Maximum log composite likelihood: -41.7811280046.
2020-07-28 08:41:05,586 - INFO - Optimal value of theta: 11160.0591422.
2020-07-28 08:41:05,586 - INFO - Beginning optimization with guess, [0.9396405 0.0683666].
2020-07-28 08:41:06,354 - INFO - Finished optimization with guess, [0.9396405 0.0683666].
2020-07-28 08:41:06,356 - INFO - Best fit parameters: [0.17569551 0.01277375].
2020-07-28 08:41:06,362 - INFO - Maximum log composite likelihood: -41.7920725077.
2020-07-28 08:41:06,362 - INFO - Optimal value of theta: 11150.445679.
2020-07-28 08:41:06,363 - INFO - Beginning optimization with guess, [0.60293119 0.05295362].
2020-07-28 08:41:07,148 - INFO - Finished optimization with guess, [0.60293119 0.05295362].
2020-07-28 08:41:07,148 - INFO - Best fit parameters: [0.19258191 0.01446999].
2020-07-28 08:41:07,154 - INFO - Maximum log composite likelihood: -41.7801438737.
2020-07-28 08:41:07,155 - INFO - Optimal value of theta: 11159.2610332.
2020-07-28 08:41:07,155 - INFO - Beginning optimization with guess, [0.31802255 0.09819124].
2020-07-28 08:41:07,962 - INFO - Finished optimization with guess, [0.31802255 0.09819124].
2020-07-28 08:41:07,962 - INFO - Best fit parameters: [0.18454738 0.01362359].
2020-07-28 08:41:07,969 - INFO - Maximum log composite likelihood: -41.7838885199.
2020-07-28 08:41:07,969 - INFO - Optimal value of theta: 11152.8669252.
2020-07-28 08:41:07,969 - INFO - Beginning optimization with guess, [0.36467613 0.15320103].
2020-07-28 08:41:08,615 - INFO - Finished optimization with guess, [0.36467613 0.15320103].
2020-07-28 08:41:08,615 - INFO - Best fit parameters: [0.19054325 0.01423894].
2020-07-28 08:41:08,621 - INFO - Maximum log composite likelihood: -41.7807708337.
2020-07-28 08:41:08,622 - INFO - Optimal value of theta: 11156.52464.
2020-07-28 08:41:08,622 - INFO - Beginning optimization with guess, [0.5905657  0.16213212].
2020-07-28 08:41:09,254 - INFO - Finished optimization with guess, [0.5905657  0.16213212].
2020-07-28 08:41:09,254 - INFO - Best fit parameters: [0.1886186  0.01402265].
2020-07-28 08:41:09,261 - INFO - Maximum log composite likelihood: -41.7823665488.
2020-07-28 08:41:09,261 - INFO - Optimal value of theta: 11153.9163422.
2020-07-28 08:41:09,261 - INFO - Beginning optimization with guess, [0.89075699 0.16906465].
2020-07-28 08:41:10,076 - INFO - Finished optimization with guess, [0.89075699 0.16906465].
2020-07-28 08:41:10,076 - INFO - Best fit parameters: [0.18936751 0.01406115].
2020-07-28 08:41:10,083 - INFO - Maximum log composite likelihood: -41.785874179.
2020-07-28 08:41:10,083 - INFO - Optimal value of theta: 11151.1534298.
2020-07-28 08:41:10,083 - INFO - Beginning optimization with guess, [0.49866509 0.09686097].
2020-07-28 08:41:10,686 - INFO - Finished optimization with guess, [0.49866509 0.09686097].
2020-07-28 08:41:10,686 - INFO - Best fit parameters: [0.18753729 0.013887  ].
2020-07-28 08:41:10,693 - INFO - Maximum log composite likelihood: -41.7852310988.
2020-07-28 08:41:10,693 - INFO - Optimal value of theta: 11151.181863.
2020-07-28 08:41:10,693 - INFO - Beginning optimization with guess, [0.55657934 0.10808084].
2020-07-28 08:41:11,489 - INFO - Finished optimization with guess, [0.55657934 0.10808084].
2020-07-28 08:41:11,489 - INFO - Best fit parameters: [0.19044065 0.01419651].
2020-07-28 08:41:11,496 - INFO - Maximum log composite likelihood: -41.7827207206.
2020-07-28 08:41:11,496 - INFO - Optimal value of theta: 11153.8418644.
2020-07-28 08:41:11,496 - INFO - Beginning optimization with guess, [0.31466242 0.05558828].
2020-07-28 08:41:12,506 - INFO - Finished optimization with guess, [0.31466242 0.05558828].
2020-07-28 08:41:12,507 - INFO - Best fit parameters: [0.18087044 0.0132804 ].
2020-07-28 08:41:12,514 - INFO - Maximum log composite likelihood: -41.7862357721.
2020-07-28 08:41:12,514 - INFO - Optimal value of theta: 11153.0167639.
2020-07-28 08:41:12,514 - INFO - Beginning optimization with guess, [0.38497138 0.11540378].
2020-07-28 08:41:13,294 - INFO - Finished optimization with guess, [0.38497138 0.11540378].
2020-07-28 08:41:13,294 - INFO - Best fit parameters: [0.18977476 0.01412026].
2020-07-28 08:41:13,301 - INFO - Maximum log composite likelihood: -41.7836786893.
2020-07-28 08:41:13,301 - INFO - Optimal value of theta: 11152.8248.
2020-07-28 08:41:13,301 - INFO - Beginning optimization with guess, [0.77971328 0.07036485].
2020-07-28 08:41:13,931 - INFO - Finished optimization with guess, [0.77971328 0.07036485].
2020-07-28 08:41:13,931 - INFO - Best fit parameters: [0.19002843 0.0141799 ].
2020-07-28 08:41:13,938 - INFO - Maximum log composite likelihood: -41.7811446256.
2020-07-28 08:41:13,938 - INFO - Optimal value of theta: 11155.7452722.
2020-07-28 08:41:13,938 - INFO - Beginning optimization with guess, [0.59426388 0.0811319 ].
2020-07-28 08:41:14,591 - INFO - Finished optimization with guess, [0.59426388 0.0811319 ].
2020-07-28 08:41:14,591 - INFO - Best fit parameters: [0.18252806 0.01336558].
2020-07-28 08:41:14,598 - INFO - Maximum log composite likelihood: -41.7915560216.
2020-07-28 08:41:14,598 - INFO - Optimal value of theta: 11146.8877652.
2020-07-28 08:41:14,598 - INFO - Beginning optimization with guess, [0.38580403 0.1624164 ].
2020-07-28 08:41:15,226 - INFO - Finished optimization with guess, [0.38580403 0.1624164 ].
2020-07-28 08:41:15,226 - INFO - Best fit parameters: [0.19143504 0.01428249].
2020-07-28 08:41:15,232 - INFO - Maximum log composite likelihood: -41.7841005704.
2020-07-28 08:41:15,233 - INFO - Optimal value of theta: 11153.0389455.
2020-07-28 08:41:15,233 - INFO - Beginning optimization with guess, [0.59448263 0.0738763 ].
2020-07-28 08:41:15,904 - INFO - Finished optimization with guess, [0.59448263 0.0738763 ].
2020-07-28 08:41:15,904 - INFO - Best fit parameters: [0.19154593 0.01430965].
2020-07-28 08:41:15,910 - INFO - Maximum log composite likelihood: -41.7825181859.
2020-07-28 08:41:15,911 - INFO - Optimal value of theta: 11154.3860142.
2020-07-28 08:41:15,911 - INFO - Beginning optimization with guess, [0.3052919  0.15588216].
2020-07-28 08:41:17,041 - INFO - Finished optimization with guess, [0.3052919  0.15588216].
2020-07-28 08:41:17,041 - INFO - Best fit parameters: [0.18245061 0.01344226].
2020-07-28 08:41:17,048 - INFO - Maximum log composite likelihood: -41.7847931592.
2020-07-28 08:41:17,048 - INFO - Optimal value of theta: 11154.2537286.
2020-07-28 08:41:17,048 - INFO - Beginning optimization with guess, [0.38960366 0.07701778].
2020-07-28 08:41:17,690 - INFO - Finished optimization with guess, [0.38960366 0.07701778].
2020-07-28 08:41:17,690 - INFO - Best fit parameters: [0.19162213 0.01432352].
2020-07-28 08:41:17,697 - INFO - Maximum log composite likelihood: -41.7820169591.
2020-07-28 08:41:17,697 - INFO - Optimal value of theta: 11154.9180278.
2020-07-28 08:41:17,697 - INFO - Beginning optimization with guess, [0.5984036  0.17778338].
2020-07-28 08:41:18,426 - INFO - Finished optimization with guess, [0.5984036  0.17778338].
2020-07-28 08:41:18,426 - INFO - Best fit parameters: [0.18257019 0.01342178].
2020-07-28 08:41:18,433 - INFO - Maximum log composite likelihood: -41.7856792567.
2020-07-28 08:41:18,433 - INFO - Optimal value of theta: 11151.4757278.
2020-07-28 08:41:18,433 - INFO - Beginning optimization with guess, [0.85499316 0.08621379].
2020-07-28 08:41:19,210 - INFO - Finished optimization with guess, [0.85499316 0.08621379].
2020-07-28 08:41:19,210 - INFO - Best fit parameters: [0.17743359 0.01292868].
2020-07-28 08:41:19,216 - INFO - Maximum log composite likelihood: -41.7902988057.
2020-07-28 08:41:19,217 - INFO - Optimal value of theta: 11150.0191533.
2020-07-28 08:41:19,217 - INFO - Beginning optimization with guess, [0.69531421 0.09952251].
2020-07-28 08:41:19,949 - INFO - Finished optimization with guess, [0.69531421 0.09952251].
2020-07-28 08:41:19,949 - INFO - Best fit parameters: [0.1891877  0.01414515].
2020-07-28 08:41:19,956 - INFO - Maximum log composite likelihood: -41.7813143648.
2020-07-28 08:41:19,956 - INFO - Optimal value of theta: 11159.5741008.
2020-07-28 08:41:19,956 - INFO - Beginning optimization with guess, [0.93276747 0.17860337].
2020-07-28 08:41:20,889 - INFO - Finished optimization with guess, [0.93276747 0.17860337].
2020-07-28 08:41:20,889 - INFO - Best fit parameters: [0.19252269 0.01446597].
2020-07-28 08:41:20,896 - INFO - Maximum log composite likelihood: -41.7801519346.
2020-07-28 08:41:20,896 - INFO - Optimal value of theta: 11159.4019401.
2020-07-28 08:41:20,896 - INFO - Beginning optimization with guess, [0.56097976 0.06673413].
2020-07-28 08:41:21,547 - INFO - Finished optimization with guess, [0.56097976 0.06673413].
2020-07-28 08:41:21,547 - INFO - Best fit parameters: [0.19181937 0.01433325].
2020-07-28 08:41:21,553 - INFO - Maximum log composite likelihood: -41.7828844152.
2020-07-28 08:41:21,554 - INFO - Optimal value of theta: 11154.1561199.
2020-07-28 08:41:21,554 - INFO - Beginning optimization with guess, [0.48265516 0.06318065].
2020-07-28 08:41:22,301 - INFO - Finished optimization with guess, [0.48265516 0.06318065].
2020-07-28 08:41:22,301 - INFO - Best fit parameters: [0.186844   0.01386339].
2020-07-28 08:41:22,307 - INFO - Maximum log composite likelihood: -41.7821181212.
2020-07-28 08:41:22,308 - INFO - Optimal value of theta: 11154.7631807.
2020-07-28 08:41:22,308 - INFO - Beginning optimization with guess, [0.47869395 0.06642658].
2020-07-28 08:41:23,061 - INFO - Finished optimization with guess, [0.47869395 0.06642658].
2020-07-28 08:41:23,062 - INFO - Best fit parameters: [0.17718118 0.01290282].
2020-07-28 08:41:23,068 - INFO - Maximum log composite likelihood: -41.7906578824.
2020-07-28 08:41:23,068 - INFO - Optimal value of theta: 11149.7776458.
2020-07-28 08:41:23,069 - INFO - Beginning optimization with guess, [0.32929722 0.1596018 ].
2020-07-28 08:41:23,810 - INFO - Finished optimization with guess, [0.32929722 0.1596018 ].
2020-07-28 08:41:23,810 - INFO - Best fit parameters: [0.17808839 0.01297587].
2020-07-28 08:41:23,817 - INFO - Maximum log composite likelihood: -41.7905165742.
2020-07-28 08:41:23,817 - INFO - Optimal value of theta: 11148.8261425.
2020-07-28 08:41:23,817 - INFO - Beginning optimization with guess, [0.73902747 0.09384326].
2020-07-28 08:41:24,549 - INFO - Finished optimization with guess, [0.73902747 0.09384326].
2020-07-28 08:41:24,550 - INFO - Best fit parameters: [0.17648392 0.01283688].
2020-07-28 08:41:24,557 - INFO - Maximum log composite likelihood: -41.7914369668.
2020-07-28 08:41:24,557 - INFO - Optimal value of theta: 11149.6030478.
2020-07-28 08:41:24,557 - INFO - Beginning optimization with guess, [0.36223376 0.05498464].
2020-07-28 08:41:25,158 - INFO - Finished optimization with guess, [0.36223376 0.05498464].
2020-07-28 08:41:25,158 - INFO - Best fit parameters: [0.19192102 0.014357  ].
2020-07-28 08:41:25,165 - INFO - Maximum log composite likelihood: -41.7817774988.
2020-07-28 08:41:25,165 - INFO - Optimal value of theta: 11155.2912631.
2020-07-28 08:41:25,165 - INFO - Beginning optimization with guess, [0.59004088 0.14478168].
2020-07-28 08:41:25,970 - INFO - Finished optimization with guess, [0.59004088 0.14478168].
2020-07-28 08:41:25,970 - INFO - Best fit parameters: [0.19164748 0.01434158].
2020-07-28 08:41:25,977 - INFO - Maximum log composite likelihood: -41.7810312466.
2020-07-28 08:41:25,977 - INFO - Optimal value of theta: 11156.192589.
2020-07-28 08:41:25,977 - INFO - Beginning optimization with guess, [0.27434912 0.05274253].
2020-07-28 08:41:26,578 - INFO - Finished optimization with guess, [0.27434912 0.05274253].
2020-07-28 08:41:26,578 - INFO - Best fit parameters: [0.18810462 0.01394421].
2020-07-28 08:41:26,585 - INFO - Maximum log composite likelihood: -41.7849864602.
2020-07-28 08:41:26,585 - INFO - Optimal value of theta: 11151.4535042.
2020-07-28 08:41:26,585 - INFO - Beginning optimization with guess, [0.28674611 0.18793836].
2020-07-28 08:41:27,376 - INFO - Finished optimization with guess, [0.28674611 0.18793836].
2020-07-28 08:41:27,376 - INFO - Best fit parameters: [0.18856861 0.01398586].
2020-07-28 08:41:27,382 - INFO - Maximum log composite likelihood: -41.7854286209.
2020-07-28 08:41:27,382 - INFO - Optimal value of theta: 11151.2373456.
2020-07-28 08:41:27,383 - INFO - Beginning optimization with guess, [0.85973292 0.11593039].
2020-07-28 08:41:28,119 - INFO - Finished optimization with guess, [0.85973292 0.11593039].
2020-07-28 08:41:28,119 - INFO - Best fit parameters: [0.17894231 0.01307078].
2020-07-28 08:41:28,126 - INFO - Maximum log composite likelihood: -41.7888205656.
2020-07-28 08:41:28,126 - INFO - Optimal value of theta: 11150.2832463.
2020-07-28 08:41:28,126 - INFO - Beginning optimization with guess, [0.27502832 0.16617492].
2020-07-28 08:41:28,986 - INFO - Finished optimization with guess, [0.27502832 0.16617492].
2020-07-28 08:41:28,986 - INFO - Best fit parameters: [0.18030588 0.01319589].
2020-07-28 08:41:28,992 - INFO - Maximum log composite likelihood: -41.7879124267.
2020-07-28 08:41:28,993 - INFO - Optimal value of theta: 11150.170298.
2020-07-28 08:41:28,993 - INFO - Beginning optimization with guess, [0.68534043 0.14218344].
2020-07-28 08:41:29,635 - INFO - Finished optimization with guess, [0.68534043 0.14218344].
2020-07-28 08:41:29,635 - INFO - Best fit parameters: [0.1867144  0.01381889].
2020-07-28 08:41:29,641 - INFO - Maximum log composite likelihood: -41.7841229712.
2020-07-28 08:41:29,642 - INFO - Optimal value of theta: 11152.0327284.
2020-07-28 08:41:29,642 - INFO - Beginning optimization with guess, [0.33075301 0.05428216].
2020-07-28 08:41:30,147 - INFO - Finished optimization with guess, [0.33075301 0.05428216].
2020-07-28 08:41:30,147 - INFO - Best fit parameters: [0.17682587 0.01283032].
2020-07-28 08:41:30,153 - INFO - Maximum log composite likelihood: -41.7943719332.
2020-07-28 08:41:30,153 - INFO - Optimal value of theta: 11146.1177169.
2020-07-28 08:41:30,154 - INFO - Beginning optimization with guess, [0.60786574 0.11320039].
2020-07-28 08:41:30,870 - INFO - Finished optimization with guess, [0.60786574 0.11320039].
2020-07-28 08:41:30,870 - INFO - Best fit parameters: [0.19292384 0.01449665].
2020-07-28 08:41:30,876 - INFO - Maximum log composite likelihood: -41.780186384.
2020-07-28 08:41:30,877 - INFO - Optimal value of theta: 11158.7242144.
2020-07-28 08:41:30,877 - INFO - Beginning optimization with guess, [0.6097054  0.11790377].
2020-07-28 08:41:31,707 - INFO - Finished optimization with guess, [0.6097054  0.11790377].
2020-07-28 08:41:31,708 - INFO - Best fit parameters: [0.19154535 0.01430911].
2020-07-28 08:41:31,714 - INFO - Maximum log composite likelihood: -41.7825598914.
2020-07-28 08:41:31,714 - INFO - Optimal value of theta: 11154.3464024.
2020-07-28 08:41:31,715 - INFO - Beginning optimization with guess, [0.49858856 0.11088171].
2020-07-28 08:41:32,282 - INFO - Finished optimization with guess, [0.49858856 0.11088171].
2020-07-28 08:41:32,282 - INFO - Best fit parameters: [0.17808107 0.01295506].
2020-07-28 08:41:32,289 - INFO - Maximum log composite likelihood: -41.7924917064.
2020-07-28 08:41:32,289 - INFO - Optimal value of theta: 11146.9948974.
2020-07-28 08:41:32,289 - INFO - Beginning optimization with guess, [0.64847355 0.10858336].
2020-07-28 08:41:33,062 - INFO - Finished optimization with guess, [0.64847355 0.10858336].
2020-07-28 08:41:33,062 - INFO - Best fit parameters: [0.19084526 0.01423579].
2020-07-28 08:41:33,069 - INFO - Maximum log composite likelihood: -41.782818247.
2020-07-28 08:41:33,069 - INFO - Optimal value of theta: 11153.8702375.
2020-07-28 08:41:33,069 - INFO - Beginning optimization with guess, [0.32691823 0.06669713].
2020-07-28 08:41:33,744 - INFO - Finished optimization with guess, [0.32691823 0.06669713].
2020-07-28 08:41:33,744 - INFO - Best fit parameters: [0.18168739 0.01336728].
2020-07-28 08:41:33,750 - INFO - Maximum log composite likelihood: -41.7854568833.
2020-07-28 08:41:33,750 - INFO - Optimal value of theta: 11153.9508269.
2020-07-28 08:41:33,751 - INFO - Beginning optimization with guess, [0.89836144 0.16823043].
2020-07-28 08:41:34,715 - INFO - Finished optimization with guess, [0.89836144 0.16823043].
2020-07-28 08:41:34,715 - INFO - Best fit parameters: [0.189326  0.0140651].
2020-07-28 08:41:34,722 - INFO - Maximum log composite likelihood: -41.7848634378.
2020-07-28 08:41:34,722 - INFO - Optimal value of theta: 11151.8129668.
2020-07-28 08:41:34,722 - INFO - Beginning optimization with guess, [0.90502169 0.1768704 ].
2020-07-28 08:41:35,483 - INFO - Finished optimization with guess, [0.90502169 0.1768704 ].
2020-07-28 08:41:35,483 - INFO - Best fit parameters: [0.19261144 0.01443185].
2020-07-28 08:41:35,489 - INFO - Maximum log composite likelihood: -41.7814688773.
2020-07-28 08:41:35,490 - INFO - Optimal value of theta: 11155.9375969.
2020-07-28 08:41:35,490 - INFO - Beginning optimization with guess, [0.49630758 0.17088698].
2020-07-28 08:41:36,445 - INFO - Finished optimization with guess, [0.49630758 0.17088698].
2020-07-28 08:41:36,445 - INFO - Best fit parameters: [0.18904912 0.01410459].
2020-07-28 08:41:36,452 - INFO - Maximum log composite likelihood: -41.7808533265.
2020-07-28 08:41:36,452 - INFO - Optimal value of theta: 11157.309468.
2020-07-28 08:41:36,452 - INFO - Beginning optimization with guess, [0.3966781 0.110356 ].
2020-07-28 08:41:37,038 - INFO - Finished optimization with guess, [0.3966781 0.110356 ].
2020-07-28 08:41:37,038 - INFO - Best fit parameters: [0.19017804 0.01422737].
2020-07-28 08:41:37,044 - INFO - Maximum log composite likelihood: -41.7805384892.
2020-07-28 08:41:37,045 - INFO - Optimal value of theta: 11158.4754881.
2020-07-28 08:41:37,045 - INFO - Beginning optimization with guess, [0.43691679 0.1376766 ].
2020-07-28 08:41:37,979 - INFO - Finished optimization with guess, [0.43691679 0.1376766 ].
2020-07-28 08:41:37,979 - INFO - Best fit parameters: [0.19157892 0.01431859].
2020-07-28 08:41:37,986 - INFO - Maximum log composite likelihood: -41.7820604719.
2020-07-28 08:41:37,986 - INFO - Optimal value of theta: 11154.8563971.
2020-07-28 08:41:37,986 - INFO - Beginning optimization with guess, [0.86764961 0.10297248].
2020-07-28 08:41:39,006 - INFO - Finished optimization with guess, [0.86764961 0.10297248].
2020-07-28 08:41:39,007 - INFO - Best fit parameters: [0.1863427  0.01374525].
2020-07-28 08:41:39,013 - INFO - Maximum log composite likelihood: -41.7887856088.
2020-07-28 08:41:39,013 - INFO - Optimal value of theta: 11148.7617638.
2020-07-28 08:41:39,014 - INFO - Beginning optimization with guess, [0.83003455 0.10038851].
2020-07-28 08:41:39,685 - INFO - Finished optimization with guess, [0.83003455 0.10038851].
2020-07-28 08:41:39,685 - INFO - Best fit parameters: [0.19131316 0.01429233].
2020-07-28 08:41:39,691 - INFO - Maximum log composite likelihood: -41.7820222551.
2020-07-28 08:41:39,691 - INFO - Optimal value of theta: 11154.8077111.
2020-07-28 08:41:39,692 - INFO - Beginning optimization with guess, [0.49483994 0.11596901].
2020-07-28 08:41:40,471 - INFO - Finished optimization with guess, [0.49483994 0.11596901].
2020-07-28 08:41:40,471 - INFO - Best fit parameters: [0.19020602 0.01416544].
2020-07-28 08:41:40,478 - INFO - Maximum log composite likelihood: -41.783439385.
2020-07-28 08:41:40,478 - INFO - Optimal value of theta: 11153.138828.
2020-07-28 08:41:40,478 - INFO - Beginning optimization with guess, [0.34317655 0.07418047].
2020-07-28 08:41:41,234 - INFO - Finished optimization with guess, [0.34317655 0.07418047].
2020-07-28 08:41:41,236 - INFO - Best fit parameters: [0.18844454 0.01402764].
2020-07-28 08:41:41,242 - INFO - Maximum log composite likelihood: -41.7813244911.
2020-07-28 08:41:41,242 - INFO - Optimal value of theta: 11155.727354.
2020-07-28 08:41:41,243 - INFO - Beginning optimization with guess, [0.43546639 0.14582197].
2020-07-28 08:41:41,985 - INFO - Finished optimization with guess, [0.43546639 0.14582197].
2020-07-28 08:41:41,985 - INFO - Best fit parameters: [0.18701802 0.01389188].
2020-07-28 08:41:41,992 - INFO - Maximum log composite likelihood: -41.7817691543.
2020-07-28 08:41:41,992 - INFO - Optimal value of theta: 11155.7714869.
2020-07-28 08:41:41,992 - INFO - Beginning optimization with guess, [0.25164864 0.11184491].
2020-07-28 08:41:42,802 - INFO - Finished optimization with guess, [0.25164864 0.11184491].
2020-07-28 08:41:42,802 - INFO - Best fit parameters: [0.13912355 0.00945855].
2020-07-28 08:41:42,808 - INFO - Maximum log composite likelihood: -41.8827613535.
2020-07-28 08:41:42,809 - INFO - Optimal value of theta: 11133.7439736.
2020-07-28 08:41:42,809 - INFO - Beginning optimization with guess, [0.5246998  0.16808647].
2020-07-28 08:41:43,475 - INFO - Finished optimization with guess, [0.5246998  0.16808647].
2020-07-28 08:41:43,475 - INFO - Best fit parameters: [0.18299601 0.01340879].
2020-07-28 08:41:43,482 - INFO - Maximum log composite likelihood: -41.7916633773.
2020-07-28 08:41:43,482 - INFO - Optimal value of theta: 11146.8485702.
2020-07-28 08:41:43,482 - INFO - Beginning optimization with guess, [0.37864155 0.18005132].
2020-07-28 08:41:44,136 - INFO - Finished optimization with guess, [0.37864155 0.18005132].
2020-07-28 08:41:44,136 - INFO - Best fit parameters: [0.17749641 0.01289426].
2020-07-28 08:41:44,143 - INFO - Maximum log composite likelihood: -41.7936805929.
2020-07-28 08:41:44,143 - INFO - Optimal value of theta: 11146.3471193.
2020-07-28 08:41:44,143 - INFO - Beginning optimization with guess, [0.57663589 0.15713421].
2020-07-28 08:41:44,870 - INFO - Finished optimization with guess, [0.57663589 0.15713421].
2020-07-28 08:41:44,870 - INFO - Best fit parameters: [0.19178076 0.01439602].
2020-07-28 08:41:44,877 - INFO - Maximum log composite likelihood: -41.7802821193.
2020-07-28 08:41:44,877 - INFO - Optimal value of theta: 11159.5792704.
2020-07-28 08:41:44,877 - INFO - Beginning optimization with guess, [0.3256088  0.12107564].
2020-07-28 08:41:45,425 - INFO - Finished optimization with guess, [0.3256088  0.12107564].
2020-07-28 08:41:45,425 - INFO - Best fit parameters: [0.1855097  0.01370528].
2020-07-28 08:41:45,431 - INFO - Maximum log composite likelihood: -41.7841982239.
2020-07-28 08:41:45,431 - INFO - Optimal value of theta: 11152.0756504.
2020-07-28 08:41:45,432 - INFO - Beginning optimization with guess, [0.32415559 0.13845493].
2020-07-28 08:41:46,040 - INFO - Finished optimization with guess, [0.32415559 0.13845493].
2020-07-28 08:41:46,040 - INFO - Best fit parameters: [0.1815    0.0132598].
2020-07-28 08:41:46,047 - INFO - Maximum log composite likelihood: -41.7932405794.
2020-07-28 08:41:46,047 - INFO - Optimal value of theta: 11145.9924526.
2020-07-28 08:41:46,049 - INFO - Finished demographic inference.
2020-07-28 08:41:46,049 - INFO - Beginning DFE inference.
2020-07-28 08:42:13,998 - INFO - Beginning optimization with guess, [1.77084828e-01 1.76605165e+04].
2020-07-28 08:42:16,280 - INFO - Finished optomization, results are [-41.02451382288018 array([9.97556265e-02, 7.97403732e+05])].
2020-07-28 08:42:16,280 - INFO - Beginning optimization with guess, [1.01537711e-01 1.57331747e+04].
2020-07-28 08:42:18,147 - INFO - Finished optomization, results are [-41.2262441685225 array([9.95160870e-02, 8.04571311e+05])].
2020-07-28 08:42:18,147 - INFO - Beginning optimization with guess, [8.10480225e-02 3.49915945e+04].
2020-07-28 08:42:20,826 - INFO - Finished optomization, results are [-41.055695818348795 array([9.95589935e-02, 8.12653299e+05])].
2020-07-28 08:42:20,827 - INFO - Beginning optimization with guess, [6.57299882e-02 4.10487230e+04].
2020-07-28 08:42:22,606 - INFO - Finished optomization, results are [-41.166221686148674 array([9.99127921e-02, 7.72560925e+05])].
2020-07-28 08:42:22,606 - INFO - Beginning optimization with guess, [7.78912913e-02 4.50813573e+04].
2020-07-28 08:42:26,771 - INFO - Finished optomization, results are [-41.042293570252696 array([9.95178223e-02, 8.17601285e+05])].
2020-07-28 08:42:26,771 - INFO - Beginning optimization with guess, [7.59554599e-02 2.48620128e+04].
2020-07-28 08:42:28,971 - INFO - Finished optomization, results are [-41.168098495831146 array([9.94482477e-02, 8.14665968e+05])].
2020-07-28 08:42:28,972 - INFO - Beginning optimization with guess, [7.01343621e-02 1.96925877e+04].
2020-07-28 08:42:32,903 - INFO - Finished optomization, results are [-41.08515535679999 array([9.95939811e-02, 8.07064971e+05])].
2020-07-28 08:42:32,904 - INFO - Beginning optimization with guess, [9.82124876e-02 2.05082969e+04].
2020-07-28 08:42:34,896 - INFO - Finished optomization, results are [-41.152819563039884 array([1.00107112e-01, 7.56648321e+05])].
2020-07-28 08:42:34,896 - INFO - Beginning optimization with guess, [1.09148073e-01 5.02334684e+04].
2020-07-28 08:42:36,848 - INFO - Finished optomization, results are [-41.09962564269608 array([9.95177272e-02, 8.13026498e+05])].
2020-07-28 08:42:36,848 - INFO - Beginning optimization with guess, [5.73659677e-02 2.13389598e+04].
2020-07-28 08:42:39,145 - INFO - Finished optomization, results are [-40.962655393235764 array([9.97523392e-02, 8.03832092e+05])].
2020-07-28 08:42:39,145 - INFO - Beginning optimization with guess, [6.14263340e-02 2.93723741e+04].
2020-07-28 08:42:43,142 - INFO - Finished optomization, results are [-65.78384383978846 array([1.03949664e-01, 8.18715781e+05])].
2020-07-28 08:42:43,142 - INFO - Beginning optimization with guess, [9.06616081e-02 2.52531757e+04].
2020-07-28 08:42:45,987 - INFO - Finished optomization, results are [-41.73972117330504 array([9.91946952e-02, 8.09617780e+05])].
2020-07-28 08:42:45,987 - INFO - Beginning optimization with guess, [1.72073062e-01 1.64514153e+04].
2020-07-28 08:42:47,666 - INFO - Finished optomization, results are [-41.02934030986398 array([9.98935718e-02, 7.84724248e+05])].
2020-07-28 08:42:47,666 - INFO - Beginning optimization with guess, [1.55298642e-01 3.56746491e+04].
2020-07-28 08:42:49,561 - INFO - Finished optomization, results are [-41.32586801027628 array([9.95267478e-02, 7.97782312e+05])].
2020-07-28 08:42:49,561 - INFO - Beginning optimization with guess, [1.32753917e-01 4.08638505e+04].
2020-07-28 08:42:53,952 - INFO - Finished optomization, results are [-41.011171372277204 array([9.95663809e-02, 8.15850345e+05])].
2020-07-28 08:42:53,963 - INFO - Beginning optimization with guess, [6.37278448e-02 4.39137347e+04].
2020-07-28 08:42:56,866 - INFO - Finished optomization, results are [-41.35963091008398 array([9.94841631e-02, 7.99906715e+05])].
2020-07-28 08:42:56,866 - INFO - Beginning optimization with guess, [7.17578461e-02 3.60658987e+04].
2020-07-28 08:42:59,569 - INFO - Finished optomization, results are [-41.058814152163905 array([1.00132753e-01, 7.61537842e+05])].
2020-07-28 08:42:59,569 - INFO - Beginning optimization with guess, [6.88324388e-02 2.39104254e+04].
2020-07-28 08:43:04,670 - INFO - Finished optomization, results are [-40.88124217240693 array([9.97746623e-02, 8.13280483e+05])].
2020-07-28 08:43:04,671 - INFO - Beginning optimization with guess, [6.51241223e-02 1.85906186e+04].
2020-07-28 08:43:06,996 - INFO - Finished optomization, results are [-50.96944954556511 array([1.02466452e-01, 8.18095569e+05])].
2020-07-28 08:43:06,996 - INFO - Beginning optimization with guess, [8.50227857e-02 2.42040619e+04].
2020-07-28 08:43:09,672 - INFO - Finished optomization, results are [-41.30808012887974 array([9.93141275e-02, 8.18767462e+05])].
2020-07-28 08:43:09,672 - INFO - Beginning optimization with guess, [7.79656831e-02 1.90416133e+04].
2020-07-28 08:43:11,964 - INFO - Finished optomization, results are [-41.08498056955614 array([1.00013256e-01, 7.69651433e+05])].
2020-07-28 08:43:11,964 - INFO - Beginning optimization with guess, [4.72649166e-02 2.71647209e+04].
2020-07-28 08:43:13,647 - INFO - Finished optomization, results are [-41.17878233476131 array([1.00002816e-01, 7.63881296e+05])].
2020-07-28 08:43:13,647 - INFO - Beginning optimization with guess, [6.94779180e-02 3.92379225e+04].
2020-07-28 08:43:16,085 - INFO - Finished optomization, results are [-40.87799031893792 array([9.99923709e-02, 7.96171991e+05])].
2020-07-28 08:43:16,085 - INFO - Beginning optimization with guess, [5.58682238e-02 3.70132353e+04].
2020-07-28 08:43:18,587 - INFO - Finished optomization, results are [-43.22718122949209 array([1.01243892e-01, 8.06581437e+05])].
2020-07-28 08:43:18,588 - INFO - Beginning optimization with guess, [1.05168905e-01 1.58408548e+04].
2020-07-28 08:43:21,805 - INFO - Finished optomization, results are [-41.117562366153834 array([9.94676967e-02, 8.16377075e+05])].
2020-07-28 08:43:21,805 - INFO - Beginning optimization with guess, [5.70722572e-01 1.56427175e-01 5.10566970e+04].
2020-07-28 08:43:30,580 - INFO - Finished optimization, results are [-41.57434450533856 array([2.45716977e-01, 4.45481444e-01, 3.09586301e+03])].
2020-07-28 08:43:30,581 - INFO - Beginning optimization with guess, [5.22016174e-01 1.29672968e-01 3.96534766e+04].
2020-07-28 08:43:48,762 - INFO - Finished optimization, results are [-41.09901321884172 array([2.29252023e-01, 3.65913394e-01, 5.14353691e+03])].
2020-07-28 08:43:48,763 - INFO - Beginning optimization with guess, [9.90000000e-01 7.29149961e-02 1.82943203e+04].
2020-07-28 08:43:55,166 - INFO - Finished optimization, results are [-6852.076502520655 array([1.11384165e-01, 7.03235307e-01, 2.40448581e+04])].
2020-07-28 08:43:55,166 - INFO - Beginning optimization with guess, [5.12243087e-01 6.25159989e-02 4.31411573e+04].
2020-07-28 08:44:05,590 - INFO - Finished optimization, results are [-41.11377077108591 array([2.32483564e-01, 3.79520820e-01, 4.79991564e+03])].
2020-07-28 08:44:05,590 - INFO - Beginning optimization with guess, [9.90000000e-01 1.28127869e-01 5.23215590e+04].
2020-07-28 08:44:10,645 - INFO - Finished optimization, results are [-1129.243024397707 array([2.08365465e-01, 9.39603958e-01, 6.48835571e+04])].
2020-07-28 08:44:10,646 - INFO - Beginning optimization with guess, [9.90000000e-01 1.32861152e-01 4.25802231e+04].
2020-07-28 08:44:28,059 - INFO - Finished optimization, results are [-41.432492153614476 array([2.41142147e-01, 4.45719587e-01, 2.52749741e+03])].
2020-07-28 08:44:28,060 - INFO - Beginning optimization with guess, [9.90000000e-01 1.21662810e-01 2.12290321e+04].
2020-07-28 08:44:36,233 - INFO - Finished optimization, results are [-41.43942363091901 array([2.40718779e-01, 4.09657588e-01, 4.06943264e+03])].
2020-07-28 08:44:36,233 - INFO - Beginning optimization with guess, [5.96959085e-01 6.23435373e-02 1.74623729e+04].
2020-07-28 08:44:50,684 - INFO - Finished optimization, results are [-40.759464865087466 array([1.53823872e-01, 1.81370732e-01, 9.35571464e+04])].
2020-07-28 08:44:50,686 - INFO - Beginning optimization with guess, [9.90000000e-01 5.95620432e-02 1.60647865e+04].
2020-07-28 08:45:06,938 - INFO - Finished optimization, results are [-40.68016759019065 array([1.47846034e-01, 1.81672394e-01, 7.72080555e+04])].
2020-07-28 08:45:06,940 - INFO - Beginning optimization with guess, [7.38336777e-01 8.09729438e-02 1.57798019e+04].
2020-07-28 08:45:24,276 - INFO - Finished optimization, results are [-40.790640512262144 array([1.86451468e-01, 2.29257690e-01, 3.45349768e+04])].
2020-07-28 08:45:24,276 - INFO - Beginning optimization with guess, [9.89224037e-01 8.66880894e-02 2.01095782e+04].
2020-07-28 08:45:37,613 - INFO - Finished optimization, results are [-40.9153239737625 array([2.15796576e-01, 3.05910875e-01, 1.04905571e+04])].
2020-07-28 08:45:37,615 - INFO - Beginning optimization with guess, [8.62447537e-01 8.93949022e-02 3.14973781e+04].
2020-07-28 08:46:01,092 - INFO - Finished optimization, results are [-40.90979071914444 array([2.16817140e-01, 3.14221319e-01, 9.05087121e+03])].
2020-07-28 08:46:01,094 - INFO - Beginning optimization with guess, [9.90000000e-01 1.74669025e-01 4.52325589e+04].
2020-07-28 08:46:08,318 - INFO - Finished optimization, results are [-83.33107557604308 array([2.83585980e-01, 9.79067167e-01, 6.99267457e+03])].
2020-07-28 08:46:08,319 - INFO - Beginning optimization with guess, [7.79485880e-01 1.28757318e-01 2.94919844e+04].
2020-07-28 08:46:16,593 - INFO - Finished optimization, results are [-41.54558701203041 array([2.44551989e-01, 4.76366364e-01, 2.03663496e+03])].
2020-07-28 08:46:16,593 - INFO - Beginning optimization with guess, [5.11191154e-01 7.13387943e-02 1.78542838e+04].
2020-07-28 08:46:34,542 - INFO - Finished optimization, results are [-41.12393178975435 array([2.29920978e-01, 3.70656803e-01, 4.85167209e+03])].
2020-07-28 08:46:34,543 - INFO - Beginning optimization with guess, [9.80639968e-01 1.60013941e-01 1.38711067e+04].
2020-07-28 08:46:45,320 - INFO - Finished optimization, results are [-41.44963807145723 array([2.44348373e-01, 4.46203523e-01, 2.88997682e+03])].
2020-07-28 08:46:45,321 - INFO - Beginning optimization with guess, [9.90000000e-01 4.59115978e-02 1.49659089e+04].
2020-07-28 08:47:01,813 - INFO - Finished optimization, results are [-40.69159148989456 array([1.35274278e-01, 1.64853497e-01, 1.32258208e+05])].
2020-07-28 08:47:01,814 - INFO - Beginning optimization with guess, [9.90000000e-01 5.78492001e-02 1.73877159e+04].
2020-07-28 08:47:14,330 - INFO - Finished optimization, results are [-61.7085377132471 array([1.60082409e-01, 1.60627274e-01, 7.83016889e+05])].
2020-07-28 08:47:14,331 - INFO - Beginning optimization with guess, [9.90000000e-01 1.49496093e-01 2.08416783e+04].
2020-07-28 08:47:21,677 - INFO - Finished optimization, results are [-41.38800689564232 array([2.39058507e-01, 4.34396167e-01, 2.69828944e+03])].
2020-07-28 08:47:21,678 - INFO - Beginning optimization with guess, [9.71076484e-01 1.76849595e-01 2.18703810e+04].
2020-07-28 08:47:28,332 - INFO - Finished optimization, results are [-103.64116841594932 array([2.73923428e-01, 6.90266506e-01, 2.57624650e+04])].
2020-07-28 08:47:28,332 - INFO - Beginning optimization with guess, [8.06482947e-01 1.45427592e-01 5.22598614e+04].
2020-07-28 08:47:35,943 - INFO - Finished optimization, results are [-41.2389317366451 array([2.34655252e-01, 3.79368257e-01, 5.08872831e+03])].
2020-07-28 08:47:35,944 - INFO - Beginning optimization with guess, [9.90000000e-01 1.13088574e-01 4.57213697e+04].
2020-07-28 08:47:44,602 - INFO - Finished optimization, results are [-41.24506416217628 array([2.36696054e-01, 4.03054003e-01, 3.78780541e+03])].
2020-07-28 08:47:44,602 - INFO - Beginning optimization with guess, [7.64072433e-01 1.77875961e-01 1.66322268e+04].
2020-07-28 08:47:51,816 - INFO - Finished optimization, results are [-202.61603291717165 array([2.60065160e-01, 9.05630612e-01, 2.03789724e+04])].
2020-07-28 08:47:51,817 - INFO - Beginning optimization with guess, [9.45032001e-01 1.00027541e-01 4.88393309e+04].
2020-07-28 08:47:58,652 - INFO - Finished optimization, results are [-2507.4108375243395 array([1.71200000e-01, 7.40651100e-01, 6.06702867e+04])].
2020-07-28 08:47:58,653 - INFO - Beginning optimization with guess, [8.09718933e-01 1.22134574e-01 1.88929010e+04].
2020-07-28 08:48:06,440 - INFO - Finished optimization, results are [-1227.9938344056172 array([2.01675180e-01, 7.07139153e-01, 2.33785073e+04])].
2020-07-28 08:48:06,441 - INFO - Beginning optimization with guess, [9.90000000e-01 8.13773948e-02 1.64912652e+04].
2020-07-28 08:48:06,441 - INFO - Finished optimization, results are [-100000000.0 array([9.90000000e-01, 8.13773948e-02, 1.64912652e+04])].
2020-07-28 08:48:06,441 - INFO - Beginning optimization with guess, [9.90000000e-01 1.21546682e-01 4.10410048e+04].
2020-07-28 08:48:06,441 - INFO - Finished optimization, results are [-100000000.0 array([9.90000000e-01, 1.21546682e-01, 4.10410048e+04])].
2020-07-28 08:48:06,441 - INFO - Beginning optimization with guess, [9.90000000e-01 5.57061975e-02 4.13306495e+04].
2020-07-28 08:48:06,442 - INFO - Finished optimization, results are [-100000000.0 array([9.90000000e-01, 5.57061975e-02, 4.13306495e+04])].
2020-07-28 08:48:06,442 - INFO - Beginning optimization with guess, [9.90000000e-01 6.47771066e-02 4.81322170e+04].
2020-07-28 08:48:06,442 - INFO - Finished optimization, results are [-100000000.0 array([9.90000000e-01, 6.47771066e-02, 4.81322170e+04])].
2020-07-28 08:48:06,442 - INFO - Beginning optimization with guess, [9.90000000e-01 9.61805082e-02 1.50068643e+04].
2020-07-28 08:48:06,443 - INFO - Finished optimization, results are [-100000000.0 array([9.90000000e-01, 9.61805082e-02, 1.50068643e+04])].
2020-07-28 08:48:06,443 - INFO - Beginning optimization with guess, [9.90000000e-01 1.70980873e-01 2.81658021e+04].
2020-07-28 08:48:06,443 - INFO - Finished optimization, results are [-100000000.0 array([9.90000000e-01, 1.70980873e-01, 2.81658021e+04])].
2020-07-28 08:48:06,443 - INFO - Beginning optimization with guess, [9.90000000e-01 5.53752698e-02 2.01566701e+04].
2020-07-28 08:48:06,443 - INFO - Finished optimization, results are [-100000000.0 array([9.90000000e-01, 5.53752698e-02, 2.01566701e+04])].
2020-07-28 08:48:06,444 - INFO - Beginning optimization with guess, [9.90000000e-01 7.27825449e-02 3.83545436e+04].
2020-07-28 08:48:06,444 - INFO - Finished optimization, results are [-100000000.0 array([9.90000000e-01, 7.27825449e-02, 3.83545436e+04])].
2020-07-28 08:48:06,444 - INFO - Beginning optimization with guess, [9.90000000e-01 6.10339028e-02 5.28973712e+04].
2020-07-28 08:48:06,444 - INFO - Finished optimization, results are [-100000000.0 array([9.90000000e-01, 6.10339028e-02, 5.28973712e+04])].
2020-07-28 08:48:06,444 - INFO - Beginning optimization with guess, [9.90000000e-01 8.11330579e-02 4.11313224e+04].
2020-07-28 08:48:06,445 - INFO - Finished optimization, results are [-100000000.0 array([9.90000000e-01, 8.11330579e-02, 4.11313224e+04])].
2020-07-28 08:48:06,445 - INFO - Beginning optimization with guess, [9.90000000e-01 1.24868588e-01 2.01975571e+04].
2020-07-28 08:48:06,445 - INFO - Finished optimization, results are [-100000000.0 array([9.90000000e-01, 1.24868588e-01, 2.01975571e+04])].
2020-07-28 08:48:06,445 - INFO - Beginning optimization with guess, [9.90000000e-01 9.62381728e-02 1.91695627e+04].
2020-07-28 08:48:06,445 - INFO - Finished optimization, results are [-100000000.0 array([9.90000000e-01, 9.62381728e-02, 1.91695627e+04])].
2020-07-28 08:48:06,446 - INFO - Beginning optimization with guess, [9.90000000e-01 8.14093697e-02 2.57739733e+04].
2020-07-28 08:48:06,446 - INFO - Finished optimization, results are [-100000000.0 array([9.90000000e-01, 8.14093697e-02, 2.57739733e+04])].
2020-07-28 08:48:06,446 - INFO - Beginning optimization with guess, [9.90000000e-01 1.03114901e-01 2.40127310e+04].
2020-07-28 08:48:06,446 - INFO - Finished optimization, results are [-100000000.0 array([9.90000000e-01, 1.03114901e-01, 2.40127310e+04])].
2020-07-28 08:48:06,446 - INFO - Beginning optimization with guess, [9.90000000e-01 6.91252391e-02 2.48982336e+04].
2020-07-28 08:48:06,447 - INFO - Finished optimization, results are [-100000000.0 array([9.90000000e-01, 6.91252391e-02, 2.48982336e+04])].
2020-07-28 08:48:06,447 - INFO - Beginning optimization with guess, [9.90000000e-01 6.08902960e-02 2.14936893e+04].
2020-07-28 08:48:06,447 - INFO - Finished optimization, results are [-100000000.0 array([9.90000000e-01, 6.08902960e-02, 2.14936893e+04])].
2020-07-28 08:48:06,447 - INFO - Beginning optimization with guess, [9.90000000e-01 1.35798570e-01 2.24387509e+04].
2020-07-28 08:48:06,448 - INFO - Finished optimization, results are [-100000000.0 array([9.90000000e-01, 1.35798570e-01, 2.24387509e+04])].
2020-07-28 08:48:06,448 - INFO - Beginning optimization with guess, [9.90000000e-01 5.94202136e-02 3.53672938e+04].
2020-07-28 08:48:06,448 - INFO - Finished optimization, results are [-100000000.0 array([9.90000000e-01, 5.94202136e-02, 3.53672938e+04])].
2020-07-28 08:48:06,448 - INFO - Beginning optimization with guess, [9.90000000e-01 1.70218803e-01 1.68462984e+04].
2020-07-28 08:48:06,448 - INFO - Finished optimization, results are [-100000000.0 array([9.90000000e-01, 1.70218803e-01, 1.68462984e+04])].
2020-07-28 08:48:06,449 - INFO - Beginning optimization with guess, [9.90000000e-01 9.29127735e-02 1.62827642e+04].
2020-07-28 08:48:06,449 - INFO - Finished optimization, results are [-100000000.0 array([9.90000000e-01, 9.29127735e-02, 1.62827642e+04])].
2020-07-28 08:48:06,449 - INFO - Beginning optimization with guess, [9.90000000e-01 1.46986733e-01 2.79257951e+04].
2020-07-28 08:48:06,449 - INFO - Finished optimization, results are [-100000000.0 array([9.90000000e-01, 1.46986733e-01, 2.79257951e+04])].
2020-07-28 08:48:06,449 - INFO - Beginning optimization with guess, [9.90000000e-01 1.19206436e-01 4.95835326e+04].
2020-07-28 08:48:06,450 - INFO - Finished optimization, results are [-100000000.0 array([9.90000000e-01, 1.19206436e-01, 4.95835326e+04])].
2020-07-28 08:48:06,450 - INFO - Beginning optimization with guess, [9.90000000e-01 1.09716072e-01 2.28561861e+04].
2020-07-28 08:48:06,450 - INFO - Finished optimization, results are [-100000000.0 array([9.90000000e-01, 1.09716072e-01, 2.28561861e+04])].
2020-07-28 08:48:06,450 - INFO - Beginning optimization with guess, [9.90000000e-01 8.05193616e-02 4.27214004e+04].
2020-07-28 08:48:06,450 - INFO - Finished optimization, results are [-100000000.0 array([9.90000000e-01, 8.05193616e-02, 4.27214004e+04])].
2020-07-28 08:48:06,451 - INFO - Beginning optimization with guess, [9.90000000e-01 5.46559094e-02 4.06063583e+04].
2020-07-28 08:48:06,451 - INFO - Finished optimization, results are [-100000000.0 array([9.90000000e-01, 5.46559094e-02, 4.06063583e+04])].
2020-07-28 08:48:06,451 - INFO - Finished DFE inference.
2020-07-28 08:48:06,451 - INFO - Integrating expected site-frequency spectrum.
2020-07-28 08:48:06,451 - INFO - Outputing results.
2020-07-28 08:48:08,733 - INFO - Pipeline executed succesfully.
