2019-08-01 09:08:53,079 - INFO - Beginning execution of fitdadi_infer_DFE.py in directory /u/home/j/jonmah/lohmueller_lab/Scripts

2019-08-01 09:08:53,080 - INFO - Progress is being logged to ../Data/AW_array_2000/seed_69_fitdadi_output/log.log

2019-08-01 09:08:53,080 - INFO - Parsed the following arguments:
	breed = AW
	outprefix = ../Data/AW_array_2000/seed_69_fitdadi_output/
	nonsyn_input_sfs = ../Data/AW_array_2000/seed_69_easySFS_output_nonsyn/dadi/pop1.sfs
	syn_input_sfs = ../Data/AW_array_2000/seed_69_easySFS_output_syn/dadi/pop1.sfs

2019-08-01 09:08:53,086 - INFO - Beginning optimization with guess, [0.38410925 0.05014036].
2019-08-01 09:08:54,081 - INFO - Finished optimization with guess, [0.38410925 0.05014036].
2019-08-01 09:08:54,081 - INFO - Best fit parameters: [1.07321838 0.16091356].
2019-08-01 09:08:54,089 - INFO - Maximum log composite likelihood: -25.1978823267.
2019-08-01 09:08:54,090 - INFO - Optimal value of theta: 53.3236627915.
2019-08-01 09:08:54,090 - INFO - Beginning optimization with guess, [0.85717526 0.12444895].
2019-08-01 09:08:54,580 - INFO - Finished optimization with guess, [0.85717526 0.12444895].
2019-08-01 09:08:54,580 - INFO - Best fit parameters: [1.07297874 0.16142642].
2019-08-01 09:08:54,588 - INFO - Maximum log composite likelihood: -25.1978829031.
2019-08-01 09:08:54,589 - INFO - Optimal value of theta: 53.3244616557.
2019-08-01 09:08:54,589 - INFO - Beginning optimization with guess, [0.70186949 0.05783604].
2019-08-01 09:08:55,408 - INFO - Finished optimization with guess, [0.70186949 0.05783604].
2019-08-01 09:08:55,408 - INFO - Best fit parameters: [1.07331716 0.16093773].
2019-08-01 09:08:55,416 - INFO - Maximum log composite likelihood: -25.1978820953.
2019-08-01 09:08:55,417 - INFO - Optimal value of theta: 53.3223749464.
2019-08-01 09:08:55,417 - INFO - Beginning optimization with guess, [0.92960373 0.09993857].
2019-08-01 09:08:55,754 - INFO - Finished optimization with guess, [0.92960373 0.09993857].
2019-08-01 09:08:55,755 - INFO - Best fit parameters: [1.07295408 0.16146311].
2019-08-01 09:08:55,763 - INFO - Maximum log composite likelihood: -25.1978829935.
2019-08-01 09:08:55,763 - INFO - Optimal value of theta: 53.3246104189.
2019-08-01 09:08:55,764 - INFO - Beginning optimization with guess, [0.60323132 0.17598056].
2019-08-01 09:08:55,987 - INFO - Finished optimization with guess, [0.60323132 0.17598056].
2019-08-01 09:08:55,987 - INFO - Best fit parameters: [1.07457907 0.15425582].
2019-08-01 09:08:55,996 - INFO - Maximum log composite likelihood: -25.1978986376.
2019-08-01 09:08:55,996 - INFO - Optimal value of theta: 53.3353163223.
2019-08-01 09:08:55,996 - INFO - Beginning optimization with guess, [0.67936289 0.09501164].
2019-08-01 09:08:56,578 - INFO - Finished optimization with guess, [0.67936289 0.09501164].
2019-08-01 09:08:56,579 - INFO - Best fit parameters: [1.0729713  0.16145274].
2019-08-01 09:08:56,587 - INFO - Maximum log composite likelihood: -25.1978829282.
2019-08-01 09:08:56,587 - INFO - Optimal value of theta: 53.3244446051.
2019-08-01 09:08:56,588 - INFO - Beginning optimization with guess, [0.94498354 0.05656042].
2019-08-01 09:08:57,390 - INFO - Finished optimization with guess, [0.94498354 0.05656042].
2019-08-01 09:08:57,390 - INFO - Best fit parameters: [1.0735611  0.16120866].
2019-08-01 09:08:57,398 - INFO - Maximum log composite likelihood: -25.1978818437.
2019-08-01 09:08:57,399 - INFO - Optimal value of theta: 53.3183281469.
2019-08-01 09:08:57,399 - INFO - Beginning optimization with guess, [0.86652344 0.09577885].
2019-08-01 09:08:57,809 - INFO - Finished optimization with guess, [0.86652344 0.09577885].
2019-08-01 09:08:57,810 - INFO - Best fit parameters: [1.07297169 0.16144776].
2019-08-01 09:08:57,818 - INFO - Maximum log composite likelihood: -25.1978829272.
2019-08-01 09:08:57,818 - INFO - Optimal value of theta: 53.3244600883.
2019-08-01 09:08:57,819 - INFO - Beginning optimization with guess, [0.25416436 0.07311725].
2019-08-01 09:08:58,614 - INFO - Finished optimization with guess, [0.25416436 0.07311725].
2019-08-01 09:08:58,614 - INFO - Best fit parameters: [1.23022169 0.02463667].
2019-08-01 09:08:58,622 - INFO - Maximum log composite likelihood: -25.2031744719.
2019-08-01 09:08:58,622 - INFO - Optimal value of theta: 53.7170509645.
2019-08-01 09:08:58,623 - INFO - Beginning optimization with guess, [0.7769334  0.06841352].
2019-08-01 09:08:59,350 - INFO - Finished optimization with guess, [0.7769334  0.06841352].
2019-08-01 09:08:59,350 - INFO - Best fit parameters: [1.07297463 0.161445  ].
2019-08-01 09:08:59,358 - INFO - Maximum log composite likelihood: -25.1978829164.
2019-08-01 09:08:59,359 - INFO - Optimal value of theta: 53.3244358774.
2019-08-01 09:08:59,359 - INFO - Beginning optimization with guess, [0.63493803 0.11163618].
2019-08-01 09:09:00,212 - INFO - Finished optimization with guess, [0.63493803 0.11163618].
2019-08-01 09:09:00,212 - INFO - Best fit parameters: [1.07297636 0.16144515].
2019-08-01 09:09:00,221 - INFO - Maximum log composite likelihood: -25.1978829098.
2019-08-01 09:09:00,221 - INFO - Optimal value of theta: 53.3244143351.
2019-08-01 09:09:00,221 - INFO - Beginning optimization with guess, [0.53218689 0.05909785].
2019-08-01 09:09:01,231 - INFO - Finished optimization with guess, [0.53218689 0.05909785].
2019-08-01 09:09:01,232 - INFO - Best fit parameters: [1.07303609 0.16125249].
2019-08-01 09:09:01,240 - INFO - Maximum log composite likelihood: -25.1978827317.
2019-08-01 09:09:01,240 - INFO - Optimal value of theta: 53.3244767858.
2019-08-01 09:09:01,241 - INFO - Beginning optimization with guess, [0.73471399 0.16486179].
2019-08-01 09:09:02,475 - INFO - Finished optimization with guess, [0.73471399 0.16486179].
2019-08-01 09:09:02,476 - INFO - Best fit parameters: [1.07339519 0.1609656 ].
2019-08-01 09:09:02,484 - INFO - Maximum log composite likelihood: -25.197881962.
2019-08-01 09:09:02,484 - INFO - Optimal value of theta: 53.321321665.
2019-08-01 09:09:02,485 - INFO - Beginning optimization with guess, [0.99612126 0.1140903 ].
2019-08-01 09:09:03,146 - INFO - Finished optimization with guess, [0.99612126 0.1140903 ].
2019-08-01 09:09:03,147 - INFO - Best fit parameters: [1.07273811 0.16308488].
2019-08-01 09:09:03,156 - INFO - Maximum log composite likelihood: -25.1978851718.
2019-08-01 09:09:03,156 - INFO - Optimal value of theta: 53.3206868862.
2019-08-01 09:09:03,156 - INFO - Beginning optimization with guess, [0.51390654 0.07226849].
2019-08-01 09:09:03,631 - INFO - Finished optimization with guess, [0.51390654 0.07226849].
2019-08-01 09:09:03,631 - INFO - Best fit parameters: [1.0731637  0.16095411].
2019-08-01 09:09:03,639 - INFO - Maximum log composite likelihood: -25.1978824532.
2019-08-01 09:09:03,640 - INFO - Optimal value of theta: 53.324155441.
2019-08-01 09:09:03,640 - INFO - Beginning optimization with guess, [0.42847763 0.06097832].
2019-08-01 09:09:04,581 - INFO - Finished optimization with guess, [0.42847763 0.06097832].
2019-08-01 09:09:04,582 - INFO - Best fit parameters: [1.07297324 0.16144835].
2019-08-01 09:09:04,590 - INFO - Maximum log composite likelihood: -25.1978829213.
2019-08-01 09:09:04,591 - INFO - Optimal value of theta: 53.3244389827.
2019-08-01 09:09:04,591 - INFO - Beginning optimization with guess, [0.30165383 0.14315698].
2019-08-01 09:09:05,186 - INFO - Finished optimization with guess, [0.30165383 0.14315698].
2019-08-01 09:09:05,187 - INFO - Best fit parameters: [1.0735445  0.16124685].
2019-08-01 09:09:05,195 - INFO - Maximum log composite likelihood: -25.1978818484.
2019-08-01 09:09:05,195 - INFO - Optimal value of theta: 53.3183716279.
2019-08-01 09:09:05,196 - INFO - Beginning optimization with guess, [0.26301704 0.05194983].
2019-08-01 09:09:05,960 - INFO - Finished optimization with guess, [0.26301704 0.05194983].
2019-08-01 09:09:05,960 - INFO - Best fit parameters: [8.00000000e+00 4.51194389e-03].
2019-08-01 09:09:05,968 - INFO - Maximum log composite likelihood: -25.2020987311.
2019-08-01 09:09:05,968 - INFO - Optimal value of theta: 53.757781951.
2019-08-01 09:09:05,969 - INFO - Beginning optimization with guess, [0.68865162 0.06016098].
2019-08-01 09:09:07,734 - INFO - Finished optimization with guess, [0.68865162 0.06016098].
2019-08-01 09:09:07,734 - INFO - Best fit parameters: [1.07311088 0.16110514].
2019-08-01 09:09:07,743 - INFO - Maximum log composite likelihood: -25.1978825364.
2019-08-01 09:09:07,743 - INFO - Optimal value of theta: 53.3241753831.
2019-08-01 09:09:07,743 - INFO - Beginning optimization with guess, [0.4757111  0.15409935].
2019-08-01 09:09:08,407 - INFO - Finished optimization with guess, [0.4757111  0.15409935].
2019-08-01 09:09:08,407 - INFO - Best fit parameters: [1.0733887  0.16177145].
2019-08-01 09:09:08,416 - INFO - Maximum log composite likelihood: -25.197882125.
2019-08-01 09:09:08,416 - INFO - Optimal value of theta: 53.3181080074.
2019-08-01 09:09:08,416 - INFO - Beginning optimization with guess, [0.8485039  0.12097413].
2019-08-01 09:09:09,401 - INFO - Finished optimization with guess, [0.8485039  0.12097413].
2019-08-01 09:09:09,401 - INFO - Best fit parameters: [1.07298241 0.16145189].
2019-08-01 09:09:09,409 - INFO - Maximum log composite likelihood: -25.1978828865.
2019-08-01 09:09:09,410 - INFO - Optimal value of theta: 53.3243139134.
2019-08-01 09:09:09,410 - INFO - Beginning optimization with guess, [0.73424629 0.13409781].
2019-08-01 09:09:10,643 - INFO - Finished optimization with guess, [0.73424629 0.13409781].
2019-08-01 09:09:10,643 - INFO - Best fit parameters: [1.07297682 0.16144706].
2019-08-01 09:09:10,651 - INFO - Maximum log composite likelihood: -25.1978829079.
2019-08-01 09:09:10,652 - INFO - Optimal value of theta: 53.3244010091.
2019-08-01 09:09:10,652 - INFO - Beginning optimization with guess, [0.54626784 0.05197913].
2019-08-01 09:09:12,115 - INFO - Finished optimization with guess, [0.54626784 0.05197913].
2019-08-01 09:09:12,115 - INFO - Best fit parameters: [1.0730449  0.16140213].
2019-08-01 09:09:12,124 - INFO - Maximum log composite likelihood: -25.197882671.
2019-08-01 09:09:12,124 - INFO - Optimal value of theta: 53.3237618738.
2019-08-01 09:09:12,124 - INFO - Beginning optimization with guess, [0.65280008 0.05232893].
2019-08-01 09:09:13,099 - INFO - Finished optimization with guess, [0.65280008 0.05232893].
2019-08-01 09:09:13,099 - INFO - Best fit parameters: [1.0731542 0.1608531].
2019-08-01 09:09:13,108 - INFO - Maximum log composite likelihood: -25.1978825485.
2019-08-01 09:09:13,108 - INFO - Optimal value of theta: 53.3246823616.
2019-08-01 09:09:13,109 - INFO - Beginning optimization with guess, [0.35395406 0.06282111].
2019-08-01 09:09:13,946 - INFO - Finished optimization with guess, [0.35395406 0.06282111].
2019-08-01 09:09:13,947 - INFO - Best fit parameters: [1.07346702 0.16154003].
2019-08-01 09:09:13,955 - INFO - Maximum log composite likelihood: -25.197881954.
2019-08-01 09:09:13,955 - INFO - Optimal value of theta: 53.3181065085.
2019-08-01 09:09:13,956 - INFO - Beginning optimization with guess, [0.368398   0.07911463].
2019-08-01 09:09:14,684 - INFO - Finished optimization with guess, [0.368398   0.07911463].
2019-08-01 09:09:14,684 - INFO - Best fit parameters: [1.07355525 0.16081796].
2019-08-01 09:09:14,693 - INFO - Maximum log composite likelihood: -25.1978818908.
2019-08-01 09:09:14,693 - INFO - Optimal value of theta: 53.3200017485.
2019-08-01 09:09:14,693 - INFO - Beginning optimization with guess, [0.39754773 0.07606929].
2019-08-01 09:09:15,595 - INFO - Finished optimization with guess, [0.39754773 0.07606929].
2019-08-01 09:09:15,596 - INFO - Best fit parameters: [1.08382325 0.11002799].
2019-08-01 09:09:15,604 - INFO - Maximum log composite likelihood: -25.1988817464.
2019-08-01 09:09:15,605 - INFO - Optimal value of theta: 53.4556969849.
2019-08-01 09:09:15,605 - INFO - Beginning optimization with guess, [0.35422213 0.14426402].
2019-08-01 09:09:16,914 - INFO - Finished optimization with guess, [0.35422213 0.14426402].
2019-08-01 09:09:16,914 - INFO - Best fit parameters: [1.07330546 0.16185017].
2019-08-01 09:09:16,923 - INFO - Maximum log composite likelihood: -25.1978822489.
2019-08-01 09:09:16,923 - INFO - Optimal value of theta: 53.3187933895.
2019-08-01 09:09:16,923 - INFO - Beginning optimization with guess, [0.7451937  0.16830251].
2019-08-01 09:09:17,048 - INFO - Finished optimization with guess, [0.7451937  0.16830251].
2019-08-01 09:09:17,049 - INFO - Best fit parameters: [1.07265734 0.16336936].
2019-08-01 09:09:17,056 - INFO - Maximum log composite likelihood: -25.1978853836.
2019-08-01 09:09:17,057 - INFO - Optimal value of theta: 53.3205161047.
2019-08-01 09:09:17,057 - INFO - Beginning optimization with guess, [0.81800981 0.14544607].
2019-08-01 09:09:17,473 - INFO - Finished optimization with guess, [0.81800981 0.14544607].
2019-08-01 09:09:17,473 - INFO - Best fit parameters: [1.07297107 0.16144792].
2019-08-01 09:09:17,481 - INFO - Maximum log composite likelihood: -25.1978829296.
2019-08-01 09:09:17,482 - INFO - Optimal value of theta: 53.3244669395.
2019-08-01 09:09:17,482 - INFO - Beginning optimization with guess, [0.25222668 0.06574171].
2019-08-01 09:09:18,250 - INFO - Finished optimization with guess, [0.25222668 0.06574171].
2019-08-01 09:09:18,250 - INFO - Best fit parameters: [4.7486763  0.00484164].
2019-08-01 09:09:18,258 - INFO - Maximum log composite likelihood: -25.2022381873.
2019-08-01 09:09:18,258 - INFO - Optimal value of theta: 53.7757384061.
2019-08-01 09:09:18,258 - INFO - Beginning optimization with guess, [0.51770294 0.06892923].
2019-08-01 09:09:19,126 - INFO - Finished optimization with guess, [0.51770294 0.06892923].
2019-08-01 09:09:19,126 - INFO - Best fit parameters: [1.07304222 0.16105621].
2019-08-01 09:09:19,134 - INFO - Maximum log composite likelihood: -25.1978827955.
2019-08-01 09:09:19,135 - INFO - Optimal value of theta: 53.3252021418.
2019-08-01 09:09:19,135 - INFO - Beginning optimization with guess, [0.83699284 0.08748493].
2019-08-01 09:09:19,522 - INFO - Finished optimization with guess, [0.83699284 0.08748493].
2019-08-01 09:09:19,522 - INFO - Best fit parameters: [1.07303695 0.16189547].
2019-08-01 09:09:19,530 - INFO - Maximum log composite likelihood: -25.1978828082.
2019-08-01 09:09:19,531 - INFO - Optimal value of theta: 53.3218555718.
2019-08-01 09:09:19,531 - INFO - Beginning optimization with guess, [0.84656363 0.09176061].
2019-08-01 09:09:20,239 - INFO - Finished optimization with guess, [0.84656363 0.09176061].
2019-08-01 09:09:20,240 - INFO - Best fit parameters: [1.07298182 0.16144206].
2019-08-01 09:09:20,248 - INFO - Maximum log composite likelihood: -25.1978828897.
2019-08-01 09:09:20,248 - INFO - Optimal value of theta: 53.3243609665.
2019-08-01 09:09:20,249 - INFO - Beginning optimization with guess, [0.2657053  0.13380867].
2019-08-01 09:09:20,721 - INFO - Finished optimization with guess, [0.2657053  0.13380867].
2019-08-01 09:09:20,721 - INFO - Best fit parameters: [1.0729717  0.16144777].
2019-08-01 09:09:20,729 - INFO - Maximum log composite likelihood: -25.1978829272.
2019-08-01 09:09:20,730 - INFO - Optimal value of theta: 53.3244599906.
2019-08-01 09:09:20,730 - INFO - Beginning optimization with guess, [0.33853174 0.10752711].
2019-08-01 09:09:21,485 - INFO - Finished optimization with guess, [0.33853174 0.10752711].
2019-08-01 09:09:21,486 - INFO - Best fit parameters: [1.07302524 0.16117152].
2019-08-01 09:09:21,494 - INFO - Maximum log composite likelihood: -25.1978828007.
2019-08-01 09:09:21,494 - INFO - Optimal value of theta: 53.32493718.
2019-08-01 09:09:21,495 - INFO - Beginning optimization with guess, [0.39402418 0.07976628].
2019-08-01 09:09:22,112 - INFO - Finished optimization with guess, [0.39402418 0.07976628].
2019-08-01 09:09:22,112 - INFO - Best fit parameters: [1.07304631 0.16099508].
2019-08-01 09:09:22,121 - INFO - Maximum log composite likelihood: -25.1978828175.
2019-08-01 09:09:22,121 - INFO - Optimal value of theta: 53.3254019401.
2019-08-01 09:09:22,121 - INFO - Beginning optimization with guess, [0.52870582 0.11037671].
2019-08-01 09:09:22,828 - INFO - Finished optimization with guess, [0.52870582 0.11037671].
2019-08-01 09:09:22,829 - INFO - Best fit parameters: [1.07297373 0.1614455 ].
2019-08-01 09:09:22,837 - INFO - Maximum log composite likelihood: -25.1978829197.
2019-08-01 09:09:22,838 - INFO - Optimal value of theta: 53.3244446777.
2019-08-01 09:09:22,838 - INFO - Beginning optimization with guess, [0.3287627  0.08966539].
2019-08-01 09:09:23,550 - INFO - Finished optimization with guess, [0.3287627  0.08966539].
2019-08-01 09:09:23,551 - INFO - Best fit parameters: [1.07301035 0.16129283].
2019-08-01 09:09:23,559 - INFO - Maximum log composite likelihood: -25.1978828126.
2019-08-01 09:09:23,559 - INFO - Optimal value of theta: 53.3246231394.
2019-08-01 09:09:23,559 - INFO - Beginning optimization with guess, [0.54628228 0.17894972].
2019-08-01 09:09:24,004 - INFO - Finished optimization with guess, [0.54628228 0.17894972].
2019-08-01 09:09:24,004 - INFO - Best fit parameters: [1.0733788  0.15968559].
2019-08-01 09:09:24,013 - INFO - Maximum log composite likelihood: -25.1978835667.
2019-08-01 09:09:24,013 - INFO - Optimal value of theta: 53.3267826645.
2019-08-01 09:09:24,013 - INFO - Beginning optimization with guess, [0.78411965 0.06471364].
2019-08-01 09:09:24,691 - INFO - Finished optimization with guess, [0.78411965 0.06471364].
2019-08-01 09:09:24,691 - INFO - Best fit parameters: [1.07304292 0.16111267].
2019-08-01 09:09:24,699 - INFO - Maximum log composite likelihood: -25.1978827631.
2019-08-01 09:09:24,700 - INFO - Optimal value of theta: 53.3249636912.
2019-08-01 09:09:24,700 - INFO - Beginning optimization with guess, [0.3850149  0.05236137].
2019-08-01 09:09:25,509 - INFO - Finished optimization with guess, [0.3850149  0.05236137].
2019-08-01 09:09:25,509 - INFO - Best fit parameters: [1.07302682 0.16079058].
2019-08-01 09:09:25,517 - INFO - Maximum log composite likelihood: -25.1978830557.
2019-08-01 09:09:25,518 - INFO - Optimal value of theta: 53.326470637.
2019-08-01 09:09:25,518 - INFO - Beginning optimization with guess, [0.40211212 0.18916624].
2019-08-01 09:09:26,096 - INFO - Finished optimization with guess, [0.40211212 0.18916624].
2019-08-01 09:09:26,097 - INFO - Best fit parameters: [1.07311297 0.16107952].
2019-08-01 09:09:26,105 - INFO - Maximum log composite likelihood: -25.1978825414.
2019-08-01 09:09:26,105 - INFO - Optimal value of theta: 53.3242547111.
2019-08-01 09:09:26,106 - INFO - Beginning optimization with guess, [0.4605312  0.09469661].
2019-08-01 09:09:26,764 - INFO - Finished optimization with guess, [0.4605312  0.09469661].
2019-08-01 09:09:26,764 - INFO - Best fit parameters: [1.07301016 0.16142436].
2019-08-01 09:09:26,772 - INFO - Maximum log composite likelihood: -25.1978827883.
2019-08-01 09:09:26,773 - INFO - Optimal value of theta: 53.3240908102.
2019-08-01 09:09:26,773 - INFO - Beginning optimization with guess, [0.53086585 0.09318067].
2019-08-01 09:09:28,169 - INFO - Finished optimization with guess, [0.53086585 0.09318067].
2019-08-01 09:09:28,170 - INFO - Best fit parameters: [1.07330276 0.16075113].
2019-08-01 09:09:28,178 - INFO - Maximum log composite likelihood: -25.1978822347.
2019-08-01 09:09:28,179 - INFO - Optimal value of theta: 53.3233122726.
2019-08-01 09:09:28,179 - INFO - Beginning optimization with guess, [0.39659178 0.0834203 ].
2019-08-01 09:09:28,957 - INFO - Finished optimization with guess, [0.39659178 0.0834203 ].
2019-08-01 09:09:28,957 - INFO - Best fit parameters: [1.07340477 0.1614105 ].
2019-08-01 09:09:28,966 - INFO - Maximum log composite likelihood: -25.1978819347.
2019-08-01 09:09:28,966 - INFO - Optimal value of theta: 53.3193864796.
2019-08-01 09:09:28,966 - INFO - Beginning optimization with guess, [0.58805506 0.13578386].
2019-08-01 09:09:29,677 - INFO - Finished optimization with guess, [0.58805506 0.13578386].
2019-08-01 09:09:29,678 - INFO - Best fit parameters: [1.07305371 0.16101804].
2019-08-01 09:09:29,686 - INFO - Maximum log composite likelihood: -25.1978827759.
2019-08-01 09:09:29,686 - INFO - Optimal value of theta: 53.3252192592.
2019-08-01 09:09:29,687 - INFO - Beginning optimization with guess, [0.9683099  0.11639016].
2019-08-01 09:09:30,843 - INFO - Finished optimization with guess, [0.9683099  0.11639016].
2019-08-01 09:09:30,844 - INFO - Best fit parameters: [1.07297658 0.16144315].
2019-08-01 09:09:30,852 - INFO - Maximum log composite likelihood: -25.1978829092.
2019-08-01 09:09:30,853 - INFO - Optimal value of theta: 53.3244197582.
2019-08-01 09:09:30,853 - INFO - Beginning optimization with guess, [0.26925431 0.18107324].
2019-08-01 09:09:31,440 - INFO - Finished optimization with guess, [0.26925431 0.18107324].
2019-08-01 09:09:31,440 - INFO - Best fit parameters: [1.07310097 0.16141061].
2019-08-01 09:09:31,448 - INFO - Maximum log composite likelihood: -25.1978824953.
2019-08-01 09:09:31,449 - INFO - Optimal value of theta: 53.323050916.
2019-08-01 09:09:31,449 - INFO - Beginning optimization with guess, [0.58436827 0.12516584].
2019-08-01 09:09:32,133 - INFO - Finished optimization with guess, [0.58436827 0.12516584].
2019-08-01 09:09:32,134 - INFO - Best fit parameters: [1.07297665 0.16144984].
2019-08-01 09:09:32,142 - INFO - Maximum log composite likelihood: -25.1978829083.
2019-08-01 09:09:32,142 - INFO - Optimal value of theta: 53.3243918362.
2019-08-01 09:09:32,143 - INFO - Beginning optimization with guess, [0.53360258 0.06251332].
2019-08-01 09:09:32,960 - INFO - Finished optimization with guess, [0.53360258 0.06251332].
2019-08-01 09:09:32,961 - INFO - Best fit parameters: [1.07302826 0.16114899].
2019-08-01 09:09:32,969 - INFO - Maximum log composite likelihood: -25.1978827995.
2019-08-01 09:09:32,970 - INFO - Optimal value of theta: 53.3249924043.
2019-08-01 09:09:32,970 - INFO - Beginning optimization with guess, [0.72926844 0.05554133].
2019-08-01 09:09:33,689 - INFO - Finished optimization with guess, [0.72926844 0.05554133].
2019-08-01 09:09:33,689 - INFO - Best fit parameters: [1.07319862 0.16141694].
2019-08-01 09:09:33,698 - INFO - Maximum log composite likelihood: -25.1978822442.
2019-08-01 09:09:33,698 - INFO - Optimal value of theta: 53.3218468325.
2019-08-01 09:09:33,699 - INFO - Beginning optimization with guess, [0.25595591 0.18892774].
2019-08-01 09:09:34,254 - INFO - Finished optimization with guess, [0.25595591 0.18892774].
2019-08-01 09:09:34,255 - INFO - Best fit parameters: [1.07309624 0.16084644].
2019-08-01 09:09:34,264 - INFO - Maximum log composite likelihood: -25.1978827447.
2019-08-01 09:09:34,264 - INFO - Optimal value of theta: 53.3254071086.
2019-08-01 09:09:34,264 - INFO - Beginning optimization with guess, [0.25683136 0.06013329].
2019-08-01 09:09:35,030 - INFO - Finished optimization with guess, [0.25683136 0.06013329].
2019-08-01 09:09:35,030 - INFO - Best fit parameters: [8.00000000e+00 4.50992991e-03].
2019-08-01 09:09:35,038 - INFO - Maximum log composite likelihood: -25.2020987326.
2019-08-01 09:09:35,038 - INFO - Optimal value of theta: 53.7580053253.
2019-08-01 09:09:35,038 - INFO - Beginning optimization with guess, [0.31103487 0.05081172].
2019-08-01 09:09:35,803 - INFO - Finished optimization with guess, [0.31103487 0.05081172].
2019-08-01 09:09:35,805 - INFO - Best fit parameters: [3.68960653 0.00521038].
2019-08-01 09:09:35,812 - INFO - Maximum log composite likelihood: -25.2023407809.
2019-08-01 09:09:35,812 - INFO - Optimal value of theta: 53.7800974731.
2019-08-01 09:09:35,813 - INFO - Beginning optimization with guess, [0.29997195 0.0531327 ].
2019-08-01 09:09:36,287 - INFO - Finished optimization with guess, [0.29997195 0.0531327 ].
2019-08-01 09:09:36,287 - INFO - Best fit parameters: [1.28008227 0.02046952].
2019-08-01 09:09:36,295 - INFO - Maximum log composite likelihood: -25.2031648905.
2019-08-01 09:09:36,295 - INFO - Optimal value of theta: 53.7256498921.
2019-08-01 09:09:36,295 - INFO - Beginning optimization with guess, [0.56510259 0.12728091].
2019-08-01 09:09:36,683 - INFO - Finished optimization with guess, [0.56510259 0.12728091].
2019-08-01 09:09:36,684 - INFO - Best fit parameters: [1.07296755 0.1614539 ].
2019-08-01 09:09:36,692 - INFO - Maximum log composite likelihood: -25.1978829424.
2019-08-01 09:09:36,692 - INFO - Optimal value of theta: 53.3244851449.
2019-08-01 09:09:36,693 - INFO - Beginning optimization with guess, [0.57265549 0.05884825].
2019-08-01 09:09:37,216 - INFO - Finished optimization with guess, [0.57265549 0.05884825].
2019-08-01 09:09:37,216 - INFO - Best fit parameters: [1.07297159 0.1614452 ].
2019-08-01 09:09:37,225 - INFO - Maximum log composite likelihood: -25.1978829279.
2019-08-01 09:09:37,225 - INFO - Optimal value of theta: 53.3244717059.
2019-08-01 09:09:37,225 - INFO - Beginning optimization with guess, [0.48294755 0.0973088 ].
2019-08-01 09:09:38,550 - INFO - Finished optimization with guess, [0.48294755 0.0973088 ].
2019-08-01 09:09:38,550 - INFO - Best fit parameters: [1.07338062 0.16079324].
2019-08-01 09:09:38,559 - INFO - Maximum log composite likelihood: -25.1978820634.
2019-08-01 09:09:38,559 - INFO - Optimal value of theta: 53.3222033218.
2019-08-01 09:09:38,559 - INFO - Beginning optimization with guess, [0.3477589  0.08332408].
2019-08-01 09:09:39,426 - INFO - Finished optimization with guess, [0.3477589  0.08332408].
2019-08-01 09:09:39,426 - INFO - Best fit parameters: [1.07298585 0.16144759].
2019-08-01 09:09:39,434 - INFO - Maximum log composite likelihood: -25.1978828741.
2019-08-01 09:09:39,435 - INFO - Optimal value of theta: 53.324289927.
2019-08-01 09:09:39,435 - INFO - Beginning optimization with guess, [0.54450194 0.13161267].
2019-08-01 09:09:39,849 - INFO - Finished optimization with guess, [0.54450194 0.13161267].
2019-08-01 09:09:39,849 - INFO - Best fit parameters: [1.07297191 0.16144746].
2019-08-01 09:09:39,858 - INFO - Maximum log composite likelihood: -25.1978829264.
2019-08-01 09:09:39,858 - INFO - Optimal value of theta: 53.3244586529.
2019-08-01 09:09:39,858 - INFO - Beginning optimization with guess, [0.34922898 0.05373032].
2019-08-01 09:09:40,646 - INFO - Finished optimization with guess, [0.34922898 0.05373032].
2019-08-01 09:09:40,646 - INFO - Best fit parameters: [1.07300959 0.16144894].
2019-08-01 09:09:40,654 - INFO - Maximum log composite likelihood: -25.1978827882.
2019-08-01 09:09:40,655 - INFO - Optimal value of theta: 53.3239978124.
2019-08-01 09:09:40,655 - INFO - Beginning optimization with guess, [0.71674621 0.14362208].
2019-08-01 09:09:41,962 - INFO - Finished optimization with guess, [0.71674621 0.14362208].
2019-08-01 09:09:41,962 - INFO - Best fit parameters: [1.07302565 0.16111712].
2019-08-01 09:09:41,970 - INFO - Maximum log composite likelihood: -25.1978828244.
2019-08-01 09:09:41,971 - INFO - Optimal value of theta: 53.3251537122.
2019-08-01 09:09:41,971 - INFO - Beginning optimization with guess, [0.30175326 0.13944796].
2019-08-01 09:09:42,343 - INFO - Finished optimization with guess, [0.30175326 0.13944796].
2019-08-01 09:09:42,343 - INFO - Best fit parameters: [1.07297165 0.16144985].
2019-08-01 09:09:42,351 - INFO - Maximum log composite likelihood: -25.1978829272.
2019-08-01 09:09:42,352 - INFO - Optimal value of theta: 53.3244521025.
2019-08-01 09:09:42,352 - INFO - Beginning optimization with guess, [0.60887376 0.05658067].
2019-08-01 09:09:42,953 - INFO - Finished optimization with guess, [0.60887376 0.05658067].
2019-08-01 09:09:42,953 - INFO - Best fit parameters: [1.07303402 0.161685  ].
2019-08-01 09:09:42,962 - INFO - Maximum log composite likelihood: -25.1978827304.
2019-08-01 09:09:42,962 - INFO - Optimal value of theta: 53.322744508.
2019-08-01 09:09:42,963 - INFO - Beginning optimization with guess, [0.39853364 0.14323635].
2019-08-01 09:09:43,775 - INFO - Finished optimization with guess, [0.39853364 0.14323635].
2019-08-01 09:09:43,775 - INFO - Best fit parameters: [1.07299879 0.16138997].
2019-08-01 09:09:43,784 - INFO - Maximum log composite likelihood: -25.1978828338.
2019-08-01 09:09:43,784 - INFO - Optimal value of theta: 53.3243677963.
2019-08-01 09:09:43,784 - INFO - Beginning optimization with guess, [0.3658845  0.15839124].
2019-08-01 09:09:44,182 - INFO - Finished optimization with guess, [0.3658845  0.15839124].
2019-08-01 09:09:44,182 - INFO - Best fit parameters: [1.07373261 0.15883357].
2019-08-01 09:09:44,190 - INFO - Maximum log composite likelihood: -25.1978848958.
2019-08-01 09:09:44,191 - INFO - Optimal value of theta: 53.3260904767.
2019-08-01 09:09:44,191 - INFO - Beginning optimization with guess, [0.7309136  0.19511842].
2019-08-01 09:09:44,592 - INFO - Finished optimization with guess, [0.7309136  0.19511842].
2019-08-01 09:09:44,592 - INFO - Best fit parameters: [1.07297167 0.16144783].
2019-08-01 09:09:44,601 - INFO - Maximum log composite likelihood: -25.1978829273.
2019-08-01 09:09:44,601 - INFO - Optimal value of theta: 53.3244600338.
2019-08-01 09:09:44,601 - INFO - Beginning optimization with guess, [0.74852908 0.08833082].
2019-08-01 09:09:45,322 - INFO - Finished optimization with guess, [0.74852908 0.08833082].
2019-08-01 09:09:45,322 - INFO - Best fit parameters: [1.07309547 0.16088266].
2019-08-01 09:09:45,330 - INFO - Maximum log composite likelihood: -25.1978827193.
2019-08-01 09:09:45,331 - INFO - Optimal value of theta: 53.3252686049.
2019-08-01 09:09:45,331 - INFO - Beginning optimization with guess, [0.25630193 0.08256239].
2019-08-01 09:09:46,864 - INFO - Finished optimization with guess, [0.25630193 0.08256239].
2019-08-01 09:09:46,864 - INFO - Best fit parameters: [1.07302917 0.1614491 ].
2019-08-01 09:09:46,873 - INFO - Maximum log composite likelihood: -25.1978827203.
2019-08-01 09:09:46,874 - INFO - Optimal value of theta: 53.3237608067.
2019-08-01 09:09:46,874 - INFO - Beginning optimization with guess, [0.37508646 0.16962194].
2019-08-01 09:09:47,257 - INFO - Finished optimization with guess, [0.37508646 0.16962194].
2019-08-01 09:09:47,257 - INFO - Best fit parameters: [1.07340899 0.16089198].
2019-08-01 09:09:47,265 - INFO - Maximum log composite likelihood: -25.1978819731.
2019-08-01 09:09:47,266 - INFO - Optimal value of theta: 53.3214572497.
2019-08-01 09:09:47,266 - INFO - Beginning optimization with guess, [0.73854708 0.05721887].
2019-08-01 09:09:48,021 - INFO - Finished optimization with guess, [0.73854708 0.05721887].
2019-08-01 09:09:48,021 - INFO - Best fit parameters: [1.07297731 0.16143925].
2019-08-01 09:09:48,030 - INFO - Maximum log composite likelihood: -25.1978829069.
2019-08-01 09:09:48,030 - INFO - Optimal value of theta: 53.3244268506.
2019-08-01 09:09:48,031 - INFO - Beginning optimization with guess, [0.57471099 0.07109285].
2019-08-01 09:09:48,552 - INFO - Finished optimization with guess, [0.57471099 0.07109285].
2019-08-01 09:09:48,552 - INFO - Best fit parameters: [1.07297112 0.16144578].
2019-08-01 09:09:48,561 - INFO - Maximum log composite likelihood: -25.1978829296.
2019-08-01 09:09:48,561 - INFO - Optimal value of theta: 53.3244749886.
2019-08-01 09:09:48,562 - INFO - Beginning optimization with guess, [0.99164125 0.05130158].
2019-08-01 09:09:48,976 - INFO - Finished optimization with guess, [0.99164125 0.05130158].
2019-08-01 09:09:48,977 - INFO - Best fit parameters: [1.07298286 0.16145432].
2019-08-01 09:09:48,985 - INFO - Maximum log composite likelihood: -25.1978828846.
2019-08-01 09:09:48,986 - INFO - Optimal value of theta: 53.3242986346.
2019-08-01 09:09:48,986 - INFO - Beginning optimization with guess, [0.61666084 0.10804416].
2019-08-01 09:09:49,452 - INFO - Finished optimization with guess, [0.61666084 0.10804416].
2019-08-01 09:09:49,453 - INFO - Best fit parameters: [1.07299709 0.16118287].
2019-08-01 09:09:49,461 - INFO - Maximum log composite likelihood: -25.1978829023.
2019-08-01 09:09:49,462 - INFO - Optimal value of theta: 53.3252302854.
2019-08-01 09:09:49,462 - INFO - Beginning optimization with guess, [0.54706733 0.1619659 ].
2019-08-01 09:09:49,964 - INFO - Finished optimization with guess, [0.54706733 0.1619659 ].
2019-08-01 09:09:49,964 - INFO - Best fit parameters: [1.07308445 0.16081158].
2019-08-01 09:09:49,972 - INFO - Maximum log composite likelihood: -25.1978828156.
2019-08-01 09:09:49,973 - INFO - Optimal value of theta: 53.3256913705.
2019-08-01 09:09:49,973 - INFO - Beginning optimization with guess, [0.79218741 0.09005198].
2019-08-01 09:09:50,341 - INFO - Finished optimization with guess, [0.79218741 0.09005198].
2019-08-01 09:09:50,341 - INFO - Best fit parameters: [1.07295399 0.16129176].
2019-08-01 09:09:50,349 - INFO - Maximum log composite likelihood: -25.1978830315.
2019-08-01 09:09:50,350 - INFO - Optimal value of theta: 53.3253072984.
2019-08-01 09:09:50,350 - INFO - Beginning optimization with guess, [0.65975265 0.16764894].
2019-08-01 09:09:50,527 - INFO - Finished optimization with guess, [0.65975265 0.16764894].
2019-08-01 09:09:50,527 - INFO - Best fit parameters: [1.07554952 0.14522189].
2019-08-01 09:09:50,535 - INFO - Maximum log composite likelihood: -25.1979715081.
2019-08-01 09:09:50,536 - INFO - Optimal value of theta: 53.3634944802.
2019-08-01 09:09:50,536 - INFO - Beginning optimization with guess, [0.45306262 0.08433485].
2019-08-01 09:09:51,703 - INFO - Finished optimization with guess, [0.45306262 0.08433485].
2019-08-01 09:09:51,703 - INFO - Best fit parameters: [1.07319026 0.1614738 ].
2019-08-01 09:09:51,712 - INFO - Maximum log composite likelihood: -25.1978822688.
2019-08-01 09:09:51,712 - INFO - Optimal value of theta: 53.3217162218.
2019-08-01 09:09:51,713 - INFO - Beginning optimization with guess, [0.70859267 0.06341254].
2019-08-01 09:09:52,773 - INFO - Finished optimization with guess, [0.70859267 0.06341254].
2019-08-01 09:09:52,774 - INFO - Best fit parameters: [1.08305618 0.104619  ].
2019-08-01 09:09:52,782 - INFO - Maximum log composite likelihood: -25.1991288142.
2019-08-01 09:09:52,783 - INFO - Optimal value of theta: 53.4928779877.
2019-08-01 09:09:52,783 - INFO - Beginning optimization with guess, [0.35622386 0.05841857].
2019-08-01 09:09:53,704 - INFO - Finished optimization with guess, [0.35622386 0.05841857].
2019-08-01 09:09:53,704 - INFO - Best fit parameters: [1.06594193 0.18405469].
2019-08-01 09:09:53,713 - INFO - Maximum log composite likelihood: -25.1981122232.
2019-08-01 09:09:53,713 - INFO - Optimal value of theta: 53.329226256.
2019-08-01 09:09:53,714 - INFO - Beginning optimization with guess, [0.96274497 0.14721076].
2019-08-01 09:09:54,341 - INFO - Finished optimization with guess, [0.96274497 0.14721076].
2019-08-01 09:09:54,341 - INFO - Best fit parameters: [1.07354799 0.16091578].
2019-08-01 09:09:54,350 - INFO - Maximum log composite likelihood: -25.197881861.
2019-08-01 09:09:54,350 - INFO - Optimal value of theta: 53.3196873001.
2019-08-01 09:09:54,351 - INFO - Beginning optimization with guess, [0.3220014  0.05468075].
2019-08-01 09:09:54,837 - INFO - Finished optimization with guess, [0.3220014  0.05468075].
2019-08-01 09:09:54,837 - INFO - Best fit parameters: [1.23295334 0.02462035].
2019-08-01 09:09:54,845 - INFO - Maximum log composite likelihood: -25.2031758096.
2019-08-01 09:09:54,845 - INFO - Optimal value of theta: 53.7120807811.
2019-08-01 09:09:54,846 - INFO - Beginning optimization with guess, [0.37182162 0.07027477].
2019-08-01 09:09:55,500 - INFO - Finished optimization with guess, [0.37182162 0.07027477].
2019-08-01 09:09:55,500 - INFO - Best fit parameters: [1.0730182  0.16105896].
2019-08-01 09:09:55,509 - INFO - Maximum log composite likelihood: -25.1978828843.
2019-08-01 09:09:55,509 - INFO - Optimal value of theta: 53.3254802584.
2019-08-01 09:09:55,509 - INFO - Beginning optimization with guess, [0.82777047 0.09742706].
2019-08-01 09:09:56,029 - INFO - Finished optimization with guess, [0.82777047 0.09742706].
2019-08-01 09:09:56,029 - INFO - Best fit parameters: [1.07297587 0.16144428].
2019-08-01 09:09:56,038 - INFO - Maximum log composite likelihood: -25.1978829118.
2019-08-01 09:09:56,038 - INFO - Optimal value of theta: 53.324423848.
2019-08-01 09:09:56,039 - INFO - Beginning optimization with guess, [0.37444608 0.05624097].
2019-08-01 09:09:56,917 - INFO - Finished optimization with guess, [0.37444608 0.05624097].
2019-08-01 09:09:56,917 - INFO - Best fit parameters: [1.07302461 0.16105462].
2019-08-01 09:09:56,926 - INFO - Maximum log composite likelihood: -25.1978828624.
2019-08-01 09:09:56,926 - INFO - Optimal value of theta: 53.3254207557.
2019-08-01 09:09:56,926 - INFO - Beginning optimization with guess, [0.61551544 0.11537644].
2019-08-01 09:09:57,659 - INFO - Finished optimization with guess, [0.61551544 0.11537644].
2019-08-01 09:09:57,659 - INFO - Best fit parameters: [1.07298666 0.16144773].
2019-08-01 09:09:57,668 - INFO - Maximum log composite likelihood: -25.1978828711.
2019-08-01 09:09:57,668 - INFO - Optimal value of theta: 53.3242794786.
2019-08-01 09:09:57,669 - INFO - Beginning optimization with guess, [0.29654487 0.072177  ].
2019-08-01 09:09:58,494 - INFO - Finished optimization with guess, [0.29654487 0.072177  ].
2019-08-01 09:09:58,494 - INFO - Best fit parameters: [1.07293218 0.1617809 ].
2019-08-01 09:09:58,502 - INFO - Maximum log composite likelihood: -25.1978831085.
2019-08-01 09:09:58,503 - INFO - Optimal value of theta: 53.3235866266.
2019-08-01 09:09:58,503 - INFO - Beginning optimization with guess, [0.39802076 0.17725329].
2019-08-01 09:09:59,028 - INFO - Finished optimization with guess, [0.39802076 0.17725329].
2019-08-01 09:09:59,029 - INFO - Best fit parameters: [1.07299663 0.16140366].
2019-08-01 09:09:59,037 - INFO - Maximum log composite likelihood: -25.1978828396.
2019-08-01 09:09:59,037 - INFO - Optimal value of theta: 53.3243381999.
2019-08-01 09:09:59,038 - INFO - Beginning optimization with guess, [0.42699275 0.10064097].
2019-08-01 09:09:59,921 - INFO - Finished optimization with guess, [0.42699275 0.10064097].
2019-08-01 09:09:59,922 - INFO - Best fit parameters: [1.07306155 0.16099272].
2019-08-01 09:09:59,931 - INFO - Maximum log composite likelihood: -25.1978827632.
2019-08-01 09:09:59,932 - INFO - Optimal value of theta: 53.3252280429.
2019-08-01 09:09:59,932 - INFO - Beginning optimization with guess, [0.44493249 0.13310666].
2019-08-01 09:10:00,496 - INFO - Finished optimization with guess, [0.44493249 0.13310666].
2019-08-01 09:10:00,496 - INFO - Best fit parameters: [1.07282575 0.16318747].
2019-08-01 09:10:00,504 - INFO - Maximum log composite likelihood: -25.1978848582.
2019-08-01 09:10:00,504 - INFO - Optimal value of theta: 53.3192047972.
2019-08-01 09:10:00,505 - INFO - Beginning optimization with guess, [0.41283364 0.09034149].
2019-08-01 09:10:01,209 - INFO - Finished optimization with guess, [0.41283364 0.09034149].
2019-08-01 09:10:01,209 - INFO - Best fit parameters: [1.07302555 0.16147114].
2019-08-01 09:10:01,218 - INFO - Maximum log composite likelihood: -25.1978827318.
2019-08-01 09:10:01,218 - INFO - Optimal value of theta: 53.3237150352.
2019-08-01 09:10:01,219 - INFO - Beginning optimization with guess, [0.28025062 0.12101621].
2019-08-01 09:10:01,887 - INFO - Finished optimization with guess, [0.28025062 0.12101621].
2019-08-01 09:10:01,887 - INFO - Best fit parameters: [1.07301612 0.16140304].
2019-08-01 09:10:01,896 - INFO - Maximum log composite likelihood: -25.1978827696.
2019-08-01 09:10:01,896 - INFO - Optimal value of theta: 53.3241055649.
2019-08-01 09:10:01,896 - INFO - Beginning optimization with guess, [0.90388614 0.11686492].
2019-08-01 09:10:02,311 - INFO - Finished optimization with guess, [0.90388614 0.11686492].
2019-08-01 09:10:02,312 - INFO - Best fit parameters: [1.07297159 0.16144827].
2019-08-01 09:10:02,320 - INFO - Maximum log composite likelihood: -25.1978829276.
2019-08-01 09:10:02,320 - INFO - Optimal value of theta: 53.3244592383.
2019-08-01 09:10:02,320 - INFO - Beginning optimization with guess, [0.57502489 0.13101909].
2019-08-01 09:10:03,425 - INFO - Finished optimization with guess, [0.57502489 0.13101909].
2019-08-01 09:10:03,425 - INFO - Best fit parameters: [1.07310306 0.16092217].
2019-08-01 09:10:03,433 - INFO - Maximum log composite likelihood: -25.1978826648.
2019-08-01 09:10:03,433 - INFO - Optimal value of theta: 53.3250158558.
2019-08-01 09:10:03,434 - INFO - Beginning optimization with guess, [0.3966471  0.08724553].
2019-08-01 09:10:04,256 - INFO - Finished optimization with guess, [0.3966471  0.08724553].
2019-08-01 09:10:04,257 - INFO - Best fit parameters: [1.07322715 0.16078614].
2019-08-01 09:10:04,264 - INFO - Maximum log composite likelihood: -25.1978823894.
2019-08-01 09:10:04,265 - INFO - Optimal value of theta: 53.3240784376.
2019-08-01 09:10:04,265 - INFO - Beginning optimization with guess, [0.90408727 0.12405128].
2019-08-01 09:10:04,865 - INFO - Finished optimization with guess, [0.90408727 0.12405128].
2019-08-01 09:10:04,865 - INFO - Best fit parameters: [1.07282713 0.16367145].
2019-08-01 09:10:04,873 - INFO - Maximum log composite likelihood: -25.1978849014.
2019-08-01 09:10:04,873 - INFO - Optimal value of theta: 53.3172251567.
2019-08-01 09:10:04,873 - INFO - Beginning optimization with guess, [0.99212639 0.18552917].
2019-08-01 09:10:05,362 - INFO - Finished optimization with guess, [0.99212639 0.18552917].
2019-08-01 09:10:05,362 - INFO - Best fit parameters: [1.07298777 0.16140531].
2019-08-01 09:10:05,370 - INFO - Maximum log composite likelihood: -25.1978828722.
2019-08-01 09:10:05,371 - INFO - Optimal value of theta: 53.3244384938.
2019-08-01 09:10:05,371 - INFO - Beginning optimization with guess, [0.41123677 0.05982186].
2019-08-01 09:10:06,186 - INFO - Finished optimization with guess, [0.41123677 0.05982186].
2019-08-01 09:10:06,187 - INFO - Best fit parameters: [1.07310557 0.1612872 ].
2019-08-01 09:10:06,195 - INFO - Maximum log composite likelihood: -25.1978824956.
2019-08-01 09:10:06,195 - INFO - Optimal value of theta: 53.323497625.
2019-08-01 09:10:06,196 - INFO - Beginning optimization with guess, [0.31787053 0.11675595].
2019-08-01 09:10:06,829 - INFO - Finished optimization with guess, [0.31787053 0.11675595].
2019-08-01 09:10:06,829 - INFO - Best fit parameters: [1.07309328 0.16109743].
2019-08-01 09:10:06,837 - INFO - Maximum log composite likelihood: -25.1978825965.
2019-08-01 09:10:06,838 - INFO - Optimal value of theta: 53.3244189512.
2019-08-01 09:10:06,839 - INFO - Finished demographic inference.
2019-08-01 09:10:06,839 - INFO - Beginning DFE inference.
2019-08-01 09:10:13,026 - INFO - Beginning optimization with guess, [4.81292396e-02 1.77408289e+02].
2019-08-01 09:10:15,215 - INFO - Finished optomization, results are [-21.312712536336 array([1.23345000e-01, 3.74744603e+03])].
2019-08-01 09:10:15,216 - INFO - Beginning optimization with guess, [1.16647677e-01 1.33171903e+02].
2019-08-01 09:10:22,603 - INFO - Finished optomization, results are [-21.306517713732255 array([1.23337341e-01, 3.83248886e+03])].
2019-08-01 09:10:22,604 - INFO - Beginning optimization with guess, [ 0.14958053 66.92893498].
2019-08-01 09:10:27,711 - INFO - Finished optomization, results are [-21.317983124811157 array([1.22328240e-01, 3.84068273e+03])].
2019-08-01 09:10:27,712 - INFO - Beginning optimization with guess, [1.37791103e-01 2.48404917e+02].
2019-08-01 09:10:30,270 - INFO - Finished optomization, results are [-21.31323225075772 array([1.23662737e-01, 3.69785055e+03])].
2019-08-01 09:10:30,270 - INFO - Beginning optimization with guess, [ 0.14232018 67.41050052].
2019-08-01 09:10:35,524 - INFO - Finished optomization, results are [-21.34590698399884 array([1.21110852e-01, 3.81791306e+03])].
2019-08-01 09:10:35,525 - INFO - Beginning optimization with guess, [  0.16304803 104.31569185].
2019-08-01 09:10:37,317 - INFO - Finished optomization, results are [-21.31023331043755 array([1.23820237e-01, 3.71680021e+03])].
2019-08-01 09:10:37,317 - INFO - Beginning optimization with guess, [8.38920419e-02 1.60144731e+02].
2019-08-01 09:10:40,120 - INFO - Finished optomization, results are [-21.316533850462704 array([1.24740441e-01, 3.52091968e+03])].
2019-08-01 09:10:40,121 - INFO - Beginning optimization with guess, [1.75075065e-01 2.07259594e+02].
2019-08-01 09:10:43,103 - INFO - Finished optomization, results are [-21.316326787529434 array([1.23980332e-01, 3.61871734e+03])].
2019-08-01 09:10:43,104 - INFO - Beginning optimization with guess, [5.09502368e-02 8.80122700e+01].
2019-08-01 09:10:45,866 - INFO - Finished optomization, results are [-21.324988172985485 array([1.23947857e-01, 3.53353029e+03])].
2019-08-01 09:10:45,867 - INFO - Beginning optimization with guess, [7.04216136e-02 2.06044851e+02].
2019-08-01 09:10:50,333 - INFO - Finished optomization, results are [-21.31134721060718 array([1.24061022e-01, 3.67132799e+03])].
2019-08-01 09:10:50,334 - INFO - Beginning optimization with guess, [4.93637576e-02 2.52177996e+02].
2019-08-01 09:10:52,554 - INFO - Finished optomization, results are [-21.314834113051653 array([1.23547863e-01, 3.69421093e+03])].
2019-08-01 09:10:52,554 - INFO - Beginning optimization with guess, [6.55193073e-02 8.25626220e+01].
2019-08-01 09:10:56,682 - INFO - Finished optomization, results are [-21.310322869580027 array([1.25009846e-01, 3.58339633e+03])].
2019-08-01 09:10:56,682 - INFO - Beginning optimization with guess, [5.47847552e-02 1.05950398e+02].
2019-08-01 09:10:59,826 - INFO - Finished optomization, results are [-21.313628226874542 array([1.24648278e-01, 3.56986575e+03])].
2019-08-01 09:10:59,837 - INFO - Beginning optimization with guess, [1.21358946e-01 1.88791722e+02].
2019-08-01 09:11:03,446 - INFO - Finished optomization, results are [-21.32676065444995 array([1.23769469e-01, 3.54226174e+03])].
2019-08-01 09:11:03,447 - INFO - Beginning optimization with guess, [1.75403719e-01 1.84714881e+02].
2019-08-01 09:11:06,380 - INFO - Finished optomization, results are [-21.312113141879298 array([1.23193815e-01, 3.77584623e+03])].
2019-08-01 09:11:06,381 - INFO - Beginning optimization with guess, [ 0.12972921 96.92901727].
2019-08-01 09:11:12,422 - INFO - Finished optomization, results are [-21.31315939057674 array([1.23714919e-01, 3.69181117e+03])].
2019-08-01 09:11:12,423 - INFO - Beginning optimization with guess, [ 0.14617809 75.24693725].
2019-08-01 09:11:15,891 - INFO - Finished optomization, results are [-21.31359975314683 array([1.22782092e-01, 3.81786940e+03])].
2019-08-01 09:11:15,891 - INFO - Beginning optimization with guess, [ 0.09423275 88.18723772].
2019-08-01 09:11:21,550 - INFO - Finished optomization, results are [-21.338738091388244 array([1.27696879e-01, 3.81895988e+03])].
2019-08-01 09:11:21,551 - INFO - Beginning optimization with guess, [1.53321022e-01 1.54398759e+02].
2019-08-01 09:11:23,638 - INFO - Finished optomization, results are [-21.31471570500544 array([1.25645863e-01, 3.44956922e+03])].
2019-08-01 09:11:23,638 - INFO - Beginning optimization with guess, [5.71237378e-02 1.97416707e+02].
2019-08-01 09:11:27,126 - INFO - Finished optomization, results are [-21.31233367426347 array([1.23206092e-01, 3.77143163e+03])].
2019-08-01 09:11:27,127 - INFO - Beginning optimization with guess, [5.50766596e-02 1.47742339e+02].
2019-08-01 09:11:31,353 - INFO - Finished optomization, results are [-21.31471070125398 array([1.24468812e-01, 3.57661274e+03])].
2019-08-01 09:11:31,354 - INFO - Beginning optimization with guess, [1.29075516e-01 1.91899285e+02].
2019-08-01 09:11:40,930 - INFO - Finished optomization, results are [-21.313693486420398 array([1.22578382e-01, 3.84741852e+03])].
2019-08-01 09:11:40,932 - INFO - Beginning optimization with guess, [4.51530693e-02 9.93144771e+01].
2019-08-01 09:11:43,391 - INFO - Finished optomization, results are [-21.322079831387878 array([1.24032690e-01, 3.54997353e+03])].
2019-08-01 09:11:43,391 - INFO - Beginning optimization with guess, [ 0.14004211 70.43763304].
2019-08-01 09:11:46,168 - INFO - Finished optomization, results are [-21.31239337662128 array([1.23403339e-01, 3.74332315e+03])].
2019-08-01 09:11:46,168 - INFO - Beginning optimization with guess, [  0.15595173 110.31678812].
2019-08-01 09:11:48,197 - INFO - Finished optomization, results are [-21.312512214919593 array([1.23983523e-01, 3.66526677e+03])].
2019-08-01 09:11:48,199 - INFO - Beginning optimization with guess, [ 0.11049096 91.81342989].
2019-08-01 09:11:49,886 - INFO - Finished optomization, results are [-21.313731710759534 array([1.23378032e-01, 3.73062091e+03])].
2019-08-01 09:11:49,887 - INFO - Beginning optimization with guess, [7.92116026e-02 1.32614108e+02].
2019-08-01 09:11:52,006 - INFO - Finished optomization, results are [-21.316902938898085 array([1.24633741e-01, 3.52918154e+03])].
2019-08-01 09:11:52,006 - INFO - Beginning optimization with guess, [5.71139004e-02 7.73530943e+01].
2019-08-01 09:11:55,008 - INFO - Finished optomization, results are [-21.309105731448028 array([1.23690169e-01, 3.74921753e+03])].
2019-08-01 09:11:55,008 - INFO - Beginning optimization with guess, [9.44910493e-02 9.49200162e+01].
2019-08-01 09:11:57,735 - INFO - Finished optomization, results are [-21.30851306749594 array([1.23888318e-01, 3.73360663e+03])].
2019-08-01 09:11:57,735 - INFO - Beginning optimization with guess, [1.72117038e-01 2.27518216e+02].
2019-08-01 09:11:59,703 - INFO - Finished optomization, results are [-21.31207967023734 array([1.23362174e-01, 3.75286499e+03])].
2019-08-01 09:11:59,704 - INFO - Beginning optimization with guess, [  0.12910835 127.7183527 ].
2019-08-01 09:12:06,052 - INFO - Finished optomization, results are [-21.307994148553995 array([1.23241278e-01, 3.82339828e+03])].
2019-08-01 09:12:06,052 - INFO - Beginning optimization with guess, [1.47916439e-01 2.10138610e+02].
2019-08-01 09:12:09,228 - INFO - Finished optomization, results are [-21.329291548927742 array([1.23978301e-01, 3.49081526e+03])].
2019-08-01 09:12:09,229 - INFO - Beginning optimization with guess, [1.32590394e-01 2.18820634e+02].
2019-08-01 09:12:16,326 - INFO - Finished optomization, results are [-21.31169040814447 array([1.22732604e-01, 3.84743825e+03])].
2019-08-01 09:12:16,326 - INFO - Beginning optimization with guess, [8.13839694e-02 1.30457364e+02].
2019-08-01 09:12:18,483 - INFO - Finished optomization, results are [-21.308652445300737 array([1.24653985e-01, 3.64744182e+03])].
2019-08-01 09:12:18,484 - INFO - Beginning optimization with guess, [8.84120860e-02 1.39417804e+02].
2019-08-01 09:12:20,291 - INFO - Finished optomization, results are [-21.316484760311194 array([1.24335672e-01, 3.57107232e+03])].
2019-08-01 09:12:20,291 - INFO - Beginning optimization with guess, [5.14489974e-02 1.30639412e+02].
2019-08-01 09:12:23,269 - INFO - Finished optomization, results are [-21.310046350016044 array([1.23395655e-01, 3.77452037e+03])].
2019-08-01 09:12:23,270 - INFO - Beginning optimization with guess, [8.13003265e-02 9.02178646e+01].
2019-08-01 09:12:29,250 - INFO - Finished optomization, results are [-21.309570924639406 array([1.23593672e-01, 3.75494278e+03])].
2019-08-01 09:12:29,251 - INFO - Beginning optimization with guess, [8.49682998e-02 2.09606031e+02].
2019-08-01 09:12:32,321 - INFO - Finished optomization, results are [-21.317111891542588 array([1.23965604e-01, 3.61168672e+03])].
2019-08-01 09:12:32,322 - INFO - Beginning optimization with guess, [ 0.12592352 94.7106649 ].
2019-08-01 09:12:35,772 - INFO - Finished optomization, results are [-21.31230178647362 array([1.23381740e-01, 3.74742047e+03])].
2019-08-01 09:12:35,772 - INFO - Beginning optimization with guess, [ 0.10943456 66.34000194].
2019-08-01 09:12:42,253 - INFO - Finished optomization, results are [-21.306486708566233 array([1.23663302e-01, 3.79250256e+03])].
2019-08-01 09:12:42,254 - INFO - Beginning optimization with guess, [1.36879712e-01 1.58140357e+02].
2019-08-01 09:12:46,951 - INFO - Finished optomization, results are [-21.30723878616648 array([1.23456892e-01, 3.80628536e+03])].
2019-08-01 09:12:46,952 - INFO - Beginning optimization with guess, [ 0.14560033 67.92197363].
2019-08-01 09:12:48,967 - INFO - Finished optomization, results are [-21.317385773897513 array([1.24389537e-01, 3.55365731e+03])].
2019-08-01 09:12:48,968 - INFO - Beginning optimization with guess, [ 0.14514502 64.61329004].
2019-08-01 09:12:54,182 - INFO - Finished optomization, results are [-21.32603273468972 array([1.22180572e-01, 3.78909962e+03])].
2019-08-01 09:12:54,183 - INFO - Beginning optimization with guess, [7.91660415e-02 8.52889579e+01].
2019-08-01 09:12:56,558 - INFO - Finished optomization, results are [-21.31400565158301 array([1.24434054e-01, 3.58999767e+03])].
2019-08-01 09:12:56,558 - INFO - Beginning optimization with guess, [5.30260133e-02 9.88721237e+01].
2019-08-01 09:12:59,784 - INFO - Finished optomization, results are [-21.321312389376132 array([1.24051597e-01, 3.55515766e+03])].
2019-08-01 09:12:59,785 - INFO - Beginning optimization with guess, [1.12895613e-01 2.35056749e+02].
2019-08-01 09:13:02,213 - INFO - Finished optomization, results are [-21.31288152263033 array([1.23679245e-01, 3.70001320e+03])].
2019-08-01 09:13:02,214 - INFO - Beginning optimization with guess, [ 0.10999323 80.46954858].
2019-08-01 09:13:08,071 - INFO - Finished optomization, results are [-21.32520864684549 array([1.21897486e-01, 3.84261058e+03])].
2019-08-01 09:13:08,071 - INFO - Beginning optimization with guess, [8.02146864e-02 1.79060557e+02].
2019-08-01 09:13:12,544 - INFO - Finished optomization, results are [-21.308341888926442 array([1.23458720e-01, 3.78981706e+03])].
2019-08-01 09:13:12,544 - INFO - Beginning optimization with guess, [1.25320718e-01 1.65215732e+02].
2019-08-01 09:13:14,522 - INFO - Finished optomization, results are [-21.312876579996875 array([1.24631082e-01, 3.58238637e+03])].
2019-08-01 09:13:14,522 - INFO - Beginning optimization with guess, [9.34620715e-02 1.96675719e+02].
2019-08-01 09:13:19,685 - INFO - Finished optomization, results are [-21.31228113575729 array([1.23218206e-01, 3.77037165e+03])].
2019-08-01 09:13:19,685 - INFO - Beginning optimization with guess, [7.38657565e-02 1.01728569e+02].
2019-08-01 09:13:24,725 - INFO - Finished optomization, results are [-21.310775947618545 array([1.22955811e-01, 3.82610349e+03])].
2019-08-01 09:13:24,726 - INFO - Beginning optimization with guess, [ 0.12747404 87.30731027].
2019-08-01 09:13:26,684 - INFO - Finished optomization, results are [-21.32743086929576 array([1.23558802e-01, 3.56636252e+03])].
2019-08-01 09:13:26,685 - INFO - Beginning optimization with guess, [ 0.07352674 70.39851696].
2019-08-01 09:13:32,540 - INFO - Finished optomization, results are [-21.30864272602946 array([1.23634107e-01, 3.76300930e+03])].
2019-08-01 09:13:32,541 - INFO - Beginning optimization with guess, [ 0.07808624 67.84613073].
2019-08-01 09:13:34,986 - INFO - Finished optomization, results are [-21.319652597989013 array([1.24721741e-01, 3.48628326e+03])].
2019-08-01 09:13:34,986 - INFO - Beginning optimization with guess, [9.93087579e-02 1.33150775e+02].
2019-08-01 09:13:38,676 - INFO - Finished optomization, results are [-21.30860704262875 array([1.23103727e-01, 3.83354779e+03])].
2019-08-01 09:13:38,677 - INFO - Beginning optimization with guess, [ 0.15997408 87.38877169].
2019-08-01 09:13:41,033 - INFO - Finished optomization, results are [-21.311103333060558 array([1.24452817e-01, 3.62854307e+03])].
2019-08-01 09:13:41,033 - INFO - Beginning optimization with guess, [7.55531550e-02 8.76419205e+01].
2019-08-01 09:13:42,984 - INFO - Finished optomization, results are [-21.315328241837033 array([1.24151111e-01, 3.60839763e+03])].
2019-08-01 09:13:42,984 - INFO - Beginning optimization with guess, [7.96029638e-02 1.34942288e+02].
2019-08-01 09:13:45,049 - INFO - Finished optomization, results are [-21.31584259820861 array([1.24587019e-01, 3.54793782e+03])].
2019-08-01 09:13:45,049 - INFO - Beginning optimization with guess, [8.94208928e-02 1.77078322e+02].
2019-08-01 09:13:47,371 - INFO - Finished optomization, results are [-21.310092465445365 array([1.23182796e-01, 3.80288202e+03])].
2019-08-01 09:13:47,372 - INFO - Beginning optimization with guess, [5.25696904e-02 1.68312526e+02].
2019-08-01 09:13:50,151 - INFO - Finished optomization, results are [-21.31030367984883 array([1.23262619e-01, 3.78914854e+03])].
2019-08-01 09:13:50,151 - INFO - Beginning optimization with guess, [6.44418849e-02 8.74813167e+01].
2019-08-01 09:13:52,924 - INFO - Finished optomization, results are [-21.314619673704318 array([1.25612094e-01, 3.45424856e+03])].
2019-08-01 09:13:52,925 - INFO - Beginning optimization with guess, [1.36659641e-01 1.81369956e+02].
2019-08-01 09:13:55,595 - INFO - Finished optomization, results are [-21.319989661470537 array([1.23159202e-01, 3.69407560e+03])].
2019-08-01 09:13:55,595 - INFO - Beginning optimization with guess, [4.54213721e-02 9.86872631e+01].
2019-08-01 09:13:58,583 - INFO - Finished optomization, results are [-21.321896408818482 array([1.23958786e-01, 3.56185513e+03])].
2019-08-01 09:13:58,583 - INFO - Beginning optimization with guess, [4.73249324e-02 1.88285367e+02].
2019-08-01 09:14:04,741 - INFO - Finished optomization, results are [-21.309456541733418 array([1.22913920e-01, 3.84884292e+03])].
2019-08-01 09:14:04,741 - INFO - Beginning optimization with guess, [6.24706795e-02 1.40803724e+02].
2019-08-01 09:14:09,664 - INFO - Finished optomization, results are [-21.314150345163053 array([1.22786120e-01, 3.81105058e+03])].
2019-08-01 09:14:09,665 - INFO - Beginning optimization with guess, [ 0.0894462  77.64528393].
2019-08-01 09:14:15,337 - INFO - Finished optomization, results are [-21.3134155217529 array([1.22970999e-01, 3.79221197e+03])].
2019-08-01 09:14:15,337 - INFO - Beginning optimization with guess, [6.06471233e-02 2.18330748e+02].
2019-08-01 09:14:19,721 - INFO - Finished optomization, results are [-21.330965964971156 array([1.22102124e-01, 3.76047820e+03])].
2019-08-01 09:14:19,722 - INFO - Beginning optimization with guess, [7.13369476e-02 1.13866748e+02].
2019-08-01 09:14:24,591 - INFO - Finished optomization, results are [-21.309559291234216 array([1.23004528e-01, 3.83468554e+03])].
2019-08-01 09:14:24,592 - INFO - Beginning optimization with guess, [8.55035452e-02 2.10942697e+02].
2019-08-01 09:14:26,914 - INFO - Finished optomization, results are [-21.311326256253835 array([1.23132540e-01, 3.79417185e+03])].
2019-08-01 09:14:26,914 - INFO - Beginning optimization with guess, [6.83993229e-02 1.05261930e+02].
2019-08-01 09:14:29,238 - INFO - Finished optomization, results are [-21.311447587177888 array([1.23750787e-01, 3.70910143e+03])].
2019-08-01 09:14:29,238 - INFO - Beginning optimization with guess, [  0.15620994 151.52126166].
2019-08-01 09:14:31,704 - INFO - Finished optomization, results are [-21.314179605077005 array([1.24854185e-01, 3.53884191e+03])].
2019-08-01 09:14:31,705 - INFO - Beginning optimization with guess, [7.16741991e-02 1.16021943e+02].
2019-08-01 09:14:33,529 - INFO - Finished optomization, results are [-21.319046720348073 array([1.23697224e-01, 3.62701477e+03])].
2019-08-01 09:14:33,530 - INFO - Beginning optimization with guess, [  0.14176383 125.8157606 ].
2019-08-01 09:14:34,849 - INFO - Finished optomization, results are [-21.307610359451186 array([1.23296224e-01, 3.82160176e+03])].
2019-08-01 09:14:34,849 - INFO - Beginning optimization with guess, [9.06927564e-02 1.63730887e+02].
2019-08-01 09:14:40,793 - INFO - Finished optomization, results are [-21.30988968715841 array([1.23259807e-01, 3.79497212e+03])].
2019-08-01 09:14:40,794 - INFO - Beginning optimization with guess, [9.79695686e-02 1.84225934e+02].
2019-08-01 09:14:43,517 - INFO - Finished optomization, results are [-21.31972238027548 array([1.24119156e-01, 3.56267630e+03])].
2019-08-01 09:14:43,518 - INFO - Beginning optimization with guess, [7.75489381e-02 2.14694797e+02].
2019-08-01 09:14:48,641 - INFO - Finished optomization, results are [-21.318402246261478 array([1.22370437e-01, 3.82982658e+03])].
2019-08-01 09:14:48,641 - INFO - Beginning optimization with guess, [5.60775106e-02 7.45756970e+01].
2019-08-01 09:14:54,640 - INFO - Finished optomization, results are [-21.303894350726967 array([1.23601455e-01, 3.84452015e+03])].
2019-08-01 09:14:54,641 - INFO - Beginning optimization with guess, [ 0.14153238 79.39822431].
2019-08-01 09:14:56,465 - INFO - Finished optomization, results are [-21.340329274468264 array([1.23118202e-01, 3.52970641e+03])].
2019-08-01 09:14:56,465 - INFO - Beginning optimization with guess, [1.03148213e-01 1.34988231e+02].
2019-08-01 09:14:58,950 - INFO - Finished optomization, results are [-21.31117025402227 array([1.23853204e-01, 3.69970396e+03])].
2019-08-01 09:14:58,950 - INFO - Beginning optimization with guess, [1.41901354e-01 1.47345460e+02].
2019-08-01 09:15:01,848 - INFO - Finished optomization, results are [-21.315265335296907 array([1.24400979e-01, 3.57784085e+03])].
2019-08-01 09:15:01,848 - INFO - Beginning optimization with guess, [7.07874205e-02 1.01614160e+02].
2019-08-01 09:15:03,651 - INFO - Finished optomization, results are [-21.309548019874995 array([1.23052030e-01, 3.82816795e+03])].
2019-08-01 09:15:03,651 - INFO - Beginning optimization with guess, [6.43559447e-02 1.41242674e+02].
2019-08-01 09:15:06,235 - INFO - Finished optomization, results are [-21.3058576368814 array([1.24496124e-01, 3.71690091e+03])].
2019-08-01 09:15:06,236 - INFO - Beginning optimization with guess, [4.66079749e-02 7.05787308e+01].
2019-08-01 09:15:08,881 - INFO - Finished optomization, results are [-21.314163918249356 array([1.23622841e-01, 3.69189464e+03])].
2019-08-01 09:15:08,882 - INFO - Beginning optimization with guess, [ 0.16414748 86.30852082].
2019-08-01 09:15:10,756 - INFO - Finished optomization, results are [-21.309980820591402 array([1.23945321e-01, 3.70487565e+03])].
2019-08-01 09:15:10,757 - INFO - Beginning optimization with guess, [4.91858323e-02 1.32762160e+02].
2019-08-01 09:15:13,767 - INFO - Finished optomization, results are [-21.309574480596524 array([1.23119647e-01, 3.81840587e+03])].
2019-08-01 09:15:13,767 - INFO - Beginning optimization with guess, [  0.13892605 122.79999324].
2019-08-01 09:15:17,235 - INFO - Finished optomization, results are [-21.31016932266829 array([1.23746812e-01, 3.72697679e+03])].
2019-08-01 09:15:17,236 - INFO - Beginning optimization with guess, [1.07495160e-01 2.45879115e+02].
2019-08-01 09:15:19,387 - INFO - Finished optomization, results are [-21.309832272482044 array([1.23031114e-01, 3.82740255e+03])].
2019-08-01 09:15:19,387 - INFO - Beginning optimization with guess, [8.07117291e-02 1.51881097e+02].
2019-08-01 09:15:21,846 - INFO - Finished optomization, results are [-21.322397234322807 array([1.23438669e-01, 3.62986005e+03])].
2019-08-01 09:15:21,846 - INFO - Beginning optimization with guess, [ 0.14741506 82.0011658 ].
2019-08-01 09:15:25,014 - INFO - Finished optomization, results are [-21.31009411491861 array([1.23042774e-01, 3.82238702e+03])].
2019-08-01 09:15:25,016 - INFO - Beginning optimization with guess, [9.38698004e-02 1.83161702e+02].
2019-08-01 09:15:26,743 - INFO - Finished optomization, results are [-21.31821334110295 array([1.24297686e-01, 3.55587315e+03])].
2019-08-01 09:15:26,743 - INFO - Beginning optimization with guess, [ 0.13147066 98.40804067].
2019-08-01 09:15:31,320 - INFO - Finished optomization, results are [-21.31932520334533 array([1.22810493e-01, 3.75268304e+03])].
2019-08-01 09:15:31,320 - INFO - Beginning optimization with guess, [  0.14474819 124.52915511].
2019-08-01 09:15:34,790 - INFO - Finished optomization, results are [-21.30521957140964 array([1.23470338e-01, 3.83655690e+03])].
2019-08-01 09:15:34,791 - INFO - Beginning optimization with guess, [4.84109082e-02 1.18568623e+02].
2019-08-01 09:15:36,971 - INFO - Finished optomization, results are [-21.312075809899568 array([1.23675462e-01, 3.71073417e+03])].
2019-08-01 09:15:36,972 - INFO - Beginning optimization with guess, [4.58613975e-02 1.19128681e+02].
2019-08-01 09:15:39,528 - INFO - Finished optomization, results are [-21.3126560855418 array([1.23648744e-01, 3.70689593e+03])].
2019-08-01 09:15:39,529 - INFO - Beginning optimization with guess, [1.61938979e-01 2.11294892e+02].
2019-08-01 09:15:42,853 - INFO - Finished optomization, results are [-21.319513977348844 array([1.23863337e-01, 3.59928357e+03])].
2019-08-01 09:15:42,853 - INFO - Beginning optimization with guess, [8.53614017e-02 8.99713717e+01].
2019-08-01 09:15:44,805 - INFO - Finished optomization, results are [-21.32046288446241 array([1.24406071e-01, 3.51724924e+03])].
2019-08-01 09:15:44,805 - INFO - Beginning optimization with guess, [7.38779049e-02 1.09472690e+02].
2019-08-01 09:15:46,704 - INFO - Finished optomization, results are [-21.31716135185054 array([1.22883728e-01, 3.76382203e+03])].
2019-08-01 09:15:46,705 - INFO - Beginning optimization with guess, [6.43830567e-02 1.14302130e+02].
2019-08-01 09:15:49,916 - INFO - Finished optomization, results are [-21.307257511937564 array([1.24508734e-01, 3.68742760e+03])].
2019-08-01 09:15:49,916 - INFO - Beginning optimization with guess, [ 0.15603353 64.78058901].
2019-08-01 09:15:54,990 - INFO - Finished optomization, results are [-21.31118157350891 array([1.23440365e-01, 3.75359686e+03])].
2019-08-01 09:15:54,991 - INFO - Beginning optimization with guess, [1.00867470e-01 1.18262942e+02].
2019-08-01 09:15:59,498 - INFO - Finished optomization, results are [-21.312778025171298 array([1.23081026e-01, 3.78381897e+03])].
2019-08-01 09:15:59,499 - INFO - Finished DFE inference.
2019-08-01 09:15:59,499 - INFO - Integrating expected site-frequency spectrum.
2019-08-01 09:15:59,515 - INFO - Outputing results.
2019-08-01 09:15:59,520 - INFO - Pipeline executed succesfully.
