2019-08-01 09:08:53,076 - INFO - Beginning execution of fitdadi_infer_DFE.py in directory /u/home/j/jonmah/lohmueller_lab/Scripts

2019-08-01 09:08:53,077 - INFO - Progress is being logged to ../Data/AW_array_2000/seed_56_fitdadi_output/log.log

2019-08-01 09:08:53,077 - INFO - Parsed the following arguments:
	breed = AW
	outprefix = ../Data/AW_array_2000/seed_56_fitdadi_output/
	nonsyn_input_sfs = ../Data/AW_array_2000/seed_56_easySFS_output_nonsyn/dadi/pop1.sfs
	syn_input_sfs = ../Data/AW_array_2000/seed_56_easySFS_output_syn/dadi/pop1.sfs

2019-08-01 09:08:53,079 - INFO - Beginning optimization with guess, [0.56877867 0.11164386].
2019-08-01 09:08:54,638 - INFO - Finished optimization with guess, [0.56877867 0.11164386].
2019-08-01 09:08:54,639 - INFO - Best fit parameters: [2.08008765 2.72789004].
2019-08-01 09:08:54,651 - INFO - Maximum log composite likelihood: -22.8505194547.
2019-08-01 09:08:54,651 - INFO - Optimal value of theta: 32.8050376884.
2019-08-01 09:08:54,651 - INFO - Beginning optimization with guess, [0.69644681 0.14315638].
2019-08-01 09:08:55,619 - INFO - Finished optimization with guess, [0.69644681 0.14315638].
2019-08-01 09:08:55,619 - INFO - Best fit parameters: [2.10069014 2.77425451].
2019-08-01 09:08:55,631 - INFO - Maximum log composite likelihood: -22.8504807614.
2019-08-01 09:08:55,631 - INFO - Optimal value of theta: 32.4826235148.
2019-08-01 09:08:55,632 - INFO - Beginning optimization with guess, [0.68618934 0.08935361].
2019-08-01 09:08:56,655 - INFO - Finished optimization with guess, [0.68618934 0.08935361].
2019-08-01 09:08:56,656 - INFO - Best fit parameters: [2.10013908 2.77293381].
2019-08-01 09:08:56,668 - INFO - Maximum log composite likelihood: -22.8504818.
2019-08-01 09:08:56,668 - INFO - Optimal value of theta: 32.4913277773.
2019-08-01 09:08:56,669 - INFO - Beginning optimization with guess, [0.4598728  0.12048067].
2019-08-01 09:08:58,175 - INFO - Finished optimization with guess, [0.4598728  0.12048067].
2019-08-01 09:08:58,175 - INFO - Best fit parameters: [2.10308165 2.77981386].
2019-08-01 09:08:58,187 - INFO - Maximum log composite likelihood: -22.850476374.
2019-08-01 09:08:58,187 - INFO - Optimal value of theta: 32.4452384984.
2019-08-01 09:08:58,187 - INFO - Beginning optimization with guess, [0.49021326 0.11859156].
2019-08-01 09:08:59,504 - INFO - Finished optimization with guess, [0.49021326 0.11859156].
2019-08-01 09:08:59,504 - INFO - Best fit parameters: [2.14304719 2.85974816].
2019-08-01 09:08:59,516 - INFO - Maximum log composite likelihood: -22.8504192901.
2019-08-01 09:08:59,517 - INFO - Optimal value of theta: 31.856755387.
2019-08-01 09:08:59,517 - INFO - Beginning optimization with guess, [0.31683183 0.10389823].
2019-08-01 09:09:00,421 - INFO - Finished optimization with guess, [0.31683183 0.10389823].
2019-08-01 09:09:00,421 - INFO - Best fit parameters: [1.79228687 2.08954662].
2019-08-01 09:09:00,432 - INFO - Maximum log composite likelihood: -22.8516146068.
2019-08-01 09:09:00,433 - INFO - Optimal value of theta: 37.9998707391.
2019-08-01 09:09:00,433 - INFO - Beginning optimization with guess, [0.27898706 0.10088297].
2019-08-01 09:09:01,004 - INFO - Finished optimization with guess, [0.27898706 0.10088297].
2019-08-01 09:09:01,004 - INFO - Best fit parameters: [8.         0.00836328].
2019-08-01 09:09:01,011 - INFO - Maximum log composite likelihood: -23.1663787978.
2019-08-01 09:09:01,011 - INFO - Optimal value of theta: 59.5573947125.
2019-08-01 09:09:01,011 - INFO - Beginning optimization with guess, [0.45799381 0.11772722].
2019-08-01 09:09:02,143 - INFO - Finished optimization with guess, [0.45799381 0.11772722].
2019-08-01 09:09:02,143 - INFO - Best fit parameters: [2.09562571 2.76337428].
2019-08-01 09:09:02,155 - INFO - Maximum log composite likelihood: -22.8504898174.
2019-08-01 09:09:02,155 - INFO - Optimal value of theta: 32.5603050245.
2019-08-01 09:09:02,155 - INFO - Beginning optimization with guess, [0.44216116 0.05010968].
2019-08-01 09:09:02,637 - INFO - Finished optimization with guess, [0.44216116 0.05010968].
2019-08-01 09:09:02,637 - INFO - Best fit parameters: [8.         0.00836367].
2019-08-01 09:09:02,644 - INFO - Maximum log composite likelihood: -23.1663787951.
2019-08-01 09:09:02,645 - INFO - Optimal value of theta: 59.5573481122.
2019-08-01 09:09:02,645 - INFO - Beginning optimization with guess, [0.35916804 0.17956585].
2019-08-01 09:09:03,619 - INFO - Finished optimization with guess, [0.35916804 0.17956585].
2019-08-01 09:09:03,619 - INFO - Best fit parameters: [2.11302317 2.80215286].
2019-08-01 09:09:03,631 - INFO - Maximum log composite likelihood: -22.8504588733.
2019-08-01 09:09:03,632 - INFO - Optimal value of theta: 32.2922013474.
2019-08-01 09:09:03,632 - INFO - Beginning optimization with guess, [0.35762722 0.08580513].
2019-08-01 09:09:04,346 - INFO - Finished optimization with guess, [0.35762722 0.08580513].
2019-08-01 09:09:04,346 - INFO - Best fit parameters: [8.         0.00835601].
2019-08-01 09:09:04,353 - INFO - Maximum log composite likelihood: -23.1663788941.
2019-08-01 09:09:04,354 - INFO - Optimal value of theta: 59.5582769947.
2019-08-01 09:09:04,354 - INFO - Beginning optimization with guess, [0.26005924 0.12206091].
2019-08-01 09:09:05,985 - INFO - Finished optimization with guess, [0.26005924 0.12206091].
2019-08-01 09:09:05,987 - INFO - Best fit parameters: [2.10206794 2.77757302].
2019-08-01 09:09:05,999 - INFO - Maximum log composite likelihood: -22.8504781872.
2019-08-01 09:09:05,999 - INFO - Optimal value of theta: 32.4608494137.
2019-08-01 09:09:06,000 - INFO - Beginning optimization with guess, [0.35073098 0.137514  ].
2019-08-01 09:09:07,152 - INFO - Finished optimization with guess, [0.35073098 0.137514  ].
2019-08-01 09:09:07,152 - INFO - Best fit parameters: [2.09763229 2.7659996 ].
2019-08-01 09:09:07,165 - INFO - Maximum log composite likelihood: -22.8504870357.
2019-08-01 09:09:07,165 - INFO - Optimal value of theta: 32.5327780734.
2019-08-01 09:09:07,165 - INFO - Beginning optimization with guess, [0.41587015 0.12801154].
2019-08-01 09:09:08,807 - INFO - Finished optimization with guess, [0.41587015 0.12801154].
2019-08-01 09:09:08,807 - INFO - Best fit parameters: [2.10039418 2.77381934].
2019-08-01 09:09:08,819 - INFO - Maximum log composite likelihood: -22.8504812221.
2019-08-01 09:09:08,820 - INFO - Optimal value of theta: 32.4867627692.
2019-08-01 09:09:08,820 - INFO - Beginning optimization with guess, [0.43124701 0.0951609 ].
2019-08-01 09:09:09,786 - INFO - Finished optimization with guess, [0.43124701 0.0951609 ].
2019-08-01 09:09:09,786 - INFO - Best fit parameters: [2.09181919 2.75490452].
2019-08-01 09:09:09,798 - INFO - Maximum log composite likelihood: -22.8504968421.
2019-08-01 09:09:09,798 - INFO - Optimal value of theta: 32.6195008744.
2019-08-01 09:09:09,799 - INFO - Beginning optimization with guess, [0.2914867  0.05100126].
2019-08-01 09:09:10,468 - INFO - Finished optimization with guess, [0.2914867  0.05100126].
2019-08-01 09:09:10,468 - INFO - Best fit parameters: [8.         0.00836558].
2019-08-01 09:09:10,475 - INFO - Maximum log composite likelihood: -23.1663787855.
2019-08-01 09:09:10,476 - INFO - Optimal value of theta: 59.5571161337.
2019-08-01 09:09:10,476 - INFO - Beginning optimization with guess, [0.35751383 0.05413459].
2019-08-01 09:09:10,877 - INFO - Finished optimization with guess, [0.35751383 0.05413459].
2019-08-01 09:09:10,877 - INFO - Best fit parameters: [8.         0.00836333].
2019-08-01 09:09:10,884 - INFO - Maximum log composite likelihood: -23.1663787974.
2019-08-01 09:09:10,885 - INFO - Optimal value of theta: 59.5573885227.
2019-08-01 09:09:10,885 - INFO - Beginning optimization with guess, [0.96607999 0.11844032].
2019-08-01 09:09:12,059 - INFO - Finished optimization with guess, [0.96607999 0.11844032].
2019-08-01 09:09:12,059 - INFO - Best fit parameters: [2.09996778 2.77475024].
2019-08-01 09:09:12,071 - INFO - Maximum log composite likelihood: -22.8504817894.
2019-08-01 09:09:12,072 - INFO - Optimal value of theta: 32.4896901248.
2019-08-01 09:09:12,072 - INFO - Beginning optimization with guess, [0.34796962 0.06860147].
2019-08-01 09:09:12,618 - INFO - Finished optimization with guess, [0.34796962 0.06860147].
2019-08-01 09:09:12,618 - INFO - Best fit parameters: [8.         0.00836267].
2019-08-01 09:09:12,625 - INFO - Maximum log composite likelihood: -23.1663788025.
2019-08-01 09:09:12,625 - INFO - Optimal value of theta: 59.5574689173.
2019-08-01 09:09:12,625 - INFO - Beginning optimization with guess, [0.38345126 0.05689418].
2019-08-01 09:09:13,152 - INFO - Finished optimization with guess, [0.38345126 0.05689418].
2019-08-01 09:09:13,152 - INFO - Best fit parameters: [8.         0.00836379].
2019-08-01 09:09:13,159 - INFO - Maximum log composite likelihood: -23.1663787944.
2019-08-01 09:09:13,159 - INFO - Optimal value of theta: 59.5573333809.
2019-08-01 09:09:13,159 - INFO - Beginning optimization with guess, [0.72075255 0.08752242].
2019-08-01 09:09:14,071 - INFO - Finished optimization with guess, [0.72075255 0.08752242].
2019-08-01 09:09:14,071 - INFO - Best fit parameters: [1.85159949 2.24084385].
2019-08-01 09:09:14,083 - INFO - Maximum log composite likelihood: -22.8513507579.
2019-08-01 09:09:14,083 - INFO - Optimal value of theta: 36.7609326376.
2019-08-01 09:09:14,084 - INFO - Beginning optimization with guess, [0.67584633 0.05175087].
2019-08-01 09:09:14,210 - INFO - Finished optimization with guess, [0.67584633 0.05175087].
2019-08-01 09:09:14,210 - INFO - Best fit parameters: [1.30566364 0.03601185].
2019-08-01 09:09:14,217 - INFO - Maximum log composite likelihood: -23.1780933996.
2019-08-01 09:09:14,217 - INFO - Optimal value of theta: 59.5107464692.
2019-08-01 09:09:14,218 - INFO - Beginning optimization with guess, [0.76977815 0.09191639].
2019-08-01 09:09:15,832 - INFO - Finished optimization with guess, [0.76977815 0.09191639].
2019-08-01 09:09:15,834 - INFO - Best fit parameters: [2.2039742 3.       ].
2019-08-01 09:09:15,847 - INFO - Maximum log composite likelihood: -22.8503244186.
2019-08-01 09:09:15,847 - INFO - Optimal value of theta: 30.965015294.
2019-08-01 09:09:15,847 - INFO - Beginning optimization with guess, [0.5851548  0.07145378].
2019-08-01 09:09:16,850 - INFO - Finished optimization with guess, [0.5851548  0.07145378].
2019-08-01 09:09:16,851 - INFO - Best fit parameters: [2.05227467 2.67038482].
2019-08-01 09:09:16,863 - INFO - Maximum log composite likelihood: -22.8505758376.
2019-08-01 09:09:16,863 - INFO - Optimal value of theta: 33.2396417567.
2019-08-01 09:09:16,863 - INFO - Beginning optimization with guess, [0.71076058 0.13012748].
2019-08-01 09:09:17,907 - INFO - Finished optimization with guess, [0.71076058 0.13012748].
2019-08-01 09:09:17,908 - INFO - Best fit parameters: [2.10076373 2.77578947].
2019-08-01 09:09:17,920 - INFO - Maximum log composite likelihood: -22.8504803365.
2019-08-01 09:09:17,921 - INFO - Optimal value of theta: 32.4788131937.
2019-08-01 09:09:17,921 - INFO - Beginning optimization with guess, [0.49071526 0.14053802].
2019-08-01 09:09:19,230 - INFO - Finished optimization with guess, [0.49071526 0.14053802].
2019-08-01 09:09:19,230 - INFO - Best fit parameters: [2.09243347 2.75783845].
2019-08-01 09:09:19,242 - INFO - Maximum log composite likelihood: -22.8504955116.
2019-08-01 09:09:19,242 - INFO - Optimal value of theta: 32.6068573332.
2019-08-01 09:09:19,242 - INFO - Beginning optimization with guess, [0.25603874 0.06811255].
2019-08-01 09:09:19,919 - INFO - Finished optimization with guess, [0.25603874 0.06811255].
2019-08-01 09:09:19,920 - INFO - Best fit parameters: [8.         0.00836339].
2019-08-01 09:09:19,927 - INFO - Maximum log composite likelihood: -23.166378797.
2019-08-01 09:09:19,927 - INFO - Optimal value of theta: 59.5573817176.
2019-08-01 09:09:19,927 - INFO - Beginning optimization with guess, [0.39363756 0.12141306].
2019-08-01 09:09:21,003 - INFO - Finished optimization with guess, [0.39363756 0.12141306].
2019-08-01 09:09:21,003 - INFO - Best fit parameters: [2.11717195 2.81113185].
2019-08-01 09:09:21,015 - INFO - Maximum log composite likelihood: -22.8504518622.
2019-08-01 09:09:21,015 - INFO - Optimal value of theta: 32.2294059696.
2019-08-01 09:09:21,016 - INFO - Beginning optimization with guess, [0.59043767 0.16877332].
2019-08-01 09:09:22,389 - INFO - Finished optimization with guess, [0.59043767 0.16877332].
2019-08-01 09:09:22,389 - INFO - Best fit parameters: [2.09237269 2.75723605].
2019-08-01 09:09:22,401 - INFO - Maximum log composite likelihood: -22.850495621.
2019-08-01 09:09:22,401 - INFO - Optimal value of theta: 32.6087200069.
2019-08-01 09:09:22,401 - INFO - Beginning optimization with guess, [0.64889608 0.06488106].
2019-08-01 09:09:23,621 - INFO - Finished optimization with guess, [0.64889608 0.06488106].
2019-08-01 09:09:23,621 - INFO - Best fit parameters: [2.09665511 2.76532451].
2019-08-01 09:09:23,633 - INFO - Maximum log composite likelihood: -22.8504880485.
2019-08-01 09:09:23,634 - INFO - Optimal value of theta: 32.5449982192.
2019-08-01 09:09:23,634 - INFO - Beginning optimization with guess, [0.40644715 0.08243841].
2019-08-01 09:09:24,232 - INFO - Finished optimization with guess, [0.40644715 0.08243841].
2019-08-01 09:09:24,232 - INFO - Best fit parameters: [1.30424983 0.03651384].
2019-08-01 09:09:24,240 - INFO - Maximum log composite likelihood: -23.1780849746.
2019-08-01 09:09:24,240 - INFO - Optimal value of theta: 59.5012472399.
2019-08-01 09:09:24,240 - INFO - Beginning optimization with guess, [0.88365784 0.06859087].
2019-08-01 09:09:25,439 - INFO - Finished optimization with guess, [0.88365784 0.06859087].
2019-08-01 09:09:25,439 - INFO - Best fit parameters: [2.09975415 2.77327571].
2019-08-01 09:09:25,451 - INFO - Maximum log composite likelihood: -22.8504821883.
2019-08-01 09:09:25,452 - INFO - Optimal value of theta: 32.4949419892.
2019-08-01 09:09:25,452 - INFO - Beginning optimization with guess, [0.27760981 0.14897416].
2019-08-01 09:09:26,723 - INFO - Finished optimization with guess, [0.27760981 0.14897416].
2019-08-01 09:09:26,723 - INFO - Best fit parameters: [2.10018855 2.77420227].
2019-08-01 09:09:26,735 - INFO - Maximum log composite likelihood: -22.8504814053.
2019-08-01 09:09:26,735 - INFO - Optimal value of theta: 32.4883024719.
2019-08-01 09:09:26,736 - INFO - Beginning optimization with guess, [0.74879952 0.06103793].
2019-08-01 09:09:27,647 - INFO - Finished optimization with guess, [0.74879952 0.06103793].
2019-08-01 09:09:27,648 - INFO - Best fit parameters: [1.58087909 1.60406473].
2019-08-01 09:09:27,659 - INFO - Maximum log composite likelihood: -22.854728805.
2019-08-01 09:09:27,659 - INFO - Optimal value of theta: 42.9075995717.
2019-08-01 09:09:27,659 - INFO - Beginning optimization with guess, [0.84623892 0.11956723].
2019-08-01 09:09:28,805 - INFO - Finished optimization with guess, [0.84623892 0.11956723].
2019-08-01 09:09:28,806 - INFO - Best fit parameters: [2.138964  2.8582153].
2019-08-01 09:09:28,818 - INFO - Maximum log composite likelihood: -22.8504165325.
2019-08-01 09:09:28,818 - INFO - Optimal value of theta: 31.9034551258.
2019-08-01 09:09:28,818 - INFO - Beginning optimization with guess, [0.77499511 0.06332799].
2019-08-01 09:09:29,820 - INFO - Finished optimization with guess, [0.77499511 0.06332799].
2019-08-01 09:09:29,820 - INFO - Best fit parameters: [2.09039    2.75360463].
2019-08-01 09:09:29,832 - INFO - Maximum log composite likelihood: -22.8504993369.
2019-08-01 09:09:29,833 - INFO - Optimal value of theta: 32.6380815945.
2019-08-01 09:09:29,833 - INFO - Beginning optimization with guess, [0.39891656 0.09967349].
2019-08-01 09:09:30,894 - INFO - Finished optimization with guess, [0.39891656 0.09967349].
2019-08-01 09:09:30,894 - INFO - Best fit parameters: [2.0903902  2.75422761].
2019-08-01 09:09:30,906 - INFO - Maximum log composite likelihood: -22.8504994532.
2019-08-01 09:09:30,907 - INFO - Optimal value of theta: 32.6368548326.
2019-08-01 09:09:30,907 - INFO - Beginning optimization with guess, [0.3301395  0.08274404].
2019-08-01 09:09:31,622 - INFO - Finished optimization with guess, [0.3301395  0.08274404].
2019-08-01 09:09:31,622 - INFO - Best fit parameters: [8.         0.00834889].
2019-08-01 09:09:31,629 - INFO - Maximum log composite likelihood: -23.166379073.
2019-08-01 09:09:31,630 - INFO - Optimal value of theta: 59.559140192.
2019-08-01 09:09:31,630 - INFO - Beginning optimization with guess, [0.51508511 0.06723579].
2019-08-01 09:09:32,380 - INFO - Finished optimization with guess, [0.51508511 0.06723579].
2019-08-01 09:09:32,380 - INFO - Best fit parameters: [1.23045398 0.04427026].
2019-08-01 09:09:32,387 - INFO - Maximum log composite likelihood: -23.1779189676.
2019-08-01 09:09:32,388 - INFO - Optimal value of theta: 59.5548848486.
2019-08-01 09:09:32,388 - INFO - Beginning optimization with guess, [0.30770438 0.07046122].
2019-08-01 09:09:33,667 - INFO - Finished optimization with guess, [0.30770438 0.07046122].
2019-08-01 09:09:33,669 - INFO - Best fit parameters: [8.         0.00836643].
2019-08-01 09:09:33,676 - INFO - Maximum log composite likelihood: -23.1663787832.
2019-08-01 09:09:33,676 - INFO - Optimal value of theta: 59.557013652.
2019-08-01 09:09:33,676 - INFO - Beginning optimization with guess, [0.85604985 0.06505837].
2019-08-01 09:09:34,590 - INFO - Finished optimization with guess, [0.85604985 0.06505837].
2019-08-01 09:09:34,590 - INFO - Best fit parameters: [2.06573513 2.69871369].
2019-08-01 09:09:34,602 - INFO - Maximum log composite likelihood: -22.8505472997.
2019-08-01 09:09:34,602 - INFO - Optimal value of theta: 33.0269546639.
2019-08-01 09:09:34,603 - INFO - Beginning optimization with guess, [0.61857629 0.055924  ].
2019-08-01 09:09:35,449 - INFO - Finished optimization with guess, [0.61857629 0.055924  ].
2019-08-01 09:09:35,450 - INFO - Best fit parameters: [1.30127936 0.03643363].
2019-08-01 09:09:35,457 - INFO - Maximum log composite likelihood: -23.1780852334.
2019-08-01 09:09:35,457 - INFO - Optimal value of theta: 59.5116785008.
2019-08-01 09:09:35,457 - INFO - Beginning optimization with guess, [0.45246371 0.05304428].
2019-08-01 09:09:36,004 - INFO - Finished optimization with guess, [0.45246371 0.05304428].
2019-08-01 09:09:36,004 - INFO - Best fit parameters: [3.55582381 0.00919494].
2019-08-01 09:09:36,011 - INFO - Maximum log composite likelihood: -23.1697878297.
2019-08-01 09:09:36,012 - INFO - Optimal value of theta: 59.6662771555.
2019-08-01 09:09:36,012 - INFO - Beginning optimization with guess, [0.82569783 0.18295329].
2019-08-01 09:09:37,075 - INFO - Finished optimization with guess, [0.82569783 0.18295329].
2019-08-01 09:09:37,076 - INFO - Best fit parameters: [2.10363699 2.77957289].
2019-08-01 09:09:37,088 - INFO - Maximum log composite likelihood: -22.8504760571.
2019-08-01 09:09:37,088 - INFO - Optimal value of theta: 32.439547633.
2019-08-01 09:09:37,088 - INFO - Beginning optimization with guess, [0.32260798 0.14144509].
2019-08-01 09:09:37,795 - INFO - Finished optimization with guess, [0.32260798 0.14144509].
2019-08-01 09:09:37,796 - INFO - Best fit parameters: [2.20407749 3.        ].
2019-08-01 09:09:37,808 - INFO - Maximum log composite likelihood: -22.8503244128.
2019-08-01 09:09:37,808 - INFO - Optimal value of theta: 30.9639657231.
2019-08-01 09:09:37,809 - INFO - Beginning optimization with guess, [0.7725124  0.05496153].
2019-08-01 09:09:38,566 - INFO - Finished optimization with guess, [0.7725124  0.05496153].
2019-08-01 09:09:38,566 - INFO - Best fit parameters: [2.90601433 0.01087669].
2019-08-01 09:09:38,573 - INFO - Maximum log composite likelihood: -23.1707096036.
2019-08-01 09:09:38,573 - INFO - Optimal value of theta: 59.6012772601.
2019-08-01 09:09:38,573 - INFO - Beginning optimization with guess, [0.36872016 0.06444017].
2019-08-01 09:09:39,164 - INFO - Finished optimization with guess, [0.36872016 0.06444017].
2019-08-01 09:09:39,164 - INFO - Best fit parameters: [8.         0.00836347].
2019-08-01 09:09:39,171 - INFO - Maximum log composite likelihood: -23.1663787965.
2019-08-01 09:09:39,172 - INFO - Optimal value of theta: 59.5573718867.
2019-08-01 09:09:39,172 - INFO - Beginning optimization with guess, [0.75261069 0.11049561].
2019-08-01 09:09:40,745 - INFO - Finished optimization with guess, [0.75261069 0.11049561].
2019-08-01 09:09:40,745 - INFO - Best fit parameters: [2.10027948 2.77427393].
2019-08-01 09:09:40,757 - INFO - Maximum log composite likelihood: -22.8504812596.
2019-08-01 09:09:40,757 - INFO - Optimal value of theta: 32.487151442.
2019-08-01 09:09:40,758 - INFO - Beginning optimization with guess, [0.63582124 0.06602045].
2019-08-01 09:09:42,161 - INFO - Finished optimization with guess, [0.63582124 0.06602045].
2019-08-01 09:09:42,161 - INFO - Best fit parameters: [2.08320261 2.74543543].
2019-08-01 09:09:42,173 - INFO - Maximum log composite likelihood: -22.8505205831.
2019-08-01 09:09:42,173 - INFO - Optimal value of theta: 32.7350881791.
2019-08-01 09:09:42,174 - INFO - Beginning optimization with guess, [0.36137697 0.10461024].
2019-08-01 09:09:43,117 - INFO - Finished optimization with guess, [0.36137697 0.10461024].
2019-08-01 09:09:43,117 - INFO - Best fit parameters: [1.78488212 2.05575636].
2019-08-01 09:09:43,128 - INFO - Maximum log composite likelihood: -22.8516232883.
2019-08-01 09:09:43,129 - INFO - Optimal value of theta: 38.1996704702.
2019-08-01 09:09:43,129 - INFO - Beginning optimization with guess, [0.93796796 0.13638924].
2019-08-01 09:09:45,225 - INFO - Finished optimization with guess, [0.93796796 0.13638924].
2019-08-01 09:09:45,225 - INFO - Best fit parameters: [2.10314873 2.77949197].
2019-08-01 09:09:45,237 - INFO - Maximum log composite likelihood: -22.8504764176.
2019-08-01 09:09:45,237 - INFO - Optimal value of theta: 32.4451201714.
2019-08-01 09:09:45,237 - INFO - Beginning optimization with guess, [0.69745095 0.12660739].
2019-08-01 09:09:46,441 - INFO - Finished optimization with guess, [0.69745095 0.12660739].
2019-08-01 09:09:46,441 - INFO - Best fit parameters: [2.08615333 2.75039849].
2019-08-01 09:09:46,454 - INFO - Maximum log composite likelihood: -22.8505123105.
2019-08-01 09:09:46,454 - INFO - Optimal value of theta: 32.6920266714.
2019-08-01 09:09:46,454 - INFO - Beginning optimization with guess, [0.43657608 0.0914968 ].
2019-08-01 09:09:47,380 - INFO - Finished optimization with guess, [0.43657608 0.0914968 ].
2019-08-01 09:09:47,380 - INFO - Best fit parameters: [1.64446931 1.74302244].
2019-08-01 09:09:47,391 - INFO - Maximum log composite likelihood: -22.8532184421.
2019-08-01 09:09:47,391 - INFO - Optimal value of theta: 41.3430724248.
2019-08-01 09:09:47,391 - INFO - Beginning optimization with guess, [0.26311389 0.05999839].
2019-08-01 09:09:47,813 - INFO - Finished optimization with guess, [0.26311389 0.05999839].
2019-08-01 09:09:47,813 - INFO - Best fit parameters: [8.         0.00836346].
2019-08-01 09:09:47,820 - INFO - Maximum log composite likelihood: -23.1663787966.
2019-08-01 09:09:47,820 - INFO - Optimal value of theta: 59.5573738665.
2019-08-01 09:09:47,821 - INFO - Beginning optimization with guess, [0.29975098 0.11722547].
2019-08-01 09:09:49,355 - INFO - Finished optimization with guess, [0.29975098 0.11722547].
2019-08-01 09:09:49,355 - INFO - Best fit parameters: [2.09231462 2.75872466].
2019-08-01 09:09:49,367 - INFO - Maximum log composite likelihood: -22.8504959498.
2019-08-01 09:09:49,368 - INFO - Optimal value of theta: 32.6064517921.
2019-08-01 09:09:49,368 - INFO - Beginning optimization with guess, [0.75068998 0.07884836].
2019-08-01 09:09:50,463 - INFO - Finished optimization with guess, [0.75068998 0.07884836].
2019-08-01 09:09:50,463 - INFO - Best fit parameters: [2.10825963 2.79128327].
2019-08-01 09:09:50,475 - INFO - Maximum log composite likelihood: -22.8504672739.
2019-08-01 09:09:50,476 - INFO - Optimal value of theta: 32.3656870036.
2019-08-01 09:09:50,476 - INFO - Beginning optimization with guess, [0.25326375 0.05984798].
2019-08-01 09:09:50,918 - INFO - Finished optimization with guess, [0.25326375 0.05984798].
2019-08-01 09:09:50,918 - INFO - Best fit parameters: [8.         0.00836323].
2019-08-01 09:09:50,925 - INFO - Maximum log composite likelihood: -23.1663787982.
2019-08-01 09:09:50,926 - INFO - Optimal value of theta: 59.5574008544.
2019-08-01 09:09:50,926 - INFO - Beginning optimization with guess, [0.43811365 0.1995106 ].
2019-08-01 09:09:52,048 - INFO - Finished optimization with guess, [0.43811365 0.1995106 ].
2019-08-01 09:09:52,051 - INFO - Best fit parameters: [2.10416917 2.78525992].
2019-08-01 09:09:52,063 - INFO - Maximum log composite likelihood: -22.850474602.
2019-08-01 09:09:52,063 - INFO - Optimal value of theta: 32.4226123881.
2019-08-01 09:09:52,063 - INFO - Beginning optimization with guess, [0.88497236 0.18954491].
2019-08-01 09:09:53,119 - INFO - Finished optimization with guess, [0.88497236 0.18954491].
2019-08-01 09:09:53,120 - INFO - Best fit parameters: [2.09284105 2.7571401 ].
2019-08-01 09:09:53,132 - INFO - Maximum log composite likelihood: -22.8504949517.
2019-08-01 09:09:53,132 - INFO - Optimal value of theta: 32.603663547.
2019-08-01 09:09:53,132 - INFO - Beginning optimization with guess, [0.62754636 0.13183992].
2019-08-01 09:09:54,214 - INFO - Finished optimization with guess, [0.62754636 0.13183992].
2019-08-01 09:09:54,215 - INFO - Best fit parameters: [2.11611126 2.80948439].
2019-08-01 09:09:54,227 - INFO - Maximum log composite likelihood: -22.8504535408.
2019-08-01 09:09:54,227 - INFO - Optimal value of theta: 32.2441952972.
2019-08-01 09:09:54,227 - INFO - Beginning optimization with guess, [0.27114562 0.09268994].
2019-08-01 09:09:54,776 - INFO - Finished optimization with guess, [0.27114562 0.09268994].
2019-08-01 09:09:54,776 - INFO - Best fit parameters: [8.         0.00836339].
2019-08-01 09:09:54,783 - INFO - Maximum log composite likelihood: -23.166378797.
2019-08-01 09:09:54,784 - INFO - Optimal value of theta: 59.5573812512.
2019-08-01 09:09:54,784 - INFO - Beginning optimization with guess, [0.59451877 0.15008953].
2019-08-01 09:09:56,269 - INFO - Finished optimization with guess, [0.59451877 0.15008953].
2019-08-01 09:09:56,269 - INFO - Best fit parameters: [2.10558491 2.78513966].
2019-08-01 09:09:56,281 - INFO - Maximum log composite likelihood: -22.8504720063.
2019-08-01 09:09:56,281 - INFO - Optimal value of theta: 32.4071554213.
2019-08-01 09:09:56,282 - INFO - Beginning optimization with guess, [0.71975974 0.05298759].
2019-08-01 09:09:57,234 - INFO - Finished optimization with guess, [0.71975974 0.05298759].
2019-08-01 09:09:57,234 - INFO - Best fit parameters: [1.30227469 0.03645663].
2019-08-01 09:09:57,241 - INFO - Maximum log composite likelihood: -23.1780842205.
2019-08-01 09:09:57,242 - INFO - Optimal value of theta: 59.508285211.
2019-08-01 09:09:57,242 - INFO - Beginning optimization with guess, [0.33540617 0.05944603].
2019-08-01 09:09:57,686 - INFO - Finished optimization with guess, [0.33540617 0.05944603].
2019-08-01 09:09:57,686 - INFO - Best fit parameters: [8.         0.00836403].
2019-08-01 09:09:57,693 - INFO - Maximum log composite likelihood: -23.1663787928.
2019-08-01 09:09:57,694 - INFO - Optimal value of theta: 59.5573039847.
2019-08-01 09:09:57,694 - INFO - Beginning optimization with guess, [0.26800923 0.0627952 ].
2019-08-01 09:09:58,180 - INFO - Finished optimization with guess, [0.26800923 0.0627952 ].
2019-08-01 09:09:58,180 - INFO - Best fit parameters: [8.         0.00836335].
2019-08-01 09:09:58,187 - INFO - Maximum log composite likelihood: -23.1663787973.
2019-08-01 09:09:58,188 - INFO - Optimal value of theta: 59.5573861497.
2019-08-01 09:09:58,188 - INFO - Beginning optimization with guess, [0.46948288 0.05145974].
2019-08-01 09:09:58,736 - INFO - Finished optimization with guess, [0.46948288 0.05145974].
2019-08-01 09:09:58,737 - INFO - Best fit parameters: [8.         0.00836346].
2019-08-01 09:09:58,744 - INFO - Maximum log composite likelihood: -23.1663787966.
2019-08-01 09:09:58,744 - INFO - Optimal value of theta: 59.5573738042.
2019-08-01 09:09:58,744 - INFO - Beginning optimization with guess, [0.26730086 0.17693875].
2019-08-01 09:10:00,378 - INFO - Finished optimization with guess, [0.26730086 0.17693875].
2019-08-01 09:10:00,379 - INFO - Best fit parameters: [2.09560635 2.76239798].
2019-08-01 09:10:00,391 - INFO - Maximum log composite likelihood: -22.8504902062.
2019-08-01 09:10:00,392 - INFO - Optimal value of theta: 32.562431791.
2019-08-01 09:10:00,392 - INFO - Beginning optimization with guess, [0.85159165 0.05516071].
2019-08-01 09:10:01,418 - INFO - Finished optimization with guess, [0.85159165 0.05516071].
2019-08-01 09:10:01,419 - INFO - Best fit parameters: [2.08294933 2.7341639 ].
2019-08-01 09:10:01,431 - INFO - Maximum log composite likelihood: -22.8505139918.
2019-08-01 09:10:01,431 - INFO - Optimal value of theta: 32.7602214025.
2019-08-01 09:10:01,431 - INFO - Beginning optimization with guess, [0.32113457 0.1043536 ].
2019-08-01 09:10:02,360 - INFO - Finished optimization with guess, [0.32113457 0.1043536 ].
2019-08-01 09:10:02,361 - INFO - Best fit parameters: [1.95576822 2.44983855].
2019-08-01 09:10:02,372 - INFO - Maximum log composite likelihood: -22.8508249278.
2019-08-01 09:10:02,373 - INFO - Optimal value of theta: 34.8821496734.
2019-08-01 09:10:02,373 - INFO - Beginning optimization with guess, [0.89239976 0.17347252].
2019-08-01 09:10:03,574 - INFO - Finished optimization with guess, [0.89239976 0.17347252].
2019-08-01 09:10:03,574 - INFO - Best fit parameters: [2.08619307 2.74999481].
2019-08-01 09:10:03,586 - INFO - Maximum log composite likelihood: -22.8505115239.
2019-08-01 09:10:03,587 - INFO - Optimal value of theta: 32.6923720253.
2019-08-01 09:10:03,587 - INFO - Beginning optimization with guess, [0.75315582 0.12140759].
2019-08-01 09:10:04,708 - INFO - Finished optimization with guess, [0.75315582 0.12140759].
2019-08-01 09:10:04,709 - INFO - Best fit parameters: [2.10722958 2.78900726].
2019-08-01 09:10:04,721 - INFO - Maximum log composite likelihood: -22.8504690606.
2019-08-01 09:10:04,722 - INFO - Optimal value of theta: 32.3814703123.
2019-08-01 09:10:04,722 - INFO - Beginning optimization with guess, [0.84460199 0.10016597].
2019-08-01 09:10:05,780 - INFO - Finished optimization with guess, [0.84460199 0.10016597].
2019-08-01 09:10:05,781 - INFO - Best fit parameters: [2.09124897 2.75721225].
2019-08-01 09:10:05,793 - INFO - Maximum log composite likelihood: -22.850498271.
2019-08-01 09:10:05,793 - INFO - Optimal value of theta: 32.6213624994.
2019-08-01 09:10:05,793 - INFO - Beginning optimization with guess, [0.42478822 0.1093053 ].
2019-08-01 09:10:06,865 - INFO - Finished optimization with guess, [0.42478822 0.1093053 ].
2019-08-01 09:10:06,866 - INFO - Best fit parameters: [2.09506376 2.76273858].
2019-08-01 09:10:06,879 - INFO - Maximum log composite likelihood: -22.850490717.
2019-08-01 09:10:06,879 - INFO - Optimal value of theta: 32.5678276042.
2019-08-01 09:10:06,880 - INFO - Beginning optimization with guess, [0.75616243 0.08176065].
2019-08-01 09:10:08,621 - INFO - Finished optimization with guess, [0.75616243 0.08176065].
2019-08-01 09:10:08,622 - INFO - Best fit parameters: [2.08808107 2.74654152].
2019-08-01 09:10:08,635 - INFO - Maximum log composite likelihood: -22.8505038483.
2019-08-01 09:10:08,636 - INFO - Optimal value of theta: 32.6779217943.
2019-08-01 09:10:08,636 - INFO - Beginning optimization with guess, [0.76502896 0.1883554 ].
2019-08-01 09:10:10,015 - INFO - Finished optimization with guess, [0.76502896 0.1883554 ].
2019-08-01 09:10:10,015 - INFO - Best fit parameters: [2.10205069 2.77648808].
2019-08-01 09:10:10,027 - INFO - Maximum log composite likelihood: -22.850478656.
2019-08-01 09:10:10,028 - INFO - Optimal value of theta: 32.4631541123.
2019-08-01 09:10:10,028 - INFO - Beginning optimization with guess, [0.47510759 0.0899726 ].
2019-08-01 09:10:11,182 - INFO - Finished optimization with guess, [0.47510759 0.0899726 ].
2019-08-01 09:10:11,182 - INFO - Best fit parameters: [2.10073715 2.77501267].
2019-08-01 09:10:11,195 - INFO - Maximum log composite likelihood: -22.8504804839.
2019-08-01 09:10:11,195 - INFO - Optimal value of theta: 32.4806223825.
2019-08-01 09:10:11,196 - INFO - Beginning optimization with guess, [0.26666965 0.08399251].
2019-08-01 09:10:11,794 - INFO - Finished optimization with guess, [0.26666965 0.08399251].
2019-08-01 09:10:11,794 - INFO - Best fit parameters: [8.         0.00836748].
2019-08-01 09:10:11,801 - INFO - Maximum log composite likelihood: -23.166378782.
2019-08-01 09:10:11,802 - INFO - Optimal value of theta: 59.5568855106.
2019-08-01 09:10:11,802 - INFO - Beginning optimization with guess, [0.5890857  0.08012854].
2019-08-01 09:10:13,038 - INFO - Finished optimization with guess, [0.5890857  0.08012854].
2019-08-01 09:10:13,038 - INFO - Best fit parameters: [2.0948904  2.76172062].
2019-08-01 09:10:13,050 - INFO - Maximum log composite likelihood: -22.8504911667.
2019-08-01 09:10:13,051 - INFO - Optimal value of theta: 32.571757571.
2019-08-01 09:10:13,051 - INFO - Beginning optimization with guess, [0.63316426 0.06702447].
2019-08-01 09:10:14,574 - INFO - Finished optimization with guess, [0.63316426 0.06702447].
2019-08-01 09:10:14,574 - INFO - Best fit parameters: [2.09540952 2.76316098].
2019-08-01 09:10:14,588 - INFO - Maximum log composite likelihood: -22.8504901468.
2019-08-01 09:10:14,588 - INFO - Optimal value of theta: 32.5631375376.
2019-08-01 09:10:14,588 - INFO - Beginning optimization with guess, [0.98216537 0.17103553].
2019-08-01 09:10:16,241 - INFO - Finished optimization with guess, [0.98216537 0.17103553].
2019-08-01 09:10:16,241 - INFO - Best fit parameters: [2.10902399 2.79297556].
2019-08-01 09:10:16,254 - INFO - Maximum log composite likelihood: -22.8504659247.
2019-08-01 09:10:16,255 - INFO - Optimal value of theta: 32.3539735661.
2019-08-01 09:10:16,255 - INFO - Beginning optimization with guess, [0.26254214 0.18700551].
2019-08-01 09:10:17,400 - INFO - Finished optimization with guess, [0.26254214 0.18700551].
2019-08-01 09:10:17,400 - INFO - Best fit parameters: [2.10166494 2.77697559].
2019-08-01 09:10:17,414 - INFO - Maximum log composite likelihood: -22.8504788324.
2019-08-01 09:10:17,414 - INFO - Optimal value of theta: 32.4664882251.
2019-08-01 09:10:17,414 - INFO - Beginning optimization with guess, [0.60933814 0.05246518].
2019-08-01 09:10:18,117 - INFO - Finished optimization with guess, [0.60933814 0.05246518].
2019-08-01 09:10:18,117 - INFO - Best fit parameters: [8.         0.00836342].
2019-08-01 09:10:18,125 - INFO - Maximum log composite likelihood: -23.1663787968.
2019-08-01 09:10:18,125 - INFO - Optimal value of theta: 59.5573780828.
2019-08-01 09:10:18,125 - INFO - Beginning optimization with guess, [0.57533707 0.07937434].
2019-08-01 09:10:19,542 - INFO - Finished optimization with guess, [0.57533707 0.07937434].
2019-08-01 09:10:19,542 - INFO - Best fit parameters: [2.0982966  2.76833553].
2019-08-01 09:10:19,557 - INFO - Maximum log composite likelihood: -22.8504853407.
2019-08-01 09:10:19,557 - INFO - Optimal value of theta: 32.520811599.
2019-08-01 09:10:19,558 - INFO - Beginning optimization with guess, [0.77362725 0.19870145].
2019-08-01 09:10:22,018 - INFO - Finished optimization with guess, [0.77362725 0.19870145].
2019-08-01 09:10:22,029 - INFO - Best fit parameters: [2.10023865 2.77463865].
2019-08-01 09:10:22,054 - INFO - Maximum log composite likelihood: -22.8504812839.
2019-08-01 09:10:22,054 - INFO - Optimal value of theta: 32.4868944749.
2019-08-01 09:10:22,054 - INFO - Beginning optimization with guess, [0.44995613 0.12821417].
2019-08-01 09:10:23,179 - INFO - Finished optimization with guess, [0.44995613 0.12821417].
2019-08-01 09:10:23,179 - INFO - Best fit parameters: [2.09608071 2.76463175].
2019-08-01 09:10:23,192 - INFO - Maximum log composite likelihood: -22.8504889294.
2019-08-01 09:10:23,192 - INFO - Optimal value of theta: 32.5527645854.
2019-08-01 09:10:23,193 - INFO - Beginning optimization with guess, [0.35859456 0.09838433].
2019-08-01 09:10:24,140 - INFO - Finished optimization with guess, [0.35859456 0.09838433].
2019-08-01 09:10:24,140 - INFO - Best fit parameters: [2.02198083 2.62064409].
2019-08-01 09:10:24,152 - INFO - Maximum log composite likelihood: -22.8506911861.
2019-08-01 09:10:24,153 - INFO - Optimal value of theta: 33.6986949548.
2019-08-01 09:10:24,153 - INFO - Beginning optimization with guess, [0.74859867 0.10194271].
2019-08-01 09:10:25,667 - INFO - Finished optimization with guess, [0.74859867 0.10194271].
2019-08-01 09:10:25,667 - INFO - Best fit parameters: [2.10784613 2.79150219].
2019-08-01 09:10:25,680 - INFO - Maximum log composite likelihood: -22.8504677997.
2019-08-01 09:10:25,681 - INFO - Optimal value of theta: 32.3698295389.
2019-08-01 09:10:25,681 - INFO - Beginning optimization with guess, [0.2819139  0.06521626].
2019-08-01 09:10:26,229 - INFO - Finished optimization with guess, [0.2819139  0.06521626].
2019-08-01 09:10:26,229 - INFO - Best fit parameters: [8.         0.00836278].
2019-08-01 09:10:26,236 - INFO - Maximum log composite likelihood: -23.1663788016.
2019-08-01 09:10:26,237 - INFO - Optimal value of theta: 59.5574552264.
2019-08-01 09:10:26,237 - INFO - Beginning optimization with guess, [0.2999314  0.11152616].
2019-08-01 09:10:28,038 - INFO - Finished optimization with guess, [0.2999314  0.11152616].
2019-08-01 09:10:28,039 - INFO - Best fit parameters: [2.10354893 2.78084383].
2019-08-01 09:10:28,052 - INFO - Maximum log composite likelihood: -22.8504755427.
2019-08-01 09:10:28,053 - INFO - Optimal value of theta: 32.4380532972.
2019-08-01 09:10:28,053 - INFO - Beginning optimization with guess, [0.9207624  0.05873445].
2019-08-01 09:10:29,869 - INFO - Finished optimization with guess, [0.9207624  0.05873445].
2019-08-01 09:10:29,869 - INFO - Best fit parameters: [2.1042672  2.78133045].
2019-08-01 09:10:29,883 - INFO - Maximum log composite likelihood: -22.8504747231.
2019-08-01 09:10:29,883 - INFO - Optimal value of theta: 32.4291444354.
2019-08-01 09:10:29,883 - INFO - Beginning optimization with guess, [0.29729001 0.14541413].
2019-08-01 09:10:31,113 - INFO - Finished optimization with guess, [0.29729001 0.14541413].
2019-08-01 09:10:31,113 - INFO - Best fit parameters: [2.10126129 2.77653366].
2019-08-01 09:10:31,126 - INFO - Maximum log composite likelihood: -22.8504794747.
2019-08-01 09:10:31,127 - INFO - Optimal value of theta: 32.4718335267.
2019-08-01 09:10:31,127 - INFO - Beginning optimization with guess, [0.28299306 0.05890285].
2019-08-01 09:10:31,726 - INFO - Finished optimization with guess, [0.28299306 0.05890285].
2019-08-01 09:10:31,726 - INFO - Best fit parameters: [8.         0.00836346].
2019-08-01 09:10:31,733 - INFO - Maximum log composite likelihood: -23.1663787966.
2019-08-01 09:10:31,734 - INFO - Optimal value of theta: 59.5573733657.
2019-08-01 09:10:31,734 - INFO - Beginning optimization with guess, [0.3050332  0.05878739].
2019-08-01 09:10:32,230 - INFO - Finished optimization with guess, [0.3050332  0.05878739].
2019-08-01 09:10:32,230 - INFO - Best fit parameters: [8.         0.00836348].
2019-08-01 09:10:32,237 - INFO - Maximum log composite likelihood: -23.1663787964.
2019-08-01 09:10:32,238 - INFO - Optimal value of theta: 59.5573709282.
2019-08-01 09:10:32,238 - INFO - Beginning optimization with guess, [0.40121886 0.06592599].
2019-08-01 09:10:32,730 - INFO - Finished optimization with guess, [0.40121886 0.06592599].
2019-08-01 09:10:32,730 - INFO - Best fit parameters: [8.         0.00836304].
2019-08-01 09:10:32,737 - INFO - Maximum log composite likelihood: -23.1663787996.
2019-08-01 09:10:32,738 - INFO - Optimal value of theta: 59.5574237573.
2019-08-01 09:10:32,738 - INFO - Beginning optimization with guess, [0.4284281  0.08479477].
2019-08-01 09:10:33,736 - INFO - Finished optimization with guess, [0.4284281  0.08479477].
2019-08-01 09:10:33,737 - INFO - Best fit parameters: [2.04788647 2.65921307].
2019-08-01 09:10:33,750 - INFO - Maximum log composite likelihood: -22.8505848398.
2019-08-01 09:10:33,750 - INFO - Optimal value of theta: 33.3134971917.
2019-08-01 09:10:33,750 - INFO - Beginning optimization with guess, [0.26361264 0.05378539].
2019-08-01 09:10:34,328 - INFO - Finished optimization with guess, [0.26361264 0.05378539].
2019-08-01 09:10:34,329 - INFO - Best fit parameters: [8.         0.00836334].
2019-08-01 09:10:34,336 - INFO - Maximum log composite likelihood: -23.1663787974.
2019-08-01 09:10:34,337 - INFO - Optimal value of theta: 59.5573881916.
2019-08-01 09:10:34,337 - INFO - Beginning optimization with guess, [0.89588992 0.18360854].
2019-08-01 09:10:35,467 - INFO - Finished optimization with guess, [0.89588992 0.18360854].
2019-08-01 09:10:35,468 - INFO - Best fit parameters: [2.11434628 2.80870434].
2019-08-01 09:10:35,481 - INFO - Maximum log composite likelihood: -22.8504573024.
2019-08-01 09:10:35,481 - INFO - Optimal value of theta: 32.2650700089.
2019-08-01 09:10:35,482 - INFO - Beginning optimization with guess, [0.30336876 0.15380783].
2019-08-01 09:10:36,721 - INFO - Finished optimization with guess, [0.30336876 0.15380783].
2019-08-01 09:10:36,721 - INFO - Best fit parameters: [2.10738884 2.79099299].
2019-08-01 09:10:36,734 - INFO - Maximum log composite likelihood: -22.8504686079.
2019-08-01 09:10:36,735 - INFO - Optimal value of theta: 32.3758681084.
2019-08-01 09:10:36,735 - INFO - Beginning optimization with guess, [0.45760354 0.10627952].
2019-08-01 09:10:38,035 - INFO - Finished optimization with guess, [0.45760354 0.10627952].
2019-08-01 09:10:38,035 - INFO - Best fit parameters: [2.09128618 2.75625618].
2019-08-01 09:10:38,049 - INFO - Maximum log composite likelihood: -22.8504977966.
2019-08-01 09:10:38,049 - INFO - Optimal value of theta: 32.6228203803.
2019-08-01 09:10:38,050 - INFO - Beginning optimization with guess, [0.77963417 0.18450598].
2019-08-01 09:10:39,086 - INFO - Finished optimization with guess, [0.77963417 0.18450598].
2019-08-01 09:10:39,086 - INFO - Best fit parameters: [2.10137273 2.77697725].
2019-08-01 09:10:39,100 - INFO - Maximum log composite likelihood: -22.8504792521.
2019-08-01 09:10:39,100 - INFO - Optimal value of theta: 32.4697315063.
2019-08-01 09:10:39,101 - INFO - Finished demographic inference.
2019-08-01 09:10:39,101 - INFO - Beginning DFE inference.
2019-08-01 09:11:31,307 - INFO - Beginning optimization with guess, [ 0.13269691 62.09143882].
2019-08-01 09:11:35,596 - INFO - Finished optomization, results are [-23.06819601191261 array([1.13303141e-01, 2.08268615e+03])].
2019-08-01 09:11:35,597 - INFO - Beginning optimization with guess, [5.35397703e-02 1.26667377e+02].
2019-08-01 09:11:41,591 - INFO - Finished optomization, results are [-23.193707532303037 array([1.09065934e-01, 2.22377316e+03])].
2019-08-01 09:11:41,592 - INFO - Beginning optimization with guess, [ 0.16652676 50.7180324 ].
2019-08-01 09:11:43,691 - INFO - Finished optomization, results are [-23.04454752265641 array([1.16612003e-01, 1.94405769e+03])].
2019-08-01 09:11:43,691 - INFO - Beginning optimization with guess, [  0.15920039 136.74350327].
2019-08-01 09:11:47,987 - INFO - Finished optomization, results are [-23.07094863871373 array([1.11856424e-01, 2.19412442e+03])].
2019-08-01 09:11:47,987 - INFO - Beginning optimization with guess, [1.08265017e-01 1.30847747e+02].
2019-08-01 09:11:49,885 - INFO - Finished optomization, results are [-23.08812818483807 array([1.11345528e-01, 2.20103038e+03])].
2019-08-01 09:11:49,886 - INFO - Beginning optimization with guess, [ 0.14969518 82.05302366].
2019-08-01 09:11:52,708 - INFO - Finished optomization, results are [-23.114729821228707 array([1.13103825e-01, 1.99734264e+03])].
2019-08-01 09:11:52,709 - INFO - Beginning optimization with guess, [ 0.06695523 37.3273049 ].
2019-08-01 09:11:54,987 - INFO - Finished optomization, results are [-23.050068466780303 array([1.16629754e-01, 1.92512775e+03])].
2019-08-01 09:11:54,988 - INFO - Beginning optimization with guess, [  0.14151062 106.92408106].
2019-08-01 09:11:56,797 - INFO - Finished optomization, results are [-23.192868766279886 array([1.11620892e-01, 1.98181439e+03])].
2019-08-01 09:11:56,797 - INFO - Beginning optimization with guess, [4.96738917e-02 8.51357139e+01].
2019-08-01 09:11:59,883 - INFO - Finished optomization, results are [-23.11521178729526 array([1.12758359e-01, 2.02385976e+03])].
2019-08-01 09:11:59,884 - INFO - Beginning optimization with guess, [1.05961854e-01 1.35115501e+02].
2019-08-01 09:12:01,779 - INFO - Finished optomization, results are [-23.11805792323223 array([1.12291952e-01, 2.05660847e+03])].
2019-08-01 09:12:01,780 - INFO - Beginning optimization with guess, [8.00176594e-02 1.44550679e+02].
2019-08-01 09:12:04,094 - INFO - Finished optomization, results are [-23.13816154649471 array([1.11119317e-01, 2.12100971e+03])].
2019-08-01 09:12:04,094 - INFO - Beginning optimization with guess, [ 0.05891669 57.67837012].
2019-08-01 09:12:09,047 - INFO - Finished optomization, results are [-22.99982207416252 array([1.14670289e-01, 2.19960653e+03])].
2019-08-01 09:12:09,048 - INFO - Beginning optimization with guess, [ 0.16225011 59.13436744].
2019-08-01 09:12:14,959 - INFO - Finished optomization, results are [-23.020733056036004 array([1.17316410e-01, 2.02427375e+03])].
2019-08-01 09:12:14,959 - INFO - Beginning optimization with guess, [4.85559767e-02 1.46681596e+02].
2019-08-01 09:12:21,538 - INFO - Finished optomization, results are [-23.038123108276224 array([1.13000456e-01, 2.18256859e+03])].
2019-08-01 09:12:21,539 - INFO - Beginning optimization with guess, [ 0.14680007 67.09622308].
2019-08-01 09:12:26,015 - INFO - Finished optomization, results are [-23.0243612597331 array([1.12866568e-01, 2.23182179e+03])].
2019-08-01 09:12:26,016 - INFO - Beginning optimization with guess, [ 0.13557096 40.67110039].
2019-08-01 09:12:28,797 - INFO - Finished optomization, results are [-23.03032013500758 array([1.14984457e-01, 2.07232089e+03])].
2019-08-01 09:12:28,797 - INFO - Beginning optimization with guess, [ 0.11566343 39.88548165].
2019-08-01 09:12:31,074 - INFO - Finished optomization, results are [-23.04197212986117 array([1.15497937e-01, 2.00706112e+03])].
2019-08-01 09:12:31,074 - INFO - Beginning optimization with guess, [ 0.09826379 74.70003358].
2019-08-01 09:12:35,037 - INFO - Finished optomization, results are [-23.027731950102375 array([1.14344067e-01, 2.11886161e+03])].
2019-08-01 09:12:35,038 - INFO - Beginning optimization with guess, [6.89736028e-02 8.09485824e+01].
2019-08-01 09:12:36,914 - INFO - Finished optomization, results are [-23.11876242601309 array([1.13358588e-01, 1.96966584e+03])].
2019-08-01 09:12:36,915 - INFO - Beginning optimization with guess, [5.63193369e-02 7.76566725e+01].
2019-08-01 09:12:40,201 - INFO - Finished optomization, results are [-23.092094849183905 array([1.11191353e-01, 2.20655215e+03])].
2019-08-01 09:12:40,201 - INFO - Beginning optimization with guess, [ 0.07275845 53.7872631 ].
2019-08-01 09:12:42,339 - INFO - Finished optomization, results are [-23.04008666467364 array([1.14197931e-01, 2.09152293e+03])].
2019-08-01 09:12:42,340 - INFO - Beginning optimization with guess, [ 0.08775216 49.08995773].
2019-08-01 09:12:44,652 - INFO - Finished optomization, results are [-23.01102656807865 array([1.17738471e-01, 2.10978274e+03])].
2019-08-01 09:12:44,653 - INFO - Beginning optimization with guess, [  0.16128483 121.2972602 ].
2019-08-01 09:12:46,425 - INFO - Finished optomization, results are [-23.095157747840734 array([1.13545921e-01, 2.00353890e+03])].
2019-08-01 09:12:46,425 - INFO - Beginning optimization with guess, [  0.15115199 142.37510082].
2019-08-01 09:12:48,214 - INFO - Finished optomization, results are [-23.162133484259417 array([1.12157205e-01, 1.98710475e+03])].
2019-08-01 09:12:48,214 - INFO - Beginning optimization with guess, [ 0.16060133 63.96727381].
2019-08-01 09:12:52,446 - INFO - Finished optomization, results are [-22.996474656847454 array([1.15145042e-01, 2.19380001e+03])].
2019-08-01 09:12:52,447 - INFO - Beginning optimization with guess, [ 0.08559395 44.16987694].
2019-08-01 09:12:54,561 - INFO - Finished optomization, results are [-23.07076144952381 array([1.13453699e-01, 2.06522150e+03])].
2019-08-01 09:12:54,561 - INFO - Beginning optimization with guess, [7.25861907e-02 1.32818178e+02].
2019-08-01 09:12:58,104 - INFO - Finished optomization, results are [-23.0017306278176 array([1.14697893e-01, 2.19047195e+03])].
2019-08-01 09:12:58,104 - INFO - Beginning optimization with guess, [5.79933115e-02 8.50650755e+01].
2019-08-01 09:13:00,348 - INFO - Finished optomization, results are [-23.146244088316546 array([1.12319510e-01, 2.00145843e+03])].
2019-08-01 09:13:00,348 - INFO - Beginning optimization with guess, [  0.13249356 112.69384686].
2019-08-01 09:13:02,174 - INFO - Finished optomization, results are [-23.064698157059357 array([1.14577028e-01, 2.00050512e+03])].
2019-08-01 09:13:02,175 - INFO - Beginning optimization with guess, [ 0.05492745 46.82598676].
2019-08-01 09:13:04,718 - INFO - Finished optomization, results are [-23.02326360953884 array([1.13340363e-01, 2.20007050e+03])].
2019-08-01 09:13:04,719 - INFO - Beginning optimization with guess, [ 0.16163865 38.86926896].
2019-08-01 09:13:07,580 - INFO - Finished optomization, results are [-23.005332091854086 array([1.14472077e-01, 2.18806931e+03])].
2019-08-01 09:13:07,580 - INFO - Beginning optimization with guess, [ 0.09050703 41.28037469].
2019-08-01 09:13:12,870 - INFO - Finished optomization, results are [-22.997803630236028 array([1.17192536e-01, 2.20792326e+03])].
2019-08-01 09:13:12,871 - INFO - Beginning optimization with guess, [4.75321582e-02 8.81864466e+01].
2019-08-01 09:13:16,971 - INFO - Finished optomization, results are [-23.06244483431668 array([1.11863901e-01, 2.21351002e+03])].
2019-08-01 09:13:16,971 - INFO - Beginning optimization with guess, [ 0.08396368 51.44935663].
2019-08-01 09:13:19,058 - INFO - Finished optomization, results are [-23.086315298771094 array([1.15065797e-01, 1.91668602e+03])].
2019-08-01 09:13:19,060 - INFO - Beginning optimization with guess, [ 0.06642344 57.89799727].
2019-08-01 09:13:20,869 - INFO - Finished optomization, results are [-23.00352070285434 array([1.14419421e-01, 2.19783000e+03])].
2019-08-01 09:13:20,870 - INFO - Beginning optimization with guess, [4.6083535e-02 5.2415197e+01].
2019-08-01 09:13:26,653 - INFO - Finished optomization, results are [-23.009858344639255 array([1.1354126e-01, 2.2287346e+03])].
2019-08-01 09:13:26,655 - INFO - Beginning optimization with guess, [ 0.13524337 45.80288439].
2019-08-01 09:13:31,190 - INFO - Finished optomization, results are [-23.017018808980296 array([1.13540363e-01, 2.20541141e+03])].
2019-08-01 09:13:31,190 - INFO - Beginning optimization with guess, [ 0.10251567 72.5298454 ].
2019-08-01 09:13:33,310 - INFO - Finished optomization, results are [-23.068627750962268 array([1.15920458e-01, 1.90797753e+03])].
2019-08-01 09:13:33,310 - INFO - Beginning optimization with guess, [ 0.11518044 54.48291325].
2019-08-01 09:13:36,196 - INFO - Finished optomization, results are [-23.072238966829268 array([1.15603511e-01, 1.91704567e+03])].
2019-08-01 09:13:36,196 - INFO - Beginning optimization with guess, [1.27159843e-01 1.48066619e+02].
2019-08-01 09:13:37,796 - INFO - Finished optomization, results are [-23.080658156742217 array([1.11992859e-01, 2.16023154e+03])].
2019-08-01 09:13:37,796 - INFO - Beginning optimization with guess, [ 0.14212181 79.95695297].
2019-08-01 09:13:39,518 - INFO - Finished optomization, results are [-23.06049024822062 array([1.13384162e-01, 2.09527862e+03])].
2019-08-01 09:13:39,519 - INFO - Beginning optimization with guess, [ 0.13637681 62.20166087].
2019-08-01 09:13:41,448 - INFO - Finished optomization, results are [-23.072822338804684 array([1.12822718e-01, 2.10924738e+03])].
2019-08-01 09:13:41,449 - INFO - Beginning optimization with guess, [4.83716349e-02 5.03605604e+01].
2019-08-01 09:13:44,701 - INFO - Finished optomization, results are [-23.02437548233166 array([1.14231271e-01, 2.13652182e+03])].
2019-08-01 09:13:44,701 - INFO - Beginning optimization with guess, [ 0.09639502 62.10953756].
2019-08-01 09:13:49,740 - INFO - Finished optomization, results are [-23.023024830836142 array([1.12915732e-01, 2.23203937e+03])].
2019-08-01 09:13:49,740 - INFO - Beginning optimization with guess, [ 0.11658044 44.39221932].
2019-08-01 09:13:58,025 - INFO - Finished optomization, results are [-23.024421182041017 array([1.13253387e-01, 2.20286458e+03])].
2019-08-01 09:13:58,026 - INFO - Beginning optimization with guess, [4.86324307e-02 9.64696475e+01].
2019-08-01 09:13:59,756 - INFO - Finished optomization, results are [-23.159447825111144 array([1.12498201e-01, 1.96349691e+03])].
2019-08-01 09:13:59,756 - INFO - Beginning optimization with guess, [ 0.12769775 56.19329256].
2019-08-01 09:14:02,726 - INFO - Finished optomization, results are [-23.04620240438645 array([1.14612131e-01, 2.04728053e+03])].
2019-08-01 09:14:02,727 - INFO - Beginning optimization with guess, [ 0.17616778 97.47722625].
2019-08-01 09:14:04,189 - INFO - Finished optomization, results are [-23.040360133241425 array([1.14725710e-01, 2.05689848e+03])].
2019-08-01 09:14:04,190 - INFO - Beginning optimization with guess, [ 0.15108799 37.70769065].
2019-08-01 09:14:07,666 - INFO - Finished optomization, results are [-23.024110415423436 array([1.14874374e-01, 2.09892610e+03])].
2019-08-01 09:14:07,666 - INFO - Beginning optimization with guess, [ 0.11261832 44.55295273].
2019-08-01 09:14:12,424 - INFO - Finished optomization, results are [-23.03889736892053 array([1.14408272e-01, 2.08118504e+03])].
2019-08-01 09:14:12,424 - INFO - Beginning optimization with guess, [6.21206993e-02 1.16093449e+02].
2019-08-01 09:14:17,393 - INFO - Finished optomization, results are [-23.01984656504918 array([1.13022404e-01, 2.23360105e+03])].
2019-08-01 09:14:17,394 - INFO - Beginning optimization with guess, [ 0.13099689 94.60413855].
2019-08-01 09:14:19,741 - INFO - Finished optomization, results are [-23.159572667653496 array([1.10938866e-01, 2.09870454e+03])].
2019-08-01 09:14:19,741 - INFO - Beginning optimization with guess, [ 0.16333933 67.20690743].
2019-08-01 09:14:23,773 - INFO - Finished optomization, results are [-23.000813901061115 array([1.14206774e-01, 2.21992307e+03])].
2019-08-01 09:14:23,773 - INFO - Beginning optimization with guess, [7.90316861e-02 1.37592144e+02].
2019-08-01 09:14:25,424 - INFO - Finished optomization, results are [-23.141300574962845 array([1.12035320e-01, 2.03432557e+03])].
2019-08-01 09:14:25,424 - INFO - Beginning optimization with guess, [  0.14580956 114.87558434].
2019-08-01 09:14:27,074 - INFO - Finished optomization, results are [-23.12522014571988 array([1.10997128e-01, 2.15690972e+03])].
2019-08-01 09:14:27,076 - INFO - Beginning optimization with guess, [5.34502964e-02 8.56490488e+01].
2019-08-01 09:14:29,342 - INFO - Finished optomization, results are [-23.138604323310567 array([1.11181914e-01, 2.11446776e+03])].
2019-08-01 09:14:29,342 - INFO - Beginning optimization with guess, [ 0.10784613 38.83564823].
2019-08-01 09:14:31,236 - INFO - Finished optomization, results are [-23.023393176997352 array([1.13961881e-01, 2.15697843e+03])].
2019-08-01 09:14:31,236 - INFO - Beginning optimization with guess, [ 0.10924185 56.20233147].
2019-08-01 09:14:34,122 - INFO - Finished optomization, results are [-23.02769447212645 array([1.14134495e-01, 2.13235869e+03])].
2019-08-01 09:14:34,123 - INFO - Beginning optimization with guess, [7.30893075e-02 1.36692536e+02].
2019-08-01 09:14:36,139 - INFO - Finished optomization, results are [-23.040184993850147 array([1.12288718e-01, 2.23359680e+03])].
2019-08-01 09:14:36,139 - INFO - Beginning optimization with guess, [5.72187385e-02 6.26070297e+01].
2019-08-01 09:14:38,295 - INFO - Finished optomization, results are [-23.050993148424947 array([1.15415623e-01, 1.98499674e+03])].
2019-08-01 09:14:38,295 - INFO - Beginning optimization with guess, [5.30455939e-02 1.43735936e+02].
2019-08-01 09:14:43,169 - INFO - Finished optomization, results are [-23.03296193348727 array([1.12984875e-01, 2.19808342e+03])].
2019-08-01 09:14:43,169 - INFO - Beginning optimization with guess, [ 0.10597129 78.66719303].
2019-08-01 09:14:46,107 - INFO - Finished optomization, results are [-23.068325683684183 array([1.15468488e-01, 1.93504305e+03])].
2019-08-01 09:14:46,107 - INFO - Beginning optimization with guess, [  0.1467447  126.42515656].
2019-08-01 09:14:47,862 - INFO - Finished optomization, results are [-23.193172571336717 array([1.11605625e-01, 1.98264773e+03])].
2019-08-01 09:14:47,864 - INFO - Beginning optimization with guess, [ 0.07906967 45.05560651].
2019-08-01 09:14:49,702 - INFO - Finished optomization, results are [-23.034435044634822 array([1.16664095e-01, 1.97803292e+03])].
2019-08-01 09:14:49,703 - INFO - Beginning optimization with guess, [ 0.11022726 58.03676812].
2019-08-01 09:14:51,598 - INFO - Finished optomization, results are [-23.0424481295761 array([1.14469885e-01, 2.06700601e+03])].
2019-08-01 09:14:51,598 - INFO - Beginning optimization with guess, [7.29959199e-02 1.20889514e+02].
2019-08-01 09:14:54,310 - INFO - Finished optomization, results are [-23.015566875097697 array([1.14391004e-01, 2.15578041e+03])].
2019-08-01 09:14:54,311 - INFO - Beginning optimization with guess, [ 0.11393806 97.55272124].
2019-08-01 09:14:59,191 - INFO - Finished optomization, results are [-23.02690483364956 array([1.13017191e-01, 2.21298476e+03])].
2019-08-01 09:14:59,191 - INFO - Beginning optimization with guess, [ 0.10677777 59.6398646 ].
2019-08-01 09:15:01,578 - INFO - Finished optomization, results are [-23.033577156733926 array([1.14157736e-01, 2.11308611e+03])].
2019-08-01 09:15:01,578 - INFO - Beginning optimization with guess, [ 0.12979088 82.5571859 ].
2019-08-01 09:15:03,420 - INFO - Finished optomization, results are [-23.142806344566175 array([1.12834502e-01, 1.96566004e+03])].
2019-08-01 09:15:03,421 - INFO - Beginning optimization with guess, [ 0.1094732  44.51330159].
2019-08-01 09:15:06,273 - INFO - Finished optomization, results are [-23.033848574805322 array([1.15429656e-01, 2.03641516e+03])].
2019-08-01 09:15:06,273 - INFO - Beginning optimization with guess, [ 0.10903942 82.26677592].
2019-08-01 09:15:08,728 - INFO - Finished optomization, results are [-23.055835275002252 array([1.14246086e-01, 2.04540890e+03])].
2019-08-01 09:15:08,728 - INFO - Beginning optimization with guess, [6.52984054e-02 1.17165121e+02].
2019-08-01 09:15:10,675 - INFO - Finished optomization, results are [-23.077714236266257 array([1.12343766e-01, 2.13712255e+03])].
2019-08-01 09:15:10,676 - INFO - Beginning optimization with guess, [9.14552681e-02 1.36806008e+02].
2019-08-01 09:15:15,435 - INFO - Finished optomization, results are [-23.029039137563668 array([1.12763171e-01, 2.22623154e+03])].
2019-08-01 09:15:15,435 - INFO - Beginning optimization with guess, [ 0.13215473 60.00669067].
2019-08-01 09:15:17,434 - INFO - Finished optomization, results are [-23.076245322159068 array([1.12947566e-01, 2.09145371e+03])].
2019-08-01 09:15:17,434 - INFO - Beginning optimization with guess, [7.68623874e-02 1.26982409e+02].
2019-08-01 09:15:20,147 - INFO - Finished optomization, results are [-23.12350254837713 array([1.13515036e-01, 1.94857037e+03])].
2019-08-01 09:15:20,148 - INFO - Beginning optimization with guess, [1.31105195e-01 1.32218001e+02].
2019-08-01 09:15:23,123 - INFO - Finished optomization, results are [-23.351263348640774 array([1.07027270e-01, 2.20572853e+03])].
2019-08-01 09:15:23,125 - INFO - Beginning optimization with guess, [1.07161317e-01 1.18746224e+02].
2019-08-01 09:15:25,257 - INFO - Finished optomization, results are [-23.079137693260805 array([1.16007366e-01, 1.87629613e+03])].
2019-08-01 09:15:25,258 - INFO - Beginning optimization with guess, [5.90776015e-02 8.94011760e+01].
2019-08-01 09:15:32,107 - INFO - Finished optomization, results are [-23.092186819590655 array([1.11127935e-01, 2.21220494e+03])].
2019-08-01 09:15:32,108 - INFO - Beginning optimization with guess, [ 0.06287688 42.84416079].
2019-08-01 09:15:37,373 - INFO - Finished optomization, results are [-22.992781294258815 array([1.14896650e-01, 2.22040898e+03])].
2019-08-01 09:15:37,374 - INFO - Beginning optimization with guess, [ 0.09838769 55.0209246 ].
2019-08-01 09:15:42,479 - INFO - Finished optomization, results are [-23.018001285812552 array([1.13172015e-01, 2.22830116e+03])].
2019-08-01 09:15:42,480 - INFO - Beginning optimization with guess, [1.38910976e-01 1.44626174e+02].
2019-08-01 09:15:45,372 - INFO - Finished optomization, results are [-23.195266567308074 array([1.09158036e-01, 2.21151712e+03])].
2019-08-01 09:15:45,374 - INFO - Beginning optimization with guess, [ 0.15431592 80.75435306].
2019-08-01 09:15:47,192 - INFO - Finished optomization, results are [-23.11900803724359 array([1.14243210e-01, 1.90379372e+03])].
2019-08-01 09:15:47,192 - INFO - Beginning optimization with guess, [ 0.07806504 55.22565279].
2019-08-01 09:15:49,219 - INFO - Finished optomization, results are [-23.060709189935416 array([1.14027557e-01, 2.04802712e+03])].
2019-08-01 09:15:49,220 - INFO - Beginning optimization with guess, [4.78731009e-02 6.34819168e+01].
2019-08-01 09:15:51,972 - INFO - Finished optomization, results are [-23.035796343835685 array([1.13792397e-01, 2.13131267e+03])].
2019-08-01 09:15:51,973 - INFO - Beginning optimization with guess, [ 0.15899706 91.91104066].
2019-08-01 09:15:53,933 - INFO - Finished optomization, results are [-23.077330100846016 array([1.13800317e-01, 2.02423708e+03])].
2019-08-01 09:15:53,933 - INFO - Beginning optimization with guess, [1.14642366e-01 1.20091148e+02].
2019-08-01 09:15:55,891 - INFO - Finished optomization, results are [-23.101031463672054 array([1.11889459e-01, 2.12528799e+03])].
2019-08-01 09:15:55,891 - INFO - Beginning optimization with guess, [1.10451073e-01 1.33251197e+02].
2019-08-01 09:15:57,727 - INFO - Finished optomization, results are [-23.108589562898977 array([1.12906539e-01, 2.02520996e+03])].
2019-08-01 09:15:57,728 - INFO - Beginning optimization with guess, [5.49547417e-02 6.60487463e+01].
2019-08-01 09:16:03,121 - INFO - Finished optomization, results are [-23.024801049637887 array([1.14430874e-01, 2.12274332e+03])].
2019-08-01 09:16:03,121 - INFO - Beginning optimization with guess, [ 0.07594194 46.60079419].
2019-08-01 09:16:05,478 - INFO - Finished optomization, results are [-23.048017788858736 array([1.1434601e-01, 2.0595589e+03])].
2019-08-01 09:16:05,479 - INFO - Beginning optimization with guess, [ 0.08728302 62.80116208].
2019-08-01 09:16:07,488 - INFO - Finished optomization, results are [-23.047477744136412 array([1.15732751e-01, 1.97761423e+03])].
2019-08-01 09:16:07,488 - INFO - Beginning optimization with guess, [5.63881272e-02 8.17521899e+01].
2019-08-01 09:16:09,447 - INFO - Finished optomization, results are [-23.15643402972651 array([1.11427345e-01, 2.06004327e+03])].
2019-08-01 09:16:09,448 - INFO - Beginning optimization with guess, [ 0.04746976 37.86964353].
2019-08-01 09:16:13,100 - INFO - Finished optomization, results are [-23.047404573745272 array([1.15613981e-01, 1.98428980e+03])].
2019-08-01 09:16:13,101 - INFO - Beginning optimization with guess, [ 0.11962742 71.86321778].
2019-08-01 09:16:15,287 - INFO - Finished optomization, results are [-23.046672414739348 array([1.12688961e-01, 2.18408559e+03])].
2019-08-01 09:16:15,288 - INFO - Beginning optimization with guess, [ 0.10077324 45.80456997].
2019-08-01 09:16:17,702 - INFO - Finished optomization, results are [-23.061693103924487 array([1.15026021e-01, 1.97926434e+03])].
2019-08-01 09:16:17,703 - INFO - Beginning optimization with guess, [5.4314783e-02 1.4237090e+02].
2019-08-01 09:16:20,746 - INFO - Finished optomization, results are [-23.048430344764782 array([1.12566772e-01, 2.18933891e+03])].
2019-08-01 09:16:20,747 - INFO - Beginning optimization with guess, [ 0.14384034 71.12988446].
2019-08-01 09:16:22,406 - INFO - Finished optomization, results are [-23.066386326850168 array([1.13343860e-01, 2.08393066e+03])].
2019-08-01 09:16:22,407 - INFO - Beginning optimization with guess, [ 0.16859898 40.09080094].
2019-08-01 09:16:24,196 - INFO - Finished optomization, results are [-23.041426211577363 array([1.12412916e-01, 2.22011036e+03])].
2019-08-01 09:16:24,197 - INFO - Beginning optimization with guess, [  0.17738553 101.358276  ].
2019-08-01 09:16:26,156 - INFO - Finished optomization, results are [-23.035249201006497 array([1.14065585e-01, 2.11428320e+03])].
2019-08-01 09:16:26,156 - INFO - Beginning optimization with guess, [ 0.09332063 67.06732268].
2019-08-01 09:16:28,386 - INFO - Finished optomization, results are [-23.026783546996967 array([1.13110015e-01, 2.20640645e+03])].
2019-08-01 09:16:28,386 - INFO - Beginning optimization with guess, [8.70551876e-02 8.93934840e+01].
2019-08-01 09:16:30,155 - INFO - Finished optomization, results are [-23.088524272525685 array([1.14181514e-01, 1.97155390e+03])].
2019-08-01 09:16:30,156 - INFO - Finished DFE inference.
2019-08-01 09:16:30,156 - INFO - Integrating expected site-frequency spectrum.
2019-08-01 09:16:30,171 - INFO - Outputing results.
2019-08-01 09:16:30,178 - INFO - Pipeline executed succesfully.
