2019-08-01 12:46:55,782 - INFO - Beginning execution of fitdadi_infer_DFE.py in directory /u/home/j/jonmah/lohmueller_lab/Scripts

2019-08-01 12:46:55,783 - INFO - Progress is being logged to ../Data/AW_array_2000/seed_78_fitdadi_output/log.log

2019-08-01 12:46:55,783 - INFO - Parsed the following arguments:
	breed = AW
	outprefix = ../Data/AW_array_2000/seed_78_fitdadi_output/
	nonsyn_input_sfs = ../Data/AW_array_2000/seed_78_easySFS_output_nonsyn/dadi/pop1.sfs
	syn_input_sfs = ../Data/AW_array_2000/seed_78_easySFS_output_syn/dadi/pop1.sfs

2019-08-01 12:46:55,785 - INFO - Beginning optimization with guess, [0.25121988 0.0743421 ].
2019-08-01 12:46:56,725 - INFO - Finished optimization with guess, [0.25121988 0.0743421 ].
2019-08-01 12:46:56,726 - INFO - Best fit parameters: [0.61343931 0.15868672].
2019-08-01 12:46:56,745 - INFO - Maximum log composite likelihood: -21.363918172.
2019-08-01 12:46:56,746 - INFO - Optimal value of theta: 66.1636110163.
2019-08-01 12:46:56,746 - INFO - Beginning optimization with guess, [0.54929346 0.16198062].
2019-08-01 12:46:57,084 - INFO - Finished optimization with guess, [0.54929346 0.16198062].
2019-08-01 12:46:57,085 - INFO - Best fit parameters: [0.61322539 0.16032366].
2019-08-01 12:46:57,104 - INFO - Maximum log composite likelihood: -21.3638796321.
2019-08-01 12:46:57,105 - INFO - Optimal value of theta: 66.2374398199.
2019-08-01 12:46:57,105 - INFO - Beginning optimization with guess, [0.36119164 0.18815349].
2019-08-01 12:46:58,569 - INFO - Finished optimization with guess, [0.36119164 0.18815349].
2019-08-01 12:46:58,569 - INFO - Best fit parameters: [0.61781522 0.17437365].
2019-08-01 12:46:58,589 - INFO - Maximum log composite likelihood: -21.363746396.
2019-08-01 12:46:58,589 - INFO - Optimal value of theta: 66.6107535235.
2019-08-01 12:46:58,590 - INFO - Beginning optimization with guess, [0.71417837 0.0532983 ].
2019-08-01 12:46:59,556 - INFO - Finished optimization with guess, [0.71417837 0.0532983 ].
2019-08-01 12:46:59,557 - INFO - Best fit parameters: [0.61782186 0.16890619].
2019-08-01 12:46:59,576 - INFO - Maximum log composite likelihood: -21.3637937884.
2019-08-01 12:46:59,577 - INFO - Optimal value of theta: 66.4014968873.
2019-08-01 12:46:59,577 - INFO - Beginning optimization with guess, [0.55444345 0.09295637].
2019-08-01 12:47:01,343 - INFO - Finished optimization with guess, [0.55444345 0.09295637].
2019-08-01 12:47:01,343 - INFO - Best fit parameters: [0.61762805 0.17388087].
2019-08-01 12:47:01,363 - INFO - Maximum log composite likelihood: -21.3637473369.
2019-08-01 12:47:01,363 - INFO - Optimal value of theta: 66.5993381319.
2019-08-01 12:47:01,364 - INFO - Beginning optimization with guess, [0.50277687 0.10504532].
2019-08-01 12:47:03,001 - INFO - Finished optimization with guess, [0.50277687 0.10504532].
2019-08-01 12:47:03,002 - INFO - Best fit parameters: [0.61770905 0.17383101].
2019-08-01 12:47:03,021 - INFO - Maximum log composite likelihood: -21.3637468048.
2019-08-01 12:47:03,022 - INFO - Optimal value of theta: 66.5942770769.
2019-08-01 12:47:03,022 - INFO - Beginning optimization with guess, [0.49959948 0.09218685].
2019-08-01 12:47:03,843 - INFO - Finished optimization with guess, [0.49959948 0.09218685].
2019-08-01 12:47:03,844 - INFO - Best fit parameters: [0.61801902 0.17384385].
2019-08-01 12:47:03,863 - INFO - Maximum log composite likelihood: -21.3637463894.
2019-08-01 12:47:03,864 - INFO - Optimal value of theta: 66.5826697681.
2019-08-01 12:47:03,864 - INFO - Beginning optimization with guess, [0.69480577 0.05272455].
2019-08-01 12:47:04,851 - INFO - Finished optimization with guess, [0.69480577 0.05272455].
2019-08-01 12:47:04,851 - INFO - Best fit parameters: [0.61229659 0.15641266].
2019-08-01 12:47:04,870 - INFO - Maximum log composite likelihood: -21.3639656078.
2019-08-01 12:47:04,871 - INFO - Optimal value of theta: 66.113460097.
2019-08-01 12:47:04,871 - INFO - Beginning optimization with guess, [0.26658211 0.07575355].
2019-08-01 12:47:05,786 - INFO - Finished optimization with guess, [0.26658211 0.07575355].
2019-08-01 12:47:05,787 - INFO - Best fit parameters: [0.60768858 0.13531628].
2019-08-01 12:47:05,806 - INFO - Maximum log composite likelihood: -21.3653744967.
2019-08-01 12:47:05,806 - INFO - Optimal value of theta: 65.3797308568.
2019-08-01 12:47:05,807 - INFO - Beginning optimization with guess, [0.38671059 0.06711389].
2019-08-01 12:47:06,730 - INFO - Finished optimization with guess, [0.38671059 0.06711389].
2019-08-01 12:47:06,731 - INFO - Best fit parameters: [0.61714023 0.17184921].
2019-08-01 12:47:06,750 - INFO - Maximum log composite likelihood: -21.3637523235.
2019-08-01 12:47:06,751 - INFO - Optimal value of theta: 66.540755407.
2019-08-01 12:47:06,751 - INFO - Beginning optimization with guess, [0.46864065 0.09152354].
2019-08-01 12:47:08,318 - INFO - Finished optimization with guess, [0.46864065 0.09152354].
2019-08-01 12:47:08,319 - INFO - Best fit parameters: [0.61776332 0.17413594].
2019-08-01 12:47:08,338 - INFO - Maximum log composite likelihood: -21.3637466065.
2019-08-01 12:47:08,339 - INFO - Optimal value of theta: 66.603756746.
2019-08-01 12:47:08,339 - INFO - Beginning optimization with guess, [0.34305853 0.14417494].
2019-08-01 12:47:09,888 - INFO - Finished optimization with guess, [0.34305853 0.14417494].
2019-08-01 12:47:09,889 - INFO - Best fit parameters: [0.61814635 0.17534793].
2019-08-01 12:47:09,908 - INFO - Maximum log composite likelihood: -21.3637448064.
2019-08-01 12:47:09,909 - INFO - Optimal value of theta: 66.6346227231.
2019-08-01 12:47:09,909 - INFO - Beginning optimization with guess, [0.77343555 0.17748606].
2019-08-01 12:47:10,794 - INFO - Finished optimization with guess, [0.77343555 0.17748606].
2019-08-01 12:47:10,795 - INFO - Best fit parameters: [0.61953827 0.17987006].
2019-08-01 12:47:10,814 - INFO - Maximum log composite likelihood: -21.3637557266.
2019-08-01 12:47:10,815 - INFO - Optimal value of theta: 66.7491988301.
2019-08-01 12:47:10,815 - INFO - Beginning optimization with guess, [0.41579904 0.05605152].
2019-08-01 12:47:11,740 - INFO - Finished optimization with guess, [0.41579904 0.05605152].
2019-08-01 12:47:11,741 - INFO - Best fit parameters: [0.61666671 0.17098202].
2019-08-01 12:47:11,760 - INFO - Maximum log composite likelihood: -21.3637575452.
2019-08-01 12:47:11,761 - INFO - Optimal value of theta: 66.5257834261.
2019-08-01 12:47:11,761 - INFO - Beginning optimization with guess, [0.84936076 0.1045491 ].
2019-08-01 12:47:14,791 - INFO - Finished optimization with guess, [0.84936076 0.1045491 ].
2019-08-01 12:47:14,792 - INFO - Best fit parameters: [0.61737924 0.17283592].
2019-08-01 12:47:14,811 - INFO - Maximum log composite likelihood: -21.3637482586.
2019-08-01 12:47:14,811 - INFO - Optimal value of theta: 66.5691166296.
2019-08-01 12:47:14,812 - INFO - Beginning optimization with guess, [0.51591068 0.12201973].
2019-08-01 12:47:16,634 - INFO - Finished optimization with guess, [0.51591068 0.12201973].
2019-08-01 12:47:16,635 - INFO - Best fit parameters: [0.61754481 0.17397148].
2019-08-01 12:47:16,654 - INFO - Maximum log composite likelihood: -21.3637481745.
2019-08-01 12:47:16,655 - INFO - Optimal value of theta: 66.6060397155.
2019-08-01 12:47:16,655 - INFO - Beginning optimization with guess, [0.31261496 0.0682809 ].
2019-08-01 12:47:17,553 - INFO - Finished optimization with guess, [0.31261496 0.0682809 ].
2019-08-01 12:47:17,553 - INFO - Best fit parameters: [0.61731333 0.16521963].
2019-08-01 12:47:17,572 - INFO - Maximum log composite likelihood: -21.3638615085.
2019-08-01 12:47:17,573 - INFO - Optimal value of theta: 66.2779468218.
2019-08-01 12:47:17,573 - INFO - Beginning optimization with guess, [0.44442976 0.06523024].
2019-08-01 12:47:18,530 - INFO - Finished optimization with guess, [0.44442976 0.06523024].
2019-08-01 12:47:18,531 - INFO - Best fit parameters: [0.61792666 0.17302952].
2019-08-01 12:47:18,551 - INFO - Maximum log composite likelihood: -21.3637478663.
2019-08-01 12:47:18,551 - INFO - Optimal value of theta: 66.5552100051.
2019-08-01 12:47:18,552 - INFO - Beginning optimization with guess, [0.95152428 0.11532201].
2019-08-01 12:47:20,436 - INFO - Finished optimization with guess, [0.95152428 0.11532201].
2019-08-01 12:47:20,437 - INFO - Best fit parameters: [0.61776347 0.17425184].
2019-08-01 12:47:20,457 - INFO - Maximum log composite likelihood: -21.3637466621.
2019-08-01 12:47:20,457 - INFO - Optimal value of theta: 66.6081534531.
2019-08-01 12:47:20,458 - INFO - Beginning optimization with guess, [0.75808349 0.17099766].
2019-08-01 12:47:22,667 - INFO - Finished optimization with guess, [0.75808349 0.17099766].
2019-08-01 12:47:22,667 - INFO - Best fit parameters: [0.61771798 0.1734346 ].
2019-08-01 12:47:22,687 - INFO - Maximum log composite likelihood: -21.3637468248.
2019-08-01 12:47:22,687 - INFO - Optimal value of theta: 66.5788153318.
2019-08-01 12:47:22,688 - INFO - Beginning optimization with guess, [0.68172922 0.12022361].
2019-08-01 12:47:23,712 - INFO - Finished optimization with guess, [0.68172922 0.12022361].
2019-08-01 12:47:23,713 - INFO - Best fit parameters: [0.61782717 0.17284952].
2019-08-01 12:47:23,732 - INFO - Maximum log composite likelihood: -21.3637482954.
2019-08-01 12:47:23,733 - INFO - Optimal value of theta: 66.5522414667.
2019-08-01 12:47:23,733 - INFO - Beginning optimization with guess, [0.89201485 0.14632504].
2019-08-01 12:47:25,690 - INFO - Finished optimization with guess, [0.89201485 0.14632504].
2019-08-01 12:47:25,691 - INFO - Best fit parameters: [0.61786965 0.17478314].
2019-08-01 12:47:25,710 - INFO - Maximum log composite likelihood: -21.363746271.
2019-08-01 12:47:25,711 - INFO - Optimal value of theta: 66.6241374547.
2019-08-01 12:47:25,711 - INFO - Beginning optimization with guess, [0.2536386  0.06024421].
2019-08-01 12:47:26,600 - INFO - Finished optimization with guess, [0.2536386  0.06024421].
2019-08-01 12:47:26,601 - INFO - Best fit parameters: [0.61303314 0.16591809].
2019-08-01 12:47:26,620 - INFO - Maximum log composite likelihood: -21.363865488.
2019-08-01 12:47:26,621 - INFO - Optimal value of theta: 66.4678754487.
2019-08-01 12:47:26,621 - INFO - Beginning optimization with guess, [0.83344971 0.13323862].
2019-08-01 12:47:28,573 - INFO - Finished optimization with guess, [0.83344971 0.13323862].
2019-08-01 12:47:28,573 - INFO - Best fit parameters: [0.61742597 0.17310674].
2019-08-01 12:47:28,592 - INFO - Maximum log composite likelihood: -21.3637480806.
2019-08-01 12:47:28,593 - INFO - Optimal value of theta: 66.5776645079.
2019-08-01 12:47:28,593 - INFO - Beginning optimization with guess, [0.85556188 0.10773723].
2019-08-01 12:47:30,242 - INFO - Finished optimization with guess, [0.85556188 0.10773723].
2019-08-01 12:47:30,243 - INFO - Best fit parameters: [0.61834609 0.17547241].
2019-08-01 12:47:30,262 - INFO - Maximum log composite likelihood: -21.3637442561.
2019-08-01 12:47:30,263 - INFO - Optimal value of theta: 66.6314831634.
2019-08-01 12:47:30,263 - INFO - Beginning optimization with guess, [0.50099353 0.05451297].
2019-08-01 12:47:31,237 - INFO - Finished optimization with guess, [0.50099353 0.05451297].
2019-08-01 12:47:31,237 - INFO - Best fit parameters: [0.61662123 0.16991027].
2019-08-01 12:47:31,256 - INFO - Maximum log composite likelihood: -21.3637612653.
2019-08-01 12:47:31,257 - INFO - Optimal value of theta: 66.4861827583.
2019-08-01 12:47:31,257 - INFO - Beginning optimization with guess, [0.37977031 0.14510425].
2019-08-01 12:47:32,630 - INFO - Finished optimization with guess, [0.37977031 0.14510425].
2019-08-01 12:47:32,630 - INFO - Best fit parameters: [0.61746155 0.17322105].
2019-08-01 12:47:32,649 - INFO - Maximum log composite likelihood: -21.3637479402.
2019-08-01 12:47:32,650 - INFO - Optimal value of theta: 66.5806524503.
2019-08-01 12:47:32,651 - INFO - Beginning optimization with guess, [0.59060819 0.06759952].
2019-08-01 12:47:35,827 - INFO - Finished optimization with guess, [0.59060819 0.06759952].
2019-08-01 12:47:35,828 - INFO - Best fit parameters: [0.6176909  0.17396728].
2019-08-01 12:47:35,848 - INFO - Maximum log composite likelihood: -21.3637469663.
2019-08-01 12:47:35,848 - INFO - Optimal value of theta: 66.6001724775.
2019-08-01 12:47:35,849 - INFO - Beginning optimization with guess, [0.70388653 0.0618934 ].
2019-08-01 12:47:36,769 - INFO - Finished optimization with guess, [0.70388653 0.0618934 ].
2019-08-01 12:47:36,769 - INFO - Best fit parameters: [0.61719557 0.17239653].
2019-08-01 12:47:36,789 - INFO - Maximum log composite likelihood: -21.3637505157.
2019-08-01 12:47:36,789 - INFO - Optimal value of theta: 66.5595202791.
2019-08-01 12:47:36,790 - INFO - Beginning optimization with guess, [0.3852587  0.05200997].
2019-08-01 12:47:37,721 - INFO - Finished optimization with guess, [0.3852587  0.05200997].
2019-08-01 12:47:37,721 - INFO - Best fit parameters: [0.6108401  0.14348808].
2019-08-01 12:47:37,740 - INFO - Maximum log composite likelihood: -21.3647299869.
2019-08-01 12:47:37,741 - INFO - Optimal value of theta: 65.627070366.
2019-08-01 12:47:37,741 - INFO - Beginning optimization with guess, [0.4317866  0.07595702].
2019-08-01 12:47:38,688 - INFO - Finished optimization with guess, [0.4317866  0.07595702].
2019-08-01 12:47:38,688 - INFO - Best fit parameters: [0.61744141 0.17379987].
2019-08-01 12:47:38,707 - INFO - Maximum log composite likelihood: -21.3637489743.
2019-08-01 12:47:38,708 - INFO - Optimal value of theta: 66.6035422428.
2019-08-01 12:47:38,709 - INFO - Beginning optimization with guess, [0.72507685 0.05821989].
2019-08-01 12:47:39,635 - INFO - Finished optimization with guess, [0.72507685 0.05821989].
2019-08-01 12:47:39,636 - INFO - Best fit parameters: [0.61687098 0.17223395].
2019-08-01 12:47:39,655 - INFO - Maximum log composite likelihood: -21.3637540345.
2019-08-01 12:47:39,656 - INFO - Optimal value of theta: 66.5659157094.
2019-08-01 12:47:39,656 - INFO - Beginning optimization with guess, [0.72752967 0.06409032].
2019-08-01 12:47:40,582 - INFO - Finished optimization with guess, [0.72752967 0.06409032].
2019-08-01 12:47:40,582 - INFO - Best fit parameters: [0.61716813 0.17227153].
2019-08-01 12:47:40,601 - INFO - Maximum log composite likelihood: -21.363751003.
2019-08-01 12:47:40,602 - INFO - Optimal value of theta: 66.5558157925.
2019-08-01 12:47:40,602 - INFO - Beginning optimization with guess, [0.30875438 0.05083957].
2019-08-01 12:47:41,504 - INFO - Finished optimization with guess, [0.30875438 0.05083957].
2019-08-01 12:47:41,504 - INFO - Best fit parameters: [0.61717104 0.17499389].
2019-08-01 12:47:41,523 - INFO - Maximum log composite likelihood: -21.3637586194.
2019-08-01 12:47:41,524 - INFO - Optimal value of theta: 66.6594962699.
2019-08-01 12:47:41,524 - INFO - Beginning optimization with guess, [0.28532464 0.09298419].
2019-08-01 12:47:42,453 - INFO - Finished optimization with guess, [0.28532464 0.09298419].
2019-08-01 12:47:42,455 - INFO - Best fit parameters: [0.61730309 0.17329878].
2019-08-01 12:47:42,474 - INFO - Maximum log composite likelihood: -21.3637495073.
2019-08-01 12:47:42,475 - INFO - Optimal value of theta: 66.5898065871.
2019-08-01 12:47:42,475 - INFO - Beginning optimization with guess, [0.49313687 0.07861925].
2019-08-01 12:47:43,294 - INFO - Finished optimization with guess, [0.49313687 0.07861925].
2019-08-01 12:47:43,295 - INFO - Best fit parameters: [0.6178045  0.17313311].
2019-08-01 12:47:43,314 - INFO - Maximum log composite likelihood: -21.3637471515.
2019-08-01 12:47:43,315 - INFO - Optimal value of theta: 66.5639261855.
2019-08-01 12:47:43,315 - INFO - Beginning optimization with guess, [0.26765868 0.06523147].
2019-08-01 12:47:44,201 - INFO - Finished optimization with guess, [0.26765868 0.06523147].
2019-08-01 12:47:44,202 - INFO - Best fit parameters: [0.605047   0.15852825].
2019-08-01 12:47:44,221 - INFO - Maximum log composite likelihood: -21.364641923.
2019-08-01 12:47:44,221 - INFO - Optimal value of theta: 66.4715122136.
2019-08-01 12:47:44,222 - INFO - Beginning optimization with guess, [0.4488859  0.07849293].
2019-08-01 12:47:45,734 - INFO - Finished optimization with guess, [0.4488859  0.07849293].
2019-08-01 12:47:45,735 - INFO - Best fit parameters: [0.61781967 0.17451293].
2019-08-01 12:47:45,754 - INFO - Maximum log composite likelihood: -21.3637464425.
2019-08-01 12:47:45,755 - INFO - Optimal value of theta: 66.6158609319.
2019-08-01 12:47:45,755 - INFO - Beginning optimization with guess, [0.86810001 0.10151671].
2019-08-01 12:47:47,167 - INFO - Finished optimization with guess, [0.86810001 0.10151671].
2019-08-01 12:47:47,167 - INFO - Best fit parameters: [0.61765461 0.17385045].
2019-08-01 12:47:47,187 - INFO - Maximum log composite likelihood: -21.3637471289.
2019-08-01 12:47:47,187 - INFO - Optimal value of theta: 66.5971424631.
2019-08-01 12:47:47,188 - INFO - Beginning optimization with guess, [0.72708109 0.14494826].
2019-08-01 12:47:48,168 - INFO - Finished optimization with guess, [0.72708109 0.14494826].
2019-08-01 12:47:48,169 - INFO - Best fit parameters: [0.61803233 0.17463744].
2019-08-01 12:47:48,188 - INFO - Maximum log composite likelihood: -21.363745438.
2019-08-01 12:47:48,189 - INFO - Optimal value of theta: 66.6122599512.
2019-08-01 12:47:48,189 - INFO - Beginning optimization with guess, [0.90810547 0.05559365].
2019-08-01 12:47:49,099 - INFO - Finished optimization with guess, [0.90810547 0.05559365].
2019-08-01 12:47:49,100 - INFO - Best fit parameters: [0.61667833 0.1685409 ].
2019-08-01 12:47:49,119 - INFO - Maximum log composite likelihood: -21.3637734256.
2019-08-01 12:47:49,119 - INFO - Optimal value of theta: 66.4311048794.
2019-08-01 12:47:49,120 - INFO - Beginning optimization with guess, [0.3312765  0.17164702].
2019-08-01 12:47:51,212 - INFO - Finished optimization with guess, [0.3312765  0.17164702].
2019-08-01 12:47:51,213 - INFO - Best fit parameters: [0.61781716 0.1745813 ].
2019-08-01 12:47:51,232 - INFO - Maximum log composite likelihood: -21.363746509.
2019-08-01 12:47:51,233 - INFO - Optimal value of theta: 66.6185496423.
2019-08-01 12:47:51,233 - INFO - Beginning optimization with guess, [0.95882473 0.05313773].
2019-08-01 12:47:52,133 - INFO - Finished optimization with guess, [0.95882473 0.05313773].
2019-08-01 12:47:52,133 - INFO - Best fit parameters: [0.61759915 0.16573099].
2019-08-01 12:47:52,152 - INFO - Maximum log composite likelihood: -21.3638614146.
2019-08-01 12:47:52,153 - INFO - Optimal value of theta: 66.2870791252.
2019-08-01 12:47:52,153 - INFO - Beginning optimization with guess, [0.9305738  0.10930927].
2019-08-01 12:47:55,297 - INFO - Finished optimization with guess, [0.9305738  0.10930927].
2019-08-01 12:47:55,298 - INFO - Best fit parameters: [0.61745848 0.17315142].
2019-08-01 12:47:55,317 - INFO - Maximum log composite likelihood: -21.3637479008.
2019-08-01 12:47:55,318 - INFO - Optimal value of theta: 66.5781076097.
2019-08-01 12:47:55,318 - INFO - Beginning optimization with guess, [0.91516311 0.07303866].
2019-08-01 12:47:56,302 - INFO - Finished optimization with guess, [0.91516311 0.07303866].
2019-08-01 12:47:56,303 - INFO - Best fit parameters: [0.61737287 0.17289735].
2019-08-01 12:47:56,322 - INFO - Maximum log composite likelihood: -21.3637482439.
2019-08-01 12:47:56,323 - INFO - Optimal value of theta: 66.5717101258.
2019-08-01 12:47:56,323 - INFO - Beginning optimization with guess, [0.3891886  0.06221335].
2019-08-01 12:47:57,247 - INFO - Finished optimization with guess, [0.3891886  0.06221335].
2019-08-01 12:47:57,248 - INFO - Best fit parameters: [0.61512515 0.16434612].
2019-08-01 12:47:57,267 - INFO - Maximum log composite likelihood: -21.3638161593.
2019-08-01 12:47:57,267 - INFO - Optimal value of theta: 66.3262190387.
2019-08-01 12:47:57,268 - INFO - Beginning optimization with guess, [0.68933957 0.14583639].
2019-08-01 12:47:59,001 - INFO - Finished optimization with guess, [0.68933957 0.14583639].
2019-08-01 12:47:59,001 - INFO - Best fit parameters: [0.61824095 0.17482718].
2019-08-01 12:47:59,021 - INFO - Maximum log composite likelihood: -21.3637451002.
2019-08-01 12:47:59,021 - INFO - Optimal value of theta: 66.6112763637.
2019-08-01 12:47:59,022 - INFO - Beginning optimization with guess, [0.557084   0.13217996].
2019-08-01 12:48:00,284 - INFO - Finished optimization with guess, [0.557084   0.13217996].
2019-08-01 12:48:00,284 - INFO - Best fit parameters: [0.61775657 0.17419794].
2019-08-01 12:48:00,304 - INFO - Maximum log composite likelihood: -21.3637466765.
2019-08-01 12:48:00,304 - INFO - Optimal value of theta: 66.6063759878.
2019-08-01 12:48:00,305 - INFO - Beginning optimization with guess, [0.38087457 0.11940791].
2019-08-01 12:48:01,890 - INFO - Finished optimization with guess, [0.38087457 0.11940791].
2019-08-01 12:48:01,890 - INFO - Best fit parameters: [0.6174243 0.1734394].
2019-08-01 12:48:01,910 - INFO - Maximum log composite likelihood: -21.363748511.
2019-08-01 12:48:01,910 - INFO - Optimal value of theta: 66.5904533232.
2019-08-01 12:48:01,911 - INFO - Beginning optimization with guess, [0.34062814 0.05514018].
2019-08-01 12:48:02,817 - INFO - Finished optimization with guess, [0.34062814 0.05514018].
2019-08-01 12:48:02,818 - INFO - Best fit parameters: [0.61564305 0.16680823].
2019-08-01 12:48:02,837 - INFO - Maximum log composite likelihood: -21.3637868073.
2019-08-01 12:48:02,837 - INFO - Optimal value of theta: 66.403223502.
2019-08-01 12:48:02,838 - INFO - Finished demographic inference.
2019-08-01 12:48:02,838 - INFO - Beginning DFE inference.
2019-08-01 12:48:28,069 - INFO - Beginning optimization with guess, [7.29112058e-02 1.85187261e+02].
2019-08-01 12:48:48,415 - INFO - Finished optomization, results are [-22.94229831888 array([9.80814773e-02, 3.04056887e+03])].
2019-08-01 12:48:48,416 - INFO - Beginning optimization with guess, [1.11717218e-01 1.37682308e+02].
2019-08-01 12:49:03,294 - INFO - Finished optomization, results are [-22.942276909947104 array([9.88100416e-02, 2.87994003e+03])].
2019-08-01 12:49:03,295 - INFO - Beginning optimization with guess, [6.80867751e-02 3.10618141e+02].
2019-08-01 12:49:17,208 - INFO - Finished optomization, results are [-22.94238472875645 array([9.76847493e-02, 3.11339316e+03])].
2019-08-01 12:49:17,210 - INFO - Beginning optimization with guess, [1.75748070e-01 2.14207684e+02].
2019-08-01 12:49:34,014 - INFO - Finished optomization, results are [-22.942301182292937 array([9.80977518e-02, 3.03147474e+03])].
2019-08-01 12:49:34,016 - INFO - Beginning optimization with guess, [5.68977730e-02 1.11755933e+02].
2019-08-01 12:49:52,549 - INFO - Finished optomization, results are [-22.942439168797385 array([9.74632592e-02, 3.15921129e+03])].
2019-08-01 12:49:52,550 - INFO - Beginning optimization with guess, [8.22344357e-02 1.24871866e+02].
2019-08-01 12:50:08,963 - INFO - Finished optomization, results are [-22.942299768476964 array([9.82443680e-02, 2.99449099e+03])].
2019-08-01 12:50:08,965 - INFO - Beginning optimization with guess, [  0.15538242 123.31763972].
2019-08-01 12:50:17,462 - INFO - Finished optomization, results are [-22.942303769621315 array([9.87124345e-02, 2.89458574e+03])].
2019-08-01 12:50:17,463 - INFO - Beginning optimization with guess, [  0.17159423 105.63543819].
2019-08-01 12:50:33,881 - INFO - Finished optomization, results are [-22.94228632366136 array([9.81898975e-02, 3.01346213e+03])].
2019-08-01 12:50:33,883 - INFO - Beginning optimization with guess, [9.96995205e-02 2.56722207e+02].
2019-08-01 12:50:46,829 - INFO - Finished optomization, results are [-22.94228559765584 array([9.88519205e-02, 2.87035368e+03])].
2019-08-01 12:50:46,830 - INFO - Beginning optimization with guess, [1.23416948e-01 2.11850469e+02].
2019-08-01 12:50:58,174 - INFO - Finished optomization, results are [-22.94225630524049 array([9.89551873e-02, 2.85593612e+03])].
2019-08-01 12:50:58,175 - INFO - Beginning optimization with guess, [6.67234464e-02 8.30644543e+01].
2019-08-01 12:51:16,518 - INFO - Finished optomization, results are [-22.942279659116025 array([9.86644060e-02, 2.90832294e+03])].
2019-08-01 12:51:16,519 - INFO - Beginning optimization with guess, [9.42117444e-02 2.80785641e+02].
2019-08-01 12:51:33,125 - INFO - Finished optomization, results are [-22.942348168022264 array([9.79675851e-02, 3.04809895e+03])].
2019-08-01 12:51:33,126 - INFO - Beginning optimization with guess, [5.69695995e-02 2.47367707e+02].
2019-08-01 12:51:49,541 - INFO - Finished optomization, results are [-22.942275815554726 array([9.82224595e-02, 3.01331093e+03])].
2019-08-01 12:51:49,543 - INFO - Beginning optimization with guess, [8.18135897e-02 1.48961399e+02].
2019-08-01 12:52:07,886 - INFO - Finished optomization, results are [-22.942331518990684 array([9.80765033e-02, 3.05999899e+03])].
2019-08-01 12:52:07,887 - INFO - Beginning optimization with guess, [9.37356789e-02 1.06135708e+02].
2019-08-01 12:52:27,581 - INFO - Finished optomization, results are [-22.942348783440515 array([9.78746418e-02, 3.07250855e+03])].
2019-08-01 12:52:27,583 - INFO - Beginning optimization with guess, [6.12863386e-02 9.77736363e+01].
2019-08-01 12:52:37,001 - INFO - Finished optomization, results are [-22.942382969369877 array([9.81379464e-02, 3.00195135e+03])].
2019-08-01 12:52:37,002 - INFO - Beginning optimization with guess, [7.48140194e-02 2.67902282e+02].
2019-08-01 12:52:50,514 - INFO - Finished optomization, results are [-22.942343492487318 array([9.78575300e-02, 3.08087673e+03])].
2019-08-01 12:52:50,515 - INFO - Beginning optimization with guess, [9.42812551e-02 2.85260227e+02].
2019-08-01 12:53:09,043 - INFO - Finished optomization, results are [-22.94235269542913 array([9.79374922e-02, 3.05440590e+03])].
2019-08-01 12:53:09,044 - INFO - Beginning optimization with guess, [4.94691104e-02 1.32842366e+02].
2019-08-01 12:53:26,406 - INFO - Finished optomization, results are [-22.942282755892194 array([9.88440883e-02, 2.87233247e+03])].
2019-08-01 12:53:26,407 - INFO - Beginning optimization with guess, [ 0.15267804 98.19675449].
2019-08-01 12:53:43,960 - INFO - Finished optomization, results are [-22.94229056012407 array([9.87006851e-02, 2.89907062e+03])].
2019-08-01 12:53:43,961 - INFO - Beginning optimization with guess, [1.11663994e-01 2.79152468e+02].
2019-08-01 12:54:03,055 - INFO - Finished optomization, results are [-22.942316046875483 array([9.80131658e-02, 3.04808452e+03])].
2019-08-01 12:54:03,056 - INFO - Beginning optimization with guess, [1.38585148e-01 2.26059401e+02].
2019-08-01 12:54:11,452 - INFO - Finished optomization, results are [-22.942370614236435 array([9.83485413e-02, 2.95871926e+03])].
2019-08-01 12:54:11,453 - INFO - Beginning optimization with guess, [6.17249885e-02 1.91923385e+02].
2019-08-01 12:54:22,216 - INFO - Finished optomization, results are [-22.94221791542528 array([9.92836259e-02, 2.80581224e+03])].
2019-08-01 12:54:22,218 - INFO - Beginning optimization with guess, [1.40731258e-01 1.46962094e+02].
2019-08-01 12:54:36,892 - INFO - Finished optomization, results are [-22.94235146664071 array([9.81884186e-02, 2.99597732e+03])].
2019-08-01 12:54:36,893 - INFO - Beginning optimization with guess, [1.04496682e-01 1.28617022e+02].
2019-08-01 12:54:51,364 - INFO - Finished optomization, results are [-22.942217812803584 array([9.87911641e-02, 2.90209165e+03])].
2019-08-01 12:54:51,365 - INFO - Beginning optimization with guess, [9.84196376e-02 1.48843661e+02].
2019-08-01 12:55:03,281 - INFO - Finished optomization, results are [-22.942262625456387 array([9.89265604e-02, 2.86013642e+03])].
2019-08-01 12:55:03,282 - INFO - Beginning optimization with guess, [6.65538642e-02 2.12609301e+02].
2019-08-01 12:55:17,751 - INFO - Finished optomization, results are [-22.94238471879982 array([9.76954415e-02, 3.10991997e+03])].
2019-08-01 12:55:17,752 - INFO - Beginning optimization with guess, [4.91133521e-02 1.40990748e+02].
2019-08-01 12:55:25,866 - INFO - Finished optomization, results are [-22.9422976928959 array([9.87292906e-02, 2.89222952e+03])].
2019-08-01 12:55:25,867 - INFO - Beginning optimization with guess, [1.68046139e-01 1.69733292e+02].
2019-08-01 12:55:40,548 - INFO - Finished optomization, results are [-22.94237360004464 array([9.80116242e-02, 3.03190031e+03])].
2019-08-01 12:55:40,550 - INFO - Beginning optimization with guess, [ 0.15917869 81.25540814].
2019-08-01 12:55:59,282 - INFO - Finished optomization, results are [-22.942256912307087 array([9.8756075e-02, 2.8946079e+03])].
2019-08-01 12:55:59,283 - INFO - Beginning optimization with guess, [9.90130425e-02 1.01673965e+02].
2019-08-01 12:56:16,275 - INFO - Finished optomization, results are [-22.942458416732123 array([9.77935697e-02, 3.06832925e+03])].
2019-08-01 12:56:16,277 - INFO - Beginning optimization with guess, [1.31057587e-01 1.44662497e+02].
2019-08-01 12:56:32,692 - INFO - Finished optomization, results are [-22.94231367212455 array([9.85460392e-02, 2.92638721e+03])].
2019-08-01 12:56:32,693 - INFO - Beginning optimization with guess, [6.59160367e-02 1.02065300e+02].
2019-08-01 12:56:49,105 - INFO - Finished optomization, results are [-22.942298541168704 array([9.84564691e-02, 2.94771505e+03])].
2019-08-01 12:56:49,106 - INFO - Beginning optimization with guess, [1.40625890e-01 2.52256481e+02].
2019-08-01 12:57:03,772 - INFO - Finished optomization, results are [-22.942441902165992 array([9.77973567e-02, 3.06998365e+03])].
2019-08-01 12:57:03,773 - INFO - Beginning optimization with guess, [  0.15622383 144.58823348].
2019-08-01 12:57:22,885 - INFO - Finished optomization, results are [-22.94234245011715 array([9.81568155e-02, 3.00470414e+03])].
2019-08-01 12:57:22,886 - INFO - Beginning optimization with guess, [6.45416728e-02 2.78572420e+02].
2019-08-01 12:57:38,130 - INFO - Finished optomization, results are [-22.942326599336177 array([9.85832789e-02, 2.91684537e+03])].
2019-08-01 12:57:38,131 - INFO - Beginning optimization with guess, [5.54258154e-02 1.49130801e+02].
2019-08-01 12:57:57,826 - INFO - Finished optomization, results are [-22.942339930465465 array([9.79562833e-02, 3.05350504e+03])].
2019-08-01 12:57:57,828 - INFO - Beginning optimization with guess, [8.28854838e-02 1.47984171e+02].
2019-08-01 12:58:08,591 - INFO - Finished optomization, results are [-22.94227849185918 array([9.90323575e-02, 2.83752107e+03])].
2019-08-01 12:58:08,592 - INFO - Beginning optimization with guess, [ 0.1561373  91.26084418].
2019-08-01 12:58:17,426 - INFO - Finished optomization, results are [-22.942307229914633 array([9.87751312e-02, 2.88180416e+03])].
2019-08-01 12:58:17,428 - INFO - Beginning optimization with guess, [7.99613245e-02 1.00925723e+02].
2019-08-01 12:58:31,134 - INFO - Finished optomization, results are [-22.942388255844584 array([9.80705841e-02, 3.01602053e+03])].
2019-08-01 12:58:31,135 - INFO - Beginning optimization with guess, [8.01395159e-02 9.20291737e+01].
2019-08-01 12:58:46,001 - INFO - Finished optomization, results are [-22.942352896898434 array([9.83459282e-02, 2.96180124e+03])].
2019-08-01 12:58:46,002 - INFO - Beginning optimization with guess, [8.98104931e-02 1.25026509e+02].
2019-08-01 12:59:03,180 - INFO - Finished optomization, results are [-22.942292671639965 array([9.86604755e-02, 2.90673753e+03])].
2019-08-01 12:59:03,182 - INFO - Beginning optimization with guess, [7.20061508e-02 1.71405589e+02].
2019-08-01 12:59:17,859 - INFO - Finished optomization, results are [-22.942292893587904 array([9.81246108e-02, 3.02921101e+03])].
2019-08-01 12:59:17,860 - INFO - Beginning optimization with guess, [ 0.16223073 81.49789927].
2019-08-01 12:59:25,776 - INFO - Finished optomization, results are [-22.94225871123753 array([9.89812595e-02, 2.85053840e+03])].
2019-08-01 12:59:25,777 - INFO - Beginning optimization with guess, [4.57130257e-02 1.26881139e+02].
2019-08-01 12:59:34,883 - INFO - Finished optomization, results are [-22.942265484790404 array([9.89491548e-02, 2.85531254e+03])].
2019-08-01 12:59:34,884 - INFO - Beginning optimization with guess, [5.34735670e-02 3.07097985e+02].
2019-08-01 12:59:48,787 - INFO - Finished optomization, results are [-22.94231285148379 array([9.85792871e-02, 2.91975516e+03])].
2019-08-01 12:59:48,788 - INFO - Beginning optimization with guess, [4.63205510e-02 8.24133945e+01].
2019-08-01 13:00:04,005 - INFO - Finished optomization, results are [-22.942273724238653 array([9.87847523e-02, 2.88546749e+03])].
2019-08-01 13:00:04,007 - INFO - Beginning optimization with guess, [7.81001058e-02 1.17995336e+02].
2019-08-01 13:00:19,054 - INFO - Finished optomization, results are [-22.942540009888084 array([9.73098208e-02, 3.17410210e+03])].
2019-08-01 13:00:19,055 - INFO - Beginning optimization with guess, [1.09558185e-01 1.49336546e+02].
2019-08-01 13:00:27,936 - INFO - Finished optomization, results are [-22.942285344096696 array([9.87642382e-02, 2.88741487e+03])].
2019-08-01 13:00:27,938 - INFO - Beginning optimization with guess, [5.77016402e-02 2.12704753e+02].
2019-08-01 13:00:42,822 - INFO - Finished optomization, results are [-22.942407887929463 array([9.80474949e-02, 3.01817537e+03])].
2019-08-01 13:00:42,823 - INFO - Finished DFE inference.
2019-08-01 13:00:42,824 - INFO - Integrating expected site-frequency spectrum.
2019-08-01 13:00:42,870 - INFO - Outputing results.
2019-08-01 13:00:42,875 - INFO - Pipeline executed succesfully.
