2019-08-01 12:46:54,110 - INFO - Beginning execution of fitdadi_infer_DFE.py in directory /u/home/j/jonmah/lohmueller_lab/Scripts

2019-08-01 12:46:54,110 - INFO - Progress is being logged to ../Data/AW_array_2000/seed_100_fitdadi_output/log.log

2019-08-01 12:46:54,110 - INFO - Parsed the following arguments:
	breed = AW
	outprefix = ../Data/AW_array_2000/seed_100_fitdadi_output/
	nonsyn_input_sfs = ../Data/AW_array_2000/seed_100_easySFS_output_nonsyn/dadi/pop1.sfs
	syn_input_sfs = ../Data/AW_array_2000/seed_100_easySFS_output_syn/dadi/pop1.sfs

2019-08-01 12:46:54,114 - INFO - Beginning optimization with guess, [0.74441757 0.06272692].
2019-08-01 12:46:54,550 - INFO - Finished optimization with guess, [0.74441757 0.06272692].
2019-08-01 12:46:54,550 - INFO - Best fit parameters: [0.09482096 0.00538247].
2019-08-01 12:46:54,559 - INFO - Maximum log composite likelihood: -21.3641829198.
2019-08-01 12:46:54,559 - INFO - Optimal value of theta: 71.1951889501.
2019-08-01 12:46:54,559 - INFO - Beginning optimization with guess, [0.8282191  0.06526339].
2019-08-01 12:46:55,009 - INFO - Finished optimization with guess, [0.8282191  0.06526339].
2019-08-01 12:46:55,010 - INFO - Best fit parameters: [0.11663985 0.006733  ].
2019-08-01 12:46:55,018 - INFO - Maximum log composite likelihood: -21.3664695975.
2019-08-01 12:46:55,019 - INFO - Optimal value of theta: 71.1132356592.
2019-08-01 12:46:55,019 - INFO - Beginning optimization with guess, [0.49290262 0.17404177].
2019-08-01 12:46:55,477 - INFO - Finished optimization with guess, [0.49290262 0.17404177].
2019-08-01 12:46:55,477 - INFO - Best fit parameters: [0.10022858 0.0057136 ].
2019-08-01 12:46:55,486 - INFO - Maximum log composite likelihood: -21.3646705508.
2019-08-01 12:46:55,487 - INFO - Optimal value of theta: 71.1758715722.
2019-08-01 12:46:55,487 - INFO - Beginning optimization with guess, [0.25701431 0.11180798].
2019-08-01 12:46:55,938 - INFO - Finished optimization with guess, [0.25701431 0.11180798].
2019-08-01 12:46:55,938 - INFO - Best fit parameters: [0.05337518 0.00276256].
2019-08-01 12:46:55,947 - INFO - Maximum log composite likelihood: -21.3622306796.
2019-08-01 12:46:55,947 - INFO - Optimal value of theta: 70.9255069538.
2019-08-01 12:46:55,948 - INFO - Beginning optimization with guess, [0.72302582 0.05273795].
2019-08-01 12:46:56,387 - INFO - Finished optimization with guess, [0.72302582 0.05273795].
2019-08-01 12:46:56,388 - INFO - Best fit parameters: [0.03685591 0.00190307].
2019-08-01 12:46:56,396 - INFO - Maximum log composite likelihood: -21.3600105834.
2019-08-01 12:46:56,396 - INFO - Optimal value of theta: 71.0456629163.
2019-08-01 12:46:56,397 - INFO - Beginning optimization with guess, [0.37297218 0.09228927].
2019-08-01 12:46:56,831 - INFO - Finished optimization with guess, [0.37297218 0.09228927].
2019-08-01 12:46:56,832 - INFO - Best fit parameters: [0.07899452 0.00421096].
2019-08-01 12:46:56,840 - INFO - Maximum log composite likelihood: -21.3648379269.
2019-08-01 12:46:56,840 - INFO - Optimal value of theta: 70.909222263.
2019-08-01 12:46:56,841 - INFO - Beginning optimization with guess, [0.6247833  0.06012928].
2019-08-01 12:46:57,271 - INFO - Finished optimization with guess, [0.6247833  0.06012928].
2019-08-01 12:46:57,271 - INFO - Best fit parameters: [0.05212042 0.00272961].
2019-08-01 12:46:57,279 - INFO - Maximum log composite likelihood: -21.361350787.
2019-08-01 12:46:57,280 - INFO - Optimal value of theta: 71.0151539853.
2019-08-01 12:46:57,280 - INFO - Beginning optimization with guess, [0.82889901 0.08181941].
2019-08-01 12:46:57,712 - INFO - Finished optimization with guess, [0.82889901 0.08181941].
2019-08-01 12:46:57,713 - INFO - Best fit parameters: [0.07266897 0.0039706 ].
2019-08-01 12:46:57,721 - INFO - Maximum log composite likelihood: -21.3625213127.
2019-08-01 12:46:57,721 - INFO - Optimal value of theta: 71.1293779151.
2019-08-01 12:46:57,721 - INFO - Beginning optimization with guess, [0.4682337  0.17122098].
2019-08-01 12:46:58,156 - INFO - Finished optimization with guess, [0.4682337  0.17122098].
2019-08-01 12:46:58,156 - INFO - Best fit parameters: [0.15825896 0.00961998].
2019-08-01 12:46:58,164 - INFO - Maximum log composite likelihood: -21.3713823308.
2019-08-01 12:46:58,165 - INFO - Optimal value of theta: 71.0746473523.
2019-08-01 12:46:58,165 - INFO - Beginning optimization with guess, [0.60903319 0.05013174].
2019-08-01 12:46:58,593 - INFO - Finished optimization with guess, [0.60903319 0.05013174].
2019-08-01 12:46:58,593 - INFO - Best fit parameters: [0.04931431 0.00258267].
2019-08-01 12:46:58,602 - INFO - Maximum log composite likelihood: -21.3609947512.
2019-08-01 12:46:58,602 - INFO - Optimal value of theta: 71.0385593031.
2019-08-01 12:46:58,602 - INFO - Beginning optimization with guess, [0.7125498  0.12230927].
2019-08-01 12:46:59,042 - INFO - Finished optimization with guess, [0.7125498  0.12230927].
2019-08-01 12:46:59,043 - INFO - Best fit parameters: [0.02682305 0.00139172].
2019-08-01 12:46:59,051 - INFO - Maximum log composite likelihood: -21.3593041619.
2019-08-01 12:46:59,051 - INFO - Optimal value of theta: 71.1613067756.
2019-08-01 12:46:59,051 - INFO - Beginning optimization with guess, [0.91710721 0.09627278].
2019-08-01 12:46:59,488 - INFO - Finished optimization with guess, [0.91710721 0.09627278].
2019-08-01 12:46:59,489 - INFO - Best fit parameters: [0.1143505  0.00657229].
2019-08-01 12:46:59,497 - INFO - Maximum log composite likelihood: -21.3663068235.
2019-08-01 12:46:59,497 - INFO - Optimal value of theta: 71.1045757392.
2019-08-01 12:46:59,498 - INFO - Beginning optimization with guess, [0.65658744 0.05239519].
2019-08-01 12:46:59,927 - INFO - Finished optimization with guess, [0.65658744 0.05239519].
2019-08-01 12:46:59,928 - INFO - Best fit parameters: [0.07534384 0.00409349].
2019-08-01 12:46:59,936 - INFO - Maximum log composite likelihood: -21.3629818563.
2019-08-01 12:46:59,936 - INFO - Optimal value of theta: 71.0678328169.
2019-08-01 12:46:59,937 - INFO - Beginning optimization with guess, [0.82774595 0.09054464].
2019-08-01 12:47:00,395 - INFO - Finished optimization with guess, [0.82774595 0.09054464].
2019-08-01 12:47:00,396 - INFO - Best fit parameters: [0.11249328 0.00644229].
2019-08-01 12:47:00,404 - INFO - Maximum log composite likelihood: -21.3661812677.
2019-08-01 12:47:00,404 - INFO - Optimal value of theta: 71.096904547.
2019-08-01 12:47:00,404 - INFO - Beginning optimization with guess, [0.73588218 0.19845842].
2019-08-01 12:47:00,847 - INFO - Finished optimization with guess, [0.73588218 0.19845842].
2019-08-01 12:47:00,848 - INFO - Best fit parameters: [0.21621425 0.01455378].
2019-08-01 12:47:00,856 - INFO - Maximum log composite likelihood: -21.3777163366.
2019-08-01 12:47:00,856 - INFO - Optimal value of theta: 71.1830649504.
2019-08-01 12:47:00,857 - INFO - Beginning optimization with guess, [0.37328567 0.06476769].
2019-08-01 12:47:01,288 - INFO - Finished optimization with guess, [0.37328567 0.06476769].
2019-08-01 12:47:01,288 - INFO - Best fit parameters: [0.03743339 0.00195206].
2019-08-01 12:47:01,297 - INFO - Maximum log composite likelihood: -21.3599281735.
2019-08-01 12:47:01,297 - INFO - Optimal value of theta: 71.1079686567.
2019-08-01 12:47:01,297 - INFO - Beginning optimization with guess, [0.26231441 0.05335793].
2019-08-01 12:47:01,733 - INFO - Finished optimization with guess, [0.26231441 0.05335793].
2019-08-01 12:47:01,733 - INFO - Best fit parameters: [0.08430376 0.00469779].
2019-08-01 12:47:01,742 - INFO - Maximum log composite likelihood: -21.3633795468.
2019-08-01 12:47:01,742 - INFO - Optimal value of theta: 71.1613926195.
2019-08-01 12:47:01,742 - INFO - Beginning optimization with guess, [0.75332773 0.08512098].
2019-08-01 12:47:02,181 - INFO - Finished optimization with guess, [0.75332773 0.08512098].
2019-08-01 12:47:02,182 - INFO - Best fit parameters: [0.08836435 0.00503846].
2019-08-01 12:47:02,190 - INFO - Maximum log composite likelihood: -21.36380502.
2019-08-01 12:47:02,190 - INFO - Optimal value of theta: 71.2843121614.
2019-08-01 12:47:02,191 - INFO - Beginning optimization with guess, [0.99001552 0.12177439].
2019-08-01 12:47:02,632 - INFO - Finished optimization with guess, [0.99001552 0.12177439].
2019-08-01 12:47:02,632 - INFO - Best fit parameters: [0.13620468 0.00807686].
2019-08-01 12:47:02,640 - INFO - Maximum log composite likelihood: -21.3684531324.
2019-08-01 12:47:02,641 - INFO - Optimal value of theta: 71.1150509203.
2019-08-01 12:47:02,641 - INFO - Beginning optimization with guess, [0.91222803 0.19918911].
2019-08-01 12:47:03,087 - INFO - Finished optimization with guess, [0.91222803 0.19918911].
2019-08-01 12:47:03,087 - INFO - Best fit parameters: [0.20335669 0.01357262].
2019-08-01 12:47:03,096 - INFO - Maximum log composite likelihood: -21.3751157706.
2019-08-01 12:47:03,096 - INFO - Optimal value of theta: 71.2587397301.
2019-08-01 12:47:03,096 - INFO - Beginning optimization with guess, [0.34462949 0.08811576].
2019-08-01 12:47:03,528 - INFO - Finished optimization with guess, [0.34462949 0.08811576].
2019-08-01 12:47:03,529 - INFO - Best fit parameters: [0.06506202 0.00342364].
2019-08-01 12:47:03,537 - INFO - Maximum log composite likelihood: -21.3631320377.
2019-08-01 12:47:03,537 - INFO - Optimal value of theta: 70.9395085088.
2019-08-01 12:47:03,538 - INFO - Beginning optimization with guess, [0.42728583 0.09562964].
2019-08-01 12:47:03,971 - INFO - Finished optimization with guess, [0.42728583 0.09562964].
2019-08-01 12:47:03,972 - INFO - Best fit parameters: [0.06854023 0.0035487 ].
2019-08-01 12:47:03,980 - INFO - Maximum log composite likelihood: -21.3654788299.
2019-08-01 12:47:03,980 - INFO - Optimal value of theta: 70.803338576.
2019-08-01 12:47:03,980 - INFO - Beginning optimization with guess, [0.66837062 0.15285136].
2019-08-01 12:47:04,422 - INFO - Finished optimization with guess, [0.66837062 0.15285136].
2019-08-01 12:47:04,422 - INFO - Best fit parameters: [0.16917188 0.01086011].
2019-08-01 12:47:04,430 - INFO - Maximum log composite likelihood: -21.3707319113.
2019-08-01 12:47:04,431 - INFO - Optimal value of theta: 71.3383587631.
2019-08-01 12:47:04,431 - INFO - Beginning optimization with guess, [0.69253705 0.10023938].
2019-08-01 12:47:04,869 - INFO - Finished optimization with guess, [0.69253705 0.10023938].
2019-08-01 12:47:04,869 - INFO - Best fit parameters: [0.07520482 0.00414373].
2019-08-01 12:47:04,877 - INFO - Maximum log composite likelihood: -21.36266282.
2019-08-01 12:47:04,878 - INFO - Optimal value of theta: 71.1644229447.
2019-08-01 12:47:04,878 - INFO - Beginning optimization with guess, [0.7368594  0.07982111].
2019-08-01 12:47:05,310 - INFO - Finished optimization with guess, [0.7368594  0.07982111].
2019-08-01 12:47:05,310 - INFO - Best fit parameters: [0.04231693 0.0021779 ].
2019-08-01 12:47:05,319 - INFO - Maximum log composite likelihood: -21.3607983569.
2019-08-01 12:47:05,319 - INFO - Optimal value of theta: 70.978815263.
2019-08-01 12:47:05,319 - INFO - Beginning optimization with guess, [0.65936745 0.19318595].
2019-08-01 12:47:05,760 - INFO - Finished optimization with guess, [0.65936745 0.19318595].
2019-08-01 12:47:05,761 - INFO - Best fit parameters: [0.22068068 0.01516716].
2019-08-01 12:47:05,769 - INFO - Maximum log composite likelihood: -21.3772967692.
2019-08-01 12:47:05,769 - INFO - Optimal value of theta: 71.2765624081.
2019-08-01 12:47:05,770 - INFO - Beginning optimization with guess, [0.50888841 0.14883958].
2019-08-01 12:47:06,206 - INFO - Finished optimization with guess, [0.50888841 0.14883958].
2019-08-01 12:47:06,206 - INFO - Best fit parameters: [0.12476381 0.00733983].
2019-08-01 12:47:06,214 - INFO - Maximum log composite likelihood: -21.3669322741.
2019-08-01 12:47:06,215 - INFO - Optimal value of theta: 71.1673484447.
2019-08-01 12:47:06,215 - INFO - Beginning optimization with guess, [0.52784445 0.15472965].
2019-08-01 12:47:06,648 - INFO - Finished optimization with guess, [0.52784445 0.15472965].
2019-08-01 12:47:06,648 - INFO - Best fit parameters: [0.12526361 0.00741917].
2019-08-01 12:47:06,656 - INFO - Maximum log composite likelihood: -21.366803793.
2019-08-01 12:47:06,657 - INFO - Optimal value of theta: 71.2085412957.
2019-08-01 12:47:06,657 - INFO - Beginning optimization with guess, [0.72051901 0.10614594].
2019-08-01 12:47:07,096 - INFO - Finished optimization with guess, [0.72051901 0.10614594].
2019-08-01 12:47:07,096 - INFO - Best fit parameters: [0.12815786 0.0074318 ].
2019-08-01 12:47:07,104 - INFO - Maximum log composite likelihood: -21.3683365981.
2019-08-01 12:47:07,105 - INFO - Optimal value of theta: 71.0394736264.
2019-08-01 12:47:07,105 - INFO - Beginning optimization with guess, [0.50763438 0.05466116].
2019-08-01 12:47:07,534 - INFO - Finished optimization with guess, [0.50763438 0.05466116].
2019-08-01 12:47:07,535 - INFO - Best fit parameters: [0.06652404 0.00357325].
2019-08-01 12:47:07,543 - INFO - Maximum log composite likelihood: -21.3622511017.
2019-08-01 12:47:07,543 - INFO - Optimal value of theta: 71.0659568459.
2019-08-01 12:47:07,543 - INFO - Beginning optimization with guess, [0.87217746 0.05185782].
2019-08-01 12:47:07,972 - INFO - Finished optimization with guess, [0.87217746 0.05185782].
2019-08-01 12:47:07,972 - INFO - Best fit parameters: [0.02692204 0.00132432].
2019-08-01 12:47:07,980 - INFO - Maximum log composite likelihood: -21.3614639194.
2019-08-01 12:47:07,981 - INFO - Optimal value of theta: 70.801869086.
2019-08-01 12:47:07,981 - INFO - Beginning optimization with guess, [0.35699273 0.11336009].
2019-08-01 12:47:08,429 - INFO - Finished optimization with guess, [0.35699273 0.11336009].
2019-08-01 12:47:08,430 - INFO - Best fit parameters: [0.08501175 0.00461424].
2019-08-01 12:47:08,438 - INFO - Maximum log composite likelihood: -21.3645873556.
2019-08-01 12:47:08,439 - INFO - Optimal value of theta: 70.9782358756.
2019-08-01 12:47:08,439 - INFO - Beginning optimization with guess, [0.33303502 0.11793856].
2019-08-01 12:47:08,891 - INFO - Finished optimization with guess, [0.33303502 0.11793856].
2019-08-01 12:47:08,892 - INFO - Best fit parameters: [0.04364333 0.00224253].
2019-08-01 12:47:08,900 - INFO - Maximum log composite likelihood: -21.3610791692.
2019-08-01 12:47:08,901 - INFO - Optimal value of theta: 70.9571593414.
2019-08-01 12:47:08,901 - INFO - Beginning optimization with guess, [0.40859803 0.18577757].
2019-08-01 12:47:09,346 - INFO - Finished optimization with guess, [0.40859803 0.18577757].
2019-08-01 12:47:09,346 - INFO - Best fit parameters: [0.16253428 0.00976262].
2019-08-01 12:47:09,355 - INFO - Maximum log composite likelihood: -21.3737721925.
2019-08-01 12:47:09,355 - INFO - Optimal value of theta: 70.9548137334.
2019-08-01 12:47:09,355 - INFO - Beginning optimization with guess, [0.28765404 0.11461945].
2019-08-01 12:47:09,788 - INFO - Finished optimization with guess, [0.28765404 0.11461945].
2019-08-01 12:47:09,788 - INFO - Best fit parameters: [0.06014403 0.00324186].
2019-08-01 12:47:09,796 - INFO - Maximum log composite likelihood: -21.3615448886.
2019-08-01 12:47:09,797 - INFO - Optimal value of theta: 71.1442797784.
2019-08-01 12:47:09,797 - INFO - Beginning optimization with guess, [0.65004018 0.12192913].
2019-08-01 12:47:10,239 - INFO - Finished optimization with guess, [0.65004018 0.12192913].
2019-08-01 12:47:10,239 - INFO - Best fit parameters: [0.16525049 0.01029188].
2019-08-01 12:47:10,247 - INFO - Maximum log composite likelihood: -21.3711919974.
2019-08-01 12:47:10,248 - INFO - Optimal value of theta: 71.1711264205.
2019-08-01 12:47:10,248 - INFO - Beginning optimization with guess, [0.29318985 0.06684204].
2019-08-01 12:47:10,678 - INFO - Finished optimization with guess, [0.29318985 0.06684204].
2019-08-01 12:47:10,679 - INFO - Best fit parameters: [0.0551685 0.0028383].
2019-08-01 12:47:10,687 - INFO - Maximum log composite likelihood: -21.3630616871.
2019-08-01 12:47:10,687 - INFO - Optimal value of theta: 70.8713059642.
2019-08-01 12:47:10,688 - INFO - Beginning optimization with guess, [0.8588548  0.13148664].
2019-08-01 12:47:11,128 - INFO - Finished optimization with guess, [0.8588548  0.13148664].
2019-08-01 12:47:11,128 - INFO - Best fit parameters: [0.19894418 0.01299429].
2019-08-01 12:47:11,136 - INFO - Maximum log composite likelihood: -21.3755822546.
2019-08-01 12:47:11,137 - INFO - Optimal value of theta: 71.1582309189.
2019-08-01 12:47:11,137 - INFO - Beginning optimization with guess, [0.32040794 0.05873244].
2019-08-01 12:47:11,563 - INFO - Finished optimization with guess, [0.32040794 0.05873244].
2019-08-01 12:47:11,563 - INFO - Best fit parameters: [0.02321626 0.00118551].
2019-08-01 12:47:11,571 - INFO - Maximum log composite likelihood: -21.358972581.
2019-08-01 12:47:11,572 - INFO - Optimal value of theta: 71.0820458953.
2019-08-01 12:47:11,572 - INFO - Beginning optimization with guess, [0.25824311 0.07040391].
2019-08-01 12:47:12,008 - INFO - Finished optimization with guess, [0.25824311 0.07040391].
2019-08-01 12:47:12,008 - INFO - Best fit parameters: [0.09970705 0.00553168].
2019-08-01 12:47:12,017 - INFO - Maximum log composite likelihood: -21.3658395806.
2019-08-01 12:47:12,017 - INFO - Optimal value of theta: 70.9966266241.
2019-08-01 12:47:12,017 - INFO - Beginning optimization with guess, [0.76343228 0.17041335].
2019-08-01 12:47:12,486 - INFO - Finished optimization with guess, [0.76343228 0.17041335].
2019-08-01 12:47:12,487 - INFO - Best fit parameters: [0.15180323 0.00919764].
2019-08-01 12:47:12,495 - INFO - Maximum log composite likelihood: -21.3701840329.
2019-08-01 12:47:12,496 - INFO - Optimal value of theta: 71.1137780097.
2019-08-01 12:47:12,496 - INFO - Beginning optimization with guess, [0.56839574 0.10293345].
2019-08-01 12:47:12,942 - INFO - Finished optimization with guess, [0.56839574 0.10293345].
2019-08-01 12:47:12,942 - INFO - Best fit parameters: [0.13196551 0.007802  ].
2019-08-01 12:47:12,951 - INFO - Maximum log composite likelihood: -21.367856925.
2019-08-01 12:47:12,951 - INFO - Optimal value of theta: 71.1341706585.
2019-08-01 12:47:12,951 - INFO - Beginning optimization with guess, [0.51635757 0.18452206].
2019-08-01 12:47:13,394 - INFO - Finished optimization with guess, [0.51635757 0.18452206].
2019-08-01 12:47:13,395 - INFO - Best fit parameters: [0.07419192 0.00397389].
2019-08-01 12:47:13,403 - INFO - Maximum log composite likelihood: -21.3635318922.
2019-08-01 12:47:13,403 - INFO - Optimal value of theta: 70.9817339143.
2019-08-01 12:47:13,404 - INFO - Beginning optimization with guess, [0.25513957 0.12670009].
2019-08-01 12:47:13,861 - INFO - Finished optimization with guess, [0.25513957 0.12670009].
2019-08-01 12:47:13,861 - INFO - Best fit parameters: [0.09906774 0.00560009].
2019-08-01 12:47:13,869 - INFO - Maximum log composite likelihood: -21.3647392954.
2019-08-01 12:47:13,870 - INFO - Optimal value of theta: 71.1284900501.
2019-08-01 12:47:13,870 - INFO - Beginning optimization with guess, [0.79977919 0.14034225].
2019-08-01 12:47:14,314 - INFO - Finished optimization with guess, [0.79977919 0.14034225].
2019-08-01 12:47:14,315 - INFO - Best fit parameters: [0.07761086 0.00408394].
2019-08-01 12:47:14,323 - INFO - Maximum log composite likelihood: -21.365852529.
2019-08-01 12:47:14,323 - INFO - Optimal value of theta: 70.8349429708.
2019-08-01 12:47:14,324 - INFO - Beginning optimization with guess, [0.68057009 0.15241408].
2019-08-01 12:47:14,774 - INFO - Finished optimization with guess, [0.68057009 0.15241408].
2019-08-01 12:47:14,774 - INFO - Best fit parameters: [0.155609   0.00973722].
2019-08-01 12:47:14,783 - INFO - Maximum log composite likelihood: -21.3694637106.
2019-08-01 12:47:14,783 - INFO - Optimal value of theta: 71.2968819612.
2019-08-01 12:47:14,784 - INFO - Beginning optimization with guess, [0.4355412  0.13369338].
2019-08-01 12:47:15,231 - INFO - Finished optimization with guess, [0.4355412  0.13369338].
2019-08-01 12:47:15,231 - INFO - Best fit parameters: [0.05297835 0.00278552].
2019-08-01 12:47:15,240 - INFO - Maximum log composite likelihood: -21.3613053803.
2019-08-01 12:47:15,240 - INFO - Optimal value of theta: 71.0349044381.
2019-08-01 12:47:15,241 - INFO - Beginning optimization with guess, [0.44922434 0.15742351].
2019-08-01 12:47:15,683 - INFO - Finished optimization with guess, [0.44922434 0.15742351].
2019-08-01 12:47:15,683 - INFO - Best fit parameters: [0.12877245 0.0075066 ].
2019-08-01 12:47:15,692 - INFO - Maximum log composite likelihood: -21.3680886271.
2019-08-01 12:47:15,692 - INFO - Optimal value of theta: 71.0688670317.
2019-08-01 12:47:15,692 - INFO - Beginning optimization with guess, [0.62232841 0.11932996].
2019-08-01 12:47:16,143 - INFO - Finished optimization with guess, [0.62232841 0.11932996].
2019-08-01 12:47:16,143 - INFO - Best fit parameters: [0.06420256 0.00340726].
2019-08-01 12:47:16,151 - INFO - Maximum log composite likelihood: -21.3624454507.
2019-08-01 12:47:16,152 - INFO - Optimal value of theta: 71.0040006897.
2019-08-01 12:47:16,152 - INFO - Beginning optimization with guess, [0.3987985  0.11745968].
2019-08-01 12:47:16,600 - INFO - Finished optimization with guess, [0.3987985  0.11745968].
2019-08-01 12:47:16,600 - INFO - Best fit parameters: [0.1057576  0.00597602].
2019-08-01 12:47:16,609 - INFO - Maximum log composite likelihood: -21.3657643275.
2019-08-01 12:47:16,609 - INFO - Optimal value of theta: 71.0663768145.
2019-08-01 12:47:16,610 - INFO - Finished demographic inference.
2019-08-01 12:47:16,610 - INFO - Beginning DFE inference.
2019-08-01 12:47:17,607 - INFO - Beginning optimization with guess, [1.31238194e-01 2.91541924e+02].
2019-08-01 12:47:19,148 - INFO - Finished optomization, results are [-21.090153325023252 array([ 0.38032961, 37.10644657])].
2019-08-01 12:47:19,148 - INFO - Beginning optimization with guess, [7.10444604e-02 1.35856593e+02].
2019-08-01 12:47:20,378 - INFO - Finished optomization, results are [-21.090153322135883 array([ 0.38032964, 37.10643836])].
2019-08-01 12:47:20,378 - INFO - Beginning optimization with guess, [ 0.10806608 88.77195951].
2019-08-01 12:47:21,444 - INFO - Finished optomization, results are [-21.0901533246949 array([ 0.38032961, 37.10644861])].
2019-08-01 12:47:21,445 - INFO - Beginning optimization with guess, [  0.13490844 125.59239655].
2019-08-01 12:47:22,658 - INFO - Finished optomization, results are [-21.09015332499586 array([ 0.38032961, 37.10644835])].
2019-08-01 12:47:22,659 - INFO - Beginning optimization with guess, [5.19804511e-02 3.19666159e+02].
2019-08-01 12:47:28,014 - INFO - Finished optomization, results are [-21.09015330967724 array([ 0.38033048, 37.10589758])].
2019-08-01 12:47:28,015 - INFO - Beginning optimization with guess, [1.17884601e-01 1.46315654e+02].
2019-08-01 12:47:29,057 - INFO - Finished optomization, results are [-21.09015332469808 array([ 0.38032961, 37.10644863])].
2019-08-01 12:47:29,058 - INFO - Beginning optimization with guess, [7.32900748e-02 1.23428059e+02].
2019-08-01 12:47:35,655 - INFO - Finished optomization, results are [-21.090153117123982 array([ 0.38033166, 37.10583247])].
2019-08-01 12:47:35,656 - INFO - Beginning optimization with guess, [7.89438049e-02 1.99677613e+02].
2019-08-01 12:47:36,712 - INFO - Finished optomization, results are [-21.090153361111305 array([ 0.38032929, 37.10652666])].
2019-08-01 12:47:36,712 - INFO - Beginning optimization with guess, [5.21482884e-02 8.83397748e+01].
2019-08-01 12:47:47,756 - INFO - Finished optomization, results are [-21.09015179370618 array([ 0.38034572, 37.10124206])].
2019-08-01 12:47:47,757 - INFO - Beginning optimization with guess, [  0.15634039 145.55237449].
2019-08-01 12:47:53,973 - INFO - Finished optomization, results are [-21.090152158201057 array([ 0.38034602, 37.09970555])].
2019-08-01 12:47:53,973 - INFO - Beginning optimization with guess, [1.08010254e-01 1.13026302e+02].
2019-08-01 12:47:59,561 - INFO - Finished optomization, results are [-21.090153302206808 array([ 0.3803299 , 37.10633666])].
2019-08-01 12:47:59,562 - INFO - Beginning optimization with guess, [8.60073259e-02 1.02661472e+02].
2019-08-01 12:48:00,486 - INFO - Finished optomization, results are [-21.090153326937383 array([ 0.38032961, 37.10644427])].
2019-08-01 12:48:00,486 - INFO - Beginning optimization with guess, [5.10183792e-02 2.81260796e+02].
2019-08-01 12:48:05,616 - INFO - Finished optomization, results are [-21.090149466484036 array([ 0.38036665, 37.09583762])].
2019-08-01 12:48:05,654 - INFO - Beginning optimization with guess, [6.27479102e-02 1.41930951e+02].
2019-08-01 12:48:06,877 - INFO - Finished optomization, results are [-21.090153477396544 array([ 0.38032824, 37.10680678])].
2019-08-01 12:48:06,877 - INFO - Beginning optimization with guess, [6.57323743e-02 1.46131766e+02].
2019-08-01 12:48:08,120 - INFO - Finished optomization, results are [-21.09015332556532 array([ 0.38032961, 37.10644836])].
2019-08-01 12:48:08,120 - INFO - Beginning optimization with guess, [  0.17293444 163.04128313].
2019-08-01 12:48:13,903 - INFO - Finished optomization, results are [-21.090151741989587 array([ 0.38034473, 37.1021268 ])].
2019-08-01 12:48:13,904 - INFO - Beginning optimization with guess, [5.80446533e-02 3.26070876e+02].
2019-08-01 12:48:19,875 - INFO - Finished optomization, results are [-21.090152929615677 array([ 0.38033379, 37.10507989])].
2019-08-01 12:48:19,876 - INFO - Beginning optimization with guess, [9.80313038e-02 3.25814364e+02].
2019-08-01 12:48:21,032 - INFO - Finished optomization, results are [-21.0901533245415 array([ 0.38032961, 37.10644819])].
2019-08-01 12:48:21,033 - INFO - Beginning optimization with guess, [4.51190661e-02 8.65166812e+01].
2019-08-01 12:48:26,631 - INFO - Finished optomization, results are [-21.090131297027384 array([ 0.38097382, 36.87466007])].
2019-08-01 12:48:26,632 - INFO - Beginning optimization with guess, [1.16670322e-01 1.42382535e+02].
2019-08-01 12:48:27,659 - INFO - Finished optomization, results are [-21.090153324208664 array([ 0.38032962, 37.10644705])].
2019-08-01 12:48:27,660 - INFO - Beginning optimization with guess, [5.10015477e-02 2.79011357e+02].
2019-08-01 12:48:32,779 - INFO - Finished optomization, results are [-21.090146463280732 array([ 0.38039845, 37.08574953])].
2019-08-01 12:48:32,779 - INFO - Beginning optimization with guess, [8.10616395e-02 1.01336583e+02].
2019-08-01 12:48:33,727 - INFO - Finished optomization, results are [-21.09015332460953 array([ 0.38032961, 37.10644825])].
2019-08-01 12:48:33,728 - INFO - Beginning optimization with guess, [ 0.14481171 89.14527737].
2019-08-01 12:48:34,668 - INFO - Finished optomization, results are [-21.09015332688272 array([ 0.3803296 , 37.10644872])].
2019-08-01 12:48:34,669 - INFO - Beginning optimization with guess, [6.08152830e-02 1.77384718e+02].
2019-08-01 12:48:35,917 - INFO - Finished optomization, results are [-21.090153355700345 array([ 0.38032934, 37.10651724])].
2019-08-01 12:48:35,917 - INFO - Beginning optimization with guess, [7.48290808e-02 1.50912887e+02].
2019-08-01 12:48:36,920 - INFO - Finished optomization, results are [-21.09015332418575 array([ 0.38032962, 37.10644415])].
2019-08-01 12:48:36,920 - INFO - Beginning optimization with guess, [5.09237982e-02 3.04079317e+02].
2019-08-01 12:48:38,414 - INFO - Finished optomization, results are [-21.090153324696654 array([ 0.38032961, 37.10644862])].
2019-08-01 12:48:38,414 - INFO - Beginning optimization with guess, [5.08351078e-02 2.12723225e+02].
2019-08-01 12:48:44,545 - INFO - Finished optomization, results are [-21.09015224611663 array([ 0.38034006, 37.10339996])].
2019-08-01 12:48:44,546 - INFO - Beginning optimization with guess, [ 0.10290836 86.45677435].
2019-08-01 12:48:45,493 - INFO - Finished optomization, results are [-21.090153325258903 array([ 0.38032961, 37.10644998])].
2019-08-01 12:48:45,493 - INFO - Beginning optimization with guess, [8.49738448e-02 1.00061035e+02].
2019-08-01 12:48:46,441 - INFO - Finished optomization, results are [-21.090153379749022 array([ 0.38032912, 37.10657837])].
2019-08-01 12:48:46,441 - INFO - Beginning optimization with guess, [6.49418218e-02 8.84597590e+01].
2019-08-01 12:48:47,862 - INFO - Finished optomization, results are [-21.090153326550023 array([ 0.38032961, 37.10644463])].
2019-08-01 12:48:47,862 - INFO - Beginning optimization with guess, [6.06169598e-02 1.35335574e+02].
2019-08-01 12:48:49,352 - INFO - Finished optomization, results are [-21.09015332435822 array([ 0.38032962, 37.10644476])].
2019-08-01 12:48:49,352 - INFO - Beginning optimization with guess, [1.60835408e-01 2.31303642e+02].
2019-08-01 12:48:50,458 - INFO - Finished optomization, results are [-21.090153327846252 array([ 0.38032959, 37.106455  ])].
2019-08-01 12:48:50,458 - INFO - Beginning optimization with guess, [7.86394554e-02 9.03189870e+01].
2019-08-01 12:48:57,722 - INFO - Finished optomization, results are [-21.090137099204767 array([ 0.38050357, 37.0522203 ])].
2019-08-01 12:48:57,724 - INFO - Beginning optimization with guess, [1.25611116e-01 1.49313499e+02].
2019-08-01 12:48:58,705 - INFO - Finished optomization, results are [-21.090153328902577 array([ 0.38032958, 37.10645367])].
2019-08-01 12:48:58,705 - INFO - Beginning optimization with guess, [6.92993047e-02 9.05823669e+01].
2019-08-01 12:49:05,012 - INFO - Finished optomization, results are [-21.09012790867306 array([ 0.38087465, 36.91267381])].
2019-08-01 12:49:05,013 - INFO - Beginning optimization with guess, [6.54645431e-02 1.30866070e+02].
2019-08-01 12:49:06,304 - INFO - Finished optomization, results are [-21.090153325684085 array([ 0.3803296 , 37.10645061])].
2019-08-01 12:49:06,305 - INFO - Beginning optimization with guess, [  0.15002909 100.82440835].
2019-08-01 12:49:07,221 - INFO - Finished optomization, results are [-21.09015332488245 array([ 0.38032961, 37.10644657])].
2019-08-01 12:49:07,221 - INFO - Beginning optimization with guess, [9.20110177e-02 2.15134119e+02].
2019-08-01 12:49:08,217 - INFO - Finished optomization, results are [-21.090153327820325 array([ 0.38032957, 37.10646247])].
2019-08-01 12:49:08,218 - INFO - Beginning optimization with guess, [8.60516723e-02 3.16663595e+02].
2019-08-01 12:49:09,372 - INFO - Finished optomization, results are [-21.090153325824687 array([ 0.3803296 , 37.10645068])].
2019-08-01 12:49:09,373 - INFO - Beginning optimization with guess, [5.42158663e-02 3.26476173e+02].
2019-08-01 12:49:10,757 - INFO - Finished optomization, results are [-21.090153326193114 array([ 0.38032961, 37.10644558])].
2019-08-01 12:49:10,757 - INFO - Beginning optimization with guess, [4.59082217e-02 8.86737689e+01].
2019-08-01 12:49:17,302 - INFO - Finished optomization, results are [-21.090139610701883 array([ 0.38077755, 36.93571404])].
2019-08-01 12:49:17,303 - INFO - Beginning optimization with guess, [6.03677972e-02 2.63464234e+02].
2019-08-01 12:49:21,853 - INFO - Finished optomization, results are [-21.09014906878769 array([ 0.38036937, 37.09550458])].
2019-08-01 12:49:21,854 - INFO - Beginning optimization with guess, [5.11652157e-02 2.42351042e+02].
2019-08-01 12:49:28,562 - INFO - Finished optomization, results are [-21.090150797334303 array([ 0.38035366, 37.09962606])].
2019-08-01 12:49:28,563 - INFO - Beginning optimization with guess, [1.09788878e-01 2.37077374e+02].
2019-08-01 12:49:29,643 - INFO - Finished optomization, results are [-21.09015332391584 array([ 0.38032962, 37.10644616])].
2019-08-01 12:49:29,644 - INFO - Beginning optimization with guess, [1.15716640e-01 2.46160677e+02].
2019-08-01 12:49:30,728 - INFO - Finished optomization, results are [-21.09015332260622 array([ 0.38032963, 37.10644377])].
2019-08-01 12:49:30,728 - INFO - Beginning optimization with guess, [1.01375815e-01 1.40956471e+02].
2019-08-01 12:49:35,281 - INFO - Finished optomization, results are [-21.090153239292555 array([ 0.38033078, 37.10596393])].
2019-08-01 12:49:35,281 - INFO - Beginning optimization with guess, [1.02574683e-01 2.47246949e+02].
2019-08-01 12:49:41,644 - INFO - Finished optomization, results are [-21.089882854525143 array([ 0.3841758 , 36.14177442])].
2019-08-01 12:49:41,645 - INFO - Beginning optimization with guess, [1.01091262e-01 3.14037171e+02].
2019-08-01 12:49:48,029 - INFO - Finished optomization, results are [-21.090151631190878 array([ 0.38034578, 37.10183323])].
2019-08-01 12:49:48,030 - INFO - Beginning optimization with guess, [6.29820425e-02 2.36232348e+02].
2019-08-01 12:49:55,895 - INFO - Finished optomization, results are [-21.090143818373512 array([ 0.380432 , 37.0737203])].
2019-08-01 12:49:55,898 - INFO - Beginning optimization with guess, [5.98483543e-02 1.00392440e+02].
2019-08-01 12:49:57,374 - INFO - Finished optomization, results are [-21.090153324512237 array([ 0.38032961, 37.10644776])].
2019-08-01 12:49:57,374 - INFO - Finished DFE inference.
2019-08-01 12:49:57,374 - INFO - Integrating expected site-frequency spectrum.
2019-08-01 12:49:57,393 - INFO - Outputing results.
2019-08-01 12:49:57,397 - INFO - Pipeline executed succesfully.
