2019-10-28 16:40:37,585 - INFO - Beginning execution of fitdadi_infer_DFE.py in directory /u/home/j/jonmah/lohmueller_lab/Scripts

2019-10-28 16:40:37,585 - INFO - Progress is being logged to ../Data/AW_to_neutral/seed_3_fitdadi_output/log.log

2019-10-28 16:40:37,585 - INFO - Parsed the following arguments:
	breed = LB
	outprefix = ../Data/AW_to_neutral/seed_3_fitdadi_output/
	nonsyn_input_sfs = ../Data/AW_to_neutral/seed_3_easySFS_output_nonsyn/dadi/pop1.sfs
	syn_input_sfs = ../Data/AW_to_neutral/seed_3_easySFS_output_syn/dadi/pop1.sfs

2019-10-28 16:40:37,589 - INFO - Beginning optimization with guess, [0.50177953 0.13958126].
2019-10-28 16:40:40,974 - INFO - Finished optimization with guess, [0.50177953 0.13958126].
2019-10-28 16:40:40,975 - INFO - Best fit parameters: [0.13319801 0.18563996].
2019-10-28 16:40:41,009 - INFO - Maximum log composite likelihood: -36.0168415794.
2019-10-28 16:40:41,010 - INFO - Optimal value of theta: 10459.7894112.
2019-10-28 16:40:41,010 - INFO - Beginning optimization with guess, [0.26230752 0.09478465].
2019-10-28 16:40:44,025 - INFO - Finished optimization with guess, [0.26230752 0.09478465].
2019-10-28 16:40:44,025 - INFO - Best fit parameters: [0.13669045 0.18644274].
2019-10-28 16:40:44,059 - INFO - Maximum log composite likelihood: -36.0170935609.
2019-10-28 16:40:44,060 - INFO - Optimal value of theta: 10193.729159.
2019-10-28 16:40:44,060 - INFO - Beginning optimization with guess, [0.65683293 0.13805145].
2019-10-28 16:40:47,172 - INFO - Finished optimization with guess, [0.65683293 0.13805145].
2019-10-28 16:40:47,174 - INFO - Best fit parameters: [0.13832277 0.18671223].
2019-10-28 16:40:47,208 - INFO - Maximum log composite likelihood: -36.0171280957.
2019-10-28 16:40:47,208 - INFO - Optimal value of theta: 10071.3233821.
2019-10-28 16:40:47,209 - INFO - Beginning optimization with guess, [0.55183516 0.13749556].
2019-10-28 16:40:50,411 - INFO - Finished optimization with guess, [0.55183516 0.13749556].
2019-10-28 16:40:50,411 - INFO - Best fit parameters: [0.13240901 0.18550544].
2019-10-28 16:40:50,445 - INFO - Maximum log composite likelihood: -36.0168731478.
2019-10-28 16:40:50,446 - INFO - Optimal value of theta: 10524.6713942.
2019-10-28 16:40:50,446 - INFO - Beginning optimization with guess, [0.2587064  0.11016097].
2019-10-28 16:41:09,900 - INFO - Finished optimization with guess, [0.2587064  0.11016097].
2019-10-28 16:41:09,901 - INFO - Best fit parameters: [0.09603099 0.16944416].
2019-10-28 16:41:09,940 - INFO - Maximum log composite likelihood: -36.0160928906.
2019-10-28 16:41:09,940 - INFO - Optimal value of theta: 14516.6237093.
2019-10-28 16:41:09,941 - INFO - Beginning optimization with guess, [0.42162192 0.06363963].
2019-10-28 16:41:12,757 - INFO - Finished optimization with guess, [0.42162192 0.06363963].
2019-10-28 16:41:12,757 - INFO - Best fit parameters: [0.13882542 0.186776  ].
2019-10-28 16:41:12,790 - INFO - Maximum log composite likelihood: -36.0171230916.
2019-10-28 16:41:12,791 - INFO - Optimal value of theta: 10033.6443622.
2019-10-28 16:41:12,792 - INFO - Beginning optimization with guess, [0.4336084  0.07076818].
2019-10-28 16:41:15,625 - INFO - Finished optimization with guess, [0.4336084  0.07076818].
2019-10-28 16:41:15,630 - INFO - Best fit parameters: [0.1381903 0.1866419].
2019-10-28 16:41:15,668 - INFO - Maximum log composite likelihood: -36.0170617855.
2019-10-28 16:41:15,668 - INFO - Optimal value of theta: 10079.1157083.
2019-10-28 16:41:15,669 - INFO - Beginning optimization with guess, [0.49150993 0.11101914].
2019-10-28 16:41:19,086 - INFO - Finished optimization with guess, [0.49150993 0.11101914].
2019-10-28 16:41:19,086 - INFO - Best fit parameters: [0.13104219 0.18521092].
2019-10-28 16:41:19,121 - INFO - Maximum log composite likelihood: -36.0168874314.
2019-10-28 16:41:19,121 - INFO - Optimal value of theta: 10636.8616441.
2019-10-28 16:41:19,122 - INFO - Beginning optimization with guess, [0.55246835 0.11150656].
2019-10-28 16:41:23,889 - INFO - Finished optimization with guess, [0.55246835 0.11150656].
2019-10-28 16:41:23,891 - INFO - Best fit parameters: [0.11945936 0.1815414 ].
2019-10-28 16:41:23,926 - INFO - Maximum log composite likelihood: -36.0164834168.
2019-10-28 16:41:23,927 - INFO - Optimal value of theta: 11670.8740214.
2019-10-28 16:41:23,927 - INFO - Beginning optimization with guess, [0.45012925 0.11408425].
2019-10-28 16:41:27,305 - INFO - Finished optimization with guess, [0.45012925 0.11408425].
2019-10-28 16:41:27,305 - INFO - Best fit parameters: [0.126907   0.18410127].
2019-10-28 16:41:27,340 - INFO - Maximum log composite likelihood: -36.016787625.
2019-10-28 16:41:27,341 - INFO - Optimal value of theta: 10986.278562.
2019-10-28 16:41:27,341 - INFO - Beginning optimization with guess, [0.35990794 0.09406665].
2019-10-28 16:41:29,374 - INFO - Finished optimization with guess, [0.35990794 0.09406665].
2019-10-28 16:41:29,374 - INFO - Best fit parameters: [0.14177644 0.18705507].
2019-10-28 16:41:29,407 - INFO - Maximum log composite likelihood: -36.0171904992.
2019-10-28 16:41:29,408 - INFO - Optimal value of theta: 9816.18639377.
2019-10-28 16:41:29,408 - INFO - Beginning optimization with guess, [0.90693053 0.05644789].
2019-10-28 16:41:33,771 - INFO - Finished optimization with guess, [0.90693053 0.05644789].
2019-10-28 16:41:33,771 - INFO - Best fit parameters: [0.13345037 0.18568479].
2019-10-28 16:41:33,805 - INFO - Maximum log composite likelihood: -36.0168393077.
2019-10-28 16:41:33,806 - INFO - Optimal value of theta: 10439.3359783.
2019-10-28 16:41:33,806 - INFO - Beginning optimization with guess, [0.28513447 0.07714672].
2019-10-28 16:41:37,053 - INFO - Finished optimization with guess, [0.28513447 0.07714672].
2019-10-28 16:41:37,057 - INFO - Best fit parameters: [0.12880905 0.18452414].
2019-10-28 16:41:37,093 - INFO - Maximum log composite likelihood: -36.0166680969.
2019-10-28 16:41:37,094 - INFO - Optimal value of theta: 10817.5817966.
2019-10-28 16:41:37,095 - INFO - Beginning optimization with guess, [0.67873383 0.06653644].
2019-10-28 16:41:40,320 - INFO - Finished optimization with guess, [0.67873383 0.06653644].
2019-10-28 16:41:40,320 - INFO - Best fit parameters: [0.13519859 0.18611707].
2019-10-28 16:41:40,354 - INFO - Maximum log composite likelihood: -36.0169795052.
2019-10-28 16:41:40,355 - INFO - Optimal value of theta: 10305.8183092.
2019-10-28 16:41:40,355 - INFO - Beginning optimization with guess, [0.49790817 0.12240746].
2019-10-28 16:41:43,865 - INFO - Finished optimization with guess, [0.49790817 0.12240746].
2019-10-28 16:41:43,865 - INFO - Best fit parameters: [0.1289573 0.1846292].
2019-10-28 16:41:43,900 - INFO - Maximum log composite likelihood: -36.016752095.
2019-10-28 16:41:43,901 - INFO - Optimal value of theta: 10808.1229155.
2019-10-28 16:41:43,901 - INFO - Beginning optimization with guess, [0.65833989 0.15636145].
2019-10-28 16:41:47,020 - INFO - Finished optimization with guess, [0.65833989 0.15636145].
2019-10-28 16:41:47,020 - INFO - Best fit parameters: [0.13246214 0.18552777].
2019-10-28 16:41:47,054 - INFO - Maximum log composite likelihood: -36.0168905891.
2019-10-28 16:41:47,055 - INFO - Optimal value of theta: 10520.8587899.
2019-10-28 16:41:47,055 - INFO - Beginning optimization with guess, [0.36340449 0.12600213].
2019-10-28 16:41:51,377 - INFO - Finished optimization with guess, [0.36340449 0.12600213].
2019-10-28 16:41:51,379 - INFO - Best fit parameters: [0.1418722  0.18700696].
2019-10-28 16:41:51,413 - INFO - Maximum log composite likelihood: -36.0172222365.
2019-10-28 16:41:51,413 - INFO - Optimal value of theta: 9807.11757533.
2019-10-28 16:41:51,414 - INFO - Beginning optimization with guess, [0.95660152 0.05192586].
2019-10-28 17:01:36,033 - INFO - Finished optimization with guess, [0.95660152 0.05192586].
2019-10-28 17:01:36,034 - INFO - Best fit parameters: [0.12975239 0.18481109].
2019-10-28 17:01:36,069 - INFO - Maximum log composite likelihood: -36.0167347955.
2019-10-28 17:01:36,069 - INFO - Optimal value of theta: 10740.0576748.
2019-10-28 17:01:36,070 - INFO - Beginning optimization with guess, [0.65060653 0.1325096 ].
2019-10-28 17:01:39,280 - INFO - Finished optimization with guess, [0.65060653 0.1325096 ].
2019-10-28 17:01:39,280 - INFO - Best fit parameters: [0.1246576  0.18338874].
2019-10-28 17:01:39,315 - INFO - Maximum log composite likelihood: -36.0166788917.
2019-10-28 17:01:39,316 - INFO - Optimal value of theta: 11184.3857977.
2019-10-28 17:01:39,316 - INFO - Beginning optimization with guess, [0.37865068 0.15209119].
2019-10-28 17:01:43,218 - INFO - Finished optimization with guess, [0.37865068 0.15209119].
2019-10-28 17:01:43,222 - INFO - Best fit parameters: [0.11456077 0.17963047].
2019-10-28 17:01:43,260 - INFO - Maximum log composite likelihood: -36.0165223148.
2019-10-28 17:01:43,261 - INFO - Optimal value of theta: 12175.4722663.
2019-10-28 17:01:43,261 - INFO - Beginning optimization with guess, [0.37802544 0.08204646].
2019-10-28 17:01:46,957 - INFO - Finished optimization with guess, [0.37802544 0.08204646].
2019-10-28 17:01:46,958 - INFO - Best fit parameters: [0.13520478 0.18614187].
2019-10-28 17:01:46,992 - INFO - Maximum log composite likelihood: -36.0170169049.
2019-10-28 17:01:46,992 - INFO - Optimal value of theta: 10306.3537274.
2019-10-28 17:01:46,993 - INFO - Beginning optimization with guess, [0.32937979 0.17140681].
2019-10-28 17:01:51,752 - INFO - Finished optimization with guess, [0.32937979 0.17140681].
2019-10-28 17:01:51,752 - INFO - Best fit parameters: [0.13612099 0.18602687].
2019-10-28 17:01:51,786 - INFO - Maximum log composite likelihood: -36.0169659956.
2019-10-28 17:01:51,786 - INFO - Optimal value of theta: 10223.7760127.
2019-10-28 17:01:51,787 - INFO - Beginning optimization with guess, [0.63942285 0.05521158].
2019-10-28 17:01:54,668 - INFO - Finished optimization with guess, [0.63942285 0.05521158].
2019-10-28 17:01:54,669 - INFO - Best fit parameters: [0.14138445 0.18706004].
2019-10-28 17:01:54,702 - INFO - Maximum log composite likelihood: -36.0171724772.
2019-10-28 17:01:54,702 - INFO - Optimal value of theta: 9845.99253146.
2019-10-28 17:01:54,703 - INFO - Beginning optimization with guess, [0.31470529 0.10236215].
2019-10-28 17:01:57,410 - INFO - Finished optimization with guess, [0.31470529 0.10236215].
2019-10-28 17:01:57,411 - INFO - Best fit parameters: [0.11398052 0.17918729].
2019-10-28 17:01:57,447 - INFO - Maximum log composite likelihood: -36.0162884075.
2019-10-28 17:01:57,448 - INFO - Optimal value of theta: 12226.1163472.
2019-10-28 17:01:57,449 - INFO - Beginning optimization with guess, [0.81147922 0.06824864].
2019-10-28 17:02:00,584 - INFO - Finished optimization with guess, [0.81147922 0.06824864].
2019-10-28 17:02:00,585 - INFO - Best fit parameters: [0.13132836 0.18534487].
2019-10-28 17:02:00,619 - INFO - Maximum log composite likelihood: -36.0170369069.
2019-10-28 17:02:00,620 - INFO - Optimal value of theta: 10616.3896144.
2019-10-28 17:02:00,620 - INFO - Beginning optimization with guess, [0.68760862 0.13694479].
2019-10-28 17:02:03,754 - INFO - Finished optimization with guess, [0.68760862 0.13694479].
2019-10-28 17:02:03,754 - INFO - Best fit parameters: [0.14197189 0.18729617].
2019-10-28 17:02:03,787 - INFO - Maximum log composite likelihood: -36.0173574964.
2019-10-28 17:02:03,788 - INFO - Optimal value of theta: 9810.90128138.
2019-10-28 17:02:03,788 - INFO - Beginning optimization with guess, [0.30740712 0.093732  ].
2019-10-28 17:02:07,577 - INFO - Finished optimization with guess, [0.30740712 0.093732  ].
2019-10-28 17:02:07,577 - INFO - Best fit parameters: [0.10752999 0.1761518 ].
2019-10-28 17:02:07,615 - INFO - Maximum log composite likelihood: -36.0162001753.
2019-10-28 17:02:07,615 - INFO - Optimal value of theta: 12962.9013534.
2019-10-28 17:02:07,616 - INFO - Beginning optimization with guess, [0.34174275 0.10526528].
2019-10-28 17:02:11,933 - INFO - Finished optimization with guess, [0.34174275 0.10526528].
2019-10-28 17:02:11,934 - INFO - Best fit parameters: [0.12647818 0.18385406].
2019-10-28 17:02:11,969 - INFO - Maximum log composite likelihood: -36.016594327.
2019-10-28 17:02:11,970 - INFO - Optimal value of theta: 11017.8431078.
2019-10-28 17:02:11,970 - INFO - Beginning optimization with guess, [0.40184476 0.13685107].
2019-10-28 17:02:13,727 - INFO - Finished optimization with guess, [0.40184476 0.13685107].
2019-10-28 17:02:13,727 - INFO - Best fit parameters: [0.15812597 0.18781104].
2019-10-28 17:02:13,759 - INFO - Maximum log composite likelihood: -36.0186256655.
2019-10-28 17:02:13,759 - INFO - Optimal value of theta: 8784.94808343.
2019-10-28 17:02:13,760 - INFO - Beginning optimization with guess, [0.94979845 0.08528892].
2019-10-28 17:02:17,149 - INFO - Finished optimization with guess, [0.94979845 0.08528892].
2019-10-28 17:02:17,149 - INFO - Best fit parameters: [0.13408202 0.1858626 ].
2019-10-28 17:02:17,183 - INFO - Maximum log composite likelihood: -36.0169079416.
2019-10-28 17:02:17,184 - INFO - Optimal value of theta: 10391.4941515.
2019-10-28 17:02:17,184 - INFO - Beginning optimization with guess, [0.27716771 0.1821817 ].
2019-10-28 17:02:20,937 - INFO - Finished optimization with guess, [0.27716771 0.1821817 ].
2019-10-28 17:02:20,938 - INFO - Best fit parameters: [0.11829961 0.18103543].
2019-10-28 17:02:20,974 - INFO - Maximum log composite likelihood: -36.0163884032.
2019-10-28 17:02:20,975 - INFO - Optimal value of theta: 11782.2034863.
2019-10-28 17:02:20,975 - INFO - Beginning optimization with guess, [0.59701393 0.08787656].
2019-10-28 17:02:25,344 - INFO - Finished optimization with guess, [0.59701393 0.08787656].
2019-10-28 17:02:25,345 - INFO - Best fit parameters: [0.12772705 0.18425152].
2019-10-28 17:02:25,379 - INFO - Maximum log composite likelihood: -36.0166655364.
2019-10-28 17:02:25,380 - INFO - Optimal value of theta: 10911.1485909.
2019-10-28 17:02:25,380 - INFO - Beginning optimization with guess, [0.28843925 0.17564988].
2019-10-28 17:02:29,541 - INFO - Finished optimization with guess, [0.28843925 0.17564988].
2019-10-28 17:02:29,541 - INFO - Best fit parameters: [0.13361284 0.18579173].
2019-10-28 17:02:29,575 - INFO - Maximum log composite likelihood: -36.0169364844.
2019-10-28 17:02:29,576 - INFO - Optimal value of theta: 10429.6655266.
2019-10-28 17:02:29,576 - INFO - Beginning optimization with guess, [0.28656197 0.1146546 ].
2019-10-28 17:02:31,841 - INFO - Finished optimization with guess, [0.28656197 0.1146546 ].
2019-10-28 17:02:31,841 - INFO - Best fit parameters: [0.10848955 0.17662999].
2019-10-28 17:02:31,878 - INFO - Maximum log composite likelihood: -36.0162104922.
2019-10-28 17:02:31,879 - INFO - Optimal value of theta: 12847.4755823.
2019-10-28 17:02:31,879 - INFO - Beginning optimization with guess, [0.40857924 0.10630244].
2019-10-28 17:02:35,820 - INFO - Finished optimization with guess, [0.40857924 0.10630244].
2019-10-28 17:02:35,822 - INFO - Best fit parameters: [0.1203818  0.18200034].
2019-10-28 17:02:35,858 - INFO - Maximum log composite likelihood: -36.0167603624.
2019-10-28 17:02:35,859 - INFO - Optimal value of theta: 11587.4395884.
2019-10-28 17:02:35,859 - INFO - Beginning optimization with guess, [0.47142195 0.11887605].
2019-10-28 17:02:40,861 - INFO - Finished optimization with guess, [0.47142195 0.11887605].
2019-10-28 17:02:40,862 - INFO - Best fit parameters: [0.12297338 0.18275463].
2019-10-28 17:02:40,897 - INFO - Maximum log composite likelihood: -36.0165140904.
2019-10-28 17:02:40,898 - INFO - Optimal value of theta: 11334.0397386.
2019-10-28 17:02:40,898 - INFO - Beginning optimization with guess, [0.2695038  0.14094042].
2019-10-28 17:02:43,891 - INFO - Finished optimization with guess, [0.2695038  0.14094042].
2019-10-28 17:02:43,891 - INFO - Best fit parameters: [0.13091099 0.18511936].
2019-10-28 17:02:43,926 - INFO - Maximum log composite likelihood: -36.016787688.
2019-10-28 17:02:43,926 - INFO - Optimal value of theta: 10644.9045871.
2019-10-28 17:02:43,927 - INFO - Beginning optimization with guess, [0.27102655 0.11740237].
2019-10-28 17:02:46,966 - INFO - Finished optimization with guess, [0.27102655 0.11740237].
2019-10-28 17:02:46,967 - INFO - Best fit parameters: [0.10581989 0.17523904].
2019-10-28 17:02:47,005 - INFO - Maximum log composite likelihood: -36.0161788587.
2019-10-28 17:02:47,005 - INFO - Optimal value of theta: 13171.4240417.
2019-10-28 17:02:47,006 - INFO - Beginning optimization with guess, [0.31016965 0.19322221].
2019-10-28 17:02:53,686 - INFO - Finished optimization with guess, [0.31016965 0.19322221].
2019-10-28 17:02:53,689 - INFO - Best fit parameters: [0.13693502 0.1862805 ].
2019-10-28 17:02:53,725 - INFO - Maximum log composite likelihood: -36.0169417669.
2019-10-28 17:02:53,726 - INFO - Optimal value of theta: 10166.6523557.
2019-10-28 17:02:53,726 - INFO - Beginning optimization with guess, [0.96209905 0.11388394].
2019-10-28 17:02:56,943 - INFO - Finished optimization with guess, [0.96209905 0.11388394].
2019-10-28 17:02:56,943 - INFO - Best fit parameters: [0.13499597 0.1860741 ].
2019-10-28 17:02:56,977 - INFO - Maximum log composite likelihood: -36.0169694845.
2019-10-28 17:02:56,978 - INFO - Optimal value of theta: 10321.3634361.
2019-10-28 17:02:56,978 - INFO - Beginning optimization with guess, [0.27032358 0.08899371].
2019-10-28 17:02:59,952 - INFO - Finished optimization with guess, [0.27032358 0.08899371].
2019-10-28 17:02:59,953 - INFO - Best fit parameters: [0.13246195 0.18557907].
2019-10-28 17:02:59,987 - INFO - Maximum log composite likelihood: -36.0169869353.
2019-10-28 17:02:59,987 - INFO - Optimal value of theta: 10523.1735574.
2019-10-28 17:02:59,988 - INFO - Beginning optimization with guess, [0.81133659 0.11296341].
2019-10-28 17:03:03,086 - INFO - Finished optimization with guess, [0.81133659 0.11296341].
2019-10-28 17:03:03,086 - INFO - Best fit parameters: [0.13210376 0.18541657].
2019-10-28 17:03:03,120 - INFO - Maximum log composite likelihood: -36.0168376248.
2019-10-28 17:03:03,121 - INFO - Optimal value of theta: 10548.4044586.
2019-10-28 17:03:03,121 - INFO - Beginning optimization with guess, [0.47090418 0.08345767].
2019-10-28 17:03:06,215 - INFO - Finished optimization with guess, [0.47090418 0.08345767].
2019-10-28 17:03:06,216 - INFO - Best fit parameters: [0.13256113 0.18567277].
2019-10-28 17:03:06,251 - INFO - Maximum log composite likelihood: -36.0171642325.
2019-10-28 17:03:06,251 - INFO - Optimal value of theta: 10518.3901749.
2019-10-28 17:03:06,252 - INFO - Beginning optimization with guess, [0.29873472 0.09092849].
2019-10-28 17:03:11,148 - INFO - Finished optimization with guess, [0.29873472 0.09092849].
2019-10-28 17:03:11,149 - INFO - Best fit parameters: [0.10013366 0.17201278].
2019-10-28 17:03:11,187 - INFO - Maximum log composite likelihood: -36.0161242052.
2019-10-28 17:03:11,188 - INFO - Optimal value of theta: 13920.4943851.
2019-10-28 17:03:11,188 - INFO - Beginning optimization with guess, [0.34746287 0.10220898].
2019-10-28 17:03:13,609 - INFO - Finished optimization with guess, [0.34746287 0.10220898].
2019-10-28 17:03:13,609 - INFO - Best fit parameters: [0.13027044 0.18482141].
2019-10-28 17:03:13,643 - INFO - Maximum log composite likelihood: -36.0166771568.
2019-10-28 17:03:13,644 - INFO - Optimal value of theta: 10691.3317215.
2019-10-28 17:03:13,644 - INFO - Beginning optimization with guess, [0.53077883 0.06835973].
2019-10-28 17:03:16,535 - INFO - Finished optimization with guess, [0.53077883 0.06835973].
2019-10-28 17:03:16,535 - INFO - Best fit parameters: [0.13788436 0.18652585].
2019-10-28 17:03:16,569 - INFO - Maximum log composite likelihood: -36.0169985708.
2019-10-28 17:03:16,570 - INFO - Optimal value of theta: 10099.0971245.
2019-10-28 17:03:16,570 - INFO - Beginning optimization with guess, [0.62665406 0.0524863 ].
2019-10-28 17:03:19,353 - INFO - Finished optimization with guess, [0.62665406 0.0524863 ].
2019-10-28 17:03:19,354 - INFO - Best fit parameters: [0.14307983 0.18741899].
2019-10-28 17:03:19,387 - INFO - Maximum log composite likelihood: -36.0173924948.
2019-10-28 17:03:19,388 - INFO - Optimal value of theta: 9733.35678851.
2019-10-28 17:03:19,388 - INFO - Beginning optimization with guess, [0.74133997 0.09203748].
2019-10-28 17:03:22,404 - INFO - Finished optimization with guess, [0.74133997 0.09203748].
2019-10-28 17:03:22,404 - INFO - Best fit parameters: [0.13269945 0.1854935 ].
2019-10-28 17:03:22,438 - INFO - Maximum log composite likelihood: -36.0167931708.
2019-10-28 17:03:22,439 - INFO - Optimal value of theta: 10497.9253886.
2019-10-28 17:03:22,440 - INFO - Beginning optimization with guess, [0.54357147 0.07075566].
2019-10-28 17:03:25,543 - INFO - Finished optimization with guess, [0.54357147 0.07075566].
2019-10-28 17:03:25,546 - INFO - Best fit parameters: [0.12956925 0.18487079].
2019-10-28 17:03:25,582 - INFO - Maximum log composite likelihood: -36.0169222821.
2019-10-28 17:03:25,582 - INFO - Optimal value of theta: 10760.3888616.
2019-10-28 17:03:25,583 - INFO - Beginning optimization with guess, [0.48374277 0.09623861].
2019-10-28 17:03:28,548 - INFO - Finished optimization with guess, [0.48374277 0.09623861].
2019-10-28 17:03:28,548 - INFO - Best fit parameters: [0.13540508 0.18613378].
2019-10-28 17:03:28,582 - INFO - Maximum log composite likelihood: -36.0169540107.
2019-10-28 17:03:28,583 - INFO - Optimal value of theta: 10288.8927265.
2019-10-28 17:03:28,583 - INFO - Beginning optimization with guess, [0.83555876 0.11495963].
2019-10-28 17:03:31,649 - INFO - Finished optimization with guess, [0.83555876 0.11495963].
2019-10-28 17:03:31,649 - INFO - Best fit parameters: [0.13959806 0.18692291].
2019-10-28 17:03:31,683 - INFO - Maximum log composite likelihood: -36.0171905597.
2019-10-28 17:03:31,683 - INFO - Optimal value of theta: 9978.43403468.
2019-10-28 17:03:31,684 - INFO - Beginning optimization with guess, [0.51015487 0.0723376 ].
2019-10-28 17:03:34,722 - INFO - Finished optimization with guess, [0.51015487 0.0723376 ].
2019-10-28 17:03:34,722 - INFO - Best fit parameters: [0.13363412 0.18585516].
2019-10-28 17:03:34,756 - INFO - Maximum log composite likelihood: -36.0170488542.
2019-10-28 17:03:34,757 - INFO - Optimal value of theta: 10430.5718404.
2019-10-28 17:03:34,757 - INFO - Beginning optimization with guess, [0.30036735 0.06164326].
2019-10-28 17:03:38,146 - INFO - Finished optimization with guess, [0.30036735 0.06164326].
2019-10-28 17:03:38,147 - INFO - Best fit parameters: [0.13561704 0.18628355].
2019-10-28 17:03:38,181 - INFO - Maximum log composite likelihood: -36.0171473663.
2019-10-28 17:03:38,182 - INFO - Optimal value of theta: 10277.2488757.
2019-10-28 17:03:38,182 - INFO - Beginning optimization with guess, [0.69141563 0.07229522].
2019-10-28 17:03:41,293 - INFO - Finished optimization with guess, [0.69141563 0.07229522].
2019-10-28 17:03:41,294 - INFO - Best fit parameters: [0.13441644 0.18593907].
2019-10-28 17:03:41,328 - INFO - Maximum log composite likelihood: -36.0169272472.
2019-10-28 17:03:41,328 - INFO - Optimal value of theta: 10365.6366828.
2019-10-28 17:03:41,329 - INFO - Beginning optimization with guess, [0.57316759 0.12609554].
2019-10-28 17:03:44,958 - INFO - Finished optimization with guess, [0.57316759 0.12609554].
2019-10-28 17:03:44,958 - INFO - Best fit parameters: [0.13052241 0.18505492].
2019-10-28 17:03:44,993 - INFO - Maximum log composite likelihood: -36.0168252108.
2019-10-28 17:03:44,993 - INFO - Optimal value of theta: 10678.3570702.
2019-10-28 17:03:44,994 - INFO - Beginning optimization with guess, [0.2781138  0.16233632].
2019-10-28 17:03:48,039 - INFO - Finished optimization with guess, [0.2781138  0.16233632].
2019-10-28 17:03:48,039 - INFO - Best fit parameters: [0.13539126 0.18622191].
2019-10-28 17:03:48,073 - INFO - Maximum log composite likelihood: -36.017103497.
2019-10-28 17:03:48,074 - INFO - Optimal value of theta: 10293.8397177.
2019-10-28 17:03:48,074 - INFO - Beginning optimization with guess, [0.27454218 0.07460134].
2019-10-28 17:03:50,933 - INFO - Finished optimization with guess, [0.27454218 0.07460134].
2019-10-28 17:03:50,934 - INFO - Best fit parameters: [0.1284433  0.18432058].
2019-10-28 17:03:50,968 - INFO - Maximum log composite likelihood: -36.0166192897.
2019-10-28 17:03:50,969 - INFO - Optimal value of theta: 10843.669796.
2019-10-28 17:03:50,969 - INFO - Beginning optimization with guess, [0.31689119 0.09348499].
2019-10-28 17:03:53,214 - INFO - Finished optimization with guess, [0.31689119 0.09348499].
2019-10-28 17:03:53,215 - INFO - Best fit parameters: [0.11404522 0.1791542 ].
2019-10-28 17:03:53,252 - INFO - Maximum log composite likelihood: -36.0163199767.
2019-10-28 17:03:53,252 - INFO - Optimal value of theta: 12215.4730779.
2019-10-28 17:03:53,253 - INFO - Beginning optimization with guess, [0.9455093  0.17927653].
2019-10-28 17:03:56,301 - INFO - Finished optimization with guess, [0.9455093  0.17927653].
2019-10-28 17:03:56,301 - INFO - Best fit parameters: [0.13167917 0.18534383].
2019-10-28 17:03:56,335 - INFO - Maximum log composite likelihood: -36.0168667922.
2019-10-28 17:03:56,336 - INFO - Optimal value of theta: 10583.9739251.
2019-10-28 17:03:56,336 - INFO - Beginning optimization with guess, [0.29764497 0.07240152].
2019-10-28 17:03:59,326 - INFO - Finished optimization with guess, [0.29764497 0.07240152].
2019-10-28 17:03:59,328 - INFO - Best fit parameters: [0.11591671 0.18004835].
2019-10-28 17:03:59,365 - INFO - Maximum log composite likelihood: -36.0163265476.
2019-10-28 17:03:59,366 - INFO - Optimal value of theta: 12023.4708464.
2019-10-28 17:03:59,367 - INFO - Beginning optimization with guess, [0.35341846 0.05265895].
2019-10-28 17:04:02,153 - INFO - Finished optimization with guess, [0.35341846 0.05265895].
2019-10-28 17:04:02,153 - INFO - Best fit parameters: [0.14636075 0.18769843].
2019-10-28 17:04:02,186 - INFO - Maximum log composite likelihood: -36.0175298036.
2019-10-28 17:04:02,187 - INFO - Optimal value of theta: 9510.1323566.
2019-10-28 17:04:02,187 - INFO - Beginning optimization with guess, [0.72304585 0.05441967].
2019-10-28 17:04:05,178 - INFO - Finished optimization with guess, [0.72304585 0.05441967].
2019-10-28 17:04:05,178 - INFO - Best fit parameters: [0.13351821 0.18575719].
2019-10-28 17:04:05,212 - INFO - Maximum log composite likelihood: -36.0169117231.
2019-10-28 17:04:05,213 - INFO - Optimal value of theta: 10436.515089.
2019-10-28 17:04:05,213 - INFO - Beginning optimization with guess, [0.29312778 0.0962491 ].
2019-10-28 17:04:06,641 - INFO - Finished optimization with guess, [0.29312778 0.0962491 ].
2019-10-28 17:04:06,641 - INFO - Best fit parameters: [0.1031658  0.17378371].
2019-10-28 17:04:06,679 - INFO - Maximum log composite likelihood: -36.0161513935.
2019-10-28 17:04:06,680 - INFO - Optimal value of theta: 13510.9137054.
2019-10-28 17:04:06,680 - INFO - Beginning optimization with guess, [0.38150574 0.13925401].
2019-10-28 17:04:08,660 - INFO - Finished optimization with guess, [0.38150574 0.13925401].
2019-10-28 17:04:08,661 - INFO - Best fit parameters: [0.15132128 0.18789202].
2019-10-28 17:04:08,693 - INFO - Maximum log composite likelihood: -36.0178773689.
2019-10-28 17:04:08,694 - INFO - Optimal value of theta: 9190.05873593.
2019-10-28 17:04:08,694 - INFO - Beginning optimization with guess, [0.25334365 0.08462997].
2019-10-28 17:04:12,102 - INFO - Finished optimization with guess, [0.25334365 0.08462997].
2019-10-28 17:04:12,108 - INFO - Best fit parameters: [0.14165619 0.18719379].
2019-10-28 17:04:12,143 - INFO - Maximum log composite likelihood: -36.0172576136.
2019-10-28 17:04:12,144 - INFO - Optimal value of theta: 9830.67492052.
2019-10-28 17:04:12,144 - INFO - Beginning optimization with guess, [0.32064732 0.17080195].
2019-10-28 17:04:16,425 - INFO - Finished optimization with guess, [0.32064732 0.17080195].
2019-10-28 17:04:16,425 - INFO - Best fit parameters: [0.11312015 0.1789253 ].
2019-10-28 17:04:16,462 - INFO - Maximum log composite likelihood: -36.0163579731.
2019-10-28 17:04:16,463 - INFO - Optimal value of theta: 12326.6061765.
2019-10-28 17:04:16,463 - INFO - Beginning optimization with guess, [0.3350704  0.14617071].
2019-10-28 17:04:18,871 - INFO - Finished optimization with guess, [0.3350704  0.14617071].
2019-10-28 17:04:18,871 - INFO - Best fit parameters: [0.13247016 0.1854642 ].
2019-10-28 17:04:18,905 - INFO - Maximum log composite likelihood: -36.0168053193.
2019-10-28 17:04:18,906 - INFO - Optimal value of theta: 10517.2849877.
2019-10-28 17:04:18,907 - INFO - Beginning optimization with guess, [0.61267837 0.08216047].
2019-10-28 17:04:21,956 - INFO - Finished optimization with guess, [0.61267837 0.08216047].
2019-10-28 17:04:21,957 - INFO - Best fit parameters: [0.13588921 0.1863015 ].
2019-10-28 17:04:21,991 - INFO - Maximum log composite likelihood: -36.017084319.
2019-10-28 17:04:21,991 - INFO - Optimal value of theta: 10254.9456716.
2019-10-28 17:04:21,992 - INFO - Beginning optimization with guess, [0.69702098 0.05399627].
2019-10-28 17:04:24,826 - INFO - Finished optimization with guess, [0.69702098 0.05399627].
2019-10-28 17:04:24,827 - INFO - Best fit parameters: [0.13707303 0.18653778].
2019-10-28 17:04:24,860 - INFO - Maximum log composite likelihood: -36.0171535723.
2019-10-28 17:04:24,861 - INFO - Optimal value of theta: 10166.013029.
2019-10-28 17:04:24,861 - INFO - Beginning optimization with guess, [0.45123922 0.06579591].
2019-10-28 17:04:28,255 - INFO - Finished optimization with guess, [0.45123922 0.06579591].
2019-10-28 17:04:28,255 - INFO - Best fit parameters: [0.13726699 0.18649621].
2019-10-28 17:04:28,289 - INFO - Maximum log composite likelihood: -36.0170399571.
2019-10-28 17:04:28,290 - INFO - Optimal value of theta: 10148.3020514.
2019-10-28 17:04:28,290 - INFO - Beginning optimization with guess, [0.63231236 0.09270958].
2019-10-28 17:04:31,380 - INFO - Finished optimization with guess, [0.63231236 0.09270958].
2019-10-28 17:04:31,381 - INFO - Best fit parameters: [0.13409254 0.18587898].
2019-10-28 17:04:31,415 - INFO - Maximum log composite likelihood: -36.0169277478.
2019-10-28 17:04:31,415 - INFO - Optimal value of theta: 10391.2883192.
2019-10-28 17:04:31,416 - INFO - Beginning optimization with guess, [0.90087416 0.07315687].
2019-10-28 17:04:45,051 - INFO - Finished optimization with guess, [0.90087416 0.07315687].
2019-10-28 17:04:45,052 - INFO - Best fit parameters: [0.12654148 0.1838414 ].
2019-10-28 17:04:45,087 - INFO - Maximum log composite likelihood: -36.0165741469.
2019-10-28 17:04:45,088 - INFO - Optimal value of theta: 11010.7550995.
2019-10-28 17:04:45,088 - INFO - Beginning optimization with guess, [0.40210135 0.16808451].
2019-10-28 17:04:49,632 - INFO - Finished optimization with guess, [0.40210135 0.16808451].
2019-10-28 17:04:49,632 - INFO - Best fit parameters: [0.12492141 0.18338057].
2019-10-28 17:04:49,667 - INFO - Maximum log composite likelihood: -36.0165548306.
2019-10-28 17:04:49,668 - INFO - Optimal value of theta: 11156.0265047.
2019-10-28 17:04:49,668 - INFO - Beginning optimization with guess, [0.80773978 0.09489282].
2019-10-28 17:04:54,423 - INFO - Finished optimization with guess, [0.80773978 0.09489282].
2019-10-28 17:04:54,423 - INFO - Best fit parameters: [0.10705917 0.17603269].
2019-10-28 17:04:54,460 - INFO - Maximum log composite likelihood: -36.0163386839.
2019-10-28 17:04:54,461 - INFO - Optimal value of theta: 13028.4537312.
2019-10-28 17:04:54,461 - INFO - Beginning optimization with guess, [0.90767366 0.08740758].
2019-10-28 17:04:57,518 - INFO - Finished optimization with guess, [0.90767366 0.08740758].
2019-10-28 17:04:57,519 - INFO - Best fit parameters: [0.1321278  0.18545539].
2019-10-28 17:04:57,553 - INFO - Maximum log composite likelihood: -36.0168891855.
2019-10-28 17:04:57,554 - INFO - Optimal value of theta: 10547.9597183.
2019-10-28 17:04:57,554 - INFO - Beginning optimization with guess, [0.69034687 0.09267301].
2019-10-28 17:05:00,875 - INFO - Finished optimization with guess, [0.69034687 0.09267301].
2019-10-28 17:05:00,876 - INFO - Best fit parameters: [0.1240454  0.18320918].
2019-10-28 17:05:00,911 - INFO - Maximum log composite likelihood: -36.01669915.
2019-10-28 17:05:00,912 - INFO - Optimal value of theta: 11240.7462244.
2019-10-28 17:05:00,912 - INFO - Beginning optimization with guess, [0.29019008 0.16615564].
2019-10-28 17:05:03,964 - INFO - Finished optimization with guess, [0.29019008 0.16615564].
2019-10-28 17:05:03,964 - INFO - Best fit parameters: [0.12864568 0.18453229].
2019-10-28 17:05:03,999 - INFO - Maximum log composite likelihood: -36.016724964.
2019-10-28 17:05:04,000 - INFO - Optimal value of theta: 10833.9132213.
2019-10-28 17:05:04,000 - INFO - Beginning optimization with guess, [0.40236914 0.05094087].
2019-10-28 17:05:06,708 - INFO - Finished optimization with guess, [0.40236914 0.05094087].
2019-10-28 17:05:06,708 - INFO - Best fit parameters: [0.14113993 0.18699729].
2019-10-28 17:05:06,742 - INFO - Maximum log composite likelihood: -36.0171531222.
2019-10-28 17:05:06,742 - INFO - Optimal value of theta: 9862.10940126.
2019-10-28 17:05:06,743 - INFO - Beginning optimization with guess, [0.28001087 0.15134135].
2019-10-28 17:05:09,760 - INFO - Finished optimization with guess, [0.28001087 0.15134135].
2019-10-28 17:05:09,763 - INFO - Best fit parameters: [0.13223934 0.18550485].
2019-10-28 17:05:09,798 - INFO - Maximum log composite likelihood: -36.0169349302.
2019-10-28 17:05:09,799 - INFO - Optimal value of theta: 10540.0389242.
2019-10-28 17:05:09,799 - INFO - Beginning optimization with guess, [0.64271802 0.05192766].
2019-10-28 17:05:12,565 - INFO - Finished optimization with guess, [0.64271802 0.05192766].
2019-10-28 17:05:12,565 - INFO - Best fit parameters: [0.13899246 0.18702135].
2019-10-28 17:05:12,598 - INFO - Maximum log composite likelihood: -36.0176164708.
2019-10-28 17:05:12,599 - INFO - Optimal value of theta: 10030.3168431.
2019-10-28 17:05:12,599 - INFO - Beginning optimization with guess, [0.76592165 0.17992314].
2019-10-28 17:05:23,860 - INFO - Finished optimization with guess, [0.76592165 0.17992314].
2019-10-28 17:05:23,861 - INFO - Best fit parameters: [0.11410824 0.17926878].
2019-10-28 17:05:23,897 - INFO - Maximum log composite likelihood: -36.016292521.
2019-10-28 17:05:23,898 - INFO - Optimal value of theta: 12213.9564007.
2019-10-28 17:05:23,898 - INFO - Beginning optimization with guess, [0.75393742 0.11891214].
2019-10-28 17:05:26,977 - INFO - Finished optimization with guess, [0.75393742 0.11891214].
2019-10-28 17:05:26,977 - INFO - Best fit parameters: [0.1372028  0.18655112].
2019-10-28 17:05:27,011 - INFO - Maximum log composite likelihood: -36.0171391797.
2019-10-28 17:05:27,012 - INFO - Optimal value of theta: 10155.8646803.
2019-10-28 17:05:27,012 - INFO - Beginning optimization with guess, [0.66984272 0.05913949].
2019-10-28 17:05:29,973 - INFO - Finished optimization with guess, [0.66984272 0.05913949].
2019-10-28 17:05:29,973 - INFO - Best fit parameters: [0.13560604 0.18620962].
2019-10-28 17:05:30,007 - INFO - Maximum log composite likelihood: -36.0170115885.
2019-10-28 17:05:30,008 - INFO - Optimal value of theta: 10275.0268968.
2019-10-28 17:05:30,008 - INFO - Beginning optimization with guess, [0.66913076 0.11255789].
2019-10-28 17:05:32,995 - INFO - Finished optimization with guess, [0.66913076 0.11255789].
2019-10-28 17:05:32,996 - INFO - Best fit parameters: [0.13447309 0.18602097].
2019-10-28 17:05:33,030 - INFO - Maximum log composite likelihood: -36.0170463959.
2019-10-28 17:05:33,031 - INFO - Optimal value of theta: 10364.2667698.
2019-10-28 17:05:33,031 - INFO - Beginning optimization with guess, [0.56338524 0.06186985].
2019-10-28 17:05:35,937 - INFO - Finished optimization with guess, [0.56338524 0.06186985].
2019-10-28 17:05:35,937 - INFO - Best fit parameters: [0.13660381 0.18644908].
2019-10-28 17:05:35,971 - INFO - Maximum log composite likelihood: -36.0171318729.
2019-10-28 17:05:35,972 - INFO - Optimal value of theta: 10201.2166936.
2019-10-28 17:05:35,972 - INFO - Beginning optimization with guess, [0.83107993 0.1730643 ].
2019-10-28 17:05:39,115 - INFO - Finished optimization with guess, [0.83107993 0.1730643 ].
2019-10-28 17:05:39,117 - INFO - Best fit parameters: [0.13474823 0.18605348].
2019-10-28 17:05:39,151 - INFO - Maximum log composite likelihood: -36.0170091802.
2019-10-28 17:05:39,152 - INFO - Optimal value of theta: 10341.8271997.
2019-10-28 17:05:39,152 - INFO - Beginning optimization with guess, [0.55651973 0.07214813].
2019-10-28 17:05:42,092 - INFO - Finished optimization with guess, [0.55651973 0.07214813].
2019-10-28 17:05:42,092 - INFO - Best fit parameters: [0.12755035 0.18424778].
2019-10-28 17:05:42,127 - INFO - Maximum log composite likelihood: -36.0167282618.
2019-10-28 17:05:42,128 - INFO - Optimal value of theta: 10928.5982942.
2019-10-28 17:05:42,128 - INFO - Beginning optimization with guess, [0.34806394 0.19329427].
2019-10-28 17:05:43,944 - INFO - Finished optimization with guess, [0.34806394 0.19329427].
2019-10-28 17:05:43,945 - INFO - Best fit parameters: [0.16454873 0.18746614].
2019-10-28 17:05:43,976 - INFO - Maximum log composite likelihood: -36.0195428783.
2019-10-28 17:05:43,976 - INFO - Optimal value of theta: 8437.06533038.
2019-10-28 17:05:43,977 - INFO - Beginning optimization with guess, [0.89988634 0.18087487].
2019-10-28 17:05:47,147 - INFO - Finished optimization with guess, [0.89988634 0.18087487].
2019-10-28 17:05:47,147 - INFO - Best fit parameters: [0.12498404 0.18354481].
2019-10-28 17:05:47,182 - INFO - Maximum log composite likelihood: -36.016804107.
2019-10-28 17:05:47,183 - INFO - Optimal value of theta: 11157.6724806.
2019-10-28 17:05:47,183 - INFO - Beginning optimization with guess, [0.46957769 0.12467785].
2019-10-28 17:05:51,426 - INFO - Finished optimization with guess, [0.46957769 0.12467785].
2019-10-28 17:05:51,427 - INFO - Best fit parameters: [0.11945389 0.18158309].
2019-10-28 17:05:51,462 - INFO - Maximum log composite likelihood: -36.0165610977.
2019-10-28 17:05:51,463 - INFO - Optimal value of theta: 11673.8132026.
2019-10-28 17:05:51,464 - INFO - Beginning optimization with guess, [0.95183055 0.16256579].
2019-10-28 17:05:55,678 - INFO - Finished optimization with guess, [0.95183055 0.16256579].
2019-10-28 17:05:55,678 - INFO - Best fit parameters: [0.12974683 0.18476782].
2019-10-28 17:05:55,713 - INFO - Maximum log composite likelihood: -36.016691847.
2019-10-28 17:05:55,714 - INFO - Optimal value of theta: 10738.5699393.
2019-10-28 17:05:55,714 - INFO - Beginning optimization with guess, [0.728388   0.17269482].
2019-10-28 17:05:58,926 - INFO - Finished optimization with guess, [0.728388   0.17269482].
2019-10-28 17:05:58,927 - INFO - Best fit parameters: [0.13278327 0.18560763].
2019-10-28 17:05:58,961 - INFO - Maximum log composite likelihood: -36.0169111732.
2019-10-28 17:05:58,961 - INFO - Optimal value of theta: 10495.4700624.
2019-10-28 17:05:58,962 - INFO - Beginning optimization with guess, [0.70937632 0.09563893].
2019-10-28 17:06:02,003 - INFO - Finished optimization with guess, [0.70937632 0.09563893].
2019-10-28 17:06:02,004 - INFO - Best fit parameters: [0.1404249  0.18707877].
2019-10-28 17:06:02,037 - INFO - Maximum log composite likelihood: -36.0172770717.
2019-10-28 17:06:02,038 - INFO - Optimal value of theta: 9920.21441492.
2019-10-28 17:06:02,038 - INFO - Beginning optimization with guess, [0.78915749 0.05224671].
2019-10-28 17:06:05,899 - INFO - Finished optimization with guess, [0.78915749 0.05224671].
2019-10-28 17:06:05,901 - INFO - Best fit parameters: [0.11842152 0.18105755].
2019-10-28 17:06:05,938 - INFO - Maximum log composite likelihood: -36.0163755859.
2019-10-28 17:06:05,938 - INFO - Optimal value of theta: 11768.6230181.
2019-10-28 17:06:05,939 - INFO - Beginning optimization with guess, [0.5398756  0.18841689].
2019-10-28 17:06:09,700 - INFO - Finished optimization with guess, [0.5398756  0.18841689].
2019-10-28 17:06:09,700 - INFO - Best fit parameters: [0.13510579 0.18612614].
2019-10-28 17:06:09,734 - INFO - Maximum log composite likelihood: -36.0170208767.
2019-10-28 17:06:09,735 - INFO - Optimal value of theta: 10314.1686718.
2019-10-28 17:06:09,735 - INFO - Beginning optimization with guess, [0.42763399 0.05789546].
2019-10-28 17:06:12,646 - INFO - Finished optimization with guess, [0.42763399 0.05789546].
2019-10-28 17:06:12,650 - INFO - Best fit parameters: [0.1318149  0.18529298].
2019-10-28 17:06:12,687 - INFO - Maximum log composite likelihood: -36.0167670798.
2019-10-28 17:06:12,688 - INFO - Optimal value of theta: 10569.2292551.
2019-10-28 17:06:12,689 - INFO - Beginning optimization with guess, [0.7126823  0.14291295].
2019-10-28 17:06:15,819 - INFO - Finished optimization with guess, [0.7126823  0.14291295].
2019-10-28 17:06:15,819 - INFO - Best fit parameters: [0.13316899 0.18573226].
2019-10-28 17:06:15,853 - INFO - Maximum log composite likelihood: -36.0169925011.
2019-10-28 17:06:15,854 - INFO - Optimal value of theta: 10466.4586114.
2019-10-28 17:06:15,854 - INFO - Beginning optimization with guess, [0.30082732 0.100162  ].
2019-10-28 17:06:18,634 - INFO - Finished optimization with guess, [0.30082732 0.100162  ].
2019-10-28 17:06:18,634 - INFO - Best fit parameters: [0.10362571 0.17401718].
2019-10-28 17:06:18,672 - INFO - Maximum log composite likelihood: -36.0161623522.
2019-10-28 17:06:18,673 - INFO - Optimal value of theta: 13449.0321886.
2019-10-28 17:06:18,673 - INFO - Beginning optimization with guess, [0.33654251 0.05726986].
2019-10-28 17:06:21,486 - INFO - Finished optimization with guess, [0.33654251 0.05726986].
2019-10-28 17:06:21,486 - INFO - Best fit parameters: [0.14124732 0.18714542].
2019-10-28 17:06:21,520 - INFO - Maximum log composite likelihood: -36.0172447821.
2019-10-28 17:06:21,520 - INFO - Optimal value of theta: 9859.76502814.
2019-10-28 17:06:21,521 - INFO - Beginning optimization with guess, [0.34208827 0.07984358].
2019-10-28 17:06:25,044 - INFO - Finished optimization with guess, [0.34208827 0.07984358].
2019-10-28 17:06:25,045 - INFO - Best fit parameters: [0.12122707 0.18227316].
2019-10-28 17:06:25,080 - INFO - Maximum log composite likelihood: -36.0166906336.
2019-10-28 17:06:25,081 - INFO - Optimal value of theta: 11504.566919.
2019-10-28 17:06:25,082 - INFO - Finished demographic inference.
2019-10-28 17:06:25,082 - INFO - Beginning DFE inference.
2019-10-28 17:40:23,138 - INFO - Beginning optimization with guess, [1.54536748e-01 4.40932042e+04].
2019-10-28 17:40:42,005 - INFO - Finished optomization, results are [-35.862417355382604 array([ 0.47373266, 65.81440858])].
2019-10-28 17:40:42,006 - INFO - Beginning optimization with guess, [5.01848408e-02 4.48627596e+04].
2019-10-28 17:40:47,552 - INFO - Finished optomization, results are [-35.86330085279519 array([ 0.47328455, 66.03425431])].
2019-10-28 17:40:47,552 - INFO - Beginning optimization with guess, [6.37613384e-02 4.01807114e+04].
2019-10-28 17:41:04,579 - INFO - Finished optomization, results are [-35.86329017523758 array([ 0.47328758, 66.03301287])].
2019-10-28 17:41:04,580 - INFO - Beginning optimization with guess, [1.03542829e-01 5.37034498e+04].
2019-10-28 17:41:08,542 - INFO - Finished optomization, results are [-35.863300844620426 array([ 0.47328456, 66.03425341])].
2019-10-28 17:41:08,543 - INFO - Beginning optimization with guess, [7.46464236e-02 6.63173640e+04].
2019-10-28 17:41:25,969 - INFO - Finished optomization, results are [-35.863270131298805 array([ 0.4732935 , 66.03046515])].
2019-10-28 17:41:25,970 - INFO - Beginning optimization with guess, [5.57095740e-02 5.33717973e+04].
2019-10-28 17:41:31,118 - INFO - Finished optomization, results are [-35.86330085245527 array([ 0.47328455, 66.03425429])].
2019-10-28 17:41:31,119 - INFO - Beginning optimization with guess, [5.75275321e-02 3.86977284e+04].
2019-10-28 17:41:35,678 - INFO - Finished optomization, results are [-35.86330085577379 array([ 0.47328455, 66.03425456])].
2019-10-28 17:41:35,678 - INFO - Beginning optimization with guess, [6.21386434e-02 2.21242906e+04].
2019-10-28 17:41:46,973 - INFO - Finished optomization, results are [-35.86301899671162 array([ 0.47336676, 65.99989775])].
2019-10-28 17:41:46,974 - INFO - Beginning optimization with guess, [9.69161466e-02 4.23816060e+04].
2019-10-28 17:41:51,136 - INFO - Finished optomization, results are [-35.863300863884206 array([ 0.47328455, 66.03425515])].
2019-10-28 17:41:51,136 - INFO - Beginning optimization with guess, [1.64949233e-01 4.04576300e+04].
2019-10-28 17:42:04,013 - INFO - Finished optomization, results are [-35.86306123751115 array([ 0.47345187, 65.93775295])].
2019-10-28 17:42:04,014 - INFO - Beginning optimization with guess, [6.06191416e-02 3.21455285e+04].
2019-10-28 17:42:16,303 - INFO - Finished optomization, results are [-35.86329925137329 array([ 0.47328498, 66.03409058])].
2019-10-28 17:42:16,304 - INFO - Beginning optimization with guess, [7.27590598e-02 2.63608301e+04].
2019-10-28 17:42:21,257 - INFO - Finished optomization, results are [-35.86330085348823 array([ 0.47328455, 66.03425445])].
2019-10-28 17:42:21,258 - INFO - Beginning optimization with guess, [1.02990406e-01 2.42165582e+04].
2019-10-28 17:42:38,254 - INFO - Finished optomization, results are [-35.863148628837735 array([ 0.47329997, 66.046531  ])].
2019-10-28 17:42:38,256 - INFO - Beginning optimization with guess, [7.38417826e-02 2.17595058e+04].
2019-10-28 17:42:56,097 - INFO - Finished optomization, results are [-35.863300832570076 array([ 0.47328456, 66.03425194])].
2019-10-28 17:42:56,100 - INFO - Beginning optimization with guess, [5.57240144e-02 4.01028724e+04].
2019-10-28 17:43:01,450 - INFO - Finished optomization, results are [-35.863300851427994 array([ 0.47328455, 66.03425418])].
2019-10-28 17:43:01,451 - INFO - Beginning optimization with guess, [6.85256252e-02 2.00581442e+04].
2019-10-28 17:43:19,666 - INFO - Finished optomization, results are [-35.863058770131374 array([ 0.47335371, 66.00591089])].
2019-10-28 17:43:19,669 - INFO - Beginning optimization with guess, [1.37628982e-01 2.85493289e+04].
2019-10-28 17:43:36,353 - INFO - Finished optomization, results are [-35.863299335811234 array([ 0.47328516, 66.03392063])].
2019-10-28 17:43:36,355 - INFO - Beginning optimization with guess, [6.11890200e-02 3.48139272e+04].
2019-10-28 17:43:54,378 - INFO - Finished optomization, results are [-35.86329988280568 array([ 0.47328481, 66.03415795])].
2019-10-28 17:43:54,379 - INFO - Beginning optimization with guess, [9.25967898e-02 4.86664692e+04].
2019-10-28 17:44:09,037 - INFO - Finished optomization, results are [-35.86329834309754 array([ 0.47328527, 66.03395561])].
2019-10-28 17:44:09,038 - INFO - Beginning optimization with guess, [7.94257882e-02 2.17545979e+04].
2019-10-28 17:44:13,991 - INFO - Finished optomization, results are [-35.86330084652923 array([ 0.47328455, 66.03425359])].
2019-10-28 17:44:13,993 - INFO - Beginning optimization with guess, [5.04150443e-02 2.04853149e+04].
2019-10-28 17:44:29,844 - INFO - Finished optomization, results are [-35.86327765517535 array([ 0.47329152, 66.03119764])].
2019-10-28 17:44:29,846 - INFO - Beginning optimization with guess, [9.25625059e-02 2.80800368e+04].
2019-10-28 17:44:43,910 - INFO - Finished optomization, results are [-35.86330084473889 array([ 0.47328456, 66.03425295])].
2019-10-28 17:44:43,911 - INFO - Beginning optimization with guess, [7.63257673e-02 1.85691571e+04].
2019-10-28 17:45:04,658 - INFO - Finished optomization, results are [-35.85972124476075 array([ 0.47438183, 65.60346466])].
2019-10-28 17:45:04,659 - INFO - Beginning optimization with guess, [4.50699527e-02 6.11045020e+04].
2019-10-28 17:45:23,081 - INFO - Finished optomization, results are [-35.86322650726265 array([ 0.47330696, 66.02443999])].
2019-10-28 17:45:23,092 - INFO - Beginning optimization with guess, [6.37320245e-02 2.49047079e+04].
2019-10-28 17:45:36,567 - INFO - Finished optomization, results are [-35.86139120385883 array([ 0.47396472, 65.74090941])].
2019-10-28 17:45:36,568 - INFO - Beginning optimization with guess, [7.17214628e-02 5.29893748e+04].
2019-10-28 17:45:55,404 - INFO - Finished optomization, results are [-35.861383708466064 array([ 0.47404142, 65.70026652])].
2019-10-28 17:45:55,406 - INFO - Beginning optimization with guess, [4.57763249e-02 6.50603825e+04].
2019-10-28 17:46:14,815 - INFO - Finished optomization, results are [-35.863238537444204 array([ 0.47332823, 66.00588623])].
2019-10-28 17:46:14,817 - INFO - Beginning optimization with guess, [8.69410878e-02 2.14770556e+04].
2019-10-28 17:46:29,285 - INFO - Finished optomization, results are [-35.86330084126507 array([ 0.47328456, 66.03425183])].
2019-10-28 17:46:29,286 - INFO - Beginning optimization with guess, [6.21413027e-02 2.58483103e+04].
2019-10-28 17:46:33,646 - INFO - Finished optomization, results are [-35.863300829940954 array([ 0.47328456, 66.03425227])].
2019-10-28 17:46:33,646 - INFO - Beginning optimization with guess, [5.51163878e-02 3.52000690e+04].
2019-10-28 17:46:38,006 - INFO - Finished optomization, results are [-35.86330088907971 array([ 0.47328454, 66.03425746])].
2019-10-28 17:46:38,007 - INFO - Beginning optimization with guess, [7.53304624e-02 6.47278261e+04].
2019-10-28 17:46:55,435 - INFO - Finished optomization, results are [-35.86329091036396 array([ 0.47328856, 66.03202023])].
2019-10-28 17:46:55,436 - INFO - Beginning optimization with guess, [5.71049704e-02 1.87033710e+04].
2019-10-28 17:47:00,585 - INFO - Finished optomization, results are [-35.863300860869 array([ 0.47328455, 66.03425544])].
2019-10-28 17:47:00,586 - INFO - Beginning optimization with guess, [5.52714429e-02 4.39041514e+04].
2019-10-28 17:47:18,412 - INFO - Finished optomization, results are [-35.86329215559158 array([ 0.47328711, 66.03315427])].
2019-10-28 17:47:18,415 - INFO - Beginning optimization with guess, [6.75277043e-02 7.11370195e+04].
2019-10-28 17:47:32,870 - INFO - Finished optomization, results are [-35.8633007687406 array([ 0.47328458, 66.0342444 ])].
2019-10-28 17:47:32,872 - INFO - Beginning optimization with guess, [6.93292938e-02 2.21446281e+04].
2019-10-28 17:47:53,675 - INFO - Finished optomization, results are [-35.8629732910797 array([ 0.47333843, 66.04631214])].
2019-10-28 17:47:53,675 - INFO - Beginning optimization with guess, [1.42872229e-01 3.85062193e+04].
2019-10-28 17:48:06,154 - INFO - Finished optomization, results are [-35.86302711002622 array([ 0.47336626, 65.99932917])].
2019-10-28 17:48:06,155 - INFO - Beginning optimization with guess, [1.23396755e-01 3.66536489e+04].
2019-10-28 17:48:18,828 - INFO - Finished optomization, results are [-35.86330078421793 array([ 0.47328457, 66.03424743])].
2019-10-28 17:48:18,829 - INFO - Beginning optimization with guess, [1.13062612e-01 5.51852803e+04].
2019-10-28 17:48:34,668 - INFO - Finished optomization, results are [-35.86327764571706 array([ 0.47329147, 66.0312451 ])].
2019-10-28 17:48:34,671 - INFO - Beginning optimization with guess, [4.83844634e-02 6.24387897e+04].
2019-10-28 17:48:40,414 - INFO - Finished optomization, results are [-35.86330085223403 array([ 0.47328455, 66.03425423])].
2019-10-28 17:48:40,415 - INFO - Beginning optimization with guess, [1.75382796e-01 2.34031695e+04].
2019-10-28 17:48:55,067 - INFO - Finished optomization, results are [-35.86330011659402 array([ 0.47328479, 66.03414552])].
2019-10-28 17:48:55,069 - INFO - Beginning optimization with guess, [1.55946484e-01 6.05900882e+04].
2019-10-28 17:49:09,552 - INFO - Finished optomization, results are [-35.86330084032534 array([ 0.47328456, 66.03425246])].
2019-10-28 17:49:09,553 - INFO - Beginning optimization with guess, [6.83740991e-02 4.64055121e+04].
2019-10-28 17:49:25,995 - INFO - Finished optomization, results are [-35.863297157228544 array([ 0.47328564, 66.03378664])].
2019-10-28 17:49:25,998 - INFO - Beginning optimization with guess, [1.68383563e-01 1.88059805e+04].
2019-10-28 17:49:44,802 - INFO - Finished optomization, results are [-35.86329515117495 array([ 0.47328692, 66.03291376])].
2019-10-28 17:49:44,803 - INFO - Beginning optimization with guess, [5.59848939e-02 4.17282623e+04].
2019-10-28 17:50:06,599 - INFO - Finished optomization, results are [-35.86327267293632 array([ 0.47329228, 66.03121194])].
2019-10-28 17:50:06,600 - INFO - Beginning optimization with guess, [6.31094253e-02 5.54448651e+04].
2019-10-28 17:50:19,683 - INFO - Finished optomization, results are [-35.863300845214326 array([ 0.47328456, 66.0342529 ])].
2019-10-28 17:50:19,684 - INFO - Beginning optimization with guess, [6.80136711e-02 5.48700864e+04].
2019-10-28 17:50:37,904 - INFO - Finished optomization, results are [-35.86277404534644 array([ 0.47342782, 65.97920397])].
2019-10-28 17:50:37,905 - INFO - Beginning optimization with guess, [1.41464105e-01 2.45124735e+04].
2019-10-28 17:50:53,558 - INFO - Finished optomization, results are [-35.863261138093094 array([ 0.47329836, 66.02737406])].
2019-10-28 17:50:53,559 - INFO - Beginning optimization with guess, [5.75291270e-02 1.85004169e+04].
2019-10-28 17:51:11,602 - INFO - Finished optomization, results are [-35.86280917455633 array([ 0.47343042, 65.97301655])].
2019-10-28 17:51:11,604 - INFO - Beginning optimization with guess, [1.27478242e-01 2.29102009e+04].
2019-10-28 17:51:27,460 - INFO - Finished optomization, results are [-35.863300764368205 array([ 0.47328457, 66.0342526 ])].
2019-10-28 17:51:27,461 - INFO - Beginning optimization with guess, [9.61906094e-02 6.31200193e+04].
2019-10-28 17:51:31,623 - INFO - Finished optomization, results are [-35.863300879878125 array([ 0.47328455, 66.03425672])].
2019-10-28 17:51:31,624 - INFO - Beginning optimization with guess, [1.11445292e-01 5.20181823e+04].
2019-10-28 17:51:36,182 - INFO - Finished optomization, results are [-35.86330085236 array([ 0.47328455, 66.03425417])].
2019-10-28 17:51:36,182 - INFO - Beginning optimization with guess, [7.94393459e-02 1.97363033e+04].
2019-10-28 17:51:41,343 - INFO - Finished optomization, results are [-35.863300853076 array([ 0.47328455, 66.03425435])].
2019-10-28 17:51:41,344 - INFO - Beginning optimization with guess, [6.37391796e-02 6.62860711e+04].
2019-10-28 17:51:50,857 - INFO - Finished optomization, results are [-35.8632788852874 array([ 0.47329056, 66.03190028])].
2019-10-28 17:51:50,857 - INFO - Beginning optimization with guess, [9.77029364e-02 3.63186160e+04].
2019-10-28 17:52:06,311 - INFO - Finished optomization, results are [-35.86329920144385 array([ 0.47328665, 66.03259231])].
2019-10-28 17:52:06,312 - INFO - Beginning optimization with guess, [1.05449315e-01 6.69140965e+04].
2019-10-28 17:52:25,333 - INFO - Finished optomization, results are [-35.863265460813636 array([ 0.47329822, 66.02692178])].
2019-10-28 17:52:25,334 - INFO - Beginning optimization with guess, [1.43703530e-01 3.64229227e+04].
2019-10-28 17:52:41,375 - INFO - Finished optomization, results are [-35.863273117546214 array([ 0.47329261, 66.0308524 ])].
2019-10-28 17:52:41,376 - INFO - Beginning optimization with guess, [1.39162253e-01 3.88548704e+04].
2019-10-28 17:52:55,051 - INFO - Finished optomization, results are [-35.86330027694862 array([ 0.47328472, 66.03418051])].
2019-10-28 17:52:55,052 - INFO - Beginning optimization with guess, [5.20581428e-02 3.28639028e+04].
2019-10-28 17:53:11,303 - INFO - Finished optomization, results are [-35.8633006800776 array([ 0.4732846 , 66.03423525])].
2019-10-28 17:53:11,304 - INFO - Beginning optimization with guess, [1.51147176e-01 4.05191355e+04].
2019-10-28 17:53:27,098 - INFO - Finished optomization, results are [-35.86317046702311 array([ 0.47329722, 66.04443497])].
2019-10-28 17:53:27,101 - INFO - Beginning optimization with guess, [4.96391466e-02 3.78028249e+04].
2019-10-28 17:53:47,116 - INFO - Finished optomization, results are [-35.86313515533266 array([ 0.47333274, 66.01404313])].
2019-10-28 17:53:47,117 - INFO - Beginning optimization with guess, [9.82685817e-02 2.10251510e+04].
2019-10-28 17:54:01,771 - INFO - Finished optomization, results are [-35.86330078566061 array([ 0.47328457, 66.03424658])].
2019-10-28 17:54:01,771 - INFO - Beginning optimization with guess, [6.60775661e-02 2.33779144e+04].
2019-10-28 17:54:16,029 - INFO - Finished optomization, results are [-35.86278604449535 array([ 0.47343313, 65.9734611 ])].
2019-10-28 17:54:16,030 - INFO - Beginning optimization with guess, [7.85110196e-02 4.24657612e+04].
2019-10-28 17:54:20,592 - INFO - Finished optomization, results are [-35.863300874848164 array([ 0.47328455, 66.03425627])].
2019-10-28 17:54:20,593 - INFO - Beginning optimization with guess, [1.27274410e-01 2.51658267e+04].
2019-10-28 17:54:25,154 - INFO - Finished optomization, results are [-35.863300862504275 array([ 0.47328455, 66.03425559])].
2019-10-28 17:54:25,155 - INFO - Beginning optimization with guess, [1.22286429e-01 2.59069584e+04].
2019-10-28 17:54:45,966 - INFO - Finished optomization, results are [-35.86316715718749 array([ 0.47332122, 66.01985517])].
2019-10-28 17:54:45,968 - INFO - Beginning optimization with guess, [1.79187866e-01 3.10450370e+04].
2019-10-28 17:55:01,814 - INFO - Finished optomization, results are [-35.863290336246564 array([ 0.47328731, 66.03323392])].
2019-10-28 17:55:01,815 - INFO - Beginning optimization with guess, [5.35543243e-02 2.15101207e+04].
2019-10-28 17:55:06,768 - INFO - Finished optomization, results are [-35.86330082266545 array([ 0.47328456, 66.03425116])].
2019-10-28 17:55:06,768 - INFO - Beginning optimization with guess, [1.32508839e-01 5.94213881e+04].
2019-10-28 17:55:25,780 - INFO - Finished optomization, results are [-35.86326401625547 array([ 0.47329454, 66.03038344])].
2019-10-28 17:55:25,781 - INFO - Beginning optimization with guess, [7.39069852e-02 4.56314436e+04].
2019-10-28 17:55:30,932 - INFO - Finished optomization, results are [-35.863300850652195 array([ 0.47328455, 66.0342541 ])].
2019-10-28 17:55:30,933 - INFO - Beginning optimization with guess, [1.11869115e-01 3.18995964e+04].
2019-10-28 17:55:47,570 - INFO - Finished optomization, results are [-35.86329986633655 array([ 0.47328498, 66.03400514])].
2019-10-28 17:55:47,572 - INFO - Beginning optimization with guess, [8.07717414e-02 2.37647102e+04].
2019-10-28 17:55:52,524 - INFO - Finished optomization, results are [-35.863300852640805 array([ 0.47328455, 66.0342543 ])].
2019-10-28 17:55:52,524 - INFO - Beginning optimization with guess, [7.68548715e-02 4.07115123e+04].
2019-10-28 17:55:57,279 - INFO - Finished optomization, results are [-35.86330085206578 array([ 0.47328455, 66.0342542 ])].
2019-10-28 17:55:57,279 - INFO - Beginning optimization with guess, [1.47058427e-01 4.23308833e+04].
2019-10-28 17:56:12,921 - INFO - Finished optomization, results are [-35.863256027073476 array([ 0.47329628, 66.02992974])].
2019-10-28 17:56:12,924 - INFO - Beginning optimization with guess, [1.41358606e-01 2.53827159e+04].
2019-10-28 17:56:31,937 - INFO - Finished optomization, results are [-35.86330083928942 array([ 0.47328456, 66.03424952])].
2019-10-28 17:56:31,937 - INFO - Beginning optimization with guess, [5.55153937e-02 3.29902067e+04].
2019-10-28 17:56:47,972 - INFO - Finished optomization, results are [-35.86322721753004 array([ 0.4733072 , 66.02413958])].
2019-10-28 17:56:47,974 - INFO - Beginning optimization with guess, [8.59041689e-02 4.29891873e+04].
2019-10-28 17:57:03,435 - INFO - Finished optomization, results are [-35.863264110836326 array([ 0.4732951 , 66.02986139])].
2019-10-28 17:57:03,436 - INFO - Beginning optimization with guess, [9.08213539e-02 2.69774698e+04].
2019-10-28 17:57:08,189 - INFO - Finished optomization, results are [-35.863300852575094 array([ 0.47328455, 66.0342543 ])].
2019-10-28 17:57:08,190 - INFO - Beginning optimization with guess, [1.43090240e-01 2.09181814e+04].
2019-10-28 17:57:24,615 - INFO - Finished optomization, results are [-35.86325997516519 array([ 0.47329645, 66.02922507])].
2019-10-28 17:57:24,616 - INFO - Beginning optimization with guess, [1.78015603e-01 1.85744606e+04].
2019-10-28 17:57:29,764 - INFO - Finished optomization, results are [-35.863300868149054 array([ 0.47328455, 66.03425588])].
2019-10-28 17:57:29,765 - INFO - Beginning optimization with guess, [1.28437382e-01 2.42236502e+04].
2019-10-28 17:57:33,921 - INFO - Finished optomization, results are [-35.86330085247755 array([ 0.47328455, 66.0342543 ])].
2019-10-28 17:57:33,922 - INFO - Beginning optimization with guess, [6.65839543e-02 2.72526421e+04].
2019-10-28 17:57:38,674 - INFO - Finished optomization, results are [-35.86330094245977 array([ 0.47328453, 66.03426217])].
2019-10-28 17:57:38,674 - INFO - Beginning optimization with guess, [1.12764705e-01 1.86526814e+04].
2019-10-28 17:57:42,837 - INFO - Finished optomization, results are [-35.86330085118061 array([ 0.47328455, 66.03425408])].
2019-10-28 17:57:42,838 - INFO - Beginning optimization with guess, [1.67773354e-01 4.53522127e+04].
2019-10-28 17:58:03,833 - INFO - Finished optomization, results are [-35.862917951606505 array([ 0.47347391, 65.93392021])].
2019-10-28 17:58:03,835 - INFO - Beginning optimization with guess, [9.28612919e-02 1.82532752e+04].
2019-10-28 17:58:17,910 - INFO - Finished optomization, results are [-35.8632216042015 array([ 0.47332438, 66.01063251])].
2019-10-28 17:58:17,911 - INFO - Beginning optimization with guess, [5.16223772e-02 2.35105988e+04].
2019-10-28 17:58:36,932 - INFO - Finished optomization, results are [-35.86322978700491 array([ 0.47330503, 66.02570491])].
2019-10-28 17:58:36,934 - INFO - Beginning optimization with guess, [1.58115034e-01 6.25213163e+04].
2019-10-28 17:58:41,889 - INFO - Finished optomization, results are [-35.863300852256316 array([ 0.47328455, 66.03425427])].
2019-10-28 17:58:41,889 - INFO - Beginning optimization with guess, [9.68602210e-02 3.27317474e+04].
2019-10-28 17:58:56,354 - INFO - Finished optomization, results are [-35.863300787982325 array([ 0.47328457, 66.03424622])].
2019-10-28 17:58:56,356 - INFO - Beginning optimization with guess, [1.27163401e-01 2.79587999e+04].
2019-10-28 17:59:00,347 - INFO - Finished optomization, results are [-35.86330085901932 array([ 0.47328455, 66.03425489])].
2019-10-28 17:59:00,347 - INFO - Beginning optimization with guess, [1.00524022e-01 2.06073176e+04].
2019-10-28 17:59:16,992 - INFO - Finished optomization, results are [-35.863301182376745 array([ 0.47328507, 66.03374249])].
2019-10-28 17:59:16,993 - INFO - Beginning optimization with guess, [9.47238990e-02 2.98112414e+04].
2019-10-28 17:59:38,187 - INFO - Finished optomization, results are [-35.86327218076599 array([ 0.47328507, 66.03808127])].
2019-10-28 17:59:38,189 - INFO - Beginning optimization with guess, [1.56735570e-01 2.73027301e+04].
2019-10-28 17:59:54,234 - INFO - Finished optomization, results are [-35.8630646512529 array([ 0.4733493 , 66.00892996])].
2019-10-28 17:59:54,235 - INFO - Beginning optimization with guess, [1.32800228e-01 4.71224692e+04].
2019-10-28 18:00:13,656 - INFO - Finished optomization, results are [-35.855213598476894 array([ 0.47696474, 64.59110953])].
2019-10-28 18:00:13,657 - INFO - Beginning optimization with guess, [5.91004665e-02 6.18002599e+04].
2019-10-28 18:00:24,750 - INFO - Finished optomization, results are [-35.86327112712843 array([ 0.47329267, 66.03107578])].
2019-10-28 18:00:24,751 - INFO - Beginning optimization with guess, [7.59333816e-02 3.88886326e+04].
2019-10-28 18:00:29,702 - INFO - Finished optomization, results are [-35.86330085244799 array([ 0.47328455, 66.03425427])].
2019-10-28 18:00:29,703 - INFO - Beginning optimization with guess, [8.61703245e-02 4.61605323e+04].
2019-10-28 18:00:43,961 - INFO - Finished optomization, results are [-35.86330075056435 array([ 0.47328458, 66.03424401])].
2019-10-28 18:00:43,962 - INFO - Beginning optimization with guess, [5.84690019e-02 2.06346666e+04].
2019-10-28 18:01:00,198 - INFO - Finished optomization, results are [-35.86330071534235 array([ 0.47328458, 66.03424751])].
2019-10-28 18:01:00,199 - INFO - Beginning optimization with guess, [1.23695524e-01 3.75243331e+04].
2019-10-28 18:01:16,638 - INFO - Finished optomization, results are [-35.86328706650079 array([ 0.47328825, 66.0328432 ])].
2019-10-28 18:01:16,643 - INFO - Beginning optimization with guess, [8.90378411e-02 5.12978113e+04].
2019-10-28 18:01:29,677 - INFO - Finished optomization, results are [-35.86101628664983 array([ 0.47474024, 65.38389075])].
2019-10-28 18:01:29,679 - INFO - Beginning optimization with guess, [5.44472894e-02 6.18011974e+04].
2019-10-28 18:01:42,347 - INFO - Finished optomization, results are [-35.86329945443845 array([ 0.47328492, 66.03412204])].
2019-10-28 18:01:42,349 - INFO - Beginning optimization with guess, [9.11356902e-02 3.31388081e+04].
2019-10-28 18:01:47,304 - INFO - Finished optomization, results are [-35.86330085225654 array([ 0.47328455, 66.03425426])].
2019-10-28 18:01:47,304 - INFO - Beginning optimization with guess, [5.90177133e-01 7.74008712e-02 6.39642788e+04].
2019-10-28 18:02:40,775 - INFO - Finished optimization, results are [-35.825319090534094 array([ 0.09266833,  0.67170671, 47.63324421])].
2019-10-28 18:02:40,777 - INFO - Beginning optimization with guess, [9.90000000e-01 5.39028583e-02 2.02722737e+04].
2019-10-28 18:03:38,599 - INFO - Finished optimization, results are [-35.82159354419559 array([ 0.10892295,  0.72304308, 44.7388504 ])].
2019-10-28 18:03:38,601 - INFO - Beginning optimization with guess, [9.90000000e-01 6.02468610e-02 1.85367065e+04].
2019-10-28 18:04:34,529 - INFO - Finished optimization, results are [-35.819086730637764 array([ 0.12205361,  0.76896599, 42.50980341])].
2019-10-28 18:04:34,530 - INFO - Beginning optimization with guess, [8.80340630e-01 1.73781857e-01 4.47709520e+04].
2019-10-28 18:05:07,031 - INFO - Finished optimization, results are [-42.384360643154196 array([ 0.22901116,  0.99873245, 52.66060874])].
2019-10-28 18:05:07,032 - INFO - Beginning optimization with guess, [6.96702565e-01 1.73021140e-01 5.32816799e+04].
2019-10-28 18:05:35,153 - INFO - Finished optimization, results are [-37.012194266540746 array([ 0.1965202 ,  0.99381401, 42.43347256])].
2019-10-28 18:05:35,155 - INFO - Beginning optimization with guess, [9.90000000e-01 7.38860730e-02 2.40841382e+04].
2019-10-28 18:06:13,805 - INFO - Finished optimization, results are [-35.81169389976344 array([ 0.14347911,  0.86983967, 38.05244708])].
2019-10-28 18:06:13,806 - INFO - Beginning optimization with guess, [9.49774322e-01 4.83002361e-02 2.85110706e+04].
2019-10-28 18:06:45,831 - INFO - Finished optimization, results are [-35.82496228393029 array([ 0.09708939,  0.68298331, 47.16100095])].
2019-10-28 18:06:45,832 - INFO - Beginning optimization with guess, [7.70639161e-01 6.62084420e-02 2.32677970e+04].
2019-10-28 18:07:41,532 - INFO - Finished optimization, results are [-35.819946116997016 array([ 0.12456907,  0.77376954, 42.68609529])].
2019-10-28 18:07:41,535 - INFO - Beginning optimization with guess, [5.50444772e-01 8.03644753e-02 4.15101904e+04].
2019-10-28 18:08:17,621 - INFO - Finished optimization, results are [-35.81837477542604 array([ 0.12099965,  0.76628897, 42.58800969])].
2019-10-28 18:08:17,622 - INFO - Beginning optimization with guess, [9.90000000e-01 6.12429870e-02 2.58290575e+04].
2019-10-28 18:08:55,018 - INFO - Finished optimization, results are [-35.817535949475996 array([ 0.12379523,  0.77791197, 42.00571856])].
2019-10-28 18:08:55,019 - INFO - Beginning optimization with guess, [9.14640416e-01 5.01107846e-02 5.25714317e+04].
2019-10-28 18:10:07,694 - INFO - Finished optimization, results are [-35.82041234521171 array([ 0.11324314,  0.73819988, 43.94060167])].
2019-10-28 18:10:07,695 - INFO - Beginning optimization with guess, [9.90000000e-01 1.68759783e-01 2.15130395e+04].
2019-10-28 18:10:33,186 - INFO - Finished optimization, results are [-46.13036748700006 array([ 0.24282216,  0.9815491 , 69.40116358])].
2019-10-28 18:10:33,187 - INFO - Beginning optimization with guess, [9.21840055e-01 1.20041400e-01 1.81561197e+04].
2019-10-28 18:10:59,817 - INFO - Finished optimization, results are [-36.29322213193359 array([ 0.18581511,  0.98974369, 39.94147412])].
2019-10-28 18:10:59,818 - INFO - Beginning optimization with guess, [9.90000000e-01 1.73077390e-01 4.79894895e+04].
2019-10-28 18:11:29,251 - INFO - Finished optimization, results are [-35.809044254183846 array([ 0.15330311,  0.9268778 , 35.81455193])].
2019-10-28 18:11:29,252 - INFO - Beginning optimization with guess, [7.28037805e-01 1.11146670e-01 2.35658696e+04].
2019-10-28 18:12:11,832 - INFO - Finished optimization, results are [-35.84369756917977 array([ 0.17102758,  0.99851524, 35.12617458])].
2019-10-28 18:12:11,833 - INFO - Beginning optimization with guess, [6.24006717e-01 4.76777675e-02 2.33241102e+04].
2019-10-28 18:13:09,214 - INFO - Finished optimization, results are [-35.829145759663106 array([ 0.07848901,  0.6342089 , 49.93127112])].
2019-10-28 18:13:09,216 - INFO - Beginning optimization with guess, [9.90000000e-01 5.36680024e-02 3.33831541e+04].
2019-10-28 18:13:44,592 - INFO - Finished optimization, results are [-35.82233984915706 array([ 0.11320052,  0.73314639, 44.50106227])].
2019-10-28 18:13:44,594 - INFO - Beginning optimization with guess, [6.09631146e-01 1.50257433e-01 2.02180514e+04].
2019-10-28 18:14:37,534 - INFO - Finished optimization, results are [-35.80630448341367 array([ 0.15846269,  0.95724125, 34.9254743 ])].
2019-10-28 18:14:37,535 - INFO - Beginning optimization with guess, [7.64639738e-01 9.01217563e-02 2.56418857e+04].
2019-10-28 18:15:06,749 - INFO - Finished optimization, results are [-35.80655968184851 array([ 0.15790259,  0.95162836, 35.19287563])].
2019-10-28 18:15:06,751 - INFO - Beginning optimization with guess, [9.90000000e-01 6.45987213e-02 6.72456561e+04].
2019-10-28 18:15:40,065 - INFO - Finished optimization, results are [-35.81453207600089 array([ 0.13433941,  0.82269144, 40.05487038])].
2019-10-28 18:15:40,066 - INFO - Beginning optimization with guess, [9.90000000e-01 1.01279232e-01 6.37940307e+04].
2019-10-28 18:16:00,107 - INFO - Finished optimization, results are [-36.35287568634453 array([ 0.18658122,  0.99418282, 39.41383621])].
2019-10-28 18:16:00,109 - INFO - Beginning optimization with guess, [6.47440126e-01 1.43080048e-01 6.75939621e+04].
2019-10-28 18:16:27,305 - INFO - Finished optimization, results are [-36.45374483164369 array([ 0.18894575,  0.98956723, 41.02189776])].
2019-10-28 18:16:27,308 - INFO - Beginning optimization with guess, [9.90000000e-01 1.35872299e-01 4.58212220e+04].
2019-10-28 18:16:51,301 - INFO - Finished optimization, results are [-61.9395527409647 array([  0.2746799 ,   0.98417389, 100.13057371])].
2019-10-28 18:16:51,304 - INFO - Beginning optimization with guess, [5.64389905e-01 7.79232359e-02 2.00209668e+04].
2019-10-28 18:17:44,949 - INFO - Finished optimization, results are [-35.81576248690385 array([ 0.1299101 ,  0.80494567, 40.71472372])].
2019-10-28 18:17:44,950 - INFO - Beginning optimization with guess, [9.90000000e-01 8.31352427e-02 4.98796464e+04].
2019-10-28 18:18:20,761 - INFO - Finished optimization, results are [-35.806461130854586 array([ 0.15803391,  0.95379272, 35.0652072 ])].
2019-10-28 18:18:20,763 - INFO - Beginning optimization with guess, [9.90000000e-01 1.14583831e-01 6.65394472e+04].
2019-10-28 18:18:46,194 - INFO - Finished optimization, results are [-37.900333893350535 array([ 0.20664991,  0.99307068, 46.88152975])].
2019-10-28 18:18:46,208 - INFO - Beginning optimization with guess, [7.09270113e-01 6.12490438e-02 3.22552784e+04].
2019-10-28 18:19:43,384 - INFO - Finished optimization, results are [-35.820971583289065 array([ 0.11281807,  0.73743469, 43.9535118 ])].
2019-10-28 18:19:43,385 - INFO - Beginning optimization with guess, [9.90000000e-01 4.75958517e-02 5.52777690e+04].
2019-10-28 18:20:58,172 - INFO - Finished optimization, results are [-35.82305080703327 array([ 0.10280402,  0.70320041, 45.77534123])].
2019-10-28 18:20:58,173 - INFO - Beginning optimization with guess, [9.90000000e-01 4.72930249e-02 2.03668623e+04].
2019-10-28 18:21:35,014 - INFO - Finished optimization, results are [-35.8267894880571 array([ 0.09564738,  0.67617064, 47.82480512])].
2019-10-28 18:21:35,016 - INFO - Beginning optimization with guess, [9.90000000e-01 1.21871754e-01 4.97642180e+04].
2019-10-28 18:22:01,356 - INFO - Finished optimization, results are [-37.83156748261149 array([ 0.2060478 ,  0.9979415 , 47.05112853])].
2019-10-28 18:22:01,359 - INFO - Beginning optimization with guess, [8.02921351e-01 4.96655344e-02 3.49766646e+04].
2019-10-28 18:22:45,719 - INFO - Finished optimization, results are [-35.82997871679822 array([ 0.09537835,  0.67081444, 48.51681347])].
2019-10-28 18:22:45,721 - INFO - Beginning optimization with guess, [9.90000000e-01 1.45167536e-01 2.51379837e+04].
2019-10-28 18:23:12,257 - INFO - Finished optimization, results are [-61.35429667656331 array([ 0.27725997,  0.99694721, 83.51566622])].
2019-10-28 18:23:12,261 - INFO - Beginning optimization with guess, [9.90000000e-01 1.71485047e-01 3.30092439e+04].
2019-10-28 18:23:40,221 - INFO - Finished optimization, results are [-42.607069968799806 array([ 0.23295718,  0.98948662, 59.27959572])].
2019-10-28 18:23:40,223 - INFO - Beginning optimization with guess, [7.80860017e-01 6.47668562e-02 3.64174950e+04].
2019-10-28 18:24:13,934 - INFO - Finished optimization, results are [-35.818817380587916 array([ 0.12124762,  0.76565034, 42.77211582])].
2019-10-28 18:24:13,935 - INFO - Beginning optimization with guess, [9.90000000e-01 1.35837857e-01 6.06849100e+04].
2019-10-28 18:24:40,227 - INFO - Finished optimization, results are [-67.15201146205527 array([ 0.28664607,  0.99798877, 95.14225013])].
2019-10-28 18:24:40,228 - INFO - Beginning optimization with guess, [9.90000000e-01 5.13973762e-02 6.32731474e+04].
2019-10-28 18:25:41,185 - INFO - Finished optimization, results are [-35.82069739314784 array([ 0.11172268,  0.73328038, 44.14018827])].
2019-10-28 18:25:41,187 - INFO - Beginning optimization with guess, [7.51124296e-01 1.54260929e-01 5.41397920e+04].
2019-10-28 18:26:12,008 - INFO - Finished optimization, results are [-37.27539800957038 array([ 0.20025129,  0.99048484, 44.65776843])].
2019-10-28 18:26:12,009 - INFO - Beginning optimization with guess, [8.10560720e-01 1.67755508e-01 4.40403385e+04].
2019-10-28 18:26:35,314 - INFO - Finished optimization, results are [-47.07957666507991 array([ 0.20823568,  0.98534423, 58.65754965])].
2019-10-28 18:26:35,316 - INFO - Beginning optimization with guess, [5.82525558e-01 1.33520718e-01 3.49050082e+04].
2019-10-28 18:27:18,440 - INFO - Finished optimization, results are [-35.80496989377889 array([ 0.16198407,  0.98070522, 34.20172732])].
2019-10-28 18:27:18,442 - INFO - Beginning optimization with guess, [9.90000000e-01 1.69121123e-01 3.41688873e+04].
2019-10-28 18:27:50,358 - INFO - Finished optimization, results are [-42.25543919466713 array([ 0.23074042,  0.99792647, 59.6787219 ])].
2019-10-28 18:27:50,360 - INFO - Beginning optimization with guess, [9.90000000e-01 5.59554169e-02 3.57829934e+04].
2019-10-28 18:28:24,691 - INFO - Finished optimization, results are [-35.81915110300429 array([ 0.11848371,  0.75609502, 43.14168851])].
2019-10-28 18:28:24,692 - INFO - Beginning optimization with guess, [6.27739352e-01 8.91228016e-02 2.76417428e+04].
2019-10-28 18:29:12,535 - INFO - Finished optimization, results are [-35.80938569408113 array([ 0.15003462,  0.90374778, 36.85460157])].
2019-10-28 18:29:12,536 - INFO - Beginning optimization with guess, [5.54147378e-01 5.33838273e-02 2.16618052e+04].
2019-10-28 18:30:18,914 - INFO - Finished optimization, results are [-35.82221334523274 array([ 0.10590028,  0.7125861 , 45.30482922])].
2019-10-28 18:30:18,915 - INFO - Beginning optimization with guess, [6.72083820e-01 9.63280135e-02 1.85640315e+04].
2019-10-28 18:30:47,990 - INFO - Finished optimization, results are [-35.807158060190204 array([ 0.15635856,  0.94144575, 35.54197261])].
2019-10-28 18:30:47,991 - INFO - Beginning optimization with guess, [5.15085186e-01 8.39952829e-02 3.47668895e+04].
2019-10-28 18:31:41,729 - INFO - Finished optimization, results are [-35.81360458346444 array([ 0.13695601,  0.83696343, 39.34204638])].
2019-10-28 18:31:41,730 - INFO - Beginning optimization with guess, [8.04449719e-01 1.40436071e-01 2.35389695e+04].
2019-10-28 18:32:06,999 - INFO - Finished optimization, results are [-37.43796296845653 array([ 0.20179268,  0.98908717, 45.3108758 ])].
2019-10-28 18:32:07,000 - INFO - Beginning optimization with guess, [6.63158939e-01 5.88731508e-02 2.41688442e+04].
2019-10-28 18:32:46,234 - INFO - Finished optimization, results are [-35.82096135998063 array([ 0.11275319,  0.7344885 , 44.29496233])].
2019-10-28 18:32:46,236 - INFO - Beginning optimization with guess, [5.77839417e-01 4.76693654e-02 5.22774202e+04].
2019-10-28 18:33:43,337 - INFO - Finished optimization, results are [-35.82480548298918 array([ 0.09837725,  0.68728532, 46.88699391])].
2019-10-28 18:33:43,339 - INFO - Beginning optimization with guess, [8.81069842e-01 8.91673453e-02 4.33678621e+04].
2019-10-28 18:34:11,239 - INFO - Finished optimization, results are [-35.80535490895409 array([ 0.161119  ,  0.97304627, 34.4901644 ])].
2019-10-28 18:34:11,241 - INFO - Beginning optimization with guess, [6.50819345e-01 5.66937875e-02 3.98342365e+04].
2019-10-28 18:35:09,923 - INFO - Finished optimization, results are [-35.82270692359634 array([ 0.11088271,  0.72533686, 45.00113795])].
2019-10-28 18:35:09,924 - INFO - Beginning optimization with guess, [9.90000000e-01 7.29963771e-02 2.77070777e+04].
2019-10-28 18:36:10,382 - INFO - Finished optimization, results are [-35.81374514011509 array([ 0.1368999 ,  0.8372634 , 39.32864101])].
2019-10-28 18:36:10,384 - INFO - Beginning optimization with guess, [7.07223936e-01 6.68187688e-02 2.32890596e+04].
2019-10-28 18:37:16,250 - INFO - Finished optimization, results are [-35.81755733488194 array([ 0.12607129,  0.78582864, 41.78355131])].
2019-10-28 18:37:16,251 - INFO - Beginning optimization with guess, [7.13752084e-01 8.28883086e-02 5.75955996e+04].
2019-10-28 18:37:48,023 - INFO - Finished optimization, results are [-35.8083835239529 array([ 0.1532018 ,  0.9212614 , 36.27700389])].
2019-10-28 18:37:48,024 - INFO - Beginning optimization with guess, [5.03988024e-01 9.97857214e-02 6.42251948e+04].
2019-10-28 18:38:38,315 - INFO - Finished optimization, results are [-35.813860097491215 array([ 0.13624775,  0.8325392 , 39.58436548])].
2019-10-28 18:38:38,317 - INFO - Beginning optimization with guess, [9.90000000e-01 5.76166867e-02 4.43371601e+04].
2019-10-28 18:39:13,945 - INFO - Finished optimization, results are [-35.82113372663662 array([ 0.1207748 ,  0.75867939, 43.42882314])].
2019-10-28 18:39:13,945 - INFO - Beginning optimization with guess, [9.89006938e-01 1.63815613e-01 2.12809620e+04].
2019-10-28 18:39:38,424 - INFO - Finished optimization, results are [-750.7985926554979
 array([2.81292317e-01, 6.56615335e-01, 2.52791934e+04])].
2019-10-28 18:39:38,435 - INFO - Beginning optimization with guess, [9.90000000e-01 6.66917367e-02 4.70809972e+04].
2019-10-28 18:40:23,348 - INFO - Finished optimization, results are [-35.81482677926101 array([ 0.13577704,  0.82635351, 40.0917296 ])].
2019-10-28 18:40:23,350 - INFO - Beginning optimization with guess, [9.90000000e-01 8.78584819e-02 4.71457666e+04].
2019-10-28 18:40:51,706 - INFO - Finished optimization, results are [-35.80540037423452 array([ 0.1660073 ,  0.99841994, 34.00841152])].
2019-10-28 18:40:51,708 - INFO - Beginning optimization with guess, [9.90000000e-01 1.15973307e-01 2.37501359e+04].
2019-10-28 18:41:21,954 - INFO - Finished optimization, results are [-37.10948258874237 array([ 0.19743593,  0.99632476, 42.34735525])].
2019-10-28 18:41:21,955 - INFO - Beginning optimization with guess, [8.58828278e-01 1.52252797e-01 7.02421145e+04].
2019-10-28 18:41:49,798 - INFO - Finished optimization, results are [-37.67221234647309 array([ 0.20425023,  0.99409138, 45.3361789 ])].
2019-10-28 18:41:49,799 - INFO - Beginning optimization with guess, [9.90000000e-01 1.25370264e-01 3.64367417e+04].
2019-10-28 18:42:18,034 - INFO - Finished optimization, results are [-38.281031364836736 array([ 0.20905047,  0.99667035, 46.44281667])].
2019-10-28 18:42:18,035 - INFO - Beginning optimization with guess, [9.90000000e-01 1.45959609e-01 5.79650732e+04].
2019-10-28 18:42:44,118 - INFO - Finished optimization, results are [-41.57092081343035 array([ 0.22887118,  0.99749166, 55.05159022])].
2019-10-28 18:42:44,119 - INFO - Beginning optimization with guess, [8.95131373e-01 8.85983139e-02 6.21890277e+04].
2019-10-28 18:43:13,582 - INFO - Finished optimization, results are [-35.805280401079244 array([ 0.16171011,  0.97615459, 34.41327863])].
2019-10-28 18:43:13,584 - INFO - Beginning optimization with guess, [9.90000000e-01 1.59158424e-01 3.47965757e+04].
2019-10-28 18:43:41,687 - INFO - Finished optimization, results are [-37.51047724046953 array([ 0.20318346,  0.99710005, 44.80860323])].
2019-10-28 18:43:41,688 - INFO - Beginning optimization with guess, [8.26515397e-01 1.67304834e-01 4.98876939e+04].
2019-10-28 18:44:08,367 - INFO - Finished optimization, results are [-39.501335951975534 array([ 0.21785611,  0.99027989, 51.68986626])].
2019-10-28 18:44:08,369 - INFO - Beginning optimization with guess, [5.70017031e-01 1.38836007e-01 3.24980892e+04].
2019-10-28 18:44:29,700 - INFO - Finished optimization, results are [-35.89750416965967 array([ 0.17459839,  0.99641873, 36.2923108 ])].
2019-10-28 18:44:29,701 - INFO - Beginning optimization with guess, [9.90000000e-01 6.76458548e-02 1.86377326e+04].
2019-10-28 18:45:34,791 - INFO - Finished optimization, results are [-35.814898574855306 array([ 0.13318258,  0.81928594, 40.11980605])].
2019-10-28 18:45:34,792 - INFO - Beginning optimization with guess, [9.90000000e-01 5.14174416e-02 4.65185010e+04].
2019-10-28 18:46:12,811 - INFO - Finished optimization, results are [-35.82096224882207 array([ 0.11102173,  0.72965598, 44.42076227])].
2019-10-28 18:46:12,812 - INFO - Beginning optimization with guess, [9.90000000e-01 1.60062062e-01 2.27280007e+04].
2019-10-28 18:46:36,837 - INFO - Finished optimization, results are [-732.002517361532 array([2.81136142e-01, 6.17523068e-01, 2.68390514e+04])].
2019-10-28 18:46:36,838 - INFO - Beginning optimization with guess, [6.82163915e-01 9.85839689e-02 5.86133476e+04].
2019-10-28 18:47:12,493 - INFO - Finished optimization, results are [-35.80830689193954 array([ 0.15315979,  0.92217898, 36.17930057])].
2019-10-28 18:47:12,494 - INFO - Beginning optimization with guess, [6.98315652e-01 7.07054729e-02 2.17443707e+04].
2019-10-28 18:47:56,526 - INFO - Finished optimization, results are [-35.8168780800529 array([ 0.13155521,  0.80517973, 41.13354099])].
2019-10-28 18:47:56,528 - INFO - Beginning optimization with guess, [7.34922897e-01 1.38720755e-01 3.37395051e+04].
2019-10-28 18:48:27,623 - INFO - Finished optimization, results are [-36.54983930510707 array([ 0.19019959,  0.99070333, 40.9204254 ])].
2019-10-28 18:48:27,625 - INFO - Beginning optimization with guess, [9.90000000e-01 1.21974334e-01 3.44723601e+04].
2019-10-28 18:48:57,772 - INFO - Finished optimization, results are [-37.7696495688474 array([ 0.20388626,  0.99854698, 44.07838674])].
2019-10-28 18:48:57,773 - INFO - Beginning optimization with guess, [5.26818997e-01 1.51821906e-01 7.02519598e+04].
2019-10-28 18:49:27,916 - INFO - Finished optimization, results are [-42.27111921089545 array([ 0.23151748,  0.99141968, 57.31349699])].
2019-10-28 18:49:27,918 - INFO - Beginning optimization with guess, [8.10904836e-01 1.50254440e-01 5.56595539e+04].
2019-10-28 18:50:01,423 - INFO - Finished optimization, results are [-37.5994345351412 array([ 0.2038277 ,  0.99822289, 44.70993623])].
2019-10-28 18:50:01,425 - INFO - Beginning optimization with guess, [9.90000000e-01 1.34425717e-01 1.91092732e+04].
2019-10-28 18:50:28,570 - INFO - Finished optimization, results are [-40.03995233787214 array([ 0.22069672,  0.99838573, 50.78140826])].
2019-10-28 18:50:28,571 - INFO - Beginning optimization with guess, [9.90000000e-01 1.67988899e-01 3.21290445e+04].
2019-10-28 18:50:55,306 - INFO - Finished optimization, results are [-44.5902002005987 array([ 0.23076153,  0.98631396, 65.26207006])].
2019-10-28 18:50:55,308 - INFO - Beginning optimization with guess, [8.95631382e-01 1.39063014e-01 5.96155328e+04].
2019-10-28 18:51:19,026 - INFO - Finished optimization, results are [-38.46335297039559 array([ 0.20846551,  0.98760926, 46.6082484 ])].
2019-10-28 18:51:19,029 - INFO - Beginning optimization with guess, [9.18192970e-01 1.54544337e-01 3.08845228e+04].
2019-10-28 18:51:50,086 - INFO - Finished optimization, results are [-40.43153292149054 array([ 0.20265511,  0.99494841, 50.53293145])].
2019-10-28 18:51:50,087 - INFO - Beginning optimization with guess, [9.9000000e-01 6.0277366e-02 3.3072716e+04].
2019-10-28 18:52:50,356 - INFO - Finished optimization, results are [-35.81737135602725 array([ 0.12456486,  0.78175454, 41.80829175])].
2019-10-28 18:52:50,358 - INFO - Beginning optimization with guess, [5.95958907e-01 5.73739518e-02 3.35404245e+04].
2019-10-28 18:53:34,932 - INFO - Finished optimization, results are [-35.82070396888412 array([ 0.11173004,  0.73322943, 44.15103766])].
2019-10-28 18:53:34,934 - INFO - Beginning optimization with guess, [6.23754497e-01 1.64407378e-01 5.80884203e+04].
2019-10-28 18:53:59,016 - INFO - Finished optimization, results are [-41.99535679672681 array([ 0.22243852,  0.99023674, 58.94339382])].
2019-10-28 18:53:59,019 - INFO - Beginning optimization with guess, [5.62915860e-01 1.66462853e-01 6.33157464e+04].
2019-10-28 18:54:25,274 - INFO - Finished optimization, results are [-39.8628714498177 array([ 0.21917477,  0.99295659, 50.7032493 ])].
2019-10-28 18:54:25,277 - INFO - Beginning optimization with guess, [8.76062871e-01 1.25663373e-01 6.92118542e+04].
2019-10-28 18:54:49,941 - INFO - Finished optimization, results are [-38.54538259789433 array([ 0.20156156,  0.99762892, 41.69871648])].
2019-10-28 18:54:49,942 - INFO - Beginning optimization with guess, [9.90000000e-01 1.35628654e-01 4.17547009e+04].
2019-10-28 18:55:16,122 - INFO - Finished optimization, results are [-59.103301978261015 array([ 0.27187672,  0.97009696, 84.97616093])].
2019-10-28 18:55:16,123 - INFO - Beginning optimization with guess, [9.90000000e-01 1.00693675e-01 2.22419135e+04].
2019-10-28 18:55:45,270 - INFO - Finished optimization, results are [-36.122177089136585 array([ 0.18216713,  0.99422534, 38.41581925])].
2019-10-28 18:55:45,271 - INFO - Beginning optimization with guess, [7.00622884e-01 7.90467875e-02 2.68385903e+04].
2019-10-28 18:56:44,297 - INFO - Finished optimization, results are [-35.81062257377198 array([ 0.14683914,  0.88614426, 37.51165539])].
2019-10-28 18:56:44,298 - INFO - Beginning optimization with guess, [9.90000000e-01 1.47590111e-01 2.02184195e+04].
2019-10-28 18:57:07,249 - INFO - Finished optimization, results are [-59.54332225696703 array([ 0.27368135,  0.97775859, 87.72874823])].
2019-10-28 18:57:07,250 - INFO - Beginning optimization with guess, [9.90000000e-01 4.53403150e-02 4.73338099e+04].
2019-10-28 18:58:04,773 - INFO - Finished optimization, results are [-35.82525038480071 array([ 0.09367883,  0.67488094, 47.4374707 ])].
2019-10-28 18:58:04,776 - INFO - Beginning optimization with guess, [5.57361685e-01 6.54283278e-02 2.47791785e+04].
2019-10-28 18:58:56,959 - INFO - Finished optimization, results are [-35.816267420370195 array([ 0.12815384,  0.79692836, 41.09527   ])].
2019-10-28 18:58:56,960 - INFO - Beginning optimization with guess, [9.09840647e-01 1.22968608e-01 4.19497093e+04].
2019-10-28 18:59:24,601 - INFO - Finished optimization, results are [-37.074941502239426 array([ 0.19597261,  0.98938626, 42.37075809])].
2019-10-28 18:59:24,603 - INFO - Beginning optimization with guess, [9.90000000e-01 6.28177682e-02 1.87556458e+04].
2019-10-28 19:00:18,732 - INFO - Finished optimization, results are [-35.816926129076364 array([ 0.12574591,  0.78706738, 41.50814411])].
2019-10-28 19:00:18,733 - INFO - Beginning optimization with guess, [9.90000000e-01 6.81605203e-02 5.56667547e+04].
2019-10-28 19:00:54,970 - INFO - Finished optimization, results are [-35.81450280295985 array([ 0.13426974,  0.82287916, 40.02613335])].
2019-10-28 19:00:54,971 - INFO - Beginning optimization with guess, [8.29797881e-01 7.22867018e-02 5.97390037e+04].
2019-10-28 19:01:42,016 - INFO - Finished optimization, results are [-35.81246568298661 array([ 0.14072386,  0.85459769, 38.69054438])].
2019-10-28 19:01:42,018 - INFO - Beginning optimization with guess, [9.90000000e-01 8.65560329e-02 1.92660406e+04].
2019-10-28 19:02:10,588 - INFO - Finished optimization, results are [-35.805962763147136 array([ 0.1595084 ,  0.96211383, 34.849824  ])].
2019-10-28 19:02:10,589 - INFO - Beginning optimization with guess, [9.90000000e-01 9.35701864e-02 2.15622982e+04].
2019-10-28 19:02:53,040 - INFO - Finished optimization, results are [-35.810086470511806 array([ 0.16699832,  0.99721396, 34.27847621])].
2019-10-28 19:02:53,041 - INFO - Beginning optimization with guess, [9.21928955e-01 8.50164494e-02 5.72579707e+04].
2019-10-28 19:03:41,479 - INFO - Finished optimization, results are [-35.80472276823252 array([ 0.16269644,  0.98683406, 33.97353002])].
2019-10-28 19:03:41,481 - INFO - Beginning optimization with guess, [5.72170743e-01 9.39022595e-02 3.81754378e+04].
2019-10-28 19:04:40,346 - INFO - Finished optimization, results are [-35.827397051373964 array([ 0.08686491,  0.65324894, 49.01175969])].
2019-10-28 19:04:40,347 - INFO - Beginning optimization with guess, [5.31378428e-01 1.65164346e-01 3.71920132e+04].
2019-10-28 19:05:10,769 - INFO - Finished optimization, results are [-41.34964841435567 array([ 0.22529965,  0.97157887, 56.30877023])].
2019-10-28 19:05:10,772 - INFO - Beginning optimization with guess, [9.90000000e-01 1.38782785e-01 3.62468017e+04].
2019-10-28 19:05:36,812 - INFO - Finished optimization, results are [-56.545772312863846 array([ 0.26676095,  0.99099131, 89.15981218])].
2019-10-28 19:05:36,822 - INFO - Beginning optimization with guess, [9.90000000e-01 8.30676055e-02 2.23436906e+04].
2019-10-28 19:05:38,867 - INFO - Finished optimization, results are [-5525.119231884068
 array([9.90000000e-01, 8.30676055e-02, 2.23436906e+04])].
2019-10-28 19:05:38,867 - INFO - Beginning optimization with guess, [9.90000000e-01 9.71820729e-02 1.92164227e+04].
2019-10-28 19:05:40,915 - INFO - Finished optimization, results are [-5518.722431042512
 array([9.90000000e-01, 9.71820729e-02, 1.92164227e+04])].
2019-10-28 19:05:40,915 - INFO - Beginning optimization with guess, [9.90000000e-01 1.57917513e-01 6.12625996e+04].
2019-10-28 19:05:42,965 - INFO - Finished optimization, results are [-5488.525953068775
 array([9.90000000e-01, 1.57917513e-01, 6.12625996e+04])].
2019-10-28 19:05:42,968 - INFO - Beginning optimization with guess, [9.90000000e-01 1.10827011e-01 3.01848169e+04].
2019-10-28 19:05:45,021 - INFO - Finished optimization, results are [-5509.622914489651
 array([9.90000000e-01, 1.10827011e-01, 3.01848169e+04])].
2019-10-28 19:05:45,022 - INFO - Beginning optimization with guess, [9.90000000e-01 5.27293020e-02 2.43156548e+04].
2019-10-28 19:05:47,071 - INFO - Finished optimization, results are [-5543.641328007622
 array([9.90000000e-01, 5.27293020e-02, 2.43156548e+04])].
2019-10-28 19:05:47,072 - INFO - Finished DFE inference.
2019-10-28 19:05:47,072 - INFO - Integrating expected site-frequency spectrum.
2019-10-28 19:05:47,319 - INFO - Outputing results.
2019-10-28 19:05:47,333 - INFO - Pipeline executed succesfully.
