2021-01-11 09:29:17,815 - INFO - Beginning execution of fitdadi_infer_DFE.py in directory /u/project/ngarud/jonmah/lohmueller_lab/Scripts

2021-01-11 09:29:17,815 - INFO - Progress is being logged to ../Data/20201208_eduardo_sfs/AW_n14_norel/log.log

2021-01-11 09:29:17,815 - INFO - Parsed the following arguments:
	breed = AW
	outprefix = ../Data/20201208_eduardo_sfs/AW_n14_norel/
	nonsyn_input_sfs = ../Data/20201208_eduardo_sfs/AW.n14.NS.norel.sfs
	syn_input_sfs = ../Data/20201208_eduardo_sfs/AW.n14.S.norel.sfs

2021-01-11 09:29:17,821 - INFO - Beginning optimization with guess, [0.58606678 0.13104645].
2021-01-11 09:29:20,299 - INFO - Finished optimization with guess, [0.58606678 0.13104645].
2021-01-11 09:29:20,300 - INFO - Best fit parameters: [0.14745535 0.03741552].
2021-01-11 09:29:20,384 - INFO - Maximum log composite likelihood: -73.728713706.
2021-01-11 09:29:20,384 - INFO - Optimal value of theta: 7169.89026872.
2021-01-11 09:29:20,385 - INFO - Beginning optimization with guess, [0.46704201 0.16064328].
2021-01-11 09:29:22,637 - INFO - Finished optimization with guess, [0.46704201 0.16064328].
2021-01-11 09:29:22,638 - INFO - Best fit parameters: [0.10259502 0.0225031 ].
2021-01-11 09:29:22,720 - INFO - Maximum log composite likelihood: -68.7083440021.
2021-01-11 09:29:22,720 - INFO - Optimal value of theta: 7069.58480984.
2021-01-11 09:29:22,721 - INFO - Beginning optimization with guess, [0.3202998 0.1493307].
2021-01-11 09:29:25,001 - INFO - Finished optimization with guess, [0.3202998 0.1493307].
2021-01-11 09:29:25,001 - INFO - Best fit parameters: [0.12817631 0.02985889].
2021-01-11 09:29:25,084 - INFO - Maximum log composite likelihood: -70.9187014859.
2021-01-11 09:29:25,084 - INFO - Optimal value of theta: 7084.39218374.
2021-01-11 09:29:25,084 - INFO - Beginning optimization with guess, [0.94523844 0.09632724].
2021-01-11 09:29:27,664 - INFO - Finished optimization with guess, [0.94523844 0.09632724].
2021-01-11 09:29:27,665 - INFO - Best fit parameters: [0.17212695 0.04865885].
2021-01-11 09:29:27,750 - INFO - Maximum log composite likelihood: -80.1044415216.
2021-01-11 09:29:27,751 - INFO - Optimal value of theta: 7273.81393499.
2021-01-11 09:29:27,751 - INFO - Beginning optimization with guess, [0.68684121 0.14886518].
2021-01-11 09:29:30,489 - INFO - Finished optimization with guess, [0.68684121 0.14886518].
2021-01-11 09:29:30,490 - INFO - Best fit parameters: [0.17044864 0.04736057].
2021-01-11 09:29:30,602 - INFO - Maximum log composite likelihood: -79.6102368035.
2021-01-11 09:29:30,603 - INFO - Optimal value of theta: 7247.0161985.
2021-01-11 09:29:30,606 - INFO - Finished demographic inference.
2021-01-11 09:29:30,606 - INFO - Beginning DFE inference.
2021-01-11 09:32:21,604 - INFO - Beginning optimization with guess, [1.34507025e-03 7.92960629e+04].
2021-01-11 09:32:26,935 - INFO - Finished optomization, results are [-184.00630636429787 array([9.82347622, 0.18671997])].
2021-01-11 09:32:26,935 - INFO - Beginning optimization with guess, [1.35900865e-03 1.16338939e+05].
2021-01-11 09:32:32,256 - INFO - Finished optomization, results are [-184.01433268159417 array([9.81545608, 0.1868627 ])].
2021-01-11 09:32:32,267 - INFO - Beginning optimization with guess, [1.40118217e-03 1.83348094e+05].
2021-01-11 09:32:37,925 - INFO - Finished optomization, results are [-184.0650517352301 array([9.87666641, 0.1853703 ])].
2021-01-11 09:32:37,926 - INFO - Finished DFE inference.
2021-01-11 09:32:37,926 - INFO - Integrating expected site-frequency spectrum.
2021-01-11 09:32:37,926 - INFO - Outputing results.
2021-01-11 09:32:37,959 - INFO - Pipeline executed succesfully.
