2019-08-01 09:08:52,887 - INFO - Beginning execution of fitdadi_infer_DFE.py in directory /u/home/j/jonmah/lohmueller_lab/Scripts

2019-08-01 09:08:52,888 - INFO - Progress is being logged to ../Data/AW_array_2000/seed_74_fitdadi_output/log.log

2019-08-01 09:08:52,888 - INFO - Parsed the following arguments:
	breed = AW
	outprefix = ../Data/AW_array_2000/seed_74_fitdadi_output/
	nonsyn_input_sfs = ../Data/AW_array_2000/seed_74_easySFS_output_nonsyn/dadi/pop1.sfs
	syn_input_sfs = ../Data/AW_array_2000/seed_74_easySFS_output_syn/dadi/pop1.sfs

2019-08-01 09:08:52,889 - INFO - Beginning optimization with guess, [0.41999627 0.06589461].
2019-08-01 09:08:53,648 - INFO - Finished optimization with guess, [0.41999627 0.06589461].
2019-08-01 09:08:53,648 - INFO - Best fit parameters: [0.08507874 0.0032025 ].
2019-08-01 09:08:53,655 - INFO - Maximum log composite likelihood: -24.3220522213.
2019-08-01 09:08:53,656 - INFO - Optimal value of theta: 56.8744946666.
2019-08-01 09:08:53,656 - INFO - Beginning optimization with guess, [0.65849331 0.05498282].
2019-08-01 09:08:54,488 - INFO - Finished optimization with guess, [0.65849331 0.05498282].
2019-08-01 09:08:54,488 - INFO - Best fit parameters: [0.08831556 0.00334173].
2019-08-01 09:08:54,495 - INFO - Maximum log composite likelihood: -24.3220463251.
2019-08-01 09:08:54,496 - INFO - Optimal value of theta: 56.8793694494.
2019-08-01 09:08:54,496 - INFO - Beginning optimization with guess, [0.63421916 0.06964002].
2019-08-01 09:08:55,285 - INFO - Finished optimization with guess, [0.63421916 0.06964002].
2019-08-01 09:08:55,285 - INFO - Best fit parameters: [0.09300556 0.00352324].
2019-08-01 09:08:55,292 - INFO - Maximum log composite likelihood: -24.3220748149.
2019-08-01 09:08:55,293 - INFO - Optimal value of theta: 56.861039194.
2019-08-01 09:08:55,293 - INFO - Beginning optimization with guess, [0.40740613 0.11857498].
2019-08-01 09:08:56,190 - INFO - Finished optimization with guess, [0.40740613 0.11857498].
2019-08-01 09:08:56,191 - INFO - Best fit parameters: [0.07411189 0.00276021].
2019-08-01 09:08:56,198 - INFO - Maximum log composite likelihood: -24.3220812362.
2019-08-01 09:08:56,199 - INFO - Optimal value of theta: 56.885337248.
2019-08-01 09:08:56,199 - INFO - Beginning optimization with guess, [0.5041292  0.13068327].
2019-08-01 09:08:56,972 - INFO - Finished optimization with guess, [0.5041292  0.13068327].
2019-08-01 09:08:56,973 - INFO - Best fit parameters: [0.07559843 0.00280809].
2019-08-01 09:08:56,980 - INFO - Maximum log composite likelihood: -24.3220885815.
2019-08-01 09:08:56,980 - INFO - Optimal value of theta: 56.8676359598.
2019-08-01 09:08:56,980 - INFO - Beginning optimization with guess, [0.77653096 0.12529787].
2019-08-01 09:08:57,797 - INFO - Finished optimization with guess, [0.77653096 0.12529787].
2019-08-01 09:08:57,797 - INFO - Best fit parameters: [0.08740241 0.00328623].
2019-08-01 09:08:57,804 - INFO - Maximum log composite likelihood: -24.3220763861.
2019-08-01 09:08:57,804 - INFO - Optimal value of theta: 56.8587601147.
2019-08-01 09:08:57,804 - INFO - Beginning optimization with guess, [0.3142162  0.07098689].
2019-08-01 09:08:58,824 - INFO - Finished optimization with guess, [0.3142162  0.07098689].
2019-08-01 09:08:58,824 - INFO - Best fit parameters: [0.08268093 0.00309083].
2019-08-01 09:08:58,831 - INFO - Maximum log composite likelihood: -24.3220822378.
2019-08-01 09:08:58,831 - INFO - Optimal value of theta: 56.8588340231.
2019-08-01 09:08:58,831 - INFO - Beginning optimization with guess, [0.83731584 0.08227872].
2019-08-01 09:08:59,897 - INFO - Finished optimization with guess, [0.83731584 0.08227872].
2019-08-01 09:08:59,898 - INFO - Best fit parameters: [0.08629116 0.00326235].
2019-08-01 09:08:59,905 - INFO - Maximum log composite likelihood: -24.3220452133.
2019-08-01 09:08:59,905 - INFO - Optimal value of theta: 56.8858659238.
2019-08-01 09:08:59,905 - INFO - Beginning optimization with guess, [0.89575046 0.17803106].
2019-08-01 09:09:00,767 - INFO - Finished optimization with guess, [0.89575046 0.17803106].
2019-08-01 09:09:00,767 - INFO - Best fit parameters: [0.07902399 0.00296091].
2019-08-01 09:09:00,774 - INFO - Maximum log composite likelihood: -24.3220604907.
2019-08-01 09:09:00,775 - INFO - Optimal value of theta: 56.8855537383.
2019-08-01 09:09:00,775 - INFO - Beginning optimization with guess, [0.68315231 0.05932638].
2019-08-01 09:09:01,690 - INFO - Finished optimization with guess, [0.68315231 0.05932638].
2019-08-01 09:09:01,690 - INFO - Best fit parameters: [0.08428678 0.0031562 ].
2019-08-01 09:09:01,698 - INFO - Maximum log composite likelihood: -24.3220818169.
2019-08-01 09:09:01,698 - INFO - Optimal value of theta: 56.8577717957.
2019-08-01 09:09:01,699 - INFO - Beginning optimization with guess, [0.53616873 0.10743562].
2019-08-01 09:09:02,602 - INFO - Finished optimization with guess, [0.53616873 0.10743562].
2019-08-01 09:09:02,604 - INFO - Best fit parameters: [0.08373007 0.00315552].
2019-08-01 09:09:02,610 - INFO - Maximum log composite likelihood: -24.3220484236.
2019-08-01 09:09:02,611 - INFO - Optimal value of theta: 56.8857910766.
2019-08-01 09:09:02,611 - INFO - Beginning optimization with guess, [0.49910538 0.05141386].
2019-08-01 09:09:03,593 - INFO - Finished optimization with guess, [0.49910538 0.05141386].
2019-08-01 09:09:03,594 - INFO - Best fit parameters: [0.08198548 0.00305948].
2019-08-01 09:09:03,601 - INFO - Maximum log composite likelihood: -24.3220925796.
2019-08-01 09:09:03,601 - INFO - Optimal value of theta: 56.8552864505.
2019-08-01 09:09:03,601 - INFO - Beginning optimization with guess, [0.37557332 0.10460121].
2019-08-01 09:09:04,378 - INFO - Finished optimization with guess, [0.37557332 0.10460121].
2019-08-01 09:09:04,378 - INFO - Best fit parameters: [0.07876701 0.002937  ].
2019-08-01 09:09:04,385 - INFO - Maximum log composite likelihood: -24.322076071.
2019-08-01 09:09:04,386 - INFO - Optimal value of theta: 56.8675677049.
2019-08-01 09:09:04,386 - INFO - Beginning optimization with guess, [0.64371056 0.08328347].
2019-08-01 09:09:05,047 - INFO - Finished optimization with guess, [0.64371056 0.08328347].
2019-08-01 09:09:05,048 - INFO - Best fit parameters: [0.09410552 0.00355786].
2019-08-01 09:09:05,055 - INFO - Maximum log composite likelihood: -24.3221118768.
2019-08-01 09:09:05,056 - INFO - Optimal value of theta: 56.8479238188.
2019-08-01 09:09:05,056 - INFO - Beginning optimization with guess, [0.30217208 0.13678736].
2019-08-01 09:09:05,941 - INFO - Finished optimization with guess, [0.30217208 0.13678736].
2019-08-01 09:09:05,941 - INFO - Best fit parameters: [0.07196442 0.00269051].
2019-08-01 09:09:05,948 - INFO - Maximum log composite likelihood: -24.322119147.
2019-08-01 09:09:05,949 - INFO - Optimal value of theta: 56.9109284124.
2019-08-01 09:09:05,949 - INFO - Beginning optimization with guess, [0.87258576 0.15638835].
2019-08-01 09:09:06,832 - INFO - Finished optimization with guess, [0.87258576 0.15638835].
2019-08-01 09:09:06,832 - INFO - Best fit parameters: [0.09151986 0.00348256].
2019-08-01 09:09:06,839 - INFO - Maximum log composite likelihood: -24.3220463225.
2019-08-01 09:09:06,840 - INFO - Optimal value of theta: 56.8859924196.
2019-08-01 09:09:06,840 - INFO - Beginning optimization with guess, [0.51343441 0.05069391].
2019-08-01 09:09:07,583 - INFO - Finished optimization with guess, [0.51343441 0.05069391].
2019-08-01 09:09:07,583 - INFO - Best fit parameters: [0.07688172 0.00285523].
2019-08-01 09:09:07,590 - INFO - Maximum log composite likelihood: -24.3220958953.
2019-08-01 09:09:07,590 - INFO - Optimal value of theta: 56.8607596766.
2019-08-01 09:09:07,591 - INFO - Beginning optimization with guess, [0.30629545 0.12525797].
2019-08-01 09:09:08,315 - INFO - Finished optimization with guess, [0.30629545 0.12525797].
2019-08-01 09:09:08,315 - INFO - Best fit parameters: [0.07355302 0.00273641].
2019-08-01 09:09:08,322 - INFO - Maximum log composite likelihood: -24.3220843196.
2019-08-01 09:09:08,323 - INFO - Optimal value of theta: 56.883677476.
2019-08-01 09:09:08,323 - INFO - Beginning optimization with guess, [0.32152915 0.08713918].
2019-08-01 09:09:09,344 - INFO - Finished optimization with guess, [0.32152915 0.08713918].
2019-08-01 09:09:09,344 - INFO - Best fit parameters: [0.07822783 0.00290204].
2019-08-01 09:09:09,351 - INFO - Maximum log composite likelihood: -24.3221189365.
2019-08-01 09:09:09,352 - INFO - Optimal value of theta: 56.8499836939.
2019-08-01 09:09:09,352 - INFO - Beginning optimization with guess, [0.53977326 0.16211195].
2019-08-01 09:09:10,228 - INFO - Finished optimization with guess, [0.53977326 0.16211195].
2019-08-01 09:09:10,228 - INFO - Best fit parameters: [0.07417971 0.0027633 ].
2019-08-01 09:09:10,235 - INFO - Maximum log composite likelihood: -24.3220808753.
2019-08-01 09:09:10,235 - INFO - Optimal value of theta: 56.8858099971.
2019-08-01 09:09:10,236 - INFO - Beginning optimization with guess, [0.6337983  0.17106179].
2019-08-01 09:09:11,093 - INFO - Finished optimization with guess, [0.6337983  0.17106179].
2019-08-01 09:09:11,093 - INFO - Best fit parameters: [0.07526833 0.00279515].
2019-08-01 09:09:11,101 - INFO - Maximum log composite likelihood: -24.3220891388.
2019-08-01 09:09:11,101 - INFO - Optimal value of theta: 56.8682498502.
2019-08-01 09:09:11,101 - INFO - Beginning optimization with guess, [0.98417872 0.12099953].
2019-08-01 09:09:12,166 - INFO - Finished optimization with guess, [0.98417872 0.12099953].
2019-08-01 09:09:12,167 - INFO - Best fit parameters: [0.08570565 0.00323806].
2019-08-01 09:09:12,174 - INFO - Maximum log composite likelihood: -24.3220457298.
2019-08-01 09:09:12,174 - INFO - Optimal value of theta: 56.8860818405.
2019-08-01 09:09:12,174 - INFO - Beginning optimization with guess, [0.32958867 0.12690291].
2019-08-01 09:09:13,175 - INFO - Finished optimization with guess, [0.32958867 0.12690291].
2019-08-01 09:09:13,175 - INFO - Best fit parameters: [0.08818691 0.00334184].
2019-08-01 09:09:13,182 - INFO - Maximum log composite likelihood: -24.3220444091.
2019-08-01 09:09:13,183 - INFO - Optimal value of theta: 56.8858934816.
2019-08-01 09:09:13,183 - INFO - Beginning optimization with guess, [0.31748657 0.08902846].
2019-08-01 09:09:14,117 - INFO - Finished optimization with guess, [0.31748657 0.08902846].
2019-08-01 09:09:14,117 - INFO - Best fit parameters: [0.08397399 0.00314567].
2019-08-01 09:09:14,124 - INFO - Maximum log composite likelihood: -24.3220754965.
2019-08-01 09:09:14,125 - INFO - Optimal value of theta: 56.8607519932.
2019-08-01 09:09:14,125 - INFO - Beginning optimization with guess, [0.73134791 0.05454179].
2019-08-01 09:09:14,821 - INFO - Finished optimization with guess, [0.73134791 0.05454179].
2019-08-01 09:09:14,825 - INFO - Best fit parameters: [0.08587644 0.00323958].
2019-08-01 09:09:14,832 - INFO - Maximum log composite likelihood: -24.3220475997.
2019-08-01 09:09:14,832 - INFO - Optimal value of theta: 56.8792399222.
2019-08-01 09:09:14,832 - INFO - Beginning optimization with guess, [0.94756512 0.06594066].
2019-08-01 09:09:15,556 - INFO - Finished optimization with guess, [0.94756512 0.06594066].
2019-08-01 09:09:15,556 - INFO - Best fit parameters: [0.12772101 0.00511176].
2019-08-01 09:09:15,563 - INFO - Maximum log composite likelihood: -24.3223911307.
2019-08-01 09:09:15,563 - INFO - Optimal value of theta: 56.9029146787.
2019-08-01 09:09:15,564 - INFO - Beginning optimization with guess, [0.27942615 0.05293771].
2019-08-01 09:09:16,391 - INFO - Finished optimization with guess, [0.27942615 0.05293771].
2019-08-01 09:09:16,392 - INFO - Best fit parameters: [0.07234636 0.00267013].
2019-08-01 09:09:16,399 - INFO - Maximum log composite likelihood: -24.3221243936.
2019-08-01 09:09:16,399 - INFO - Optimal value of theta: 56.8577914316.
2019-08-01 09:09:16,399 - INFO - Beginning optimization with guess, [0.78406482 0.06756957].
2019-08-01 09:09:17,231 - INFO - Finished optimization with guess, [0.78406482 0.06756957].
2019-08-01 09:09:17,232 - INFO - Best fit parameters: [0.09363336 0.00357236].
2019-08-01 09:09:17,239 - INFO - Maximum log composite likelihood: -24.3220497878.
2019-08-01 09:09:17,239 - INFO - Optimal value of theta: 56.8859966398.
2019-08-01 09:09:17,239 - INFO - Beginning optimization with guess, [0.50065062 0.15235901].
2019-08-01 09:09:18,290 - INFO - Finished optimization with guess, [0.50065062 0.15235901].
2019-08-01 09:09:18,290 - INFO - Best fit parameters: [0.0837549  0.00313547].
2019-08-01 09:09:18,297 - INFO - Maximum log composite likelihood: -24.322079085.
2019-08-01 09:09:18,298 - INFO - Optimal value of theta: 56.8593054443.
2019-08-01 09:09:18,298 - INFO - Beginning optimization with guess, [0.66050265 0.06297371].
2019-08-01 09:09:19,345 - INFO - Finished optimization with guess, [0.66050265 0.06297371].
2019-08-01 09:09:19,345 - INFO - Best fit parameters: [0.08371916 0.00315508].
2019-08-01 09:09:19,352 - INFO - Maximum log composite likelihood: -24.3220484418.
2019-08-01 09:09:19,353 - INFO - Optimal value of theta: 56.8858091371.
2019-08-01 09:09:19,353 - INFO - Beginning optimization with guess, [0.26465738 0.16907193].
2019-08-01 09:09:20,413 - INFO - Finished optimization with guess, [0.26465738 0.16907193].
2019-08-01 09:09:20,414 - INFO - Best fit parameters: [0.08243236 0.0030813 ].
2019-08-01 09:09:20,421 - INFO - Maximum log composite likelihood: -24.3220807355.
2019-08-01 09:09:20,421 - INFO - Optimal value of theta: 56.8597244561.
2019-08-01 09:09:20,421 - INFO - Beginning optimization with guess, [0.44582462 0.19586242].
2019-08-01 09:09:21,158 - INFO - Finished optimization with guess, [0.44582462 0.19586242].
2019-08-01 09:09:21,158 - INFO - Best fit parameters: [0.0869888  0.00327305].
2019-08-01 09:09:21,165 - INFO - Maximum log composite likelihood: -24.3220662975.
2019-08-01 09:09:21,166 - INFO - Optimal value of theta: 56.8636158222.
2019-08-01 09:09:21,166 - INFO - Beginning optimization with guess, [0.5218296  0.07083601].
2019-08-01 09:09:22,044 - INFO - Finished optimization with guess, [0.5218296  0.07083601].
2019-08-01 09:09:22,044 - INFO - Best fit parameters: [0.08309217 0.0031081 ].
2019-08-01 09:09:22,051 - INFO - Maximum log composite likelihood: -24.322080422.
2019-08-01 09:09:22,052 - INFO - Optimal value of theta: 56.859257346.
2019-08-01 09:09:22,052 - INFO - Beginning optimization with guess, [0.47283923 0.1570669 ].
2019-08-01 09:09:22,938 - INFO - Finished optimization with guess, [0.47283923 0.1570669 ].
2019-08-01 09:09:22,939 - INFO - Best fit parameters: [0.071598 0.002659].
2019-08-01 09:09:22,946 - INFO - Maximum log composite likelihood: -24.3220949089.
2019-08-01 09:09:22,946 - INFO - Optimal value of theta: 56.8860628899.
2019-08-01 09:09:22,946 - INFO - Beginning optimization with guess, [0.7156576  0.06994335].
2019-08-01 09:09:23,635 - INFO - Finished optimization with guess, [0.7156576  0.06994335].
2019-08-01 09:09:23,635 - INFO - Best fit parameters: [0.07050151 0.00262382].
2019-08-01 09:09:23,642 - INFO - Maximum log composite likelihood: -24.3221096411.
2019-08-01 09:09:23,643 - INFO - Optimal value of theta: 56.8997540076.
2019-08-01 09:09:23,643 - INFO - Beginning optimization with guess, [0.8201207  0.05814483].
2019-08-01 09:09:24,432 - INFO - Finished optimization with guess, [0.8201207  0.05814483].
2019-08-01 09:09:24,432 - INFO - Best fit parameters: [0.0869867  0.00329097].
2019-08-01 09:09:24,439 - INFO - Maximum log composite likelihood: -24.3220447897.
2019-08-01 09:09:24,439 - INFO - Optimal value of theta: 56.8852794113.
2019-08-01 09:09:24,440 - INFO - Beginning optimization with guess, [0.84548704 0.11247672].
2019-08-01 09:09:25,295 - INFO - Finished optimization with guess, [0.84548704 0.11247672].
2019-08-01 09:09:25,295 - INFO - Best fit parameters: [0.08538314 0.00321059].
2019-08-01 09:09:25,302 - INFO - Maximum log composite likelihood: -24.3220587633.
2019-08-01 09:09:25,302 - INFO - Optimal value of theta: 56.8688820085.
2019-08-01 09:09:25,303 - INFO - Beginning optimization with guess, [0.63453341 0.19569687].
2019-08-01 09:09:26,248 - INFO - Finished optimization with guess, [0.63453341 0.19569687].
2019-08-01 09:09:26,249 - INFO - Best fit parameters: [0.07594118 0.00283469].
2019-08-01 09:09:26,256 - INFO - Maximum log composite likelihood: -24.3220725634.
2019-08-01 09:09:26,256 - INFO - Optimal value of theta: 56.8854486308.
2019-08-01 09:09:26,256 - INFO - Beginning optimization with guess, [0.84488739 0.09639363].
2019-08-01 09:09:27,049 - INFO - Finished optimization with guess, [0.84488739 0.09639363].
2019-08-01 09:09:27,049 - INFO - Best fit parameters: [0.08937232 0.00338549].
2019-08-01 09:09:27,057 - INFO - Maximum log composite likelihood: -24.3220469446.
2019-08-01 09:09:27,058 - INFO - Optimal value of theta: 56.8786281832.
2019-08-01 09:09:27,058 - INFO - Beginning optimization with guess, [0.3146297 0.1302077].
2019-08-01 09:09:27,899 - INFO - Finished optimization with guess, [0.3146297 0.1302077].
2019-08-01 09:09:27,899 - INFO - Best fit parameters: [0.08363321 0.00313089].
2019-08-01 09:09:27,906 - INFO - Maximum log composite likelihood: -24.3220780423.
2019-08-01 09:09:27,907 - INFO - Optimal value of theta: 56.8598609099.
2019-08-01 09:09:27,907 - INFO - Beginning optimization with guess, [0.36562419 0.10896048].
2019-08-01 09:09:28,792 - INFO - Finished optimization with guess, [0.36562419 0.10896048].
2019-08-01 09:09:28,792 - INFO - Best fit parameters: [0.0629969  0.00231476].
2019-08-01 09:09:28,799 - INFO - Maximum log composite likelihood: -24.3221566093.
2019-08-01 09:09:28,799 - INFO - Optimal value of theta: 56.8845937166.
2019-08-01 09:09:28,799 - INFO - Beginning optimization with guess, [0.54803233 0.13163678].
2019-08-01 09:09:29,616 - INFO - Finished optimization with guess, [0.54803233 0.13163678].
2019-08-01 09:09:29,616 - INFO - Best fit parameters: [0.08235043 0.00309945].
2019-08-01 09:09:29,623 - INFO - Maximum log composite likelihood: -24.3220511837.
2019-08-01 09:09:29,624 - INFO - Optimal value of theta: 56.887274082.
2019-08-01 09:09:29,624 - INFO - Beginning optimization with guess, [0.34676618 0.10166868].
2019-08-01 09:09:30,483 - INFO - Finished optimization with guess, [0.34676618 0.10166868].
2019-08-01 09:09:30,485 - INFO - Best fit parameters: [0.07840102 0.00290981].
2019-08-01 09:09:30,492 - INFO - Maximum log composite likelihood: -24.3221152778.
2019-08-01 09:09:30,492 - INFO - Optimal value of theta: 56.8509846328.
2019-08-01 09:09:30,492 - INFO - Beginning optimization with guess, [0.95051205 0.14790007].
2019-08-01 09:09:31,293 - INFO - Finished optimization with guess, [0.95051205 0.14790007].
2019-08-01 09:09:31,293 - INFO - Best fit parameters: [0.09226429 0.00349318].
2019-08-01 09:09:31,300 - INFO - Maximum log composite likelihood: -24.3220708145.
2019-08-01 09:09:31,300 - INFO - Optimal value of theta: 56.8624254445.
2019-08-01 09:09:31,300 - INFO - Beginning optimization with guess, [0.54531614 0.05922648].
2019-08-01 09:09:32,048 - INFO - Finished optimization with guess, [0.54531614 0.05922648].
2019-08-01 09:09:32,048 - INFO - Best fit parameters: [0.08912508 0.00335475].
2019-08-01 09:09:32,055 - INFO - Maximum log composite likelihood: -24.3220860404.
2019-08-01 09:09:32,055 - INFO - Optimal value of theta: 56.8548071186.
2019-08-01 09:09:32,056 - INFO - Beginning optimization with guess, [0.25078726 0.07273518].
2019-08-01 09:09:32,870 - INFO - Finished optimization with guess, [0.25078726 0.07273518].
2019-08-01 09:09:32,870 - INFO - Best fit parameters: [0.07402721 0.00275788].
2019-08-01 09:09:32,877 - INFO - Maximum log composite likelihood: -24.3220816724.
2019-08-01 09:09:32,877 - INFO - Optimal value of theta: 56.8869195564.
2019-08-01 09:09:32,877 - INFO - Beginning optimization with guess, [0.41932233 0.17391423].
2019-08-01 09:09:33,909 - INFO - Finished optimization with guess, [0.41932233 0.17391423].
2019-08-01 09:09:33,909 - INFO - Best fit parameters: [0.0874867  0.00330081].
2019-08-01 09:09:33,916 - INFO - Maximum log composite likelihood: -24.3220530211.
2019-08-01 09:09:33,916 - INFO - Optimal value of theta: 56.8719952465.
2019-08-01 09:09:33,917 - INFO - Beginning optimization with guess, [0.88869748 0.0938813 ].
2019-08-01 09:09:34,711 - INFO - Finished optimization with guess, [0.88869748 0.0938813 ].
2019-08-01 09:09:34,711 - INFO - Best fit parameters: [0.08316351 0.00312392].
2019-08-01 09:09:34,718 - INFO - Maximum log composite likelihood: -24.3220542402.
2019-08-01 09:09:34,719 - INFO - Optimal value of theta: 56.8755774252.
2019-08-01 09:09:34,719 - INFO - Beginning optimization with guess, [0.80369899 0.10951522].
2019-08-01 09:09:35,558 - INFO - Finished optimization with guess, [0.80369899 0.10951522].
2019-08-01 09:09:35,559 - INFO - Best fit parameters: [0.08158919 0.00306676].
2019-08-01 09:09:35,566 - INFO - Maximum log composite likelihood: -24.3220529367.
2019-08-01 09:09:35,566 - INFO - Optimal value of theta: 56.8857501706.
2019-08-01 09:09:35,566 - INFO - Beginning optimization with guess, [0.4882473  0.08595896].
2019-08-01 09:09:36,401 - INFO - Finished optimization with guess, [0.4882473  0.08595896].
2019-08-01 09:09:36,403 - INFO - Best fit parameters: [0.08424302 0.00316266].
2019-08-01 09:09:36,409 - INFO - Maximum log composite likelihood: -24.3220614983.
2019-08-01 09:09:36,409 - INFO - Optimal value of theta: 56.8680852194.
2019-08-01 09:09:36,409 - INFO - Beginning optimization with guess, [0.27671851 0.09770762].
2019-08-01 09:09:37,117 - INFO - Finished optimization with guess, [0.27671851 0.09770762].
2019-08-01 09:09:37,120 - INFO - Best fit parameters: [0.08684807 0.00327563].
2019-08-01 09:09:37,126 - INFO - Maximum log composite likelihood: -24.3220513161.
2019-08-01 09:09:37,126 - INFO - Optimal value of theta: 56.8737842534.
2019-08-01 09:09:37,126 - INFO - Beginning optimization with guess, [0.31622499 0.17063335].
2019-08-01 09:09:37,934 - INFO - Finished optimization with guess, [0.31622499 0.17063335].
2019-08-01 09:09:37,934 - INFO - Best fit parameters: [0.06680436 0.00247771].
2019-08-01 09:09:37,941 - INFO - Maximum log composite likelihood: -24.3221404387.
2019-08-01 09:09:37,942 - INFO - Optimal value of theta: 56.9037870496.
2019-08-01 09:09:37,942 - INFO - Beginning optimization with guess, [0.25958647 0.05966337].
2019-08-01 09:09:38,889 - INFO - Finished optimization with guess, [0.25958647 0.05966337].
2019-08-01 09:09:38,890 - INFO - Best fit parameters: [0.08873886 0.00336508].
2019-08-01 09:09:38,897 - INFO - Maximum log composite likelihood: -24.3220444301.
2019-08-01 09:09:38,897 - INFO - Optimal value of theta: 56.8859272695.
2019-08-01 09:09:38,897 - INFO - Beginning optimization with guess, [0.61660107 0.1857174 ].
2019-08-01 09:09:39,706 - INFO - Finished optimization with guess, [0.61660107 0.1857174 ].
2019-08-01 09:09:39,707 - INFO - Best fit parameters: [0.06753703 0.00251027].
2019-08-01 09:09:39,714 - INFO - Maximum log composite likelihood: -24.3221439251.
2019-08-01 09:09:39,714 - INFO - Optimal value of theta: 56.9088639047.
2019-08-01 09:09:39,715 - INFO - Beginning optimization with guess, [0.96631097 0.12202619].
2019-08-01 09:09:40,583 - INFO - Finished optimization with guess, [0.96631097 0.12202619].
2019-08-01 09:09:40,584 - INFO - Best fit parameters: [0.0891618  0.00335938].
2019-08-01 09:09:40,591 - INFO - Maximum log composite likelihood: -24.3220769568.
2019-08-01 09:09:40,591 - INFO - Optimal value of theta: 56.8584383652.
2019-08-01 09:09:40,591 - INFO - Beginning optimization with guess, [0.33458477 0.15278832].
2019-08-01 09:09:41,420 - INFO - Finished optimization with guess, [0.33458477 0.15278832].
2019-08-01 09:09:41,420 - INFO - Best fit parameters: [0.08901463 0.00336674].
2019-08-01 09:09:41,427 - INFO - Maximum log composite likelihood: -24.3220503902.
2019-08-01 09:09:41,428 - INFO - Optimal value of theta: 56.8742805403.
2019-08-01 09:09:41,428 - INFO - Beginning optimization with guess, [0.81697048 0.09025697].
2019-08-01 09:09:42,230 - INFO - Finished optimization with guess, [0.81697048 0.09025697].
2019-08-01 09:09:42,230 - INFO - Best fit parameters: [0.09234431 0.00348788].
2019-08-01 09:09:42,237 - INFO - Maximum log composite likelihood: -24.3220944761.
2019-08-01 09:09:42,238 - INFO - Optimal value of theta: 56.8526670024.
2019-08-01 09:09:42,238 - INFO - Beginning optimization with guess, [0.66718026 0.06259194].
2019-08-01 09:09:43,040 - INFO - Finished optimization with guess, [0.66718026 0.06259194].
2019-08-01 09:09:43,040 - INFO - Best fit parameters: [0.08517711 0.00319689].
2019-08-01 09:09:43,047 - INFO - Maximum log composite likelihood: -24.322070023.
2019-08-01 09:09:43,048 - INFO - Optimal value of theta: 56.8625451654.
2019-08-01 09:09:43,048 - INFO - Beginning optimization with guess, [0.93885416 0.16645656].
2019-08-01 09:09:43,926 - INFO - Finished optimization with guess, [0.93885416 0.16645656].
2019-08-01 09:09:43,927 - INFO - Best fit parameters: [0.09660585 0.00366062].
2019-08-01 09:09:43,934 - INFO - Maximum log composite likelihood: -24.3221295307.
2019-08-01 09:09:43,934 - INFO - Optimal value of theta: 56.8445568356.
2019-08-01 09:09:43,934 - INFO - Beginning optimization with guess, [0.63165944 0.12597957].
2019-08-01 09:09:44,675 - INFO - Finished optimization with guess, [0.63165944 0.12597957].
2019-08-01 09:09:44,675 - INFO - Best fit parameters: [0.0839036 0.0031413].
2019-08-01 09:09:44,683 - INFO - Maximum log composite likelihood: -24.3220797124.
2019-08-01 09:09:44,683 - INFO - Optimal value of theta: 56.8589224842.
2019-08-01 09:09:44,683 - INFO - Beginning optimization with guess, [0.31714054 0.18351406].
2019-08-01 09:09:45,650 - INFO - Finished optimization with guess, [0.31714054 0.18351406].
2019-08-01 09:09:45,650 - INFO - Best fit parameters: [0.08500101 0.00320834].
2019-08-01 09:09:45,657 - INFO - Maximum log composite likelihood: -24.3220465336.
2019-08-01 09:09:45,657 - INFO - Optimal value of theta: 56.8856927883.
2019-08-01 09:09:45,658 - INFO - Beginning optimization with guess, [0.37175983 0.17990577].
2019-08-01 09:09:46,471 - INFO - Finished optimization with guess, [0.37175983 0.17990577].
2019-08-01 09:09:46,471 - INFO - Best fit parameters: [0.08817321 0.00333315].
2019-08-01 09:09:46,479 - INFO - Maximum log composite likelihood: -24.3220485027.
2019-08-01 09:09:46,479 - INFO - Optimal value of theta: 56.8762831873.
2019-08-01 09:09:46,479 - INFO - Beginning optimization with guess, [0.57297271 0.13065896].
2019-08-01 09:09:47,371 - INFO - Finished optimization with guess, [0.57297271 0.13065896].
2019-08-01 09:09:47,371 - INFO - Best fit parameters: [0.08977428 0.00339067].
2019-08-01 09:09:47,378 - INFO - Maximum log composite likelihood: -24.3220635863.
2019-08-01 09:09:47,379 - INFO - Optimal value of theta: 56.86500561.
2019-08-01 09:09:47,379 - INFO - Beginning optimization with guess, [0.42739468 0.05224417].
2019-08-01 09:09:48,455 - INFO - Finished optimization with guess, [0.42739468 0.05224417].
2019-08-01 09:09:48,456 - INFO - Best fit parameters: [0.0846116  0.00319222].
2019-08-01 09:09:48,463 - INFO - Maximum log composite likelihood: -24.3220470461.
2019-08-01 09:09:48,463 - INFO - Optimal value of theta: 56.8858306332.
2019-08-01 09:09:48,463 - INFO - Beginning optimization with guess, [0.52369809 0.19499568].
2019-08-01 09:09:49,287 - INFO - Finished optimization with guess, [0.52369809 0.19499568].
2019-08-01 09:09:49,287 - INFO - Best fit parameters: [0.08820152 0.00334242].
2019-08-01 09:09:49,294 - INFO - Maximum log composite likelihood: -24.322044409.
2019-08-01 09:09:49,295 - INFO - Optimal value of theta: 56.8858543515.
2019-08-01 09:09:49,295 - INFO - Beginning optimization with guess, [0.37021272 0.18324712].
2019-08-01 09:09:50,213 - INFO - Finished optimization with guess, [0.37021272 0.18324712].
2019-08-01 09:09:50,213 - INFO - Best fit parameters: [0.07009031 0.00259773].
2019-08-01 09:09:50,220 - INFO - Maximum log composite likelihood: -24.3221041077.
2019-08-01 09:09:50,221 - INFO - Optimal value of theta: 56.885212753.
2019-08-01 09:09:50,221 - INFO - Beginning optimization with guess, [0.66732213 0.17736256].
2019-08-01 09:09:51,048 - INFO - Finished optimization with guess, [0.66732213 0.17736256].
2019-08-01 09:09:51,049 - INFO - Best fit parameters: [0.0836063  0.00313577].
2019-08-01 09:09:51,057 - INFO - Maximum log composite likelihood: -24.3220636117.
2019-08-01 09:09:51,057 - INFO - Optimal value of theta: 56.8674138733.
2019-08-01 09:09:51,057 - INFO - Beginning optimization with guess, [0.80602532 0.07247524].
2019-08-01 09:09:51,873 - INFO - Finished optimization with guess, [0.80602532 0.07247524].
2019-08-01 09:09:51,874 - INFO - Best fit parameters: [0.08707261 0.00327949].
2019-08-01 09:09:51,881 - INFO - Maximum log composite likelihood: -24.3220600074.
2019-08-01 09:09:51,881 - INFO - Optimal value of theta: 56.8671577958.
2019-08-01 09:09:51,881 - INFO - Beginning optimization with guess, [0.89080413 0.15050626].
2019-08-01 09:09:52,681 - INFO - Finished optimization with guess, [0.89080413 0.15050626].
2019-08-01 09:09:52,682 - INFO - Best fit parameters: [0.09666174 0.00367431].
2019-08-01 09:09:52,689 - INFO - Maximum log composite likelihood: -24.322093666.
2019-08-01 09:09:52,689 - INFO - Optimal value of theta: 56.8566389431.
2019-08-01 09:09:52,690 - INFO - Beginning optimization with guess, [0.47440348 0.05577728].
2019-08-01 09:09:53,573 - INFO - Finished optimization with guess, [0.47440348 0.05577728].
2019-08-01 09:09:53,573 - INFO - Best fit parameters: [0.08531001 0.00321896].
2019-08-01 09:09:53,580 - INFO - Maximum log composite likelihood: -24.3220466062.
2019-08-01 09:09:53,581 - INFO - Optimal value of theta: 56.8829066486.
2019-08-01 09:09:53,581 - INFO - Beginning optimization with guess, [0.79142037 0.06441355].
2019-08-01 09:09:54,531 - INFO - Finished optimization with guess, [0.79142037 0.06441355].
2019-08-01 09:09:54,531 - INFO - Best fit parameters: [0.08569859 0.00323756].
2019-08-01 09:09:54,539 - INFO - Maximum log composite likelihood: -24.3220457412.
2019-08-01 09:09:54,539 - INFO - Optimal value of theta: 56.8858370538.
2019-08-01 09:09:54,539 - INFO - Beginning optimization with guess, [0.3575167 0.0902695].
2019-08-01 09:09:55,299 - INFO - Finished optimization with guess, [0.3575167 0.0902695].
2019-08-01 09:09:55,300 - INFO - Best fit parameters: [0.08440081 0.00315794].
2019-08-01 09:09:55,307 - INFO - Maximum log composite likelihood: -24.3220911958.
2019-08-01 09:09:55,307 - INFO - Optimal value of theta: 56.8540600125.
2019-08-01 09:09:55,307 - INFO - Beginning optimization with guess, [0.43735417 0.10360347].
2019-08-01 09:09:56,303 - INFO - Finished optimization with guess, [0.43735417 0.10360347].
2019-08-01 09:09:56,303 - INFO - Best fit parameters: [0.08878932 0.0033564 ].
2019-08-01 09:09:56,311 - INFO - Maximum log composite likelihood: -24.3220514462.
2019-08-01 09:09:56,311 - INFO - Optimal value of theta: 56.8732344747.
2019-08-01 09:09:56,311 - INFO - Beginning optimization with guess, [0.8691746  0.14488175].
2019-08-01 09:09:57,096 - INFO - Finished optimization with guess, [0.8691746  0.14488175].
2019-08-01 09:09:57,096 - INFO - Best fit parameters: [0.08301144 0.00311243].
2019-08-01 09:09:57,104 - INFO - Maximum log composite likelihood: -24.3220623404.
2019-08-01 09:09:57,104 - INFO - Optimal value of theta: 56.8689787586.
2019-08-01 09:09:57,104 - INFO - Beginning optimization with guess, [0.7664973  0.09611381].
2019-08-01 09:09:57,951 - INFO - Finished optimization with guess, [0.7664973  0.09611381].
2019-08-01 09:09:57,951 - INFO - Best fit parameters: [0.06499925 0.00239398].
2019-08-01 09:09:57,958 - INFO - Maximum log composite likelihood: -24.3221402978.
2019-08-01 09:09:57,958 - INFO - Optimal value of theta: 56.8845055535.
2019-08-01 09:09:57,959 - INFO - Beginning optimization with guess, [0.46813531 0.0871408 ].
2019-08-01 09:09:58,738 - INFO - Finished optimization with guess, [0.46813531 0.0871408 ].
2019-08-01 09:09:58,738 - INFO - Best fit parameters: [0.08795382 0.0033211 ].
2019-08-01 09:09:58,746 - INFO - Maximum log composite likelihood: -24.3220518504.
2019-08-01 09:09:58,746 - INFO - Optimal value of theta: 56.8728924866.
2019-08-01 09:09:58,746 - INFO - Beginning optimization with guess, [0.35385537 0.06654032].
2019-08-01 09:09:59,640 - INFO - Finished optimization with guess, [0.35385537 0.06654032].
2019-08-01 09:09:59,640 - INFO - Best fit parameters: [0.07762161 0.00288296].
2019-08-01 09:09:59,647 - INFO - Maximum log composite likelihood: -24.3221003296.
2019-08-01 09:09:59,648 - INFO - Optimal value of theta: 56.8575552767.
2019-08-01 09:09:59,648 - INFO - Beginning optimization with guess, [0.56601046 0.13160696].
2019-08-01 09:10:00,282 - INFO - Finished optimization with guess, [0.56601046 0.13160696].
2019-08-01 09:10:00,282 - INFO - Best fit parameters: [0.09523166 0.00361516].
2019-08-01 09:10:00,289 - INFO - Maximum log composite likelihood: -24.3220853066.
2019-08-01 09:10:00,290 - INFO - Optimal value of theta: 56.8584383921.
2019-08-01 09:10:00,290 - INFO - Beginning optimization with guess, [0.29396594 0.07491363].
2019-08-01 09:10:01,027 - INFO - Finished optimization with guess, [0.29396594 0.07491363].
2019-08-01 09:10:01,027 - INFO - Best fit parameters: [0.08497832 0.00318769].
2019-08-01 09:10:01,035 - INFO - Maximum log composite likelihood: -24.3220727377.
2019-08-01 09:10:01,035 - INFO - Optimal value of theta: 56.8613486753.
2019-08-01 09:10:01,035 - INFO - Beginning optimization with guess, [0.34955661 0.11438586].
2019-08-01 09:10:02,006 - INFO - Finished optimization with guess, [0.34955661 0.11438586].
2019-08-01 09:10:02,007 - INFO - Best fit parameters: [0.08533703 0.00320354].
2019-08-01 09:10:02,014 - INFO - Maximum log composite likelihood: -24.3220697831.
2019-08-01 09:10:02,014 - INFO - Optimal value of theta: 56.8625692961.
2019-08-01 09:10:02,014 - INFO - Beginning optimization with guess, [0.37480409 0.05595046].
2019-08-01 09:10:03,037 - INFO - Finished optimization with guess, [0.37480409 0.05595046].
2019-08-01 09:10:03,048 - INFO - Best fit parameters: [0.08506719 0.0031989 ].
2019-08-01 09:10:03,056 - INFO - Maximum log composite likelihood: -24.3220566823.
2019-08-01 09:10:03,056 - INFO - Optimal value of theta: 56.8706465077.
2019-08-01 09:10:03,056 - INFO - Beginning optimization with guess, [0.25578704 0.06192033].
2019-08-01 09:10:04,418 - INFO - Finished optimization with guess, [0.25578704 0.06192033].
2019-08-01 09:10:04,419 - INFO - Best fit parameters: [0.09467502 0.00358712].
2019-08-01 09:10:04,427 - INFO - Maximum log composite likelihood: -24.3220961844.
2019-08-01 09:10:04,427 - INFO - Optimal value of theta: 56.8536042808.
2019-08-01 09:10:04,427 - INFO - Beginning optimization with guess, [0.9416141  0.15710015].
2019-08-01 09:10:05,416 - INFO - Finished optimization with guess, [0.9416141  0.15710015].
2019-08-01 09:10:05,416 - INFO - Best fit parameters: [0.07111882 0.00263903].
2019-08-01 09:10:05,423 - INFO - Maximum log composite likelihood: -24.3220977797.
2019-08-01 09:10:05,424 - INFO - Optimal value of theta: 56.8850788204.
2019-08-01 09:10:05,424 - INFO - Beginning optimization with guess, [0.55546547 0.16326026].
2019-08-01 09:10:06,457 - INFO - Finished optimization with guess, [0.55546547 0.16326026].
2019-08-01 09:10:06,457 - INFO - Best fit parameters: [0.08135158 0.00306742].
2019-08-01 09:10:06,464 - INFO - Maximum log composite likelihood: -24.3220608275.
2019-08-01 09:10:06,465 - INFO - Optimal value of theta: 56.8993309357.
2019-08-01 09:10:06,465 - INFO - Beginning optimization with guess, [0.34782696 0.14157761].
2019-08-01 09:10:07,251 - INFO - Finished optimization with guess, [0.34782696 0.14157761].
2019-08-01 09:10:07,251 - INFO - Best fit parameters: [0.08507481 0.00319986].
2019-08-01 09:10:07,259 - INFO - Maximum log composite likelihood: -24.3220556505.
2019-08-01 09:10:07,259 - INFO - Optimal value of theta: 56.8714419051.
2019-08-01 09:10:07,260 - INFO - Beginning optimization with guess, [0.86897388 0.05354345].
2019-08-01 09:10:08,343 - INFO - Finished optimization with guess, [0.86897388 0.05354345].
2019-08-01 09:10:08,343 - INFO - Best fit parameters: [0.0857555  0.00323996].
2019-08-01 09:10:08,350 - INFO - Maximum log composite likelihood: -24.3220456842.
2019-08-01 09:10:08,351 - INFO - Optimal value of theta: 56.8858638709.
2019-08-01 09:10:08,351 - INFO - Beginning optimization with guess, [0.25942684 0.12430983].
2019-08-01 09:10:09,158 - INFO - Finished optimization with guess, [0.25942684 0.12430983].
2019-08-01 09:10:09,158 - INFO - Best fit parameters: [0.08279104 0.00310429].
2019-08-01 09:10:09,165 - INFO - Maximum log composite likelihood: -24.3220610636.
2019-08-01 09:10:09,166 - INFO - Optimal value of theta: 56.8702006165.
2019-08-01 09:10:09,166 - INFO - Beginning optimization with guess, [0.33457244 0.11269769].
2019-08-01 09:10:10,155 - INFO - Finished optimization with guess, [0.33457244 0.11269769].
2019-08-01 09:10:10,155 - INFO - Best fit parameters: [0.07670465 0.00285932].
2019-08-01 09:10:10,162 - INFO - Maximum log composite likelihood: -24.3220732868.
2019-08-01 09:10:10,162 - INFO - Optimal value of theta: 56.8763987009.
2019-08-01 09:10:10,163 - INFO - Beginning optimization with guess, [0.45541333 0.0795563 ].
2019-08-01 09:10:10,848 - INFO - Finished optimization with guess, [0.45541333 0.0795563 ].
2019-08-01 09:10:10,849 - INFO - Best fit parameters: [0.08369494 0.00314428].
2019-08-01 09:10:10,856 - INFO - Maximum log composite likelihood: -24.3220553124.
2019-08-01 09:10:10,856 - INFO - Optimal value of theta: 56.8735068336.
2019-08-01 09:10:10,856 - INFO - Beginning optimization with guess, [0.31618194 0.05652286].
2019-08-01 09:10:11,770 - INFO - Finished optimization with guess, [0.31618194 0.05652286].
2019-08-01 09:10:11,771 - INFO - Best fit parameters: [0.08362808 0.00312783].
2019-08-01 09:10:11,778 - INFO - Maximum log composite likelihood: -24.3220866319.
2019-08-01 09:10:11,778 - INFO - Optimal value of theta: 56.8562725742.
2019-08-01 09:10:11,778 - INFO - Beginning optimization with guess, [0.91269101 0.11337898].
2019-08-01 09:10:12,592 - INFO - Finished optimization with guess, [0.91269101 0.11337898].
2019-08-01 09:10:12,592 - INFO - Best fit parameters: [0.11247977 0.00438341].
2019-08-01 09:10:12,599 - INFO - Maximum log composite likelihood: -24.3221666662.
2019-08-01 09:10:12,600 - INFO - Optimal value of theta: 56.8759330912.
2019-08-01 09:10:12,600 - INFO - Beginning optimization with guess, [0.59225698 0.13277392].
2019-08-01 09:10:13,504 - INFO - Finished optimization with guess, [0.59225698 0.13277392].
2019-08-01 09:10:13,505 - INFO - Best fit parameters: [0.08686601 0.00328641].
2019-08-01 09:10:13,512 - INFO - Maximum log composite likelihood: -24.3220448268.
2019-08-01 09:10:13,512 - INFO - Optimal value of theta: 56.8858696151.
2019-08-01 09:10:13,513 - INFO - Beginning optimization with guess, [0.3777071  0.05422655].
2019-08-01 09:10:14,285 - INFO - Finished optimization with guess, [0.3777071  0.05422655].
2019-08-01 09:10:14,286 - INFO - Best fit parameters: [0.09543907 0.00361709].
2019-08-01 09:10:14,293 - INFO - Maximum log composite likelihood: -24.322105507.
2019-08-01 09:10:14,293 - INFO - Optimal value of theta: 56.8509871658.
2019-08-01 09:10:14,293 - INFO - Beginning optimization with guess, [0.87894355 0.06174369].
2019-08-01 09:10:15,043 - INFO - Finished optimization with guess, [0.87894355 0.06174369].
2019-08-01 09:10:15,043 - INFO - Best fit parameters: [0.0934995  0.00354189].
2019-08-01 09:10:15,050 - INFO - Maximum log composite likelihood: -24.3220811828.
2019-08-01 09:10:15,050 - INFO - Optimal value of theta: 56.8585639511.
2019-08-01 09:10:15,051 - INFO - Beginning optimization with guess, [0.27705827 0.07999594].
2019-08-01 09:10:15,777 - INFO - Finished optimization with guess, [0.27705827 0.07999594].
2019-08-01 09:10:15,777 - INFO - Best fit parameters: [0.08535121 0.00321085].
2019-08-01 09:10:15,784 - INFO - Maximum log composite likelihood: -24.3220561007.
2019-08-01 09:10:15,784 - INFO - Optimal value of theta: 56.8708296506.
2019-08-01 09:10:15,785 - INFO - Beginning optimization with guess, [0.62656928 0.15724016].
2019-08-01 09:10:16,665 - INFO - Finished optimization with guess, [0.62656928 0.15724016].
2019-08-01 09:10:16,666 - INFO - Best fit parameters: [0.08819971 0.00332592].
2019-08-01 09:10:16,673 - INFO - Maximum log composite likelihood: -24.3220608707.
2019-08-01 09:10:16,673 - INFO - Optimal value of theta: 56.8664119129.
2019-08-01 09:10:16,673 - INFO - Beginning optimization with guess, [0.96562881 0.14115981].
2019-08-01 09:10:17,510 - INFO - Finished optimization with guess, [0.96562881 0.14115981].
2019-08-01 09:10:17,511 - INFO - Best fit parameters: [0.08206571 0.00308664].
2019-08-01 09:10:17,518 - INFO - Maximum log composite likelihood: -24.3220517841.
2019-08-01 09:10:17,518 - INFO - Optimal value of theta: 56.8859664011.
2019-08-01 09:10:17,518 - INFO - Beginning optimization with guess, [0.70879571 0.11376346].
2019-08-01 09:10:18,422 - INFO - Finished optimization with guess, [0.70879571 0.11376346].
2019-08-01 09:10:18,422 - INFO - Best fit parameters: [0.08338114 0.00314095].
2019-08-01 09:10:18,429 - INFO - Maximum log composite likelihood: -24.32204905.
2019-08-01 09:10:18,430 - INFO - Optimal value of theta: 56.8856997554.
2019-08-01 09:10:18,430 - INFO - Beginning optimization with guess, [0.7431864  0.19994176].
2019-08-01 09:10:19,293 - INFO - Finished optimization with guess, [0.7431864  0.19994176].
2019-08-01 09:10:19,294 - INFO - Best fit parameters: [0.08588707 0.0032355 ].
2019-08-01 09:10:19,301 - INFO - Maximum log composite likelihood: -24.3220521359.
2019-08-01 09:10:19,301 - INFO - Optimal value of theta: 56.8737120454.
2019-08-01 09:10:19,301 - INFO - Beginning optimization with guess, [0.25207112 0.18005547].
2019-08-01 09:10:20,024 - INFO - Finished optimization with guess, [0.25207112 0.18005547].
2019-08-01 09:10:20,024 - INFO - Best fit parameters: [0.08830486 0.00333887].
2019-08-01 09:10:20,031 - INFO - Maximum log composite likelihood: -24.3220482956.
2019-08-01 09:10:20,032 - INFO - Optimal value of theta: 56.8765232554.
2019-08-01 09:10:20,033 - INFO - Finished demographic inference.
2019-08-01 09:10:20,033 - INFO - Beginning DFE inference.
2019-08-01 09:10:20,780 - INFO - Beginning optimization with guess, [5.56520253e-02 7.68768876e+01].
2019-08-01 09:10:28,112 - INFO - Finished optomization, results are [-24.28830052506227 array([1.43321582e-01, 1.16649050e+03])].
2019-08-01 09:10:28,114 - INFO - Beginning optimization with guess, [5.69532304e-02 2.00308536e+02].
2019-08-01 09:10:33,685 - INFO - Finished optomization, results are [-24.288483922109364 array([1.42109672e-01, 1.22648499e+03])].
2019-08-01 09:10:33,686 - INFO - Beginning optimization with guess, [7.20963350e-02 1.08791941e+02].
2019-08-01 09:10:38,682 - INFO - Finished optomization, results are [-24.288413530207606 array([1.43072447e-01, 1.17228753e+03])].
2019-08-01 09:10:38,683 - INFO - Beginning optimization with guess, [7.60761763e-02 9.87162267e+01].
2019-08-01 09:10:44,158 - INFO - Finished optomization, results are [-24.288374845027477 array([1.42916642e-01, 1.18267024e+03])].
2019-08-01 09:10:44,158 - INFO - Beginning optimization with guess, [7.25797902e-02 2.42581317e+02].
2019-08-01 09:10:51,387 - INFO - Finished optomization, results are [-24.288423809653317 array([1.42885648e-01, 1.18147834e+03])].
2019-08-01 09:10:51,388 - INFO - Beginning optimization with guess, [5.59050379e-02 9.60689468e+01].
2019-08-01 09:10:56,889 - INFO - Finished optomization, results are [-24.288283096470813 array([1.43915779e-01, 1.13809609e+03])].
2019-08-01 09:10:56,889 - INFO - Beginning optimization with guess, [1.10200723e-01 1.90662631e+02].
2019-08-01 09:11:03,117 - INFO - Finished optomization, results are [-24.288573074243423 array([1.41938097e-01, 1.22774986e+03])].
2019-08-01 09:11:03,118 - INFO - Beginning optimization with guess, [1.05506923e-01 1.28844019e+02].
2019-08-01 09:11:09,070 - INFO - Finished optomization, results are [-24.288441215352577 array([1.42692137e-01, 1.19100626e+03])].
2019-08-01 09:11:09,071 - INFO - Beginning optimization with guess, [9.28248793e-02 1.96524905e+02].
2019-08-01 09:11:15,023 - INFO - Finished optomization, results are [-24.288384450369172 array([1.43267956e-01, 1.16378586e+03])].
2019-08-01 09:11:15,024 - INFO - Beginning optimization with guess, [7.85614511e-02 8.43432848e+01].
2019-08-01 09:11:20,837 - INFO - Finished optomization, results are [-24.288312548532016 array([1.43646224e-01, 1.14898980e+03])].
2019-08-01 09:11:20,837 - INFO - Beginning optimization with guess, [9.28527695e-02 1.07367460e+02].
2019-08-01 09:11:25,832 - INFO - Finished optomization, results are [-24.288326969291795 array([1.43194220e-01, 1.18058757e+03])].
2019-08-01 09:11:25,833 - INFO - Beginning optimization with guess, [8.05489284e-02 9.82733680e+01].
2019-08-01 09:11:32,129 - INFO - Finished optomization, results are [-24.288289181442465 array([1.43830452e-01, 1.14167429e+03])].
2019-08-01 09:11:32,130 - INFO - Beginning optimization with guess, [5.61158397e-02 1.08255916e+02].
2019-08-01 09:11:38,144 - INFO - Finished optomization, results are [-24.28845114022259 array([1.42649606e-01, 1.20871465e+03])].
2019-08-01 09:11:38,145 - INFO - Beginning optimization with guess, [1.12905301e-01 2.06642904e+02].
2019-08-01 09:11:42,245 - INFO - Finished optomization, results are [-24.288405049459513 array([1.43023368e-01, 1.17520182e+03])].
2019-08-01 09:11:42,246 - INFO - Beginning optimization with guess, [1.63384643e-01 1.96013671e+02].
2019-08-01 09:11:47,514 - INFO - Finished optomization, results are [-24.28854741850137 array([1.41856394e-01, 1.23657760e+03])].
2019-08-01 09:11:47,515 - INFO - Beginning optimization with guess, [ 0.09696536 72.10585181].
2019-08-01 09:11:53,362 - INFO - Finished optomization, results are [-24.288447110912934 array([1.42600902e-01, 1.19576319e+03])].
2019-08-01 09:11:53,362 - INFO - Beginning optimization with guess, [8.35570997e-02 1.95897119e+02].
2019-08-01 09:11:56,107 - INFO - Finished optomization, results are [-24.28836119028795 array([1.43624838e-01, 1.14759258e+03])].
2019-08-01 09:11:56,108 - INFO - Beginning optimization with guess, [ 0.08732645 78.0075104 ].
2019-08-01 09:11:58,570 - INFO - Finished optomization, results are [-24.28835577579673 array([1.43701783e-01, 1.14423118e+03])].
2019-08-01 09:11:58,570 - INFO - Beginning optimization with guess, [  0.15184144 118.9241437 ].
2019-08-01 09:12:04,883 - INFO - Finished optomization, results are [-24.28827336237166 array([1.43816385e-01, 1.14349093e+03])].
2019-08-01 09:12:04,883 - INFO - Beginning optimization with guess, [4.61304190e-02 8.11439652e+01].
2019-08-01 09:12:10,204 - INFO - Finished optomization, results are [-24.288499242884065 array([1.42363239e-01, 1.20639071e+03])].
2019-08-01 09:12:10,204 - INFO - Beginning optimization with guess, [1.43017127e-01 1.44879384e+02].
2019-08-01 09:12:15,156 - INFO - Finished optomization, results are [-24.2884370282175 array([1.43045178e-01, 1.17265956e+03])].
2019-08-01 09:12:15,157 - INFO - Beginning optimization with guess, [  0.13208772 109.0326474 ].
2019-08-01 09:12:18,107 - INFO - Finished optomization, results are [-24.288314378121562 array([1.44128619e-01, 1.12680523e+03])].
2019-08-01 09:12:18,107 - INFO - Beginning optimization with guess, [9.62746933e-02 1.07944388e+02].
2019-08-01 09:12:25,006 - INFO - Finished optomization, results are [-24.288335710168518 array([1.42990337e-01, 1.18807821e+03])].
2019-08-01 09:12:25,007 - INFO - Beginning optimization with guess, [4.53186726e-02 7.29380677e+01].
2019-08-01 09:12:32,818 - INFO - Finished optomization, results are [-24.288487040612267 array([1.42599696e-01, 1.19378090e+03])].
2019-08-01 09:12:32,819 - INFO - Beginning optimization with guess, [1.43238785e-01 1.72861422e+02].
2019-08-01 09:12:38,566 - INFO - Finished optomization, results are [-24.288445842702522 array([1.42876832e-01, 1.18091182e+03])].
2019-08-01 09:12:38,567 - INFO - Beginning optimization with guess, [6.82406058e-02 1.41410043e+02].
2019-08-01 09:12:44,414 - INFO - Finished optomization, results are [-24.288374098568667 array([1.43206258e-01, 1.16738030e+03])].
2019-08-01 09:12:44,414 - INFO - Beginning optimization with guess, [  0.17702787 120.3607861 ].
2019-08-01 09:12:49,456 - INFO - Finished optomization, results are [-24.288457152688434 array([1.42805202e-01, 1.18415787e+03])].
2019-08-01 09:12:49,457 - INFO - Beginning optimization with guess, [  0.16798213 125.96563081].
2019-08-01 09:12:54,994 - INFO - Finished optomization, results are [-24.288538812423532 array([1.41952149e-01, 1.22966835e+03])].
2019-08-01 09:12:54,994 - INFO - Beginning optimization with guess, [1.22416624e-01 2.18523188e+02].
2019-08-01 09:12:57,617 - INFO - Finished optomization, results are [-24.28832199750981 array([1.43929199e-01, 1.13532607e+03])].
2019-08-01 09:12:57,618 - INFO - Beginning optimization with guess, [6.99209133e-02 2.68271409e+02].
2019-08-01 09:13:03,871 - INFO - Finished optomization, results are [-24.28848359429732 array([1.42386498e-01, 1.20594570e+03])].
2019-08-01 09:13:03,872 - INFO - Beginning optimization with guess, [1.45658843e-01 2.52637200e+02].
2019-08-01 09:13:07,773 - INFO - Finished optomization, results are [-24.28848881651351 array([1.42323729e-01, 1.20935132e+03])].
2019-08-01 09:13:07,774 - INFO - Beginning optimization with guess, [5.27237839e-02 7.37489587e+01].
2019-08-01 09:13:14,165 - INFO - Finished optomization, results are [-24.28847858877265 array([1.42150531e-01, 1.22238271e+03])].
2019-08-01 09:13:14,166 - INFO - Beginning optimization with guess, [  0.12168667 121.03440116].
2019-08-01 09:13:19,439 - INFO - Finished optomization, results are [-24.28834456304002 array([1.43602103e-01, 1.14941791e+03])].
2019-08-01 09:13:19,439 - INFO - Beginning optimization with guess, [9.00983746e-02 2.70667278e+02].
2019-08-01 09:13:25,469 - INFO - Finished optomization, results are [-24.28835848083697 array([1.43498865e-01, 1.15369949e+03])].
2019-08-01 09:13:25,470 - INFO - Beginning optimization with guess, [9.18694102e-02 1.11941749e+02].
2019-08-01 09:13:31,638 - INFO - Finished optomization, results are [-24.288378126698255 array([1.42914253e-01, 1.19451143e+03])].
2019-08-01 09:13:31,639 - INFO - Beginning optimization with guess, [ 0.12648798 70.69519249].
2019-08-01 09:13:38,989 - INFO - Finished optomization, results are [-24.288320623422383 array([1.43559715e-01, 1.15270440e+03])].
2019-08-01 09:13:38,990 - INFO - Beginning optimization with guess, [1.15473957e-01 2.17384902e+02].
2019-08-01 09:13:46,002 - INFO - Finished optomization, results are [-24.288406765116747 array([1.43033268e-01, 1.17460741e+03])].
2019-08-01 09:13:46,003 - INFO - Beginning optimization with guess, [  0.15093959 136.79159217].
2019-08-01 09:13:51,026 - INFO - Finished optomization, results are [-24.28831460561951 array([1.43600794e-01, 1.15106099e+03])].
2019-08-01 09:13:51,027 - INFO - Beginning optimization with guess, [7.67040914e-02 1.28549111e+02].
2019-08-01 09:13:54,871 - INFO - Finished optomization, results are [-24.28844331410847 array([1.42319308e-01, 1.21426218e+03])].
2019-08-01 09:13:54,871 - INFO - Beginning optimization with guess, [9.16162985e-02 1.83059441e+02].
2019-08-01 09:13:57,467 - INFO - Finished optomization, results are [-24.288341199994107 array([1.43790273e-01, 1.14077864e+03])].
2019-08-01 09:13:57,467 - INFO - Beginning optimization with guess, [  0.12713046 106.17957299].
2019-08-01 09:14:00,292 - INFO - Finished optomization, results are [-24.288402809076235 array([1.43353266e-01, 1.15881759e+03])].
2019-08-01 09:14:00,293 - INFO - Beginning optimization with guess, [  0.15236206 113.58397796].
2019-08-01 09:14:05,407 - INFO - Finished optomization, results are [-24.288273960575957 array([1.43830719e-01, 1.14275514e+03])].
2019-08-01 09:14:05,407 - INFO - Beginning optimization with guess, [5.05203226e-02 1.15530623e+02].
2019-08-01 09:14:10,533 - INFO - Finished optomization, results are [-24.288306233367315 array([1.43731727e-01, 1.14528042e+03])].
2019-08-01 09:14:10,533 - INFO - Beginning optimization with guess, [7.27469081e-02 1.50706464e+02].
2019-08-01 09:14:15,539 - INFO - Finished optomization, results are [-24.288493902918535 array([1.42073919e-01, 1.22656222e+03])].
2019-08-01 09:14:15,539 - INFO - Beginning optimization with guess, [  0.10072387 100.31110272].
2019-08-01 09:14:22,366 - INFO - Finished optomization, results are [-24.288316009809492 array([1.43413999e-01, 1.17161775e+03])].
2019-08-01 09:14:22,368 - INFO - Beginning optimization with guess, [5.57252403e-02 1.51084502e+02].
2019-08-01 09:14:29,362 - INFO - Finished optomization, results are [-24.28845846059823 array([1.42764914e-01, 1.18622582e+03])].
2019-08-01 09:14:29,362 - INFO - Beginning optimization with guess, [7.64966156e-02 1.82961595e+02].
2019-08-01 09:14:35,743 - INFO - Finished optomization, results are [-24.288454595102976 array([1.42564717e-01, 1.19737662e+03])].
2019-08-01 09:14:35,744 - INFO - Beginning optimization with guess, [8.12751641e-02 8.33616184e+01].
2019-08-01 09:14:42,327 - INFO - Finished optomization, results are [-24.288345926019826 array([1.43399132e-01, 1.15918569e+03])].
2019-08-01 09:14:42,328 - INFO - Beginning optimization with guess, [ 0.1635031 89.0495213].
2019-08-01 09:14:44,957 - INFO - Finished optomization, results are [-24.288230655014956 array([1.44504974e-01, 1.11808263e+03])].
2019-08-01 09:14:44,957 - INFO - Beginning optimization with guess, [6.92719323e-02 9.86363896e+01].
2019-08-01 09:14:50,922 - INFO - Finished optomization, results are [-24.288502650307095 array([1.42356181e-01, 1.20661032e+03])].
2019-08-01 09:14:50,922 - INFO - Beginning optimization with guess, [ 0.12544832 82.67084932].
2019-08-01 09:14:57,915 - INFO - Finished optomization, results are [-24.28843186463994 array([1.42362309e-01, 1.21301125e+03])].
2019-08-01 09:14:57,916 - INFO - Beginning optimization with guess, [5.49463712e-02 1.79708525e+02].
2019-08-01 09:15:04,360 - INFO - Finished optomization, results are [-24.28847829643507 array([1.42520239e-01, 1.19857983e+03])].
2019-08-01 09:15:04,360 - INFO - Beginning optimization with guess, [9.16080631e-02 1.42889574e+02].
2019-08-01 09:15:09,055 - INFO - Finished optomization, results are [-24.288414352330825 array([1.42476254e-01, 1.20652424e+03])].
2019-08-01 09:15:09,056 - INFO - Beginning optimization with guess, [ 0.08153908 76.4069672 ].
2019-08-01 09:15:15,319 - INFO - Finished optomization, results are [-24.28857054406684 array([1.42015526e-01, 1.22305153e+03])].
2019-08-01 09:15:15,320 - INFO - Beginning optimization with guess, [ 0.11645047 68.63083944].
2019-08-01 09:15:22,538 - INFO - Finished optomization, results are [-24.288261397857532 array([1.44066733e-01, 1.13276185e+03])].
2019-08-01 09:15:22,539 - INFO - Beginning optimization with guess, [7.38426327e-02 1.61887056e+02].
2019-08-01 09:15:25,231 - INFO - Finished optomization, results are [-24.288422959124567 array([1.43177719e-01, 1.16660414e+03])].
2019-08-01 09:15:25,231 - INFO - Beginning optimization with guess, [8.29825574e-02 2.25650034e+02].
2019-08-01 09:15:28,881 - INFO - Finished optomization, results are [-24.28835460184056 array([1.43688560e-01, 1.14489692e+03])].
2019-08-01 09:15:28,883 - INFO - Beginning optimization with guess, [7.68854255e-02 1.38393104e+02].
2019-08-01 09:15:34,633 - INFO - Finished optomization, results are [-24.288483977024192 array([1.42138492e-01, 1.22238803e+03])].
2019-08-01 09:15:34,633 - INFO - Beginning optimization with guess, [4.50206998e-02 1.09043845e+02].
2019-08-01 09:15:41,369 - INFO - Finished optomization, results are [-24.28833748545761 array([1.43332778e-01, 1.16299055e+03])].
2019-08-01 09:15:41,370 - INFO - Beginning optimization with guess, [1.22574771e-01 2.07150511e+02].
2019-08-01 09:15:47,543 - INFO - Finished optomization, results are [-24.288477173127962 array([1.42356985e-01, 1.20812163e+03])].
2019-08-01 09:15:47,544 - INFO - Beginning optimization with guess, [5.40115757e-02 1.61260399e+02].
2019-08-01 09:15:52,196 - INFO - Finished optomization, results are [-24.288405385129998 array([1.43295466e-01, 1.16152472e+03])].
2019-08-01 09:15:52,197 - INFO - Beginning optimization with guess, [5.09969888e-02 1.15975135e+02].
2019-08-01 09:15:57,844 - INFO - Finished optomization, results are [-24.28841425013597 array([1.43025424e-01, 1.17465772e+03])].
2019-08-01 09:15:57,845 - INFO - Beginning optimization with guess, [  0.13321991 112.00077193].
2019-08-01 09:16:03,668 - INFO - Finished optomization, results are [-24.28834450795062 array([1.42865578e-01, 1.19205644e+03])].
2019-08-01 09:16:03,669 - INFO - Beginning optimization with guess, [4.67649696e-02 1.06036033e+02].
2019-08-01 09:16:09,533 - INFO - Finished optomization, results are [-24.288390534331903 array([1.43253035e-01, 1.16424995e+03])].
2019-08-01 09:16:09,533 - INFO - Beginning optimization with guess, [5.43985222e-02 1.62836066e+02].
2019-08-01 09:16:14,258 - INFO - Finished optomization, results are [-24.288476344267828 array([1.42600368e-01, 1.19424588e+03])].
2019-08-01 09:16:14,258 - INFO - Beginning optimization with guess, [6.37248460e-02 6.88884499e+01].
2019-08-01 09:16:20,424 - INFO - Finished optomization, results are [-24.288280156126582 array([1.43719862e-01, 1.14762196e+03])].
2019-08-01 09:16:20,425 - INFO - Beginning optimization with guess, [6.85246109e-02 1.22603333e+02].
2019-08-01 09:16:27,892 - INFO - Finished optomization, results are [-24.28839459653704 array([1.43226996e-01, 1.16536182e+03])].
2019-08-01 09:16:27,893 - INFO - Beginning optimization with guess, [7.46243437e-02 1.34245930e+02].
2019-08-01 09:16:33,238 - INFO - Finished optomization, results are [-24.288457571538316 array([1.42262084e-01, 1.21647980e+03])].
2019-08-01 09:16:33,238 - INFO - Beginning optimization with guess, [1.59310449e-01 1.70242280e+02].
2019-08-01 09:16:39,747 - INFO - Finished optomization, results are [-24.28845328621763 array([1.42569774e-01, 1.19716583e+03])].
2019-08-01 09:16:39,748 - INFO - Beginning optimization with guess, [ 0.16585497 72.64968262].
2019-08-01 09:16:46,678 - INFO - Finished optomization, results are [-24.288231320571494 array([1.44404886e-01, 1.12166851e+03])].
2019-08-01 09:16:46,678 - INFO - Beginning optimization with guess, [  0.13036723 104.03368796].
2019-08-01 09:16:52,643 - INFO - Finished optomization, results are [-24.28838813078415 array([1.43213898e-01, 1.16631116e+03])].
2019-08-01 09:16:52,644 - INFO - Beginning optimization with guess, [1.30099662e-01 2.73164302e+02].
2019-08-01 09:16:59,696 - INFO - Finished optomization, results are [-24.288401655631326 array([1.42725354e-01, 1.19162338e+03])].
2019-08-01 09:16:59,697 - INFO - Beginning optimization with guess, [7.98654625e-02 2.13949531e+02].
2019-08-01 09:17:05,036 - INFO - Finished optomization, results are [-24.28837016387031 array([1.43336435e-01, 1.16106449e+03])].
2019-08-01 09:17:05,037 - INFO - Beginning optimization with guess, [1.44318900e-01 2.03533641e+02].
2019-08-01 09:17:10,582 - INFO - Finished optomization, results are [-24.28844934069343 array([1.42740382e-01, 1.18796508e+03])].
2019-08-01 09:17:10,582 - INFO - Beginning optimization with guess, [6.34847549e-02 7.86441202e+01].
2019-08-01 09:17:16,879 - INFO - Finished optomization, results are [-24.288312645377893 array([1.43330999e-01, 1.16482163e+03])].
2019-08-01 09:17:16,880 - INFO - Beginning optimization with guess, [5.79487397e-02 7.36236834e+01].
2019-08-01 09:17:23,180 - INFO - Finished optomization, results are [-24.288288690146462 array([1.43464672e-01, 1.15989291e+03])].
2019-08-01 09:17:23,180 - INFO - Beginning optimization with guess, [5.21551955e-02 1.92518901e+02].
2019-08-01 09:17:29,142 - INFO - Finished optomization, results are [-24.288400046675477 array([1.42911243e-01, 1.18136942e+03])].
2019-08-01 09:17:29,143 - INFO - Beginning optimization with guess, [  0.1749538  161.42579676].
2019-08-01 09:17:34,217 - INFO - Finished optomization, results are [-24.28838229460012 array([1.43277903e-01, 1.16339164e+03])].
2019-08-01 09:17:34,217 - INFO - Beginning optimization with guess, [5.81398435e-02 9.19376058e+01].
2019-08-01 09:17:41,010 - INFO - Finished optomization, results are [-24.288292778737567 array([1.43794777e-01, 1.14312157e+03])].
2019-08-01 09:17:41,011 - INFO - Beginning optimization with guess, [ 0.10029795 83.50233615].
2019-08-01 09:17:46,933 - INFO - Finished optomization, results are [-24.28844036517981 array([1.42613199e-01, 1.19546885e+03])].
2019-08-01 09:17:46,934 - INFO - Beginning optimization with guess, [4.66413488e-02 7.50387268e+01].
2019-08-01 09:17:52,254 - INFO - Finished optomization, results are [-24.288489596040897 array([1.42483405e-01, 1.20006112e+03])].
2019-08-01 09:17:52,255 - INFO - Beginning optimization with guess, [  0.14530757 133.09825805].
2019-08-01 09:17:58,356 - INFO - Finished optomization, results are [-24.288423541166622 array([1.43103181e-01, 1.17029898e+03])].
2019-08-01 09:17:58,357 - INFO - Beginning optimization with guess, [4.68641885e-02 1.85774125e+02].
2019-08-01 09:18:03,000 - INFO - Finished optomization, results are [-24.288411049806943 array([1.42644008e-01, 1.19570358e+03])].
2019-08-01 09:18:03,001 - INFO - Beginning optimization with guess, [5.39585136e-02 1.75658454e+02].
2019-08-01 09:18:09,842 - INFO - Finished optomization, results are [-24.28847312262946 array([1.42566054e-01, 1.19629429e+03])].
2019-08-01 09:18:09,843 - INFO - Beginning optimization with guess, [5.84366613e-02 2.53653226e+02].
2019-08-01 09:18:14,949 - INFO - Finished optomization, results are [-24.288410173362827 array([1.42613115e-01, 1.19765796e+03])].
2019-08-01 09:18:14,950 - INFO - Beginning optimization with guess, [4.64081633e-02 7.35660095e+01].
2019-08-01 09:18:20,846 - INFO - Finished optomization, results are [-24.288487796890074 array([1.42505336e-01, 1.19892690e+03])].
2019-08-01 09:18:20,847 - INFO - Beginning optimization with guess, [1.05494838e-01 2.69915104e+02].
2019-08-01 09:18:24,761 - INFO - Finished optomization, results are [-24.288415233142736 array([1.42784403e-01, 1.18739162e+03])].
2019-08-01 09:18:24,762 - INFO - Beginning optimization with guess, [4.65864072e-02 8.57575449e+01].
2019-08-01 09:18:29,060 - INFO - Finished optomization, results are [-24.288392133647633 array([1.43396008e-01, 1.15718628e+03])].
2019-08-01 09:18:29,061 - INFO - Beginning optimization with guess, [1.17440672e-01 1.18709705e+02].
2019-08-01 09:18:36,341 - INFO - Finished optomization, results are [-24.28849025025506 array([1.42438046e-01, 1.20258721e+03])].
2019-08-01 09:18:36,341 - INFO - Beginning optimization with guess, [1.45961655e-01 1.84351056e+02].
2019-08-01 09:18:42,171 - INFO - Finished optomization, results are [-24.288449742108234 array([1.42737042e-01, 1.18812508e+03])].
2019-08-01 09:18:42,171 - INFO - Beginning optimization with guess, [5.60133559e-02 9.18527852e+01].
2019-08-01 09:18:48,615 - INFO - Finished optomization, results are [-24.288286397609586 array([1.43941104e-01, 1.13671595e+03])].
2019-08-01 09:18:48,616 - INFO - Beginning optimization with guess, [1.09549274e-01 1.76190882e+02].
2019-08-01 09:18:53,536 - INFO - Finished optomization, results are [-24.288480250090913 array([1.42438271e-01, 1.20312904e+03])].
2019-08-01 09:18:53,537 - INFO - Beginning optimization with guess, [6.41085838e-02 1.54335970e+02].
2019-08-01 09:18:58,461 - INFO - Finished optomization, results are [-24.288446595445173 array([1.42770554e-01, 1.18648096e+03])].
2019-08-01 09:18:58,462 - INFO - Beginning optimization with guess, [7.08658810e-02 7.35715092e+01].
2019-08-01 09:19:05,018 - INFO - Finished optomization, results are [-24.288495955388363 array([1.42098841e-01, 1.22376062e+03])].
2019-08-01 09:19:05,019 - INFO - Beginning optimization with guess, [ 0.0841452  83.92992859].
2019-08-01 09:19:11,565 - INFO - Finished optomization, results are [-24.288304166316703 array([1.43289200e-01, 1.16791567e+03])].
2019-08-01 09:19:11,566 - INFO - Beginning optimization with guess, [5.48999254e-02 2.59651043e+02].
2019-08-01 09:19:17,763 - INFO - Finished optomization, results are [-24.288453746445043 array([1.42382642e-01, 1.20833863e+03])].
2019-08-01 09:19:17,764 - INFO - Beginning optimization with guess, [1.26953499e-01 1.33854282e+02].
2019-08-01 09:19:21,201 - INFO - Finished optomization, results are [-24.288261826988837 array([1.44304705e-01, 1.12220865e+03])].
2019-08-01 09:19:21,201 - INFO - Beginning optimization with guess, [1.34684736e-01 1.65282589e+02].
2019-08-01 09:19:27,487 - INFO - Finished optomization, results are [-24.288449322148004 array([1.42825177e-01, 1.18345854e+03])].
2019-08-01 09:19:27,488 - INFO - Beginning optimization with guess, [1.51806663e-01 1.54200906e+02].
2019-08-01 09:19:32,810 - INFO - Finished optomization, results are [-24.288312480487342 array([1.43236135e-01, 1.17002899e+03])].
2019-08-01 09:19:32,810 - INFO - Beginning optimization with guess, [6.82503486e-02 1.11178756e+02].
2019-08-01 09:19:39,524 - INFO - Finished optomization, results are [-24.288491585060473 array([1.42512353e-01, 1.19835044e+03])].
2019-08-01 09:19:39,525 - INFO - Finished DFE inference.
2019-08-01 09:19:39,525 - INFO - Integrating expected site-frequency spectrum.
2019-08-01 09:19:39,542 - INFO - Outputing results.
2019-08-01 09:19:39,546 - INFO - Pipeline executed succesfully.
