2019-08-01 12:46:53,699 - INFO - Beginning execution of fitdadi_infer_DFE.py in directory /u/home/j/jonmah/lohmueller_lab/Scripts

2019-08-01 12:46:53,699 - INFO - Progress is being logged to ../Data/AW_array_2000/seed_57_fitdadi_output/log.log

2019-08-01 12:46:53,699 - INFO - Parsed the following arguments:
	breed = AW
	outprefix = ../Data/AW_array_2000/seed_57_fitdadi_output/
	nonsyn_input_sfs = ../Data/AW_array_2000/seed_57_easySFS_output_nonsyn/dadi/pop1.sfs
	syn_input_sfs = ../Data/AW_array_2000/seed_57_easySFS_output_syn/dadi/pop1.sfs

2019-08-01 12:46:53,705 - INFO - Beginning optimization with guess, [0.35962798 0.0914131 ].
2019-08-01 12:46:54,115 - INFO - Finished optimization with guess, [0.35962798 0.0914131 ].
2019-08-01 12:46:54,116 - INFO - Best fit parameters: [0.02173731 0.00065873].
2019-08-01 12:46:54,123 - INFO - Maximum log composite likelihood: -19.9325414824.
2019-08-01 12:46:54,124 - INFO - Optimal value of theta: 49.5854829562.
2019-08-01 12:46:54,124 - INFO - Beginning optimization with guess, [0.27348558 0.15171853].
2019-08-01 12:46:54,537 - INFO - Finished optimization with guess, [0.27348558 0.15171853].
2019-08-01 12:46:54,537 - INFO - Best fit parameters: [0.01118235 0.00033508].
2019-08-01 12:46:54,545 - INFO - Maximum log composite likelihood: -19.9310015816.
2019-08-01 12:46:54,545 - INFO - Optimal value of theta: 49.5872267573.
2019-08-01 12:46:54,545 - INFO - Beginning optimization with guess, [0.39320896 0.08359925].
2019-08-01 12:46:54,949 - INFO - Finished optimization with guess, [0.39320896 0.08359925].
2019-08-01 12:46:54,949 - INFO - Best fit parameters: [0.0078267  0.00022432].
2019-08-01 12:46:54,957 - INFO - Maximum log composite likelihood: -19.933073703.
2019-08-01 12:46:54,957 - INFO - Optimal value of theta: 49.4641601485.
2019-08-01 12:46:54,958 - INFO - Beginning optimization with guess, [0.65819456 0.07613872].
2019-08-01 12:46:55,356 - INFO - Finished optimization with guess, [0.65819456 0.07613872].
2019-08-01 12:46:55,356 - INFO - Best fit parameters: [2.39143109e-04 7.32199564e-06].
2019-08-01 12:46:55,364 - INFO - Maximum log composite likelihood: -19.9288400836.
2019-08-01 12:46:55,364 - INFO - Optimal value of theta: 49.6920274879.
2019-08-01 12:46:55,365 - INFO - Beginning optimization with guess, [0.41476595 0.06891754].
2019-08-01 12:46:55,768 - INFO - Finished optimization with guess, [0.41476595 0.06891754].
2019-08-01 12:46:55,769 - INFO - Best fit parameters: [0.00343734 0.00010488].
2019-08-01 12:46:55,777 - INFO - Maximum log composite likelihood: -19.9293216215.
2019-08-01 12:46:55,777 - INFO - Optimal value of theta: 49.6700284246.
2019-08-01 12:46:55,777 - INFO - Beginning optimization with guess, [0.7181192  0.17464294].
2019-08-01 12:46:56,159 - INFO - Finished optimization with guess, [0.7181192  0.17464294].
2019-08-01 12:46:56,160 - INFO - Best fit parameters: [0.02633237 0.00084551].
2019-08-01 12:46:56,167 - INFO - Maximum log composite likelihood: -19.9331659249.
2019-08-01 12:46:56,167 - INFO - Optimal value of theta: 49.7495674938.
2019-08-01 12:46:56,167 - INFO - Beginning optimization with guess, [0.3553111  0.09314986].
2019-08-01 12:46:56,530 - INFO - Finished optimization with guess, [0.3553111  0.09314986].
2019-08-01 12:46:56,531 - INFO - Best fit parameters: [0.00556551 0.00016691].
2019-08-01 12:46:56,538 - INFO - Maximum log composite likelihood: -19.9299770092.
2019-08-01 12:46:56,538 - INFO - Optimal value of theta: 49.6089326602.
2019-08-01 12:46:56,538 - INFO - Beginning optimization with guess, [0.3486495  0.12865492].
2019-08-01 12:46:56,903 - INFO - Finished optimization with guess, [0.3486495  0.12865492].
2019-08-01 12:46:56,904 - INFO - Best fit parameters: [0.00747378 0.00022785].
2019-08-01 12:46:56,911 - INFO - Maximum log composite likelihood: -19.9299576901.
2019-08-01 12:46:56,911 - INFO - Optimal value of theta: 49.6533218366.
2019-08-01 12:46:56,911 - INFO - Beginning optimization with guess, [0.38958125 0.0623301 ].
2019-08-01 12:46:57,273 - INFO - Finished optimization with guess, [0.38958125 0.0623301 ].
2019-08-01 12:46:57,273 - INFO - Best fit parameters: [0.06266267 0.00204514].
2019-08-01 12:46:57,280 - INFO - Maximum log composite likelihood: -19.9384467261.
2019-08-01 12:46:57,281 - INFO - Optimal value of theta: 49.6681738586.
2019-08-01 12:46:57,281 - INFO - Beginning optimization with guess, [0.30293463 0.13221709].
2019-08-01 12:46:57,649 - INFO - Finished optimization with guess, [0.30293463 0.13221709].
2019-08-01 12:46:57,649 - INFO - Best fit parameters: [0.00393693 0.00012045].
2019-08-01 12:46:57,656 - INFO - Maximum log composite likelihood: -19.9293855108.
2019-08-01 12:46:57,656 - INFO - Optimal value of theta: 49.6766850805.
2019-08-01 12:46:57,657 - INFO - Beginning optimization with guess, [0.51013792 0.16871224].
2019-08-01 12:46:58,023 - INFO - Finished optimization with guess, [0.51013792 0.16871224].
2019-08-01 12:46:58,023 - INFO - Best fit parameters: [0.00858168 0.00025806].
2019-08-01 12:46:58,030 - INFO - Maximum log composite likelihood: -19.9304220769.
2019-08-01 12:46:58,030 - INFO - Optimal value of theta: 49.6069427951.
2019-08-01 12:46:58,030 - INFO - Beginning optimization with guess, [0.71540747 0.1232756 ].
2019-08-01 12:46:58,394 - INFO - Finished optimization with guess, [0.71540747 0.1232756 ].
2019-08-01 12:46:58,395 - INFO - Best fit parameters: [0.01339152 0.00038528].
2019-08-01 12:46:58,402 - INFO - Maximum log composite likelihood: -19.9339719444.
2019-08-01 12:46:58,402 - INFO - Optimal value of theta: 49.4573085662.
2019-08-01 12:46:58,402 - INFO - Beginning optimization with guess, [0.47489349 0.08749656].
2019-08-01 12:46:58,763 - INFO - Finished optimization with guess, [0.47489349 0.08749656].
2019-08-01 12:46:58,763 - INFO - Best fit parameters: [5.87998997e-04 1.78771208e-05].
2019-08-01 12:46:58,770 - INFO - Maximum log composite likelihood: -19.9289105738.
2019-08-01 12:46:58,771 - INFO - Optimal value of theta: 49.6687160552.
2019-08-01 12:46:58,771 - INFO - Beginning optimization with guess, [0.60695315 0.16615571].
2019-08-01 12:46:59,141 - INFO - Finished optimization with guess, [0.60695315 0.16615571].
2019-08-01 12:46:59,141 - INFO - Best fit parameters: [0.0200085  0.00059775].
2019-08-01 12:46:59,148 - INFO - Maximum log composite likelihood: -19.9327974796.
2019-08-01 12:46:59,148 - INFO - Optimal value of theta: 49.5480188816.
2019-08-01 12:46:59,148 - INFO - Beginning optimization with guess, [0.85279462 0.1810983 ].
2019-08-01 12:46:59,519 - INFO - Finished optimization with guess, [0.85279462 0.1810983 ].
2019-08-01 12:46:59,519 - INFO - Best fit parameters: [0.00521322 0.00016054].
2019-08-01 12:46:59,526 - INFO - Maximum log composite likelihood: -19.9295774436.
2019-08-01 12:46:59,527 - INFO - Optimal value of theta: 49.6928868298.
2019-08-01 12:46:59,527 - INFO - Beginning optimization with guess, [0.8594272  0.06523657].
2019-08-01 12:46:59,889 - INFO - Finished optimization with guess, [0.8594272  0.06523657].
2019-08-01 12:46:59,889 - INFO - Best fit parameters: [0.00548502 0.00016803].
2019-08-01 12:46:59,896 - INFO - Maximum log composite likelihood: -19.9296150262.
2019-08-01 12:46:59,897 - INFO - Optimal value of theta: 49.6753351302.
2019-08-01 12:46:59,897 - INFO - Beginning optimization with guess, [0.78586045 0.05783983].
2019-08-01 12:47:00,259 - INFO - Finished optimization with guess, [0.78586045 0.05783983].
2019-08-01 12:47:00,259 - INFO - Best fit parameters: [0.00503839 0.00015417].
2019-08-01 12:47:00,266 - INFO - Maximum log composite likelihood: -19.9295514217.
2019-08-01 12:47:00,267 - INFO - Optimal value of theta: 49.6732699093.
2019-08-01 12:47:00,267 - INFO - Beginning optimization with guess, [0.79245669 0.09401218].
2019-08-01 12:47:00,631 - INFO - Finished optimization with guess, [0.79245669 0.09401218].
2019-08-01 12:47:00,632 - INFO - Best fit parameters: [0.01533103 0.00045692].
2019-08-01 12:47:00,639 - INFO - Maximum log composite likelihood: -19.9320035331.
2019-08-01 12:47:00,639 - INFO - Optimal value of theta: 49.5566215018.
2019-08-01 12:47:00,639 - INFO - Beginning optimization with guess, [0.74505057 0.1013754 ].
2019-08-01 12:47:01,001 - INFO - Finished optimization with guess, [0.74505057 0.1013754 ].
2019-08-01 12:47:01,001 - INFO - Best fit parameters: [0.01176137 0.00035648].
2019-08-01 12:47:01,008 - INFO - Maximum log composite likelihood: -19.9307641194.
2019-08-01 12:47:01,009 - INFO - Optimal value of theta: 49.6204431916.
2019-08-01 12:47:01,009 - INFO - Beginning optimization with guess, [0.40304508 0.17625898].
2019-08-01 12:47:01,380 - INFO - Finished optimization with guess, [0.40304508 0.17625898].
2019-08-01 12:47:01,381 - INFO - Best fit parameters: [0.01108559 0.00033793].
2019-08-01 12:47:01,387 - INFO - Maximum log composite likelihood: -19.930542067.
2019-08-01 12:47:01,387 - INFO - Optimal value of theta: 49.6405237581.
2019-08-01 12:47:01,388 - INFO - Beginning optimization with guess, [0.91505355 0.19909769].
2019-08-01 12:47:01,762 - INFO - Finished optimization with guess, [0.91505355 0.19909769].
2019-08-01 12:47:01,762 - INFO - Best fit parameters: [0.05315592 0.00174729].
2019-08-01 12:47:01,769 - INFO - Maximum log composite likelihood: -19.9369717929.
2019-08-01 12:47:01,769 - INFO - Optimal value of theta: 49.7261483412.
2019-08-01 12:47:01,769 - INFO - Beginning optimization with guess, [0.62861538 0.06015032].
2019-08-01 12:47:02,126 - INFO - Finished optimization with guess, [0.62861538 0.06015032].
2019-08-01 12:47:02,126 - INFO - Best fit parameters: [1.00000000e-04 3.05190967e-06].
2019-08-01 12:47:02,133 - INFO - Maximum log composite likelihood: -19.9288196607.
2019-08-01 12:47:02,134 - INFO - Optimal value of theta: 49.682355109.
2019-08-01 12:47:02,134 - INFO - Beginning optimization with guess, [0.98016375 0.1903983 ].
2019-08-01 12:47:02,508 - INFO - Finished optimization with guess, [0.98016375 0.1903983 ].
2019-08-01 12:47:02,508 - INFO - Best fit parameters: [0.05349296 0.00172281].
2019-08-01 12:47:02,515 - INFO - Maximum log composite likelihood: -19.9371463001.
2019-08-01 12:47:02,516 - INFO - Optimal value of theta: 49.6599730103.
2019-08-01 12:47:02,516 - INFO - Beginning optimization with guess, [0.50038923 0.09379461].
2019-08-01 12:47:02,879 - INFO - Finished optimization with guess, [0.50038923 0.09379461].
2019-08-01 12:47:02,880 - INFO - Best fit parameters: [0.04060675 0.0012768 ].
2019-08-01 12:47:02,887 - INFO - Maximum log composite likelihood: -19.935152753.
2019-08-01 12:47:02,887 - INFO - Optimal value of theta: 49.632249836.
2019-08-01 12:47:02,887 - INFO - Beginning optimization with guess, [0.51983369 0.06969517].
2019-08-01 12:47:03,247 - INFO - Finished optimization with guess, [0.51983369 0.06969517].
2019-08-01 12:47:03,248 - INFO - Best fit parameters: [5.24351327e-04 1.58952444e-05].
2019-08-01 12:47:03,255 - INFO - Maximum log composite likelihood: -19.9289277019.
2019-08-01 12:47:03,255 - INFO - Optimal value of theta: 49.6597297083.
2019-08-01 12:47:03,256 - INFO - Beginning optimization with guess, [0.9324715  0.09494243].
2019-08-01 12:47:03,619 - INFO - Finished optimization with guess, [0.9324715  0.09494243].
2019-08-01 12:47:03,619 - INFO - Best fit parameters: [0.00824226 0.00025434].
2019-08-01 12:47:03,626 - INFO - Maximum log composite likelihood: -19.9300271245.
2019-08-01 12:47:03,627 - INFO - Optimal value of theta: 49.6885538028.
2019-08-01 12:47:03,627 - INFO - Beginning optimization with guess, [0.25845908 0.13399031].
2019-08-01 12:47:03,996 - INFO - Finished optimization with guess, [0.25845908 0.13399031].
2019-08-01 12:47:03,996 - INFO - Best fit parameters: [0.01372456 0.00042705].
2019-08-01 12:47:04,003 - INFO - Maximum log composite likelihood: -19.9308758191.
2019-08-01 12:47:04,003 - INFO - Optimal value of theta: 49.6953569346.
2019-08-01 12:47:04,004 - INFO - Beginning optimization with guess, [0.33175256 0.05584081].
2019-08-01 12:47:04,362 - INFO - Finished optimization with guess, [0.33175256 0.05584081].
2019-08-01 12:47:04,363 - INFO - Best fit parameters: [0.00631303 0.00019396].
2019-08-01 12:47:04,370 - INFO - Maximum log composite likelihood: -19.9297346808.
2019-08-01 12:47:04,370 - INFO - Optimal value of theta: 49.6816828227.
2019-08-01 12:47:04,370 - INFO - Beginning optimization with guess, [0.35338218 0.10479524].
2019-08-01 12:47:04,733 - INFO - Finished optimization with guess, [0.35338218 0.10479524].
2019-08-01 12:47:04,733 - INFO - Best fit parameters: [0.00490123 0.00014812].
2019-08-01 12:47:04,740 - INFO - Maximum log composite likelihood: -19.9296755439.
2019-08-01 12:47:04,741 - INFO - Optimal value of theta: 49.6349965511.
2019-08-01 12:47:04,741 - INFO - Beginning optimization with guess, [0.31559031 0.06103522].
2019-08-01 12:47:05,101 - INFO - Finished optimization with guess, [0.31559031 0.06103522].
2019-08-01 12:47:05,101 - INFO - Best fit parameters: [0.00619693 0.00019522].
2019-08-01 12:47:05,108 - INFO - Maximum log composite likelihood: -19.9301169936.
2019-08-01 12:47:05,109 - INFO - Optimal value of theta: 49.7614322868.
2019-08-01 12:47:05,109 - INFO - Beginning optimization with guess, [0.61063075 0.07672891].
2019-08-01 12:47:05,470 - INFO - Finished optimization with guess, [0.61063075 0.07672891].
2019-08-01 12:47:05,470 - INFO - Best fit parameters: [0.01288163 0.00039048].
2019-08-01 12:47:05,477 - INFO - Maximum log composite likelihood: -19.9309535374.
2019-08-01 12:47:05,477 - INFO - Optimal value of theta: 49.6169415418.
2019-08-01 12:47:05,478 - INFO - Beginning optimization with guess, [0.53842696 0.14208028].
2019-08-01 12:47:05,845 - INFO - Finished optimization with guess, [0.53842696 0.14208028].
2019-08-01 12:47:05,846 - INFO - Best fit parameters: [0.00670607 0.00019722].
2019-08-01 12:47:05,853 - INFO - Maximum log composite likelihood: -19.9310135716.
2019-08-01 12:47:05,853 - INFO - Optimal value of theta: 49.5453196791.
2019-08-01 12:47:05,853 - INFO - Beginning optimization with guess, [0.25470558 0.07151546].
2019-08-01 12:47:06,215 - INFO - Finished optimization with guess, [0.25470558 0.07151546].
2019-08-01 12:47:06,215 - INFO - Best fit parameters: [8.10734252e-04 2.51146838e-05].
2019-08-01 12:47:06,222 - INFO - Maximum log composite likelihood: -19.9290270539.
2019-08-01 12:47:06,222 - INFO - Optimal value of theta: 49.7270580598.
2019-08-01 12:47:06,223 - INFO - Beginning optimization with guess, [0.53354276 0.10609991].
2019-08-01 12:47:06,586 - INFO - Finished optimization with guess, [0.53354276 0.10609991].
2019-08-01 12:47:06,586 - INFO - Best fit parameters: [0.01392588 0.0004168 ].
2019-08-01 12:47:06,593 - INFO - Maximum log composite likelihood: -19.9315514192.
2019-08-01 12:47:06,594 - INFO - Optimal value of theta: 49.5743111397.
2019-08-01 12:47:06,594 - INFO - Beginning optimization with guess, [0.67946876 0.07151355].
2019-08-01 12:47:06,954 - INFO - Finished optimization with guess, [0.67946876 0.07151355].
2019-08-01 12:47:06,954 - INFO - Best fit parameters: [1.97029911e-03 5.98157513e-05].
2019-08-01 12:47:06,961 - INFO - Maximum log composite likelihood: -19.9291369449.
2019-08-01 12:47:06,961 - INFO - Optimal value of theta: 49.659325926.
2019-08-01 12:47:06,962 - INFO - Beginning optimization with guess, [0.47366583 0.09103696].
2019-08-01 12:47:07,323 - INFO - Finished optimization with guess, [0.47366583 0.09103696].
2019-08-01 12:47:07,323 - INFO - Best fit parameters: [2.56556037e-03 7.90182004e-05].
2019-08-01 12:47:07,330 - INFO - Maximum log composite likelihood: -19.9291992533.
2019-08-01 12:47:07,331 - INFO - Optimal value of theta: 49.7025854031.
2019-08-01 12:47:07,331 - INFO - Beginning optimization with guess, [0.56182632 0.07100944].
2019-08-01 12:47:07,690 - INFO - Finished optimization with guess, [0.56182632 0.07100944].
2019-08-01 12:47:07,690 - INFO - Best fit parameters: [2.14759650e-03 6.57336903e-05].
2019-08-01 12:47:07,697 - INFO - Maximum log composite likelihood: -19.9291183118.
2019-08-01 12:47:07,697 - INFO - Optimal value of theta: 49.6843714721.
2019-08-01 12:47:07,697 - INFO - Beginning optimization with guess, [0.39611736 0.14074814].
2019-08-01 12:47:08,062 - INFO - Finished optimization with guess, [0.39611736 0.14074814].
2019-08-01 12:47:08,062 - INFO - Best fit parameters: [0.00997847 0.00029442].
2019-08-01 12:47:08,069 - INFO - Maximum log composite likelihood: -19.9314741136.
2019-08-01 12:47:08,070 - INFO - Optimal value of theta: 49.5441888694.
2019-08-01 12:47:08,070 - INFO - Beginning optimization with guess, [0.51431746 0.06254034].
2019-08-01 12:47:08,428 - INFO - Finished optimization with guess, [0.51431746 0.06254034].
2019-08-01 12:47:08,428 - INFO - Best fit parameters: [0.00761803 0.00022847].
2019-08-01 12:47:08,435 - INFO - Maximum log composite likelihood: -19.9303341671.
2019-08-01 12:47:08,436 - INFO - Optimal value of theta: 49.6020773161.
2019-08-01 12:47:08,436 - INFO - Beginning optimization with guess, [0.35268154 0.08857854].
2019-08-01 12:47:08,798 - INFO - Finished optimization with guess, [0.35268154 0.08857854].
2019-08-01 12:47:08,798 - INFO - Best fit parameters: [0.00396615 0.00012013].
2019-08-01 12:47:08,805 - INFO - Maximum log composite likelihood: -19.9294838813.
2019-08-01 12:47:08,805 - INFO - Optimal value of theta: 49.6451825751.
2019-08-01 12:47:08,806 - INFO - Beginning optimization with guess, [0.59766452 0.1113444 ].
2019-08-01 12:47:09,168 - INFO - Finished optimization with guess, [0.59766452 0.1113444 ].
2019-08-01 12:47:09,169 - INFO - Best fit parameters: [0.01321779 0.00040493].
2019-08-01 12:47:09,176 - INFO - Maximum log composite likelihood: -19.9308243651.
2019-08-01 12:47:09,176 - INFO - Optimal value of theta: 49.6484747591.
2019-08-01 12:47:09,176 - INFO - Beginning optimization with guess, [0.32628214 0.18238635].
2019-08-01 12:47:09,553 - INFO - Finished optimization with guess, [0.32628214 0.18238635].
2019-08-01 12:47:09,553 - INFO - Best fit parameters: [0.04295073 0.0013898 ].
2019-08-01 12:47:09,560 - INFO - Maximum log composite likelihood: -19.9354580021.
2019-08-01 12:47:09,560 - INFO - Optimal value of theta: 49.7135512481.
2019-08-01 12:47:09,560 - INFO - Beginning optimization with guess, [0.67687514 0.07739024].
2019-08-01 12:47:10,084 - INFO - Finished optimization with guess, [0.67687514 0.07739024].
2019-08-01 12:47:10,084 - INFO - Best fit parameters: [1.00000000e-04 3.05656975e-06].
2019-08-01 12:47:10,091 - INFO - Maximum log composite likelihood: -19.9288181633.
2019-08-01 12:47:10,092 - INFO - Optimal value of theta: 49.6871604347.
2019-08-01 12:47:10,092 - INFO - Beginning optimization with guess, [0.46553971 0.06391833].
2019-08-01 12:47:10,452 - INFO - Finished optimization with guess, [0.46553971 0.06391833].
2019-08-01 12:47:10,452 - INFO - Best fit parameters: [1.68399840e-03 5.12833918e-05].
2019-08-01 12:47:10,458 - INFO - Maximum log composite likelihood: -19.9290662546.
2019-08-01 12:47:10,459 - INFO - Optimal value of theta: 49.670068241.
2019-08-01 12:47:10,459 - INFO - Beginning optimization with guess, [0.91554098 0.05099781].
2019-08-01 12:47:10,817 - INFO - Finished optimization with guess, [0.91554098 0.05099781].
2019-08-01 12:47:10,818 - INFO - Best fit parameters: [0.01330751 0.00040697].
2019-08-01 12:47:10,825 - INFO - Maximum log composite likelihood: -19.9308603434.
2019-08-01 12:47:10,825 - INFO - Optimal value of theta: 49.6427618669.
2019-08-01 12:47:10,825 - INFO - Beginning optimization with guess, [0.89117907 0.0566226 ].
2019-08-01 12:47:11,184 - INFO - Finished optimization with guess, [0.89117907 0.0566226 ].
2019-08-01 12:47:11,184 - INFO - Best fit parameters: [1.11525837e-03 3.38089723e-05].
2019-08-01 12:47:11,191 - INFO - Maximum log composite likelihood: -19.9290195265.
2019-08-01 12:47:11,192 - INFO - Optimal value of theta: 49.6577698254.
2019-08-01 12:47:11,192 - INFO - Beginning optimization with guess, [0.26545391 0.07560919].
2019-08-01 12:47:11,552 - INFO - Finished optimization with guess, [0.26545391 0.07560919].
2019-08-01 12:47:11,552 - INFO - Best fit parameters: [1.00000000e-04 3.04636564e-06].
2019-08-01 12:47:11,559 - INFO - Maximum log composite likelihood: -19.9288253322.
2019-08-01 12:47:11,560 - INFO - Optimal value of theta: 49.6766360731.
2019-08-01 12:47:11,560 - INFO - Beginning optimization with guess, [0.36085562 0.08217846].
2019-08-01 12:47:11,922 - INFO - Finished optimization with guess, [0.36085562 0.08217846].
2019-08-01 12:47:11,922 - INFO - Best fit parameters: [0.00416382 0.00012668].
2019-08-01 12:47:11,929 - INFO - Maximum log composite likelihood: -19.9294575912.
2019-08-01 12:47:11,929 - INFO - Optimal value of theta: 49.6583390835.
2019-08-01 12:47:11,929 - INFO - Beginning optimization with guess, [0.68060738 0.13687508].
2019-08-01 12:47:12,318 - INFO - Finished optimization with guess, [0.68060738 0.13687508].
2019-08-01 12:47:12,319 - INFO - Best fit parameters: [0.03562285 0.00119   ].
2019-08-01 12:47:12,327 - INFO - Maximum log composite likelihood: -19.9353756309.
2019-08-01 12:47:12,327 - INFO - Optimal value of theta: 49.8447195452.
2019-08-01 12:47:12,327 - INFO - Beginning optimization with guess, [0.55039121 0.08550828].
2019-08-01 12:47:12,768 - INFO - Finished optimization with guess, [0.55039121 0.08550828].
2019-08-01 12:47:12,768 - INFO - Best fit parameters: [0.01459338 0.00043841].
2019-08-01 12:47:12,776 - INFO - Maximum log composite likelihood: -19.9315309493.
2019-08-01 12:47:12,777 - INFO - Optimal value of theta: 49.583421399.
2019-08-01 12:47:12,788 - INFO - Finished demographic inference.
2019-08-01 12:47:12,788 - INFO - Beginning DFE inference.
2019-08-01 12:47:14,138 - INFO - Beginning optimization with guess, [5.71480630e-02 2.23275593e+02].
2019-08-01 12:47:22,455 - INFO - Finished optomization, results are [-24.071461272772666 array([8.64007555e-02, 8.88389582e+02])].
2019-08-01 12:47:22,472 - INFO - Beginning optimization with guess, [1.40654395e-01 1.96521515e+02].
2019-08-01 12:47:35,206 - INFO - Finished optomization, results are [-24.071402793670668 array([8.72701659e-02, 8.42684548e+02])].
2019-08-01 12:47:35,223 - INFO - Beginning optimization with guess, [  0.11072661 110.2306946 ].
2019-08-01 12:47:46,352 - INFO - Finished optomization, results are [-24.071447174340175 array([8.68166451e-02, 8.63379925e+02])].
2019-08-01 12:47:46,352 - INFO - Beginning optimization with guess, [4.81119733e-02 7.50822703e+01].
2019-08-01 12:47:52,914 - INFO - Finished optomization, results are [-24.071487073712547 array([8.64060288e-02, 8.85168023e+02])].
2019-08-01 12:47:52,915 - INFO - Beginning optimization with guess, [ 0.09818882 93.94423467].
2019-08-01 12:47:55,560 - INFO - Finished optomization, results are [-24.07143875162499 array([8.70348174e-02, 8.51745996e+02])].
2019-08-01 12:47:55,560 - INFO - Beginning optimization with guess, [  0.14101916 133.6522309 ].
2019-08-01 12:47:59,818 - INFO - Finished optomization, results are [-24.071437712579822 array([8.69762938e-02, 8.55062992e+02])].
2019-08-01 12:47:59,819 - INFO - Beginning optimization with guess, [9.20942444e-02 1.86205483e+02].
2019-08-01 12:48:07,567 - INFO - Finished optomization, results are [-24.071483509396316 array([8.62480400e-02, 8.96375621e+02])].
2019-08-01 12:48:07,567 - INFO - Beginning optimization with guess, [  0.13419189 106.93352129].
2019-08-01 12:48:11,548 - INFO - Finished optomization, results are [-24.07146585317512 array([8.63149272e-02, 8.94343796e+02])].
2019-08-01 12:48:11,548 - INFO - Beginning optimization with guess, [7.68801809e-02 9.76283747e+01].
2019-08-01 12:48:15,400 - INFO - Finished optomization, results are [-24.07143579219253 array([8.69746891e-02, 8.55311672e+02])].
2019-08-01 12:48:15,400 - INFO - Beginning optimization with guess, [ 0.09613052 82.4235685 ].
2019-08-01 12:48:20,449 - INFO - Finished optomization, results are [-24.071413440388262 array([8.68209662e-02, 8.67648987e+02])].
2019-08-01 12:48:20,449 - INFO - Beginning optimization with guess, [6.74654922e-02 1.50363141e+02].
2019-08-01 12:48:25,730 - INFO - Finished optomization, results are [-24.071470765492887 array([8.63194978e-02, 8.92942140e+02])].
2019-08-01 12:48:25,731 - INFO - Beginning optimization with guess, [8.44807376e-02 1.31170059e+02].
2019-08-01 12:48:32,328 - INFO - Finished optomization, results are [-24.07146371203644 array([8.65701511e-02, 8.76800521e+02])].
2019-08-01 12:48:32,328 - INFO - Beginning optimization with guess, [9.87974891e-02 1.70740020e+02].
2019-08-01 12:48:36,110 - INFO - Finished optomization, results are [-24.07149678094277 array([8.60782582e-02, 9.09740835e+02])].
2019-08-01 12:48:36,110 - INFO - Beginning optimization with guess, [1.23643269e-01 1.86329861e+02].
2019-08-01 12:48:38,649 - INFO - Finished optomization, results are [-24.071424467458307 array([8.70942361e-02, 8.49697777e+02])].
2019-08-01 12:48:38,650 - INFO - Beginning optimization with guess, [7.14723055e-02 8.28986295e+01].
2019-08-01 12:48:44,411 - INFO - Finished optomization, results are [-24.071416168068318 array([8.69019163e-02, 8.61676885e+02])].
2019-08-01 12:48:44,411 - INFO - Beginning optimization with guess, [4.89815754e-02 1.17656429e+02].
2019-08-01 12:48:48,944 - INFO - Finished optomization, results are [-24.071451648418908 array([8.66570115e-02, 8.72529336e+02])].
2019-08-01 12:48:48,944 - INFO - Beginning optimization with guess, [7.62379984e-02 9.08693602e+01].
2019-08-01 12:48:55,323 - INFO - Finished optomization, results are [-24.071445197919772 array([8.65487115e-02, 8.80321926e+02])].
2019-08-01 12:48:55,324 - INFO - Beginning optimization with guess, [6.27201197e-02 1.75406586e+02].
2019-08-01 12:48:59,514 - INFO - Finished optomization, results are [-24.071466771985076 array([8.64983466e-02, 8.81067543e+02])].
2019-08-01 12:48:59,514 - INFO - Beginning optimization with guess, [6.18312828e-02 1.50269568e+02].
2019-08-01 12:49:02,105 - INFO - Finished optomization, results are [-24.071469071290164 array([8.66271333e-02, 8.72860568e+02])].
2019-08-01 12:49:02,105 - INFO - Beginning optimization with guess, [6.14175027e-02 1.31601188e+02].
2019-08-01 12:49:06,977 - INFO - Finished optomization, results are [-24.07146399424832 array([8.65897282e-02, 8.75558857e+02])].
2019-08-01 12:49:06,978 - INFO - Beginning optimization with guess, [7.34988868e-02 7.78623681e+01].
2019-08-01 12:49:10,885 - INFO - Finished optomization, results are [-24.07141083060545 array([8.69325394e-02, 8.60697084e+02])].
2019-08-01 12:49:10,885 - INFO - Beginning optimization with guess, [6.73299060e-02 2.34443601e+02].
2019-08-01 12:49:16,989 - INFO - Finished optomization, results are [-24.071443199503605 array([8.67532112e-02, 8.67480585e+02])].
2019-08-01 12:49:16,990 - INFO - Beginning optimization with guess, [ 0.12357374 85.59322715].
2019-08-01 12:49:23,509 - INFO - Finished optomization, results are [-24.071473913409342 array([8.6542676e-02, 8.7763778e+02])].
2019-08-01 12:49:23,510 - INFO - Beginning optimization with guess, [1.60166183e-01 2.37228827e+02].
2019-08-01 12:49:27,625 - INFO - Finished optomization, results are [-24.071459146045985 array([8.64245041e-02, 8.86987055e+02])].
2019-08-01 12:49:27,625 - INFO - Beginning optimization with guess, [6.92211125e-02 1.94334007e+02].
2019-08-01 12:49:31,117 - INFO - Finished optomization, results are [-24.071446569742772 array([8.68785181e-02, 8.59867883e+02])].
2019-08-01 12:49:31,118 - INFO - Beginning optimization with guess, [ 0.17334424 86.25467964].
2019-08-01 12:49:36,127 - INFO - Finished optomization, results are [-24.071459555346358 array([8.64713942e-02, 8.83641156e+02])].
2019-08-01 12:49:36,128 - INFO - Beginning optimization with guess, [6.25867886e-02 9.62069834e+01].
2019-08-01 12:49:40,444 - INFO - Finished optomization, results are [-24.07144519029817 array([8.65290410e-02, 8.81720566e+02])].
2019-08-01 12:49:40,444 - INFO - Beginning optimization with guess, [  0.16826331 116.08077299].
2019-08-01 12:49:45,630 - INFO - Finished optomization, results are [-24.071410071447445 array([8.70500360e-02, 8.53782072e+02])].
2019-08-01 12:49:45,631 - INFO - Beginning optimization with guess, [  0.15530713 140.30743668].
2019-08-01 12:49:50,617 - INFO - Finished optomization, results are [-24.071425056617475 array([8.70238718e-02, 8.53527097e+02])].
2019-08-01 12:49:50,617 - INFO - Beginning optimization with guess, [5.84784226e-02 1.22542780e+02].
2019-08-01 12:49:56,468 - INFO - Finished optomization, results are [-24.07145693062395 array([8.64550623e-02, 8.85129589e+02])].
2019-08-01 12:49:56,469 - INFO - Beginning optimization with guess, [ 0.13299477 78.19379672].
2019-08-01 12:49:59,530 - INFO - Finished optomization, results are [-24.07147134870123 array([8.66714371e-02, 8.70044722e+02])].
2019-08-01 12:49:59,531 - INFO - Beginning optimization with guess, [ 0.16365174 86.75814267].
2019-08-01 12:50:06,060 - INFO - Finished optomization, results are [-24.07144763073671 array([8.65817387e-02, 8.77747372e+02])].
2019-08-01 12:50:06,061 - INFO - Beginning optimization with guess, [8.43978493e-02 9.53783001e+01].
2019-08-01 12:50:11,687 - INFO - Finished optomization, results are [-24.071444326335133 array([8.68633583e-02, 8.60915261e+02])].
2019-08-01 12:50:11,689 - INFO - Beginning optimization with guess, [1.44232311e-01 1.98483733e+02].
2019-08-01 12:50:16,525 - INFO - Finished optomization, results are [-24.071488405077595 array([8.61653095e-02, 9.02210305e+02])].
2019-08-01 12:50:16,526 - INFO - Beginning optimization with guess, [1.06038635e-01 1.20496840e+02].
2019-08-01 12:50:21,433 - INFO - Finished optomization, results are [-24.071495258327456 array([8.61779173e-02, 9.00005776e+02])].
2019-08-01 12:50:21,434 - INFO - Beginning optimization with guess, [6.68002698e-02 1.15621280e+02].
2019-08-01 12:50:25,683 - INFO - Finished optomization, results are [-24.071437378351096 array([8.66853445e-02, 8.72313307e+02])].
2019-08-01 12:50:25,683 - INFO - Beginning optimization with guess, [5.21263778e-02 8.65265890e+01].
2019-08-01 12:50:28,561 - INFO - Finished optomization, results are [-24.071410286743824 array([8.72544538e-02, 8.42547288e+02])].
2019-08-01 12:50:28,562 - INFO - Beginning optimization with guess, [  0.11049265 100.95666287].
2019-08-01 12:50:33,602 - INFO - Finished optomization, results are [-24.07148615879382 array([8.62287638e-02, 8.97446070e+02])].
2019-08-01 12:50:33,603 - INFO - Beginning optimization with guess, [ 0.11689523 80.99924181].
2019-08-01 12:50:39,992 - INFO - Finished optomization, results are [-24.071463536675527 array([8.63130522e-02, 8.95354254e+02])].
2019-08-01 12:50:39,992 - INFO - Beginning optimization with guess, [ 0.0748174  62.44608033].
2019-08-01 12:50:45,007 - INFO - Finished optomization, results are [-24.071522718013494 array([8.59628397e-02, 9.13204638e+02])].
2019-08-01 12:50:45,008 - INFO - Beginning optimization with guess, [ 0.13171806 78.08576833].
2019-08-01 12:50:49,729 - INFO - Finished optomization, results are [-24.07150459672508 array([8.60471383e-02, 9.09410040e+02])].
2019-08-01 12:50:49,729 - INFO - Beginning optimization with guess, [7.05980226e-02 7.92315799e+01].
2019-08-01 12:50:55,483 - INFO - Finished optomization, results are [-24.07140892195143 array([8.69238468e-02, 8.61672733e+02])].
2019-08-01 12:50:55,484 - INFO - Beginning optimization with guess, [7.28812997e-02 1.55740200e+02].
2019-08-01 12:51:00,475 - INFO - Finished optomization, results are [-24.071480051235156 array([8.64341684e-02, 8.83964990e+02])].
2019-08-01 12:51:00,475 - INFO - Beginning optimization with guess, [9.76570496e-02 1.95989134e+02].
2019-08-01 12:51:05,401 - INFO - Finished optomization, results are [-24.07142931452148 array([8.69160695e-02, 8.59234222e+02])].
2019-08-01 12:51:05,402 - INFO - Beginning optimization with guess, [1.78069634e-01 1.97441988e+02].
2019-08-01 12:51:09,591 - INFO - Finished optomization, results are [-24.071430513366156 array([8.65974887e-02, 8.80273823e+02])].
2019-08-01 12:51:09,592 - INFO - Beginning optimization with guess, [4.67999765e-02 8.31189998e+01].
2019-08-01 12:51:13,959 - INFO - Finished optomization, results are [-24.071492357825623 array([8.63310320e-02, 8.89595617e+02])].
2019-08-01 12:51:13,959 - INFO - Beginning optimization with guess, [1.01088730e-01 1.47687799e+02].
2019-08-01 12:51:17,456 - INFO - Finished optomization, results are [-24.071490223010244 array([8.61412605e-02, 9.04004211e+02])].
2019-08-01 12:51:17,458 - INFO - Beginning optimization with guess, [ 0.12111738 73.13057313].
2019-08-01 12:51:23,151 - INFO - Finished optomization, results are [-24.071472187159667 array([8.62417854e-02, 9.00317523e+02])].
2019-08-01 12:51:23,151 - INFO - Beginning optimization with guess, [1.42751651e-01 2.06094977e+02].
2019-08-01 12:51:28,855 - INFO - Finished optomization, results are [-24.07148038208898 array([8.62586788e-02, 8.96042364e+02])].
2019-08-01 12:51:28,855 - INFO - Beginning optimization with guess, [5.70090303e-02 7.65254779e+01].
2019-08-01 12:51:32,632 - INFO - Finished optomization, results are [-24.071496883380465 array([8.61992386e-02, 8.98217520e+02])].
2019-08-01 12:51:32,632 - INFO - Finished DFE inference.
2019-08-01 12:51:32,632 - INFO - Integrating expected site-frequency spectrum.
2019-08-01 12:51:32,647 - INFO - Outputing results.
2019-08-01 12:51:32,652 - INFO - Pipeline executed succesfully.
