2019-08-01 09:08:53,164 - INFO - Beginning execution of fitdadi_infer_DFE.py in directory /u/home/j/jonmah/lohmueller_lab/Scripts

2019-08-01 09:08:53,172 - INFO - Progress is being logged to ../Data/AW_array_2000/seed_77_fitdadi_output/log.log

2019-08-01 09:08:53,172 - INFO - Parsed the following arguments:
	breed = AW
	outprefix = ../Data/AW_array_2000/seed_77_fitdadi_output/
	nonsyn_input_sfs = ../Data/AW_array_2000/seed_77_easySFS_output_nonsyn/dadi/pop1.sfs
	syn_input_sfs = ../Data/AW_array_2000/seed_77_easySFS_output_syn/dadi/pop1.sfs

2019-08-01 09:08:53,176 - INFO - Beginning optimization with guess, [0.30655667 0.07283096].
2019-08-01 09:08:54,511 - INFO - Finished optimization with guess, [0.30655667 0.07283096].
2019-08-01 09:08:54,512 - INFO - Best fit parameters: [0.14503033 0.32207568].
2019-08-01 09:08:54,528 - INFO - Maximum log composite likelihood: -22.4843258669.
2019-08-01 09:08:54,528 - INFO - Optimal value of theta: 240.47049051.
2019-08-01 09:08:54,528 - INFO - Beginning optimization with guess, [0.76009351 0.08650849].
2019-08-01 09:08:55,949 - INFO - Finished optimization with guess, [0.76009351 0.08650849].
2019-08-01 09:08:55,950 - INFO - Best fit parameters: [0.16247491 0.33896989].
2019-08-01 09:08:55,965 - INFO - Maximum log composite likelihood: -22.4843496463.
2019-08-01 09:08:55,965 - INFO - Optimal value of theta: 214.652037777.
2019-08-01 09:08:55,966 - INFO - Beginning optimization with guess, [0.86626944 0.15407284].
2019-08-01 09:08:57,330 - INFO - Finished optimization with guess, [0.86626944 0.15407284].
2019-08-01 09:08:57,330 - INFO - Best fit parameters: [0.14064249 0.31770352].
2019-08-01 09:08:57,346 - INFO - Maximum log composite likelihood: -22.4843578716.
2019-08-01 09:08:57,347 - INFO - Optimal value of theta: 248.164473583.
2019-08-01 09:08:57,347 - INFO - Beginning optimization with guess, [0.50814615 0.05527938].
2019-08-01 09:08:59,461 - INFO - Finished optimization with guess, [0.50814615 0.05527938].
2019-08-01 09:08:59,461 - INFO - Best fit parameters: [0.13805792 0.31370448].
2019-08-01 09:08:59,477 - INFO - Maximum log composite likelihood: -22.4842845806.
2019-08-01 09:08:59,477 - INFO - Optimal value of theta: 252.103045257.
2019-08-01 09:08:59,478 - INFO - Beginning optimization with guess, [0.25196462 0.1935881 ].
2019-08-01 09:09:00,998 - INFO - Finished optimization with guess, [0.25196462 0.1935881 ].
2019-08-01 09:09:00,998 - INFO - Best fit parameters: [0.1677814  0.34371216].
2019-08-01 09:09:01,014 - INFO - Maximum log composite likelihood: -22.4843717761.
2019-08-01 09:09:01,014 - INFO - Optimal value of theta: 207.922878262.
2019-08-01 09:09:01,014 - INFO - Beginning optimization with guess, [0.34286997 0.07148156].
2019-08-01 09:09:02,350 - INFO - Finished optimization with guess, [0.34286997 0.07148156].
2019-08-01 09:09:02,350 - INFO - Best fit parameters: [0.14325211 0.32047044].
2019-08-01 09:09:02,366 - INFO - Maximum log composite likelihood: -22.4843535678.
2019-08-01 09:09:02,367 - INFO - Optimal value of theta: 243.613445777.
2019-08-01 09:09:02,367 - INFO - Beginning optimization with guess, [0.83475695 0.18776825].
2019-08-01 09:09:03,781 - INFO - Finished optimization with guess, [0.83475695 0.18776825].
2019-08-01 09:09:03,784 - INFO - Best fit parameters: [0.14120008 0.31826395].
2019-08-01 09:09:03,800 - INFO - Maximum log composite likelihood: -22.4843522625.
2019-08-01 09:09:03,800 - INFO - Optimal value of theta: 247.156426765.
2019-08-01 09:09:03,800 - INFO - Beginning optimization with guess, [0.9393772  0.14003338].
2019-08-01 09:09:05,108 - INFO - Finished optimization with guess, [0.9393772  0.14003338].
2019-08-01 09:09:05,108 - INFO - Best fit parameters: [0.15523615 0.3314241 ].
2019-08-01 09:09:05,123 - INFO - Maximum log composite likelihood: -22.48430299.
2019-08-01 09:09:05,124 - INFO - Optimal value of theta: 224.234455116.
2019-08-01 09:09:05,124 - INFO - Beginning optimization with guess, [0.2731157 0.0907122].
2019-08-01 09:09:06,414 - INFO - Finished optimization with guess, [0.2731157 0.0907122].
2019-08-01 09:09:06,416 - INFO - Best fit parameters: [0.15532257 0.33252169].
2019-08-01 09:09:06,431 - INFO - Maximum log composite likelihood: -22.4843513465.
2019-08-01 09:09:06,431 - INFO - Optimal value of theta: 224.606746381.
2019-08-01 09:09:06,431 - INFO - Beginning optimization with guess, [0.58300632 0.08086987].
2019-08-01 09:09:07,941 - INFO - Finished optimization with guess, [0.58300632 0.08086987].
2019-08-01 09:09:07,941 - INFO - Best fit parameters: [0.17474866 0.34920341].
2019-08-01 09:09:07,956 - INFO - Maximum log composite likelihood: -22.4843735055.
2019-08-01 09:09:07,956 - INFO - Optimal value of theta: 199.561238892.
2019-08-01 09:09:07,956 - INFO - Beginning optimization with guess, [0.35871848 0.08946131].
2019-08-01 09:09:09,448 - INFO - Finished optimization with guess, [0.35871848 0.08946131].
2019-08-01 09:09:09,448 - INFO - Best fit parameters: [0.15961498 0.33582892].
2019-08-01 09:09:09,464 - INFO - Maximum log composite likelihood: -22.4843139954.
2019-08-01 09:09:09,464 - INFO - Optimal value of theta: 218.238618341.
2019-08-01 09:09:09,464 - INFO - Beginning optimization with guess, [0.52418577 0.1551859 ].
2019-08-01 09:09:10,845 - INFO - Finished optimization with guess, [0.52418577 0.1551859 ].
2019-08-01 09:09:10,845 - INFO - Best fit parameters: [0.14157783 0.31847679].
2019-08-01 09:09:10,861 - INFO - Maximum log composite likelihood: -22.4843302354.
2019-08-01 09:09:10,861 - INFO - Optimal value of theta: 246.380949954.
2019-08-01 09:09:10,861 - INFO - Beginning optimization with guess, [0.89044123 0.09684322].
2019-08-01 09:09:12,182 - INFO - Finished optimization with guess, [0.89044123 0.09684322].
2019-08-01 09:09:12,182 - INFO - Best fit parameters: [0.15887128 0.33607463].
2019-08-01 09:09:12,197 - INFO - Maximum log composite likelihood: -22.4843802346.
2019-08-01 09:09:12,198 - INFO - Optimal value of theta: 219.693338936.
2019-08-01 09:09:12,198 - INFO - Beginning optimization with guess, [0.33031172 0.19209575].
2019-08-01 09:09:13,658 - INFO - Finished optimization with guess, [0.33031172 0.19209575].
2019-08-01 09:09:13,658 - INFO - Best fit parameters: [0.14347248 0.32077543].
2019-08-01 09:09:13,674 - INFO - Maximum log composite likelihood: -22.4843626385.
2019-08-01 09:09:13,675 - INFO - Optimal value of theta: 243.279225473.
2019-08-01 09:09:13,675 - INFO - Beginning optimization with guess, [0.29736957 0.05516759].
2019-08-01 09:09:14,902 - INFO - Finished optimization with guess, [0.29736957 0.05516759].
2019-08-01 09:09:14,902 - INFO - Best fit parameters: [0.1542413  0.33161122].
2019-08-01 09:09:14,918 - INFO - Maximum log composite likelihood: -22.4843632185.
2019-08-01 09:09:14,918 - INFO - Optimal value of theta: 226.244304188.
2019-08-01 09:09:14,918 - INFO - Beginning optimization with guess, [0.32502231 0.05545252].
2019-08-01 09:09:16,281 - INFO - Finished optimization with guess, [0.32502231 0.05545252].
2019-08-01 09:09:16,283 - INFO - Best fit parameters: [0.13646538 0.31298828].
2019-08-01 09:09:16,299 - INFO - Maximum log composite likelihood: -22.4843459951.
2019-08-01 09:09:16,299 - INFO - Optimal value of theta: 255.719470938.
2019-08-01 09:09:16,300 - INFO - Beginning optimization with guess, [0.42251786 0.14006947].
2019-08-01 09:09:17,719 - INFO - Finished optimization with guess, [0.42251786 0.14006947].
2019-08-01 09:09:17,720 - INFO - Best fit parameters: [0.16428887 0.34056511].
2019-08-01 09:09:17,736 - INFO - Maximum log composite likelihood: -22.4843525925.
2019-08-01 09:09:17,736 - INFO - Optimal value of theta: 212.279923581.
2019-08-01 09:09:17,736 - INFO - Beginning optimization with guess, [0.30593645 0.13901663].
2019-08-01 09:09:19,366 - INFO - Finished optimization with guess, [0.30593645 0.13901663].
2019-08-01 09:09:19,366 - INFO - Best fit parameters: [0.12118751 0.29438064].
2019-08-01 09:09:19,384 - INFO - Maximum log composite likelihood: -22.4843220184.
2019-08-01 09:09:19,384 - INFO - Optimal value of theta: 287.865713614.
2019-08-01 09:09:19,384 - INFO - Beginning optimization with guess, [0.26111696 0.05991664].
2019-08-01 09:09:20,754 - INFO - Finished optimization with guess, [0.26111696 0.05991664].
2019-08-01 09:09:20,755 - INFO - Best fit parameters: [0.14398802 0.32119621].
2019-08-01 09:09:20,771 - INFO - Maximum log composite likelihood: -22.4843474391.
2019-08-01 09:09:20,771 - INFO - Optimal value of theta: 242.335784311.
2019-08-01 09:09:20,771 - INFO - Beginning optimization with guess, [0.82667772 0.16331442].
2019-08-01 09:09:22,227 - INFO - Finished optimization with guess, [0.82667772 0.16331442].
2019-08-01 09:09:22,227 - INFO - Best fit parameters: [0.14603284 0.32348476].
2019-08-01 09:09:22,243 - INFO - Maximum log composite likelihood: -22.4843666196.
2019-08-01 09:09:22,244 - INFO - Optimal value of theta: 239.020092892.
2019-08-01 09:09:22,244 - INFO - Beginning optimization with guess, [0.74414945 0.07500409].
2019-08-01 09:09:23,589 - INFO - Finished optimization with guess, [0.74414945 0.07500409].
2019-08-01 09:09:23,589 - INFO - Best fit parameters: [0.14648852 0.32378123].
2019-08-01 09:09:23,605 - INFO - Maximum log composite likelihood: -22.4843458845.
2019-08-01 09:09:23,606 - INFO - Optimal value of theta: 238.179215125.
2019-08-01 09:09:23,606 - INFO - Beginning optimization with guess, [0.74889412 0.10301927].
2019-08-01 09:09:24,896 - INFO - Finished optimization with guess, [0.74889412 0.10301927].
2019-08-01 09:09:24,897 - INFO - Best fit parameters: [0.14908073 0.32638036].
2019-08-01 09:09:24,913 - INFO - Maximum log composite likelihood: -22.4843428742.
2019-08-01 09:09:24,913 - INFO - Optimal value of theta: 234.008113052.
2019-08-01 09:09:24,914 - INFO - Beginning optimization with guess, [0.57340749 0.0651437 ].
2019-08-01 09:09:26,856 - INFO - Finished optimization with guess, [0.57340749 0.0651437 ].
2019-08-01 09:09:26,857 - INFO - Best fit parameters: [0.14809604 0.32470961].
2019-08-01 09:09:26,873 - INFO - Maximum log composite likelihood: -22.4842976603.
2019-08-01 09:09:26,873 - INFO - Optimal value of theta: 235.203399526.
2019-08-01 09:09:26,873 - INFO - Beginning optimization with guess, [0.709397   0.14522974].
2019-08-01 09:09:28,156 - INFO - Finished optimization with guess, [0.709397   0.14522974].
2019-08-01 09:09:28,156 - INFO - Best fit parameters: [0.15911322 0.3363307 ].
2019-08-01 09:09:28,171 - INFO - Maximum log composite likelihood: -22.4843845033.
2019-08-01 09:09:28,172 - INFO - Optimal value of theta: 219.374595506.
2019-08-01 09:09:28,172 - INFO - Beginning optimization with guess, [0.4528792  0.07398566].
2019-08-01 09:09:29,546 - INFO - Finished optimization with guess, [0.4528792  0.07398566].
2019-08-01 09:09:29,547 - INFO - Best fit parameters: [0.16740278 0.34350862].
2019-08-01 09:09:29,562 - INFO - Maximum log composite likelihood: -22.4843820191.
2019-08-01 09:09:29,562 - INFO - Optimal value of theta: 208.442261582.
2019-08-01 09:09:29,562 - INFO - Beginning optimization with guess, [0.95980442 0.18209938].
2019-08-01 09:09:30,958 - INFO - Finished optimization with guess, [0.95980442 0.18209938].
2019-08-01 09:09:30,959 - INFO - Best fit parameters: [0.14017631 0.31689997].
2019-08-01 09:09:30,974 - INFO - Maximum log composite likelihood: -22.4843239776.
2019-08-01 09:09:30,975 - INFO - Optimal value of theta: 248.81391604.
2019-08-01 09:09:30,975 - INFO - Beginning optimization with guess, [0.27379934 0.09568083].
2019-08-01 09:09:32,290 - INFO - Finished optimization with guess, [0.27379934 0.09568083].
2019-08-01 09:09:32,290 - INFO - Best fit parameters: [0.15054116 0.32780335].
2019-08-01 09:09:32,306 - INFO - Maximum log composite likelihood: -22.4843401915.
2019-08-01 09:09:32,306 - INFO - Optimal value of theta: 231.714681323.
2019-08-01 09:09:32,306 - INFO - Beginning optimization with guess, [0.76830711 0.06035668].
2019-08-01 09:09:34,266 - INFO - Finished optimization with guess, [0.76830711 0.06035668].
2019-08-01 09:09:34,267 - INFO - Best fit parameters: [0.14508493 0.32211546].
2019-08-01 09:09:34,283 - INFO - Maximum log composite likelihood: -22.4843243596.
2019-08-01 09:09:34,283 - INFO - Optimal value of theta: 240.370147767.
2019-08-01 09:09:34,283 - INFO - Beginning optimization with guess, [0.78087102 0.10900854].
2019-08-01 09:09:35,647 - INFO - Finished optimization with guess, [0.78087102 0.10900854].
2019-08-01 09:09:35,647 - INFO - Best fit parameters: [0.14874751 0.32591526].
2019-08-01 09:09:35,663 - INFO - Maximum log composite likelihood: -22.4843303668.
2019-08-01 09:09:35,663 - INFO - Optimal value of theta: 234.46436252.
2019-08-01 09:09:35,664 - INFO - Beginning optimization with guess, [0.35763278 0.06203097].
2019-08-01 09:09:37,308 - INFO - Finished optimization with guess, [0.35763278 0.06203097].
2019-08-01 09:09:37,309 - INFO - Best fit parameters: [0.1314255  0.30716446].
2019-08-01 09:09:37,326 - INFO - Maximum log composite likelihood: -22.4843443956.
2019-08-01 09:09:37,326 - INFO - Optimal value of theta: 265.534947022.
2019-08-01 09:09:37,326 - INFO - Beginning optimization with guess, [0.61129873 0.12589302].
2019-08-01 09:09:38,658 - INFO - Finished optimization with guess, [0.61129873 0.12589302].
2019-08-01 09:09:38,658 - INFO - Best fit parameters: [0.14315491 0.3204994 ].
2019-08-01 09:09:38,674 - INFO - Maximum log composite likelihood: -22.4843708696.
2019-08-01 09:09:38,674 - INFO - Optimal value of theta: 243.855238175.
2019-08-01 09:09:38,674 - INFO - Beginning optimization with guess, [0.65989032 0.06315015].
2019-08-01 09:09:40,048 - INFO - Finished optimization with guess, [0.65989032 0.06315015].
2019-08-01 09:09:40,048 - INFO - Best fit parameters: [0.17014453 0.34502962].
2019-08-01 09:09:40,065 - INFO - Maximum log composite likelihood: -22.484337098.
2019-08-01 09:09:40,066 - INFO - Optimal value of theta: 204.76817358.
2019-08-01 09:09:40,066 - INFO - Beginning optimization with guess, [0.97467532 0.09537791].
2019-08-01 09:09:41,400 - INFO - Finished optimization with guess, [0.97467532 0.09537791].
2019-08-01 09:09:41,400 - INFO - Best fit parameters: [0.14507597 0.32232308].
2019-08-01 09:09:41,416 - INFO - Maximum log composite likelihood: -22.484346125.
2019-08-01 09:09:41,416 - INFO - Optimal value of theta: 240.506736971.
2019-08-01 09:09:41,416 - INFO - Beginning optimization with guess, [0.84711008 0.17373244].
2019-08-01 09:09:42,886 - INFO - Finished optimization with guess, [0.84711008 0.17373244].
2019-08-01 09:09:42,886 - INFO - Best fit parameters: [0.14332699 0.32036235].
2019-08-01 09:09:42,903 - INFO - Maximum log composite likelihood: -22.4843325553.
2019-08-01 09:09:42,903 - INFO - Optimal value of theta: 243.378217326.
2019-08-01 09:09:42,903 - INFO - Beginning optimization with guess, [0.70654554 0.16334911].
2019-08-01 09:09:44,793 - INFO - Finished optimization with guess, [0.70654554 0.16334911].
2019-08-01 09:09:44,793 - INFO - Best fit parameters: [0.13781905 0.31434859].
2019-08-01 09:09:44,810 - INFO - Maximum log composite likelihood: -22.4843279375.
2019-08-01 09:09:44,810 - INFO - Optimal value of theta: 253.105475667.
2019-08-01 09:09:44,810 - INFO - Beginning optimization with guess, [0.98355643 0.05917133].
2019-08-01 09:09:46,329 - INFO - Finished optimization with guess, [0.98355643 0.05917133].
2019-08-01 09:09:46,330 - INFO - Best fit parameters: [0.17308618 0.34806417].
2019-08-01 09:09:46,346 - INFO - Maximum log composite likelihood: -22.4843831521.
2019-08-01 09:09:46,346 - INFO - Optimal value of theta: 201.547336259.
2019-08-01 09:09:46,346 - INFO - Beginning optimization with guess, [0.29642932 0.05875123].
2019-08-01 09:09:47,637 - INFO - Finished optimization with guess, [0.29642932 0.05875123].
2019-08-01 09:09:47,637 - INFO - Best fit parameters: [0.15894493 0.33599986].
2019-08-01 09:09:47,653 - INFO - Maximum log composite likelihood: -22.4843646557.
2019-08-01 09:09:47,653 - INFO - Optimal value of theta: 219.524958223.
2019-08-01 09:09:47,653 - INFO - Beginning optimization with guess, [0.64709139 0.05541906].
2019-08-01 09:09:48,929 - INFO - Finished optimization with guess, [0.64709139 0.05541906].
2019-08-01 09:09:48,929 - INFO - Best fit parameters: [0.15048719 0.32766222].
2019-08-01 09:09:48,945 - INFO - Maximum log composite likelihood: -22.4843321452.
2019-08-01 09:09:48,946 - INFO - Optimal value of theta: 231.752323529.
2019-08-01 09:09:48,946 - INFO - Beginning optimization with guess, [0.82711645 0.07688398].
2019-08-01 09:09:50,315 - INFO - Finished optimization with guess, [0.82711645 0.07688398].
2019-08-01 09:09:50,315 - INFO - Best fit parameters: [0.15193635 0.32925728].
2019-08-01 09:09:50,331 - INFO - Maximum log composite likelihood: -22.4843488774.
2019-08-01 09:09:50,331 - INFO - Optimal value of theta: 229.622913161.
2019-08-01 09:09:50,331 - INFO - Beginning optimization with guess, [0.95759971 0.07213129].
2019-08-01 09:09:51,740 - INFO - Finished optimization with guess, [0.95759971 0.07213129].
2019-08-01 09:09:51,741 - INFO - Best fit parameters: [0.16899376 0.34461334].
2019-08-01 09:09:51,756 - INFO - Maximum log composite likelihood: -22.4843646152.
2019-08-01 09:09:51,757 - INFO - Optimal value of theta: 206.38316528.
2019-08-01 09:09:51,757 - INFO - Beginning optimization with guess, [0.44694736 0.06695179].
2019-08-01 09:09:53,126 - INFO - Finished optimization with guess, [0.44694736 0.06695179].
2019-08-01 09:09:53,127 - INFO - Best fit parameters: [0.17769467 0.35183298].
2019-08-01 09:09:53,142 - INFO - Maximum log composite likelihood: -22.484411002.
2019-08-01 09:09:53,142 - INFO - Optimal value of theta: 196.385445108.
2019-08-01 09:09:53,143 - INFO - Beginning optimization with guess, [0.30993189 0.05127569].
2019-08-01 09:09:54,401 - INFO - Finished optimization with guess, [0.30993189 0.05127569].
2019-08-01 09:09:54,401 - INFO - Best fit parameters: [0.17508473 0.34951282].
2019-08-01 09:09:54,416 - INFO - Maximum log composite likelihood: -22.4843777255.
2019-08-01 09:09:54,416 - INFO - Optimal value of theta: 199.195921294.
2019-08-01 09:09:54,417 - INFO - Beginning optimization with guess, [0.25728097 0.11493397].
2019-08-01 09:09:55,853 - INFO - Finished optimization with guess, [0.25728097 0.11493397].
2019-08-01 09:09:55,854 - INFO - Best fit parameters: [0.13170062 0.30753078].
2019-08-01 09:09:55,871 - INFO - Maximum log composite likelihood: -22.4843501841.
2019-08-01 09:09:55,871 - INFO - Optimal value of theta: 265.008159859.
2019-08-01 09:09:55,871 - INFO - Beginning optimization with guess, [0.50883718 0.09120186].
2019-08-01 09:09:57,550 - INFO - Finished optimization with guess, [0.50883718 0.09120186].
2019-08-01 09:09:57,550 - INFO - Best fit parameters: [0.16323438 0.33928456].
2019-08-01 09:09:57,566 - INFO - Maximum log composite likelihood: -22.4843283083.
2019-08-01 09:09:57,566 - INFO - Optimal value of theta: 213.494453873.
2019-08-01 09:09:57,567 - INFO - Beginning optimization with guess, [0.93388736 0.06182626].
2019-08-01 09:09:58,822 - INFO - Finished optimization with guess, [0.93388736 0.06182626].
2019-08-01 09:09:58,823 - INFO - Best fit parameters: [0.16040085 0.33732147].
2019-08-01 09:09:58,839 - INFO - Maximum log composite likelihood: -22.4843657661.
2019-08-01 09:09:58,839 - INFO - Optimal value of theta: 217.526751943.
2019-08-01 09:09:58,839 - INFO - Beginning optimization with guess, [0.34442336 0.09780635].
2019-08-01 09:10:00,193 - INFO - Finished optimization with guess, [0.34442336 0.09780635].
2019-08-01 09:10:00,193 - INFO - Best fit parameters: [0.15354355 0.33080723].
2019-08-01 09:10:00,209 - INFO - Maximum log composite likelihood: -22.4843487342.
2019-08-01 09:10:00,209 - INFO - Optimal value of theta: 227.208251117.
2019-08-01 09:10:00,210 - INFO - Beginning optimization with guess, [0.54146747 0.06398893].
2019-08-01 09:10:01,602 - INFO - Finished optimization with guess, [0.54146747 0.06398893].
2019-08-01 09:10:01,602 - INFO - Best fit parameters: [0.18007749 0.35362009].
2019-08-01 09:10:01,617 - INFO - Maximum log composite likelihood: -22.4844175827.
2019-08-01 09:10:01,617 - INFO - Optimal value of theta: 193.785462568.
2019-08-01 09:10:01,618 - INFO - Beginning optimization with guess, [0.79979494 0.09299236].
2019-08-01 09:10:03,230 - INFO - Finished optimization with guess, [0.79979494 0.09299236].
2019-08-01 09:10:03,231 - INFO - Best fit parameters: [0.16103228 0.33746079].
2019-08-01 09:10:03,246 - INFO - Maximum log composite likelihood: -22.484331868.
2019-08-01 09:10:03,246 - INFO - Optimal value of theta: 216.476610514.
2019-08-01 09:10:03,246 - INFO - Beginning optimization with guess, [0.76098166 0.07856615].
2019-08-01 09:10:04,584 - INFO - Finished optimization with guess, [0.76098166 0.07856615].
2019-08-01 09:10:04,584 - INFO - Best fit parameters: [0.1484671  0.32578606].
2019-08-01 09:10:04,600 - INFO - Maximum log composite likelihood: -22.4843451168.
2019-08-01 09:10:04,600 - INFO - Optimal value of theta: 234.990454352.
2019-08-01 09:10:04,600 - INFO - Beginning optimization with guess, [0.82875154 0.0908222 ].
2019-08-01 09:10:05,986 - INFO - Finished optimization with guess, [0.82875154 0.0908222 ].
2019-08-01 09:10:05,986 - INFO - Best fit parameters: [0.16940449 0.34489582].
2019-08-01 09:10:06,001 - INFO - Maximum log composite likelihood: -22.4843609995.
2019-08-01 09:10:06,001 - INFO - Optimal value of theta: 205.858380194.
2019-08-01 09:10:06,001 - INFO - Beginning optimization with guess, [0.92973558 0.08465887].
2019-08-01 09:10:07,949 - INFO - Finished optimization with guess, [0.92973558 0.08465887].
2019-08-01 09:10:07,949 - INFO - Best fit parameters: [0.16962145 0.34506179].
2019-08-01 09:10:07,965 - INFO - Maximum log composite likelihood: -22.4843604898.
2019-08-01 09:10:07,965 - INFO - Optimal value of theta: 205.589530436.
2019-08-01 09:10:07,965 - INFO - Beginning optimization with guess, [0.93810363 0.05427292].
2019-08-01 09:10:09,607 - INFO - Finished optimization with guess, [0.93810363 0.05427292].
2019-08-01 09:10:09,608 - INFO - Best fit parameters: [0.15022168 0.32682205].
2019-08-01 09:10:09,638 - INFO - Maximum log composite likelihood: -22.4842994053.
2019-08-01 09:10:09,638 - INFO - Optimal value of theta: 231.86109037.
2019-08-01 09:10:09,638 - INFO - Beginning optimization with guess, [0.39574846 0.05133598].
2019-08-01 09:10:11,493 - INFO - Finished optimization with guess, [0.39574846 0.05133598].
2019-08-01 09:10:11,494 - INFO - Best fit parameters: [0.149731   0.32725613].
2019-08-01 09:10:11,509 - INFO - Maximum log composite likelihood: -22.4843684891.
2019-08-01 09:10:11,510 - INFO - Optimal value of theta: 233.107451693.
2019-08-01 09:10:11,510 - INFO - Beginning optimization with guess, [0.2772999  0.13170694].
2019-08-01 09:10:13,628 - INFO - Finished optimization with guess, [0.2772999  0.13170694].
2019-08-01 09:10:13,629 - INFO - Best fit parameters: [0.15383937 0.3303621 ].
2019-08-01 09:10:13,644 - INFO - Maximum log composite likelihood: -22.4843039371.
2019-08-01 09:10:13,644 - INFO - Optimal value of theta: 226.406252184.
2019-08-01 09:10:13,645 - INFO - Beginning optimization with guess, [0.38105947 0.10254125].
2019-08-01 09:10:15,011 - INFO - Finished optimization with guess, [0.38105947 0.10254125].
2019-08-01 09:10:15,011 - INFO - Best fit parameters: [0.13845697 0.3153103 ].
2019-08-01 09:10:15,027 - INFO - Maximum log composite likelihood: -22.4843585912.
2019-08-01 09:10:15,027 - INFO - Optimal value of theta: 252.093186547.
2019-08-01 09:10:15,027 - INFO - Beginning optimization with guess, [0.71193225 0.05282107].
2019-08-01 09:10:16,344 - INFO - Finished optimization with guess, [0.71193225 0.05282107].
2019-08-01 09:10:16,344 - INFO - Best fit parameters: [0.1680444  0.34382305].
2019-08-01 09:10:16,359 - INFO - Maximum log composite likelihood: -22.4843629738.
2019-08-01 09:10:16,360 - INFO - Optimal value of theta: 207.551194147.
2019-08-01 09:10:16,360 - INFO - Beginning optimization with guess, [0.35185179 0.05927211].
2019-08-01 09:10:17,291 - INFO - Finished optimization with guess, [0.35185179 0.05927211].
2019-08-01 09:10:17,291 - INFO - Best fit parameters: [0.26533626 0.38997632].
2019-08-01 09:10:17,304 - INFO - Maximum log composite likelihood: -22.4854658378.
2019-08-01 09:10:17,304 - INFO - Optimal value of theta: 131.708712779.
2019-08-01 09:10:17,304 - INFO - Beginning optimization with guess, [0.72675431 0.13171858].
2019-08-01 09:10:18,616 - INFO - Finished optimization with guess, [0.72675431 0.13171858].
2019-08-01 09:10:18,616 - INFO - Best fit parameters: [0.17160779 0.3467861 ].
2019-08-01 09:10:18,631 - INFO - Maximum log composite likelihood: -22.4843723595.
2019-08-01 09:10:18,632 - INFO - Optimal value of theta: 203.248711709.
2019-08-01 09:10:18,632 - INFO - Beginning optimization with guess, [0.363068   0.08640255].
2019-08-01 09:10:20,285 - INFO - Finished optimization with guess, [0.363068   0.08640255].
2019-08-01 09:10:20,285 - INFO - Best fit parameters: [0.15401388 0.33103309].
2019-08-01 09:10:20,301 - INFO - Maximum log composite likelihood: -22.4843293473.
2019-08-01 09:10:20,301 - INFO - Optimal value of theta: 226.400150134.
2019-08-01 09:10:20,301 - INFO - Beginning optimization with guess, [0.37363604 0.08508763].
2019-08-01 09:10:22,038 - INFO - Finished optimization with guess, [0.37363604 0.08508763].
2019-08-01 09:10:22,039 - INFO - Best fit parameters: [0.13950572 0.31625735].
2019-08-01 09:10:22,055 - INFO - Maximum log composite likelihood: -22.4843330883.
2019-08-01 09:10:22,055 - INFO - Optimal value of theta: 250.067013449.
2019-08-01 09:10:22,055 - INFO - Beginning optimization with guess, [0.46079988 0.07753992].
2019-08-01 09:10:24,378 - INFO - Finished optimization with guess, [0.46079988 0.07753992].
2019-08-01 09:10:24,378 - INFO - Best fit parameters: [0.13588116 0.31126227].
2019-08-01 09:10:24,394 - INFO - Maximum log composite likelihood: -22.4842829348.
2019-08-01 09:10:24,395 - INFO - Optimal value of theta: 256.139683873.
2019-08-01 09:10:24,395 - INFO - Beginning optimization with guess, [0.28210426 0.10932182].
2019-08-01 09:10:25,862 - INFO - Finished optimization with guess, [0.28210426 0.10932182].
2019-08-01 09:10:25,863 - INFO - Best fit parameters: [0.16446704 0.34056178].
2019-08-01 09:10:25,878 - INFO - Maximum log composite likelihood: -22.4843415924.
2019-08-01 09:10:25,878 - INFO - Optimal value of theta: 211.98064447.
2019-08-01 09:10:25,878 - INFO - Beginning optimization with guess, [0.26840632 0.06345225].
2019-08-01 09:10:27,253 - INFO - Finished optimization with guess, [0.26840632 0.06345225].
2019-08-01 09:10:27,254 - INFO - Best fit parameters: [0.16691038 0.34262706].
2019-08-01 09:10:27,269 - INFO - Maximum log composite likelihood: -22.4843440584.
2019-08-01 09:10:27,269 - INFO - Optimal value of theta: 208.861332867.
2019-08-01 09:10:27,269 - INFO - Beginning optimization with guess, [0.61398073 0.18857314].
2019-08-01 09:10:28,589 - INFO - Finished optimization with guess, [0.61398073 0.18857314].
2019-08-01 09:10:28,589 - INFO - Best fit parameters: [0.15532571 0.33268257].
2019-08-01 09:10:28,604 - INFO - Maximum log composite likelihood: -22.4843680815.
2019-08-01 09:10:28,605 - INFO - Optimal value of theta: 224.679417289.
2019-08-01 09:10:28,605 - INFO - Beginning optimization with guess, [0.31708307 0.17689913].
2019-08-01 09:10:29,978 - INFO - Finished optimization with guess, [0.31708307 0.17689913].
2019-08-01 09:10:29,979 - INFO - Best fit parameters: [0.14179012 0.31896496].
2019-08-01 09:10:29,994 - INFO - Maximum log composite likelihood: -22.4843606473.
2019-08-01 09:10:29,995 - INFO - Optimal value of theta: 246.163779604.
2019-08-01 09:10:29,995 - INFO - Beginning optimization with guess, [0.60981123 0.09357411].
2019-08-01 09:10:31,830 - INFO - Finished optimization with guess, [0.60981123 0.09357411].
2019-08-01 09:10:31,831 - INFO - Best fit parameters: [0.12125901 0.29423956].
2019-08-01 09:10:31,847 - INFO - Maximum log composite likelihood: -22.4842973227.
2019-08-01 09:10:31,848 - INFO - Optimal value of theta: 287.508836663.
2019-08-01 09:10:31,848 - INFO - Beginning optimization with guess, [0.66033578 0.16337492].
2019-08-01 09:10:34,354 - INFO - Finished optimization with guess, [0.66033578 0.16337492].
2019-08-01 09:10:34,355 - INFO - Best fit parameters: [0.13429058 0.31013634].
2019-08-01 09:10:34,371 - INFO - Maximum log composite likelihood: -22.4843060817.
2019-08-01 09:10:34,371 - INFO - Optimal value of theta: 259.622624314.
2019-08-01 09:10:34,371 - INFO - Beginning optimization with guess, [0.46998106 0.11029374].
2019-08-01 09:10:35,813 - INFO - Finished optimization with guess, [0.46998106 0.11029374].
2019-08-01 09:10:35,814 - INFO - Best fit parameters: [0.1455055  0.32264027].
2019-08-01 09:10:35,829 - INFO - Maximum log composite likelihood: -22.4843326415.
2019-08-01 09:10:35,830 - INFO - Optimal value of theta: 239.722746779.
2019-08-01 09:10:35,830 - INFO - Beginning optimization with guess, [0.99793726 0.0960029 ].
2019-08-01 09:10:37,627 - INFO - Finished optimization with guess, [0.99793726 0.0960029 ].
2019-08-01 09:10:37,627 - INFO - Best fit parameters: [0.13057536 0.3059723 ].
2019-08-01 09:10:37,644 - INFO - Maximum log composite likelihood: -22.4843215617.
2019-08-01 09:10:37,644 - INFO - Optimal value of theta: 267.137636002.
2019-08-01 09:10:37,644 - INFO - Beginning optimization with guess, [0.46432755 0.0820804 ].
2019-08-01 09:10:39,913 - INFO - Finished optimization with guess, [0.46432755 0.0820804 ].
2019-08-01 09:10:39,913 - INFO - Best fit parameters: [0.13015726 0.30547   ].
2019-08-01 09:10:39,943 - INFO - Maximum log composite likelihood: -22.4843209308.
2019-08-01 09:10:39,943 - INFO - Optimal value of theta: 267.993326932.
2019-08-01 09:10:39,944 - INFO - Beginning optimization with guess, [0.64233389 0.18688062].
2019-08-01 09:10:43,370 - INFO - Finished optimization with guess, [0.64233389 0.18688062].
2019-08-01 09:10:43,381 - INFO - Best fit parameters: [0.16437257 0.34056097].
2019-08-01 09:10:43,409 - INFO - Maximum log composite likelihood: -22.4843469412.
2019-08-01 09:10:43,410 - INFO - Optimal value of theta: 212.137993553.
2019-08-01 09:10:43,410 - INFO - Beginning optimization with guess, [0.78978073 0.09595106].
2019-08-01 09:10:46,219 - INFO - Finished optimization with guess, [0.78978073 0.09595106].
2019-08-01 09:10:46,230 - INFO - Best fit parameters: [0.15715845 0.33439432].
2019-08-01 09:10:46,259 - INFO - Maximum log composite likelihood: -22.4843679892.
2019-08-01 09:10:46,260 - INFO - Optimal value of theta: 222.047462511.
2019-08-01 09:10:46,260 - INFO - Beginning optimization with guess, [0.27971419 0.06585732].
2019-08-01 09:10:48,516 - INFO - Finished optimization with guess, [0.27971419 0.06585732].
2019-08-01 09:10:48,516 - INFO - Best fit parameters: [0.15604748 0.33306949].
2019-08-01 09:10:48,541 - INFO - Maximum log composite likelihood: -22.4843395355.
2019-08-01 09:10:48,542 - INFO - Optimal value of theta: 223.494665216.
2019-08-01 09:10:48,542 - INFO - Beginning optimization with guess, [0.26607737 0.10489014].
2019-08-01 09:10:50,218 - INFO - Finished optimization with guess, [0.26607737 0.10489014].
2019-08-01 09:10:50,218 - INFO - Best fit parameters: [0.14144643 0.31842034].
2019-08-01 09:10:50,236 - INFO - Maximum log composite likelihood: -22.4843392811.
2019-08-01 09:10:50,236 - INFO - Optimal value of theta: 246.660398407.
2019-08-01 09:10:50,237 - INFO - Beginning optimization with guess, [0.25961393 0.10130654].
2019-08-01 09:10:51,726 - INFO - Finished optimization with guess, [0.25961393 0.10130654].
2019-08-01 09:10:51,726 - INFO - Best fit parameters: [0.13929479 0.31610879].
2019-08-01 09:10:51,744 - INFO - Maximum log composite likelihood: -22.4843425112.
2019-08-01 09:10:51,744 - INFO - Optimal value of theta: 250.496889792.
2019-08-01 09:10:51,745 - INFO - Beginning optimization with guess, [0.25729377 0.18035553].
2019-08-01 09:10:53,810 - INFO - Finished optimization with guess, [0.25729377 0.18035553].
2019-08-01 09:10:53,810 - INFO - Best fit parameters: [0.1314065  0.30705025].
2019-08-01 09:10:53,827 - INFO - Maximum log composite likelihood: -22.4843326368.
2019-08-01 09:10:53,828 - INFO - Optimal value of theta: 265.510670251.
2019-08-01 09:10:53,828 - INFO - Beginning optimization with guess, [0.28718652 0.14157832].
2019-08-01 09:10:55,558 - INFO - Finished optimization with guess, [0.28718652 0.14157832].
2019-08-01 09:10:55,558 - INFO - Best fit parameters: [0.14319227 0.32021711].
2019-08-01 09:10:55,574 - INFO - Maximum log composite likelihood: -22.4843322555.
2019-08-01 09:10:55,574 - INFO - Optimal value of theta: 243.60620821.
2019-08-01 09:10:55,575 - INFO - Beginning optimization with guess, [0.66947097 0.06178313].
2019-08-01 09:10:56,808 - INFO - Finished optimization with guess, [0.66947097 0.06178313].
2019-08-01 09:10:56,808 - INFO - Best fit parameters: [0.17507641 0.34963382].
2019-08-01 09:10:56,823 - INFO - Maximum log composite likelihood: -22.4843878296.
2019-08-01 09:10:56,823 - INFO - Optimal value of theta: 199.254531731.
2019-08-01 09:10:56,823 - INFO - Beginning optimization with guess, [0.40503993 0.05515385].
2019-08-01 09:10:58,359 - INFO - Finished optimization with guess, [0.40503993 0.05515385].
2019-08-01 09:10:58,359 - INFO - Best fit parameters: [0.15131609 0.32893059].
2019-08-01 09:10:58,375 - INFO - Maximum log composite likelihood: -22.4843818672.
2019-08-01 09:10:58,375 - INFO - Optimal value of theta: 230.711674901.
2019-08-01 09:10:58,376 - INFO - Beginning optimization with guess, [0.38580511 0.06175924].
2019-08-01 09:10:59,715 - INFO - Finished optimization with guess, [0.38580511 0.06175924].
2019-08-01 09:10:59,716 - INFO - Best fit parameters: [0.15996517 0.33700017].
2019-08-01 09:10:59,731 - INFO - Maximum log composite likelihood: -22.4843730116.
2019-08-01 09:10:59,731 - INFO - Optimal value of theta: 218.154171929.
2019-08-01 09:10:59,731 - INFO - Beginning optimization with guess, [0.3456847  0.14861403].
2019-08-01 09:11:01,232 - INFO - Finished optimization with guess, [0.3456847  0.14861403].
2019-08-01 09:11:01,232 - INFO - Best fit parameters: [0.13614494 0.31253015].
2019-08-01 09:11:01,248 - INFO - Maximum log composite likelihood: -22.4843342435.
2019-08-01 09:11:01,248 - INFO - Optimal value of theta: 256.261130215.
2019-08-01 09:11:01,249 - INFO - Beginning optimization with guess, [0.25739976 0.14050566].
2019-08-01 09:11:02,777 - INFO - Finished optimization with guess, [0.25739976 0.14050566].
2019-08-01 09:11:02,777 - INFO - Best fit parameters: [0.13254146 0.30857241].
2019-08-01 09:11:02,794 - INFO - Maximum log composite likelihood: -22.4843581029.
2019-08-01 09:11:02,794 - INFO - Optimal value of theta: 263.361794937.
2019-08-01 09:11:02,794 - INFO - Beginning optimization with guess, [0.25114438 0.05737145].
2019-08-01 09:11:04,092 - INFO - Finished optimization with guess, [0.25114438 0.05737145].
2019-08-01 09:11:04,092 - INFO - Best fit parameters: [0.14586695 0.32324477].
2019-08-01 09:11:04,108 - INFO - Maximum log composite likelihood: -22.4843579561.
2019-08-01 09:11:04,109 - INFO - Optimal value of theta: 239.254669201.
2019-08-01 09:11:04,109 - INFO - Beginning optimization with guess, [0.39554543 0.10189099].
2019-08-01 09:11:05,811 - INFO - Finished optimization with guess, [0.39554543 0.10189099].
2019-08-01 09:11:05,811 - INFO - Best fit parameters: [0.14113874 0.31780286].
2019-08-01 09:11:05,827 - INFO - Maximum log composite likelihood: -22.4843120332.
2019-08-01 09:11:05,827 - INFO - Optimal value of theta: 247.03018952.
2019-08-01 09:11:05,827 - INFO - Beginning optimization with guess, [0.88686333 0.11521433].
2019-08-01 09:11:07,149 - INFO - Finished optimization with guess, [0.88686333 0.11521433].
2019-08-01 09:11:07,149 - INFO - Best fit parameters: [0.17743369 0.35123609].
2019-08-01 09:11:07,164 - INFO - Maximum log composite likelihood: -22.4843778374.
2019-08-01 09:11:07,164 - INFO - Optimal value of theta: 196.525282395.
2019-08-01 09:11:07,164 - INFO - Beginning optimization with guess, [0.80984389 0.10514897].
2019-08-01 09:11:08,446 - INFO - Finished optimization with guess, [0.80984389 0.10514897].
2019-08-01 09:11:08,446 - INFO - Best fit parameters: [0.1484529 0.3258607].
2019-08-01 09:11:08,462 - INFO - Maximum log composite likelihood: -22.4843549079.
2019-08-01 09:11:08,462 - INFO - Optimal value of theta: 235.060566929.
2019-08-01 09:11:08,462 - INFO - Beginning optimization with guess, [0.51749171 0.06074022].
2019-08-01 09:11:09,848 - INFO - Finished optimization with guess, [0.51749171 0.06074022].
2019-08-01 09:11:09,849 - INFO - Best fit parameters: [0.15132551 0.32861779].
2019-08-01 09:11:09,867 - INFO - Maximum log composite likelihood: -22.4843444947.
2019-08-01 09:11:09,867 - INFO - Optimal value of theta: 230.531352205.
2019-08-01 09:11:09,867 - INFO - Beginning optimization with guess, [0.25303959 0.15589738].
2019-08-01 09:11:13,137 - INFO - Finished optimization with guess, [0.25303959 0.15589738].
2019-08-01 09:11:13,146 - INFO - Best fit parameters: [0.16073686 0.33710539].
2019-08-01 09:11:13,176 - INFO - Maximum log composite likelihood: -22.4843263511.
2019-08-01 09:11:13,176 - INFO - Optimal value of theta: 216.834005369.
2019-08-01 09:11:13,176 - INFO - Beginning optimization with guess, [0.59623672 0.08176467].
2019-08-01 09:11:16,866 - INFO - Finished optimization with guess, [0.59623672 0.08176467].
2019-08-01 09:11:16,866 - INFO - Best fit parameters: [0.15331476 0.3302497 ].
2019-08-01 09:11:16,884 - INFO - Maximum log composite likelihood: -22.4843209059.
2019-08-01 09:11:16,884 - INFO - Optimal value of theta: 227.379068671.
2019-08-01 09:11:16,884 - INFO - Beginning optimization with guess, [0.32205488 0.08861243].
2019-08-01 09:11:19,205 - INFO - Finished optimization with guess, [0.32205488 0.08861243].
2019-08-01 09:11:19,206 - INFO - Best fit parameters: [0.14670304 0.32402576].
2019-08-01 09:11:19,224 - INFO - Maximum log composite likelihood: -22.4843485857.
2019-08-01 09:11:19,224 - INFO - Optimal value of theta: 237.843150207.
2019-08-01 09:11:19,224 - INFO - Beginning optimization with guess, [0.96350628 0.13850899].
2019-08-01 09:11:21,122 - INFO - Finished optimization with guess, [0.96350628 0.13850899].
2019-08-01 09:11:21,122 - INFO - Best fit parameters: [0.16434745 0.34048149].
2019-08-01 09:11:21,139 - INFO - Maximum log composite likelihood: -22.4843429243.
2019-08-01 09:11:21,139 - INFO - Optimal value of theta: 212.145298976.
2019-08-01 09:11:21,140 - INFO - Beginning optimization with guess, [0.49065582 0.11701853].
2019-08-01 09:11:22,878 - INFO - Finished optimization with guess, [0.49065582 0.11701853].
2019-08-01 09:11:22,879 - INFO - Best fit parameters: [0.1631126  0.33955689].
2019-08-01 09:11:22,896 - INFO - Maximum log composite likelihood: -22.4843525045.
2019-08-01 09:11:22,896 - INFO - Optimal value of theta: 213.822293236.
2019-08-01 09:11:22,896 - INFO - Beginning optimization with guess, [0.27840102 0.07009765].
2019-08-01 09:11:24,330 - INFO - Finished optimization with guess, [0.27840102 0.07009765].
2019-08-01 09:11:24,331 - INFO - Best fit parameters: [0.14757979 0.32481385].
2019-08-01 09:11:24,348 - INFO - Maximum log composite likelihood: -22.4843374158.
2019-08-01 09:11:24,348 - INFO - Optimal value of theta: 236.367750939.
2019-08-01 09:11:24,348 - INFO - Beginning optimization with guess, [0.52937601 0.07617583].
2019-08-01 09:11:25,816 - INFO - Finished optimization with guess, [0.52937601 0.07617583].
2019-08-01 09:11:25,816 - INFO - Best fit parameters: [0.14645113 0.32373502].
2019-08-01 09:11:25,833 - INFO - Maximum log composite likelihood: -22.4843450273.
2019-08-01 09:11:25,833 - INFO - Optimal value of theta: 238.235898999.
2019-08-01 09:11:25,834 - INFO - Beginning optimization with guess, [0.77880018 0.10538452].
2019-08-01 09:11:27,227 - INFO - Finished optimization with guess, [0.77880018 0.10538452].
2019-08-01 09:11:27,227 - INFO - Best fit parameters: [0.15754794 0.3348531 ].
2019-08-01 09:11:27,244 - INFO - Maximum log composite likelihood: -22.4843793059.
2019-08-01 09:11:27,244 - INFO - Optimal value of theta: 221.543147568.
2019-08-01 09:11:27,244 - INFO - Beginning optimization with guess, [0.54020421 0.07442892].
2019-08-01 09:11:28,806 - INFO - Finished optimization with guess, [0.54020421 0.07442892].
2019-08-01 09:11:28,806 - INFO - Best fit parameters: [0.17380274 0.34887368].
2019-08-01 09:11:28,823 - INFO - Maximum log composite likelihood: -22.4844075827.
2019-08-01 09:11:28,823 - INFO - Optimal value of theta: 200.809656397.
2019-08-01 09:11:28,823 - INFO - Beginning optimization with guess, [0.72922564 0.07319695].
2019-08-01 09:11:30,402 - INFO - Finished optimization with guess, [0.72922564 0.07319695].
2019-08-01 09:11:30,402 - INFO - Best fit parameters: [0.13788962 0.31461164].
2019-08-01 09:11:30,419 - INFO - Maximum log composite likelihood: -22.4843495404.
2019-08-01 09:11:30,420 - INFO - Optimal value of theta: 253.090193813.
2019-08-01 09:11:30,420 - INFO - Beginning optimization with guess, [0.5438189  0.11111027].
2019-08-01 09:11:32,589 - INFO - Finished optimization with guess, [0.5438189  0.11111027].
2019-08-01 09:11:32,590 - INFO - Best fit parameters: [0.13635392 0.31179692].
2019-08-01 09:11:32,608 - INFO - Maximum log composite likelihood: -22.4842832777.
2019-08-01 09:11:32,608 - INFO - Optimal value of theta: 255.252226387.
2019-08-01 09:11:32,608 - INFO - Beginning optimization with guess, [0.31246681 0.12636887].
2019-08-01 09:11:34,226 - INFO - Finished optimization with guess, [0.31246681 0.12636887].
2019-08-01 09:11:34,226 - INFO - Best fit parameters: [0.1340086  0.31014472].
2019-08-01 09:11:34,244 - INFO - Maximum log composite likelihood: -22.4843404642.
2019-08-01 09:11:34,244 - INFO - Optimal value of theta: 260.388080372.
2019-08-01 09:11:34,244 - INFO - Beginning optimization with guess, [0.87979531 0.13610416].
2019-08-01 09:11:35,945 - INFO - Finished optimization with guess, [0.87979531 0.13610416].
2019-08-01 09:11:35,945 - INFO - Best fit parameters: [0.14115214 0.3179718 ].
2019-08-01 09:11:35,962 - INFO - Maximum log composite likelihood: -22.4843255396.
2019-08-01 09:11:35,962 - INFO - Optimal value of theta: 247.098221699.
2019-08-01 09:11:35,964 - INFO - Finished demographic inference.
2019-08-01 09:11:35,964 - INFO - Beginning DFE inference.
2019-08-01 09:11:51,023 - INFO - Beginning optimization with guess, [1.02735327e-01 9.21733333e+02].
2019-08-01 09:11:55,652 - INFO - Finished optomization, results are [-21.772202035058356 array([7.94480935e-02, 1.77486997e+04])].
2019-08-01 09:11:55,653 - INFO - Beginning optimization with guess, [1.14599089e-01 1.17662572e+03].
2019-08-01 09:11:57,716 - INFO - Finished optomization, results are [-21.771436386714498 array([8.03466652e-02, 1.68424778e+04])].
2019-08-01 09:11:57,717 - INFO - Beginning optimization with guess, [1.34540740e-01 8.41507032e+02].
2019-08-01 09:12:00,138 - INFO - Finished optomization, results are [-21.76227593866647 array([8.06775398e-02, 1.75915045e+04])].
2019-08-01 09:12:00,138 - INFO - Beginning optimization with guess, [1.06463175e-01 4.07568492e+02].
2019-08-01 09:12:04,909 - INFO - Finished optomization, results are [-21.76658430381823 array([7.95819114e-02, 1.80644492e+04])].
2019-08-01 09:12:04,909 - INFO - Beginning optimization with guess, [1.30083455e-01 3.26571635e+02].
2019-08-01 09:12:06,918 - INFO - Finished optomization, results are [-21.768435152838073 array([8.17389011e-02, 1.60605171e+04])].
2019-08-01 09:12:06,919 - INFO - Beginning optimization with guess, [7.27064831e-02 1.18930709e+03].
2019-08-01 09:12:09,013 - INFO - Finished optomization, results are [-21.76479749379132 array([7.96177983e-02, 1.81971787e+04])].
2019-08-01 09:12:09,013 - INFO - Beginning optimization with guess, [1.11340365e-01 3.55318685e+02].
2019-08-01 09:12:11,278 - INFO - Finished optomization, results are [-21.770673008186122 array([8.01653972e-02, 1.70886725e+04])].
2019-08-01 09:12:11,279 - INFO - Beginning optimization with guess, [9.00266242e-02 4.47309672e+02].
2019-08-01 09:12:15,229 - INFO - Finished optomization, results are [-21.76220857205138 array([7.96931435e-02, 1.83977785e+04])].
2019-08-01 09:12:15,229 - INFO - Beginning optimization with guess, [7.73725206e-02 8.89259238e+02].
2019-08-01 09:12:17,579 - INFO - Finished optomization, results are [-21.769061318735005 array([7.91489390e-02, 1.83469612e+04])].
2019-08-01 09:12:17,580 - INFO - Beginning optimization with guess, [9.87071462e-02 4.83015567e+02].
2019-08-01 09:12:20,676 - INFO - Finished optomization, results are [-21.762404512061234 array([7.99557584e-02, 1.81242056e+04])].
2019-08-01 09:12:20,677 - INFO - Beginning optimization with guess, [6.00565490e-02 3.89889966e+02].
2019-08-01 09:12:25,698 - INFO - Finished optomization, results are [-21.762274954724685 array([8.01695288e-02, 1.79535543e+04])].
2019-08-01 09:12:25,699 - INFO - Beginning optimization with guess, [1.06544248e-01 8.38786573e+02].
2019-08-01 09:12:30,285 - INFO - Finished optomization, results are [-21.765609609688955 array([7.94866806e-02, 1.82600111e+04])].
2019-08-01 09:12:30,285 - INFO - Beginning optimization with guess, [1.48423170e-01 5.27388444e+02].
2019-08-01 09:12:32,487 - INFO - Finished optomization, results are [-21.762487529084993 array([7.96517000e-02, 1.84072399e+04])].
2019-08-01 09:12:32,487 - INFO - Beginning optimization with guess, [1.16417229e-01 4.81603017e+02].
2019-08-01 09:12:36,645 - INFO - Finished optomization, results are [-21.769961029562133 array([7.97115337e-02, 1.76281502e+04])].
2019-08-01 09:12:36,646 - INFO - Beginning optimization with guess, [1.00090818e-01 3.98146028e+02].
2019-08-01 09:12:38,581 - INFO - Finished optomization, results are [-21.766829563552385 array([8.04754454e-02, 1.71510906e+04])].
2019-08-01 09:12:38,582 - INFO - Beginning optimization with guess, [1.33588579e-01 9.46743702e+02].
2019-08-01 09:12:43,428 - INFO - Finished optomization, results are [-21.770573353327414 array([8.01920154e-02, 1.70700646e+04])].
2019-08-01 09:12:43,428 - INFO - Beginning optimization with guess, [1.57849987e-01 7.79441139e+02].
2019-08-01 09:12:45,868 - INFO - Finished optomization, results are [-21.771217117281488 array([7.98944314e-02, 1.73273767e+04])].
2019-08-01 09:12:45,868 - INFO - Beginning optimization with guess, [6.07657485e-02 4.40192916e+02].
2019-08-01 09:12:47,654 - INFO - Finished optomization, results are [-21.768263644099825 array([8.09267246e-02, 1.66148943e+04])].
2019-08-01 09:12:47,654 - INFO - Beginning optimization with guess, [8.60996680e-02 1.11164794e+03].
2019-08-01 09:12:53,597 - INFO - Finished optomization, results are [-21.76857775139592 array([7.92921085e-02, 1.82176351e+04])].
2019-08-01 09:12:53,598 - INFO - Beginning optimization with guess, [6.11736961e-02 6.41571866e+02].
2019-08-01 09:12:56,498 - INFO - Finished optomization, results are [-21.771810352047737 array([8.00044389e-02, 1.71627587e+04])].
2019-08-01 09:12:56,499 - INFO - Beginning optimization with guess, [1.76392346e-01 9.98161889e+02].
2019-08-01 09:13:02,113 - INFO - Finished optomization, results are [-21.76772455431157 array([7.91357008e-02, 1.84737798e+04])].
2019-08-01 09:13:02,114 - INFO - Beginning optimization with guess, [5.40173933e-02 5.21146398e+02].
2019-08-01 09:13:06,622 - INFO - Finished optomization, results are [-21.759895030824524 array([8.00676285e-02, 1.83770528e+04])].
2019-08-01 09:13:06,622 - INFO - Beginning optimization with guess, [9.27555243e-02 7.83583627e+02].
2019-08-01 09:13:08,561 - INFO - Finished optomization, results are [-21.768299884980877 array([8.05495808e-02, 1.69338730e+04])].
2019-08-01 09:13:08,563 - INFO - Beginning optimization with guess, [4.58054435e-02 9.74800458e+02].
2019-08-01 09:13:14,034 - INFO - Finished optomization, results are [-21.778863401997757 array([7.85748278e-02, 1.83732528e+04])].
2019-08-01 09:13:14,034 - INFO - Beginning optimization with guess, [6.36134643e-02 3.61066629e+02].
2019-08-01 09:13:20,464 - INFO - Finished optomization, results are [-21.763058799655717 array([7.95825870e-02, 1.84148665e+04])].
2019-08-01 09:13:20,464 - INFO - Beginning optimization with guess, [1.50454413e-01 3.73873589e+02].
2019-08-01 09:13:26,250 - INFO - Finished optomization, results are [-21.7614040328126 array([7.99052369e-02, 1.82958851e+04])].
2019-08-01 09:13:26,251 - INFO - Beginning optimization with guess, [1.10040650e-01 5.40900472e+02].
2019-08-01 09:13:28,219 - INFO - Finished optomization, results are [-21.76879804862373 array([8.11484450e-02, 1.63831712e+04])].
2019-08-01 09:13:28,219 - INFO - Beginning optimization with guess, [1.58026179e-01 3.29407399e+02].
2019-08-01 09:13:33,171 - INFO - Finished optomization, results are [-21.771118584571475 array([7.95763965e-02, 1.76854545e+04])].
2019-08-01 09:13:33,172 - INFO - Beginning optimization with guess, [9.89855403e-02 8.42317942e+02].
2019-08-01 09:13:34,670 - INFO - Finished optomization, results are [-21.767530978802107 array([8.01060200e-02, 1.74293824e+04])].
2019-08-01 09:13:34,671 - INFO - Beginning optimization with guess, [6.60449406e-02 6.81259244e+02].
2019-08-01 09:13:36,972 - INFO - Finished optomization, results are [-21.76838850938643 array([7.94711004e-02, 1.80279317e+04])].
2019-08-01 09:13:36,973 - INFO - Beginning optimization with guess, [7.50597208e-02 6.95861017e+02].
2019-08-01 09:13:39,446 - INFO - Finished optomization, results are [-21.765283415669778 array([8.01590310e-02, 1.76053316e+04])].
2019-08-01 09:13:39,446 - INFO - Beginning optimization with guess, [1.13951393e-01 8.20252011e+02].
2019-08-01 09:13:41,156 - INFO - Finished optomization, results are [-21.764115474661732 array([8.07902140e-02, 1.72340823e+04])].
2019-08-01 09:13:41,156 - INFO - Beginning optimization with guess, [6.32976137e-02 4.88307926e+02].
2019-08-01 09:13:45,261 - INFO - Finished optomization, results are [-21.76316981627211 array([7.95215769e-02, 1.84669117e+04])].
2019-08-01 09:13:45,262 - INFO - Beginning optimization with guess, [1.75753634e-01 6.21344434e+02].
2019-08-01 09:13:46,979 - INFO - Finished optomization, results are [-21.77289161626193 array([8.04120033e-02, 1.66588906e+04])].
2019-08-01 09:13:46,979 - INFO - Beginning optimization with guess, [1.68473189e-01 5.34704329e+02].
2019-08-01 09:13:48,887 - INFO - Finished optomization, results are [-21.772297500422603 array([8.06832054e-02, 1.64457271e+04])].
2019-08-01 09:13:48,887 - INFO - Beginning optimization with guess, [1.56203140e-01 9.46009782e+02].
2019-08-01 09:13:54,240 - INFO - Finished optomization, results are [-21.766688999803193 array([7.92195361e-02, 1.84645357e+04])].
2019-08-01 09:13:54,240 - INFO - Beginning optimization with guess, [1.20002450e-01 7.60703381e+02].
2019-08-01 09:13:56,029 - INFO - Finished optomization, results are [-21.76574186699647 array([8.00758592e-02, 1.76362653e+04])].
2019-08-01 09:13:56,030 - INFO - Beginning optimization with guess, [1.74881821e-01 4.33573709e+02].
2019-08-01 09:14:00,531 - INFO - Finished optomization, results are [-21.761772869437316 array([7.98546562e-02, 1.82951792e+04])].
2019-08-01 09:14:00,533 - INFO - Beginning optimization with guess, [6.51325078e-02 4.49554368e+02].
2019-08-01 09:14:02,563 - INFO - Finished optomization, results are [-21.765299600258054 array([7.96486364e-02, 1.81147030e+04])].
2019-08-01 09:14:02,563 - INFO - Beginning optimization with guess, [1.19171133e-01 7.04884609e+02].
2019-08-01 09:14:05,050 - INFO - Finished optomization, results are [-21.763919713592777 array([7.99638290e-02, 1.79397151e+04])].
2019-08-01 09:14:05,050 - INFO - Beginning optimization with guess, [5.84635528e-02 3.76470544e+02].
2019-08-01 09:14:10,469 - INFO - Finished optomization, results are [-21.766242700349423 array([8.01133639e-02, 1.75486715e+04])].
2019-08-01 09:14:10,470 - INFO - Beginning optimization with guess, [6.38255553e-02 6.05111692e+02].
2019-08-01 09:14:14,237 - INFO - Finished optomization, results are [-21.765783577835514 array([7.93440645e-02, 1.84031100e+04])].
2019-08-01 09:14:14,237 - INFO - Beginning optimization with guess, [1.76159132e-01 3.31084295e+02].
2019-08-01 09:14:17,393 - INFO - Finished optomization, results are [-21.765003375786563 array([7.98726341e-02, 1.79130100e+04])].
2019-08-01 09:14:17,393 - INFO - Beginning optimization with guess, [9.36131738e-02 3.34554510e+02].
2019-08-01 09:14:19,507 - INFO - Finished optomization, results are [-21.766415146600387 array([8.05722738e-02, 1.71116595e+04])].
2019-08-01 09:14:19,507 - INFO - Beginning optimization with guess, [7.52711116e-02 4.87365121e+02].
2019-08-01 09:14:25,327 - INFO - Finished optomization, results are [-21.76047210806259 array([7.98709797e-02, 1.84504547e+04])].
2019-08-01 09:14:25,328 - INFO - Beginning optimization with guess, [1.53694100e-01 7.18259821e+02].
2019-08-01 09:14:29,300 - INFO - Finished optomization, results are [-21.76528416593254 array([7.9323838e-02, 1.8472647e+04])].
2019-08-01 09:14:29,300 - INFO - Beginning optimization with guess, [1.34610560e-01 4.34154871e+02].
2019-08-01 09:14:34,039 - INFO - Finished optomization, results are [-21.765076906054386 array([7.96282243e-02, 1.81583280e+04])].
2019-08-01 09:14:34,039 - INFO - Beginning optimization with guess, [4.51867522e-02 6.72572381e+02].
2019-08-01 09:14:36,118 - INFO - Finished optomization, results are [-21.768934058713942 array([7.99113131e-02, 1.75006611e+04])].
2019-08-01 09:14:36,118 - INFO - Beginning optimization with guess, [1.22684668e-01 3.32425230e+02].
2019-08-01 09:14:41,258 - INFO - Finished optomization, results are [-21.76192647730001 array([7.96901984e-02, 1.84336661e+04])].
2019-08-01 09:14:41,259 - INFO - Beginning optimization with guess, [1.26147738e-01 3.18558439e+02].
2019-08-01 09:14:43,255 - INFO - Finished optomization, results are [-21.769344172876934 array([8.22538543e-02, 1.57612154e+04])].
2019-08-01 09:14:43,255 - INFO - Beginning optimization with guess, [7.94748394e-02 1.05141430e+03].
2019-08-01 09:14:45,180 - INFO - Finished optomization, results are [-21.773612089508894 array([7.99084171e-02, 1.71269357e+04])].
2019-08-01 09:14:45,180 - INFO - Beginning optimization with guess, [1.44741054e-01 9.10904641e+02].
2019-08-01 09:14:47,228 - INFO - Finished optomization, results are [-21.769934288872307 array([7.97313908e-02, 1.76086053e+04])].
2019-08-01 09:14:47,229 - INFO - Beginning optimization with guess, [9.23422778e-02 5.12987569e+02].
2019-08-01 09:14:49,393 - INFO - Finished optomization, results are [-21.764482185036655 array([7.98017732e-02, 1.80386362e+04])].
2019-08-01 09:14:49,393 - INFO - Beginning optimization with guess, [7.62883441e-02 5.71566591e+02].
2019-08-01 09:14:54,111 - INFO - Finished optomization, results are [-21.763660233535973 array([8.05817307e-02, 1.74437213e+04])].
2019-08-01 09:14:54,112 - INFO - Beginning optimization with guess, [9.61019635e-02 4.17300047e+02].
2019-08-01 09:14:58,236 - INFO - Finished optomization, results are [-21.7633591364106 array([7.99809787e-02, 1.79871830e+04])].
2019-08-01 09:14:58,236 - INFO - Beginning optimization with guess, [9.31979212e-02 6.54649175e+02].
2019-08-01 09:15:03,419 - INFO - Finished optomization, results are [-21.764039764622346 array([7.96570644e-02, 1.82332788e+04])].
2019-08-01 09:15:03,419 - INFO - Beginning optimization with guess, [6.19334187e-02 1.13634977e+03].
2019-08-01 09:15:08,686 - INFO - Finished optomization, results are [-21.790024224537405 array([7.85589041e-02, 1.77502533e+04])].
2019-08-01 09:15:08,687 - INFO - Beginning optimization with guess, [8.93979559e-02 9.35018479e+02].
2019-08-01 09:15:13,391 - INFO - Finished optomization, results are [-21.765592251746973 array([7.94023291e-02, 1.83553092e+04])].
2019-08-01 09:15:13,391 - INFO - Beginning optimization with guess, [1.16183566e-01 4.39647870e+02].
2019-08-01 09:15:18,008 - INFO - Finished optomization, results are [-21.771435316558538 array([7.97543350e-02, 1.74621969e+04])].
2019-08-01 09:15:18,009 - INFO - Beginning optimization with guess, [7.39542179e-02 4.42657821e+02].
2019-08-01 09:15:22,389 - INFO - Finished optomization, results are [-21.771747395019936 array([7.95139724e-02, 1.77075370e+04])].
2019-08-01 09:15:22,390 - INFO - Beginning optimization with guess, [6.14909185e-02 1.11770777e+03].
2019-08-01 09:15:27,517 - INFO - Finished optomization, results are [-21.789557163738333 array([7.85136851e-02, 1.78343953e+04])].
2019-08-01 09:15:27,517 - INFO - Beginning optimization with guess, [1.33323703e-01 6.21436986e+02].
2019-08-01 09:15:29,828 - INFO - Finished optomization, results are [-21.76659462613859 array([7.98131921e-02, 1.78164635e+04])].
2019-08-01 09:15:29,829 - INFO - Beginning optimization with guess, [1.29537528e-01 3.65047001e+02].
2019-08-01 09:15:31,803 - INFO - Finished optomization, results are [-21.767844421962366 array([8.14781311e-02, 1.62808255e+04])].
2019-08-01 09:15:31,804 - INFO - Beginning optimization with guess, [5.84903478e-02 5.67660811e+02].
2019-08-01 09:15:33,801 - INFO - Finished optomization, results are [-21.766964372860635 array([8.00853780e-02, 1.75043741e+04])].
2019-08-01 09:15:33,801 - INFO - Beginning optimization with guess, [1.1555326e-01 4.7238498e+02].
2019-08-01 09:15:35,725 - INFO - Finished optomization, results are [-21.776509780516037 array([8.02027877e-02, 1.66035454e+04])].
2019-08-01 09:15:35,725 - INFO - Beginning optimization with guess, [1.74468486e-01 6.29519938e+02].
2019-08-01 09:15:37,703 - INFO - Finished optomization, results are [-21.769811674925773 array([8.00002594e-02, 1.73318040e+04])].
2019-08-01 09:15:37,703 - INFO - Beginning optimization with guess, [8.57046795e-02 5.05170227e+02].
2019-08-01 09:15:39,730 - INFO - Finished optomization, results are [-21.764776815340497 array([8.01954553e-02, 1.76272218e+04])].
2019-08-01 09:15:39,730 - INFO - Beginning optimization with guess, [7.93351123e-02 7.64478324e+02].
2019-08-01 09:15:44,387 - INFO - Finished optomization, results are [-21.764036267991827 array([7.94992121e-02, 1.84007072e+04])].
2019-08-01 09:15:44,388 - INFO - Beginning optimization with guess, [1.59517314e-01 5.81046290e+02].
2019-08-01 09:15:47,695 - INFO - Finished optomization, results are [-21.76670362012947 array([7.98256470e-02, 1.77931411e+04])].
2019-08-01 09:15:47,696 - INFO - Beginning optimization with guess, [1.14643368e-01 5.80680717e+02].
2019-08-01 09:15:52,975 - INFO - Finished optomization, results are [-21.77106511895571 array([7.93976778e-02, 1.78943202e+04])].
2019-08-01 09:15:52,976 - INFO - Beginning optimization with guess, [9.68853938e-02 8.20831445e+02].
2019-08-01 09:15:58,190 - INFO - Finished optomization, results are [-21.765737021063515 array([7.97010742e-02, 1.80164821e+04])].
2019-08-01 09:15:58,191 - INFO - Beginning optimization with guess, [6.41102169e-02 4.69263425e+02].
2019-08-01 09:16:03,776 - INFO - Finished optomization, results are [-21.764131217569794 array([7.96925829e-02, 1.81869414e+04])].
2019-08-01 09:16:03,776 - INFO - Beginning optimization with guess, [5.22781899e-02 7.18334311e+02].
2019-08-01 09:16:05,683 - INFO - Finished optomization, results are [-21.7694946101086 array([7.99466760e-02, 1.74149719e+04])].
2019-08-01 09:16:05,684 - INFO - Beginning optimization with guess, [9.62132556e-02 5.31818555e+02].
2019-08-01 09:16:10,155 - INFO - Finished optomization, results are [-21.76686642746012 array([8.11314446e-02, 1.66281525e+04])].
2019-08-01 09:16:10,155 - INFO - Beginning optimization with guess, [6.95500989e-02 6.00271327e+02].
2019-08-01 09:16:15,773 - INFO - Finished optomization, results are [-21.76428930080318 array([7.98752813e-02, 1.79855051e+04])].
2019-08-01 09:16:15,774 - INFO - Beginning optimization with guess, [1.02325947e-01 9.03183486e+02].
2019-08-01 09:16:21,035 - INFO - Finished optomization, results are [-21.77264534183334 array([7.92035538e-02, 1.80040279e+04])].
2019-08-01 09:16:21,036 - INFO - Beginning optimization with guess, [9.05522823e-02 3.22830273e+02].
2019-08-01 09:16:25,431 - INFO - Finished optomization, results are [-21.768130427465913 array([7.98795171e-02, 1.76052418e+04])].
2019-08-01 09:16:25,431 - INFO - Beginning optimization with guess, [5.11448707e-02 5.22951952e+02].
2019-08-01 09:16:27,890 - INFO - Finished optomization, results are [-21.766925203424492 array([7.98351562e-02, 1.77623329e+04])].
2019-08-01 09:16:27,891 - INFO - Beginning optimization with guess, [1.01042146e-01 1.07174148e+03].
2019-08-01 09:16:31,942 - INFO - Finished optomization, results are [-21.782252797903887 array([7.86790606e-02, 1.80286163e+04])].
2019-08-01 09:16:31,943 - INFO - Beginning optimization with guess, [1.68728852e-01 9.00541435e+02].
2019-08-01 09:16:37,136 - INFO - Finished optomization, results are [-21.767265848825538 array([7.91978762e-02, 1.84394712e+04])].
2019-08-01 09:16:37,136 - INFO - Beginning optimization with guess, [6.68891302e-02 3.51322906e+02].
2019-08-01 09:16:43,139 - INFO - Finished optomization, results are [-21.76230576885625 array([7.97339197e-02, 1.83463233e+04])].
2019-08-01 09:16:43,140 - INFO - Beginning optimization with guess, [1.08982911e-01 3.89279054e+02].
2019-08-01 09:16:47,691 - INFO - Finished optomization, results are [-21.771745351615458 array([7.98848996e-02, 1.72955607e+04])].
2019-08-01 09:16:47,691 - INFO - Beginning optimization with guess, [6.21609089e-02 9.63572364e+02].
2019-08-01 09:16:49,472 - INFO - Finished optomization, results are [-21.79571292216702 array([7.88075277e-02, 1.71428726e+04])].
2019-08-01 09:16:49,473 - INFO - Beginning optimization with guess, [9.10299987e-02 4.04723229e+02].
2019-08-01 09:16:51,918 - INFO - Finished optomization, results are [-21.763560769782465 array([7.94742734e-02, 1.84763298e+04])].
2019-08-01 09:16:51,919 - INFO - Beginning optimization with guess, [6.80031126e-02 5.35236258e+02].
2019-08-01 09:16:53,966 - INFO - Finished optomization, results are [-21.766418860874218 array([8.07664128e-02, 1.69515701e+04])].
2019-08-01 09:16:53,966 - INFO - Beginning optimization with guess, [8.56932870e-02 5.93038205e+02].
2019-08-01 09:16:58,241 - INFO - Finished optomization, results are [-21.76519897910068 array([7.97380104e-02, 1.80307569e+04])].
2019-08-01 09:16:58,243 - INFO - Beginning optimization with guess, [1.07580102e-01 3.93914039e+02].
2019-08-01 09:17:00,440 - INFO - Finished optomization, results are [-21.771114143534284 array([8.02070899e-02, 1.70093617e+04])].
2019-08-01 09:17:00,441 - INFO - Beginning optimization with guess, [1.54204997e-01 7.22696711e+02].
2019-08-01 09:17:04,006 - INFO - Finished optomization, results are [-21.765569214797416 array([7.93444399e-02, 1.84226068e+04])].
2019-08-01 09:17:04,006 - INFO - Beginning optimization with guess, [5.81872063e-02 8.94557269e+02].
2019-08-01 09:17:07,940 - INFO - Finished optomization, results are [-21.76863145603429 array([7.91305377e-02, 1.84041741e+04])].
2019-08-01 09:17:07,940 - INFO - Beginning optimization with guess, [1.14950795e-01 6.44016636e+02].
2019-08-01 09:17:10,014 - INFO - Finished optomization, results are [-21.769981179414653 array([8.16400629e-02, 1.59043207e+04])].
2019-08-01 09:17:10,014 - INFO - Beginning optimization with guess, [7.63681770e-02 3.70255136e+02].
2019-08-01 09:17:12,137 - INFO - Finished optomization, results are [-21.765669752439308 array([8.14255342e-02, 1.66509599e+04])].
2019-08-01 09:17:12,137 - INFO - Beginning optimization with guess, [7.68749329e-02 8.58020988e+02].
2019-08-01 09:17:15,312 - INFO - Finished optomization, results are [-21.77392003259976 array([8.06962777e-02, 1.63008335e+04])].
2019-08-01 09:17:15,313 - INFO - Beginning optimization with guess, [1.20994147e-01 5.64627197e+02].
2019-08-01 09:17:20,446 - INFO - Finished optomization, results are [-21.759040389876915 array([8.02348640e-02, 1.84207852e+04])].
2019-08-01 09:17:20,446 - INFO - Beginning optimization with guess, [4.66338043e-02 1.09625417e+03].
2019-08-01 09:17:22,574 - INFO - Finished optomization, results are [-21.77852778720314 array([8.00366012e-02, 1.66442247e+04])].
2019-08-01 09:17:22,574 - INFO - Beginning optimization with guess, [1.03529025e-01 5.55088170e+02].
2019-08-01 09:17:24,581 - INFO - Finished optomization, results are [-21.766722186412785 array([8.10142130e-02, 1.67279291e+04])].
2019-08-01 09:17:24,582 - INFO - Beginning optimization with guess, [9.61972695e-02 9.48909058e+02].
2019-08-01 09:17:29,055 - INFO - Finished optomization, results are [-21.7688060461951 array([7.90930679e-02, 1.84348713e+04])].
2019-08-01 09:17:29,056 - INFO - Beginning optimization with guess, [5.97155891e-02 6.91689611e+02].
2019-08-01 09:17:31,621 - INFO - Finished optomization, results are [-21.77416242047393 array([8.01686996e-02, 1.68088083e+04])].
2019-08-01 09:17:31,622 - INFO - Beginning optimization with guess, [9.68703523e-02 7.60753655e+02].
2019-08-01 09:17:36,320 - INFO - Finished optomization, results are [-21.764994526495116 array([7.97980109e-02, 1.79895355e+04])].
2019-08-01 09:17:36,320 - INFO - Beginning optimization with guess, [1.13318204e-01 9.34923888e+02].
2019-08-01 09:17:40,737 - INFO - Finished optomization, results are [-21.761652367799726 array([7.98201706e-02, 1.83422069e+04])].
2019-08-01 09:17:40,737 - INFO - Beginning optimization with guess, [9.04619402e-02 3.77166515e+02].
2019-08-01 09:17:42,452 - INFO - Finished optomization, results are [-21.76460749309814 array([8.02780977e-02, 1.75721039e+04])].
2019-08-01 09:17:42,453 - INFO - Finished DFE inference.
2019-08-01 09:17:42,453 - INFO - Integrating expected site-frequency spectrum.
2019-08-01 09:17:42,470 - INFO - Outputing results.
2019-08-01 09:17:42,475 - INFO - Pipeline executed succesfully.
