2019-08-01 12:46:54,110 - INFO - Beginning execution of fitdadi_infer_DFE.py in directory /u/home/j/jonmah/lohmueller_lab/Scripts

2019-08-01 12:46:54,110 - INFO - Progress is being logged to ../Data/AW_array_2000/seed_91_fitdadi_output/log.log

2019-08-01 12:46:54,111 - INFO - Parsed the following arguments:
	breed = AW
	outprefix = ../Data/AW_array_2000/seed_91_fitdadi_output/
	nonsyn_input_sfs = ../Data/AW_array_2000/seed_91_easySFS_output_nonsyn/dadi/pop1.sfs
	syn_input_sfs = ../Data/AW_array_2000/seed_91_easySFS_output_syn/dadi/pop1.sfs

2019-08-01 12:46:54,113 - INFO - Beginning optimization with guess, [0.36988864 0.15949407].
2019-08-01 12:46:54,557 - INFO - Finished optimization with guess, [0.36988864 0.15949407].
2019-08-01 12:46:54,558 - INFO - Best fit parameters: [0.00132561 0.00011162].
2019-08-01 12:46:54,567 - INFO - Maximum log composite likelihood: -20.9682036975.
2019-08-01 12:46:54,567 - INFO - Optimal value of theta: 62.5128036293.
2019-08-01 12:46:54,568 - INFO - Beginning optimization with guess, [0.73710404 0.07623996].
2019-08-01 12:46:55,027 - INFO - Finished optimization with guess, [0.73710404 0.07623996].
2019-08-01 12:46:55,027 - INFO - Best fit parameters: [0.00557871 0.00047844].
2019-08-01 12:46:55,036 - INFO - Maximum log composite likelihood: -20.9706072301.
2019-08-01 12:46:55,036 - INFO - Optimal value of theta: 62.6338654318.
2019-08-01 12:46:55,036 - INFO - Beginning optimization with guess, [0.43561858 0.11943395].
2019-08-01 12:46:55,490 - INFO - Finished optimization with guess, [0.43561858 0.11943395].
2019-08-01 12:46:55,491 - INFO - Best fit parameters: [0.00157816 0.00013331].
2019-08-01 12:46:55,499 - INFO - Maximum log composite likelihood: -20.9682478515.
2019-08-01 12:46:55,500 - INFO - Optimal value of theta: 62.5394689229.
2019-08-01 12:46:55,500 - INFO - Beginning optimization with guess, [0.34413979 0.10597142].
2019-08-01 12:46:55,953 - INFO - Finished optimization with guess, [0.34413979 0.10597142].
2019-08-01 12:46:55,953 - INFO - Best fit parameters: [1.18003003e-04 1.00801895e-05].
2019-08-01 12:46:55,962 - INFO - Maximum log composite likelihood: -20.9673190961.
2019-08-01 12:46:55,962 - INFO - Optimal value of theta: 62.6612128079.
2019-08-01 12:46:55,963 - INFO - Beginning optimization with guess, [0.90188608 0.08055618].
2019-08-01 12:46:56,439 - INFO - Finished optimization with guess, [0.90188608 0.08055618].
2019-08-01 12:46:56,439 - INFO - Best fit parameters: [0.00239643 0.00020549].
2019-08-01 12:46:56,448 - INFO - Maximum log composite likelihood: -20.9687294637.
2019-08-01 12:46:56,448 - INFO - Optimal value of theta: 62.6700473654.
2019-08-01 12:46:56,448 - INFO - Beginning optimization with guess, [0.3911865 0.0822692].
2019-08-01 12:46:56,888 - INFO - Finished optimization with guess, [0.3911865 0.0822692].
2019-08-01 12:46:56,888 - INFO - Best fit parameters: [0.00121884 0.00010094].
2019-08-01 12:46:56,897 - INFO - Maximum log composite likelihood: -20.9691868888.
2019-08-01 12:46:56,897 - INFO - Optimal value of theta: 62.3634300723.
2019-08-01 12:46:56,898 - INFO - Beginning optimization with guess, [0.50569153 0.05834289].
2019-08-01 12:46:57,337 - INFO - Finished optimization with guess, [0.50569153 0.05834289].
2019-08-01 12:46:57,337 - INFO - Best fit parameters: [0.00218756 0.00018642].
2019-08-01 12:46:57,346 - INFO - Maximum log composite likelihood: -20.9685054765.
2019-08-01 12:46:57,346 - INFO - Optimal value of theta: 62.6145096903.
2019-08-01 12:46:57,346 - INFO - Beginning optimization with guess, [0.55496392 0.05559868].
2019-08-01 12:46:57,786 - INFO - Finished optimization with guess, [0.55496392 0.05559868].
2019-08-01 12:46:57,787 - INFO - Best fit parameters: [0.00162872 0.00013931].
2019-08-01 12:46:57,795 - INFO - Maximum log composite likelihood: -20.9682213513.
2019-08-01 12:46:57,795 - INFO - Optimal value of theta: 62.655493366.
2019-08-01 12:46:57,796 - INFO - Beginning optimization with guess, [0.33498381 0.06529581].
2019-08-01 12:46:58,258 - INFO - Finished optimization with guess, [0.33498381 0.06529581].
2019-08-01 12:46:58,258 - INFO - Best fit parameters: [0.00143045 0.00012073].
2019-08-01 12:46:58,267 - INFO - Maximum log composite likelihood: -20.9681798072.
2019-08-01 12:46:58,267 - INFO - Optimal value of theta: 62.5332577664.
2019-08-01 12:46:58,268 - INFO - Beginning optimization with guess, [0.63700857 0.08915099].
2019-08-01 12:46:58,710 - INFO - Finished optimization with guess, [0.63700857 0.08915099].
2019-08-01 12:46:58,710 - INFO - Best fit parameters: [4.00356605e-04 3.40321548e-05].
2019-08-01 12:46:58,719 - INFO - Maximum log composite likelihood: -20.9674146887.
2019-08-01 12:46:58,719 - INFO - Optimal value of theta: 62.611975215.
2019-08-01 12:46:58,720 - INFO - Beginning optimization with guess, [0.73553411 0.13313662].
2019-08-01 12:46:59,159 - INFO - Finished optimization with guess, [0.73553411 0.13313662].
2019-08-01 12:46:59,159 - INFO - Best fit parameters: [0.00336435 0.0003033 ].
2019-08-01 12:46:59,168 - INFO - Maximum log composite likelihood: -20.9755765665.
2019-08-01 12:46:59,168 - INFO - Optimal value of theta: 63.1365117864.
2019-08-01 12:46:59,168 - INFO - Beginning optimization with guess, [0.25426221 0.18453677].
2019-08-01 12:46:59,619 - INFO - Finished optimization with guess, [0.25426221 0.18453677].
2019-08-01 12:46:59,619 - INFO - Best fit parameters: [0.01001785 0.00084794].
2019-08-01 12:46:59,628 - INFO - Maximum log composite likelihood: -20.9739551448.
2019-08-01 12:46:59,628 - INFO - Optimal value of theta: 62.4604548478.
2019-08-01 12:46:59,628 - INFO - Beginning optimization with guess, [0.34213234 0.05669743].
2019-08-01 12:47:00,067 - INFO - Finished optimization with guess, [0.34213234 0.05669743].
2019-08-01 12:47:00,067 - INFO - Best fit parameters: [1.00000000e-04 8.46151842e-06].
2019-08-01 12:47:00,075 - INFO - Maximum log composite likelihood: -20.9672595898.
2019-08-01 12:47:00,076 - INFO - Optimal value of theta: 62.5726554773.
2019-08-01 12:47:00,076 - INFO - Beginning optimization with guess, [0.74065949 0.09536693].
2019-08-01 12:47:00,517 - INFO - Finished optimization with guess, [0.74065949 0.09536693].
2019-08-01 12:47:00,517 - INFO - Best fit parameters: [1.06144531e-04 8.90395551e-06].
2019-08-01 12:47:00,526 - INFO - Maximum log composite likelihood: -20.967545144.
2019-08-01 12:47:00,526 - INFO - Optimal value of theta: 62.492265234.
2019-08-01 12:47:00,527 - INFO - Beginning optimization with guess, [0.60305924 0.13526888].
2019-08-01 12:47:00,973 - INFO - Finished optimization with guess, [0.60305924 0.13526888].
2019-08-01 12:47:00,974 - INFO - Best fit parameters: [0.00894311 0.00075876].
2019-08-01 12:47:00,982 - INFO - Maximum log composite likelihood: -20.9730405801.
2019-08-01 12:47:00,983 - INFO - Optimal value of theta: 62.494646978.
2019-08-01 12:47:00,983 - INFO - Beginning optimization with guess, [0.86918268 0.10298446].
2019-08-01 12:47:01,423 - INFO - Finished optimization with guess, [0.86918268 0.10298446].
2019-08-01 12:47:01,424 - INFO - Best fit parameters: [2.62857311e-04 2.20350088e-05].
2019-08-01 12:47:01,432 - INFO - Maximum log composite likelihood: -20.9676777431.
2019-08-01 12:47:01,433 - INFO - Optimal value of theta: 62.4843318541.
2019-08-01 12:47:01,433 - INFO - Beginning optimization with guess, [0.82832083 0.14470138].
2019-08-01 12:47:01,879 - INFO - Finished optimization with guess, [0.82832083 0.14470138].
2019-08-01 12:47:01,879 - INFO - Best fit parameters: [0.01290734 0.00109513].
2019-08-01 12:47:01,888 - INFO - Maximum log composite likelihood: -20.9758934298.
2019-08-01 12:47:01,888 - INFO - Optimal value of theta: 62.4488246611.
2019-08-01 12:47:01,889 - INFO - Beginning optimization with guess, [0.50420155 0.16037682].
2019-08-01 12:47:02,390 - INFO - Finished optimization with guess, [0.50420155 0.16037682].
2019-08-01 12:47:02,390 - INFO - Best fit parameters: [1.00000000e-04 8.48989778e-06].
2019-08-01 12:47:02,399 - INFO - Maximum log composite likelihood: -20.9672314105.
2019-08-01 12:47:02,399 - INFO - Optimal value of theta: 62.6038799512.
2019-08-01 12:47:02,399 - INFO - Beginning optimization with guess, [0.53002988 0.14448969].
2019-08-01 12:47:02,846 - INFO - Finished optimization with guess, [0.53002988 0.14448969].
2019-08-01 12:47:02,846 - INFO - Best fit parameters: [0.01102878 0.00094283].
2019-08-01 12:47:02,855 - INFO - Maximum log composite likelihood: -20.9741421333.
2019-08-01 12:47:02,855 - INFO - Optimal value of theta: 62.5401769406.
2019-08-01 12:47:02,855 - INFO - Beginning optimization with guess, [0.63566973 0.05711523].
2019-08-01 12:47:03,317 - INFO - Finished optimization with guess, [0.63566973 0.05711523].
2019-08-01 12:47:03,318 - INFO - Best fit parameters: [0.00198276 0.00017015].
2019-08-01 12:47:03,326 - INFO - Maximum log composite likelihood: -20.9685190697.
2019-08-01 12:47:03,327 - INFO - Optimal value of theta: 62.6822382844.
2019-08-01 12:47:03,327 - INFO - Beginning optimization with guess, [0.47113484 0.13896474].
2019-08-01 12:47:03,765 - INFO - Finished optimization with guess, [0.47113484 0.13896474].
2019-08-01 12:47:03,765 - INFO - Best fit parameters: [7.44481336e-04 6.33615063e-05].
2019-08-01 12:47:03,774 - INFO - Maximum log composite likelihood: -20.9676274359.
2019-08-01 12:47:03,774 - INFO - Optimal value of theta: 62.6193249428.
2019-08-01 12:47:03,775 - INFO - Beginning optimization with guess, [0.8785208  0.19640431].
2019-08-01 12:47:04,226 - INFO - Finished optimization with guess, [0.8785208  0.19640431].
2019-08-01 12:47:04,226 - INFO - Best fit parameters: [0.01731957 0.00147025].
2019-08-01 12:47:04,234 - INFO - Maximum log composite likelihood: -20.9791996074.
2019-08-01 12:47:04,235 - INFO - Optimal value of theta: 62.4023564648.
2019-08-01 12:47:04,235 - INFO - Beginning optimization with guess, [0.56409123 0.1023254 ].
2019-08-01 12:47:04,674 - INFO - Finished optimization with guess, [0.56409123 0.1023254 ].
2019-08-01 12:47:04,674 - INFO - Best fit parameters: [8.92184643e-04 7.43534589e-05].
2019-08-01 12:47:04,682 - INFO - Maximum log composite likelihood: -20.9684360756.
2019-08-01 12:47:04,683 - INFO - Optimal value of theta: 62.4238269789.
2019-08-01 12:47:04,683 - INFO - Beginning optimization with guess, [0.67905573 0.19921963].
2019-08-01 12:47:05,143 - INFO - Finished optimization with guess, [0.67905573 0.19921963].
2019-08-01 12:47:05,143 - INFO - Best fit parameters: [0.06822586 0.0063022 ].
2019-08-01 12:47:05,152 - INFO - Maximum log composite likelihood: -21.0136414386.
2019-08-01 12:47:05,152 - INFO - Optimal value of theta: 62.5571718997.
2019-08-01 12:47:05,152 - INFO - Beginning optimization with guess, [0.50139588 0.06668313].
2019-08-01 12:47:05,593 - INFO - Finished optimization with guess, [0.50139588 0.06668313].
2019-08-01 12:47:05,593 - INFO - Best fit parameters: [6.23901205e-04 5.26513696e-05].
2019-08-01 12:47:05,602 - INFO - Maximum log composite likelihood: -20.9676561613.
2019-08-01 12:47:05,602 - INFO - Optimal value of theta: 62.5418254978.
2019-08-01 12:47:05,602 - INFO - Beginning optimization with guess, [0.78076992 0.06148558].
2019-08-01 12:47:06,040 - INFO - Finished optimization with guess, [0.78076992 0.06148558].
2019-08-01 12:47:06,040 - INFO - Best fit parameters: [1.00000000e-04 8.50011439e-06].
2019-08-01 12:47:06,049 - INFO - Maximum log composite likelihood: -20.9672334181.
2019-08-01 12:47:06,049 - INFO - Optimal value of theta: 62.6151087709.
2019-08-01 12:47:06,049 - INFO - Beginning optimization with guess, [0.42203546 0.10531692].
2019-08-01 12:47:06,486 - INFO - Finished optimization with guess, [0.42203546 0.10531692].
2019-08-01 12:47:06,486 - INFO - Best fit parameters: [1.00000000e-04 8.42710341e-06].
2019-08-01 12:47:06,495 - INFO - Maximum log composite likelihood: -20.9673613536.
2019-08-01 12:47:06,495 - INFO - Optimal value of theta: 62.5347237562.
2019-08-01 12:47:06,495 - INFO - Beginning optimization with guess, [0.36056907 0.19074725].
2019-08-01 12:47:06,941 - INFO - Finished optimization with guess, [0.36056907 0.19074725].
2019-08-01 12:47:06,942 - INFO - Best fit parameters: [0.00934961 0.00079081].
2019-08-01 12:47:06,950 - INFO - Maximum log composite likelihood: -20.9735229205.
2019-08-01 12:47:06,951 - INFO - Optimal value of theta: 62.4615764569.
2019-08-01 12:47:06,951 - INFO - Beginning optimization with guess, [0.77019371 0.14165195].
2019-08-01 12:47:07,398 - INFO - Finished optimization with guess, [0.77019371 0.14165195].
2019-08-01 12:47:07,398 - INFO - Best fit parameters: [0.01330729 0.00114125].
2019-08-01 12:47:07,407 - INFO - Maximum log composite likelihood: -20.975585765.
2019-08-01 12:47:07,407 - INFO - Optimal value of theta: 62.5427831714.
2019-08-01 12:47:07,407 - INFO - Beginning optimization with guess, [0.39321054 0.17347329].
2019-08-01 12:47:07,848 - INFO - Finished optimization with guess, [0.39321054 0.17347329].
2019-08-01 12:47:07,849 - INFO - Best fit parameters: [2.89615726e-04 2.40892078e-05].
2019-08-01 12:47:07,857 - INFO - Maximum log composite likelihood: -20.9681359183.
2019-08-01 12:47:07,857 - INFO - Optimal value of theta: 62.4130564808.
2019-08-01 12:47:07,858 - INFO - Beginning optimization with guess, [0.33573582 0.05141854].
2019-08-01 12:47:08,567 - INFO - Finished optimization with guess, [0.33573582 0.05141854].
2019-08-01 12:47:08,567 - INFO - Best fit parameters: [9.59496828e-04 8.14752818e-05].
2019-08-01 12:47:08,576 - INFO - Maximum log composite likelihood: -20.967757269.
2019-08-01 12:47:08,577 - INFO - Optimal value of theta: 62.5955542645.
2019-08-01 12:47:08,577 - INFO - Beginning optimization with guess, [0.3742605  0.13347073].
2019-08-01 12:47:09,036 - INFO - Finished optimization with guess, [0.3742605  0.13347073].
2019-08-01 12:47:09,036 - INFO - Best fit parameters: [2.99680447e-04 2.53166273e-05].
2019-08-01 12:47:09,045 - INFO - Maximum log composite likelihood: -20.9674185295.
2019-08-01 12:47:09,046 - INFO - Optimal value of theta: 62.555305653.
2019-08-01 12:47:09,046 - INFO - Beginning optimization with guess, [0.43716933 0.11052797].
2019-08-01 12:47:09,482 - INFO - Finished optimization with guess, [0.43716933 0.11052797].
2019-08-01 12:47:09,482 - INFO - Best fit parameters: [1.00000000e-04 8.50210253e-06].
2019-08-01 12:47:09,490 - INFO - Maximum log composite likelihood: -20.9672345505.
2019-08-01 12:47:09,491 - INFO - Optimal value of theta: 62.6172931396.
2019-08-01 12:47:09,491 - INFO - Beginning optimization with guess, [0.81546289 0.17696989].
2019-08-01 12:47:09,939 - INFO - Finished optimization with guess, [0.81546289 0.17696989].
2019-08-01 12:47:09,939 - INFO - Best fit parameters: [0.00826546 0.00070117].
2019-08-01 12:47:09,948 - INFO - Maximum log composite likelihood: -20.9725753539.
2019-08-01 12:47:09,948 - INFO - Optimal value of theta: 62.5012196888.
2019-08-01 12:47:09,948 - INFO - Beginning optimization with guess, [0.44137268 0.16756495].
2019-08-01 12:47:10,435 - INFO - Finished optimization with guess, [0.44137268 0.16756495].
2019-08-01 12:47:10,435 - INFO - Best fit parameters: [0.00118909 0.00010098].
2019-08-01 12:47:10,443 - INFO - Maximum log composite likelihood: -20.9678982282.
2019-08-01 12:47:10,444 - INFO - Optimal value of theta: 62.594050456.
2019-08-01 12:47:10,444 - INFO - Beginning optimization with guess, [0.62112104 0.12618505].
2019-08-01 12:47:10,885 - INFO - Finished optimization with guess, [0.62112104 0.12618505].
2019-08-01 12:47:10,885 - INFO - Best fit parameters: [0.00238645 0.00019995].
2019-08-01 12:47:10,893 - INFO - Maximum log composite likelihood: -20.9691784196.
2019-08-01 12:47:10,894 - INFO - Optimal value of theta: 62.4552128346.
2019-08-01 12:47:10,894 - INFO - Beginning optimization with guess, [0.33204798 0.10421301].
2019-08-01 12:47:11,328 - INFO - Finished optimization with guess, [0.33204798 0.10421301].
2019-08-01 12:47:11,329 - INFO - Best fit parameters: [1.63719134e-04 1.37054635e-05].
2019-08-01 12:47:11,337 - INFO - Maximum log composite likelihood: -20.9676686812.
2019-08-01 12:47:11,338 - INFO - Optimal value of theta: 62.4729227359.
2019-08-01 12:47:11,338 - INFO - Beginning optimization with guess, [0.63975841 0.06963139].
2019-08-01 12:47:11,778 - INFO - Finished optimization with guess, [0.63975841 0.06963139].
2019-08-01 12:47:11,778 - INFO - Best fit parameters: [1.00000000e-04 8.45223143e-06].
2019-08-01 12:47:11,787 - INFO - Maximum log composite likelihood: -20.9672796963.
2019-08-01 12:47:11,787 - INFO - Optimal value of theta: 62.5624267073.
2019-08-01 12:47:11,788 - INFO - Beginning optimization with guess, [0.98996116 0.17546864].
2019-08-01 12:47:12,234 - INFO - Finished optimization with guess, [0.98996116 0.17546864].
2019-08-01 12:47:12,235 - INFO - Best fit parameters: [0.01528185 0.00130758].
2019-08-01 12:47:12,243 - INFO - Maximum log composite likelihood: -20.9770678945.
2019-08-01 12:47:12,244 - INFO - Optimal value of theta: 62.4985037213.
2019-08-01 12:47:12,244 - INFO - Beginning optimization with guess, [0.48488384 0.09198185].
2019-08-01 12:47:12,694 - INFO - Finished optimization with guess, [0.48488384 0.09198185].
2019-08-01 12:47:12,694 - INFO - Best fit parameters: [0.0056329  0.00047543].
2019-08-01 12:47:12,702 - INFO - Maximum log composite likelihood: -20.9710225812.
2019-08-01 12:47:12,703 - INFO - Optimal value of theta: 62.485036455.
2019-08-01 12:47:12,703 - INFO - Beginning optimization with guess, [0.74630279 0.05797909].
2019-08-01 12:47:13,152 - INFO - Finished optimization with guess, [0.74630279 0.05797909].
2019-08-01 12:47:13,152 - INFO - Best fit parameters: [0.00381514 0.00032995].
2019-08-01 12:47:13,161 - INFO - Maximum log composite likelihood: -20.9698850793.
2019-08-01 12:47:13,161 - INFO - Optimal value of theta: 62.7330965534.
2019-08-01 12:47:13,162 - INFO - Beginning optimization with guess, [0.78541639 0.13626353].
2019-08-01 12:47:13,611 - INFO - Finished optimization with guess, [0.78541639 0.13626353].
2019-08-01 12:47:13,612 - INFO - Best fit parameters: [0.02587958 0.00221324].
2019-08-01 12:47:13,620 - INFO - Maximum log composite likelihood: -20.9852685556.
2019-08-01 12:47:13,621 - INFO - Optimal value of theta: 62.3699891009.
2019-08-01 12:47:13,621 - INFO - Beginning optimization with guess, [0.4214869 0.1513263].
2019-08-01 12:47:14,072 - INFO - Finished optimization with guess, [0.4214869 0.1513263].
2019-08-01 12:47:14,072 - INFO - Best fit parameters: [1.00000000e-04 8.46616026e-06].
2019-08-01 12:47:14,081 - INFO - Maximum log composite likelihood: -20.9672515616.
2019-08-01 12:47:14,081 - INFO - Optimal value of theta: 62.5777660611.
2019-08-01 12:47:14,081 - INFO - Beginning optimization with guess, [0.38298626 0.05493612].
2019-08-01 12:47:14,533 - INFO - Finished optimization with guess, [0.38298626 0.05493612].
2019-08-01 12:47:14,534 - INFO - Best fit parameters: [0.00175457 0.00014774].
2019-08-01 12:47:14,542 - INFO - Maximum log composite likelihood: -20.9684905278.
2019-08-01 12:47:14,543 - INFO - Optimal value of theta: 62.5080379117.
2019-08-01 12:47:14,543 - INFO - Beginning optimization with guess, [0.56593545 0.06689305].
2019-08-01 12:47:15,044 - INFO - Finished optimization with guess, [0.56593545 0.06689305].
2019-08-01 12:47:15,045 - INFO - Best fit parameters: [1.24151899e-04 1.04537931e-05].
2019-08-01 12:47:15,053 - INFO - Maximum log composite likelihood: -20.9674068432.
2019-08-01 12:47:15,054 - INFO - Optimal value of theta: 62.5267864222.
2019-08-01 12:47:15,054 - INFO - Beginning optimization with guess, [0.78498409 0.08503647].
2019-08-01 12:47:15,503 - INFO - Finished optimization with guess, [0.78498409 0.08503647].
2019-08-01 12:47:15,504 - INFO - Best fit parameters: [0.0076059  0.00065623].
2019-08-01 12:47:15,512 - INFO - Maximum log composite likelihood: -20.9719264331.
2019-08-01 12:47:15,513 - INFO - Optimal value of theta: 62.6658772025.
2019-08-01 12:47:15,513 - INFO - Beginning optimization with guess, [0.34742279 0.08518847].
2019-08-01 12:47:15,964 - INFO - Finished optimization with guess, [0.34742279 0.08518847].
2019-08-01 12:47:15,965 - INFO - Best fit parameters: [1.00000000e-04 8.37684599e-06].
2019-08-01 12:47:15,973 - INFO - Maximum log composite likelihood: -20.9675959649.
2019-08-01 12:47:15,974 - INFO - Optimal value of theta: 62.479654189.
2019-08-01 12:47:15,974 - INFO - Beginning optimization with guess, [0.311251   0.18231932].
2019-08-01 12:47:16,432 - INFO - Finished optimization with guess, [0.311251   0.18231932].
2019-08-01 12:47:16,432 - INFO - Best fit parameters: [0.02692962 0.00230123].
2019-08-01 12:47:16,441 - INFO - Maximum log composite likelihood: -20.9862342865.
2019-08-01 12:47:16,441 - INFO - Optimal value of theta: 62.3506456429.
2019-08-01 12:47:16,441 - INFO - Beginning optimization with guess, [0.90086643 0.0642964 ].
2019-08-01 12:47:16,921 - INFO - Finished optimization with guess, [0.90086643 0.0642964 ].
2019-08-01 12:47:16,921 - INFO - Best fit parameters: [0.00305791 0.00026733].
2019-08-01 12:47:16,936 - INFO - Maximum log composite likelihood: -20.9703914446.
2019-08-01 12:47:16,936 - INFO - Optimal value of theta: 62.8438090705.
2019-08-01 12:47:16,936 - INFO - Beginning optimization with guess, [0.26869931 0.13960277].
2019-08-01 12:47:17,617 - INFO - Finished optimization with guess, [0.26869931 0.13960277].
2019-08-01 12:47:17,617 - INFO - Best fit parameters: [0.00686292 0.00058327].
2019-08-01 12:47:17,626 - INFO - Maximum log composite likelihood: -20.9715368058.
2019-08-01 12:47:17,626 - INFO - Optimal value of theta: 62.5347938997.
2019-08-01 12:47:17,627 - INFO - Finished demographic inference.
2019-08-01 12:47:17,627 - INFO - Beginning DFE inference.
2019-08-01 12:47:18,533 - INFO - Beginning optimization with guess, [1.1304371e-01 1.1416089e+02].
2019-08-01 12:47:27,657 - INFO - Finished optomization, results are [-21.802536899844306 array([1.34851833e-01, 1.42682162e+03])].
2019-08-01 12:47:27,658 - INFO - Beginning optimization with guess, [5.26583727e-02 1.52849729e+02].
2019-08-01 12:47:31,735 - INFO - Finished optomization, results are [-21.80265024044411 array([1.34533604e-01, 1.44176413e+03])].
2019-08-01 12:47:31,735 - INFO - Beginning optimization with guess, [6.34468458e-02 2.35824536e+02].
2019-08-01 12:47:40,858 - INFO - Finished optomization, results are [-21.802599117488068 array([1.34282066e-01, 1.46140049e+03])].
2019-08-01 12:47:40,859 - INFO - Beginning optimization with guess, [7.38406333e-02 1.36578403e+02].
2019-08-01 12:47:50,797 - INFO - Finished optomization, results are [-21.802737310985382 array([1.32795511e-01, 1.56860065e+03])].
2019-08-01 12:47:50,797 - INFO - Beginning optimization with guess, [  0.15438088 118.4089078 ].
2019-08-01 12:47:54,408 - INFO - Finished optomization, results are [-21.802518200662842 array([1.35812520e-01, 1.36874072e+03])].
2019-08-01 12:47:54,409 - INFO - Beginning optimization with guess, [7.67358225e-02 1.34298846e+02].
2019-08-01 12:48:00,841 - INFO - Finished optomization, results are [-21.802729067085142 array([1.32829958e-01, 1.56654686e+03])].
2019-08-01 12:48:00,842 - INFO - Beginning optimization with guess, [1.14362407e-01 1.56126421e+02].
2019-08-01 12:48:06,886 - INFO - Finished optomization, results are [-21.802633244341116 array([1.34636248e-01, 1.43578678e+03])].
2019-08-01 12:48:06,887 - INFO - Beginning optimization with guess, [9.60617005e-02 1.06529424e+02].
2019-08-01 12:48:12,477 - INFO - Finished optomization, results are [-21.802700228541653 array([1.33376478e-01, 1.52149153e+03])].
2019-08-01 12:48:12,477 - INFO - Beginning optimization with guess, [1.41043742e-01 2.54906061e+02].
2019-08-01 12:48:19,880 - INFO - Finished optomization, results are [-21.802755602622547 array([1.33316261e-01, 1.52264758e+03])].
2019-08-01 12:48:19,881 - INFO - Beginning optimization with guess, [5.08478750e-02 1.13648303e+02].
2019-08-01 12:48:28,108 - INFO - Finished optomization, results are [-21.802569993001207 array([1.33790044e-01, 1.50823667e+03])].
2019-08-01 12:48:28,108 - INFO - Beginning optimization with guess, [1.30147048e-01 1.50469598e+02].
2019-08-01 12:48:35,396 - INFO - Finished optomization, results are [-21.80257923693689 array([1.33773995e-01, 1.50126871e+03])].
2019-08-01 12:48:35,397 - INFO - Beginning optimization with guess, [4.94193294e-02 1.33263207e+02].
2019-08-01 12:48:43,112 - INFO - Finished optomization, results are [-21.802614859661595 array([1.33436873e-01, 1.52907323e+03])].
2019-08-01 12:48:43,113 - INFO - Beginning optimization with guess, [8.80048813e-02 1.21451138e+02].
2019-08-01 12:48:51,566 - INFO - Finished optomization, results are [-21.802543367608102 array([1.34242878e-01, 1.46841411e+03])].
2019-08-01 12:48:51,567 - INFO - Beginning optimization with guess, [1.01904469e-01 1.30448329e+02].
2019-08-01 12:48:58,648 - INFO - Finished optomization, results are [-21.802597498437578 array([1.33547596e-01, 1.52039641e+03])].
2019-08-01 12:48:58,649 - INFO - Beginning optimization with guess, [1.51815125e-01 2.61370337e+02].
2019-08-01 12:49:05,012 - INFO - Finished optomization, results are [-21.80279417099075 array([1.32583029e-01, 1.58116658e+03])].
2019-08-01 12:49:05,013 - INFO - Beginning optimization with guess, [5.03586504e-02 2.48451996e+02].
2019-08-01 12:49:12,025 - INFO - Finished optomization, results are [-21.80257623165793 array([1.34604872e-01, 1.44076617e+03])].
2019-08-01 12:49:12,025 - INFO - Beginning optimization with guess, [1.16198968e-01 1.82490749e+02].
2019-08-01 12:49:19,202 - INFO - Finished optomization, results are [-21.80283457964488 array([1.32462272e-01, 1.58790700e+03])].
2019-08-01 12:49:19,203 - INFO - Beginning optimization with guess, [4.84175183e-02 1.56842623e+02].
2019-08-01 12:49:29,076 - INFO - Finished optomization, results are [-21.802608106445987 array([1.34508007e-01, 1.44549554e+03])].
2019-08-01 12:49:29,078 - INFO - Beginning optimization with guess, [1.00116208e-01 2.85557202e+02].
2019-08-01 12:49:33,001 - INFO - Finished optomization, results are [-21.802744478478058 array([1.33903940e-01, 1.48041803e+03])].
2019-08-01 12:49:33,001 - INFO - Beginning optimization with guess, [9.98529433e-02 2.72823161e+02].
2019-08-01 12:49:37,241 - INFO - Finished optomization, results are [-21.802715118560194 array([1.34083839e-01, 1.46921517e+03])].
2019-08-01 12:49:37,242 - INFO - Beginning optimization with guess, [6.53700513e-02 8.93875842e+01].
2019-08-01 12:49:41,269 - INFO - Finished optomization, results are [-21.802422877831283 array([1.35929082e-01, 1.37355718e+03])].
2019-08-01 12:49:41,270 - INFO - Beginning optimization with guess, [1.32681796e-01 2.15961401e+02].
2019-08-01 12:49:46,648 - INFO - Finished optomization, results are [-21.802670805669575 array([1.33952151e-01, 1.48051939e+03])].
2019-08-01 12:49:46,648 - INFO - Beginning optimization with guess, [4.53701109e-02 2.97961403e+02].
2019-08-01 12:49:53,462 - INFO - Finished optomization, results are [-21.802627728388362 array([1.34030194e-01, 1.47741085e+03])].
2019-08-01 12:49:53,464 - INFO - Beginning optimization with guess, [8.58770215e-02 1.50222425e+02].
2019-08-01 12:49:57,940 - INFO - Finished optomization, results are [-21.802603370761208 array([1.34744814e-01, 1.43011625e+03])].
2019-08-01 12:49:57,940 - INFO - Beginning optimization with guess, [8.28767257e-02 1.56285678e+02].
2019-08-01 12:50:01,835 - INFO - Finished optomization, results are [-21.802603043401177 array([1.34948443e-01, 1.41705564e+03])].
2019-08-01 12:50:01,837 - INFO - Beginning optimization with guess, [9.22013668e-02 1.14314645e+02].
2019-08-01 12:50:08,324 - INFO - Finished optomization, results are [-21.802551607961014 array([1.34537997e-01, 1.44682853e+03])].
2019-08-01 12:50:08,324 - INFO - Beginning optimization with guess, [7.97105391e-02 2.28505193e+02].
2019-08-01 12:50:14,316 - INFO - Finished optomization, results are [-21.802778034356926 array([1.33536486e-01, 1.50512976e+03])].
2019-08-01 12:50:14,317 - INFO - Beginning optimization with guess, [5.32807097e-02 3.00003114e+02].
2019-08-01 12:50:21,338 - INFO - Finished optomization, results are [-21.802595747911674 array([1.34714713e-01, 1.43245786e+03])].
2019-08-01 12:50:21,338 - INFO - Beginning optimization with guess, [8.89770719e-02 1.07050888e+02].
2019-08-01 12:50:29,033 - INFO - Finished optomization, results are [-21.802513991768485 array([1.34703262e-01, 1.43839726e+03])].
2019-08-01 12:50:29,034 - INFO - Beginning optimization with guess, [  0.17337127 163.76446197].
2019-08-01 12:50:34,956 - INFO - Finished optomization, results are [-21.80276744591472 array([1.32657210e-01, 1.57785634e+03])].
2019-08-01 12:50:34,956 - INFO - Beginning optimization with guess, [9.33543117e-02 1.10374984e+02].
2019-08-01 12:50:42,555 - INFO - Finished optomization, results are [-21.802786340605074 array([1.33140915e-01, 1.53439411e+03])].
2019-08-01 12:50:42,556 - INFO - Beginning optimization with guess, [8.71749281e-02 2.33303514e+02].
2019-08-01 12:50:49,242 - INFO - Finished optomization, results are [-21.802771360155457 array([1.32662580e-01, 1.57652286e+03])].
2019-08-01 12:50:49,242 - INFO - Beginning optimization with guess, [5.88589417e-02 1.83606208e+02].
2019-08-01 12:50:57,399 - INFO - Finished optomization, results are [-21.80269063143904 array([1.33117754e-01, 1.54395050e+03])].
2019-08-01 12:50:57,400 - INFO - Beginning optimization with guess, [  0.16657235 129.58059583].
2019-08-01 12:51:04,180 - INFO - Finished optomization, results are [-21.802682869356172 array([1.33711538e-01, 1.49722349e+03])].
2019-08-01 12:51:04,181 - INFO - Beginning optimization with guess, [ 0.14729555 76.25964488].
2019-08-01 12:51:12,247 - INFO - Finished optomization, results are [-21.80247583352684 array([1.34984329e-01, 1.43528841e+03])].
2019-08-01 12:51:12,249 - INFO - Beginning optimization with guess, [  0.1419042  100.08832322].
2019-08-01 12:51:15,754 - INFO - Finished optomization, results are [-21.802525636045996 array([1.35516427e-01, 1.38582999e+03])].
2019-08-01 12:51:15,754 - INFO - Beginning optimization with guess, [1.24671215e-01 2.38538733e+02].
2019-08-01 12:51:22,610 - INFO - Finished optomization, results are [-21.802520959023056 array([1.34879891e-01, 1.42604998e+03])].
2019-08-01 12:51:22,610 - INFO - Beginning optimization with guess, [ 0.09270289 79.02461623].
2019-08-01 12:51:28,548 - INFO - Finished optomization, results are [-21.802803465332673 array([1.33197420e-01, 1.52912849e+03])].
2019-08-01 12:51:28,549 - INFO - Beginning optimization with guess, [5.91787811e-02 1.40424871e+02].
2019-08-01 12:51:34,410 - INFO - Finished optomization, results are [-21.80256519266708 array([1.34370082e-01, 1.45748380e+03])].
2019-08-01 12:51:34,410 - INFO - Beginning optimization with guess, [1.40524355e-01 1.40843654e+02].
2019-08-01 12:51:39,591 - INFO - Finished optomization, results are [-21.802492551697053 array([1.35380176e-01, 1.39619365e+03])].
2019-08-01 12:51:39,592 - INFO - Beginning optimization with guess, [8.34129721e-02 1.62770128e+02].
2019-08-01 12:51:44,925 - INFO - Finished optomization, results are [-21.802623171368577 array([1.34730130e-01, 1.43013277e+03])].
2019-08-01 12:51:44,925 - INFO - Beginning optimization with guess, [7.51091745e-02 1.35867274e+02].
2019-08-01 12:51:52,161 - INFO - Finished optomization, results are [-21.80273457992702 array([1.32801838e-01, 1.56852304e+03])].
2019-08-01 12:51:52,162 - INFO - Beginning optimization with guess, [ 0.09286808 79.23880695].
2019-08-01 12:51:59,017 - INFO - Finished optomization, results are [-21.802996429673968 array([1.31687972e-01, 1.64918343e+03])].
2019-08-01 12:51:59,017 - INFO - Beginning optimization with guess, [6.87072703e-02 1.57216574e+02].
2019-08-01 12:52:04,889 - INFO - Finished optomization, results are [-21.8027804674441 array([1.33238632e-01, 1.52719635e+03])].
2019-08-01 12:52:04,890 - INFO - Beginning optimization with guess, [4.84192496e-02 7.83159373e+01].
2019-08-01 12:52:08,665 - INFO - Finished optomization, results are [-21.802631425880584 array([1.34664566e-01, 1.43401955e+03])].
2019-08-01 12:52:08,665 - INFO - Beginning optimization with guess, [1.64457096e-01 2.09329330e+02].
2019-08-01 12:52:15,832 - INFO - Finished optomization, results are [-21.80263097177186 array([1.33966067e-01, 1.48181771e+03])].
2019-08-01 12:52:15,834 - INFO - Beginning optimization with guess, [ 0.16232882 87.1918099 ].
2019-08-01 12:52:23,231 - INFO - Finished optomization, results are [-21.802666174082738 array([1.33148543e-01, 1.55007503e+03])].
2019-08-01 12:52:23,233 - INFO - Beginning optimization with guess, [  0.12737699 112.00977426].
2019-08-01 12:52:31,086 - INFO - Finished optomization, results are [-21.802533427333877 array([1.34398670e-01, 1.45800031e+03])].
2019-08-01 12:52:31,086 - INFO - Beginning optimization with guess, [7.85823804e-02 1.80704498e+02].
2019-08-01 12:52:35,969 - INFO - Finished optomization, results are [-21.802511601407502 array([1.35423018e-01, 1.39230989e+03])].
2019-08-01 12:52:35,970 - INFO - Beginning optimization with guess, [6.22682424e-02 8.71597850e+01].
2019-08-01 12:52:39,327 - INFO - Finished optomization, results are [-21.802514303210586 array([1.35482268e-01, 1.38854573e+03])].
2019-08-01 12:52:39,327 - INFO - Finished DFE inference.
2019-08-01 12:52:39,327 - INFO - Integrating expected site-frequency spectrum.
2019-08-01 12:52:39,346 - INFO - Outputing results.
2019-08-01 12:52:39,350 - INFO - Pipeline executed succesfully.
