2019-08-01 12:47:42,064 - INFO - Beginning execution of fitdadi_infer_DFE.py in directory /u/home/j/jonmah/lohmueller_lab/Scripts

2019-08-01 12:47:42,066 - INFO - Progress is being logged to ../Data/AW_array_2000/seed_85_fitdadi_output/log.log

2019-08-01 12:47:42,068 - INFO - Parsed the following arguments:
	breed = AW
	outprefix = ../Data/AW_array_2000/seed_85_fitdadi_output/
	nonsyn_input_sfs = ../Data/AW_array_2000/seed_85_easySFS_output_nonsyn/dadi/pop1.sfs
	syn_input_sfs = ../Data/AW_array_2000/seed_85_easySFS_output_syn/dadi/pop1.sfs

2019-08-01 12:47:42,086 - INFO - Beginning optimization with guess, [0.28461996 0.18222148].
2019-08-01 12:48:04,698 - INFO - Finished optimization with guess, [0.28461996 0.18222148].
2019-08-01 12:48:04,705 - INFO - Best fit parameters: [0.34982479 0.48553252].
2019-08-01 12:48:05,229 - INFO - Maximum log composite likelihood: -20.4474207039.
2019-08-01 12:48:05,240 - INFO - Optimal value of theta: 107.469088692.
2019-08-01 12:48:05,247 - INFO - Beginning optimization with guess, [0.60989856 0.07003807].
2019-08-01 12:48:27,025 - INFO - Finished optimization with guess, [0.60989856 0.07003807].
2019-08-01 12:48:27,032 - INFO - Best fit parameters: [0.42237127 0.46756401].
2019-08-01 12:48:27,521 - INFO - Maximum log composite likelihood: -20.4494697811.
2019-08-01 12:48:27,532 - INFO - Optimal value of theta: 89.6266863069.
2019-08-01 12:48:27,538 - INFO - Beginning optimization with guess, [0.32124709 0.12133566].
2019-08-01 12:48:50,575 - INFO - Finished optimization with guess, [0.32124709 0.12133566].
2019-08-01 12:48:50,583 - INFO - Best fit parameters: [0.3549965  0.48546158].
2019-08-01 12:48:51,127 - INFO - Maximum log composite likelihood: -20.447477692.
2019-08-01 12:48:51,138 - INFO - Optimal value of theta: 105.968214381.
2019-08-01 12:48:51,144 - INFO - Beginning optimization with guess, [0.67563323 0.11115619].
2019-08-01 12:49:12,596 - INFO - Finished optimization with guess, [0.67563323 0.11115619].
2019-08-01 12:49:12,603 - INFO - Best fit parameters: [0.38234048 0.47791509].
2019-08-01 12:49:13,123 - INFO - Maximum log composite likelihood: -20.4478273642.
2019-08-01 12:49:13,134 - INFO - Optimal value of theta: 98.3904056589.
2019-08-01 12:49:13,140 - INFO - Beginning optimization with guess, [0.36450599 0.12094128].
2019-08-01 12:49:34,189 - INFO - Finished optimization with guess, [0.36450599 0.12094128].
2019-08-01 12:49:34,196 - INFO - Best fit parameters: [0.3504203  0.48735009].
2019-08-01 12:49:34,746 - INFO - Maximum log composite likelihood: -20.4474652422.
2019-08-01 12:49:34,757 - INFO - Optimal value of theta: 107.444397773.
2019-08-01 12:49:34,763 - INFO - Beginning optimization with guess, [0.52969744 0.11154794].
2019-08-01 12:49:56,270 - INFO - Finished optimization with guess, [0.52969744 0.11154794].
2019-08-01 12:49:56,277 - INFO - Best fit parameters: [0.38849509 0.47416422].
2019-08-01 12:49:56,766 - INFO - Maximum log composite likelihood: -20.4479237419.
2019-08-01 12:49:56,777 - INFO - Optimal value of theta: 96.7404310797.
2019-08-01 12:49:56,783 - INFO - Beginning optimization with guess, [0.26145154 0.16631114].
2019-08-01 12:50:19,224 - INFO - Finished optimization with guess, [0.26145154 0.16631114].
2019-08-01 12:50:19,232 - INFO - Best fit parameters: [0.33149699 0.48794031].
2019-08-01 12:50:19,766 - INFO - Maximum log composite likelihood: -20.4473001074.
2019-08-01 12:50:19,777 - INFO - Optimal value of theta: 113.481221014.
2019-08-01 12:50:19,783 - INFO - Beginning optimization with guess, [0.39784129 0.16814807].
2019-08-01 12:50:41,233 - INFO - Finished optimization with guess, [0.39784129 0.16814807].
2019-08-01 12:50:41,241 - INFO - Best fit parameters: [0.34537546 0.48873673].
2019-08-01 12:50:41,793 - INFO - Maximum log composite likelihood: -20.4474518707.
2019-08-01 12:50:41,804 - INFO - Optimal value of theta: 109.074574345.
2019-08-01 12:50:41,810 - INFO - Beginning optimization with guess, [0.30850926 0.1736741 ].
2019-08-01 12:51:02,314 - INFO - Finished optimization with guess, [0.30850926 0.1736741 ].
2019-08-01 12:51:02,321 - INFO - Best fit parameters: [0.3857693  0.47441567].
2019-08-01 12:51:02,835 - INFO - Maximum log composite likelihood: -20.4478764142.
2019-08-01 12:51:02,846 - INFO - Optimal value of theta: 97.3656707613.
2019-08-01 12:51:02,851 - INFO - Beginning optimization with guess, [0.45404693 0.07949689].
2019-08-01 12:51:22,872 - INFO - Finished optimization with guess, [0.45404693 0.07949689].
2019-08-01 12:51:22,879 - INFO - Best fit parameters: [0.37202288 0.48324129].
2019-08-01 12:51:23,407 - INFO - Maximum log composite likelihood: -20.4477274378.
2019-08-01 12:51:23,418 - INFO - Optimal value of theta: 101.257162004.
2019-08-01 12:51:23,424 - INFO - Beginning optimization with guess, [0.25295447 0.12981597].
2019-08-01 12:51:44,246 - INFO - Finished optimization with guess, [0.25295447 0.12981597].
2019-08-01 12:51:44,254 - INFO - Best fit parameters: [0.36101183 0.48351391].
2019-08-01 12:51:44,791 - INFO - Maximum log composite likelihood: -20.4475293151.
2019-08-01 12:51:44,802 - INFO - Optimal value of theta: 104.146503907.
2019-08-01 12:51:44,808 - INFO - Beginning optimization with guess, [0.44590955 0.05154161].
2019-08-01 12:52:04,978 - INFO - Finished optimization with guess, [0.44590955 0.05154161].
2019-08-01 12:52:04,985 - INFO - Best fit parameters: [0.35396679 0.4887862 ].
2019-08-01 12:52:05,530 - INFO - Maximum log composite likelihood: -20.4475925835.
2019-08-01 12:52:05,541 - INFO - Optimal value of theta: 106.530475861.
2019-08-01 12:52:05,546 - INFO - Beginning optimization with guess, [0.30892167 0.14465128].
2019-08-01 12:52:26,086 - INFO - Finished optimization with guess, [0.30892167 0.14465128].
2019-08-01 12:52:26,094 - INFO - Best fit parameters: [0.37807025 0.48349978].
2019-08-01 12:52:26,618 - INFO - Maximum log composite likelihood: -20.4479292385.
2019-08-01 12:52:26,619 - INFO - Optimal value of theta: 99.7905899526.
2019-08-01 12:52:26,619 - INFO - Beginning optimization with guess, [0.69588863 0.08085713].
2019-08-01 12:52:49,319 - INFO - Finished optimization with guess, [0.69588863 0.08085713].
2019-08-01 12:52:49,326 - INFO - Best fit parameters: [0.4177244  0.46238753].
2019-08-01 12:52:49,812 - INFO - Maximum log composite likelihood: -20.448732854.
2019-08-01 12:52:49,823 - INFO - Optimal value of theta: 90.1604848253.
2019-08-01 12:52:49,829 - INFO - Beginning optimization with guess, [0.39703185 0.10729039].
2019-08-01 12:53:10,613 - INFO - Finished optimization with guess, [0.39703185 0.10729039].
2019-08-01 12:53:10,620 - INFO - Best fit parameters: [0.34677283 0.48842363].
2019-08-01 12:53:11,144 - INFO - Maximum log composite likelihood: -20.4474565898.
2019-08-01 12:53:11,155 - INFO - Optimal value of theta: 108.62263007.
2019-08-01 12:53:11,161 - INFO - Beginning optimization with guess, [0.29526504 0.16495487].
2019-08-01 12:53:31,898 - INFO - Finished optimization with guess, [0.29526504 0.16495487].
2019-08-01 12:53:31,905 - INFO - Best fit parameters: [0.38721437 0.47503164].
2019-08-01 12:53:32,418 - INFO - Maximum log composite likelihood: -20.4479011835.
2019-08-01 12:53:32,429 - INFO - Optimal value of theta: 97.0837111103.
2019-08-01 12:53:32,435 - INFO - Beginning optimization with guess, [0.7424969  0.09921599].
2019-08-01 12:53:53,567 - INFO - Finished optimization with guess, [0.7424969  0.09921599].
2019-08-01 12:53:53,574 - INFO - Best fit parameters: [0.35903502 0.48587972].
2019-08-01 12:53:54,116 - INFO - Maximum log composite likelihood: -20.4475496784.
2019-08-01 12:53:54,127 - INFO - Optimal value of theta: 104.872106305.
2019-08-01 12:53:54,133 - INFO - Beginning optimization with guess, [0.77113042 0.17021404].
2019-08-01 12:54:16,167 - INFO - Finished optimization with guess, [0.77113042 0.17021404].
2019-08-01 12:54:16,175 - INFO - Best fit parameters: [0.39727139 0.47356112].
2019-08-01 12:54:16,680 - INFO - Maximum log composite likelihood: -20.4481696518.
2019-08-01 12:54:16,691 - INFO - Optimal value of theta: 94.8155207744.
2019-08-01 12:54:16,697 - INFO - Beginning optimization with guess, [0.62331114 0.07916617].
2019-08-01 12:54:37,681 - INFO - Finished optimization with guess, [0.62331114 0.07916617].
2019-08-01 12:54:37,688 - INFO - Best fit parameters: [0.42739763 0.44895745].
2019-08-01 12:54:38,163 - INFO - Maximum log composite likelihood: -20.4491009498.
2019-08-01 12:54:38,173 - INFO - Optimal value of theta: 87.714692992.
2019-08-01 12:54:38,179 - INFO - Beginning optimization with guess, [0.41830668 0.08069931].
2019-08-01 12:54:57,157 - INFO - Finished optimization with guess, [0.41830668 0.08069931].
2019-08-01 12:54:57,164 - INFO - Best fit parameters: [0.38954209 0.47145876].
2019-08-01 12:54:57,675 - INFO - Maximum log composite likelihood: -20.4479686419.
2019-08-01 12:54:57,686 - INFO - Optimal value of theta: 96.3279197167.
2019-08-01 12:54:57,691 - INFO - Beginning optimization with guess, [0.56085019 0.07354759].
2019-08-01 12:55:18,536 - INFO - Finished optimization with guess, [0.56085019 0.07354759].
2019-08-01 12:55:18,543 - INFO - Best fit parameters: [0.3639089  0.48495072].
2019-08-01 12:55:19,081 - INFO - Maximum log composite likelihood: -20.4476086217.
2019-08-01 12:55:19,092 - INFO - Optimal value of theta: 103.480136501.
2019-08-01 12:55:19,098 - INFO - Beginning optimization with guess, [0.48374945 0.18148076].
2019-08-01 12:55:42,496 - INFO - Finished optimization with guess, [0.48374945 0.18148076].
2019-08-01 12:55:42,506 - INFO - Best fit parameters: [0.35358841 0.48592127].
2019-08-01 12:55:43,052 - INFO - Maximum log composite likelihood: -20.4474685102.
2019-08-01 12:55:43,063 - INFO - Optimal value of theta: 106.407070767.
2019-08-01 12:55:43,069 - INFO - Beginning optimization with guess, [0.94511502 0.16190166].
2019-08-01 12:56:04,156 - INFO - Finished optimization with guess, [0.94511502 0.16190166].
2019-08-01 12:56:04,163 - INFO - Best fit parameters: [0.35937432 0.48499394].
2019-08-01 12:56:04,680 - INFO - Maximum log composite likelihood: -20.4475297514.
2019-08-01 12:56:04,691 - INFO - Optimal value of theta: 104.709054119.
2019-08-01 12:56:04,697 - INFO - Beginning optimization with guess, [0.44532016 0.09080908].
2019-08-01 12:56:24,898 - INFO - Finished optimization with guess, [0.44532016 0.09080908].
2019-08-01 12:56:24,905 - INFO - Best fit parameters: [0.3608125  0.48244771].
2019-08-01 12:56:25,415 - INFO - Maximum log composite likelihood: -20.4475259362.
2019-08-01 12:56:25,427 - INFO - Optimal value of theta: 104.117172313.
2019-08-01 12:56:25,433 - INFO - Beginning optimization with guess, [0.44854081 0.11208923].
2019-08-01 12:56:47,537 - INFO - Finished optimization with guess, [0.44854081 0.11208923].
2019-08-01 12:56:47,543 - INFO - Best fit parameters: [0.36344836 0.48420086].
2019-08-01 12:56:48,080 - INFO - Maximum log composite likelihood: -20.4475772264.
2019-08-01 12:56:48,091 - INFO - Optimal value of theta: 103.545173303.
2019-08-01 12:56:48,097 - INFO - Beginning optimization with guess, [0.37679489 0.09681934].
2019-08-01 12:57:08,225 - INFO - Finished optimization with guess, [0.37679489 0.09681934].
2019-08-01 12:57:08,232 - INFO - Best fit parameters: [0.3553733 0.4845915].
2019-08-01 12:57:08,777 - INFO - Maximum log composite likelihood: -20.4474711286.
2019-08-01 12:57:08,788 - INFO - Optimal value of theta: 105.791438217.
2019-08-01 12:57:08,794 - INFO - Beginning optimization with guess, [0.67614462 0.06251798].
2019-08-01 12:57:28,380 - INFO - Finished optimization with guess, [0.67614462 0.06251798].
2019-08-01 12:57:28,387 - INFO - Best fit parameters: [0.38140089 0.48256783].
2019-08-01 12:57:28,911 - INFO - Maximum log composite likelihood: -20.4479953965.
2019-08-01 12:57:28,922 - INFO - Optimal value of theta: 98.9332260377.
2019-08-01 12:57:28,928 - INFO - Beginning optimization with guess, [0.67820567 0.08945528].
2019-08-01 12:57:50,826 - INFO - Finished optimization with guess, [0.67820567 0.08945528].
2019-08-01 12:57:50,833 - INFO - Best fit parameters: [0.41645461 0.46386214].
2019-08-01 12:57:51,323 - INFO - Maximum log composite likelihood: -20.4487164746.
2019-08-01 12:57:51,334 - INFO - Optimal value of theta: 90.4770199213.
2019-08-01 12:57:51,339 - INFO - Beginning optimization with guess, [0.66373993 0.13067618].
2019-08-01 12:58:12,655 - INFO - Finished optimization with guess, [0.66373993 0.13067618].
2019-08-01 12:58:12,662 - INFO - Best fit parameters: [0.40299706 0.47293364].
2019-08-01 12:58:13,165 - INFO - Maximum log composite likelihood: -20.4484098547.
2019-08-01 12:58:13,176 - INFO - Optimal value of theta: 93.6028085709.
2019-08-01 12:58:13,182 - INFO - Beginning optimization with guess, [0.52299051 0.05257896].
2019-08-01 12:58:33,380 - INFO - Finished optimization with guess, [0.52299051 0.05257896].
2019-08-01 12:58:33,387 - INFO - Best fit parameters: [0.39090241 0.47334781].
2019-08-01 12:58:33,900 - INFO - Maximum log composite likelihood: -20.4479708078.
2019-08-01 12:58:33,911 - INFO - Optimal value of theta: 96.1580214247.
2019-08-01 12:58:33,917 - INFO - Beginning optimization with guess, [0.85472324 0.05544696].
2019-08-01 12:58:53,058 - INFO - Finished optimization with guess, [0.85472324 0.05544696].
2019-08-01 12:58:53,065 - INFO - Best fit parameters: [0.45125585 0.43829448].
2019-08-01 12:58:53,524 - INFO - Maximum log composite likelihood: -20.4503739635.
2019-08-01 12:58:53,535 - INFO - Optimal value of theta: 83.4680307747.
2019-08-01 12:58:53,541 - INFO - Beginning optimization with guess, [0.32290457 0.09088433].
2019-08-01 12:59:14,567 - INFO - Finished optimization with guess, [0.32290457 0.09088433].
2019-08-01 12:59:14,586 - INFO - Best fit parameters: [0.36945285 0.48412434].
2019-08-01 12:59:15,723 - INFO - Maximum log composite likelihood: -20.4476998719.
2019-08-01 12:59:15,745 - INFO - Optimal value of theta: 101.972683062.
2019-08-01 12:59:15,751 - INFO - Beginning optimization with guess, [0.67541649 0.07795964].
2019-08-01 12:59:55,674 - INFO - Finished optimization with guess, [0.67541649 0.07795964].
2019-08-01 12:59:55,681 - INFO - Best fit parameters: [0.42971266 0.4604057 ].
2019-08-01 12:59:56,167 - INFO - Maximum log composite likelihood: -20.4495335707.
2019-08-01 12:59:56,178 - INFO - Optimal value of theta: 87.9631507354.
2019-08-01 12:59:56,184 - INFO - Beginning optimization with guess, [0.95895918 0.1532412 ].
2019-08-01 13:00:17,228 - INFO - Finished optimization with guess, [0.95895918 0.1532412 ].
2019-08-01 13:00:17,235 - INFO - Best fit parameters: [0.3674755 0.4872045].
2019-08-01 13:00:17,772 - INFO - Maximum log composite likelihood: -20.4478260535.
2019-08-01 13:00:17,783 - INFO - Optimal value of theta: 102.712307838.
2019-08-01 13:00:17,788 - INFO - Beginning optimization with guess, [0.97540117 0.05787476].
2019-08-01 13:00:38,110 - INFO - Finished optimization with guess, [0.97540117 0.05787476].
2019-08-01 13:00:38,117 - INFO - Best fit parameters: [0.44036687 0.44431592].
2019-08-01 13:00:38,582 - INFO - Maximum log composite likelihood: -20.4496588723.
2019-08-01 13:00:38,593 - INFO - Optimal value of theta: 85.3896050304.
2019-08-01 13:00:38,598 - INFO - Beginning optimization with guess, [0.69699146 0.13853887].
2019-08-01 13:00:59,734 - INFO - Finished optimization with guess, [0.69699146 0.13853887].
2019-08-01 13:00:59,741 - INFO - Best fit parameters: [0.40441023 0.46812245].
2019-08-01 13:01:00,245 - INFO - Maximum log composite likelihood: -20.4482907699.
2019-08-01 13:01:00,256 - INFO - Optimal value of theta: 93.0211906551.
2019-08-01 13:01:00,262 - INFO - Beginning optimization with guess, [0.73092232 0.19314904].
2019-08-01 13:01:23,011 - INFO - Finished optimization with guess, [0.73092232 0.19314904].
2019-08-01 13:01:23,023 - INFO - Best fit parameters: [0.35140077 0.48877809].
2019-08-01 13:01:23,536 - INFO - Maximum log composite likelihood: -20.4475446592.
2019-08-01 13:01:23,547 - INFO - Optimal value of theta: 107.27413906.
2019-08-01 13:01:23,553 - INFO - Beginning optimization with guess, [0.25703643 0.06089042].
2019-08-01 13:01:41,678 - INFO - Finished optimization with guess, [0.25703643 0.06089042].
2019-08-01 13:01:41,686 - INFO - Best fit parameters: [0.4552627  0.43833865].
2019-08-01 13:01:42,140 - INFO - Maximum log composite likelihood: -20.4508099322.
2019-08-01 13:01:42,151 - INFO - Optimal value of theta: 82.9038727857.
2019-08-01 13:01:42,157 - INFO - Beginning optimization with guess, [0.29727491 0.14298988].
2019-08-01 13:02:03,850 - INFO - Finished optimization with guess, [0.29727491 0.14298988].
2019-08-01 13:02:03,858 - INFO - Best fit parameters: [0.38240848 0.4790376 ].
2019-08-01 13:02:04,378 - INFO - Maximum log composite likelihood: -20.4478560987.
2019-08-01 13:02:04,389 - INFO - Optimal value of theta: 98.4526362492.
2019-08-01 13:02:04,395 - INFO - Beginning optimization with guess, [0.49384319 0.05584284].
2019-08-01 13:02:24,888 - INFO - Finished optimization with guess, [0.49384319 0.05584284].
2019-08-01 13:02:24,896 - INFO - Best fit parameters: [0.42137586 0.45743542].
2019-08-01 13:02:25,343 - INFO - Maximum log composite likelihood: -20.4488067185.
2019-08-01 13:02:25,354 - INFO - Optimal value of theta: 89.2247207133.
2019-08-01 13:02:25,360 - INFO - Beginning optimization with guess, [0.76823372 0.19073166].
2019-08-01 13:02:47,280 - INFO - Finished optimization with guess, [0.76823372 0.19073166].
2019-08-01 13:02:47,287 - INFO - Best fit parameters: [0.38032655 0.47954276].
2019-08-01 13:02:47,808 - INFO - Maximum log composite likelihood: -20.4478149132.
2019-08-01 13:02:47,818 - INFO - Optimal value of theta: 98.9745323591.
2019-08-01 13:02:47,824 - INFO - Beginning optimization with guess, [0.62288339 0.08594394].
2019-08-01 13:03:09,628 - INFO - Finished optimization with guess, [0.62288339 0.08594394].
2019-08-01 13:03:09,636 - INFO - Best fit parameters: [0.43020514 0.45914873].
2019-08-01 13:03:10,114 - INFO - Maximum log composite likelihood: -20.4494809575.
2019-08-01 13:03:10,125 - INFO - Optimal value of theta: 87.8119805936.
2019-08-01 13:03:10,131 - INFO - Beginning optimization with guess, [0.30856777 0.06011615].
2019-08-01 13:03:30,757 - INFO - Finished optimization with guess, [0.30856777 0.06011615].
2019-08-01 13:03:30,765 - INFO - Best fit parameters: [0.36832891 0.48200501].
2019-08-01 13:03:31,294 - INFO - Maximum log composite likelihood: -20.4476179203.
2019-08-01 13:03:31,305 - INFO - Optimal value of theta: 102.102295607.
2019-08-01 13:03:31,311 - INFO - Beginning optimization with guess, [0.36434469 0.07026416].
2019-08-01 13:03:50,791 - INFO - Finished optimization with guess, [0.36434469 0.07026416].
2019-08-01 13:03:50,797 - INFO - Best fit parameters: [0.36311147 0.48310038].
2019-08-01 13:03:51,332 - INFO - Maximum log composite likelihood: -20.4475531423.
2019-08-01 13:03:51,343 - INFO - Optimal value of theta: 103.550263222.
2019-08-01 13:03:51,348 - INFO - Beginning optimization with guess, [0.4876644  0.14770937].
2019-08-01 13:04:11,911 - INFO - Finished optimization with guess, [0.4876644  0.14770937].
2019-08-01 13:04:11,918 - INFO - Best fit parameters: [0.36130786 0.48186676].
2019-08-01 13:04:12,455 - INFO - Maximum log composite likelihood: -20.4475356393.
2019-08-01 13:04:12,466 - INFO - Optimal value of theta: 103.937985387.
2019-08-01 13:04:12,472 - INFO - Beginning optimization with guess, [0.6140341  0.17862887].
2019-08-01 13:04:34,248 - INFO - Finished optimization with guess, [0.6140341  0.17862887].
2019-08-01 13:04:34,255 - INFO - Best fit parameters: [0.35700446 0.48535073].
2019-08-01 13:04:34,805 - INFO - Maximum log composite likelihood: -20.4475026958.
2019-08-01 13:04:34,816 - INFO - Optimal value of theta: 105.393911865.
2019-08-01 13:04:34,823 - INFO - Beginning optimization with guess, [0.40431364 0.06885301].
2019-08-01 13:04:54,303 - INFO - Finished optimization with guess, [0.40431364 0.06885301].
2019-08-01 13:04:54,310 - INFO - Best fit parameters: [0.36589645 0.4818127 ].
2019-08-01 13:04:54,844 - INFO - Maximum log composite likelihood: -20.4475821026.
2019-08-01 13:04:54,855 - INFO - Optimal value of theta: 102.717125172.
2019-08-01 13:04:54,860 - INFO - Beginning optimization with guess, [0.65528012 0.1426852 ].
2019-08-01 13:05:15,949 - INFO - Finished optimization with guess, [0.65528012 0.1426852 ].
2019-08-01 13:05:15,956 - INFO - Best fit parameters: [0.41760165 0.46460694].
2019-08-01 13:05:16,410 - INFO - Maximum log composite likelihood: -20.4488227728.
2019-08-01 13:05:16,421 - INFO - Optimal value of theta: 90.3119247502.
2019-08-01 13:05:16,427 - INFO - Beginning optimization with guess, [0.29542137 0.09627502].
2019-08-01 13:05:35,397 - INFO - Finished optimization with guess, [0.29542137 0.09627502].
2019-08-01 13:05:35,405 - INFO - Best fit parameters: [0.38800118 0.47421274].
2019-08-01 13:05:35,917 - INFO - Maximum log composite likelihood: -20.4479143094.
2019-08-01 13:05:35,928 - INFO - Optimal value of theta: 96.8531079303.
2019-08-01 13:05:35,934 - INFO - Beginning optimization with guess, [0.67745593 0.07270257].
2019-08-01 13:05:57,515 - INFO - Finished optimization with guess, [0.67745593 0.07270257].
2019-08-01 13:05:57,522 - INFO - Best fit parameters: [0.43559125 0.45127396].
2019-08-01 13:05:57,959 - INFO - Maximum log composite likelihood: -20.4494956118.
2019-08-01 13:05:57,970 - INFO - Optimal value of theta: 86.5066462372.
2019-08-01 13:05:57,977 - INFO - Finished demographic inference.
2019-08-01 13:05:57,979 - INFO - Beginning DFE inference.
2019-08-01 13:20:29,574 - INFO - Beginning optimization with guess, [1.20110464e-01 4.08733265e+02].
2019-08-01 13:24:56,788 - INFO - Finished optomization, results are [-27.035794064605625 array([9.02305525e-02, 7.55223705e+03])].
2019-08-01 13:24:56,796 - INFO - Beginning optimization with guess, [8.78800405e-02 5.07332631e+02].
2019-08-01 13:29:37,333 - INFO - Finished optomization, results are [-27.035841820026896 array([8.98039246e-02, 7.80149498e+03])].
2019-08-01 13:29:37,341 - INFO - Beginning optimization with guess, [1.06874403e-01 2.59301156e+02].
2019-08-01 13:38:09,627 - INFO - Finished optomization, results are [-27.03588532613348 array([8.96609600e-02, 7.87230537e+03])].
2019-08-01 13:38:09,637 - INFO - Beginning optimization with guess, [7.50811844e-02 3.15350687e+02].
2019-08-01 13:43:05,646 - INFO - Finished optomization, results are [-27.035782600640786 array([9.06673424e-02, 7.30486520e+03])].
2019-08-01 13:43:05,655 - INFO - Beginning optimization with guess, [1.15841569e-01 2.07536503e+02].
2019-08-01 13:48:53,453 - INFO - Finished optomization, results are [-27.0358432670401 array([9.01708513e-02, 7.56009269e+03])].
2019-08-01 13:48:53,461 - INFO - Beginning optimization with guess, [1.12918493e-01 1.74736781e+02].
2019-08-01 13:53:15,198 - INFO - Finished optomization, results are [-27.035923531119103 array([8.92739694e-02, 8.16407051e+03])].
2019-08-01 13:53:15,206 - INFO - Beginning optimization with guess, [4.60882022e-02 3.82126959e+02].
2019-08-01 13:55:23,040 - INFO - Finished optomization, results are [-27.03590456887219 array([8.97789109e-02, 7.78084665e+03])].
2019-08-01 13:55:23,049 - INFO - Beginning optimization with guess, [8.65657684e-02 3.24731853e+02].
2019-08-01 14:00:12,073 - INFO - Finished optomization, results are [-27.035895439113897 array([8.94497640e-02, 8.02742338e+03])].
2019-08-01 14:00:12,087 - INFO - Beginning optimization with guess, [1.59457133e-01 3.53104840e+02].
2019-08-01 14:05:30,584 - INFO - Finished optomization, results are [-27.035853776040874 array([8.97408653e-02, 7.83742416e+03])].
2019-08-01 14:05:30,595 - INFO - Beginning optimization with guess, [7.86019652e-02 3.26153688e+02].
2019-08-01 14:09:25,548 - INFO - Finished optomization, results are [-27.035783321466234 array([9.07339938e-02, 7.26839053e+03])].
2019-08-01 14:09:25,558 - INFO - Beginning optimization with guess, [9.83974609e-02 3.83844019e+02].
2019-08-01 14:14:55,285 - INFO - Finished optomization, results are [-27.035800069978382 array([9.04274827e-02, 7.42961073e+03])].
2019-08-01 14:14:55,296 - INFO - Beginning optimization with guess, [1.75311926e-01 4.54139079e+02].
2019-08-01 14:19:20,890 - INFO - Finished optomization, results are [-27.035835324102095 array([8.96865151e-02, 7.90817079e+03])].
2019-08-01 14:19:20,899 - INFO - Beginning optimization with guess, [1.28772151e-01 2.57104549e+02].
2019-08-01 14:23:59,979 - INFO - Finished optomization, results are [-27.03585904779481 array([8.98875253e-02, 7.73221387e+03])].
2019-08-01 14:23:59,989 - INFO - Beginning optimization with guess, [1.13156553e-01 3.30035062e+02].
2019-08-01 14:28:34,732 - INFO - Finished optomization, results are [-27.035820277441587 array([9.01932616e-02, 7.55841184e+03])].
2019-08-01 14:28:34,741 - INFO - Beginning optimization with guess, [  0.14711625 140.0129595 ].
2019-08-01 14:33:27,643 - INFO - Finished optomization, results are [-27.035842821458626 array([8.96541762e-02, 7.95164159e+03])].
2019-08-01 14:33:27,652 - INFO - Beginning optimization with guess, [5.77829323e-02 4.90125018e+02].
2019-08-01 14:37:59,857 - INFO - Finished optomization, results are [-27.03588887811478 array([8.94292506e-02, 8.05877815e+03])].
2019-08-01 14:37:59,867 - INFO - Beginning optimization with guess, [1.09759897e-01 3.83918982e+02].
2019-08-01 14:42:48,032 - INFO - Finished optomization, results are [-27.035956849662803 array([8.92699153e-02, 8.11990633e+03])].
2019-08-01 14:42:48,041 - INFO - Beginning optimization with guess, [1.74662101e-01 4.59104005e+02].
