2019-08-01 12:46:54,173 - INFO - Beginning execution of fitdadi_infer_DFE.py in directory /u/home/j/jonmah/lohmueller_lab/Scripts

2019-08-01 12:46:54,173 - INFO - Progress is being logged to ../Data/AW_array_2000/seed_43_fitdadi_output/log.log

2019-08-01 12:46:54,173 - INFO - Parsed the following arguments:
	breed = AW
	outprefix = ../Data/AW_array_2000/seed_43_fitdadi_output/
	nonsyn_input_sfs = ../Data/AW_array_2000/seed_43_easySFS_output_nonsyn/dadi/pop1.sfs
	syn_input_sfs = ../Data/AW_array_2000/seed_43_easySFS_output_syn/dadi/pop1.sfs

2019-08-01 12:46:54,176 - INFO - Beginning optimization with guess, [0.39160956 0.11652058].
2019-08-01 12:46:54,564 - INFO - Finished optimization with guess, [0.39160956 0.11652058].
2019-08-01 12:46:54,564 - INFO - Best fit parameters: [0.31829425 0.0039068 ].
2019-08-01 12:46:54,572 - INFO - Maximum log composite likelihood: -20.197834821.
2019-08-01 12:46:54,572 - INFO - Optimal value of theta: 49.7873122535.
2019-08-01 12:46:54,573 - INFO - Beginning optimization with guess, [0.70564164 0.10022735].
2019-08-01 12:46:54,982 - INFO - Finished optimization with guess, [0.70564164 0.10022735].
2019-08-01 12:46:54,982 - INFO - Best fit parameters: [0.33210225 0.00389795].
2019-08-01 12:46:54,990 - INFO - Maximum log composite likelihood: -20.1981839211.
2019-08-01 12:46:54,991 - INFO - Optimal value of theta: 49.7280183722.
2019-08-01 12:46:54,991 - INFO - Beginning optimization with guess, [0.42447766 0.16471208].
2019-08-01 12:46:55,407 - INFO - Finished optimization with guess, [0.42447766 0.16471208].
2019-08-01 12:46:55,408 - INFO - Best fit parameters: [0.44035151 0.00643246].
2019-08-01 12:46:55,416 - INFO - Maximum log composite likelihood: -20.1985958826.
2019-08-01 12:46:55,416 - INFO - Optimal value of theta: 49.7583469829.
2019-08-01 12:46:55,416 - INFO - Beginning optimization with guess, [0.25988901 0.13426039].
2019-08-01 12:46:55,839 - INFO - Finished optimization with guess, [0.25988901 0.13426039].
2019-08-01 12:46:55,839 - INFO - Best fit parameters: [0.63271286 0.01316297].
2019-08-01 12:46:55,847 - INFO - Maximum log composite likelihood: -20.2017499083.
2019-08-01 12:46:55,848 - INFO - Optimal value of theta: 49.679592898.
2019-08-01 12:46:55,848 - INFO - Beginning optimization with guess, [0.31218182 0.0687992 ].
2019-08-01 12:46:56,253 - INFO - Finished optimization with guess, [0.31218182 0.0687992 ].
2019-08-01 12:46:56,254 - INFO - Best fit parameters: [0.33142606 0.00414888].
2019-08-01 12:46:56,262 - INFO - Maximum log composite likelihood: -20.1978788958.
2019-08-01 12:46:56,262 - INFO - Optimal value of theta: 49.7869502576.
2019-08-01 12:46:56,262 - INFO - Beginning optimization with guess, [0.26518759 0.08010298].
2019-08-01 12:46:56,668 - INFO - Finished optimization with guess, [0.26518759 0.08010298].
2019-08-01 12:46:56,669 - INFO - Best fit parameters: [0.45014503 0.00695601].
2019-08-01 12:46:56,676 - INFO - Maximum log composite likelihood: -20.1986567035.
2019-08-01 12:46:56,677 - INFO - Optimal value of theta: 49.7921278579.
2019-08-01 12:46:56,677 - INFO - Beginning optimization with guess, [0.70936494 0.07055936].
2019-08-01 12:46:57,083 - INFO - Finished optimization with guess, [0.70936494 0.07055936].
2019-08-01 12:46:57,083 - INFO - Best fit parameters: [0.44469374 0.00684792].
2019-08-01 12:46:57,091 - INFO - Maximum log composite likelihood: -20.1986093585.
2019-08-01 12:46:57,091 - INFO - Optimal value of theta: 49.7985540043.
2019-08-01 12:46:57,092 - INFO - Beginning optimization with guess, [0.38313811 0.15325676].
2019-08-01 12:46:57,504 - INFO - Finished optimization with guess, [0.38313811 0.15325676].
2019-08-01 12:46:57,504 - INFO - Best fit parameters: [0.30899201 0.0037216 ].
2019-08-01 12:46:57,512 - INFO - Maximum log composite likelihood: -20.1978206016.
2019-08-01 12:46:57,513 - INFO - Optimal value of theta: 49.7826787444.
2019-08-01 12:46:57,513 - INFO - Beginning optimization with guess, [0.43669179 0.16521121].
2019-08-01 12:46:57,930 - INFO - Finished optimization with guess, [0.43669179 0.16521121].
2019-08-01 12:46:57,931 - INFO - Best fit parameters: [0.43033633 0.00626243].
2019-08-01 12:46:57,938 - INFO - Maximum log composite likelihood: -20.1984734345.
2019-08-01 12:46:57,939 - INFO - Optimal value of theta: 49.7716929006.
2019-08-01 12:46:57,939 - INFO - Beginning optimization with guess, [0.99237487 0.10862072].
2019-08-01 12:46:58,350 - INFO - Finished optimization with guess, [0.99237487 0.10862072].
2019-08-01 12:46:58,350 - INFO - Best fit parameters: [0.34377324 0.00438847].
2019-08-01 12:46:58,358 - INFO - Maximum log composite likelihood: -20.1979245495.
2019-08-01 12:46:58,358 - INFO - Optimal value of theta: 49.7872011293.
2019-08-01 12:46:58,359 - INFO - Beginning optimization with guess, [0.33805304 0.07624562].
2019-08-01 12:46:58,764 - INFO - Finished optimization with guess, [0.33805304 0.07624562].
2019-08-01 12:46:58,764 - INFO - Best fit parameters: [0.33812351 0.00423091].
2019-08-01 12:46:58,772 - INFO - Maximum log composite likelihood: -20.1979312797.
2019-08-01 12:46:58,772 - INFO - Optimal value of theta: 49.7768813789.
2019-08-01 12:46:58,773 - INFO - Beginning optimization with guess, [0.3652058  0.08861478].
2019-08-01 12:46:59,180 - INFO - Finished optimization with guess, [0.3652058  0.08861478].
2019-08-01 12:46:59,180 - INFO - Best fit parameters: [0.32798566 0.00411495].
2019-08-01 12:46:59,188 - INFO - Maximum log composite likelihood: -20.1978540267.
2019-08-01 12:46:59,188 - INFO - Optimal value of theta: 49.7940095261.
2019-08-01 12:46:59,188 - INFO - Beginning optimization with guess, [0.35701    0.13007658].
2019-08-01 12:46:59,598 - INFO - Finished optimization with guess, [0.35701    0.13007658].
2019-08-01 12:46:59,598 - INFO - Best fit parameters: [0.32615176 0.00405558].
2019-08-01 12:46:59,606 - INFO - Maximum log composite likelihood: -20.1978578859.
2019-08-01 12:46:59,606 - INFO - Optimal value of theta: 49.788274425.
2019-08-01 12:46:59,607 - INFO - Beginning optimization with guess, [0.49930255 0.19760483].
2019-08-01 12:47:00,034 - INFO - Finished optimization with guess, [0.49930255 0.19760483].
2019-08-01 12:47:00,035 - INFO - Best fit parameters: [0.86515665 0.04882079].
2019-08-01 12:47:00,043 - INFO - Maximum log composite likelihood: -20.2184324288.
2019-08-01 12:47:00,043 - INFO - Optimal value of theta: 49.5913908342.
2019-08-01 12:47:00,043 - INFO - Beginning optimization with guess, [0.90687951 0.17533627].
2019-08-01 12:47:00,465 - INFO - Finished optimization with guess, [0.90687951 0.17533627].
2019-08-01 12:47:00,465 - INFO - Best fit parameters: [0.64859429 0.0155053 ].
2019-08-01 12:47:00,473 - INFO - Maximum log composite likelihood: -20.2018672479.
2019-08-01 12:47:00,474 - INFO - Optimal value of theta: 49.7551662108.
2019-08-01 12:47:00,474 - INFO - Beginning optimization with guess, [0.80651971 0.07169962].
2019-08-01 12:47:00,879 - INFO - Finished optimization with guess, [0.80651971 0.07169962].
2019-08-01 12:47:00,879 - INFO - Best fit parameters: [0.34905586 0.0044293 ].
2019-08-01 12:47:00,887 - INFO - Maximum log composite likelihood: -20.1979829605.
2019-08-01 12:47:00,887 - INFO - Optimal value of theta: 49.7739068154.
2019-08-01 12:47:00,888 - INFO - Beginning optimization with guess, [0.68801064 0.07484113].
2019-08-01 12:47:01,294 - INFO - Finished optimization with guess, [0.68801064 0.07484113].
2019-08-01 12:47:01,294 - INFO - Best fit parameters: [0.30566489 0.00359694].
2019-08-01 12:47:01,302 - INFO - Maximum log composite likelihood: -20.1978337592.
2019-08-01 12:47:01,302 - INFO - Optimal value of theta: 49.7661655677.
2019-08-01 12:47:01,302 - INFO - Beginning optimization with guess, [0.45340418 0.05442167].
2019-08-01 12:47:01,707 - INFO - Finished optimization with guess, [0.45340418 0.05442167].
2019-08-01 12:47:01,707 - INFO - Best fit parameters: [0.40020834 0.00529727].
2019-08-01 12:47:01,715 - INFO - Maximum log composite likelihood: -20.1984390353.
2019-08-01 12:47:01,715 - INFO - Optimal value of theta: 49.7354911954.
2019-08-01 12:47:01,716 - INFO - Beginning optimization with guess, [0.63529987 0.0532749 ].
2019-08-01 12:47:02,119 - INFO - Finished optimization with guess, [0.63529987 0.0532749 ].
2019-08-01 12:47:02,119 - INFO - Best fit parameters: [0.34936343 0.00411647].
2019-08-01 12:47:02,127 - INFO - Maximum log composite likelihood: -20.1984635844.
2019-08-01 12:47:02,127 - INFO - Optimal value of theta: 49.7078973199.
2019-08-01 12:47:02,128 - INFO - Beginning optimization with guess, [0.70172083 0.15452222].
2019-08-01 12:47:02,546 - INFO - Finished optimization with guess, [0.70172083 0.15452222].
2019-08-01 12:47:02,546 - INFO - Best fit parameters: [0.54749061 0.01031008].
2019-08-01 12:47:02,554 - INFO - Maximum log composite likelihood: -20.1997377411.
2019-08-01 12:47:02,554 - INFO - Optimal value of theta: 49.7844548278.
2019-08-01 12:47:02,555 - INFO - Beginning optimization with guess, [0.90606925 0.05366161].
2019-08-01 12:47:03,004 - INFO - Finished optimization with guess, [0.90606925 0.05366161].
2019-08-01 12:47:03,004 - INFO - Best fit parameters: [0.18522722 0.00187172].
2019-08-01 12:47:03,012 - INFO - Maximum log composite likelihood: -20.1972818905.
2019-08-01 12:47:03,013 - INFO - Optimal value of theta: 49.7796996821.
2019-08-01 12:47:03,013 - INFO - Beginning optimization with guess, [0.31984696 0.07305433].
2019-08-01 12:47:03,419 - INFO - Finished optimization with guess, [0.31984696 0.07305433].
2019-08-01 12:47:03,419 - INFO - Best fit parameters: [0.31758813 0.00390532].
2019-08-01 12:47:03,427 - INFO - Maximum log composite likelihood: -20.1978265611.
2019-08-01 12:47:03,427 - INFO - Optimal value of theta: 49.7900423433.
2019-08-01 12:47:03,427 - INFO - Beginning optimization with guess, [0.31927162 0.12805289].
2019-08-01 12:47:03,839 - INFO - Finished optimization with guess, [0.31927162 0.12805289].
2019-08-01 12:47:03,840 - INFO - Best fit parameters: [0.46679808 0.00751184].
2019-08-01 12:47:03,848 - INFO - Maximum log composite likelihood: -20.1988500129.
2019-08-01 12:47:03,848 - INFO - Optimal value of theta: 49.7993414694.
2019-08-01 12:47:03,848 - INFO - Beginning optimization with guess, [0.36750622 0.09677117].
2019-08-01 12:47:04,255 - INFO - Finished optimization with guess, [0.36750622 0.09677117].
2019-08-01 12:47:04,255 - INFO - Best fit parameters: [0.35478435 0.00455596].
2019-08-01 12:47:04,263 - INFO - Maximum log composite likelihood: -20.1979977081.
2019-08-01 12:47:04,263 - INFO - Optimal value of theta: 49.7764394624.
2019-08-01 12:47:04,264 - INFO - Beginning optimization with guess, [0.25921184 0.18283996].
2019-08-01 12:47:04,765 - INFO - Finished optimization with guess, [0.25921184 0.18283996].
2019-08-01 12:47:04,765 - INFO - Best fit parameters: [1.08293659 1.17523047].
2019-08-01 12:47:04,777 - INFO - Maximum log composite likelihood: -20.2464456681.
2019-08-01 12:47:04,778 - INFO - Optimal value of theta: 46.0529696801.
2019-08-01 12:47:04,778 - INFO - Beginning optimization with guess, [0.74106398 0.07902834].
2019-08-01 12:47:05,180 - INFO - Finished optimization with guess, [0.74106398 0.07902834].
2019-08-01 12:47:05,181 - INFO - Best fit parameters: [0.31642477 0.0038131 ].
2019-08-01 12:47:05,189 - INFO - Maximum log composite likelihood: -20.1978778785.
2019-08-01 12:47:05,189 - INFO - Optimal value of theta: 49.7728220856.
2019-08-01 12:47:05,189 - INFO - Beginning optimization with guess, [0.36831347 0.13993233].
2019-08-01 12:47:05,600 - INFO - Finished optimization with guess, [0.36831347 0.13993233].
2019-08-01 12:47:05,600 - INFO - Best fit parameters: [0.39103957 0.00484203].
2019-08-01 12:47:05,608 - INFO - Maximum log composite likelihood: -20.1988595051.
2019-08-01 12:47:05,608 - INFO - Optimal value of theta: 49.6917838223.
2019-08-01 12:47:05,609 - INFO - Beginning optimization with guess, [0.28167292 0.15775701].
2019-08-01 12:47:06,056 - INFO - Finished optimization with guess, [0.28167292 0.15775701].
2019-08-01 12:47:06,056 - INFO - Best fit parameters: [0.88275377 0.05264426].
2019-08-01 12:47:06,064 - INFO - Maximum log composite likelihood: -20.2212268948.
2019-08-01 12:47:06,065 - INFO - Optimal value of theta: 49.5235480753.
2019-08-01 12:47:06,065 - INFO - Beginning optimization with guess, [0.94902525 0.11131558].
2019-08-01 12:47:06,474 - INFO - Finished optimization with guess, [0.94902525 0.11131558].
2019-08-01 12:47:06,475 - INFO - Best fit parameters: [0.37696975 0.0050613 ].
2019-08-01 12:47:06,483 - INFO - Maximum log composite likelihood: -20.198085517.
2019-08-01 12:47:06,483 - INFO - Optimal value of theta: 49.7839271458.
2019-08-01 12:47:06,483 - INFO - Beginning optimization with guess, [0.33178284 0.16404291].
2019-08-01 12:47:06,904 - INFO - Finished optimization with guess, [0.33178284 0.16404291].
2019-08-01 12:47:06,904 - INFO - Best fit parameters: [0.31752359 0.00392085].
2019-08-01 12:47:06,912 - INFO - Maximum log composite likelihood: -20.1978191412.
2019-08-01 12:47:06,912 - INFO - Optimal value of theta: 49.7940630495.
2019-08-01 12:47:06,913 - INFO - Beginning optimization with guess, [0.38845801 0.10799683].
2019-08-01 12:47:07,364 - INFO - Finished optimization with guess, [0.38845801 0.10799683].
2019-08-01 12:47:07,364 - INFO - Best fit parameters: [0.22348163 0.00233877].
2019-08-01 12:47:07,372 - INFO - Maximum log composite likelihood: -20.1974460135.
2019-08-01 12:47:07,372 - INFO - Optimal value of theta: 49.7660140687.
2019-08-01 12:47:07,373 - INFO - Beginning optimization with guess, [0.4186671  0.09854492].
2019-08-01 12:47:07,781 - INFO - Finished optimization with guess, [0.4186671  0.09854492].
2019-08-01 12:47:07,782 - INFO - Best fit parameters: [0.28873788 0.00319454].
2019-08-01 12:47:07,789 - INFO - Maximum log composite likelihood: -20.1978944087.
2019-08-01 12:47:07,790 - INFO - Optimal value of theta: 49.7340330049.
2019-08-01 12:47:07,790 - INFO - Beginning optimization with guess, [0.27732699 0.14959169].
2019-08-01 12:47:08,218 - INFO - Finished optimization with guess, [0.27732699 0.14959169].
2019-08-01 12:47:08,218 - INFO - Best fit parameters: [0.52422799 0.0085506 ].
2019-08-01 12:47:08,227 - INFO - Maximum log composite likelihood: -20.1998097676.
2019-08-01 12:47:08,227 - INFO - Optimal value of theta: 49.7054782906.
2019-08-01 12:47:08,227 - INFO - Beginning optimization with guess, [0.26854117 0.08275364].
2019-08-01 12:47:08,644 - INFO - Finished optimization with guess, [0.26854117 0.08275364].
2019-08-01 12:47:08,644 - INFO - Best fit parameters: [0.31174763 0.00384092].
2019-08-01 12:47:08,652 - INFO - Maximum log composite likelihood: -20.1977939654.
2019-08-01 12:47:08,653 - INFO - Optimal value of theta: 49.8001712138.
2019-08-01 12:47:08,653 - INFO - Beginning optimization with guess, [0.27213617 0.0748035 ].
2019-08-01 12:47:09,109 - INFO - Finished optimization with guess, [0.27213617 0.0748035 ].
2019-08-01 12:47:09,109 - INFO - Best fit parameters: [0.3467535  0.00451182].
2019-08-01 12:47:09,117 - INFO - Maximum log composite likelihood: -20.197922087.
2019-08-01 12:47:09,117 - INFO - Optimal value of theta: 49.8006672839.
2019-08-01 12:47:09,118 - INFO - Beginning optimization with guess, [0.55990721 0.0680847 ].
2019-08-01 12:47:09,545 - INFO - Finished optimization with guess, [0.55990721 0.0680847 ].
2019-08-01 12:47:09,545 - INFO - Best fit parameters: [0.446246   0.00691479].
2019-08-01 12:47:09,553 - INFO - Maximum log composite likelihood: -20.1986324851.
2019-08-01 12:47:09,554 - INFO - Optimal value of theta: 49.8015525436.
2019-08-01 12:47:09,554 - INFO - Beginning optimization with guess, [0.32643404 0.05161751].
2019-08-01 12:47:09,967 - INFO - Finished optimization with guess, [0.32643404 0.05161751].
2019-08-01 12:47:09,967 - INFO - Best fit parameters: [0.35889765 0.00449563].
2019-08-01 12:47:09,975 - INFO - Maximum log composite likelihood: -20.1981580173.
2019-08-01 12:47:09,976 - INFO - Optimal value of theta: 49.7478679366.
2019-08-01 12:47:09,976 - INFO - Beginning optimization with guess, [0.3080879 0.1862756].
2019-08-01 12:47:11,241 - INFO - Finished optimization with guess, [0.3080879 0.1862756].
2019-08-01 12:47:11,242 - INFO - Best fit parameters: [1.00107228 0.27213876].
2019-08-01 12:47:11,251 - INFO - Maximum log composite likelihood: -20.2573435795.
2019-08-01 12:47:11,251 - INFO - Optimal value of theta: 48.8208669794.
2019-08-01 12:47:11,252 - INFO - Beginning optimization with guess, [0.3320352  0.08082325].
2019-08-01 12:47:11,655 - INFO - Finished optimization with guess, [0.3320352  0.08082325].
2019-08-01 12:47:11,656 - INFO - Best fit parameters: [0.34697391 0.00443497].
2019-08-01 12:47:11,664 - INFO - Maximum log composite likelihood: -20.1979451547.
2019-08-01 12:47:11,664 - INFO - Optimal value of theta: 49.783672093.
2019-08-01 12:47:11,664 - INFO - Beginning optimization with guess, [0.73395653 0.05982314].
2019-08-01 12:47:12,066 - INFO - Finished optimization with guess, [0.73395653 0.05982314].
2019-08-01 12:47:12,066 - INFO - Best fit parameters: [0.39582655 0.00549937].
2019-08-01 12:47:12,074 - INFO - Maximum log composite likelihood: -20.198194875.
2019-08-01 12:47:12,074 - INFO - Optimal value of theta: 49.7858139814.
2019-08-01 12:47:12,075 - INFO - Beginning optimization with guess, [0.60885684 0.07183684].
2019-08-01 12:47:12,478 - INFO - Finished optimization with guess, [0.60885684 0.07183684].
2019-08-01 12:47:12,479 - INFO - Best fit parameters: [0.30226823 0.00332621].
2019-08-01 12:47:12,486 - INFO - Maximum log composite likelihood: -20.198145028.
2019-08-01 12:47:12,487 - INFO - Optimal value of theta: 49.7121133491.
2019-08-01 12:47:12,487 - INFO - Beginning optimization with guess, [0.2959419  0.06445536].
2019-08-01 12:47:12,889 - INFO - Finished optimization with guess, [0.2959419  0.06445536].
2019-08-01 12:47:12,889 - INFO - Best fit parameters: [0.37516405 0.00485748].
2019-08-01 12:47:12,897 - INFO - Maximum log composite likelihood: -20.1981905489.
2019-08-01 12:47:12,898 - INFO - Optimal value of theta: 49.753653037.
2019-08-01 12:47:12,898 - INFO - Beginning optimization with guess, [0.3534326  0.07349246].
2019-08-01 12:47:13,301 - INFO - Finished optimization with guess, [0.3534326  0.07349246].
2019-08-01 12:47:13,301 - INFO - Best fit parameters: [0.302219  0.0034362].
2019-08-01 12:47:13,309 - INFO - Maximum log composite likelihood: -20.1979242218.
2019-08-01 12:47:13,309 - INFO - Optimal value of theta: 49.7403416669.
2019-08-01 12:47:13,309 - INFO - Beginning optimization with guess, [0.52460758 0.09299358].
2019-08-01 12:47:13,719 - INFO - Finished optimization with guess, [0.52460758 0.09299358].
2019-08-01 12:47:13,719 - INFO - Best fit parameters: [0.44590426 0.00602637].
2019-08-01 12:47:13,727 - INFO - Maximum log composite likelihood: -20.1992680238.
2019-08-01 12:47:13,727 - INFO - Optimal value of theta: 49.6830436028.
2019-08-01 12:47:13,727 - INFO - Beginning optimization with guess, [0.65594176 0.07213066].
2019-08-01 12:47:14,132 - INFO - Finished optimization with guess, [0.65594176 0.07213066].
2019-08-01 12:47:14,132 - INFO - Best fit parameters: [0.31551125 0.003808  ].
2019-08-01 12:47:14,140 - INFO - Maximum log composite likelihood: -20.1978640916.
2019-08-01 12:47:14,140 - INFO - Optimal value of theta: 49.7755324081.
2019-08-01 12:47:14,141 - INFO - Beginning optimization with guess, [0.45871682 0.15652986].
2019-08-01 12:47:14,554 - INFO - Finished optimization with guess, [0.45871682 0.15652986].
2019-08-01 12:47:14,554 - INFO - Best fit parameters: [0.4732626  0.00754311].
2019-08-01 12:47:14,562 - INFO - Maximum log composite likelihood: -20.1989147016.
2019-08-01 12:47:14,563 - INFO - Optimal value of theta: 49.7787087287.
2019-08-01 12:47:14,563 - INFO - Beginning optimization with guess, [0.38737985 0.05242882].
2019-08-01 12:47:14,964 - INFO - Finished optimization with guess, [0.38737985 0.05242882].
2019-08-01 12:47:14,964 - INFO - Best fit parameters: [0.25762897 0.00282873].
2019-08-01 12:47:14,972 - INFO - Maximum log composite likelihood: -20.1975791584.
2019-08-01 12:47:14,972 - INFO - Optimal value of theta: 49.7669966714.
2019-08-01 12:47:14,973 - INFO - Beginning optimization with guess, [0.28395374 0.07685717].
2019-08-01 12:47:15,376 - INFO - Finished optimization with guess, [0.28395374 0.07685717].
2019-08-01 12:47:15,377 - INFO - Best fit parameters: [0.42721845 0.00582678].
2019-08-01 12:47:15,384 - INFO - Maximum log composite likelihood: -20.1987329917.
2019-08-01 12:47:15,385 - INFO - Optimal value of theta: 49.7197844435.
2019-08-01 12:47:15,385 - INFO - Beginning optimization with guess, [0.48766896 0.15462719].
2019-08-01 12:47:15,799 - INFO - Finished optimization with guess, [0.48766896 0.15462719].
2019-08-01 12:47:15,799 - INFO - Best fit parameters: [0.40841322 0.0052414 ].
2019-08-01 12:47:15,807 - INFO - Maximum log composite likelihood: -20.1988728671.
2019-08-01 12:47:15,807 - INFO - Optimal value of theta: 49.6966875773.
2019-08-01 12:47:15,808 - INFO - Beginning optimization with guess, [0.59424067 0.05922381].
2019-08-01 12:47:16,238 - INFO - Finished optimization with guess, [0.59424067 0.05922381].
2019-08-01 12:47:16,240 - INFO - Best fit parameters: [0.35784699 0.00460707].
2019-08-01 12:47:16,248 - INFO - Maximum log composite likelihood: -20.1980180237.
2019-08-01 12:47:16,248 - INFO - Optimal value of theta: 49.7742559523.
2019-08-01 12:47:16,260 - INFO - Finished demographic inference.
2019-08-01 12:47:16,260 - INFO - Beginning DFE inference.
2019-08-01 12:47:18,465 - INFO - Beginning optimization with guess, [6.57120183e-02 2.35228905e+02].
2019-08-01 12:47:20,385 - INFO - Finished optomization, results are [-22.999174450915657 array([ 0.21944822, 59.68681468])].
2019-08-01 12:47:20,385 - INFO - Beginning optimization with guess, [  0.16035139 145.39907054].
2019-08-01 12:47:21,990 - INFO - Finished optomization, results are [-22.999174451915945 array([ 0.21944822, 59.68680268])].
2019-08-01 12:47:22,004 - INFO - Beginning optimization with guess, [5.03554552e-02 2.10972717e+02].
2019-08-01 12:47:44,852 - INFO - Finished optomization, results are [-22.99917443742993 array([ 0.2194488 , 59.68559394])].
2019-08-01 12:47:44,877 - INFO - Beginning optimization with guess, [7.52529224e-02 1.55475772e+02].
2019-08-01 12:48:01,878 - INFO - Finished optomization, results are [-22.999174226850982 array([ 0.21945092, 59.68382892])].
2019-08-01 12:48:01,890 - INFO - Beginning optimization with guess, [ 0.10374816 68.10262108].
2019-08-01 12:48:03,499 - INFO - Finished optomization, results are [-22.999174448184345 array([ 0.21944825, 59.68678771])].
2019-08-01 12:48:03,499 - INFO - Beginning optimization with guess, [9.34101334e-02 1.55770450e+02].
2019-08-01 12:48:10,420 - INFO - Finished optomization, results are [-22.999174249238024 array([ 0.21945229, 59.68021621])].
2019-08-01 12:48:10,420 - INFO - Beginning optimization with guess, [6.47553024e-02 1.72700358e+02].
2019-08-01 12:48:11,282 - INFO - Finished optomization, results are [-22.999174451959206 array([ 0.21944821, 59.686824  ])].
2019-08-01 12:48:11,282 - INFO - Beginning optimization with guess, [ 0.09620475 91.08343234].
2019-08-01 12:48:12,203 - INFO - Finished optomization, results are [-22.999174452183837 array([ 0.21944821, 59.68682305])].
2019-08-01 12:48:12,203 - INFO - Beginning optimization with guess, [ 0.06928618 66.59801567].
2019-08-01 12:48:12,980 - INFO - Finished optomization, results are [-22.999174456067173 array([ 0.21944817, 59.68686168])].
2019-08-01 12:48:12,980 - INFO - Beginning optimization with guess, [1.70560891e-01 2.06039347e+02].
2019-08-01 12:48:13,912 - INFO - Finished optomization, results are [-22.999174450880737 array([ 0.21944822, 59.68681459])].
2019-08-01 12:48:13,913 - INFO - Beginning optimization with guess, [1.18066339e-01 1.20343802e+02].
2019-08-01 12:48:20,892 - INFO - Finished optomization, results are [-22.9991743380534 array([ 0.21944942, 59.68570024])].
2019-08-01 12:48:20,893 - INFO - Beginning optimization with guess, [1.71187628e-01 1.88036340e+02].
2019-08-01 12:48:21,743 - INFO - Finished optomization, results are [-22.9991744601096 array([ 0.21944814, 59.68686705])].
2019-08-01 12:48:21,743 - INFO - Beginning optimization with guess, [1.46257762e-01 1.90978398e+02].
2019-08-01 12:48:25,744 - INFO - Finished optomization, results are [-22.999170882367707 array([ 0.21949236, 59.63951545])].
2019-08-01 12:48:25,744 - INFO - Beginning optimization with guess, [4.80409102e-02 2.32051639e+02].
2019-08-01 12:48:31,384 - INFO - Finished optomization, results are [-22.999166517324234 array([ 0.21961485, 59.48727731])].
2019-08-01 12:48:31,385 - INFO - Beginning optimization with guess, [5.89465759e-02 2.26293749e+02].
2019-08-01 12:48:32,230 - INFO - Finished optomization, results are [-22.999174451380604 array([ 0.21944821, 59.68681848])].
2019-08-01 12:48:32,230 - INFO - Beginning optimization with guess, [4.99115783e-02 1.49615447e+02].
2019-08-01 12:48:37,465 - INFO - Finished optomization, results are [-22.999163072715767 array([ 0.2195764 , 59.56844441])].
2019-08-01 12:48:37,465 - INFO - Beginning optimization with guess, [  0.14887084 113.88724113].
2019-08-01 12:48:43,031 - INFO - Finished optomization, results are [-22.999157598843894 array([ 0.2196415 , 59.51034652])].
2019-08-01 12:48:43,032 - INFO - Beginning optimization with guess, [ 0.1399722  83.02416333].
2019-08-01 12:48:45,206 - INFO - Finished optomization, results are [-22.999174336414114 array([ 0.21944945, 59.68566507])].
2019-08-01 12:48:45,207 - INFO - Beginning optimization with guess, [7.40419055e-02 2.26089772e+02].
2019-08-01 12:48:46,191 - INFO - Finished optomization, results are [-22.999174417101386 array([ 0.21944857, 59.68651492])].
2019-08-01 12:48:46,192 - INFO - Beginning optimization with guess, [7.54434853e-02 7.88956383e+01].
2019-08-01 12:48:46,894 - INFO - Finished optomization, results are [-22.99917444906807 array([ 0.21944824, 59.68679073])].
2019-08-01 12:48:46,895 - INFO - Beginning optimization with guess, [6.16279595e-02 7.17392967e+01].
2019-08-01 12:48:49,982 - INFO - Finished optomization, results are [-22.999170476082604 array([ 0.21949037, 59.64917571])].
2019-08-01 12:48:49,982 - INFO - Beginning optimization with guess, [5.52225384e-02 6.91217837e+01].
2019-08-01 12:48:56,332 - INFO - Finished optomization, results are [-22.99917433280089 array([ 0.21944953, 59.68553298])].
2019-08-01 12:48:56,333 - INFO - Beginning optimization with guess, [ 0.11995849 98.95014884].
2019-08-01 12:48:57,174 - INFO - Finished optomization, results are [-22.9991744509379 array([ 0.21944822, 59.6868148 ])].
2019-08-01 12:48:57,174 - INFO - Beginning optimization with guess, [6.40368942e-02 1.99846593e+02].
2019-08-01 12:48:58,013 - INFO - Finished optomization, results are [-22.999174451190683 array([ 0.21944822, 59.6868164 ])].
2019-08-01 12:48:58,013 - INFO - Beginning optimization with guess, [5.41391320e-02 9.54148583e+01].
2019-08-01 12:49:02,284 - INFO - Finished optomization, results are [-22.999168220710814 array([ 0.21951993, 59.61686367])].
2019-08-01 12:49:02,284 - INFO - Beginning optimization with guess, [ 0.17362645 66.92546124].
2019-08-01 12:49:03,026 - INFO - Finished optomization, results are [-22.999174450581215 array([ 0.21944822, 59.68681027])].
2019-08-01 12:49:03,026 - INFO - Beginning optimization with guess, [1.09341199e-01 1.20614224e+02].
2019-08-01 12:49:07,912 - INFO - Finished optomization, results are [-22.99917444307853 array([ 0.21944834, 59.68664484])].
2019-08-01 12:49:07,912 - INFO - Beginning optimization with guess, [ 0.14282129 60.33615821].
2019-08-01 12:49:13,361 - INFO - Finished optomization, results are [-22.999173924567042 array([ 0.21945424, 59.68065217])].
2019-08-01 12:49:13,361 - INFO - Beginning optimization with guess, [ 0.15334239 91.68887321].
2019-08-01 12:49:19,508 - INFO - Finished optomization, results are [-22.99917141383345 array([ 0.2194841 , 59.64975567])].
2019-08-01 12:49:19,509 - INFO - Beginning optimization with guess, [5.36010305e-02 7.73798626e+01].
2019-08-01 12:49:24,115 - INFO - Finished optomization, results are [-22.999174215804267 array([ 0.21945085, 59.68419631])].
2019-08-01 12:49:24,116 - INFO - Beginning optimization with guess, [5.83670080e-02 1.54664622e+02].
2019-08-01 12:49:29,421 - INFO - Finished optomization, results are [-22.999171442472168 array([ 0.21948011, 59.65817019])].
2019-08-01 12:49:29,421 - INFO - Beginning optimization with guess, [1.70680667e-01 1.84241654e+02].
2019-08-01 12:49:30,190 - INFO - Finished optomization, results are [-22.99917445396619 array([ 0.21944819, 59.68682701])].
2019-08-01 12:49:30,191 - INFO - Beginning optimization with guess, [5.61667774e-02 1.40646628e+02].
2019-08-01 12:49:34,792 - INFO - Finished optomization, results are [-22.99917421840879 array([ 0.21945953, 59.66513054])].
2019-08-01 12:49:34,793 - INFO - Beginning optimization with guess, [ 0.10757768 88.9044369 ].
2019-08-01 12:49:35,563 - INFO - Finished optomization, results are [-22.999174463391142 array([ 0.2194481 , 59.68689845])].
2019-08-01 12:49:35,563 - INFO - Beginning optimization with guess, [1.28818745e-01 1.47861959e+02].
2019-08-01 12:49:40,855 - INFO - Finished optomization, results are [-22.999174413299954 array([ 0.21944863, 59.68642077])].
2019-08-01 12:49:40,856 - INFO - Beginning optimization with guess, [6.02353267e-02 1.25371201e+02].
2019-08-01 12:49:41,622 - INFO - Finished optomization, results are [-22.99917445096702 array([ 0.21944822, 59.68680134])].
2019-08-01 12:49:41,623 - INFO - Beginning optimization with guess, [7.50706585e-02 2.03063318e+02].
2019-08-01 12:49:46,463 - INFO - Finished optomization, results are [-22.999174169617092 array([ 0.21945124, 59.68398599])].
2019-08-01 12:49:46,464 - INFO - Beginning optimization with guess, [ 0.16737468 73.61789537].
2019-08-01 12:49:47,162 - INFO - Finished optomization, results are [-22.9991744603507 array([ 0.21944812, 59.68689245])].
2019-08-01 12:49:47,162 - INFO - Beginning optimization with guess, [9.23132052e-02 1.75326844e+02].
2019-08-01 12:49:48,074 - INFO - Finished optomization, results are [-22.999174451166482 array([ 0.21944822, 59.6868161 ])].
2019-08-01 12:49:48,074 - INFO - Beginning optimization with guess, [6.51056773e-02 7.04766758e+01].
2019-08-01 12:49:54,264 - INFO - Finished optomization, results are [-22.999122862384645 array([ 0.22047766, 58.73578143])].
2019-08-01 12:49:54,266 - INFO - Beginning optimization with guess, [6.28921084e-02 1.58851065e+02].
2019-08-01 12:49:55,102 - INFO - Finished optomization, results are [-22.999174451302274 array([ 0.21944822, 59.68681692])].
2019-08-01 12:49:55,102 - INFO - Beginning optimization with guess, [ 0.13057081 92.19849742].
2019-08-01 12:50:00,330 - INFO - Finished optomization, results are [-22.999173969460006 array([ 0.21945333, 59.68214591])].
2019-08-01 12:50:00,330 - INFO - Beginning optimization with guess, [9.61704191e-02 1.48418826e+02].
2019-08-01 12:50:01,166 - INFO - Finished optomization, results are [-22.99917445136387 array([ 0.21944822, 59.686806  ])].
2019-08-01 12:50:01,167 - INFO - Beginning optimization with guess, [5.78327500e-02 1.60044277e+02].
2019-08-01 12:50:07,322 - INFO - Finished optomization, results are [-22.999140663971765 array([ 0.21994189, 59.21764319])].
2019-08-01 12:50:07,323 - INFO - Beginning optimization with guess, [6.04998685e-02 1.02087033e+02].
2019-08-01 12:50:08,096 - INFO - Finished optomization, results are [-22.999174450813307 array([ 0.21944822, 59.68680839])].
2019-08-01 12:50:08,097 - INFO - Beginning optimization with guess, [1.54896408e-01 1.60181554e+02].
2019-08-01 12:50:08,862 - INFO - Finished optomization, results are [-22.999174451055765 array([ 0.21944822, 59.68681585])].
2019-08-01 12:50:08,863 - INFO - Beginning optimization with guess, [7.87250444e-02 1.97465732e+02].
2019-08-01 12:50:13,838 - INFO - Finished optomization, results are [-22.99917438226069 array([ 0.21944895, 59.68613899])].
2019-08-01 12:50:13,838 - INFO - Beginning optimization with guess, [5.30176368e-02 1.33692196e+02].
2019-08-01 12:50:14,812 - INFO - Finished optomization, results are [-22.99917445085265 array([ 0.21944822, 59.68681553])].
2019-08-01 12:50:14,812 - INFO - Beginning optimization with guess, [4.82690082e-02 2.34695152e+02].
2019-08-01 12:50:20,102 - INFO - Finished optomization, results are [-22.999154548830486 array([ 0.21985932, 59.2521384 ])].
2019-08-01 12:50:20,102 - INFO - Beginning optimization with guess, [ 0.17136401 80.0812579 ].
2019-08-01 12:50:26,291 - INFO - Finished optomization, results are [-22.999174432899558 array([ 0.21944911, 59.68491582])].
2019-08-01 12:50:26,292 - INFO - Finished DFE inference.
2019-08-01 12:50:26,292 - INFO - Integrating expected site-frequency spectrum.
2019-08-01 12:50:26,308 - INFO - Outputing results.
2019-08-01 12:50:26,313 - INFO - Pipeline executed succesfully.
