2019-08-01 12:46:53,579 - INFO - Beginning execution of fitdadi_infer_DFE.py in directory /u/home/j/jonmah/lohmueller_lab/Scripts

2019-08-01 12:46:53,579 - INFO - Progress is being logged to ../Data/AW_array_2000/seed_5_fitdadi_output/log.log

2019-08-01 12:46:53,579 - INFO - Parsed the following arguments:
	breed = AW
	outprefix = ../Data/AW_array_2000/seed_5_fitdadi_output/
	nonsyn_input_sfs = ../Data/AW_array_2000/seed_5_easySFS_output_nonsyn/dadi/pop1.sfs
	syn_input_sfs = ../Data/AW_array_2000/seed_5_easySFS_output_syn/dadi/pop1.sfs

2019-08-01 12:46:53,586 - INFO - Beginning optimization with guess, [0.4293407  0.08136521].
2019-08-01 12:46:53,957 - INFO - Finished optimization with guess, [0.4293407  0.08136521].
2019-08-01 12:46:53,957 - INFO - Best fit parameters: [0.01056086 0.00040437].
2019-08-01 12:46:53,964 - INFO - Maximum log composite likelihood: -21.5886778857.
2019-08-01 12:46:53,965 - INFO - Optimal value of theta: 71.3949484168.
2019-08-01 12:46:53,965 - INFO - Beginning optimization with guess, [0.62200844 0.09267954].
2019-08-01 12:46:54,342 - INFO - Finished optimization with guess, [0.62200844 0.09267954].
2019-08-01 12:46:54,342 - INFO - Best fit parameters: [0.01441552 0.00055764].
2019-08-01 12:46:54,349 - INFO - Maximum log composite likelihood: -21.5891775789.
2019-08-01 12:46:54,350 - INFO - Optimal value of theta: 71.426800514.
2019-08-01 12:46:54,350 - INFO - Beginning optimization with guess, [0.35998506 0.1666908 ].
2019-08-01 12:46:54,734 - INFO - Finished optimization with guess, [0.35998506 0.1666908 ].
2019-08-01 12:46:54,734 - INFO - Best fit parameters: [0.12104217 0.00503447].
2019-08-01 12:46:54,741 - INFO - Maximum log composite likelihood: -21.6171593685.
2019-08-01 12:46:54,742 - INFO - Optimal value of theta: 71.1230314677.
2019-08-01 12:46:54,742 - INFO - Beginning optimization with guess, [0.45688914 0.09186723].
2019-08-01 12:46:55,114 - INFO - Finished optimization with guess, [0.45688914 0.09186723].
2019-08-01 12:46:55,114 - INFO - Best fit parameters: [0.00643361 0.00024468].
2019-08-01 12:46:55,121 - INFO - Maximum log composite likelihood: -21.588001706.
2019-08-01 12:46:55,122 - INFO - Optimal value of theta: 71.3837663794.
2019-08-01 12:46:55,122 - INFO - Beginning optimization with guess, [0.31324447 0.06059914].
2019-08-01 12:46:55,492 - INFO - Finished optimization with guess, [0.31324447 0.06059914].
2019-08-01 12:46:55,492 - INFO - Best fit parameters: [0.01599146 0.00062345].
2019-08-01 12:46:55,500 - INFO - Maximum log composite likelihood: -21.5893127181.
2019-08-01 12:46:55,501 - INFO - Optimal value of theta: 71.4596524939.
2019-08-01 12:46:55,501 - INFO - Beginning optimization with guess, [0.70016512 0.09701826].
2019-08-01 12:46:55,880 - INFO - Finished optimization with guess, [0.70016512 0.09701826].
2019-08-01 12:46:55,880 - INFO - Best fit parameters: [0.02520822 0.00099966].
2019-08-01 12:46:55,887 - INFO - Maximum log composite likelihood: -21.5910519424.
2019-08-01 12:46:55,888 - INFO - Optimal value of theta: 71.4943426863.
2019-08-01 12:46:55,888 - INFO - Beginning optimization with guess, [0.2517819  0.09965874].
2019-08-01 12:46:56,260 - INFO - Finished optimization with guess, [0.2517819  0.09965874].
2019-08-01 12:46:56,260 - INFO - Best fit parameters: [0.01478434 0.00056834].
2019-08-01 12:46:56,267 - INFO - Maximum log composite likelihood: -21.5895284417.
2019-08-01 12:46:56,267 - INFO - Optimal value of theta: 71.3903046506.
2019-08-01 12:46:56,267 - INFO - Beginning optimization with guess, [0.60150706 0.09872217].
2019-08-01 12:46:56,629 - INFO - Finished optimization with guess, [0.60150706 0.09872217].
2019-08-01 12:46:56,630 - INFO - Best fit parameters: [0.03463411 0.00135755].
2019-08-01 12:46:56,637 - INFO - Maximum log composite likelihood: -21.5936699098.
2019-08-01 12:46:56,637 - INFO - Optimal value of theta: 71.3706013386.
2019-08-01 12:46:56,637 - INFO - Beginning optimization with guess, [0.4539764  0.15306141].
2019-08-01 12:46:57,015 - INFO - Finished optimization with guess, [0.4539764  0.15306141].
2019-08-01 12:46:57,015 - INFO - Best fit parameters: [0.05441165 0.0023103 ].
2019-08-01 12:46:57,022 - INFO - Maximum log composite likelihood: -21.5971967014.
2019-08-01 12:46:57,022 - INFO - Optimal value of theta: 71.6854420818.
2019-08-01 12:46:57,022 - INFO - Beginning optimization with guess, [0.70017589 0.16941755].
2019-08-01 12:46:57,390 - INFO - Finished optimization with guess, [0.70017589 0.16941755].
2019-08-01 12:46:57,390 - INFO - Best fit parameters: [0.04969433 0.00197991].
2019-08-01 12:46:57,396 - INFO - Maximum log composite likelihood: -21.596932.
2019-08-01 12:46:57,397 - INFO - Optimal value of theta: 71.3619530566.
2019-08-01 12:46:57,397 - INFO - Beginning optimization with guess, [0.55624978 0.08893559].
2019-08-01 12:46:57,736 - INFO - Finished optimization with guess, [0.55624978 0.08893559].
2019-08-01 12:46:57,736 - INFO - Best fit parameters: [0.0149813  0.00058002].
2019-08-01 12:46:57,742 - INFO - Maximum log composite likelihood: -21.5892804051.
2019-08-01 12:46:57,743 - INFO - Optimal value of theta: 71.4279007546.
2019-08-01 12:46:57,743 - INFO - Beginning optimization with guess, [0.299985   0.07462845].
2019-08-01 12:46:58,080 - INFO - Finished optimization with guess, [0.299985   0.07462845].
2019-08-01 12:46:58,081 - INFO - Best fit parameters: [0.0290663  0.00112496].
2019-08-01 12:46:58,087 - INFO - Maximum log composite likelihood: -21.592898354.
2019-08-01 12:46:58,087 - INFO - Optimal value of theta: 71.337509787.
2019-08-01 12:46:58,088 - INFO - Beginning optimization with guess, [0.83807272 0.07590274].
2019-08-01 12:46:58,427 - INFO - Finished optimization with guess, [0.83807272 0.07590274].
2019-08-01 12:46:58,427 - INFO - Best fit parameters: [0.02519642 0.0009846 ].
2019-08-01 12:46:58,433 - INFO - Maximum log composite likelihood: -21.5913903215.
2019-08-01 12:46:58,434 - INFO - Optimal value of theta: 71.4139489375.
2019-08-01 12:46:58,434 - INFO - Beginning optimization with guess, [0.31489303 0.09381754].
2019-08-01 12:46:58,773 - INFO - Finished optimization with guess, [0.31489303 0.09381754].
2019-08-01 12:46:58,774 - INFO - Best fit parameters: [0.01663388 0.00064268].
2019-08-01 12:46:58,780 - INFO - Maximum log composite likelihood: -21.5897542125.
2019-08-01 12:46:58,780 - INFO - Optimal value of theta: 71.4062229708.
2019-08-01 12:46:58,781 - INFO - Beginning optimization with guess, [0.66060931 0.07309995].
2019-08-01 12:46:59,124 - INFO - Finished optimization with guess, [0.66060931 0.07309995].
2019-08-01 12:46:59,124 - INFO - Best fit parameters: [0.02614159 0.00104114].
2019-08-01 12:46:59,131 - INFO - Maximum log composite likelihood: -21.5912250389.
2019-08-01 12:46:59,131 - INFO - Optimal value of theta: 71.5120145884.
2019-08-01 12:46:59,131 - INFO - Beginning optimization with guess, [0.67670483 0.13653859].
2019-08-01 12:46:59,476 - INFO - Finished optimization with guess, [0.67670483 0.13653859].
2019-08-01 12:46:59,477 - INFO - Best fit parameters: [0.01661869 0.00065083].
2019-08-01 12:46:59,483 - INFO - Maximum log composite likelihood: -21.5893658886.
2019-08-01 12:46:59,483 - INFO - Optimal value of theta: 71.4804391774.
2019-08-01 12:46:59,484 - INFO - Beginning optimization with guess, [0.83180608 0.16940419].
2019-08-01 12:46:59,834 - INFO - Finished optimization with guess, [0.83180608 0.16940419].
2019-08-01 12:46:59,834 - INFO - Best fit parameters: [0.02501297 0.00097748].
2019-08-01 12:46:59,841 - INFO - Maximum log composite likelihood: -21.5913437059.
2019-08-01 12:46:59,841 - INFO - Optimal value of theta: 71.415364213.
2019-08-01 12:46:59,841 - INFO - Beginning optimization with guess, [0.77468211 0.08668542].
2019-08-01 12:47:00,181 - INFO - Finished optimization with guess, [0.77468211 0.08668542].
2019-08-01 12:47:00,182 - INFO - Best fit parameters: [0.01856155 0.00071773].
2019-08-01 12:47:00,188 - INFO - Maximum log composite likelihood: -21.5901922575.
2019-08-01 12:47:00,188 - INFO - Optimal value of theta: 71.3985165026.
2019-08-01 12:47:00,189 - INFO - Beginning optimization with guess, [0.69901797 0.17690686].
2019-08-01 12:47:00,538 - INFO - Finished optimization with guess, [0.69901797 0.17690686].
2019-08-01 12:47:00,538 - INFO - Best fit parameters: [0.03921698 0.00162822].
2019-08-01 12:47:00,545 - INFO - Maximum log composite likelihood: -21.5939673419.
2019-08-01 12:47:00,545 - INFO - Optimal value of theta: 71.6610671376.
2019-08-01 12:47:00,545 - INFO - Beginning optimization with guess, [0.85199965 0.17493259].
2019-08-01 12:47:00,899 - INFO - Finished optimization with guess, [0.85199965 0.17493259].
2019-08-01 12:47:00,899 - INFO - Best fit parameters: [0.09894865 0.00440777].
2019-08-01 12:47:00,906 - INFO - Maximum log composite likelihood: -21.6065425035.
2019-08-01 12:47:00,906 - INFO - Optimal value of theta: 71.6441500824.
2019-08-01 12:47:00,906 - INFO - Beginning optimization with guess, [0.32351215 0.15278559].
2019-08-01 12:47:01,256 - INFO - Finished optimization with guess, [0.32351215 0.15278559].
2019-08-01 12:47:01,256 - INFO - Best fit parameters: [0.07090644 0.0029047 ].
2019-08-01 12:47:01,263 - INFO - Maximum log composite likelihood: -21.6010680285.
2019-08-01 12:47:01,263 - INFO - Optimal value of theta: 71.3748658009.
2019-08-01 12:47:01,263 - INFO - Beginning optimization with guess, [0.33958699 0.19103938].
2019-08-01 12:47:01,627 - INFO - Finished optimization with guess, [0.33958699 0.19103938].
2019-08-01 12:47:01,627 - INFO - Best fit parameters: [0.0990606  0.00427319].
2019-08-01 12:47:01,633 - INFO - Maximum log composite likelihood: -21.6065780485.
2019-08-01 12:47:01,634 - INFO - Optimal value of theta: 71.4652137386.
2019-08-01 12:47:01,634 - INFO - Beginning optimization with guess, [0.39772291 0.0841293 ].
2019-08-01 12:47:01,971 - INFO - Finished optimization with guess, [0.39772291 0.0841293 ].
2019-08-01 12:47:01,971 - INFO - Best fit parameters: [0.00674948 0.00025815].
2019-08-01 12:47:01,978 - INFO - Maximum log composite likelihood: -21.5878109056.
2019-08-01 12:47:01,978 - INFO - Optimal value of theta: 71.4127070197.
2019-08-01 12:47:01,978 - INFO - Beginning optimization with guess, [0.48849272 0.1610874 ].
2019-08-01 12:47:02,326 - INFO - Finished optimization with guess, [0.48849272 0.1610874 ].
2019-08-01 12:47:02,326 - INFO - Best fit parameters: [0.02737744 0.00111983].
2019-08-01 12:47:02,333 - INFO - Maximum log composite likelihood: -21.5916803877.
2019-08-01 12:47:02,333 - INFO - Optimal value of theta: 71.6549603571.
2019-08-01 12:47:02,333 - INFO - Beginning optimization with guess, [0.28320976 0.05073883].
2019-08-01 12:47:02,669 - INFO - Finished optimization with guess, [0.28320976 0.05073883].
2019-08-01 12:47:02,669 - INFO - Best fit parameters: [0.01238574 0.00048226].
2019-08-01 12:47:02,675 - INFO - Maximum log composite likelihood: -21.5885535169.
2019-08-01 12:47:02,676 - INFO - Optimal value of theta: 71.4754685748.
2019-08-01 12:47:02,676 - INFO - Beginning optimization with guess, [0.83021038 0.07633525].
2019-08-01 12:47:03,016 - INFO - Finished optimization with guess, [0.83021038 0.07633525].
2019-08-01 12:47:03,016 - INFO - Best fit parameters: [0.00728312 0.00027476].
2019-08-01 12:47:03,023 - INFO - Maximum log composite likelihood: -21.5887218955.
2019-08-01 12:47:03,023 - INFO - Optimal value of theta: 71.334603058.
2019-08-01 12:47:03,023 - INFO - Beginning optimization with guess, [0.80452485 0.16285138].
2019-08-01 12:47:03,376 - INFO - Finished optimization with guess, [0.80452485 0.16285138].
2019-08-01 12:47:03,376 - INFO - Best fit parameters: [0.0590483  0.00242157].
2019-08-01 12:47:03,383 - INFO - Maximum log composite likelihood: -21.597862037.
2019-08-01 12:47:03,383 - INFO - Optimal value of theta: 71.4593215332.
2019-08-01 12:47:03,383 - INFO - Beginning optimization with guess, [0.28472079 0.11289559].
2019-08-01 12:47:03,724 - INFO - Finished optimization with guess, [0.28472079 0.11289559].
2019-08-01 12:47:03,724 - INFO - Best fit parameters: [0.0082599  0.00031957].
2019-08-01 12:47:03,731 - INFO - Maximum log composite likelihood: -21.5877912361.
2019-08-01 12:47:03,731 - INFO - Optimal value of theta: 71.4663370415.
2019-08-01 12:47:03,731 - INFO - Beginning optimization with guess, [0.93589433 0.10636329].
2019-08-01 12:47:04,077 - INFO - Finished optimization with guess, [0.93589433 0.10636329].
2019-08-01 12:47:04,077 - INFO - Best fit parameters: [0.0190206 0.0007484].
2019-08-01 12:47:04,084 - INFO - Maximum log composite likelihood: -21.5898167267.
2019-08-01 12:47:04,084 - INFO - Optimal value of theta: 71.4909517183.
2019-08-01 12:47:04,084 - INFO - Beginning optimization with guess, [0.45204661 0.05205849].
2019-08-01 12:47:04,417 - INFO - Finished optimization with guess, [0.45204661 0.05205849].
2019-08-01 12:47:04,418 - INFO - Best fit parameters: [0.00266245 0.00010249].
2019-08-01 12:47:04,424 - INFO - Maximum log composite likelihood: -21.5867046089.
2019-08-01 12:47:04,424 - INFO - Optimal value of theta: 71.4738581797.
2019-08-01 12:47:04,425 - INFO - Beginning optimization with guess, [0.63440854 0.09901774].
2019-08-01 12:47:04,766 - INFO - Finished optimization with guess, [0.63440854 0.09901774].
2019-08-01 12:47:04,766 - INFO - Best fit parameters: [0.00862784 0.00033395].
2019-08-01 12:47:04,773 - INFO - Maximum log composite likelihood: -21.587860852.
2019-08-01 12:47:04,773 - INFO - Optimal value of theta: 71.4665172927.
2019-08-01 12:47:04,773 - INFO - Beginning optimization with guess, [0.63896149 0.05488729].
2019-08-01 12:47:05,112 - INFO - Finished optimization with guess, [0.63896149 0.05488729].
2019-08-01 12:47:05,112 - INFO - Best fit parameters: [0.01157096 0.00044508].
2019-08-01 12:47:05,118 - INFO - Maximum log composite likelihood: -21.5887194184.
2019-08-01 12:47:05,119 - INFO - Optimal value of theta: 71.4137186096.
2019-08-01 12:47:05,119 - INFO - Beginning optimization with guess, [0.93948167 0.18733993].
2019-08-01 12:47:05,472 - INFO - Finished optimization with guess, [0.93948167 0.18733993].
2019-08-01 12:47:05,472 - INFO - Best fit parameters: [0.02962584 0.00117883].
2019-08-01 12:47:05,479 - INFO - Maximum log composite likelihood: -21.5919709877.
2019-08-01 12:47:05,479 - INFO - Optimal value of theta: 71.4844360483.
2019-08-01 12:47:05,479 - INFO - Beginning optimization with guess, [0.30264613 0.11328213].
2019-08-01 12:47:05,821 - INFO - Finished optimization with guess, [0.30264613 0.11328213].
2019-08-01 12:47:05,821 - INFO - Best fit parameters: [0.0178272  0.00069267].
2019-08-01 12:47:05,828 - INFO - Maximum log composite likelihood: -21.5898263376.
2019-08-01 12:47:05,828 - INFO - Optimal value of theta: 71.4294692921.
2019-08-01 12:47:05,828 - INFO - Beginning optimization with guess, [0.31102577 0.12830563].
2019-08-01 12:47:06,172 - INFO - Finished optimization with guess, [0.31102577 0.12830563].
2019-08-01 12:47:06,172 - INFO - Best fit parameters: [0.01851912 0.00072539].
2019-08-01 12:47:06,179 - INFO - Maximum log composite likelihood: -21.5897739859.
2019-08-01 12:47:06,179 - INFO - Optimal value of theta: 71.46934545.
2019-08-01 12:47:06,179 - INFO - Beginning optimization with guess, [0.25079827 0.07466938].
2019-08-01 12:47:06,517 - INFO - Finished optimization with guess, [0.25079827 0.07466938].
2019-08-01 12:47:06,517 - INFO - Best fit parameters: [2.57428208e-03 9.83058023e-05].
2019-08-01 12:47:06,524 - INFO - Maximum log composite likelihood: -21.5869060671.
2019-08-01 12:47:06,524 - INFO - Optimal value of theta: 71.4300862893.
2019-08-01 12:47:06,524 - INFO - Beginning optimization with guess, [0.27712952 0.0610422 ].
2019-08-01 12:47:06,861 - INFO - Finished optimization with guess, [0.27712952 0.0610422 ].
2019-08-01 12:47:06,861 - INFO - Best fit parameters: [0.05116984 0.00209352].
2019-08-01 12:47:06,868 - INFO - Maximum log composite likelihood: -21.5960820418.
2019-08-01 12:47:06,868 - INFO - Optimal value of theta: 71.4984025589.
2019-08-01 12:47:06,868 - INFO - Beginning optimization with guess, [0.67070459 0.10218158].
2019-08-01 12:47:07,212 - INFO - Finished optimization with guess, [0.67070459 0.10218158].
2019-08-01 12:47:07,212 - INFO - Best fit parameters: [0.03473453 0.00145362].
2019-08-01 12:47:07,219 - INFO - Maximum log composite likelihood: -21.5938061612.
2019-08-01 12:47:07,219 - INFO - Optimal value of theta: 71.7370320351.
2019-08-01 12:47:07,219 - INFO - Beginning optimization with guess, [0.32777768 0.12532177].
2019-08-01 12:47:07,562 - INFO - Finished optimization with guess, [0.32777768 0.12532177].
2019-08-01 12:47:07,563 - INFO - Best fit parameters: [0.02083548 0.00082184].
2019-08-01 12:47:07,569 - INFO - Maximum log composite likelihood: -21.5901745357.
2019-08-01 12:47:07,569 - INFO - Optimal value of theta: 71.4929401526.
2019-08-01 12:47:07,570 - INFO - Beginning optimization with guess, [0.85748491 0.13071049].
2019-08-01 12:47:07,916 - INFO - Finished optimization with guess, [0.85748491 0.13071049].
2019-08-01 12:47:07,916 - INFO - Best fit parameters: [0.07572359 0.00301022].
2019-08-01 12:47:07,922 - INFO - Maximum log composite likelihood: -21.6055053546.
2019-08-01 12:47:07,923 - INFO - Optimal value of theta: 71.1830352409.
2019-08-01 12:47:07,923 - INFO - Beginning optimization with guess, [0.40259293 0.06847835].
2019-08-01 12:47:08,258 - INFO - Finished optimization with guess, [0.40259293 0.06847835].
2019-08-01 12:47:08,258 - INFO - Best fit parameters: [0.00379337 0.00014537].
2019-08-01 12:47:08,265 - INFO - Maximum log composite likelihood: -21.5870618292.
2019-08-01 12:47:08,265 - INFO - Optimal value of theta: 71.441918338.
2019-08-01 12:47:08,265 - INFO - Beginning optimization with guess, [0.59533578 0.07243557].
2019-08-01 12:47:08,603 - INFO - Finished optimization with guess, [0.59533578 0.07243557].
2019-08-01 12:47:08,603 - INFO - Best fit parameters: [0.00599079 0.00022523].
2019-08-01 12:47:08,610 - INFO - Maximum log composite likelihood: -21.588628153.
2019-08-01 12:47:08,610 - INFO - Optimal value of theta: 71.3238868739.
2019-08-01 12:47:08,611 - INFO - Beginning optimization with guess, [0.30431755 0.06257904].
2019-08-01 12:47:08,950 - INFO - Finished optimization with guess, [0.30431755 0.06257904].
2019-08-01 12:47:08,951 - INFO - Best fit parameters: [0.02508038 0.00096754].
2019-08-01 12:47:08,957 - INFO - Maximum log composite likelihood: -21.5920130024.
2019-08-01 12:47:08,957 - INFO - Optimal value of theta: 71.344974476.
2019-08-01 12:47:08,958 - INFO - Beginning optimization with guess, [0.41598337 0.09693256].
2019-08-01 12:47:09,296 - INFO - Finished optimization with guess, [0.41598337 0.09693256].
2019-08-01 12:47:09,296 - INFO - Best fit parameters: [2.51460474e-03 9.71512028e-05].
2019-08-01 12:47:09,303 - INFO - Maximum log composite likelihood: -21.5866199229.
2019-08-01 12:47:09,303 - INFO - Optimal value of theta: 71.4947424122.
2019-08-01 12:47:09,303 - INFO - Beginning optimization with guess, [0.81405609 0.16596805].
2019-08-01 12:47:09,656 - INFO - Finished optimization with guess, [0.81405609 0.16596805].
2019-08-01 12:47:09,656 - INFO - Best fit parameters: [0.11375614 0.00471511].
2019-08-01 12:47:09,663 - INFO - Maximum log composite likelihood: -21.6146412358.
2019-08-01 12:47:09,663 - INFO - Optimal value of theta: 71.1535735915.
2019-08-01 12:47:09,663 - INFO - Beginning optimization with guess, [0.5312618  0.05649237].
2019-08-01 12:47:10,000 - INFO - Finished optimization with guess, [0.5312618  0.05649237].
2019-08-01 12:47:10,000 - INFO - Best fit parameters: [0.00389994 0.00014849].
2019-08-01 12:47:10,007 - INFO - Maximum log composite likelihood: -21.5873319522.
2019-08-01 12:47:10,007 - INFO - Optimal value of theta: 71.4057605118.
2019-08-01 12:47:10,007 - INFO - Beginning optimization with guess, [0.31923151 0.19303647].
2019-08-01 12:47:10,374 - INFO - Finished optimization with guess, [0.31923151 0.19303647].
2019-08-01 12:47:10,374 - INFO - Best fit parameters: [0.10057038 0.00434082].
2019-08-01 12:47:10,381 - INFO - Maximum log composite likelihood: -21.6069688064.
2019-08-01 12:47:10,381 - INFO - Optimal value of theta: 71.4578837304.
2019-08-01 12:47:10,381 - INFO - Beginning optimization with guess, [0.47289021 0.05655409].
2019-08-01 12:47:10,717 - INFO - Finished optimization with guess, [0.47289021 0.05655409].
2019-08-01 12:47:10,717 - INFO - Best fit parameters: [1.00000000e-04 3.88389851e-06].
2019-08-01 12:47:10,724 - INFO - Maximum log composite likelihood: -21.5861442822.
2019-08-01 12:47:10,724 - INFO - Optimal value of theta: 71.5393202332.
2019-08-01 12:47:10,724 - INFO - Beginning optimization with guess, [0.83483516 0.17862986].
2019-08-01 12:47:11,168 - INFO - Finished optimization with guess, [0.83483516 0.17862986].
2019-08-01 12:47:11,169 - INFO - Best fit parameters: [0.02448205 0.00091734].
2019-08-01 12:47:11,177 - INFO - Maximum log composite likelihood: -21.594512666.
2019-08-01 12:47:11,177 - INFO - Optimal value of theta: 71.1931092725.
2019-08-01 12:47:11,177 - INFO - Beginning optimization with guess, [0.73914259 0.06645948].
2019-08-01 12:47:11,589 - INFO - Finished optimization with guess, [0.73914259 0.06645948].
2019-08-01 12:47:11,590 - INFO - Best fit parameters: [0.01869327 0.0007379 ].
2019-08-01 12:47:11,598 - INFO - Maximum log composite likelihood: -21.5897274964.
2019-08-01 12:47:11,598 - INFO - Optimal value of theta: 71.510863095.
2019-08-01 12:47:11,599 - INFO - Finished demographic inference.
2019-08-01 12:47:11,599 - INFO - Beginning DFE inference.
2019-08-01 12:47:12,467 - INFO - Beginning optimization with guess, [5.54323936e-02 3.35223907e+02].
2019-08-01 12:47:15,181 - INFO - Finished optomization, results are [-22.93842101722952 array([1.27059869e-01, 4.90226789e+03])].
2019-08-01 12:47:15,182 - INFO - Beginning optimization with guess, [  0.13749289 111.26412595].
2019-08-01 12:47:18,252 - INFO - Finished optomization, results are [-22.917393944966285 array([1.30409706e-01, 4.49046485e+03])].
2019-08-01 12:47:18,271 - INFO - Beginning optimization with guess, [  0.17800016 147.71867477].
2019-08-01 12:47:22,811 - INFO - Finished optomization, results are [-22.914531778567948 array([1.31352468e-01, 4.40738254e+03])].
2019-08-01 12:47:22,816 - INFO - Beginning optimization with guess, [1.13927528e-01 1.55471031e+02].
2019-08-01 12:47:29,423 - INFO - Finished optomization, results are [-22.89855213342667 array([1.29116941e-01, 4.88315331e+03])].
2019-08-01 12:47:29,438 - INFO - Beginning optimization with guess, [4.88605103e-02 1.86635377e+02].
2019-08-01 12:47:36,165 - INFO - Finished optomization, results are [-22.926645767973156 array([1.29616042e-01, 4.52488464e+03])].
2019-08-01 12:47:36,165 - INFO - Beginning optimization with guess, [8.00331846e-02 1.08208554e+02].
2019-08-01 12:47:39,020 - INFO - Finished optomization, results are [-22.90072841890857 array([1.2933741e-01, 4.8251176e+03])].
2019-08-01 12:47:39,020 - INFO - Beginning optimization with guess, [6.57330162e-02 9.59605665e+01].
2019-08-01 12:47:44,985 - INFO - Finished optomization, results are [-22.8846816230279 array([1.28560955e-01, 5.15605560e+03])].
2019-08-01 12:47:44,985 - INFO - Beginning optimization with guess, [5.72712111e-02 2.18709310e+02].
2019-08-01 12:47:51,622 - INFO - Finished optomization, results are [-22.939865965114947 array([1.25916627e-01, 5.13495534e+03])].
2019-08-01 12:47:51,623 - INFO - Beginning optimization with guess, [ 0.12672755 87.55900954].
2019-08-01 12:47:53,791 - INFO - Finished optomization, results are [-22.926776379492317 array([1.27886774e-01, 4.82460016e+03])].
2019-08-01 12:47:53,791 - INFO - Beginning optimization with guess, [1.09834335e-01 2.65288393e+02].
2019-08-01 12:47:56,076 - INFO - Finished optomization, results are [-22.901743460767637 array([1.28564856e-01, 4.93002727e+03])].
2019-08-01 12:47:56,076 - INFO - Beginning optimization with guess, [9.05128102e-02 1.12457437e+02].
2019-08-01 12:47:58,099 - INFO - Finished optomization, results are [-22.92109630326525 array([1.29619263e-01, 4.57178927e+03])].
2019-08-01 12:47:58,100 - INFO - Beginning optimization with guess, [4.60691188e-02 2.88646771e+02].
2019-08-01 12:48:00,893 - INFO - Finished optomization, results are [-22.933831322032923 array([1.27448987e-01, 4.85668566e+03])].
2019-08-01 12:48:00,894 - INFO - Beginning optimization with guess, [4.94511173e-02 2.81308617e+02].
2019-08-01 12:48:02,723 - INFO - Finished optomization, results are [-22.941595389615557 array([1.28675371e-01, 4.57288919e+03])].
2019-08-01 12:48:02,723 - INFO - Beginning optimization with guess, [4.93587338e-02 1.85704049e+02].
2019-08-01 12:48:04,477 - INFO - Finished optomization, results are [-22.928190424622457 array([1.28006005e-01, 4.79148880e+03])].
2019-08-01 12:48:04,478 - INFO - Beginning optimization with guess, [6.12994278e-02 2.65076449e+02].
2019-08-01 12:48:06,495 - INFO - Finished optomization, results are [-22.92877773319381 array([1.26508290e-01, 5.08490839e+03])].
2019-08-01 12:48:06,495 - INFO - Beginning optimization with guess, [7.69821398e-02 2.37951017e+02].
2019-08-01 12:48:08,778 - INFO - Finished optomization, results are [-22.89260497774803 array([1.29554348e-01, 4.91279861e+03])].
2019-08-01 12:48:08,779 - INFO - Beginning optimization with guess, [1.53034420e-01 3.37943111e+02].
2019-08-01 12:48:11,334 - INFO - Finished optomization, results are [-22.990248854981896 array([1.26326469e-01, 4.75104681e+03])].
2019-08-01 12:48:11,334 - INFO - Beginning optimization with guess, [5.13763668e-02 1.25207047e+02].
2019-08-01 12:48:13,596 - INFO - Finished optomization, results are [-22.904096376385894 array([1.28472506e-01, 4.92009063e+03])].
2019-08-01 12:48:13,596 - INFO - Beginning optimization with guess, [1.64244921e-01 1.88207157e+02].
2019-08-01 12:48:15,989 - INFO - Finished optomization, results are [-22.90855372575779 array([1.30839796e-01, 4.53953300e+03])].
2019-08-01 12:48:15,989 - INFO - Beginning optimization with guess, [5.20644009e-02 8.91074568e+01].
2019-08-01 12:48:18,552 - INFO - Finished optomization, results are [-22.914095645405126 array([1.28225506e-01, 4.86681672e+03])].
2019-08-01 12:48:18,552 - INFO - Beginning optimization with guess, [7.81591630e-02 1.33426843e+02].
2019-08-01 12:48:20,262 - INFO - Finished optomization, results are [-22.898428984385127 array([1.27995574e-01, 5.06110198e+03])].
2019-08-01 12:48:20,262 - INFO - Beginning optimization with guess, [7.91094522e-02 1.12202891e+02].
2019-08-01 12:48:22,313 - INFO - Finished optomization, results are [-22.911461498937193 array([1.29415974e-01, 4.69426978e+03])].
2019-08-01 12:48:22,313 - INFO - Beginning optimization with guess, [6.68288187e-02 9.42621797e+01].
2019-08-01 12:48:26,200 - INFO - Finished optomization, results are [-22.891014228842394 array([1.29253327e-01, 4.97142450e+03])].
2019-08-01 12:48:26,200 - INFO - Beginning optimization with guess, [6.34700485e-02 9.88764147e+01].
2019-08-01 12:48:28,615 - INFO - Finished optomization, results are [-22.890767720903824 array([1.29038578e-01, 5.00074748e+03])].
2019-08-01 12:48:28,616 - INFO - Beginning optimization with guess, [1.62919938e-01 2.90305207e+02].
2019-08-01 12:48:30,065 - INFO - Finished optomization, results are [-22.924569955324365 array([1.28863863e-01, 4.66628239e+03])].
2019-08-01 12:48:30,065 - INFO - Beginning optimization with guess, [1.08147328e-01 1.67046360e+02].
2019-08-01 12:48:32,279 - INFO - Finished optomization, results are [-22.951570889348027 array([1.25678925e-01, 5.11164294e+03])].
2019-08-01 12:48:32,280 - INFO - Beginning optimization with guess, [1.30973742e-01 2.33295470e+02].
2019-08-01 12:48:35,299 - INFO - Finished optomization, results are [-22.903050576763153 array([1.27418849e-01, 5.11735521e+03])].
2019-08-01 12:48:35,300 - INFO - Beginning optimization with guess, [6.98442103e-02 1.13906305e+02].
2019-08-01 12:48:37,221 - INFO - Finished optomization, results are [-22.92049219664575 array([1.31018266e-01, 4.37853535e+03])].
2019-08-01 12:48:37,221 - INFO - Beginning optimization with guess, [1.18760108e-01 1.53071718e+02].
2019-08-01 12:48:40,433 - INFO - Finished optomization, results are [-22.896511022564702 array([1.29254641e-01, 4.89076136e+03])].
2019-08-01 12:48:40,433 - INFO - Beginning optimization with guess, [5.20206095e-02 1.50506531e+02].
2019-08-01 12:48:43,548 - INFO - Finished optomization, results are [-22.904097464818665 array([1.27600631e-01, 5.07326502e+03])].
2019-08-01 12:48:43,549 - INFO - Beginning optimization with guess, [5.81066496e-02 1.17837678e+02].
2019-08-01 12:48:46,172 - INFO - Finished optomization, results are [-22.8918590649611 array([1.29451816e-01, 4.93587490e+03])].
2019-08-01 12:48:46,172 - INFO - Beginning optimization with guess, [1.01277577e-01 1.32219942e+02].
2019-08-01 12:48:48,001 - INFO - Finished optomization, results are [-22.90390520142758 array([1.27251337e-01, 5.14090133e+03])].
2019-08-01 12:48:48,001 - INFO - Beginning optimization with guess, [1.31409546e-01 2.05716949e+02].
2019-08-01 12:48:53,199 - INFO - Finished optomization, results are [-22.88540814529599 array([1.28774203e-01, 5.11862624e+03])].
2019-08-01 12:48:53,199 - INFO - Beginning optimization with guess, [5.89413549e-02 1.56395906e+02].
2019-08-01 12:48:55,353 - INFO - Finished optomization, results are [-22.910071398777475 array([1.30015717e-01, 4.62210459e+03])].
2019-08-01 12:48:55,353 - INFO - Beginning optimization with guess, [8.00844200e-02 2.01483087e+02].
2019-08-01 12:48:57,198 - INFO - Finished optomization, results are [-22.90026526720648 array([1.30347022e-01, 4.71007578e+03])].
2019-08-01 12:48:57,198 - INFO - Beginning optimization with guess, [7.43886563e-02 1.66727450e+02].
2019-08-01 12:48:58,913 - INFO - Finished optomization, results are [-22.905370929797982 array([1.28605964e-01, 4.88480660e+03])].
2019-08-01 12:48:58,913 - INFO - Beginning optimization with guess, [8.33350614e-02 1.03868634e+02].
2019-08-01 12:49:00,706 - INFO - Finished optomization, results are [-22.907451984056564 array([1.27885685e-01, 4.98886824e+03])].
2019-08-01 12:49:00,706 - INFO - Beginning optimization with guess, [1.47593212e-01 2.69445254e+02].
2019-08-01 12:49:05,169 - INFO - Finished optomization, results are [-22.92332945641251 array([1.26917611e-01, 5.04095754e+03])].
2019-08-01 12:49:05,169 - INFO - Beginning optimization with guess, [9.47290683e-02 1.07382299e+02].
2019-08-01 12:49:09,209 - INFO - Finished optomization, results are [-22.905078302806945 array([1.27456912e-01, 5.09062829e+03])].
2019-08-01 12:49:09,210 - INFO - Beginning optimization with guess, [7.07596954e-02 3.33695693e+02].
2019-08-01 12:49:11,080 - INFO - Finished optomization, results are [-22.90230035975028 array([1.28624505e-01, 4.91433256e+03])].
2019-08-01 12:49:11,080 - INFO - Beginning optimization with guess, [1.67149534e-01 2.15866852e+02].
2019-08-01 12:49:13,551 - INFO - Finished optomization, results are [-22.912225665880296 array([1.28262879e-01, 4.87703183e+03])].
2019-08-01 12:49:13,552 - INFO - Beginning optimization with guess, [5.54574915e-02 2.32936691e+02].
2019-08-01 12:49:16,579 - INFO - Finished optomization, results are [-22.8989101579644 array([1.28523952e-01, 4.96828102e+03])].
2019-08-01 12:49:16,580 - INFO - Beginning optimization with guess, [7.91433004e-02 1.38904117e+02].
2019-08-01 12:49:18,201 - INFO - Finished optomization, results are [-22.920520683022097 array([1.30035074e-01, 4.51369662e+03])].
2019-08-01 12:49:18,201 - INFO - Beginning optimization with guess, [  0.15045764 103.19587924].
2019-08-01 12:49:21,366 - INFO - Finished optomization, results are [-22.895567987095717 array([1.27840318e-01, 5.11958157e+03])].
2019-08-01 12:49:21,366 - INFO - Beginning optimization with guess, [1.07407211e-01 2.14546181e+02].
2019-08-01 12:49:23,687 - INFO - Finished optomization, results are [-22.897943393924766 array([1.27962835e-01, 5.07204396e+03])].
2019-08-01 12:49:23,687 - INFO - Beginning optimization with guess, [7.86725574e-02 3.04731568e+02].
2019-08-01 12:49:25,753 - INFO - Finished optomization, results are [-22.90204051127232 array([1.28521933e-01, 4.93376610e+03])].
2019-08-01 12:49:25,753 - INFO - Beginning optimization with guess, [1.09855995e-01 3.07130688e+02].
2019-08-01 12:49:29,133 - INFO - Finished optomization, results are [-22.900110699247513 array([1.28335731e-01, 4.98537278e+03])].
2019-08-01 12:49:29,134 - INFO - Beginning optimization with guess, [4.62046020e-02 1.25904147e+02].
2019-08-01 12:49:31,967 - INFO - Finished optomization, results are [-22.90547829730869 array([1.28518728e-01, 4.89814347e+03])].
2019-08-01 12:49:31,967 - INFO - Beginning optimization with guess, [  0.16818907 119.84861779].
2019-08-01 12:49:33,667 - INFO - Finished optomization, results are [-22.911353478752677 array([1.28464319e-01, 4.84997727e+03])].
2019-08-01 12:49:33,667 - INFO - Beginning optimization with guess, [1.35897427e-01 2.45426000e+02].
2019-08-01 12:49:36,678 - INFO - Finished optomization, results are [-22.90995235069088 array([1.27663187e-01, 5.00660196e+03])].
2019-08-01 12:49:36,678 - INFO - Finished DFE inference.
2019-08-01 12:49:36,678 - INFO - Integrating expected site-frequency spectrum.
2019-08-01 12:49:36,694 - INFO - Outputing results.
2019-08-01 12:49:36,698 - INFO - Pipeline executed succesfully.
