2019-08-01 09:08:52,889 - INFO - Beginning execution of fitdadi_infer_DFE.py in directory /u/home/j/jonmah/lohmueller_lab/Scripts

2019-08-01 09:08:52,889 - INFO - Progress is being logged to ../Data/AW_array_2000/seed_66_fitdadi_output/log.log

2019-08-01 09:08:52,889 - INFO - Parsed the following arguments:
	breed = AW
	outprefix = ../Data/AW_array_2000/seed_66_fitdadi_output/
	nonsyn_input_sfs = ../Data/AW_array_2000/seed_66_easySFS_output_nonsyn/dadi/pop1.sfs
	syn_input_sfs = ../Data/AW_array_2000/seed_66_easySFS_output_syn/dadi/pop1.sfs

2019-08-01 09:08:52,899 - INFO - Beginning optimization with guess, [0.3877574 0.1852167].
2019-08-01 09:08:53,495 - INFO - Finished optimization with guess, [0.3877574 0.1852167].
2019-08-01 09:08:53,495 - INFO - Best fit parameters: [1.00000000e-04 2.56791788e-06].
2019-08-01 09:08:53,502 - INFO - Maximum log composite likelihood: -21.566080749.
2019-08-01 09:08:53,502 - INFO - Optimal value of theta: 52.6923378878.
2019-08-01 09:08:53,503 - INFO - Beginning optimization with guess, [0.59526683 0.1387906 ].
2019-08-01 09:08:54,041 - INFO - Finished optimization with guess, [0.59526683 0.1387906 ].
2019-08-01 09:08:54,041 - INFO - Best fit parameters: [1.00000000e-04 2.56791085e-06].
2019-08-01 09:08:54,048 - INFO - Maximum log composite likelihood: -21.5660807507.
2019-08-01 09:08:54,048 - INFO - Optimal value of theta: 52.6923300158.
2019-08-01 09:08:54,048 - INFO - Beginning optimization with guess, [0.90720171 0.08462106].
2019-08-01 09:08:54,835 - INFO - Finished optimization with guess, [0.90720171 0.08462106].
2019-08-01 09:08:54,835 - INFO - Best fit parameters: [1.38758459e-03 3.55384769e-05].
2019-08-01 09:08:54,842 - INFO - Maximum log composite likelihood: -21.5663349655.
2019-08-01 09:08:54,842 - INFO - Optimal value of theta: 52.6807723542.
2019-08-01 09:08:54,843 - INFO - Beginning optimization with guess, [0.25884773 0.11496223].
2019-08-01 09:08:55,420 - INFO - Finished optimization with guess, [0.25884773 0.11496223].
2019-08-01 09:08:55,421 - INFO - Best fit parameters: [1.00000000e-04 2.56923035e-06].
2019-08-01 09:08:55,428 - INFO - Maximum log composite likelihood: -21.566080595.
2019-08-01 09:08:55,428 - INFO - Optimal value of theta: 52.6938081057.
2019-08-01 09:08:55,428 - INFO - Beginning optimization with guess, [0.75652929 0.13013585].
2019-08-01 09:08:55,925 - INFO - Finished optimization with guess, [0.75652929 0.13013585].
2019-08-01 09:08:55,926 - INFO - Best fit parameters: [1.00000000e-04 2.56913049e-06].
2019-08-01 09:08:55,933 - INFO - Maximum log composite likelihood: -21.5660805954.
2019-08-01 09:08:55,933 - INFO - Optimal value of theta: 52.6936962462.
2019-08-01 09:08:55,934 - INFO - Beginning optimization with guess, [0.88585704 0.14364419].
2019-08-01 09:08:56,433 - INFO - Finished optimization with guess, [0.88585704 0.14364419].
2019-08-01 09:08:56,433 - INFO - Best fit parameters: [1.0000000e-04 2.5679194e-06].
2019-08-01 09:08:56,440 - INFO - Maximum log composite likelihood: -21.5660807486.
2019-08-01 09:08:56,441 - INFO - Optimal value of theta: 52.6923395877.
2019-08-01 09:08:56,441 - INFO - Beginning optimization with guess, [0.28966607 0.14748378].
2019-08-01 09:08:56,962 - INFO - Finished optimization with guess, [0.28966607 0.14748378].
2019-08-01 09:08:56,962 - INFO - Best fit parameters: [1.00000000e-04 2.56791917e-06].
2019-08-01 09:08:56,969 - INFO - Maximum log composite likelihood: -21.5660807487.
2019-08-01 09:08:56,970 - INFO - Optimal value of theta: 52.6923393313.
2019-08-01 09:08:56,970 - INFO - Beginning optimization with guess, [0.4198695  0.05763995].
2019-08-01 09:08:57,440 - INFO - Finished optimization with guess, [0.4198695  0.05763995].
2019-08-01 09:08:57,440 - INFO - Best fit parameters: [1.00000000e-04 2.56791776e-06].
2019-08-01 09:08:57,447 - INFO - Maximum log composite likelihood: -21.566080749.
2019-08-01 09:08:57,447 - INFO - Optimal value of theta: 52.6923377519.
2019-08-01 09:08:57,447 - INFO - Beginning optimization with guess, [0.60065806 0.06488069].
2019-08-01 09:08:58,270 - INFO - Finished optimization with guess, [0.60065806 0.06488069].
2019-08-01 09:08:58,270 - INFO - Best fit parameters: [1.26581993e-03 3.25505736e-05].
2019-08-01 09:08:58,277 - INFO - Maximum log composite likelihood: -21.5663018852.
2019-08-01 09:08:58,277 - INFO - Optimal value of theta: 52.6927051784.
2019-08-01 09:08:58,278 - INFO - Beginning optimization with guess, [0.43749324 0.08606881].
2019-08-01 09:08:59,212 - INFO - Finished optimization with guess, [0.43749324 0.08606881].
2019-08-01 09:08:59,212 - INFO - Best fit parameters: [1.21446251e-03 3.12286974e-05].
2019-08-01 09:08:59,219 - INFO - Maximum log composite likelihood: -21.566292124.
2019-08-01 09:08:59,220 - INFO - Optimal value of theta: 52.6927534686.
2019-08-01 09:08:59,220 - INFO - Beginning optimization with guess, [0.34546691 0.06171644].
2019-08-01 09:08:59,645 - INFO - Finished optimization with guess, [0.34546691 0.06171644].
2019-08-01 09:08:59,645 - INFO - Best fit parameters: [1.00000000e-04 2.56791889e-06].
2019-08-01 09:08:59,652 - INFO - Maximum log composite likelihood: -21.5660807488.
2019-08-01 09:08:59,652 - INFO - Optimal value of theta: 52.6923390205.
2019-08-01 09:08:59,652 - INFO - Beginning optimization with guess, [0.76391577 0.09935433].
2019-08-01 09:09:00,127 - INFO - Finished optimization with guess, [0.76391577 0.09935433].
2019-08-01 09:09:00,127 - INFO - Best fit parameters: [1.00000000e-04 2.56791889e-06].
2019-08-01 09:09:00,134 - INFO - Maximum log composite likelihood: -21.5660807488.
2019-08-01 09:09:00,135 - INFO - Optimal value of theta: 52.6923390187.
2019-08-01 09:09:00,135 - INFO - Beginning optimization with guess, [0.32568144 0.09510077].
2019-08-01 09:09:00,604 - INFO - Finished optimization with guess, [0.32568144 0.09510077].
2019-08-01 09:09:00,604 - INFO - Best fit parameters: [1.00000000e-04 2.56792087e-06].
2019-08-01 09:09:00,611 - INFO - Maximum log composite likelihood: -21.5660807483.
2019-08-01 09:09:00,611 - INFO - Optimal value of theta: 52.692341241.
2019-08-01 09:09:00,611 - INFO - Beginning optimization with guess, [0.97697674 0.10284158].
2019-08-01 09:09:01,083 - INFO - Finished optimization with guess, [0.97697674 0.10284158].
2019-08-01 09:09:01,083 - INFO - Best fit parameters: [1.00000000e-04 2.56791886e-06].
2019-08-01 09:09:01,090 - INFO - Maximum log composite likelihood: -21.5660807488.
2019-08-01 09:09:01,091 - INFO - Optimal value of theta: 52.6923389923.
2019-08-01 09:09:01,091 - INFO - Beginning optimization with guess, [0.27071511 0.08912285].
2019-08-01 09:09:02,324 - INFO - Finished optimization with guess, [0.27071511 0.08912285].
2019-08-01 09:09:02,324 - INFO - Best fit parameters: [1.00000000e-04 2.56877711e-06].
2019-08-01 09:09:02,331 - INFO - Maximum log composite likelihood: -21.5660806118.
2019-08-01 09:09:02,332 - INFO - Optimal value of theta: 52.6933004048.
2019-08-01 09:09:02,332 - INFO - Beginning optimization with guess, [0.64992136 0.17631247].
2019-08-01 09:09:03,071 - INFO - Finished optimization with guess, [0.64992136 0.17631247].
2019-08-01 09:09:03,071 - INFO - Best fit parameters: [1.00000000e-04 2.56819081e-06].
2019-08-01 09:09:03,078 - INFO - Maximum log composite likelihood: -21.5660806905.
2019-08-01 09:09:03,079 - INFO - Optimal value of theta: 52.6926436369.
2019-08-01 09:09:03,079 - INFO - Beginning optimization with guess, [0.62724635 0.13919667].
2019-08-01 09:09:03,623 - INFO - Finished optimization with guess, [0.62724635 0.13919667].
2019-08-01 09:09:03,624 - INFO - Best fit parameters: [1.00000000e-04 2.56791064e-06].
2019-08-01 09:09:03,631 - INFO - Maximum log composite likelihood: -21.5660807507.
2019-08-01 09:09:03,631 - INFO - Optimal value of theta: 52.6923297818.
2019-08-01 09:09:03,631 - INFO - Beginning optimization with guess, [0.58342037 0.10739123].
2019-08-01 09:09:05,018 - INFO - Finished optimization with guess, [0.58342037 0.10739123].
2019-08-01 09:09:05,019 - INFO - Best fit parameters: [1.00000000e-04 2.56805154e-06].
2019-08-01 09:09:05,026 - INFO - Maximum log composite likelihood: -21.5660807186.
2019-08-01 09:09:05,027 - INFO - Optimal value of theta: 52.6924876217.
2019-08-01 09:09:05,027 - INFO - Beginning optimization with guess, [0.86942535 0.11686695].
2019-08-01 09:09:05,545 - INFO - Finished optimization with guess, [0.86942535 0.11686695].
2019-08-01 09:09:05,545 - INFO - Best fit parameters: [1.00000000e-04 2.56791891e-06].
2019-08-01 09:09:05,552 - INFO - Maximum log composite likelihood: -21.5660807488.
2019-08-01 09:09:05,553 - INFO - Optimal value of theta: 52.6923390381.
2019-08-01 09:09:05,553 - INFO - Beginning optimization with guess, [0.44588634 0.13717205].
2019-08-01 09:09:06,096 - INFO - Finished optimization with guess, [0.44588634 0.13717205].
2019-08-01 09:09:06,096 - INFO - Best fit parameters: [1.00000000e-04 2.56791693e-06].
2019-08-01 09:09:06,103 - INFO - Maximum log composite likelihood: -21.5660807492.
2019-08-01 09:09:06,103 - INFO - Optimal value of theta: 52.6923368221.
2019-08-01 09:09:06,104 - INFO - Beginning optimization with guess, [0.62547842 0.14217272].
2019-08-01 09:09:06,602 - INFO - Finished optimization with guess, [0.62547842 0.14217272].
2019-08-01 09:09:06,603 - INFO - Best fit parameters: [1.00000000e-04 2.56791886e-06].
2019-08-01 09:09:06,610 - INFO - Maximum log composite likelihood: -21.5660807488.
2019-08-01 09:09:06,610 - INFO - Optimal value of theta: 52.6923389905.
2019-08-01 09:09:06,610 - INFO - Beginning optimization with guess, [0.34757062 0.08600748].
2019-08-01 09:09:07,438 - INFO - Finished optimization with guess, [0.34757062 0.08600748].
2019-08-01 09:09:07,438 - INFO - Best fit parameters: [3.80817350e-04 9.78575039e-06].
2019-08-01 09:09:07,445 - INFO - Maximum log composite likelihood: -21.5661338423.
2019-08-01 09:09:07,446 - INFO - Optimal value of theta: 52.6934232195.
2019-08-01 09:09:07,446 - INFO - Beginning optimization with guess, [0.97367593 0.09010567].
2019-08-01 09:09:08,313 - INFO - Finished optimization with guess, [0.97367593 0.09010567].
2019-08-01 09:09:08,313 - INFO - Best fit parameters: [3.99398359e-04 1.02611458e-05].
2019-08-01 09:09:08,320 - INFO - Maximum log composite likelihood: -21.5661373987.
2019-08-01 09:09:08,321 - INFO - Optimal value of theta: 52.6927833303.
2019-08-01 09:09:08,321 - INFO - Beginning optimization with guess, [0.73654254 0.1883846 ].
2019-08-01 09:09:09,098 - INFO - Finished optimization with guess, [0.73654254 0.1883846 ].
2019-08-01 09:09:09,098 - INFO - Best fit parameters: [1.00000000e-04 2.56849754e-06].
2019-08-01 09:09:09,105 - INFO - Maximum log composite likelihood: -21.5660806414.
2019-08-01 09:09:09,106 - INFO - Optimal value of theta: 52.6929872342.
2019-08-01 09:09:09,106 - INFO - Beginning optimization with guess, [0.3451979  0.10709287].
2019-08-01 09:09:09,888 - INFO - Finished optimization with guess, [0.3451979  0.10709287].
2019-08-01 09:09:09,888 - INFO - Best fit parameters: [1.00000000e-04 2.56890035e-06].
2019-08-01 09:09:09,895 - INFO - Maximum log composite likelihood: -21.5660806035.
2019-08-01 09:09:09,895 - INFO - Optimal value of theta: 52.6934384578.
2019-08-01 09:09:09,896 - INFO - Beginning optimization with guess, [0.38680426 0.1979719 ].
2019-08-01 09:09:10,614 - INFO - Finished optimization with guess, [0.38680426 0.1979719 ].
2019-08-01 09:09:10,614 - INFO - Best fit parameters: [1.0000000e-04 2.5679303e-06].
2019-08-01 09:09:10,621 - INFO - Maximum log composite likelihood: -21.566080746.
2019-08-01 09:09:10,621 - INFO - Optimal value of theta: 52.6923518013.
2019-08-01 09:09:10,621 - INFO - Beginning optimization with guess, [0.62233585 0.09192435].
2019-08-01 09:09:11,110 - INFO - Finished optimization with guess, [0.62233585 0.09192435].
2019-08-01 09:09:11,111 - INFO - Best fit parameters: [1.00000000e-04 2.56919493e-06].
2019-08-01 09:09:11,118 - INFO - Maximum log composite likelihood: -21.5660805949.
2019-08-01 09:09:11,118 - INFO - Optimal value of theta: 52.6937684269.
2019-08-01 09:09:11,118 - INFO - Beginning optimization with guess, [0.2946294  0.12693136].
2019-08-01 09:09:11,574 - INFO - Finished optimization with guess, [0.2946294  0.12693136].
2019-08-01 09:09:11,574 - INFO - Best fit parameters: [1.00000000e-04 2.56791871e-06].
2019-08-01 09:09:11,581 - INFO - Maximum log composite likelihood: -21.5660807488.
2019-08-01 09:09:11,581 - INFO - Optimal value of theta: 52.6923388182.
2019-08-01 09:09:11,582 - INFO - Beginning optimization with guess, [0.27336283 0.0521684 ].
2019-08-01 09:09:12,278 - INFO - Finished optimization with guess, [0.27336283 0.0521684 ].
2019-08-01 09:09:12,279 - INFO - Best fit parameters: [1.22286870e-03 3.12766451e-05].
2019-08-01 09:09:12,286 - INFO - Maximum log composite likelihood: -21.5663108831.
2019-08-01 09:09:12,286 - INFO - Optimal value of theta: 52.6773330392.
2019-08-01 09:09:12,286 - INFO - Beginning optimization with guess, [0.53194864 0.05328359].
2019-08-01 09:09:12,753 - INFO - Finished optimization with guess, [0.53194864 0.05328359].
2019-08-01 09:09:12,753 - INFO - Best fit parameters: [1.00000000e-04 2.56791617e-06].
2019-08-01 09:09:12,761 - INFO - Maximum log composite likelihood: -21.5660807494.
2019-08-01 09:09:12,761 - INFO - Optimal value of theta: 52.6923359775.
2019-08-01 09:09:12,761 - INFO - Beginning optimization with guess, [0.42913015 0.12383723].
2019-08-01 09:09:13,432 - INFO - Finished optimization with guess, [0.42913015 0.12383723].
2019-08-01 09:09:13,432 - INFO - Best fit parameters: [1.17477889e-03 3.00509262e-05].
2019-08-01 09:09:13,440 - INFO - Maximum log composite likelihood: -21.56630063.
2019-08-01 09:09:13,440 - INFO - Optimal value of theta: 52.6778875116.
2019-08-01 09:09:13,440 - INFO - Beginning optimization with guess, [0.97838929 0.10804807].
2019-08-01 09:09:14,438 - INFO - Finished optimization with guess, [0.97838929 0.10804807].
2019-08-01 09:09:14,440 - INFO - Best fit parameters: [5.3384566e-04 1.3722647e-05].
2019-08-01 09:09:14,446 - INFO - Maximum log composite likelihood: -21.5661629015.
2019-08-01 09:09:14,447 - INFO - Optimal value of theta: 52.6939040499.
2019-08-01 09:09:14,447 - INFO - Beginning optimization with guess, [0.69168998 0.09464017].
2019-08-01 09:09:15,145 - INFO - Finished optimization with guess, [0.69168998 0.09464017].
2019-08-01 09:09:15,146 - INFO - Best fit parameters: [1.00000000e-04 2.56898063e-06].
2019-08-01 09:09:15,153 - INFO - Maximum log composite likelihood: -21.5660805995.
2019-08-01 09:09:15,153 - INFO - Optimal value of theta: 52.693528377.
2019-08-01 09:09:15,153 - INFO - Beginning optimization with guess, [0.34437351 0.05175437].
2019-08-01 09:09:15,662 - INFO - Finished optimization with guess, [0.34437351 0.05175437].
2019-08-01 09:09:15,663 - INFO - Best fit parameters: [1.00000000e-04 2.56923592e-06].
2019-08-01 09:09:15,670 - INFO - Maximum log composite likelihood: -21.566080595.
2019-08-01 09:09:15,670 - INFO - Optimal value of theta: 52.6938143363.
2019-08-01 09:09:15,670 - INFO - Beginning optimization with guess, [0.67937154 0.19862137].
2019-08-01 09:09:16,236 - INFO - Finished optimization with guess, [0.67937154 0.19862137].
2019-08-01 09:09:16,236 - INFO - Best fit parameters: [1.00000000e-04 2.56791927e-06].
2019-08-01 09:09:16,243 - INFO - Maximum log composite likelihood: -21.5660807487.
2019-08-01 09:09:16,244 - INFO - Optimal value of theta: 52.6923394519.
2019-08-01 09:09:16,244 - INFO - Beginning optimization with guess, [0.72812348 0.0744058 ].
2019-08-01 09:09:16,859 - INFO - Finished optimization with guess, [0.72812348 0.0744058 ].
2019-08-01 09:09:16,859 - INFO - Best fit parameters: [1.0000000e-04 2.5679293e-06].
2019-08-01 09:09:16,866 - INFO - Maximum log composite likelihood: -21.5660807463.
2019-08-01 09:09:16,866 - INFO - Optimal value of theta: 52.6923506847.
2019-08-01 09:09:16,867 - INFO - Beginning optimization with guess, [0.37515956 0.1041043 ].
2019-08-01 09:09:17,570 - INFO - Finished optimization with guess, [0.37515956 0.1041043 ].
2019-08-01 09:09:17,571 - INFO - Best fit parameters: [5.49458258e-04 1.41203843e-05].
2019-08-01 09:09:17,578 - INFO - Maximum log composite likelihood: -21.5661658374.
2019-08-01 09:09:17,578 - INFO - Optimal value of theta: 52.6931240507.
2019-08-01 09:09:17,578 - INFO - Beginning optimization with guess, [0.47630844 0.15350835].
2019-08-01 09:09:18,121 - INFO - Finished optimization with guess, [0.47630844 0.15350835].
2019-08-01 09:09:18,121 - INFO - Best fit parameters: [1.00000000e-04 2.56793292e-06].
2019-08-01 09:09:18,128 - INFO - Maximum log composite likelihood: -21.5660807454.
2019-08-01 09:09:18,129 - INFO - Optimal value of theta: 52.692354739.
2019-08-01 09:09:18,129 - INFO - Beginning optimization with guess, [0.81303697 0.07935245].
2019-08-01 09:09:18,726 - INFO - Finished optimization with guess, [0.81303697 0.07935245].
2019-08-01 09:09:18,727 - INFO - Best fit parameters: [1.00000000e-04 2.56933396e-06].
2019-08-01 09:09:18,734 - INFO - Maximum log composite likelihood: -21.5660805965.
2019-08-01 09:09:18,734 - INFO - Optimal value of theta: 52.6939241571.
2019-08-01 09:09:18,734 - INFO - Beginning optimization with guess, [0.27892891 0.05239657].
2019-08-01 09:09:19,140 - INFO - Finished optimization with guess, [0.27892891 0.05239657].
2019-08-01 09:09:19,140 - INFO - Best fit parameters: [1.00000000e-04 2.56789823e-06].
2019-08-01 09:09:19,147 - INFO - Maximum log composite likelihood: -21.5660807537.
2019-08-01 09:09:19,147 - INFO - Optimal value of theta: 52.6923158779.
2019-08-01 09:09:19,148 - INFO - Beginning optimization with guess, [0.34883373 0.05896554].
2019-08-01 09:09:19,913 - INFO - Finished optimization with guess, [0.34883373 0.05896554].
2019-08-01 09:09:19,913 - INFO - Best fit parameters: [1.00000000e-04 2.56855821e-06].
2019-08-01 09:09:19,920 - INFO - Maximum log composite likelihood: -21.5660806337.
2019-08-01 09:09:19,921 - INFO - Optimal value of theta: 52.6930551983.
2019-08-01 09:09:19,921 - INFO - Beginning optimization with guess, [0.28329047 0.17159253].
2019-08-01 09:09:20,474 - INFO - Finished optimization with guess, [0.28329047 0.17159253].
2019-08-01 09:09:20,474 - INFO - Best fit parameters: [1.00000000e-04 2.56791887e-06].
2019-08-01 09:09:20,481 - INFO - Maximum log composite likelihood: -21.5660807488.
2019-08-01 09:09:20,481 - INFO - Optimal value of theta: 52.6923389987.
2019-08-01 09:09:20,481 - INFO - Beginning optimization with guess, [0.61646525 0.0731576 ].
2019-08-01 09:09:20,969 - INFO - Finished optimization with guess, [0.61646525 0.0731576 ].
2019-08-01 09:09:20,969 - INFO - Best fit parameters: [1.00000000e-04 2.56791402e-06].
2019-08-01 09:09:20,976 - INFO - Maximum log composite likelihood: -21.5660807499.
2019-08-01 09:09:20,976 - INFO - Optimal value of theta: 52.6923335622.
2019-08-01 09:09:20,977 - INFO - Beginning optimization with guess, [0.31329995 0.14145027].
2019-08-01 09:09:21,541 - INFO - Finished optimization with guess, [0.31329995 0.14145027].
2019-08-01 09:09:21,541 - INFO - Best fit parameters: [1.00000000e-04 2.56791558e-06].
2019-08-01 09:09:21,549 - INFO - Maximum log composite likelihood: -21.5660807496.
2019-08-01 09:09:21,549 - INFO - Optimal value of theta: 52.6923353082.
2019-08-01 09:09:21,549 - INFO - Beginning optimization with guess, [0.28980169 0.13564359].
2019-08-01 09:09:22,217 - INFO - Finished optimization with guess, [0.28980169 0.13564359].
2019-08-01 09:09:22,217 - INFO - Best fit parameters: [1.00000000e-04 2.56899285e-06].
2019-08-01 09:09:22,224 - INFO - Maximum log composite likelihood: -21.566080599.
2019-08-01 09:09:22,225 - INFO - Optimal value of theta: 52.6935420645.
2019-08-01 09:09:22,225 - INFO - Beginning optimization with guess, [0.40529549 0.06558037].
2019-08-01 09:09:22,699 - INFO - Finished optimization with guess, [0.40529549 0.06558037].
2019-08-01 09:09:22,699 - INFO - Best fit parameters: [1.00000000e-04 2.56792077e-06].
2019-08-01 09:09:22,706 - INFO - Maximum log composite likelihood: -21.5660807483.
2019-08-01 09:09:22,707 - INFO - Optimal value of theta: 52.6923411313.
2019-08-01 09:09:22,707 - INFO - Beginning optimization with guess, [0.82539546 0.06648353].
2019-08-01 09:09:23,244 - INFO - Finished optimization with guess, [0.82539546 0.06648353].
2019-08-01 09:09:23,244 - INFO - Best fit parameters: [1.00000000e-04 2.56791944e-06].
2019-08-01 09:09:23,251 - INFO - Maximum log composite likelihood: -21.5660807486.
2019-08-01 09:09:23,251 - INFO - Optimal value of theta: 52.6923396381.
2019-08-01 09:09:23,251 - INFO - Beginning optimization with guess, [0.30604329 0.08813311].
2019-08-01 09:09:23,722 - INFO - Finished optimization with guess, [0.30604329 0.08813311].
2019-08-01 09:09:23,724 - INFO - Best fit parameters: [1.00000000e-04 2.56791931e-06].
2019-08-01 09:09:23,731 - INFO - Maximum log composite likelihood: -21.5660807487.
2019-08-01 09:09:23,731 - INFO - Optimal value of theta: 52.692339492.
2019-08-01 09:09:23,731 - INFO - Beginning optimization with guess, [0.33073316 0.1750871 ].
2019-08-01 09:09:24,260 - INFO - Finished optimization with guess, [0.33073316 0.1750871 ].
2019-08-01 09:09:24,260 - INFO - Best fit parameters: [1.00000000e-04 2.56787972e-06].
2019-08-01 09:09:24,267 - INFO - Maximum log composite likelihood: -21.5660807583.
2019-08-01 09:09:24,268 - INFO - Optimal value of theta: 52.6922951427.
2019-08-01 09:09:24,268 - INFO - Beginning optimization with guess, [0.56805049 0.16753229].
2019-08-01 09:09:24,870 - INFO - Finished optimization with guess, [0.56805049 0.16753229].
2019-08-01 09:09:24,870 - INFO - Best fit parameters: [1.00000000e-04 2.56926111e-06].
2019-08-01 09:09:24,878 - INFO - Maximum log composite likelihood: -21.5660805952.
2019-08-01 09:09:24,878 - INFO - Optimal value of theta: 52.6938425624.
2019-08-01 09:09:24,878 - INFO - Beginning optimization with guess, [0.45680465 0.08565174].
2019-08-01 09:09:25,369 - INFO - Finished optimization with guess, [0.45680465 0.08565174].
2019-08-01 09:09:25,370 - INFO - Best fit parameters: [1.00000000e-04 2.56791901e-06].
2019-08-01 09:09:25,377 - INFO - Maximum log composite likelihood: -21.5660807487.
2019-08-01 09:09:25,377 - INFO - Optimal value of theta: 52.6923391513.
2019-08-01 09:09:25,377 - INFO - Beginning optimization with guess, [0.46757969 0.10567985].
2019-08-01 09:09:25,933 - INFO - Finished optimization with guess, [0.46757969 0.10567985].
2019-08-01 09:09:25,934 - INFO - Best fit parameters: [1.0000000e-04 2.5679179e-06].
2019-08-01 09:09:25,941 - INFO - Maximum log composite likelihood: -21.566080749.
2019-08-01 09:09:25,941 - INFO - Optimal value of theta: 52.6923379171.
2019-08-01 09:09:25,941 - INFO - Beginning optimization with guess, [0.56638485 0.11076306].
2019-08-01 09:09:26,399 - INFO - Finished optimization with guess, [0.56638485 0.11076306].
2019-08-01 09:09:26,399 - INFO - Best fit parameters: [1.00000000e-04 2.56792033e-06].
2019-08-01 09:09:26,406 - INFO - Maximum log composite likelihood: -21.5660807484.
2019-08-01 09:09:26,407 - INFO - Optimal value of theta: 52.6923406357.
2019-08-01 09:09:26,407 - INFO - Beginning optimization with guess, [0.3477589  0.14474099].
2019-08-01 09:09:26,954 - INFO - Finished optimization with guess, [0.3477589  0.14474099].
2019-08-01 09:09:26,955 - INFO - Best fit parameters: [1.00000000e-04 2.56791885e-06].
2019-08-01 09:09:26,962 - INFO - Maximum log composite likelihood: -21.5660807488.
2019-08-01 09:09:26,962 - INFO - Optimal value of theta: 52.6923389806.
2019-08-01 09:09:26,963 - INFO - Beginning optimization with guess, [0.58288562 0.13810086].
2019-08-01 09:09:27,682 - INFO - Finished optimization with guess, [0.58288562 0.13810086].
2019-08-01 09:09:27,683 - INFO - Best fit parameters: [1.0000000e-04 2.5680903e-06].
2019-08-01 09:09:27,690 - INFO - Maximum log composite likelihood: -21.5660807104.
2019-08-01 09:09:27,690 - INFO - Optimal value of theta: 52.6925310396.
2019-08-01 09:09:27,690 - INFO - Beginning optimization with guess, [0.3509539  0.17453487].
2019-08-01 09:09:28,251 - INFO - Finished optimization with guess, [0.3509539  0.17453487].
2019-08-01 09:09:28,251 - INFO - Best fit parameters: [1.00000000e-04 2.56920285e-06].
2019-08-01 09:09:28,259 - INFO - Maximum log composite likelihood: -21.5660805949.
2019-08-01 09:09:28,259 - INFO - Optimal value of theta: 52.6937772993.
2019-08-01 09:09:28,259 - INFO - Beginning optimization with guess, [0.65179619 0.07683911].
2019-08-01 09:09:29,546 - INFO - Finished optimization with guess, [0.65179619 0.07683911].
2019-08-01 09:09:29,546 - INFO - Best fit parameters: [1.00000000e-04 2.56887917e-06].
2019-08-01 09:09:29,553 - INFO - Maximum log composite likelihood: -21.5660806047.
2019-08-01 09:09:29,553 - INFO - Optimal value of theta: 52.6934147259.
2019-08-01 09:09:29,554 - INFO - Beginning optimization with guess, [0.32290688 0.13110359].
2019-08-01 09:09:30,857 - INFO - Finished optimization with guess, [0.32290688 0.13110359].
2019-08-01 09:09:30,858 - INFO - Best fit parameters: [1.00000000e-04 2.56844896e-06].
2019-08-01 09:09:30,865 - INFO - Maximum log composite likelihood: -21.566080648.
2019-08-01 09:09:30,865 - INFO - Optimal value of theta: 52.6929328176.
2019-08-01 09:09:30,866 - INFO - Beginning optimization with guess, [0.49193805 0.11936372].
2019-08-01 09:09:31,456 - INFO - Finished optimization with guess, [0.49193805 0.11936372].
2019-08-01 09:09:31,457 - INFO - Best fit parameters: [1.00000000e-04 2.56791735e-06].
2019-08-01 09:09:31,464 - INFO - Maximum log composite likelihood: -21.5660807491.
2019-08-01 09:09:31,464 - INFO - Optimal value of theta: 52.6923372949.
2019-08-01 09:09:31,465 - INFO - Beginning optimization with guess, [0.42499355 0.12820801].
2019-08-01 09:09:32,033 - INFO - Finished optimization with guess, [0.42499355 0.12820801].
2019-08-01 09:09:32,033 - INFO - Best fit parameters: [1.00000000e-04 2.56917223e-06].
2019-08-01 09:09:32,040 - INFO - Maximum log composite likelihood: -21.566080595.
2019-08-01 09:09:32,041 - INFO - Optimal value of theta: 52.6937429998.
2019-08-01 09:09:32,041 - INFO - Beginning optimization with guess, [0.53825399 0.18627851].
2019-08-01 09:09:32,618 - INFO - Finished optimization with guess, [0.53825399 0.18627851].
2019-08-01 09:09:32,618 - INFO - Best fit parameters: [1.00000000e-04 2.56791386e-06].
2019-08-01 09:09:32,625 - INFO - Maximum log composite likelihood: -21.56608075.
2019-08-01 09:09:32,626 - INFO - Optimal value of theta: 52.6923333832.
2019-08-01 09:09:32,626 - INFO - Beginning optimization with guess, [0.77998902 0.14670117].
2019-08-01 09:09:33,174 - INFO - Finished optimization with guess, [0.77998902 0.14670117].
2019-08-01 09:09:33,175 - INFO - Best fit parameters: [1.00000000e-04 2.56791905e-06].
2019-08-01 09:09:33,182 - INFO - Maximum log composite likelihood: -21.5660807487.
2019-08-01 09:09:33,182 - INFO - Optimal value of theta: 52.6923392014.
2019-08-01 09:09:33,182 - INFO - Beginning optimization with guess, [0.66037361 0.13237673].
2019-08-01 09:09:33,838 - INFO - Finished optimization with guess, [0.66037361 0.13237673].
2019-08-01 09:09:33,839 - INFO - Best fit parameters: [1.00000000e-04 2.56800299e-06].
2019-08-01 09:09:33,847 - INFO - Maximum log composite likelihood: -21.5660807293.
2019-08-01 09:09:33,847 - INFO - Optimal value of theta: 52.6924332285.
2019-08-01 09:09:33,847 - INFO - Beginning optimization with guess, [0.43120732 0.05861749].
2019-08-01 09:09:34,625 - INFO - Finished optimization with guess, [0.43120732 0.05861749].
2019-08-01 09:09:34,625 - INFO - Best fit parameters: [1.00000000e-04 2.56827192e-06].
2019-08-01 09:09:34,632 - INFO - Maximum log composite likelihood: -21.5660806758.
2019-08-01 09:09:34,633 - INFO - Optimal value of theta: 52.6927344974.
2019-08-01 09:09:34,633 - INFO - Beginning optimization with guess, [0.62595101 0.09988804].
2019-08-01 09:09:35,135 - INFO - Finished optimization with guess, [0.62595101 0.09988804].
2019-08-01 09:09:35,136 - INFO - Best fit parameters: [1.00000000e-04 2.56791904e-06].
2019-08-01 09:09:35,143 - INFO - Maximum log composite likelihood: -21.5660807487.
2019-08-01 09:09:35,143 - INFO - Optimal value of theta: 52.6923391934.
2019-08-01 09:09:35,144 - INFO - Beginning optimization with guess, [0.27192645 0.05844687].
2019-08-01 09:09:35,654 - INFO - Finished optimization with guess, [0.27192645 0.05844687].
2019-08-01 09:09:35,654 - INFO - Best fit parameters: [1.0000000e-04 2.5692958e-06].
2019-08-01 09:09:35,661 - INFO - Maximum log composite likelihood: -21.5660805957.
2019-08-01 09:09:35,662 - INFO - Optimal value of theta: 52.6938814111.
2019-08-01 09:09:35,662 - INFO - Beginning optimization with guess, [0.38101351 0.09796291].
2019-08-01 09:09:37,024 - INFO - Finished optimization with guess, [0.38101351 0.09796291].
2019-08-01 09:09:37,025 - INFO - Best fit parameters: [1.00000000e-04 2.56865878e-06].
2019-08-01 09:09:37,032 - INFO - Maximum log composite likelihood: -21.5660806226.
2019-08-01 09:09:37,032 - INFO - Optimal value of theta: 52.6931678577.
2019-08-01 09:09:37,032 - INFO - Beginning optimization with guess, [0.26719196 0.10768914].
2019-08-01 09:09:37,507 - INFO - Finished optimization with guess, [0.26719196 0.10768914].
2019-08-01 09:09:37,507 - INFO - Best fit parameters: [1.00000000e-04 2.56791981e-06].
2019-08-01 09:09:37,514 - INFO - Maximum log composite likelihood: -21.5660807485.
2019-08-01 09:09:37,514 - INFO - Optimal value of theta: 52.6923400523.
2019-08-01 09:09:37,515 - INFO - Beginning optimization with guess, [0.33441743 0.17608761].
2019-08-01 09:09:38,154 - INFO - Finished optimization with guess, [0.33441743 0.17608761].
2019-08-01 09:09:38,154 - INFO - Best fit parameters: [1.00000000e-04 2.56791012e-06].
2019-08-01 09:09:38,161 - INFO - Maximum log composite likelihood: -21.5660807509.
2019-08-01 09:09:38,161 - INFO - Optimal value of theta: 52.6923291935.
2019-08-01 09:09:38,162 - INFO - Beginning optimization with guess, [0.26410463 0.18750171].
2019-08-01 09:09:38,956 - INFO - Finished optimization with guess, [0.26410463 0.18750171].
2019-08-01 09:09:38,956 - INFO - Best fit parameters: [1.11677578e-03 2.85971116e-05].
2019-08-01 09:09:38,963 - INFO - Maximum log composite likelihood: -21.5662835145.
2019-08-01 09:09:38,963 - INFO - Optimal value of theta: 52.6810667686.
2019-08-01 09:09:38,964 - INFO - Beginning optimization with guess, [0.52264636 0.12555834].
2019-08-01 09:09:40,059 - INFO - Finished optimization with guess, [0.52264636 0.12555834].
2019-08-01 09:09:40,059 - INFO - Best fit parameters: [1.0000000e-04 2.5680486e-06].
2019-08-01 09:09:40,066 - INFO - Maximum log composite likelihood: -21.5660807192.
2019-08-01 09:09:40,067 - INFO - Optimal value of theta: 52.6924843274.
2019-08-01 09:09:40,067 - INFO - Beginning optimization with guess, [0.35949232 0.15951783].
2019-08-01 09:09:40,640 - INFO - Finished optimization with guess, [0.35949232 0.15951783].
2019-08-01 09:09:40,640 - INFO - Best fit parameters: [1.000000e-04 2.569203e-06].
2019-08-01 09:09:40,647 - INFO - Maximum log composite likelihood: -21.5660805949.
2019-08-01 09:09:40,647 - INFO - Optimal value of theta: 52.6937774652.
2019-08-01 09:09:40,648 - INFO - Beginning optimization with guess, [0.46232631 0.1285825 ].
2019-08-01 09:09:41,172 - INFO - Finished optimization with guess, [0.46232631 0.1285825 ].
2019-08-01 09:09:41,172 - INFO - Best fit parameters: [1.00000000e-04 2.56791888e-06].
2019-08-01 09:09:41,180 - INFO - Maximum log composite likelihood: -21.5660807488.
2019-08-01 09:09:41,180 - INFO - Optimal value of theta: 52.6923390149.
2019-08-01 09:09:41,180 - INFO - Beginning optimization with guess, [0.25785458 0.19652916].
2019-08-01 09:09:42,140 - INFO - Finished optimization with guess, [0.25785458 0.19652916].
2019-08-01 09:09:42,140 - INFO - Best fit parameters: [1.32584103e-03 3.39296998e-05].
2019-08-01 09:09:42,148 - INFO - Maximum log composite likelihood: -21.5663273626.
2019-08-01 09:09:42,148 - INFO - Optimal value of theta: 52.6786499236.
2019-08-01 09:09:42,148 - INFO - Beginning optimization with guess, [0.48908771 0.077262  ].
2019-08-01 09:09:42,688 - INFO - Finished optimization with guess, [0.48908771 0.077262  ].
2019-08-01 09:09:42,688 - INFO - Best fit parameters: [1.00000000e-04 2.56792169e-06].
2019-08-01 09:09:42,695 - INFO - Maximum log composite likelihood: -21.5660807481.
2019-08-01 09:09:42,696 - INFO - Optimal value of theta: 52.6923421618.
2019-08-01 09:09:42,696 - INFO - Beginning optimization with guess, [0.96737429 0.14617545].
2019-08-01 09:09:43,459 - INFO - Finished optimization with guess, [0.96737429 0.14617545].
2019-08-01 09:09:43,459 - INFO - Best fit parameters: [1.00000000e-04 2.56812514e-06].
2019-08-01 09:09:43,466 - INFO - Maximum log composite likelihood: -21.5660807033.
2019-08-01 09:09:43,467 - INFO - Optimal value of theta: 52.6925700708.
2019-08-01 09:09:43,467 - INFO - Beginning optimization with guess, [0.25531728 0.17064886].
2019-08-01 09:09:44,775 - INFO - Finished optimization with guess, [0.25531728 0.17064886].
2019-08-01 09:09:44,775 - INFO - Best fit parameters: [1.00000000e-04 2.56800446e-06].
2019-08-01 09:09:44,782 - INFO - Maximum log composite likelihood: -21.5660807289.
2019-08-01 09:09:44,782 - INFO - Optimal value of theta: 52.6924348763.
2019-08-01 09:09:44,783 - INFO - Beginning optimization with guess, [0.26867297 0.05565958].
2019-08-01 09:09:45,513 - INFO - Finished optimization with guess, [0.26867297 0.05565958].
2019-08-01 09:09:45,513 - INFO - Best fit parameters: [1.31968452e-03 3.38002111e-05].
2019-08-01 09:09:45,520 - INFO - Maximum log composite likelihood: -21.5663217149.
2019-08-01 09:09:45,521 - INFO - Optimal value of theta: 52.6810495005.
2019-08-01 09:09:45,521 - INFO - Beginning optimization with guess, [0.64448234 0.18887329].
2019-08-01 09:09:46,458 - INFO - Finished optimization with guess, [0.64448234 0.18887329].
2019-08-01 09:09:46,458 - INFO - Best fit parameters: [1.16958901e-03 3.00501578e-05].
2019-08-01 09:09:46,465 - INFO - Maximum log composite likelihood: -21.5662839008.
2019-08-01 09:09:46,466 - INFO - Optimal value of theta: 52.6905349085.
2019-08-01 09:09:46,466 - INFO - Beginning optimization with guess, [0.37022677 0.07878586].
2019-08-01 09:09:47,178 - INFO - Finished optimization with guess, [0.37022677 0.07878586].
2019-08-01 09:09:47,178 - INFO - Best fit parameters: [1.00000000e-04 2.56822311e-06].
2019-08-01 09:09:47,185 - INFO - Maximum log composite likelihood: -21.5660806845.
2019-08-01 09:09:47,186 - INFO - Optimal value of theta: 52.6926798224.
2019-08-01 09:09:47,186 - INFO - Beginning optimization with guess, [0.86227408 0.05635502].
2019-08-01 09:09:47,814 - INFO - Finished optimization with guess, [0.86227408 0.05635502].
2019-08-01 09:09:47,814 - INFO - Best fit parameters: [1.00000000e-04 2.56802033e-06].
2019-08-01 09:09:47,821 - INFO - Maximum log composite likelihood: -21.5660807254.
2019-08-01 09:09:47,822 - INFO - Optimal value of theta: 52.6924526574.
2019-08-01 09:09:47,822 - INFO - Beginning optimization with guess, [0.41107636 0.15637529].
2019-08-01 09:09:48,324 - INFO - Finished optimization with guess, [0.41107636 0.15637529].
2019-08-01 09:09:48,325 - INFO - Best fit parameters: [1.00000000e-04 2.56790796e-06].
2019-08-01 09:09:48,332 - INFO - Maximum log composite likelihood: -21.5660807514.
2019-08-01 09:09:48,332 - INFO - Optimal value of theta: 52.6923267732.
2019-08-01 09:09:48,332 - INFO - Beginning optimization with guess, [0.52557567 0.19002626].
2019-08-01 09:09:48,839 - INFO - Finished optimization with guess, [0.52557567 0.19002626].
2019-08-01 09:09:48,839 - INFO - Best fit parameters: [1.00000000e-04 2.56791892e-06].
2019-08-01 09:09:48,846 - INFO - Maximum log composite likelihood: -21.5660807488.
2019-08-01 09:09:48,846 - INFO - Optimal value of theta: 52.6923390494.
2019-08-01 09:09:48,847 - INFO - Beginning optimization with guess, [0.45692011 0.11633702].
2019-08-01 09:09:49,388 - INFO - Finished optimization with guess, [0.45692011 0.11633702].
2019-08-01 09:09:49,388 - INFO - Best fit parameters: [1.0000000e-04 2.5679178e-06].
2019-08-01 09:09:49,395 - INFO - Maximum log composite likelihood: -21.566080749.
2019-08-01 09:09:49,395 - INFO - Optimal value of theta: 52.6923378031.
2019-08-01 09:09:49,396 - INFO - Beginning optimization with guess, [0.28693088 0.14225855].
2019-08-01 09:09:49,921 - INFO - Finished optimization with guess, [0.28693088 0.14225855].
2019-08-01 09:09:49,922 - INFO - Best fit parameters: [1.00000000e-04 2.56911411e-06].
2019-08-01 09:09:49,929 - INFO - Maximum log composite likelihood: -21.5660805957.
2019-08-01 09:09:49,929 - INFO - Optimal value of theta: 52.6936778995.
2019-08-01 09:09:49,929 - INFO - Beginning optimization with guess, [0.84566973 0.06525682].
2019-08-01 09:09:50,849 - INFO - Finished optimization with guess, [0.84566973 0.06525682].
2019-08-01 09:09:50,850 - INFO - Best fit parameters: [9.14328526e-04 2.34962400e-05].
2019-08-01 09:09:50,857 - INFO - Maximum log composite likelihood: -21.5662351718.
2019-08-01 09:09:50,857 - INFO - Optimal value of theta: 52.6918795853.
2019-08-01 09:09:50,857 - INFO - Beginning optimization with guess, [0.31285887 0.07637083].
2019-08-01 09:09:51,336 - INFO - Finished optimization with guess, [0.31285887 0.07637083].
2019-08-01 09:09:51,336 - INFO - Best fit parameters: [1.00000000e-04 2.56793751e-06].
2019-08-01 09:09:51,343 - INFO - Maximum log composite likelihood: -21.5660807443.
2019-08-01 09:09:51,343 - INFO - Optimal value of theta: 52.692359883.
2019-08-01 09:09:51,344 - INFO - Beginning optimization with guess, [0.81564662 0.16898039].
2019-08-01 09:09:51,927 - INFO - Finished optimization with guess, [0.81564662 0.16898039].
2019-08-01 09:09:51,927 - INFO - Best fit parameters: [1.00000000e-04 2.56790593e-06].
2019-08-01 09:09:51,934 - INFO - Maximum log composite likelihood: -21.5660807519.
2019-08-01 09:09:51,934 - INFO - Optimal value of theta: 52.6923244994.
2019-08-01 09:09:51,935 - INFO - Beginning optimization with guess, [0.73887131 0.08878913].
2019-08-01 09:09:52,717 - INFO - Finished optimization with guess, [0.73887131 0.08878913].
2019-08-01 09:09:52,719 - INFO - Best fit parameters: [5.95059269e-04 1.52903627e-05].
2019-08-01 09:09:52,725 - INFO - Maximum log composite likelihood: -21.5661745157.
2019-08-01 09:09:52,725 - INFO - Optimal value of theta: 52.6926221877.
2019-08-01 09:09:52,726 - INFO - Beginning optimization with guess, [0.2725387  0.09783573].
2019-08-01 09:09:53,802 - INFO - Finished optimization with guess, [0.2725387  0.09783573].
2019-08-01 09:09:53,803 - INFO - Best fit parameters: [1.00000000e-04 2.56902958e-06].
2019-08-01 09:09:53,810 - INFO - Maximum log composite likelihood: -21.5660805977.
2019-08-01 09:09:53,810 - INFO - Optimal value of theta: 52.6935832164.
2019-08-01 09:09:53,810 - INFO - Beginning optimization with guess, [0.48230134 0.08084555].
2019-08-01 09:09:54,592 - INFO - Finished optimization with guess, [0.48230134 0.08084555].
2019-08-01 09:09:54,592 - INFO - Best fit parameters: [4.58937134e-04 1.17923632e-05].
2019-08-01 09:09:54,599 - INFO - Maximum log composite likelihood: -21.5661486724.
2019-08-01 09:09:54,600 - INFO - Optimal value of theta: 52.6929819148.
2019-08-01 09:09:54,600 - INFO - Beginning optimization with guess, [0.71183137 0.10426614].
2019-08-01 09:09:55,113 - INFO - Finished optimization with guess, [0.71183137 0.10426614].
2019-08-01 09:09:55,113 - INFO - Best fit parameters: [1.00000000e-04 2.56791632e-06].
2019-08-01 09:09:55,120 - INFO - Maximum log composite likelihood: -21.5660807494.
2019-08-01 09:09:55,120 - INFO - Optimal value of theta: 52.6923361377.
2019-08-01 09:09:55,121 - INFO - Beginning optimization with guess, [0.86133057 0.19169995].
2019-08-01 09:09:55,703 - INFO - Finished optimization with guess, [0.86133057 0.19169995].
2019-08-01 09:09:55,703 - INFO - Best fit parameters: [1.00000000e-04 2.56789739e-06].
2019-08-01 09:09:55,710 - INFO - Maximum log composite likelihood: -21.566080754.
2019-08-01 09:09:55,711 - INFO - Optimal value of theta: 52.6923149407.
2019-08-01 09:09:55,711 - INFO - Beginning optimization with guess, [0.44055947 0.0720094 ].
2019-08-01 09:09:56,473 - INFO - Finished optimization with guess, [0.44055947 0.0720094 ].
2019-08-01 09:09:56,473 - INFO - Best fit parameters: [1.23538138e-03 3.16000255e-05].
2019-08-01 09:09:56,480 - INFO - Maximum log composite likelihood: -21.5663126352.
2019-08-01 09:09:56,481 - INFO - Optimal value of theta: 52.677597798.
2019-08-01 09:09:56,481 - INFO - Beginning optimization with guess, [0.83262998 0.14280655].
2019-08-01 09:09:57,126 - INFO - Finished optimization with guess, [0.83262998 0.14280655].
2019-08-01 09:09:57,126 - INFO - Best fit parameters: [1.00000000e-04 2.56815048e-06].
2019-08-01 09:09:57,133 - INFO - Maximum log composite likelihood: -21.5660806983.
2019-08-01 09:09:57,134 - INFO - Optimal value of theta: 52.6925984526.
2019-08-01 09:09:57,134 - INFO - Beginning optimization with guess, [0.37226696 0.10282507].
2019-08-01 09:09:57,984 - INFO - Finished optimization with guess, [0.37226696 0.10282507].
2019-08-01 09:09:57,984 - INFO - Best fit parameters: [5.83713837e-04 1.49971806e-05].
2019-08-01 09:09:57,991 - INFO - Maximum log composite likelihood: -21.5661723954.
2019-08-01 09:09:57,991 - INFO - Optimal value of theta: 52.6923401899.
2019-08-01 09:09:57,991 - INFO - Beginning optimization with guess, [0.91275146 0.1157746 ].
2019-08-01 09:09:58,929 - INFO - Finished optimization with guess, [0.91275146 0.1157746 ].
2019-08-01 09:09:58,929 - INFO - Best fit parameters: [1.12493880e-04 2.88989541e-06].
2019-08-01 09:09:58,936 - INFO - Maximum log composite likelihood: -21.566082971.
2019-08-01 09:09:58,937 - INFO - Optimal value of theta: 52.6934389792.
2019-08-01 09:09:58,937 - INFO - Beginning optimization with guess, [0.44989878 0.14732593].
2019-08-01 09:09:59,479 - INFO - Finished optimization with guess, [0.44989878 0.14732593].
2019-08-01 09:09:59,479 - INFO - Best fit parameters: [1.00000000e-04 2.56791965e-06].
2019-08-01 09:09:59,486 - INFO - Maximum log composite likelihood: -21.5660807486.
2019-08-01 09:09:59,486 - INFO - Optimal value of theta: 52.6923398732.
2019-08-01 09:09:59,487 - INFO - Beginning optimization with guess, [0.92072382 0.05820814].
2019-08-01 09:10:00,082 - INFO - Finished optimization with guess, [0.92072382 0.05820814].
2019-08-01 09:10:00,082 - INFO - Best fit parameters: [1.04613995e-03 2.68679835e-05].
2019-08-01 09:10:00,089 - INFO - Maximum log composite likelihood: -21.5662607638.
2019-08-01 09:10:00,089 - INFO - Optimal value of theta: 52.6898074519.
2019-08-01 09:10:00,090 - INFO - Beginning optimization with guess, [0.92861042 0.09970924].
2019-08-01 09:10:01,003 - INFO - Finished optimization with guess, [0.92861042 0.09970924].
2019-08-01 09:10:01,004 - INFO - Best fit parameters: [1.00000000e-04 2.56795682e-06].
2019-08-01 09:10:01,011 - INFO - Maximum log composite likelihood: -21.5660807398.
2019-08-01 09:10:01,011 - INFO - Optimal value of theta: 52.6923815162.
2019-08-01 09:10:01,016 - INFO - Finished demographic inference.
2019-08-01 09:10:01,017 - INFO - Beginning DFE inference.
2019-08-01 09:10:01,828 - INFO - Beginning optimization with guess, [  0.17215929 146.0348057 ].
2019-08-01 09:10:07,088 - INFO - Finished optomization, results are [-21.19086105759397 array([9.46842656e-02, 3.64548899e+03])].
2019-08-01 09:10:07,089 - INFO - Beginning optimization with guess, [1.32886760e-01 2.14141018e+02].
2019-08-01 09:10:10,199 - INFO - Finished optomization, results are [-21.189544212455342 array([9.42242188e-02, 3.79089090e+03])].
2019-08-01 09:10:10,199 - INFO - Beginning optimization with guess, [1.73780877e-01 1.91980974e+02].
2019-08-01 09:10:19,949 - INFO - Finished optomization, results are [-21.19041956732814 array([9.44215861e-02, 3.71424674e+03])].
2019-08-01 09:10:19,950 - INFO - Beginning optimization with guess, [  0.13759272 111.36284381].
2019-08-01 09:10:30,127 - INFO - Finished optomization, results are [-21.192248954532367 array([9.37242467e-02, 3.80357366e+03])].
2019-08-01 09:10:30,128 - INFO - Beginning optimization with guess, [6.42721721e-02 6.63119535e+01].
2019-08-01 09:10:37,678 - INFO - Finished optomization, results are [-21.18966988289974 array([9.4455251e-02, 3.7407454e+03])].
2019-08-01 09:10:37,679 - INFO - Beginning optimization with guess, [6.73130956e-02 8.41372378e+01].
2019-08-01 09:10:43,447 - INFO - Finished optomization, results are [-21.189265369151883 array([9.44466885e-02, 3.76329006e+03])].
2019-08-01 09:10:43,447 - INFO - Beginning optimization with guess, [  0.16279034 144.90187937].
2019-08-01 09:10:52,241 - INFO - Finished optomization, results are [-21.191184626746658 array([9.39027540e-02, 3.79573689e+03])].
2019-08-01 09:10:52,242 - INFO - Beginning optimization with guess, [1.44485920e-01 2.06574943e+02].
2019-08-01 09:10:58,107 - INFO - Finished optomization, results are [-21.18942682578463 array([9.44999311e-02, 3.74500241e+03])].
2019-08-01 09:10:58,108 - INFO - Beginning optimization with guess, [8.19336195e-02 1.94709431e+02].
2019-08-01 09:11:00,097 - INFO - Finished optomization, results are [-21.19218236573827 array([9.55941225e-02, 3.42958054e+03])].
2019-08-01 09:11:00,097 - INFO - Beginning optimization with guess, [4.64474741e-02 8.29536896e+01].
2019-08-01 09:11:05,852 - INFO - Finished optomization, results are [-21.193510187998648 array([9.35952469e-02, 3.79969724e+03])].
2019-08-01 09:11:05,853 - INFO - Beginning optimization with guess, [4.66118812e-02 2.06129570e+02].
2019-08-01 09:11:11,677 - INFO - Finished optomization, results are [-21.190961016122458 array([9.43514751e-02, 3.70789888e+03])].
2019-08-01 09:11:11,678 - INFO - Beginning optimization with guess, [6.57833705e-02 1.16643469e+02].
2019-08-01 09:11:15,875 - INFO - Finished optomization, results are [-21.1905752341072 array([9.40691729e-02, 3.78064074e+03])].
2019-08-01 09:11:15,876 - INFO - Beginning optimization with guess, [6.92659619e-02 8.11685807e+01].
2019-08-01 09:11:22,273 - INFO - Finished optomization, results are [-21.189917103351984 array([9.43642354e-02, 3.74665424e+03])].
2019-08-01 09:11:22,274 - INFO - Beginning optimization with guess, [ 0.11503423 65.68863182].
2019-08-01 09:11:23,898 - INFO - Finished optomization, results are [-21.190499369315813 array([9.43327636e-02, 3.72888146e+03])].
2019-08-01 09:11:23,898 - INFO - Beginning optimization with guess, [6.21123375e-02 1.23732942e+02].
2019-08-01 09:11:32,447 - INFO - Finished optomization, results are [-21.192190153017297 array([9.41686086e-02, 3.70663681e+03])].
2019-08-01 09:11:32,447 - INFO - Beginning optimization with guess, [1.30834558e-01 1.83341890e+02].
2019-08-01 09:11:41,839 - INFO - Finished optomization, results are [-21.19079661930262 array([9.41017533e-02, 3.76581302e+03])].
2019-08-01 09:11:41,840 - INFO - Beginning optimization with guess, [1.56472679e-01 2.34410851e+02].
2019-08-01 09:11:48,722 - INFO - Finished optomization, results are [-21.191211043141475 array([9.46739535e-02, 3.63427377e+03])].
2019-08-01 09:11:48,724 - INFO - Beginning optimization with guess, [9.33499642e-02 1.40641046e+02].
2019-08-01 09:11:54,070 - INFO - Finished optomization, results are [-21.18931925178949 array([9.42139637e-02, 3.80363610e+03])].
2019-08-01 09:11:54,070 - INFO - Beginning optimization with guess, [8.50942177e-02 2.28148001e+02].
2019-08-01 09:11:58,102 - INFO - Finished optomization, results are [-21.19018787281722 array([9.46462985e-02, 3.68091122e+03])].
2019-08-01 09:11:58,103 - INFO - Beginning optimization with guess, [1.32672660e-01 1.41705989e+02].
2019-08-01 09:12:04,018 - INFO - Finished optomization, results are [-21.190390718034045 array([9.40860851e-02, 3.78388361e+03])].
2019-08-01 09:12:04,019 - INFO - Beginning optimization with guess, [ 0.12901034 63.99339123].
2019-08-01 09:12:05,667 - INFO - Finished optomization, results are [-21.191801097879395 array([9.57840083e-02, 3.41405607e+03])].
2019-08-01 09:12:05,667 - INFO - Beginning optimization with guess, [ 0.12509004 66.58580461].
2019-08-01 09:12:10,490 - INFO - Finished optomization, results are [-21.189822558970782 array([9.41060165e-02, 3.80229392e+03])].
2019-08-01 09:12:10,491 - INFO - Beginning optimization with guess, [8.04101356e-02 1.51874044e+02].
2019-08-01 09:12:12,590 - INFO - Finished optomization, results are [-21.191272550446563 array([9.48497922e-02, 3.59809405e+03])].
2019-08-01 09:12:12,590 - INFO - Beginning optimization with guess, [1.77189404e-01 2.07789947e+02].
2019-08-01 09:12:14,660 - INFO - Finished optomization, results are [-21.191726070493612 array([9.50574816e-02, 3.54232558e+03])].
2019-08-01 09:12:14,660 - INFO - Beginning optimization with guess, [9.31817640e-02 1.84932743e+02].
2019-08-01 09:12:19,383 - INFO - Finished optomization, results are [-21.191570613989008 array([9.45551224e-02, 3.64531539e+03])].
2019-08-01 09:12:19,384 - INFO - Beginning optimization with guess, [ 0.158075  76.2622917].
2019-08-01 09:12:25,271 - INFO - Finished optomization, results are [-21.190163649746648 array([9.41395799e-02, 3.78148695e+03])].
2019-08-01 09:12:25,272 - INFO - Beginning optimization with guess, [6.21937474e-02 1.10932641e+02].
2019-08-01 09:12:30,403 - INFO - Finished optomization, results are [-21.19385822282286 array([9.37963915e-02, 3.74456748e+03])].
2019-08-01 09:12:30,404 - INFO - Beginning optimization with guess, [ 0.16660759 69.12342566].
2019-08-01 09:12:35,106 - INFO - Finished optomization, results are [-21.190167986785276 array([9.40637504e-02, 3.79708137e+03])].
2019-08-01 09:12:35,107 - INFO - Beginning optimization with guess, [5.61697817e-02 1.36946047e+02].
2019-08-01 09:12:41,501 - INFO - Finished optomization, results are [-21.18978121875693 array([9.41830038e-02, 3.78844928e+03])].
2019-08-01 09:12:41,501 - INFO - Beginning optimization with guess, [ 0.15845369 99.03986148].
2019-08-01 09:12:46,600 - INFO - Finished optomization, results are [-21.190937426860884 array([9.42587913e-02, 3.72786516e+03])].
2019-08-01 09:12:46,601 - INFO - Beginning optimization with guess, [9.82694155e-02 9.97890653e+01].
2019-08-01 09:12:48,697 - INFO - Finished optomization, results are [-21.191514109930218 array([9.48249993e-02, 3.59400204e+03])].
2019-08-01 09:12:48,697 - INFO - Beginning optimization with guess, [1.41737840e-01 1.92279288e+02].
2019-08-01 09:12:53,611 - INFO - Finished optomization, results are [-21.19020372886373 array([9.50516714e-02, 3.60922860e+03])].
2019-08-01 09:12:53,612 - INFO - Beginning optimization with guess, [  0.13108861 123.75087994].
2019-08-01 09:12:59,653 - INFO - Finished optomization, results are [-21.19227977979929 array([9.41781573e-02, 3.70193838e+03])].
2019-08-01 09:12:59,654 - INFO - Beginning optimization with guess, [6.37549647e-02 1.66733566e+02].
2019-08-01 09:13:04,902 - INFO - Finished optomization, results are [-21.19023120294407 array([9.46338344e-02, 3.68129007e+03])].
2019-08-01 09:13:04,902 - INFO - Beginning optimization with guess, [1.42311869e-01 1.59862488e+02].
2019-08-01 09:13:06,679 - INFO - Finished optomization, results are [-21.192376527496105 array([9.44522915e-02, 3.64095407e+03])].
2019-08-01 09:13:06,680 - INFO - Beginning optimization with guess, [1.19211288e-01 1.30867877e+02].
2019-08-01 09:13:14,829 - INFO - Finished optomization, results are [-21.190568603794933 array([9.40611773e-02, 3.78257699e+03])].
2019-08-01 09:13:14,830 - INFO - Beginning optimization with guess, [ 0.08956002 73.73988644].
2019-08-01 09:13:18,356 - INFO - Finished optomization, results are [-21.19042571697436 array([9.41998611e-02, 3.75886140e+03])].
2019-08-01 09:13:18,356 - INFO - Beginning optimization with guess, [7.25886712e-02 1.36568090e+02].
2019-08-01 09:13:20,398 - INFO - Finished optomization, results are [-21.18966200992413 array([9.42272767e-02, 3.78489794e+03])].
2019-08-01 09:13:20,399 - INFO - Beginning optimization with guess, [8.40521140e-02 1.74519599e+02].
2019-08-01 09:13:25,196 - INFO - Finished optomization, results are [-21.19051962831132 array([9.40129579e-02, 3.79461727e+03])].
2019-08-01 09:13:25,197 - INFO - Beginning optimization with guess, [8.52666889e-02 1.49699001e+02].
2019-08-01 09:13:31,537 - INFO - Finished optomization, results are [-21.191389944642875 array([9.39862902e-02, 3.77080458e+03])].
2019-08-01 09:13:31,538 - INFO - Beginning optimization with guess, [9.68788518e-02 1.94577704e+02].
2019-08-01 09:13:37,035 - INFO - Finished optomization, results are [-21.189667268843294 array([9.43889269e-02, 3.75334680e+03])].
2019-08-01 09:13:37,036 - INFO - Beginning optimization with guess, [5.13685509e-02 2.29177006e+02].
2019-08-01 09:13:41,504 - INFO - Finished optomization, results are [-21.189205411169368 array([9.45344572e-02, 3.75152108e+03])].
2019-08-01 09:13:41,506 - INFO - Beginning optimization with guess, [5.48712773e-02 6.86021245e+01].
2019-08-01 09:13:43,874 - INFO - Finished optomization, results are [-21.192466572396874 array([9.45837393e-02, 3.61110042e+03])].
2019-08-01 09:13:43,875 - INFO - Beginning optimization with guess, [1.00721976e-01 1.57045007e+02].
2019-08-01 09:13:54,396 - INFO - Finished optomization, results are [-21.189964287415435 array([9.43694772e-02, 3.74355798e+03])].
2019-08-01 09:13:54,397 - INFO - Beginning optimization with guess, [6.12184607e-02 1.03739601e+02].
2019-08-01 09:14:02,736 - INFO - Finished optomization, results are [-21.192899836117675 array([9.38272167e-02, 3.76221301e+03])].
2019-08-01 09:14:02,737 - INFO - Beginning optimization with guess, [ 0.08741952 63.86868416].
2019-08-01 09:14:08,897 - INFO - Finished optomization, results are [-21.190703123786154 array([9.51885997e-02, 3.56125755e+03])].
2019-08-01 09:14:08,898 - INFO - Beginning optimization with guess, [7.36284294e-02 1.69779956e+02].
2019-08-01 09:14:15,748 - INFO - Finished optomization, results are [-21.18974087572025 array([9.42806819e-02, 3.77083718e+03])].
2019-08-01 09:14:15,749 - INFO - Beginning optimization with guess, [7.33219998e-02 1.83048706e+02].
2019-08-01 09:14:21,337 - INFO - Finished optomization, results are [-21.191649136821347 array([9.50760394e-02, 3.54168460e+03])].
2019-08-01 09:14:21,338 - INFO - Beginning optimization with guess, [5.21059111e-02 9.90270477e+01].
2019-08-01 09:14:30,274 - INFO - Finished optomization, results are [-21.191029241112137 array([9.41884935e-02, 3.73936796e+03])].
2019-08-01 09:14:30,275 - INFO - Beginning optimization with guess, [6.38730818e-02 1.62645584e+02].
2019-08-01 09:14:35,404 - INFO - Finished optomization, results are [-21.19009199984288 array([9.44143396e-02, 3.72927164e+03])].
2019-08-01 09:14:35,404 - INFO - Beginning optimization with guess, [5.50385863e-02 1.49230452e+02].
2019-08-01 09:14:45,435 - INFO - Finished optomization, results are [-21.18955415132102 array([9.42850204e-02, 3.77860011e+03])].
2019-08-01 09:14:45,436 - INFO - Beginning optimization with guess, [1.22882055e-01 1.29351599e+02].
2019-08-01 09:14:56,444 - INFO - Finished optomization, results are [-21.19000364958971 array([9.41339192e-02, 3.78907801e+03])].
2019-08-01 09:14:56,446 - INFO - Beginning optimization with guess, [1.18761435e-01 1.48333506e+02].
2019-08-01 09:15:02,629 - INFO - Finished optomization, results are [-21.19123561244543 array([9.53808671e-02, 3.50448366e+03])].
2019-08-01 09:15:02,630 - INFO - Beginning optimization with guess, [1.06856549e-01 1.24571765e+02].
2019-08-01 09:15:08,229 - INFO - Finished optomization, results are [-21.18969005763158 array([9.48337126e-02, 3.67337463e+03])].
2019-08-01 09:15:08,230 - INFO - Beginning optimization with guess, [9.15108048e-02 1.87078186e+02].
2019-08-01 09:15:13,217 - INFO - Finished optomization, results are [-21.191438696999533 array([9.45198243e-02, 3.65692170e+03])].
2019-08-01 09:15:13,218 - INFO - Beginning optimization with guess, [1.17588146e-01 2.10242695e+02].
2019-08-01 09:15:19,626 - INFO - Finished optomization, results are [-21.189211313495335 array([9.45082346e-02, 3.75563345e+03])].
2019-08-01 09:15:19,627 - INFO - Beginning optimization with guess, [1.52585728e-01 2.13180567e+02].
2019-08-01 09:15:24,147 - INFO - Finished optomization, results are [-21.191191677268808 array([9.46650798e-02, 3.63671826e+03])].
2019-08-01 09:15:24,147 - INFO - Beginning optimization with guess, [ 0.13995901 86.66891279].
2019-08-01 09:15:29,633 - INFO - Finished optomization, results are [-21.193222535429765 array([9.38252141e-02, 3.75413305e+03])].
2019-08-01 09:15:29,634 - INFO - Beginning optimization with guess, [5.70561170e-02 7.41795531e+01].
2019-08-01 09:15:32,744 - INFO - Finished optomization, results are [-21.19125361875288 array([9.44456938e-02, 3.67833873e+03])].
2019-08-01 09:15:32,745 - INFO - Beginning optimization with guess, [ 0.12367265 69.04193892].
2019-08-01 09:15:43,820 - INFO - Finished optomization, results are [-21.191596750276396 array([9.43933197e-02, 3.67753413e+03])].
2019-08-01 09:15:43,821 - INFO - Beginning optimization with guess, [1.38529170e-01 1.97491202e+02].
2019-08-01 09:15:48,585 - INFO - Finished optomization, results are [-21.191325355079215 array([9.52651740e-02, 3.52034313e+03])].
2019-08-01 09:15:48,586 - INFO - Beginning optimization with guess, [1.35721411e-01 1.56680789e+02].
2019-08-01 09:15:53,185 - INFO - Finished optomization, results are [-21.19290163573687 array([9.44926502e-02, 3.61732617e+03])].
2019-08-01 09:15:53,185 - INFO - Beginning optimization with guess, [5.47913598e-02 1.05425478e+02].
2019-08-01 09:15:58,132 - INFO - Finished optomization, results are [-21.19300372435288 array([9.44539420e-02, 3.62257786e+03])].
2019-08-01 09:15:58,133 - INFO - Beginning optimization with guess, [1.07305428e-01 1.39502108e+02].
2019-08-01 09:16:06,404 - INFO - Finished optomization, results are [-21.190403090437044 array([9.40064043e-02, 3.80028190e+03])].
2019-08-01 09:16:06,404 - INFO - Beginning optimization with guess, [ 0.08391592 80.69415953].
2019-08-01 09:16:11,880 - INFO - Finished optomization, results are [-21.1929640906142 array([9.46750722e-02, 3.57790034e+03])].
2019-08-01 09:16:11,881 - INFO - Beginning optimization with guess, [  0.13901403 108.97211268].
2019-08-01 09:16:13,960 - INFO - Finished optomization, results are [-21.194108882882546 array([9.4038214e-02, 3.6838743e+03])].
2019-08-01 09:16:13,960 - INFO - Beginning optimization with guess, [5.86901149e-02 2.45021262e+02].
2019-08-01 09:16:17,327 - INFO - Finished optomization, results are [-21.191879927552627 array([9.50875344e-02, 3.53122365e+03])].
2019-08-01 09:16:17,327 - INFO - Beginning optimization with guess, [1.21345414e-01 1.25758846e+02].
2019-08-01 09:16:21,846 - INFO - Finished optomization, results are [-21.18989546354663 array([9.44640970e-02, 3.72842468e+03])].
2019-08-01 09:16:21,847 - INFO - Beginning optimization with guess, [7.41170932e-02 1.61270760e+02].
2019-08-01 09:16:27,532 - INFO - Finished optomization, results are [-21.189806763750013 array([9.43644318e-02, 3.75155839e+03])].
2019-08-01 09:16:27,533 - INFO - Beginning optimization with guess, [4.55145060e-02 6.76352999e+01].
2019-08-01 09:16:29,715 - INFO - Finished optomization, results are [-21.193547164697296 array([9.45945292e-02, 3.57845346e+03])].
2019-08-01 09:16:29,715 - INFO - Beginning optimization with guess, [6.98352075e-02 1.86625729e+02].
2019-08-01 09:16:31,618 - INFO - Finished optomization, results are [-21.190803915736765 array([9.45970964e-02, 3.66459525e+03])].
2019-08-01 09:16:31,618 - INFO - Beginning optimization with guess, [6.50132488e-02 1.04602529e+02].
2019-08-01 09:16:37,864 - INFO - Finished optomization, results are [-21.198116337779215 array([9.33453936e-02, 3.75896568e+03])].
2019-08-01 09:16:37,866 - INFO - Beginning optimization with guess, [1.14594312e-01 1.64415046e+02].
2019-08-01 09:16:46,654 - INFO - Finished optomization, results are [-21.19010164639965 array([9.44852376e-02, 3.71514770e+03])].
2019-08-01 09:16:46,655 - INFO - Beginning optimization with guess, [ 0.15865242 79.68754063].
2019-08-01 09:16:48,925 - INFO - Finished optomization, results are [-21.191175688208176 array([9.48126322e-02, 3.60881303e+03])].
2019-08-01 09:16:48,925 - INFO - Beginning optimization with guess, [ 0.17872082 81.97189219].
2019-08-01 09:16:50,341 - INFO - Finished optomization, results are [-21.189949500052432 array([9.51028967e-02, 3.61588092e+03])].
2019-08-01 09:16:50,341 - INFO - Beginning optimization with guess, [1.47122653e-01 1.53498280e+02].
2019-08-01 09:16:55,247 - INFO - Finished optomization, results are [-21.189861652877514 array([9.45742473e-02, 3.70943772e+03])].
2019-08-01 09:16:55,248 - INFO - Beginning optimization with guess, [5.52218270e-02 7.72812887e+01].
2019-08-01 09:17:02,193 - INFO - Finished optomization, results are [-21.190586555700072 array([9.45224218e-02, 3.68771781e+03])].
2019-08-01 09:17:02,194 - INFO - Beginning optimization with guess, [  0.14356696 142.32887052].
2019-08-01 09:17:06,851 - INFO - Finished optomization, results are [-21.191476835215454 array([9.40409037e-02, 3.75614271e+03])].
2019-08-01 09:17:06,851 - INFO - Beginning optimization with guess, [1.73446913e-01 2.09710506e+02].
2019-08-01 09:17:10,025 - INFO - Finished optomization, results are [-21.191406450308186 array([9.49079116e-02, 3.58209002e+03])].
2019-08-01 09:17:10,028 - INFO - Beginning optimization with guess, [6.6426184e-02 8.2194907e+01].
2019-08-01 09:17:15,964 - INFO - Finished optomization, results are [-21.189977584726066 array([9.47491991e-02, 3.67225017e+03])].
2019-08-01 09:17:15,965 - INFO - Beginning optimization with guess, [5.52915114e-02 2.45459130e+02].
2019-08-01 09:17:21,145 - INFO - Finished optomization, results are [-21.189992375024275 array([9.50059436e-02, 3.62827620e+03])].
2019-08-01 09:17:21,145 - INFO - Beginning optimization with guess, [ 0.17217488 71.38135715].
2019-08-01 09:17:22,577 - INFO - Finished optomization, results are [-21.190410966400734 array([9.58477199e-02, 3.50042736e+03])].
2019-08-01 09:17:22,578 - INFO - Beginning optimization with guess, [9.31701745e-02 2.00874426e+02].
2019-08-01 09:17:27,363 - INFO - Finished optomization, results are [-21.190724749103733 array([9.41406675e-02, 3.76014511e+03])].
2019-08-01 09:17:27,364 - INFO - Beginning optimization with guess, [8.54702084e-02 1.73445686e+02].
2019-08-01 09:17:30,104 - INFO - Finished optomization, results are [-21.192087919866736 array([9.44656992e-02, 3.64692898e+03])].
2019-08-01 09:17:30,104 - INFO - Beginning optimization with guess, [4.50862413e-02 1.97969583e+02].
2019-08-01 09:17:34,690 - INFO - Finished optomization, results are [-21.191243072994542 array([9.51536500e-02, 3.54334917e+03])].
2019-08-01 09:17:34,691 - INFO - Beginning optimization with guess, [  0.11296724 104.31967367].
2019-08-01 09:17:40,789 - INFO - Finished optomization, results are [-21.190463752842287 array([9.53461121e-02, 3.54891400e+03])].
2019-08-01 09:17:40,790 - INFO - Beginning optimization with guess, [8.47871445e-02 1.82591513e+02].
2019-08-01 09:17:42,762 - INFO - Finished optomization, results are [-21.191397966101402 array([9.48666972e-02, 3.59022106e+03])].
2019-08-01 09:17:42,763 - INFO - Beginning optimization with guess, [7.02984812e-02 8.16190282e+01].
2019-08-01 09:17:51,870 - INFO - Finished optomization, results are [-21.19121234700693 array([9.42867591e-02, 3.71250345e+03])].
2019-08-01 09:17:51,870 - INFO - Beginning optimization with guess, [1.34860533e-01 1.40469421e+02].
2019-08-01 09:17:57,134 - INFO - Finished optomization, results are [-21.19089602119116 array([9.42759613e-02, 3.72577521e+03])].
2019-08-01 09:17:57,135 - INFO - Beginning optimization with guess, [1.12047574e-01 1.57980018e+02].
2019-08-01 09:18:03,123 - INFO - Finished optomization, results are [-21.19115239287919 array([9.49408733e-02, 3.58561569e+03])].
2019-08-01 09:18:03,124 - INFO - Beginning optimization with guess, [5.69686493e-02 9.16642669e+01].
2019-08-01 09:18:08,770 - INFO - Finished optomization, results are [-21.191567062242076 array([9.39777501e-02, 3.76708093e+03])].
2019-08-01 09:18:08,772 - INFO - Beginning optimization with guess, [1.09238602e-01 1.41151604e+02].
2019-08-01 09:18:12,954 - INFO - Finished optomization, results are [-21.19247691614341 array([9.37192316e-02, 3.79832754e+03])].
2019-08-01 09:18:12,955 - INFO - Beginning optimization with guess, [6.59608028e-02 1.07167394e+02].
2019-08-01 09:18:20,104 - INFO - Finished optomization, results are [-21.18977529483601 array([9.41769831e-02, 3.78991586e+03])].
2019-08-01 09:18:20,105 - INFO - Beginning optimization with guess, [7.12993911e-02 1.22593653e+02].
2019-08-01 09:18:28,112 - INFO - Finished optomization, results are [-21.193000823702196 array([9.44913638e-02, 3.61481562e+03])].
2019-08-01 09:18:28,112 - INFO - Beginning optimization with guess, [1.00574607e-01 1.51717643e+02].
2019-08-01 09:18:32,510 - INFO - Finished optomization, results are [-21.189570568091803 array([9.42122285e-02, 3.79202780e+03])].
2019-08-01 09:18:32,511 - INFO - Beginning optimization with guess, [4.89219637e-02 1.75076628e+02].
2019-08-01 09:18:39,219 - INFO - Finished optomization, results are [-21.18910494570049 array([9.42782949e-02, 3.80254924e+03])].
2019-08-01 09:18:39,220 - INFO - Beginning optimization with guess, [5.06219780e-02 1.38074021e+02].
2019-08-01 09:18:41,094 - INFO - Finished optomization, results are [-21.192173004006786 array([9.46923181e-02, 3.59808136e+03])].
2019-08-01 09:18:41,095 - INFO - Beginning optimization with guess, [9.50569452e-02 1.92318823e+02].
2019-08-01 09:18:46,170 - INFO - Finished optomization, results are [-21.19118405797497 array([9.43316928e-02, 3.70414113e+03])].
2019-08-01 09:18:46,172 - INFO - Beginning optimization with guess, [5.10472062e-02 9.21037099e+01].
2019-08-01 09:18:50,838 - INFO - Finished optomization, results are [-21.192521690618598 array([9.43244273e-02, 3.66359159e+03])].
2019-08-01 09:18:50,839 - INFO - Beginning optimization with guess, [ 0.10092856 96.76728079].
2019-08-01 09:19:00,563 - INFO - Finished optomization, results are [-21.190577126605632 array([9.41021396e-02, 3.77360278e+03])].
2019-08-01 09:19:00,564 - INFO - Finished DFE inference.
2019-08-01 09:19:00,564 - INFO - Integrating expected site-frequency spectrum.
2019-08-01 09:19:00,581 - INFO - Outputing results.
2019-08-01 09:19:00,585 - INFO - Pipeline executed succesfully.
