2019-08-12 10:34:18,270 - INFO - Beginning execution of fitdadi_infer_DFE.py in directory /u/home/j/jonmah/lohmueller_lab/Scripts

2019-08-12 10:34:18,271 - INFO - Progress is being logged to ../Data/AW_array_length_20154/seed_5_fitdadi_output/log.log

2019-08-12 10:34:18,271 - INFO - Parsed the following arguments:
	breed = AW
	outprefix = ../Data/AW_array_length_20154/seed_5_fitdadi_output/
	nonsyn_input_sfs = ../Data/AW_array_length_20154/seed_5_easySFS_output_nonsyn/dadi/pop1.sfs
	syn_input_sfs = ../Data/AW_array_length_20154/seed_5_easySFS_output_syn/dadi/pop1.sfs

2019-08-12 10:34:18,273 - INFO - Beginning optimization with guess, [0.88278728 0.05822365].
2019-08-12 10:34:20,367 - INFO - Finished optimization with guess, [0.88278728 0.05822365].
2019-08-12 10:34:20,367 - INFO - Best fit parameters: [0.1520161  0.01081681].
2019-08-12 10:34:20,384 - INFO - Maximum log composite likelihood: -41.5934128356.
2019-08-12 10:34:20,385 - INFO - Optimal value of theta: 11026.5900254.
2019-08-12 10:34:20,385 - INFO - Beginning optimization with guess, [0.38160007 0.10318509].
2019-08-12 10:34:21,807 - INFO - Finished optimization with guess, [0.38160007 0.10318509].
2019-08-12 10:34:21,808 - INFO - Best fit parameters: [0.13152543 0.0090249 ].
2019-08-12 10:34:21,824 - INFO - Maximum log composite likelihood: -41.6074386047.
2019-08-12 10:34:21,825 - INFO - Optimal value of theta: 11018.0215266.
2019-08-12 10:34:21,825 - INFO - Beginning optimization with guess, [0.46835276 0.15454285].
2019-08-12 10:34:23,594 - INFO - Finished optimization with guess, [0.46835276 0.15454285].
2019-08-12 10:34:23,595 - INFO - Best fit parameters: [0.14196579 0.00990316].
2019-08-12 10:34:23,612 - INFO - Maximum log composite likelihood: -41.5995718933.
2019-08-12 10:34:23,613 - INFO - Optimal value of theta: 11020.1838596.
2019-08-12 10:34:23,614 - INFO - Beginning optimization with guess, [0.59516466 0.15441458].
2019-08-12 10:34:25,846 - INFO - Finished optimization with guess, [0.59516466 0.15441458].
2019-08-12 10:34:25,847 - INFO - Best fit parameters: [0.14572443 0.0102134 ].
2019-08-12 10:34:25,864 - INFO - Maximum log composite likelihood: -41.6015259448.
2019-08-12 10:34:25,865 - INFO - Optimal value of theta: 11019.4417084.
2019-08-12 10:34:25,866 - INFO - Beginning optimization with guess, [0.78403002 0.12634479].
2019-08-12 10:34:27,752 - INFO - Finished optimization with guess, [0.78403002 0.12634479].
2019-08-12 10:34:27,752 - INFO - Best fit parameters: [0.14990467 0.01060671].
2019-08-12 10:34:27,769 - INFO - Maximum log composite likelihood: -41.5961402441.
2019-08-12 10:34:27,770 - INFO - Optimal value of theta: 11023.5634123.
2019-08-12 10:34:27,770 - INFO - Beginning optimization with guess, [0.27733164 0.06691176].
2019-08-12 10:34:29,268 - INFO - Finished optimization with guess, [0.27733164 0.06691176].
2019-08-12 10:34:29,269 - INFO - Best fit parameters: [0.14454471 0.01011503].
2019-08-12 10:34:29,286 - INFO - Maximum log composite likelihood: -41.6007973748.
2019-08-12 10:34:29,287 - INFO - Optimal value of theta: 11019.5975162.
2019-08-12 10:34:29,288 - INFO - Beginning optimization with guess, [0.95112915 0.07708397].
2019-08-12 10:34:31,065 - INFO - Finished optimization with guess, [0.95112915 0.07708397].
2019-08-12 10:34:31,066 - INFO - Best fit parameters: [0.149958   0.01061858].
2019-08-12 10:34:31,083 - INFO - Maximum log composite likelihood: -41.5950668113.
2019-08-12 10:34:31,084 - INFO - Optimal value of theta: 11024.3698311.
2019-08-12 10:34:31,084 - INFO - Beginning optimization with guess, [0.39616077 0.0702914 ].
2019-08-12 10:34:32,884 - INFO - Finished optimization with guess, [0.39616077 0.0702914 ].
2019-08-12 10:34:32,885 - INFO - Best fit parameters: [0.14442475 0.01010618].
2019-08-12 10:34:32,902 - INFO - Maximum log composite likelihood: -41.6004909434.
2019-08-12 10:34:32,903 - INFO - Optimal value of theta: 11019.7452985.
2019-08-12 10:34:32,903 - INFO - Beginning optimization with guess, [0.31106925 0.1476197 ].
2019-08-12 10:34:34,726 - INFO - Finished optimization with guess, [0.31106925 0.1476197 ].
2019-08-12 10:34:34,726 - INFO - Best fit parameters: [0.15017583 0.0106681 ].
2019-08-12 10:34:34,744 - INFO - Maximum log composite likelihood: -41.5922965242.
2019-08-12 10:34:34,744 - INFO - Optimal value of theta: 11027.762621.
2019-08-12 10:34:34,745 - INFO - Beginning optimization with guess, [0.74191196 0.12301715].
2019-08-12 10:34:36,690 - INFO - Finished optimization with guess, [0.74191196 0.12301715].
2019-08-12 10:34:36,690 - INFO - Best fit parameters: [0.15068252 0.01070093].
2019-08-12 10:34:36,707 - INFO - Maximum log composite likelihood: -41.5930595956.
2019-08-12 10:34:36,708 - INFO - Optimal value of theta: 11026.5540463.
2019-08-12 10:34:36,708 - INFO - Beginning optimization with guess, [0.38362283 0.06080974].
2019-08-12 10:34:38,550 - INFO - Finished optimization with guess, [0.38362283 0.06080974].
2019-08-12 10:34:38,550 - INFO - Best fit parameters: [0.14418103 0.01011712].
2019-08-12 10:34:38,567 - INFO - Maximum log composite likelihood: -41.5955962399.
2019-08-12 10:34:38,568 - INFO - Optimal value of theta: 11023.4168584.
2019-08-12 10:34:38,569 - INFO - Beginning optimization with guess, [0.67709912 0.17792776].
2019-08-12 10:34:40,788 - INFO - Finished optimization with guess, [0.67709912 0.17792776].
2019-08-12 10:34:40,789 - INFO - Best fit parameters: [0.13934425 0.00971248].
2019-08-12 10:34:40,806 - INFO - Maximum log composite likelihood: -41.5978638842.
2019-08-12 10:34:40,807 - INFO - Optimal value of theta: 11023.616361.
2019-08-12 10:34:40,807 - INFO - Beginning optimization with guess, [0.43313216 0.05874263].
2019-08-12 10:34:42,532 - INFO - Finished optimization with guess, [0.43313216 0.05874263].
2019-08-12 10:34:42,533 - INFO - Best fit parameters: [0.14827307 0.0104539 ].
2019-08-12 10:34:42,549 - INFO - Maximum log composite likelihood: -41.5976422514.
2019-08-12 10:34:42,550 - INFO - Optimal value of theta: 11022.1296145.
2019-08-12 10:34:42,551 - INFO - Beginning optimization with guess, [0.71856463 0.16008602].
2019-08-12 10:34:44,442 - INFO - Finished optimization with guess, [0.71856463 0.16008602].
2019-08-12 10:34:44,442 - INFO - Best fit parameters: [0.15152624 0.01078716].
2019-08-12 10:34:44,459 - INFO - Maximum log composite likelihood: -41.5922894701.
2019-08-12 10:34:44,460 - INFO - Optimal value of theta: 11027.9903769.
2019-08-12 10:34:44,460 - INFO - Beginning optimization with guess, [0.51938442 0.07505971].
2019-08-12 10:34:46,483 - INFO - Finished optimization with guess, [0.51938442 0.07505971].
2019-08-12 10:34:46,483 - INFO - Best fit parameters: [0.14983178 0.0106455 ].
2019-08-12 10:34:46,500 - INFO - Maximum log composite likelihood: -41.5920996891.
2019-08-12 10:34:46,501 - INFO - Optimal value of theta: 11028.550798.
2019-08-12 10:34:46,501 - INFO - Beginning optimization with guess, [0.44456569 0.15382722].
2019-08-12 10:34:48,077 - INFO - Finished optimization with guess, [0.44456569 0.15382722].
2019-08-12 10:34:48,077 - INFO - Best fit parameters: [0.13384226 0.00918749].
2019-08-12 10:34:48,095 - INFO - Maximum log composite likelihood: -41.6107057633.
2019-08-12 10:34:48,095 - INFO - Optimal value of theta: 11014.6711023.
2019-08-12 10:34:48,096 - INFO - Beginning optimization with guess, [0.7316422  0.07293807].
2019-08-12 10:34:50,602 - INFO - Finished optimization with guess, [0.7316422  0.07293807].
2019-08-12 10:34:50,602 - INFO - Best fit parameters: [0.14783301 0.01045039].
2019-08-12 10:34:50,619 - INFO - Maximum log composite likelihood: -41.5932690116.
2019-08-12 10:34:50,620 - INFO - Optimal value of theta: 11025.9736858.
2019-08-12 10:34:50,620 - INFO - Beginning optimization with guess, [0.94329078 0.07955986].
2019-08-12 10:34:52,476 - INFO - Finished optimization with guess, [0.94329078 0.07955986].
2019-08-12 10:34:52,477 - INFO - Best fit parameters: [0.14563803 0.01021022].
2019-08-12 10:34:52,493 - INFO - Maximum log composite likelihood: -41.6005411341.
2019-08-12 10:34:52,494 - INFO - Optimal value of theta: 11019.9180785.
2019-08-12 10:34:52,494 - INFO - Beginning optimization with guess, [0.35495505 0.05799928].
2019-08-12 10:34:54,094 - INFO - Finished optimization with guess, [0.35495505 0.05799928].
2019-08-12 10:34:54,094 - INFO - Best fit parameters: [0.14381618 0.01008319].
2019-08-12 10:34:54,111 - INFO - Maximum log composite likelihood: -41.5959802834.
2019-08-12 10:34:54,112 - INFO - Optimal value of theta: 11023.0562962.
2019-08-12 10:34:54,112 - INFO - Beginning optimization with guess, [0.33685296 0.06173597].
2019-08-12 10:34:56,337 - INFO - Finished optimization with guess, [0.33685296 0.06173597].
2019-08-12 10:34:56,339 - INFO - Best fit parameters: [0.15215403 0.01084268].
2019-08-12 10:34:56,355 - INFO - Maximum log composite likelihood: -41.5923443705.
2019-08-12 10:34:56,356 - INFO - Optimal value of theta: 11028.0950794.
2019-08-12 10:34:56,356 - INFO - Beginning optimization with guess, [0.6980503  0.15172757].
2019-08-12 10:34:58,645 - INFO - Finished optimization with guess, [0.6980503  0.15172757].
2019-08-12 10:34:58,645 - INFO - Best fit parameters: [0.14957219 0.01058256].
2019-08-12 10:34:58,662 - INFO - Maximum log composite likelihood: -41.5953231369.
2019-08-12 10:34:58,663 - INFO - Optimal value of theta: 11024.0574294.
2019-08-12 10:34:58,663 - INFO - Beginning optimization with guess, [0.61468778 0.06680161].
2019-08-12 10:35:00,692 - INFO - Finished optimization with guess, [0.61468778 0.06680161].
2019-08-12 10:35:00,693 - INFO - Best fit parameters: [0.1502317  0.01063924].
2019-08-12 10:35:00,710 - INFO - Maximum log composite likelihood: -41.5956029254.
2019-08-12 10:35:00,710 - INFO - Optimal value of theta: 11024.0472311.
2019-08-12 10:35:00,711 - INFO - Beginning optimization with guess, [0.32198571 0.12299809].
2019-08-12 10:35:02,703 - INFO - Finished optimization with guess, [0.32198571 0.12299809].
2019-08-12 10:35:02,704 - INFO - Best fit parameters: [0.15012303 0.01062622].
2019-08-12 10:35:02,721 - INFO - Maximum log composite likelihood: -41.5961257582.
2019-08-12 10:35:02,722 - INFO - Optimal value of theta: 11023.6434254.
2019-08-12 10:35:02,722 - INFO - Beginning optimization with guess, [0.706647   0.12721511].
2019-08-12 10:35:04,618 - INFO - Finished optimization with guess, [0.706647   0.12721511].
2019-08-12 10:35:04,618 - INFO - Best fit parameters: [0.14709346 0.01034352].
2019-08-12 10:35:04,635 - INFO - Maximum log composite likelihood: -41.599039917.
2019-08-12 10:35:04,636 - INFO - Optimal value of theta: 11021.0300833.
2019-08-12 10:35:04,636 - INFO - Beginning optimization with guess, [0.38445915 0.10674182].
2019-08-12 10:35:06,237 - INFO - Finished optimization with guess, [0.38445915 0.10674182].
2019-08-12 10:35:06,237 - INFO - Best fit parameters: [0.13894331 0.00960841].
2019-08-12 10:35:06,254 - INFO - Maximum log composite likelihood: -41.609654968.
2019-08-12 10:35:06,255 - INFO - Optimal value of theta: 11014.9672885.
2019-08-12 10:35:06,256 - INFO - Beginning optimization with guess, [0.47776816 0.16383008].
2019-08-12 10:35:08,654 - INFO - Finished optimization with guess, [0.47776816 0.16383008].
2019-08-12 10:35:08,655 - INFO - Best fit parameters: [0.14921505 0.01056607].
2019-08-12 10:35:08,672 - INFO - Maximum log composite likelihood: -41.5935492652.
2019-08-12 10:35:08,673 - INFO - Optimal value of theta: 11025.6382871.
2019-08-12 10:35:08,673 - INFO - Beginning optimization with guess, [0.78266867 0.05086236].
2019-08-12 10:35:10,540 - INFO - Finished optimization with guess, [0.78266867 0.05086236].
2019-08-12 10:35:10,541 - INFO - Best fit parameters: [0.13703195 0.00944641].
2019-08-12 10:35:10,557 - INFO - Maximum log composite likelihood: -41.6108119545.
2019-08-12 10:35:10,558 - INFO - Optimal value of theta: 11014.4144016.
2019-08-12 10:35:10,558 - INFO - Beginning optimization with guess, [0.88146814 0.08883898].
2019-08-12 10:35:13,421 - INFO - Finished optimization with guess, [0.88146814 0.08883898].
2019-08-12 10:35:13,421 - INFO - Best fit parameters: [0.14397596 0.01010707].
2019-08-12 10:35:13,438 - INFO - Maximum log composite likelihood: -41.5950491079.
2019-08-12 10:35:13,439 - INFO - Optimal value of theta: 11024.2676112.
2019-08-12 10:35:13,439 - INFO - Beginning optimization with guess, [0.7373674  0.10395425].
2019-08-12 10:35:15,592 - INFO - Finished optimization with guess, [0.7373674  0.10395425].
2019-08-12 10:35:15,593 - INFO - Best fit parameters: [0.14836854 0.01051215].
2019-08-12 10:35:15,610 - INFO - Maximum log composite likelihood: -41.5924992898.
2019-08-12 10:35:15,611 - INFO - Optimal value of theta: 11027.7471678.
2019-08-12 10:35:15,611 - INFO - Beginning optimization with guess, [0.36653456 0.05679751].
2019-08-12 10:35:18,163 - INFO - Finished optimization with guess, [0.36653456 0.05679751].
2019-08-12 10:35:18,163 - INFO - Best fit parameters: [0.14110695 0.00987322].
2019-08-12 10:35:18,181 - INFO - Maximum log composite likelihood: -41.5963440486.
2019-08-12 10:35:18,181 - INFO - Optimal value of theta: 11025.2112131.
2019-08-12 10:35:18,182 - INFO - Beginning optimization with guess, [0.29501235 0.11239371].
2019-08-12 10:35:20,808 - INFO - Finished optimization with guess, [0.29501235 0.11239371].
2019-08-12 10:35:20,808 - INFO - Best fit parameters: [0.1485361  0.01050286].
2019-08-12 10:35:20,826 - INFO - Maximum log composite likelihood: -41.5939387318.
2019-08-12 10:35:20,827 - INFO - Optimal value of theta: 11025.0940474.
2019-08-12 10:35:20,827 - INFO - Beginning optimization with guess, [0.37866685 0.07710979].
2019-08-12 10:35:22,391 - INFO - Finished optimization with guess, [0.37866685 0.07710979].
2019-08-12 10:35:22,392 - INFO - Best fit parameters: [0.14935221 0.01059083].
2019-08-12 10:35:22,408 - INFO - Maximum log composite likelihood: -41.5926063505.
2019-08-12 10:35:22,409 - INFO - Optimal value of theta: 11027.078634.
2019-08-12 10:35:22,409 - INFO - Beginning optimization with guess, [0.87849068 0.08007172].
2019-08-12 10:35:24,519 - INFO - Finished optimization with guess, [0.87849068 0.08007172].
2019-08-12 10:35:24,519 - INFO - Best fit parameters: [0.15239992 0.01085568].
2019-08-12 10:35:24,536 - INFO - Maximum log composite likelihood: -41.5930319197.
2019-08-12 10:35:24,537 - INFO - Optimal value of theta: 11027.187372.
2019-08-12 10:35:24,538 - INFO - Beginning optimization with guess, [0.45277577 0.15202937].
2019-08-12 10:35:26,269 - INFO - Finished optimization with guess, [0.45277577 0.15202937].
2019-08-12 10:35:26,270 - INFO - Best fit parameters: [0.14821485 0.01044434].
2019-08-12 10:35:26,287 - INFO - Maximum log composite likelihood: -41.5984971121.
2019-08-12 10:35:26,288 - INFO - Optimal value of theta: 11021.6144716.
2019-08-12 10:35:26,289 - INFO - Beginning optimization with guess, [0.85336529 0.13689702].
2019-08-12 10:35:28,334 - INFO - Finished optimization with guess, [0.85336529 0.13689702].
2019-08-12 10:35:28,335 - INFO - Best fit parameters: [0.14004947 0.0097303 ].
2019-08-12 10:35:28,352 - INFO - Maximum log composite likelihood: -41.6021224369.
2019-08-12 10:35:28,353 - INFO - Optimal value of theta: 11018.6420402.
2019-08-12 10:35:28,353 - INFO - Beginning optimization with guess, [0.92028043 0.12773785].
2019-08-12 10:35:30,941 - INFO - Finished optimization with guess, [0.92028043 0.12773785].
2019-08-12 10:35:30,942 - INFO - Best fit parameters: [0.14490792 0.01020958].
2019-08-12 10:35:30,959 - INFO - Maximum log composite likelihood: -41.5938827363.
2019-08-12 10:35:30,959 - INFO - Optimal value of theta: 11026.9915152.
2019-08-12 10:35:30,960 - INFO - Beginning optimization with guess, [0.49375607 0.16317639].
2019-08-12 10:35:33,426 - INFO - Finished optimization with guess, [0.49375607 0.16317639].
2019-08-12 10:35:33,427 - INFO - Best fit parameters: [0.14961427 0.0106147 ].
2019-08-12 10:35:33,444 - INFO - Maximum log composite likelihood: -41.5925355245.
2019-08-12 10:35:33,445 - INFO - Optimal value of theta: 11027.2200631.
2019-08-12 10:35:33,445 - INFO - Beginning optimization with guess, [0.56023307 0.06823341].
2019-08-12 10:35:36,738 - INFO - Finished optimization with guess, [0.56023307 0.06823341].
2019-08-12 10:35:36,738 - INFO - Best fit parameters: [0.14581373 0.01028939].
2019-08-12 10:35:36,755 - INFO - Maximum log composite likelihood: -41.5934269699.
2019-08-12 10:35:36,756 - INFO - Optimal value of theta: 11027.2978112.
2019-08-12 10:35:36,757 - INFO - Beginning optimization with guess, [0.34532918 0.09947583].
2019-08-12 10:35:39,576 - INFO - Finished optimization with guess, [0.34532918 0.09947583].
2019-08-12 10:35:39,578 - INFO - Best fit parameters: [0.14573961 0.01028504].
2019-08-12 10:35:39,595 - INFO - Maximum log composite likelihood: -41.5934698433.
2019-08-12 10:35:39,596 - INFO - Optimal value of theta: 11027.5238598.
2019-08-12 10:35:39,596 - INFO - Beginning optimization with guess, [0.98372173 0.16242261].
2019-08-12 10:35:41,579 - INFO - Finished optimization with guess, [0.98372173 0.16242261].
2019-08-12 10:35:41,579 - INFO - Best fit parameters: [0.1515356  0.01075507].
2019-08-12 10:35:41,596 - INFO - Maximum log composite likelihood: -41.5957619821.
2019-08-12 10:35:41,597 - INFO - Optimal value of theta: 11024.4034273.
2019-08-12 10:35:41,597 - INFO - Beginning optimization with guess, [0.34349987 0.10862248].
2019-08-12 10:35:43,364 - INFO - Finished optimization with guess, [0.34349987 0.10862248].
2019-08-12 10:35:43,364 - INFO - Best fit parameters: [0.13748453 0.00955859].
2019-08-12 10:35:43,381 - INFO - Maximum log composite likelihood: -41.599486467.
2019-08-12 10:35:43,382 - INFO - Optimal value of theta: 11023.7207182.
2019-08-12 10:35:43,382 - INFO - Beginning optimization with guess, [0.78930566 0.11613697].
2019-08-12 10:35:45,480 - INFO - Finished optimization with guess, [0.78930566 0.11613697].
2019-08-12 10:35:45,480 - INFO - Best fit parameters: [0.15179564 0.01079317].
2019-08-12 10:35:45,497 - INFO - Maximum log composite likelihood: -41.593804616.
2019-08-12 10:35:45,497 - INFO - Optimal value of theta: 11026.1001496.
2019-08-12 10:35:45,498 - INFO - Beginning optimization with guess, [0.90668883 0.06445666].
2019-08-12 10:35:47,435 - INFO - Finished optimization with guess, [0.90668883 0.06445666].
2019-08-12 10:35:47,435 - INFO - Best fit parameters: [0.13264083 0.00918913].
2019-08-12 10:35:47,452 - INFO - Maximum log composite likelihood: -41.6097831117.
2019-08-12 10:35:47,452 - INFO - Optimal value of theta: 11027.5707807.
2019-08-12 10:35:47,453 - INFO - Beginning optimization with guess, [0.46345745 0.10002198].
2019-08-12 10:35:49,264 - INFO - Finished optimization with guess, [0.46345745 0.10002198].
2019-08-12 10:35:49,264 - INFO - Best fit parameters: [0.14688837 0.01038141].
2019-08-12 10:35:49,280 - INFO - Maximum log composite likelihood: -41.5929858595.
2019-08-12 10:35:49,281 - INFO - Optimal value of theta: 11027.3211028.
2019-08-12 10:35:49,282 - INFO - Beginning optimization with guess, [0.67693649 0.10108292].
2019-08-12 10:35:51,156 - INFO - Finished optimization with guess, [0.67693649 0.10108292].
2019-08-12 10:35:51,156 - INFO - Best fit parameters: [0.15103578 0.01072479].
2019-08-12 10:35:51,174 - INFO - Maximum log composite likelihood: -41.5938083637.
2019-08-12 10:35:51,175 - INFO - Optimal value of theta: 11025.8207593.
2019-08-12 10:35:51,175 - INFO - Beginning optimization with guess, [0.75407393 0.05123475].
2019-08-12 10:35:53,113 - INFO - Finished optimization with guess, [0.75407393 0.05123475].
2019-08-12 10:35:53,114 - INFO - Best fit parameters: [0.15011442 0.0106431 ].
2019-08-12 10:35:53,131 - INFO - Maximum log composite likelihood: -41.593765297.
2019-08-12 10:35:53,132 - INFO - Optimal value of theta: 11025.5894559.
2019-08-12 10:35:53,132 - INFO - Beginning optimization with guess, [0.33645709 0.07810533].
2019-08-12 10:35:54,590 - INFO - Finished optimization with guess, [0.33645709 0.07810533].
2019-08-12 10:35:54,591 - INFO - Best fit parameters: [0.15037855 0.01071752].
2019-08-12 10:35:54,607 - INFO - Maximum log composite likelihood: -41.5923926755.
2019-08-12 10:35:54,608 - INFO - Optimal value of theta: 11031.2695808.
2019-08-12 10:35:54,608 - INFO - Beginning optimization with guess, [0.44377315 0.19963551].
2019-08-12 10:35:56,990 - INFO - Finished optimization with guess, [0.44377315 0.19963551].
2019-08-12 10:35:56,990 - INFO - Best fit parameters: [0.14663218 0.0103405 ].
2019-08-12 10:35:57,007 - INFO - Maximum log composite likelihood: -41.5938962258.
2019-08-12 10:35:57,007 - INFO - Optimal value of theta: 11025.1581601.
2019-08-12 10:35:57,008 - INFO - Beginning optimization with guess, [0.49000403 0.18732428].
2019-08-12 10:35:59,044 - INFO - Finished optimization with guess, [0.49000403 0.18732428].
2019-08-12 10:35:59,045 - INFO - Best fit parameters: [0.14763245 0.01039763].
2019-08-12 10:35:59,062 - INFO - Maximum log composite likelihood: -41.5976706104.
2019-08-12 10:35:59,063 - INFO - Optimal value of theta: 11021.9552865.
2019-08-12 10:35:59,063 - INFO - Beginning optimization with guess, [0.34016258 0.19105111].
2019-08-12 10:36:01,215 - INFO - Finished optimization with guess, [0.34016258 0.19105111].
2019-08-12 10:36:01,216 - INFO - Best fit parameters: [0.14628822 0.01032294].
2019-08-12 10:36:01,232 - INFO - Maximum log composite likelihood: -41.5933472963.
2019-08-12 10:36:01,233 - INFO - Optimal value of theta: 11026.5038726.
2019-08-12 10:36:01,233 - INFO - Beginning optimization with guess, [0.51589506 0.08438866].
2019-08-12 10:36:03,262 - INFO - Finished optimization with guess, [0.51589506 0.08438866].
2019-08-12 10:36:03,263 - INFO - Best fit parameters: [0.14432703 0.01013196].
2019-08-12 10:36:03,280 - INFO - Maximum log composite likelihood: -41.5953329601.
2019-08-12 10:36:03,280 - INFO - Optimal value of theta: 11023.7063567.
2019-08-12 10:36:03,281 - INFO - Beginning optimization with guess, [0.81445383 0.07217035].
2019-08-12 10:36:04,969 - INFO - Finished optimization with guess, [0.81445383 0.07217035].
2019-08-12 10:36:04,969 - INFO - Best fit parameters: [0.13783814 0.00955687].
2019-08-12 10:36:04,986 - INFO - Maximum log composite likelihood: -41.6011565432.
2019-08-12 10:36:04,987 - INFO - Optimal value of theta: 11019.8796486.
2019-08-12 10:36:04,987 - INFO - Beginning optimization with guess, [0.69660485 0.06918114].
2019-08-12 10:36:07,720 - INFO - Finished optimization with guess, [0.69660485 0.06918114].
2019-08-12 10:36:07,720 - INFO - Best fit parameters: [0.14551652 0.01026196].
2019-08-12 10:36:07,737 - INFO - Maximum log composite likelihood: -41.5935723866.
2019-08-12 10:36:07,738 - INFO - Optimal value of theta: 11027.0578925.
2019-08-12 10:36:07,738 - INFO - Beginning optimization with guess, [0.49807057 0.06303525].
2019-08-12 10:36:09,562 - INFO - Finished optimization with guess, [0.49807057 0.06303525].
2019-08-12 10:36:09,563 - INFO - Best fit parameters: [0.15123112 0.01078417].
2019-08-12 10:36:09,580 - INFO - Maximum log composite likelihood: -41.5918825428.
2019-08-12 10:36:09,581 - INFO - Optimal value of theta: 11030.4594047.
2019-08-12 10:36:09,581 - INFO - Beginning optimization with guess, [0.30327163 0.10456366].
2019-08-12 10:36:11,357 - INFO - Finished optimization with guess, [0.30327163 0.10456366].
2019-08-12 10:36:11,358 - INFO - Best fit parameters: [0.14815942 0.0104659 ].
2019-08-12 10:36:11,375 - INFO - Maximum log composite likelihood: -41.5943880865.
2019-08-12 10:36:11,375 - INFO - Optimal value of theta: 11024.5710866.
2019-08-12 10:36:11,376 - INFO - Beginning optimization with guess, [0.53518577 0.07266923].
2019-08-12 10:36:13,588 - INFO - Finished optimization with guess, [0.53518577 0.07266923].
2019-08-12 10:36:13,589 - INFO - Best fit parameters: [0.15258776 0.01090356].
2019-08-12 10:36:13,605 - INFO - Maximum log composite likelihood: -41.591743863.
2019-08-12 10:36:13,606 - INFO - Optimal value of theta: 11030.5906739.
2019-08-12 10:36:13,606 - INFO - Beginning optimization with guess, [0.77177947 0.06245196].
2019-08-12 10:36:15,227 - INFO - Finished optimization with guess, [0.77177947 0.06245196].
2019-08-12 10:36:15,227 - INFO - Best fit parameters: [0.14035954 0.00978599].
2019-08-12 10:36:15,244 - INFO - Maximum log composite likelihood: -41.5978392515.
2019-08-12 10:36:15,244 - INFO - Optimal value of theta: 11022.2508955.
2019-08-12 10:36:15,245 - INFO - Beginning optimization with guess, [0.52455965 0.12210806].
2019-08-12 10:36:16,814 - INFO - Finished optimization with guess, [0.52455965 0.12210806].
2019-08-12 10:36:16,814 - INFO - Best fit parameters: [0.14924247 0.0105943 ].
2019-08-12 10:36:16,831 - INFO - Maximum log composite likelihood: -41.5922042758.
2019-08-12 10:36:16,832 - INFO - Optimal value of theta: 11028.5152326.
2019-08-12 10:36:16,832 - INFO - Beginning optimization with guess, [0.372175   0.05657457].
2019-08-12 10:36:18,384 - INFO - Finished optimization with guess, [0.372175   0.05657457].
2019-08-12 10:36:18,384 - INFO - Best fit parameters: [0.13730719 0.00948033].
2019-08-12 10:36:18,401 - INFO - Maximum log composite likelihood: -41.6076362832.
2019-08-12 10:36:18,402 - INFO - Optimal value of theta: 11015.8202631.
2019-08-12 10:36:18,403 - INFO - Beginning optimization with guess, [0.27879649 0.13269549].
2019-08-12 10:36:20,317 - INFO - Finished optimization with guess, [0.27879649 0.13269549].
2019-08-12 10:36:20,317 - INFO - Best fit parameters: [0.14112486 0.00987223].
2019-08-12 10:36:20,334 - INFO - Maximum log composite likelihood: -41.5963418543.
2019-08-12 10:36:20,335 - INFO - Optimal value of theta: 11024.9120479.
2019-08-12 10:36:20,335 - INFO - Beginning optimization with guess, [0.93877025 0.07370872].
2019-08-12 10:36:22,019 - INFO - Finished optimization with guess, [0.93877025 0.07370872].
2019-08-12 10:36:22,021 - INFO - Best fit parameters: [0.14923677 0.0105506 ].
2019-08-12 10:36:22,038 - INFO - Maximum log composite likelihood: -41.5956623297.
2019-08-12 10:36:22,039 - INFO - Optimal value of theta: 11023.7081619.
2019-08-12 10:36:22,039 - INFO - Beginning optimization with guess, [0.75875636 0.0816326 ].
2019-08-12 10:36:24,013 - INFO - Finished optimization with guess, [0.75875636 0.0816326 ].
2019-08-12 10:36:24,014 - INFO - Best fit parameters: [0.15269022 0.01089347].
2019-08-12 10:36:24,031 - INFO - Maximum log composite likelihood: -41.5922270313.
2019-08-12 10:36:24,031 - INFO - Optimal value of theta: 11028.5392627.
2019-08-12 10:36:24,032 - INFO - Beginning optimization with guess, [0.93290327 0.069263  ].
2019-08-12 10:36:26,756 - INFO - Finished optimization with guess, [0.93290327 0.069263  ].
2019-08-12 10:36:26,756 - INFO - Best fit parameters: [0.14571606 0.01028054].
2019-08-12 10:36:26,773 - INFO - Maximum log composite likelihood: -41.5934736071.
2019-08-12 10:36:26,774 - INFO - Optimal value of theta: 11027.2380577.
2019-08-12 10:36:26,775 - INFO - Beginning optimization with guess, [0.67251436 0.05376138].
2019-08-12 10:36:28,492 - INFO - Finished optimization with guess, [0.67251436 0.05376138].
2019-08-12 10:36:28,493 - INFO - Best fit parameters: [0.15040713 0.01071691].
2019-08-12 10:36:28,510 - INFO - Maximum log composite likelihood: -41.5922353919.
2019-08-12 10:36:28,511 - INFO - Optimal value of theta: 11030.9305687.
2019-08-12 10:36:28,511 - INFO - Beginning optimization with guess, [0.50279693 0.08325256].
2019-08-12 10:36:30,305 - INFO - Finished optimization with guess, [0.50279693 0.08325256].
2019-08-12 10:36:30,305 - INFO - Best fit parameters: [0.1507099  0.01068135].
2019-08-12 10:36:30,322 - INFO - Maximum log composite likelihood: -41.5956932071.
2019-08-12 10:36:30,323 - INFO - Optimal value of theta: 11024.1437248.
2019-08-12 10:36:30,323 - INFO - Beginning optimization with guess, [0.28376132 0.06582002].
2019-08-12 10:36:31,825 - INFO - Finished optimization with guess, [0.28376132 0.06582002].
2019-08-12 10:36:31,825 - INFO - Best fit parameters: [0.14236424 0.00991798].
2019-08-12 10:36:31,842 - INFO - Maximum log composite likelihood: -41.6034581874.
2019-08-12 10:36:31,842 - INFO - Optimal value of theta: 11017.9792212.
2019-08-12 10:36:31,843 - INFO - Beginning optimization with guess, [0.47613477 0.13530563].
2019-08-12 10:36:34,352 - INFO - Finished optimization with guess, [0.47613477 0.13530563].
2019-08-12 10:36:34,352 - INFO - Best fit parameters: [0.14415513 0.01014224].
2019-08-12 10:36:34,369 - INFO - Maximum log composite likelihood: -41.5942991893.
2019-08-12 10:36:34,370 - INFO - Optimal value of theta: 11026.5979049.
2019-08-12 10:36:34,371 - INFO - Beginning optimization with guess, [0.57467073 0.16454915].
2019-08-12 10:36:36,027 - INFO - Finished optimization with guess, [0.57467073 0.16454915].
2019-08-12 10:36:36,027 - INFO - Best fit parameters: [0.15030868 0.01065257].
2019-08-12 10:36:36,044 - INFO - Maximum log composite likelihood: -41.5946888855.
2019-08-12 10:36:36,044 - INFO - Optimal value of theta: 11024.7851122.
2019-08-12 10:36:36,045 - INFO - Beginning optimization with guess, [0.32196941 0.1020363 ].
2019-08-12 10:36:37,702 - INFO - Finished optimization with guess, [0.32196941 0.1020363 ].
2019-08-12 10:36:37,703 - INFO - Best fit parameters: [0.13987747 0.00971833].
2019-08-12 10:36:37,720 - INFO - Maximum log composite likelihood: -41.6016977835.
2019-08-12 10:36:37,721 - INFO - Optimal value of theta: 11018.9267814.
2019-08-12 10:36:37,721 - INFO - Beginning optimization with guess, [0.5910308  0.17413765].
2019-08-12 10:36:39,403 - INFO - Finished optimization with guess, [0.5910308  0.17413765].
2019-08-12 10:36:39,404 - INFO - Best fit parameters: [0.14940715 0.01057734].
2019-08-12 10:36:39,420 - INFO - Maximum log composite likelihood: -41.5941248575.
2019-08-12 10:36:39,421 - INFO - Optimal value of theta: 11025.0542519.
2019-08-12 10:36:39,421 - INFO - Beginning optimization with guess, [0.47700281 0.09614695].
2019-08-12 10:36:41,283 - INFO - Finished optimization with guess, [0.47700281 0.09614695].
2019-08-12 10:36:41,283 - INFO - Best fit parameters: [0.13898025 0.00966096].
2019-08-12 10:36:41,300 - INFO - Maximum log composite likelihood: -41.5994879099.
2019-08-12 10:36:41,300 - INFO - Optimal value of theta: 11021.0284117.
2019-08-12 10:36:41,301 - INFO - Beginning optimization with guess, [0.8943734  0.08376936].
2019-08-12 10:36:43,099 - INFO - Finished optimization with guess, [0.8943734  0.08376936].
2019-08-12 10:36:43,099 - INFO - Best fit parameters: [0.14785788 0.01049874].
2019-08-12 10:36:43,116 - INFO - Maximum log composite likelihood: -41.5937019488.
2019-08-12 10:36:43,116 - INFO - Optimal value of theta: 11031.1730135.
2019-08-12 10:36:43,117 - INFO - Beginning optimization with guess, [0.54945224 0.0669838 ].
2019-08-12 10:36:45,769 - INFO - Finished optimization with guess, [0.54945224 0.0669838 ].
2019-08-12 10:36:45,771 - INFO - Best fit parameters: [0.15081138 0.01071456].
2019-08-12 10:36:45,787 - INFO - Maximum log composite likelihood: -41.5928815985.
2019-08-12 10:36:45,788 - INFO - Optimal value of theta: 11026.8266749.
2019-08-12 10:36:45,788 - INFO - Beginning optimization with guess, [0.43091411 0.13708122].
2019-08-12 10:36:47,718 - INFO - Finished optimization with guess, [0.43091411 0.13708122].
2019-08-12 10:36:47,719 - INFO - Best fit parameters: [0.1526889  0.01089008].
2019-08-12 10:36:47,735 - INFO - Maximum log composite likelihood: -41.5924193553.
2019-08-12 10:36:47,736 - INFO - Optimal value of theta: 11028.1860523.
2019-08-12 10:36:47,736 - INFO - Beginning optimization with guess, [0.27597981 0.14562242].
2019-08-12 10:36:49,643 - INFO - Finished optimization with guess, [0.27597981 0.14562242].
2019-08-12 10:36:49,643 - INFO - Best fit parameters: [0.14133925 0.00982481].
2019-08-12 10:36:49,660 - INFO - Maximum log composite likelihood: -41.6051551943.
2019-08-12 10:36:49,660 - INFO - Optimal value of theta: 11017.0823157.
2019-08-12 10:36:49,661 - INFO - Beginning optimization with guess, [0.85598841 0.10954522].
2019-08-12 10:36:51,889 - INFO - Finished optimization with guess, [0.85598841 0.10954522].
2019-08-12 10:36:51,889 - INFO - Best fit parameters: [0.15267812 0.01090694].
2019-08-12 10:36:51,906 - INFO - Maximum log composite likelihood: -41.5917581737.
2019-08-12 10:36:51,906 - INFO - Optimal value of theta: 11030.1052385.
2019-08-12 10:36:51,907 - INFO - Beginning optimization with guess, [0.65796649 0.16401217].
2019-08-12 10:36:53,870 - INFO - Finished optimization with guess, [0.65796649 0.16401217].
2019-08-12 10:36:53,870 - INFO - Best fit parameters: [0.14778664 0.0104433 ].
2019-08-12 10:36:53,887 - INFO - Maximum log composite likelihood: -41.5934940424.
2019-08-12 10:36:53,887 - INFO - Optimal value of theta: 11025.6218552.
2019-08-12 10:36:53,888 - INFO - Beginning optimization with guess, [0.37676929 0.13928343].
2019-08-12 10:36:55,569 - INFO - Finished optimization with guess, [0.37676929 0.13928343].
2019-08-12 10:36:55,570 - INFO - Best fit parameters: [0.15152196 0.01077069].
2019-08-12 10:36:55,586 - INFO - Maximum log composite likelihood: -41.5935678024.
2019-08-12 10:36:55,587 - INFO - Optimal value of theta: 11026.2360012.
2019-08-12 10:36:55,587 - INFO - Beginning optimization with guess, [0.27875406 0.13583725].
2019-08-12 10:36:57,471 - INFO - Finished optimization with guess, [0.27875406 0.13583725].
2019-08-12 10:36:57,472 - INFO - Best fit parameters: [0.14808385 0.01043601].
2019-08-12 10:36:57,488 - INFO - Maximum log composite likelihood: -41.5978811536.
2019-08-12 10:36:57,489 - INFO - Optimal value of theta: 11021.9369926.
2019-08-12 10:36:57,489 - INFO - Beginning optimization with guess, [0.25082423 0.07309121].
2019-08-12 10:36:59,611 - INFO - Finished optimization with guess, [0.25082423 0.07309121].
2019-08-12 10:36:59,613 - INFO - Best fit parameters: [0.1546577  0.01101875].
2019-08-12 10:36:59,629 - INFO - Maximum log composite likelihood: -41.5997050589.
2019-08-12 10:36:59,630 - INFO - Optimal value of theta: 11023.5845721.
2019-08-12 10:36:59,630 - INFO - Beginning optimization with guess, [0.35063241 0.11653861].
2019-08-12 10:37:02,070 - INFO - Finished optimization with guess, [0.35063241 0.11653861].
2019-08-12 10:37:02,071 - INFO - Best fit parameters: [0.15133428 0.01074932].
2019-08-12 10:37:02,087 - INFO - Maximum log composite likelihood: -41.5940655923.
2019-08-12 10:37:02,088 - INFO - Optimal value of theta: 11025.6781807.
2019-08-12 10:37:02,088 - INFO - Beginning optimization with guess, [0.34222923 0.07510397].
2019-08-12 10:37:03,853 - INFO - Finished optimization with guess, [0.34222923 0.07510397].
2019-08-12 10:37:03,853 - INFO - Best fit parameters: [0.14213308 0.0099645 ].
2019-08-12 10:37:03,870 - INFO - Maximum log composite likelihood: -41.5955957765.
2019-08-12 10:37:03,871 - INFO - Optimal value of theta: 11025.8017126.
2019-08-12 10:37:03,871 - INFO - Beginning optimization with guess, [0.25332999 0.06195539].
2019-08-12 10:37:06,490 - INFO - Finished optimization with guess, [0.25332999 0.06195539].
2019-08-12 10:37:06,491 - INFO - Best fit parameters: [0.14426825 0.01008091].
2019-08-12 10:37:06,508 - INFO - Maximum log composite likelihood: -41.6032712996.
2019-08-12 10:37:06,509 - INFO - Optimal value of theta: 11018.3379174.
2019-08-12 10:37:06,509 - INFO - Beginning optimization with guess, [0.73347382 0.15320832].
2019-08-12 10:37:08,336 - INFO - Finished optimization with guess, [0.73347382 0.15320832].
2019-08-12 10:37:08,337 - INFO - Best fit parameters: [0.14975773 0.0106405 ].
2019-08-12 10:37:08,354 - INFO - Maximum log composite likelihood: -41.5920902849.
2019-08-12 10:37:08,354 - INFO - Optimal value of theta: 11028.7052923.
2019-08-12 10:37:08,355 - INFO - Beginning optimization with guess, [0.40727257 0.11257322].
2019-08-12 10:37:10,031 - INFO - Finished optimization with guess, [0.40727257 0.11257322].
2019-08-12 10:37:10,032 - INFO - Best fit parameters: [0.15280559 0.01090132].
2019-08-12 10:37:10,048 - INFO - Maximum log composite likelihood: -41.5923831524.
2019-08-12 10:37:10,049 - INFO - Optimal value of theta: 11028.301509.
2019-08-12 10:37:10,049 - INFO - Beginning optimization with guess, [0.51279707 0.16444835].
2019-08-12 10:37:11,687 - INFO - Finished optimization with guess, [0.51279707 0.16444835].
2019-08-12 10:37:11,687 - INFO - Best fit parameters: [0.1383754  0.00958116].
2019-08-12 10:37:11,704 - INFO - Maximum log composite likelihood: -41.6044807572.
2019-08-12 10:37:11,704 - INFO - Optimal value of theta: 11017.3900686.
2019-08-12 10:37:11,705 - INFO - Beginning optimization with guess, [0.4794502 0.1691495].
2019-08-12 10:37:13,451 - INFO - Finished optimization with guess, [0.4794502 0.1691495].
2019-08-12 10:37:13,451 - INFO - Best fit parameters: [0.14095101 0.00979272].
2019-08-12 10:37:13,467 - INFO - Maximum log composite likelihood: -41.6050136135.
2019-08-12 10:37:13,468 - INFO - Optimal value of theta: 11017.1156216.
2019-08-12 10:37:13,469 - INFO - Beginning optimization with guess, [0.34998045 0.07213704].
2019-08-12 10:37:16,935 - INFO - Finished optimization with guess, [0.34998045 0.07213704].
2019-08-12 10:37:16,936 - INFO - Best fit parameters: [0.14399798 0.01012771].
2019-08-12 10:37:16,953 - INFO - Maximum log composite likelihood: -41.5943907813.
2019-08-12 10:37:16,953 - INFO - Optimal value of theta: 11026.4574522.
2019-08-12 10:37:16,954 - INFO - Beginning optimization with guess, [0.52615034 0.11265217].
2019-08-12 10:37:18,656 - INFO - Finished optimization with guess, [0.52615034 0.11265217].
2019-08-12 10:37:18,657 - INFO - Best fit parameters: [0.15517353 0.01110533].
2019-08-12 10:37:18,673 - INFO - Maximum log composite likelihood: -41.5936719369.
2019-08-12 10:37:18,674 - INFO - Optimal value of theta: 11027.9719465.
2019-08-12 10:37:18,674 - INFO - Beginning optimization with guess, [0.36191654 0.13537385].
2019-08-12 10:37:20,292 - INFO - Finished optimization with guess, [0.36191654 0.13537385].
2019-08-12 10:37:20,292 - INFO - Best fit parameters: [0.13809101 0.00956477].
2019-08-12 10:37:20,309 - INFO - Maximum log composite likelihood: -41.6031042853.
2019-08-12 10:37:20,310 - INFO - Optimal value of theta: 11018.2690754.
2019-08-12 10:37:20,310 - INFO - Beginning optimization with guess, [0.95136032 0.08973754].
2019-08-12 10:37:22,509 - INFO - Finished optimization with guess, [0.95136032 0.08973754].
2019-08-12 10:37:22,509 - INFO - Best fit parameters: [0.15154439 0.0107818 ].
2019-08-12 10:37:22,526 - INFO - Maximum log composite likelihood: -41.5927477115.
2019-08-12 10:37:22,527 - INFO - Optimal value of theta: 11027.2344012.
2019-08-12 10:37:22,527 - INFO - Beginning optimization with guess, [0.71495646 0.15081245].
2019-08-12 10:37:24,436 - INFO - Finished optimization with guess, [0.71495646 0.15081245].
2019-08-12 10:37:24,436 - INFO - Best fit parameters: [0.15229997 0.01086209].
2019-08-12 10:37:24,454 - INFO - Maximum log composite likelihood: -41.5920314201.
2019-08-12 10:37:24,455 - INFO - Optimal value of theta: 11028.8216681.
2019-08-12 10:37:24,455 - INFO - Beginning optimization with guess, [0.4638606  0.16608724].
2019-08-12 10:37:26,361 - INFO - Finished optimization with guess, [0.4638606  0.16608724].
2019-08-12 10:37:26,362 - INFO - Best fit parameters: [0.15005049 0.01062491].
2019-08-12 10:37:26,378 - INFO - Maximum log composite likelihood: -41.5953358252.
2019-08-12 10:37:26,379 - INFO - Optimal value of theta: 11024.188631.
2019-08-12 10:37:26,379 - INFO - Beginning optimization with guess, [0.43255892 0.08362872].
2019-08-12 10:37:28,026 - INFO - Finished optimization with guess, [0.43255892 0.08362872].
2019-08-12 10:37:28,026 - INFO - Best fit parameters: [0.14868994 0.01051157].
2019-08-12 10:37:28,042 - INFO - Maximum log composite likelihood: -41.5944530647.
2019-08-12 10:37:28,043 - INFO - Optimal value of theta: 11024.5911829.
2019-08-12 10:37:28,043 - INFO - Beginning optimization with guess, [0.65197996 0.19449936].
2019-08-12 10:37:30,027 - INFO - Finished optimization with guess, [0.65197996 0.19449936].
2019-08-12 10:37:30,028 - INFO - Best fit parameters: [0.150188   0.01063752].
2019-08-12 10:37:30,044 - INFO - Maximum log composite likelihood: -41.5952820239.
2019-08-12 10:37:30,045 - INFO - Optimal value of theta: 11024.272579.
2019-08-12 10:37:30,045 - INFO - Beginning optimization with guess, [0.82434215 0.05224822].
2019-08-12 10:37:31,969 - INFO - Finished optimization with guess, [0.82434215 0.05224822].
2019-08-12 10:37:31,969 - INFO - Best fit parameters: [0.14872893 0.01050018].
2019-08-12 10:37:31,987 - INFO - Maximum log composite likelihood: -41.596554451.
2019-08-12 10:37:31,987 - INFO - Optimal value of theta: 11022.9431381.
2019-08-12 10:37:31,988 - INFO - Beginning optimization with guess, [0.86825712 0.08823947].
2019-08-12 10:37:33,713 - INFO - Finished optimization with guess, [0.86825712 0.08823947].
2019-08-12 10:37:33,713 - INFO - Best fit parameters: [0.14340395 0.01006911].
2019-08-12 10:37:33,730 - INFO - Maximum log composite likelihood: -41.5948224594.
2019-08-12 10:37:33,731 - INFO - Optimal value of theta: 11025.486589.
2019-08-12 10:37:33,731 - INFO - Beginning optimization with guess, [0.84105046 0.06112858].
2019-08-12 10:37:35,731 - INFO - Finished optimization with guess, [0.84105046 0.06112858].
2019-08-12 10:37:35,731 - INFO - Best fit parameters: [0.15178568 0.01078792].
2019-08-12 10:37:35,747 - INFO - Maximum log composite likelihood: -41.5943175474.
2019-08-12 10:37:35,748 - INFO - Optimal value of theta: 11025.6231502.
2019-08-12 10:37:35,749 - INFO - Beginning optimization with guess, [0.50146547 0.0741935 ].
2019-08-12 10:37:37,693 - INFO - Finished optimization with guess, [0.50146547 0.0741935 ].
2019-08-12 10:37:37,693 - INFO - Best fit parameters: [0.14988144 0.01060755].
2019-08-12 10:37:37,710 - INFO - Maximum log composite likelihood: -41.5956833162.
2019-08-12 10:37:37,710 - INFO - Optimal value of theta: 11023.878347.
2019-08-12 10:37:37,711 - INFO - Beginning optimization with guess, [0.63956015 0.12614647].
2019-08-12 10:37:39,826 - INFO - Finished optimization with guess, [0.63956015 0.12614647].
2019-08-12 10:37:39,826 - INFO - Best fit parameters: [0.1399846  0.00975173].
2019-08-12 10:37:39,842 - INFO - Maximum log composite likelihood: -41.5982841657.
2019-08-12 10:37:39,843 - INFO - Optimal value of theta: 11021.8941576.
2019-08-12 10:37:39,844 - INFO - Finished demographic inference.
2019-08-12 10:37:39,844 - INFO - Beginning DFE inference.
2019-08-12 10:39:37,369 - INFO - Beginning optimization with guess, [9.01382160e-02 1.69242769e+04].
2019-08-12 10:39:58,179 - INFO - Finished optomization, results are [-45.006120413649114 array([9.98463084e-02, 5.76579099e+05])].
2019-08-12 10:39:58,181 - INFO - Beginning optimization with guess, [9.32379946e-02 3.67755998e+04].
2019-08-12 10:40:13,305 - INFO - Finished optomization, results are [-44.94555117686468 array([1.01501261e-01, 4.77814825e+05])].
2019-08-12 10:40:13,306 - INFO - Beginning optimization with guess, [8.44973579e-02 1.56979774e+04].
2019-08-12 10:40:31,530 - INFO - Finished optomization, results are [-44.977290873132006 array([1.00140683e-01, 5.58799975e+05])].
2019-08-12 10:40:31,532 - INFO - Beginning optimization with guess, [1.65136699e-01 3.18119389e+04].
2019-08-12 10:40:45,527 - INFO - Finished optomization, results are [-44.972518340216084 array([1.00359733e-01, 5.44558148e+05])].
2019-08-12 10:40:45,528 - INFO - Beginning optimization with guess, [1.18206858e-01 2.35582146e+04].
2019-08-12 10:41:03,897 - INFO - Finished optomization, results are [-45.01696751768304 array([9.92613374e-02, 6.18975542e+05])].
2019-08-12 10:41:03,898 - INFO - Beginning optimization with guess, [6.33192433e-02 2.50995500e+04].
2019-08-12 10:41:22,552 - INFO - Finished optomization, results are [-44.8526823115144 array([1.0270930e-01, 4.2907048e+05])].
2019-08-12 10:41:22,553 - INFO - Beginning optimization with guess, [1.45705636e-01 3.38138820e+04].
2019-08-12 10:41:30,377 - INFO - Finished optomization, results are [-45.0150380711184 array([9.97059366e-02, 5.85814333e+05])].
2019-08-12 10:41:30,377 - INFO - Beginning optimization with guess, [1.28407597e-01 1.93764326e+04].
2019-08-12 10:41:44,473 - INFO - Finished optomization, results are [-44.961775904435854 array([1.00837607e-01, 5.15149797e+05])].
2019-08-12 10:41:44,474 - INFO - Beginning optimization with guess, [6.74858966e-02 5.30102254e+04].
2019-08-12 10:42:01,700 - INFO - Finished optomization, results are [-44.85587541465247 array([1.03203009e-01, 4.04053979e+05])].
2019-08-12 10:42:01,701 - INFO - Beginning optimization with guess, [8.02091011e-02 4.90847825e+04].
2019-08-12 10:42:12,671 - INFO - Finished optomization, results are [-44.91822401311492 array([1.02399443e-01, 4.33309807e+05])].
2019-08-12 10:42:12,672 - INFO - Beginning optimization with guess, [7.41935222e-02 1.73213856e+04].
2019-08-12 10:42:34,162 - INFO - Finished optomization, results are [-44.89932849896013 array([1.00173626e-01, 5.70028243e+05])].
2019-08-12 10:42:34,164 - INFO - Beginning optimization with guess, [1.53547494e-01 1.41859783e+04].
2019-08-12 10:42:51,770 - INFO - Finished optomization, results are [-44.941901155887535 array([1.00528413e-01, 5.36583743e+05])].
2019-08-12 10:42:51,771 - INFO - Beginning optimization with guess, [6.24171188e-02 2.82365658e+04].
2019-08-12 10:43:02,107 - INFO - Finished optomization, results are [-44.885033355668384 array([1.01100529e-01, 5.08366524e+05])].
2019-08-12 10:43:02,108 - INFO - Beginning optimization with guess, [1.01786370e-01 2.71417795e+04].
2019-08-12 10:43:12,024 - INFO - Finished optomization, results are [-44.99109498835605 array([1.00375684e-01, 5.41889530e+05])].
2019-08-12 10:43:12,025 - INFO - Beginning optimization with guess, [6.53555304e-02 1.95392378e+04].
2019-08-12 10:43:20,824 - INFO - Finished optomization, results are [-44.86083861489533 array([1.02353443e-01, 4.42678429e+05])].
2019-08-12 10:43:20,826 - INFO - Beginning optimization with guess, [1.51451621e-01 2.21378753e+04].
2019-08-12 10:43:38,163 - INFO - Finished optomization, results are [-44.956053386004896 array([1.00922585e-01, 5.10469006e+05])].
2019-08-12 10:43:38,164 - INFO - Beginning optimization with guess, [1.18265682e-01 1.58052229e+04].
2019-08-12 10:43:47,536 - INFO - Finished optomization, results are [-44.99202956030422 array([1.00303023e-01, 5.46580371e+05])].
2019-08-12 10:43:47,538 - INFO - Beginning optimization with guess, [7.92067797e-02 2.13818883e+04].
2019-08-12 10:43:56,229 - INFO - Finished optomization, results are [-44.99030724055683 array([1.00598796e-01, 5.27650411e+05])].
2019-08-12 10:43:56,230 - INFO - Beginning optimization with guess, [8.30379377e-02 2.96164655e+04].
2019-08-12 10:44:12,151 - INFO - Finished optomization, results are [-44.98166511944146 array([1.00401442e-01, 5.41006215e+05])].
2019-08-12 10:44:12,152 - INFO - Beginning optimization with guess, [6.40662538e-02 2.74261989e+04].
2019-08-12 10:44:26,936 - INFO - Finished optomization, results are [-44.93301586056805 array([1.00954462e-01, 5.10694178e+05])].
2019-08-12 10:44:26,937 - INFO - Beginning optimization with guess, [7.05564965e-02 3.62821074e+04].
2019-08-12 10:44:45,964 - INFO - Finished optomization, results are [-44.94052769303835 array([1.00472854e-01, 5.40376441e+05])].
2019-08-12 10:44:45,965 - INFO - Beginning optimization with guess, [1.58214582e-01 1.67297331e+04].
2019-08-12 10:44:54,171 - INFO - Finished optomization, results are [-44.931703977448706 array([1.01799590e-01, 4.62737497e+05])].
2019-08-12 10:44:54,172 - INFO - Beginning optimization with guess, [1.15568064e-01 3.09356474e+04].
2019-08-12 10:45:05,388 - INFO - Finished optomization, results are [-45.00876107503154 array([1.00101281e-01, 5.58688277e+05])].
2019-08-12 10:45:05,389 - INFO - Beginning optimization with guess, [4.62406253e-02 3.08599253e+04].
2019-08-12 10:45:18,535 - INFO - Finished optomization, results are [-44.95732358628993 array([1.01490110e-01, 4.77523712e+05])].
2019-08-12 10:45:18,536 - INFO - Beginning optimization with guess, [5.36079561e-02 3.63801407e+04].
2019-08-12 10:45:35,560 - INFO - Finished optomization, results are [-45.062760721234554 array([9.81421705e-02, 7.09201617e+05])].
2019-08-12 10:45:35,561 - INFO - Beginning optimization with guess, [5.50956018e-02 4.14676794e+04].
2019-08-12 10:45:44,756 - INFO - Finished optomization, results are [-44.89936481901805 array([1.02506258e-01, 4.29779224e+05])].
2019-08-12 10:45:44,757 - INFO - Beginning optimization with guess, [6.08280241e-02 3.77241854e+04].
2019-08-12 10:45:52,101 - INFO - Finished optomization, results are [-45.272944259107135 array([9.79074732e-02, 7.88425663e+05])].
2019-08-12 10:45:52,103 - INFO - Beginning optimization with guess, [1.44114226e-01 3.86800605e+04].
2019-08-12 10:46:00,630 - INFO - Finished optomization, results are [-45.005583303468484 array([1.00225308e-01, 5.50616507e+05])].
2019-08-12 10:46:00,631 - INFO - Beginning optimization with guess, [4.99328637e-02 2.37132773e+04].
2019-08-12 10:46:14,538 - INFO - Finished optomization, results are [-44.86901494462654 array([1.02029458e-01, 4.57785425e+05])].
2019-08-12 10:46:14,539 - INFO - Beginning optimization with guess, [1.72553202e-01 3.83517692e+04].
2019-08-12 10:46:33,487 - INFO - Finished optomization, results are [-45.000541334631635 array([9.96935871e-02, 5.88068406e+05])].
2019-08-12 10:46:33,488 - INFO - Beginning optimization with guess, [8.25968845e-02 3.37823663e+04].
2019-08-12 10:46:53,765 - INFO - Finished optomization, results are [-44.959457356028906 array([1.01005213e-01, 5.05215110e+05])].
2019-08-12 10:46:53,767 - INFO - Beginning optimization with guess, [1.78001395e-01 2.45660412e+04].
2019-08-12 10:47:08,772 - INFO - Finished optomization, results are [-45.00938598027915 array([9.89115487e-02, 6.48082016e+05])].
2019-08-12 10:47:08,772 - INFO - Beginning optimization with guess, [5.55019536e-02 3.21462937e+04].
2019-08-12 10:47:23,170 - INFO - Finished optomization, results are [-44.857419610766556 array([1.02280492e-01, 4.47548986e+05])].
2019-08-12 10:47:23,171 - INFO - Beginning optimization with guess, [5.32359424e-02 1.51736913e+04].
2019-08-12 10:47:37,481 - INFO - Finished optomization, results are [-44.97767142770863 array([9.88526229e-02, 6.58214933e+05])].
2019-08-12 10:47:37,483 - INFO - Beginning optimization with guess, [6.11175758e-02 1.37115140e+04].
2019-08-12 10:47:56,233 - INFO - Finished optomization, results are [-44.88297766101914 array([1.03659679e-01, 3.80465989e+05])].
2019-08-12 10:47:56,234 - INFO - Beginning optimization with guess, [1.61536058e-01 4.05726730e+04].
2019-08-12 10:48:05,025 - INFO - Finished optomization, results are [-44.99068149825962 array([1.00677118e-01, 5.22720163e+05])].
2019-08-12 10:48:05,027 - INFO - Beginning optimization with guess, [7.10460921e-02 3.70353022e+04].
2019-08-12 10:48:24,825 - INFO - Finished optomization, results are [-44.9507050228176 array([1.00704547e-01, 5.24408420e+05])].
2019-08-12 10:48:24,826 - INFO - Beginning optimization with guess, [7.37229306e-02 1.89995718e+04].
2019-08-12 10:48:45,435 - INFO - Finished optomization, results are [-44.89598001971717 array([1.02126102e-01, 4.48996721e+05])].
2019-08-12 10:48:45,436 - INFO - Beginning optimization with guess, [8.27069291e-02 2.41700666e+04].
2019-08-12 10:49:01,769 - INFO - Finished optomization, results are [-44.97794941951997 array([1.00189027e-01, 5.55451813e+05])].
2019-08-12 10:49:01,770 - INFO - Beginning optimization with guess, [7.64566741e-02 1.63955635e+04].
2019-08-12 10:49:15,751 - INFO - Finished optomization, results are [-44.924362643798304 array([1.01926894e-01, 4.56637548e+05])].
2019-08-12 10:49:15,753 - INFO - Beginning optimization with guess, [9.43317973e-02 4.24808397e+04].
2019-08-12 10:49:23,379 - INFO - Finished optomization, results are [-44.9119433059268 array([1.02241833e-01, 4.41609025e+05])].
2019-08-12 10:49:23,381 - INFO - Beginning optimization with guess, [4.51528226e-02 1.72083231e+04].
2019-08-12 10:49:34,844 - INFO - Finished optomization, results are [-44.98216781658084 array([1.00819172e-01, 5.14625016e+05])].
2019-08-12 10:49:34,845 - INFO - Beginning optimization with guess, [9.04557726e-02 1.55049664e+04].
2019-08-12 10:49:52,578 - INFO - Finished optomization, results are [-44.98889952387526 array([1.00174757e-01, 5.55412489e+05])].
2019-08-12 10:49:52,580 - INFO - Beginning optimization with guess, [9.95780124e-02 1.39066477e+04].
2019-08-12 10:50:01,621 - INFO - Finished optomization, results are [-44.93012096235816 array([1.01917730e-01, 4.56641396e+05])].
2019-08-12 10:50:01,622 - INFO - Beginning optimization with guess, [7.80672956e-02 2.00844694e+04].
2019-08-12 10:50:19,006 - INFO - Finished optomization, results are [-44.93282991714295 array([1.00913969e-01, 5.13187122e+05])].
2019-08-12 10:50:19,007 - INFO - Beginning optimization with guess, [9.46678952e-02 1.33626885e+04].
2019-08-12 10:50:37,171 - INFO - Finished optomization, results are [-44.95922084178528 array([1.00628810e-01, 5.28388552e+05])].
2019-08-12 10:50:37,172 - INFO - Beginning optimization with guess, [7.10092122e-02 2.94402845e+04].
2019-08-12 10:50:51,914 - INFO - Finished optomization, results are [-44.87870263419882 array([1.03747410e-01, 3.77444157e+05])].
2019-08-12 10:50:51,915 - INFO - Beginning optimization with guess, [6.46933376e-02 2.49860035e+04].
2019-08-12 10:51:02,288 - INFO - Finished optomization, results are [-44.951746813659156 array([1.02078363e-01, 4.46775282e+05])].
2019-08-12 10:51:02,288 - INFO - Beginning optimization with guess, [5.13734290e-02 1.39916183e+04].
2019-08-12 10:51:15,306 - INFO - Finished optomization, results are [-44.97856246230913 array([1.00175233e-01, 5.56328125e+05])].
2019-08-12 10:51:15,308 - INFO - Beginning optimization with guess, [5.87675197e-02 2.93431044e+04].
2019-08-12 10:51:24,492 - INFO - Finished optomization, results are [-44.85447236293567 array([1.02720602e-01, 4.26520537e+05])].
2019-08-12 10:51:24,493 - INFO - Beginning optimization with guess, [1.69601090e-01 2.72707495e+04].
2019-08-12 10:51:41,043 - INFO - Finished optomization, results are [-44.98432884934755 array([1.00013584e-01, 5.66873989e+05])].
2019-08-12 10:51:41,045 - INFO - Beginning optimization with guess, [6.79706983e-02 5.22707942e+04].
2019-08-12 10:51:51,918 - INFO - Finished optomization, results are [-44.86378907230119 array([1.03707757e-01, 3.81277975e+05])].
2019-08-12 10:51:51,919 - INFO - Beginning optimization with guess, [8.57105635e-02 1.71014657e+04].
2019-08-12 10:52:00,173 - INFO - Finished optomization, results are [-44.95069013143166 array([1.01124035e-01, 4.98917161e+05])].
2019-08-12 10:52:00,174 - INFO - Beginning optimization with guess, [7.09431673e-02 4.22949626e+04].
2019-08-12 10:52:17,509 - INFO - Finished optomization, results are [-44.892535225561915 array([1.02592396e-01, 4.26321064e+05])].
2019-08-12 10:52:17,511 - INFO - Beginning optimization with guess, [1.69509400e-01 4.71326053e+04].
2019-08-12 10:52:39,321 - INFO - Finished optomization, results are [-45.00036411581368 array([9.93409978e-02, 6.14586293e+05])].
2019-08-12 10:52:39,322 - INFO - Beginning optimization with guess, [8.31511087e-02 2.40152523e+04].
2019-08-12 10:52:54,497 - INFO - Finished optomization, results are [-44.97941919467212 array([1.00085867e-01, 5.62350405e+05])].
2019-08-12 10:52:54,498 - INFO - Beginning optimization with guess, [1.34583688e-01 1.86664878e+04].
2019-08-12 10:53:11,088 - INFO - Finished optomization, results are [-44.96605663812716 array([1.00032034e-01, 5.67459700e+05])].
2019-08-12 10:53:11,090 - INFO - Beginning optimization with guess, [7.55125122e-02 2.50886041e+04].
2019-08-12 10:53:28,458 - INFO - Finished optomization, results are [-44.99380601912162 array([9.99214518e-02, 5.72410608e+05])].
2019-08-12 10:53:28,459 - INFO - Beginning optimization with guess, [5.3916476e-02 2.4465892e+04].
2019-08-12 10:53:38,243 - INFO - Finished optomization, results are [-44.8909368345403 array([1.02961566e-01, 4.09396914e+05])].
2019-08-12 10:53:38,245 - INFO - Beginning optimization with guess, [1.05720581e-01 1.60582950e+04].
2019-08-12 10:53:49,678 - INFO - Finished optomization, results are [-44.94635940213993 array([1.01200958e-01, 4.94792466e+05])].
2019-08-12 10:53:49,678 - INFO - Beginning optimization with guess, [5.06154988e-02 3.61913779e+04].
2019-08-12 10:54:01,060 - INFO - Finished optomization, results are [-44.855160656922635 array([1.03517645e-01, 3.91680207e+05])].
2019-08-12 10:54:01,061 - INFO - Beginning optimization with guess, [7.10339274e-02 3.91052848e+04].
2019-08-12 10:54:11,284 - INFO - Finished optomization, results are [-44.95495887061588 array([1.01014055e-01, 5.05065348e+05])].
2019-08-12 10:54:11,285 - INFO - Beginning optimization with guess, [5.53338976e-02 5.10035137e+04].
2019-08-12 10:54:17,572 - INFO - Finished optomization, results are [-45.241251312481836 array([9.80082938e-02, 7.76812087e+05])].
2019-08-12 10:54:17,573 - INFO - Beginning optimization with guess, [1.70419424e-01 2.31595522e+04].
2019-08-12 10:54:37,716 - INFO - Finished optomization, results are [-45.016335014593096 array([9.89038996e-02, 6.47838832e+05])].
2019-08-12 10:54:37,718 - INFO - Beginning optimization with guess, [7.43043394e-02 3.43955948e+04].
2019-08-12 10:54:46,425 - INFO - Finished optomization, results are [-44.994020319406445 array([1.00288442e-01, 5.47376785e+05])].
2019-08-12 10:54:46,425 - INFO - Beginning optimization with guess, [1.35814593e-01 4.03121317e+04].
2019-08-12 10:55:04,993 - INFO - Finished optomization, results are [-44.93929632504842 array([1.01158446e-01, 4.97898206e+05])].
2019-08-12 10:55:04,994 - INFO - Beginning optimization with guess, [5.62055085e-02 2.01609849e+04].
2019-08-12 10:55:22,008 - INFO - Finished optomization, results are [-44.905262328028584 array([1.04637189e-01, 3.41862568e+05])].
2019-08-12 10:55:22,009 - INFO - Beginning optimization with guess, [6.22027827e-02 2.13704007e+04].
2019-08-12 10:55:41,736 - INFO - Finished optomization, results are [-44.85968600211072 array([1.01929992e-01, 4.69468259e+05])].
2019-08-12 10:55:41,738 - INFO - Beginning optimization with guess, [6.31122890e-02 1.44866895e+04].
2019-08-12 10:55:51,720 - INFO - Finished optomization, results are [-44.921182922508706 array([9.96774891e-02, 6.10140960e+05])].
2019-08-12 10:55:51,720 - INFO - Beginning optimization with guess, [8.87852660e-02 2.11463708e+04].
2019-08-12 10:56:00,786 - INFO - Finished optomization, results are [-44.962846948138576 array([1.01255849e-01, 4.90294493e+05])].
2019-08-12 10:56:00,787 - INFO - Beginning optimization with guess, [1.22699984e-01 2.14373171e+04].
2019-08-12 10:56:17,343 - INFO - Finished optomization, results are [-44.968215219641024 array([1.01070656e-01, 5.00635030e+05])].
2019-08-12 10:56:17,344 - INFO - Beginning optimization with guess, [6.72327866e-02 2.66089125e+04].
2019-08-12 10:56:28,339 - INFO - Finished optomization, results are [-44.95260898993092 array([1.01564426e-01, 4.73786622e+05])].
2019-08-12 10:56:28,340 - INFO - Beginning optimization with guess, [1.06281971e-01 3.64750968e+04].
2019-08-12 10:56:41,405 - INFO - Finished optomization, results are [-44.98422417621896 array([9.99588085e-02, 5.70708973e+05])].
2019-08-12 10:56:41,406 - INFO - Beginning optimization with guess, [9.17904260e-02 1.56583105e+04].
2019-08-12 10:56:52,808 - INFO - Finished optomization, results are [-44.96618957452847 array([1.00859861e-01, 5.13419141e+05])].
2019-08-12 10:56:52,809 - INFO - Beginning optimization with guess, [1.17917756e-01 3.65133328e+04].
2019-08-12 10:57:00,719 - INFO - Finished optomization, results are [-44.98917957284357 array([1.0023804e-01, 5.5113880e+05])].
2019-08-12 10:57:00,720 - INFO - Beginning optimization with guess, [1.67264804e-01 4.81588534e+04].
2019-08-12 10:57:20,891 - INFO - Finished optomization, results are [-44.99659614342818 array([9.92839055e-02, 6.19482206e+05])].
2019-08-12 10:57:20,892 - INFO - Beginning optimization with guess, [7.33410746e-02 3.28015793e+04].
2019-08-12 10:57:42,012 - INFO - Finished optomization, results are [-44.94543106543642 array([1.00836589e-01, 5.16690273e+05])].
2019-08-12 10:57:42,013 - INFO - Beginning optimization with guess, [6.18908230e-02 3.71241273e+04].
2019-08-12 10:57:51,406 - INFO - Finished optomization, results are [-50.28088783023941 array([9.95030392e-02, 7.75383106e+05])].
2019-08-12 10:57:51,407 - INFO - Beginning optimization with guess, [6.23678443e-02 3.76635310e+04].
2019-08-12 10:57:57,187 - INFO - Finished optomization, results are [-50.261508161200254 array([1.00391472e-01, 6.97640336e+05])].
2019-08-12 10:57:57,188 - INFO - Beginning optimization with guess, [1.75858408e-01 2.65834082e+04].
2019-08-12 10:58:05,024 - INFO - Finished optomization, results are [-44.994293088910126 array([9.99972869e-02, 5.67070495e+05])].
2019-08-12 10:58:05,026 - INFO - Beginning optimization with guess, [6.46206361e-02 2.18412407e+04].
2019-08-12 10:58:12,325 - INFO - Finished optomization, results are [-44.857980509907975 array([1.03800052e-01, 3.79714828e+05])].
2019-08-12 10:58:12,325 - INFO - Beginning optimization with guess, [1.34874750e-01 5.15661031e+04].
2019-08-12 10:58:27,864 - INFO - Finished optomization, results are [-44.91916101200695 array([1.01665421e-01, 4.71058701e+05])].
2019-08-12 10:58:27,864 - INFO - Beginning optimization with guess, [1.30429183e-01 4.77227306e+04].
2019-08-12 10:58:35,552 - INFO - Finished optomization, results are [-44.907653130125254 array([1.02264825e-01, 4.40843609e+05])].
2019-08-12 10:58:35,553 - INFO - Beginning optimization with guess, [1.19841229e-01 3.10426680e+04].
2019-08-12 10:58:55,121 - INFO - Finished optomization, results are [-44.98003564586634 array([1.00144065e-01, 5.58306833e+05])].
2019-08-12 10:58:55,123 - INFO - Beginning optimization with guess, [8.37619670e-02 1.40824001e+04].
2019-08-12 10:59:12,059 - INFO - Finished optomization, results are [-44.95924630477475 array([1.00579363e-01, 5.31535295e+05])].
2019-08-12 10:59:12,061 - INFO - Beginning optimization with guess, [6.09141757e-02 4.84505994e+04].
2019-08-12 10:59:22,979 - INFO - Finished optomization, results are [-52.83298245237893 array([9.97072760e-02, 7.94466436e+05])].
2019-08-12 10:59:22,981 - INFO - Beginning optimization with guess, [1.59346821e-01 4.69499181e+04].
2019-08-12 10:59:41,842 - INFO - Finished optomization, results are [-44.99042939420451 array([9.94875072e-02, 6.04464311e+05])].
2019-08-12 10:59:41,843 - INFO - Beginning optimization with guess, [8.18202756e-02 2.74604791e+04].
2019-08-12 10:59:50,251 - INFO - Finished optomization, results are [-44.96408418703686 array([1.00820607e-01, 5.15994990e+05])].
2019-08-12 10:59:50,253 - INFO - Beginning optimization with guess, [1.68602615e-01 3.28671620e+04].
2019-08-12 11:00:03,451 - INFO - Finished optomization, results are [-44.978141647337 array([1.00476004e-01, 5.36473936e+05])].
2019-08-12 11:00:03,452 - INFO - Beginning optimization with guess, [5.51493205e-02 1.54592437e+04].
2019-08-12 11:00:13,821 - INFO - Finished optomization, results are [-44.9493715342569 array([1.01988473e-01, 4.51526295e+05])].
2019-08-12 11:00:13,822 - INFO - Beginning optimization with guess, [1.11597955e-01 3.42810729e+04].
2019-08-12 11:00:21,673 - INFO - Finished optomization, results are [-44.976040650960385 array([1.00718100e-01, 5.21327873e+05])].
2019-08-12 11:00:21,674 - INFO - Beginning optimization with guess, [1.63971990e-01 2.19473499e+04].
2019-08-12 11:00:41,198 - INFO - Finished optomization, results are [-44.96506609177504 array([9.98154296e-02, 5.83040188e+05])].
2019-08-12 11:00:41,199 - INFO - Beginning optimization with guess, [1.78412632e-01 2.07018176e+04].
2019-08-12 11:00:58,341 - INFO - Finished optomization, results are [-44.95256795228761 array([1.00157648e-01, 5.60246908e+05])].
2019-08-12 11:00:58,343 - INFO - Beginning optimization with guess, [7.50246202e-02 5.07592648e+04].
2019-08-12 11:01:08,832 - INFO - Finished optomization, results are [-44.90983693098951 array([1.02604175e-01, 4.24177429e+05])].
2019-08-12 11:01:08,832 - INFO - Beginning optimization with guess, [4.98942447e-02 3.68202683e+04].
2019-08-12 11:01:24,545 - INFO - Finished optomization, results are [-44.85292902858055 array([1.02646375e-01, 4.32246797e+05])].
2019-08-12 11:01:24,547 - INFO - Beginning optimization with guess, [1.32214872e-01 2.46801804e+04].
2019-08-12 11:01:42,848 - INFO - Finished optomization, results are [-44.98018746020898 array([1.00367625e-01, 5.43347276e+05])].
2019-08-12 11:01:42,849 - INFO - Beginning optimization with guess, [5.56253261e-02 2.59568609e+04].
2019-08-12 11:01:57,817 - INFO - Finished optomization, results are [-44.86272673497024 array([1.02347275e-01, 4.42536654e+05])].
2019-08-12 11:01:57,818 - INFO - Beginning optimization with guess, [8.67829236e-02 2.84937526e+04].
2019-08-12 11:02:08,821 - INFO - Finished optomization, results are [-44.96076517903202 array([1.01158956e-01, 4.96050424e+05])].
2019-08-12 11:02:08,822 - INFO - Beginning optimization with guess, [8.94570003e-02 2.78995971e+04].
2019-08-12 11:02:19,536 - INFO - Finished optomization, results are [-44.96584296234414 array([1.00880813e-01, 5.12173698e+05])].
2019-08-12 11:02:19,537 - INFO - Beginning optimization with guess, [4.60929512e-02 1.77466198e+04].
2019-08-12 11:02:34,678 - INFO - Finished optomization, results are [-44.93125085232805 array([1.00285206e-01, 5.54163143e+05])].
2019-08-12 11:02:34,679 - INFO - Finished DFE inference.
2019-08-12 11:02:34,679 - INFO - Integrating expected site-frequency spectrum.
2019-08-12 11:02:34,726 - INFO - Outputing results.
2019-08-12 11:02:34,731 - INFO - Pipeline executed succesfully.
