2019-08-01 12:46:54,434 - INFO - Beginning execution of fitdadi_infer_DFE.py in directory /u/home/j/jonmah/lohmueller_lab/Scripts

2019-08-01 12:46:54,434 - INFO - Progress is being logged to ../Data/AW_array_2000/seed_96_fitdadi_output/log.log

2019-08-01 12:46:54,434 - INFO - Parsed the following arguments:
	breed = AW
	outprefix = ../Data/AW_array_2000/seed_96_fitdadi_output/
	nonsyn_input_sfs = ../Data/AW_array_2000/seed_96_easySFS_output_nonsyn/dadi/pop1.sfs
	syn_input_sfs = ../Data/AW_array_2000/seed_96_easySFS_output_syn/dadi/pop1.sfs

2019-08-01 12:46:54,438 - INFO - Beginning optimization with guess, [0.35817501 0.12113245].
2019-08-01 12:46:54,987 - INFO - Finished optimization with guess, [0.35817501 0.12113245].
2019-08-01 12:46:54,988 - INFO - Best fit parameters: [6.54603631 0.00938369].
2019-08-01 12:46:54,996 - INFO - Maximum log composite likelihood: -25.9104087004.
2019-08-01 12:46:54,996 - INFO - Optimal value of theta: 56.2175043739.
2019-08-01 12:46:54,997 - INFO - Beginning optimization with guess, [0.37342286 0.06648474].
2019-08-01 12:46:55,434 - INFO - Finished optimization with guess, [0.37342286 0.06648474].
2019-08-01 12:46:55,434 - INFO - Best fit parameters: [8.         0.01081865].
2019-08-01 12:46:55,443 - INFO - Maximum log composite likelihood: -25.9073954674.
2019-08-01 12:46:55,443 - INFO - Optimal value of theta: 56.0184694332.
2019-08-01 12:46:55,444 - INFO - Beginning optimization with guess, [0.56533816 0.1218474 ].
2019-08-01 12:46:55,923 - INFO - Finished optimization with guess, [0.56533816 0.1218474 ].
2019-08-01 12:46:55,923 - INFO - Best fit parameters: [3.21095367 0.01071634].
2019-08-01 12:46:55,932 - INFO - Maximum log composite likelihood: -25.9197825608.
2019-08-01 12:46:55,932 - INFO - Optimal value of theta: 56.3051020849.
2019-08-01 12:46:55,932 - INFO - Beginning optimization with guess, [0.71140482 0.08710003].
2019-08-01 12:46:56,405 - INFO - Finished optimization with guess, [0.71140482 0.08710003].
2019-08-01 12:46:56,405 - INFO - Best fit parameters: [4.10999352 0.01039613].
2019-08-01 12:46:56,413 - INFO - Maximum log composite likelihood: -25.9150661455.
2019-08-01 12:46:56,414 - INFO - Optimal value of theta: 56.236156246.
2019-08-01 12:46:56,414 - INFO - Beginning optimization with guess, [0.79514882 0.09494938].
2019-08-01 12:46:56,868 - INFO - Finished optimization with guess, [0.79514882 0.09494938].
2019-08-01 12:46:56,869 - INFO - Best fit parameters: [3.64926895 0.0110629 ].
2019-08-01 12:46:56,876 - INFO - Maximum log composite likelihood: -25.9164829101.
2019-08-01 12:46:56,877 - INFO - Optimal value of theta: 56.2182484034.
2019-08-01 12:46:56,877 - INFO - Beginning optimization with guess, [0.53330869 0.05541803].
2019-08-01 12:46:57,306 - INFO - Finished optimization with guess, [0.53330869 0.05541803].
2019-08-01 12:46:57,306 - INFO - Best fit parameters: [8.         0.01053407].
2019-08-01 12:46:57,315 - INFO - Maximum log composite likelihood: -25.9073597944.
2019-08-01 12:46:57,315 - INFO - Optimal value of theta: 56.0506720092.
2019-08-01 12:46:57,316 - INFO - Beginning optimization with guess, [0.46157716 0.1735466 ].
2019-08-01 12:46:57,869 - INFO - Finished optimization with guess, [0.46157716 0.1735466 ].
2019-08-01 12:46:57,869 - INFO - Best fit parameters: [0.8044382  1.02180959].
2019-08-01 12:46:57,883 - INFO - Maximum log composite likelihood: -25.9299274832.
2019-08-01 12:46:57,884 - INFO - Optimal value of theta: 67.5181481161.
2019-08-01 12:46:57,884 - INFO - Beginning optimization with guess, [0.63470302 0.07407784].
2019-08-01 12:46:58,315 - INFO - Finished optimization with guess, [0.63470302 0.07407784].
2019-08-01 12:46:58,315 - INFO - Best fit parameters: [8.         0.01058874].
2019-08-01 12:46:58,323 - INFO - Maximum log composite likelihood: -25.9073569037.
2019-08-01 12:46:58,324 - INFO - Optimal value of theta: 56.0444817152.
2019-08-01 12:46:58,324 - INFO - Beginning optimization with guess, [0.47312138 0.1143173 ].
2019-08-01 12:46:58,760 - INFO - Finished optimization with guess, [0.47312138 0.1143173 ].
2019-08-01 12:46:58,760 - INFO - Best fit parameters: [3.31332812 0.01332076].
2019-08-01 12:46:58,769 - INFO - Maximum log composite likelihood: -25.9182467475.
2019-08-01 12:46:58,769 - INFO - Optimal value of theta: 56.0617491697.
2019-08-01 12:46:58,770 - INFO - Beginning optimization with guess, [0.70454656 0.07186669].
2019-08-01 12:46:59,254 - INFO - Finished optimization with guess, [0.70454656 0.07186669].
2019-08-01 12:46:59,255 - INFO - Best fit parameters: [8.         0.00956916].
2019-08-01 12:46:59,263 - INFO - Maximum log composite likelihood: -25.9081824292.
2019-08-01 12:46:59,264 - INFO - Optimal value of theta: 56.1602479751.
2019-08-01 12:46:59,264 - INFO - Beginning optimization with guess, [0.43566553 0.14469172].
2019-08-01 12:46:59,716 - INFO - Finished optimization with guess, [0.43566553 0.14469172].
2019-08-01 12:46:59,716 - INFO - Best fit parameters: [1.70488244 0.01649398].
2019-08-01 12:46:59,725 - INFO - Maximum log composite likelihood: -25.9330886435.
2019-08-01 12:46:59,725 - INFO - Optimal value of theta: 56.3975669759.
2019-08-01 12:46:59,726 - INFO - Beginning optimization with guess, [0.26331445 0.1583665 ].
2019-08-01 12:47:00,356 - INFO - Finished optimization with guess, [0.26331445 0.1583665 ].
2019-08-01 12:47:00,357 - INFO - Best fit parameters: [0.76774203 1.13519709].
2019-08-01 12:47:00,371 - INFO - Maximum log composite likelihood: -25.9296101475.
2019-08-01 12:47:00,372 - INFO - Optimal value of theta: 70.7069739818.
2019-08-01 12:47:00,372 - INFO - Beginning optimization with guess, [0.67808493 0.14173971].
2019-08-01 12:47:00,896 - INFO - Finished optimization with guess, [0.67808493 0.14173971].
2019-08-01 12:47:00,896 - INFO - Best fit parameters: [0.98987432 0.42728835].
2019-08-01 12:47:00,906 - INFO - Maximum log composite likelihood: -25.9939078587.
2019-08-01 12:47:00,907 - INFO - Optimal value of theta: 57.5540835751.
2019-08-01 12:47:00,907 - INFO - Beginning optimization with guess, [0.25917451 0.08804437].
2019-08-01 12:47:01,392 - INFO - Finished optimization with guess, [0.25917451 0.08804437].
2019-08-01 12:47:01,393 - INFO - Best fit parameters: [3.46639269 0.01369397].
2019-08-01 12:47:01,401 - INFO - Maximum log composite likelihood: -25.9181432423.
2019-08-01 12:47:01,402 - INFO - Optimal value of theta: 56.0045392798.
2019-08-01 12:47:01,402 - INFO - Beginning optimization with guess, [0.48948485 0.10976494].
2019-08-01 12:47:01,918 - INFO - Finished optimization with guess, [0.48948485 0.10976494].
2019-08-01 12:47:01,918 - INFO - Best fit parameters: [4.15566815 0.01007638].
2019-08-01 12:47:01,926 - INFO - Maximum log composite likelihood: -25.9153974525.
2019-08-01 12:47:01,927 - INFO - Optimal value of theta: 56.2634958236.
2019-08-01 12:47:01,927 - INFO - Beginning optimization with guess, [0.9228511  0.06384991].
2019-08-01 12:47:02,357 - INFO - Finished optimization with guess, [0.9228511  0.06384991].
2019-08-01 12:47:02,358 - INFO - Best fit parameters: [7.73492287 0.01097811].
2019-08-01 12:47:02,366 - INFO - Maximum log composite likelihood: -25.9076822161.
2019-08-01 12:47:02,366 - INFO - Optimal value of theta: 56.0069797171.
2019-08-01 12:47:02,367 - INFO - Beginning optimization with guess, [0.95637736 0.07813882].
2019-08-01 12:47:02,803 - INFO - Finished optimization with guess, [0.95637736 0.07813882].
2019-08-01 12:47:02,804 - INFO - Best fit parameters: [8.         0.00943068].
2019-08-01 12:47:02,812 - INFO - Maximum log composite likelihood: -25.9084216384.
2019-08-01 12:47:02,812 - INFO - Optimal value of theta: 56.1760235203.
2019-08-01 12:47:02,813 - INFO - Beginning optimization with guess, [0.64858467 0.15435886].
2019-08-01 12:47:03,384 - INFO - Finished optimization with guess, [0.64858467 0.15435886].
2019-08-01 12:47:03,384 - INFO - Best fit parameters: [0.83704253 0.86660377].
2019-08-01 12:47:03,397 - INFO - Maximum log composite likelihood: -25.9308002862.
2019-08-01 12:47:03,398 - INFO - Optimal value of theta: 64.8436674833.
2019-08-01 12:47:03,398 - INFO - Beginning optimization with guess, [0.33299256 0.06056305].
2019-08-01 12:47:03,800 - INFO - Finished optimization with guess, [0.33299256 0.06056305].
2019-08-01 12:47:03,800 - INFO - Best fit parameters: [8.         0.01059016].
2019-08-01 12:47:03,808 - INFO - Maximum log composite likelihood: -25.9073568905.
2019-08-01 12:47:03,808 - INFO - Optimal value of theta: 56.044321358.
2019-08-01 12:47:03,809 - INFO - Beginning optimization with guess, [0.35646509 0.07386017].
2019-08-01 12:47:04,322 - INFO - Finished optimization with guess, [0.35646509 0.07386017].
2019-08-01 12:47:04,323 - INFO - Best fit parameters: [4.53454944 0.01008841].
2019-08-01 12:47:04,331 - INFO - Maximum log composite likelihood: -25.9138930576.
2019-08-01 12:47:04,331 - INFO - Optimal value of theta: 56.2344252751.
2019-08-01 12:47:04,331 - INFO - Beginning optimization with guess, [0.369607   0.05782449].
2019-08-01 12:47:04,720 - INFO - Finished optimization with guess, [0.369607   0.05782449].
2019-08-01 12:47:04,720 - INFO - Best fit parameters: [4.48618603 0.01405326].
2019-08-01 12:47:04,728 - INFO - Maximum log composite likelihood: -25.9168444311.
2019-08-01 12:47:04,728 - INFO - Optimal value of theta: 55.8464473707.
2019-08-01 12:47:04,728 - INFO - Beginning optimization with guess, [0.28520283 0.05664203].
2019-08-01 12:47:05,099 - INFO - Finished optimization with guess, [0.28520283 0.05664203].
2019-08-01 12:47:05,099 - INFO - Best fit parameters: [8.         0.01059012].
2019-08-01 12:47:05,108 - INFO - Maximum log composite likelihood: -25.9073568908.
2019-08-01 12:47:05,108 - INFO - Optimal value of theta: 56.0443252572.
2019-08-01 12:47:05,109 - INFO - Beginning optimization with guess, [0.34242036 0.05468415].
2019-08-01 12:47:05,517 - INFO - Finished optimization with guess, [0.34242036 0.05468415].
2019-08-01 12:47:05,517 - INFO - Best fit parameters: [8.         0.01059014].
2019-08-01 12:47:05,526 - INFO - Maximum log composite likelihood: -25.9073568906.
2019-08-01 12:47:05,526 - INFO - Optimal value of theta: 56.0443231001.
2019-08-01 12:47:05,527 - INFO - Beginning optimization with guess, [0.65127461 0.08289985].
2019-08-01 12:47:05,962 - INFO - Finished optimization with guess, [0.65127461 0.08289985].
2019-08-01 12:47:05,963 - INFO - Best fit parameters: [8.         0.01020523].
2019-08-01 12:47:05,971 - INFO - Maximum log composite likelihood: -25.9074755071.
2019-08-01 12:47:05,971 - INFO - Optimal value of theta: 56.0879476679.
2019-08-01 12:47:05,972 - INFO - Beginning optimization with guess, [0.9506101  0.12697115].
2019-08-01 12:47:06,497 - INFO - Finished optimization with guess, [0.9506101  0.12697115].
2019-08-01 12:47:06,497 - INFO - Best fit parameters: [1.11841213 0.04634856].
2019-08-01 12:47:06,506 - INFO - Maximum log composite likelihood: -25.9740601678.
2019-08-01 12:47:06,506 - INFO - Optimal value of theta: 56.7028453492.
2019-08-01 12:47:06,507 - INFO - Beginning optimization with guess, [0.36526837 0.07335619].
2019-08-01 12:47:06,863 - INFO - Finished optimization with guess, [0.36526837 0.07335619].
2019-08-01 12:47:06,863 - INFO - Best fit parameters: [8.         0.01059007].
2019-08-01 12:47:06,871 - INFO - Maximum log composite likelihood: -25.9073568912.
2019-08-01 12:47:06,871 - INFO - Optimal value of theta: 56.0443309818.
2019-08-01 12:47:06,872 - INFO - Beginning optimization with guess, [0.48033742 0.06075024].
2019-08-01 12:47:07,261 - INFO - Finished optimization with guess, [0.48033742 0.06075024].
2019-08-01 12:47:07,261 - INFO - Best fit parameters: [4.06300412 0.01404564].
2019-08-01 12:47:07,269 - INFO - Maximum log composite likelihood: -25.9173583119.
2019-08-01 12:47:07,269 - INFO - Optimal value of theta: 55.8919810823.
2019-08-01 12:47:07,269 - INFO - Beginning optimization with guess, [0.38477494 0.05997332].
2019-08-01 12:47:07,614 - INFO - Finished optimization with guess, [0.38477494 0.05997332].
2019-08-01 12:47:07,614 - INFO - Best fit parameters: [8.         0.01059011].
2019-08-01 12:47:07,622 - INFO - Maximum log composite likelihood: -25.9073568908.
2019-08-01 12:47:07,622 - INFO - Optimal value of theta: 56.0443263222.
2019-08-01 12:47:07,622 - INFO - Beginning optimization with guess, [0.64152851 0.15839169].
2019-08-01 12:47:08,154 - INFO - Finished optimization with guess, [0.64152851 0.15839169].
2019-08-01 12:47:08,154 - INFO - Best fit parameters: [0.81396556 0.96789835].
2019-08-01 12:47:08,166 - INFO - Maximum log composite likelihood: -25.9300629062.
2019-08-01 12:47:08,167 - INFO - Optimal value of theta: 66.6601742857.
2019-08-01 12:47:08,167 - INFO - Beginning optimization with guess, [0.30432736 0.06613345].
2019-08-01 12:47:08,646 - INFO - Finished optimization with guess, [0.30432736 0.06613345].
2019-08-01 12:47:08,647 - INFO - Best fit parameters: [3.40707088 0.01196603].
2019-08-01 12:47:08,656 - INFO - Maximum log composite likelihood: -25.9173031401.
2019-08-01 12:47:08,656 - INFO - Optimal value of theta: 56.1669830068.
2019-08-01 12:47:08,657 - INFO - Beginning optimization with guess, [0.47560692 0.09333626].
2019-08-01 12:47:09,177 - INFO - Finished optimization with guess, [0.47560692 0.09333626].
2019-08-01 12:47:09,178 - INFO - Best fit parameters: [3.67025396 0.01116774].
2019-08-01 12:47:09,187 - INFO - Maximum log composite likelihood: -25.9162758382.
2019-08-01 12:47:09,188 - INFO - Optimal value of theta: 56.2061740347.
2019-08-01 12:47:09,188 - INFO - Beginning optimization with guess, [0.38481182 0.19518835].
2019-08-01 12:47:09,844 - INFO - Finished optimization with guess, [0.38481182 0.19518835].
2019-08-01 12:47:09,844 - INFO - Best fit parameters: [0.72557064 1.21223035].
2019-08-01 12:47:09,862 - INFO - Maximum log composite likelihood: -25.929459261.
2019-08-01 12:47:09,862 - INFO - Optimal value of theta: 74.691434429.
2019-08-01 12:47:09,862 - INFO - Beginning optimization with guess, [0.52924931 0.10508262].
2019-08-01 12:47:10,410 - INFO - Finished optimization with guess, [0.52924931 0.10508262].
2019-08-01 12:47:10,411 - INFO - Best fit parameters: [8.         0.00924316].
2019-08-01 12:47:10,420 - INFO - Maximum log composite likelihood: -25.9087946011.
2019-08-01 12:47:10,420 - INFO - Optimal value of theta: 56.1974047999.
2019-08-01 12:47:10,420 - INFO - Beginning optimization with guess, [0.49585126 0.15615403].
2019-08-01 12:47:11,049 - INFO - Finished optimization with guess, [0.49585126 0.15615403].
2019-08-01 12:47:11,049 - INFO - Best fit parameters: [0.86615987 0.80674042].
2019-08-01 12:47:11,062 - INFO - Maximum log composite likelihood: -25.9329241975.
2019-08-01 12:47:11,063 - INFO - Optimal value of theta: 63.0567806331.
2019-08-01 12:47:11,063 - INFO - Beginning optimization with guess, [0.48428761 0.05061384].
2019-08-01 12:47:11,387 - INFO - Finished optimization with guess, [0.48428761 0.05061384].
2019-08-01 12:47:11,387 - INFO - Best fit parameters: [8.        0.0105905].
2019-08-01 12:47:11,396 - INFO - Maximum log composite likelihood: -25.9073568878.
2019-08-01 12:47:11,397 - INFO - Optimal value of theta: 56.0442824594.
2019-08-01 12:47:11,397 - INFO - Beginning optimization with guess, [0.32690132 0.16068596].
2019-08-01 12:47:12,043 - INFO - Finished optimization with guess, [0.32690132 0.16068596].
2019-08-01 12:47:12,044 - INFO - Best fit parameters: [0.7490467  1.16662668].
2019-08-01 12:47:12,061 - INFO - Maximum log composite likelihood: -25.9295063045.
2019-08-01 12:47:12,061 - INFO - Optimal value of theta: 72.3824094966.
2019-08-01 12:47:12,061 - INFO - Beginning optimization with guess, [0.35958698 0.10854119].
2019-08-01 12:47:12,712 - INFO - Finished optimization with guess, [0.35958698 0.10854119].
2019-08-01 12:47:12,712 - INFO - Best fit parameters: [3.06593248 0.01418802].
2019-08-01 12:47:12,721 - INFO - Maximum log composite likelihood: -25.918621209.
2019-08-01 12:47:12,722 - INFO - Optimal value of theta: 56.0291443284.
2019-08-01 12:47:12,722 - INFO - Beginning optimization with guess, [0.41591643 0.10853642].
2019-08-01 12:47:13,188 - INFO - Finished optimization with guess, [0.41591643 0.10853642].
2019-08-01 12:47:13,189 - INFO - Best fit parameters: [8.         0.01058692].
2019-08-01 12:47:13,198 - INFO - Maximum log composite likelihood: -25.9073569251.
2019-08-01 12:47:13,198 - INFO - Optimal value of theta: 56.0446872585.
2019-08-01 12:47:13,198 - INFO - Beginning optimization with guess, [0.27609111 0.1252671 ].
2019-08-01 12:47:13,648 - INFO - Finished optimization with guess, [0.27609111 0.1252671 ].
2019-08-01 12:47:13,648 - INFO - Best fit parameters: [1.73235064 0.01563814].
2019-08-01 12:47:13,656 - INFO - Maximum log composite likelihood: -25.9330843704.
2019-08-01 12:47:13,656 - INFO - Optimal value of theta: 56.4224920537.
2019-08-01 12:47:13,656 - INFO - Beginning optimization with guess, [0.9773747 0.0870572].
2019-08-01 12:47:14,072 - INFO - Finished optimization with guess, [0.9773747 0.0870572].
2019-08-01 12:47:14,073 - INFO - Best fit parameters: [5.15135452 0.00961821].
2019-08-01 12:47:14,080 - INFO - Maximum log composite likelihood: -25.9128611821.
2019-08-01 12:47:14,080 - INFO - Optimal value of theta: 56.2466656939.
2019-08-01 12:47:14,081 - INFO - Beginning optimization with guess, [0.40518932 0.08857637].
2019-08-01 12:47:14,474 - INFO - Finished optimization with guess, [0.40518932 0.08857637].
2019-08-01 12:47:14,474 - INFO - Best fit parameters: [8.         0.01060798].
2019-08-01 12:47:14,482 - INFO - Maximum log composite likelihood: -25.9073569908.
2019-08-01 12:47:14,482 - INFO - Optimal value of theta: 56.0423038905.
2019-08-01 12:47:14,483 - INFO - Beginning optimization with guess, [0.77330233 0.09744525].
2019-08-01 12:47:14,902 - INFO - Finished optimization with guess, [0.77330233 0.09744525].
2019-08-01 12:47:14,902 - INFO - Best fit parameters: [8.         0.01029538].
2019-08-01 12:47:14,910 - INFO - Maximum log composite likelihood: -25.9074269621.
2019-08-01 12:47:14,910 - INFO - Optimal value of theta: 56.077721687.
2019-08-01 12:47:14,910 - INFO - Beginning optimization with guess, [0.3245504  0.06698526].
2019-08-01 12:47:15,370 - INFO - Finished optimization with guess, [0.3245504  0.06698526].
2019-08-01 12:47:15,370 - INFO - Best fit parameters: [5.93225782 0.01369845].
2019-08-01 12:47:15,378 - INFO - Maximum log composite likelihood: -25.9148362792.
2019-08-01 12:47:15,378 - INFO - Optimal value of theta: 55.7783357176.
2019-08-01 12:47:15,378 - INFO - Beginning optimization with guess, [0.48042229 0.05346501].
2019-08-01 12:47:15,766 - INFO - Finished optimization with guess, [0.48042229 0.05346501].
2019-08-01 12:47:15,766 - INFO - Best fit parameters: [6.36638388 0.00985818].
2019-08-01 12:47:15,774 - INFO - Maximum log composite likelihood: -25.9098503589.
2019-08-01 12:47:15,774 - INFO - Optimal value of theta: 56.1712015014.
2019-08-01 12:47:15,774 - INFO - Beginning optimization with guess, [0.25107266 0.07899959].
2019-08-01 12:47:16,167 - INFO - Finished optimization with guess, [0.25107266 0.07899959].
2019-08-01 12:47:16,168 - INFO - Best fit parameters: [8.         0.00927029].
2019-08-01 12:47:16,175 - INFO - Maximum log composite likelihood: -25.908737155.
2019-08-01 12:47:16,176 - INFO - Optimal value of theta: 56.1943107854.
2019-08-01 12:47:16,176 - INFO - Beginning optimization with guess, [0.7082418  0.05641819].
2019-08-01 12:47:16,630 - INFO - Finished optimization with guess, [0.7082418  0.05641819].
2019-08-01 12:47:16,631 - INFO - Best fit parameters: [8.         0.01058795].
2019-08-01 12:47:16,639 - INFO - Maximum log composite likelihood: -25.9073569123.
2019-08-01 12:47:16,639 - INFO - Optimal value of theta: 56.0445705405.
2019-08-01 12:47:16,639 - INFO - Beginning optimization with guess, [0.95204876 0.05694056].
2019-08-01 12:47:17,093 - INFO - Finished optimization with guess, [0.95204876 0.05694056].
2019-08-01 12:47:17,093 - INFO - Best fit parameters: [8.         0.01050313].
2019-08-01 12:47:17,100 - INFO - Maximum log composite likelihood: -25.9073634897.
2019-08-01 12:47:17,101 - INFO - Optimal value of theta: 56.0541761875.
2019-08-01 12:47:17,101 - INFO - Beginning optimization with guess, [0.41247562 0.08493873].
2019-08-01 12:47:17,546 - INFO - Finished optimization with guess, [0.41247562 0.08493873].
2019-08-01 12:47:17,546 - INFO - Best fit parameters: [8.        0.0105806].
2019-08-01 12:47:17,556 - INFO - Maximum log composite likelihood: -25.9073570399.
2019-08-01 12:47:17,556 - INFO - Optimal value of theta: 56.0454035982.
2019-08-01 12:47:17,557 - INFO - Beginning optimization with guess, [0.83232386 0.09052236].
2019-08-01 12:47:17,969 - INFO - Finished optimization with guess, [0.83232386 0.09052236].
2019-08-01 12:47:17,970 - INFO - Best fit parameters: [8.         0.01007526].
2019-08-01 12:47:17,978 - INFO - Maximum log composite likelihood: -25.9075679621.
2019-08-01 12:47:17,979 - INFO - Optimal value of theta: 56.1027004227.
2019-08-01 12:47:17,979 - INFO - Beginning optimization with guess, [0.73965445 0.17256693].
2019-08-01 12:47:18,541 - INFO - Finished optimization with guess, [0.73965445 0.17256693].
2019-08-01 12:47:18,542 - INFO - Best fit parameters: [0.75174599 1.16128376].
2019-08-01 12:47:18,557 - INFO - Maximum log composite likelihood: -25.9295146852.
2019-08-01 12:47:18,557 - INFO - Optimal value of theta: 72.129174596.
2019-08-01 12:47:18,558 - INFO - Finished demographic inference.
2019-08-01 12:47:18,558 - INFO - Beginning DFE inference.
2019-08-01 12:47:19,610 - INFO - Beginning optimization with guess, [  0.17604574 156.54591953].
2019-08-01 12:47:21,850 - INFO - Finished optomization, results are [-24.947108853291518 array([1.04709880e-01, 3.48058859e+03])].
2019-08-01 12:47:21,850 - INFO - Beginning optimization with guess, [1.19990730e-01 1.32391691e+02].
2019-08-01 12:47:24,109 - INFO - Finished optomization, results are [-24.934747343905688 array([1.02141534e-01, 3.91162175e+03])].
2019-08-01 12:47:24,110 - INFO - Beginning optimization with guess, [6.16798844e-02 2.36375409e+02].
2019-08-01 12:47:28,160 - INFO - Finished optomization, results are [-24.760116210205716 array([1.11051400e-01, 4.03327723e+03])].
2019-08-01 12:47:28,161 - INFO - Beginning optimization with guess, [  0.16510734 129.53435912].
2019-08-01 12:47:31,059 - INFO - Finished optomization, results are [-24.851160876607423 array([1.08052020e-01, 3.38328163e+03])].
2019-08-01 12:47:31,080 - INFO - Beginning optimization with guess, [9.31369257e-02 1.61511433e+02].
2019-08-01 12:47:36,918 - INFO - Finished optomization, results are [-24.85518894869317 array([1.08169275e-01, 3.35737824e+03])].
2019-08-01 12:47:36,918 - INFO - Beginning optimization with guess, [7.65834210e-02 1.47968019e+02].
2019-08-01 12:47:39,631 - INFO - Finished optomization, results are [-24.837987729720794 array([1.07224036e-01, 3.51469122e+03])].
2019-08-01 12:47:39,632 - INFO - Beginning optimization with guess, [7.50578034e-02 1.35768333e+02].
2019-08-01 12:47:42,097 - INFO - Finished optomization, results are [-24.912296657319523 array([1.06874891e-01, 3.30583857e+03])].
2019-08-01 12:47:42,097 - INFO - Beginning optimization with guess, [1.42819571e-01 1.80592086e+02].
2019-08-01 12:47:44,741 - INFO - Finished optomization, results are [-24.940791959599302 array([1.04843715e-01, 3.47950624e+03])].
2019-08-01 12:47:44,742 - INFO - Beginning optimization with guess, [4.75800488e-02 7.33278625e+01].
2019-08-01 12:47:48,923 - INFO - Finished optomization, results are [-24.793287768431938 array([1.05687818e-01, 3.86468882e+03])].
2019-08-01 12:47:48,924 - INFO - Beginning optimization with guess, [8.60434660e-02 1.35017131e+02].
2019-08-01 12:47:50,919 - INFO - Finished optomization, results are [-24.779752567205776 array([1.09542221e-01, 3.62020413e+03])].
2019-08-01 12:47:50,919 - INFO - Beginning optimization with guess, [6.70848952e-02 1.51726043e+02].
2019-08-01 12:47:54,597 - INFO - Finished optomization, results are [-24.937309619210126 array([1.16249441e-01, 3.55006601e+03])].
2019-08-01 12:47:54,598 - INFO - Beginning optimization with guess, [5.50845889e-02 7.07008005e+01].
2019-08-01 12:47:58,209 - INFO - Finished optomization, results are [-24.975188249197885 array([1.03010640e-01, 3.65657811e+03])].
2019-08-01 12:47:58,210 - INFO - Beginning optimization with guess, [1.31270334e-01 2.65734457e+02].
2019-08-01 12:48:00,851 - INFO - Finished optomization, results are [-24.815330274943275 array([1.06305391e-01, 3.70234424e+03])].
2019-08-01 12:48:00,851 - INFO - Beginning optimization with guess, [8.33342746e-02 8.61275664e+01].
2019-08-01 12:48:03,889 - INFO - Finished optomization, results are [-24.802151642319608 array([1.05570734e-01, 3.84235153e+03])].
2019-08-01 12:48:03,890 - INFO - Beginning optimization with guess, [5.11418868e-02 2.18484838e+02].
2019-08-01 12:48:08,062 - INFO - Finished optomization, results are [-24.795308267573937 array([1.05358569e-01, 3.89679517e+03])].
2019-08-01 12:48:08,063 - INFO - Beginning optimization with guess, [1.14665524e-01 2.29273872e+02].
2019-08-01 12:48:09,559 - INFO - Finished optomization, results are [-24.964148662423085 array([1.01560259e-01, 3.92954727e+03])].
2019-08-01 12:48:09,559 - INFO - Beginning optimization with guess, [  0.13643617 124.05870182].
2019-08-01 12:48:13,468 - INFO - Finished optomization, results are [-24.918204610045358 array([1.01687085e-01, 4.04030447e+03])].
2019-08-01 12:48:13,468 - INFO - Beginning optimization with guess, [ 0.14112092 85.56029759].
2019-08-01 12:48:16,332 - INFO - Finished optomization, results are [-24.804060752942853 array([1.08505721e-01, 3.54124457e+03])].
2019-08-01 12:48:16,332 - INFO - Beginning optimization with guess, [1.26712876e-01 1.72812478e+02].
2019-08-01 12:48:20,155 - INFO - Finished optomization, results are [-24.894217871496473 array([1.02904263e-01, 3.90584093e+03])].
2019-08-01 12:48:20,156 - INFO - Beginning optimization with guess, [8.08680761e-02 1.92340033e+02].
2019-08-01 12:48:22,447 - INFO - Finished optomization, results are [-24.801102642031662 array([1.11496199e-01, 3.48825813e+03])].
2019-08-01 12:48:22,447 - INFO - Beginning optimization with guess, [8.38675647e-02 1.80121239e+02].
2019-08-01 12:48:24,448 - INFO - Finished optomization, results are [-24.849130223790368 array([1.13997757e-01, 3.36773125e+03])].
2019-08-01 12:48:24,449 - INFO - Beginning optimization with guess, [4.55451985e-02 2.11820266e+02].
2019-08-01 12:48:29,860 - INFO - Finished optomization, results are [-24.85835232240096 array([1.02843985e-01, 4.03203394e+03])].
2019-08-01 12:48:29,860 - INFO - Beginning optimization with guess, [6.56792103e-02 1.70628302e+02].
2019-08-01 12:48:31,616 - INFO - Finished optomization, results are [-24.82467631443921 array([1.13251658e-01, 3.59962029e+03])].
2019-08-01 12:48:31,616 - INFO - Beginning optimization with guess, [1.26816939e-01 1.61167014e+02].
2019-08-01 12:48:34,109 - INFO - Finished optomization, results are [-24.926850759631314 array([1.03437293e-01, 3.72343411e+03])].
2019-08-01 12:48:34,110 - INFO - Beginning optimization with guess, [1.17629041e-01 1.26759992e+02].
2019-08-01 12:48:36,918 - INFO - Finished optomization, results are [-25.05716976939599 array([1.03063019e-01, 3.44674121e+03])].
2019-08-01 12:48:36,918 - INFO - Beginning optimization with guess, [1.15787718e-01 2.01349013e+02].
2019-08-01 12:48:38,780 - INFO - Finished optomization, results are [-25.0389916749212 array([1.01532656e-01, 3.73839658e+03])].
2019-08-01 12:48:38,781 - INFO - Beginning optimization with guess, [6.55972983e-02 9.65714356e+01].
2019-08-01 12:48:43,097 - INFO - Finished optomization, results are [-24.801621208165727 array([1.05228399e-01, 3.88761622e+03])].
2019-08-01 12:48:43,098 - INFO - Beginning optimization with guess, [8.43109009e-02 1.44442660e+02].
2019-08-01 12:48:46,306 - INFO - Finished optomization, results are [-24.818277686144896 array([1.11807702e-01, 3.35872465e+03])].
2019-08-01 12:48:46,307 - INFO - Beginning optimization with guess, [4.99852250e-02 1.58929477e+02].
2019-08-01 12:48:48,651 - INFO - Finished optomization, results are [-24.862459833691517 array([1.06639528e-01, 3.49095824e+03])].
2019-08-01 12:48:48,652 - INFO - Beginning optimization with guess, [4.54758228e-02 8.93063447e+01].
2019-08-01 12:48:51,400 - INFO - Finished optomization, results are [-24.900993170081392 array([1.06560840e-01, 3.37604088e+03])].
2019-08-01 12:48:51,401 - INFO - Beginning optimization with guess, [1.70623677e-01 1.80205290e+02].
2019-08-01 12:48:57,743 - INFO - Finished optomization, results are [-24.89640627974851 array([1.02365318e-01, 3.98879288e+03])].
2019-08-01 12:48:57,743 - INFO - Beginning optimization with guess, [6.24405878e-02 1.80686283e+02].
2019-08-01 12:48:59,858 - INFO - Finished optomization, results are [-24.91088843449475 array([1.03794423e-01, 3.71575884e+03])].
2019-08-01 12:48:59,859 - INFO - Beginning optimization with guess, [6.71457820e-02 2.65883137e+02].
2019-08-01 12:49:01,868 - INFO - Finished optomization, results are [-24.847037638609706 array([1.06700814e-01, 3.53798509e+03])].
2019-08-01 12:49:01,868 - INFO - Beginning optimization with guess, [1.66512545e-01 2.03614611e+02].
2019-08-01 12:49:04,991 - INFO - Finished optomization, results are [-24.991822505560144 array([1.03620591e-01, 3.51993083e+03])].
2019-08-01 12:49:04,991 - INFO - Beginning optimization with guess, [9.71094733e-02 1.03709448e+02].
2019-08-01 12:49:07,081 - INFO - Finished optomization, results are [-24.757564445600345 array([1.10347979e-01, 3.83816384e+03])].
2019-08-01 12:49:07,081 - INFO - Beginning optimization with guess, [ 0.10552005 79.64411218].
2019-08-01 12:49:09,810 - INFO - Finished optomization, results are [-24.80454752732633 array([1.05497824e-01, 3.84172941e+03])].
2019-08-01 12:49:09,810 - INFO - Beginning optimization with guess, [5.04980528e-02 9.63854667e+01].
2019-08-01 12:49:15,133 - INFO - Finished optomization, results are [-24.98003012595072 array([1.00815349e-01, 4.02156556e+03])].
2019-08-01 12:49:15,134 - INFO - Beginning optimization with guess, [6.80540600e-02 1.54101897e+02].
2019-08-01 12:49:18,773 - INFO - Finished optomization, results are [-24.74744113418209 array([1.06634892e-01, 3.98191576e+03])].
2019-08-01 12:49:18,774 - INFO - Beginning optimization with guess, [8.28180172e-02 1.41710902e+02].
2019-08-01 12:49:20,933 - INFO - Finished optomization, results are [-24.739211912286578 array([1.08541794e-01, 3.92767787e+03])].
2019-08-01 12:49:20,933 - INFO - Beginning optimization with guess, [8.95716247e-02 2.36397028e+02].
2019-08-01 12:49:24,967 - INFO - Finished optomization, results are [-24.767763109527237 array([1.06618494e-01, 3.87807317e+03])].
2019-08-01 12:49:24,968 - INFO - Beginning optimization with guess, [ 0.14243571 72.13735761].
2019-08-01 12:49:27,120 - INFO - Finished optomization, results are [-24.795689859977585 array([1.05802482e-01, 3.84089667e+03])].
2019-08-01 12:49:27,120 - INFO - Beginning optimization with guess, [5.18824068e-02 9.89909365e+01].
2019-08-01 12:49:30,472 - INFO - Finished optomization, results are [-25.198728487967003 array([9.92499636e-02, 3.78992970e+03])].
2019-08-01 12:49:30,473 - INFO - Beginning optimization with guess, [ 0.10520842 92.49667727].
2019-08-01 12:49:33,174 - INFO - Finished optomization, results are [-24.815229779587547 array([1.05219812e-01, 3.83518269e+03])].
2019-08-01 12:49:33,175 - INFO - Beginning optimization with guess, [ 0.16980985 80.12158445].
2019-08-01 12:49:38,000 - INFO - Finished optomization, results are [-24.747004651344348 array([1.06101152e-01, 4.03500571e+03])].
2019-08-01 12:49:38,001 - INFO - Beginning optimization with guess, [1.68742433e-01 2.12688288e+02].
2019-08-01 12:49:43,361 - INFO - Finished optomization, results are [-24.799835401978335 array([1.04258436e-01, 4.02653349e+03])].
2019-08-01 12:49:43,361 - INFO - Beginning optimization with guess, [6.75663508e-02 7.50658758e+01].
2019-08-01 12:49:45,415 - INFO - Finished optomization, results are [-24.857676707468492 array([1.08987433e-01, 3.27603239e+03])].
2019-08-01 12:49:45,416 - INFO - Beginning optimization with guess, [8.23361271e-02 1.95625790e+02].
2019-08-01 12:49:49,149 - INFO - Finished optomization, results are [-24.762090573818647 array([1.10679323e-01, 3.83325935e+03])].
2019-08-01 12:49:49,150 - INFO - Beginning optimization with guess, [5.01278059e-02 1.44893557e+02].
2019-08-01 12:49:52,434 - INFO - Finished optomization, results are [-24.89535066696571 array([1.02308829e-01, 4.00174254e+03])].
2019-08-01 12:49:52,434 - INFO - Beginning optimization with guess, [ 0.0951729  93.15669858].
2019-08-01 12:49:55,566 - INFO - Finished optomization, results are [-24.771035781408855 array([1.07788707e-01, 3.76064006e+03])].
2019-08-01 12:49:55,566 - INFO - Beginning optimization with guess, [7.41559697e-02 8.68855946e+01].
2019-08-01 12:49:58,404 - INFO - Finished optomization, results are [-24.95959647328992 array([1.02000080e-01, 3.86529574e+03])].
2019-08-01 12:49:58,404 - INFO - Finished DFE inference.
2019-08-01 12:49:58,404 - INFO - Integrating expected site-frequency spectrum.
2019-08-01 12:49:58,423 - INFO - Outputing results.
2019-08-01 12:49:58,428 - INFO - Pipeline executed succesfully.
