2019-08-01 12:46:54,901 - INFO - Beginning execution of fitdadi_infer_DFE.py in directory /u/home/j/jonmah/lohmueller_lab/Scripts

2019-08-01 12:46:54,901 - INFO - Progress is being logged to ../Data/AW_array_2000/seed_21_fitdadi_output/log.log

2019-08-01 12:46:54,901 - INFO - Parsed the following arguments:
	breed = AW
	outprefix = ../Data/AW_array_2000/seed_21_fitdadi_output/
	nonsyn_input_sfs = ../Data/AW_array_2000/seed_21_easySFS_output_nonsyn/dadi/pop1.sfs
	syn_input_sfs = ../Data/AW_array_2000/seed_21_easySFS_output_syn/dadi/pop1.sfs

2019-08-01 12:46:54,904 - INFO - Beginning optimization with guess, [0.2751385  0.13418986].
2019-08-01 12:46:56,325 - INFO - Finished optimization with guess, [0.2751385  0.13418986].
2019-08-01 12:46:56,326 - INFO - Best fit parameters: [0.17776003 0.24174969].
2019-08-01 12:46:56,360 - INFO - Maximum log composite likelihood: -20.8856642673.
2019-08-01 12:46:56,361 - INFO - Optimal value of theta: 159.150204168.
2019-08-01 12:46:56,361 - INFO - Beginning optimization with guess, [0.30758393 0.1814302 ].
2019-08-01 12:46:57,831 - INFO - Finished optimization with guess, [0.30758393 0.1814302 ].
2019-08-01 12:46:57,832 - INFO - Best fit parameters: [0.19365432 0.2434379 ].
2019-08-01 12:46:57,865 - INFO - Maximum log composite likelihood: -20.8859398251.
2019-08-01 12:46:57,866 - INFO - Optimal value of theta: 146.251340804.
2019-08-01 12:46:57,866 - INFO - Beginning optimization with guess, [0.41663154 0.05722658].
2019-08-01 12:46:59,060 - INFO - Finished optimization with guess, [0.41663154 0.05722658].
2019-08-01 12:46:59,060 - INFO - Best fit parameters: [0.23774921 0.23425091].
2019-08-01 12:46:59,090 - INFO - Maximum log composite likelihood: -20.8875396038.
2019-08-01 12:46:59,091 - INFO - Optimal value of theta: 118.485804594.
2019-08-01 12:46:59,091 - INFO - Beginning optimization with guess, [0.96764339 0.08215119].
2019-08-01 12:47:00,318 - INFO - Finished optimization with guess, [0.96764339 0.08215119].
2019-08-01 12:47:00,319 - INFO - Best fit parameters: [0.22731506 0.24112363].
2019-08-01 12:47:00,349 - INFO - Maximum log composite likelihood: -20.8873392929.
2019-08-01 12:47:00,350 - INFO - Optimal value of theta: 124.975413588.
2019-08-01 12:47:00,350 - INFO - Beginning optimization with guess, [0.73412363 0.09361415].
2019-08-01 12:47:01,696 - INFO - Finished optimization with guess, [0.73412363 0.09361415].
2019-08-01 12:47:01,697 - INFO - Best fit parameters: [0.189582   0.24236728].
2019-08-01 12:47:01,730 - INFO - Maximum log composite likelihood: -20.8858200125.
2019-08-01 12:47:01,731 - INFO - Optimal value of theta: 149.034038992.
2019-08-01 12:47:01,731 - INFO - Beginning optimization with guess, [0.77554498 0.05503642].
2019-08-01 12:47:03,084 - INFO - Finished optimization with guess, [0.77554498 0.05503642].
2019-08-01 12:47:03,085 - INFO - Best fit parameters: [0.20863921 0.24210039].
2019-08-01 12:47:03,116 - INFO - Maximum log composite likelihood: -20.8862600238.
2019-08-01 12:47:03,117 - INFO - Optimal value of theta: 135.51805273.
2019-08-01 12:47:03,117 - INFO - Beginning optimization with guess, [0.47870535 0.05569575].
2019-08-01 12:47:04,332 - INFO - Finished optimization with guess, [0.47870535 0.05569575].
2019-08-01 12:47:04,332 - INFO - Best fit parameters: [0.22335003 0.23830855].
2019-08-01 12:47:04,363 - INFO - Maximum log composite likelihood: -20.8867592077.
2019-08-01 12:47:04,363 - INFO - Optimal value of theta: 126.177834947.
2019-08-01 12:47:04,364 - INFO - Beginning optimization with guess, [0.31411172 0.14270891].
2019-08-01 12:47:05,776 - INFO - Finished optimization with guess, [0.31411172 0.14270891].
2019-08-01 12:47:05,778 - INFO - Best fit parameters: [0.1851883  0.24258472].
2019-08-01 12:47:05,811 - INFO - Maximum log composite likelihood: -20.885763738.
2019-08-01 12:47:05,812 - INFO - Optimal value of theta: 152.766585691.
2019-08-01 12:47:05,812 - INFO - Beginning optimization with guess, [0.82162663 0.10224371].
2019-08-01 12:47:07,203 - INFO - Finished optimization with guess, [0.82162663 0.10224371].
2019-08-01 12:47:07,204 - INFO - Best fit parameters: [0.19712056 0.24350599].
2019-08-01 12:47:07,236 - INFO - Maximum log composite likelihood: -20.8860179605.
2019-08-01 12:47:07,237 - INFO - Optimal value of theta: 143.699525192.
2019-08-01 12:47:07,238 - INFO - Beginning optimization with guess, [0.57687987 0.1672138 ].
2019-08-01 12:47:08,840 - INFO - Finished optimization with guess, [0.57687987 0.1672138 ].
2019-08-01 12:47:08,841 - INFO - Best fit parameters: [0.15296346 0.23653137].
2019-08-01 12:47:08,877 - INFO - Maximum log composite likelihood: -20.8855433557.
2019-08-01 12:47:08,878 - INFO - Optimal value of theta: 185.506784766.
2019-08-01 12:47:08,879 - INFO - Beginning optimization with guess, [0.35021038 0.17819938].
2019-08-01 12:47:10,385 - INFO - Finished optimization with guess, [0.35021038 0.17819938].
2019-08-01 12:47:10,385 - INFO - Best fit parameters: [0.15826621 0.23670687].
2019-08-01 12:47:10,421 - INFO - Maximum log composite likelihood: -20.8854977984.
2019-08-01 12:47:10,422 - INFO - Optimal value of theta: 178.396901944.
2019-08-01 12:47:10,422 - INFO - Beginning optimization with guess, [0.31403949 0.10236142].
2019-08-01 12:47:11,781 - INFO - Finished optimization with guess, [0.31403949 0.10236142].
2019-08-01 12:47:11,782 - INFO - Best fit parameters: [0.18698912 0.24327536].
2019-08-01 12:47:11,815 - INFO - Maximum log composite likelihood: -20.8858306275.
2019-08-01 12:47:11,816 - INFO - Optimal value of theta: 151.51431819.
2019-08-01 12:47:11,817 - INFO - Beginning optimization with guess, [0.49224675 0.14208735].
2019-08-01 12:47:13,591 - INFO - Finished optimization with guess, [0.49224675 0.14208735].
2019-08-01 12:47:13,592 - INFO - Best fit parameters: [0.15837497 0.23793901].
2019-08-01 12:47:13,627 - INFO - Maximum log composite likelihood: -20.8855257248.
2019-08-01 12:47:13,628 - INFO - Optimal value of theta: 178.93243331.
2019-08-01 12:47:13,628 - INFO - Beginning optimization with guess, [0.3072245  0.14188471].
2019-08-01 12:47:15,072 - INFO - Finished optimization with guess, [0.3072245  0.14188471].
2019-08-01 12:47:15,072 - INFO - Best fit parameters: [0.18332105 0.24269689].
2019-08-01 12:47:15,106 - INFO - Maximum log composite likelihood: -20.8857522333.
2019-08-01 12:47:15,107 - INFO - Optimal value of theta: 154.437132912.
2019-08-01 12:47:15,107 - INFO - Beginning optimization with guess, [0.28478176 0.05773282].
2019-08-01 12:47:16,379 - INFO - Finished optimization with guess, [0.28478176 0.05773282].
2019-08-01 12:47:16,380 - INFO - Best fit parameters: [0.23394795 0.2354564 ].
2019-08-01 12:47:16,409 - INFO - Maximum log composite likelihood: -20.8872991122.
2019-08-01 12:47:16,410 - INFO - Optimal value of theta: 120.421969966.
2019-08-01 12:47:16,411 - INFO - Beginning optimization with guess, [0.53436226 0.1720297 ].
2019-08-01 12:47:18,105 - INFO - Finished optimization with guess, [0.53436226 0.1720297 ].
2019-08-01 12:47:18,106 - INFO - Best fit parameters: [0.13545391 0.2283981 ].
2019-08-01 12:47:18,145 - INFO - Maximum log composite likelihood: -20.8854225229.
2019-08-01 12:47:18,145 - INFO - Optimal value of theta: 209.240759211.
2019-08-01 12:47:18,146 - INFO - Beginning optimization with guess, [0.63715782 0.05778674].
2019-08-01 12:47:19,354 - INFO - Finished optimization with guess, [0.63715782 0.05778674].
2019-08-01 12:47:19,354 - INFO - Best fit parameters: [0.22837056 0.24014738].
2019-08-01 12:47:19,384 - INFO - Maximum log composite likelihood: -20.8872622164.
2019-08-01 12:47:19,385 - INFO - Optimal value of theta: 124.20401509.
2019-08-01 12:47:19,385 - INFO - Beginning optimization with guess, [0.52582573 0.08633724].
2019-08-01 12:47:20,649 - INFO - Finished optimization with guess, [0.52582573 0.08633724].
2019-08-01 12:47:20,649 - INFO - Best fit parameters: [0.21585663 0.24051958].
2019-08-01 12:47:20,680 - INFO - Maximum log composite likelihood: -20.8864715602.
2019-08-01 12:47:20,681 - INFO - Optimal value of theta: 130.793294706.
2019-08-01 12:47:20,681 - INFO - Beginning optimization with guess, [0.82451454 0.11200442].
2019-08-01 12:47:22,078 - INFO - Finished optimization with guess, [0.82451454 0.11200442].
2019-08-01 12:47:22,078 - INFO - Best fit parameters: [0.18505256 0.24164646].
2019-08-01 12:47:22,112 - INFO - Maximum log composite likelihood: -20.885757568.
2019-08-01 12:47:22,113 - INFO - Optimal value of theta: 152.505629738.
2019-08-01 12:47:22,113 - INFO - Beginning optimization with guess, [0.79495866 0.18550828].
2019-08-01 12:47:23,620 - INFO - Finished optimization with guess, [0.79495866 0.18550828].
2019-08-01 12:47:23,621 - INFO - Best fit parameters: [0.16939779 0.24057389].
2019-08-01 12:47:23,656 - INFO - Maximum log composite likelihood: -20.885592297.
2019-08-01 12:47:23,657 - INFO - Optimal value of theta: 167.155894549.
2019-08-01 12:47:23,657 - INFO - Beginning optimization with guess, [0.76831778 0.11680506].
2019-08-01 12:47:25,137 - INFO - Finished optimization with guess, [0.76831778 0.11680506].
2019-08-01 12:47:25,137 - INFO - Best fit parameters: [0.18140182 0.24224001].
2019-08-01 12:47:25,171 - INFO - Maximum log composite likelihood: -20.8857112534.
2019-08-01 12:47:25,172 - INFO - Optimal value of theta: 155.965532076.
2019-08-01 12:47:25,172 - INFO - Beginning optimization with guess, [0.28978592 0.05345095].
2019-08-01 12:47:26,521 - INFO - Finished optimization with guess, [0.28978592 0.05345095].
2019-08-01 12:47:26,521 - INFO - Best fit parameters: [0.23392212 0.24090967].
2019-08-01 12:47:26,551 - INFO - Maximum log composite likelihood: -20.8881300103.
2019-08-01 12:47:26,552 - INFO - Optimal value of theta: 121.813367841.
2019-08-01 12:47:26,552 - INFO - Beginning optimization with guess, [0.41562559 0.05852647].
2019-08-01 12:47:27,754 - INFO - Finished optimization with guess, [0.41562559 0.05852647].
2019-08-01 12:47:27,754 - INFO - Best fit parameters: [0.22972466 0.23761947].
2019-08-01 12:47:27,783 - INFO - Maximum log composite likelihood: -20.8870918253.
2019-08-01 12:47:27,784 - INFO - Optimal value of theta: 122.895852793.
2019-08-01 12:47:27,784 - INFO - Beginning optimization with guess, [0.31817601 0.05395194].
2019-08-01 12:47:29,111 - INFO - Finished optimization with guess, [0.31817601 0.05395194].
2019-08-01 12:47:29,111 - INFO - Best fit parameters: [0.25638506 0.22875852].
2019-08-01 12:47:29,139 - INFO - Maximum log composite likelihood: -20.8894484913.
2019-08-01 12:47:29,140 - INFO - Optimal value of theta: 110.219170406.
2019-08-01 12:47:29,140 - INFO - Beginning optimization with guess, [0.73561679 0.12231613].
2019-08-01 12:47:30,524 - INFO - Finished optimization with guess, [0.73561679 0.12231613].
2019-08-01 12:47:30,524 - INFO - Best fit parameters: [0.18049055 0.24231861].
2019-08-01 12:47:30,558 - INFO - Maximum log composite likelihood: -20.8857088933.
2019-08-01 12:47:30,559 - INFO - Optimal value of theta: 156.831280329.
2019-08-01 12:47:30,559 - INFO - Beginning optimization with guess, [0.70236916 0.16377666].
2019-08-01 12:47:32,142 - INFO - Finished optimization with guess, [0.70236916 0.16377666].
2019-08-01 12:47:32,143 - INFO - Best fit parameters: [0.17086862 0.24082239].
2019-08-01 12:47:32,178 - INFO - Maximum log composite likelihood: -20.8856026903.
2019-08-01 12:47:32,178 - INFO - Optimal value of theta: 165.689590122.
2019-08-01 12:47:32,179 - INFO - Beginning optimization with guess, [0.45489236 0.06764805].
2019-08-01 12:47:33,380 - INFO - Finished optimization with guess, [0.45489236 0.06764805].
2019-08-01 12:47:33,381 - INFO - Best fit parameters: [0.23194132 0.23510656].
2019-08-01 12:47:33,410 - INFO - Maximum log composite likelihood: -20.8871963693.
2019-08-01 12:47:33,411 - INFO - Optimal value of theta: 121.226304477.
2019-08-01 12:47:33,411 - INFO - Beginning optimization with guess, [0.52058036 0.0871263 ].
2019-08-01 12:47:34,673 - INFO - Finished optimization with guess, [0.52058036 0.0871263 ].
2019-08-01 12:47:34,674 - INFO - Best fit parameters: [0.2163429  0.23954476].
2019-08-01 12:47:34,705 - INFO - Maximum log composite likelihood: -20.886489768.
2019-08-01 12:47:34,705 - INFO - Optimal value of theta: 130.234459505.
2019-08-01 12:47:34,706 - INFO - Beginning optimization with guess, [0.33718976 0.06907922].
2019-08-01 12:47:36,063 - INFO - Finished optimization with guess, [0.33718976 0.06907922].
2019-08-01 12:47:36,064 - INFO - Best fit parameters: [0.24365516 0.2344656 ].
2019-08-01 12:47:36,093 - INFO - Maximum log composite likelihood: -20.8881809834.
2019-08-01 12:47:36,093 - INFO - Optimal value of theta: 116.132556747.
2019-08-01 12:47:36,094 - INFO - Beginning optimization with guess, [0.97223145 0.08578625].
2019-08-01 12:47:37,360 - INFO - Finished optimization with guess, [0.97223145 0.08578625].
2019-08-01 12:47:37,360 - INFO - Best fit parameters: [0.20320166 0.24172644].
2019-08-01 12:47:37,392 - INFO - Maximum log composite likelihood: -20.8860949091.
2019-08-01 12:47:37,393 - INFO - Optimal value of theta: 138.872330622.
2019-08-01 12:47:37,393 - INFO - Beginning optimization with guess, [0.9881574  0.12009457].
2019-08-01 12:47:38,756 - INFO - Finished optimization with guess, [0.9881574  0.12009457].
2019-08-01 12:47:38,756 - INFO - Best fit parameters: [0.17999505 0.24240647].
2019-08-01 12:47:38,791 - INFO - Maximum log composite likelihood: -20.8857124475.
2019-08-01 12:47:38,791 - INFO - Optimal value of theta: 157.32638992.
2019-08-01 12:47:38,792 - INFO - Beginning optimization with guess, [0.59629417 0.05400234].
2019-08-01 12:47:40,176 - INFO - Finished optimization with guess, [0.59629417 0.05400234].
2019-08-01 12:47:40,177 - INFO - Best fit parameters: [0.22235975 0.23952073].
2019-08-01 12:47:40,207 - INFO - Maximum log composite likelihood: -20.8867382929.
2019-08-01 12:47:40,208 - INFO - Optimal value of theta: 127.019839608.
2019-08-01 12:47:40,208 - INFO - Beginning optimization with guess, [0.40039956 0.06111287].
2019-08-01 12:47:41,406 - INFO - Finished optimization with guess, [0.40039956 0.06111287].
2019-08-01 12:47:41,406 - INFO - Best fit parameters: [0.21655931 0.24200531].
2019-08-01 12:47:41,437 - INFO - Maximum log composite likelihood: -20.8866193809.
2019-08-01 12:47:41,438 - INFO - Optimal value of theta: 130.839816167.
2019-08-01 12:47:41,438 - INFO - Beginning optimization with guess, [0.48642786 0.13424846].
2019-08-01 12:47:43,116 - INFO - Finished optimization with guess, [0.48642786 0.13424846].
2019-08-01 12:47:43,117 - INFO - Best fit parameters: [0.15072314 0.23498225].
2019-08-01 12:47:43,154 - INFO - Maximum log composite likelihood: -20.8854572943.
2019-08-01 12:47:43,154 - INFO - Optimal value of theta: 187.833512415.
2019-08-01 12:47:43,155 - INFO - Beginning optimization with guess, [0.32196206 0.08926831].
2019-08-01 12:47:44,500 - INFO - Finished optimization with guess, [0.32196206 0.08926831].
2019-08-01 12:47:44,500 - INFO - Best fit parameters: [0.20397166 0.24271396].
2019-08-01 12:47:44,532 - INFO - Maximum log composite likelihood: -20.8861418147.
2019-08-01 12:47:44,533 - INFO - Optimal value of theta: 138.692751079.
2019-08-01 12:47:44,533 - INFO - Beginning optimization with guess, [0.48177077 0.11824106].
2019-08-01 12:47:46,111 - INFO - Finished optimization with guess, [0.48177077 0.11824106].
2019-08-01 12:47:46,111 - INFO - Best fit parameters: [0.15988116 0.23857972].
2019-08-01 12:47:46,147 - INFO - Maximum log composite likelihood: -20.8855551867.
2019-08-01 12:47:46,148 - INFO - Optimal value of theta: 177.343570344.
2019-08-01 12:47:46,148 - INFO - Beginning optimization with guess, [0.79072321 0.11428526].
2019-08-01 12:47:47,527 - INFO - Finished optimization with guess, [0.79072321 0.11428526].
2019-08-01 12:47:47,527 - INFO - Best fit parameters: [0.18887068 0.24193606].
2019-08-01 12:47:47,561 - INFO - Maximum log composite likelihood: -20.8858123834.
2019-08-01 12:47:47,561 - INFO - Optimal value of theta: 149.44164372.
2019-08-01 12:47:47,562 - INFO - Beginning optimization with guess, [0.74326693 0.05754931].
2019-08-01 12:47:48,795 - INFO - Finished optimization with guess, [0.74326693 0.05754931].
2019-08-01 12:47:48,795 - INFO - Best fit parameters: [0.2128917  0.24218491].
2019-08-01 12:47:48,826 - INFO - Maximum log composite likelihood: -20.8864428895.
2019-08-01 12:47:48,827 - INFO - Optimal value of theta: 132.989159812.
2019-08-01 12:47:48,827 - INFO - Beginning optimization with guess, [0.66743488 0.07204464].
2019-08-01 12:47:50,101 - INFO - Finished optimization with guess, [0.66743488 0.07204464].
2019-08-01 12:47:50,102 - INFO - Best fit parameters: [0.20214446 0.2433872 ].
2019-08-01 12:47:50,134 - INFO - Maximum log composite likelihood: -20.8861412648.
2019-08-01 12:47:50,134 - INFO - Optimal value of theta: 140.13761141.
2019-08-01 12:47:50,135 - INFO - Beginning optimization with guess, [0.48111825 0.11864464].
2019-08-01 12:47:51,705 - INFO - Finished optimization with guess, [0.48111825 0.11864464].
2019-08-01 12:47:51,705 - INFO - Best fit parameters: [0.16036368 0.23888031].
2019-08-01 12:47:51,741 - INFO - Maximum log composite likelihood: -20.8855784252.
2019-08-01 12:47:51,742 - INFO - Optimal value of theta: 176.893949311.
2019-08-01 12:47:51,742 - INFO - Beginning optimization with guess, [0.50641993 0.12416973].
2019-08-01 12:47:53,414 - INFO - Finished optimization with guess, [0.50641993 0.12416973].
2019-08-01 12:47:53,415 - INFO - Best fit parameters: [0.15099693 0.23529384].
2019-08-01 12:47:53,452 - INFO - Maximum log composite likelihood: -20.8854731813.
2019-08-01 12:47:53,452 - INFO - Optimal value of theta: 187.61849029.
2019-08-01 12:47:53,453 - INFO - Beginning optimization with guess, [0.27717288 0.09788986].
2019-08-01 12:47:54,813 - INFO - Finished optimization with guess, [0.27717288 0.09788986].
2019-08-01 12:47:54,814 - INFO - Best fit parameters: [0.17840139 0.24186505].
2019-08-01 12:47:54,847 - INFO - Maximum log composite likelihood: -20.8856730246.
2019-08-01 12:47:54,848 - INFO - Optimal value of theta: 158.589098642.
2019-08-01 12:47:54,848 - INFO - Beginning optimization with guess, [0.55401926 0.14400019].
2019-08-01 12:47:56,486 - INFO - Finished optimization with guess, [0.55401926 0.14400019].
2019-08-01 12:47:56,486 - INFO - Best fit parameters: [0.15099933 0.23501112].
2019-08-01 12:47:56,522 - INFO - Maximum log composite likelihood: -20.8854548624.
2019-08-01 12:47:56,523 - INFO - Optimal value of theta: 187.444206177.
2019-08-01 12:47:56,523 - INFO - Beginning optimization with guess, [0.83988801 0.05897761].
2019-08-01 12:47:57,725 - INFO - Finished optimization with guess, [0.83988801 0.05897761].
2019-08-01 12:47:57,726 - INFO - Best fit parameters: [0.21625082 0.24010242].
2019-08-01 12:47:57,757 - INFO - Maximum log composite likelihood: -20.8864801926.
2019-08-01 12:47:57,757 - INFO - Optimal value of theta: 130.450227836.
2019-08-01 12:47:57,758 - INFO - Beginning optimization with guess, [0.35701758 0.13354322].
2019-08-01 12:47:59,137 - INFO - Finished optimization with guess, [0.35701758 0.13354322].
2019-08-01 12:47:59,137 - INFO - Best fit parameters: [0.18633059 0.24359698].
2019-08-01 12:47:59,170 - INFO - Maximum log composite likelihood: -20.8858605045.
2019-08-01 12:47:59,171 - INFO - Optimal value of theta: 152.196532322.
2019-08-01 12:47:59,171 - INFO - Beginning optimization with guess, [0.88746788 0.13502134].
2019-08-01 12:48:00,579 - INFO - Finished optimization with guess, [0.88746788 0.13502134].
2019-08-01 12:48:00,580 - INFO - Best fit parameters: [0.16217288 0.23841308].
2019-08-01 12:48:00,615 - INFO - Maximum log composite likelihood: -20.8855153463.
2019-08-01 12:48:00,616 - INFO - Optimal value of theta: 174.402273957.
2019-08-01 12:48:00,616 - INFO - Beginning optimization with guess, [0.33986942 0.19958181].
2019-08-01 12:48:02,139 - INFO - Finished optimization with guess, [0.33986942 0.19958181].
2019-08-01 12:48:02,140 - INFO - Best fit parameters: [0.18007114 0.24274009].
2019-08-01 12:48:02,174 - INFO - Maximum log composite likelihood: -20.8857423537.
2019-08-01 12:48:02,175 - INFO - Optimal value of theta: 157.397418186.
2019-08-01 12:48:02,176 - INFO - Beginning optimization with guess, [0.64592965 0.19619517].
2019-08-01 12:48:03,931 - INFO - Finished optimization with guess, [0.64592965 0.19619517].
2019-08-01 12:48:03,932 - INFO - Best fit parameters: [0.15638977 0.23690623].
2019-08-01 12:48:03,970 - INFO - Maximum log composite likelihood: -20.885484776.
2019-08-01 12:48:03,971 - INFO - Optimal value of theta: 180.981648397.
2019-08-01 12:48:03,972 - INFO - Beginning optimization with guess, [0.99943018 0.10619931].
2019-08-01 12:48:05,311 - INFO - Finished optimization with guess, [0.99943018 0.10619931].
2019-08-01 12:48:05,311 - INFO - Best fit parameters: [0.21226807 0.24227394].
2019-08-01 12:48:05,344 - INFO - Maximum log composite likelihood: -20.8864220413.
2019-08-01 12:48:05,345 - INFO - Optimal value of theta: 133.382613961.
2019-08-01 12:48:05,345 - INFO - Beginning optimization with guess, [0.2648753 0.1010237].
2019-08-01 12:48:06,699 - INFO - Finished optimization with guess, [0.2648753 0.1010237].
2019-08-01 12:48:06,700 - INFO - Best fit parameters: [0.18684317 0.2441839 ].
2019-08-01 12:48:06,734 - INFO - Maximum log composite likelihood: -20.885950916.
2019-08-01 12:48:06,735 - INFO - Optimal value of theta: 151.995313212.
2019-08-01 12:48:06,736 - INFO - Finished demographic inference.
2019-08-01 12:48:06,736 - INFO - Beginning DFE inference.
2019-08-01 12:49:00,633 - INFO - Beginning optimization with guess, [7.78932521e-02 3.39483399e+02].
2019-08-01 12:49:03,756 - INFO - Finished optomization, results are [-23.006017465977095 array([0.99034325, 8.44097663])].
2019-08-01 12:49:03,757 - INFO - Beginning optimization with guess, [6.27299194e-02 3.54635992e+02].
2019-08-01 12:49:10,002 - INFO - Finished optomization, results are [-22.99848857840656 array([0.99853872, 8.47829738])].
2019-08-01 12:49:10,004 - INFO - Beginning optimization with guess, [1.23985112e-01 2.53774981e+02].
2019-08-01 12:49:15,406 - INFO - Finished optomization, results are [-23.001363197710717 array([0.9726384 , 8.83874332])].
2019-08-01 12:49:15,406 - INFO - Beginning optimization with guess, [8.86401806e-02 3.59034776e+02].
2019-08-01 12:49:19,210 - INFO - Finished optomization, results are [-22.99987337677813 array([0.98839695, 8.6018926 ])].
2019-08-01 12:49:19,211 - INFO - Beginning optimization with guess, [5.06224425e-02 4.17799340e+02].
2019-08-01 12:49:26,855 - INFO - Finished optomization, results are [-22.999823176612686 array([0.98651726, 8.64052844])].
2019-08-01 12:49:26,857 - INFO - Beginning optimization with guess, [9.79656721e-02 9.14429743e+02].
2019-08-01 12:49:35,511 - INFO - Finished optomization, results are [-22.99963251102217 array([0.99898056, 8.42567681])].
2019-08-01 12:49:35,512 - INFO - Beginning optimization with guess, [1.43265499e-01 4.64777526e+02].
2019-08-01 12:49:39,503 - INFO - Finished optomization, results are [-22.999312321737875 array([0.98933019, 8.61441236])].
2019-08-01 12:49:39,504 - INFO - Beginning optimization with guess, [8.12157274e-02 7.84932956e+02].
2019-08-01 12:49:45,263 - INFO - Finished optomization, results are [-23.00186871763623 array([0.97735772, 8.7299711 ])].
2019-08-01 12:49:45,264 - INFO - Beginning optimization with guess, [7.45321535e-02 9.90947892e+02].
2019-08-01 12:49:52,475 - INFO - Finished optomization, results are [-23.000173573930912 array([0.99556256, 8.46687285])].
2019-08-01 12:49:52,478 - INFO - Beginning optimization with guess, [8.48867488e-02 8.99617082e+02].
2019-08-01 12:49:59,752 - INFO - Finished optomization, results are [-22.999452435851722 array([0.98846022, 8.62317609])].
2019-08-01 12:49:59,753 - INFO - Beginning optimization with guess, [9.34127804e-02 3.03010319e+02].
2019-08-01 12:50:04,156 - INFO - Finished optomization, results are [-23.001916563471276 array([0.97639501, 8.74568946])].
2019-08-01 12:50:04,157 - INFO - Beginning optimization with guess, [8.43080087e-02 2.91585439e+02].
2019-08-01 12:50:07,909 - INFO - Finished optomization, results are [-22.99871362209383 array([0.99435267, 8.55053194])].
2019-08-01 12:50:07,910 - INFO - Beginning optimization with guess, [1.65426705e-01 8.12297460e+02].
2019-08-01 12:50:12,776 - INFO - Finished optomization, results are [-23.00276068721434 array([0.96952362, 8.84380647])].
2019-08-01 12:50:12,776 - INFO - Beginning optimization with guess, [9.45342636e-02 5.08950474e+02].
2019-08-01 12:50:16,331 - INFO - Finished optomization, results are [-23.006396904790996 array([0.98089311, 8.58161807])].
2019-08-01 12:50:16,332 - INFO - Beginning optimization with guess, [7.79488201e-02 4.40371797e+02].
2019-08-01 12:50:24,562 - INFO - Finished optomization, results are [-23.00047455599242 array([0.99408913, 8.48306223])].
2019-08-01 12:50:24,563 - INFO - Beginning optimization with guess, [1.21107529e-01 8.04076599e+02].
2019-08-01 12:50:32,027 - INFO - Finished optomization, results are [-23.001816213384984 array([0.98452391, 8.60773467])].
2019-08-01 12:50:32,028 - INFO - Beginning optimization with guess, [4.73063654e-02 9.53217785e+02].
2019-08-01 12:50:39,778 - INFO - Finished optomization, results are [-23.002124214706683 array([0.97770321, 8.92312128])].
2019-08-01 12:50:39,779 - INFO - Beginning optimization with guess, [6.12642513e-02 8.21181588e+02].
2019-08-01 12:50:45,878 - INFO - Finished optomization, results are [-23.00032607904957 array([0.99026111, 8.55188019])].
2019-08-01 12:50:45,879 - INFO - Beginning optimization with guess, [7.73904134e-02 4.95444563e+02].
2019-08-01 12:50:52,522 - INFO - Finished optomization, results are [-22.99915989867727 array([0.99116359, 8.58591756])].
2019-08-01 12:50:52,523 - INFO - Beginning optimization with guess, [1.45652429e-01 2.67116582e+02].
2019-08-01 12:51:00,290 - INFO - Finished optomization, results are [-23.000549871130602 array([0.98212098, 8.69045536])].
2019-08-01 12:51:00,290 - INFO - Beginning optimization with guess, [5.45866240e-02 2.59757444e+02].
2019-08-01 12:51:09,147 - INFO - Finished optomization, results are [-23.00280931073464 array([0.9784253 , 8.68652626])].
2019-08-01 12:51:09,148 - INFO - Beginning optimization with guess, [1.57633496e-01 9.72233868e+02].
2019-08-01 12:51:16,082 - INFO - Finished optomization, results are [-22.99907673041654 array([0.99614183, 8.4939265 ])].
2019-08-01 12:51:16,082 - INFO - Beginning optimization with guess, [1.24588423e-01 4.82269829e+02].
2019-08-01 12:51:22,773 - INFO - Finished optomization, results are [-23.001773990321183 array([0.98525775, 8.59648765])].
2019-08-01 12:51:22,774 - INFO - Beginning optimization with guess, [1.68357707e-01 2.74565639e+02].
2019-08-01 12:51:27,554 - INFO - Finished optomization, results are [-23.002237443667532 array([0.98829887, 8.53597746])].
2019-08-01 12:51:27,555 - INFO - Beginning optimization with guess, [8.31422827e-02 2.82494677e+02].
2019-08-01 12:51:33,044 - INFO - Finished optomization, results are [-22.999685267593563 array([0.99771935, 8.44507275])].
2019-08-01 12:51:33,045 - INFO - Beginning optimization with guess, [6.25602815e-02 5.99003319e+02].
2019-08-01 12:51:43,297 - INFO - Finished optomization, results are [-22.99947141356711 array([0.99853096, 8.4380294 ])].
2019-08-01 12:51:43,297 - INFO - Beginning optimization with guess, [1.55264522e-01 9.14843212e+02].
2019-08-01 12:51:56,870 - INFO - Finished optomization, results are [-23.000565482286632 array([0.9977359 , 8.42154252])].
2019-08-01 12:51:56,872 - INFO - Beginning optimization with guess, [7.66440732e-02 5.60792460e+02].
2019-08-01 12:52:01,860 - INFO - Finished optomization, results are [-22.998690763353693 array([0.99515997, 8.60571673])].
2019-08-01 12:52:01,861 - INFO - Beginning optimization with guess, [7.07951379e-02 9.69567981e+02].
2019-08-01 12:52:06,392 - INFO - Finished optomization, results are [-23.00235634260627 array([0.99330629, 8.45387778])].
2019-08-01 12:52:06,393 - INFO - Beginning optimization with guess, [1.14558162e-01 4.41774613e+02].
2019-08-01 12:52:13,214 - INFO - Finished optomization, results are [-23.001685723264885 array([0.99377971, 8.45974876])].
2019-08-01 12:52:13,215 - INFO - Beginning optimization with guess, [8.00343958e-02 4.55349571e+02].
2019-08-01 12:52:17,115 - INFO - Finished optomization, results are [-23.000462705625203 array([0.97620045, 8.84663745])].
2019-08-01 12:52:17,116 - INFO - Beginning optimization with guess, [5.78874799e-02 3.37004549e+02].
2019-08-01 12:52:22,343 - INFO - Finished optomization, results are [-23.00137445507768 array([0.98112428, 8.67843914])].
2019-08-01 12:52:22,344 - INFO - Beginning optimization with guess, [7.60655361e-02 9.17710971e+02].
2019-08-01 12:52:34,699 - INFO - Finished optomization, results are [-23.0006159279276 array([0.9958994 , 8.44988449])].
2019-08-01 12:52:34,700 - INFO - Beginning optimization with guess, [1.04575769e-01 4.32185471e+02].
2019-08-01 12:52:39,170 - INFO - Finished optomization, results are [-23.001549014953987 array([0.97099012, 8.86291267])].
2019-08-01 12:52:39,171 - INFO - Beginning optimization with guess, [1.32333518e-01 3.54091272e+02].
2019-08-01 12:52:43,906 - INFO - Finished optomization, results are [-23.00566062154764 array([0.97984776, 8.60938115])].
2019-08-01 12:52:43,907 - INFO - Beginning optimization with guess, [6.94271354e-02 6.19954705e+02].
2019-08-01 12:52:50,664 - INFO - Finished optomization, results are [-23.0033249588383 array([0.99876232, 8.35335144])].
2019-08-01 12:52:50,665 - INFO - Beginning optimization with guess, [8.33507524e-02 9.02629039e+02].
2019-08-01 12:52:55,241 - INFO - Finished optomization, results are [-23.001060980276023 array([0.98908818, 8.55061489])].
2019-08-01 12:52:55,241 - INFO - Beginning optimization with guess, [5.54230777e-02 6.71398111e+02].
2019-08-01 12:53:06,071 - INFO - Finished optomization, results are [-23.001399278338646 array([0.98267881, 8.65044177])].
2019-08-01 12:53:06,073 - INFO - Beginning optimization with guess, [9.72579712e-02 6.09776460e+02].
2019-08-01 12:53:13,121 - INFO - Finished optomization, results are [-23.00176779091389 array([0.998439, 8.385156])].
2019-08-01 12:53:13,122 - INFO - Beginning optimization with guess, [1.35006081e-01 5.88097893e+02].
2019-08-01 12:53:17,826 - INFO - Finished optomization, results are [-23.000564191069323 array([0.99101215, 8.53192103])].
2019-08-01 12:53:17,827 - INFO - Beginning optimization with guess, [1.34253841e-01 3.17944293e+02].
2019-08-01 12:53:26,205 - INFO - Finished optomization, results are [-23.001258977127137 array([0.98771541, 8.56840498])].
2019-08-01 12:53:26,206 - INFO - Beginning optimization with guess, [1.71679946e-01 3.64034316e+02].
2019-08-01 12:53:32,171 - INFO - Finished optomization, results are [-22.999621815252986 array([0.98786188, 8.62490412])].
2019-08-01 12:53:32,171 - INFO - Beginning optimization with guess, [1.13899301e-01 3.62231367e+02].
2019-08-01 12:53:36,860 - INFO - Finished optomization, results are [-23.002548971096502 array([0.9973461 , 8.38774465])].
2019-08-01 12:53:36,860 - INFO - Beginning optimization with guess, [5.84760806e-02 2.60624486e+02].
2019-08-01 12:53:43,481 - INFO - Finished optomization, results are [-23.002030249747214 array([0.98855964, 8.53619641])].
2019-08-01 12:53:43,481 - INFO - Beginning optimization with guess, [1.50222001e-01 2.93592211e+02].
2019-08-01 12:53:49,561 - INFO - Finished optomization, results are [-23.00048401736052 array([0.99896906, 8.40377411])].
2019-08-01 12:53:49,562 - INFO - Beginning optimization with guess, [7.55122181e-02 6.91217440e+02].
2019-08-01 12:53:57,046 - INFO - Finished optomization, results are [-23.000072942320237 array([0.98198544, 8.72007012])].
2019-08-01 12:53:57,047 - INFO - Beginning optimization with guess, [9.20315593e-02 1.00309490e+03].
2019-08-01 12:54:06,526 - INFO - Finished optomization, results are [-22.999506772628962 array([0.99625273, 8.4755852 ])].
2019-08-01 12:54:06,526 - INFO - Beginning optimization with guess, [1.13596027e-01 7.75016255e+02].
2019-08-01 12:54:11,426 - INFO - Finished optomization, results are [-23.00150174539647 array([0.9762542 , 8.76232741])].
2019-08-01 12:54:11,428 - INFO - Beginning optimization with guess, [1.27572583e-01 9.87591720e+02].
2019-08-01 12:54:17,704 - INFO - Finished optomization, results are [-23.001442141986573 array([0.99223673, 8.48970341])].
2019-08-01 12:54:17,705 - INFO - Beginning optimization with guess, [7.34722655e-02 8.42450924e+02].
2019-08-01 12:54:24,988 - INFO - Finished optomization, results are [-22.9986190386891 array([0.99890373, 8.46422177])].
2019-08-01 12:54:24,989 - INFO - Finished DFE inference.
2019-08-01 12:54:24,989 - INFO - Integrating expected site-frequency spectrum.
2019-08-01 12:54:25,002 - INFO - Outputing results.
2019-08-01 12:54:25,008 - INFO - Pipeline executed succesfully.
