2019-08-01 12:46:54,146 - INFO - Beginning execution of fitdadi_infer_DFE.py in directory /u/home/j/jonmah/lohmueller_lab/Scripts

2019-08-01 12:46:54,146 - INFO - Progress is being logged to ../Data/AW_array_2000/seed_30_fitdadi_output/log.log

2019-08-01 12:46:54,146 - INFO - Parsed the following arguments:
	breed = AW
	outprefix = ../Data/AW_array_2000/seed_30_fitdadi_output/
	nonsyn_input_sfs = ../Data/AW_array_2000/seed_30_easySFS_output_nonsyn/dadi/pop1.sfs
	syn_input_sfs = ../Data/AW_array_2000/seed_30_easySFS_output_syn/dadi/pop1.sfs

2019-08-01 12:46:54,148 - INFO - Beginning optimization with guess, [0.32667013 0.05193429].
2019-08-01 12:46:54,664 - INFO - Finished optimization with guess, [0.32667013 0.05193429].
2019-08-01 12:46:54,664 - INFO - Best fit parameters: [5.62993879 0.00571779].
2019-08-01 12:46:54,672 - INFO - Maximum log composite likelihood: -22.7236894031.
2019-08-01 12:46:54,672 - INFO - Optimal value of theta: 55.1546929441.
2019-08-01 12:46:54,673 - INFO - Beginning optimization with guess, [0.26813343 0.05087679].
2019-08-01 12:46:55,068 - INFO - Finished optimization with guess, [0.26813343 0.05087679].
2019-08-01 12:46:55,070 - INFO - Best fit parameters: [4.01109918 0.00663117].
2019-08-01 12:46:55,077 - INFO - Maximum log composite likelihood: -22.724093007.
2019-08-01 12:46:55,077 - INFO - Optimal value of theta: 55.1216740627.
2019-08-01 12:46:55,078 - INFO - Beginning optimization with guess, [0.40190927 0.11740221].
2019-08-01 12:46:55,610 - INFO - Finished optimization with guess, [0.40190927 0.11740221].
2019-08-01 12:46:55,610 - INFO - Best fit parameters: [0.84311933 1.2350393 ].
2019-08-01 12:46:55,624 - INFO - Maximum log composite likelihood: -22.6744215217.
2019-08-01 12:46:55,624 - INFO - Optimal value of theta: 63.9503696434.
2019-08-01 12:46:55,624 - INFO - Beginning optimization with guess, [0.94478692 0.05043315].
2019-08-01 12:46:56,129 - INFO - Finished optimization with guess, [0.94478692 0.05043315].
2019-08-01 12:46:56,130 - INFO - Best fit parameters: [3.90248715 0.0060691 ].
2019-08-01 12:46:56,137 - INFO - Maximum log composite likelihood: -22.7244104456.
2019-08-01 12:46:56,138 - INFO - Optimal value of theta: 55.1814141008.
2019-08-01 12:46:56,138 - INFO - Beginning optimization with guess, [0.35579968 0.0773469 ].
2019-08-01 12:46:56,604 - INFO - Finished optimization with guess, [0.35579968 0.0773469 ].
2019-08-01 12:46:56,605 - INFO - Best fit parameters: [8.0000000e+00 5.8159839e-03].
2019-08-01 12:46:56,612 - INFO - Maximum log composite likelihood: -22.7232007412.
2019-08-01 12:46:56,613 - INFO - Optimal value of theta: 55.102902546.
2019-08-01 12:46:56,613 - INFO - Beginning optimization with guess, [0.28702659 0.18509318].
2019-08-01 12:46:57,218 - INFO - Finished optimization with guess, [0.28702659 0.18509318].
2019-08-01 12:46:57,219 - INFO - Best fit parameters: [0.70641602 1.12397925].
2019-08-01 12:46:57,233 - INFO - Maximum log composite likelihood: -22.6513859316.
2019-08-01 12:46:57,234 - INFO - Optimal value of theta: 73.9418090806.
2019-08-01 12:46:57,234 - INFO - Beginning optimization with guess, [0.29684273 0.07152323].
2019-08-01 12:46:57,628 - INFO - Finished optimization with guess, [0.29684273 0.07152323].
2019-08-01 12:46:57,628 - INFO - Best fit parameters: [8.00000000e+00 5.59718649e-03].
2019-08-01 12:46:57,636 - INFO - Maximum log composite likelihood: -22.7232506356.
2019-08-01 12:46:57,637 - INFO - Optimal value of theta: 55.1276890508.
2019-08-01 12:46:57,637 - INFO - Beginning optimization with guess, [0.96018637 0.10511122].
2019-08-01 12:46:58,517 - INFO - Finished optimization with guess, [0.96018637 0.10511122].
2019-08-01 12:46:58,518 - INFO - Best fit parameters: [0.63505984 1.21261946].
2019-08-01 12:46:58,534 - INFO - Maximum log composite likelihood: -22.6513202705.
2019-08-01 12:46:58,534 - INFO - Optimal value of theta: 82.2171895679.
2019-08-01 12:46:58,534 - INFO - Beginning optimization with guess, [0.70728251 0.13799997].
2019-08-01 12:46:59,028 - INFO - Finished optimization with guess, [0.70728251 0.13799997].
2019-08-01 12:46:59,028 - INFO - Best fit parameters: [0.7703955  0.97657679].
2019-08-01 12:46:59,041 - INFO - Maximum log composite likelihood: -22.6517149709.
2019-08-01 12:46:59,042 - INFO - Optimal value of theta: 67.841247574.
2019-08-01 12:46:59,042 - INFO - Beginning optimization with guess, [0.27027458 0.06500801].
2019-08-01 12:46:59,459 - INFO - Finished optimization with guess, [0.27027458 0.06500801].
2019-08-01 12:46:59,459 - INFO - Best fit parameters: [3.17210081 0.00645264].
2019-08-01 12:46:59,467 - INFO - Maximum log composite likelihood: -22.7250031889.
2019-08-01 12:46:59,467 - INFO - Optimal value of theta: 55.1956756163.
2019-08-01 12:46:59,468 - INFO - Beginning optimization with guess, [0.57399946 0.11660003].
2019-08-01 12:47:00,070 - INFO - Finished optimization with guess, [0.57399946 0.11660003].
2019-08-01 12:47:00,070 - INFO - Best fit parameters: [0.70631656 1.10579781].
2019-08-01 12:47:00,085 - INFO - Maximum log composite likelihood: -22.6514300945.
2019-08-01 12:47:00,085 - INFO - Optimal value of theta: 73.8290009198.
2019-08-01 12:47:00,085 - INFO - Beginning optimization with guess, [0.28709682 0.09513494].
2019-08-01 12:47:00,638 - INFO - Finished optimization with guess, [0.28709682 0.09513494].
2019-08-01 12:47:00,639 - INFO - Best fit parameters: [1.84069097 0.00969859].
2019-08-01 12:47:00,646 - INFO - Maximum log composite likelihood: -22.7272483369.
2019-08-01 12:47:00,647 - INFO - Optimal value of theta: 55.2030066551.
2019-08-01 12:47:00,647 - INFO - Beginning optimization with guess, [0.89048692 0.05288264].
2019-08-01 12:47:01,044 - INFO - Finished optimization with guess, [0.89048692 0.05288264].
2019-08-01 12:47:01,044 - INFO - Best fit parameters: [1.99921662 0.00776082].
2019-08-01 12:47:01,052 - INFO - Maximum log composite likelihood: -22.7278545035.
2019-08-01 12:47:01,052 - INFO - Optimal value of theta: 55.2718775022.
2019-08-01 12:47:01,052 - INFO - Beginning optimization with guess, [0.36812149 0.14173372].
2019-08-01 12:47:01,622 - INFO - Finished optimization with guess, [0.36812149 0.14173372].
2019-08-01 12:47:01,623 - INFO - Best fit parameters: [0.71483671 1.10066949].
2019-08-01 12:47:01,637 - INFO - Maximum log composite likelihood: -22.6514077156.
2019-08-01 12:47:01,637 - INFO - Optimal value of theta: 73.0226982811.
2019-08-01 12:47:01,637 - INFO - Beginning optimization with guess, [0.67373346 0.06764721].
2019-08-01 12:47:02,032 - INFO - Finished optimization with guess, [0.67373346 0.06764721].
2019-08-01 12:47:02,032 - INFO - Best fit parameters: [1.99238057 0.00842707].
2019-08-01 12:47:02,040 - INFO - Maximum log composite likelihood: -22.7273168263.
2019-08-01 12:47:02,040 - INFO - Optimal value of theta: 55.2315599533.
2019-08-01 12:47:02,040 - INFO - Beginning optimization with guess, [0.69523059 0.05995535].
2019-08-01 12:47:02,436 - INFO - Finished optimization with guess, [0.69523059 0.05995535].
2019-08-01 12:47:02,436 - INFO - Best fit parameters: [3.62973322 0.00585079].
2019-08-01 12:47:02,444 - INFO - Maximum log composite likelihood: -22.7249133104.
2019-08-01 12:47:02,444 - INFO - Optimal value of theta: 55.2173502001.
2019-08-01 12:47:02,444 - INFO - Beginning optimization with guess, [0.43561645 0.08281378].
2019-08-01 12:47:02,843 - INFO - Finished optimization with guess, [0.43561645 0.08281378].
2019-08-01 12:47:02,843 - INFO - Best fit parameters: [2.0815824  0.00838652].
2019-08-01 12:47:02,851 - INFO - Maximum log composite likelihood: -22.7270440071.
2019-08-01 12:47:02,852 - INFO - Optimal value of theta: 55.2110228832.
2019-08-01 12:47:02,852 - INFO - Beginning optimization with guess, [0.45717406 0.19087133].
2019-08-01 12:47:03,393 - INFO - Finished optimization with guess, [0.45717406 0.19087133].
2019-08-01 12:47:03,394 - INFO - Best fit parameters: [0.72335926 1.09035375].
2019-08-01 12:47:03,408 - INFO - Maximum log composite likelihood: -22.651426048.
2019-08-01 12:47:03,408 - INFO - Optimal value of theta: 72.2076604822.
2019-08-01 12:47:03,408 - INFO - Beginning optimization with guess, [0.51057764 0.06174828].
2019-08-01 12:47:03,848 - INFO - Finished optimization with guess, [0.51057764 0.06174828].
2019-08-01 12:47:03,848 - INFO - Best fit parameters: [2.45216237 0.00920093].
2019-08-01 12:47:03,855 - INFO - Maximum log composite likelihood: -22.7262794238.
2019-08-01 12:47:03,856 - INFO - Optimal value of theta: 55.0707564507.
2019-08-01 12:47:03,856 - INFO - Beginning optimization with guess, [0.45184301 0.07202809].
2019-08-01 12:47:04,254 - INFO - Finished optimization with guess, [0.45184301 0.07202809].
2019-08-01 12:47:04,254 - INFO - Best fit parameters: [5.45120549e+00 3.75389971e-03].
2019-08-01 12:47:04,262 - INFO - Maximum log composite likelihood: -22.7278497283.
2019-08-01 12:47:04,262 - INFO - Optimal value of theta: 55.3675516492.
2019-08-01 12:47:04,262 - INFO - Beginning optimization with guess, [0.39349594 0.08717217].
2019-08-01 12:47:04,776 - INFO - Finished optimization with guess, [0.39349594 0.08717217].
2019-08-01 12:47:04,776 - INFO - Best fit parameters: [6.92577637e+00 5.64089923e-03].
2019-08-01 12:47:04,784 - INFO - Maximum log composite likelihood: -22.7234002649.
2019-08-01 12:47:04,784 - INFO - Optimal value of theta: 55.1375715459.
2019-08-01 12:47:04,784 - INFO - Beginning optimization with guess, [0.28132908 0.14306646].
2019-08-01 12:47:05,437 - INFO - Finished optimization with guess, [0.28132908 0.14306646].
2019-08-01 12:47:05,437 - INFO - Best fit parameters: [0.75521174 1.01628331].
2019-08-01 12:47:05,451 - INFO - Maximum log composite likelihood: -22.6515773706.
2019-08-01 12:47:05,451 - INFO - Optimal value of theta: 69.179434848.
2019-08-01 12:47:05,451 - INFO - Beginning optimization with guess, [0.30444112 0.11514862].
2019-08-01 12:47:05,965 - INFO - Finished optimization with guess, [0.30444112 0.11514862].
2019-08-01 12:47:05,966 - INFO - Best fit parameters: [0.89030503 0.65878016].
2019-08-01 12:47:05,976 - INFO - Maximum log composite likelihood: -22.6647804105.
2019-08-01 12:47:05,976 - INFO - Optimal value of theta: 59.8201587711.
2019-08-01 12:47:05,977 - INFO - Beginning optimization with guess, [0.65067898 0.07250527].
2019-08-01 12:47:06,372 - INFO - Finished optimization with guess, [0.65067898 0.07250527].
2019-08-01 12:47:06,372 - INFO - Best fit parameters: [1.74098149 0.01048232].
2019-08-01 12:47:06,380 - INFO - Maximum log composite likelihood: -22.7275896568.
2019-08-01 12:47:06,380 - INFO - Optimal value of theta: 55.2003957017.
2019-08-01 12:47:06,381 - INFO - Beginning optimization with guess, [0.82563428 0.05305902].
2019-08-01 12:47:06,778 - INFO - Finished optimization with guess, [0.82563428 0.05305902].
2019-08-01 12:47:06,779 - INFO - Best fit parameters: [2.10515306 0.00960626].
2019-08-01 12:47:06,786 - INFO - Maximum log composite likelihood: -22.7265437076.
2019-08-01 12:47:06,787 - INFO - Optimal value of theta: 55.123872173.
2019-08-01 12:47:06,787 - INFO - Beginning optimization with guess, [0.28261347 0.14435556].
2019-08-01 12:47:07,440 - INFO - Finished optimization with guess, [0.28261347 0.14435556].
2019-08-01 12:47:07,440 - INFO - Best fit parameters: [0.7430285  1.04977917].
2019-08-01 12:47:07,454 - INFO - Maximum log composite likelihood: -22.6515063028.
2019-08-01 12:47:07,454 - INFO - Optimal value of theta: 70.3237570803.
2019-08-01 12:47:07,454 - INFO - Beginning optimization with guess, [0.46414719 0.18024619].
2019-08-01 12:47:08,029 - INFO - Finished optimization with guess, [0.46414719 0.18024619].
2019-08-01 12:47:08,030 - INFO - Best fit parameters: [0.73472938 1.07341714].
2019-08-01 12:47:08,044 - INFO - Maximum log composite likelihood: -22.6514781094.
2019-08-01 12:47:08,044 - INFO - Optimal value of theta: 71.1407596382.
2019-08-01 12:47:08,045 - INFO - Beginning optimization with guess, [0.77283019 0.13596015].
2019-08-01 12:47:08,607 - INFO - Finished optimization with guess, [0.77283019 0.13596015].
2019-08-01 12:47:08,607 - INFO - Best fit parameters: [0.74472087 1.03937328].
2019-08-01 12:47:08,621 - INFO - Maximum log composite likelihood: -22.6515126712.
2019-08-01 12:47:08,622 - INFO - Optimal value of theta: 70.1271172664.
2019-08-01 12:47:08,622 - INFO - Beginning optimization with guess, [0.94000897 0.05833182].
2019-08-01 12:47:09,121 - INFO - Finished optimization with guess, [0.94000897 0.05833182].
2019-08-01 12:47:09,121 - INFO - Best fit parameters: [2.94782174 0.00666558].
2019-08-01 12:47:09,129 - INFO - Maximum log composite likelihood: -22.7252436408.
2019-08-01 12:47:09,129 - INFO - Optimal value of theta: 55.1983759431.
2019-08-01 12:47:09,129 - INFO - Beginning optimization with guess, [0.26956924 0.10470136].
2019-08-01 12:47:09,543 - INFO - Finished optimization with guess, [0.26956924 0.10470136].
2019-08-01 12:47:09,544 - INFO - Best fit parameters: [1.7169364  0.01023705].
2019-08-01 12:47:09,552 - INFO - Maximum log composite likelihood: -22.7278172035.
2019-08-01 12:47:09,552 - INFO - Optimal value of theta: 55.2240325365.
2019-08-01 12:47:09,552 - INFO - Beginning optimization with guess, [0.32729949 0.1912752 ].
2019-08-01 12:47:10,104 - INFO - Finished optimization with guess, [0.32729949 0.1912752 ].
2019-08-01 12:47:10,104 - INFO - Best fit parameters: [0.7401208  1.04387071].
2019-08-01 12:47:10,118 - INFO - Maximum log composite likelihood: -22.6515004703.
2019-08-01 12:47:10,118 - INFO - Optimal value of theta: 70.5209758844.
2019-08-01 12:47:10,119 - INFO - Beginning optimization with guess, [0.41186849 0.06165456].
2019-08-01 12:47:10,569 - INFO - Finished optimization with guess, [0.41186849 0.06165456].
2019-08-01 12:47:10,569 - INFO - Best fit parameters: [3.29678228 0.00636246].
2019-08-01 12:47:10,577 - INFO - Maximum log composite likelihood: -22.72488199.
2019-08-01 12:47:10,577 - INFO - Optimal value of theta: 55.19344293.
2019-08-01 12:47:10,577 - INFO - Beginning optimization with guess, [0.90295394 0.15012558].
2019-08-01 12:47:11,184 - INFO - Finished optimization with guess, [0.90295394 0.15012558].
2019-08-01 12:47:11,184 - INFO - Best fit parameters: [0.75332816 1.02968034].
2019-08-01 12:47:11,197 - INFO - Maximum log composite likelihood: -22.6515787349.
2019-08-01 12:47:11,198 - INFO - Optimal value of theta: 69.4003098832.
2019-08-01 12:47:11,198 - INFO - Beginning optimization with guess, [0.86929847 0.16778781].
2019-08-01 12:47:11,743 - INFO - Finished optimization with guess, [0.86929847 0.16778781].
2019-08-01 12:47:11,743 - INFO - Best fit parameters: [0.73369557 1.07808732].
2019-08-01 12:47:11,757 - INFO - Maximum log composite likelihood: -22.651481644.
2019-08-01 12:47:11,757 - INFO - Optimal value of theta: 71.2549290198.
2019-08-01 12:47:11,757 - INFO - Beginning optimization with guess, [0.49339048 0.05322717].
2019-08-01 12:47:12,186 - INFO - Finished optimization with guess, [0.49339048 0.05322717].
2019-08-01 12:47:12,186 - INFO - Best fit parameters: [2.37251513 0.00785593].
2019-08-01 12:47:12,194 - INFO - Maximum log composite likelihood: -22.7260960926.
2019-08-01 12:47:12,194 - INFO - Optimal value of theta: 55.1844145232.
2019-08-01 12:47:12,194 - INFO - Beginning optimization with guess, [0.55428785 0.05421628].
2019-08-01 12:47:12,589 - INFO - Finished optimization with guess, [0.55428785 0.05421628].
2019-08-01 12:47:12,589 - INFO - Best fit parameters: [2.81699753 0.00674255].
2019-08-01 12:47:12,597 - INFO - Maximum log composite likelihood: -22.7254597461.
2019-08-01 12:47:12,597 - INFO - Optimal value of theta: 55.2060388197.
2019-08-01 12:47:12,597 - INFO - Beginning optimization with guess, [0.95553372 0.13086599].
2019-08-01 12:47:13,190 - INFO - Finished optimization with guess, [0.95553372 0.13086599].
2019-08-01 12:47:13,191 - INFO - Best fit parameters: [0.71053216 1.10597866].
2019-08-01 12:47:13,205 - INFO - Maximum log composite likelihood: -22.6514046115.
2019-08-01 12:47:13,205 - INFO - Optimal value of theta: 73.4450530079.
2019-08-01 12:47:13,205 - INFO - Beginning optimization with guess, [0.99226901 0.17310641].
2019-08-01 12:47:13,802 - INFO - Finished optimization with guess, [0.99226901 0.17310641].
2019-08-01 12:47:13,802 - INFO - Best fit parameters: [0.70670542 1.11641989].
2019-08-01 12:47:13,816 - INFO - Maximum log composite likelihood: -22.6513891166.
2019-08-01 12:47:13,817 - INFO - Optimal value of theta: 73.8647186958.
2019-08-01 12:47:13,817 - INFO - Beginning optimization with guess, [0.92250942 0.05444804].
2019-08-01 12:47:14,260 - INFO - Finished optimization with guess, [0.92250942 0.05444804].
2019-08-01 12:47:14,261 - INFO - Best fit parameters: [2.2765624  0.00917412].
2019-08-01 12:47:14,268 - INFO - Maximum log composite likelihood: -22.7264627326.
2019-08-01 12:47:14,269 - INFO - Optimal value of theta: 55.1106593233.
2019-08-01 12:47:14,269 - INFO - Beginning optimization with guess, [0.86236101 0.09210793].
2019-08-01 12:47:14,835 - INFO - Finished optimization with guess, [0.86236101 0.09210793].
2019-08-01 12:47:14,835 - INFO - Best fit parameters: [0.68313394 1.15888636].
2019-08-01 12:47:14,850 - INFO - Maximum log composite likelihood: -22.6513509943.
2019-08-01 12:47:14,851 - INFO - Optimal value of theta: 76.4390734202.
2019-08-01 12:47:14,851 - INFO - Beginning optimization with guess, [0.25400379 0.11144354].
2019-08-01 12:47:15,408 - INFO - Finished optimization with guess, [0.25400379 0.11144354].
2019-08-01 12:47:15,409 - INFO - Best fit parameters: [0.71373715 1.1082457 ].
2019-08-01 12:47:15,423 - INFO - Maximum log composite likelihood: -22.6514003492.
2019-08-01 12:47:15,423 - INFO - Optimal value of theta: 73.170605933.
2019-08-01 12:47:15,424 - INFO - Beginning optimization with guess, [0.91608154 0.06781604].
2019-08-01 12:47:15,819 - INFO - Finished optimization with guess, [0.91608154 0.06781604].
2019-08-01 12:47:15,819 - INFO - Best fit parameters: [2.2836824  0.00914594].
2019-08-01 12:47:15,827 - INFO - Maximum log composite likelihood: -22.7264625275.
2019-08-01 12:47:15,827 - INFO - Optimal value of theta: 55.1110736962.
2019-08-01 12:47:15,827 - INFO - Beginning optimization with guess, [0.28614956 0.17232158].
2019-08-01 12:47:16,536 - INFO - Finished optimization with guess, [0.28614956 0.17232158].
2019-08-01 12:47:16,536 - INFO - Best fit parameters: [0.7160415  1.09837705].
2019-08-01 12:47:16,563 - INFO - Maximum log composite likelihood: -22.651410565.
2019-08-01 12:47:16,563 - INFO - Optimal value of theta: 72.9004662311.
2019-08-01 12:47:16,563 - INFO - Beginning optimization with guess, [0.27506755 0.07146005].
2019-08-01 12:47:17,138 - INFO - Finished optimization with guess, [0.27506755 0.07146005].
2019-08-01 12:47:17,139 - INFO - Best fit parameters: [2.99159545 0.00776485].
2019-08-01 12:47:17,147 - INFO - Maximum log composite likelihood: -22.7249882317.
2019-08-01 12:47:17,147 - INFO - Optimal value of theta: 55.1011910235.
2019-08-01 12:47:17,147 - INFO - Beginning optimization with guess, [0.34603951 0.16373334].
2019-08-01 12:47:18,344 - INFO - Finished optimization with guess, [0.34603951 0.16373334].
2019-08-01 12:47:18,344 - INFO - Best fit parameters: [0.6766914  1.17312513].
2019-08-01 12:47:18,369 - INFO - Maximum log composite likelihood: -22.6513494634.
2019-08-01 12:47:18,369 - INFO - Optimal value of theta: 77.2037149165.
2019-08-01 12:47:18,370 - INFO - Beginning optimization with guess, [0.88139152 0.15023556].
2019-08-01 12:47:19,295 - INFO - Finished optimization with guess, [0.88139152 0.15023556].
2019-08-01 12:47:19,295 - INFO - Best fit parameters: [0.72086032 1.11160496].
2019-08-01 12:47:19,310 - INFO - Maximum log composite likelihood: -22.6514695729.
2019-08-01 12:47:19,311 - INFO - Optimal value of theta: 72.5591481808.
2019-08-01 12:47:19,311 - INFO - Beginning optimization with guess, [0.3931792  0.05794893].
2019-08-01 12:47:19,718 - INFO - Finished optimization with guess, [0.3931792  0.05794893].
2019-08-01 12:47:19,718 - INFO - Best fit parameters: [8.00000000e+00 5.63533862e-03].
2019-08-01 12:47:19,726 - INFO - Maximum log composite likelihood: -22.7232364705.
2019-08-01 12:47:19,726 - INFO - Optimal value of theta: 55.1233648907.
2019-08-01 12:47:19,726 - INFO - Beginning optimization with guess, [0.30918262 0.10252407].
2019-08-01 12:47:20,586 - INFO - Finished optimization with guess, [0.30918262 0.10252407].
2019-08-01 12:47:20,586 - INFO - Best fit parameters: [1.7738968  0.00937988].
2019-08-01 12:47:20,594 - INFO - Maximum log composite likelihood: -22.7278065032.
2019-08-01 12:47:20,595 - INFO - Optimal value of theta: 55.2460933495.
2019-08-01 12:47:20,595 - INFO - Beginning optimization with guess, [0.67586256 0.07649045].
2019-08-01 12:47:21,291 - INFO - Finished optimization with guess, [0.67586256 0.07649045].
2019-08-01 12:47:21,291 - INFO - Best fit parameters: [2.22053321 0.00463241].
2019-08-01 12:47:21,310 - INFO - Maximum log composite likelihood: -22.7314496947.
2019-08-01 12:47:21,310 - INFO - Optimal value of theta: 55.4392206612.
2019-08-01 12:47:21,310 - INFO - Beginning optimization with guess, [0.34123641 0.11453511].
2019-08-01 12:47:22,718 - INFO - Finished optimization with guess, [0.34123641 0.11453511].
2019-08-01 12:47:22,719 - INFO - Best fit parameters: [0.83918928 0.6539073 ].
2019-08-01 12:47:22,741 - INFO - Maximum log composite likelihood: -22.6557988133.
2019-08-01 12:47:22,741 - INFO - Optimal value of theta: 62.0804347922.
2019-08-01 12:47:22,750 - INFO - Finished demographic inference.
2019-08-01 12:47:22,750 - INFO - Beginning DFE inference.
2019-08-01 12:48:18,626 - INFO - Beginning optimization with guess, [5.07802335e-02 1.79919899e+02].
2019-08-01 12:48:25,353 - INFO - Finished optomization, results are [-19.926836829863234 array([1.25937787e-01, 5.80886388e+03])].
2019-08-01 12:48:25,355 - INFO - Beginning optimization with guess, [1.69775367e-01 2.15811825e+02].
2019-08-01 12:48:30,785 - INFO - Finished optomization, results are [-19.925540937427762 array([1.26534853e-01, 5.72148468e+03])].
2019-08-01 12:48:30,785 - INFO - Beginning optimization with guess, [1.78192304e-01 3.85817512e+02].
2019-08-01 12:48:33,933 - INFO - Finished optomization, results are [-19.92513794326552 array([1.26242870e-01, 5.81082717e+03])].
2019-08-01 12:48:33,933 - INFO - Beginning optimization with guess, [9.61345522e-02 3.45674829e+02].
2019-08-01 12:48:42,603 - INFO - Finished optomization, results are [-19.924637490488905 array([1.25840111e-01, 5.93498601e+03])].
2019-08-01 12:48:42,605 - INFO - Beginning optimization with guess, [5.96011750e-02 1.68145488e+02].
2019-08-01 12:48:51,109 - INFO - Finished optomization, results are [-19.926443951646796 array([1.26133959e-01, 5.77496942e+03])].
2019-08-01 12:48:51,109 - INFO - Beginning optimization with guess, [9.20114415e-02 2.70833183e+02].
2019-08-01 12:48:57,009 - INFO - Finished optomization, results are [-19.925909557814606 array([1.26729783e-01, 5.65792749e+03])].
2019-08-01 12:48:57,010 - INFO - Beginning optimization with guess, [6.01778264e-02 1.17652437e+02].
2019-08-01 12:48:59,222 - INFO - Finished optomization, results are [-19.924813206016275 array([1.26260866e-01, 5.82541800e+03])].
2019-08-01 12:48:59,222 - INFO - Beginning optimization with guess, [1.00180596e-01 1.22815238e+02].
2019-08-01 12:49:03,675 - INFO - Finished optomization, results are [-19.92392874535666 array([1.26342872e-01, 5.87323416e+03])].
2019-08-01 12:49:03,676 - INFO - Beginning optimization with guess, [6.72997696e-02 3.78977282e+02].
2019-08-01 12:49:06,147 - INFO - Finished optomization, results are [-19.92508444960219 array([1.25904436e-01, 5.89513325e+03])].
2019-08-01 12:49:06,148 - INFO - Beginning optimization with guess, [1.02295258e-01 2.91987072e+02].
2019-08-01 12:49:11,792 - INFO - Finished optomization, results are [-19.9249162959332 array([1.25910967e-01, 5.90235809e+03])].
2019-08-01 12:49:11,792 - INFO - Beginning optimization with guess, [ 0.16820643 99.43651566].
2019-08-01 12:49:14,003 - INFO - Finished optomization, results are [-19.924600590725944 array([1.26002903e-01, 5.89800594e+03])].
2019-08-01 12:49:14,003 - INFO - Beginning optimization with guess, [1.60841290e-01 3.21664341e+02].
2019-08-01 12:49:23,745 - INFO - Finished optomization, results are [-19.924020176089805 array([1.26128733e-01, 5.90847430e+03])].
2019-08-01 12:49:23,746 - INFO - Beginning optimization with guess, [1.35582275e-01 3.37514531e+02].
2019-08-01 12:49:28,546 - INFO - Finished optomization, results are [-19.92598083413784 array([1.26233893e-01, 5.77066065e+03])].
2019-08-01 12:49:28,546 - INFO - Beginning optimization with guess, [1.79130940e-01 3.14655749e+02].
2019-08-01 12:49:31,136 - INFO - Finished optomization, results are [-19.92627499597348 array([1.26009642e-01, 5.81334675e+03])].
2019-08-01 12:49:31,136 - INFO - Beginning optimization with guess, [7.49111791e-02 2.16126961e+02].
2019-08-01 12:49:36,384 - INFO - Finished optomization, results are [-19.925136479290003 array([1.26188219e-01, 5.82376261e+03])].
2019-08-01 12:49:36,385 - INFO - Beginning optimization with guess, [9.36991229e-02 1.70112223e+02].
2019-08-01 12:49:42,617 - INFO - Finished optomization, results are [-19.924160181344376 array([1.26015051e-01, 5.92327744e+03])].
2019-08-01 12:49:42,618 - INFO - Beginning optimization with guess, [8.85451048e-02 1.06076915e+02].
2019-08-01 12:49:45,203 - INFO - Finished optomization, results are [-19.924732278356352 array([1.26121260e-01, 5.86242122e+03])].
2019-08-01 12:49:45,203 - INFO - Beginning optimization with guess, [  0.1689657  132.72773916].
2019-08-01 12:49:49,573 - INFO - Finished optomization, results are [-19.925464330307506 array([1.26172117e-01, 5.81047538e+03])].
2019-08-01 12:49:49,573 - INFO - Beginning optimization with guess, [8.72134420e-02 3.11937109e+02].
2019-08-01 12:49:51,638 - INFO - Finished optomization, results are [-19.924737569986362 array([1.25997983e-01, 5.89119225e+03])].
2019-08-01 12:49:51,638 - INFO - Beginning optimization with guess, [8.27382544e-02 1.30068001e+02].
2019-08-01 12:49:57,168 - INFO - Finished optomization, results are [-19.924561157678358 array([1.26318620e-01, 5.82860507e+03])].
2019-08-01 12:49:57,169 - INFO - Beginning optimization with guess, [5.73221417e-02 2.35400341e+02].
2019-08-01 12:50:03,002 - INFO - Finished optomization, results are [-19.924540552989026 array([1.26242349e-01, 5.84678203e+03])].
2019-08-01 12:50:03,002 - INFO - Beginning optimization with guess, [4.81584408e-02 2.10006567e+02].
2019-08-01 12:50:05,473 - INFO - Finished optomization, results are [-19.924893559503648 array([1.26639498e-01, 5.73770387e+03])].
2019-08-01 12:50:05,473 - INFO - Beginning optimization with guess, [8.22931572e-02 2.59157092e+02].
2019-08-01 12:50:10,545 - INFO - Finished optomization, results are [-19.9255500691597 array([1.26326665e-01, 5.76926354e+03])].
2019-08-01 12:50:10,547 - INFO - Beginning optimization with guess, [1.18429743e-01 2.32230837e+02].
2019-08-01 12:50:16,110 - INFO - Finished optomization, results are [-19.9240340473416 array([1.26049480e-01, 5.92456969e+03])].
2019-08-01 12:50:16,110 - INFO - Beginning optimization with guess, [1.02878327e-01 1.42904272e+02].
2019-08-01 12:50:21,714 - INFO - Finished optomization, results are [-19.925494110282116 array([1.26948107e-01, 5.63449926e+03])].
2019-08-01 12:50:21,715 - INFO - Beginning optimization with guess, [9.41966515e-02 3.31417592e+02].
2019-08-01 12:50:27,720 - INFO - Finished optomization, results are [-19.92564724743316 array([1.26571397e-01, 5.70748556e+03])].
2019-08-01 12:50:27,720 - INFO - Beginning optimization with guess, [4.69468936e-02 1.69459830e+02].
2019-08-01 12:50:32,747 - INFO - Finished optomization, results are [-19.92684440487404 array([1.25542453e-01, 5.91254081e+03])].
2019-08-01 12:50:32,747 - INFO - Beginning optimization with guess, [6.43709028e-02 1.51000595e+02].
2019-08-01 12:50:35,012 - INFO - Finished optomization, results are [-19.92583925012431 array([1.26060778e-01, 5.81974195e+03])].
2019-08-01 12:50:35,013 - INFO - Beginning optimization with guess, [5.08939278e-02 1.55243236e+02].
2019-08-01 12:50:40,948 - INFO - Finished optomization, results are [-19.92416405304128 array([1.26036145e-01, 5.91826189e+03])].
2019-08-01 12:50:40,949 - INFO - Beginning optimization with guess, [1.07685227e-01 3.39491747e+02].
2019-08-01 12:50:47,110 - INFO - Finished optomization, results are [-19.925091246146543 array([1.25824421e-01, 5.91467748e+03])].
2019-08-01 12:50:47,111 - INFO - Beginning optimization with guess, [7.94396053e-02 2.47038028e+02].
2019-08-01 12:50:52,007 - INFO - Finished optomization, results are [-19.925428928375464 array([1.26276764e-01, 5.78729303e+03])].
2019-08-01 12:50:52,007 - INFO - Beginning optimization with guess, [1.05470295e-01 2.28625605e+02].
2019-08-01 12:50:55,808 - INFO - Finished optomization, results are [-19.926292686127756 array([1.26708077e-01, 5.64381897e+03])].
2019-08-01 12:50:55,808 - INFO - Beginning optimization with guess, [1.13033924e-01 3.28350869e+02].
2019-08-01 12:51:01,666 - INFO - Finished optomization, results are [-19.92542352640862 array([1.26452506e-01, 5.74664130e+03])].
2019-08-01 12:51:01,667 - INFO - Beginning optimization with guess, [6.75452395e-02 3.10288530e+02].
2019-08-01 12:51:07,375 - INFO - Finished optomization, results are [-19.924696704225745 array([1.25951285e-01, 5.90470862e+03])].
2019-08-01 12:51:07,375 - INFO - Beginning optimization with guess, [1.09342114e-01 3.18929720e+02].
2019-08-01 12:51:12,894 - INFO - Finished optomization, results are [-19.9260997733322 array([1.26480759e-01, 5.70590860e+03])].
2019-08-01 12:51:12,894 - INFO - Beginning optimization with guess, [1.51061487e-01 1.73321756e+02].
2019-08-01 12:51:14,767 - INFO - Finished optomization, results are [-19.928439323148673 array([1.26028132e-01, 5.72825831e+03])].
2019-08-01 12:51:14,767 - INFO - Beginning optimization with guess, [7.65009990e-02 1.83191815e+02].
2019-08-01 12:51:23,499 - INFO - Finished optomization, results are [-19.924409500214693 array([1.2630917e-01, 5.8411424e+03])].
2019-08-01 12:51:23,500 - INFO - Beginning optimization with guess, [9.50850823e-02 3.22134111e+02].
2019-08-01 12:51:28,344 - INFO - Finished optomization, results are [-19.9259225611843 array([1.26795956e-01, 5.64248407e+03])].
2019-08-01 12:51:28,345 - INFO - Beginning optimization with guess, [1.54029943e-01 2.71592291e+02].
2019-08-01 12:51:34,593 - INFO - Finished optomization, results are [-19.924193571351832 array([1.25999620e-01, 5.92449935e+03])].
2019-08-01 12:51:34,595 - INFO - Beginning optimization with guess, [1.33712024e-01 1.73601876e+02].
2019-08-01 12:51:39,228 - INFO - Finished optomization, results are [-19.924638926256414 array([1.25918429e-01, 5.91591614e+03])].
2019-08-01 12:51:39,228 - INFO - Beginning optimization with guess, [5.37251542e-02 1.99420157e+02].
2019-08-01 12:51:45,516 - INFO - Finished optomization, results are [-19.92490144118861 array([1.26257037e-01, 5.82101943e+03])].
2019-08-01 12:51:45,517 - INFO - Beginning optimization with guess, [1.07592360e-01 3.86220427e+02].
2019-08-01 12:51:51,345 - INFO - Finished optomization, results are [-19.92505371710859 array([1.25767285e-01, 5.93091457e+03])].
2019-08-01 12:51:51,346 - INFO - Beginning optimization with guess, [5.16561318e-02 2.13999977e+02].
2019-08-01 12:51:57,845 - INFO - Finished optomization, results are [-19.924093890876335 array([1.26005606e-01, 5.93001001e+03])].
2019-08-01 12:51:57,846 - INFO - Beginning optimization with guess, [7.57896108e-02 1.04728761e+02].
2019-08-01 12:52:07,922 - INFO - Finished optomization, results are [-19.92439245947486 array([1.26041953e-01, 5.90173155e+03])].
2019-08-01 12:52:07,922 - INFO - Beginning optimization with guess, [8.68984771e-02 2.73471548e+02].
2019-08-01 12:52:13,431 - INFO - Finished optomization, results are [-19.92577203674481 array([1.26486138e-01, 5.72063317e+03])].
2019-08-01 12:52:13,433 - INFO - Beginning optimization with guess, [8.38076415e-02 1.60883612e+02].
2019-08-01 12:52:15,767 - INFO - Finished optomization, results are [-19.92537008083284 array([1.26030240e-01, 5.84969188e+03])].
2019-08-01 12:52:15,767 - INFO - Beginning optimization with guess, [1.17672370e-01 3.38361113e+02].
2019-08-01 12:52:20,674 - INFO - Finished optomization, results are [-19.925873633777584 array([1.26047665e-01, 5.82143141e+03])].
2019-08-01 12:52:20,675 - INFO - Beginning optimization with guess, [7.25798232e-02 3.87616414e+02].
2019-08-01 12:52:26,151 - INFO - Finished optomization, results are [-19.92478907853632 array([1.26020184e-01, 5.88296032e+03])].
2019-08-01 12:52:26,152 - INFO - Beginning optimization with guess, [1.01595128e-01 3.47592901e+02].
2019-08-01 12:52:30,170 - INFO - Finished optomization, results are [-19.924260358903904 array([1.26012760e-01, 5.91703499e+03])].
2019-08-01 12:52:30,170 - INFO - Beginning optimization with guess, [1.62245974e-01 2.32545053e+02].
2019-08-01 12:52:35,457 - INFO - Finished optomization, results are [-19.925332104325797 array([1.26237781e-01, 5.80157798e+03])].
2019-08-01 12:52:35,458 - INFO - Finished DFE inference.
2019-08-01 12:52:35,458 - INFO - Integrating expected site-frequency spectrum.
2019-08-01 12:52:35,473 - INFO - Outputing results.
2019-08-01 12:52:35,477 - INFO - Pipeline executed succesfully.
